# Fix print output for fix setl_out
450000 765.578443538219 -12078.4967290388 -11312.9182855006 203.598609454684 1544.73636894485 -874.531342074391 -59.4091985064125 -177.358459502698 77484.1467674322 42.6321876038589
450010 770.257206585195 -12083.0960334153 -11312.8388268301 148.066571755985 1866.88042692621 -1403.08340737447 -19.5973042837878 -23.1275395808539 77507.6009393903 42.6364887064229
450020 776.494749558302 -12089.148786673 -11312.6540371147 -183.946668440967 1363.03218232524 -1478.39888518169 -436.473302466452 121.404927877594 77559.3414696899 42.6459739861823
450030 777.184093140328 -12089.6485010958 -11312.4644079555 -375.446885108233 732.913028177042 -963.459251399797 -895.794432101942 322.965240808993 77574.3675852617 42.6487278429654
450040 775.46678773848 -12087.7833365229 -11312.3165487844 46.0937111707335 1044.67306241596 2.46330381709895 -908.855232720863 756.99287636636 77519.8308530649 42.6387311237099
450050 771.066262411406 -12083.2110655704 -11312.144803159 575.463302924356 1706.1163143076 856.897839581381 -836.624245115911 1217.0009729545 77477.2585688055 42.6309242586427
450060 766.206978872059 -12078.1006505646 -11311.8936716926 113.816328382362 1122.50311080915 531.93887758187 -1312.99300324395 1581.97274048125 77539.2060112586 42.6422831754188
450070 767.606218591556 -12079.036214925 -11311.4299963334 -661.660250061545 148.606432068354 -128.62905335006 -2004.95812890294 1710.56926644933 77626.9428250414 42.6583605811801
450080 772.938919232284 -12083.7475010215 -11310.8085817892 -653.3461113465 -13.9170347949378 -54.6535788023753 -1891.46772044219 1508.42133846723 77587.4313036635 42.6511217595635
450090 774.21615645667 -12084.2637800059 -11310.0476235492 525.101398813931 972.288280584198 1013.73832027557 -410.722404417974 1070.85189683612 77418.6765895546 42.6201768742902
450100 769.693240918059 -12078.8070174022 -11309.1137764841 1229.09775298163 1641.83045827435 1425.49167157443 619.971129096136 917.760566124591 77341.7889769805 42.6060629282375
450110 765.335673583088 -12073.3927469925 -11308.0570734094 -6.19039871990635 356.269131456011 -30.5228032447525 -344.317524370983 958.654775060822 77499.1950539143 42.634947307498
450120 769.461712619402 -12075.9844665893 -11306.5227539699 -1409.74883803824 -1405.59934892261 -1405.64164570836 -1418.00551948377 919.555955983954 77679.3579035897 42.6679596463971
450130 778.075036855824 -12082.8684452024 -11304.7934083466 -797.30811697794 -1221.19227214345 -725.323558176261 -445.408520614108 645.835657137805 77599.2535409452 42.6532879440645
450140 776.883572962808 -12079.6075034795 -11302.7239305167 1245.25358374589 703.570908059928 1415.68905130241 1616.50079187535 283.51501999482 77342.1274461799 42.6061250801443
450150 772.466359486529 -12072.8802205547 -11300.4138610682 1681.0595788441 1291.88054584359 1772.97112816079 1978.32706252793 -131.986145253357 77293.5956981402 42.5972115145499
450160 775.840442239134 -12073.7836291301 -11297.9431868909 -590.861802058761 -725.316342927446 -555.943710795217 -491.325352453615 -550.150403459126 77581.9568087639 42.6501185951913
450170 785.474555402197 -12080.3846702659 -11294.9101148637 -2492.38738124325 -2489.50670622449 -2275.25287638586 -2712.40256111939 -784.836727201632 77804.7433617872 42.6909046769813
450180 794.830697418402 -12087.1520497214 -11292.321352303 -700.286898237038 -823.197697171513 -372.966830929611 -904.696166609993 -647.284533723973 77554.2166357271 42.6450346695007
450190 795.648303001276 -12085.0899831611 -11289.4416801598 2859.58386202187 2942.17018985108 2967.83009258195 2668.75130363257 -343.039328840953 77124.0183584648 42.5660368277745
450200 786.400752726782 -12073.7588340264 -11287.3580812996 2646.17730775247 2856.9401131085 2705.2568830166 2376.3349271323 -27.2778740935408 77206.4907317653 42.5812040505329
450210 776.162011825583 -12061.78400604 -11285.6219942144 -1286.44771987169 -1150.68460963444 -853.520420241176 -1855.13812973947 -83.7076477929069 77832.943582448 42.6960618069094
450220 775.349483970092 -12058.4029100377 -11283.0534260676 -3693.4360382842 -3680.25301351091 -2784.98138431264 -4615.07371702904 -566.414580207405 78238.6759861157 42.7701228267945
450230 780.751741447417 -12062.3852499598 -11281.6335085123 -1306.83050398047 -1390.19749060409 -110.475786942985 -2419.81823439431 -1168.92819490421 77924.4041497369 42.7127791388281
450240 783.958407939393 -12063.5807502661 -11279.6223423267 2657.83478122563 2695.20396334059 3764.36733081698 1513.93304951933 -1369.07051102858 77367.314659525 42.6107496106859
450250 783.396306407707 -12061.3976299312 -11278.0013235235 2771.52579469339 3063.02901141274 3520.46497061532 1731.08340205213 -1104.42248604445 77332.9673924621 42.6044429877935
450260 783.138231752635 -12060.0866778382 -11276.9484460855 -839.00353975941 -451.118484540175 -223.847763878962 -1842.04437085909 -667.046259146767 77809.7629282243 42.6918227239405
450270 786.576584469347 -12062.0637751202 -11275.4871906508 -2975.71255217815 -2655.10971255379 -2279.78543952217 -3992.2425044585 -131.109393171689 78094.6740992442 42.7438665845657
450280 792.398306522137 -12067.3990753475 -11275.0007688254 -1044.83749209841 -939.412977327137 -486.15757940823 -1708.94191955986 239.42386566194 77803.2471791086 42.6906310269921
450290 794.116683538881 -12068.4554816597 -11274.3387981208 2283.30670500037 2268.50902660036 2408.5934336171 2172.81765478366 479.480588004951 77356.2657869333 42.6087210918852
450300 788.887982021361 -12063.1465159731 -11274.2585339518 2463.82854302405 2565.63230826773 2165.55075818266 2660.30256262177 638.980908881598 77374.0391072137 42.6119840917539
450310 778.705520777163 -12053.3804855742 -11274.674964797 -612.929011247163 -274.824405702124 -1462.52135329073 -101.441274748621 530.963565277186 77836.8238183674 42.6967713095613
450320 768.226877965916 -12042.8058793085 -11274.5790013426 -2389.44044965909 -1745.41045560974 -3739.22361527099 -1683.68727809655 112.608909615117 78144.8143796365 42.7530124534284
450330 764.014778412279 -12038.8126646555 -11274.7978862432 -862.285498195542 127.605891605909 -2480.31466042825 -234.147725764273 -445.793788267015 77982.3313368618 42.7233604123696
450340 772.867552808721 -12047.4892032282 -11274.6216504195 1289.44746514729 2294.18016652085 -447.127988592435 2021.29021751346 -832.043136863812 77665.0251674838 42.6653352416701
450350 787.325924874732 -12061.7305004935 -11274.4045756188 1290.89752898883 2010.71661619756 -561.14460570398 2423.12057647291 -811.363367131351 77604.4525258153 42.6542404826368
450360 792.589223279737 -12067.0892816288 -11274.500058349 -472.048341275316 -258.735635486196 -2033.03038940854 875.621001068787 -687.400348508163 77788.1855799056 42.6878760834081
450370 791.176812630578 -12066.0202513252 -11274.8434386946 -1435.52163486028 -1907.65025997841 -2289.24055892307 -109.674085679365 -708.514083300094 77877.9723134156 42.704293877461
450380 792.445978449584 -12068.1547008072 -11275.7087223577 -423.57746661284 -1508.44244134809 -304.371658125984 542.081699635546 -911.877172501361 77692.689965778 42.6704005323073
450390 793.550525353213 -12070.3558615415 -11276.8053361883 1285.95754523631 37.3803048718285 2198.01905617946 1622.47327465765 -1123.91527777941 77435.6522710044 42.6232917715515
450400 789.32621518654 -12067.7520312326 -11278.4258160461 1360.71898830186 460.603212582771 2517.50077733424 1104.05297498858 -1266.17661433833 77431.0576666105 42.6224487445506
450410 782.360168493437 -12062.9204619881 -11280.5602934947 -405.541464550346 -847.393489098727 558.986874820981 -928.217779373278 -1210.59490650814 77683.4453904281 42.6687080291044
450420 777.294915399412 -12060.1780417579 -11282.8831263585 -1458.06308229364 -1737.20723334808 -679.725322167542 -1957.2566913653 -832.583221289958 77857.977548322 42.7006388627222
450430 774.33872147431 -12060.0280791918 -11285.6893577175 -546.054082891463 -868.849688866718 445.457243349196 -1214.76980315688 -424.035932888121 77750.4084588665 42.6809646388987
450440 772.194167757277 -12060.8646213963 -11288.670453639 1030.20184514796 520.195049445083 2442.53943344691 127.871052551864 -372.635428337825 77539.4665176789 42.6423309300824
450450 774.147958839453 -12066.0658074583 -11291.9178486188 1087.29692322563 365.493596578067 2918.56154904488 -22.1643759460758 -516.070433033257 77524.1083079423 42.6395153612911
450460 777.356076003759 -12072.8250437296 -11295.4689677258 -142.286248703149 -765.533855064266 2038.27624099644 -1699.60113204162 -519.609170729709 77721.9634927491 42.6757590641992
450470 770.448392374801 -12069.460296249 -11299.0119038742 -1024.39826341861 -1215.92668238201 1073.20570036915 -2930.47380824296 -586.187474465067 77896.9344880249 42.7077595581909
450480 757.705659020796 -12060.0935474144 -11302.3878883936 -610.319501734242 -535.747468908217 1129.43847317204 -2424.64950946655 -444.643626011644 77872.0541881023 42.7032121177234
450490 753.442886155864 -12058.592931123 -11305.1500449671 622.623814502917 748.523332960464 2000.30914917279 -880.961038624502 -145.702566630109 77729.3491757152 42.6771108041249
450500 757.000785874827 -12064.1613244998 -11307.160538625 787.978392418236 1187.69033878596 1678.37040429596 -502.125565827205 266.440073844626 77700.8189816291 42.6718886871796
450510 761.061444710509 -12069.5912749912 -11308.5298302807 -400.836434722896 550.760233304263 -172.37651977506 -1580.89301769787 600.928498755698 77818.4925019245 42.6934192137318
450520 761.20427913421 -12070.5344083762 -11309.330129242 -859.06996089366 612.750017194488 -1193.48398512023 -1996.47591475525 465.376719225088 77868.2955567552 42.7025250581794
450530 756.056286592055 -12065.7852470542 -11309.7289604621 -9.692107889261 1698.97021134296 -516.637552527906 -1211.40898248283 210.386988400092 77753.8681915802 42.6815977011224
450540 749.635995685309 -12059.2691128409 -11309.6331171556 874.33756699729 2438.83600129015 535.897495690347 -351.72079598862 241.838012402296 77630.7615465915 42.6590600708324
450550 749.489324748319 -12058.67397312 -11309.1846483717 460.426294460907 1531.68620581112 413.599026977728 -564.006349406126 350.801910938826 77670.0879571556 42.6662623038609
450560 754.605325550307 -12062.9971684638 -11308.3918429135 -722.56551135748 -264.61424346269 -693.286549774956 -1209.79574083478 473.256528604112 77803.3725419556 42.6906539558388
450570 757.02321080419 -12064.4228182244 -11307.3996074202 -967.8218621238 -938.802435782384 -1184.52881601898 -780.134334570034 707.971304078904 77804.8380934758 42.6909220031737
450580 756.953751645131 -12063.248710238 -11306.2949585929 163.815702798426 195.321543029402 -745.12970526492 1041.25527063081 787.202171766482 77609.9889115062 42.6552547917537
450590 761.27738732144 -12066.1862915744 -11304.9089042529 1232.64794724431 1446.9975584573 -156.259958620358 2407.20624189598 635.399046535667 77425.3659017963 42.6214043621634
450600 768.017336811974 -12071.5437185533 -11303.5263817414 716.507736257276 858.04227751298 -622.691195904308 1914.17212716317 321.495519732595 77468.1422692016 42.6292521485338
450610 770.849699111345 -12072.9457190478 -11302.0960199365 -853.818586042472 -877.981075890046 -1873.39315925801 189.918477020651 -137.614541570539 77666.6014265602 42.6656238793883
450620 769.690613230991 -12070.3490405925 -11300.6584273615 -1258.05321927354 -954.60066126522 -2373.82067728441 -445.738319270982 -557.008070081989 77725.5116524104 42.6764084649429
450630 767.595654210415 -12066.899322116 -11299.3036679056 305.268936797317 1409.3081197361 -1292.39247200274 798.891162658578 -787.032912136869 77535.321431061 42.6415710619663
450640 767.841092662878 -12065.5662064957 -11297.7251138328 1831.03407968173 3295.76783274202 51.7450015904912 2145.58940471267 -741.693888072011 77377.0278155941 42.6125327389733
450650 773.299348146327 -12069.6473281501 -11296.3479800038 759.513453180383 2304.98286545254 -981.773162661339 955.330656749951 -603.77172425437 77567.5306866939 42.6474748792957
450660 776.321781771059 -12071.0129973549 -11294.6912155838 -1839.49909531894 -307.412556505526 -3441.71735872322 -1769.36737072807 -583.001247502843 77946.939005203 42.7168960927141
450670 769.306748678006 -12062.4319838637 -11293.1252351857 -2086.90001152158 -803.193385761367 -3503.30300347559 -1954.20364532778 -709.880137102034 78007.561972604 42.7279675299633
450680 764.27516588296 -12056.0104879279 -11291.7353220449 683.82539166219 1393.30219708789 -521.564694029108 1179.73867192779 -891.768976935127 77646.2009870026 42.6618879376216
450690 773.754629649585 -12063.53467122 -11289.7800415705 2668.3636109356 2760.08539350664 1704.33507718873 3540.67036211144 -1042.08914995726 77378.9432417473 42.6128843527467
450700 784.130683906209 -12072.4848599466 -11288.3541760404 831.126975880283 638.765552807887 125.905689969038 1728.70968486391 -1123.83399140653 77614.668135694 42.6561120245732
450710 783.938589768679 -12070.6001608203 -11286.6615710516 -2215.76694528241 -2089.16910757183 -3153.78128866324 -1404.35043961217 -772.853065735597 78037.9428052103 42.7335137561322
450720 779.195705091076 -12064.5355307178 -11285.3398256267 -2005.81337378688 -1290.27933033655 -3538.84658238348 -1188.31420864062 -354.826819065107 78052.4896471879 42.7361688707575
450730 774.345235788655 -12058.612933487 -11284.2676976984 1035.276522246 2090.6660571304 -884.029207139909 1899.19271674752 -97.5675571649992 77672.8553804269 42.6667690377828
450740 770.159390271286 -12053.033953527 -11282.8745632557 2497.60065471162 3776.7055120452 391.438848114597 3324.65760397506 -190.021986648043 77481.0612013733 42.6316216980888
450750 772.104306665946 -12053.9764938114 -11281.8721871455 292.954043903135 1842.16665254699 -1801.61292772249 838.308406884892 -514.020815660951 77763.1061330216 42.6832879685229
450760 779.842709074256 -12060.1908857865 -11280.3481767123 -2519.12824852015 -460.368567048015 -4600.52392568076 -2496.49225283168 -647.255652223333 78099.1517984804 42.7446835012253
450770 788.595898369268 -12067.9299594206 -11279.3340610513 -1667.91739756276 955.475946538352 -3699.14001955758 -2260.08811966907 -595.163970695125 77952.3096272265 42.7178771491313
450780 793.443324139046 -12071.8146483785 -11278.3713242394 1699.21587021866 4636.78560074478 147.417070970385 313.444938940821 -532.619385709581 77495.6931285187 42.6343051216726
450790 792.45281767961 -12070.0528251705 -11277.6000074909 2655.52837316729 5470.73008842886 1788.50922444739 707.345806625618 -591.827910499962 77375.4309241989 42.6122395940227
450800 789.115423716351 -12066.750317731 -11277.6348940146 -114.65424197514 2298.26317776686 -324.335607160993 -2317.8902965313 -739.910265489927 77753.4978161708 42.6815299306921
450810 787.847686160103 -12065.2168755178 -11277.3691893577 -2673.30978798135 -802.289584929895 -2360.97603853048 -4856.66374048367 -827.986720675761 78087.53946893 42.7425648697891
450820 788.792686861552 -12066.683923751 -11277.8912368895 -1380.34036608692 -37.8883097219038 -645.117070116322 -3458.01571842252 -669.636748013064 77903.1586385576 42.7088970117873
450830 786.048468195529 -12064.4404654169 -11278.3919972214 1883.45591310562 2569.9736502007 3072.79385326916 7.6002358470037 -390.381294419104 77480.6460043387 42.6315455480626
450840 780.417024359424 -12059.5427010606 -11279.1256767012 2290.98433300637 2683.52257138228 3865.70142762679 323.729000010051 -385.958193890837 77434.3846514686 42.6230591895707
450850 780.177683680207 -12060.4719431277 -11280.2942594475 -508.055069893783 48.6299049861879 1208.21538438811 -2781.01049905565 -483.201576493217 77809.8664583034 42.6918416585217
450860 779.212542400521 -12060.3927199717 -11281.1801775712 -2326.54105766973 -1321.14463031281 -976.357548987691 -4682.12099370867 -328.116688543625 78064.4679937684 42.7383549315314
450870 774.37158023698 -12056.9750203788 -11282.6034401418 -799.941426175881 87.5911910960446 169.749469453911 -2657.16493907759 -12.2380445831785 77869.2148282276 42.7026930985795
450880 775.193634923135 -12059.0139883955 -11283.8203534724 1767.95023305789 2081.01113343139 2683.82460443687 539.014961305405 300.136936886432 77541.897146164 42.6427764949278
450890 777.372100898617 -12062.6263746506 -11285.254273752 1611.95963790677 1187.79324814466 2807.0171077165 841.068557859167 407.271713478843 77559.2690450422 42.6459607119566
450900 770.341949057599 -12057.197185593 -11286.8552365354 -680.367589154153 -1477.76797225969 830.819895649025 -1394.1546908518 255.184485508082 77876.8094376534 42.7040813225541
450910 765.184477296526 -12053.4125743442 -11288.2280970476 -1921.52518687347 -2673.35680384187 -298.762486110535 -2792.45627066801 -104.370982477373 78050.649499275 42.7358330220215
450920 768.785264133961 -12058.6068129386 -11289.8215488046 -619.922696165004 -1095.17553269888 738.332991492383 -1502.92554728851 -357.739199504313 77851.9811838084 42.6995426138116
450930 773.722279797847 -12064.8756268545 -11291.1533470567 1445.41785976665 1457.21283766918 2237.30957801988 641.731163610904 -491.210670858538 77545.8959235364 42.6435095009754
450940 773.999060572701 -12066.6051107059 -11292.6060501332 1433.70505666419 1984.07521315114 1800.91534921831 516.124607623121 -536.558090309794 77523.8057649489 42.6394598933698
450950 772.101803708872 -12066.3279746221 -11294.2261709132 -604.332018962093 252.661361168212 -261.624627068492 -1804.03279098599 -621.307034027506 77770.1826942892 42.6845826773531
450960 772.558790866506 -12068.3200248139 -11295.7612339474 -1757.16827170059 -703.29699848253 -1167.74168233925 -3400.46613427998 -536.425356559053 77894.5887359225 42.7073308600097
450970 773.518649627459 -12071.1205425432 -11297.6018929157 -332.721031039689 964.187036053029 400.49380533954 -2362.84393451163 -527.342447336694 77685.660544297 42.6691135932278
450980 771.009055817862 -12070.2928858251 -11299.2838300072 1615.47415781262 2843.19459162903 2387.62579244607 -384.397910637257 -659.564690020887 77421.5667305646 42.6207072234415
450990 768.476760575494 -12069.6407942981 -11301.1640337227 1298.7416012263 2188.43806098869 1990.23956173249 -282.452819042282 -963.50419428921 77467.9171546362 42.6292108563993
451000 768.829832279905 -12071.8910328326 -11303.0612005527 -736.903147529619 -233.669370148833 -238.97513322059 -1738.06493921943 -1418.00918850886 77760.0208567048 42.682723469985
451010 769.470940594673 -12074.2800206165 -11304.8090800219 -1644.88413480592 -1373.5019492072 -1437.94746175013 -2123.20299346043 -1755.77252577638 77908.4187025888 42.7098582328764
451020 766.318663236962 -12073.0918977695 -11306.7732345325 -364.661337454319 55.3251807262177 -404.201634198009 -745.107558891177 -1828.26596068829 77738.5948953308 42.6788028503551
451030 763.42110168037 -12071.9213589564 -11308.500257276 1308.4850538196 1982.29794487588 1245.38592820323 697.771288379684 -1399.35953803412 77501.7266958905 42.6354115499411
451040 767.517230654823 -12077.7257681189 -11310.2085374641 950.694082069884 1921.61556722527 881.727743235062 48.7389357493278 -704.436973157945 77511.6112494615 42.6372240432978
451050 775.962933137973 -12087.8812930887 -11311.9183599507 -749.518671746146 366.657378123445 -820.85161401884 -1794.36177934304 -271.188230098627 77701.33353219 42.6719828809349
451060 778.462366170492 -12092.191546162 -11313.7291799915 -1252.48536712026 -211.425918106568 -1315.87062088816 -2230.15956236604 -120.439933186803 77749.9970991234 42.6808893670043
451070 771.104909660657 -12086.9009110655 -11315.7960014048 236.985680032881 1473.32978163348 76.6136892791554 -838.986430814001 -167.584954044909 77565.0118429436 42.6470132450379
451080 762.504004403632 -12080.2734832976 -11317.769478894 1402.32708250122 3108.14555223929 1062.77705504497 36.0586402193787 -306.964012808315 77425.9814162333 42.6215173054256
451090 760.975260834825 -12080.7405139365 -11319.7652531017 265.620303723989 2155.05282134601 60.172383019948 -1418.36429319398 -492.085787689331 77546.1294661339 42.6435523103159
451100 763.804463548721 -12085.3059167309 -11321.5014531822 -1358.68334341374 83.1273755259317 -1447.29434254273 -2711.8830632244 -749.543225744152 77717.3380313242 42.6749124609808
451110 761.865490483744 -12085.0902384205 -11323.2247479367 -959.817612308767 -86.9744645663319 -1127.06238512823 -1665.41598723175 -860.28002802817 77632.7509949071 42.6594244765076
451120 761.125041736734 -12085.8614748635 -11324.7364331267 921.861106142594 1529.38539211771 575.253740696195 660.944185613887 -731.964796166418 77363.9108375262 42.6101247062516
451130 764.826993912752 -12090.8622320476 -11326.0352381348 1706.51118085584 2218.62170969977 1162.52063291314 1738.39119995463 -383.479764844289 77270.546093348 42.5929768105122
451140 758.806332869712 -12086.2405510515 -11327.4342181818 227.503673516223 489.281574051381 -273.583503910832 466.81295040814 -265.819322536802 77505.3085129462 42.6360683520463
451150 744.821087492704 -12073.1466216061 -11328.3255341134 -1504.20714501662 -1381.76243865364 -1983.0789422955 -1147.78005410072 -423.851678133566 77794.0195857003 42.688943233854
451160 743.458235213181 -12072.3330479007 -11328.8748126875 -1423.1615627637 -1231.41370605413 -1899.25890119313 -1138.81208104383 -684.904675210902 77793.1498958624 42.6887841544514
451170 755.114503872586 -12084.1029616237 -11328.9884577511 301.774054724395 563.000037320261 45.6155734024067 296.70655345052 -909.123502080281 77507.7601996401 42.6365179091209
451180 760.88586978183 -12089.2750065788 -11328.389136797 1676.28626697537 1972.89161856833 1478.26063170251 1577.70655065527 -827.345745111952 77275.2333041685 42.5938380193223
451190 757.437110405943 -12084.9875112963 -11327.5504008904 871.4631509666 1168.19620106994 570.317486851818 875.875764978057 -631.17592752133 77361.2413240172 42.6096345999878
451200 756.134203399363 -12082.1801833052 -11326.0459799059 -864.765428849191 -561.854044601095 -1127.01923417965 -905.423007766826 -451.998389052049 77627.7539239154 42.6585091551437
451210 758.172718561028 -12081.8372619188 -11323.6645433578 -1329.79288949443 -866.534777066659 -1643.85559327891 -1478.9882981377 -454.849888351458 77739.6890310662 42.6790030777296
451220 760.943482846834 -12081.460070842 -11320.5165879952 86.0941030853315 694.632411704937 -550.390812039826 114.040709590899 -383.995820476597 77596.3006630803 42.6527469098762
451230 765.366379394296 -12081.7936284726 -11316.4272490783 1372.13083688091 1712.95824031939 489.946049213268 1913.48822111007 -120.580079716983 77456.9577308755 42.6272005032254
451240 770.720382989263 -12082.6865811559 -11311.9661981666 605.00629073584 460.523456407344 -220.154768075822 1574.65018387601 114.607497236925 77575.5736520286 42.6489488650561
451250 771.842780231478 -12079.220276623 -11307.3774963915 -1198.13399461649 -1536.5688377555 -1712.12693207616 -345.706214017827 257.702949625952 77833.9157264703 42.696239566037
451260 767.397659616578 -12070.6022001394 -11303.2045405229 -1455.33996235993 -1465.8166621067 -1652.63971405819 -1247.56351091489 501.856952530458 77885.7037764138 42.7057070102242
451270 765.026696013519 -12064.7382443273 -11299.7115483138 465.311248260483 988.138092174973 468.48719906256 -60.6915464560784 783.7471004186 77642.2838211783 42.6611705103785
451280 765.543812253872 -12062.0616602894 -11296.5178480356 2072.53632212004 2922.77267828055 2439.27084255197 855.565445527603 738.394432910006 77449.8579468105 42.625898045813
451290 764.409025742352 -12058.5011459824 -11294.09212024 720.120937246492 1383.36812682976 1844.24030842812 -1067.2456235184 323.8306188904 77650.2450930508 42.6626285885983
451300 764.137208613587 -12055.7771863426 -11291.639977729 -2049.66681386626 -2041.64660653822 -252.374757675308 -3854.97907738526 -119.207927953761 78045.1168928384 42.7348232241818
451310 769.535572662034 -12059.0496029092 -11289.5140302472 -2413.87345447938 -2978.22023277804 -453.090464220834 -3810.30966643927 -169.642693790444 78080.9418579676 42.7413610637408
451320 777.362177467984 -12065.2494498534 -11287.8872723854 655.910164617142 -90.780920573755 2500.64784936811 -442.13643494292 73.5318719893224 77615.8094575696 42.6563211092575
451330 785.751980645645 -12071.5274722038 -11285.7754915581 3363.53206219968 2771.8047297883 4901.04700059448 2417.74445621626 393.251077926477 77227.8564150684 42.5851315813341
451340 791.847245783533 -12076.7173041592 -11284.8700583756 1503.91775118452 1221.73366600235 2436.70415737774 853.315430173465 704.922009394371 77470.1904543593 42.629627837729
451350 792.666182733526 -12076.4966079494 -11283.8304252159 -2452.37216786191 -2445.87192106605 -2072.52886773237 -2838.71571478731 876.925224600988 78032.4042958883 42.7325027711539
451360 787.908991008013 -12071.0780864963 -11283.1690954883 -2929.19574439155 -2832.13232111305 -2924.35928110912 -3031.09563095248 775.438031456594 78136.3886971549 42.7514758351286
451370 779.142862248852 -12062.4076525771 -11283.2647903282 647.345120610068 480.75073212969 403.061742074829 1058.22288762569 479.947109922787 77675.0469396882 42.667170318569
451380 773.464985819109 -12056.2132662391 -11282.74828042 2915.17750838305 2611.64587415083 2450.53125926485 3683.35539173347 204.771385756183 77337.8595050663 42.6053413598793
451390 772.887200817792 -12055.740748212 -11282.8535473942 1048.90882503268 759.963169583306 490.024604868526 1896.73870064621 83.336306434821 77555.5108942939 42.6452718944891
451400 776.953570089697 -12059.4960877846 -11282.5425176949 -1940.96009855202 -2170.85356114731 -2450.04632943728 -1201.98040507147 136.250095020759 77962.9307332785 42.7198171835831
451410 783.150756542447 -12065.5034392462 -11282.3526827037 -2037.67101784688 -2148.25078427805 -2549.44899131546 -1415.31327794712 298.57176877354 77984.4690179036 42.7237507917522
451420 785.049085387299 -12067.5406789535 -11282.4915935662 632.2834202604 699.402832232605 -280.028807663742 1477.47623621234 448.768416468446 77627.346714535 42.6584345642293
451430 782.07297780156 -12064.5371664561 -11282.4641886546 2090.84908209909 2293.81489452926 682.277493193242 3296.45485857477 76.0614324327276 77413.2023305704 42.6191722959127
451440 783.958840222121 -12066.8920047704 -11282.9331645483 524.935410070774 657.165903094826 -1058.68916366461 1976.32949078212 -665.796192644208 77596.286012209 42.6527442254702
451450 790.750186859461 -12074.1313257401 -11283.3811388807 -1574.40824718855 -1369.67461609587 -3179.69298159418 -173.857143875602 -1010.76862988976 77857.7364362958 42.7005947839671
451460 790.553097746677 -12074.8244182782 -11284.2713205315 -1075.0585306783 -514.829271915795 -2412.67596606269 -297.670354056429 -680.66027935811 77813.2421178224 42.6924590225495
451470 776.789971011173 -12062.2174250302 -11285.427454019 1027.33177391792 1855.71629115186 256.214215179974 970.064815421938 50.3712881361225 77582.7840562391 42.6502701857543
451480 762.7972544683 -12049.4133589202 -11286.6161044519 1490.43515917338 2459.64375418261 1235.28326905753 776.378454279976 579.269811472331 77560.285721495 42.6461470509769
451490 762.534119394622 -12050.273051668 -11287.7389322733 -212.483433995453 903.103423816682 -184.897588216656 -1355.65613758638 705.947811113476 77808.5154104637 42.691594564518
451500 773.9241528749 -12062.3845770328 -11288.4604241579 -1777.54586898353 -518.134741957586 -1909.22967519649 -2905.27318979652 639.65954423927 77985.7666376511 42.7239877572058
451510 788.086044705937 -12077.5448032504 -11289.4587585444 -1000.63386568901 126.336625465976 -1296.27712054317 -1831.96110198983 769.754284091404 77817.7493130425 42.6932833018404
451520 792.672625264526 -12083.2605602831 -11290.5879350186 1102.47219631097 2176.28304312425 494.422451900687 636.711093907979 1075.6973449894 77489.5636746393 42.6331810510461
451530 783.126134946818 -12075.1338417128 -11292.0077067659 1883.05795215426 3053.82437993867 1063.63595938422 1531.71351713991 1326.39636708847 77406.6331056602 42.6179667183982
451540 771.513906285504 -12065.3775804273 -11293.8636741418 151.158485849454 1476.66587063199 -449.404431021595 -573.78598206202 1460.33717896899 77670.2907220873 42.6662994319002
451550 765.603418029995 -12060.9995425601 -11295.3961245301 -1605.24469145112 -149.349940402349 -1868.35654460753 -2798.0275893435 1543.78685510818 77927.2994710115 42.7133081373615
451560 763.881467169691 -12060.8205884569 -11296.9391212872 -1067.15203741507 220.410537938439 -722.783488818194 -2699.08316136546 1609.71588609135 77862.2334295893 42.7014168842071
451570 764.345339524663 -12062.6010830793 -11298.2557435546 687.279642422482 1455.7244660519 1522.5734042622 -916.458943046661 1430.99184316264 77613.6360220942 42.6559229445554
451580 767.825457666699 -12067.1266626137 -11299.301204947 1034.67759800767 1361.356381413 1873.62729172442 -130.950879114401 1043.11309411446 77514.0985878844 42.637680112909
451590 774.77578723975 -12075.1037166263 -11300.3279293866 -39.2687716677069 262.763775162847 491.143683172749 -871.713773338718 676.080959979087 77612.4646161426 42.6557083445789
451600 779.28107528935 -12080.6055647425 -11301.3244894532 -880.819631173659 -267.420931528696 -847.213207713029 -1527.82475427925 268.150577450708 77693.1346394306 42.6704819400805
451610 775.953807800952 -12078.4148774853 -11302.4610696844 -351.701315760659 502.407414767577 -873.181053146582 -684.330308902985 -185.726535578467 77608.8457195689 42.6550453540105
451620 773.020593979595 -12076.6204664144 -11303.5998724348 623.436730725971 1334.07087921225 -76.462804606679 612.702117572341 -395.351334768157 77468.4497226795 42.6293085437354
451630 776.179640212398 -12080.9453720333 -11304.7657318209 744.995554864921 1125.15971469773 425.319096395739 684.507853501283 -414.961573583514 77456.1332858751 42.6270492626394
451640 776.943708135598 -12082.9559457822 -11306.0122376466 -320.571513501321 -344.205465545845 -127.725398902145 -489.783676055975 -464.950736418114 77578.0485250035 42.6494023996055
451650 774.105815091759 -12081.3925564741 -11307.2867413823 -969.325390958907 -1048.60200585863 -478.022212598267 -1381.35195441981 -654.933020956729 77633.0085736319 42.6594716565438
451660 777.813057020057 -12086.508738712 -11308.695681692 -315.558350616323 -293.510190759784 430.430068718524 -1083.5949298077 -753.912207930761 77504.5055086613 42.6359211059438
451670 783.409760076241 -12093.5707755765 -11310.1610155003 624.881072488389 618.642772760315 1723.66167927906 -467.661234574205 -435.651648807218 77318.1796223896 42.6017271780912
451680 784.507319831266 -12096.3571750034 -11311.8498551722 777.840202464508 501.875899137418 2227.19133046537 -395.546622209263 -15.0373380189198 77256.4697920335 42.5903902795244
451690 782.553419965918 -12096.3972368689 -11313.843816903 19.5584968485385 -325.76401412271 1334.51158130205 -950.072076633734 386.449018495613 77345.9442874935 42.6068259407177
451700 783.082422996332 -12099.1236947639 -11316.0412717675 -546.108167050252 -738.884019558602 342.574451434435 -1242.01493302658 607.137718093627 77443.1341916721 42.6246644976273
451710 778.902026691245 -12097.3539165352 -11318.451889844 -91.1424211580549 -89.7909864953909 634.735544796178 -818.371821774937 371.464294119881 77442.0556587789 42.6244666220437
451720 768.592646347901 -12089.5061909549 -11320.913544607 556.600615422429 1030.32796618517 1359.40193261413 -719.928052532008 160.234607809211 77424.8175481694 42.6213037420089
451730 760.283048985156 -12083.501436567 -11323.2183875818 260.776916549574 1528.43008318495 809.491627876022 -1555.59096141225 221.965396145041 77511.0397813431 42.6371192595384
451740 757.269692978719 -12082.3971921375 -11325.1274991587 -580.757892433663 1336.89445081009 -730.526817745549 -2348.64131036553 307.852230628223 77646.1774074105 42.6618836191016
451750 755.440907118747 -12082.0472053861 -11326.6062982674 -632.808984462781 1446.37483060962 -1687.53306132214 -1657.26872267583 330.498435827335 77673.5879511081 42.6669031744155
451760 754.813554400671 -12082.4717238476 -11327.6581694469 17.2692161497573 1690.3317119892 -1582.65995563812 -55.8641079017966 239.030533118363 77574.7341128224 42.6487950125303
451770 759.489224178148 -12087.7446455461 -11328.2554213679 530.867450153 1403.36579833957 -1043.51696698567 1232.7535191051 -25.8038325294925 77474.0209899769 42.6303304375098
451780 762.587584016545 -12091.1208324939 -11328.5332484774 291.721732801369 566.598782553071 -1028.3209139381 1336.88732978913 -595.957649927922 77473.1104530914 42.6301634282341
451790 760.45300254875 -12088.9921416795 -11328.5391391308 -362.320313623801 -150.448306994133 -1377.7745898458 441.261955968526 -975.700437097725 77528.582704436 42.6403356756931
451800 757.378662977098 -12085.6392428959 -11328.2605799188 -322.923006355281 91.9458309725558 -994.57040189398 -66.1444481444151 -918.130767419858 77521.0374007682 42.6389523376266
451810 757.176926358012 -12084.8306371442 -11327.6537107862 261.194561006651 611.581110395491 -63.3736582236456 235.376230848115 -646.686544123367 77452.1535641812 42.6263191861818
451820 759.832415129641 -12086.5496457772 -11326.7172306476 393.344224583111 594.413248875206 213.505825187054 372.113599687075 -197.347103077821 77428.3577914817 42.6219533506252
451830 761.128247842885 -12086.6490906377 -11325.5208427948 56.1768975224265 227.874607462286 -479.161489780444 419.817574885447 9.8873457703704 77483.2665330856 42.6320261667157
451840 756.674858336565 -12080.7377981186 -11324.062939782 -282.440125880541 -364.552138163982 -1200.32933327134 717.561093793695 -135.010584143277 77555.3361654089 42.6452398685405
451850 756.679319365898 -12079.0046658668 -11322.3253465009 -387.083479088475 -496.463780725267 -1585.14130926299 920.354652722834 -244.008997709616 77573.5188161681 42.6485722973678
451860 770.866746506384 -12091.2462273425 -11320.3794808361 -76.0893280142765 127.187848214727 -1429.14329316511 1073.68746090756 -372.476072736783 77513.4558862294 42.6375622703324
451870 781.280357325207 -12099.7233570991 -11318.4429997739 476.923888238306 1111.16385850076 -1036.6577277717 1356.26553398585 -468.117225455277 77436.8442976858 42.6235104814904
451880 775.789451499897 -12092.5727286523 -11316.7832771524 517.753025343838 1412.74523312988 -1156.58352858348 1297.0973714851 -271.778854893777 77450.7450716413 42.6260607934677
451890 766.13427297571 -12081.510466588 -11315.3761936123 -1.13357143695074 650.954101382789 -1698.41667347716 1044.06185778353 25.5581956134454 77574.2074056524 42.6486984885043
451900 758.416004119432 -12072.4109671139 -11313.9949629945 -654.554604238912 -367.046192608167 -2194.17005214261 597.552432034043 273.329394490264 77707.7483563939 42.6731571453634
451910 751.435663413773 -12064.0110828722 -11312.5754194584 -606.162470725916 -536.131186827736 -2035.85971432078 753.503488970773 501.120206352251 77719.4525296464 42.6752994840687
451920 752.798605539229 -12063.8613152325 -11311.0627096932 272.421505689462 205.682728971842 -1078.32634702309 1689.90813511963 790.444629587968 77609.2443244323 42.6551183803916
451930 763.355568556873 -12072.83508138 -11309.4795128231 791.958341384799 856.907167250059 -478.849536461919 1997.81739336627 908.341922270881 77540.0273735086 42.6424337428534
451940 770.682169520973 -12078.7527682216 -11308.0705987006 108.965359999331 185.485065573164 -1078.51138179619 1219.922396221 851.809154035001 77621.5281197586 42.6573687098325
451950 770.951119043961 -12077.7829214576 -11306.8318024137 -971.868905350625 -818.313033629338 -2082.87980051768 -14.4138819048537 797.886375836248 77731.4719542697 42.6774993027287
451960 770.23186273979 -12076.0723232764 -11305.8404605366 -534.149746855635 -158.373327959398 -1710.9761958432 266.900283235693 760.786349089595 77663.3891385683 42.665035655028
451970 767.504715432075 -12072.3947385672 -11304.8900231352 927.81012158611 1599.56279407752 -233.32496235578 1417.1925330366 733.562073012982 77481.2310144763 42.6316528429155
451980 764.013747931999 -12067.967855186 -11303.954107254 1217.60513924941 1710.07763183292 527.843973055973 1414.89381285935 573.538193520127 77463.7725835827 42.6284506150385
451990 765.499032143508 -12068.5175601967 -11303.0185280532 -335.535894003134 -227.071881349568 -666.744862355991 -112.790938303849 188.21519854663 77689.10332829 42.669743904194
452000 771.705239130541 -12073.5390211897 -11301.8337820592 -1737.41812216003 -1920.49951086061 -2249.45441653938 -1042.30043908011 -412.327367424645 77872.0495193942 42.70321126432
452010 777.557328532881 -12078.4559090005 -11300.8985804677 -811.830397680286 -1361.73430729742 -1540.58999973439 466.833113990954 -871.988854547318 77723.5914219569 42.6760570178555
452020 777.623783176967 -12077.4864921244 -11299.8627089474 1680.75389194585 1186.93320650268 776.586315833683 3078.74215350118 -1040.09560997459 77402.6029387387 42.61722707248
452030 768.588319221597 -12067.5743357005 -11298.9860164789 2233.60668202918 2384.70410033317 1040.55247131648 3275.5634744379 -1043.73695757483 77391.7828343743 42.6152411602256
452040 755.478983853081 -12053.7404198199 -11298.2614359669 -462.007969820414 367.785034593591 -1980.08631055153 226.277366496689 -1066.76101023301 77820.863505287 42.6938528090946
452050 752.095130195588 -12048.6976919112 -11296.6025617156 -2824.74838018263 -1606.54316089804 -4502.58520276147 -2365.11677688839 -934.418164657325 78179.1229497643 42.7592682753074
452060 761.606299168593 -12056.7794793686 -11295.1731802 -1531.02327617649 -288.994159570862 -3142.03748038893 -1162.03818856969 -572.094241384993 77988.7513024699 42.7245327932295
452070 775.479690665037 -12068.6785897545 -11293.1988990894 1827.14048804186 2875.65890402005 547.639491647767 2058.12306845776 -94.987589797754 77500.2536347608 42.635141427076
452080 781.984028214988 -12073.0726727705 -11291.0886445555 2592.03882375447 3051.54561489365 1853.06582814817 2871.5050282216 121.316873484789 77366.5858167665 42.6106158046812
452090 782.947790522719 -12072.5585578246 -11289.6107673019 -157.952015012348 85.2113611183707 -369.442859747378 -189.624546408039 -94.3297536011627 77724.6503111318 42.676250820058
452100 785.827478583256 -12073.663393153 -11287.8359145698 -2370.51331175271 -1915.91601294507 -2333.03770019245 -2862.58622212061 -490.16875163364 78045.3478237984 42.7348653740921
452110 786.618817652451 -12073.3400434132 -11286.7212257607 -1294.17669172876 -629.135891748923 -1420.49126217796 -1832.90292125939 -1019.96958450731 77903.1143829918 42.708888924367
452120 784.320353052614 -12069.9932414977 -11285.6728884451 1512.02281470749 1968.10818469796 996.502703975028 1571.45755544949 -1270.87423181723 77528.0458875783 42.6402372599302
452130 781.730094718284 -12066.5022092181 -11284.7721144998 2049.73711058019 1796.19453368528 1453.33347484426 2899.68332321103 -1129.49903093107 77455.670921555 42.626964443594
452140 781.577849102689 -12065.8490067794 -11284.2711576768 -300.726273183482 -1254.14578327596 -677.24356112614 1029.21052485164 -697.599358752817 77764.8741141618 42.6836114410109
452150 780.1904244555 -12063.7476912163 -11283.5572667608 -1911.68064850251 -3120.97726784143 -1979.48146300225 -634.58321466387 -11.9056431316269 78003.8776607857 42.7272948360594
452160 775.994867986674 -12059.1997822033 -11283.2049142166 -831.157285972327 -1912.71829419822 -794.908485346013 214.154921627256 792.291395658516 77871.0662979889 42.7030315383534
452170 777.41363552801 -12060.1487160638 -11282.7350805358 1068.76727429052 6.41047556455889 1213.7106242077 1986.18072309931 1290.00386721161 77587.4816868507 42.6511309917246
452180 787.112653498996 -12069.4084830475 -11282.2958295485 1241.9654962722 29.029047307509 1526.15370000797 2170.71374150112 1248.58609919224 77515.2881519066 42.6378982237289
452190 791.149339868474 -12073.3341949508 -11282.1848550824 -28.872524066201 -1275.58171040181 586.149130316144 602.815007887053 1098.69516499273 77683.2126420909 42.6686654156462
452200 782.121837266779 -12064.3685635373 -11282.2467262705 -931.364057397954 -2087.391673707 59.4722604353906 -766.172758922241 1021.72759962746 77844.5167317325 42.698177892059
452210 771.060926447859 -12053.5628567587 -11282.5019303109 -553.300295950992 -1477.62836421793 573.245243188446 -755.517766823479 1066.60180300568 77824.3167172449 42.6944842967435
452220 772.598567780827 -12055.3166513492 -11282.7180835684 420.455217743037 -321.56917753642 1465.52720987812 117.407620887392 1090.55217712711 77697.183170559 42.6712231028384
452230 783.567826341936 -12066.4604330961 -11282.8926067542 646.841481480528 100.471823083803 1498.89515364135 341.15746771643 1062.35862845476 77649.1738646286 42.6624324027807
452240 793.603938832643 -12076.885631472 -11283.2816926394 -85.5075330871399 -339.829768169136 736.228101265022 -652.920932357294 1057.30986398602 77725.3180886806 42.6763730385152
452250 796.67280366536 -12080.7327815335 -11284.0599778682 -755.171108602528 -667.299701076112 122.670435925195 -1720.88406065667 1005.32486718895 77783.9129899489 42.6870945117224
452260 789.207324225634 -12074.5922054447 -11285.3848812191 -267.345952135355 79.7307432294112 584.072262797398 -1465.84086243288 1035.61144260319 77700.158964753 42.6717678637152
452270 777.417791046074 -12064.4807511391 -11287.0629600931 790.368083980825 1174.33120208743 1619.67581091852 -422.902761063469 1332.29808397537 77568.7763092942 42.6477031637068
452280 770.128057091537 -12059.1022539477 -11288.9741968561 657.862774966034 952.477046442186 1630.7518797892 -609.640601333301 1553.85315676504 77584.5199202965 42.6505882740166
452290 768.754724098071 -12059.7069161425 -11290.9521920445 -594.305434535697 -4.97917305812964 216.321681437012 -1994.25881198597 1440.19141702849 77724.0791785767 42.6761462892741
452300 769.766171203816 -12062.7100865327 -11292.9439153289 -1142.92804604944 -56.7266191613441 -718.163352426941 -2653.89416656002 1049.29394099467 77751.3654931113 42.6811397589955
452310 773.195895357212 -12068.2615622684 -11295.0656669112 -127.111296417661 1288.2597641944 -233.308161271863 -1436.2854921755 532.404672365743 77555.2671239154 42.6452272139549
452320 781.914833888564 -12079.0579228809 -11297.1430889924 1273.4276653562 2590.73327277333 850.319311117091 379.230412178175 -2.2488983132092 77333.9129700224 42.6046166336198
452330 788.678937111069 -12088.2600495352 -11299.5811124241 951.97278074237 1942.14001942177 366.964388344411 546.813934460939 -508.058739099241 77352.566640113 42.6080419035179
452340 785.440084778362 -12087.8010071111 -11302.3609223327 -594.769269112719 366.711485789769 -1517.29429792209 -633.724995205839 -771.343893827683 77557.6660570334 42.6456669089702
452350 777.353552604339 -12082.6068324947 -11305.2532798904 -1117.19081052083 -118.541809637332 -2404.72193606245 -828.308685862704 -712.894220412848 77657.4478499187 42.663947661663
452360 770.63557492616 -12078.8164249627 -11308.1808500366 47.6527783384842 959.045928716662 -1542.91487336626 726.827279665049 -483.566988228835 77546.7466987206 42.6436654512315
452370 763.290172091993 -12074.0421316313 -11310.7519595393 1039.62062104578 1717.31370250425 -538.109247614457 1939.65740824756 -271.131272374298 77439.4356111427 42.6239859211655
452380 758.045681644989 -12070.9680144521 -11312.9223328071 397.652669804522 991.778839796954 -942.367919555841 1143.54708917244 -252.953625818774 77525.6749652888 42.639802588329
452390 763.733697931611 -12078.2421479164 -11314.5084499848 -995.272231710538 -276.980184851912 -2125.97840369785 -582.858106581846 -291.136404483428 77688.9318551684 42.6697125110331
452400 773.598144678303 -12089.3659458629 -11315.7678011846 -980.545377589947 155.289823261017 -1948.51783651249 -1148.40811951838 -218.273005283326 77666.1853853754 42.6655476961123
452410 772.292613932943 -12089.1184867831 -11316.8258728501 629.349683746486 2213.21637451048 -110.868758098424 -214.298565172594 125.552225427252 77457.2581754246 42.6272556181084
452420 763.492846828516 -12081.0772282086 -11317.5843813801 1449.10367985078 3133.49745567892 1020.03784579715 193.775738076258 516.531841023901 77364.5633382897 42.6102444996645
452430 761.364672589831 -12079.5515708544 -11318.1868982646 61.8248101128488 1468.50023360574 47.9800278486861 -1331.00583111588 798.038297568082 77545.1691068456 42.6433762718689
452440 764.802870644055 -12083.1046264312 -11318.3017557871 -1512.06620049487 -459.568286936444 -1143.48976460989 -2933.14054993829 800.38611397275 77743.8756886941 42.6797692207747
452450 769.608620076782 -12087.9616284336 -11318.3530083568 -904.1726064904 51.612696032046 -341.818938678257 -2422.31157682498 605.91082451278 77658.3209841026 42.6641075570864
452460 771.608636153026 -12089.8332776773 -11318.2246415243 991.25132767488 2145.85751812838 1493.91934740318 -666.022882506915 707.818056918121 77392.621866063 42.6153951619694
452470 766.109587101091 -12084.072246651 -11317.9626595499 1691.29853326301 3228.74307454473 2041.85929738779 -196.706772143489 1037.58064523517 77313.8522290535 42.600932376357
452480 756.552254850536 -12074.2879881428 -11317.7357332922 -47.0176194217603 1691.82918313305 84.0554320219728 -1916.93747342031 1247.92113716395 77558.2566083412 42.6457751483905
452490 749.504859798 -12066.4282436268 -11316.9233838288 -1924.61644533936 -251.953500283384 -1929.59873938551 -3592.29709634918 1359.01758842278 77798.6400285164 42.6897883627269
452500 750.655159804323 -12066.6236993567 -11315.9685395524 -990.568531111683 299.038432065686 -852.44712209895 -2418.29690330179 1528.00385602313 77676.0221628148 42.6673488822937
452510 759.635042100239 -12074.1402241142 -11314.505182014 1371.94348463092 2508.23956363208 1666.36159565926 -58.7707053985728 1668.50922949901 77358.3934148581 42.6091117289495
452520 770.728423750134 -12083.5654802739 -11312.8370565238 1742.94379253725 3208.76946890452 2026.42774159586 -6.36583288865097 1633.46334812156 77295.1732213204 42.5975013084231
452530 778.777844496341 -12090.1765053834 -11311.3986608871 -296.403538524412 1373.10554158356 -414.11892038613 -1848.19723677068 1512.61473747447 77565.9810583033 42.6471908765376
452540 778.121898577876 -12088.0063359532 -11309.8844373753 -1799.36760119832 -65.0585307456344 -2467.62281739121 -2865.42145545813 1153.27112668246 77789.1742435964 42.6880569325264
452550 770.512416925262 -12079.2961164544 -11308.7836995292 -630.797040894545 1009.26347640227 -1688.47835444589 -1213.17624464001 705.041886927505 77671.7609006003 42.6665686325615
452560 765.09027672231 -12072.6658959416 -11307.5756192193 1548.86298736919 2814.23559129878 439.611504945792 1392.741865863 233.406309347394 77433.35893713 42.6228709903351
452570 766.074620403764 -12072.4935717497 -11306.4189513459 1273.75602944483 1939.7572835683 442.376608417689 1439.13419634849 -372.676198081583 77481.109887151 42.6316306273815
452580 770.802573336949 -12075.9963664591 -11305.1937931222 -1001.0941151337 -997.102074804141 -1327.94073676403 -678.239533832915 -764.642628883441 77773.0808083709 42.6851128859294
452590 773.210343836735 -12077.087179217 -11303.8768353803 -1956.11731985204 -2431.88733349492 -1904.4273458154 -1532.03728024579 -745.886485908622 77878.1449379714 42.7043254302613
452600 772.130207377196 -12075.0255989475 -11302.8953915703 -38.8864483885049 -633.535427991919 22.1539751973698 494.722107629031 -747.086261213055 77608.7342941084 42.6550249402707
452610 770.291577841244 -12071.9028234479 -11301.6112456066 2138.01298762369 1711.03869863758 1981.88474233416 2721.11552189935 -1070.72888220969 77329.255715861 42.603761361964
452620 770.617851565113 -12071.2629932099 -11300.6451416448 1132.55197831119 780.721391655406 652.968549725548 1963.96599355261 -1487.5809867429 77448.7021121401 42.6256860000791
452630 775.122247989587 -12074.6593610446 -11299.537113055 -1554.42183906383 -1947.71479805008 -2464.56347626412 -250.987242877272 -1649.79726870614 77790.1605041166 42.6882373405232
452640 780.776491980696 -12079.2904517303 -11298.5139597496 -2136.48255416467 -2529.02431241513 -3335.01724595356 -545.406104125315 -1599.7753101335 77836.7140110047 42.6967512315664
452650 782.724689671077 -12080.6274671179 -11297.9027774469 489.570702500831 125.085819024349 -753.112498662681 2096.73878714083 -1369.3401442017 77475.9319856944 42.6306809451511
452660 780.508432116501 -12077.5608929215 -11297.052460805 2652.18469651769 2588.22231881025 1525.71060684529 3842.6211638975 -767.766359998281 77209.9801737817 42.5818455441115
452670 774.582811395557 -12071.4700773331 -11296.8872659376 1184.63577051274 1482.73434072508 209.469566393852 1861.70340441928 13.4717247953404 77448.2167143051 42.6255969499149
452680 771.225881606068 -12067.5660809748 -11296.3401993688 -2030.64286549344 -1593.1103178281 -2782.93208759563 -1715.8861910566 785.073098081468 77906.1417523873 42.7094421496112
452690 773.785767871873 -12069.5846670799 -11295.7988992081 -2551.16888905409 -2095.93423279041 -3119.74701268118 -2437.82542169069 1399.70683726605 77961.5500442086 42.7195649990629
452700 776.315604815021 -12071.9315480481 -11295.6159432331 379.958517881218 750.914690725473 -244.728841300271 633.68970421847 1889.17856152409 77539.0041769265 42.6422461761395
452710 773.845591331893 -12068.7219345649 -11294.876343233 2763.03399493851 3012.4260845561 2107.18230863218 3169.49359162725 2180.57377535468 77230.0244815948 42.5855300840619
452720 767.574763144196 -12062.2690178957 -11294.6942547516 1283.41916325288 1425.42441322888 767.694388348343 1657.13868818142 2234.36106422861 77449.0800383402 42.6257553334438
452730 769.270202691922 -12063.3303360222 -11294.0601333303 -1834.74123556231 -1906.58035474528 -2026.49668352953 -1571.14666841213 2212.54035834144 77859.7985366132 42.7009717627009
452740 779.998426216434 -12073.3922276391 -11293.3938014226 -2245.89018986053 -2552.29022512945 -2126.84345963986 -2058.53688481227 2272.67561329082 77877.8359437125 42.7042689513914
452750 786.094500899522 -12079.1539906576 -11293.0594897581 360.988974420883 -53.223223510021 635.354753078043 500.835393694625 2286.12022738803 77505.3913294291 42.6360835379651
452760 779.734805164686 -12072.238938544 -11292.5041333793 2251.81624881557 1911.67578632188 2274.80939545743 2568.96356466742 2069.54424976433 77274.7412261487 42.5937476085698
452770 774.967768098061 -12067.3981461494 -11292.4303780513 824.456165104906 643.50801635816 425.247823398866 1404.61265555771 1639.32554180927 77471.0174717874 42.6297795318603
452780 782.164097862358 -12074.2879630007 -11292.1238651384 -1630.74166289215 -1675.94585385292 -2411.27650538494 -805.002629438591 1380.71377932019 77766.3953448242 42.6838897637363
452790 791.259049840308 -12083.3350797121 -11292.0760298718 -1580.80545196061 -1448.57624280513 -2752.27059717698 -541.569515899739 1400.28455320617 77724.4217395739 42.676208986111
452800 789.110726254552 -12081.4627663348 -11292.3520400802 700.877971030782 1013.40313862791 -700.653360452793 1789.88413491723 1382.41103166571 77417.3626615262 42.6199357603703
452810 782.959369529304 -12075.6756050875 -11292.7162355582 1816.76957624047 2031.79292577644 840.174521747079 2578.34128119788 1195.07657615446 77282.1181287187 42.5951029454852
452820 783.223263704973 -12076.7463196872 -11293.5230559822 384.885916926268 402.114328795345 64.803225632667 687.740196350811 899.49960481289 77486.6747251703 42.6326512307255
452830 786.511527084736 -12080.8343053629 -11294.3227782782 -1395.21746298394 -1200.6472735248 -1185.74458838036 -1799.26052704665 748.34587936985 77735.3141711459 42.6782024649626
452840 782.492072626299 -12077.9840556243 -11295.491982998 -1073.33985011057 -347.910891271518 -640.907320999906 -2231.2013380603 793.235124761688 77704.2680910944 42.6725200740787
452850 774.890463594911 -12071.7778913636 -11296.8874277686 803.79506017454 2162.17291703313 1313.1537857264 -1063.94152223591 979.793767652297 77485.5034687927 42.6324364238295
452860 773.791866628937 -12072.1693525804 -11298.3774859514 1341.53565948 2966.47558142947 1912.10715309224 -853.975756081706 993.390646354865 77429.7199427656 42.6222032900948
452870 777.521605424117 -12077.6876498092 -11300.1660443851 5.01084369442733 1273.30687988565 911.812558801789 -2170.08690760415 759.940224883268 77624.020777869 42.6578253232682
452880 773.060205514838 -12075.121648388 -11302.0614428732 -1163.0604292313 -581.807447340632 43.1139902848212 -2950.48783063807 304.828357407295 77808.2871132484 42.6915528108118
452890 761.806787472176 -12066.0528665185 -11304.2460790464 -632.88918398391 -683.280742497492 669.292621238787 -1884.67943069303 -270.676073021488 77766.1871889221 42.6838516799707
452900 761.060345917016 -12067.5512930126 -11306.4909470956 639.651349577152 377.45283439634 1990.43491184591 -448.933697510793 -741.533233007956 77606.7408718233 42.6546597313541
452910 769.202786607838 -12078.0338445235 -11308.8310579157 755.003258149431 794.308926401537 1948.81786984447 -478.117021797724 -863.135144409922 77569.8990858793 42.6479089321176
452920 770.343545626116 -12081.79995184 -11311.4564062139 -288.350836781899 -74.8296240051953 751.749573880039 -1541.97246022053 -558.993641225952 77674.2162675374 42.6670182210041
452930 763.410449305742 -12077.7146324047 -11314.304183099 -912.399132919122 -970.232677648238 -127.728167060774 -1639.23655404834 -29.2420044795029 77721.768238282 42.6757233272415
452940 764.790821643069 -12082.1595807868 -11317.3687591437 -417.410574985123 -740.469732531528 131.682187036617 -643.444179460466 238.012417678859 77592.1626685668 42.6519887123477
452950 775.679697171846 -12096.2016594281 -11320.5219622563 609.110440377596 501.981235867921 750.576926655098 574.773158609758 49.0911151450051 77385.2607802572 42.6140440188459
452960 777.293627081517 -12101.1580701941 -11323.8644431126 1042.45181861557 1222.43851432603 654.135509770463 1250.78143175024 -199.956056017817 77303.0742301635 42.5989526787717
452970 765.561945880209 -12092.9126591086 -11327.3507132284 216.142731791356 360.136566908516 -425.882223182665 714.173851648214 -315.070504647072 77421.7893686757 42.6207480776249
452980 754.144471414493 -12084.5722510208 -11330.4277796064 -877.572557445338 -1013.54309414385 -1348.91555765018 -270.259020541982 -298.85721077538 77582.8335978051 42.6502792640601
452990 754.897386657674 -12087.840228455 -11332.9428417973 -935.340355434271 -1314.86926097873 -1062.88788554086 -428.263919783229 -306.052196944428 77572.686438706 42.648419754602
453000 763.060122217093 -12097.9628918682 -11334.9027696511 154.38332781478 -382.994288612238 270.076947509227 576.067324547364 -317.369434459459 77379.6591407839 42.6130157684674
453010 767.043255940142 -12103.3391140892 -11336.2958581491 1135.95174775399 384.876836883384 1239.92845868819 1783.04994769042 -408.660325246914 77216.3928683524 42.5830243934851
453020 763.744208734829 -12101.1633051081 -11337.4190963733 711.079374950056 -9.20217454687039 599.656296084297 1542.78400331275 -401.986520610377 77270.7465248349 42.5930136376808
453030 760.149686568486 -12098.2909315867 -11338.1412450182 -668.834415589137 -999.219029873949 -1219.63600266119 212.351785767722 -297.00185779549 77464.5966017757 42.6286017673906
453040 761.134125051253 -12099.586356696 -11338.4522316447 -1143.28226014825 -999.30621513088 -2086.75227847581 -343.78828683805 -90.1680462562547 77535.7697147363 42.6416532416448
453050 760.175654968718 -12098.7126830889 -11338.5370281202 33.1214418973029 410.258274681374 -974.191672086576 663.297723097114 -137.802887457057 77388.0410326767 42.6145543502232
453060 756.314580192465 -12094.5326301854 -11338.2180499929 1273.61037162234 1739.11742637539 131.084734368873 1950.62895412277 -459.866832916187 77241.1337983842 42.5875719214812
453070 756.960977796638 -12094.6764991696 -11337.7155213729 546.827749709594 938.440117801727 -700.367595692158 1402.41072701921 -870.008329844947 77329.0965879222 42.6037321386413
453080 762.101396742216 -12098.9882112403 -11336.8868144981 -1016.95235160325 -726.30702117216 -2365.71891647521 41.1688828376167 -1134.53705555723 77534.1900049708 42.6413636467315
453090 764.594686216381 -12100.5245698255 -11335.9298836091 -1272.98649915448 -1159.17237240518 -2667.45421986737 7.66709480912714 -1029.74619004292 77554.643816493 42.6451129678658
453100 761.483679367278 -12096.4413603914 -11334.9576810241 463.664503774774 265.08685875597 -789.909713851758 1915.8163664201 -645.262050636215 77324.5398464161 42.602895291036
453110 757.269240619373 -12090.9519968467 -11333.6827562273 1833.17330253261 1257.14817648686 788.070728323801 3454.30100278717 -206.759730368244 77160.5136868092 42.5727498965586
453120 756.890759914794 -12089.360401315 -11332.4696414002 420.135833844341 -273.281941879811 -391.291729174089 1924.98117258694 -142.345754184393 77339.43385809 42.6056304610314
453130 760.832846685676 -12091.652009494 -11330.8191628083 -1815.12469984258 -2406.1159955045 -2398.67864172976 -640.579462293495 -362.062306544058 77637.2782887588 42.6602537141404
453140 766.765720542011 -12095.9939518841 -11329.228231342 -1638.23618709736 -2131.6185962719 -2053.36479531261 -729.725169707545 -604.825218198459 77612.8822305862 42.6557848512245
453150 771.754649039729 -12099.4457965975 -11327.6911475578 989.11440633616 531.827066056241 726.896307678511 1708.61984527374 -685.199800991463 77240.173460708 42.5873954239022
453160 776.911646720784 -12102.8361721518 -11325.924525431 2716.30385320071 2421.41381371597 2463.74003282402 3263.75771306215 -529.329808448437 77007.152788163 42.5445259374582
453170 774.546969225182 -12099.4322596004 -11324.8852903752 598.91118050904 585.756159974329 307.42465333658 903.552728216198 -146.222807275685 77287.1062091054 42.5960193421529
453180 765.466256729504 -12088.844066883 -11323.3778101535 -2613.59439781625 -2207.41140829202 -3003.45354400881 -2629.91824114793 84.753029025918 77741.5010148323 42.6793346675128
453190 760.79938201273 -12082.9452768996 -11322.1458948868 -2492.37675052302 -1665.35081692075 -2743.2860343092 -3068.49340033913 69.2213643593948 77722.1846304312 42.6757995384276
453200 761.463661102764 -12082.3797341892 -11320.9160730865 1433.84739117068 2547.83213323041 1543.23332426288 210.476716018738 -150.639970679064 77203.1960447562 42.5805983426703
453210 759.530631989612 -12078.4521447488 -11318.9215127592 3762.13165795139 5004.38811716855 4262.545757988 2019.46109869764 -317.789957841956 76930.2184921783 42.5303531251501
453220 758.049920992989 -12075.8847076367 -11317.8347866437 823.420748685174 2053.55376456071 1496.2765646408 -1079.56808314598 -382.285142728522 77367.4014625162 42.6107655465246
453230 761.90046495577 -12077.3926260302 -11315.4921610744 -3261.54671881675 -2097.43647062738 -2649.87340981146 -5037.33027601141 -286.723174280011 77967.2507851198 42.720606227019
453240 765.439736896989 -12079.0227485594 -11313.5830116624 -2850.45473036753 -1825.45450824066 -2628.52324687935 -4097.38643598259 -105.747518707255 77926.1638767701 42.7131006567024
453250 767.18245889968 -12079.0411899703 -11311.8587310706 1224.09044141092 1816.73264615844 1178.38651463764 677.152163436684 -174.570465383211 77361.6435144016 42.6097084403905
453260 772.833324473154 -12082.359579291 -11309.5262548178 2938.838183988 3145.85147084877 2806.2638905792 2864.39919053602 -558.087757607862 77073.1459698085 42.556675661565
453270 777.141915109548 -12085.1634780076 -11308.0215628981 714.528839810788 1006.07907421844 268.895141917252 868.612303296681 -960.120749235318 77342.2904021783 42.6061550031155
453280 775.403700203405 -12081.6940773612 -11306.2903771578 -1821.20938051159 -1451.67387043196 -2522.3627100111 -1489.5915610917 -1214.6713973233 77704.250602146 42.6725168726349
453290 775.3150598586 -12080.1842904399 -11304.8692305813 -1459.26134168059 -1280.30993340259 -2127.66904967014 -969.805041969021 -1124.0220532984 77693.5488784594 42.6705577758141
453300 778.233411455413 -12081.8859421247 -11303.6525306693 796.737274908965 669.382390857728 427.911363309593 1292.91807055956 -788.762454436073 77428.5164156786 42.6219824565355
453310 774.087083824734 -12076.5481819793 -11302.4610981546 1660.05066460973 1550.30404699856 1605.76741642938 1824.08053040127 -367.212353873804 77343.1046517934 42.6063045199512
453320 771.136447590785 -12072.676747011 -11301.5402994202 128.338237356627 370.548873482466 189.497697500283 -175.031858912858 -0.255002629628693 77562.0799179539 42.6464758918491
453330 776.225828531154 -12076.6554782288 -11300.4296496976 -1540.24065509605 -997.588893036016 -1441.3627889884 -2181.77028326374 -174.402841400824 77773.8510956368 42.6852538073982
453340 780.193570266414 -12079.7433132797 -11299.5497430133 -851.277893999764 -59.2799438412545 -892.951276377705 -1601.60246178033 -613.284036863421 77687.1973558245 42.669394957694
453350 777.080603494637 -12075.7952194716 -11298.714615977 1182.15817370029 2093.31582410633 811.260338133 641.898358861565 -991.845911118096 77459.9790744133 42.6277547454179
453360 771.686368849562 -12069.6822687757 -11297.9958999262 1503.55510734249 2230.33128909043 831.088203221739 1449.24582971529 -991.151495596758 77469.1384105432 42.6294348669915
453370 768.294614095919 -12065.6198539039 -11297.325239808 -464.578414733161 -73.6036632983465 -1182.34351953756 -137.788061363586 -624.435247687397 77750.8402399033 42.6810436472598
453380 773.125434520119 -12069.4692057788 -11296.3437712586 -2000.55622102117 -2131.52278896947 -2251.78445926026 -1618.36141483379 -234.669574791652 77923.7938754796 42.7126676351304
453390 783.876779764159 -12079.5584876417 -11295.6817078775 -963.804430095241 -1770.35268301607 -569.722878239339 -551.337729030304 -166.897925679451 77707.920612887 42.6731886768521
453400 792.346367732199 -12087.2873978776 -11294.9410301454 1448.10566971938 256.907872050216 2161.01750032631 1926.39163678165 -372.576267394506 77325.6511830187 42.6030993915289
453410 788.153119381305 -12082.6352888839 -11294.4821695026 2113.05984225203 1003.69046837191 2826.47360243396 2509.01545595023 -544.821471109395 77239.5282863359 42.5872768484193
453420 772.8268716143 -12067.4002255974 -11294.5733539831 94.8256440204257 -460.706056314545 620.943367651681 124.239620724151 -580.390841673407 77554.1591543115 42.6450241336559
453430 760.767448442887 -12054.9911366998 -11294.2236882569 -1914.94214658761 -1734.6188031225 -1756.0535395994 -2254.15409704091 -555.042936155729 77874.0839261512 42.7035831347816
453440 762.167334530153 -12056.030559697 -11293.8632251669 -1481.41766212081 -800.603798708066 -1619.86217483085 -2023.78701282352 -394.059587050852 77813.6017620975 42.6925247957367
453450 773.489962503409 -12066.7404628871 -11293.2505003837 798.072479102807 1648.74404642548 557.754324912291 187.719065970649 -242.744328545725 77476.070015473 42.6307062618304
453460 785.86231017986 -12078.2193254574 -11292.3570152776 1994.1346965639 2570.70362883141 2041.01168541769 1370.68877544258 -166.195171470677 77306.1833833219 42.599523785393
453470 786.703120648825 -12078.6338049026 -11291.9306842537 589.945535829694 431.598656806092 1337.64126013491 0.596690548079549 -158.244170237331 77516.7458040554 42.6381654864237
453480 776.266957718478 -12067.7037805968 -11291.4368228783 -1266.81714587008 -2103.94860579336 39.7178544311232 -1736.22068624798 -146.16170903496 77835.5489650333 42.6965382047327
453490 768.346690326778 -12059.3126381227 -11290.9659477959 -1265.32830156226 -2431.25250830106 522.936549623792 -1887.66894600949 -1.32625961476136 77904.683340184 42.7091756393425
453500 769.44280569274 -12059.9069390446 -11290.4641333518 77.9459846669709 -1103.76457987589 2250.0544468417 -912.451912964906 179.958770469294 77724.6200159674 42.6762452753382
453510 776.530263917975 -12066.1964215135 -11289.6661575955 1069.35355862679 184.086890718124 3260.76235588621 -236.788570723943 285.467078779457 77562.194933044 42.6464969716768
453520 782.483090014056 -12071.3618920898 -11288.8788020757 610.873194141016 23.7254546187156 2542.7274544131 -733.833326608757 339.931911259327 77607.6836740366 42.6548324600987
453530 780.184647774826 -12068.2602301398 -11288.075582365 -699.663563044232 -978.619883403889 722.906335746467 -1843.27714147528 241.910050618601 77767.4482723411 42.6840824040965
453540 775.060462760744 -12062.3011185598 -11287.2406557991 -1094.46856688716 -949.036580442612 -307.067512726852 -2027.301607492 101.003921542051 77790.7845865539 42.6883514976685
453550 776.343808574143 -12062.6961516585 -11286.3523430844 -77.9307331583116 376.39780071389 153.365700546768 -763.555700735573 -295.942366250942 77603.0175950745 42.6539775842414
453560 784.706287795949 -12069.8849467652 -11285.1786589693 948.835001726357 1238.51830446465 966.120329995803 641.866370718621 -765.451566091557 77401.4377297662 42.6170132199622
453570 790.541408774572 -12074.5330406191 -11283.9916318445 592.883806909182 631.43521098266 735.812901415093 411.403308329802 -983.104590161369 77379.4559578609 42.61297847079
453580 793.566877690245 -12076.4687315591 -11282.9018538689 -253.646538025799 -282.327932784817 97.9859896737475 -576.597670966321 -950.165702412979 77478.1984408449 42.6310966423522
453590 798.353456124239 -12080.3306844943 -11281.97722837 -479.947536039747 -535.414209040114 -81.6850949315775 -822.743304147562 -755.700921940308 77536.0000128243 42.641695459929
453600 797.711635918605 -12079.0863048256 -11281.374668907 10.5721039396885 -114.824620883265 438.120676955076 -291.579744252725 -815.267088629519 77502.5451592802 42.6355616343419
453610 791.596775804063 -12072.7324964193 -11281.1357206153 611.373068061687 175.752943599351 894.468750232626 763.897510353083 -1031.5008091286 77473.7873146888 42.6302875772725
453620 785.887061744489 -12067.1282458735 -11281.2411841291 106.155454148569 -373.623479119949 -111.043678045094 803.133519610752 -972.317337159216 77556.8040882956 42.6455089217171
453630 786.97524100801 -12068.5499649812 -11281.5747239732 -692.301815971005 -941.466046429462 -1311.271784697 175.832383213441 -849.171839505698 77663.4994935533 42.6650558631647
453640 791.492692700091 -12073.7547904556 -11282.2620977555 -478.314651416361 -489.892460189721 -1136.84561868585 191.794124626491 -808.868864107111 77642.6449915754 42.6612366595919
453650 788.9568114277 -12072.3226964047 -11283.365884977 494.016617293728 679.420792427608 -156.146380500981 958.775439954559 -1065.18881896521 77525.9566819876 42.6398542371533
453660 782.056842407658 -12066.9352473431 -11284.8784049354 1002.96024964938 1305.73205512393 235.924434914906 1467.22425890931 -1279.91481723524 77500.6069454337 42.6352062157999
453670 777.53930489263 -12064.2983583562 -11286.7590534636 0.179691377633386 55.756618174195 -537.238474203332 482.020930162046 -1147.78602341487 77673.9191139951 42.6669638113927
453680 777.270174889243 -12065.9641638674 -11288.6939889781 -1501.47127254775 -1656.58476107561 -1747.57513474823 -1100.2539218194 -822.290010701245 77866.3337227904 42.7021664356831
453690 780.126815167493 -12071.0867673285 -11290.959952161 -1152.04345590906 -1317.42677218217 -1225.4994032174 -913.204192327606 -564.754992983215 77776.4214586322 42.6857240399448
453700 783.587474347189 -12076.9446109947 -11293.3571366476 1055.77069472694 1267.67144158027 837.766814019399 1061.87382858116 -674.222234125839 77429.5714101099 42.6221760361622
453710 781.441629195053 -12077.1753782895 -11295.7337490945 2504.87133215879 3267.29691646323 1952.71705679651 2294.60002321664 -793.722366207602 77247.1365983954 42.5886751249275
453720 774.465597199535 -12073.1427325893 -11298.6771353897 532.74325364363 1468.99849942504 -135.593475974026 264.824737479881 -736.884806660472 77550.8748884162 42.6444221475643
453730 767.541509477406 -12068.4324513803 -11300.8909419029 -2681.41101448703 -1917.87650810461 -3264.51320290241 -2861.84333245405 -433.853642428477 78021.9466295112 42.7305937256907
453740 764.859327682833 -12068.0214510837 -11303.1621234009 -2582.16139659868 -2013.82214766372 -2898.15601410356 -2834.50602802877 -342.188343835649 78009.1934530584 42.7282654043238
453750 769.91588923929 -12075.2879828804 -11305.3720936411 1070.11038581374 1320.12841180659 1306.49417454081 583.708571093834 -440.032626331845 77459.3149451377 42.6276329172553
453760 774.03126458388 -12080.5802577285 -11306.5489931446 3500.23217281439 3318.31964440881 4297.52530173878 2884.85157229559 -529.710812909818 77072.8479466823 42.5566208093866
453770 769.751672950265 -12078.2940233934 -11308.5423504431 1259.51872324243 651.291556455333 2216.69509722436 910.569516047601 -690.077921871778 77348.2681462257 42.607252643776
453780 760.559147940493 -12070.2515790047 -11309.6924310642 -2515.5073294782 -3145.17748651014 -2179.45903594171 -2221.88546598275 -576.185914586043 77885.6550881106 42.7056981114202
453790 755.975360324934 -12066.591112944 -11310.6157526191 -2824.38840665929 -3233.26318882677 -3244.67603048471 -1995.22600066638 -374.396330847608 77940.0572872687 42.7156389371617
453800 759.488604530787 -12071.0496544634 -11311.5610499326 633.993252545766 412.040167929578 -135.381486323986 1625.32107603172 -306.746180109113 77455.3867547537 42.6269123140649
453810 768.013890872053 -12079.4843272548 -11311.4704363827 3063.98019450493 2778.50696577319 2345.84549949428 4067.58811824733 -512.783239893085 77115.3479787421 42.5644416587575
453820 774.799309008539 -12086.7443523405 -11311.945043332 1233.76655431246 942.416698482506 452.681490991377 2306.20147346351 -625.367496659355 77357.0340579356 42.6088621489203
453830 774.18677764912 -12086.1579944243 -11311.9712167752 -1954.4743671077 -2027.6690836583 -2919.76705206363 -915.986965601154 -709.833713225523 77800.3838013416 42.690107308905
453840 767.0930230493 -12079.0906173152 -11311.9975942659 -2137.70356338756 -2202.00802875576 -3033.44556200374 -1177.65709940317 -1001.99867664764 77840.0512593173 42.6973614304357
453850 763.575409726063 -12075.6755601386 -11312.1001504125 481.598509730402 234.384620050148 128.360095029914 1082.05081411114 -1264.34653531561 77497.5350222304 42.6346428919976
453860 765.810362321994 -12077.4646218324 -11311.6542595104 1927.40472374121 1594.48234002407 2179.1839980657 2008.54783313386 -1292.33104808871 77295.9250669876 42.5976394224503
453870 768.849675662696 -12080.1353313021 -11311.2856556394 571.333472405471 358.773163695572 1103.94286897134 251.284384549485 -916.300697075677 77460.2885822596 42.6278115214338
453880 771.118957420819 -12081.7120589312 -11310.5931015104 -1244.93465009782 -1432.75592426134 -601.386944063719 -1700.66108196838 -533.312932081552 77689.0024887817 42.6697254425837
453890 770.849973065078 -12080.6925005736 -11309.8425275085 -1088.07703879349 -1593.61608593409 -255.405490416872 -1415.20954002947 -167.753142177261 77658.3903052518 42.6641202516869
453900 771.80151620395 -12080.7733309379 -11308.9718147339 591.327122894208 -336.529574079408 1638.82712166795 471.683821094099 311.016160355164 77453.3824794254 42.6265446322755
453910 775.070298606225 -12082.985136255 -11307.9148376487 1291.15771771223 214.472067025845 2456.43780587183 1202.56328023902 801.573904130749 77391.8832023545 42.6152595825252
453920 774.763033694804 -12081.6487939586 -11306.8857602638 215.228521883363 -708.701216626414 1138.67219959911 215.714582677391 1249.82383535289 77565.8242330457 42.6471621347227
453930 770.893547856349 -12076.5132614523 -11305.619713596 -1039.40016315297 -1759.4296496516 -645.296602743915 -713.474237063397 1347.03203753963 77751.1775284635 42.6811053649506
453940 772.047893447269 -12076.2938559342 -11304.2459624869 -798.953900997577 -1320.30427990376 -1081.59813619478 5.04071310579268 1152.74668654502 77725.7811357477 42.6764577862337
453950 777.653827825185 -12080.346322524 -11302.6924946988 523.342483325304 107.458887082495 -297.469100897566 1760.03766379098 964.169322186589 77558.0209476836 42.6457319553034
453960 779.689187963989 -12080.674688561 -11300.985500597 972.55500654728 428.922590705195 -38.7481714382716 2527.49060037493 934.138424435219 77497.6142919618 42.6346574285268
453970 779.006421563953 -12078.2918617041 -11299.2854401401 4.26413236401125 -521.612939883678 -1134.62230128395 1669.02763825966 988.769779399897 77621.396699415 42.6573446355439
453980 779.448854173957 -12076.8951875834 -11297.4463334094 -956.943151299313 -1268.72220579556 -2218.78829266219 616.681044559811 1145.01286172863 77742.3255556129 42.6794855552928
453990 781.627424755598 -12077.2368233343 -11295.6093985787 -527.460991192091 -537.209363951116 -2070.34350922961 1025.16989960447 1560.83911777389 77680.6930388078 42.6682041007402
454000 782.541884463324 -12076.2482212173 -11293.7063367539 662.490836159636 709.24255210813 -1018.08605086874 2296.31600723952 2048.64481781189 77520.1335043052 42.6387866133738
