# Fix print output for fix setl_out
210000 357.721943149965 -13067.6351138484 -12709.9131706984 -442.29148541172 -639.185404727023 32.8703873989332 -720.559438907068 -607.060590804254 68604.3090003909 40.937105432244
210010 356.658686443245 -13066.5298161776 -12709.8711297344 235.967630768311 110.535976720899 502.44927549561 94.9176400884196 -595.904747151954 68551.9744651486 40.9266932126168
210020 356.53902520081 -13066.2637772201 -12709.7247520193 173.083849591498 260.441372845304 179.602985036391 79.2071908928056 -580.066958069457 68557.0778663728 40.9277087931552
210030 357.818730891923 -13067.2894815664 -12709.4707506744 -474.290633604528 -209.276376357613 -585.587388021708 -628.008136434255 -436.81888556276 68604.3122321089 40.937106075047
210040 357.787538607237 -13066.9203136498 -12709.1327750426 318.91088417487 519.844871352544 342.741136209509 94.1466449625551 -153.493455513905 68532.5117883898 40.9228196631364
210050 354.586579098959 -13063.2783503287 -12708.6917712297 348.023115480198 413.958055949906 555.989110772757 74.122179717931 11.9818133411481 68547.5508580724 40.9258128708252
210060 353.200136044778 -13061.2796914326 -12708.0795553879 -678.759725634599 -660.353608838876 -413.977919155057 -961.947648909861 1.4413720998718 68653.2224105696 40.9468322155122
210070 356.315129482961 -13063.6128094708 -12707.2976799879 184.961199587799 283.838684401342 400.561109414639 -129.516195052586 15.3467768596946 68583.2577311172 40.9329178129189
210080 358.110092513338 -13064.4497619005 -12706.3396693872 545.996499440616 699.306610126269 740.574327906399 198.108560289172 156.068833369425 68556.962444876 40.9276858247508
210090 356.388455442377 -13061.6494763635 -12705.2610209211 -697.409067352993 -530.071539280819 -426.382669672115 -1135.77299310604 355.84272753819 68675.8338588648 40.9513271030961
210100 355.851701032866 -13059.9283945711 -12704.0766935383 15.7923952413212 284.564252958436 280.687144641818 -517.874211876289 464.9602793763 68617.4337743793 40.9397158416327
210110 358.414942953619 -13061.1696090751 -12702.7546661215 650.16202317094 1045.38135831779 737.29985292599 167.804858269037 347.660574986403 68551.4337263102 40.9265856022433
210120 361.688702370737 -13063.1004419316 -12701.4117395609 -694.106727236649 -320.92265848969 -885.109758392468 -876.287764827786 148.482402114485 68652.4328990973 40.9466752521701
210130 364.425807285865 -13064.5878164904 -12700.1620092045 33.9970202405531 286.195629650546 -407.39074484976 223.186175920869 -5.83154180866614 68582.463464806 40.932759796885
210140 365.154885427274 -13064.197043898 -12699.0421584707 886.061230366218 957.231070560366 339.374601421709 1361.57801911658 -51.564323338969 68512.8495429395 40.9189056498361
210150 364.207619354461 -13062.3447665036 -12698.1371471492 -932.521544000189 -1078.542108962 -1318.84064854626 -400.18187449231 -57.130163630436 68677.5812830826 40.9516744292213
210160 364.465601158016 -13061.8992888648 -12697.4336877068 -118.743276205889 -355.413850505991 -224.906648063833 224.090669952152 -126.877766829339 68616.3874980799 40.9395077581095
210170 364.863013775623 -13061.699031865 -12696.8360180894 1231.6281239241 960.240885746434 1419.37525899366 1315.2682270322 -297.182212566972 68505.2370297095 40.9173900837769
210180 364.360229899642 -13060.7880291949 -12696.4277992953 -1161.00853342258 -1506.11650521863 -747.806708251695 -1229.10238679742 -541.196638429574 68714.3081909916 40.9589730766231
210190 364.957214627841 -13061.126034662 -12696.1688200341 -326.319053994463 -752.17711360355 198.206019917224 -424.986068297065 -692.292242393335 68641.7383959894 40.9445489517718
210200 363.996480231453 -13059.8992025333 -12695.9027223018 1768.11191173301 1385.91697679881 2238.59723616981 1679.82152223043 -713.994263898771 68467.8114512009 40.9099374372599
210210 359.538160321445 -13055.3475509274 -12695.8093906059 -1342.50460487022 -1594.16621500332 -1103.86561063244 -1329.4819889749 -625.82782170601 68748.1692400663 40.9656998951548
210220 358.065540762299 -13053.7584979511 -12695.6929571888 -748.147579763255 -834.923959473243 -766.86648912906 -642.65229068746 -592.469032581024 68699.0743582771 40.9559460105164
210230 361.001573977207 -13056.3954384689 -12695.3938644917 2119.73840443276 2196.70061512617 1822.15601572391 2340.3585824482 -649.274355592276 68444.6116078162 40.9053162323433
210240 363.248961457515 -13058.5317112229 -12695.2827497653 -1239.21329928231 -1082.14783542923 -1753.43700907525 -882.055053342445 -635.446660862258 68724.9473662427 40.9610868877332
210250 364.282280947007 -13059.4393336213 -12695.1570526743 -960.638320717524 -760.076162210482 -1552.41751018199 -569.4212897601 -546.684930110504 68700.7097279823 40.9562709910324
210260 364.21733760347 -13059.18503194 -12694.9676943366 2235.27505421629 2459.91941090967 1773.52248345767 2472.38326828153 -383.152153535146 68430.8647326622 40.9025774828976
210270 362.318845604765 -13057.3559599174 -12695.0371143127 -1122.47410434021 -853.888919391157 -1464.80223250783 -1048.73116112166 -194.117007516986 68726.1631745269 40.9613284328926
210280 361.352350756407 -13056.3634125475 -12695.0110617911 -1245.65697351778 -976.7133300618 -1573.86556024436 -1186.39203024718 -83.5662784821293 68733.9940964218 40.9628841372831
210290 362.102660085034 -13056.9899048806 -12694.8872447955 2236.21551593243 2504.004503278 1942.25098365211 2262.39106086718 -79.8380585878337 68426.4330565132 40.9016944949313
210300 363.516877637666 -13058.4917696954 -12694.9748920578 -870.459159490468 -680.614375757749 -987.949262946624 -942.813839767032 -132.744196777248 68682.8533464746 40.9527222932416
210310 365.953226824319 -13060.9265705503 -12694.9733437259 -1318.87638396672 -1197.89618118439 -1253.51589301817 -1505.21707769759 -267.733863056723 68715.6594239599 40.9592415541957
210320 367.072754269432 -13062.069906089 -12694.9971518195 2168.67428267971 2276.51654750705 2315.36964146807 1914.13665906402 -425.514691796854 68423.9535700613 40.901200453775
210330 365.009669742982 -13060.3233478757 -12695.3136781327 -687.941759479116 -588.665236485266 -502.148167208389 -973.01187474369 -444.47306926844 68682.1086269071 40.9525742776289
210340 363.770461804864 -13059.2917548134 -12695.5212930085 -1466.21767656576 -1384.64445682202 -1287.48712273419 -1726.52145014108 -270.463835071732 68756.0594452435 40.9672670419175
210350 364.393948845362 -13060.1781699736 -12695.7842211282 1910.69847585156 1979.10053947792 1910.20269983258 1842.7921882442 -83.3676238799988 68461.4391063946 40.9086682261769
210360 363.33080040828 -13059.5631611964 -12696.2323607882 -374.895640920916 -377.872709933267 -660.103828111338 -86.7103847181379 -27.7358760073163 68652.9166016481 40.946771417564
210370 361.168554401023 -13057.7448252434 -12696.5762708424 -1423.73572040326 -1488.12859103577 -1917.90226314172 -865.176307032297 -108.498133809535 68740.0526309308 40.9640876550813
210380 360.555365497254 -13057.5063676653 -12696.951002168 1647.0194013118 1605.2662709432 1053.82167780056 2281.97025519164 -221.63447600111 68471.5813695954 40.91068827327
210390 360.794151836689 -13058.2047931087 -12697.4106412721 -130.499288407178 -115.848513598036 -659.105494107365 383.456142483861 -297.991728073748 68626.792676516 40.9415770468429
210400 361.678760816058 -13059.419913024 -12697.7411522079 -1426.59419346407 -1423.73281219731 -1758.43166627091 -1097.61810192398 -277.767042958503 68737.4594521109 40.9635725330807
210410 363.283358375473 -13061.4353400985 -12698.1519817231 1370.005896215 1311.10552552414 1256.23256486107 1542.67959825979 -231.059444171036 68488.6094409138 40.9140793267249
210420 363.328706585889 -13061.9919831755 -12698.6632765896 119.311405090223 -86.3368442180803 258.147829527459 186.123229961288 -185.676631543692 68594.8652801589 40.9352269481426
210430 362.764202639911 -13061.9085566982 -12699.1443540583 -1334.05447200418 -1713.56857745191 -1062.30037479161 -1226.29446376901 -211.217127578939 68723.7265300769 40.9608443408159
210440 362.566359879543 -13062.3296440834 -12699.7632842038 1073.88716839339 630.307915594118 1349.44172611661 1241.91186346945 -312.622117128753 68514.7887883709 40.9192917139234
210450 360.13436290856 -13060.6004738716 -12700.4661109631 292.217535969178 -4.9851931359465 459.285806155022 422.351994888455 -434.371889551459 68585.1107060854 40.9332864499669
210460 356.5606300874 -13057.6871786779 -12701.1265485905 -1190.69965152764 -1162.31585397297 -1231.87329631345 -1177.90980429649 -468.103418303393 68725.0914882433 40.9611155206624
210470 355.406048649257 -13057.2323690886 -12701.8263204393 767.189301725931 1084.04040304277 483.124231686662 734.403270448361 -338.068215285231 68561.2574136481 40.9285404885494
210480 355.181717502176 -13057.6534930802 -12702.471775578 321.87479752969 678.008474637167 -92.0608359091868 379.676753861087 -237.19251512482 68593.171420107 40.934889998158
210490 354.691821884539 -13057.7226606174 -12703.0308387328 -979.751010833196 -876.154609026015 -1301.89299736445 -761.205426109124 -292.72120602023 68704.4464904372 40.9570135407656
210500 355.4416645287 -13059.0127758717 -12703.571111343 587.09045978272 284.687687686644 594.282130135901 882.301561525614 -420.473565901037 68567.0217755662 40.9296874935171
210510 356.238767635761 -13060.2901927543 -12704.0514251186 339.164893788079 -257.094544366086 699.086066577888 575.503159152444 -534.797364131721 68580.0071562932 40.9322711166324
210520 355.571848793014 -13060.0460630189 -12704.4742142259 -830.370380097415 -1427.35799336945 -384.829412313598 -678.923734609198 -501.003797372106 68678.3371021834 40.9518246574987
210530 355.792274441784 -13060.6668167363 -12704.8745422945 421.240892600752 73.7092979120565 720.051757789262 469.961622100929 -288.672144583005 68565.0912728388 40.9293033651472
210540 359.193894489866 -13064.407996735 -12705.2141022451 310.567325763428 294.644460993848 368.572264634283 268.485251662157 -142.136729701428 68558.194203482 40.92793093833
210550 364.613497307666 -13070.1846627546 -12705.5711654469 -770.947019456732 -576.026439810953 -915.224304038869 -821.590314520371 -152.323964999651 68625.503901152 40.9413207580859
210560 368.776741553631 -13074.8623049938 -12706.0855634402 448.480842272923 568.856266674183 261.300909192092 515.285350952494 -266.626195519683 68500.7699229583 40.9165006806182
210570 368.117509392811 -13074.9405693916 -12706.8230599988 466.991784105456 277.59482937629 444.019685783602 679.36083715648 -377.603011084357 68497.7652853702 40.9159024340409
210580 363.705275803784 -13071.5051090915 -12707.7998332877 -738.903637400789 -1228.7687637606 -463.046280831651 -524.895867610108 -352.055210348996 68615.4107663062 40.9393135036988
210590 358.565628737613 -13067.5268663913 -12708.9612376537 269.674286059317 -367.491501175854 756.710620840426 419.80373851337 -150.016280440955 68545.1705991515 40.9253391599607
210600 352.916646075368 -13063.0646574646 -12710.1480113893 474.488816843536 -98.1087079420731 1027.38477999489 494.190378477778 53.6036410230452 68546.1183620388 40.9255277817532
210610 349.333688074385 -13060.5422679705 -12711.2085798961 -794.357779615836 -1159.56822391855 -220.626391405454 -1002.8787235235 87.1977813315844 68661.1193019492 40.9484021359414
210620 352.331667205622 -13064.4483678146 -12712.116700609 126.704952178168 -73.0531195137073 679.836586212587 -226.668610164372 3.55672054911046 68567.803779765 40.92984309342
210630 357.049089342704 -13069.8931796587 -12712.8440903159 586.196109587177 383.645074806324 1133.19342871282 241.749825242388 -11.6751004719752 68507.7430068182 40.9178890081271
210640 356.180428751468 -13069.6777793119 -12713.4973505604 -524.276830531347 -911.931071646226 21.8499056461829 -682.749325593996 114.300197133541 68601.4239706831 40.9365315789752
210650 352.71237715196 -13066.7578188645 -12714.0454417125 20.1946661991187 -535.974274031332 452.540677676416 144.01759495228 255.101361839952 68565.2038745772 40.9293257706605
210660 352.717788505146 -13067.1427575875 -12714.4249690824 383.515453799025 -95.3845368337857 546.743455970199 699.187442260661 415.049385473476 68531.617636265 40.9226416873391
210670 356.308799631295 -13070.9595662121 -12714.6507665808 -472.826457646064 -657.901306390735 -558.630444992934 -201.947621554526 436.66576568772 68590.1343900427 40.9342858450823
210680 358.73874698031 -13073.5192617718 -12714.7805147915 91.0079398251678 182.690802757696 -70.8381711704445 161.17118788825 353.622466446236 68530.2663336135 40.9223727154417
210690 356.743952439406 -13071.5724927812 -12714.8285403418 459.493042588637 714.88456798467 302.42130409786 361.173255683377 250.491597135271 68499.1541715736 40.9161789741979
210700 351.863132876033 -13066.6400882351 -12714.7769553591 -390.006383418793 -75.6206112345011 -630.831285137344 -463.567253884532 229.007995665507 68588.3534950812 40.9339315652966
210710 348.178719382829 -13062.7038830684 -12714.5251636856 -33.6417925596879 302.265527312594 -398.463057129739 -4.72784786192388 286.173259898097 68579.8460630991 40.9322390668863
210720 348.010478726882 -13062.0023033174 -12713.9918245906 313.614454383279 606.205816168313 -62.9208598459273 397.558406827449 298.759833569246 68558.4622665932 40.9279842811109
210730 351.440034465672 -13064.591248453 -12713.1512139874 -359.521741599039 -186.444928518597 -619.750868820744 -272.369427457773 219.553482369571 68612.2243340842 40.9386797667311
210740 356.048955813271 -13068.0939156595 -12712.0449598462 -16.0769880594536 79.5762616746532 -178.631110491753 50.8238846387419 137.676630688277 68573.4931917262 40.9309751130445
210750 359.190175531323 -13069.9375843036 -12710.7474087722 372.016925790243 465.672913953273 271.671031672246 378.706831745208 139.573353982633 68531.0346621233 40.9225256488818
210760 361.770030160245 -13071.1479346856 -12709.3779045254 -315.262159265683 -209.817241188439 -338.441928527325 -397.527308081293 205.846746633057 68584.2435612916 40.9331139381031
210770 365.130071838974 -13073.1618237629 -12708.031751924 -100.971874047265 -3.45544760280448 -153.122465141269 -146.337709397714 216.173780925673 68556.4674628565 40.9275873250672
210780 367.032032045039 -13073.830206533 -12706.7981744879 461.658974718975 479.66813546446 313.462604175199 591.846184517267 147.631390274742 68503.8648977626 40.9171168957433
210790 364.331861216135 -13070.0921757939 -12705.7603145778 -191.972096579213 -293.406818321607 -384.933815924267 102.424344508238 97.2715675155181 68575.2567860785 40.9313260018713
210800 358.396128595972 -13063.2542169815 -12704.8580883855 -176.404441374544 -388.368223944951 -303.207687348134 162.362587169449 88.4373334970771 68604.9964064606 40.9372421599081
210810 352.667784132789 -13056.6727737041 -12704.0049895713 375.942488831163 144.127327196264 330.494859145447 653.205280151782 49.8227518153502 68590.3933528562 40.9343373609676
210820 349.347508573323 -13052.4439495099 -12703.0964409366 -290.308665253662 -492.634862911034 -287.334188750129 -90.9569440998254 -8.6587231911458 68670.0762245116 40.9501826473539
210830 351.939183870423 -13054.0248675383 -12702.0856836678 -296.13292156224 -388.678790232348 -294.108806134243 -205.611168320139 11.1447507151493 68672.0924009176 40.9505834137848
210840 359.677233840468 -13060.7095326164 -12701.0322987759 422.058413472622 477.223248176673 318.188269774079 470.763722467118 67.2689788015486 68587.9797905881 40.9338572221506
210850 365.826799637768 -13065.9161731367 -12700.0893734989 -79.3402447548599 62.9521285510155 -301.789392113299 0.816529297707909 85.7463140150816 68608.8127718215 40.9380012327855
210860 364.76812395786 -13064.1181511412 -12699.3500271834 -185.95487315429 7.6966352166799 -468.095760800006 -97.4654938795543 -82.1939702116434 68619.4249248208 40.9401118359658
210870 358.365578501452 -13057.1414887089 -12698.7759102074 421.537712998344 556.068232330945 241.339729148941 467.205177515148 -197.454117211545 68587.0849944901 40.9336792142105
210880 353.604874699132 -13051.8476683851 -12698.242793686 -257.325266011243 -210.413726592812 -238.469587132896 -323.09248430802 -171.776287026697 68663.3437531216 40.9488443402943
210890 356.188827797302 -13053.8334929988 -12697.6446652015 -445.900932161454 -330.514699052051 -434.065679804989 -573.122417627327 -152.491140429956 68671.7500041008 40.9505153542465
210900 364.963837778572 -13061.9807460744 -12697.0169082958 627.584189128444 911.722188903346 439.486820654837 531.543557827148 -246.247790132828 68553.5275230635 40.9270022776015
210910 372.418430010253 -13068.9361271194 -12696.5176971092 -76.7710440061164 274.303320806734 -410.091082150557 -94.5253706745196 -295.848355559187 68589.2678073893 40.9341134534707
210920 373.888675043788 -13070.1404851082 -12696.2518100644 -484.169448571324 -236.725219808148 -868.864604875527 -346.918521030298 -229.083138141709 68617.4461814556 40.9397183091404
210930 369.770748762155 -13066.0027451821 -12696.2319964199 765.438821527085 974.974863158905 268.986836490217 1052.35476493214 -155.870050925695 68524.1637101223 40.9211579663013
210940 363.859459190731 -13060.2525022606 -12696.3930430699 -180.496143767067 89.0245289531525 -761.886745334196 131.373785079843 -129.64214059932 68625.4541343882 40.9413108612914
210950 361.051301716883 -13057.6009145088 -12696.5496127919 -783.964295016449 -533.180027897555 -1271.75836867346 -546.954488478325 -125.253626894065 68693.1966429708 40.9547779488957
210960 360.65740321028 -13057.3623774072 -12696.7049741969 898.996205088702 1065.77581806091 597.313838323042 1033.89895888216 -85.8020492067759 68552.5344553662 40.9268046535374
210970 358.31515019016 -13055.1718681503 -12696.8567179601 37.1265078657911 69.1093335851278 -10.775186569293 53.045376581539 -52.1784692483226 68636.9007570396 40.9435870511225
210980 354.7963721844 -13051.6656330784 -12696.869260894 -1015.7147618925 -1095.40109259814 -874.110774861664 -1077.63241821769 1.61067856064374 68745.8629276795 40.9652417944341
210990 354.446205611952 -13051.2375234459 -12696.7913178339 879.566980553123 846.039506904575 1003.25783250554 789.403602249259 143.028339036059 68590.7320543575 40.9344047392015
211000 357.34559561879 -13053.9341533322 -12696.5885577134 129.56755330458 190.572250270354 85.1846382665582 112.945771376826 217.393622995556 68647.7540397864 40.9457450200955
211010 360.665643260143 -13056.912411438 -12696.2467681779 -1132.15951170072 -1003.93011796679 -1345.14449130078 -1047.40392583458 149.420883037227 68745.9500887821 40.9652591073505
211020 362.070114733435 -13057.9730797221 -12695.9029649886 1024.89847943005 1105.09224036331 856.390381392602 1113.21281653425 -3.01867474212844 68553.6923630361 40.9270350811677
211030 361.782822414037 -13057.3477036093 -12695.5648811952 219.835558975829 190.334957320064 214.319818841316 254.851900766102 -142.292875272807 68613.8491890403 40.9390029301919
211040 363.517506010592 -13058.6770404191 -12695.1595344085 -1390.62607418612 -1466.74489447667 -1275.86344601019 -1429.26988207152 -200.641317523613 68735.9960753684 40.9632818348927
211050 367.29100668525 -13062.1293458112 -12694.838339126 1154.47698685392 1068.38241228903 1349.57330285228 1045.47524542045 -127.377856963213 68500.2283470344 40.9163928499564
211060 368.512296733303 -13063.1242713159 -12694.6119745826 515.191085816113 435.8361329978 663.944955485537 445.792168965004 -54.5642967080585 68556.154261543 40.9275249988608
211070 367.866656565885 -13062.2716589264 -12694.4050023605 -1671.08465722177 -1706.68904638833 -1784.22048157225 -1522.34444370473 -56.7197834353697 68754.448906644 40.9669471676616
211080 367.120905907118 -13061.555605188 -12694.4346992809 1083.49470408762 1106.34882995129 725.447476252152 1418.68780605941 -106.810527118472 68525.4769925004 40.9214193859691
211090 363.390801656272 -13057.943793319 -12694.5529916627 764.645852345472 772.089479813828 334.925775047786 1186.92230217481 -148.497779575845 68569.1890281963 40.9301187214165
211100 360.932358592613 -13055.5275799933 -12694.5952214006 -1949.29861849683 -2123.37276530498 -2260.26866320167 -1464.25442698385 -188.528438683183 68810.2939903651 40.9780358244468
211110 364.040303424746 -13058.8584786257 -12694.818175201 976.00817124062 600.223177913401 914.678479195702 1413.12285661275 -252.221769412223 68549.730958715 40.9262467372628
211120 365.636690731716 -13060.6476256478 -12695.0109349161 1110.04825431167 701.240272387864 1236.16883819225 1392.73565235489 -252.294735611817 68534.100798419 40.9231359425519
211130 361.479606487185 -13056.71217727 -12695.2325707828 -1932.67698130321 -2250.78497996255 -1728.50710492222 -1818.73885902485 -168.239152581559 68807.3811820821 40.977457602597
211140 357.168861301943 -13052.8084800521 -12695.6396187502 746.614244099681 541.271909425547 969.166557247707 729.404265625788 -58.0203096739764 68589.6464004772 40.9341887681878
211150 356.578208142488 -13052.4923373433 -12695.9141292008 1152.76444800418 978.700220950626 1310.88496477514 1168.70815828678 -2.44866694897505 68558.2334573324 40.9279387495945
211160 360.734347366032 -13056.8305896738 -12696.0962423078 -2014.75641306258 -2204.52687781803 -2003.62746742655 -1836.11489394317 -41.2192428438605 68811.108292567 40.9781974687359
211170 366.652604993121 -13063.1325492816 -12696.4799442885 715.330076758643 457.626415395936 612.357945513037 1076.00586936695 -131.330580929771 68549.4542668536 40.9261916727402
211180 367.699181483496 -13064.5403757478 -12696.8411942643 1452.10879942934 1135.41027991001 1310.06511553569 1910.85100284232 -273.754396062329 68477.9363036875 40.9119538916949
211190 364.11449967138 -13061.5133436431 -12697.3988439717 -1884.65063948398 -2206.28015993067 -1950.573055472 -1497.09870304925 -475.757998366014 68777.7336377137 40.9715713371919
211200 361.636689825748 -13059.8745068422 -12698.2378170165 324.861574885627 45.9383436521989 398.395438725256 530.250942279433 -749.002654972285 68593.5128883572 40.934957924949
211210 361.416409823143 -13060.464844682 -12699.0484348588 1409.48763491796 1266.26872626064 1589.41528580753 1372.77889268572 -962.186536296973 68494.9657542794 40.9153450100089
211220 362.088528327539 -13062.0977618662 -12700.0092335387 -1600.29674893492 -1629.11265718022 -1315.89717190488 -1855.88041771966 -979.697259755309 68749.2059821539 40.9659058189499
211230 361.074803088606 -13062.2325252574 -12701.1577221688 172.475527853528 217.019882823873 459.527478598432 -159.120777861724 -811.658825494057 68594.7482605116 40.9352036702654
211240 356.617634534721 -13058.8582987908 -12702.2406642561 1401.2120786903 1520.28294800674 1514.40013794905 1168.95315011511 -566.725012896991 68497.3300375281 40.9158157713793
211250 353.368223912211 -13056.6798963831 -12703.3116724709 -1424.37386343076 -1195.07918415812 -1540.24117962576 -1537.80122650839 -391.094240379442 68745.8603886618 40.9652412901057
211260 355.597885133792 -13059.9194988576 -12704.3216137238 -122.606864918283 162.366537023624 -247.913232778082 -282.273899000387 -291.886402675306 68621.2665953226 40.9404780953346
211270 358.982601952025 -13064.0994691049 -12705.1168671529 1319.82948884414 1590.42121672705 1292.83641400967 1076.23083579571 -307.809941292484 68479.5814036898 40.9122815092221
211280 358.379031229637 -13064.3119979002 -12705.9329666705 -926.35938828479 -742.902873285222 -814.299038812109 -1221.87625275704 -298.96047645943 68672.6803323581 40.9507002786613
211290 356.312104775733 -13062.984702007 -12706.6725972313 -300.120752807354 -268.610820143765 -115.678858042115 -516.072580236184 -223.502943454629 68621.1192838313 40.9404487992311
211300 355.754513223287 -13063.0181767139 -12707.2636634906 967.605375924477 739.386304988452 1146.26106471895 1017.16875806603 -211.895157575788 68506.2124699246 40.9175842892619
211310 355.790625311424 -13063.5658606029 -12707.7752352914 -601.422571724968 -1100.80504456666 -503.080377017044 -200.382293591201 -291.050672095158 68632.7153367737 40.9427547990808
211320 357.649317077885 -13065.8196274074 -12708.1703103295 -285.177787237401 -869.958429978022 -214.934978100925 229.360046366744 -418.104175233643 68597.4296529871 40.9357370537468
211330 361.54132715174 -13070.0139979074 -12708.4726707557 695.030033180024 328.655774891657 706.707266094143 1049.72705855427 -491.296136143978 68502.5644038611 40.9168579672979
211340 363.089293173097 -13071.8849546316 -12708.7956614585 -321.741410684183 -346.198375940514 -427.160524683942 -191.865331428092 -416.016436863974 68586.0450720124 40.9334723333365
211350 360.040434300717 -13069.1700124793 -12709.1295781786 -200.943787260827 14.9583546916593 -418.973922862035 -198.815793612105 -282.1122755298 68584.0345098209 40.9330723486849
211360 355.96802929332 -13065.3978260192 -12709.4297967258 473.261433261709 768.967086867198 129.605338455214 521.21187446272 -238.21989517457 68537.5785367005 40.923828140779
211370 355.829963383312 -13065.4750983653 -12709.645134982 -286.127263344105 -50.7238761961904 -760.389443579659 -47.2684702564595 -372.905699325944 68607.8663562548 40.9378129938979
211380 357.978875237172 -13067.7331402993 -12709.7542650621 -219.112688707486 -64.6567910329369 -677.487309091443 84.806034001921 -472.384598179645 68598.0952866765 40.9358694596678
211390 357.327022253221 -13067.1016455853 -12709.774623332 502.029505720572 654.980440074174 192.996738963636 658.111338123906 -303.949000989367 68539.1402305182 40.9241389678481
211400 354.661034807609 -13064.3731029719 -12709.7120681643 -163.611555331496 34.0501814487053 -270.730586934161 -254.154260509037 68.6210505276067 68611.3413681081 40.9385041536303
211410 354.21666964143 -13063.7073676336 -12709.4906979921 -365.227842576863 -122.583573163255 -304.787990364874 -668.311964202457 418.25563054602 68635.9683967592 40.9434016583929
211420 355.864627550446 -13064.9591307698 -12709.0945032194 399.102135795963 647.601712185508 523.62123601175 26.0834591906287 614.981027194875 68564.921965232 40.9292696762443
211430 356.874527607858 -13065.395919692 -12708.5213920842 -55.7430493943595 118.400147414727 36.1018500871997 -321.731145685004 668.089802562194 68594.925222526 40.9352388720365
211440 357.919798744329 -13065.6806852494 -12707.760886505 -370.611387711087 -355.797402163573 -396.884341129937 -359.152419839744 541.941869625886 68609.1914881525 40.9380765577109
211450 360.406866889572 -13067.2248828671 -12706.8180159775 387.110980001498 377.776942052794 187.954797610186 595.601200341514 354.134807309192 68528.5066378953 40.9220224490836
211460 361.262587286764 -13066.9818360264 -12705.7192487396 126.555571738219 297.355651254534 -227.892764346026 310.203828306152 243.889912957206 68551.741132268 40.9266467779997
211470 359.264107584076 -13063.7366495532 -12704.4725419692 -358.87182965383 17.9623285020127 -798.072291970504 -296.505525493007 250.159458853391 68613.202171767 40.9388742471072
211480 358.102374159928 -13061.1882696093 -12703.0858954494 221.836615017179 696.598642381467 -235.905949102774 204.81715177284 365.438029992987 68584.9670857431 40.9332578778922
211490 360.006192231165 -13061.5712415105 -12701.5650492794 11.6724076734549 483.294342879286 -420.808652344524 -27.4684675143972 414.87518517516 68606.5062557011 40.9375424714199
211500 363.403832191707 -13063.3926088142 -12699.9887766225 -289.447708214326 -6.93362563352142 -645.98354939465 -215.425949614811 317.773087694933 68630.4048029604 40.9422953453033
211510 364.3881388441 -13062.8816903129 -12698.4935514688 299.532418441625 360.819773964805 28.8527085021825 508.924772857883 112.743988466164 68582.0113073666 40.9326698414668
211520 361.902293691304 -13059.0706667825 -12697.1683730912 71.2231905869795 -8.61974677833571 -149.241380081929 371.530698621198 -78.0302701311756 68611.7676747026 40.9385889419359
211530 359.229849178324 -13055.2280027584 -12695.9981535801 -319.682573951346 -340.61377619273 -543.760439261516 -74.673506399785 -222.81411418361 68664.7625452941 40.9491263806402
211540 358.508642662262 -13053.4630998341 -12694.9544571718 191.441206433986 314.439080368371 -47.0283208805099 306.9128598141 -344.124613709333 68635.7197209661 40.9433522108247
211550 361.936692998078 -13055.9575249971 -12694.020831999 2.89715014508286 269.998955308941 -132.161432036023 -129.146072837666 -419.11566386853 68648.2227247272 40.9458382040638
211560 368.155212945413 -13061.4028049055 -12693.24759196 -255.46983373674 141.815489179549 -249.507276099217 -658.717714290548 -401.775751502338 68659.8286134364 40.9481455522835
211570 368.930228136414 -13061.6336710743 -12692.7034429378 367.871857395319 777.863180805696 395.225435400923 -69.4730440206662 -310.995418985917 68610.9314669076 40.9384226278695
211580 362.798730259213 -13055.1719967264 -12692.3732664672 41.2831325336742 295.001960475346 1.26509311045114 -172.417655984768 -235.017412774369 68661.4902111584 40.9484758705977
211590 358.453857410322 -13050.5572175048 -12692.1033600945 -508.018673393562 -640.316857861759 -520.392628575044 -363.346533743887 -181.212621601329 68724.384418271 40.9609750456505
211600 360.655304335545 -13052.4917344299 -12691.8364300943 256.169643025744 -181.19441694668 336.297721045207 613.405624978714 -127.457293826704 68649.1779773894 40.9460281261427
211610 365.480776614606 -13057.0548605991 -12691.5740839845 222.713597343574 -254.850811181739 366.628152533952 556.363450678511 -119.539685608989 68632.4655576225 40.9427051305474
211620 367.062328849374 -13058.4611855531 -12691.3988567038 -434.883184937892 -804.175690218735 -253.272203525969 -247.201661068973 -154.369875168996 68676.5498159588 40.9514694107542
211630 364.731480609913 -13056.0679746801 -12691.3364940702 340.049902892609 132.421366958482 503.161061614634 384.56728010472 -128.973182661085 68615.8011677825 40.9393911477632
211640 360.788240509732 -13052.122512609 -12691.3342720993 203.580213397898 199.547136553629 281.869151284776 129.324352355291 1.79366559765074 68641.8830497126 40.9445777135593
211650 359.71187959642 -13051.0139711078 -12691.3020915114 -665.851374706752 -546.158582503581 -621.05572824801 -830.33981336867 149.654308155407 68721.5931649818 40.9604204923421
211660 362.827838597767 -13054.0885057835 -12691.2606671857 337.770357246967 439.91900060874 471.474322905904 101.917748226254 280.588815078825 68627.713548309 40.9417601715058
211670 365.742979062279 -13056.9670001895 -12691.2240211272 391.084277403747 435.739431987741 636.684318881662 100.829081341841 360.483946490996 68614.0833481306 40.9390495011048
211680 366.488002974436 -13057.7435802678 -12691.2555772934 -744.039254166969 -719.769119258851 -489.323883580187 -1023.02475966188 382.745784913476 68704.3923013364 40.9570027727856
211690 367.180287369715 -13058.585327889 -12691.4050405192 258.651247189548 259.945699175969 469.770827940936 46.2372144517369 324.427035184972 68602.9286886519 40.9368308802662
211700 369.673527259134 -13061.3161143165 -12691.6425870574 575.641524034817 562.665258106727 682.877733631701 481.381580366029 297.277280524861 68561.9326237911 40.9286748466208
211710 371.314337672418 -13063.3671609612 -12692.0528232887 -741.143642221198 -772.086930535886 -816.99154725142 -634.352448876294 275.766024590464 68673.1683137492 40.9507972756634
211720 367.76472089188 -13060.4311739557 -12692.6664530638 204.917483475513 156.680324106598 -48.7578213801318 506.829947700074 217.29891039923 68601.5774158582 40.936562100735
211730 360.501972712827 -13053.8802430299 -12693.378270317 660.271055591705 587.654573886734 433.186384207442 959.972208680938 131.412307056266 68581.7453179665 40.9326169234584
211740 355.950739103786 -13050.0112566411 -12694.0605175373 -939.86384640442 -1110.71441839848 -976.346965133667 -732.530155681104 34.8635463658193 68730.7880738905 40.9622472376278
211750 358.714575108105 -13053.4054318837 -12694.6908567756 3.83771474909582 -226.136653700594 46.7613540842386 190.888443863641 -177.373555778635 68633.9670818176 40.9430037065131
211760 366.039205812914 -13061.2653808962 -12695.2261750833 934.696393990826 804.360019332349 859.998802769379 1139.73035987075 -461.186105150968 68531.8846122638 40.9226948275262
211770 369.884887539208 -13065.7810714024 -12695.8961838632 -835.393435543658 -655.822888850284 -1038.60215642731 -811.755261353385 -613.163287308516 68669.0869641989 40.9499860037927
211780 367.02738812411 -13063.7685278219 -12696.7411396978 51.3954707941012 557.659789107033 -117.499722884689 -285.973653840049 -616.214005777237 68605.5750673891 40.9373572570449
211790 360.471407202016 -13058.1309206253 -12697.6595134232 930.062805285558 1596.31526318243 866.677523970824 327.195628703408 -613.138504296514 68556.0769428744 40.9275096126276
211800 356.160438368672 -13054.7152595462 -12698.5548211775 -1090.46280883336 -477.469328486641 -1044.18907446529 -1749.73002354813 -626.217700839148 68739.9605008307 40.9640693541198
211810 357.127739842694 -13056.5190571464 -12699.3913173037 -120.827734648614 347.419734721441 -81.3725102103042 -628.530428456974 -688.650640560547 68640.2021835143 40.9442435010961
211820 359.995589282613 -13060.0429749501 -12700.0473856675 1216.69488192618 1564.73668879326 1189.49640071405 895.851556271215 -680.200677301443 68504.4931793766 40.9172419854916
211830 361.211331716615 -13061.9316413645 -12700.7203096479 -983.139270937074 -781.891943540479 -1006.98622176414 -1160.53964750659 -513.694731329604 68680.1694411885 40.9521888526801
211840 362.523223812662 -13063.9174633808 -12701.3942395682 -259.261751208997 -94.3985842121891 -327.514572247193 -355.872097167606 -220.552255249589 68610.7624311883 40.9383890080499
211850 363.751362026354 -13065.7572308842 -12702.0058688579 1332.17946908297 1547.41359120593 1213.3944547149 1235.73036132808 23.9090114242674 68474.4143120875 40.9112524782853
211860 362.269314577874 -13064.9797038249 -12702.7103892471 -943.797270889419 -731.403341020637 -1055.4629384501 -1044.52553319752 85.6860097198633 68678.4955562741 40.9518561520447
211870 359.315994145504 -13062.7062302603 -12703.3902361148 -428.75995358981 -378.759819016425 -483.344499917181 -424.175541835829 20.4594573388079 68649.0054011753 40.9459938148971
211880 356.215948934168 -13060.1713040978 -12703.9553551636 1335.02622547949 1175.19618453899 1348.70925016787 1481.17324173162 -87.4578335851482 68504.4939054332 40.9172421300478
211890 352.883127815711 -13057.347172154 -12704.4640443383 -865.697023223143 -1160.57925730169 -757.304751697843 -679.207060669896 -101.519581841553 68698.4073986445 40.9558134708796
211900 351.544752025916 -13056.31637951 -12704.7716274841 -587.404941475193 -931.636282159484 -321.350202629439 -509.228339636655 -17.2123961032364 68674.953435072 40.9511521037561
211910 354.178649533444 -13059.0068624691 -12704.8282129357 1386.82082112303 1099.90428018488 1764.84410691696 1295.71407626724 194.769775216255 68495.2341498828 40.9153984518166
211920 358.323271742384 -13063.1391483254 -12704.8158765831 -795.152330429848 -1052.72288848225 -422.264538020963 -910.469564786325 384.257348033233 68663.3805577312 40.9488516566967
211930 361.705116974513 -13066.4215736655 -12704.716456691 -632.473086541715 -970.167808587321 -330.253668420427 -596.99778261739 405.756597865326 68635.3974927035 40.9432881376475
211940 363.169073664453 -13067.7056008653 -12704.5365272009 1535.40977729473 1062.17579395905 1739.64009540277 1804.41344252237 247.509537800865 68445.5543708687 40.9055040428119
211950 362.743611906991 -13067.2171773459 -12704.4735654389 -792.149233804204 -1304.84359261286 -732.016287575176 -339.587821224574 118.353221529603 68645.0628107962 40.9452099415747
211960 363.61530462626 -13067.9979796598 -12704.3826750336 -847.291617233301 -1217.73798393577 -967.024786685834 -357.112081078297 173.339944888921 68648.3415648665 40.9458618318001
211970 363.604515808789 -13067.8695129999 -12704.2649971911 1708.14088993651 1610.07097967438 1416.52281398919 2097.82887614596 297.659149843309 68433.6092161866 40.9031242875681
211980 359.74045299648 -13064.0333259152 -12704.2928729188 -696.102166981196 -527.625296228434 -1097.29601038907 -463.385194326083 294.524571333883 68652.7993280333 40.9467481023194
211990 356.562438821145 -13060.7323967085 -12704.1699578874 -1121.41504653465 -822.368320649509 -1514.78312428471 -1027.09369466972 205.983253718026 68702.6275132103 40.9566520865648
212000 356.498939646206 -13060.4025586671 -12703.9036190209 1761.8002906633 2012.96554885908 1522.44022649152 1749.9950966393 153.620749679778 68460.7090097839 40.9085228042353
212010 357.900027558218 -13061.4802808902 -12703.5802533319 -592.702035703873 -620.493063076706 -572.270998332266 -585.342045702653 178.749541838878 68660.4047271938 40.9482600817665
212020 360.629244226681 -13063.5606738652 -12702.9314296385 -1311.45714522712 -1726.45439032337 -1045.78488379221 -1162.13216156577 101.824272356539 68715.7447848023 40.9592585144924
212030 362.089548989841 -13064.0899810454 -12702.0004320556 1957.8094459804 1287.59720065718 2395.8823981046 2189.94873917942 -16.607160420373 68433.8478068799 40.9031718231457
212040 359.470049831851 -13060.4071260344 -12700.9370762026 -381.642591993579 -1003.63341250159 82.4691635419307 -223.76352702108 -95.486792236304 68651.3820537646 40.9464663309889
212050 357.934023735451 -13057.2541728936 -12699.3201491582 -1716.78102306421 -2197.61123107479 -1295.25882936853 -1657.4730087493 -136.763353292891 68781.150527253 40.9722498175073
212060 359.684685491817 -13057.0994938028 -12697.414808311 1954.80082023425 1442.03673923965 2373.23662370962 2049.12909775347 -94.6102659575265 68464.2871438203 40.9092354934546
212070 360.627433108846 -13056.0557695707 -12695.4283364619 -96.455545093185 -856.840952941299 336.962372956095 230.511944705647 11.0280954002806 68637.8585502913 40.9437774992563
212080 362.408697782944 -13055.6581088641 -12693.2494110811 -1930.19130963536 -2871.45953934419 -1559.36040406999 -1359.7539854919 108.398404458359 68798.8018444109 40.9757544226367
212090 366.61208196086 -13057.9768143614 -12691.3647324006 1931.03704465615 1049.33487563279 2163.71020367277 2580.0660546629 102.900150265674 68461.1004086435 40.9086007638849
212100 369.150614994563 -13059.0524227014 -12689.9018077068 182.840442685166 -477.954340039266 259.119508975369 767.356159119389 10.878357336932 68608.3817641911 40.9379155070256
212110 370.325815622726 -13058.911564215 -12688.5857485923 -2148.3817618728 -2575.20118421666 -2187.35041302857 -1682.59368837314 -32.4511718999767 68811.0440902908 40.9781847242124
212120 371.178293482125 -13058.9325655605 -12687.7542720784 1937.70991352938 1730.69150553808 1785.82188784069 2296.61634720938 -62.8987022045827 68466.6882358339 40.9097137266788
212130 368.159576766365 -13055.4541394574 -12687.2945626911 434.482826397914 381.059419232044 173.363700167789 749.025359793908 40.3387581220096 68613.8000242452 40.938993152
212140 364.054557893065 -13050.794145514 -12686.739587621 -2361.24677594002 -2432.44121601499 -2657.53625368103 -1993.76285812402 254.689763293926 68872.3485311843 40.990350402334
212150 363.853185466192 -13050.3512543013 -12686.4980688351 1721.75044681709 1454.57233497722 1581.57746532399 2129.10154015006 388.572223502232 68527.7767309342 40.9218771597894
212160 365.06478256061 -13051.3812406882 -12686.3164581276 621.827819229914 70.1321340131115 750.759307841942 1044.59201583469 293.637711570188 68619.4323626513 40.940113315166
212170 366.047604212048 -13052.0703705369 -12686.0227663248 -2201.20441016375 -2919.47065742529 -1885.41122636876 -1798.7313466972 165.483260597035 68861.1333861026 40.9881253309185
212180 366.675636511611 -13052.6860103002 -12686.0103737886 1435.5240986874 652.654080450491 1854.37164565356 1799.54656995816 184.409623168745 68545.4660107002 40.9253979523373
212190 366.426389947228 -13052.4869782289 -12686.0605882817 758.180532687972 77.7502065069105 1188.92115541824 1007.87023613876 216.75890530385 68606.5811124525 40.937557360437
212200 367.664276906398 -13053.7432799874 -12686.079003081 -1975.20872419842 -2486.76480364358 -1622.75701575374 -1816.10435319795 203.19284270469 68842.8370656259 40.9844948441287
212210 369.197286749029 -13055.5840723334 -12686.3867855844 1039.4871526686 591.494007321132 1302.3270440705 1224.64040661418 192.198872996977 68575.5671094488 40.9313877439071
212220 367.256846492185 -13054.0253364073 -12686.7684899151 868.57531891072 536.465604861581 1032.59978674367 1036.66056512692 216.919638883476 68592.3206918021 40.934720765503
212230 365.406667635526 -13052.6101421603 -12687.2034745248 -1646.24792603181 -1805.45242889227 -1609.96137165685 -1523.3299775463 255.526143416455 68812.6525696886 40.9785040142973
212240 367.593961859624 -13055.449341028 -12687.8553791684 580.437112566074 554.555571649595 452.788519417957 733.967246630668 271.620100700261 68606.7293232913 40.9375868395591
212250 369.839527958105 -13058.3926817252 -12688.5531537671 895.985332900898 933.263847756674 656.761115727796 1097.93103521822 212.662613065699 68568.1095857617 40.9299039410879
212260 368.358236622294 -13057.7781227129 -12689.4198860906 -1233.50566474856 -1113.85858905479 -1486.41883952691 -1100.23956566397 70.1600836877308 68747.2618491961 40.9655196621584
212270 365.063247539201 -13055.5347232507 -12690.4714757115 385.063779457429 557.879900575296 238.169712078088 359.141725718898 -65.263451122823 68612.3743643148 40.9387096060935
212280 361.684340827317 -13053.2142262587 -12691.5298854313 739.20772044655 788.390930386927 807.148635172008 622.083595780722 -154.589844021445 68587.3244590345 40.9337268526905
212290 360.747408519658 -13053.3040245061 -12692.5566159864 -1096.06047384645 -1311.68156509464 -753.710367000554 -1222.78948944416 -289.101435602916 68737.066253631 40.9634944250385
212300 363.311633500372 -13056.902097395 -12693.5904638946 286.403255164412 -178.602096640451 765.01354986943 272.798312264254 -426.598960530179 68605.3639368974 40.9373152627258
212310 364.919426970126 -13059.4844668697 -12694.5650398996 781.652707972846 202.234892220809 1158.38564292618 984.337588771551 -482.137046313681 68559.2962923952 40.9281502458237
212320 362.865056880929 -13058.4137299044 -12695.5486730234 -900.559348185822 -1463.91521044873 -660.304382536788 -577.458451571938 -459.2143701589 68709.379531939 40.9579937675315
212330 360.351436755863 -13056.8622951273 -12696.5108583714 83.7472799642046 -298.80093732285 188.377691030699 361.66508618476 -333.302788430766 68626.2366589046 40.9414664763282
212340 360.272994833241 -13057.6221431084 -12697.3491482751 674.085713409081 479.89641357119 730.25966572091 812.101060935134 -141.179494989792 68567.7326189561 40.9298289341908
212350 361.777787124868 -13059.8953895886 -12698.1176024637 -742.245083456826 -821.576740625306 -606.090767736273 -799.067742008892 10.5298665120574 68676.2924780467 40.9514182609376
212360 362.085886311275 -13060.9343156641 -12698.8484293528 73.6751912949637 54.4303940988408 357.231183666703 -190.636003880647 59.0620769200851 68596.0519129553 40.9354629949785
212370 359.747936910724 -13059.2403343063 -12699.4923973956 701.417521408957 762.474065094522 1009.47665871661 332.301840415748 -53.3102001568177 68541.6144211845 40.9246314013392
212380 357.499208899188 -13057.5587255692 -12700.05951667 -697.057123993834 -620.531531400699 -496.369569243696 -974.270271337109 -218.253735765841 68663.8856694359 40.9489520677813
212390 358.906755699171 -13059.4332391398 -12700.5264834406 -65.1050443733199 -75.9497637595584 14.6034830636541 -133.968852424055 -220.253948167601 68606.3357277146 40.937508553342
212400 363.00778210061 -13063.8977300321 -12700.8899479315 649.030950450657 579.215928464649 683.605821994315 684.271100893007 -56.5756374415717 68530.6150327544 40.9224421230809
212410 365.410019431562 -13066.6861924448 -12701.2761730132 -519.739614189125 -633.96538001 -462.803049409992 -462.450413147384 118.437574226494 68620.5224926963 40.9403301138662
212420 363.531103605199 -13065.2363380838 -12701.7052344786 -41.1268192109249 -203.508130644963 119.538605803067 -39.4109327908697 119.361171855421 68582.1531340547 40.9326980575198
212430 361.072603669738 -13063.2032897866 -12702.1306861169 589.316217072493 306.715908951917 875.834052458433 585.398689807127 -51.4156551719473 68536.131127774 40.9235400558461
212440 362.41751966805 -13064.9617113726 -12702.5441917045 -634.059016776523 -1032.17064455222 -314.213760239832 -555.792645537514 -335.233319516993 68634.1457762104 40.9430392393508
212450 365.096610131348 -13068.0736658765 -12702.9770557452 5.10399472906822 -491.39803511047 292.613997206467 214.096022091209 -613.013803736363 68570.8972085622 40.9304585992615
212460 363.413937169928 -13066.8398383863 -12703.4259012164 796.87090277049 266.042707705581 1036.93718216936 1087.63281843653 -702.914047786558 68515.2813954228 40.9193897807481
212470 357.879055506646 -13061.7773718098 -12703.8983163031 -680.822999258363 -1218.69234167271 -442.874234921051 -380.902421181327 -593.182821057386 68666.0001131892 40.949372392412
212480 354.028443807637 -13058.3076966255 -12704.2792528178 -210.870737687668 -692.414704186712 53.9031373040213 5.89935381967875 -457.713005766919 68643.8227967142 40.9449633934106
212490 354.153592088431 -13058.644992209 -12704.4914001205 733.332543022304 328.152876868378 992.505531853298 879.339220345237 -430.010281954203 68558.4231687567 40.9279765009095
212500 356.493319296358 -13061.0693934057 -12704.5760741094 -613.131603734324 -909.041795646256 -351.952219218381 -578.400796338339 -436.00445856446 68655.082261628 40.9472019690789
212510 359.061174771782 -13063.6284649406 -12704.5672901688 -150.866735676595 -366.00203049446 188.069803558106 -274.667980093424 -363.564722052474 68598.8135852741 40.9360123405786
212520 360.46684054398 -13064.9275213384 -12704.4606807944 924.255653827545 827.231938505795 1316.87122380973 628.663799167114 -296.396473322544 68501.3735202918 40.9166208594045
212530 359.627596290428 -13063.9822587251 -12704.3546624347 -662.434543555159 -666.026673719778 -273.337408776399 -1047.9395481693 -257.445257876687 68644.8659761148 40.9451708057422
212540 358.00229459435 -13062.1911366797 -12704.1888420853 -367.803479041764 -286.248126800693 -96.1667396179008 -720.995570706699 -213.619931397462 68628.5068831611 40.9419179328455
212550 357.58473323415 -13061.4928441673 -12703.9081109331 1146.54889947982 1321.53931008376 1231.67061743495 886.436770920732 -116.574791610827 68508.9000850183 40.9181193710454
212560 358.409468532364 -13061.9780906471 -12703.5686221147 -861.980642090372 -685.362556205455 -822.936379595518 -1077.64299047015 -138.003127064145 68680.0618191663 40.9521674619366
212570 360.950012729142 -13064.0781355824 -12703.1281228532 -536.639084840921 -470.409620877273 -403.244993326211 -736.262640319269 -206.874777592914 68646.4521437839 40.9454861748281
212580 362.202112394036 -13064.7255757642 -12702.5234633701 1711.3203445523 1652.50843235294 1978.82412988262 1502.62847142137 -244.915726583661 68453.4061061915 40.9070681420114
212590 360.349404611792 -13062.3173301874 -12701.9679255756 -1060.87215971547 -1215.83564677854 -723.122326295729 -1243.65850607214 -203.224330430777 68699.7915814497 40.9560885376736
212600 359.771581105853 -13061.011923002 -12701.2403418962 -1050.19071156188 -1310.0369414152 -755.752422526427 -1084.782770744 -109.885479615721 68705.8442298513 40.9572912852534
212610 361.186816346965 -13061.4274985792 -12700.2406822322 2311.28865916864 1990.81849494747 2490.65097875124 2452.39650380722 21.4936093399227 68415.2410835331 40.8994643839473
212620 361.721191838709 -13061.0099422759 -12699.2887504372 -1069.12797951546 -1383.28080129982 -897.239802811635 -926.86333443492 115.862468365683 68705.4723276467 40.9572173850169
212630 361.79566698644 -13059.7879980157 -12697.9923310293 -1557.77164620356 -1842.89367242652 -1301.21388721315 -1529.207378971 89.9982434976988 68751.8906755246 40.9664390588743
212640 362.11935703731 -13058.5222404536 -12696.4028834163 2766.28640819937 2544.56611310194 3138.48056513781 2615.81254635836 -17.459198721939 68388.8847438058 40.8942116624033
212650 361.617425802971 -13056.582729493 -12694.9653036901 -955.383336576468 -1026.95804168126 -597.606595289525 -1241.58537275863 -147.3956839784 68721.6096432663 40.9604237662156
212660 362.877547473852 -13055.9975209533 -12693.1199734795 -2004.68263514736 -1800.72467060172 -1830.16092047118 -2383.16231436918 -194.458626352337 68821.532304335 40.9802665903038
212670 366.259056430149 -13057.5182425675 -12691.2591861374 2824.94236472496 3270.63730958691 2799.28794612572 2404.90183846225 -132.504468023486 68409.3445282481 40.898289339333
212680 367.139483737639 -13056.9957548545 -12689.8562711168 -652.257495771042 -180.458648003896 -784.87642859722 -991.437410712007 -67.0880750945961 68709.448101417 40.9580073923929
212690 366.607976444857 -13054.996435102 -12688.3884586572 -2144.39443028053 -1803.20616014224 -2246.53048964235 -2383.44664105698 -106.264591395195 68836.2585660312 40.9831893339614
212700 367.611627273496 -13054.8608049901 -12687.2491777166 2546.73134836484 2706.37625896385 2527.50786443478 2406.30992169589 -286.98558460372 68425.3123436349 40.9014711927951
212710 368.350373058782 -13054.9476821291 -12686.5973090704 -306.872760730749 -360.799923325312 -290.742870964748 -269.075487902184 -490.612255599559 68663.619780923 40.9488992119027
212720 368.267730771368 -13054.1941378527 -12685.9264070814 -1951.05037808574 -2160.96903466364 -1975.67524388437 -1716.50685570922 -618.518884212231 68811.1301567043 40.978201808892
212730 367.731935307138 -13053.292868817 -12685.5609335099 2096.62273179951 1857.55184354812 1951.0390136533 2481.2773381971 -659.303408655181 68475.5090435192 40.9114704993558
212740 366.5245303261 -13052.0249353577 -12685.5004050316 -149.863043342036 -294.942368355784 -406.970682612551 252.323920942222 -600.277705644935 68676.0390331136 40.9513678847847
212750 367.827223237382 -13053.1789756402 -12685.3517524028 -1816.18365087914 -1809.90827302536 -2140.51559306999 -1498.12708654207 -518.324951439807 68815.4858027403 40.9790664111543
212760 372.326621735038 -13057.7561587289 -12685.4295369938 1723.62440110979 1932.70054840273 1413.42469922769 1824.74795569895 -512.224092952637 68501.3452325334 40.9166152272077
212770 372.489627735122 -13058.2528830953 -12685.7632553601 166.120581588797 536.751574105584 -40.4691487969944 2.07931945780755 -552.292294581831 68637.299917499 40.9436664206218
212780 367.187309325865 -13053.2854970936 -12686.0981877677 -1559.09753984085 -1141.57366176093 -1622.45226133073 -1913.26669643088 -548.624614648051 68804.8307700266 40.9769513066572
212790 363.926687893861 -13050.5222957407 -12686.5956078468 1219.3377115101 1618.27883442186 1256.0827428372 783.651557271247 -479.752003856692 68576.5395381143 40.9315812174152
212800 364.774222396083 -13051.8892467269 -12687.1150243308 164.012693273807 517.564548040015 180.513641744597 -206.040109963195 -358.434082409086 68657.9406822307 40.9477702334014
212810 366.047829878257 -13053.6311642228 -12687.5833343446 -1304.08532044716 -1037.28567270828 -1342.22996355967 -1532.74032507351 -249.047175528152 68771.6379670917 40.9703608844809
212820 365.172854172582 -13053.3136534984 -12688.1407993258 1114.1692799331 1221.74850333871 998.789087472451 1121.97024898815 -211.366318718056 68559.7568943959 40.9282419014984
212830 364.017475198539 -13052.7624145956 -12688.744939397 225.40321752655 184.391283665037 39.1288279255139 452.689540989099 -242.449040935276 68636.6069728756 40.9435286345637
212840 365.225099610212 -13054.5170559098 -12689.2919562996 -1306.28180306319 -1453.67078038737 -1497.6139473885 -967.560681413695 -330.674889097201 68762.9181491374 40.968629215248
212850 366.709235882085 -13056.6485842549 -12689.9393483729 963.288592788035 694.401411560538 958.145660278686 1237.31870652488 -372.754637688645 68556.9533000023 40.9276840049574
212860 365.051061616688 -13055.6836805804 -12690.6326189637 373.557994834169 -77.5565406488032 699.046849402777 499.183675748531 -282.451251773552 68600.5658736175 40.9363608941601
212870 363.566842536034 -13054.8662877012 -12691.2994451652 -1255.55203877223 -1788.25208889877 -735.627363542203 -1242.77666387573 -149.06267107626 68735.531937148 40.9631896334814
212880 364.044819154703 -13056.0739453452 -12692.0291261905 840.784260831798 336.932738308694 1362.46379702361 822.956247163101 -55.3099876561251 68552.8325334999 40.9268639723648
212890 363.552370606921 -13056.3042942755 -12692.7519236686 475.341765459068 80.6179851343203 771.906725676903 573.500585565974 3.41924163804547 68588.9936517028 40.9340589146422
212900 363.737165414816 -13057.1529681926 -12693.4158027777 -1307.1988083182 -1542.79689945346 -1264.44428564604 -1114.35523985508 11.824724586445 68741.5735569526 40.9643897734
212910 366.580516161254 -13060.743002092 -12694.1624859307 691.824009280933 639.304479857478 650.469391746366 785.698156238949 8.32835946668187 68558.5516019666 40.9280020582267
212920 368.556963300526 -13063.4792176159 -12694.9222543153 590.395683543 720.61051797272 518.863404460947 531.713128195326 16.7918417305928 68551.095511046 40.926518295026
212930 367.437101108699 -13063.1797578631 -12695.7426567544 -1187.78478279354 -959.249489415904 -1333.61744353506 -1270.48741542967 -53.2857512980565 68694.4662441865 40.9550302587705
212940 363.233230781681 -13059.8851016071 -12696.6518708254 718.763594668121 988.607355352703 411.525842022241 756.157586629422 -206.680772786329 68542.9264734584 40.9248925318146
212950 357.262672993322 -13054.7617502415 -12697.4990772482 614.305684262927 928.438662661369 195.528595819912 718.949794307501 -357.026192326757 68579.4345117081 40.9321571878572
212960 355.52133622728 -13053.6440808017 -12698.1227445744 -1432.74520856024 -1134.20646926955 -1829.4480324422 -1334.58112396898 -386.265466165746 68766.0426972309 40.969249736293
212970 360.377924960596 -13059.0617376481 -12698.6838126875 553.400791931669 775.641763854528 305.138878956653 579.421732983819 -260.968552486306 68579.1953860796 40.9321096131518
212980 365.727263638573 -13064.8329113309 -12699.1056476923 916.555863341415 1027.51825699727 841.85399213394 880.295340893039 -44.1087809942349 68534.5344107082 40.9232222486731
212990 365.930503539735 -13065.4851184983 -12699.5546149585 -1315.63186523782 -1352.73125365795 -1216.37777313927 -1377.78656891625 147.908233594919 68726.4044416543 40.9613763651987
213000 361.836027690616 -13061.9307538819 -12700.0947261913 408.032994025929 301.983716903379 617.413154178393 304.702110996015 341.999050444041 68585.1246176135 40.9332892175478
213010 356.550698697242 -13057.0837564975 -12700.5330578002 994.946432864293 900.973892205965 1257.3718679079 826.493538479012 465.826082020637 68551.381364033 40.9265751817961
213020 354.59071053533 -13055.4112524473 -12700.820541912 -1450.37546844363 -1524.66122908842 -1147.87487999638 -1678.5902962461 354.571488677986 68765.6419194611 40.969170144701
213030 356.91232506854 -13057.9575135143 -12701.0451884458 274.522043508573 212.199223648715 504.619497127756 106.747409749253 135.779865058778 68605.8720871163 40.9374163347759
213040 358.592412325599 -13059.6498597513 -12701.0574474257 1220.63093381663 1172.44110740318 1321.08842383636 1168.36327021033 -29.0199878833083 68518.321767779 40.9199950391118
213050 358.703626343193 -13059.7317258693 -12701.0280995261 -1417.96969000589 -1395.80233119278 -1434.01569047731 -1424.0910483476 -64.1084874849762 68739.7314550991 40.9640238558119
213060 360.730586314838 -13061.7487235863 -12701.0181372714 103.757688832964 207.983246938897 13.7600421049017 89.5297774550987 -67.0461691217971 68599.5387135512 40.9361565790086
213070 362.809302040773 -13063.6902599071 -12700.8809578664 1336.56773051414 1387.82534632337 1273.14837557279 1348.72946964624 -25.2647947664464 68486.5922978945 40.9136776523422
213080 361.559593540844 -13062.3729418888 -12700.8133483479 -1273.01523101629 -1393.95361547076 -1233.11572213402 -1191.9763554441 -7.24962059972868 68715.9996996873 40.9593091633007
213090 359.575088874527 -13060.3496524378 -12700.7745635633 -116.4026257199 -299.128195645267 5.54525008777156 -55.6249316021956 -103.981756036262 68622.5041880105 40.9407242159823
213100 360.777854027089 -13061.395574398 -12700.6177203709 1287.80985458217 1180.85667572897 1401.52190096459 1281.05098705294 -337.385427049372 68495.721324873 40.9154954557023
213110 363.546362635499 -13064.0534680444 -12700.5071054089 -1144.34715227256 -1219.81414290586 -991.68605957446 -1221.54125433736 -533.097276643823 68693.6332439659 40.9548647156586
213120 363.740811516989 -13064.1938476324 -12700.4530361154 -101.33258760656 -191.142101269893 116.81749745572 -229.673159005503 -704.533834707799 68605.112625145 40.9372652761532
213130 359.408711367053 -13059.7626235059 -12700.3539121388 1422.10019752512 1297.82766459499 1704.49134955313 1263.98157842723 -841.47732406703 68498.7751942314 40.9161035166562
213140 355.348982590969 -13055.6078339469 -12700.258851356 -1321.86368896629 -1553.67394339329 -981.520774870276 -1430.3963486353 -865.68663013368 68750.3165100219 40.966126396213
213150 358.243029007395 -13058.3377606381 -12700.0947316307 -395.558375968666 -680.959630854109 -82.5490333585251 -423.166463693363 -794.627358084584 68657.6926385092 40.9477209220401
213160 364.424947681546 -13064.1530394932 -12699.7280918117 1604.94059451504 1413.96055623164 1754.50730230807 1646.35392500542 -637.99323793186 68459.5402134789 40.9082899991559
213170 367.506222343318 -13067.0161103273 -12699.509887984 -1055.36971841607 -1182.18308030958 -1102.73473091705 -881.191344021581 -447.528419854296 68669.4755841771 40.9500632532672
213180 368.086332082015 -13067.4773636765 -12699.3910315945 -452.140542936344 -609.335447852454 -636.689441407908 -110.396739548673 -325.171625179091 68617.5561562927 40.9397401808203
213190 366.014376510331 -13065.3265739166 -12699.3121974062 1662.51430963822 1472.48022261384 1464.88241618558 2050.18029011524 -280.669390133574 68458.6148084595 40.9081056717543
213200 361.777852215029 -13061.1971537414 -12699.4193015264 -1083.79416679295 -1268.73815171084 -1173.06880610689 -809.575542561123 -186.781407457333 68721.0954732878 40.9603216116782
213210 359.249499461171 -13058.7385001732 -12699.489000712 -748.917581293014 -879.39051582935 -730.157259037086 -637.204969012614 -9.66958987071988 68703.788013737 40.9568826937017
213220 358.895953449671 -13058.3428405666 -12699.4468871169 1657.55088077157 1591.52094698465 1767.52936894638 1613.60232638367 221.25745728499 68491.6344720472 40.9146816874319
213230 359.689901035399 -13059.1514440537 -12699.4615430183 -850.07965577002 -902.713641468577 -742.669983867393 -904.855341974093 384.57708372817 68698.1425778257 40.9557608448852
213240 361.499673638407 -13060.8823328135 -12699.3826591751 -850.21722548075 -844.81520603618 -839.054130456206 -866.782339949862 451.29606017388 68686.9855613366 40.9535435659262
213250 362.056922366542 -13061.2583953034 -12699.2014729369 1731.6203124179 1847.7957422595 1611.94963194913 1735.11556304506 479.500637514819 68465.9806640371 40.9095727984887
213260 360.161747335901 -13059.2759132677 -12699.1141659318 -691.919616804489 -454.510276966089 -966.223465253215 -655.025108194162 380.382702644217 68685.9950539145 40.9533467067807
213270 359.955320865784 -13058.8028046447 -12698.8474837789 -1100.89061422364 -784.707313822496 -1469.76696009858 -1048.19756874986 252.115380873852 68726.2157779167 40.9613388835666
213280 362.509651985385 -13060.9572135032 -12698.4475615178 1593.5428169169 1947.75257925124 1238.37634070199 1594.49953079746 239.438978506135 68484.1973959106 40.9132007444461
213290 364.535672728585 -13062.576993862 -12698.0413211334 -376.745588644604 -143.055410280667 -495.299566805053 -491.881788848092 323.885164336669 68648.1541653906 40.9458245731188
213300 365.866413135454 -13063.3384818812 -12697.4720687458 -1163.45948360259 -1115.0881471204 -929.139092997322 -1446.15121069006 457.031307399935 68715.2325798821 40.9591567445805
213310 366.144779219596 -13063.0240893804 -12696.8793101608 1466.43305214353 1390.10359727134 1967.69133311238 1041.50422604686 502.900414682351 68489.9893090006 40.9143540957883
213320 363.35901637308 -13059.7184646887 -12696.3594483157 -111.811480972313 -245.935092170472 463.46245426049 -552.961805006962 355.469316317622 68642.2999234919 40.9446606011762
213330 359.08813785461 -13054.755692261 -12695.6675544064 -1226.70168001051 -1349.50899872561 -793.721831594299 -1536.87420971164 112.009594550387 68763.9608566981 40.9688362943184
213340 356.660108089852 -13051.5764229892 -12694.9163148993 1236.77136563118 1223.72341941871 1386.00564255416 1100.58503492068 -68.0378610031867 68574.7312916216 40.9312214489034
213350 357.457847407933 -13051.5133643522 -12694.0555169443 -89.1331945699019 25.8500499005385 -221.025475742882 -72.2241578673619 -109.536511135451 68695.5163738945 40.9552389503734
213360 362.232488381919 -13055.2119284296 -12692.9794400477 -1261.49999633558 -1086.89320367806 -1578.55815690143 -1119.04862842726 -47.8588851186306 68782.3801447007 40.9724939730288
213370 367.723700672172 -13059.6248037567 -12691.9011030845 1251.63975797414 1363.96354296782 891.918712503884 1499.0370184507 -54.0454529197157 68551.2343155693 40.9265459181295
213380 368.274691108942 -13059.2217771082 -12690.9470859993 141.681348016264 74.6731137603036 -94.9214836959154 445.292413984401 -144.480588627365 68644.3599446187 40.9450701932314
213390 365.703214489911 -13055.7426231407 -12690.0394086508 -1274.13102870626 -1480.46224643423 -1361.91769424149 -980.013145443061 -240.650061759102 68770.1782476594 40.9700710089022
213400 364.135848309632 -13053.4229830028 -12689.2871346931 1030.91101817052 752.550345873581 1120.49929193306 1219.68341670492 -233.971575655121 68572.4667579725 40.9307708886321
213410 363.037991123454 -13051.6415082325 -12688.603517109 256.617740236344 5.72961654596114 500.589336351115 263.534267811959 -96.9324859454697 68639.9039395964 40.9441841996522
213420 363.983190359954 -13051.8736879787 -12687.8904976188 -1241.79623796561 -1426.71593803149 -953.166681072632 -1345.50609479272 65.8133834936156 68765.8761474763 40.9692166607432
213430 368.012810708878 -13055.3019383257 -12687.2891276168 888.031026452276 726.778429532418 1045.9101532984 891.40449652601 51.7049825338517 68576.7013011301 40.9316134014578
213440 370.650081916205 -13057.4530454357 -12686.8029635195 403.015396809183 285.351764896035 297.373577288137 626.320848243371 -96.1911780185689 68618.932198487 40.9400138446681
213450 370.207932507481 -13056.6432935219 -12686.4353610145 -1178.3763687716 -1189.48304032106 -1531.10304003998 -814.543025953768 -217.453679970285 68760.4833727388 40.9681456666944
213460 370.211346333725 -13056.5125064515 -12686.3011601178 644.138054969273 734.114795060262 140.766925370394 1057.53244447716 -177.975501608298 68599.3770114984 40.9361244142356
213470 370.995156826634 -13057.3124083797 -12686.3172515531 502.88012848756 593.632042844911 6.67970595071375 908.328636667057 30.3617313359271 68605.9386731248 40.9374295788233
213480 369.993153578276 -13056.4886127827 -12686.4954592044 -1011.23057891859 -850.828601200675 -1468.86172938805 -714.001406167069 210.301680207317 68738.5765645332 40.9637944434636
213490 367.002977198444 -13053.8813155809 -12686.8783383825 534.816016562552 1015.44025726233 21.6443349213875 567.363457503943 230.238881566533 68617.5594252687 40.9397408309504
213500 364.875237919166 -13052.2435651777 -12687.3683272586 427.445298286199 1260.74988931881 -193.567789910833 215.153795450613 140.36698889517 68633.6976100436 40.942950122752
213510 366.118692229455 -13054.0410928467 -12687.9224006172 -1007.94428819089 -97.641158717697 -1681.88346628259 -1244.30823957238 13.1421131083138 68749.9754166252 40.9660586471997
213520 367.118594082081 -13055.7475076308 -12688.6289135487 529.102980447152 1233.93184742684 -84.0732137705907 437.450307685209 -25.8094775379462 68609.9509506416 40.9382276104495
213530 362.50317797394 -13051.9267329105 -12689.4235549366 617.526300251737 967.87784673294 155.883837791197 728.817216231073 16.7493715441368 68615.4263160466 40.9393165962774
213540 357.894418469392 -13048.104670785 -12690.2102523156 -1087.78798224552 -999.089975905543 -1466.7811710887 -797.492799742306 56.3447362932568 68773.000505627 40.9706314578766
213550 360.921782681368 -13051.9284125565 -12691.0066298751 263.61916758599 266.104529270912 -206.238245661444 730.991219148494 12.9250514457361 68646.393111532 40.9454744378537
213560 366.315571434348 -13058.0735831842 -12691.7580117499 715.143792152805 702.057014624761 93.3251220202269 1350.04923981342 -78.6659113264233 68588.3777451853 40.9339363894974
213570 365.927930131299 -13058.5379628764 -12692.6100327451 -835.730640780801 -805.804324514367 -1485.45470260443 -215.932895223611 -99.5568371537028 68712.895304147 40.9586923452276
213580 361.874187960607 -13055.4254713492 -12693.5512833886 224.917289939743 208.038157966143 -277.37830424187 744.092016094957 -13.1520538870386 68629.980256757 40.9422109224107
213590 359.793225975245 -13054.2554548389 -12694.4622288637 564.508837448569 418.079706227463 326.943429661698 948.503376456543 169.221641877317 68605.9113848887 40.9374241511572
213600 362.772963586066 -13058.1021946608 -12695.3292310747 -902.067227843181 -1115.53278924071 -999.25627151264 -591.412622776191 393.714588766646 68715.5903330318 40.9592278265486
213610 367.856971370154 -13064.1027171644 -12696.2457457942 249.059511871153 81.5187185383784 22.922691121943 642.737125953134 562.996277159666 68594.654362919 40.9351849918732
213620 369.516503283769 -13066.7261464111 -12697.2096431274 719.660765043028 654.980880296945 265.165365932522 1238.83604889962 547.819257758879 68543.7446610042 40.9250553694497
213630 366.868265692263 -13065.155088682 -12698.2868229897 -785.599798912857 -785.36651990058 -1369.88479580125 -201.548081036746 428.5337818225 68679.0794221311 40.9519722015817
213640 362.746509347287 -13062.148730359 -12699.4022210117 56.3223294139589 115.315023981396 -510.221935784555 563.873900045039 283.101390433795 68612.6529960359 40.9387650227623
213650 360.075781391343 -13060.4926062572 -12700.4168248659 652.171659552732 789.444049029694 192.519139863299 974.5517897652 136.753045517246 68561.3231310647 40.9285535655028
213660 360.564412846154 -13061.8827994857 -12701.3183866396 -764.657516665876 -595.176616612109 -1013.39153606584 -685.404397319671 55.6330671262271 68670.0516662277 40.9501777657209
213670 362.107937943421 -13064.2413786818 -12702.1334407384 87.7233833510017 171.701444978353 71.7370714559637 19.7316336186841 -77.3860593974397 68584.2242858466 40.9331101033833
213680 359.650774106242 -13062.471855432 -12702.8210813258 816.202928034045 758.52826130614 919.191393439802 770.889129356189 -164.944061811643 68530.3081485648 40.9223810386093
213690 354.655860174353 -13058.0461039642 -12703.3902437898 -753.012645207585 -939.278613972578 -653.663621377679 -666.095700272499 -196.577983289849 68685.5355463332 40.9532553809569
213700 353.061430395586 -13056.8330738082 -12703.7716434126 -197.954730438327 -408.383148316564 -171.620561117555 -13.8604818808615 -196.40668986519 68643.5630948397 40.9449117573142
213710 356.283265450722 -13060.214040716 -12703.9307752653 748.984394549293 617.150565562596 677.770337747327 952.032280337957 -120.411532923869 68545.5196405099 40.9254086256459
213720 360.979967728478 -13064.9778599119 -12703.9978921834 -551.231484942049 -681.634253573705 -566.674431322722 -405.385769929723 40.7009278549515 68635.6630134452 40.9433409348853
213730 363.53004812369 -13067.5755949741 -12704.0455468504 -166.576790633099 -330.809681774279 -49.2232268111092 -119.697463313914 138.878417771006 68587.9759097342 40.933856450109
213740 363.29935520542 -13067.3865351719 -12704.0871799664 786.42773748957 677.874135203297 962.380759242668 719.02831802275 182.12696465038 68501.975898061 40.9167407946665
213750 361.784103884123 -13065.9615637126 -12704.1774598285 -506.273734648629 -435.626972887787 -330.651658934595 -752.542572123505 170.254010874594 68617.9108866841 40.9398107290679
213760 361.014815920391 -13065.2684649782 -12704.2536490578 -284.769964909878 -66.9152284104494 -99.877153576982 -687.517512742201 100.925668335841 68606.6042039256 40.9375619533316
213770 360.828482715907 -13065.1280167915 -12704.2995340756 817.317035136305 1101.96726985427 959.199597204263 390.784238350388 1.86539055878511 68523.6380342245 40.9210533252506
213780 357.743659212116 -13062.0868203232 -12704.3431611111 -421.66498708181 -133.426317794442 -408.556059352983 -723.012584098004 -147.601719069843 68652.2547313533 40.9466398303467
213790 353.816358118814 -13058.091866733 -12704.2755086142 -458.031739263582 -154.872630144498 -573.500034122898 -645.722553523346 -299.18240063047 68675.9231406789 40.9513448493055
213800 352.888726418039 -13056.9547856681 -12704.0660592501 794.80012412598 1131.75384953007 676.700473976849 575.946048871019 -484.30849257606 68578.0678295431 40.9318852811687
213810 353.112359505047 -13056.8270612136 -12703.7147017086 -412.674414367274 -123.792828495589 -341.632723047423 -772.597691558808 -602.50542290537 68677.2422003213 40.951607032023
213820 354.793331851354 -13057.9905729154 -12703.1972410641 -523.226803649451 -307.951459392937 -273.382726762245 -988.346224793161 -587.299371428111 68672.8102113793 40.9507260950096
213830 358.883561382896 -13061.4175399013 -12702.5339785184 928.599412622653 1129.16344502559 1166.40655580528 490.228237037094 -371.407437753199 68527.3684328156 40.9217958868641
213840 363.763534601513 -13065.621381139 -12701.8578465375 -349.187074769853 -24.1786579159433 -307.893022025218 -715.489544368396 -83.1474012026548 68614.2679774964 40.9390862211852
213850 368.321494000821 -13069.542514817 -12701.2210208162 -587.419253312791 -42.7806926915847 -776.775516234098 -942.701551012686 119.145434731396 68622.7768800236 40.9407784459751
213860 369.747015446314 -13070.4495781063 -12700.70256266 1088.37631183815 1788.60970132341 796.922306551104 679.596927639932 81.5110711179008 68476.3245340507 40.9116329067374
213870 365.941364730529 -13066.3414232998 -12700.4000585692 -341.394871495766 289.04074421945 -568.628349926783 -744.597008779961 -84.4396373852481 68607.8888858114 40.9378174749714
213880 362.187045806795 -13062.32365826 -12700.1366124532 -917.315072668182 -540.255495614721 -1035.03727729661 -1176.65244509323 -228.706107096039 68667.0231698225 40.9495757600123
213890 362.866511038138 -13062.7699057707 -12699.9033947326 1261.85245755825 1327.91042666404 1176.29486289334 1281.35208311739 -183.087565451696 68480.5802048665 40.9124804154041
213900 364.19877334115 -13063.9591637897 -12699.7603904486 -191.370775933743 -318.037495041923 -294.811898638175 38.7370658788642 -32.2988928944701 68608.993077855 40.9380370948556
213910 362.154457098931 -13061.7191745217 -12699.5647174228 -1181.14911178547 -1387.1205453609 -1254.43986344118 -901.886926554331 58.2486637412528 68711.4987221559 40.9584148497182
213920 358.014958344776 -13057.4166355723 -12699.4016772276 1512.06615613021 1337.79826732131 1473.63369720131 1724.76650386802 91.548207121658 68510.7148121276 40.9184806601857
213930 354.276861546925 -13053.5390525815 -12699.2621910345 -245.72086033065 -374.715439045089 -259.869661396018 -102.577480550842 -18.6695761061312 68685.2180481347 40.9531922788557
213940 353.881758983163 -13052.706806969 -12698.8250479859 -1691.22987178523 -1830.64119100818 -1673.96816481446 -1569.08025953306 -198.036717777502 68812.3445319773 40.9784428678707
213950 357.48759995772 -13055.7718916018 -12698.2842916441 1824.97282479688 1700.20804974243 1864.78329433769 1909.92713031052 -279.686553624123 68492.6066132804 40.9148752617335
213960 361.513448792757 -13059.2243731278 -12697.710924335 52.5568309114885 20.8885851476245 60.0975426320442 76.6843649547987 -64.9351256279322 68621.5704296668 40.9405385192896
213970 363.489031241733 -13060.4184421096 -12696.9294108678 -1982.81783101292 -1948.5176132431 -2034.93414597945 -1965.00173381622 255.846183220138 68781.0511837076 40.9722300915093
213980 364.057349877537 -13060.2858976659 -12696.2285477884 1983.49370682269 1995.77587368695 1897.61881619635 2057.08643058477 404.526559212815 68433.1902869493 40.9030408220028
213990 363.177346516129 -13058.8046800323 -12695.6273335162 305.173733845687 251.030797287357 234.063744754563 430.426659495141 344.088341502803 68584.8469041766 40.9332339687367
214000 362.971701458268 -13057.7006976293 -12694.7289961711 -2315.94039865784 -2370.31836483277 -2299.62752715637 -2277.87530398439 219.409659817731 68824.2609883409 40.9808081878553
