# Fix print output for fix setl_out
60000 93.1651363671269 -13347.5094475485 -13254.3443111813 -442.682187370278 -489.465409720658 -460.166180437491 -378.414971952683 6.65731846212159 66870.9188236027 40.5893811810356
60010 92.0078266977795 -13346.258542496 -13254.2507157982 316.337685866431 278.271550418909 218.833236679153 451.908270501231 19.6983659526242 66813.3953139674 40.5777392819285
60020 92.0709317245711 -13346.0285081961 -13253.9575764715 -33.1933067259258 -59.7967857861877 -188.271706187232 148.488571795642 34.0346889535164 66842.1558396786 40.5835608176351
60030 93.2462155703435 -13346.712515068 -13253.4662994976 -279.446231724724 -294.708984218088 -448.345478310419 -95.2842326456655 33.2925496506115 66859.2144735714 40.5870129365974
60040 94.5968934335108 -13347.437334465 -13252.8404410315 459.651513564855 475.242560152695 302.565423966552 601.146556575318 28.8430103699754 66796.3500621344 40.574288294254
60050 95.2422905096952 -13347.4330774113 -13252.1907869016 -397.767675492199 -344.656698075193 -527.630581011521 -321.015747389884 35.6804196652144 66867.2669398289 40.5886422928238
60060 95.2916243322854 -13346.8925412122 -13251.6009168799 136.125166801597 219.829204377796 25.6488461467119 162.897449880285 40.575851277895 66826.3115777977 40.58035392237
60070 95.0093227119281 -13346.0861535819 -13251.07683087 214.081918780142 311.702169461498 112.050326656851 218.493260222076 38.7603090007135 66823.1359664872 40.5797111143243
60080 94.820014360188 -13345.4046567232 -13250.584642363 -474.565937898961 -385.778918361328 -572.67687679632 -465.242018539236 39.7993617098209 66882.5461628515 40.5917335695986
60090 95.0813701491497 -13345.1722663803 -13250.0908962311 503.434551563158 568.912150506943 413.999194217591 527.392309964941 35.4691429584555 66804.3698955931 40.5759120656751
60100 95.396141416215 -13344.9697591425 -13249.5736177263 -264.684866431473 -226.24649695855 -326.209814275883 -241.598288059988 24.7871563005713 66868.9382664524 40.5889804568533
60110 95.6131891019209 -13344.6295552745 -13249.0163661725 -132.164302157964 -106.762868417939 -169.473706622565 -120.256331433392 12.7247933756847 66861.3494284659 40.5874449414716
60120 95.7825555350884 -13344.1969979709 -13248.4144424358 504.593245181186 524.319088343716 467.739034365543 521.721612834299 19.9210173039207 66812.9503239925 40.5776491965637
60130 96.2845656442431 -13344.0695060801 -13247.7849404359 -662.058712197575 -639.918421348441 -741.137390201416 -605.120325042866 55.0270469006778 66908.6151902431 40.5970067418508
60140 97.3370441473184 -13344.4839373043 -13247.146893157 480.491460496144 534.153927574069 342.030789762987 565.289664151379 98.9882398781944 66811.9923819124 40.5774552659796
60150 97.9837398892275 -13344.4935829252 -13246.5098430359 10.795621579941 116.2044038721 -159.970036259862 76.152497127586 97.7019604463842 66849.5588308179 40.5850590171195
60160 98.0203645660463 -13343.8892704312 -13245.8689058651 -585.588800385769 -445.395942018598 -718.536349096413 -592.834110042297 59.8268141683117 66900.9827208514 40.5954630084403
60170 97.7014258115318 -13342.9311970079 -13245.2297711964 958.486432565557 1101.60232906653 883.152594239508 890.704374390639 30.1353277904995 66778.787911392 40.5707320409271
60180 96.989969327534 -13341.5978024775 -13244.60783315 -856.329530416282 -737.622234646166 -909.142202507843 -922.224154094839 -12.353610521687 66931.4136967523 40.6016172393944
60190 96.9960294947674 -13340.9814848409 -13243.9854553462 230.490862129157 309.492897926688 151.335692080573 230.643996380211 -77.1511715894228 66845.5248416831 40.5842426418471
60200 97.9041598670203 -13341.2238661763 -13243.3197063093 658.925347711889 696.309863917458 533.827709297852 746.638469920359 -130.701301181036 66810.477576792 40.5771485974741
60210 99.0626285473068 -13341.6874572828 -13242.6248287355 -1329.32806023268 -1320.36808080916 -1481.69512476751 -1185.92097512138 -131.86806643415 66971.7794527376 40.6097777603523
60220 100.056646754712 -13342.0355397932 -13241.9788930385 1360.46055376625 1349.19851583822 1214.66968427052 1517.51346119001 -90.8523999836471 66753.1704864122 40.5655435140262
60230 100.098085743468 -13341.493854326 -13241.3957685825 -622.798084389424 -676.228602996394 -715.598819543886 -476.566830627991 -27.9488611911811 66918.75554725 40.5990575357857
60240 100.476219628472 -13341.277011838 -13240.8007922095 -516.396542898313 -610.040489397228 -575.653921983789 -363.495217313923 16.8338323845906 66911.2906897313 40.5975478571352
60250 101.462396059273 -13341.6375415825 -13240.1751455233 1428.89454128711 1337.87711328022 1359.71138194982 1589.0951286313 41.2714359407861 66751.045469936 40.5651130557551
60260 101.702334459998 -13341.3052663943 -13239.6029319343 -1584.74296362517 -1609.05403857433 -1684.42019006009 -1460.7546622411 30.0365128334732 66997.7056210368 40.6150173807308
60270 101.294760387685 -13340.4062887061 -13239.1115283184 931.47884319064 1011.12613413211 783.880045884783 999.430349555025 -3.61671712522398 66794.8328962912 40.5739810998722
60280 100.139204524898 -13338.7475888096 -13238.6083842847 189.182344451968 345.997750919303 19.0825612002072 202.466721236395 -31.1458233282262 66859.6128309708 40.5870935443089
60290 99.5390094578869 -13337.5837748481 -13238.0447653902 -1147.50112357668 -974.231294085622 -1307.04566649439 -1161.22641015001 -10.8213819308052 66973.1488357359 40.6100545434026
60300 100.289319958016 -13337.7592686373 -13237.4699486793 1464.09110746274 1587.61115045592 1328.45934656536 1476.20282536694 33.5547872701462 66762.3043074437 40.5673936209888
60310 101.25479683762 -13338.1877490992 -13236.9329522616 -1016.59783971271 -990.188494298279 -1093.03956643611 -966.565458403736 52.6504480000958 66966.333537413 40.6086769812495
60320 102.450846999625 -13338.8526660626 -13236.4018190629 105.280346431869 67.2985639657451 87.4294256887169 161.113049641143 34.2632245955676 66873.3783445024 40.5898788024689
60330 103.127059198584 -13338.9865050441 -13235.8594458455 779.227073852264 755.873229347887 768.316176328005 813.491815880901 -7.2395089760346 66816.2585851872 40.5783189232457
60340 103.142344547684 -13338.4889196327 -13235.346575085 -1190.83007026296 -1143.88971165414 -1279.22683645229 -1149.37366268245 -20.7742889297684 66977.8576002999 40.6110062616546
60350 103.252851807902 -13338.1529115043 -13234.9000596964 993.148590579658 1106.60422154458 792.549873380228 1080.29167681417 -3.76024470985321 66800.845223954 40.5751984432877
60360 103.050990941686 -13337.5415392163 -13234.4905482746 -314.019609297973 -166.277845638589 -568.98113718943 -206.799845065902 14.7327958876291 66911.0829544184 40.5975058435331
60370 103.152192134628 -13337.2285783881 -13234.0763862535 -465.188896830402 -316.204529598677 -697.744073928465 -381.618086964062 6.16423635747731 66926.3876515138 40.6006009220338
60380 103.543418160945 -13337.206602617 -13233.663184456 956.631437398195 1081.61159704956 784.005344573193 1004.27737057183 -21.7776790100341 66811.7198970239 40.5774001024377
60390 103.433969995009 -13336.7218419381 -13233.2878719431 -928.629364150731 -845.377080916433 -1033.82297667026 -906.688034865502 -36.9287637533196 66967.3050110922 40.6088733489265
60400 103.381902838438 -13336.3276598526 -13232.9457570141 444.349379987305 497.745582905816 382.46213646016 452.84042059594 -36.081286036454 66857.1267270444 40.5865904753707
60410 103.717500938941 -13336.3209173746 -13232.6034164357 231.323481309041 280.948594619607 176.817041963766 236.204807343748 -25.360331209958 66875.3129804424 40.5902702182212
60420 104.815881456194 -13337.0768212945 -13232.2609398383 -756.613136847711 -698.959951658126 -842.621641227237 -728.257817657771 -15.9843051119074 66953.1350924589 40.6060089410816
60430 106.291505115786 -13338.2554674656 -13231.9639623498 873.117552290943 932.320301080567 756.924154729899 930.108201062362 -17.5802274550602 66815.2939907523 40.578123652365
60440 106.38658354848 -13338.1295306697 -13231.7429471212 -528.590131938888 -484.053857876346 -646.917474080058 -454.79906386026 -45.2397490411396 66929.2224621062 40.6011741557641
60450 105.055221264246 -13336.6355666808 -13231.5803454166 -52.2120046324992 -19.1890174321924 -131.612912758709 -5.83408370659456 -63.1684885293428 66894.7758811113 40.5942075344771
60460 103.676284061704 -13335.1130371683 -13231.4367531066 583.224210033451 614.278287322244 545.778846104378 589.615496673731 -76.3722725631517 66848.3887456447 40.5848222254652
60470 103.525650406567 -13334.8315818729 -13231.3059314663 -799.974097810493 -771.518919865158 -828.082572337209 -800.320801229111 -93.7609060028587 66962.4707495976 40.6078961624384
60480 104.641310078286 -13335.83538491 -13231.1940748317 593.348964032254 616.5375105511 509.450177604811 654.059203940852 -96.9766707250208 66846.1282208386 40.5843647523022
60490 105.40899210122 -13336.5159492782 -13231.106957177 -90.1904142089022 -37.9805293322625 -285.343764062417 52.7530507679707 -84.0898417165706 66899.0518326958 40.5950724508848
60500 105.186229014268 -13336.2297278303 -13231.043498816 -432.050530909622 -331.756691322272 -721.312544752294 -243.0823566543 -89.4890488756332 66927.1480121798 40.6007546779444
60510 104.468360886446 -13335.4794519653 -13231.0110910789 726.697943284956 854.508160288739 414.562949373377 911.022720192751 -98.3770239480264 66835.0773401435 40.5821281845216
60520 104.106379349301 -13335.1198087962 -13231.0134294469 -641.633204910707 -529.560934665512 -890.651143433688 -504.687536632921 -73.7785342549645 66949.2011564574 40.605213635684
60530 104.868644325737 -13335.9079542097 -13231.039309884 227.532009015495 290.874886702165 75.4071519456732 316.313988398646 -42.722564334107 66876.5144917268 40.5905133043142
60540 105.785541097352 -13336.8730499481 -13231.0875088507 289.649055278081 296.378006867819 222.867976537414 349.701182429011 -11.6973585719944 66868.1087306846 40.5888126153454
60550 105.868889963979 -13337.0445616654 -13231.1756717015 -637.480257426919 -676.354043602918 -661.416530010652 -574.670198667186 21.5331125190525 66943.3275225996 40.6040261326788
60560 105.038639115832 -13336.360343798 -13231.3217046822 661.980796524692 601.269212691279 629.467800816393 755.205376066404 50.0449649254531 66839.2995332179 40.5829827356513
60570 103.802067749325 -13335.3102561973 -13231.508188448 -343.633236939719 -365.089393802685 -436.343235685182 -229.467081331293 65.7655125897654 66924.7126467364 40.6002622077625
60580 103.656782400787 -13335.3571349777 -13231.7003525769 -152.786503165794 -89.286609007157 -309.374723343124 -59.6981771471007 80.5333986435632 66908.5893934755 40.5970015244276
60590 104.720075240685 -13336.6141767627 -13231.8941015221 550.321059148884 688.927429351559 363.675790766604 598.359957328488 94.9297178035393 66845.5905724089 40.5842559443126
60600 105.523608954531 -13337.6429871933 -13232.1193782388 -652.540691826507 -474.807063536249 -852.518521654793 -630.296490288476 93.8753916803005 66937.8792113605 40.602924557252
60610 104.965936353035 -13337.3607374197 -13232.3948010667 433.780381197571 609.175731069633 229.750157881369 462.415254641713 79.3411843405141 66848.5784800549 40.5848606224517
60620 103.241150412853 -13335.9314665132 -13232.6903161003 18.387965823495 132.967305137094 -161.349007089496 83.5455994228848 73.1652197844356 66886.5261088689 40.592538710916
60630 102.191008233492 -13335.1587582874 -13232.967750054 -458.645029388043 -440.059962339287 -592.375027894286 -343.500097930558 84.170856971971 66927.224803814 40.6007702062575
60640 102.666112132141 -13335.8851993896 -13233.2190872575 649.620823613145 590.7726038866 559.972897065893 798.116969886945 101.332275081438 66833.980822267 40.5819062488048
60650 103.57702937754 -13337.041307856 -13233.4642784784 -503.753333100822 -585.956879696781 -556.89184359076 -368.411276014926 95.417607222242 66925.0859326817 40.6003376929781
60660 103.986022215687 -13337.698030449 -13233.7120082334 103.599949706972 32.1045916006695 57.5399176923867 221.15533982786 88.8251120829681 66873.7429399582 40.5899525680382
60670 103.475244120627 -13337.4318589393 -13233.9566148187 359.231551263841 313.49531730472 295.808326001813 468.391010484986 90.5757633390252 66853.0492347983 40.5857653582863
60680 102.735783698527 -13336.9297669899 -13234.1939832914 -637.075147705631 -649.051188260101 -736.189240293799 -525.985014562994 76.676188713641 66935.3359161967 40.6024103166319
60690 102.572526338508 -13336.9968819178 -13234.4243555793 591.12102789379 625.198113100836 433.861789361033 714.303181219504 29.4750498398 66834.3864613219 40.5819883506169
60700 102.543508047438 -13337.1853762347 -13234.6418681872 -233.800856192257 -141.112887128673 -452.065476298951 -108.224205149147 -28.6288793873388 66901.7011504677 40.5956083220931
60710 102.530638150483 -13337.3636228744 -13234.8329847239 -253.468035177684 -132.054835257486 -477.031779193764 -151.317491081798 -63.8092313058731 66902.6626705626 40.5958028029782
60720 102.545037458216 -13337.542627631 -13234.9975901728 632.475896643004 745.72054984134 457.58556618328 694.121573904396 -53.8651159341948 66831.1030302574 40.5813237708479
60730 102.665938310667 -13337.8180024686 -13235.152064158 -696.223719665589 -623.829551033062 -803.341449109034 -661.50015885467 -27.1808859501136 66939.365480552 40.6032250668684
60740 103.206442777135 -13338.5111012543 -13235.3046584771 395.715923600156 415.879924234663 343.782159420695 427.485687145111 -29.9390136290774 66848.6253256022 40.584870102681
60750 103.519301430888 -13338.9687461192 -13235.4494446883 145.538653223712 128.034383281075 116.702334613067 191.879241776993 -75.5474186491061 66867.6553083756 40.5887208729833
60760 103.422315329639 -13339.0052153128 -13235.5828999832 -654.146505375003 -689.410338493746 -696.346461125458 -576.682716505809 -120.994912875652 66932.4997450688 40.6018368427023
60770 102.991195469685 -13338.7108292986 -13235.7196338289 868.835598228766 843.041440434944 787.129299640736 976.336054610618 -156.624989848244 66809.0110657665 40.5768517015711
60780 102.15559537871 -13338.0202477153 -13235.8646523366 -627.535034812403 -624.058326558249 -736.623035412399 -521.923742466561 -159.607731330671 66933.0867994827 40.6019555464608
60790 101.795230119485 -13337.7838617014 -13235.9886315819 16.4121019281784 71.2748642204633 -104.955087292428 82.9165288565009 -136.110781565616 66880.9508209877 40.5914108236781
60800 101.87166521596 -13337.9328308884 -13236.0611656724 674.141506833506 769.718885788264 564.349804390741 688.355830321513 -101.801793042152 66827.626864849 40.580620157144
60810 102.068867909741 -13338.1679018421 -13236.0990339324 -1071.27444346194 -1002.61235820873 -1157.46344591122 -1053.74752626588 -59.9071031774542 66969.3301519333 40.6092826922568
60820 102.509123622856 -13338.6472048067 -13236.1380811838 931.286581328537 932.864110982251 852.723531975687 1008.27210102767 -7.46207235124298 66804.3728554465 40.575912664931
60830 102.454822038475 -13338.6261747993 -13236.1713527608 -256.620259238372 -331.412450235752 -334.933718409984 -103.514609069381 15.4081046572897 66901.720574062 40.5956122508051
60840 102.379540040642 -13338.5369948566 -13236.1574548159 -626.235015261946 -733.920302055 -700.044161986096 -444.740581744741 -0.515791271740154 66931.1293424246 40.6015597414211
60850 102.545768889571 -13338.6495875355 -13236.1038186459 1250.82762767248 1163.6468640941 1187.70195188153 1401.1340670418 -13.6079359169256 66776.3004583506 40.5702282929206
60860 102.269647429215 -13338.3304960503 -13236.0608486211 -1232.82832394546 -1261.74329058088 -1294.4484368755 -1142.29324438 14.8090022072341 66979.0544960883 40.6112481667387
60870 102.197114289001 -13338.2242762494 -13236.0271619604 557.151237031769 593.892905554461 482.02104497373 595.539760567116 79.6495365242796 66835.2412240169 40.5821613544836
60880 102.114098515786 -13338.0515709165 -13235.9374724008 454.104507823444 502.554090797396 374.038484218535 485.720948454399 119.829859577267 66845.2921672822 40.5841955535525
60890 102.201525550758 -13337.9847928199 -13235.7832672691 -1250.12792283452 -1253.9972430047 -1304.50839079175 -1191.87813470711 111.401327698374 66984.1167084944 40.6122712606338
60900 102.602481209293 -13338.2313635437 -13235.6288823344 1407.64324154217 1346.37385202865 1389.35931133299 1487.19656126485 100.035330268827 66767.0786860076 40.5683606311387
60910 102.369205166373 -13337.8650421364 -13235.4958369701 -820.22393771409 -894.850050803032 -812.974094436231 -752.847667903007 90.5339330060535 66951.2384951812 40.6056255187912
60920 102.360577724319 -13337.6850366005 -13235.3244588762 -172.49065579854 -205.887294678658 -183.780066914568 -127.804605802392 53.9462700125874 66898.9947718401 40.5950609091655
60930 102.755934530823 -13337.8444654002 -13235.0885308694 1027.65262906955 1051.39149107702 974.221311809369 1057.34508432226 2.59269449042382 66799.9154478825 40.5750101920586
60940 103.297551480968 -13338.1438518644 -13234.8463003834 -1298.56568891726 -1229.21884705752 -1389.84325892858 -1276.63496076567 -21.7824819475434 66989.2630962773 40.6133113138808
60950 104.193036196997 -13338.8336387944 -13234.6406025974 905.850768191328 997.587112372757 786.972291110877 932.992901090349 -11.9105832229776 66807.8297553336 40.5766125415137
60960 104.443740938642 -13338.8906325648 -13234.4468916262 -96.0200992192173 -30.5913059668833 -216.644893450176 -40.8240982405899 7.54012869047096 66889.6913096394 40.5931790068303
60970 104.186886416941 -13338.4298349727 -13234.2429485558 -658.060299996278 -650.974747751458 -742.612029788716 -580.594122448662 16.670404684844 66935.9061704333 40.6025256201082
60980 103.542802077267 -13337.5956488129 -13234.0528467356 994.871748459662 949.0485625788 987.245487511492 1048.32119528869 -5.54488799627021 66802.5615815862 40.5755459486466
60990 102.638462630383 -13336.5279714074 -13233.889508777 -790.876130841446 -838.734328451082 -727.07248342638 -806.821580646875 -59.7587285872883 66952.0447456874 40.6057885139075
61000 102.697865364259 -13336.418474435 -13233.7206090707 238.344444431246 236.444520616257 314.098226241873 164.490586435606 -92.3318834535965 66870.1059551262 40.5892167151127
61010 103.443673233483 -13336.9660251582 -13233.5223519247 345.40218303284 396.796364125338 400.976838594572 238.433346378613 -61.9161798197887 66861.9488353382 40.5875662288867
61020 104.077066666075 -13337.3934381475 -13233.3163714815 -673.273829515928 -598.06528038204 -625.980309341421 -795.775898824326 0.595604570192494 66945.4808006918 40.6044614801374
61030 104.244695342472 -13337.3775182318 -13233.1328228893 632.405985146122 671.432426623305 669.847203643525 555.93832517154 29.2853093102455 66839.7538941404 40.5830746939244
61040 103.885788574332 -13336.8579463146 -13232.9721577403 -289.489424622595 -315.029942674735 -283.700656194438 -269.737674998614 8.43255152043152 66915.2349114627 40.5983455430595
61050 103.912547115649 -13336.7284254904 -13232.8158783747 -149.325423645051 -221.9325610089 -183.8375233848 -42.2061865414516 -10.0913697069731 66901.3436415799 40.5955360104458
61060 104.286653160164 -13336.9513920912 -13232.6647389311 465.407893482797 385.153825116377 385.543960625639 625.525894706377 -10.1009917607698 66849.2680062133 40.5850001628251
61070 104.391849671212 -13336.9244576018 -13232.5326079306 -513.663103157417 -582.400571474257 -615.381597637943 -343.207140360052 15.2328133967685 66929.7548404194 40.6012818074321
61080 104.234958633729 -13336.6600296696 -13232.4250710358 315.229907909365 245.034232484992 227.853450039547 472.802041203554 77.1070587573638 66864.4330742038 40.5880688962608
61090 103.701641483509 -13336.03128487 -13232.3296433865 29.7940046990983 -79.8189134628442 -2.72404245991726 171.924970020057 134.813767353051 66891.8096549733 40.5936075206113
61100 103.398485563126 -13335.6334726633 -13232.2349871002 -339.960481601583 -487.019704419222 -309.531184316135 -223.33055606939 133.498920021146 66924.1204954624 40.6001424634162
61110 103.791520614053 -13335.9315671309 -13232.1400465168 456.497591854386 339.2829704797 496.036527199178 534.17327788428 79.2526211293323 66857.3536559208 40.5866363954762
61120 104.454524185641 -13336.5098738231 -13232.0553496375 -339.785106636196 -363.047066807005 -340.438695302337 -315.869557799247 -2.11637199008381 66920.2401943243 40.5993577746139
61130 104.997018353789 -13336.9856935408 -13231.988675187 57.2648303062062 134.032846513028 -9.18648943520662 46.9481338407954 -74.7666063381794 66886.6036499014 40.5925543971154
61140 105.230763929621 -13337.1780121695 -13231.9472482399 251.48904259612 379.278959501798 149.85483434734 225.333333939223 -94.6286617607956 66869.9851906489 40.5891922809832
61150 105.35016145248 -13337.2907729586 -13231.9406115061 -425.532567563745 -316.950270655124 -514.079658379105 -445.567773657005 -51.8615183899079 66923.9986817054 40.6001178302503
61160 105.454823064024 -13337.4344935418 -13231.9796704778 381.888796916527 415.097901328596 345.859031918033 384.709457502955 17.783094985675 66856.402408717 40.5864439055187
61170 104.937966409007 -13337.0032370607 -13232.0652706517 -132.044647835777 -184.879569666657 -118.874237030857 -92.3801368098187 43.8286126678547 66899.1165369685 40.5950855386328
61180 103.871486179458 -13336.0559164573 -13232.1844302778 -178.237741292663 -295.383635836187 -147.068352682241 -92.2612353595575 9.49889355389649 66906.1413838697 40.5965064058254
61190 102.818626656684 -13335.1363222864 -13232.3176956297 402.754440630819 276.995857177064 422.743375729364 508.524088986029 -59.134604591137 66862.1354735583 40.5876039941837
61200 102.314222459279 -13334.7677684719 -13232.4535460127 -423.075384160008 -499.78640564584 -430.003940937814 -339.435805896371 -115.130318436566 66930.4055909984 40.6014133942581
61210 102.730325787394 -13335.3144046154 -13232.584078828 217.959263603656 216.366845942443 172.313101013154 265.197843855369 -110.512865653865 66877.6735451789 40.5907477977091
61220 103.636575883712 -13336.3476776232 -13232.7111017395 106.004858334935 184.996803308288 15.4075315172085 117.610240179307 -40.5893692867811 66884.3167496438 40.5920917624668
61230 104.738904836189 -13337.5898496568 -13232.8509448206 -387.795184033118 -242.484856690649 -505.311476996911 -415.589218411793 57.9350473479923 66918.5305718328 40.5990120388242
61240 105.432954621981 -13338.4692579381 -13233.0363033162 482.701703478607 655.322402093648 361.834050425319 430.948657916851 115.782756361151 66843.6425695545 40.5838617073169
61250 104.725605871843 -13338.0084995744 -13233.2828937025 -308.9905484867 -180.181254688623 -391.851046292217 -354.939344479263 101.139468092838 66910.1520630708 40.5973175735658
61260 103.25333675732 -13336.8264971738 -13233.5731604165 -29.6141447471649 20.2954046335093 -68.7582360257799 -40.3796028492226 51.0044892553124 66891.444564517 40.5935336681933
61270 102.188315707447 -13336.0589730531 -13233.8706573456 371.058659073833 357.963703705543 364.31504683791 390.897226678047 10.4953027428387 66860.6671781682 40.5873068901619
61280 102.14627472508 -13336.3065109944 -13234.1602362693 -538.683345908001 -613.398881250268 -508.782664111188 -493.868492362548 -12.7631743325498 66935.272986942 40.6023975925095
61290 102.99705896036 -13337.442513039 -13234.4454540786 426.351358243025 288.56314190617 474.708522995305 515.782409827602 -30.4249844482349 66853.7065747047 40.5858983791735
61300 103.432566462118 -13338.1650469762 -13234.732480514 -76.3827983978585 -224.429140752661 -45.6711267687209 40.951872327806 -58.9598866215329 66891.468222528 40.5935384538684
61310 103.08883196323 -13338.1027522189 -13235.0139202557 -332.546044188988 -446.042260029562 -319.610261945526 -231.985610591878 -80.3201176534928 66911.4385868905 40.5975777686669
61320 102.714885168396 -13337.9992766843 -13235.2843915159 596.703586197474 527.59548914356 622.579983007802 639.935286441062 -73.983730681008 66834.3747746445 40.5819859852245
61330 102.842352750302 -13338.3889543463 -13235.546601596 -560.109545787565 -581.074591501031 -530.526904106494 -568.727141755173 -38.995267744587 66926.1909782178 40.6005611516626
61340 103.404273926983 -13339.2042081983 -13235.7999342713 227.322943953347 234.710163804521 226.65779112484 220.60087693068 8.43666567875231 66859.1124011447 40.5869922821668
61350 103.233816199945 -13339.270707924 -13236.0368917241 262.520331353478 283.486504553989 221.987821100859 282.086668405587 33.8013700199672 66858.0104857801 40.5867693074443
61360 102.176120413211 -13338.4267002278 -13236.2505798146 -638.884366492819 -611.42396651068 -695.114366466937 -610.114766500838 16.8341928814986 66936.320623714 40.6026094207476
61370 101.290562974201 -13337.7252671686 -13236.4347041944 694.548755329854 711.971558864332 663.733947570037 707.940759555194 -21.0268097572243 66829.4831949516 40.5809959015919
61380 100.910956405134 -13337.4912841636 -13236.5803277584 -384.452234751445 -397.846275066754 -361.46028158473 -394.050147602851 -66.4267387160136 66915.9694648283 40.5984940968843
61390 101.272818010939 -13337.9399717928 -13236.6671537818 -149.748703330429 -201.304082307358 -95.2848712671102 -152.657156416822 -97.9072578302449 66894.6998763227 40.5941921603053
61400 102.011286313845 -13338.7100258042 -13236.6987394903 630.674951486347 549.290365674754 668.884134252491 673.850354531796 -111.157550541591 66827.8209859204 40.5806594500044
61410 102.493424851773 -13339.1973798975 -13236.7039550457 -790.868868363057 -887.56571710203 -785.898399847283 -699.142488139858 -83.3380191309508 66941.7099352776 40.6036990844658
61420 102.95107635687 -13339.6574265535 -13236.7063501966 547.773895899152 443.143525146661 528.529703969153 671.648458581641 -28.7912970886692 66831.9562144197 40.5814964608771
61430 103.309254355768 -13340.0088906077 -13236.6996362519 -6.6152600204862 -115.942682969278 -30.458908548244 126.555811456062 10.0631713229667 66876.3875215211 40.5904876162276
61440 103.731954165736 -13340.4083064684 -13236.6763523026 -550.774831096141 -666.749366783819 -572.414272338238 -413.160854166363 18.369760985189 66918.0401358088 40.5989128571949
61450 103.69939706749 -13340.358155162 -13236.6587580945 837.710716645813 720.124428456011 811.717064744303 981.290656737125 1.94049621037432 66801.7648258532 40.5753846328396
61460 102.388517571433 -13339.0475002603 -13236.6589826889 -676.468870659411 -773.828884050585 -684.295710656823 -571.282017270822 -16.3859608962874 66927.4110309983 40.600807863878
61470 100.90989449513 -13337.5564450526 -13236.6465505575 175.635088400718 137.150359882724 198.487372307042 191.267533012389 -17.093360056535 66863.492689245 40.5878786177791
61480 100.2514145982 -13336.8219087308 -13236.5704941326 423.347526353497 457.87327188722 472.319491817543 339.849815355728 1.995032688925 66849.5605510183 40.5850593652367
61490 100.808758943481 -13337.2382730554 -13236.4295141119 -812.134119697035 -738.671838131624 -762.443650827343 -935.286870132142 5.97256156958719 66952.1297349569 40.6058056956324
61500 102.250424827657 -13338.5006054597 -13236.2501806321 774.7516113528 831.284956342402 802.396410311263 690.573467404735 -20.3819635688015 66820.2043421934 40.5791176761138
61510 103.176780400563 -13339.2305926039 -13236.0538122034 -333.928089978142 -318.277447591047 -345.560051346641 -337.946770996738 -73.4902307823255 66908.128262037 40.5969082598861
61520 103.306721227034 -13339.1420102693 -13235.8352890422 -275.261924511543 -313.616069771666 -321.877410943529 -190.292292819435 -109.739760624623 66902.1915139299 40.5957075051934
61530 102.929567712385 -13338.5285408322 -13235.5989731198 754.759491225547 659.945207807112 699.912993144926 904.420272724602 -91.6035204092181 66819.0452545429 40.5788830413623
61540 102.631418653823 -13337.9929487552 -13235.3615301014 -840.985757482249 -972.287267659862 -890.340268002437 -660.329736784448 -32.3974847827337 66950.7135272082 40.6055193882744
61550 103.17415156068 -13338.2992987415 -13235.1251471808 492.4769061248 355.12418270852 459.095597089077 663.210938576802 -1.62644011836505 66840.6447116767 40.5832549856017
61560 103.408128241564 -13338.2846709805 -13234.8765427389 119.229148551759 5.32636811102339 108.375342361777 243.985735182476 -26.301062211472 66871.9480297899 40.589589416188
61570 102.922371740339 -13337.5357274723 -13234.613355732 -658.133779205467 -743.224400351868 -641.572212052751 -589.604725211784 -75.4406710829867 66939.9597704947 40.6033452254464
61580 102.539819355367 -13336.8900040185 -13234.3501846631 858.752325396795 817.880831779705 884.671920356937 873.704224053745 -135.975201825942 66820.3665144339 40.5791505045134
61590 102.463211661855 -13336.5624048491 -13234.0991931872 -615.970830674734 -600.404839280754 -617.211348210545 -630.296304532902 -204.049510326195 66940.772354055 40.6035095193272
61600 103.161573895246 -13337.0086580966 -13233.8470842014 51.7340079645009 122.287853491484 -4.55943908685379 37.473609488873 -219.27785662592 66883.379195621 40.5919020944021
61610 103.727520478768 -13337.3243745446 -13233.5968540658 543.513729599381 644.894812290988 439.578837819145 546.06753868801 -168.283628666706 66841.7788297337 40.583484516312
61620 103.325925122916 -13336.7026692154 -13233.3767440924 -842.851085131478 -768.644807153916 -966.760556561872 -793.147891678646 -77.0323112500272 66958.2399153399 40.6070409127502
61630 102.777949638975 -13335.9847605226 -13233.2068108836 715.173894367035 727.873507581423 619.996776417558 797.651399102123 -9.11764297999941 66836.2938043369 40.5823743945871
61640 102.894246982074 -13335.9647167281 -13233.0704697461 -218.005750788756 -264.694050855723 -258.704306556268 -130.61889495428 -0.385561868184989 66914.2587911022 40.5981481337828
61650 104.280995118317 -13337.2303475592 -13232.9493524409 -402.962670234873 -487.128780793495 -400.564519000666 -321.194710910453 -30.6550362750605 66925.6462562657 40.6004510000832
61660 105.703254916593 -13338.5719936671 -13232.8687387505 809.332956143426 710.488921981391 836.045591710709 881.464354738178 -28.6869557820856 66819.4544373101 40.5789658727651
61670 105.383841853454 -13338.239271526 -13232.8554296726 -781.061717389097 -885.588159953712 -739.677499195979 -717.9194930176 4.32198217741708 66947.4268812338 40.6048549285862
61680 103.991967027547 -13336.8830779585 -13232.891110931 371.082455831139 257.08119131892 423.584979378864 432.581196795637 45.6563353609762 66856.4935603563 40.5864623506194
61690 102.854569321972 -13335.7750724244 -13232.9205031024 230.475685140037 103.898001075417 290.292003784228 297.237050560465 87.6711970520811 66870.9903245778 40.5893956476096
61700 102.8882181613 -13335.8127835437 -13232.9245653824 -715.256072259886 -844.525505862275 -651.045902601081 -650.196808316301 110.270222710729 66947.4262672514 40.6048548044556
61710 103.545133627332 -13336.4717705396 -13232.9266369123 827.520914971363 714.566731496533 892.158036115446 875.83797730211 93.3538863176526 66820.1800094461 40.5791127504503
61720 103.416585754284 -13336.3594346463 -13232.942848892 -501.375339547437 -582.047842197761 -458.842564114848 -463.235612329704 27.0024204432252 66930.7039016851 40.6014737147129
61730 103.222595613294 -13336.1778868619 -13232.9552912486 -76.1186020253583 -114.244458017458 -89.9196846963871 -24.1916633622298 -43.5458658895738 66897.7469433133 40.5948085088109
61740 103.632793003929 -13336.5831157998 -13232.9503227959 601.886702345217 592.700058363522 534.567340174208 678.392708497923 -74.2859463376222 66841.1755771337 40.583362426173
61750 104.417545656577 -13337.3697364119 -13232.9521907554 -811.740346000815 -822.343513471934 -901.862990644079 -711.01453388643 -66.0955088054595 66953.8013482305 40.6061436318024
61760 105.21610062121 -13338.2065103908 -13232.9904097696 608.124412208481 570.646732879259 518.824210971544 734.902292774641 -36.018690832346 66833.9758055535 40.5819052334142
61770 105.090838311694 -13338.1559782022 -13233.0651398905 -88.3451912646762 -161.099185815293 -153.231644380083 49.2952564013471 -26.9334358242421 66889.4797216085 40.5931362048195
61780 104.523307388851 -13337.6827686682 -13233.1594612794 -457.113452722606 -548.49541564934 -485.171839387711 -337.673103130766 -60.3449266004501 66920.6652956195 40.5994437416446
61790 104.073326239855 -13337.3467202401 -13233.2733940002 760.732654997425 675.719157452647 760.197896637163 846.280910902464 -99.8505991276532 66823.1960467885 40.5797232759832
61800 103.467689539603 -13336.8824331915 -13233.4147436519 -661.517208435811 -739.373469466574 -647.893848912684 -597.284306928175 -105.947624232681 66940.9641358825 40.6035482949371
61810 103.047460686173 -13336.6137517874 -13233.5662911012 228.851591276166 165.182565712133 239.36303922719 282.009168889174 -94.949415267551 66868.7095494682 40.588934180261
61820 102.639950064819 -13336.3417578816 -13233.7018078168 305.986654626664 279.368719763006 280.748017273396 357.843226843588 -115.891409471135 66861.7633728289 40.5875287014192
61830 102.347091827485 -13336.1636461819 -13233.8165543544 -664.992966500267 -655.581135882167 -738.962613164904 -600.43515045373 -120.729829154551 66940.3263126728 40.6034193356962
61840 102.434108129238 -13336.3571324027 -13233.9230242735 679.158924555885 690.190248529134 584.050992213428 763.235532925093 -84.8403417736559 66831.0765833887 40.581318417806
61850 102.589039632613 -13336.610375378 -13234.0213357453 -340.309643690127 -362.890540754516 -405.473713361402 -252.564676954463 -32.1442171590249 66916.7514909699 40.5986522502631
61860 103.336570737761 -13337.4389042874 -13234.1023335496 -159.541680964979 -203.761876385502 -182.627867320079 -92.2352991893563 -1.47522274386307 66902.9798518168 40.5958669569136
61870 104.457010028107 -13338.6350789429 -13234.1780689148 550.462431014053 510.456281325289 579.365989061751 561.565022655119 0.69409107445659 66840.6900643888 40.5832641644492
61880 104.824172205119 -13339.1052937615 -13234.2811215564 -646.193087044125 -676.028580630231 -576.40506730707 -686.145613195074 -13.0096896614638 66932.6644606933 40.6018701486521
61890 104.056639758323 -13338.482294974 -13234.4256552157 425.919335782652 404.885759255468 496.91650130872 375.955746783768 -18.1859225677443 66844.5628660871 40.5840479579678
61900 102.525535590517 -13337.1086784765 -13234.583142886 14.6663822058419 8.66158016652484 49.7056844400038 -14.3681179890025 -9.58460245641443 66882.8587080829 40.5917967985162
61910 101.740550069064 -13336.4626660985 -13234.7221160294 -432.153682294395 -426.67790118656 -409.933455135194 -459.849690561429 11.6636041961713 66921.4838665563 40.5996092779008
61920 102.441906854356 -13337.2793788913 -13234.837472037 606.888397419283 630.897161861233 651.273967964408 538.494062432208 26.7889294492889 66835.2621358759 40.5821655870228
61930 103.687772991105 -13338.6378083285 -13234.9500353374 -464.297022175306 -410.763459514422 -418.922896451488 -563.204710560007 30.826703063331 66920.5632333879 40.5994231019218
61940 104.556912020102 -13339.6329297179 -13235.0760176978 93.6571715311828 171.13657906424 105.470041803218 4.3648937260894 39.1181145398075 66873.4633369452 40.5898959983076
61950 104.176976672434 -13339.3997714252 -13235.2227947527 320.215343116417 383.281559146072 300.067852483575 277.296617719605 23.4262394404441 66854.8818628545 40.5861362111419
61960 102.696041313466 -13338.0836248894 -13235.387583576 -551.876931132245 -513.678067152992 -596.685237658081 -545.267488585661 -24.1375504510172 66928.6223309634 40.6010528031821
61970 101.290097861938 -13336.8424651267 -13235.5523672648 502.440473211572 516.434845210593 441.388894293159 549.497680130967 -61.5794920919743 66845.2216687427 40.5841812861428
61980 100.683677566469 -13336.3718669863 -13235.6881894198 -197.577777600751 -191.836723637798 -272.100377648839 -128.796231515615 -62.7935917218583 66903.348473988 40.5959415151728
61990 101.478458554037 -13337.25353587 -13235.7750773159 -210.77758952551 -190.132158579938 -297.696937328234 -144.503672668359 -54.5597480751376 66902.1355108246 40.5956961777801
62000 102.935502655362 -13338.7627787995 -13235.8272761442 502.996887669281 547.439586993611 407.907736076909 553.643339937322 -38.9937279407977 66839.4374086985 40.5830106403642
62010 103.639986488014 -13339.5163217295 -13235.8763352415 -526.285579588293 -474.669443738047 -607.516246650459 -496.671048376371 -35.2042371854667 66921.8171930424 40.5996766847676
62020 103.663981992329 -13339.6037841913 -13235.9398021989 291.134508973236 317.162239570238 245.896843655268 310.3444436942 -48.0207742506348 66855.7224210979 40.5863063052694
62030 103.393253111131 -13339.4043101123 -13236.0110570012 97.666803438125 79.8856478439535 79.6254648775414 133.489297592882 -58.4765372370157 66872.7250784139 40.5897466318984
62040 103.060369275723 -13339.1440382044 -13236.0836689287 -438.743138247417 -473.987295912431 -465.070492587441 -377.171626242378 -46.408966673461 66917.6055102408 40.5988249617946
62050 102.492013067973 -13338.6511053542 -13236.1590922862 562.722401025055 561.181023503238 476.983884436176 650.002295135751 -4.91540502960966 66836.7071674814 40.5824580578303
62060 101.383580271152 -13337.6136407963 -13236.2300605252 -392.920022979087 -341.549170070329 -542.574058750401 -294.636840116533 38.1501528201159 66917.0346169184 40.5987095080522
62070 100.70300399006 -13336.9719286649 -13236.2689246748 12.0480067825018 106.438118311696 -168.621030360607 98.3269323964162 46.5033942570352 66884.375706936 40.5921036895235
62080 100.940647576784 -13337.1922480461 -13236.2516004693 385.770578005424 487.21558129967 221.877732253275 448.218420463329 12.7430295655984 66852.0682551136 40.5855668432522
62090 101.737700179788 -13337.9173085969 -13236.1796084171 -596.969034231898 -520.72776962636 -714.852611609534 -555.326721459798 -28.1351745637844 66930.3172809706 40.601395537334
62100 102.617392037224 -13338.6870922033 -13236.069700166 506.172278740095 545.840933421631 439.055798353377 533.620104445278 -45.4029591351148 66838.2777187659 40.5827759287284
62110 102.781959503714 -13338.7090603657 -13235.927100862 -133.341219473363 -124.439985197469 -153.776643436577 -121.807029786044 -48.600373573957 66888.7916732133 40.5929970193148
62120 102.44557398415 -13338.1847387936 -13235.7391648095 -332.628663429294 -346.014826511859 -336.411627007847 -315.459536768174 -40.4266357168003 66905.3061396632 40.5963374719668
62130 102.448773798302 -13337.9494287771 -13235.5006549788 667.535649345985 627.867034655396 656.097447640137 718.642465742423 -17.1076751112425 66823.8571492524 40.5798570981096
62140 103.039202720663 -13338.2616507443 -13235.2224480236 -675.514205700096 -733.279921773176 -702.965332885208 -590.297362441904 9.14167661512784 66933.4894268405 40.6020369582413
62150 104.020792861569 -13338.9370381676 -13234.916245306 322.341556859733 235.943650707901 304.459268477819 426.621751393479 28.743365713017 66852.2703190412 40.5856077338883
62160 104.167748597805 -13338.7531765036 -13234.5854279058 260.3466939539 145.035023717376 277.066283310336 358.938774833992 33.5011841478199 66860.4923294975 40.5872715099045
62170 103.297923469082 -13337.5368002225 -13234.2388767534 -776.654203290056 -856.730149560666 -752.591027651384 -720.641432658117 5.92922681326766 66950.0279317673 40.6053807835579
62180 102.567685019131 -13336.4584433296 -13233.8907583105 933.820898665658 947.091876598797 925.941116799233 928.429702598945 -49.9306924770144 66813.4116657641 40.5777425922372
62190 102.44818552302 -13335.9971468271 -13233.5489613041 -594.438500814965 -496.952740071873 -646.817775653948 -639.544986719075 -103.13574487186 66937.9119659138 40.6029311799618
62200 103.310182072904 -13336.501641777 -13233.1914597041 -127.68430207422 -15.0527799179115 -206.610447547053 -161.389678757693 -124.900506627684 66897.4803371109 40.5947545815233
62210 104.414764597256 -13337.2341681586 -13232.8194035613 891.290453907182 944.347961750048 826.500528096898 903.022871874602 -111.393712900417 66814.9450277813 40.5780530084231
62220 105.009407193844 -13337.4966881743 -13232.4872809805 -1253.45188681413 -1289.27469606786 -1265.61745944462 -1205.46350492991 -100.919733274667 66991.9243472804 40.6138491154093
62230 105.55156521949 -13337.7994699207 -13232.2479047012 964.709514609709 856.558674297057 1005.09251375345 1032.47735577862 -105.380164760791 66809.6483277524 40.576980716118
62240 105.158973264274 -13337.237624108 -13232.0786508438 -101.800223214473 -227.986186497986 -46.0628395115549 -31.3516436338795 -117.938482406694 66895.487427652 40.5943514648272
62250 104.071402018739 -13335.9882074899 -13231.9168054711 -887.289119793377 -1002.47627300738 -841.403877298416 -817.987209074331 -137.568746469396 66961.4857653281 40.6076970542184
62260 103.176352256487 -13334.9419025158 -13231.7655502593 1473.30164438436 1384.43310509293 1502.62791427559 1532.84391378456 -134.166538191664 66772.819955446 40.5695234158419
62270 102.697221599451 -13334.3666038864 -13231.6693822869 -1284.85528868668 -1348.89912672696 -1260.03172470778 -1245.63501462531 -122.654769986905 67000.0121228291 40.6154834540812
62280 103.426739320834 -13335.0219932736 -13231.5952539528 408.590798178942 349.535251827997 459.718739653783 416.518403055046 -141.739695606617 66860.7713771202 40.5873279745693
62290 104.136410559632 -13335.6179553461 -13231.4815447865 691.829410633501 618.877967765219 774.879546605531 681.730717529753 -183.735544801997 66839.1187199528 40.5829461406726
62300 104.38684621039 -13335.7443467112 -13231.3575005008 -1403.11889234947 -1489.64756100672 -1320.88372092359 -1398.82539511811 -194.879566555796 67014.234658728 40.6183571565566
62310 105.269445325833 -13336.568322256 -13231.2988769302 1360.2053620117 1292.87191845955 1393.31507078836 1394.42909678719 -152.847077157279 66787.5037823257 40.5724970419209
62320 106.113878353211 -13337.4311767965 -13231.3172984433 -632.189164316283 -658.454265379208 -667.890537408493 -570.222690161151 -97.7844621175344 66943.9329189092 40.6041485319997
62330 106.55389675661 -13337.9107243947 -13231.3568276381 -344.635406825188 -313.607929068856 -445.85555272023 -274.442738686478 -82.1204009978403 66914.5862595931 40.5982143607866
62340 105.934059009058 -13337.3620379013 -13231.4279788922 1052.87599165172 1109.89877134977 922.947788701094 1125.7814149043 -98.8243556542369 66800.333131006 40.5750947603377
62350 104.337083483757 -13335.9022452461 -13231.5651617624 -1134.97116290455 -1111.00054884396 -1225.1270947487 -1068.785845121 -116.515895543271 66981.7620599038 40.6117953829058
62360 103.241269989741 -13334.9870935173 -13231.7458235275 657.637695881688 605.553244496153 665.05220065744 702.307642491473 -124.090208959067 66837.0530709445 40.5825280672067
62370 102.873745703627 -13334.7835012939 -13231.9097555902 61.2202750718185 -59.5926417839859 156.058349809892 87.1951171895489 -123.719258518215 66887.3190217509 40.5926991130256
62380 103.373365165484 -13335.4171893565 -13232.0438241911 -624.389298479875 -772.273371573291 -506.582035836295 -594.312488030037 -83.4129329178233 66942.7204027224 40.6039033841451
62390 104.055247271131 -13336.2376788516 -13232.1824315804 787.639757337414 662.702476656953 868.768059489765 831.448735865523 -28.9230445461166 66826.0719210638 40.5803054117037
62400 103.86471263411 -13336.210056641 -13232.3453440069 -542.133944767954 -609.261376631859 -516.710343359691 -500.430114312306 7.38222129162339 66935.2854855391 40.6024001196922
62410 103.451523113663 -13335.9674525039 -13232.5159293902 85.4253229665879 84.8569007682542 74.6459909279309 96.7730772035794 23.7293508789279 66884.4508070714 40.5921188822663
62420 103.650696811916 -13336.3301246799 -13232.679427868 336.317297653317 394.434328682881 316.311744094679 298.20582018239 19.5848993579681 66862.025943929 40.5875818314274
62430 104.699801396192 -13337.5496627977 -13232.8498614015 -543.213701437848 -467.316486754721 -560.663831650037 -601.660785908786 -26.2212609150118 66928.8873434055 40.6011063914656
62440 105.776121045038 -13338.8341123377 -13233.0579912927 469.029096169145 514.125318408884 457.425704683827 435.536265414724 -103.48956234846 66841.1409826568 40.5833554246981
62450 105.422873236346 -13338.7385211417 -13233.3156479053 -160.617571644266 -179.367766678758 -148.339768838694 -154.145179415345 -143.406287577594 66893.5564796602 40.593960873779
62460 103.962541653738 -13337.5678520306 -13233.6053103769 -192.650774400269 -279.746698066546 -142.002791630483 -156.202833503776 -141.379826178553 66901.1458870855 40.5954960114604
62470 102.668323214291 -13336.5620353388 -13233.8937121245 428.838664704348 284.132974242303 509.378403725878 493.004616144864 -113.638472700537 66853.7813575953 40.5859135123642
62480 102.309662085264 -13336.4724636643 -13234.162801579 -447.06437873071 -599.886610297089 -368.459904252903 -372.846621642137 -64.3191131476651 66923.7584318542 40.6000692468616
62490 102.77251398169 -13337.1759716933 -13234.4034577116 233.598730775151 102.560692375202 291.364666619148 306.870833331107 -39.7997594588056 66863.8275078566 40.5879463655337
62500 103.014970834817 -13337.629275174 -13234.6143043392 100.402748446531 -3.04425210106016 139.699299801625 164.553197639027 -48.8282466450591 66872.8361608004 40.5897691064495
62510 102.964784141336 -13337.7601227475 -13234.7953386062 -371.104911808876 -444.15802022248 -335.623556564148 -333.533158640004 -67.5441466675811 66911.7584377957 40.5976424569154
62520 103.256787525617 -13338.2096750073 -13234.9528874816 452.938103725067 422.254331016478 479.483984991966 457.075995166757 -78.3445352211724 66843.9565861504 40.5839252585421
62530 103.679876930084 -13338.7750280264 -13235.0951510963 -301.462732575156 -287.503213618766 -300.621003774919 -316.263980331782 -84.6482881540096 66903.7773266809 40.5960282554334
62540 104.027046050566 -13339.2508626042 -13235.2238165536 -5.43046750790116 23.1384578434076 -52.4667750280099 13.0369146608985 -67.4258518358707 66878.2251102013 40.5908593863953
62550 104.009461690788 -13339.3492168675 -13235.3397551767 319.204497911638 355.251506530957 206.205247335482 396.156739868477 -31.9030658760416 66850.3558925565 40.5852203179553
62560 103.492600959613 -13338.9373656349 -13235.4447646753 -470.43427078552 -431.671831522406 -615.242474734193 -364.388506099962 -7.11757881667036 66913.8477768316 40.5980650102318
62570 102.679836769665 -13338.2151840653 -13235.5353472956 385.160343111064 395.070616970633 262.809900375968 497.60051198659 -11.4020277088333 66843.8783877137 40.583909432625
62580 101.617699487878 -13337.2130257509 -13235.5953262631 -84.3046492647371 -126.698863756432 -142.690950519614 16.4758664818369 -33.0172380092527 66883.7250186314 40.5919720549302
62590 100.922452044799 -13336.530883832 -13235.6084317872 -266.815039966313 -345.678354103488 -277.360814223316 -177.405951572131 -69.2285521631988 66901.6022314338 40.5955883142294
62600 100.843767720711 -13336.4168990961 -13235.5731313754 490.165416978594 389.653864480554 505.007438726357 575.834947728871 -86.7321028235638 66842.5479696748 40.5836401787321
62610 101.115806043709 -13336.6201625427 -13235.504356499 -467.957221635481 -571.448972389572 -422.034858608413 -410.387833908455 -63.3538795142474 66921.0645509757 40.5995244815927
62620 101.935616583165 -13337.3468718009 -13235.4112552178 189.926578719137 121.531911617391 270.6268329406 177.620991599424 -26.9780561572885 66864.5867740808 40.588099995886
62630 103.021057606672 -13338.323996073 -13235.3029384664 206.841019914783 207.615182564444 272.167452186508 140.740424993398 5.41178889745386 66859.5024313562 40.5870712049535
62640 103.915975565506 -13339.1112898461 -13235.1953142806 -510.359984819622 -465.620942520353 -501.859592727131 -563.599419211381 -1.77246334944266 66916.5033184045 40.5986020611156
62650 104.125776029073 -13339.2383734902 -13235.1125974611 575.254760770246 608.268933706053 554.088344171646 563.40700443304 -31.2464203333987 66828.6569699739 40.5808286641741
62660 103.227278469874 -13338.2832595937 -13235.0559811238 -330.816222610104 -347.821822881787 -341.321567602704 -303.305277345824 -46.2599423124981 66905.8078728127 40.5964389510996
62670 102.531112198297 -13337.5312077298 -13235.0000955315 -109.642168560858 -171.78621052006 -122.85945045511 -34.2808447074036 -28.1716832744737 66891.1130593266 40.5934666093469
62680 103.000015703089 -13337.9245690836 -13234.9245533805 527.807353084389 451.561883610289 473.881086312541 657.979089330338 7.13244498500331 66839.0896532335 40.5829402578238
62690 103.9781156517 -13338.8250577464 -13234.8469420947 -707.116194839075 -770.901477139579 -802.991431921211 -547.455675456435 41.6479424000401 66937.1215636605 40.6027713663192
62700 104.415721918445 -13339.209520117 -13234.7937981986 527.301078925821 488.160787880608 436.1152947631 657.627154133754 51.7578367791314 66833.3333162263 40.5817751921479
62710 103.307067303708 -13338.066960305 -13234.7598930013 -27.8047350037644 -43.0614816400391 -57.215507762929 16.8627843916744 21.9504096997522 66879.2568990375 40.5910681288777
62720 101.712891249051 -13336.4239790016 -13234.7110877526 -536.083523856741 -532.899691164703 -485.354516954609 -589.996363450909 -31.6220483531973 66924.2479722646 40.6001682417306
62730 101.213773996541 -13335.8410608191 -13234.6272868226 873.209742260789 877.597454581881 974.374541667393 767.657230533091 -73.0676955221035 66812.438391505 40.577545558622
62740 101.736514166508 -13336.2559626514 -13234.5194484849 -766.373320179024 -789.723861445657 -669.997439329879 -839.398659761534 -95.2672256191311 66947.9356640577 40.6049577903957
62750 102.895744797431 -13337.2831730766 -13234.3874282791 224.710494652193 174.805073913259 284.264092764776 215.062317278544 -116.770063392014 66866.8579936026 40.5885595487713
62760 103.472389997735 -13337.6941009841 -13234.2217109864 509.484665755262 455.984754493622 521.221122438581 551.248120333581 -127.234954998453 66843.9496990935 40.5839238647297
62770 103.280738360808 -13337.3175322477 -13234.0367938869 -1047.70250219231 -1106.01868534693 -1071.04484513857 -966.043976091437 -111.963389122441 66974.0274018268 40.610232119349
62780 103.654831179215 -13337.5228337176 -13233.8680025384 1072.74491044499 991.222955082035 1043.47729724029 1183.53447901263 -79.5679775331545 66799.920892827 40.5750112944985
62790 104.511071663263 -13338.2388117907 -13233.7277401274 -513.584430116701 -599.443508191432 -543.758930328497 -397.550851830175 -38.1648020325356 66924.6718177435 40.6002539513796
62800 105.482150058953 -13339.0652112619 -13233.5830612029 -379.594847165755 -432.380337586706 -419.749530108413 -286.654673802144 -23.5656773217316 66909.1325618846 40.5971113805226
62810 105.477528806715 -13338.9215318146 -13233.4440030078 1159.4992525895 1153.30291344844 1111.50538458828 1213.68945973179 -52.750536862138 66782.8533440353 40.5715553274656
62820 103.891245268569 -13337.2489533086 -13233.35770804 -1349.90236146882 -1321.66373033023 -1379.70381658151 -1348.33953749472 -73.738907149038 66993.0256257298 40.6140716641823
62830 102.239046637998 -13335.563359046 -13233.324312408 840.749284129003 883.464668894736 812.874780883349 825.908402608925 -56.2695091797532 66821.3259618028 40.5793447236059
62840 101.224045782412 -13334.4753320377 -13233.2512862553 147.23730757035 192.647899675208 108.103194728203 140.960828307637 -26.5019730975262 66882.9797000497 40.591821275532
62850 101.718941919329 -13334.8057617434 -13233.0868198241 -1096.60594191553 -1052.49002695026 -1143.11046656948 -1094.21733222684 -9.03881748570456 66985.3657621046 40.6125236915644
62860 103.464628089424 -13336.3497088301 -13232.8850807406 1474.5681424372 1512.63429897234 1427.9135607927 1483.15656754658 9.08053665506673 66772.9604260716 40.5695518646546
62870 104.620231552415 -13337.3365017445 -13232.7162701921 -1073.08294950011 -1043.49062432731 -1109.48723896771 -1066.27098520532 24.0708643688874 66978.0907174564 40.6110533772819
62880 105.337957896251 -13337.893406988 -13232.5554490917 136.560460595419 154.170238233153 123.067740243057 132.443403310046 33.4714986864571 66874.4120899567 40.5900879509
62890 105.432078829241 -13337.8070480064 -13232.3749691772 820.33968826385 818.060090777026 850.667067274437 792.291906740087 40.619988542318 66816.635527426 40.57839523029
62900 105.120221433201 -13337.3337174909 -13232.2134960577 -1253.73332325757 -1294.03766811666 -1181.33284321556 -1285.8294584405 44.7235707385121 66988.6232043845 40.6131819985736
62910 105.175408235417 -13337.2894196131 -13232.1140113777 1014.34392159773 941.680138047341 1095.41697619386 1005.93465055199 37.4688122713954 66806.3583343284 40.5763146437045
62920 104.680109011819 -13336.7260645758 -13232.045955564 -312.231979064741 -402.937779493504 -272.965103814523 -260.793053886197 25.5370472481508 66918.0777756209 40.598920469169
62930 103.98905462487 -13335.9588954333 -13231.9698408084 -380.133108929076 -475.778326271783 -401.433270451733 -263.187730063709 16.9221103752912 66926.8146694111 40.6006872713646
62940 103.681809604674 -13335.5690332777 -13231.887223673 718.011272638336 639.266050540799 642.371333299162 872.39643407505 -5.66730628295117 66838.4844408562 40.5828177677659
62950 103.857845859685 -13335.6698863718 -13231.8120405121 -637.546906464982 -699.609440207878 -726.674275458091 -486.35700372898 -25.8822507181815 66948.264488755 40.6050242693741
62960 104.717809674128 -13336.4564476751 -13231.738638001 282.753205308465 220.810435786444 218.736849168258 408.71233097069 -30.549421240463 66870.008960777 40.5891970903665
62970 105.571572409846 -13337.243621935 -13231.6720495252 121.016131364471 46.1896400792896 87.9163479245808 228.942406089543 -52.0752810394435 66879.4222010762 40.5911015711391
62980 105.866888230012 -13337.4993364878 -13231.6324482578 -383.083561297105 -476.293383907941 -388.260424124926 -284.696875858448 -84.5918289100285 66919.6651143182 40.599241477234
62990 105.32767511758 -13336.9697777552 -13231.6421026376 433.94466198552 314.196471402821 464.755674832402 522.881839721338 -113.715681679692 66855.1777484486 40.5861960862773
63000 104.125234902108 -13335.8246931521 -13231.69945825 -268.152818851276 -409.808307772288 -194.465676439315 -200.184472342227 -105.547404644234 66915.4284776378 40.5983846893959
63010 103.307807726451 -13335.0913498443 -13231.7835421178 -10.9076023496558 -160.512332385321 87.2766717409292 40.5128535954246 -61.2371467143883 66895.4844154381 40.5943508555241
63020 103.36962140964 -13335.2487038838 -13231.8790824742 256.30565469442 111.93790311245 358.939105014856 298.03995595595 -21.8377799810303 66873.1400249311 40.5898305851052
63030 104.021323916099 -13336.0133086653 -13231.9919847492 -359.493470799278 -469.670414488969 -294.283540190393 -314.526457718472 -19.3768905143519 66920.963971392 40.5995041417822
63040 104.533198977719 -13336.6717290021 -13232.1385300244 280.500815457677 225.793259113014 270.147000550806 345.562186709212 -72.5201833863937 66865.1775767227 40.5882195384184
63050 104.21048941351 -13336.5370373129 -13232.3265478994 -59.8454940131121 -48.8948319383777 -151.592271115994 20.9506210150351 -145.243711125862 66892.5867031378 40.5937647051069
63060 103.576580574862 -13336.1246216737 -13232.5480410988 -178.333617657068 -127.036290967627 -305.069863077275 -102.894698926303 -183.599352405869 66903.711954016 40.5960150331036
63070 103.509023122579 -13336.3015683924 -13232.7925452698 319.174591744079 394.400600219646 199.84777068313 363.275404329461 -173.626018057315 66862.1113811657 40.5875991192143
63080 104.043270827232 -13337.1040072279 -13233.0607364006 -294.642630631065 -185.627000002414 -403.72779739335 -294.573094497434 -124.030599480753 66909.3100919453 40.5971472859414
63090 104.592921890634 -13337.9518260153 -13233.3589041246 123.998827467059 277.23676126355 20.3340650538041 74.4256560838217 -77.9241676523573 66873.4423390534 40.5898917499741
63100 104.102713787415 -13337.7883097443 -13233.6855959568 116.720751650559 293.949526673233 18.3730948186498 37.8396334597939 -74.8754989919782 66874.8164531388 40.5901697614837
63110 102.659446786092 -13336.6807946255 -13234.0213478394 -291.704439595334 -133.966034603085 -368.341928798583 -372.805355384333 -87.6731335057146 66910.6407355535 40.5974164063192
63120 101.487006706314 -13335.8224656981 -13234.3354589918 320.768530838337 431.154141509214 269.845452962025 261.305998043774 -92.0909556540598 66862.7964994996 40.5877377488643
63130 101.214260088793 -13335.8196140824 -13234.6053539936 -186.12449658196 -155.814141780316 -213.174946958087 -189.384401007476 -74.2621090372902 66904.801827816 40.5962354707626
63140 102.001358556227 -13336.8263058914 -13234.8249473351 -56.1266436581855 -109.493163778549 -73.0802274439695 14.1934602479599 -52.1661698371546 66890.8393846968 40.593411248644
63150 103.303766227215 -13338.3148173197 -13235.0110510925 275.779856593065 192.455221588104 259.130137599669 375.754210591423 -41.024163523567 66858.6086374566 40.5868903449063
63160 104.157644596456 -13339.3475099901 -13235.1898653936 -351.930617659644 -409.633142680414 -371.115184446245 -275.043525852273 -35.8361694380943 66906.6225631834 40.5966037269973
63170 104.314302870775 -13339.6952035616 -13235.3809006908 254.494422000193 253.763666297936 232.823713483063 276.895886219581 -17.3933595023149 66857.1854227011 40.5866023527177
63180 103.863099776253 -13339.4465487174 -13235.5834489411 -6.50459616044325 53.2442029079193 -52.9270775798938 -19.8309138093539 3.70448203233251 66879.3926855457 40.5910955998552
63190 103.168585414288 -13338.953527602 -13235.7849421878 -264.296978193539 -164.448397767821 -356.543248097442 -271.899288715354 -4.06537011048086 66902.2016201546 40.5957095493184
63200 102.683584547921 -13338.6581551045 -13235.9745705565 419.940080766997 524.004552770634 291.438788752753 444.376900777601 -24.5038917647081 66846.7706895339 40.5844947727987
63210 102.340006962727 -13338.4890206115 -13236.1490136487 -367.510450971164 -301.327619552763 -476.8646713055 -324.339062055227 -29.3127356817955 66908.8926068244 40.5970628495594
63220 101.936364369465 -13338.236403204 -13236.3000388346 109.360571302859 121.47019730673 82.2202506613823 124.391265940467 -5.51236837469466 66868.311619069 40.5888536662561
63230 101.21622261812 -13337.6290844522 -13236.4128618341 253.287407506061 215.516904554458 329.171853887232 215.173464076492 39.6138250568948 66857.688370333 40.5867041262928
63240 100.913169854176 -13337.3915266908 -13236.4783568366 -527.760471769374 -603.320645025303 -402.493320248171 -577.467450034647 93.9223610196508 66922.993900005 40.599914642254
63250 101.664503911559 -13338.1673362467 -13236.5028323351 552.190073344479 463.506283334847 633.324431365699 559.73950533289 97.7760432650098 66835.7020127738 40.5822546174606
63260 102.514695349803 -13339.0146477985 -13236.4999524487 -264.915134371082 -318.696653407268 -285.286406857956 -190.762342848024 28.357129378008 66903.3767962211 40.5959472436731
63270 102.837264045077 -13339.3104049827 -13236.4731409376 -219.969678302104 -217.714233809928 -339.324108054433 -102.870693041947 -48.8082128986717 66900.5955042741 40.5953846873857
63280 102.51994206992 -13338.9424714727 -13236.4225294028 664.372471522036 705.73375091179 507.267076132531 780.116587521786 -84.1423772382068 66827.7394325401 40.5806429424518
63290 101.855435334705 -13338.2122178616 -13236.3567825269 -806.635825847091 -755.007835876378 -917.476074276078 -747.423567388815 -66.1322954449402 66947.1365689448 40.6047962352404
63300 101.936526251337 -13338.2113856368 -13236.2748593854 521.008162870396 579.382128617268 491.797856514426 491.844503479494 -27.802722799812 66837.2789785054 40.5825737897971
63310 102.586286771862 -13338.7435168578 -13236.1572300859 98.2238280497546 160.409826363364 149.757352112069 -15.4956943261685 -6.13107059951142 66868.7705770868 40.5889465280654
63320 103.442167329358 -13339.4337500978 -13235.9915827684 -739.188782627364 -698.215602481128 -634.036982622815 -885.313762778148 -24.6470034771203 66933.4477649408 40.6020285341656
63330 104.068971880505 -13339.8848671361 -13235.8158952556 1056.76322778642 1044.46029068682 1153.85472112007 971.974671552394 -79.3594594414086 66786.7210563347 40.5723385428494
63340 103.650850923736 -13339.3133613643 -13235.6625104406 -811.21413576188 -859.241957048913 -775.7487530759 -798.651697160824 -126.010925701203 66943.2404432303 40.6040085268688
63350 103.107040424535 -13338.6146612079 -13235.5076207834 109.847664571768 77.7801434790717 89.2837143749864 162.479135861246 -139.759299863273 66871.2004983396 40.5894381713657
63360 102.516484163009 -13337.8172891172 -13235.3008049542 693.188685282022 674.958007584389 692.753816322608 711.854231939071 -118.617284127924 66826.647105558 40.5804218387947
63370 101.755993768425 -13336.8027224087 -13235.0467286402 -1157.70604304187 -1168.44975074153 -1079.69235732273 -1224.97602106135 -80.0573810444826 66982.1739435758 40.6118786259688
63380 101.648366366841 -13336.413728573 -13234.7653622061 1024.70275669579 1052.42284319345 1157.80130124159 863.884125652328 -54.7116971209956 66807.321006159 40.5765095427553
63390 102.199597384801 -13336.6358805343 -13234.4362831495 -350.779633148758 -266.69912807876 -252.245826396671 -533.393944970844 -43.2394972374044 66918.9279384446 40.5990923985282
63400 103.722862458175 -13337.7458292622 -13234.022966804 -517.253482737774 -375.68485015378 -522.138217833894 -653.937380225648 -52.4718169582868 66928.5686803997 40.6010419544606
63410 105.247554025712 -13338.8204176101 -13233.5728635844 1117.69801480597 1319.16570628563 1006.25931144276 1027.66902668952 -63.5764662348031 66792.2010358344 40.573448192089
63420 105.580171482893 -13338.7528746539 -13233.172703171 -1116.15589103067 -873.342900142257 -1295.36986263652 -1179.75491031322 -61.8326084026359 66975.3625795067 40.6105019827438
63430 105.380926929068 -13338.2321133604 -13232.8511864313 551.979926095242 787.538284519587 371.899702493774 496.501791272362 -58.0197843682482 66840.6562844166 40.5832573277865
63440 104.495194695154 -13337.06212041 -13232.5669257149 283.268453704106 452.176792255795 200.224140683426 197.404428173097 -46.7805123463361 66865.380727661 40.5882606436535
63450 103.409248449217 -13335.7105631312 -13232.3013146819 -940.102171758943 -877.089241608067 -880.006639741224 -1063.21063392754 -40.9074479874968 66967.6386616824 40.6089407905537
63460 102.688030608073 -13334.7599693015 -13232.0719386934 1096.54835270402 1053.06252708268 1280.68060154626 955.901929483116 -39.4281990256526 66801.6260982706 40.575356545114
63470 102.110726151235 -13333.9885470263 -13231.8778208751 -678.796676192115 -782.204525189449 -442.873942360173 -811.311561026723 -31.5548738207606 66948.7932271004 40.6051311647357
63480 102.74514986891 -13334.4249941018 -13231.6798442329 -63.8265623300002 -152.97207987634 134.20473201945 -172.712339133113 -17.6836773415954 66898.9750259658 40.595056915159
63490 104.284089667928 -13335.757301523 -13231.473211855 728.363669832939 692.044846374925 846.409539884886 646.636623239006 5.87135459375291 66831.2864489245 40.5813608961043
63500 105.308902179804 -13336.6170282008 -13231.308126021 -983.181168290253 -942.286545307498 -948.19485664298 -1059.06210292028 41.8285393888637 66970.6131209161 40.6095420155286
63510 105.49478194621 -13336.7173462507 -13231.2225643045 738.565537485782 849.517693372085 737.415695992622 628.763223092639 56.9915612741669 66829.8088893613 40.5810618254995
63520 104.923429047244 -13336.1152531107 -13231.1918240634 -130.098793763459 15.9670172340302 -114.985280752405 -291.278117772004 50.497318841736 66901.5274612731 40.5955731908259
63530 104.826345115655 -13336.0046497433 -13231.1783046277 -510.061066483667 -388.374546522114 -464.119484780713 -677.689168148175 40.3046787688784 66931.0571973194 40.6015451532672
63540 105.541354562482 -13336.7319395083 -13231.1905849458 850.801072044098 894.338401388116 925.708187083675 732.356627660502 49.749796991694 66816.1772855907 40.5783024651641
63550 105.976163467787 -13337.2315648686 -13231.2554014008 -733.148224657768 -772.485472716985 -636.52141976591 -790.437781490412 68.9704961197502 66944.1481565021 40.6041920486633
63560 105.663680144622 -13337.0320386808 -13231.3683585362 267.311419544178 209.583232183202 351.342699983342 241.008326465989 48.2574218227628 66864.924708645 40.5881683733807
63570 104.370569503057 -13335.8636867682 -13231.4931172651 314.933584110324 286.357453248922 356.545257109848 301.898041972202 15.6613283964792 66866.4634557618 40.5884797197169
63580 102.965060111413 -13334.5759356927 -13231.6108755813 -708.322646439414 -723.80276882188 -687.641219778402 -713.523950717961 15.3955958626759 66953.747632965 40.6061327727209
63590 102.531184743811 -13334.2471216123 -13231.7159368684 722.200274557602 690.836279081892 760.961029986368 714.803514604545 24.6394398299382 66837.8212254345 40.582683537515
63600 102.666577940869 -13334.4712363721 -13231.8046584313 -371.533244084327 -414.031479320167 -313.092781222318 -387.475471710495 10.1238304297421 66926.1325501951 40.6005493366011
63610 103.267033969629 -13335.1322771472 -13231.8652431776 -155.338954782849 -172.943350732062 -98.819953649099 -194.253559967388 -37.2364151307975 66904.2292827606 40.5961196682115
63620 103.876126642488 -13335.7856420015 -13231.909515359 582.701302085118 617.528880038392 606.348991887947 524.226034329011 -78.1398597650342 66840.2365972237 40.5831723879213
63630 104.256901611066 -13336.2188991459 -13231.9619975348 -690.400225187 -601.67612493768 -725.467843933249 -744.056706690069 -80.437860215193 66942.5339149227 40.6038656795743
63640 105.228332519141 -13337.2692800046 -13232.0409474854 450.49240507627 559.622959313635 374.319151431233 417.53510448394 -65.1704088667676 66848.3269328924 40.5848097162615
63650 106.38317278031 -13338.535819546 -13232.1526467657 14.5540270489068 92.9151741740065 -31.465838242846 -17.7872547844419 -54.8111390444107 66882.9787216419 40.5918210775975
63660 106.745236614118 -13339.0533513091 -13232.308114695 -454.730683120606 -461.340853662363 -421.880942562399 -480.970253137059 -28.7018739944871 66921.4038519286 40.5995930969291
63670 105.728838512009 -13338.2482544284 -13232.5194159164 660.880400520062 558.542313335522 770.93593321121 653.162955013455 15.5136079438216 66833.5062131517 40.5818101869514
63680 103.838320707796 -13336.6094444219 -13232.7711237141 -522.235202682603 -659.258065359782 -372.268258547232 -535.179284140794 36.0815067425567 66933.8753371597 40.6021149895081
63690 102.78553362938 -13335.8050000155 -13233.0194663861 114.150403022685 17.0979738421496 264.026407548629 61.326827677277 11.0587544659725 66881.9205582248 40.5916070071546
63700 102.782444757355 -13336.0156830982 -13233.2332383408 341.503287166635 338.969718239892 445.260255743969 240.279887516044 -42.79449312147 66861.8101558553 40.5875381677514
63710 103.450668716413 -13336.8691932026 -13233.4185244862 -620.808529674491 -522.621567205299 -595.686826796633 -744.117195021541 -87.7726952704422 66937.2174273632 40.6027907493365
63720 104.404560041351 -13338.0077768422 -13233.6032168009 579.399548850652 759.901782197698 517.483709469852 460.813154884407 -93.363830104555 66833.3013449948 40.5817687210778
63730 104.36663483926 -13338.1662150498 -13233.7995802106 -229.33678303513 -31.6946907396811 -312.31264309712 -344.00301526859 -61.0183356119691 66896.3919167407 40.5945344217744
63740 103.376083012125 -13337.3679752289 -13233.9918922168 -222.379800551813 -69.5688790201894 -259.931359228764 -337.639163406484 -9.83758011491009 66898.8358258156 40.5950287590628
63750 102.330039653216 -13336.4891034938 -13234.1590638406 569.175366810693 660.78444029466 591.086806793861 455.654853343557 8.44136584867768 66839.59547227 40.5830426309115
63760 102.165289331025 -13336.4652597142 -13234.2999703832 -626.398141691907 -570.058847653162 -570.641410484126 -738.494166938433 -19.2960241103815 66938.9944515029 40.6031500487098
63770 103.477241153816 -13337.8965809244 -13234.4193397706 348.933462155857 387.659939786249 394.18695254498 264.95349413634 -52.5336786364799 66856.0038743333 40.5863632594127
63780 104.67411753388 -13339.204990708 -13234.5308731741 115.487120491927 125.929408407345 138.626620617732 81.9053324507044 -54.0053807444808 66870.8582597365 40.5893689273253
63790 104.388955054275 -13339.035045827 -13234.6460907727 -524.255912310586 -541.087968027433 -504.353215394045 -527.326553510281 -13.2761615579455 66922.3023827456 40.599774801736
63800 103.154441275088 -13337.9259935049 -13234.7715522298 686.388076944465 652.034489989133 726.433531637985 680.696209206274 38.0455562843521 66824.9812329854 40.5800846361149
63810 101.923808390834 -13336.8165786065 -13234.8927702157 -493.953755823471 -539.660942350819 -439.875397307577 -502.324927812017 57.9899518762735 66922.9634199399 40.5999084785119
63820 101.772647803669 -13336.7534208372 -13234.9807730335 26.5213448509037 -17.6858097825909 74.6462069934099 22.6036373418926 45.9220545537237 66879.9889152888 40.5912162226938
63830 102.333490521552 -13337.3554961295 -13235.022005608 490.369346050821 453.866360970526 508.710248736568 508.531428445369 1.09928087239965 66842.0162627072 40.583532569322
63840 102.833061742403 -13337.8695814627 -13235.0365197203 -782.048196453364 -800.705625573068 -802.054121368191 -743.384842418831 -12.0426817998352 66946.0255846893 40.6045716225029
63850 103.234233780291 -13338.2868745352 -13235.0526407549 678.753289856485 666.287308806302 637.711961386546 732.260599376611 30.1396733402466 66827.0455045667 40.5805024811153
63860 103.251683444337 -13338.3228907417 -13235.0712072974 -194.755380412448 -233.864055495329 -213.662034541536 -136.740051200481 64.3952226306874 66897.8942409053 40.5948383031036
63870 103.277063644668 -13338.3493529044 -13235.0722892597 -436.487148174567 -513.659196460884 -401.91924573403 -393.883002328785 57.1807542018657 66917.0656362452 40.5987157812154
63880 103.18467926144 -13338.2442070765 -13235.0595278151 900.947496942953 821.835525098395 967.816680201783 913.190285528683 24.3705129633866 66809.0794879032 40.5768655537641
63890 102.433775691583 -13337.4891547803 -13235.0553790887 -912.452175186005 -952.604620767352 -845.930908826535 -938.820995964128 -21.7396682797276 66961.3179571582 40.6076631326841
63900 102.042318346456 -13337.0936515934 -13235.0513332469 429.491015154253 445.978729570976 491.113363900232 351.38095199155 -41.9588653963248 66852.9710789154 40.5857495424156
63910 102.226418782689 -13337.2358243905 -13235.0094056078 323.684946252291 395.748633684363 380.993216247401 194.312988825109 -22.3653017218914 66859.039144104 40.5869774585378
63920 102.77223203374 -13337.6933192526 -13234.9210872188 -963.170000423547 -866.696733176091 -913.09221739506 -1109.72105069949 -4.57709856696356 66961.1690604122 40.6076330339466
63930 103.357159698917 -13338.1916071704 -13234.8344474714 1143.36674921425 1207.6643319779 1185.82113810595 1036.61477755889 -12.3785014181904 66787.91628331 40.5725805713216
63940 103.279108455314 -13338.0539379747 -13234.7748295194 -709.339563644476 -719.702675093571 -688.764407166346 -719.551608673509 -67.8631342357272 66939.5202842823 40.6032563664673
63950 103.396389942481 -13338.1022208203 -13234.7058308778 -130.365419670621 -184.35474462079 -151.759051272721 -54.9824631183519 -133.663982548454 66891.806257919 40.5936068334385
63960 103.694099544455 -13338.2967584731 -13234.6026589286 946.652776915883 896.524450041075 899.389934592045 1044.04394611453 -175.430626973317 66803.1366825754 40.5756623861459
63970 103.55047561507 -13338.055120596 -13234.5046449809 -1279.91848550787 -1315.6512935274 -1302.82391361133 -1221.28024938487 -154.594768324216 66987.6590420438 40.6129871501222
63980 103.486173799037 -13337.9328167833 -13234.4466429842 958.277032808871 928.184154703448 982.392621392194 964.254322330971 -92.1041796606309 66808.5670525098 40.5767618100046
63990 103.156638238782 -13337.5455121239 -13234.3888738851 -128.364812163204 -165.001629843653 -43.2471289843577 -176.845677661601 -5.81899907136359 66899.4074323623 40.5951443780061
64000 103.133362685899 -13337.4164043885 -13234.2830417026 -771.068832358477 -812.526072983024 -633.3275495715 -867.352874520906 55.6541045861066 66950.8582660552 40.6055486495599
