# Fix print output for fix setl_out
540000 939.36640397047 -11870.2462827971 -10930.8798788267 -523.181279774538 -355.439873291195 -515.830751441006 -698.273214591389 -575.040279225308 79819.6130318076 43.0562834332261
540010 927.831373271888 -11858.7654444375 -10930.9340711656 -53.0394819220458 150.874862548074 -129.678466256456 -180.314842057746 -290.574146248186 79781.443092229 43.049419131281
540020 916.200380243427 -11847.1230885398 -10930.9227082964 542.288799776328 822.78307300652 324.694705318071 479.388621004397 233.094323011604 79735.9406776664 43.0412333303354
540030 919.08318334872 -11849.7752179066 -10930.6920345579 386.001079264733 515.149149492981 101.374769816187 541.479318485037 658.877422422735 79781.2002492993 43.0493754525455
540040 929.940132819524 -11860.1687892598 -10930.2286564403 -332.968865318531 -564.406780711348 -697.279237433257 262.779422189014 741.232051800175 79893.7566607422 43.0696108225056
540050 933.081363752497 -11862.7665218496 -10929.6851580971 -698.20618208378 -1180.71782362136 -1078.45018668435 164.549464054353 607.346028338265 79951.6066618712 43.0800036909352
540060 926.09503092833 -11855.2692248973 -10929.174193969 -171.203040011128 -1006.30613140998 -310.842889261506 803.539900638097 564.773479843013 79891.5930902902 43.0692220354363
540070 921.854129084339 -11850.3793668018 -10928.5252377174 421.306354894731 -742.353493615747 587.71376116762 1418.55879713233 657.518690633355 79793.50630649 43.0515887594337
540080 930.068430123071 -11857.7597136154 -10927.6912834923 590.377290239934 -514.609619605447 678.081452559927 1607.66003776531 632.630552990678 79764.9902194811 43.0464596489687
540090 936.037822759444 -11862.8194847337 -10926.7816619743 251.131971769885 -487.670092275242 -154.23477163339 1395.3007792183 334.791085018997 79843.842644087 43.0606396370551
540100 929.350344763825 -11855.1825537786 -10925.8322090147 -193.874800591053 -527.324717633747 -1191.13574689125 1136.83606275185 78.8356348371358 79981.7123570031 43.0854102560511
540110 920.538663005419 -11845.2693342753 -10924.7306712698 -391.982117401093 -470.525975812041 -1901.54248407317 1196.12210768194 175.70056935051 80103.6817359346 43.1073003921541
540120 920.228446873278 -11843.5451644581 -10923.3167175848 -485.594384376233 -701.15924091668 -2289.81606230598 1534.19215009397 423.882636981071 80165.1760897286 43.1183285058559
540130 922.158673408837 -11843.6583302177 -10921.4996568089 -457.360921487613 -1161.12935325764 -2075.55053270353 1864.59712149834 354.899804941824 80137.1145302821 43.1132967750935
540140 924.083357757586 -11843.3081512249 -10919.2247934673 102.852891182945 -806.011722698366 -1055.96227455042 2170.53267079762 30.1054990615444 80016.0190083926 43.0915696009802
540150 931.564545478297 -11847.993254441 -10916.4287089627 820.365732447905 80.4088414690663 177.373552485991 2203.31480338867 -367.244002117352 79891.1694745453 43.0691459121459
540160 942.983104674729 -11856.2961918943 -10913.3130872196 766.925320281608 468.858723697319 470.549546022599 1361.36769112491 -682.182250626402 79897.8571454017 43.0703476479454
540170 946.72125104445 -11856.8160276153 -10910.0947765708 -273.224792497445 -239.586674803812 -469.756616059463 -110.331086629047 -770.829079197366 80054.8731307957 43.0985432637302
540180 939.639761485889 -11846.4801343486 -10906.8403728627 -1202.52009962378 -1269.92168135486 -1313.47246718143 -1024.16615033507 -601.516227821513 80196.391692357 43.1239244100871
540190 931.924095805403 -11835.6392440676 -10903.7151482622 -690.811165876144 -1285.70102477842 -502.026501183775 -284.705971666239 -247.206972578986 80139.9222403707 43.1138002797236
540200 934.094667944428 -11834.6055470832 -10900.5108791388 766.5708717751 -470.049155281585 1306.06670969569 1463.6950609112 2.9895911470685 79940.5432125212 43.0780165079191
540210 943.299883850378 -11840.5864531269 -10897.2865692765 1160.43679400804 -366.646712311793 2018.86032241579 1829.09677192012 251.755976123465 79845.3536976095 43.060911277792
540220 952.221427173695 -11846.6516904048 -10894.4302632311 61.218674324607 -1094.28207681008 1184.84355252982 93.0945472540832 428.519430778162 79949.7403988021 43.0796684913112
540230 957.458704640931 -11849.4677536404 -10892.0090489994 -919.546517456201 -1629.40659366035 492.823726120006 -1622.05668482825 643.366908013185 80084.1605533123 43.1037983731361
540240 954.823994946478 -11845.0814435401 -10890.2574485936 -619.40790477246 -1336.24459732019 992.229250140725 -1514.20836713792 863.875094024605 80070.3621037667 43.1013226453289
540250 946.123155661641 -11835.1872306503 -10889.0640749887 506.953514970334 -470.471546200683 1934.4186600285 56.9134310832019 1128.69660731662 79945.1314135457 43.0788406488379
540260 942.867789364091 -11831.1064039429 -10888.2386145788 942.224113295926 -245.918833407225 1753.45571679896 1319.13545649604 1301.92150973702 79898.391278439 43.0704436256731
540270 948.099665872735 -11835.8719062486 -10887.7722403759 84.0736896192435 -1347.71240842415 518.217026436245 1081.71645084566 1503.23687916164 80014.5780934822 43.0913109375332
540280 956.810784551367 -11844.4227387161 -10887.6119541648 -932.031194564287 -2210.87820374528 -320.72732775623 -264.488052191357 1567.73363124934 80155.1642647373 43.1165334157989
540290 959.852796884351 -11847.8708483152 -10888.0180514309 -868.387556061289 -1536.35822996972 -117.915406645244 -950.889031568894 1273.93961235182 80138.7135880218 43.1135835344091
540300 956.394409962656 -11845.4091397569 -10889.0147297943 382.488413774326 243.363088036852 1000.47560483879 -96.373451552667 874.159741346366 79968.7710820644 43.0830863489189
540310 950.990787498832 -11841.4121786852 -10890.4213911863 1234.99946503888 1529.53563141851 1537.9881895786 637.474574119544 521.801980333245 79855.9143468553 43.0628096605681
540320 950.567314809261 -11842.8777359918 -10892.3104211825 306.17114183441 1119.15406901495 149.575181313381 -350.215824825106 460.138161542478 79948.6711792218 43.0794764463666
540330 959.169106932593 -11853.6924693784 -10894.5233624458 -1015.99883574194 192.87750152004 -1415.21673006821 -1825.65727867765 918.313053129466 80105.532197436 43.1076323277316
540340 959.201353530174 -11856.4577934893 -10897.2564399592 -1021.96856591159 543.411627174038 -1579.01905889108 -2030.2982660177 1527.37537775107 80095.0348033998 43.1057492386024
540350 945.554425819409 -11845.917949854 -10900.3635240346 220.684103316677 2141.70731695452 -422.590851555562 -1057.06415544892 1634.22345442045 79899.4450589453 43.0706329769798
540360 936.805032224056 -11840.1346705376 -10903.3296383136 1345.35176088946 3374.48260166236 748.242484423708 -86.6698034176931 1075.71244869408 79730.0745452665 43.0401777972712
540370 938.55306776173 -11844.7229879918 -10906.1699202301 872.506912699331 2837.8474676613 262.457308268066 -482.784037831367 267.057118036603 79787.5958988731 43.0505257710081
540380 939.646763810957 -11848.3085255082 -10908.6617616973 -824.352018863754 773.857103548318 -1227.02719585259 -2019.88596428698 -566.694399185903 80003.8411800724 43.089383420567
540390 937.577437129943 -11848.3370183676 -10910.7595812376 -1359.66961458029 -244.467531966816 -1394.34725360023 -2440.19405817381 -910.481674236027 80099.0300298194 43.1064659470527
540400 936.107524953956 -11848.7691216659 -10912.661596712 -336.938574683981 333.383565938428 55.1069625647831 -1399.30625255517 -686.917073031306 79954.8710009801 43.0805899865411
540410 933.595018998732 -11847.7062689422 -10914.1112499434 1062.18374115936 1613.68583481847 1609.51643134992 -36.6510426902958 -196.840543331388 79732.1926169011 43.040558922265
540420 934.313108577609 -11849.6088419908 -10915.2957334131 1117.18167197425 1771.63289567799 1401.18113836154 178.730981883241 174.147042749262 79677.1389113566 43.0306503865158
540430 939.417855718119 -11855.8106586165 -10916.3928028984 -212.098622370191 495.087805493982 -415.914766628333 -715.468905976225 394.531364023095 79819.2832594216 43.0562241378878
540440 940.039363327674 -11857.4060334999 -10917.3666701722 -955.136384938813 -253.723053609021 -1623.32518587451 -988.360915332903 -53.6556725561717 79947.4482859992 43.0792567976528
540450 932.470361167345 -11850.854245728 -10918.3838845607 -390.274546082811 308.191029797484 -1367.01884676597 -111.995821279939 -796.800181018707 79920.3942970577 43.0743969501315
540460 928.596207948352 -11847.8930406087 -10919.2968326604 511.227495970631 1139.6640861503 -298.107517681207 692.125919442797 -1500.29642645949 79814.3445654885 43.0553361072849
540470 932.07914583753 -11852.1743869031 -10920.0952410655 927.05749097986 1161.55393191201 651.235727619027 968.382813408537 -1960.05079658926 79789.1672264736 43.0508083798294
540480 931.224818917275 -11852.1514061262 -10920.9265872089 364.410574419365 -25.3080441450818 858.011994798321 260.527772604846 -2008.5745868219 79936.3975869994 43.0772718360891
540490 919.770949249905 -11841.3363730594 -10921.5654238095 -1136.27859808122 -2069.34058042715 -164.183877277054 -1175.31133653946 -1768.71330052237 80165.1399869143 43.1183220329986
540500 911.185590838393 -11833.1639804415 -10921.9783896031 -1577.85678770268 -2919.7963557751 -325.607017365179 -1488.16698996776 -1437.84904294828 80213.3412864493 43.1269622920938
540510 914.685402741915 -11836.8819534465 -10922.1965507046 -206.847282679866 -1616.60746116202 1347.70340060713 -351.637787484696 -1054.5917116959 79973.8376637971 43.0839962014591
540520 932.081531414172 -11853.9580903737 -10921.8765589595 1491.53506769077 170.067814585815 3232.33460604133 1072.20278244517 -760.403820265081 79664.4773450162 43.0283709192197
540530 953.761134700207 -11875.4211213391 -10921.6599866389 1699.37630107127 349.496373618083 3697.94462399966 1050.68790559609 -805.486303230518 79593.3924765627 43.0155689929731
540540 956.86617533846 -11878.9574229673 -10922.0912476289 281.749422332483 -1272.18614195202 2688.37323306127 -570.938824111813 -832.483735852048 79830.6472730781 43.0582673713878
540550 936.993167192683 -11859.7442453362 -10922.7510781435 -1392.81466732087 -2662.99533054623 833.48105535954 -2348.9297267759 -569.974543229292 80147.3366737499 43.1151298481966
540560 917.822492518837 -11841.3812480014 -10923.5587554825 -1618.11402665236 -2294.3598066709 -64.3776179839604 -2495.60465530222 -99.7937709184309 80237.2390397637 43.1312447682785
540570 921.418244821498 -11845.7995578445 -10924.381313023 -46.3143604389808 -371.121843619498 778.658675560347 -546.479913257796 176.75929999145 80039.6797563955 43.0958165767816
540580 935.59546627155 -11860.4794555231 -10924.8839892515 1384.9508188157 1019.32992755673 1945.44606842089 1190.07646046948 294.779492784886 79812.4640774773 43.054997965565
540590 934.97981771799 -11860.5558144605 -10925.5759967425 1341.87400304303 772.315549307234 2089.88834184326 1163.41811797862 195.009822956158 79820.2693937468 43.0564014511215
540600 920.791581874854 -11847.2055248484 -10926.4139429735 -317.869409885413 -822.225477560197 620.289744450043 -751.672496546081 -164.121671983247 80068.9169828569 43.1010633442355
540610 916.163950126713 -11843.071510293 -10926.9075601663 -1757.46677996475 -1850.2913775087 -876.966577041946 -2545.14238534364 -475.538012276301 80275.9697630942 43.1381835065106
540620 921.562518389136 -11848.9747924925 -10927.4122741033 -1354.88717158622 -856.186882360497 -722.503411834989 -2485.97122056318 -454.905635438016 80176.4495521225 43.1203496248102
540630 918.739750394763 -11846.456309432 -10927.7165590372 553.467897564203 1397.88578480424 1094.58058064222 -832.062672753847 -215.03358903777 79826.5865514758 43.0575372816826
540640 912.709918759363 -11840.1835665923 -10927.4736478329 2038.58153625133 2731.51072915466 2749.74533409222 634.488545507116 33.3781903408763 79564.1581497131 43.0103018673242
540650 916.765412966362 -11843.9771352519 -10927.2117222856 1371.73305278315 1653.77298361458 1928.51686653046 532.909308204413 411.814002034691 79652.9604039122 43.0262973095315
540660 926.982038902518 -11853.6034033767 -10926.6213644742 -733.282163364146 -831.619182487789 -674.693054694578 -693.534252910048 646.11063851691 79988.40043437 43.0866111577619
540670 935.724853078316 -11861.3546557639 -10925.6298026856 -2095.8709729008 -2391.9962703811 -2556.80430770819 -1338.81234061312 710.418618882198 80201.0281539896 43.1247554473434
540680 935.661126103813 -11860.6269895044 -10924.9658634006 -849.997819802782 -1166.62965355171 -1838.8327483854 455.468942528757 673.499870370329 80053.7380119363 43.0983395609508
540690 926.535801384665 -11850.6492302071 -10924.1134288225 1473.30744915805 925.692505997857 160.962384172627 3333.26745730365 583.822825216427 79756.9009321177 43.0450044284386
540700 922.550478594977 -11845.6830680938 -10923.1325894988 1998.36155062541 1009.76566158757 670.930048976638 4314.38894131204 645.197437281181 79709.8681158593 43.0365415207486
540710 927.792103276782 -11849.963127952 -10922.1710246752 179.609727917546 -1400.66846895035 -844.25790227622 2783.75555497921 891.605452594539 80009.9619698445 43.0904822608551
540720 929.296326757454 -11849.8783107953 -10920.5819840378 -2155.4197931676 -4144.08147495199 -2756.83822851851 434.660323967707 911.945599540489 80337.9690033935 43.1492862328129
540730 928.466232272945 -11847.5391352587 -10919.0729029858 -2228.11167584533 -3967.16945751271 -2718.51322214907 1.34765212577947 430.999175114754 80286.0373183885 43.1399867771324
540740 932.91824590682 -11850.4920086573 -10917.5737627505 64.4512028513738 -1156.09440349294 -395.804243721636 1745.2522557687 -340.350625835492 79843.4640831113 43.0605715829511
540750 947.107354306447 -11862.4201638211 -10915.3128095146 2331.12947228 1636.24676282965 2032.3456064939 3324.79604751646 -937.419564896748 79431.3788808844 42.9863628796024
540760 961.429095249175 -11874.9202914087 -10913.4911961595 1970.91365072738 1249.3600416917 2036.31873379306 2627.06217669739 -1097.59897580247 79431.1400424656 42.9863197950122
540770 955.448245668786 -11867.744064764 -10912.2958190953 32.0152550112923 -989.294419494292 729.240952664132 356.099231864032 -1064.6500058918 79772.0167370509 43.0477236029214
540780 934.283234204436 -11845.415869536 -10911.1326353315 -1357.0000124565 -2646.1433624274 -84.4717557699619 -1340.38491917213 -884.05620232347 80108.9725424377 43.1082494428475
540790 922.712178347997 -11832.7798982797 -10910.0677199317 -1285.00596422616 -2819.67584444336 364.316564355437 -1399.65861259054 -650.942769089789 80194.7190511635 43.1236245987849
540800 930.077160869073 -11839.012282025 -10908.9351211559 -193.129974427289 -1806.48420334016 1603.86383626816 -376.769556209876 -603.284202649432 80050.5647695477 43.0977700964534
540810 938.761873323059 -11846.3028206301 -10907.540947307 846.913362752746 -412.460590872093 1959.81375592245 993.386923207872 -420.709135322334 79876.064902881 43.0664314611097
540820 940.183194089877 -11846.3518664831 -10906.1686723933 1174.1763718887 750.328837183627 1408.66042383796 1363.53985464452 -123.011388187698 79858.9304506158 43.0633518047874
540830 939.419447002902 -11844.3598960154 -10904.9404490125 81.1869098766987 400.103202749559 -71.203974718216 -85.3384984012763 238.510591434279 80041.1189913087 43.0960748846286
540840 937.111457094531 -11840.7204246604 -10903.6089675659 -1188.68689228473 -529.414553344652 -1432.9195495849 -1603.72657392462 542.191613347355 80232.743960209 43.1304393151852
540850 938.290486533895 -11840.6563187722 -10902.3658322383 -1059.8920231743 -692.686935304476 -1137.46183562067 -1349.52729859776 773.490434937002 80216.2324629935 43.1274804360075
540860 943.85453458923 -11845.0553859246 -10901.2008513353 222.921445510196 -98.5820063491021 224.173657545428 543.172685334264 1133.51509347491 80014.1781547059 43.0912391426375
540870 944.484149714523 -11844.5149586842 -10900.0308089696 1341.70888724895 435.34870686189 1218.2719815885 2371.50597329646 1622.50813905363 79853.37308356 43.062352858258
540880 939.336288766528 -11838.4988783798 -10899.1625896133 1110.01772846692 389.709536403616 798.40663414781 2141.93701484935 1995.08203662124 79929.3701863762 43.0760094569664
540890 933.197401785651 -11831.5662384192 -10898.3688366335 -517.51283918526 -714.538508450888 -747.386733859815 -90.6132752450812 2031.28441009672 80198.1373493939 43.1242373046131
540900 934.270446500218 -11831.6430181857 -10897.3725716855 -1819.34586577769 -1912.2269045417 -1518.97134214581 -2026.83935064557 1982.23853756852 80374.0349417301 43.1557422365234
540910 943.310655562958 -11839.9481982969 -10896.6375427339 -1195.86451220383 -1541.10273223131 -116.24780309355 -1930.24300128663 1838.17018500068 80229.1685455608 43.1297986312299
540920 945.712080386659 -11841.6478456938 -10895.9357653072 814.916205426919 302.176413016711 2462.84134448826 -320.26914122421 1297.1782553893 79875.6243746906 43.0663522884062
540930 941.101628374629 -11836.3172668366 -10895.215638462 2015.71615870321 1854.17128614938 3575.72246849455 617.254721465677 688.800690305044 79668.9675494885 43.0291793203212
540940 939.984557350414 -11834.9908480511 -10895.0062907007 1036.77073575328 1563.29389376463 1977.08046564569 -430.062152150478 353.479874265752 79813.1939814128 43.0551292145581
540950 937.130472515011 -11831.9515929315 -10894.8211204165 -964.270335595994 -138.539993826742 -535.172154155619 -2219.09885880559 233.261623611494 80139.7539552414 43.1137701016038
540960 931.457608113277 -11826.0493947865 -10894.5917866732 -1965.00086578794 -1401.60200535659 -1701.69987945731 -2791.70071254991 55.9371880652412 80292.741440709 43.1411875160079
540970 934.040540702378 -11828.7265661788 -10894.6860254764 -635.432367654581 -401.15545758844 -385.44946648159 -1119.69217889371 -181.293074197638 80105.5197981625 43.1076301035683
540980 945.084647926248 -11839.7451539356 -10894.6605060093 1286.99116072924 1204.68739759494 1592.18125777221 1064.1048268206 -226.448911685536 79808.1160601858 43.0542161024086
540990 950.761793466445 -11845.6993355489 -10894.9375420825 1735.17134107738 1390.22931707516 2196.5415669612 1618.74313919578 -190.799649040336 79737.6306484316 43.0415374086533
541000 943.76078880366 -11839.6417714538 -10895.8809826501 370.815909668589 -392.221351615349 903.631196950538 601.037883670575 -112.126395540765 79968.8011557934 43.0830917496476
541010 931.518389502797 -11828.4925795472 -10896.9741900444 -1055.65101511892 -2049.17972726821 -687.21247156037 -430.560846528161 47.6860357359639 80270.4626806673 43.1371970304593
541020 925.087647557626 -11823.2963108249 -10898.2086632673 -1462.54611774967 -2375.21280968887 -1342.0805719501 -670.344971610037 235.251341900604 80380.7734242931 43.1569482482668
541030 929.899679875786 -11829.5874455807 -10899.6877657049 -504.406086828445 -1273.05349672561 -732.000704742206 491.835940982482 505.040371215248 80229.580750579 43.1298724958409
541040 938.535836048041 -11839.725870487 -10901.1900344389 974.704372429357 42.6382806018702 292.271425530349 2589.20341115586 723.010334202933 79991.1244299613 43.0871002553724
541050 939.699246826325 -11842.6876190631 -10902.9883722368 1435.03581656979 24.1771930098508 618.278816987174 3662.65143971233 781.161063216751 79924.9335639758 43.0752124386149
541060 928.024722783676 -11833.2532141004 -10905.2284913167 291.125275323018 -1691.6024626689 -21.8711206204335 2586.84940925839 890.276508981524 80109.1305657089 43.1082777879957
541070 918.772777674045 -11826.1448977921 -10907.372120118 -1319.55042289981 -3422.02267633855 -847.711944597845 311.083352236957 908.924110698042 80343.6354711454 43.1503006900021
541080 925.566032909153 -11835.0880565832 -10909.522023674 -1625.7359526732 -3514.41021919812 -452.733831015832 -910.063807805652 1063.37165196219 80345.0082514023 43.1505464491223
541090 937.030635869851 -11848.9033286457 -10911.8726927758 -294.075314497059 -1993.69715946258 1382.14995768259 -270.678741711184 1274.59081619641 80056.8416745637 43.0988965242295
541100 938.427826928915 -11852.5446013093 -10914.1167743804 1400.76052474216 -37.4431616334038 3034.4092417107 1205.31549414917 1513.46468351246 79718.8837494018 43.0381640177242
541110 938.53970198584 -11855.1466698584 -10916.6069678725 1780.62107264995 753.881447386523 3207.86861097363 1380.1131595897 1587.24762258139 79631.3648745749 43.0224085247894
541120 942.544182433466 -11862.0775934817 -10919.5334110482 134.934640322305 -417.069377982722 1366.52413247447 -544.650833524814 1437.58707806111 79850.1428643323 43.0617721993558
541130 941.199237721016 -11863.6208302959 -10922.4215925749 -1667.09530160067 -1963.40174127772 -609.752596226571 -2428.1315672977 1046.8105447065 80090.8712680889 43.1050023116575
541140 934.924558223586 -11860.4928515624 -10925.5682933388 -1240.48154455886 -1693.49416998879 -356.161940919427 -1671.78852276837 647.886436208459 80048.1532640893 43.0973373218616
541150 929.042700392847 -11857.6892702658 -10928.6465698729 677.270600506784 -235.508449997861 1599.93575072067 667.384500797553 143.035337465717 79790.4476176887 43.0510386599703
541160 924.944861951315 -11856.2792697387 -10931.3344077874 1799.05181170527 448.16284478183 2895.09631796943 2053.89627236456 -132.715909579936 79653.5854683516 43.026409856669
541170 922.039997985968 -11855.9412027983 -10933.9012048123 434.903977692151 -1177.21030120176 1633.49856749955 848.423666778666 -14.5373099905384 79819.4053401425 43.0562460888583
541180 921.122809936646 -11857.016416318 -10935.8936063813 -1535.01032037056 -3014.41769852378 -255.504322736388 -1335.10893985153 257.719688594085 80058.93519509 43.0992722057917
541190 921.906758527298 -11859.5307932896 -10937.6240347623 -1637.36061490037 -2915.72224414917 -332.947577064031 -1663.41202348791 544.813432697093 80034.0027860449 43.0947976677517
541200 926.251510402961 -11865.4085658654 -10939.1570554625 248.452375799307 -455.961774336964 1106.0456647629 95.2732369719821 498.212578574687 79728.4610858022 43.0398874674676
541210 927.261777206427 -11867.444545019 -10940.1827678126 1831.60527048872 1858.33416764872 2175.49390413872 1460.98773967874 144.692721463307 79467.602827208 42.9928963977062
541220 920.530724639701 -11861.7832545119 -10941.2525298722 1490.19277949411 1956.91116711404 1634.3236471665 879.343524201779 -307.359329074644 79527.109829324 43.0036250467085
541230 913.977263785661 -11856.0689051798 -10942.0916413942 -472.893391640533 -8.16445575375631 -413.820509744997 -996.69520942284 -314.32247856302 79841.1617397044 43.0601576848437
541240 911.425891963768 -11853.7329855417 -10942.3070935779 -1929.42082347502 -1868.13995380197 -1749.89582307517 -2170.22669354791 -108.653870366555 80065.8716032061 43.100516895125
541250 911.474655578371 -11853.9006124569 -10942.4259568785 -1324.57523931959 -1596.68826736949 -1058.52206186314 -1318.51538872613 -181.842647322442 79951.0032471686 43.0798953121542
541260 912.083855851817 -11854.198219441 -10942.1143635892 814.539846302624 631.983315976141 1080.30728689892 731.32893603281 -276.876650185989 79617.7206414774 43.0199511961522
541270 918.578779349505 -11859.8431773741 -10941.2643980246 2077.21359977375 1894.20291790962 2625.76188760004 1711.67599381158 -227.725188793048 79441.1909533967 42.9881328263967
541280 929.714827867911 -11870.2550067802 -10940.5401789123 854.45096786797 713.297775258778 1386.82777903725 463.227349307891 -214.444024984171 79619.7853333413 43.0203230655247
541290 937.402501707847 -11876.9895298325 -10939.5870281247 -1402.19040667111 -1217.58543610835 -1317.07787420267 -1671.90790970229 -84.725288158836 79924.1821124893 43.0750774409681
541300 938.051239049388 -11876.8242581868 -10938.7730191374 -1553.72632994032 -829.390631751056 -2170.31096935576 -1661.47738871414 -27.169550754953 79979.7637808594 43.0850603598816
541310 930.799811461329 -11869.0519938217 -10938.2521823604 172.230773741904 1377.57534809236 -877.388796813863 16.5057699472236 -61.5144256675723 79774.7630168801 43.0482175929329
541320 920.308790922062 -11857.87754503 -10937.5687541079 1638.90741933842 3168.74297515688 625.71401186464 1122.26527099373 -196.395104190153 79618.0110414152 43.020003500153
541330 916.114035664153 -11853.0198313088 -10936.9057956447 1010.5398938232 2603.20712225235 326.428514730198 101.98404448705 -219.774086838948 79741.771685189 43.042282491837
541340 916.076980642744 -11851.947294662 -10935.8703140192 -835.586133173145 616.628092201304 -1085.16909623495 -2038.21739548579 -250.694359911002 80017.619058755 43.0918568277248
541350 913.694536711701 -11848.1115247313 -10934.4169880196 -1545.55261468652 -559.497011747148 -1149.82065570466 -2927.34017660773 -294.325089504281 80131.4622329234 43.1122831170047
541360 916.537637592695 -11849.3534407653 -10932.8158031726 -739.462781332869 -91.8961553997751 -51.6714728182526 -2074.82071578058 -219.853481797864 79973.2492693046 43.083890540037
541370 926.859575045045 -11857.6508968041 -10930.7913217591 761.760077452377 1482.6390097818 1284.69005727282 -482.048834697497 -294.11503374657 79709.8918191946 43.0365457866758
541380 936.345303020148 -11864.8903658647 -10928.5450628446 1165.6718042019 2150.51960675896 967.060995573222 379.434810273512 -735.49822950732 79595.9113180993 43.0160227503165
541390 947.533655157915 -11874.0156299088 -10926.4819747509 203.156271930667 1455.88313467199 -799.570431315745 -46.8438875642395 -1377.87974764583 79683.686190501 43.0318290013068
541400 953.428319246651 -11878.0867805672 -10924.6584613205 -790.487173565831 417.782104115994 -2169.00414008645 -620.239484727035 -2055.15199201276 79798.7849216742 43.0525380754439
541410 945.127356274665 -11868.395942321 -10923.2685860464 -519.458362999216 251.679669917622 -1782.9427676233 -27.1119912919617 -2208.90251928846 79779.4876661715 43.0490674177312
541420 932.24794910073 -11854.4018407351 -10922.1538916344 539.066827579119 628.846508614574 206.674809081823 781.679165040974 -1773.12999537764 79680.7294439926 43.0312967477177
541430 926.565200142331 -11847.6336258242 -10921.0684256818 763.147135468226 319.826780426147 1625.32973664098 344.28488933756 -1286.33742573447 79675.586921244 43.0303709940474
541440 933.025978607616 -11852.950272657 -10919.9242940494 88.1536264958226 -623.893049111524 1885.81473716296 -997.460808563977 -1345.75236520011 79797.4644217581 43.0523005982001
541450 939.011784541058 -11857.7164777536 -10918.7046932125 -461.532106409134 -1320.89941365411 1686.46778136965 -1750.16468694295 -1849.80286562957 79930.8589189924 43.0762768941715
541460 934.082698808342 -11851.6156581213 -10917.532959313 -586.728920825183 -1467.24717136618 1426.60295880018 -1719.54254990954 -2202.36362352993 79977.1264508778 43.0845867785443
541470 926.678232672013 -11843.0361698305 -10916.3579371585 -90.5048159113816 -801.877362288538 1369.0617358422 -838.698821287806 -2180.2074339432 79921.0151793444 43.074508494713
541480 925.358592703762 -11840.3136540157 -10914.9550613119 501.957333205434 37.6252182799255 1298.27705486252 169.969726473862 -1736.17724281226 79853.9924091165 43.0624641854137
541490 928.127788360927 -11841.3622441034 -10913.2344557425 179.162172112268 -228.711492192477 482.357833072203 283.840175457112 -1131.54460123589 79868.3105551234 43.065037789994
541500 930.279704466187 -11841.3807439168 -10911.1010394506 -273.031105539066 -931.32169745207 -70.7377049779499 182.966085812832 -509.200140683307 79915.4248111671 43.0735041365317
541510 936.875154615916 -11845.3691474307 -10908.4939928148 -336.367964976489 -1635.32310827606 -263.595896912025 889.815110258627 -216.034049247017 79915.6370968647 43.073542276356
541520 945.47148372201 -11850.8639802352 -10905.3924965132 -15.2379697782492 -1870.87142411608 -105.943424878427 1931.10093965977 -206.942650132522 79858.811469028 43.0633304181226
541530 947.910345301501 -11849.7576230956 -10901.8472777941 326.132221550697 -1624.22233161801 -119.713757735925 2722.33275400603 -268.950386763661 79800.0376719859 43.0527633662521
541540 946.115895976989 -11844.0745995221 -10897.9587035451 623.534371129075 -766.923937591959 -144.163884627077 2781.69093560625 -67.3450742873741 79805.5681121866 43.0537579156283
541550 947.207111364379 -11841.0255196153 -10893.8184082509 205.00419989049 -263.037846687507 -598.68469984141 1476.7351462004 435.372111299723 79920.0465905088 43.0743344826734
541560 951.732421920943 -11841.2406001782 -10889.5081782573 -528.764964425097 -192.278453031651 -831.916465796051 -562.099974447583 792.090574944098 80071.5983609191 43.1015444670815
541570 955.521366016952 -11840.8827427936 -10885.3613767766 -505.278406477214 -263.923322364249 -129.913821353744 -1121.99807571364 1089.01956020718 80137.7349502516 43.1134080355725
541580 953.933538757336 -11835.6148746693 -10881.6813359119 -66.4036210896826 -591.356411733084 587.975599017723 -195.830050553683 1360.88634570807 80112.6670391092 43.1089121269837
541590 950.189907965261 -11828.7512907796 -10878.5613828144 509.837476081193 -668.785051760374 1395.24323452031 803.054245483642 1831.32969764214 80076.1880749374 43.1023679799844
541600 945.331983224851 -11821.3389922361 -10876.0070090113 584.585073713945 -1225.12502083518 2229.45039423108 749.429847745948 2225.85389564439 80131.7610323556 43.1123367035709
541610 945.02242539488 -11818.927113596 -10873.9046882011 -441.539140263494 -2636.63102379485 1861.43430606182 -549.420703057446 2088.7977837518 80291.3616620964 43.1409403968298
541620 950.13301951433 -11822.3154607496 -10872.1824412353 -1215.22818673874 -3312.71992787018 1107.8522465384 -1440.81687888442 1896.13223852292 80387.0905176494 43.1580787811786
541630 954.062787344532 -11825.136037478 -10871.0732501335 -666.825033306916 -2325.77354570944 1214.76913807112 -889.47069228242 1896.97108380478 80266.9034601923 43.1365594482192
541640 957.523760401142 -11827.9431415754 -10870.4193811743 784.23043093543 -700.88988529505 2492.56059387025 561.020584231093 1876.25193248424 79999.1055453234 43.0885332130239
541650 966.91913447202 -11837.176559542 -10870.25742507 1547.75580316664 -246.282068354723 3255.07550692313 1634.47397093151 1714.39832819118 79831.9647743451 43.0585042436988
541660 970.059827860054 -11841.0754408946 -10871.0156130345 707.999794999494 -1539.78853215498 2476.01707423437 1187.77084291909 1146.3333177561 79930.1002213883 43.0761406014976
541670 959.07366944499 -11831.4706026577 -10872.3969332127 -868.563066789874 -3394.10981282576 1210.64844943662 -422.227836980492 707.009644702443 80192.7055800951 43.1232636901606
541680 952.220192820744 -11826.3856090709 -10874.1654162502 -1411.57376256551 -3730.73079385482 920.199497279849 -1424.18999112155 688.526622723311 80352.8042117534 43.1519420515654
541690 953.425382383171 -11829.8562274915 -10876.4308451084 -623.709046904383 -2551.79638130152 1714.85658938737 -1034.18734879899 564.840194569984 80267.8096164754 43.1367217746393
541700 949.755824517774 -11828.6456608184 -10878.8898363006 762.017405191591 -904.307273253639 2871.96347816467 318.396010663737 233.337292998033 80038.0190449943 43.0955185154152
541710 942.431692879004 -11823.7984672052 -10881.3667743262 1660.52797748476 203.466803149514 3363.04433490353 1415.07279440126 41.3986888471334 79913.8829458546 43.0732271188004
541720 942.917045386793 -11826.9139023572 -10883.9968569704 540.057940367863 -1164.44374914514 2128.00066048857 656.616909760148 196.700225936716 80076.8196979326 43.102481306954
541730 944.201056941206 -11830.5366294933 -10886.3355725521 -1321.33912863186 -3625.42255671851 101.220994393519 -439.81582357056 636.146215735013 80371.5657705384 43.155300302729
541740 937.208818126246 -11825.713442145 -10888.5046240187 -1751.16433895652 -4145.96013504703 -666.522647947261 -441.010233875257 968.972922622968 80462.8114163846 43.171625495944
541750 929.438528459542 -11820.0671979445 -10890.6286694849 -334.372182976438 -2334.07969221409 351.491522061864 979.471621222916 1102.29883907851 80234.6048908241 43.1307727706236
541760 926.296690449966 -11818.3955103267 -10892.0988198768 1754.38965518688 351.432654525445 2235.44761212625 2676.28869890894 1162.17923990942 79926.088526248 43.0754199249957
541770 925.333925188325 -11818.639118445 -10893.3051932567 1730.11288147809 871.497279402298 2205.31415990166 2113.52720513032 1280.20042543095 79904.2784217123 43.0715014510809
541780 930.650905803913 -11825.0034080047 -10894.3525022008 -523.311856419508 -837.93805785807 -172.162251236418 -559.83526016403 1486.364558228 80189.0227804932 43.1226035437944
541790 939.433664620601 -11834.4339188059 -10895.0002541853 -2239.5712222953 -2075.50442035157 -2124.39477818128 -2518.81446835304 1626.05692416103 80400.9050184363 43.1605508744796
541800 939.905109100067 -11835.9743457272 -10896.0692366271 -1471.79859739634 -869.6686794587 -1559.30113988823 -1986.42597284208 1422.54630843898 80220.2813526666 43.1282060392383
541810 936.700525989876 -11833.7292989981 -10897.0287730082 1149.57121240995 1901.32956040871 1100.4644875291 446.919589292039 1082.05750684348 79771.3986107918 43.0476124152386
541820 937.104424849912 -11834.7757435348 -10897.6713186849 2813.20703669797 3388.87007617415 2922.64454932114 2128.10648459861 964.607261621383 79521.6275624368 43.0026368605511
541830 934.641281212121 -11833.5915378435 -10898.9502566314 1232.08526033896 1534.53235922596 1465.52277905705 696.200642733875 1141.55849225069 79755.5682039525 43.0447646681644
541840 927.842149610939 -11827.6572713599 -10899.815121749 -1841.32720198308 -1827.27142334329 -1566.65210334925 -2130.05807925669 1029.57542020151 80200.8159191811 43.1247174071732
541850 926.114829462225 -11826.6061636614 -10900.4913341992 -2466.72423389964 -2707.89729254065 -1854.48621313601 -2837.78919602225 396.498671279919 80326.8729624743 43.147299591062
541860 930.933554018027 -11832.4392295851 -10901.5056755671 -482.312233627432 -852.506259334671 578.381458001992 -1172.81189954962 -511.822339899887 80019.4177339388 43.0921797052513
541870 938.273417569091 -11840.3344649729 -10902.0610474038 1793.42577274227 1316.17269258199 2929.2386551394 1134.86597050542 -1079.7937045352 79639.6496748468 43.0239004817259
541880 947.777393916917 -11850.6367618161 -10902.8593678992 1995.90916655193 1485.88691790873 2689.60136159888 1812.2392201482 -1303.85114871127 79580.2808941411 43.0132068490259
541890 947.744758356428 -11852.0061326028 -10904.2613742464 332.563366234585 71.3555059014676 647.909318629248 278.425274173018 -1042.21922946787 79866.5895974957 43.064728474
541900 928.028606996923 -11833.6181935166 -10905.5895865197 -1401.35805868061 -1315.83213892034 -1403.61581250191 -1484.62622461958 -738.639159469516 80197.5901321607 43.1241392209573
541910 909.086381358336 -11815.9492463593 -10906.8628650009 -1309.40753639426 -1284.76234822452 -1362.17165436179 -1281.28860659648 -523.264406649206 80275.5928812122 43.138115997619
541920 908.635149444487 -11816.5060468298 -10907.8708973853 -23.1167686677959 -274.884490550071 74.2120570083443 131.322127538346 -499.46193772368 80123.3610475408 43.1108302030112
541930 921.899019657806 -11830.2907035422 -10908.3916838843 558.714069306205 41.1348477061384 615.63670947078 1019.37065074171 -635.877959927883 79964.1804758611 43.082261938484
541940 934.672425562516 -11843.4409903378 -10908.7685647753 245.037064960214 -113.558484480131 -151.734076564577 1000.40375592536 -539.278140376718 79904.1377575915 43.071476176596
541950 936.387958292871 -11845.6142459344 -10909.2262876415 -55.5397664715609 -106.081029485172 -1001.98930461194 941.451034682413 -239.147147446585 79894.3339761619 43.0697145631549
541960 930.059270013298 -11839.8565513766 -10909.7972813634 -74.4458541277228 451.719724018488 -1709.27758232674 1034.22029592509 -100.10569140291 79879.5538499639 43.0670584921356
541970 927.435913180158 -11837.8230187658 -10910.3871055857 57.7098145198795 1224.40005424982 -2059.86286129026 1008.59225060007 -203.486754070375 79854.0405209806 43.0624728337603
541980 934.286600223635 -11845.2582824798 -10910.9716822562 -77.7276700971323 1305.04572127554 -2168.3905941992 630.161862632266 -757.350139294859 79834.1851741039 43.0589034413817
541990 942.018211698653 -11853.6907254509 -10911.6725137522 -98.4136696527201 1123.74986167003 -2051.37905755541 632.388186927208 -1420.96367322988 79803.1025219676 43.0533145296168
542000 943.815544598243 -11856.4631764232 -10912.6476318249 187.149993520677 1315.60977175415 -1713.20666179643 959.046870604301 -1661.52421805679 79758.4645839427 43.0452857289033
542010 938.541207899024 -11852.5053686596 -10913.9641607606 557.651476999839 1881.31215351056 -1661.31499601112 1452.95727350007 -1491.24873251864 79752.1821590551 43.0441555003795
542020 929.428226089649 -11844.9917504133 -10915.5635243236 328.631961307028 1908.36847752125 -2193.71280252662 1271.24020892644 -1548.66385068522 79844.3738591098 43.0607351334941
542030 929.392500870229 -11846.6533872032 -10917.260886333 -562.06891278462 932.198643847581 -2960.36100268791 341.955620486474 -1533.87268503528 79991.7182452636 43.0872068743518
542040 940.284233148422 -11859.4249376927 -10919.1407045443 -1141.6470592298 -101.965497008686 -3061.76783879066 -261.207841890046 -1335.55010942279 80039.4061033035 43.0957674623218
542050 943.442852156203 -11864.9447387756 -10921.5018866194 -514.721413065381 -279.558982276634 -1780.61373897396 516.008482054466 -1072.24112280814 79884.6902815966 43.0679815746585
542060 939.98124121671 -11864.2035407713 -10924.2222995546 947.505174180904 382.570495164684 143.563827363208 2316.38120001482 -818.088859973317 79631.6774506781 43.0224648165083
542070 938.836259643493 -11866.1782461828 -10927.3419865393 1497.75991011437 362.212245900247 709.38246476087 3421.68501968202 -701.149281467126 79529.4464881712 43.0040462188807
542080 934.818828786226 -11865.8023851651 -10930.9835563789 297.519524420337 -990.116942715134 -590.644014250857 2473.319530227 -419.807852250682 79689.296814578 43.0328389518627
542090 930.812138892328 -11865.4441728375 -10934.6320339452 -1416.28873641059 -2603.38418475077 -2282.87048671479 637.388462233792 -142.502356001307 79927.1480405109 43.0756102625978
542100 931.308359129485 -11869.6589643592 -10938.3506052297 -1439.7951002405 -2534.53121728999 -2337.66721894172 552.813135510219 -55.9333531927411 79943.0860668856 43.0784732638881
542110 927.930244225192 -11869.9250368812 -10941.994792656 415.897747457857 -460.562085063671 -549.642288377231 2257.89761581447 -49.0987262293936 79689.4604507172 43.0328684067711
542120 920.749302428867 -11865.7604604045 -10945.0111579757 2262.32516648521 2097.40203123253 1155.54180474552 3534.03166347759 146.940628840458 79465.17256181 42.9924581259666
542130 913.350445805223 -11861.1865415269 -10947.8360957217 1522.67992932404 2372.74578962468 81.5956935538831 2113.69830479356 625.807420656477 79619.8095205931 43.0203274218258
542140 906.527288405442 -11856.2981424767 -10949.7708540713 -1563.9861513738 296.879812459696 -3321.18257182707 -1667.65569475401 1039.75771850449 80093.34894172 43.1054468027071
542150 903.528382399765 -11854.1128874629 -10950.5845050632 -3307.34547896413 -756.509864155838 -5121.4780879445 -4044.04848479205 1368.87740227225 80359.3635124248 43.1531162020873
542160 904.921765946709 -11856.5224968197 -10951.600730873 -1374.14232352672 1553.96811307351 -3119.44283046853 -2556.95225318513 1471.70466868363 80043.2950158064 43.0964654225007
542170 907.291713122434 -11858.6805647588 -10951.3888516364 2520.11086998378 5503.08968059814 1084.67709211607 972.565837237112 1593.40180710037 79438.9980188171 42.9877372674124
542180 911.980996736457 -11862.5650580416 -10950.5840613051 3610.99801279776 6305.79951429778 2962.98263034802 1564.21189374749 1366.53458856448 79237.7919453777 42.9514129311984
542190 919.052417768127 -11869.5034020698 -10950.4509843017 571.275610423364 2430.77908582914 823.246962705644 -1540.19921726468 763.432873943676 79658.5092834609 43.0272964027488
542200 918.296223161657 -11867.550979008 -10949.2547558463 -2884.76891855385 -1872.89849937223 -2107.77342314822 -4673.63483314112 316.000499691686 80191.7721457043 43.1230963728082
542210 904.226092439159 -11852.4583794765 -10948.2322870373 -2824.9568964719 -2362.91640134633 -1867.05183505771 -4244.90245301167 338.767399972434 80220.3601476944 43.1282201598864
542220 895.266487041309 -11842.5231793615 -10947.2566923202 429.877861020426 734.977125035304 1279.92893207731 -725.272474051343 632.019981153914 79766.7115219084 43.0467692895863
542230 906.40449629668 -11851.5437829435 -10945.1392866468 2718.30391848245 3106.40654239114 3183.39051904612 1865.11469401011 879.48457039001 79409.0259937617 42.9823302186312
542240 926.869205984031 -11870.119584667 -10943.2503786829 1366.26270164882 1666.08576725534 1395.03810777326 1037.66422991785 1173.38510388716 79517.1093546848 43.0018224132405
542250 937.595791792313 -11878.9388734133 -10941.343081621 -1143.10793193846 -1299.92706296445 -1017.78304924869 -1111.61368360225 1516.592083375 79847.1426905142 43.0612328790117
542260 936.988294587754 -11876.6092539593 -10939.6209593716 -1809.47058317514 -2318.61002793194 -1346.23262877763 -1763.56909281583 1775.80336765267 79965.4534963125 43.0824905588037
542270 931.23117132498 -11869.6355010146 -10938.4043296896 -154.241732996476 -789.673648030446 840.126081727252 -513.177632686238 1798.48956457393 79780.3014508801 43.0492137901664
542280 925.722517747262 -11862.8739199593 -10937.1514022121 1307.93640714597 864.271751858501 2529.1645329629 530.372936616507 1435.35227143933 79582.5835503251 43.0136217075409
542290 922.171414367809 -11858.1853697824 -10936.0139554146 1028.39308461639 963.101759128445 2072.34035758395 49.7371371367752 1049.18440525245 79613.9900541643 43.0192792678865
542300 921.245214754986 -11856.0899374834 -10934.8447227284 -207.789215374254 -361.022871947271 645.05836848226 -907.403142657745 748.3305798302 79816.0149604805 43.0556364664768
542310 924.229279139335 -11857.7042956156 -10933.4750164762 -1127.96156949434 -1758.04758324232 -269.6430286567 -1356.194096584 716.121376855196 79966.9506477626 43.0827594274541
542320 931.602843444903 -11863.7689783303 -10932.1661348854 -949.765412026275 -2103.62321933775 252.570477999272 -998.243494740332 621.559103195402 79914.1389585605 43.0732731153208
542330 940.216740006069 -11871.1844854869 -10930.9677454808 227.102298904148 -1050.63654670596 1612.36574038015 119.577703038235 231.680964780558 79708.2449123223 43.0362493882007
542340 940.120142478134 -11870.0040837356 -10929.8839412575 1248.4843305547 50.916785380096 2445.1044807667 1249.43172551728 -281.143400927548 79558.8619467634 43.0093475165737
542350 932.53904128491 -11861.6843021666 -10929.1452608817 1143.47157352942 -7.26255822448171 1962.35807295145 1475.31920586128 -440.701239357976 79633.846227262 43.0228553866524
542360 928.76050999115 -11857.285200426 -10928.5246904348 -163.06132649142 -1331.00281204309 237.040421318805 604.778411250026 -128.245778143551 79893.794399014 43.0696176038967
542370 926.899553035016 -11854.6164534718 -10927.7169004368 -1327.32162017414 -2325.85638522785 -1375.16834816075 -280.940127133809 179.224547038607 80103.912737255 43.1073418294244
542380 924.512998247003 -11851.4824614988 -10926.9694632518 -1276.15960786942 -2037.1747399472 -1679.94189640121 -111.362187259838 129.6275458003 80069.7877506015 43.1012195883024
542390 928.262901776912 -11854.4666606922 -10926.2037589152 65.4217469679848 -772.902703470564 -264.104743510336 1233.27268788484 -204.43172200881 79825.1292570699 43.0572752641737
542400 936.420399703386 -11861.6338621578 -10925.2134624545 1459.59720631999 261.862486420513 1435.50789860913 2681.42123393032 -513.808198744351 79621.4620941863 43.0206250603391
542410 938.093250581865 -11862.5503373542 -10924.4570867723 1038.49693523645 -600.882348674222 1319.26353690317 2397.10961748038 -624.243422368592 79675.1382974337 43.0302902311857
542420 930.619754804881 -11854.4418045742 -10923.8220497693 -437.172026883982 -2269.28821723394 -37.348753317241 995.120889899247 -517.705376601863 79892.1298295777 43.0693184865183
542430 924.602182381138 -11847.6904532983 -10923.0882709172 -1157.83155818828 -2939.24879291584 -702.560621152061 168.314739503052 -607.542420245036 80015.2205385539 43.0914262653768
542440 928.874984032546 -11851.2274700874 -10922.3524860548 -730.664549445921 -2199.65156882318 -92.1754696128744 99.8333900983008 -497.142023146854 79932.2220373632 43.0765217630136
542450 942.012943752444 -11863.5663167656 -10921.5533730131 276.806665515954 -878.752898166302 994.81932266159 714.353572052592 477.269742875769 79740.3528982211 43.0420272170488
542460 949.366635489578 -11870.2174761714 -10920.8508406818 831.172383729803 -324.809122845163 1567.64950861352 1250.67676542106 1683.0521810462 79621.928685233 43.020709095467
542470 945.168070631925 -11865.691425691 -10920.5233550591 471.989925784987 -1048.18961211114 1228.24217881581 1235.91721065029 2260.49189327965 79653.6056546998 43.0264134913496
542480 939.236343286158 -11859.7331177443 -10920.4967744581 7.69571415596166 -1821.71929161461 957.446366548904 887.360067533604 1833.19745901671 79761.5041415689 43.0458325338314
542490 934.681936199356 -11855.3030302993 -10920.6210941 -513.063631120424 -2471.13130740305 615.003516675185 316.936897366574 894.161998359521 79850.0690245657 43.0617589258576
542500 936.067322266597 -11856.957787333 -10920.8904650664 -554.266986347416 -2303.30931796934 401.025863469154 239.48249545795 -34.0830355034217 79839.9201377356 43.0599344756096
542510 938.126301387959 -11859.463618316 -10921.3373169281 85.9818982521884 -1214.73936755551 802.911908680205 669.773153631871 -670.556205569032 79746.4814581782 43.0431298745168
542520 933.453788388106 -11855.4268467425 -10921.9730583544 647.08818034362 -447.985441889033 1179.70431566909 1209.54566725081 -1115.78960012878 79685.1473397712 43.0320920226948
542530 931.40478486871 -11854.2588730796 -10922.8540882109 549.673903839659 -441.888858582474 987.557049642904 1103.35352045854 -1170.63229375338 79738.6545396482 43.0417216364477
542540 933.446896570183 -11857.4206544783 -10923.9737579081 -70.1295495663263 -853.391199203245 100.559916342808 542.442634161479 -670.505086479184 79873.0411367238 43.0658880172909
542550 926.809872322085 -11852.1424199402 -10925.3325476181 -603.378518150168 -925.011726996041 -868.926307595381 -16.1975198590838 188.182764971539 79974.8435246443 43.0841768285429
542560 916.26649015062 -11843.1951048196 -10926.9286146689 -246.118459798689 59.3625007683578 -1094.4946507983 296.776770633883 1013.88322182643 79970.2849936553 43.0833582199311
542570 914.141885848495 -11842.728693426 -10928.5868075775 244.45422387854 1051.49073166838 -798.888072598438 480.760012565665 1130.72812830983 79923.3895412652 43.074935055277
542580 918.661166893175 -11848.9071579839 -10930.2459910907 129.52604001403 1334.46278665344 -750.32732545041 -195.557341160935 596.424354568172 79916.5974090424 43.0737148078029
542590 922.315984400283 -11854.2681539802 -10931.9521695799 -349.248716182946 1074.5741877922 -1063.13947771752 -1059.18085862352 0.306945765374387 79927.301601759 43.0756378491372
542600 922.631056125837 -11856.3917939062 -10933.7607377803 -198.763336285707 1577.71200238993 -892.94431004189 -1281.05770120516 -239.257504279245 79883.5775244566 43.0677816013121
542610 916.767091318635 -11852.384577472 -10935.6174861534 300.837046908509 2696.06473101753 -792.229198748693 -1001.32439154332 -113.977589193869 79809.5005355412 43.0544650627041
542620 907.435667953312 -11844.8085604976 -10937.3728925443 633.872880316943 3457.17115664898 -1086.93447298714 -468.61804271102 248.885089934259 79792.0177801429 43.0513210525086
542630 903.604238286762 -11842.4589409117 -10938.8547026249 22.172238982798 2647.75807036189 -2155.90933181834 -425.332021595165 462.055989372229 79880.0999233015 43.0671566303852
542640 910.385713489155 -11850.2859411422 -10939.900227653 -980.393646937288 907.425425435275 -3046.17626930281 -802.430096944317 165.704715962802 79965.5451587477 43.0825070202643
542650 921.593595338426 -11862.3215809625 -10940.7279856241 -880.084232762672 -108.133325039135 -2371.46100148389 -160.658371764984 -327.051772358008 79881.0373532243 43.0673251007277
542660 919.917296263869 -11861.2951182663 -10941.3778220024 452.615337493649 495.145366503993 -508.035585792002 1370.73623176897 -795.799862677799 79646.9345281405 43.025212279088
542670 910.997636906602 -11852.69599445 -10941.6983575434 1548.92675445244 1284.96681571303 1207.20678865578 2154.6066589885 -1110.39904312795 79495.052947072 42.997846105754
542680 914.095549165232 -11855.9761747429 -10941.8806255777 840.394159560325 620.818970155067 810.581825391084 1089.78168313484 -1061.51238813187 79609.2259222103 43.0184211540002
542690 924.476339076505 -11866.1254739167 -10941.6491348402 -1060.17947373047 -1335.42626136688 -1183.55659953426 -661.555560290247 -633.038483480564 79866.9219543486 43.0647882104424
542700 931.198358353383 -11872.4068392079 -10941.2084808545 -1794.99263456333 -2339.94437213987 -2163.75097951402 -881.282552036116 -199.304899919264 79942.8925051205 43.0784384960199
542710 930.960339745588 -11871.9105969703 -10940.9502572247 -225.516900244137 -1143.55612895338 -540.704626875125 1007.71005509609 174.668258924665 79712.36180052 43.0369903085288
542720 923.490689092592 -11863.8670958056 -10940.376406713 1818.17983454649 711.571795086046 1937.15955012507 2805.80815842834 443.714856790878 79444.5390968893 42.9887367465774
542730 914.945141022273 -11854.7571537066 -10939.8120126843 1711.30885442153 824.41277785552 2070.75197405766 2238.76181135142 537.83020038456 79485.901870444 42.9961961427719
542740 909.202536038123 -11848.1756999927 -10938.9731639546 -424.467184952433 -1116.38702530671 -133.282887250492 -23.7316423000923 631.032185537321 79823.2927574832 43.0569450620791
542750 915.703107943811 -11853.0073330104 -10937.3042250666 -2269.21250478068 -2895.22200567699 -2165.08791802944 -1747.3275906356 417.506925653021 80083.6384488327 43.1037047019491
542760 929.828846580996 -11865.4218967519 -10935.5930501709 -1388.94891282293 -2486.74397137944 -1430.61811770749 -249.48464938185 -10.9046612428366 79951.8633409314 43.0800497926689
542770 932.305451144394 -11865.8421206423 -10933.5366694979 1304.82843630474 -530.575354929911 1680.37336967306 2764.68729417106 -500.940551046301 79586.7892677331 43.0143794108091
542780 924.709498923409 -11855.9317786742 -10931.2222797508 2428.28212400039 342.004352621365 3265.57788621572 3677.26413316409 -864.650911981335 79449.503331217 42.9896321373335
542790 917.544227963526 -11846.7365866692 -10929.1923587057 995.941917522578 -677.307751504113 1910.28429891863 1754.84920515321 -903.895280744534 79733.9574854895 43.0408764868836
542800 912.688274590753 -11839.137520493 -10926.4492459022 -1644.74700742754 -2755.56875720948 -963.521580735374 -1215.15068433776 -665.542826690695 80177.2399921256 43.1204913286707
542810 911.188740244008 -11834.4164732442 -10923.2277330002 -2367.95927585003 -3251.45604492123 -1758.25099015659 -2094.17079247227 -38.2230372093869 80319.4739897394 43.1459747729201
542820 916.558882918128 -11836.6522693203 -10920.0933864022 -632.794001356946 -1637.89308915821 312.861997485883 -573.350912398504 767.480318393329 80047.238887267 43.0971732233168
542830 928.917695598459 -11845.373033945 -10916.4553383466 1447.9515587989 267.767640517301 2464.67573224655 1611.41130363286 1211.87445867098 79682.0720046592 43.031538428077
542840 940.041011665685 -11853.0114579163 -10912.9704462506 1708.16241660636 311.963861873129 2781.02285010794 2031.500537838 1089.01417057202 79584.5155828847 43.013969786402
542850 945.507683675534 -11855.6574458792 -10910.1497622037 106.859351478003 -1309.69751761417 1312.56635003721 317.709222010971 563.479435881918 79778.4282026316 43.0488768544649
542860 947.542162250637 -11855.2813395738 -10907.7391773232 -1192.50126419701 -2471.07368465857 258.448421044947 -1364.87852897743 -151.204050677125 79981.8873323218 43.0854416752246
542870 945.989887107904 -11851.976472265 -10905.9865851571 -852.418119597488 -1881.74523178401 654.910471831269 -1330.4195988397 -620.603852966915 79975.9912303856 43.0843829255204
542880 940.419885046614 -11845.1549342713 -10904.7350492247 308.811067525311 -381.427056565894 1967.46208012236 -659.601820980534 -486.739466200623 79825.4008696586 43.0573240996087
542890 937.601542892289 -11841.3636422018 -10903.7620993095 1086.88668207982 400.541984120402 3041.51766630077 -181.399604181712 -19.608186171085 79736.7572990496 43.0413802664649
542900 936.644260167011 -11839.7586823804 -10903.1144222134 690.401720223198 -390.169221859255 2834.89354541345 -373.519162884592 277.852575501779 79838.3356832401 43.0596496266352
542910 934.944762861534 -11837.5281602025 -10902.583397341 -680.21463282009 -2082.38357288511 1396.61024725267 -1354.87057282784 148.287435671362 80047.3509425176 43.0971933333683
542920 935.046832013832 -11837.172380918 -10902.1255489041 -1327.99562720963 -2982.60931900414 268.777579465232 -1270.15514208997 -163.035865502852 80129.2925780053 43.1118940079967
542930 940.210415957196 -11842.1448018008 -10901.9343858436 -533.556584649744 -2110.35388045306 421.437238150322 88.2468883535149 -257.237945799641 79980.5999167424 43.085210501358
542940 946.160649156716 -11847.9952247463 -10901.8345755896 867.528621418659 -308.004129014458 1423.83410872118 1486.75588454925 -82.4862240108474 79751.354170571 43.0440065381508
542950 952.022567456455 -11854.0605305814 -10902.0379631249 1453.82266114173 855.400154205946 1789.60045017461 1716.46737904464 78.5516886037906 79686.1626010722 43.0322747779244
542960 950.632427079166 -11853.4470302721 -10902.814603193 494.046957177072 381.20379097044 793.237146410678 307.699934150094 249.002243580308 79868.8162987564 43.0651286888855
542970 937.803311595506 -11841.6068298908 -10903.8035182953 -862.608585145466 -987.757153066015 -434.985233811632 -1165.08336855874 425.376005777811 80123.971365384 43.1109396643958
542980 925.894644026021 -11830.7706334488 -10904.8759894228 -1100.38853911638 -1541.16744417499 -360.666700240993 -1399.33147293317 692.893203178819 80216.0551900299 43.1274486662868
542990 924.346533943159 -11830.317359083 -10905.9708251399 -171.062003385724 -1069.96637936088 879.66689020697 -322.886521003272 818.190795027957 80117.3236738722 43.1097473613975
543000 927.239550088844 -11834.1252867286 -10906.8857366398 491.368066828608 -708.186908247646 1726.61454469531 455.676564038146 544.23313335686 79995.7596675094 43.0879324939021
543010 933.886840030487 -11841.65510317 -10907.7682631396 457.96262676709 -761.266345229022 1830.25890705232 304.895318477987 -354.594691545682 79967.5034964712 43.0828587109407
543020 934.794080935617 -11843.5291536484 -10908.7350727128 -103.532963226293 -1011.30082300957 1271.13716769824 -570.43523436755 -1292.52955991296 80016.7042278037 43.0916926059152
543030 925.989161317538 -11835.7485575415 -10909.759396224 -613.328595356195 -929.190493380651 682.374025564941 -1593.16931825287 -1368.42741492991 80039.0132938327 43.0956969618265
543040 923.423249244248 -11834.1759410459 -10910.7526918016 -287.453057455168 138.898547361585 585.995770596907 -1587.25349032398 -671.268686859863 79964.3266342392 43.082288187027
543050 937.010280781443 -11848.6891839931 -10911.6789032116 94.2378675381369 1018.12032438775 218.542912313096 -953.949634086423 -66.276925807864 79854.5266777007 43.0625602226511
543060 948.988795348465 -11861.7726527884 -10912.7838574399 341.681083099304 1348.89252769256 -198.903644336621 -124.945634058016 -18.6371766859038 79780.9358933806 43.0493279042938
543070 937.670961116371 -11851.9518742614 -10914.280913145 555.092500236443 1188.21963054461 40.4648658104004 436.593004354311 -511.453300008607 79781.674708784 43.0494607907118
543080 916.435450223264 -11832.4330794697 -10915.9976292465 309.022714239933 227.988733323403 531.775636097889 167.303773298499 -834.865367270945 79872.8805617916 43.0658591577133
543090 912.8475396014 -11830.3984720679 -10917.5509324665 -464.589995837419 -1342.5528596337 652.685168982333 -703.902296860888 -508.934043373028 79994.3034619319 43.0876710414259
543100 929.401453823152 -11848.3439720599 -10918.9425182368 -1037.15303694714 -2228.28745073066 477.603631003849 -1360.77529111461 113.056098061552 80014.9305307763 43.0913742050156
543110 943.516446629829 -11864.0634325179 -10920.546985888 -457.999079739032 -1327.6971886915 970.189685575094 -1016.4897361007 678.997994598469 79864.6317435149 43.0643765740818
543120 939.161446588081 -11861.6390007209 -10922.4775541328 702.881917444266 553.795795233527 1535.80002325546 19.0499338438046 1072.84656663624 79660.5009739463 43.0276550015703
543130 923.764773783397 -11848.5366661068 -10924.7718923234 1322.92430743982 1647.10302350229 1562.02556888011 759.644329937072 1402.12507334 79601.2536280898 43.0169851104141
543140 915.920055564225 -11843.283077253 -10927.3630216888 478.391941222668 1005.06151645187 234.321643628444 195.792663587692 1336.22476062216 79765.7804811993 43.0466018076473
543150 920.272026426217 -11850.1593264476 -10929.8873000214 -928.095852575984 -316.038124244243 -1512.19451916132 -956.05491432241 458.949742386417 79993.1732310943 43.0874681134599
543160 925.943097339738 -11858.4984520243 -10932.5553546846 -1181.33562077787 -472.091542165061 -1622.9477636683 -1448.96755650022 -737.799149976271 80048.2206904964 43.0973494224855
543170 923.545152167472 -11859.0993506072 -10935.5541984397 -92.433403409091 789.486139630853 -343.299575615742 -723.486774242381 -1350.44307202086 79902.7078584437 43.0712192510842
543180 915.586310841276 -11854.2199372155 -10938.6336263742 954.462785797597 1710.92781722765 1004.57137646734 147.889163697806 -1416.55109773041 79749.2769934001 43.0436328316271
543190 908.623827203753 -11850.3810145457 -10941.757187342 909.192343448084 1142.29927339578 1093.12753959353 492.150217354951 -1129.57746842003 79765.2262047032 43.0465021000001
543200 905.362700405967 -11850.0923893694 -10944.7296889634 -57.1383654258436 -465.840781092574 34.5100471439028 259.915637671147 -606.37773460986 79936.7490415856 43.0773349682917
543210 904.835504694429 -11852.1360366555 -10947.3005319611 -934.252453184226 -1673.33632548388 -1050.33731241624 -79.0837216525581 49.6278834078344 80092.7977113293 43.1053479135687
543220 908.979858707914 -11858.5615542481 -10949.5816955402 -841.54474224741 -1514.99395285631 -1150.32145492138 140.681181035454 521.476301171691 80083.5631682759 43.10369119577
543230 914.076610544636 -11865.6935300805 -10951.6169195359 -53.8078778374148 -792.648400984455 -125.297468149129 756.522235621336 584.439770879434 79925.8822075654 43.0753828604539
543240 910.303395299592 -11863.6304105206 -10953.327015221 651.176901843619 -16.0867452109184 915.495098201393 1054.12235254037 411.24676025764 79760.7038892056 43.0456885728033
543250 906.676852171417 -11861.4211448247 -10954.7442926533 638.419689239119 48.5238567198527 1238.79905565468 627.936155342834 45.413533835247 79710.9655857914 43.0367390332803
543260 911.106677430515 -11866.9575151506 -10955.8508377201 -64.989372195646 -582.403711797605 710.297113084442 -322.861517873771 -241.931103629275 79772.4001434054 43.047792569229
543270 914.25203566142 -11870.883184287 -10956.6311486256 -608.585556223876 -1089.27192587048 232.518558793405 -969.003301594559 -230.750382263172 79824.2812988567 43.0571228021616
543280 915.80345874504 -11872.9907378707 -10957.1872791257 -318.141274484824 -936.153420510996 563.633272641874 -581.903675585363 -160.481281070055 79772.7092569353 43.0478481717427
543290 916.128636850344 -11873.6201555633 -10957.491518713 622.050661709626 -53.3200720166121 1577.30202891878 342.170028226712 328.203182479298 79670.5787726168 43.0294693920336
543300 909.339896681744 -11866.8733860114 -10957.5334893297 966.578819599779 402.629968515323 1984.24435509372 512.8621351903 934.815746829693 79676.5850381991 43.0305506775414
543310 901.269792642589 -11858.4514110241 -10957.1816183815 71.8322386214989 -478.64150814141 1222.60105939167 -528.462835385757 1203.32038774863 79851.39898331 43.0619979991006
543320 902.127251630134 -11858.1395242081 -10956.0122725779 -1134.4565097937 -1658.1993654125 -26.0937318502654 -1719.07643211835 1232.54182624123 80046.8345345799 43.0971006558038
543330 911.823708492844 -11865.8349068585 -10954.0111983656 -1291.25619439809 -1483.26174625142 -673.454755597689 -1717.05208134517 1198.17047061739 80047.8458983503 43.0972821606395
543340 926.054192883625 -11877.2212557074 -10951.1670628238 14.4200347935742 478.041159594252 -137.432593221846 -297.348461991671 1164.09300632797 79815.1963034899 43.0554892616069
543350 934.795503344859 -11882.1318116396 -10947.3363082948 1417.0317239009 2539.34030685372 359.557029774252 1352.19783507474 928.383327234584 79563.4161533826 43.0101681656419
543360 929.909880163962 -11872.9667897456 -10943.0569095816 1454.56414615609 2952.10988841855 -86.1015298793333 1497.68407992905 623.943329377678 79546.6009681208 43.0071379836132
543370 925.497588639152 -11864.0558003786 -10938.5582117394 -96.0774288459884 1507.59665961743 -1722.55009740691 -73.2788487484777 451.112526019729 79799.1458747999 43.0526029883987
543380 924.216433474996 -11857.8568702213 -10933.6404367463 -1648.00499959419 -69.4276361380082 -3512.70109766367 -1361.88626498089 640.762256388989 80077.1424359048 43.1025392129696
543390 920.180122176005 -11849.1474703453 -10928.9673481693 -1435.29227139895 181.989099025506 -3473.0154452312 -1014.85046799115 706.476342564535 80092.408573197 43.1052781030397
543400 915.403677473729 -11840.0676773392 -10924.6639998655 810.930892701022 2281.96766634077 -1290.11413518313 1440.93914694542 591.605233612643 79838.5464196334 43.0596875124754
543410 925.051688987416 -11845.6101128861 -10920.5584238987 2136.55122293831 3213.15759764281 358.89179991843 2837.60427125371 378.56217829421 79670.6527668117 43.0294827132622
543420 943.616497648676 -11860.973414943 -10917.3569172943 772.572197743263 1687.28719668166 -637.607017637095 1268.03641418522 416.550652804399 79870.9105935053 43.0655050989737
543430 949.283659719806 -11863.9142885321 -10914.6306288123 -1812.38319015241 -693.369153969107 -2794.38496405976 -1949.39545242838 497.297045172278 80283.7991107492 43.1395858890558
543440 937.798222402691 -11850.3549430467 -10912.556720644 -2571.76311452633 -1290.08806629933 -2962.74586992849 -3462.45540735117 739.395961033057 80453.4686857504 43.1699545108313
543450 927.926915501224 -11839.3595233775 -10911.4326078762 -441.635653821637 137.676837108796 10.2475198773383 -1472.83131845104 1255.15901775882 80158.3021849838 43.1170960515272
543460 929.226307547974 -11839.1604135436 -10909.9341059957 2338.47414089496 1759.14400831153 3412.84196828911 1843.43644608425 1700.26710068595 79716.3001083703 43.0376990657056
543470 933.501088492713 -11842.1892135552 -10908.6881250625 2598.45547600232 1120.01024655992 3793.54453942391 2881.81164202314 1818.29134942396 79641.125215621 43.0241661916146
543480 931.934874163155 -11839.9022258462 -10907.9673516831 -317.960443354948 -2235.43743196588 649.782020742444 631.774081158615 1854.18589579954 80028.9958347372 43.0938989745055
543490 928.212367022131 -11834.8991010121 -10906.68673399 -2890.06496859881 -4632.35701227699 -2390.81619268045 -1647.02170083899 1745.55255201515 80399.3372724109 43.1602703418915
543500 933.753303141887 -11839.7680914687 -10906.0147883268 -2317.63378822681 -3847.33056072607 -2002.32929580407 -1103.24150815029 1318.35744749114 80269.4698893282 43.137019188321
543510 949.325077338325 -11854.8325124425 -10905.5074351042 843.712280972694 -969.142880962757 1216.25733316191 2284.02239071891 871.840241718344 79721.7107324218 43.0386727500554
543520 959.163859742017 -11863.7629510132 -10904.5990912712 3306.23207014796 1499.42619226917 3617.84635323616 4801.42366493852 436.656740758342 79329.6969745129 42.9680124416696
543530 954.667077635563 -11859.731399547 -10905.0643219114 2123.06220623764 673.803374952857 2432.38795878406 3262.995284976 -23.4879808291607 79509.4978393068 43.0004502998286
543540 938.481127418571 -11844.3732745334 -10905.8921471148 -860.078480757539 -1854.2054950865 -463.459311456386 -262.570635729741 -265.512973109572 80050.9695758258 43.0978427431135
543550 917.698661364693 -11823.9822657799 -10906.2836044152 -2432.35521085696 -3058.12442229644 -1944.94851368752 -2293.9926965869 -292.585043457457 80417.3162446745 43.1634872816297
543560 903.428890458943 -11810.3265835401 -10906.8976930812 -1551.56051473798 -1959.12657358995 -1170.3832253059 -1525.1717453181 -220.000669005257 80338.357837617 43.1493558466055
543570 910.151541525183 -11817.2107333579 -10907.0591918327 505.930554289137 172.004677867138 758.245621939894 587.541363060375 -52.0508193166868 79996.0042550974 43.0879764077412
543580 928.580547317613 -11835.1682505725 -10906.5877032549 1485.30505228066 1598.41204097481 1616.52710701188 1240.97600885529 49.8033867737718 79761.1330350941 43.0457657739238
543590 933.490527440802 -11839.6738934983 -10906.1833660575 718.698613162159 1363.48794467523 742.485255450867 50.1226393603697 100.872419803363 79791.3736802089 43.0512052120673
543600 926.460718507922 -11832.2497568537 -10905.7890383458 -512.340603139923 476.652017986222 -543.117877056421 -1470.55595034957 256.168964793702 79944.7231658855 43.0787673199371
543610 923.873410608764 -11829.1550833983 -10905.2816727895 -814.029712184345 566.781174529379 -915.555038110687 -2093.31527297174 493.710717989073 80009.5893929574 43.0904153752562
543620 928.410606040125 -11833.090950146 -10904.6803441059 -124.725498913121 1434.38860308898 -303.303648365412 -1505.26145146293 760.082944658291 79934.20364037 43.07687773068
543630 934.976215951461 -11838.9352692568 -10903.9590533053 552.307183064749 1817.20573836545 469.630026239974 -629.91421541116 1025.83940773843 79837.0567166838 43.0594196947134
543640 939.933298937736 -11843.2313273057 -10903.298028368 728.703132245269 1379.87016955143 1071.46535601044 -265.226128826081 1238.86096943652 79840.3667431261 43.0600147644465
543650 936.073680070543 -11838.8771455596 -10902.803465489 208.661333208793 387.027893549631 1039.87751376315 -800.921407686415 1531.9855775458 79971.5144299761 43.0835790018294
543660 926.685089026136 -11828.986334126 -10902.3012450998 -689.748566762494 -645.356031050776 156.862232471714 -1580.75190170841 1963.49954333495 80135.7142227349 43.1130456545532
543670 926.733303776857 -11828.4561734654 -10901.7228696886 -973.496687866877 -912.518014422158 -111.555907476909 -1896.41614170157 2156.08275393294 80177.0649657122 43.1204599513936
543680 932.700937738301 -11833.7899226807 -10901.0889849424 -94.2049231489554 -298.177349066033 1321.41237176512 -1305.84979214596 1758.27427263379 80049.8639132016 43.0976443199774
543690 934.093813820866 -11834.4274449576 -10900.3336311367 1067.59164079075 280.098077521417 3078.15319322996 -155.476348379116 1143.75260295354 79907.5511359694 43.0720894829745
543700 927.406891188983 -11827.0486722837 -10899.6417810947 1249.58870120321 -88.604224764185 3337.60595257782 499.764375796015 674.167955605423 79954.4977214334 43.0805229440211
543710 921.098798466667 -11819.9774310774 -10898.8786326107 -95.8985418925337 -1231.64776577378 1250.50461025198 -306.552470155781 447.206657748746 80221.5830609965 43.1284393137522
543720 925.756410951891 -11823.368089804 -10897.6116788521 -1696.09434950786 -2319.1050683256 -1242.15195590611 -1527.02602429187 495.682808678486 80471.7668390324 43.1732270880474
543730 937.216434171792 -11833.5164201189 -10896.2999859471 -1403.32841418178 -1569.29222794284 -1341.66921118203 -1299.02380342047 721.182102305633 80426.1017423306 43.1650590778769
543740 941.859510945336 -11836.8341557149 -10894.9746447696 523.748543021871 497.720652132994 1189.45160717195 -115.926630239331 735.456019497015 80130.3071906261 43.1120759709458
543750 935.454046220144 -11828.9153798185 -10893.4613335983 1967.78001058984 1824.84004455653 3893.00407844382 185.49590876918 715.818474687106 79923.6999414297 43.0749908188847
543760 928.285931263833 -11820.4916216143 -10892.2056903504 1061.65099820819 912.805704943189 3985.98369822512 -1713.83640854375 684.066854299766 80056.4043117066 43.0988180387832
543770 926.74756460245 -11817.3831247961 -10890.6355601937 -1123.84057937445 -1408.18748844355 2090.56488797081 -4053.89913765061 601.7197555341 80381.1853411575 43.1570219684019
543780 931.087250095701 -11819.7935516472 -10888.7063015515 -2128.25856412114 -2668.30270317917 755.528391762553 -4472.00138094678 623.886385260742 80514.7996953277 43.1809214479416
543790 937.353823234194 -11824.3105255236 -10886.9567022894 -900.723643868454 -1776.51486208242 1482.05798824256 -2407.71405776552 787.37470568259 80268.3824403324 43.1368243881473
543800 944.298187703378 -11829.1227670454 -10884.824579342 1654.96201868816 546.917878749355 3590.51405643121 827.454120883919 890.807124171464 79862.2611200019 43.0639504762728
543810 947.847726617715 -11830.5564925555 -10882.7087659378 2226.60238773861 1312.0055356347 3828.08807792194 1539.71354965921 832.135127520201 79736.5410956458 43.0413413647018
543820 951.840970758569 -11832.9814166516 -10881.140445893 117.027636668021 -498.570494339204 1585.13670809447 -735.483303751204 634.8755916377 79995.5038301022 43.0878865601479
543830 960.148173278013 -11839.6988507225 -10879.5506774445 -2029.2742275206 -2308.38977466357 -826.300268750986 -2953.13263914724 656.464908720921 80284.5210833955 43.1397152032635
543840 965.480246394998 -11844.1948301232 -10878.7145837282 -1964.14360504725 -1708.12788433569 -1130.17241891548 -3054.13051189055 936.462863911791 80219.3494368726 43.1280390323778
543850 968.106050215357 -11846.7735880725 -10878.6675378571 440.839904151443 1130.52415767743 727.206768493746 -535.211213716828 1069.88480728621 79807.7158162125 43.0541441288627
543860 968.447528909817 -11847.342496235 -10878.8949673252 2753.15319988349 3389.64835913009 2776.00177563958 2093.80946488081 1084.21697375936 79481.1982140499 42.9953480119817
543870 960.623870558142 -11841.1324288777 -10880.5085583196 1876.40855848185 2238.53449756948 1910.3070537531 1480.38412412299 1116.09989061211 79626.0019413201 43.0214426931077
543880 950.543309770049 -11833.3602120245 -10882.8169022544 -921.998413098284 -661.963954074885 -922.910562424106 -1181.12072279587 1076.05666178249 80092.6101140641 43.1053142590582
543890 947.043614908413 -11832.3686652348 -10885.3250503264 -2397.62949286982 -2139.52710981397 -2342.41004687401 -2710.95132192147 951.898549696567 80385.3778907701 43.1577722883068
543900 940.103398811137 -11828.9073522009 -10888.8039533897 -1143.21821511814 -804.266604853828 -751.458229412901 -1873.92981108768 773.819229450452 80253.6606809002 43.1341870326486
543910 930.862010875664 -11823.3018490228 -10892.4398381471 1170.03608043719 1624.27307705501 2053.53445031501 -167.699286058447 280.2239998541 79937.8083254568 43.077525247586
543920 932.110775121966 -11828.1528589829 -10896.0420838609 1894.11239731347 2428.74788554617 3233.09069843344 20.4986079607996 -371.770533101467 79842.0009906703 43.0603085600377
543930 937.158185234173 -11837.0161903361 -10899.8580051019 340.631257488599 926.56935178061 2094.58801993088 -1999.26359924569 -814.188695141449 80066.5940407614 43.1006465272966
543940 931.159876826767 -11834.4281018753 -10903.2682250485 -1643.96752307991 -1156.96431887404 139.034543405506 -3913.9727937712 -796.095679020789 80322.4065241503 43.1464998656512
543950 926.884387220994 -11833.3729250988 -10906.4885378778 -1612.2095729973 -1710.36149951369 38.8082665279363 -3165.07548600617 -569.809123963102 80280.6944720667 43.1390298011316
543960 933.773745821283 -11843.1598550808 -10909.3861092595 340.098348286934 -392.60241654633 1599.74225258078 -186.844791173639 -360.401777321188 79979.9822886718 43.0850995965304
543970 937.089118616675 -11848.802988437 -10911.7138698203 1742.99618184202 954.179892686351 2019.6339089883 2255.1747438514 -71.3843842120044 79770.2341869612 43.0474029587562
543980 933.060551549072 -11847.0462202135 -10913.9856686645 810.372046006546 317.689987208329 132.81321212222 1980.61293868908 162.066852600259 79861.532814867 43.0638195684191
543990 933.629960046669 -11849.5585993441 -10915.9286392975 -723.240722234572 -777.801372788492 -1898.272621979 506.351828063772 357.426671744978 80080.5675565 43.1031537424323
544000 935.347442468049 -11852.9480135863 -10917.6005711182 -1306.21502394498 -725.121378825897 -2630.29029720475 -563.2333958043 290.096336751205 80156.3061041331 43.1167381517139
