# Fix print output for fix setl_out
480000 823.947082473171 -12006.0371564253 -11182.0900739522 909.803759468706 1135.5972177291 -617.771426302701 2211.58548697971 501.479638898132 78212.2069146044 42.7652990695954
480010 825.735826398202 -12007.8304746515 -11182.0946482533 309.651913590855 103.886009280101 -1027.50049922259 1852.57023071503 383.701554515735 78291.8462945592 42.7798093645406
480020 825.714297821358 -12007.7484020308 -11182.0341042094 -450.699295337426 -776.813010311796 -1612.78872763481 1037.50385193433 155.300801004274 78434.999850313 42.8058672209424
480030 818.847620566387 -12000.7542926153 -11181.9066720489 -604.661744420421 -991.141462583093 -1542.3838776959 719.54010701773 -125.244264728586 78497.030666486 42.8171486778206
480040 813.481879217137 -11995.1271621019 -11181.6452828848 -55.4690873095949 -617.516823512952 -635.607680850147 1086.71724243431 -220.300362803406 78446.4651360024 42.8079528442242
480050 818.094762495321 -11999.2091896332 -11181.1144271379 359.990109912987 -509.351504616885 132.50702415795 1456.81481019792 -63.9122536774162 78378.5377412369 42.7955933647763
480060 825.169312426857 -12005.5472108381 -11180.3778984112 228.268236371591 -815.520594807196 199.023079076383 1301.30222484559 118.182056741008 78374.3731269566 42.7948353754033
480070 825.649567938664 -12005.1758370634 -11179.5262691247 -242.620500178735 -1067.84079630194 -366.808739827731 706.788035593463 -54.9169095847869 78413.552113378 42.8019651675373
480080 824.752518877439 -12003.3352645161 -11178.5827456386 -312.876722002927 -599.459379820766 -877.2154242158 538.044638027794 -518.742268938139 78411.3301440755 42.8015608770864
480090 826.637225047877 -12004.1565866139 -11177.519361566 163.498620966868 601.826783695925 -1109.36332130315 998.032400507836 -879.533745754319 78352.2209556123 42.7908030715692
480100 830.188076723707 -12006.5160748509 -11176.3279981272 356.404669951129 1374.29810343269 -1532.96302956964 1227.87893599032 -815.317868394768 78316.5138132039 42.7843017903628
480110 836.052780416933 -12011.1329478903 -11175.0801674734 -40.7371088385497 1164.1192004509 -2284.05265475429 997.722127787724 -412.844921940093 78343.2438499998 42.7891687752878
480120 840.883244240949 -12014.7418003132 -11173.8585560722 -322.782422021957 644.162352119392 -2534.93373010208 922.424111916808 -173.003819127697 78369.1665346765 42.7938877008645
480130 836.219121824109 -12008.9741533946 -11172.7550315705 166.49037621426 811.967207022252 -1681.06817268649 1368.57209430702 -201.891450213664 78342.7285227993 42.7890749553665
480140 820.715919147106 -11992.3858549893 -11171.6699358422 639.108765244491 1420.46157548675 -795.697367824807 1292.56208807153 -376.227190253504 78347.6853944224 42.789977381081
480150 810.246712507877 -11980.5909796902 -11170.3442671824 -15.6246902435961 1297.87636918643 -1232.5116473145 -112.238792602714 -620.359734106965 78478.3478235024 42.813751481215
480160 813.013581516703 -11981.420363183 -11168.4067816663 -993.176649446922 701.453886766188 -1904.85780392401 -1776.12603118295 -885.914710102825 78636.0322725 42.8424071400164
480170 821.850777216261 -11987.7569181062 -11165.90614089 -996.051227508696 610.722579266453 -1658.43711929812 -1940.4391424944 -926.383673944731 78621.9310138462 42.839846108887
480180 830.815876662299 -11993.7378094961 -11162.9219328338 562.163689337159 1568.4156878492 285.96718299269 -167.891802830422 -451.532298061864 78403.7335346193 42.8001786055775
480190 836.026297608254 -11995.5431014307 -11159.5168038224 1642.14747214377 1709.82255189672 1903.87679280435 1312.74307173024 437.79547754297 78254.1421757641 42.7729409012725
480200 837.93612704418 -11994.1769053337 -11156.2407782895 403.241044280809 -266.266988382721 806.947204532371 669.042916692779 1131.79005693329 78401.1117210733 42.7997015222644
480210 843.809947418414 -11996.7176604205 -11152.9077130021 -1635.63485125566 -2601.52513457701 -1491.93205654019 -813.447362649786 1298.19618340911 78649.9729200128 42.8449387004605
480220 849.584360750619 -11999.6238470045 -11150.0394862539 -1436.33772041135 -2294.33402290873 -1526.76195566613 -487.917182659189 743.838432946542 78614.7295899776 42.8385380883126
480230 846.176400418207 -11993.8743896678 -11147.6979892496 894.064021466965 312.067487447729 722.475361983447 1647.64921496973 -32.2740936119731 78301.8787549897 42.7816365808432
480240 837.418079141134 -11983.0561959035 -11145.6381167624 2148.73336234472 1952.06491106728 1869.54581489324 2624.58936107362 -386.23026942118 78135.5774473483 42.7513278791117
480250 834.870403181351 -11979.1564370749 -11144.2860338935 745.561533118899 625.443962035803 596.118812437552 1015.12182488335 -483.085747232119 78368.3027871177 42.7937304823501
480260 838.312791380137 -11981.1834612865 -11142.8706699063 -1664.85786425759 -2100.83547788713 -1281.58888718012 -1612.1492277055 -537.821064480468 78752.7519618058 42.8635936971742
480270 840.238562275396 -11981.984486614 -11141.7459243386 -2104.31856260013 -3027.69607043531 -859.537470745843 -2425.72214661923 -275.551287662233 78831.241525263 42.8778290840517
480280 842.209266833313 -11983.4542854015 -11141.2450185681 -52.7566249476395 -1266.17333849401 1771.9914934342 -664.088029783101 110.730580199131 78510.681615084 42.8196305586087
480290 846.541977830183 -11987.2071953528 -11140.6652175226 2000.27435292771 680.437866668448 3864.47579992432 1455.90939219036 395.157068524285 78178.8122381853 42.7592116283968
480300 851.744136658468 -11992.4898703743 -11140.7457337158 1510.09769398721 297.898341401037 2966.58822672129 1265.80651383929 94.6646054421945 78217.6446706069 42.7662901419687
480310 850.512699457979 -11991.8552743275 -11141.3425748695 -706.289437745331 -1931.10740515403 571.959961208288 -759.72086929025 -585.597849258915 78539.273081592 42.8248278448115
480320 843.873004280841 -11986.0197642185 -11142.1467599376 -1827.22203839912 -2931.51497577724 -343.498610225096 -2206.652529195 -1107.1894083519 78730.9591591577 42.859639532642
480330 839.304215523398 -11982.8349537245 -11143.5307382011 -676.952365296564 -1788.04110503713 1008.86135841626 -1251.67734926883 -1311.18463955075 78580.3502780089 42.8322925487845
480340 837.521596034634 -11982.4768041434 -11144.9552081088 1354.72387502928 -23.5329436690548 3069.64484808791 1018.05972066898 -1378.24937726724 78308.6422015327 42.7828683221755
480350 834.11481491632 -11980.6834513563 -11146.5686364399 1607.97585941194 -143.324634308869 3305.747308725 1661.50490381969 -1603.49553788699 78289.1513011898 42.7793184976499
480360 829.415627630858 -11977.7762660124 -11148.3606383815 -401.539595948636 -2310.94683457029 1161.40060825409 -55.0725615296988 -1627.19065294318 78561.4980351838 42.8288669707602
480370 831.264486190964 -11981.1523658038 -11149.8878796128 -2108.42222810362 -3749.40764127602 -728.405340333921 -1847.45370270092 -1580.50045260554 78752.0673585153 42.8634694913884
480380 840.382697462668 -11992.1721959392 -11151.7894984766 -1119.50978721406 -2219.00340735092 -304.152707099067 -835.373247192194 -1273.38530768922 78549.3390275618 42.8266573074128
480390 847.751136004674 -12001.3516940173 -11153.6005580127 1450.59974038466 705.255180825302 1801.00002576235 1845.54401456633 -1057.53862888719 78150.910236113 42.7541241051466
480400 844.590209724535 -12000.1356279667 -11155.5454182422 2154.137607368 1533.6312054016 2503.55668209869 2425.22493460371 -1098.28696142768 78030.5877223226 42.7321711681572
480410 835.881098295739 -11993.8208440864 -11157.9397457907 329.6766049568 -125.323267119045 849.830328816098 264.522753173347 -1221.00084181203 78307.7063496092 42.7826978914798
480420 829.809266059744 -11989.6642203663 -11159.8549543065 -1808.461473587 -1903.75909966267 -1384.08387485373 -2137.54144624459 -1156.44406001627 78631.4686776109 42.841578346197
480430 825.488575218998 -11987.1512508622 -11161.6626756432 -1641.88658466658 -1606.67053688106 -1392.79479159608 -1926.19442552261 -943.090288438089 78609.3125488888 42.8375541189704
480440 822.199232462132 -11985.4116243051 -11163.212391843 406.991897563966 383.601668171656 595.96133460721 241.412689913046 -843.777551987217 78291.6085075707 42.7797660544012
480450 823.592671531169 -11987.7352113439 -11164.1425398127 1861.62493370723 1825.21729161011 2025.65903380522 1733.99847570634 -655.738492700838 78073.2267616383 42.7399532742877
480460 827.04080088782 -11992.1198403447 -11165.0790394569 1059.99183705498 865.618584860418 1206.65784612541 1107.69908017914 -391.445326152555 78203.9996335688 42.7638031432361
480470 828.408124930444 -11994.1359900983 -11165.7278651679 -1059.29852685276 -1729.75657145469 -772.251164413692 -675.887844689894 -199.709239075058 78506.0359988651 42.8187859707989
480480 827.101267689425 -11993.3045310332 -11166.2032633437 -1418.46271612567 -2294.03060776434 -1050.02909316977 -911.328447442898 -0.778085168610072 78598.7847483461 42.835641684997
480490 817.216098258662 -11983.9099180102 -11166.6938197515 172.559002086896 -644.991368222867 630.082647129593 532.585727353971 205.434957430876 78436.1123939546 42.8060696100558
480500 805.80928540579 -11972.6141654739 -11166.8048800681 1352.25830447059 431.759622435858 1911.20600268203 1713.80928829388 252.363565382277 78321.5571321031 42.785220158813
480510 807.802967698695 -11974.481285703 -11166.6783180043 544.209389324575 -392.830914684054 923.310055682793 1102.14902697499 160.347563702626 78451.589527831 42.808884944636
480520 815.108262355299 -11981.2264643858 -11166.1182020305 -1087.98502882343 -1800.27804733588 -1017.52739314345 -446.14964599095 122.251294190438 78656.9206946085 42.8462002741591
480530 816.684246963276 -11982.081500535 -11165.3972535717 -1273.77508440948 -1695.17224494516 -1434.02895463349 -692.124053649796 348.390030695757 78647.8891156119 42.8445603097377
480540 819.965852396367 -11984.5820333931 -11164.6161809968 113.671981580222 -43.1411599888938 -175.300179072408 559.457283801958 628.334274036211 78417.9076003728 42.8027576323859
480550 830.947404873168 -11994.5587649674 -11163.6113600942 1224.09787338935 1374.58180283389 821.740127200197 1475.97169013395 1069.65923741133 78238.1558532369 42.7700280475986
480560 841.188872560827 -12004.0171818168 -11162.828309256 664.911446659179 1242.69245061351 133.201606680926 618.840282683095 1381.19851101779 78290.8733279405 42.7796321494117
480570 841.496263565516 -12003.8078355224 -11162.3115719569 -527.116011550556 222.017848983172 -943.815047989555 -859.550835645277 1295.30446002245 78453.0783555025 42.8091557470918
480580 831.772930996536 -11993.8188070986 -11162.0458761021 -702.14285121529 -241.096878604938 -761.835308897411 -1103.49636614352 1022.32490895405 78508.3437515791 42.8192055317496
480590 824.272791387776 -11986.1961293342 -11161.9233379464 67.2381764969111 73.1941661079846 256.558270469148 -128.037907086406 791.399088423747 78436.5611058632 42.8061512372382
480600 827.871670105262 -11989.6288470884 -11161.7571769831 620.395006467954 274.709160964114 817.597031639558 768.878826800185 439.90653597745 78385.2798793167 42.7968204248667
480610 833.251236030676 -11994.88922052 -11161.6379844893 257.995680879724 -368.86348936418 377.17223375394 765.678298249421 10.2610900493287 78445.8793871718 42.8078462969515
480620 830.060577834999 -11991.6582454242 -11161.5976675892 -157.973890087087 -1060.03616352627 -5.91759575729436 592.032089022291 -188.298503143971 78550.0577499424 42.8267879275792
480630 823.734005929228 -11985.3347838305 -11161.6007779013 -280.083517695476 -1293.62106839018 -93.4488929571471 546.819408260909 -34.1795094201871 78616.5589797329 42.8388703745361
480640 822.565399957983 -11984.1250248703 -11161.5596249123 -206.093965407427 -1189.48175690637 97.89914510854 473.300715575541 271.851544361694 78625.0417240124 42.8404110936845
480650 827.181553646618 -11988.6296137503 -11161.4480601037 -218.602205920023 -1034.4408623845 254.600935580386 124.033309044048 650.180178902022 78589.5384525848 42.8339619026883
480660 829.913273730775 -11991.2412919569 -11161.3280182261 -93.5211450074952 -483.521846997596 273.992807811362 -71.0343958362544 812.472106483446 78516.8697478546 42.8207555290895
480670 827.332717818168 -11988.5656493344 -11161.2329315162 295.177166849809 97.4338906667041 382.467988223869 405.62962165884 735.96084942813 78437.4641076562 42.8063155053739
480680 821.742704554627 -11982.880492788 -11161.1377882334 460.849056802236 264.961947064595 470.929692957964 646.655530384156 424.204277210592 78420.7392371472 42.8032728225486
480690 814.804389222707 -11975.7349887435 -11160.9305995208 120.005321497328 71.3301429708436 -28.2984022828442 316.984223803988 100.660592104717 78489.3873116663 42.8157589127997
480700 817.450049505525 -11977.9039089496 -11160.4538594441 -571.16661889864 -365.998589601931 -873.953922534381 -473.547344559623 -143.914739689128 78570.8896215486 42.8305735530175
480710 832.172017950829 -11991.9570359247 -11159.7850179739 -906.236067248997 -644.514058439419 -1145.79691655024 -928.397226757333 -220.169108416429 78536.9160356644 42.8243994345317
480720 841.106050862522 -12000.2639035021 -11159.1578526396 -13.1984762538021 169.041131402266 -220.455583812796 11.8190236491262 -330.274839831449 78344.2461712101 42.7893512556414
480730 832.511440407882 -11991.0705038953 -11158.5590634874 1288.43071484719 1331.60569115463 931.898451381034 1601.78800200591 -587.625335660169 78173.0927686146 42.7581688651598
480740 824.681393819897 -11982.8199924129 -11158.138598593 945.20272391002 705.937139992761 558.496715364359 1571.17431637293 -893.768163396655 78242.6865517904 42.7708536224591
480750 831.276273694667 -11988.8920652622 -11157.6157915676 -731.44402851911 -1356.95289986961 -826.823939603186 -10.5552460845377 -1127.50442675136 78468.7400387474 42.8120042387896
480760 840.795914047967 -11997.8186962536 -11157.0227822056 -1267.55179632567 -2226.90937837251 -897.887566554482 -677.858444049997 -1084.0730152822 78545.629949446 42.8259832091553
480770 842.383192976382 -11999.0949483041 -11156.7117553277 128.466509553632 -805.803258537034 676.214786450199 514.98800074773 -729.907727852323 78401.7210132885 42.7998123942355
480780 836.194696875825 -11992.7628426919 -11156.5681458161 1183.76703266959 330.158427050859 1641.78576763857 1579.35690331934 -393.646729035442 78301.2820973595 42.7815279156994
480790 832.480897559999 -11989.2007151539 -11156.7198175939 592.836619439692 -261.893789832951 935.033090585461 1105.37055756656 -74.6001238083451 78414.5440834889 42.8021456554332
480800 838.559648271556 -11995.5340417131 -11156.9743934416 -734.324438785427 -1696.14735774702 -500.309905532745 -6.51605307651441 216.639740228105 78598.3173416254 42.8355567739874
480810 840.768909281819 -11998.2718454113 -11157.5029361295 -1046.95256528148 -1994.58073980595 -1018.22747287903 -128.049483159468 222.389242820678 78618.1010484688 42.8391504684147
480820 834.142957182589 -11992.5825615751 -11158.4396043925 96.7905053253689 -798.246170400841 37.6271754949345 1050.99051088201 -150.540583321981 78467.433483532 42.8117666216279
480830 831.707381644663 -11991.3114681908 -11159.6040865461 943.767972617015 158.852491878938 947.4410631868 1725.01036278532 -824.601988038136 78370.5971916673 42.7941481051569
480840 834.507434973077 -11995.6224326589 -11161.1149976859 262.782177913279 -177.095855798783 394.138977617029 571.303411921592 -1563.39423128921 78444.7527972315 42.8076413695958
480850 833.373698509129 -11996.2885810824 -11162.9148825733 -597.864196033211 -718.265323066488 -389.747988210987 -685.579276822144 -2089.08535436816 78548.6864911631 42.8265387151562
480860 826.154968164396 -11991.1849361271 -11165.0299679627 -538.8501681136 -277.899851330741 -582.718368793665 -755.932284216395 -2295.29569983069 78535.0774060481 42.8240652442446
480870 815.52388134741 -11982.7919062406 -11167.2680248932 234.146588502296 689.655762869063 -144.458851174697 157.242853812534 -1950.93279952766 78431.1964337145 42.8051753054375
480880 808.592159656862 -11977.965746711 -11169.3735870541 873.694434978105 1148.10977526297 338.418024077682 1134.55550559366 -1297.28539306259 78385.7305727727 42.7969024479624
480890 806.085908126043 -11977.338582929 -11171.252674803 255.941930465715 493.997642161735 -304.030658726668 577.858807962096 -782.781275674759 78496.2715663771 42.8170106572835
480900 808.781439200594 -11981.4965492678 -11172.7151100672 -882.64832863644 -518.085427337625 -1236.04454381039 -893.815014761308 -353.453019623494 78638.9485946565 42.842936756076
480910 818.54144939096 -11992.4742664323 -11173.9328170413 -943.779951971519 -574.896273799777 -865.927026922891 -1390.51655519188 -58.5090789513432 78612.5151581382 42.8381358570178
480920 829.568323776513 -12004.6361262 -11175.0678024235 97.8222214132119 369.376090421565 463.222282427707 -539.131708609643 3.34156118628401 78415.446401756 42.8023098299504
480930 833.886057571305 -12010.0607481564 -11176.1746905851 1058.11461532537 1341.82600257959 1519.19910328413 313.318740112406 12.9422315541211 78247.2312758217 42.7716817209964
480940 827.51667322232 -12005.0278321163 -11177.5111588939 810.054758538393 1178.01636312982 1338.47519216258 -86.3272796772147 -12.2471960709982 78281.465946128 42.7779186229322
480950 819.506327321215 -11998.3939184243 -11178.8875911031 -495.085205826323 -311.345108323728 74.5962862721069 -1248.50679542736 -106.152636858902 78460.4402366225 42.8104947472717
480960 815.994428163973 -11996.1060610173 -11180.1116328534 -979.367660234891 -1090.96381805831 -520.821701207149 -1326.31746143922 -253.326588763407 78548.8984554704 42.8265772377161
480970 810.339748576911 -11991.5518238553 -11181.2120752784 -93.7961564070047 -422.121634435971 199.508713323386 -58.7755481084293 -484.55635464114 78458.3173364075 42.8101086366495
480980 804.864276731894 -11986.8179791246 -11181.9537023927 763.162374357102 243.318872681565 1115.21015451907 930.958095870656 -473.09755346316 78348.9082673038 42.7902000059547
480990 808.169129853513 -11990.5162920353 -11182.3471621818 294.465224076997 -315.047578408017 903.588247879237 294.855002759766 -341.633129324099 78374.8524021244 42.7949226082546
481000 817.012657693838 -11999.3887858059 -11182.376128112 -705.162803983912 -1274.75101031191 30.5131127792095 -871.250514419044 -336.347605250055 78453.3105554967 42.809197981576
481010 824.462431350551 -12006.6923798187 -11182.2299484682 -621.52276686974 -1132.40830596885 30.2418461652581 -762.401840805625 -266.426404407282 78405.4273475739 42.8004868178342
481020 824.954194273112 -12006.9344019191 -11181.9802076459 463.119547567305 287.268081812077 808.033692005906 294.056868883919 -118.100147615454 78243.6770765439 42.7710341096601
481030 823.712187771715 -12005.3309604326 -11181.6187726609 1075.42902360409 1334.05356935077 974.216400584974 918.017100876552 40.6999644360493 78166.1208832825 42.7568976949809
481040 822.950555465501 -12004.2115640723 -11181.2610086068 347.365708857315 759.774341786997 107.725806278429 174.596978506517 -28.0136012119923 78288.9775786515 42.7792868553888
481050 816.726892550565 -11997.391817627 -11180.6649250765 -843.103177039612 -572.320928172464 -827.747924561459 -1129.24067838491 -207.96095684672 78484.9580720301 42.8149535180397
481060 811.997443689354 -11991.7965340706 -11179.7990903813 -963.497674473216 -982.928629072332 -861.874007954464 -1045.69038639288 -170.73884111777 78533.1517744866 42.8237152348461
481070 815.014345616418 -11993.6184006366 -11178.6040550202 79.8030958943217 -412.390278464346 182.486221082029 469.31334506529 -22.7681027207551 78397.3684256626 42.7990203479263
481080 820.871540208749 -11997.7838689657 -11176.9123287569 997.50521089741 317.540128334841 1231.64999098417 1443.32551337322 153.794050466951 78263.8643480667 42.7747121756938
481090 823.891179295527 -11998.8294441301 -11174.9382648345 704.985505492213 -39.5883817214548 1245.58126647171 908.963631726386 444.571745358614 78312.4464333456 42.783561107836
481100 824.379386360131 -11997.0255298767 -11172.6461435166 -443.459870514436 -975.886971079812 319.728327286998 -674.220967750504 812.777288237093 78507.6934091674 42.8190872970883
481110 826.455661400726 -11996.4525595268 -11169.9968981261 -1154.47551805828 -1015.64609096445 -672.014316439909 -1775.76614677046 958.22786702503 78640.5037793616 42.8432191786412
481120 830.563422510436 -11997.8100965362 -11167.2466740257 -720.680529348485 9.62113664468143 -692.19580915871 -1479.46691553144 794.641623646837 78555.814075449 42.8278340499164
481130 835.452079157951 -11999.8259699343 -11164.3738907763 692.167971238031 1742.81764731745 462.256481797201 -128.570215400549 463.657511048355 78311.8609934191 42.7834544952925
481140 834.83950618987 -11996.3130985946 -11161.4735924048 1680.86363672163 2924.50228512635 1303.50210670664 814.586518331896 155.201727407041 78170.9228127877 42.7577732294711
481150 828.47072860095 -11987.4299591137 -11158.9592305128 648.902125112648 1817.66351809831 278.078110539362 -149.035253299713 -122.795658477751 78344.4872282323 42.7893951417106
481160 824.342228016175 -11980.6811807795 -11156.3389527633 -1442.73239736446 -507.908424901433 -1716.17523175312 -2104.11353543882 -314.18287357476 78685.0566281474 42.8513084245143
481170 826.524598433333 -11980.2740279431 -11153.7494295098 -1970.20819650276 -1221.34858527204 -2198.91733378067 -2490.35867045556 -375.978506837972 78795.892886366 42.8714191909212
481180 830.56027026444 -11982.1137646458 -11151.5534943814 172.109032961635 882.271907848298 -108.335453704577 -257.609355258824 -263.691709253588 78528.3174891112 42.8228365133395
481190 829.765000896532 -11978.9704835202 -11149.2054826237 2463.51770420543 3399.63055539734 1770.30070743689 2220.62184978205 -18.4298062093927 78249.9483175254 42.7721767804637
481200 823.829789896636 -11971.349989211 -11147.5201993144 1547.58088183043 2786.21268784914 566.62041093424 1289.90954670792 -135.900091029041 78412.7115565817 42.8018122279399
481210 820.469891350753 -11966.2184725244 -11145.7485811737 -1632.1758195212 -448.966607601969 -2469.9772642555 -1977.58358670615 -651.367275766196 78904.513256014 42.8911096049941
481220 825.181518240761 -11968.9302269288 -11143.7487086881 -3054.61429886204 -2221.68742838755 -3636.51396535206 -3305.64150284652 -1043.55751412928 79124.2978865935 42.9308963766896
481230 832.586916524393 -11975.2322636585 -11142.6453471341 -809.515579635397 -363.696911627199 -1244.14260381884 -820.707223460157 -1339.99051178514 78761.2842878103 42.8651416343948
481240 838.773272591782 -11979.8719796821 -11141.0987070903 2455.93143180842 2560.2038721097 2201.94978663816 2605.64063667739 -1394.24986075656 78229.3317767225 42.7684200504717
481250 840.990851666498 -11981.0383862785 -11140.047534612 2561.25085208226 2486.81615781224 2193.381959913 3003.55443852156 -984.052652955111 78149.8543314855 42.7539315525554
481260 843.918738448419 -11983.6750957445 -11139.756357296 -453.865409921179 -541.079456436603 -800.611072637869 -19.9057006890686 -262.922077554278 78543.2049529637 42.8255424720216
481270 850.761284420415 -11990.0930044411 -11139.3317200207 -2494.07869673842 -2591.2735681242 -2601.39333138849 -2289.56919070255 300.785018972661 78852.5438084751 42.8816909767853
481280 852.939815685937 -11992.7899055108 -11139.8500898249 -1320.50412488347 -1587.12430052448 -1242.17407140927 -1132.21400271668 444.360288117757 78692.7797461332 42.8527103632385
481290 845.998799241494 -11986.5846954316 -11140.5858961901 1663.89629880683 1396.83328478602 1870.04709588467 1724.80851574979 185.566164592566 78303.4518673144 42.7819230783072
481300 841.238378823968 -11982.8178788093 -11141.5794999854 2500.52327730412 2591.59038066468 2767.34704080415 2142.63241044354 -104.529021444543 78236.1778847201 42.7696676161231
481310 840.204628391166 -11983.3426855655 -11143.1380571743 -54.9449539087205 278.245324338402 517.364390664443 -960.444576729004 -57.5657660763651 78617.7269376741 42.8390825170827
481320 830.266439540571 -11974.5118363886 -11144.245396848 -2259.10863122294 -1935.37235672387 -1362.26188331203 -3479.69165363292 230.776172902016 78972.0750868253 42.9033479214312
481330 815.786906026246 -11961.371972838 -11145.5850668117 -1426.82361728772 -1300.0218493775 -306.248236059316 -2674.20076642634 591.758832740463 78896.7399660686 42.8897010840432
481340 814.182688230478 -11960.7772945624 -11146.5946063319 878.144116814976 895.46366995762 2088.04742364555 -349.078743158238 746.506583235022 78561.6709783758 42.8288983981799
481350 823.036744483247 -11970.1619330035 -11147.1251885203 1819.375274583 1936.28030391563 2941.82940100044 580.01611883294 562.693760330546 78404.1490537841 42.8002542153402
481360 826.688918821948 -11974.4572705891 -11147.7683517671 428.6832781183 581.302063319296 1347.81894932082 -643.071178285228 162.096039006425 78583.686879799 42.8328987744748
481370 825.949160001272 -11974.1031718125 -11148.1540118112 -1380.25839147758 -1265.91130597276 -908.736956656702 -1966.1269118033 -280.959028245702 78836.2202682021 42.8787317430763
481380 829.353478559963 -11977.9476751277 -11148.5941965677 -1500.85618917445 -1297.15532064252 -1685.31094295826 -1520.10230392259 -703.07099789025 78823.0670988307 42.8763469568795
481390 831.004212424622 -11980.1459966252 -11149.1417842006 328.42528444096 683.320040125241 -396.849334132913 698.805147330555 -956.605542908098 78536.0522434507 42.8242424318538
481400 828.28116628015 -11977.747661019 -11149.4664947389 1788.29298199556 2233.42420663617 851.756029063331 2279.69871028719 -954.215733999176 78321.1482659176 42.7851457073642
481410 831.783405662513 -11981.8433983593 -11150.0599926968 869.085587348059 1136.66970910301 -81.7533025913921 1552.34035553255 -795.735854461418 78437.9930329955 42.8064117234006
481420 835.17703536663 -11985.7693888807 -11150.5923535141 -1328.4715029856 -1498.32702426089 -2309.31398926794 -177.773495427951 -634.662040170719 78707.346284136 42.8553543039091
481430 830.958888237346 -11982.2159183121 -11151.2570300747 -1643.47980905636 -2062.32218009693 -2556.57722182734 -311.540025244801 -766.695942596663 78729.6124795322 42.8593951623078
481440 823.003238607783 -11975.0926153537 -11152.0893767459 332.403935897838 -92.7389303224469 -185.958806753701 1275.90954476967 -1122.42659307461 78452.4247424594 42.809036862017
481450 818.701810146791 -11971.267247911 -11152.5654377642 1683.55467052509 1538.84811093398 1286.22336899581 2225.59253164547 -1375.26076481285 78238.3290700456 42.7700596114062
481460 824.660699886519 -11977.766966873 -11153.1062669865 871.869520015965 1192.05999937141 558.294689793752 865.253870882737 -1367.94852671395 78337.5350403987 42.7881294125249
481470 835.469926068512 -11988.995633845 -11153.5257077765 -1006.27876890334 -113.269764661828 -1152.18391810999 -1753.3826239382 -1363.70234476003 78597.5228641241 42.8354124451946
481480 837.519266803638 -11991.5584700797 -11154.0392032761 -1518.28259473775 -211.25183328973 -1592.45118400589 -2751.14476691762 -1257.63368011227 78670.7440688487 42.8487100951348
481490 828.491424875125 -11983.3592665722 -11154.867841697 164.887630856178 1591.78974606362 76.8496252918484 -1173.97647878693 -945.809128203711 78467.3995468173 42.8117604496792
481500 823.691813293535 -11979.2401314324 -11155.5483181389 1531.23464800257 2936.77823976329 1267.93727939586 388.988424848576 -780.400067467333 78293.4404373345 42.7800997168757
481510 833.246143495906 -11989.6285324736 -11156.3823889777 613.883853523904 2024.85321663853 68.5043236260864 -251.705979692908 -1040.67559666366 78396.2119114525 42.7988098905278
481520 841.092806412144 -11998.3605331327 -11157.2677267205 -1041.25650459549 199.358426419819 -1649.98052898477 -1673.1474112215 -1316.57609834308 78616.0704447843 42.8387816386559
481530 833.690772597812 -11992.1170958646 -11158.4263232668 -1326.28390996259 -561.454895208281 -1567.97542834908 -1849.42140633039 -1049.26361940703 78642.8300667022 42.8436416270017
481540 827.082460041543 -11986.9380908973 -11159.8556308557 236.003682371268 436.822589684316 338.476181070801 -67.2877236413194 -480.737570121624 78425.4955646825 42.8041381645118
481550 831.644259884471 -11992.8741791779 -11161.2299192935 1481.9394729988 1155.16030136782 1614.50219544971 1676.15592217889 -57.4332054176808 78249.2606184233 42.7720514791083
481560 830.460913829755 -11993.4110514811 -11162.9501376513 860.188635604767 229.366397166481 941.780598701334 1409.41891094649 139.139058950533 78347.7406177172 42.7899874345708
481570 815.18409008835 -11979.9095320331 -11164.7254419448 -797.206957873897 -1487.22768573609 -715.632553514879 -188.760634370742 376.511286600049 78611.2359388801 42.8379034950947
481580 807.559645649103 -11973.8745341324 -11166.3148884833 -1530.23792730968 -2272.70536792681 -1282.5208762361 -1035.48753776612 505.408166870969 78728.559466489 42.8592040791735
481590 821.596730437976 -11989.5355353894 -11167.9388049515 -537.188373362487 -1226.20860097923 -183.052126030949 -202.304393077286 750.638778828816 78555.7185931623 42.8278166979175
481600 840.857339197664 -12010.3986546052 -11169.5413154075 955.425090395869 298.511051751685 1171.1542444626 1396.60997497332 901.243640116352 78274.60185471 42.7766682625678
481610 838.820678065327 -12010.4289874151 -11171.6083093497 1392.90196759967 512.284519809597 1283.27247563641 2383.14890735299 872.04619593887 78171.5016846812 42.757878772603
481620 820.933558212036 -11995.3196284098 -11174.3860701978 246.487982532313 -926.63434566246 -251.716729126512 1917.81502238592 808.396554087374 78328.7419115073 42.7865284106768
481630 812.451814487629 -11989.8275675654 -11177.3757530778 -1068.80010258264 -2407.26094479056 -1708.74763385915 909.60827090177 777.865766062695 78542.02653257 42.8253282937442
481640 819.057011586935 -11999.7280700683 -11180.6710584814 -1349.87494461506 -2741.57545906305 -1836.56551318467 528.516138402519 494.038862950641 78552.6190924099 42.8272534179155
481650 824.468745606157 -12008.8885514906 -11184.4198058844 -4.57596744919045 -1567.00966057276 -308.933273936451 1862.21503216164 137.219783076814 78306.9111298636 42.7825530706489
481660 819.711009830409 -12007.9935702928 -11188.2825604624 1365.52599931566 -419.614124689629 1086.46148253721 3429.73064009941 -330.117184850271 78049.6066600629 42.7356426892004
481670 811.351210791967 -12003.6380833237 -11192.2868725317 1231.14625008569 -592.368700819805 1003.47217088381 3282.33528019308 -719.470559939814 78042.9537141133 42.734428393097
481680 810.306996200845 -12006.3677290931 -11196.0607328922 -401.333989858964 -1970.08518687914 -419.485978750541 1185.56919605279 -999.430623350447 78272.322256868 42.7762529956954
481690 811.296415632356 -12010.4477363232 -11199.1513206908 -1584.81886241229 -2756.5994788615 -1193.18003569682 -804.677072678539 -1051.0841367654 78441.82775261 42.8071092931427
481700 810.971465788858 -12012.7854182109 -11201.813952422 -700.954250992572 -1497.04399855331 75.9902043054352 -681.80895872983 -905.406769969325 78320.951635577 42.7851099023698
481710 813.285903152251 -12017.0188651744 -11203.7329620221 1046.8950025861 577.775362202202 1700.93310257864 861.976542977469 -698.432463985114 78045.8601989512 42.7349588933766
481720 817.527450472579 -12022.5747973845 -11205.0473469119 1437.051509541 1243.55718697649 1541.43029167428 1526.16704997223 -452.068718005492 77936.4586179026 42.7149815010389
481730 821.292176957498 -12027.3999236367 -11206.1077466792 -127.679326968259 -35.0424101844107 -668.191863751574 320.196293031204 -214.057534692533 78094.4669290207 42.7438287874332
481740 819.005390370552 -12025.7263270968 -11206.7209367262 -1492.10965666481 -934.493643724381 -2476.63522875563 -1065.20009751443 -105.072271745512 78268.1726566154 42.7754970559115
481750 809.169281988017 -12016.3412865629 -11207.1720045749 -612.757855190282 104.108201949523 -1264.59676277728 -677.785004743076 -227.504695941131 78184.7926097708 42.7603019044224
481760 803.562886436045 -12010.6815030063 -11207.1186165703 1475.5359243658 2033.00224042054 1526.34033790801 867.265194768851 -399.268349114243 77950.7288794246 42.7175883971701
481770 808.288787745135 -12015.0221531524 -11206.7333654073 1524.85135746445 1502.01198885837 2269.49716662063 803.044916914342 -480.075763967416 77944.5568819984 42.7164609336717
481780 813.23896471772 -12019.3811006904 -11206.1421359727 -777.586865902149 -1310.09678964318 262.81208431877 -1285.47589238203 -601.186931094868 78252.8654602065 42.7727082866379
481790 811.323494411482 -12016.4050283579 -11205.0815339464 -2291.15163982406 -3271.68600824409 -1220.34797241337 -2381.42093881471 -389.627390398243 78488.3590977274 42.8155719492968
481800 806.177066566129 -12010.4032173182 -11204.2261507521 -781.880273287672 -2459.8449430395 436.489391661507 -322.285268485026 68.7087568310772 78311.097031162 42.7833153718344
481810 807.969533558733 -12010.7909558562 -11202.8214222975 2004.81662619535 -42.5827151170234 3091.48940180881 2965.54319189428 390.053541538111 77943.0927592512 42.7161934677693
481820 814.918732703173 -12016.2208931022 -11201.302160399 2232.77809453094 357.08747643434 3052.84872189653 3288.39808526195 508.869726925956 77910.9331433286 42.7103177050533
481830 820.302188322779 -12020.2079144928 -11199.90572617 -737.289967522886 -2041.38596197367 -280.277646955716 109.793706360734 499.03462490231 78302.2183210357 42.7816984234213
481840 821.348342189626 -12019.3578332635 -11198.0094910739 -2899.17787239986 -3619.09266802881 -2686.25095836011 -2392.18999081066 561.159823437006 78588.3419803886 42.8337445289532
481850 816.850972141615 -12013.6147567766 -11196.763784635 -1212.72816710011 -1763.99593933165 -1014.23837494366 -859.950187025019 477.980466759769 78342.0805961458 42.7889569939463
481860 812.586468863144 -12007.5582026136 -11194.9717337504 2311.75911379386 1688.12897795655 2590.84779501002 2656.30056841502 325.050426066761 77863.6501873914 42.7016758766863
481870 816.704502235408 -12009.8258832477 -11193.1213810123 2866.98215260079 1940.94515117474 3205.29260758326 3454.70869904436 138.455664563456 77805.1330676585 42.6909759531345
481880 825.057456069018 -12016.7028677194 -11191.6454116504 -394.497827685387 -1675.2183257935 -135.338030215879 627.062872953247 129.541293874626 78266.5031859093 42.775192918037
481890 827.882151364784 -12017.3591476626 -11189.4769962978 -2852.39269676374 -4310.66215784337 -2801.24057732407 -1445.27535512375 339.695686679779 78648.9256246193 42.8447485266035
481900 823.814257723497 -12011.8387507119 -11188.0244929884 -1474.310221414 -3342.15116102511 -1510.1548679675 429.375364750583 504.153205116967 78499.2576025051 42.8175535769959
481910 817.053225708398 -12003.4519386425 -11186.3987129341 1820.00478128909 -617.561078507968 1973.37882663981 4104.19659573544 373.94188913414 78096.6388219661 42.7442250347102
481920 813.009793990044 -11997.697473039 -11184.6876790489 2731.05679963733 201.082125684145 3088.6289964426 4903.45927678523 117.259677935877 78048.0287335262 42.7353546921945
481930 810.51984925154 -11993.7636379889 -11183.2437887373 -59.5379837690606 -2123.82486460868 412.091677279564 1533.11923602195 -123.693246398611 78480.2227610958 42.8140924350157
481940 808.682553002592 -11989.6087976713 -11180.9262446687 -2579.47967267189 -4022.28835002129 -2074.76292654566 -1641.38774144872 -182.642075032161 78859.5722352951 42.8829650082797
481950 808.261328978327 -11987.1309822743 -11178.869653296 -1673.14923011109 -2718.45028432284 -1215.15921586334 -1085.83819014708 -135.074089311749 78743.1406909324 42.8618498835292
481960 813.275264928531 -11989.8327323564 -11176.5574674279 1144.66362354821 416.463198821503 1696.90296826357 1320.62470355956 39.5001787727324 78348.8281729255 42.7901854247873
481970 822.057970674717 -11996.0288804312 -11173.9709097565 2100.40097530524 1396.79785694789 2759.89110536806 2144.51396359976 61.3664388207775 78200.3390579035 42.7631359029399
481980 829.397660717454 -12001.24394338 -11171.8462826625 379.84469122047 -465.535695673017 918.085819382592 686.983949951845 -203.454374039391 78432.4824546422 42.805409260177
481990 830.784574615002 -12000.5037289842 -11169.7191543692 -1570.39730520854 -2495.36866482691 -1303.47841006449 -912.344840734221 -437.878391902388 78702.4204404881 42.8544602612361
482000 827.502072377995 -11995.5183099427 -11168.0162375647 -1464.96147454203 -2198.20529621777 -1616.59170766132 -580.087419746986 -620.456923761126 78664.3464514573 42.8475485575249
482010 827.304153488199 -11993.9053001382 -11166.60114665 246.013920424983 -210.188133236394 -281.362438527255 1229.59233303859 -570.392774029189 78370.5746319175 42.7941439989172
482020 832.439432911383 -11997.5705316548 -11165.1310987434 1520.5607931831 1363.52489851284 734.02692235305 2464.13055868341 -325.589239644422 78156.449547462 42.7551342141307
482030 837.523518903969 -12001.5860611019 -11164.0625421979 820.471476556362 831.376489028894 -59.4114228620784 1689.44936350227 -114.775919595761 78230.6347460551 42.7686574960653
482040 840.59211165062 -12003.836264648 -11163.2441529973 -674.198595127874 -660.849162419161 -1359.75425676884 -1.99236619561765 107.321360898547 78444.8546220933 42.8076598916772
482050 841.996047159124 -12004.7024418496 -11162.7063946905 -936.410288954126 -876.457878077179 -1417.10791636396 -515.66507242124 379.502298775122 78527.1492227054 42.8226241537263
482060 836.99993661467 -11999.5449149604 -11162.5449783457 56.1822624921109 229.065648198765 -447.562437495049 387.043576772624 454.522534802488 78437.1218678561 42.8062532475131
482070 829.426064144098 -11991.961544432 -11162.5354802879 955.381372304624 1340.09676044226 263.474618993067 1262.57273747854 245.007099751478 78364.6363703065 42.7930631117671
482080 828.657698313707 -11991.3225585672 -11162.6648602535 443.476492814897 1204.25799320536 -421.982714443171 548.154199682508 -239.533528086364 78464.4957204749 42.8112323345976
482090 829.855346939529 -11992.622449783 -11162.7671028434 -706.693343111173 422.778332085775 -1656.63291571566 -886.225445703612 -664.233272215033 78639.6340706933 42.843061239434
482100 826.537914051508 -11989.4316459724 -11162.8937319209 -883.925384102802 294.988464236323 -1679.55397606725 -1267.21064047749 -832.314145524601 78681.6016665152 42.8506812330255
482110 825.247903637755 -11988.3201114799 -11163.0722078421 -119.190696166621 667.601594259185 -609.647537022768 -415.526145736273 -684.830853884457 78556.5543542902 42.8279685803355
482120 829.620232332995 -11992.7917126059 -11163.1714802729 667.158180799716 985.81371516021 332.581545363202 683.079281875738 -364.871548314119 78409.9164254433 42.8013036450102
482130 830.64639042644 -11993.9796932045 -11163.333302778 662.755108254065 827.262065369513 108.1586394491 1052.84461994357 -20.652355528186 78390.3392142025 42.7977411708223
482140 823.492847403812 -11987.0541269267 -11163.5612795229 -83.7753136360205 68.1864927136692 -829.920109710012 510.407676088293 73.4926634808303 78495.4692855036 42.8168647845983
482150 822.103265614924 -11985.8134450744 -11163.7101794595 -573.390073867568 -518.804924366869 -1168.93955499851 -32.4257422373272 -73.1492825725425 78589.1622409442 42.8338935532145
482160 826.90107730492 -11990.7100909829 -11163.809013678 -508.667481111145 -681.801761026794 -678.782854522047 -165.417827784601 -413.55550613181 78572.9356615643 42.8309453289901
482170 827.30520969231 -11991.2014720407 -11163.8962623483 170.058379872612 -437.801193044997 463.413285417878 484.563047244955 -920.29102163267 78460.6458213021 42.8105321384042
482180 823.680027742687 -11987.6264368806 -11163.9464091379 836.433926938808 -194.116590813623 1347.78372460703 1355.63464702302 -1198.35185583778 78382.0883885536 42.7962395865978
482190 822.607672324069 -11986.6064266292 -11163.9987543051 387.54711239655 -855.319035836534 968.970712561443 1048.98966046475 -996.055057207645 78457.4168619771 42.8099448573037
482200 824.896283249647 -11988.8222293294 -11163.9259460798 -579.048954300016 -2015.33996227996 44.2875570401274 233.905542339774 -593.325562143248 78610.8421851816 42.837831971769
482210 827.270144960797 -11991.0616453257 -11163.7915003649 -813.824850422052 -2413.65838467293 -399.377579229344 371.561412636117 -325.278050682059 78661.6417795683 42.8470574841923
482220 824.1292582401 -11987.8053187971 -11163.676060557 -60.8289855246079 -1631.15568092428 -40.0163671682719 1488.68509151873 -71.8616018866849 78558.5504144999 42.8283313189196
482230 819.326593454254 -11982.7469645846 -11163.4203711303 551.94210993787 -794.139248178221 175.118313153513 2274.84726483832 205.170310712289 78430.4289151053 42.8050356761518
482240 822.063669987725 -11985.0580887571 -11162.9944187694 439.595340102037 -579.344174196379 -47.0821715918333 1945.21236609431 514.138659587557 78397.5065439506 42.79904548195
482250 830.328646514034 -11992.7399157318 -11162.4112692178 -101.971518676692 -472.998349390382 -571.073660876325 738.157454236642 715.079320036811 78450.8601485224 42.8087522767837
482260 833.157615430915 -11994.8905105272 -11161.7328950963 -515.503483246383 -288.892552663414 -939.081462930153 -318.536434145574 733.223553044735 78492.9937358374 42.8164146677929
482270 835.349718655521 -11996.41455152 -11161.0648328645 -278.66817612135 -72.9203208371473 -443.808818477414 -319.275389049493 412.582834733762 78437.8075332977 42.8063779787726
482280 844.412023561301 -12004.8516162394 -11160.4395926781 619.939951459511 267.29178018028 761.200594584008 831.327479614253 175.087370746738 78322.0351197834 42.7853071964362
482290 846.127156737095 -12006.1844185971 -11160.05726186 944.163126621888 143.156500016714 1224.14593330851 1465.18694654043 279.331006876593 78311.0526428801 42.7833072883558
482300 832.267880853788 -11992.3025941634 -11160.0347133096 14.1069717482512 -910.709244923512 315.748052965601 637.282107202662 549.309127517354 78494.5244821553 42.816692996851
482310 822.240365851475 -11982.2246044812 -11159.9842386297 -1380.41722162781 -2158.34728352413 -1255.66576318995 -727.238618169349 647.562353212469 78727.1454068683 42.8589474766854
482320 823.543934515335 -11983.524865227 -11159.9809307117 -1480.33713169699 -1917.29801619155 -1567.99637462503 -955.717004274366 536.687521949645 78725.7953657991 42.8587024884639
482330 821.855714492277 -11981.8085691947 -11159.9528547024 671.702741542557 544.186562131543 525.197738009894 945.72392448624 87.6383759537558 78414.8658301369 42.8022041965632
482340 818.890661009477 -11978.3546704986 -11159.4640094892 2494.22323277881 2508.80221745278 2452.99398464981 2520.87349623384 -428.880820634136 78164.8084026354 42.7566583845047
482350 822.970624614071 -11982.228670911 -11159.2580462969 998.985878274128 1134.03674840797 951.849980515984 911.070905898434 -878.717210929098 78361.7650673382 42.7925404553091
482360 830.010909604682 -11988.5575440116 -11158.5466344069 -2186.43139815084 -1775.08649310503 -2339.6862445914 -2444.52145675607 -1007.51177010807 78791.5529254883 42.8706320784152
482370 831.2731765686 -11989.1698576781 -11157.8966811095 -2679.96050300228 -1928.10851292825 -3032.23531347949 -3079.53768259912 -1081.26795012365 78845.3672610476 42.8803900175907
482380 827.981183783665 -11985.6531184169 -11157.6719346333 396.806487724125 1049.75605502409 85.6647595777456 54.9986485705531 -1052.73235429214 78387.8431506024 42.7972869183433
482390 828.054412087569 -11984.7242458748 -11156.6698337873 3035.94960221979 3005.74884598021 3135.95289771607 2966.14706296309 -740.491872663059 77992.6381356242 42.725242555296
482400 834.606718636999 -11990.9296721666 -11156.3229535296 1709.78193233408 935.507082051377 2263.27163344395 1930.56708150691 -684.729627207682 78154.1027679876 42.7547062781286
482410 841.143058667579 -11996.9893738142 -11155.8463151466 -1725.39864785034 -2805.43782534836 -1149.68072823514 -1221.07738996752 -831.847111096371 78629.4745775912 42.8412161879083
482420 837.970634632116 -11993.3633826888 -11155.3927480567 -2679.33580765202 -3496.34033901909 -2555.66880566093 -1985.99827827602 -707.331655243412 78779.2875944195 42.8684074330778
482430 829.736913118584 -11985.3660386128 -11155.6291254942 34.4805775295165 -440.582882219787 -338.280247249453 882.304862057803 -533.775990817779 78438.5046903311 42.8065047997535
482440 824.986216568277 -11980.3773487129 -11155.3911321446 2768.69631332082 2883.48158303071 2186.06498331844 3236.54237361332 -609.702629896212 78123.2369653003 42.7490770914926
482450 823.033694126597 -11978.7029886048 -11155.6692944782 1687.19492205585 2556.33705738753 1059.38619423004 1445.86151454998 -863.276291694893 78316.225314167 42.7842492546356
482460 820.839383295061 -11976.3972115396 -11155.5578282445 -1809.54086627537 -599.111894896287 -2599.82546938229 -2229.68523454753 -910.063281919515 78794.3083913899 42.8711318239821
482470 825.97080295556 -11981.1479777784 -11155.1771748228 -2808.87211170155 -1957.08507047581 -3761.91079520875 -2707.62046942009 -584.853262452744 78913.1981743869 42.8926832036989
482480 837.415010561564 -11992.7275766255 -11155.312566064 -251.250215911644 -267.762950512809 -937.566057396924 451.578360174809 -271.028362361472 78520.1852705264 42.8213582496171
482490 844.658491675249 -11999.6697161448 -11155.0112244695 2108.86121907177 1464.25535073422 1710.43298963273 3151.89531684835 -209.153633094718 78117.4665469687 42.7480245402439
482500 842.407705541544 -11997.7064608635 -11155.298755322 1606.84049602846 712.139827234197 1311.03905969513 2797.34260115602 -501.25359701952 78125.8238341685 42.7495489316279
482510 835.228521708741 -11991.2408030634 -11156.0122813547 -560.670283034864 -1228.53506373552 -1054.52910577102 601.053320401947 -774.633093243009 78416.6050068489 42.802520633358
482520 830.048545388828 -11986.789616596 -11156.7410712072 -1652.1395975028 -2090.93591572614 -2588.48013272456 -277.002744057699 -834.097618338182 78579.4800744885 42.8321344390738
482530 830.762932135232 -11988.5810100629 -11157.8180779277 -574.667144998468 -1143.14124333025 -1933.14959083942 1352.28939917426 -884.452440702816 78436.0715607429 42.8060621818888
482540 834.945665735105 -11993.8777574169 -11158.9320916818 909.359967376333 -193.716723125604 -505.161738331548 3426.95836358613 -1038.42069763018 78202.7840020292 42.7635815633619
482550 836.138096725079 -11996.4211242595 -11160.2830275344 1096.57739845321 -351.79541659816 -114.357690915175 3755.88530287295 -1282.53718799057 78151.9075975334 42.7543059803263
482560 830.008092176309 -11991.9804155651 -11161.9723233887 57.6890270027946 -1242.54043228552 -676.308986409597 2091.9164997035 -1507.52649475322 78300.1348990802 42.7813189828289
482570 822.865031286892 -11986.5809126224 -11163.7158813355 -594.448116713748 -1650.63582436338 -1012.63646328795 879.927937510084 -1549.78933404028 78455.4666633517 42.8095901485937
482580 824.12412766299 -11989.6258153103 -11165.5016876473 -490.881558064381 -1381.10323608254 -933.338229304205 841.796791193597 -1403.33575779492 78491.6764244176 42.8161751437928
482590 827.560061868382 -11994.8922554673 -11167.332193599 -102.319182380907 -1005.58282371326 -264.661836826691 963.287113397237 -896.896351622971 78431.7384563951 42.8052739112792
482600 828.289587441833 -11997.5097106289 -11169.2201231871 50.9056969508239 -544.96288058884 421.163357920471 276.516613520857 -445.171093592732 78349.785589951 42.7903597217365
482610 828.845491571526 -12000.0265505317 -11171.1810589602 329.221320598115 306.25407580429 1161.72762230234 -480.317736312279 -126.289724947093 78286.1041490803 42.7787634748926
482620 828.145364538101 -12001.3683782872 -11173.2230137491 351.693241382539 694.268165963906 1548.12613746368 -1187.31457927996 304.887416001381 78288.2499104829 42.7791543155655
482630 824.352524324192 -11999.6401925359 -11175.2876682117 -184.526571944342 297.347793788219 1065.29321154463 -1916.22072116587 620.542008192404 78352.211279342 42.7908013100561
482640 825.722754214163 -12003.0229844657 -11177.3002302516 -556.624800896724 -176.0751830335 350.442999059842 -1844.24221871651 625.307504652467 78379.0329869027 42.795683501218
482650 833.151398356565 -12012.4806906586 -11179.3292923021 -76.4576791163179 354.834359140405 247.275575585004 -831.482972074353 388.103577426173 78308.0024206769 42.7827518099835
482660 833.455115597441 -12014.8692844309 -11181.4141688334 354.446769505208 1175.46984167204 157.115781279563 -269.245314435978 19.3776446891323 78220.0600759803 42.7667303532286
482670 826.965277265501 -12010.5201594549 -11183.5548821894 486.327032767565 1806.55727824827 81.4797872420992 -429.055967187674 58.9004765770249 78202.0998384394 42.7634568560761
482680 821.943453625034 -12007.5764324146 -11185.6329787895 -29.1321479954965 1640.80469081064 -669.471792585891 -1058.72934221123 6.56503637312817 78273.1969799687 42.776412342091
482690 818.550632011218 -12006.0471288435 -11187.4964968322 -627.004249202275 1108.30702407423 -1407.6133713554 -1581.70640032565 -119.878737741083 78338.5826805255 42.7883201527682
482700 813.051022939356 -12002.1601414511 -11189.1091185118 -210.679391134069 1339.05853863175 -840.206707953608 -1130.89000408034 -161.1773883509 78293.7449157697 42.7801551732071
482710 807.926811083187 -11998.2622857885 -11190.3354747053 683.352157382508 1730.96598166348 381.911881799744 -62.8213913156997 -254.332166491518 78211.0743780425 42.7650926504166
482720 808.896393163196 -12000.0734907632 -11191.1770976 608.416204217906 909.436638246175 537.201582007784 378.610392399747 -384.524031566751 78251.5614554308 42.7724706973587
482730 813.996475068126 -12005.6267954977 -11191.6303204296 -595.88513014614 -881.878226218642 -585.517525129892 -320.259639089876 -499.30273819961 78405.7913664994 42.8005530554389
482740 815.63541855108 -12007.4101416802 -11191.7747231291 -1219.90495412717 -1872.46254553569 -906.327800380665 -880.924516465163 -647.275129386078 78456.5979741884 42.809795915944
482750 812.958744641772 -12004.7448168995 -11191.7860722577 -244.288606541289 -1007.38851272841 436.137185376193 -161.614492271657 -675.803788326331 78275.1031906479 42.776759588212
482760 813.976638070024 -12005.3503288833 -11191.3736908133 1282.25346628638 633.801648526105 1960.23435845469 1252.72439187837 -247.472176070651 78025.4630201875 42.731235661328
482770 819.414201435977 -12010.1918492294 -11190.7776477935 1392.33934829016 810.761768595185 1762.45670378922 1603.79957248608 50.1461767746868 77997.0948185989 42.7260563467805
482780 823.691517660869 -12013.8191310282 -11190.1276133673 -414.289050776204 -1223.49267773326 -175.346100240742 155.971625645393 -66.0089477674543 78239.511714484 42.7702751132745
482790 823.374320491632 -12012.5683357497 -11189.1940152581 -1559.78956528447 -3014.88417420159 -1182.45028804191 -482.034233609897 -564.525889860955 78451.2605612231 42.808825108528
482800 818.147231273131 -12006.4963147942 -11188.3490835211 -613.700874363406 -2784.96955110167 172.283877903659 771.583050107795 -818.279137493214 78390.6948298506 42.7978058876552
482810 812.886622194354 -12000.1435926484 -11187.256970454 1141.96754956636 -1204.82412587185 2172.46647710584 2458.26029746507 -690.556487220531 78188.1602601174 42.7609158331812
482820 813.804509232314 -11999.719474799 -11185.9149655667 1403.21747827327 -858.811915188158 2363.92489609417 2704.53945391378 -437.331555245058 78168.6840970584 42.7573650495075
482830 817.236311171147 -12001.624976689 -11184.3886655179 -351.272360587444 -2378.00151497003 361.512520251552 962.671912956129 89.839347915807 78430.9868289276 42.8051371735969
482840 818.059298895377 -12000.4106782537 -11182.3513793583 -2037.14653905631 -3659.67866197648 -1470.32675428988 -981.434200902589 683.415386443257 78677.7487634895 42.8499817801639
482850 817.429593878388 -11997.8285714312 -11180.3989775528 -1067.1055276931 -2318.29673674839 -473.960558400326 -409.059287930578 1103.32737495533 78561.8324691933 42.8289277444205
482860 815.796366500151 -11993.8610059669 -11178.0646394667 1555.81156658504 536.665376317494 2286.35002398156 1844.41929945608 1350.26381113906 78211.2489757645 42.7651244731999
482870 817.636191949559 -11993.1032506604 -11175.4670587108 2203.25401345216 1402.65216807726 2812.52413324688 2394.58573903233 1381.55256281942 78111.8568651528 42.7470012583971
482880 824.096168038096 -11997.1872431771 -11173.091075139 7.51471607748163 -378.348016102949 140.544503233205 260.347661102182 1089.30061063625 78432.1378788485 42.8053465747138
482890 824.857777954972 -11995.1338507943 -11170.2760728393 -2280.2721530219 -2383.96879105299 -2171.51562335426 -2285.33204465845 699.614301495328 78788.0705429438 42.8700004788136
482900 821.905001311681 -11989.8419189213 -11167.9369176096 -1599.92188345737 -1468.18473879082 -1069.40938332345 -2262.17152825781 419.092995001632 78732.8454134818 42.859981810257
482910 823.964520326552 -11989.7542324633 -11165.7897121368 1040.81086600031 1253.24412648153 1919.26526697778 -50.0767954583776 262.060370857309 78364.7647060785 42.7930864721248
482920 829.387717989436 -11993.0499244705 -11163.6622064811 2190.66227288918 2302.08670897612 3161.10127137599 1108.79883831541 -42.6851633913946 78174.7936510935 42.7584789722577
482930 831.347358141061 -11993.6241594212 -11162.2768012801 441.773284747405 601.363870650763 1086.6043214128 -362.648337821347 -230.826072280934 78387.7369878595 42.7972675978329
482940 834.462049307872 -11995.4486137626 -11160.9865644547 -1959.78881482291 -1587.84628597927 -1971.72591914058 -2319.79423934888 -341.954015480626 78688.1989078131 42.8518788377901
482950 840.643435040248 -12000.9623667094 -11160.3189316691 -1784.15235187322 -1318.57238438847 -2473.936286956 -1559.94838427518 -422.632703966572 78628.1228965101 42.8409706989932
482960 840.384789106892 -12000.4773770598 -11160.0925879529 863.327969055915 1254.50213970989 -224.794392321133 1560.27615977899 -613.96746077701 78236.5936468315 42.7697433780715
482970 833.5442004403 -11993.3472093799 -11159.8030089396 2710.53357390089 2971.332313121 1562.97337494838 3597.29503363331 -752.793049000163 78013.3445429862 42.7290232881846
482980 830.887451609816 -11991.1021428498 -11160.21469124 989.027395721341 1395.22119854782 -180.832286510803 1752.69327512699 -463.34730235109 78284.5034119927 42.7784719032669
482990 833.082543909257 -11993.3228664923 -11160.240322583 -1946.71690907171 -1485.33200779914 -2839.2235793555 -1515.59514006053 -171.543190809665 78730.707582776 42.8595938814579
483000 829.954575694281 -11990.3207437757 -11160.3661680814 -2219.30997761084 -2097.09492571745 -2569.48722243514 -1991.34778467993 -13.8991153949052 78805.451110181 42.873152606361
483010 825.284776284981 -11986.0809675024 -11160.7961912174 424.476261894891 113.184974716731 798.057600441888 362.186210526046 -184.699308529572 78475.5635103655 42.8132451491977
483020 826.11351363502 -11986.9145633228 -11160.8010496878 2443.96190382899 1999.23674364055 3321.83493171996 2010.81403612646 -503.164301540557 78242.2151890095 42.770767733158
483030 825.795795785701 -11987.0256399922 -11161.2298442065 1193.74160422515 772.324337550125 2223.64703503168 585.253440093628 -552.757048313626 78458.2379943254 42.8100942058689
483040 817.879377447977 -11979.1909563435 -11161.3115788956 -1438.96953851764 -1754.39069355002 -405.032443643292 -2157.48547835962 -186.753400319603 78876.6511011908 42.8860605510782
483050 809.495811963274 -11970.5935560529 -11161.0977440897 -2174.66365730848 -2369.02845409093 -1058.72644590582 -3096.23607192869 372.127958048148 79004.7736873955 42.9092685199795
483060 808.997513347306 -11969.9441343323 -11160.946620985 -595.177177924378 -846.91845426938 669.45701228338 -1608.07009178713 404.38271128621 78723.0296945787 42.8582006010053
483070 820.137057438398 -11980.2753075801 -11160.1382501417 1355.07965992454 1418.75571447738 2502.34462461367 144.138640682576 182.901471133703 78356.3566523987 42.7915559397116
483080 834.054402716313 -11993.2570827748 -11159.2026800585 1461.8125538491 2367.05590338755 2161.13287853176 -142.751120371998 -172.557105715681 78263.4380738333 42.7746345162235
483090 832.541899617503 -11991.0449141418 -11158.5030145243 -145.7309354199 1498.22274213268 -27.2442102581533 -1908.1713381342 -620.562822391036 78437.6647320234 42.8063520014655
483100 826.667005697433 -11984.4393088004 -11157.772303103 -1255.02785506806 639.219220572909 -1606.7950776471 -2797.50770813 -787.226953428469 78575.6538827897 42.831439233756
483110 835.549903223427 -11992.7464619886 -11157.1965587652 -748.249366695658 923.215982962136 -1489.92033649403 -1678.0437465551 -734.861815873982 78478.8985563519 42.8138516314893
483120 846.357827917728 -12003.0945248144 -11156.7366968967 433.221562348839 2011.38215534873 -670.792368114134 -40.9251001880666 -695.476385166429 78250.2105398675 42.7722245581644
483130 844.799079531336 -12001.3248134588 -11156.5257339275 1115.10966351341 2913.86235083769 -301.960081460899 733.426721163452 -740.639630559597 78118.5656472676 42.7482250252667
483140 842.775729458522 -11999.5668535673 -11156.7911241088 390.559715085771 2401.02993150374 -1078.35285825946 -150.997927986958 -888.700001846062 78193.7358866622 42.7619322412477
483150 842.675834980831 -12000.0317617754 -11157.3559267946 -720.449820108571 1471.13213122398 -2219.70638111721 -1412.77521043246 -868.130709953119 78336.5867021222 42.7879567503622
483160 840.425946106863 -11998.6942337381 -11158.2682876312 -792.840345309123 1270.119603754 -2292.1789149716 -1356.46172470977 -636.22180838985 78344.3443246827 42.789369125159
483170 843.191762024285 -12002.750956245 -11159.5591942207 235.172851693677 2060.54407187122 -1327.53887138085 -27.4866454093309 -505.722289739032 78210.6977480629 42.7650240043758
483180 848.242249973731 -12009.4622913596 -11161.2200413859 908.877102378323 2635.0131290265 -539.623461979457 631.241640087933 -493.050441691904 78124.0922399209 42.7492330931667
483190 848.640532202333 -12012.1158524234 -11163.4753202211 397.03140685383 2065.90515982477 -781.60775571447 -93.2031835488017 -512.51788642698 78204.7404176249 42.7639381689112
483200 842.432569276721 -12008.6430572598 -11166.2104879831 -467.854072787945 1032.40608197021 -1236.36825821202 -1199.60004212202 -546.461237154058 78360.8675262984 42.7923770754266
483210 832.200125728892 -12001.4454482742 -11169.2453225453 -688.376136403831 474.022238413538 -947.94763899298 -1591.20300863203 -769.535766306384 78429.3958010384 42.8048477275062
483220 823.319565067953 -11995.6748387658 -11172.3552736979 34.6895201220123 879.304068026403 184.70559886798 -959.941106528344 -801.464013410815 78372.1943692274 42.7944388153262
483230 815.805855892947 -11991.0191908716 -11175.2133349787 634.595262574024 1163.22263535567 1317.34031025709 -576.777157890673 -612.070262845381 78320.0341051602 42.7849428257779
483240 809.915825825352 -11987.5861726967 -11177.6703468714 222.954226025596 359.840484618093 1389.98693979631 -1080.96474633761 -344.794814587017 78382.7313770063 42.7963566091353
483250 808.557434454187 -11988.1178080027 -11179.5603735486 -831.899526777181 -1235.00023736975 502.957197743554 -1763.65554070534 -56.0563604697389 78481.221790621 42.8142741043987
483260 813.38581641117 -11994.3716788776 -11180.9858624664 -730.397430714718 -1399.4718139897 750.219980395181 -1541.94045854964 74.9650279855876 78430.6894018694 42.8050830647868
483270 821.708266726449 -12003.7465646627 -11182.0382979362 384.806471334995 -17.7368307769605 2041.18490275131 -869.028657969366 7.27398137371645 78238.3219435805 42.7700583128127
483280 824.729247531317 -12007.5306509421 -11182.8014034108 1219.54577970665 1413.80470875882 2930.97745395829 -686.144823597158 -74.5093345104466 78107.9709798658 42.746292391632
483290 820.699943264353 -12004.2548143581 -11183.5548710937 696.088512675217 1486.73780400375 2147.40374007582 -1545.87600605392 -163.981210970368 78204.4482125104 42.7638849076172
483300 815.564877963528 -11999.6178852865 -11184.053007323 -903.85851934235 177.826661229216 -76.3358100283146 -2813.06640922796 -411.386432834154 78456.2487043777 42.8097323895617
483310 814.304324703111 -11998.5225330118 -11184.2182083087 -1803.58643958117 -1006.78481315771 -1232.82693778614 -3171.14756779967 -727.555251334662 78573.0017647885 42.8309573401776
483320 816.841949631657 -12001.2358861851 -11184.3939365534 -434.025004497253 -35.6283343985051 340.591429209984 -1607.03810830324 -1074.8760418694 78335.996302022 42.7878492566249
483330 822.241759032504 -12006.2255112326 -11183.9837522001 2174.68931907779 2366.3905067035 3090.6989380455 1066.97851248439 -1216.99425408622 77928.1706127048 42.713467299406
483340 830.019166091349 -12013.6110592546 -11183.5918931633 2502.64403958778 2657.88609218447 3087.03356506826 1763.0124615106 -1147.28539567465 77844.7712167871 42.6982244208609
483350 834.611220790882 -12018.2238407719 -11183.612619981 -774.335087488986 -622.221509057005 -731.943903332023 -968.839850077916 -1191.30493608551 78261.8920968587 42.7743528647605
483360 832.364404291376 -12015.4099240242 -11183.0455197329 -3451.15050830392 -3574.04096846668 -3626.55281022609 -3152.85774621901 -1105.9822731397 78643.2126172285 42.8437110964882
483370 824.761052203195 -12008.2022907327 -11183.4412385296 -1582.01929476292 -2159.10374387244 -1531.13183941003 -1055.82230100628 -862.854946094972 78408.2072927434 42.8009926569681
483380 819.809135171599 -12003.0409326918 -11183.2317975202 2674.52279178819 1413.54693375303 3132.30638337102 3477.71505824053 -721.535201934987 77821.3639651797 42.6939443291756
483390 825.632484957048 -12008.484457791 -11182.8519728339 3699.76481268736 1933.34903574785 4241.70493406896 4924.24046824529 -813.911308374995 77688.4507816602 42.6696244362363
483400 831.476812159553 -12014.8042468612 -11183.3274347017 -103.006411412243 -1875.73889541613 -17.42369974622 1584.14336092561 -888.170329225131 78238.7618478478 42.7701384725752
483410 823.773969151776 -12006.3816123253 -11182.6076431735 -3491.27593997026 -4625.60141277771 -4214.30696682167 -1633.91944031142 -1065.00826466856 78781.0906781504 42.8687344849408
483420 810.691023969464 -11993.3046132462 -11182.6135892767 -2218.92276981207 -2593.36702194114 -3636.37835137668 -427.022936118409 -1205.34609653689 78668.4322409147 42.8482903719097
483430 807.545798369996 -11989.7837217251 -11182.2379233551 1610.35052436241 1699.18810773603 -310.103606239953 3441.96707159117 -974.94591955998 78161.1773014933 42.7559962956081
483440 810.91359113925 -11992.0217319073 -11181.1081407681 2778.18909056894 2973.30939959461 665.73074247795 4695.52712963426 -742.514671152069 77974.2615900488 42.7218866657373
483450 816.590471805352 -11996.7313972892 -11180.1409254839 9.55757068450525 337.736366765231 -1822.47362478629 1513.40997007459 -648.543092488309 78281.8728571851 42.7779927434055
483460 824.148550721175 -12002.55682301 -11178.4082722888 -2454.67594057268 -2001.88776302829 -3805.63461024177 -1556.50544844795 -319.307322959866 78563.6389430976 42.8292560155621
483470 834.863872808308 -12011.809349108 -11176.9454762997 -1537.94984415243 -1014.7479003107 -2496.78015449779 -1102.32147764882 113.309901434706 78387.6598767941 42.7972535644134
483480 843.074202270444 -12018.3758972754 -11175.301695005 1304.92965926492 1876.47224935409 691.596092527409 1346.72063591326 720.85532375549 77966.1766681636 42.7204100457686
483490 840.630343670518 -12014.247979974 -11173.6176363035 2312.12711957093 3010.00700431192 1770.21187645216 2156.1624779487 1238.36178035405 77821.5768874825 42.6939832665752
483500 833.023084203043 -12005.4853918425 -11172.4623076394 398.27154787325 1199.3221966839 -82.6977649276457 78.190211863508 1543.48084076607 78090.9794925078 42.7431925127005
483510 829.249710490587 -12000.1846469473 -11170.9349364567 -1593.45324714094 -684.392535512893 -1953.70300803189 -2142.26419787802 1499.65297374796 78400.8901827194 42.799661209127
483520 831.208266593299 -12000.5823827524 -11169.3741161591 -1054.45391959269 -477.025610883173 -1169.85921446156 -1516.47693343334 1160.90810131959 78404.8025012352 42.8003731190787
483530 829.86250555835 -11997.5029461021 -11167.6404405438 872.984716366429 1009.14055751784 961.684334929995 648.129256651453 745.972494668079 78227.303561725 42.7680504350574
483540 819.979089384061 -11985.5842522258 -11165.6051628418 1687.59548364704 1534.29448306756 1994.6133206452 1533.87864722833 474.821685471827 78224.8881299122 42.7676102461543
483550 814.100580566042 -11977.2894856083 -11163.1889050423 178.460068863174 -119.39810659959 528.66390360899 126.114409580115 301.215879326709 78516.0520977468 42.8206068879248
483560 822.812932208682 -11982.4781388377 -11159.665206629 -1732.23873204496 -2205.90995654996 -1497.76471398317 -1493.04152560176 115.520237373425 78805.3171638569 42.8731283157213
483570 833.912162544925 -11989.5096751991 -11155.5975126542 -1473.787667942 -2017.55742965884 -1444.7124272373 -959.093146929866 -106.373074382742 78756.2124933468 42.8642215213524
483580 833.034311411812 -11984.2299793599 -11151.1956679481 518.975414564157 -150.979742194976 459.210907040468 1248.69507884697 -439.357437189162 78449.1200683409 42.8084357677739
483590 831.619060114086 -11978.1939552345 -11146.5748951204 1572.20863488787 534.998404099944 1912.981272909 2268.64622765466 -994.185144682296 78260.6959125498 42.7741349371969
483600 844.274540291416 -11986.7397751402 -11142.4652348488 515.807686971709 -667.171542052942 1177.93828400721 1036.65631896087 -1304.16308647376 78365.7401847287 42.7932640330868
483610 856.956049744291 -11995.9410844561 -11138.9850347119 -1014.92425775039 -1858.70963246944 -693.150012895117 -492.913127886616 -1385.9324786744 78555.4619541755 42.827770058837
483620 854.563269021246 -11991.119466394 -11136.5561973727 -824.850214600751 -883.928710840542 -1270.17197590711 -320.449957054601 -1185.7901566855 78556.6324823067 42.8279827784426
483630 846.148258659739 -11981.2117647449 -11135.0635060852 650.906000858127 1282.92043155439 -418.162689413149 1087.96026043315 -770.890340708579 78415.0544080928 42.8022385078536
483640 844.179187907886 -11978.3728331006 -11134.1936451927 1115.18194972275 2114.47806963471 -1.1149264607084 1232.18270599426 -463.627117678671 78395.2792609251 42.7986401693558
483650 849.038417100384 -11982.913055684 -11133.8746385836 -32.2600852349335 834.124382792927 -584.644215337059 -346.260423160662 -535.620550007565 78574.8611295999 42.8312951905204
483660 852.521388838391 -11986.4215329904 -11133.900144152 -1178.80252771664 -740.199615618492 -929.413330362597 -1866.79463716883 -706.04822777279 78739.6684905027 42.8612198725855
483670 850.935324035436 -11985.4151172093 -11134.4797931739 -621.868100300427 -535.875555782581 82.0450505692945 -1411.773795688 -610.251050917807 78686.944850738 42.8516511925266
483680 846.951700876538 -11982.3611310228 -11135.4094301463 825.330672419848 603.903829966444 1486.97980480126 385.108382491833 -224.629329735056 78524.9902966149 42.822231713113
483690 841.980265775028 -11978.6033890772 -11136.6231233022 1044.48885111654 602.485099142001 1469.14588697236 1061.83556723527 -15.847451548048 78514.8128272935 42.8203815981457
483700 837.148391152525 -11975.1978148836 -11138.049423731 -215.687131991661 -1032.1341768787 253.721903379436 131.350877524283 -132.149401438236 78694.9083728959 42.8530967460128
483710 834.610202107008 -11974.0510097665 -11139.4408076594 -1158.02018866602 -2418.81216013941 -396.383946685684 -658.864459172982 -545.695871407601 78834.5707240933 42.8784326806554
483720 832.958366567273 -11973.9059254388 -11140.9475588715 -427.43099148478 -1956.21359367064 779.938500742295 -106.017881525996 -1009.88281927023 78762.3942926695 42.8653430036014
483730 831.740507270038 -11974.143028408 -11142.4025211379 701.180288138902 -1001.92221145687 2214.67793644167 890.785139431911 -1369.17940336747 78607.1029489692 42.8371527469194
483740 831.858173477891 -11975.7048558961 -11143.8466824182 781.873351688016 -1053.83380797831 2213.30058424211 1186.15327880024 -1438.13785683018 78579.0892825165 42.8320634346079
483750 834.150458206995 -11979.4828529789 -11145.3323947719 -192.872677947114 -1909.31583654032 1078.71709049718 251.980712201782 -1171.61400444841 78696.8685059671 42.85345253809
483760 835.680549742541 -11982.4972485786 -11146.816698836 -1007.97508624486 -2797.11064109455 185.796868390238 -412.611486030258 -607.630358665777 78782.3730823574 42.8689670904501
483770 834.573040515413 -11983.0361656468 -11148.4631251313 -711.686914263619 -2659.40431856979 449.752256092902 74.5913196860214 35.4024623938462 78674.7998747265 42.8494464258845
483780 831.597251694823 -11981.6941748954 -11150.0969232006 799.134016651395 -1075.98692671102 1797.29453148775 1676.09444517745 800.91930763263 78432.5266328137 42.8054172970867
483790 825.199420945102 -11976.8367092837 -11151.6372883386 1607.3235757858 321.469203380296 2190.53403997274 2309.96748400438 1265.84092859383 78334.6698982852 42.7876077572455
483800 821.641646206543 -11974.8681127357 -11153.2264665291 220.568357337359 -260.023570844454 427.16009542929 494.568547427236 1178.27626917092 78537.2141583757 42.8244536209813
483810 830.983573617876 -11985.4204389856 -11154.4368653677 -1669.70606611677 -1409.25953483865 -1604.96715578253 -1994.89150772914 800.000040129618 78804.0961969624 42.8729068969027
483820 840.575441546895 -11996.4073005068 -11155.8318589599 -1559.48758147588 -975.361491558048 -1183.1975297408 -2519.90372312877 538.0039946825 78771.8172496018 42.8670523733996
483830 836.021556291691 -11993.4645613442 -11157.4430050525 743.906724994482 1126.37300738723 1648.66651436198 -543.31934676576 477.805333062386 78418.0513011157 42.8027837777078
483840 828.585331681097 -11987.3501045547 -11158.7647728736 2547.83402938617 2541.50137139557 3875.30303350582 1226.69768325713 745.461022053395 78152.1011698858 42.754341279293
483850 829.135105549531 -11989.6729276821 -11160.5378221326 893.726526711234 486.093088075821 2081.16898974767 113.917502310205 1129.39430566522 78344.5738782566 42.7894109169144
483860 831.305765342511 -11993.1856335091 -11161.8798681666 -2351.83295941714 -3047.31649981694 -1449.59626165392 -2558.58611678055 1432.88059602642 78772.3221887181 42.8671439679404
483870 827.317084215351 -11990.6395930538 -11163.3225088385 -2677.43211357918 -3446.43299197889 -1914.70017507163 -2671.16317368703 1665.43033810062 78820.704923165 42.8759186453928
483880 819.697297402186 -11984.6997129538 -11165.0024155516 940.520089917227 -10.2989639734301 1937.45448629027 894.404747434828 1947.9778020201 78329.0205737155 42.7865791497119
483890 817.461037889084 -11983.0679676774 -11165.6069297883 3866.75502613715 2870.34232512172 5200.53705010228 3529.38570318746 2139.55830381527 77931.7267978976 42.7141170203317
483900 822.998479089771 -11990.0657046573 -11167.0672255676 1500.54193910421 927.110836661115 2901.75302672347 672.76195392806 2148.75119510685 78224.6543744816 42.7675676460248
483910 831.937271783405 -11999.5267253322 -11167.5894535488 -3252.76575665822 -3512.35077354963 -1999.24958811472 -4246.69690831032 1983.89211496116 78845.324597648 42.8803822833652
483920 837.447593791509 -12005.8794887735 -11168.431894982 -3913.62520716403 -4043.96048574784 -2890.08406910171 -4806.83106664254 1761.2705445702 78884.2362878776 42.8874352221377
483930 840.549246275075 -12010.784885921 -11170.2356396459 643.069721852862 255.970729647039 1667.98369747953 5.25473843202346 1756.70928441388 78191.6081457671 42.761544370718
483940 841.462871234535 -12012.1586612563 -11170.6957900218 4478.65217734038 3822.57116089913 5624.98107083101 3988.40430029099 1764.59089596612 77656.4040430058 42.6637565096904
483950 832.813386890502 -12005.6714029794 -11172.8580160889 2572.04636588063 1442.85114480805 3921.36179508663 2351.92615774721 1626.03890169824 77948.8158118366 42.7172389358137
483960 816.119391139037 -11990.6099606015 -11174.4905694625 -1954.12907991913 -3389.65915569125 -452.485342035432 -2020.24274203071 1362.71376690408 78643.02054112 42.8436762163432
483970 806.138396573981 -11981.4391578269 -11175.3007612529 -3371.08056329123 -4738.78254101961 -1920.05815723739 -3454.40099161666 1059.1494938618 78880.563317961 42.8867695770874
483980 811.472389164506 -11988.0569004352 -11176.5845112707 -903.471531630135 -1870.30167707365 262.072186660821 -1102.18510447758 716.171603714403 78499.7741936496 42.8176475019627
483990 825.002954973551 -12001.9057311919 -11176.9027762184 1879.85276108501 1641.41799170105 2638.19068361402 1359.94960793997 447.768823381996 78044.4903227968 42.7347088611369
484000 833.570231417321 -12010.7960130701 -11177.2257816528 1827.1343606724 2198.99312847529 2231.5998137018 1050.81013984011 363.096104661262 77990.2618588834 42.7248086338658
