# Fix print output for fix setl_out
510000 877.282960918356 -11938.2937071486 -11061.0107462302 -733.236241724126 566.529947931465 -1834.72113957905 -931.517533524801 -1012.71750245616 79000.4234256012 42.9084809305339
510010 867.079096519167 -11928.0476672846 -11060.9685707654 -39.1683268807138 1213.07414139887 -1416.32881579448 85.7496937534556 -866.981678328168 78942.2708943557 42.8979499773584
510020 859.535944530197 -11920.2237658345 -11060.6878213043 889.347553435362 2167.75842972634 -678.816765062029 1179.10099564179 -363.760182289177 78880.7934093037 42.8868112766916
510030 855.134705859229 -11915.221286256 -11060.0865803967 558.938141345446 1537.21746954372 -746.785196562177 886.382151054779 152.205797438974 78974.7571928572 42.9038336206502
510040 855.784239759959 -11914.728014486 -11058.9437747261 -902.128776617291 -281.554348369239 -1597.83731393698 -826.994667545649 319.786055592573 79164.0483910893 42.9380843882099
510050 865.330716688197 -11922.6495076792 -11057.318790991 -1404.30493404095 -1071.52820020521 -1671.07547971094 -1470.3111222067 415.703106512325 79195.0621828172 42.9436908849716
510060 877.090321298565 -11932.5636806564 -11055.4733593579 -137.585632321671 32.1336912846596 -411.918021565428 -32.9725666842398 393.17516028358 78971.3269387368 42.9032124382702
510070 885.206147291216 -11938.4794807705 -11053.2733334793 1566.57554187174 1633.37950013487 877.259906077248 2189.0872194031 267.547526534185 78718.0122281144 42.8572900493586
510080 888.997282342685 -11940.2686156331 -11051.2713332904 1651.0744640254 1759.50050490061 521.990793276184 2671.73209389941 45.6371119412622 78742.512581454 42.8617359180226
510090 885.076833940527 -11934.6220262286 -11049.5451922881 -101.268166958655 297.41411721731 -1411.70725506308 810.488636969816 -414.397491789071 79073.2043595206 42.9216536902493
510100 877.144714934542 -11924.6947942363 -11047.5500793018 -1811.85979560851 -1021.371875466 -2994.22727932973 -1419.98023202981 -630.001553245285 79400.048456635 42.9807103775487
510110 871.844361303946 -11917.5349466401 -11045.6905853362 -1320.07950478621 -192.583826129076 -2322.17508680182 -1445.47960142771 -449.532196807965 79409.1011344066 42.9823437759439
510120 869.531525001021 -11913.2634880088 -11043.7319630078 665.640886804785 2111.44134906285 -289.568703972828 175.050015324366 -282.609841386679 79172.8916654916 42.9396831742419
510130 868.10144637121 -11909.5271509658 -11041.4257045946 1664.01542600893 3369.42525855645 502.392653896611 1120.22836557375 -552.81620701788 79042.9276028242 42.9161748247149
510140 868.975624106786 -11908.0756626906 -11039.1000385838 458.795935588436 2249.00222606476 -892.005785930687 19.3913666312308 -1164.76213698851 79209.1220764141 42.9462320703286
510150 876.350555168656 -11912.7695117945 -11036.4189566258 -1493.81462783337 137.145935868351 -2941.95369543589 -1676.63612393257 -1467.59939033633 79473.5436362537 42.9939677199151
510160 880.399138757444 -11914.1972857615 -11033.7981470041 -1592.39762133111 -430.489568411736 -3098.2647846973 -1248.4385108843 -1128.91280730001 79483.6520830806 42.9957904808488
510170 879.073528092262 -11910.4862929138 -11031.4127648215 450.862835898416 1300.28920030677 -1243.74476093868 1296.04406832716 -431.718388515303 79192.9659668371 42.9433119891042
510180 885.601056527262 -11914.5347057702 -11028.9336492429 2115.27755849029 2962.54176854004 220.02761141806 3163.26329551277 94.2677628218622 78950.9542191159 42.8995227856486
510190 889.277591880345 -11916.3791448721 -11027.1015529917 1293.44342007886 2331.09490732704 -511.799562656633 2061.03491556617 233.700401971493 79079.4430584405 42.9227824680475
510200 877.991137583066 -11903.5215688512 -11025.5304312682 -1105.45930974953 -35.8765332097107 -2488.97977053446 -791.521625504419 365.269085702905 79486.1655771004 42.9962436915418
510210 861.816756170952 -11885.6551335417 -11023.8383773707 -2372.36979900644 -1444.85396402489 -3126.90797982917 -2545.34745316526 471.464924588289 79750.5708704821 43.0438656147985
510220 859.881309897653 -11882.4400134387 -11022.5587035411 -1254.46007858714 -525.567861907782 -1469.82253722706 -1767.98983662656 532.817696591023 79583.5444463182 43.0137948251945
510230 873.569911690887 -11894.564366854 -11020.9944551631 1416.84349115702 1880.14610301095 1333.5115365654 1036.87283389473 279.981774519984 79134.6384254236 42.9327664691713
510240 886.752131559549 -11906.0285470947 -11019.2764155352 2452.73966319501 2765.5884133519 2329.89277657389 2262.73779965925 -235.461198376148 78881.6489668561 42.8869663292337
510250 893.712085714113 -11912.131454587 -11018.4193688729 498.871697273094 629.543933220991 593.975629482155 273.095529116122 -690.899788925144 79060.7586732007 42.9194016948943
510260 895.906143538011 -11913.6409093597 -11017.7347658217 -1860.98437509575 -2012.86135798797 -1214.75835189194 -2355.33341540732 -780.328426490222 79375.9533621956 42.9763622313707
510270 893.591850095731 -11911.1695785602 -11017.5777284645 -1703.82226560312 -2341.01393675042 -422.238099663961 -2348.21476039498 -441.302588344602 79389.3076350903 42.9787722218968
510280 892.223456299913 -11910.0443872281 -11017.8209309281 819.996643640266 -235.541413696128 2356.83694314259 338.694401474319 130.939887660839 79078.2353182791 42.9225639543178
510290 895.131860443502 -11913.154409156 -11018.0225487124 2536.82828982714 1209.88742099338 3860.46651686633 2540.1309316217 726.073821187896 78876.8990118082 42.8861054815633
510300 891.390805624497 -11910.3471219129 -11018.9563162884 1126.54878320683 -165.286851505476 1825.41749292201 1719.51570820396 1197.6870943343 79127.7519182413 42.9315210584501
510310 879.778265692418 -11899.3718503673 -11019.5935846748 -1999.57149800909 -2841.23096248193 -2020.82453234948 -1136.6589991959 1638.94414355508 79622.152263835 43.0207493628538
510320 874.486450260575 -11894.5313864186 -11020.044936158 -3024.47258956754 -3319.93296577584 -3743.96216217362 -2009.52264075318 1976.84150506792 79782.4592468704 43.049601900104
510330 881.655136957437 -11902.7355215732 -11021.0803846158 -537.220438675449 -332.998503733949 -1624.52068127243 345.85786898004 2191.12602567881 79384.1082757874 42.9778339471075
510340 886.049724473123 -11907.3723381133 -11021.3226136402 2805.48500192203 3586.70886648518 1710.83994172606 3118.90619755486 2213.78792519819 78876.3137660775 42.8859994134474
510350 880.769862806837 -11902.750195813 -11021.9803330062 2838.67505316497 3969.31805603477 2079.21395050256 2467.49315295756 1925.44944954162 78867.6960934064 42.8844375125093
510360 872.568322392598 -11895.5541534047 -11022.9858310121 -589.284315353609 403.871191360203 -642.294843035067 -1529.42929438597 1437.72901157991 79361.3888093876 42.9737335184407
510370 874.338143050629 -11897.4303249778 -11023.0921819272 -3084.31249981121 -2280.57706160237 -2496.17696589048 -4476.18347194078 1094.17540668632 79736.7030190142 43.0413704997932
510380 887.4856467907 -11911.3413343838 -11023.8556875931 -1935.07496371953 -1237.71451607139 -941.960147985393 -3625.5502271018 640.487434717032 79546.6198788432 43.0071413916616
510390 899.663665408307 -11924.2759581479 -11024.6122927396 1249.05935439062 1455.24974798691 2421.61146416047 -129.683148975529 278.986178910666 79034.6117095044 42.9146697402468
510400 896.297844780025 -11921.6236513177 -11025.3258065377 2840.01179352831 2440.08292687869 3903.08440591548 2176.86804779077 277.369131890826 78792.3642253147 42.8707792211638
510410 883.009069646023 -11909.994759319 -11026.9856896729 1132.8933186863 446.19096089996 2026.60067343306 925.8883217259 619.37032055316 79054.7292135337 42.9183106041746
510420 878.99858961102 -11907.3622684969 -11028.3636788858 -1611.33536312484 -2229.69550355812 -785.908710080346 -1818.40187573604 970.080618641934 79472.9748831394 42.9938651574344
510430 883.286641330226 -11913.0178913389 -11029.7312500087 -2301.69946151328 -2948.37501297288 -1430.6354568996 -2526.08791466738 932.493299704861 79559.2202926555 43.0094120901464
510440 883.974633767846 -11915.5157872087 -11031.5411534408 -348.1970715382 -1043.58776445362 518.788003404058 -519.791453565022 525.2831185423 79248.3156871237 42.9533143368993
510450 881.385580494675 -11914.4326896772 -11033.0471091825 1905.10376873053 1099.20905529705 2850.13199770659 1765.97025318795 273.580873809723 78933.7117226041 42.8963995439922
510460 875.809127857839 -11910.6055866297 -11034.7964587718 1669.53187624152 1088.17202207062 2458.63363324805 1461.78997340591 267.835718953217 78979.8971284019 42.9047643744054
510470 872.957075642213 -11909.5184260844 -11036.5613504422 -436.614033861576 -525.648830474847 137.401003130028 -921.594274239906 31.1222803884214 79296.6278492005 42.962041108835
510480 873.879999101285 -11911.841465909 -11037.9614668077 -1909.45769699068 -1496.07194954773 -1456.50943858592 -2775.79170283839 -415.086796837318 79496.4332655932 42.9980949697929
510490 872.183361783764 -11911.7185039214 -11039.5351421376 -1030.04920893093 -147.911175431716 -480.305140066279 -2461.93131129479 -582.741734472085 79348.1623999134 42.9713460443657
510500 869.562744288833 -11910.386421153 -11040.8236768642 1201.97422721008 2645.36008036862 1489.77662131267 -529.214020051056 -369.320872541781 79045.7871291574 42.9166923428784
510510 868.359652034376 -11910.250114733 -11041.8904626987 1712.00254320195 3370.64298972236 1423.57458102966 341.790058853834 233.992398876449 78973.1798055555 42.9035479748931
510520 868.412473792079 -11911.3681938457 -11042.9557200536 42.2301594677739 1335.3285226515 -610.153755468879 -598.484288779287 924.266627729657 79198.2637117327 42.9442695557948
510530 870.612511647052 -11914.2310805105 -11043.6185688635 -1480.30411441588 -602.171468242038 -2289.42156063416 -1549.31931437143 1265.89083641708 79421.5326647849 42.9845866273033
510540 873.68013355539 -11917.9598786913 -11044.2797451359 -1033.7652330236 -361.849921735585 -1846.51094668201 -892.934830653221 1037.8041265066 79377.5892706497 42.9766574715467
510550 874.224850217185 -11919.0744690725 -11044.8496188553 663.022882185598 1076.39848846331 -2.58386845712299 915.254026550629 379.688344687455 79153.2479142725 42.9361315957233
510560 872.421983425137 -11917.685274925 -11045.2632914998 1387.05186691762 1607.5400506295 847.855554231062 1705.75999589229 -507.564178517187 79049.1165421161 42.9172948855764
510570 869.293392297278 -11915.0200023168 -11045.7266100195 399.326195285594 572.214539051022 65.5864478562669 560.177598949495 -942.446733448588 79192.9049156533 42.9433009538619
510580 868.757196912668 -11914.6619349039 -11045.9047379912 -1069.25334914745 -922.268991789664 -1363.15177824912 -922.339277403557 -930.050089530058 79406.4000549401 42.9818564260855
510590 876.090077026565 -11922.0490214279 -11045.9589444014 -1121.6931951722 -1024.21775302252 -1296.15685420984 -1044.70497828423 -754.555144499228 79429.4339544454 42.9860120275116
510600 879.080613443474 -11925.1007894216 -11046.0201759781 240.51775300038 119.668462762186 516.0804439496 85.8043522893485 -343.652185304246 79251.1429924673 42.9538251393053
510610 868.471497144812 -11914.3968139856 -11045.9253168408 1348.3177635717 1165.26161683692 1886.92730904257 992.764364835591 70.5063083683964 79116.6972984618 42.9295217019953
510620 862.629763236351 -11908.3919183707 -11045.7621551344 714.663862167386 791.40088753768 997.771756633955 354.818942330538 347.744919954223 79222.2513464807 42.9486047832754
510630 871.299945563763 -11916.4464158692 -11045.1464703055 -1145.49600870952 -977.742751929909 -1220.12252945473 -1238.62274474395 598.131800329726 79451.8146800201 42.9900490187784
510640 878.968261932741 -11923.1623707672 -11044.1941088345 -1838.29349211606 -1988.85908252457 -2196.14105606328 -1329.88033776034 662.951481054049 79473.954087678 42.994041735762
510650 882.165672480795 -11925.3738899185 -11043.2082174377 -242.66197318084 -940.712885387234 -720.149480916809 932.876446761526 410.65763308438 79163.228534098 42.9379361592646
510660 883.307890396761 -11924.905572385 -11041.5976819882 2014.07877749822 689.221169192316 1624.98544761356 3728.02971568879 163.719551573326 78815.6267454942 42.8749978373852
510670 885.030880317331 -11924.9976009869 -11039.9667206695 1803.15416163282 118.39783114713 1521.58463430187 3769.48001944948 435.050853840114 78825.9338339764 42.8768667439807
510680 889.74433755762 -11928.010858074 -11038.2665205164 -625.03217416802 -2371.73175646777 -700.85320630889 1197.4884402726 1180.91797272687 79155.0469705702 42.936456888472
510690 891.360277445615 -11927.5512160714 -11036.1909386258 -1922.72558432 -3554.77340737127 -1810.01460654643 -403.388739042276 1840.80127395673 79377.6053317278 42.9766603701457
510700 885.522117779298 -11919.9145163308 -11034.3923985515 -803.8731218069 -2100.38882837337 -661.292239964333 350.061702916997 1774.64623639476 79256.0654971187 42.9547144473056
510710 880.044091062845 -11912.4674916 -11032.4234005372 1150.7375174704 421.147684240977 1190.44349237466 1840.62137579556 1088.72612413996 78991.5079558119 42.90686674654
510720 879.986059841422 -11910.3103904685 -11030.3243306271 1716.34363602992 1819.16691780778 1488.17975518328 1841.68423509872 444.029496417571 78937.0691926572 42.8970077392814
510730 880.015750757158 -11908.2986977662 -11028.2829470091 -16.7527981759887 582.550860046822 -570.858018549812 -61.9512360249709 336.536933981668 79182.0991340583 42.9413476768653
510740 881.804363060068 -11907.7019744618 -11025.8976114017 -1600.67886797658 -753.955904776421 -2549.31978259879 -1498.76091655454 626.536037711376 79423.1394516678 42.9848765008505
510750 891.190668927962 -11914.8641967004 -11023.6735277724 -1055.76889890605 -215.590679394712 -2240.80807070249 -710.907946620975 871.048188757611 79378.7775480264 42.9768719230707
510760 898.686335621192 -11920.3062159313 -11021.6198803102 704.85479525848 1168.93267262472 -361.150893323965 1306.78260647468 1056.59070561613 79146.6049257043 42.9349304143928
510770 899.246735142101 -11919.06792349 -11019.8211883479 1493.02508328568 1642.75067689952 779.402917207656 2056.92165574987 1088.87135440432 79042.1130065732 42.9160273964913
510780 901.407363933405 -11920.0195652477 -11018.6122013143 406.384700653662 272.106618349336 47.0107057498745 900.036777861769 1039.17625841054 79203.1984821932 42.9451614764909
510790 901.533637745478 -11919.2359462867 -11017.7023085412 -1093.88886076264 -1356.65608480138 -1308.71076858826 -616.299728898283 1029.76554523084 79436.7639600864 42.9873342830158
510800 896.002061770817 -11913.259846686 -11017.2577849152 -1319.01221127001 -1327.66677052973 -1688.66992820282 -940.699935077495 1134.07006166423 79470.8279289038 42.9934779956675
510810 890.40194371379 -11907.6692817743 -11017.2673380605 39.8756796276231 222.447584030751 -259.125355974173 156.304810826299 1031.35162831889 79268.6884506766 42.9569947631353
510820 890.184186420261 -11907.5527957376 -11017.3686093174 1292.51737321314 1542.1282942976 1152.57990404134 1182.84392130049 634.364414491894 79074.281393118 42.921848563905
510830 894.9925391907 -11912.8216428615 -11017.8291036708 908.695094045591 1186.49708306942 948.708205785592 590.879993281759 6.82610629483885 79109.7311722499 42.9282617014556
510840 900.13505331896 -11918.7969482622 -11018.6618949432 -551.359628167252 -105.870557062042 -358.613782381079 -1189.59454505865 -762.158415617439 79309.2057539333 42.9643125122408
510850 894.946850516911 -11914.8197538447 -11019.8729033278 -1221.98646606287 -658.451877687477 -817.064747087614 -2190.44277341353 -1402.63056722151 79413.9097098369 42.9832113493393
510860 880.508561129881 -11902.0610232925 -11021.5524621626 -224.843390767051 177.995669309169 332.903037734122 -1185.42887934443 -1548.95805022644 79302.6097371574 42.9631213887127
510870 871.406623599648 -11894.6574181038 -11023.2507945042 1108.78382477838 1164.58479531677 1761.12096112609 400.645717892309 -1424.91751786822 79148.915725771 42.9353482595407
510880 876.14827207093 -11901.1416807876 -11024.9934087167 995.767147849153 780.981186404355 1703.73552054702 502.584736596076 -1126.00186272204 79190.4408275935 42.9428555554904
510890 881.277032512447 -11908.0455447345 -11026.7685122221 -538.102409415479 -1033.80663986769 501.407449815492 -1081.90803819424 -1055.86619655198 79414.2532441913 42.983273329197
510900 877.269908633493 -11905.7879341386 -11028.5180255051 -1608.67334237215 -2286.73686644821 -116.45746466025 -2422.82569600799 -1081.81161340632 79549.2047481547 43.0076072259778
510910 872.93079491185 -11903.4335654645 -11030.5027705526 -838.467262893663 -1666.33354583805 925.598424168151 -1774.66666701108 -951.037857870232 79391.287732666 42.9791295389281
510920 876.699872669398 -11909.0177769279 -11032.3179042585 1067.63987134415 -143.909917722176 2880.43541201299 466.394119741647 -722.804742022985 79066.3406179463 42.9204117538869
510930 879.420246914343 -11913.4532918528 -11034.0330449385 1823.70977268765 205.832488441248 3765.55645853503 1499.74037108668 -500.028687951783 78917.0823236922 42.8933869256626
510940 876.542752594958 -11912.5840279144 -11036.0412753194 257.52698571827 -1458.33016301659 2291.31813405707 -60.4070138856666 -205.739695680745 79091.4322104433 42.9249515178844
510950 873.704714841432 -11911.5447738111 -11037.8400589697 -1558.3059205388 -3231.89013878096 412.780740500413 -1855.80836333585 154.548487994788 79337.4981444416 42.9694208666446
510960 874.921408872985 -11914.6258853472 -11039.7044764742 -1482.35419182584 -3188.39020746376 242.282048719763 -1500.95441673351 549.461703325178 79316.2914520344 42.9655919899462
510970 877.96140691463 -11919.5597890671 -11041.5983821524 752.264238890622 -871.502732967899 1903.29706618096 1224.99838345881 765.769066605772 79016.3129195901 42.9113574904105
510980 872.563149135926 -11915.7730316283 -11043.2098824924 2368.16673269401 835.966796172887 2805.37088408249 3463.16251782664 636.792508555361 78825.6062734474 42.8768073524077
510990 869.378684548979 -11914.5143686421 -11045.1356840931 828.639387907863 -452.348817792973 899.508119129434 2038.75886238712 371.001353495895 79052.2611895973 42.9178639746846
511000 875.828358434723 -11922.3705599185 -11046.5422014837 -2126.95520809192 -2877.75907491099 -2131.3771911624 -1371.72935820234 299.475385261381 79460.081100675 42.9915399077597
511010 881.590252230787 -11929.6076771041 -11048.0174248733 -2735.85176249885 -2676.99127381866 -2899.13022120042 -2631.43379247748 202.169746432751 79507.9393690726 43.0001693465609
511020 883.039671755748 -11933.0668940087 -11050.0272222529 49.3604302913599 788.614011932811 -470.085132317829 -170.447588740897 -106.519027926424 79044.6078175319 42.9164789121241
511030 885.512445487524 -11936.7981630217 -11051.2857175342 3229.06728436556 4566.85213825319 2124.62803878781 2995.72167605569 -599.727460330211 78568.1423844126 42.8300743557779
511040 889.665597202859 -11943.0389906728 -11053.37339347 2492.29179453803 4158.34171377789 999.855260499827 2318.67840933635 -910.065027456657 78654.7028459412 42.8457975662961
511050 887.081069588312 -11942.7964357264 -11055.7153661381 -1468.16018093527 43.4504115261895 -2804.3125089956 -1643.61844533641 -870.684165131943 79183.1816540131 42.9415433635774
511060 874.223633668537 -11931.8645798067 -11057.6409461382 -3263.88350249538 -2146.46691401234 -3981.34755678204 -3663.83603669175 -595.375705034215 79452.8778011273 42.9902407636108
511070 860.93984118938 -11921.1763662319 -11060.2365250425 -817.481709772607 -193.259724912861 -1072.23237283401 -1186.95303157096 -455.184907838232 79142.9027062989 42.9342609520652
511080 859.404466668664 -11921.2695756747 -11061.865109006 2461.41447310061 2799.10274912796 2111.20682407102 2473.93384610287 -721.061403027013 78709.151994817 42.8556820318061
511090 864.576708907401 -11927.9384955718 -11063.3617866644 2261.54646841657 2711.10218823505 1474.75690419037 2598.7803128243 -903.686629213366 78721.7623093497 42.8579706041751
511100 864.8514171575 -11929.5485872432 -11064.6971700857 -810.379498313471 -83.1668669227241 -1883.36809132277 -464.603536694912 -782.994096251007 79108.8747243118 42.9281067860263
511110 866.621455343853 -11931.9890538059 -11065.367598462 -2528.30420679 -1627.70653178865 -3736.30763974946 -2220.89844883188 -300.050741858175 79321.335954962 42.9665028388016
511120 870.976949789357 -11937.2675209935 -11066.2905712041 -1052.13543465164 -400.874903275679 -2118.91197864057 -636.619422038649 294.145614926376 79086.0471972165 42.9239773007812
511130 871.028246026551 -11937.7578496121 -11066.7296035856 1398.76709961798 1928.61156241103 300.640922808825 1967.0488136341 530.919794739722 78707.8468269626 42.8554451505526
511140 872.406551791541 -11939.3823383368 -11066.9757865453 1922.27700163746 2568.16048182384 703.919710870428 2494.75081221811 360.198261128722 78615.632246273 42.8387020454077
511150 875.23459991724 -11942.612312252 -11067.3777123348 292.415854509142 995.589602184597 -702.961607239581 584.619568582409 90.6384277612033 78851.6965046192 42.8815373822805
511160 870.364432603496 -11937.8058527694 -11067.4414201659 -1439.20256472599 -837.656557576791 -1711.23935918439 -1768.71177741678 -149.750419571518 79099.0488214627 42.9263293837929
511170 863.749623931104 -11931.1944801387 -11067.4448562076 -1201.37527434421 -586.495802652703 -668.727124547681 -2348.90289583224 -222.271993031873 79072.51880596 42.9215296483239
511180 862.225976677315 -11929.4016483493 -11067.175671672 627.082374502368 1238.33754300552 1548.81589999432 -905.906319492732 -233.658480418912 78857.6589764734 42.8826182024648
511190 861.392074334488 -11927.8033146498 -11066.4112403153 1305.12386700335 1860.28946536671 2060.32320778378 -5.2410721404306 -181.733504406383 78771.5578120669 42.8670053120055
511200 867.776470657569 -11933.0594660292 -11065.2829953716 420.037828577576 1131.43062801492 609.089970967049 -480.407113249228 15.1533370667568 78915.0378477802 42.8930165147154
511210 880.517996175172 -11944.0251868487 -11063.5071906735 -861.067701812227 -185.125536498362 -1104.85349701169 -1293.22407192664 125.220347309771 79112.5833146737 42.9287775926663
511220 883.575065259364 -11944.7659853349 -11061.1909200755 -925.013363296777 -443.501537798185 -1619.23747405527 -712.301078036876 136.418482686091 79146.8100397453 42.934967504
511230 875.502505232018 -11933.7717511541 -11058.2692459221 76.9344921345344 572.15432607198 -1045.133898079 703.783048410636 214.916572844754 79019.8607642558 42.9119997229935
511240 874.954072563799 -11929.3098080351 -11054.3557354713 838.524042600918 1391.97398667792 -321.104639171917 1444.70278029674 213.467255006734 78914.3304763836 42.8928883541667
511250 888.387823323495 -11937.8635456703 -11049.4757223468 538.692031643474 1080.04713696036 -365.82847144613 901.857429416209 -92.6186027055774 78959.7126739602 42.9011090854119
511260 897.484418127023 -11941.5090082277 -11044.0245901007 -375.307570217478 193.785568357103 -819.923960274473 -499.78431873504 -546.954526070846 79098.1742844824 42.9261711821399
511270 894.96683710008 -11933.7051397815 -11038.7383026814 -800.983172522887 -247.033775745715 -877.363667936168 -1278.55207388678 -777.419101338523 79166.1701292727 42.9384679906201
511280 892.457170954061 -11926.6330894624 -11034.1759185084 -156.4229542915 565.144224367239 -68.5389199795525 -965.874167262168 -758.999234264358 79094.580815046 42.9255211198531
511290 896.630422561667 -11927.0485289062 -11030.4181063445 726.917915682687 1855.01913324524 739.599475190027 -413.864861387203 -505.003526332463 78997.7253204497 42.9079924398548
511300 897.446979486437 -11925.0299298179 -11027.5829503314 869.340646129671 2158.75656243976 651.863656784047 -202.598280834785 -431.178898049936 79033.8328971546 42.9145287784418
511310 890.389470456029 -11915.9542088977 -11025.5647384417 -55.2237927474738 886.931989521094 -345.910357509934 -706.693010253575 -327.244208459808 79225.3387386458 42.9491626966611
511320 885.676382702697 -11909.6792621986 -11024.002879496 -746.270823503534 -203.092185837298 -1327.70348669191 -708.016797981405 -117.948993420059 79413.0307604122 42.9830527700324
511330 881.856510057651 -11904.6641010951 -11022.8075910374 -567.603598227449 -520.750704766149 -1470.33413309068 288.274043174493 112.321053297254 79467.4429344082 42.992867563066
511340 879.051270445321 -11900.894512874 -11021.8432424287 -47.9016913787999 -610.515803052754 -1222.02124820174 1688.83197711811 265.428101093186 79414.0044334217 42.9832284392179
511350 881.814144921585 -11902.8010718874 -11020.9869269658 126.21176599803 -918.642211777248 -954.535096526517 2251.81260629786 449.913683422587 79342.993241361 42.9704128972587
511360 885.40702974636 -11905.6640091641 -11020.2569794177 251.1107642802 -653.737229002817 -577.737602054954 1984.80712389838 671.891650364762 79296.6009032254 42.9620362424901
511370 884.878625786502 -11904.5731959952 -11019.6945702086 190.70916642777 -393.685936059641 -360.288612299928 1326.10204764289 786.269671228838 79295.5879768726 42.9618533108827
511380 882.658008764869 -11901.9383149689 -11019.280306204 -164.144067708964 -897.776879511391 -293.050694402673 698.395370787168 825.204524754024 79328.8198698014 42.9678540832133
511390 880.559130833786 -11899.5214364621 -11018.9623056283 -290.690272887118 -833.410716113761 -312.118951585148 273.45884903758 911.181029608834 79336.8804909773 42.9693093587147
511400 877.495659858493 -11896.1794672539 -11018.6838073954 -100.998376255455 -24.4176436750222 -243.96023521975 -34.6172498715827 824.214800890317 79290.6100126956 42.9609542821238
511410 881.588864579335 -11899.9796702992 -11018.3908057199 229.219350549753 767.464771348292 -47.7601162247026 -32.0466034743357 724.386242395546 79223.9958799845 42.948920034478
511420 894.852610443512 -11913.0378167856 -11018.1852063421 161.335090543022 750.742988298828 -168.699609452717 -98.038107217039 309.246204737576 79192.9474522523 42.9433086425206
511430 902.141160867666 -11920.4296185682 -11018.2884577005 -55.0979563152667 325.5940680742 -527.931203862452 37.043266842457 -372.609171809309 79190.9333809351 42.9429445881352
511440 898.999609930116 -11917.8495965956 -11018.8499866655 -23.8429705226079 246.50032201638 -769.439187559708 451.409953975504 -691.233180574134 79184.0809440293 42.9417059265284
511450 894.795734160187 -11914.6355161057 -11019.8397819455 40.7956570301924 121.423021278364 -970.290730937688 971.254680749911 -579.861937845369 79170.6265517115 42.9392736729863
511460 895.862492477329 -11917.0792815899 -11021.2167891125 239.59018684077 53.0480221746282 -865.295147542568 1531.01768589027 -299.430173084358 79167.5172672475 42.9387115446222
511470 891.262512949288 -11914.2324374276 -11022.9699244783 114.511447559255 -27.5952820006031 -1222.72559800994 1593.85522268832 -10.3196619273809 79207.6748549685 42.9459705133894
511480 883.552330004889 -11908.5460175228 -11024.9936875179 -203.622684199808 166.950446320099 -1851.93102279946 1074.11252387994 42.9132786506234 79273.3821340116 42.9578426075781
511490 885.107259885913 -11912.2874784828 -11027.1802185969 -436.777860643357 534.640042222349 -2189.48450713063 344.510882978224 -165.573642952078 79303.770464852 42.9633310003161
511500 890.041348573587 -11919.6039496102 -11029.5626010366 -60.6746173976036 990.815436817499 -1294.84447889389 122.005189883578 -539.595726136402 79257.7470646856 42.955018233703
511510 886.761398386023 -11918.893036354 -11032.1316379679 295.923694806438 1031.9386270116 -62.0023692536589 -82.16517333862 -937.297129809269 79193.2366443962 42.9433609150725
511520 883.542254136105 -11918.3587081657 -11034.8164540295 43.7876233488154 467.228152842653 413.37921351996 -749.244496316166 -1369.22306519362 79174.2190106814 42.9399231362718
511530 888.159197356687 -11925.713517747 -11037.5543203903 -297.839877016191 -143.48470681865 545.992942070161 -1296.02786630008 -1558.67012599404 79163.1125649166 42.9379151921236
511540 888.822611361755 -11929.1674411975 -11040.3448298357 -65.6463336683498 12.8896482198025 816.438483497228 -1026.26713272207 -1266.79259057468 79100.4134765122 42.9265762443058
511550 879.727959656386 -11922.8068344177 -11043.0788747613 411.424452429517 679.540770786518 902.392969622218 -347.660383120177 -750.964600113042 79024.3504378641 42.9128124183593
511560 870.754510046227 -11916.3150719827 -11045.5605619365 446.904291371548 1004.45916334986 701.283413406739 -365.029702641955 -454.928543629299 79020.9171866917 42.9121909533872
511570 871.844607878311 -11919.499450177 -11047.6548422987 -218.244997809986 528.52881489479 272.808917022036 -1456.07272534679 -516.649085546882 79096.9591401779 42.9259513634989
511580 876.587708961819 -11925.9578718457 -11049.3701628838 -733.541140159008 -40.8702112699488 95.5403862942862 -2255.29359550137 -543.918135731818 79137.1812067079 42.9332263076945
511590 879.435246967637 -11930.3098264434 -11050.8745794757 -258.916705348694 214.28439617154 647.856262273199 -1638.89077449082 -703.209702041597 79047.283067539 42.9169630734032
511600 880.300588492744 -11932.4611763612 -11052.1605878685 680.297875552639 709.648173973961 1686.30465217023 -355.059199486275 -803.142965557659 78907.0006313206 42.8915602981229
511610 879.415408749023 -11932.7393853285 -11053.3239765795 986.93720580445 505.495219633644 1855.68581401907 599.630583760647 -374.020489489515 78885.270929248 42.8876227244104
511620 874.033426195834 -11928.4542003961 -11054.4207742002 246.177975736732 -129.194731984865 418.338185713865 449.390473481198 323.683769522457 79046.6387845858 42.9168464733896
511630 866.377553363014 -11921.5572064879 -11055.1796531248 -936.131298093296 -912.44242820549 -1669.0510578694 -226.900408205001 908.978706823188 79261.9436193262 42.9557763505489
511640 866.588983109257 -11922.231551467 -11055.6425683577 -1265.36569474644 -1169.28900082958 -2294.48645434978 -332.32162905996 1066.59743005627 79312.5802520596 42.9649218611576
511650 876.798074648484 -11932.7759761009 -11055.9779014525 -187.790427400475 -36.7680868856629 -1188.53421381811 661.93101850234 1146.76526298111 79129.9545680337 42.9319194110139
511660 884.637076130414 -11940.7214001927 -11056.0843240623 1325.10411473629 1520.48586264519 503.688666901704 1951.13781466196 1346.00847309262 78906.1882640212 42.8914131045055
511670 880.166858752049 -11936.52142032 -11056.354561568 1430.13766450573 1649.70572732261 772.738121943283 1867.96914425127 1400.70860226786 78913.9014021472 42.8928106147305
511680 863.028770765801 -11919.7431657836 -11056.7143950178 7.90750625380446 186.3973562666 -569.225578560472 406.55074105528 1233.95987229816 79190.6762249858 42.9428981053491
511690 850.37276666264 -11906.8585273803 -11056.4857607176 -1735.5297246399 -1671.54516409903 -2254.96397812925 -1280.0800316914 657.204416556192 79481.0612759959 42.9953233197576
511700 857.014462477057 -11912.9613184194 -11055.9468559424 -1735.18827761986 -1677.73035825757 -2255.86001263701 -1271.974461965 109.897834974446 79460.6592923819 42.9916441835637
511710 874.268770789117 -11929.4307006717 -11055.1619298825 373.006232412376 544.017911880596 292.275747059999 282.725038296547 -182.137337604699 79120.0625322456 42.93013036335
511720 880.974656772088 -11934.8747440909 -11053.9000873188 2128.83609075729 2233.77075437423 2688.18209610599 1464.55542179165 -201.864957776749 78835.5607435127 42.8786121717211
511730 883.179861081464 -11936.2111730823 -11053.0313120009 1327.55439858689 1124.06668169908 2255.09019354703 603.506320514571 166.679405565973 78926.4613252367 42.8950860981538
511740 887.527776895806 -11939.7748709369 -11052.2470940411 -941.385980554728 -1526.88323356197 -4.23927548644003 -1293.03543261578 608.760624234334 79265.5120596762 42.9564209761128
511750 881.52890121744 -11932.9511812107 -11051.4222799933 -2032.88350561184 -2919.70413970656 -1287.51911953718 -1891.42725759179 643.166213793174 79444.1898538922 42.9886737527898
511760 866.757204640027 -11917.718082368 -11050.9608777279 -568.230074930643 -1776.75991826192 178.567577922421 -106.497884452439 518.736161858031 79258.2501587123 42.9551091201596
511770 862.454870158756 -11912.5110417108 -11050.0561715521 1656.86038877441 391.856584828893 2368.14774829023 2210.57683320411 257.203861985698 78966.6018380111 42.9023567435458
511780 874.777727492611 -11923.7514955347 -11048.973768042 1553.74776039266 395.228949793168 2150.67964182264 2115.33468956219 -15.0740702029343 78960.3781041503 42.9012296009339
511790 885.516228643144 -11933.4072389296 -11047.8910102864 -416.619681384058 -1193.44528974948 -123.756452060093 67.3426976573907 28.0753918600865 79236.0842981644 42.9511043815123
511800 882.601142656377 -11929.2624328352 -11046.6612901789 -1605.11951301291 -1702.60602758899 -1885.38841512225 -1227.36409632749 115.089059634341 79450.1314163635 42.9897454213572
511810 874.866921867176 -11920.5621061042 -11045.6951842371 -906.174077456263 -623.355648685062 -1741.07799280582 -354.088590877886 -15.6407503730708 79375.5559186618 42.9762905022342
511820 873.085529906392 -11917.6927361267 -11044.6072062203 871.409697559566 1116.74365448723 -533.074749296433 2030.5601874879 -167.050005928438 79133.6480332576 42.9325873632248
511830 875.578372861049 -11918.8933359771 -11043.3149631161 1549.42486971181 1538.52230986227 -116.497900446182 3226.25019971933 -140.470625732174 79040.1879539342 42.915678990309
511840 876.494892522824 -11918.5757637104 -11042.0808711875 249.294793998191 244.429744292427 -1300.01644202508 1803.47107972723 -157.173412042123 79223.9691542358 42.9489152049556
511850 874.972777618617 -11915.5338430586 -11040.56106544 -1263.25115248083 -1038.13936479671 -2521.27604008804 -230.338052557744 -111.950241834134 79469.5163817671 42.9932414800192
511860 869.976414873828 -11908.9175631216 -11038.9411482478 -1090.98888378227 -670.440394121298 -2143.01619251273 -459.510064712795 8.20299306402896 79500.9283511549 42.9989053896867
511870 864.746636291683 -11901.8602127482 -11037.1135764565 445.865189422537 802.349031704354 -491.98747837006 1027.23401493331 -21.0987154232384 79328.9294575693 42.9678738689988
511880 867.538093731888 -11902.3497812462 -11034.8116875144 1220.93917563728 1527.61308555542 304.288167432983 1830.91627392343 -215.968657999921 79215.238454811 42.9473374507796
511890 877.757637528231 -11910.001629671 -11032.2439921428 375.308642767183 999.249701318886 -550.825460759524 677.501687742196 -459.223373984064 79318.8337527852 42.9660510393535
511900 885.947152421826 -11915.3079537732 -11029.3608013514 -1092.18414822225 -185.398626358714 -2003.65178229797 -1087.50203601008 -535.710517165865 79514.1182310484 43.0012832195111
511910 888.543353039741 -11915.0284095745 -11026.4850565347 -1363.40693709944 -267.852996870678 -2323.8473611688 -1498.52045325884 -212.084040843881 79532.8828242486 43.0046655879056
511920 888.924019117228 -11912.7304155703 -11023.8063964531 163.246021802251 1380.15430647896 -974.039966646765 83.6237255745341 398.177729238804 79284.4587969093 42.9598433101601
511930 892.037965399739 -11913.0487601768 -11021.0107947771 1943.43420787042 2829.6881257588 841.322036273963 2159.29246157851 1058.12265705355 79014.8587870416 42.9110942570683
511940 896.531458072325 -11915.2192419641 -11018.6877838918 1448.29361852319 1604.53287195477 854.439852436269 1885.90813117853 1076.03522181669 79066.1813942764 42.9203829428488
511950 895.072239666442 -11911.7601756962 -11016.6879360298 -1160.91071660551 -1493.15294408243 -1278.98765845003 -710.591547284069 733.440738382723 79416.8530069504 42.9837423679791
511960 889.770712401417 -11904.5355018175 -11014.764789416 -2691.7997088219 -3165.83434639324 -2573.45409526794 -2336.11068480453 328.722171919089 79614.2905262474 43.019333387672
511970 893.007118566647 -11906.6938189649 -11013.6867003982 -935.389122985079 -1683.17341778829 -837.530706080152 -285.4632450868 269.737478977478 79319.6578654522 42.9661998427864
511980 903.603786375914 -11915.9511959239 -11012.347409548 2350.91179628122 1269.53969064494 2571.67411589588 3211.52158230281 869.143139461771 78805.3196996364 42.8731287755752
511990 914.453610864265 -11925.9837613076 -11011.5301504433 2920.25317761202 1583.11815274538 3525.61321962365 3652.02816046706 1649.9433636546 78674.7535531017 42.8494380163456
512000 915.255745618539 -11927.3111009375 -11012.055355319 316.203542600567 -1018.56627623401 1261.69552205201 705.481381983699 1992.724387919 79079.5801392309 42.9228072696282
512010 902.679750895797 -11915.2464783141 -11012.5667274183 -2486.93982592429 -3604.50891813222 -1527.68315472724 -2328.62740491339 2180.21967904489 79567.3410865492 43.0108753971305
512020 889.713638810778 -11903.5412958109 -11013.8276570001 -2285.41382343491 -3237.80639426788 -1447.91580574791 -2170.51927028894 2092.95673472401 79611.4956751527 43.0188299854262
512030 887.220431160088 -11902.8497896799 -11015.6293585198 636.725627609709 -204.263764138702 1455.75279040255 658.687856565277 1585.31086451961 79242.0839934179 42.9521884289953
512040 889.42902612729 -11906.6616445681 -11017.2326184408 2693.69383719938 1808.53478156997 3727.03910885878 2545.5076211694 628.488167197671 78990.055913454 42.9066038365499
512050 886.607369539146 -11906.2870019731 -11019.679632434 1402.82638138287 620.296675979957 2682.25619662114 905.926271547503 -506.781138944273 79218.6919329881 42.9479615543412
512060 877.655315370467 -11899.6866707304 -11022.0313553599 -1657.2840863404 -1978.54383226765 -408.638761196024 -2584.66966555752 -989.778203288495 79688.0575643967 43.0326158824668
512070 869.648621814734 -11893.9449255659 -11024.2963037512 -2798.13446092078 -2569.34796106142 -1766.53504757885 -4058.52037412208 -906.56554734014 79838.4171804749 43.0596642780812
512080 870.11067600538 -11897.2351883471 -11027.1245123417 -624.505648333088 -137.308701705528 134.220760687605 -1870.42900398133 -481.469682765964 79486.5620123347 42.9963151723145
512090 875.319480674533 -11904.7059843273 -11029.3865036528 2053.18154537458 2332.95858057816 2650.72365059825 1175.86240494734 -164.634306014978 79051.6245672848 42.9177487659069
512100 881.689924356009 -11913.6309159882 -11031.9409916322 2149.71408020034 1943.78815868452 2731.78857612953 1773.56550578698 -16.628687120013 79007.1797059111 42.9097041031378
512110 885.132549440121 -11920.2364002349 -11035.1038507948 -140.915273039457 -488.491927067356 664.207433514297 -598.461325565331 92.3419497569852 79334.8145644689 42.9689363829299
512120 879.470975372611 -11917.7969975542 -11038.3260221816 -1870.87604650847 -1742.58086803287 -903.319585448407 -2966.72768604412 53.1226486623522 79610.7629717308 43.0186980105969
512130 869.515952352318 -11911.6792831988 -11042.1633308465 -1258.66842773211 -162.674888282569 -443.920021155204 -3169.41037375857 -24.1007058701799 79539.0253324381 43.0057726759468
512140 866.503637830024 -11912.7231603725 -11046.2195225425 491.965200711846 2477.63824882759 1029.38718356971 -2031.12983026175 -29.8119081715626 79253.8635871969 42.9543166510938
512150 869.151405960739 -11919.3828437509 -11050.2314377901 1431.33963857002 3478.02858143888 1947.32059489075 -1131.33026061954 -34.4581207206412 79080.9370586476 42.9230527710896
512160 870.04787220702 -11924.4834545355 -11054.4355823284 536.304312799547 2011.58240085379 1100.73068641162 -1503.40014886678 54.8241445120261 79165.9221230007 42.9384231523578
512170 869.463128373576 -11927.9141535045 -11058.4510251309 -749.997109208008 151.523367445671 -290.811565186873 -2110.70312988282 -96.2171145712074 79340.5064722495 42.9699639661578
512180 863.790444341794 -11925.8417741198 -11062.0513297781 -1022.37622113061 -405.779347731678 -680.126799429344 -1981.22251623081 -384.554050844904 79372.9607501952 42.9758221299579
512190 857.339771334158 -11922.3255859452 -11064.985814611 -16.8443655424501 517.297624981184 18.7399191602988 -586.570640768838 -472.509214122478 79227.2472716292 42.9495075746876
512200 858.515405580602 -11925.4298445273 -11066.9144389467 964.884269254525 1505.7554073397 656.787601563023 732.109798860847 -310.921573604853 79087.6357560745 42.9242646957989
512210 867.529351507908 -11935.6132889065 -11068.0839373986 629.727189723397 1290.734051239 -92.5637676093186 691.011285540514 -176.573190369512 79120.9056985292 42.9302828620073
512220 872.586007320421 -11941.2854792863 -11068.6994719659 -502.6271293181 258.645844654642 -1526.82587113104 -239.701361477901 -301.485227234635 79262.5778770078 42.9558909282693
512230 868.031251182709 -11936.9882547307 -11068.957003548 -919.219309347501 -191.761504915937 -1722.85696867768 -843.03945444889 -226.217570993696 79313.2857103994 42.9650492468866
512240 863.207824825448 -11932.2086971679 -11069.0008723424 -250.658975522049 671.349212982931 -602.566982646631 -820.759156902459 -227.582160820495 79199.707087613 42.9445304383926
512250 868.470712339156 -11937.2184324134 -11068.7477200742 611.623547290727 2130.3687434602 771.818573902709 -1067.31667549072 -456.079993566629 79042.5751556288 42.9161110378234
512260 874.553916230154 -11942.9170025899 -11068.3630863597 695.426999487059 2773.36947711214 1317.22754753918 -2004.31602619014 -599.168537814081 78996.2216274695 42.9077201921154
512270 869.275253609111 -11937.2327205451 -11067.957466936 -47.8972200739415 2114.64854136796 776.895784866619 -3035.2359864564 -769.302008422396 79075.1320924215 42.9220024843922
512280 859.614115796032 -11926.9882185495 -11067.3741027535 -712.906977043648 1203.88713596455 -161.591116878013 -3181.01695021747 -661.530404302499 79146.1539387558 42.9348488647587
512290 858.256871288476 -11924.7857578477 -11066.5288865593 -357.314980815835 902.411162234417 -127.731429186264 -1846.62467549565 -386.877056935097 79094.2396522274 42.9254594021278
512300 862.741487680256 -11928.0508220073 -11065.309334327 501.307428626858 1258.28848646088 508.018937875469 -262.385138455781 -203.960890681183 78977.1342438695 42.9042640686464
512310 867.673876883602 -11931.4737400892 -11063.7998632056 918.388514676136 1746.78298045596 980.091890441974 28.290673130453 -57.3600500495259 78950.5929938047 42.8994573593036
512320 869.131801866869 -11931.2723066494 -11062.1405047826 86.1029381772137 1318.90452373869 269.694176994203 -1330.28988620125 169.1544861674 79087.357708414 42.9242143929282
512330 869.611466174367 -11929.8308811183 -11060.2194149439 -1071.98262019993 371.098263047589 -842.061439235665 -2744.98468441169 446.863642232425 79243.4837330482 42.9524413313393
512340 874.94152811072 -11933.1647878203 -11058.2232597096 -951.689160881752 188.71262720325 -824.123307142936 -2219.65680270557 566.12297238026 79212.3813892584 42.94682111564
512350 881.714555214096 -11937.9082584485 -11056.1937032345 336.784936546391 670.477490090048 519.79715990503 -179.919840355887 161.680650316034 79003.3652627262 42.9090135360984
512360 883.660701350546 -11937.7705874681 -11054.1098861176 1477.71171119613 1094.35985859464 1705.92891197929 1632.84636301449 -417.275521567088 78846.8111059474 42.8806517630665
512370 879.734950775041 -11932.0533375529 -11052.3183867778 967.90592766235 388.884929624831 1175.18940783524 1339.64344552699 -665.983872337453 78953.7044132188 42.9000209035238
512380 874.651877933646 -11925.1760770636 -11050.5241991299 -786.944868465504 -1015.00929722294 -786.779358636947 -559.045949536606 -464.537288572613 79250.7840734011 42.9537602949405
512390 869.735174440164 -11918.2649110566 -11048.5297366164 -1708.3286686946 -1577.32746312596 -1740.24714081273 -1807.41140214509 -100.197845156042 79429.04892177 42.9859425694399
512400 867.631472675051 -11914.2586342298 -11046.6271615548 -736.31783440257 -351.334949828352 -755.468890452146 -1102.1496629272 250.762416998069 79298.9430654876 42.962459224342
512410 877.088571641441 -11921.5195340278 -11044.4309623863 1162.21231966256 1669.09985430655 814.96005380634 1002.57705087479 335.922288583303 79007.1881544425 42.9097056326358
512420 890.250036687186 -11932.4098054796 -11042.1597687924 1834.78467490393 2306.12779729093 992.887891829973 2205.3383355909 318.031779610225 78890.7375774575 42.8886133872963
512430 892.391311737656 -11932.7683242886 -11040.3770125509 262.957988389844 785.463124936839 -584.003839417033 587.414679649726 287.44651838784 79117.2807252894 42.9296272261722
512440 884.578039180306 -11923.1238741699 -11038.5458349896 -2022.27517481099 -1490.73859253202 -2595.95078016949 -1980.13615173144 171.229415785024 79481.7015779517 42.995438776678
512450 879.287367558302 -11916.2652262705 -11036.9778587122 -2394.73716607286 -1937.61257557602 -2856.9091930993 -2389.68972954327 -39.5808002328276 79557.8418027688 43.0091636865806
512460 886.191449802876 -11922.0296754587 -11035.8382256559 389.345116132507 672.425194440209 -50.0290343277129 545.639188285009 -232.672506575958 79138.0853904919 42.9333898186114
512470 899.218001766568 -11933.1582459225 -11033.940244156 3810.57877655879 3945.82948234509 3362.40927469761 4123.49757263368 -67.5001816941092 78628.8276296307 42.8410986911994
512480 900.318648772795 -11933.6286410441 -11033.3099922713 3160.60723137818 3181.075494359 2605.99771319641 3694.74848657915 287.368992597127 78730.123059975 42.8594878132641
512490 886.251069835887 -11919.4589827225 -11033.2079128866 -1643.50251874223 -1477.32147711128 -2504.37208882251 -948.813990292918 645.993775594591 79471.0729380094 42.9935221786842
512500 869.882754118766 -11901.7891713522 -11031.9064172335 -4522.70470181349 -4280.70191154643 -5711.4406914914 -3575.97150240262 908.287141584721 79982.6278631014 43.0855746469857
512510 864.938665953577 -11897.0506187396 -11032.1119527861 -2296.71089205396 -2093.74918824868 -3570.24231413807 -1226.14117377512 984.343234626121 79668.465157073 43.029088872813
512520 873.125336380562 -11904.5473141999 -11031.4219778194 2163.48349322535 2228.47487456888 1186.66874693713 3075.30685817003 1028.18144417259 78948.0249437118 42.8989922196689
512530 886.086514420455 -11916.1220189165 -11030.035504496 3594.99243485048 3277.97339233032 3165.37024808147 4341.63366413964 768.450565833295 78654.8767101213 42.8458291361142
512540 892.51886401526 -11922.3023618791 -11029.7834978638 1044.26751590352 604.537199500928 867.493829222126 1660.77151898751 482.336007340032 79001.8170333834 42.9087332382167
512550 887.374770560967 -11916.4698021659 -11029.095031605 -2094.8458416742 -2232.93920276258 -2619.32432273103 -1432.27399952897 156.936274113831 79494.185502393 42.9976897086488
512560 881.880368828211 -11910.5017700059 -11028.6214011777 -2530.32811402126 -2074.5334815678 -3495.27767340601 -2021.17318708996 -169.417557036512 79569.3331290835 43.0112343332512
512570 886.855003007953 -11915.4789719488 -11028.6239689409 -19.2555785446705 959.351409022322 -1104.84600104527 87.7278563889295 -310.021897100095 79208.6536554437 42.9461474127588
512580 894.2597962035 -11922.546388696 -11028.2865924925 2017.29089356113 3290.58085140966 1122.76788487985 1638.52394439386 -220.035525414864 78887.4939246355 42.8880255798942
512590 896.73893335932 -11925.2318571257 -11028.4929237663 1172.5953652013 2104.4847515157 744.465125206461 668.83621888175 -49.1810666205425 78936.5904489031 42.8969210173891
512600 899.135670727416 -11928.2207656893 -11029.0850949619 -861.430589272255 -300.031044108721 -1183.66629026768 -1100.59443344036 -131.554693817754 79178.8145569788 42.9407539142255
512610 895.346381489668 -11925.4077972798 -11030.0614157902 -1292.3933434953 -556.586538528398 -2008.21964262961 -1312.3738493279 -403.086934216526 79257.1567049902 42.9549115817756
512620 883.009299837202 -11914.5425929424 -11031.5332931052 50.6337139955726 1414.78831098791 -1164.89684396152 -97.9903250396751 -763.255388824471 79112.4357015973 42.9287508929404
512630 875.341446733976 -11908.4425290731 -11033.1010823392 1173.57413601961 3188.26346279318 -326.949946036894 659.408891302547 -911.949571817786 78987.8920543713 42.9062120374762
512640 877.753431158835 -11912.5920410148 -11034.838609856 652.911625429282 2992.62590465198 -813.379528151668 -220.511500212453 -812.540339294505 79070.9579441244 42.9212472281718
512650 880.757867753586 -11917.3684308333 -11036.6105630797 -799.909563667293 1367.7177400974 -2151.50160583969 -1615.94482525958 -654.317591697354 79257.1479364499 42.9549099976836
512660 880.625692717595 -11919.1434630266 -11038.517770309 -877.813739004596 803.070567536867 -2122.56615041391 -1313.94563413673 -525.921377258877 79301.5789138199 42.9629352343511
512670 874.90194362818 -11915.5071203581 -11040.6051767299 125.575938701717 1522.97977001325 -1173.28041172364 27.0284578155504 -435.334433214057 79190.32608536 42.9428348149335
512680 864.677802181029 -11907.311417192 -11042.633615011 868.322247406046 2087.05155161373 -625.123642311486 1143.03883291591 -101.879659755847 79106.4214976468 42.9276630369727
512690 858.920814212594 -11903.4298945195 -11044.5090803069 333.333085230304 1507.39122873644 -1371.8536285633 864.46165551778 308.768751677551 79173.5441319321 42.9398011297049
512700 862.467204687786 -11908.5129094368 -11046.045704749 -707.800277332283 599.095934552137 -2573.50900891561 -148.987757633367 491.124759380469 79296.5838311475 42.9620331593345
512710 868.114515929458 -11915.4582333679 -11047.3437174385 -950.736100521702 506.453957738957 -2833.63259083018 -525.029668473886 299.962357382438 79289.9142224955 42.9608286182383
512720 870.910788310586 -11919.4308631803 -11048.5200748697 111.612915507978 1705.58671594657 -1730.44585705507 359.697887632439 -59.6680104453898 79117.2183297296 42.929615940737
512730 872.689066508172 -11922.1767235771 -11049.487657069 1222.81698490553 2731.7200822856 -517.165421179856 1453.89629361084 -513.459613528754 78970.1008299631 42.9029903987044
512740 871.960559624198 -11922.4584620914 -11050.4979024672 825.344946075534 2031.90111916646 -869.563296176406 1313.69701523656 -781.328787818422 79040.8461929684 42.9157981225185
512750 865.719408940922 -11917.0934633418 -11051.3740544009 -637.394911149457 -45.3154456090941 -2199.0781118294 332.208823990113 -824.404909025672 79259.3738286837 42.955312115381
512760 864.495826303303 -11916.4754901092 -11051.9796638059 -1514.37925263554 -1750.32538074634 -2419.98979966691 -372.822577493377 -750.782229856283 79361.9667891707 42.9738378424252
512770 870.773213205835 -11923.3440775894 -11052.5708643836 -640.267960204038 -1594.5109599285 -688.292331921686 361.999411238076 -862.804172403873 79190.4975924146 42.9428658161688
512780 868.938704731035 -11921.7855350997 -11052.8468303687 1138.25247018612 133.615250377205 1666.69844922938 1614.44371095177 -1201.47560265269 78904.2084415637 42.8910543743265
512790 862.612896941905 -11915.5247642832 -11052.9118673413 1687.34485462093 904.329514379505 2342.10700125824 1815.59804822503 -1309.47528095814 78822.7149959479 42.8762831138599
512800 864.499400631292 -11917.3883206235 -11052.8889199922 120.616961511937 -387.435933386521 875.254014138435 -125.967196216087 -1134.55077941672 79040.9701011153 42.9158205481144
512810 868.778733989967 -11921.0746575966 -11052.2959236066 -1705.67058755416 -1823.61429785928 -791.461774109057 -2501.93569069415 -744.47312642444 79283.6159569234 42.9596910802335
512820 869.663266163008 -11921.2252635926 -11051.5619974296 -1358.42284446945 -1262.70271701172 -199.938808975342 -2612.62700742128 -257.015850616546 79224.5435856028 42.9490190083235
512830 871.644711083431 -11922.1283906563 -11050.4836795728 794.961823030472 901.212076632835 2188.86363957377 -705.190247115187 99.6539483911345 78920.8798454531 42.8940749303074
512840 877.964014988783 -11926.8125268504 -11048.8485118617 2036.28063955638 2241.28162906017 3396.87824208734 470.682047521628 224.489197640913 78754.9794425208 42.8639978181976
512850 883.452224015274 -11930.6680681144 -11047.2158440992 747.314126635907 1097.68931473348 1923.72223692373 -779.469171749507 -75.6625763048951 78950.3925453761 42.899421053323
512860 886.372807174917 -11931.4786478656 -11045.1058406907 -1489.24179962115 -1082.09211773772 -305.526287148643 -3080.10699397708 -541.995129396265 79285.7662246292 42.9600794496764
512870 884.276031129133 -11927.0996737173 -11042.8236425881 -1698.68648729445 -1561.35633068374 -281.429392655896 -3253.27373854372 -642.333781128291 79365.1337225858 42.9744094574287
512880 878.781257417922 -11919.3414024425 -11040.5601450246 62.340732457854 -295.262084158144 1858.74463204645 -1376.46035051474 -421.036763600969 79134.8977497904 42.9328133660403
512890 878.286178616535 -11916.101499695 -11037.8153210784 1670.36856377288 1012.66240541545 3670.36755117935 328.075734723848 -101.442894327712 78909.6517137284 42.8920406432829
512900 885.979603863126 -11921.0088596013 -11035.0292557382 1067.77431200338 658.823707937598 2995.21776285383 -450.718534781276 222.098839045141 78975.1851920379 42.9039111254678
512910 890.051435921829 -11922.2153892942 -11032.1639533724 -716.750237879313 -782.020602644513 1291.46641774547 -2659.69652873889 363.987190101706 79241.9309664767 42.9521607801926
512920 884.705748158884 -11913.9774702644 -11029.2717221056 -1540.83679190122 -1363.41691912725 494.837084255522 -3753.93054083192 361.515770328666 79392.983123339 42.9794354746663
512930 882.952417757975 -11909.6389943299 -11026.686576572 -670.773676898244 -422.218112650777 1025.62179840156 -2615.72471644554 247.124079731041 79263.078833014 42.9559814248055
512940 895.544180169788 -11919.6614024902 -11024.1172223204 982.791536942393 899.823198898866 2149.38596117528 -100.834549246971 -125.633262581019 78999.6804390748 42.9083464142796
512950 907.353077919308 -11929.202178393 -11021.8491004737 1612.7424885466 1120.41980174082 2538.84788924164 1178.95977465733 -787.043959445259 78901.7048820907 42.8906007380194
512960 902.071449496687 -11922.4538180018 -11020.3823685051 606.937679342934 6.019175892122 1450.99516473745 363.798697399226 -1136.79548989209 79103.3872384338 42.9271141758309
512970 889.708290708084 -11908.9386392873 -11019.2303485793 -1131.80903146666 -1781.69590126295 -182.294641267204 -1431.43655186982 -1210.92747893139 79440.1017166847 42.9879363520576
512980 886.446542873067 -11904.7229346423 -11018.2763917692 -1852.96787348237 -2762.16558429559 -562.032035098702 -2234.70600105283 -1105.86363461383 79590.3741033214 43.0150252347555
512990 891.533913460436 -11909.3376774252 -11017.8037639647 -757.948198235254 -1947.52961675335 969.996975872413 -1296.31195382484 -1013.93773062466 79395.1216403615 42.9798213669939
513000 895.611262394174 -11912.9607756953 -11017.3495133011 1564.61087298588 275.09624033683 3520.46902564438 898.267352976446 -990.044970928287 79041.7018259591 42.9159529793297
513010 890.341078916289 -11907.5243352897 -11017.1832563734 2366.65240882278 1144.34729318974 4255.5617789444 1700.04815433419 -1100.36610636225 78951.9949221186 42.8997112801659
513020 882.809185309191 -11900.4368481298 -11017.6276628206 160.570003821505 -799.442248713352 1693.85924511673 -412.706984938869 -1088.37421790899 79295.0238083387 42.9617514229808
513030 881.779953372101 -11899.3924181415 -11017.6124647694 -2528.05578866853 -3121.25315776795 -1722.73338217715 -2740.1808260605 -820.142075729899 79698.9658506465 43.0345793329897
513040 881.657891485885 -11899.6853548842 -11018.0274633983 -2299.2746635399 -2618.1052612155 -2328.42991461452 -1951.28881478969 -180.411531569312 79658.2754572456 43.0272543025396
513050 879.174645533445 -11897.8337641071 -11018.6591185736 829.847893465319 812.844973333802 236.058190716222 1440.64051634591 636.616963744385 79186.4028774976 42.9421256523471
513060 881.249302916764 -11899.9566523011 -11018.7073493844 3088.50979139535 3147.40463549727 2298.071320237 3820.05341845182 986.227665993679 78847.7699370435 42.8808255817033
513070 885.841108193174 -11905.4419821126 -11019.6008739194 1763.1202247539 1494.16959578148 1511.04320810629 2284.14787037394 774.426889172456 79059.6943977879 42.9192091077007
513080 880.069991153961 -11900.4795590966 -11020.4095679426 -1318.86456545101 -1749.17373722489 -933.291028424285 -1274.12893070384 355.822522120114 79600.0680034734 43.0167715365177
513090 869.557000803038 -11890.4127685411 -11020.855767738 -2661.3006271996 -2834.93828010592 -1993.66769564376 -3155.29590584912 -33.2888636734904 79894.5384486735 43.069751305707
513100 869.368925737655 -11891.2089503085 -11021.8400245708 -1046.16009452114 -1071.18865143922 -548.682296183868 -1518.60933594035 -563.733231712469 79698.9653779078 43.0345792479024
513110 877.156569937617 -11899.6683421881 -11022.5117722504 1208.32666820097 1224.39831831626 1229.64365646775 1170.93802981888 -1005.36650771485 79321.7349331629 42.966574877718
513120 884.236126342977 -11907.3943567807 -11023.1582304377 1600.60244163096 1571.77793551047 1260.89179412066 1969.13759526176 -1236.21187599538 79177.8923434238 42.9405872000217
513130 887.18527774737 -11911.4436216213 -11024.2583438739 -40.8365493836306 13.0633696561148 -698.245475312693 562.672457505704 -1091.2646374768 79316.8894179945 42.9656999622867
513140 890.398629889467 -11916.0481820108 -11025.6495521213 -1309.58268937837 -825.280338195713 -2518.91568884125 -584.552041098137 -932.841468045301 79442.1825735331 42.9883116912914
513150 891.546187883842 -11919.2653003064 -11027.7191124225 -805.57615597738 86.6600946028772 -2765.80294538091 262.414382845893 -885.720349956201 79333.526806049 42.9687038918547
513160 884.494212655019 -11914.8431778921 -11030.3489652371 718.134102820606 1706.90930422501 -1641.37446339261 2088.86746762942 -653.842969324254 79097.51013954 42.9260510391255
513170 873.281159520407 -11906.7022709319 -11033.4211114114 1242.91781712186 2070.27633728927 -1074.36788536788 2732.84499944421 -707.451014685658 79005.0183245576 42.9093128092477
513180 867.031342869906 -11903.8924481592 -11036.8611052893 168.178420994356 676.463862189043 -1663.62744343714 1491.69884423117 -923.045328647547 79130.6277738201 42.9320411598289
513190 867.597057962338 -11907.8461600597 -11040.2491020974 -953.185839919709 -436.797201991647 -2379.55737656894 -43.202941198523 -965.843825884408 79274.3256152772 42.9580130294685
513200 871.376572172923 -11914.9835525899 -11043.606980417 -799.565577844172 -458.634350161024 -1922.16693574384 -17.8954476276507 -791.493033017758 79243.65080542 42.9524715174647
513210 878.751042384 -11925.6193792762 -11046.8683368922 207.737577940872 -26.5846438417152 -588.646221626296 1238.44359929064 -510.545980671983 79078.7800846808 42.9226625179615
513220 886.357487751725 -11936.3650342278 -11050.0075464761 758.191773220456 -15.2197977015459 150.308000336906 2139.48711702602 -122.94151420892 78962.7200564816 42.9016537446365
513230 887.232029181205 -11940.4008997976 -11053.1688706164 387.933444026091 -279.251363507851 -453.888916126099 1896.94061171223 279.791652526727 78986.9478426622 42.9060410715717
513240 880.555531735771 -11936.7631184384 -11056.2075867027 -401.946926900856 -627.95775054395 -1405.81507730309 827.932047144467 436.270946938291 79074.4745892972 42.9218835197729
513250 873.163931278775 -11932.1116569081 -11058.9477256293 -735.890560369856 -526.082995753243 -1473.62912320864 -207.959562147686 234.509103547367 79084.1228372737 42.9236291489668
513260 868.871516348296 -11930.1651691281 -11061.2936527798 -149.183866507959 37.0433227000225 -378.134861978132 -106.460060245768 -78.183449173935 78969.1546469601 42.9028190501307
513270 865.160826069511 -11928.2630181393 -11063.1021920697 630.099265633308 325.107034471463 933.999446772455 631.191315656005 -364.047314465242 78841.009611542 42.8796000275997
513280 864.672782995694 -11929.1235871737 -11064.450804178 698.591544199586 -211.855206039397 1433.22489802751 874.40494061064 -549.440028164533 78833.0206451261 42.8781516474671
513290 868.321215902261 -11933.7502794344 -11065.4290635321 98.7359352356625 -1366.05001169521 931.422614192166 730.835203210033 -547.98499008202 78947.0204103695 42.8988102702119
513300 867.968352713321 -11934.0276861579 -11066.0593334446 -413.21120860985 -2098.1035658597 341.667759037267 516.802180992887 -338.560146059982 79070.3828832632 42.9211431765289
513310 860.193329436452 -11926.5961128621 -11066.4027834256 -235.414094766478 -1792.55935704849 456.342728973574 629.974343775494 -46.0062510637137 79115.4043641219 42.9292878476297
513320 854.812696892541 -11921.1951406044 -11066.3824437119 162.073926454348 -1122.95757080486 835.651002387864 773.528347780051 79.274303422785 79115.8246284905 42.9293638615583
513330 857.321604918378 -11923.2578478469 -11065.9362429285 34.4180773406884 -928.382400276856 899.333750678508 132.302881620404 125.16618052546 79138.2200502942 42.9334141701335
513340 863.037277099728 -11928.1468780837 -11065.1096009839 -279.283863505933 -818.543890298171 689.527479587842 -708.835179807477 587.799136804338 79162.4529559556 42.9377959349284
513350 866.574130217408 -11930.595462145 -11064.0213319276 -272.571987910667 -434.477491538219 726.989726967037 -1110.22819916082 1470.92616290602 79136.7145335994 42.9331419149087
513360 865.326528399009 -11928.0598836162 -11062.7333552172 86.4131179658256 351.249388746084 922.271674454812 -1014.28170930341 2074.89285181982 79067.6202354819 42.9206432953781
513370 864.001035711907 -11925.2373361097 -11061.2363003978 474.439186008507 1364.66971522109 1189.89730578577 -1131.24946298133 1804.10081745765 79023.735316383 42.9127010743618
513380 864.929949011395 -11924.4627409861 -11059.5327919747 198.393855413424 1534.93205681636 850.023545640405 -1789.77403621647 1098.44697925199 79062.5090988782 42.9197184414473
513390 870.891115798825 -11928.5210687386 -11057.6299529398 -322.034433960132 1123.97720261856 52.9277307072941 -2143.00823520624 679.19260750598 79131.3055687592 42.9321637378915
513400 877.949368514672 -11933.6104642382 -11055.6610957236 -407.344665641746 683.085117633978 -342.21135761787 -1562.90775694133 526.039066144948 79140.1206242583 42.9337578619506
513410 874.49199671039 -11928.2413642259 -11053.7493675155 28.6179462623337 414.700469032094 -163.409334982782 -165.437295262309 205.280128605308 79080.0858218618 42.9228987608905
513420 868.231483782932 -11920.0866026882 -11051.8551189052 492.779902872615 73.296986801055 110.113602683602 1294.92911913321 -173.961732286497 79034.2031233417 42.9145957879616
513430 871.808015916599 -11921.7372979127 -11049.9292819961 222.980913328383 -678.110269420512 -437.669903859551 1784.72291326522 -187.691181885333 79074.1222093168 42.9218197620094
513440 880.92757645163 -11928.9181986954 -11047.9906222437 -393.22908531547 -996.034934935036 -1494.6948217559 1311.04250074452 286.440241101976 79145.6549162657 42.9347586287453
513450 887.096838760098 -11933.3179117891 -11046.221073029 -474.566724862908 -625.051669135921 -1862.21125457672 1063.56274912393 697.246416194734 79143.4168170796 42.9343539185763
513460 887.624877096905 -11932.3726171101 -11044.7477400132 194.949610688894 258.626031543305 -1091.30890405034 1417.53170457373 628.740131010705 79066.8647338081 42.9205065907826
513470 883.047045570657 -11926.595793161 -11043.5487475904 527.563668706603 446.481725585442 -546.540419217786 1682.74969975216 284.236164035751 79030.4323299922 42.9139132790408
513480 876.316415624114 -11918.8704876576 -11042.5540720335 242.883485443859 -80.3243617498112 -500.274406513219 1309.24922459462 -148.58479378757 79087.1036998967 42.9241684389854
513490 874.401664998078 -11915.9965495856 -11041.5948845875 -287.406697738178 -831.451788176013 -792.806500276533 762.038195238018 -350.037486262956 79179.6253537782 42.9409004858692
513500 882.734235337993 -11923.3799824782 -11040.6457471402 -756.778998693821 -1389.11671765449 -1026.24795419468 145.027675767706 -352.763005782434 79206.67928089 42.9457905810186
513510 893.613330601321 -11933.5106537861 -11039.8973231848 -372.340891260117 -784.61376638279 -298.22322173265 -34.1856856649173 -162.359510408628 79102.6375198624 42.9269785585605
513520 892.724655861937 -11932.1407838816 -11039.4161280197 658.502707939337 572.445362411239 986.410549693772 416.652211712994 -9.28287026432305 78954.8902180648 42.900235674101
513530 879.442896719465 -11918.6497125997 -11039.2068158803 857.377291706594 944.267401478418 1403.55823466414 224.306238977229 -236.187860683995 78936.7517784265 42.8969502414159
513540 874.279435943354 -11913.3663820533 -11039.08694611 -109.87872366993 -78.5048036172418 324.019284053728 -575.150651446272 -397.580359570674 79060.5009164253 42.9193550523762
513550 884.357629415148 -11923.238817243 -11038.8811878279 -913.89228476322 -1088.23472057169 -971.173220468675 -682.268913249284 -192.998358063512 79150.5576196145 42.9356451463052
513560 890.74396431528 -11929.5979123981 -11038.8539480828 -693.695314749036 -1140.86444973789 -1134.14243299998 193.920938490735 177.362397183793 79073.9942527929 42.9217966101882
513570 880.4902375147 -11919.4576671745 -11038.9674296598 795.421672428721 -76.8956276260771 350.831504211288 2112.32914070096 555.175167798038 78902.1847151889 42.8906876828585
513580 871.987104782291 -11911.0930829151 -11039.1059781328 1247.84598090894 504.299958432044 893.458594260607 2345.77939003417 695.087492623096 78885.2116590891 42.8876119832551
513590 881.448771079189 -11920.6837110241 -11039.2349399449 -176.093819791234 -274.017891421569 -536.443147296435 282.179579344292 786.235241817163 79071.4198898394 42.921330812369
513600 891.258564382914 -11930.5536901114 -11039.2951257285 -1289.28632914312 -844.918303568649 -1910.20069155377 -1112.73999230693 735.85226017003 79206.7766143344 42.9458081723802
513610 883.109853246915 -11922.7729557591 -11039.6631025122 -768.256643723082 -380.099220199193 -1358.11096211664 -566.55974885342 520.159721674934 79109.7805685268 42.928270636285
513620 872.889888668423 -11912.9288853641 -11040.0389966956 772.10217868799 1049.88231546249 554.35001827441 712.074202327069 288.185130491392 78899.168155625 42.8901410821804
513630 875.997327313565 -11916.2916382199 -11040.2943109063 1252.34890947055 1468.53894331212 1425.46001504568 863.047770053847 -3.46440408744669 78840.6788305941 42.8795400597622
513640 884.518331292185 -11925.1350710413 -11040.6167397491 233.561501246307 357.086119923922 721.478809129935 -377.880425314921 -241.603789161879 78999.6259081519 42.9083365415296
513650 886.229531735623 -11927.1434744244 -11040.9139426888 -1082.59800120793 -1170.0002312269 -337.839679561212 -1739.95409283565 -368.146378417164 79179.09440068 42.9408045030327
513660 881.327929075416 -11922.7273873514 -11041.399458276 -1056.97025912811 -1259.91429005634 -427.765874103221 -1483.23061322477 -237.151157285601 79156.1546207054 42.9366571635534
513670 884.046482936101 -11926.0613392704 -11042.0148563343 90.0179621762877 -57.5662194307592 280.943219667418 46.6768862922202 86.2612239565415 78953.379440418 42.8999620447314
513680 891.033536147684 -11933.6875712275 -11042.6540350798 1225.04515341701 1246.493152964 908.245847287537 1520.3964599995 353.292898719025 78789.8416587496 42.8703217083516
513690 886.475390523209 -11930.1380373537 -11043.6626468305 1267.81011644325 1528.95713421611 637.071248969225 1637.40196614438 336.519799120674 78857.3338902281 42.8825592753266
513700 874.212403157984 -11919.1266422518 -11044.9142390939 -41.3125042512391 329.069343022669 -527.619944793293 74.6130890169096 80.1342508760581 79136.4139349446 42.9330875547164
513710 865.950035802301 -11911.890223193 -11045.9401873907 -1418.00525596379 -1032.63852036356 -1365.96624413468 -1855.41100339311 105.483546605318 79375.7414008041 42.9763239773939
513720 865.328313349117 -11912.2949923642 -11046.9666790151 -1257.04765314959 -842.82156289532 -838.312190816813 -2090.00920573665 535.178965305971 79344.6378969752 42.9707097982604
513730 867.740522479814 -11915.6375182937 -11047.8969958139 295.742964419205 742.334730078408 697.04664575277 -552.152482573571 799.088818995332 79104.6799654826 42.9273480163835
513740 869.731775699555 -11918.3221088243 -11048.5903331247 1337.13457523162 1729.29183639631 1441.11633805834 840.995551240221 804.177551318993 78941.6946044781 42.8978455900459
513750 869.028819663164 -11918.4261151146 -11049.3972954514 861.455118061618 1068.52084403297 730.949733075896 784.89477707601 495.913238450639 79024.3267111988 42.9128081235732
513760 867.358886742454 -11917.5221271665 -11050.163240424 -507.19212702192 -568.624886494272 -539.524980512185 -413.426514059304 261.474220752807 79242.2598425137 42.9522202012453
513770 869.540105688831 -11920.3827441899 -11050.842638501 -1279.68965572273 -1582.31636967722 -1102.18466052418 -1154.56793696679 234.498481762882 79344.5613333265 42.9706959767198
513780 872.685502559328 -11924.379415504 -11051.6939129446 -519.566943621087 -859.038644296744 -40.5633378386485 -659.098848727857 215.447039160752 79220.029809834 42.9482033270781
513790 872.635798374949 -11925.2080109575 -11052.5722125826 633.741263342312 317.354145007504 1515.82368935549 68.0459556639547 303.204094202034 79027.8254935455 42.9134414321841
513800 874.087646089953 -11927.6624979547 -11053.5748518647 842.566655853043 405.337410402297 2139.3442602392 -16.9817030823593 267.492620697446 78969.3285637684 42.9028505456174
513810 876.233320429517 -11931.0265415062 -11054.7932210767 49.9133284448084 -295.598566306806 1512.63055043399 -1067.29199879276 157.925086088438 79055.8839849443 42.9185195758463
513820 873.20984034149 -11929.355331748 -11056.1454914065 -534.386344608724 -441.163617569171 866.101292938849 -2028.09670919585 306.638546208052 79137.5494846948 42.9332929065523
513830 865.192106821483 -11922.7766972838 -11057.5845904623 -228.55545070812 585.145152025373 701.221976681337 -1972.03348083108 483.552025512207 79122.0825828433 42.9304957165221
513840 861.27678627941 -11920.1887988558 -11058.9120125764 286.845705219466 1633.09488657645 821.836878589879 -1594.39464950795 525.664307080342 79074.6355108844 42.9219126360078
513850 865.634520234947 -11925.6739301994 -11060.0394099645 192.575189828787 1734.14296993907 591.709812035975 -1748.12721248869 574.823536391913 79079.2356103403 42.9227449350844
513860 866.860434152681 -11927.8367666804 -11060.9763325277 -160.243533308205 1198.32495231147 492.581205658703 -2171.63675789477 696.058762466274 79112.6140941094 42.9287831599365
513870 861.06400310379 -11922.7635555316 -11061.6995524278 -109.364080837809 1101.09042884624 824.051212224338 -2253.23388358399 817.698718311395 79117.2624476081 42.9296239203032
513880 861.526130992497 -11923.6565817992 -11062.1304508067 94.5419624061441 1412.11498975761 752.32321948672 -1880.81232202589 912.47532928201 79105.178139821 42.9274381301345
513890 868.831761195561 -11931.0903949504 -11062.2586337549 1.08993945510828 1288.55072541647 47.7760569434896 -1333.05696399463 807.418669832619 79107.3830062358 42.9278369594293
513900 871.693841075507 -11933.8713128888 -11062.1774718133 46.2724517225603 1228.75173103445 -156.365003734193 -933.569372132598 641.683503715892 79112.4064110082 42.9287455949594
513910 867.253288353044 -11929.180502127 -11061.9272137739 92.6388988552478 1177.56511134673 -220.478210051666 -679.170204729321 483.136052256156 79126.1950414863 42.9312394904627
513920 864.949235165973 -11926.3938308202 -11061.4445956543 -128.897895576073 730.537498408576 -519.930674558916 -597.300510577876 353.383678596029 79151.6430948289 42.9358414193616
513930 867.012798577786 -11927.6887585892 -11060.6759600114 -136.308514470472 552.543619450968 -528.909763893703 -432.559398968667 352.377800068227 79156.29994494 42.9366834396026
513940 864.939541558273 -11924.567347275 -11059.6278057167 -42.7373043473245 483.579898192578 -306.811303645788 -304.980507588757 541.262501098362 79134.8913558372 42.932812209743
513950 854.046697196338 -11912.2816330892 -11058.2349358929 333.35480524349 747.719766757366 13.9000855706236 238.444563402491 827.989690940671 79112.3323455513 42.9287321982483
513960 847.940706841796 -11904.283581886 -11056.3428750442 209.944714204497 602.018717985188 -308.236470701775 336.051895330087 834.387581582766 79147.6375745878 42.9351171417754
513970 860.054003284652 -11913.8788283908 -11053.8248251062 -559.194540629676 30.9971586927897 -1062.19515682483 -646.385623756984 346.992029804449 79215.0226617899 42.947298452626
513980 883.20720425209 -11934.1324129172 -11050.9252086651 -897.046096951263 -449.38736351549 -1124.71925226772 -1117.03167507057 -394.623076370121 79177.7530548715 42.9405620198628
513990 894.459843321664 -11942.5570460533 -11048.0972027316 127.39852464511 148.380183088311 388.4244956625 -154.609104815472 -1068.65613015473 78982.7742336854 42.9052853509656
514000 887.328676017733 -11932.8206420302 -11045.4919660125 1536.785565943 1315.70412256571 2308.56585788111 986.086717382159 -1077.36419688268 78817.2529455366 42.8752927147957
