# Fix print output for fix setl_out
330000 549.782373887732 -12790.1880447167 -12240.405670829 100.823618437335 154.761703895949 -47.8696837289383 195.578835144989 282.039174441588 70569.5957769445 41.3243352911257
330010 555.455240930407 -12795.691536013 -12240.2362950826 -177.364892454279 -324.693465746139 -577.361355750647 369.960144133936 172.730887372798 70572.2466043917 41.3248527108891
330020 565.936729844195 -12805.7553206992 -12239.818590855 -191.62006636366 -602.846592031349 -554.655232579172 582.641625519532 5.71455209661142 70537.3833667295 41.3180466573394
330030 572.480732650259 -12811.7962502792 -12239.315517629 304.548203387159 -404.779304065902 178.58815296318 1139.8357612642 -50.0928843939504 70467.0720525972 41.3043135519239
330040 569.783031105337 -12808.6359422119 -12238.8529111066 389.390020167785 -508.011850704901 590.86374275285 1085.31816845541 26.6256470260771 70461.1961880531 41.3031654729203
330050 563.407324723474 -12801.803382101 -12238.3960573776 -270.86425637099 -1022.22372717933 -31.5172633512612 241.148221417627 194.715487582362 70535.4349212207 41.3176662127209
330060 564.04126105953 -12801.8714952482 -12237.8302341887 -457.093891101182 -985.712961079106 -387.393695997719 1.82498377327133 287.786540942249 70557.139742352 41.3219038018886
330070 570.562000753843 -12807.7197538968 -12237.1577531429 250.487761221421 -29.9216067890835 67.926076078715 713.458814374633 401.068354894922 70485.624410955 41.3079380589227
330080 574.880749887616 -12811.3363573688 -12236.4556074812 504.930135835828 619.423373296714 28.3104128360851 867.056621374674 266.31122386307 70460.5667750923 41.3030424887981
330090 572.460945174554 -12808.2917153529 -12235.8307701783 -140.576262104306 333.389372014241 -899.929178683122 144.811020355964 -187.698463180934 70543.040451605 41.3191511943349
330100 564.937730776376 -12800.1359827745 -12235.1982519981 -483.974392729295 147.18064483293 -1343.55187285119 -255.551950169623 -507.852507463797 70607.2695385578 41.3316876840838
330110 560.367682933941 -12794.8305863372 -12234.4629034033 89.824990712621 755.786828566248 -740.945394125219 254.633537696833 -512.865496026278 70575.3297561732 41.325454500516
330120 560.089891325456 -12793.5702560199 -12233.4803646944 346.562931153219 966.981697629487 -569.850092723038 642.557188553215 -403.978350477874 70552.3337410494 41.3209655664223
330130 559.531675831333 -12791.7245824228 -12232.1929065914 -142.740549341816 558.304797817444 -1317.45549155074 330.929045707858 -479.584901123138 70600.8999026579 41.3304447727876
330140 562.448582173864 -12792.9992445543 -12230.5506623805 -396.146594948794 450.593202733186 -1608.43669535371 -30.596292225859 -728.881931077536 70628.4020759347 41.3358107548639
330150 568.908266191602 -12797.4987107937 -12228.5904446021 130.703138532628 962.29961220129 -770.085490851029 199.895294247629 -917.227244983823 70572.6702406415 41.3249354000077
330160 571.231765370398 -12797.6344532587 -12226.4026878883 526.487089535274 983.47093042662 80.3977015366121 515.592636642597 -733.734015088074 70533.6549534817 41.3173186581826
330170 568.724264489806 -12792.8620257418 -12224.137761252 -74.1903079975634 -125.079697544937 -271.483388845024 173.992162397274 -375.478080619538 70605.2880333148 41.331301039656
330180 565.909050093939 -12787.7068234855 -12221.7977733915 -640.74538302716 -1026.9423151639 -827.244844167393 -68.0489897501941 -142.725537406816 70677.65744653 41.3454175490376
330190 564.807359350504 -12784.2730941336 -12219.4657347831 138.683952176671 -307.887605785128 -111.457945113751 835.397407428887 -53.6429034518063 70626.3307468123 41.3354066638603
330200 567.600389436228 -12784.776554236 -12217.1761647998 626.278728287433 164.151493769059 424.735659742615 1289.94903135063 -40.8723290235466 70592.1688538167 41.3287409559384
330210 574.529540045796 -12789.625773002 -12215.0962329562 -381.163316564034 -933.70895691928 -465.971028407766 256.190035634936 73.6561893309192 70681.4272009286 41.3461526200831
330220 580.429594574545 -12793.7934494662 -12213.3638548917 -735.320273072412 -1336.2556093115 -757.493744559981 -112.211465345749 194.2952413315 70702.0367052682 41.3501708416415
330230 583.543714464682 -12795.6657068548 -12212.1219923901 528.882315041761 219.805119385446 282.772303704425 1084.0695220354 231.841016322331 70572.8088488934 41.3249624547362
330240 583.947330496365 -12795.2926168343 -12211.345286338 865.373781735043 1069.18895604971 294.381852370379 1232.55053678504 86.4683549101743 70542.7273350968 41.319090060369
330250 580.391614504996 -12791.4000196533 -12211.0084051484 -492.241195171261 241.337215718493 -1295.80310807971 -422.257693152554 -59.7168648333341 70692.3457582204 41.3482815013208
330260 575.594744953824 -12786.4973059256 -12210.9025609717 -896.084466561166 243.217950903843 -1958.36387241172 -973.107478175625 -60.5739974534161 70751.7449313473 41.3598592099921
330270 572.26296760435 -12783.2493203256 -12210.9863527212 579.78664123694 1954.6706021793 -697.128453012787 481.817774544308 34.9685530347642 70631.1770646057 41.3363521088657
330280 566.442066291573 -12777.5481206054 -12211.1060543138 958.309033588431 2199.03011696044 -345.482898975928 1021.37988278079 86.3937250988768 70623.0664950849 41.3347698321953
330290 560.6154117016 -12771.793213616 -12211.1778019144 -749.883867234918 106.458877574831 -1785.47364893886 -570.636830340733 144.239304168596 70809.201811969 41.3710521753793
330300 561.126977839879 -12772.2004952706 -12211.0735174307 -1053.91175465543 -502.040361265776 -1788.83214935024 -870.862753350255 269.106158384775 70851.6196638508 41.3793115579634
330310 563.082203833483 -12773.9594358512 -12210.8772320177 761.676855825053 1150.20154637464 156.260870874249 978.568150226273 385.994945949207 70677.5237748633 41.3453914836842
330320 562.300806064702 -12772.8492883115 -12210.5484822468 995.049234545532 1254.61268140977 458.559465915072 1271.97555631176 370.042825755027 70647.7144780297 41.3395779883698
330330 564.863203202851 -12775.0140883548 -12210.150885152 -974.651590286481 -712.997483090735 -1383.08791640597 -827.869371362732 380.79243989446 70818.7433939795 41.3729103498712
330340 573.294102167645 -12783.0324731823 -12209.7383710147 -1064.8968348482 -786.361282781674 -1229.92295624736 -1178.40626551554 436.150639360791 70798.9315470714 41.3690519070619
330350 577.024953419104 -12786.4164759706 -12209.3915225515 1284.08288075731 1528.63256007955 1487.82184799893 835.794234193473 389.373710862833 70562.5055080721 41.3229512651473
330360 571.951149788761 -12781.1755237505 -12209.2243739617 1252.24082600836 1423.40961637963 1664.64031860756 668.672543037881 221.97044384716 70577.8701897101 41.3259503456943
330370 570.100768926079 -12779.2156675557 -12209.1148986296 -1476.54053442634 -1398.10697849165 -1172.70438358379 -1858.81024120358 67.7510417905917 70851.8336698233 41.3793532197298
330380 574.912834722191 -12784.0073068307 -12209.0944721085 -1480.37349977385 -1367.14102193061 -1450.66062311934 -1623.3188542716 15.0272571106653 70833.2107220335 41.3757274699514
330390 579.617439339932 -12788.773168705 -12209.1557293651 1651.85893323961 1685.29235740954 1655.50140508217 1614.78303722714 -83.0956773714339 70509.9573730736 41.3126909375304
330400 581.841472574487 -12791.2836661266 -12209.4421935521 1441.35051338341 1473.58536347012 1505.50045077363 1344.96572590648 -91.3147375871195 70504.3313099709 41.3115921140593
330410 580.918020791398 -12790.9046363757 -12209.9866155843 -1706.1733381162 -1531.37831850034 -1688.92363513609 -1898.21806071217 152.936672852665 70794.4880580677 41.3681864195512
330420 574.644225201846 -12785.4767701237 -12210.8325449218 -1192.45614538052 -698.477233691219 -1379.2298663702 -1499.66133608013 552.596027928274 70756.8896009302 41.3608616712628
330430 567.488555637373 -12779.204332132 -12211.7157764947 1854.39365878592 2801.03418687252 1243.37994551149 1518.76684397376 760.695585165282 70474.5310324679 41.305770862242
330440 565.923678586173 -12778.66275276 -12212.7390741738 1045.66309546954 2299.73932973477 92.2026198054717 745.047336868392 682.850926085617 70553.0253641209 41.3211005888386
330450 569.504219057583 -12783.082405875 -12213.5781868175 -2121.27493921912 -952.757699178577 -3027.97209809686 -2383.09502038192 557.287490351719 70842.9810641056 41.3776297623049
330460 575.876891137127 -12790.5791360566 -12214.7022449195 -960.095006885047 -0.21765014714679 -1527.43914474999 -1352.628225758 411.13141681813 70713.4796620478 41.3524015302942
330470 579.59353463618 -12795.3430102766 -12215.7494756404 2338.87413966475 3094.72109005464 2151.03942878748 1770.86190015213 192.761576491963 70389.1748428493 41.2890881092999
330480 575.257014857618 -12792.583437338 -12217.3264224803 1014.10571265702 1489.10845695466 1052.04650763305 501.162173383363 -115.931304198605 70529.5000684907 41.3165073571653
330490 567.794488492692 -12786.5561484884 -12218.7616599957 -2302.07731896671 -2109.6075354122 -2242.084232168 -2554.54018931993 -429.763761558447 70877.426583526 41.3843349337982
330500 564.284718797053 -12784.7388875457 -12220.4541687487 -971.921134229308 -1003.31481077355 -854.874959002496 -1057.57363291187 -611.424506095674 70762.7481437597 41.3620031746721
330510 565.884846278703 -12787.7248639229 -12221.8400176442 2180.43420286554 1931.4045234741 2497.55172998223 2112.34635514029 -617.732343086564 70455.1320026212 41.3019805311663
330520 569.156565712675 -12792.5547753028 -12223.3982095901 663.443555583272 161.283771043808 1264.43839885034 564.608496855678 -525.648961604971 70576.5730017504 41.3256971603191
330530 568.550387155209 -12793.2713699368 -12224.7209827816 -2020.89807914016 -2656.0476273051 -1150.71372293799 -2255.9328871774 -627.161404416627 70828.5631215699 41.3748225175328
330540 565.239766168768 -12791.4443351365 -12226.2045689677 -441.135158852117 -915.913164481577 447.293255586439 -854.785567661213 -1009.13812818229 70677.5046692703 41.3453877581797
330550 565.349690171187 -12792.6940394906 -12227.3443493194 1957.59556214505 1725.70329357907 2697.54082152514 1449.54257133094 -1255.78091936843 70448.8313996079 41.3007493213968
330560 567.233537108047 -12795.8116293174 -12228.5780922094 199.647940908917 -60.2168580945386 870.953868518479 -211.793187697185 -1075.91430123137 70605.8706889163 41.3314147320271
330570 565.441543825036 -12794.9409866307 -12229.4994428056 -1800.6988212566 -2221.48089688269 -1097.96163667618 -2082.65393021093 -681.429297729485 70793.3115388471 41.3679572551186
330580 561.702431548828 -12792.161691883 -12230.4592603341 -3.15815209466262 -456.239967966389 640.253091365908 -193.487579683498 -290.003002764187 70624.1955043231 41.3349900958695
330590 560.688821925899 -12791.7312839454 -12231.0424620195 1641.55581353329 1327.63687240047 2125.54400187098 1471.48656632842 -37.1344111163209 70468.9583450576 41.3046820990944
330600 562.095040780444 -12793.6734557672 -12231.5784149868 -159.689691631103 -362.07176717272 324.03930390172 -441.036611622304 -37.3751152024483 70634.8646887367 41.337071480882
330610 562.521387970338 -12794.3246414576 -12231.8032534872 -1429.78759784659 -1624.58286267894 -816.897392542312 -1847.88253831852 -39.530164798902 70755.5371125465 41.36059813772
330620 563.980191456537 -12795.9874513389 -12232.0072598824 156.922620564944 24.9796598795313 848.384432656427 -402.596230841122 2.74702833030002 70593.6950300906 41.3290387910966
330630 566.754224805382 -12798.7591441068 -12232.0049193015 1221.73380166283 1048.49048743381 1938.3894376262 678.321479928476 122.183510421452 70480.3035314752 41.3068986030397
330640 564.891493871786 -12796.9369202098 -12232.045426338 -69.7023910706544 -256.871563655988 534.06696231606 -486.302571872041 255.708617405676 70610.3931088211 41.3322971611141
330650 559.568114274964 -12791.4957725176 -12231.9276582426 -921.974767912931 -991.073217644094 -559.846598229106 -1215.00448786559 573.127473157628 70713.8051715286 41.352464981554
330660 558.001944465181 -12789.7238407796 -12231.7218963144 15.0125976118512 26.2465219446747 199.49909134138 -180.707820450496 1039.44151605418 70630.7323914061 41.3362653614958
330670 562.404660199478 -12793.7407895485 -12231.336129349 656.696369351719 632.24092298995 915.096385272563 422.751799792646 1525.36872204462 70558.7814559368 41.3222242901478
330680 567.720028101472 -12798.6435524373 -12230.9235243358 -113.95120799011 -400.735213875587 452.365332995434 -393.483743090181 1785.07765792826 70616.2622715988 41.3334423148153
330690 569.130768957277 -12799.6659322411 -12230.5351632838 -508.31779506384 -1049.53343002515 335.758410964361 -811.178366130733 1674.66779256837 70647.5437468931 41.3395446871801
330700 569.087523450518 -12799.3196152263 -12230.2320917757 140.433548726602 -484.826740087021 1083.97749561177 -177.850109344943 1246.38720303401 70580.487192076 41.3264611232361
330710 569.276622183204 -12799.2551214383 -12229.9784992551 448.403095639326 -282.32229510902 1449.07179913303 178.459782893962 666.952079631712 70548.5262429366 41.3202222301386
330720 567.120425826961 -12796.9035151954 -12229.7830893684 -107.902556128316 -1090.91581823705 1014.53319787553 -247.325048023435 210.294361424325 70605.0209734906 41.331248928621
330730 561.931724570171 -12791.5018414807 -12229.5701169105 -251.604172638426 -1435.88114315483 1116.30614271167 -435.237517472118 -96.1181264321282 70640.2978986236 41.3381313315576
330740 558.039306959049 -12787.3092881508 -12229.2699811917 115.544583686665 -1068.89587878621 1726.58474371844 -311.055113872229 -228.311511673588 70624.7096369565 41.3350903996232
330750 559.085037815992 -12787.9075967551 -12228.8225589391 97.204657377691 -943.305063451093 1760.42249837457 -525.503462790389 -95.7622196712132 70629.8780562763 41.3360986957738
330760 564.132205549751 -12792.385310001 -12228.2531044512 -273.442144370351 -1159.32808411186 1246.85268286656 -907.851031865745 328.066934582239 70649.3865584545 41.3399041256191
330770 568.325376813534 -12795.9778912036 -12227.6525143901 -57.8269896804612 -703.666697136401 1251.47175320748 -721.28602511246 834.464398409858 70615.719972189 41.3333365074652
330780 568.209338149953 -12795.2919043705 -12227.0825662206 403.042702976729 -162.807486344478 1636.3075102904 -264.371915015735 1027.15112714215 70576.5303648189 41.3256888383826
330790 563.18435265026 -12789.7340514132 -12226.5496987629 86.7470957067349 -645.55581158219 1381.06868966319 -475.271590960801 895.069915732894 70618.5690797887 41.3338923871828
330800 557.849098977321 -12783.7896330393 -12225.940534062 -382.619284978793 -1278.23066995654 959.395971799843 -829.023156779673 577.874810711053 70676.5203938542 41.3451958280041
330810 558.536991971421 -12783.7241868012 -12225.1871948298 -143.232019133166 -861.195922109622 1098.10913655756 -666.609271847429 336.590706837822 70656.4761861327 41.3412868916967
330820 564.884982153139 -12789.1726983608 -12224.2877162077 332.905684281602 -89.5568227337238 1350.56871653122 -262.294840952679 236.418606807781 70607.5394880449 41.3317403578559
330830 568.200288130634 -12791.5493711847 -12223.3490830541 268.62744319268 -61.4725051394493 1043.54643470926 -176.191599991781 340.876345683881 70629.0894066946 41.3359448429513
330840 567.261825743917 -12789.6882896019 -12222.426463858 -324.539265680301 -796.413044817634 299.696830634835 -476.901582858096 344.885590412216 70704.5866422097 41.35066794689
330850 569.154968751646 -12790.6847389224 -12221.5297701707 -364.354286203391 -911.791598086574 96.4530043793918 -277.72426490299 132.786922428383 70713.4872311306 41.3524030057307
330860 572.287209027714 -12792.9766531172 -12220.6894440895 236.834708556024 -245.44833807407 620.834144377413 335.118319364728 -47.9220016352655 70646.0769928863 41.3392585939006
330870 569.455476360301 -12789.3854932564 -12219.9300168961 501.292439568971 144.657682907747 847.217396624946 512.00223917421 -3.25530346586506 70629.6150799023 41.336047393449
330880 563.202136780027 -12782.4231762304 -12219.2210394504 -269.328386474521 -475.28787690219 16.6420092959822 -349.339291817358 143.276503291596 70714.8942073691 41.35267726488
330890 562.232200876387 -12780.6642478905 -12218.4320470141 -681.551801923717 -833.82194341171 -385.042968719331 -825.790493640117 287.944524605709 70746.3906927868 41.358815861687
330900 568.058891022209 -12785.6396660536 -12217.5807750314 261.191425157102 -51.2044664602472 848.448217091193 -13.6694751596407 225.705853567178 70636.5825108191 41.3374065805474
330910 571.136562038453 -12787.8207474008 -12216.6841853623 874.63602923207 193.661167148329 2052.78044060639 377.466479941496 -172.406660197482 70572.9716701066 41.3249942355096
330920 569.800763195747 -12785.6894351654 -12215.8886719697 -275.414495217743 -1233.90756332478 1243.69174966058 -836.02767198903 -592.35234318285 70689.5628828705 41.3477389219602
330930 572.211459896493 -12787.304116177 -12215.0926562805 -1138.38017241282 -2028.14719606721 113.349956640052 -1500.34327781129 -638.045812547039 70765.4192370457 41.3625236009405
330940 580.088112539641 -12794.5530246708 -12214.4649121311 374.633795904785 -167.441197235668 963.202668521145 328.139916428879 -343.94013417025 70604.5148744766 41.3311501738204
330950 585.389698559593 -12799.3463292261 -12213.9566306665 1521.11807733419 1300.9443437861 1541.47672522239 1720.93316299407 17.5115243564268 70487.8432933968 41.3083715113581
330960 581.477504403611 -12795.3897145827 -12213.9122101791 -380.325109335091 -351.659023363374 -635.114259623892 -154.202045018008 157.515746139189 70684.9228482188 41.3468342191466
330970 570.128141400906 -12784.0513790411 -12213.9232376402 -1703.94415481313 -1534.37098082203 -2137.98360378696 -1439.47787983037 2.66626891586506 70857.5559958864 41.3804671865569
330980 560.322945949063 -12774.4681147115 -12214.1451687624 465.405824582816 694.466376817322 -110.509342936775 812.2604398679 -187.144401741595 70690.7148799841 41.3479635294562
330990 558.802000991873 -12772.8946542848 -12214.0926532929 1807.24108743996 1972.8979085104 1281.79643988344 2167.02891392603 -385.682224150787 70581.1493741581 41.3265903636612
331000 562.641793167877 -12776.6475743256 -12214.0057811577 -922.921277381656 -748.829936850152 -1279.77495890829 -740.158936386519 -521.743546269727 70835.8373079294 41.3762388852317
331010 564.772964313735 -12778.3872970874 -12213.6143327737 -2140.43743484082 -1953.79657165057 -2295.7736334061 -2171.74209946579 -597.798078214069 70935.9142099812 41.3957151722286
331020 565.490154224588 -12778.7955655515 -12213.3054113269 1193.1303446796 1472.08645830569 1016.12829702565 1091.17627870747 -509.347428835123 70595.3322472155 41.3293582912396
331030 569.659750825576 -12782.3061847406 -12212.6464339151 2290.84770259296 2702.64903350862 1930.68885122167 2239.20522304859 -279.879949590035 70465.7344665166 41.3040522079948
331040 577.285937604002 -12789.4680561348 -12212.1821185308 -1458.91285672004 -1119.36810793552 -1907.46905829035 -1349.90140393426 -162.16259368175 70795.7569383591 41.3684335713859
331050 584.402793433045 -12796.0761781572 -12211.6733847242 -2326.07282251906 -1995.96849669738 -2819.62790804549 -2162.62206281429 -142.251159417566 70850.3019593724 41.3790550310487
331060 589.767080389683 -12801.3357053218 -12211.5686249321 1746.82725586167 2390.85056216154 1069.78362745461 1779.84757796885 -151.917759648861 70435.1129899079 41.2980683335586
331070 587.885481540182 -12799.6020932843 -12211.7166117441 2544.40443818605 3490.06384400274 1626.8070029969 2516.34246755849 -94.0686656078135 70365.8903474106 41.2845348447098
331080 577.238496353118 -12789.7910805901 -12212.552584237 -1631.8621615369 -810.320264364998 -2517.55677062958 -1567.70944961612 -45.3682019614374 70805.5068705479 41.3703325595225
331090 565.68399183925 -12779.1815571032 -12213.4975652639 -2194.79314555101 -1721.14678604641 -2819.56993775864 -2043.66271284799 -110.154912526876 70921.9288259702 41.3929945333234
331100 557.979298225184 -12772.8658903849 -12214.8865921597 1528.58489309638 1663.93905390334 1166.25566249814 1755.55996288766 -210.824393701455 70598.9348865737 41.3300613228016
331110 554.582916054464 -12770.8762505973 -12216.2933345428 1808.77084464983 1719.1860769311 1673.26463389979 2033.86182311859 -220.670652595787 70581.900727942 41.3267370070645
331120 554.361945873865 -12772.095558616 -12217.7336127422 -1657.99602808394 -1894.38107989869 -1574.24151930591 -1505.36548504721 -106.99818973654 70914.5678926108 41.3915624345768
331130 556.624959795776 -12775.7521833307 -12219.127223535 -1716.14006692291 -2187.90767185632 -1461.94955149443 -1498.56297741801 -158.060429594266 70903.7646664734 41.3894604446684
331140 560.55046997107 -12781.0234213011 -12220.47295133 1587.21193585952 859.7754135825 1876.58868420107 2025.271709795 -404.805994863716 70561.469100131 41.3227489497476
331150 564.601760869483 -12786.3775204946 -12221.7757596251 1402.9181626365 540.287825763967 1488.17204724064 2180.2946149049 -551.606637631746 70545.9967297658 41.3197283795409
331160 569.051155484914 -12792.185812475 -12223.1346569901 -1627.86641156571 -2404.33532726205 -1770.75690743165 -708.507000003432 -361.744675704141 70796.6064333253 41.3685990339175
331170 573.36804989633 -12798.0756653698 -12224.7076154734 -1157.75792618969 -1644.01728251567 -1415.48952060207 -413.766975451342 -9.13982783977305 70716.8086211035 41.3530504319938
331180 573.389938297298 -12799.7107544759 -12226.3208161786 1759.2318603082 1457.18249600553 1465.57895409424 2354.93413082482 420.993227851016 70429.6890055259 41.2970082286468
331190 569.081290834882 -12797.257655101 -12228.1763642661 1055.06643730233 801.109565964164 803.411083172689 1560.67866277016 646.454936308346 70502.7357146597 41.3112804685253
331200 566.596807903112 -12796.5236091479 -12229.9268012448 -1754.53199077021 -2137.90195772278 -1898.62417641523 -1227.06983817262 791.200126212374 70765.5610963548 41.3625512399351
331210 570.376773696535 -12802.1576438268 -12231.7808701303 -1044.04558702674 -1543.62483261883 -1083.96575170397 -504.54617675743 856.987350953935 70665.5673246867 41.3430598985473
331220 575.348579173512 -12808.8389997629 -12233.4904205894 1639.45147038838 1226.42259077173 1628.34821351804 2063.58360687537 721.680011181869 70381.8413641104 41.2876541616957
331230 574.861303597522 -12810.2058470026 -12235.3445434051 941.12048357344 946.433421695555 715.291855419278 1161.6361736055 442.496668769694 70436.8171554469 41.2984013974444
331240 569.175515371675 -12806.3041119754 -12237.1285966037 -1293.81558605577 -871.958750697348 -1798.20450886357 -1211.2834986064 192.792760470981 70666.8411681131 41.3433083187734
331250 560.142836674305 -12798.9516331506 -12238.8087964763 -620.491155718296 -45.0356575407255 -1259.15189698982 -557.285912624352 1.69129019401507 70632.4485631991 41.3366001522952
331260 551.00276754836 -12791.1273235315 -12240.1245559831 1255.46105456917 1794.35202894687 573.437008602415 1398.5941261582 -146.469778948203 70488.2314899206 41.3084473435207
331270 547.848179901103 -12788.9323175534 -12241.0841376523 322.722069196883 695.165349340832 -271.586629769252 544.58748801907 -226.31819091646 70590.694858282 41.3284532998399
331280 552.264835533562 -12793.7729357764 -12241.5081002428 -1405.8557247234 -1107.86665070043 -1818.75345858593 -1290.94706488386 -274.168050842712 70737.6381344844 41.3571101898593
331290 558.882032484594 -12800.6106560085 -12241.7286235239 -396.950494653136 -142.799464734766 -543.549734761542 -504.502284463093 -432.020307988486 70599.5669802602 41.3301846692935
331300 562.018582363602 -12803.6203411378 -12241.6017587742 1389.65664763284 1619.88325791859 1575.29865162976 973.78803335018 -664.709882321102 70402.9935156922 41.291789865021
331310 562.486874076046 -12803.9419533922 -12241.4550793162 421.616672908836 443.280428362101 1052.49877186588 -230.92918150148 -858.985107236133 70490.5027232059 41.3088910114963
331320 562.7673387517 -12803.8717984204 -12241.1044596687 -1285.33136017473 -1575.40635520463 -276.295052324577 -2004.29267299498 -830.578018001547 70650.2290345643 41.3400684476081
331330 563.854656347764 -12804.5918596786 -12240.7372033309 -305.616998277221 -744.026186311835 607.30315229955 -780.127960819371 -677.064384688611 70552.4294084092 41.320984243177
331340 564.539260669617 -12804.7278911279 -12240.1886304583 1235.91807398389 1035.2916263391 1433.92209649389 1238.54049911868 -482.463457579883 70405.5257222975 41.2922849106825
331350 562.313671404848 -12801.9603281175 -12239.6466567126 287.783804134159 485.165769437274 -232.041449605293 610.227092570493 -400.784293128653 70506.690443181 41.3120528822613
331360 558.022558705301 -12796.9080426398 -12238.8854839345 -1122.27025835253 -706.631903520132 -2021.30972291415 -638.8691486233 -405.948760993805 70656.5620472343 41.3413036375408
331370 557.657532557191 -12795.6524445821 -12237.9949120249 -306.121158499461 205.101195423568 -1335.10112845113 211.636457529183 -368.97120560604 70577.794306037 41.325935534791
331380 563.633040942514 -12800.4582460917 -12236.8252051492 953.262284455054 1571.95121978344 -186.415889307928 1474.25152288965 -180.881860462575 70443.3850521256 41.2996849837564
331390 569.855756968189 -12805.4387104577 -12235.5829534895 233.850974368411 991.44292034833 -873.729927158397 583.839929915293 -5.10941192491739 70500.0623319945 41.3107583031752
331400 569.373787697822 -12803.6721361989 -12234.2983485011 -731.886080077487 194.395261600794 -1686.00993858294 -704.043563250314 -87.1268591767748 70604.1187552159 41.3310728789746
331410 564.437711471999 -12797.4863517509 -12233.0486402789 -113.283349129927 848.175189299181 -766.060725680244 -421.964511008718 -210.65826964775 70563.4794159304 41.3231413782087
331420 564.756671257181 -12796.4849261099 -12231.7282548528 608.697641134863 1478.73188134422 252.330251360012 95.030790700345 -245.016228445857 70500.5116361741 41.310846062232
331430 570.005870745935 -12800.3809790205 -12230.3751082746 -13.5868740881757 618.03603694349 -89.2522701671027 -569.544389040913 -236.275818216821 70555.7169252456 41.3216260416363
331440 571.927016849585 -12800.9637355325 -12229.0367186829 -532.871247274968 -183.753686908414 -423.207168095216 -991.652886821265 -145.397593665637 70607.9181757457 41.3318142488967
331450 569.623488551671 -12797.4292386918 -12227.8057501401 174.709408819783 264.954609208736 476.798589092018 -217.6249718414 -49.4064054214106 70558.5633633794 41.3221817153439
331460 566.947357538512 -12793.5881856379 -12226.6408280994 587.461105105755 424.451431673268 989.486226115594 348.445657528407 6.96591040376019 70547.2056992968 41.3199644147028
331470 564.248317682589 -12789.7602258433 -12225.5119081607 -242.692305564176 -546.313396017976 34.6461265590659 -216.409647233627 -33.8218839759026 70649.0245348657 41.3398335137957
331480 560.659764596166 -12784.985967241 -12224.3262026449 -534.26999909544 -806.553245355148 -377.059178491347 -419.197573439826 -139.964632187684 70702.129482036 41.3501889285015
331490 561.655524998942 -12784.7450366888 -12223.0895116899 87.5987578035962 -35.7179194555339 163.894744041754 134.619448824576 -142.738313075726 70644.2912988602 41.3389102853923
331500 569.707777822407 -12791.5129247774 -12221.805146955 296.913623096249 324.188444657292 263.567097257993 302.985327373463 194.55246016922 70599.3510683885 41.3301425364259
331510 574.805606542956 -12795.4401246256 -12220.6345180826 33.7007634086554 237.916743561195 -169.740426502356 32.925973167143 697.374719475364 70617.8021609099 41.3337427577129
331520 570.503247166621 -12790.1706551307 -12219.6674079641 -30.4920864756274 486.839444788068 -390.468059229863 -187.84764498509 981.404718315292 70649.0262911243 41.3398338563503
331530 563.516359919428 -12782.3632013803 -12218.8468414609 39.2079986036812 794.790961198699 -397.578697687443 -279.588267700211 919.53212832687 70676.0825720104 41.3451104537424
331540 560.268780938883 -12778.3124622534 -12218.0436813145 -156.181541815111 580.506456172712 -496.042623808492 -553.008457809551 699.345461344244 70705.4608097122 41.3508383613939
331550 561.947858907506 -12779.1493453704 -12217.2014864629 -147.696257979491 166.902939375652 -420.672484628862 -189.319228685255 478.772608026019 70701.7472847168 41.3501144189125
331560 566.814862376985 -12783.1725905352 -12216.3577281582 47.4650790619798 -311.938398411763 -200.21031061205 654.543946209756 468.939775629917 70665.944163157 41.3431333885007
331570 571.193348107763 -12786.7922003616 -12215.5988522539 122.264680112223 -778.995196193817 9.01854642346947 1136.77069010702 522.983832330591 70638.7912821864 41.3378374428813
331580 572.632968884277 -12787.632021926 -12214.9990530417 129.715599164728 -1176.77895664099 430.791425839034 1135.13432829613 623.502955203504 70640.4587416681 41.3381627062169
331590 572.406214296067 -12786.9750419898 -12214.5688276937 -3.99605467151431 -1378.1642195082 529.299592752316 836.87646274135 727.139821861112 70671.6061752895 41.344237546352
331600 572.526597456862 -12786.8019210835 -12214.2753236267 -236.042250186051 -1337.28232638843 116.294789614027 512.860786216256 769.845872297912 70701.0545655702 41.3499793722287
331610 574.21464374159 -12788.3238379876 -12214.109194246 -123.437159717191 -775.297370872707 -190.164647418971 595.150539140099 654.291548784603 70680.057408866 41.3458855249409
331620 576.055466528745 -12790.1257544307 -12214.0702879019 297.04268175065 138.226613108529 -317.998367982855 1070.89980012628 460.577046179664 70634.9178443789 41.3370818501618
331630 574.980291889155 -12789.1515155565 -12214.1712236673 71.2814114092239 258.127219780897 -823.071435960103 778.78845040688 447.132528279575 70646.7637753908 41.3393925526839
331640 573.234184038824 -12787.6112241649 -12214.3770401261 -338.870504881145 81.4265253712645 -1270.83083554681 172.792795532102 417.424010176784 70674.7008045423 41.3448410099229
331650 572.464597761047 -12787.1211419353 -12214.6565441742 -15.3440397380522 491.653045212278 -923.630618153293 385.945453726843 139.591535585497 70636.0754754465 41.3373076725088
331660 571.438411805923 -12786.4053764166 -12214.9669646107 413.490696917162 854.16240837203 -524.53816185796 910.847844237413 -235.751319392575 70591.4044247165 41.3285917750552
331670 572.463795902265 -12787.7806736337 -12215.3168777314 -3.51225154085302 387.848430586182 -1043.22679426185 644.841609053107 -325.596925203549 70629.5477478014 41.3360342580534
331680 577.643975124486 -12793.3641613575 -12215.720186233 -617.37774020393 -290.946386636552 -1561.23551448526 0.0486805100246293 -185.443620589435 70667.191911014 41.3433767188304
331690 581.79650142083 -12798.0920874243 -12216.2955860035 121.554799520203 335.501008990276 -651.991518956212 681.154908526537 -5.85037805988906 70581.6151353503 41.3266812674404
331700 580.125216694936 -12797.1771981782 -12217.0519814833 950.549686148704 1156.12331528912 230.689949854204 1464.83579330281 56.0414110021347 70515.3855514301 41.3137510568324
331710 572.959493072636 -12790.9948226516 -12218.035329579 -58.7592700174119 108.823386186435 -695.423900900076 410.322704661407 41.4742026180239 70645.0345587131 41.3390552626394
331720 564.046482918936 -12782.9934055377 -12218.9469226188 -1061.39241479713 -1070.74416983773 -1479.65791698651 -633.775157567154 246.093285085218 70784.4931883939 41.3662395208455
331730 558.598361958427 -12778.3852285616 -12219.7868666031 18.7557679464782 -213.266752139882 17.915108190292 251.618947789017 543.890581036553 70716.4038731297 41.3529715370529
331740 559.078496882941 -12779.4440669451 -12220.3655700622 948.857814305641 545.274027325507 1409.26257778809 892.036837803322 570.843948245688 70634.3394589835 41.3369690219723
331750 560.356596208967 -12781.1422685512 -12220.7856723423 -285.204582874326 -798.423891381177 385.887950062998 -443.077807304803 327.00780231756 70737.5790276653 41.3570986708246
331760 559.526234400625 -12780.5016640004 -12220.9754295998 -1058.49629770044 -1544.63495751957 -566.744176796461 -1064.1097587853 203.773781912274 70798.2252324828 41.3689143359555
331770 562.619667261445 -12783.6708308539 -12221.0511635925 393.353186164286 18.1125755668758 498.690562144635 663.256420781359 377.428042208161 70641.7215063761 41.3384090242753
331780 568.837862728896 -12789.7746499888 -12220.9367872599 1149.27200713446 944.247965511244 1085.244152003 1418.32390388914 666.658781478095 70543.2941905832 41.3192007350908
331790 570.598299623188 -12791.4939509218 -12220.8956512986 -373.603231671903 -354.241029476526 -478.655883355668 -287.91278218351 700.061613320991 70678.7219888015 41.3456251286572
331800 567.884685922752 -12788.6958277711 -12220.8111418483 -1165.52849062217 -908.54207809316 -1365.9658876593 -1222.07750611406 470.756360531902 70758.1327756434 41.3611039019793
331810 567.867470700431 -12788.6642889956 -12220.7968182952 438.506669612327 758.082077709203 153.8212173765 403.616713751285 211.636559121623 70598.7214395323 41.3300196706708
331820 570.488545072831 -12791.1753193467 -12220.6867742738 1258.90112867238 1394.48341339936 907.243897210817 1474.97607540695 173.604307867467 70510.139347271 41.3127264778407
331830 573.28382519109 -12793.9788349086 -12220.6950097175 -574.830991815827 -667.326028042123 -1029.79610358148 -27.3708438238769 291.246414085457 70675.0144533802 41.3449021715645
331840 575.141793253417 -12795.868272856 -12220.7264796026 -1289.93980260776 -1652.49177076163 -1901.60253406955 -315.725102992091 363.562444538956 70742.8571794198 41.3581272783289
331850 571.855001182986 -12792.8104237583 -12220.9554225753 882.691853627969 344.224858229919 164.142629085735 2139.70807356826 203.045152349761 70550.9822427405 41.3207017170275
331860 561.784072488247 -12782.9931411735 -12221.2090686852 1538.50165430444 1027.06498189742 870.927672614304 2717.51230840159 29.8811269683975 70526.2226389355 41.3158673694545
331870 555.407250234299 -12776.8139689391 -12221.4067187048 -1195.46132090082 -1645.41821530602 -1644.18564810006 -296.780099296373 21.5210055851609 70817.1051987999 41.3725913315733
331880 558.772164807407 -12780.0550069888 -12221.2828421814 -1844.770608288 -2439.90066069162 -1903.54412355354 -1190.86704061882 163.685731707568 70882.3791115394 41.3852988152217
331890 563.192986288235 -12784.2394493103 -12221.046463022 1278.33782606441 617.549727839265 1419.66271593103 1797.80103442292 296.42061031139 70567.0560421237 41.323839543577
331900 565.706741747016 -12786.1921910016 -12220.4854492546 1865.68086536044 1335.55131485857 1922.63980298399 2338.85147823875 256.639036603374 70491.7405324742 41.3091328040163
331910 572.949600508529 -12792.8249125666 -12219.8753120581 -1636.35035542433 -1997.99064057428 -1811.80543460984 -1099.25499108888 173.812172448007 70787.9015351721 41.3669034526379
331920 581.21728635346 -12800.4339248887 -12219.2166385353 -1746.18865065873 -1791.22822009636 -2151.39449121086 -1295.94324066896 113.322170761222 70770.4358574778 41.3635009859409
331930 580.286174279525 -12798.8694072477 -12218.5832329681 2118.00851972851 2532.98013829643 1477.74046874823 2343.30495214087 -10.8441554629182 70404.4793150702 41.2920803398103
331940 571.620736390698 -12789.7882895752 -12218.1675531845 1836.9909261829 2562.73880988916 1116.60744999801 1831.62651866152 -136.972053218645 70456.3247746271 41.3022136041721
331950 566.96864098125 -12784.561755788 -12217.5931148067 -2368.42631375005 -1633.70380028382 -2991.11019822142 -2480.46494274491 -260.507442289665 70872.9810749772 41.383469692352
331960 571.544819564046 -12788.5903581991 -12217.045538635 -1812.18036583285 -1237.33698332354 -2294.35154944129 -1904.85256473372 -139.65016705137 70814.3894747882 41.3720624669925
331970 577.923824475811 -12794.205040144 -12216.2812156682 2419.3059797156 2635.61604264525 2160.43655958014 2461.86533692141 129.78048574201 70400.6231119438 41.2913264410144
331980 576.451336904646 -12792.1954197003 -12215.7440827956 1690.2161047134 1530.06906343055 1600.74645494223 1939.8327957674 337.368791738932 70473.233889711 41.3055174382535
331990 570.618369424881 -12785.7331346232 -12215.1147651983 -2204.70174898149 -2610.87937607817 -2215.7718427385 -1787.45402812782 379.762303538214 70871.1283649284 41.3831090836636
332000 569.033668721199 -12783.6352035394 -12214.6015348182 -1475.20450885119 -2035.2926185742 -1452.63953469049 -937.681373288885 249.304667019856 70814.8620960886 41.3721545070172
332010 572.611494813618 -12786.5371716801 -12213.9256768665 1992.5763223512 1417.14392838634 2109.92384924013 2450.66118942712 79.5855125120281 70482.6903589712 41.3073648861641
332020 576.652621545485 -12790.0454270148 -12213.3928054693 1132.581983959 744.667110096777 1418.05430941117 1235.02453236906 -65.2779283002415 70556.3145169658 41.3217427030634
332030 577.078226530457 -12789.9151766056 -12212.8369500751 -1733.94621929503 -1872.13906239133 -1346.67511394514 -1983.02448154864 1.39033974491421 70836.245559946 41.3763183737183
332040 574.505929683786 -12787.0314170781 -12212.5254873943 -831.516144723921 -1006.15864694445 -224.945993053658 -1263.44379417363 285.514176010895 70759.3858152995 41.3613480519941
332050 571.42103922452 -12783.6227225716 -12212.2016833471 1560.67489066469 1209.71674518107 2395.26307117472 1077.04485563829 513.673445250247 70538.4606419888 41.3182569982051
332060 568.093664770753 -12780.1327847504 -12212.0391199797 649.808587778118 196.497144106575 1652.37342981207 100.55518941571 462.506611182139 70635.0724919741 41.3371120178458
332070 563.874273055649 -12775.6103895257 -12211.73611647 -1282.80676300028 -1734.50863157755 -211.12256486482 -1902.78909255847 231.411729888469 70842.7878944101 41.3775921537266
332080 561.258454436088 -12772.6547173744 -12211.3962629383 -534.961406782379 -917.931574427128 539.137883327104 -1226.09052924711 31.3610418426052 70782.7496881772 41.365899886007
332090 562.634276850702 -12773.4673742471 -12210.8330973964 1059.6856721782 794.650356822725 2018.66953078079 365.737128931095 -195.528459664017 70630.2596671367 41.336173141491
332100 566.467341731423 -12776.6308933337 -12210.1635516023 258.354195134776 83.6961695852891 1029.66825247493 -338.301836655876 -204.710659646343 70690.669408702 41.3479546638632
332110 571.555729927208 -12780.9113002528 -12209.3555703256 -1119.28839343908 -1264.4093853907 -452.934293521766 -1640.52150140479 -133.384703123817 70788.0436341389 41.3669311324635
332120 578.217771696927 -12786.8564577797 -12208.6386860828 -218.664886676946 -424.15740681036 324.608150499255 -556.445403719733 -140.560181531968 70662.7738050503 41.342515106244
332130 583.338526899783 -12791.3056060485 -12207.9670791488 1099.31518627459 1008.61937945701 1471.43973111512 817.886448251643 -118.742647593497 70512.6835624692 41.3132233671457
332140 583.769187034812 -12791.3952216661 -12207.6260346313 170.059436338868 280.394110671258 316.814779890933 -87.0305815455791 -45.9171526254464 70584.3035882863 41.3272059717218
332150 580.931886979628 -12788.4616920407 -12207.529805061 -760.564250395763 -661.894249187234 -627.21800045117 -992.580501548882 -53.6120805457563 70689.6293263192 41.3477518766567
332160 578.376823268326 -12786.1003462962 -12207.7235230279 -79.0449436146699 -76.77333406077 213.319142407026 -373.680639190268 -218.921019571397 70641.5377074626 41.3383731721797
332170 577.010455321294 -12785.1279490727 -12208.1174937514 705.322441751108 677.034414543671 1283.08181556624 155.85109514341 -415.636148581266 70582.025130116 41.3267612868154
332180 574.504830904029 -12783.2446354639 -12208.7398045599 58.188642172675 219.158093450234 819.609720791195 -864.201887723408 -577.053538666302 70662.8185888281 41.3425238400913
332190 572.267099030477 -12781.7508176262 -12209.4837185957 -758.042209796658 -400.901154301433 152.247722071908 -2025.47319716046 -789.364945057537 70749.551408989 41.359431777832
332200 572.402584015657 -12782.8023241133 -12210.3997400977 -74.7678681458563 406.082915992804 830.236761145282 -1460.62328157564 -960.74684670616 70683.6786081045 41.3465916134653
332210 571.076910847533 -12782.4868530167 -12211.4099421692 755.296343086597 1257.89640221107 1480.00919107352 -472.016564024805 -836.991356331568 70605.8132637352 41.3314035267992
332220 569.583644230909 -12782.1414292277 -12212.5577849968 -83.8391763128112 244.115400217784 506.129262023012 -1001.76219117923 -414.376814753413 70675.3513512821 41.3449678665807
332230 572.869506740899 -12786.6458326914 -12213.7763259505 -873.794487468775 -785.80241947472 -365.801814927725 -1469.77922800388 -52.1149708818854 70725.3278553285 41.3547109621344
332240 579.469116984302 -12794.6751030204 -12215.2059860361 98.5480560082039 -58.6512694706821 573.979156089474 -219.683718594181 50.6097572226334 70600.4501392727 41.3303570073329
332250 582.510940678224 -12799.3596898595 -12216.8487491813 975.401519222446 687.871211913715 1395.9662665842 842.367079169418 -19.8605023718413 70496.7785094942 41.3101168885936
332260 577.760026962147 -12796.6146278319 -12218.8546008698 76.6929219424246 -158.188363038296 473.137386886611 -84.8702580210661 -130.252441176673 70592.7550675772 41.3288553567753
332270 568.954762620051 -12789.8931879332 -12220.9384253132 -859.638000145828 -860.101025112169 -340.721193441606 -1378.0917818837 -180.605806355204 70708.9297745057 41.3515146045721
332280 561.948573328317 -12784.9243810847 -12222.9758077564 -81.5441157581048 104.295481331849 840.068126018978 -1188.99595462515 -227.739755798498 70654.0985712362 41.3408231702876
332290 558.746586021186 -12783.4705538101 -12224.7239677889 736.403834795614 920.843384119331 2061.20810801107 -772.839987743564 -473.255612370119 70577.7284587792 41.3259226827771
332300 558.835999334945 -12785.0140120463 -12226.1780127113 -36.508781654365 14.9007658956822 1365.18547558953 -1489.61258644831 -741.32416680646 70645.6880145041 41.339182722231
332310 562.837987268901 -12790.1449758648 -12227.3069885959 -859.745588873234 -933.02334931442 303.993207067611 -1950.20662437289 -845.866177038925 70705.7111014028 41.3508871542259
332320 568.672303205797 -12796.9549959873 -12228.2826927815 70.8995305862297 -72.9917309598967 770.972139981842 -485.281817263257 -908.03393616806 70594.8243553607 41.3292591775347
332330 571.509554584174 -12800.629000196 -12229.1194456118 981.747613676487 952.111144511832 1253.59275243595 739.53894408168 -865.027418135137 70496.9798100061 41.3101562083089
332340 566.765089011629 -12796.752795181 -12229.9877061694 69.1036934200997 200.294802095139 34.9627564769801 -27.9464783118182 -797.235671390606 70599.3014531257 41.3301328545316
332350 557.469550689264 -12788.1239058951 -12230.6543552058 -971.950929714738 -694.603828685314 -1250.37932861072 -970.869631848189 -723.400773760289 70719.6881122131 41.3536117041403
332360 556.941871417407 -12788.0738491665 -12231.1319777491 -176.129101450276 161.05462427738 -596.348209601646 -93.0937190265671 -810.884524834934 70643.6196916453 41.3387792835431
332370 566.865090495778 -12798.2049722951 -12231.3398817993 733.393984497157 951.203946005393 351.033055680393 897.944951805695 -1134.72885367872 70521.6884326241 41.3149819367064
332380 573.771261396869 -12805.2914475913 -12231.5201861945 166.054356945316 197.254350512326 -44.6409485297966 345.549668853423 -1370.46876688191 70544.9191301135 41.319517990321
332390 572.631384328833 -12804.3918003219 -12231.7604159931 -612.810674416018 -696.719076456944 -623.906081276176 -517.80686551493 -1116.77896471128 70606.9479214885 41.3316249285228
332400 568.602450906797 -12800.6864175282 -12232.0839666214 35.8317307291896 99.1619239135624 83.748046888574 -75.4147786145636 -531.43935626595 70552.052154906 41.3209105933916
332410 563.931904747333 -12796.3024746075 -12232.3705698602 782.652984905907 1269.18523090691 638.177269235628 440.59645457518 39.6151624313203 70505.4121678913 41.3118032203963
332420 560.672896943802 -12793.2655801624 -12232.5926832186 -118.87505531673 827.856018889522 -514.821330700261 -669.659854139464 489.351268826487 70613.9702482448 41.3329951173519
332430 559.276861523301 -12791.8856126495 -12232.6087511262 -781.92053895011 389.469699044538 -1255.81737549947 -1479.4139403954 674.137522354361 70706.3593444853 41.3510135247092
332440 555.545187321803 -12788.0169238785 -12232.4717365567 202.824390439006 1251.81659822278 -153.501640786167 -489.8417861196 639.134407312146 70645.2429088226 41.3390959023827
332450 549.804476389238 -12781.8642328191 -12232.0597564299 692.914990749204 1471.97344145825 481.318728881416 125.452801907949 293.879396267257 70617.7738713883 41.3337372382739
332460 548.560641840599 -12779.8755666191 -12231.3149247785 -397.444469991744 7.6941092656546 -518.770387816984 -681.257131423895 -203.283228153294 70728.3796813858 41.3553057776603
332470 554.873599749978 -12785.0397347281 -12230.1661349781 -913.7600191885 -858.259952676316 -1063.93285545317 -819.087249436022 -564.711063225122 70763.1505820696 41.3620815851519
332480 564.310131828688 -12793.0818834543 -12228.7717516257 322.996486304234 105.760837415484 159.08338479178 704.145236705425 -693.518078974075 70605.8704355413 41.3314146825867
332490 570.94195159641 -12798.1333473417 -12227.1913957453 1097.40500551601 708.228336062338 1049.86881376757 1534.11786671812 -642.619298253615 70502.8661612123 41.3113059470203
332500 572.353087009811 -12798.0951049461 -12225.7420179363 -222.041039038827 -867.835642738079 16.6700420591437 185.042483562452 -653.95597095688 70622.4315958783 41.3346459657188
332510 569.659876409752 -12793.998274785 -12224.3383983752 -1003.19933958895 -1829.44124001941 -568.114277169053 -612.0425015784 -693.282154200931 70714.6059610033 41.3526210778713
332520 565.186614993215 -12788.2580501532 -12223.07143516 383.661805701662 -628.948426401105 888.24673422049 891.687109285603 -690.059255289057 70608.598939363 41.3319470815198
332530 563.842468077773 -12785.6332828914 -12221.7908148136 1041.16791832141 -62.3282330009352 1464.59347271015 1721.23851525502 -601.830058287772 70569.5719467825 41.3243306396149
332540 566.490179995505 -12787.0357359733 -12220.5455559778 -748.044280180959 -1751.61111996958 -463.71267468486 -28.8090458884348 -625.847830042225 70739.0431625787 41.3573840069225
332550 571.841677069769 -12791.1683125383 -12219.3266354686 -1281.77286339597 -1913.3105804406 -1131.66114534306 -800.346864404263 -542.320366138013 70769.4869460379 41.3633161136647
332560 577.993212963607 -12796.3216531587 -12218.3284401951 957.187927905242 834.448221867819 841.37269533299 1195.74286651494 -329.377312684623 70532.9157469154 41.3171743198051
332570 577.496997385596 -12795.0293611256 -12217.53236374 1529.51568251555 1874.53504571304 1100.25216756198 1613.75983427162 -86.9864386496142 70471.1817733801 41.3051165080233
332580 571.436661875655 -12788.5143502846 -12217.0776884089 -1021.44053396612 -368.452181237463 -1627.09036862865 -1068.77905203225 12.5643355955243 70727.6677668512 41.3551670236355
332590 569.623301016598 -12786.2825995774 -12216.6592985608 -1675.09006865454 -889.463806470707 -2177.70212182082 -1958.10427767212 111.056134496048 70799.0175729371 41.3690686625269
332600 572.97910179871 -12789.4082608398 -12216.4291590411 1217.67230527668 2029.39872125015 841.327748943487 782.290445636415 223.282075306464 70527.1630423614 41.3160510052194
332610 572.692310277256 -12788.9275685471 -12216.2352582698 1842.31891992893 2682.34448732561 1432.46481958951 1412.14745287167 295.310629084064 70483.7715323029 41.3075760973269
332620 568.240490886025 -12784.4463255832 -12216.2058346971 -1477.96998616825 -677.630414234298 -1987.81452194943 -1768.46502232103 290.621057027603 70815.4082865208 41.3722608736573
332630 567.510280297265 -12783.6080535541 -12216.0977732568 -1969.61528023465 -1273.69860439198 -2619.94641732689 -2015.20081898509 163.563962232998 70865.3397437601 41.3819823546786
332640 571.605164359496 -12787.685361196 -12216.0801968365 1677.40917144879 2254.29599649551 1013.00795142876 1764.92356642207 131.555134485917 70513.9894157791 41.3134783977479
332650 572.436487025018 -12788.4944001188 -12216.0579130938 2052.20932949477 2584.72517064366 1555.89649609339 2016.00632174726 263.862962224006 70487.7777949847 41.3083587165581
332660 567.156243711125 -12783.3120782687 -12216.1558345576 -1748.71788797618 -1267.45872668911 -2067.84358930215 -1910.85134793729 450.57325369764 70877.6489608102 41.384378214745
332670 562.094423324026 -12778.2162253528 -12216.1218020288 -2043.85327443718 -1793.08165729407 -2261.65248026009 -2076.82568575739 591.482898958958 70920.9920067219 41.3928122769305
332680 563.172616295467 -12779.2409817189 -12216.0683654234 1698.71814909009 1545.47317426169 1450.99901481102 2099.68225819756 661.012198637597 70551.2100082709 41.320746183318
332690 568.702122682172 -12784.5607172916 -12215.8585946095 1820.43160912176 1451.42241958173 1282.5651856381 2727.30722214544 650.963134114275 70518.8143160495 41.3144206640437
332700 571.797387874714 -12787.5132856998 -12215.7158978251 -1645.60065856612 -1943.0348487382 -2498.07918577416 -495.687941185992 515.347765554999 70847.8595482257 41.3785795410658
332710 571.339277830451 -12786.9592597628 -12215.6199819323 -1523.59696532162 -1614.56107487247 -2555.65579762526 -400.574023467134 449.029366919745 70848.1853589831 41.3786429707199
332720 571.908779334305 -12787.4877115095 -12215.5789321752 1665.365872802 1693.67959040651 747.232140103602 2555.1858878959 482.954384437126 70550.0201867191 41.3205138953543
332730 573.280427444249 -12788.9284642327 -12215.6480367885 1222.82002441749 1297.95288069295 720.019440981984 1650.48775157751 508.114990273797 70583.481164962 41.3270454611059
332740 575.678974233389 -12791.4203040965 -12215.7413298631 -1747.95428102715 -1593.59558019195 -1874.25820932391 -1776.00905356558 469.131341292662 70851.4218196169 41.3792730424204
332750 577.362623485298 -12793.447689297 -12216.0850658117 -976.785374587014 -551.49077499994 -1040.55190220732 -1338.31344655378 368.248680173831 70769.0594609034 41.3632328280609
332760 574.153877390784 -12790.591546551 -12216.4376691602 1922.45409709108 2499.94376739743 1686.18397045271 1581.23455342309 273.401676227133 70506.0639735392 41.3119305259125
332770 565.864433040189 -12782.93519263 -12217.0707595898 989.857423708125 1358.97735509932 666.655921125478 943.938994899577 348.619697853761 70632.0609851627 41.3365245440446
332780 556.947368220933 -12774.3681697321 -12217.4208015111 -1874.08726704589 -1928.33244452025 -2101.22165203909 -1592.70770457831 416.89706717252 70940.0128854138 41.3965124380189
332790 555.998622818854 -12773.7051207693 -12217.7064979504 -1046.61654141932 -1342.68960950483 -1142.10850414611 -655.051510607014 229.465845147997 70859.206562412 41.3807884916629
332800 564.964153643576 -12782.6187256029 -12217.6545719594 1531.28061605001 1116.97043542451 1566.5094442119 1910.36196851361 -9.96202697627167 70582.260750987 41.3268072732009
332810 571.98659729715 -12789.5779003888 -12217.5913030917 802.931171656748 356.296007924296 960.529951049645 1091.9675559963 -226.355521319368 70620.4976531847 41.3342686561094
332820 569.379583979211 -12786.8995929238 -12217.5200089446 -1175.19947998448 -1677.43373501394 -765.095740278644 -1083.06896466085 -322.180929713213 70809.1903175425 41.3710499367976
332830 564.533506601345 -12782.0428566215 -12217.5093500201 -547.892423378797 -1242.95020774559 92.2903310692907 -493.017393460103 -252.957192954154 70757.0804797019 41.3608988638877
332840 566.01105701168 -12783.4030483849 -12217.3919913732 874.955958010761 -108.596277421367 1648.91150517626 1084.55264627739 -9.78248627153427 70611.3846273776 41.3324906243612
332850 571.044404906829 -12788.2947186586 -12217.2503137517 254.73755033203 -884.857384904485 1139.38800866567 509.682027234899 324.868676915142 70646.2168652552 41.3392858764545
332860 573.750833667597 -12790.869536308 -12217.1187026404 -726.24568569715 -1656.23788916679 191.847266719824 -714.346434644481 546.736378330102 70717.019394324 41.353091516554
332870 572.535221948337 -12789.6381307178 -12217.1029087695 -23.7639897609964 -575.15829222327 848.713401949477 -344.847079009208 620.344470070959 70648.5924884756 41.339749243879
332880 567.934724254736 -12785.0660139935 -12217.1312897388 648.628372844926 313.742384191898 1454.64894757404 177.493786768847 538.99596207977 70595.8411173911 41.3294575953844
332890 564.815592151815 -12781.9983762223 -12217.1827840705 14.2461917246536 -329.500920017306 747.366127009054 -375.126631817786 338.742371498645 70669.6740500795 41.3438607662184
332900 565.721600602831 -12782.8658659512 -12217.1442653483 -584.810413886053 -1048.55231244976 71.1587013297394 -777.037630538138 46.0001549105217 70728.2175782097 41.3552741834046
332910 567.78708651121 -12784.8480618165 -12217.0609753052 -95.9759169986583 -615.600617339025 522.183490866054 -194.51062452301 -207.761761252554 70666.1328429455 41.3431701841917
332920 569.432970227098 -12786.3458087199 -12216.9128384928 536.882287853059 -66.7798988465155 1016.06588561576 661.360876789934 -325.474619258904 70598.4397418542 41.3299646999583
332930 571.361451941597 -12788.1351214265 -12216.7736694849 41.229691427034 -512.845114707391 303.94228770989 332.591901278612 -231.16777785236 70639.1861255493 41.3379144635477
332940 572.25086595599 -12788.8964111132 -12216.6455451572 -451.162362960486 -837.403998584378 -333.078813713306 -183.004276583784 202.217185561017 70685.7668013718 41.3469987740513
332950 573.183601971487 -12789.7643256055 -12216.580723634 -171.473902931442 -325.085657581589 -11.1365790893237 -178.19947212341 587.225008045749 70638.8137669927 41.3378418289188
332960 578.495616573596 -12795.1031918613 -12216.6075752877 335.354638417952 275.61793883135 752.780483579493 -22.3345071569877 776.628681040576 70558.2894770408 41.3221282486671
332970 582.141015811685 -12799.0009115689 -12216.8598957572 314.048605725057 276.15388269482 941.112720010522 -275.120785530175 714.081093417225 70550.467292969 41.3206011838763
332980 577.530399947185 -12794.9749087969 -12217.4445088498 -35.9760966611798 -84.9154637692257 547.757909403074 -570.770735617392 478.035745647366 70613.650554116 41.3329327409517
332990 568.674508043077 -12786.9767582101 -12218.302250167 -137.084984456984 -198.131898086829 177.235680247161 -390.35873553128 210.088266203207 70673.4123396473 41.3445897568844
333000 561.659532231949 -12780.9489012595 -12219.2893690276 -5.2256746873319 75.9728162897288 -7.48064352819861 -84.1691968235194 -27.7726959268933 70704.2860542812 41.3506093484793
333010 558.202561525083 -12778.4604593542 -12220.2578978291 -33.8978856238799 390.323716120101 -412.531951833481 -79.4854211582706 -54.6138128584351 70730.1172095177 41.3556444225772
333020 557.462072038656 -12778.5760433151 -12221.1139712764 -222.274327793693 467.667434103284 -714.446061249531 -420.04435623483 214.650382942334 70745.434153663 41.3586294611116
333030 560.663338637767 -12782.4982318999 -12221.8348932621 -193.530359923495 452.529851665191 -421.782255022061 -611.338676413615 513.444020830192 70709.6904259347 41.3516628837027
333040 567.588186047753 -12790.0538519823 -12222.4656659345 249.964296857345 690.785829806993 374.978359729206 -315.871298964156 648.716629273714 70634.7253221357 41.3370442940673
333050 569.569703154946 -12792.6814200503 -12223.1117168954 329.612773456837 493.837109602656 685.633779652338 -190.632568884483 424.489032019719 70610.70551961 41.3323581183186
333060 563.989481118451 -12787.7927589182 -12223.8032777998 -52.2661400888491 -137.164613332134 485.87649829145 -505.51030522586 -14.5792668189573 70659.0627344403 41.3417913509085
333070 561.448314022208 -12785.8920242369 -12224.4437102147 -433.48007138967 -711.869177547448 275.937997988824 -864.5090346104 -582.300976687506 70697.1811321775 41.3492242240586
333080 565.645450304583 -12790.6563753952 -12225.0109250906 -129.646199127578 -534.654942138959 607.545868110897 -461.829523354694 -1085.52742781115 70644.1947371679 41.3388914503863
333090 570.909486010324 -12796.449019612 -12225.5395336017 383.532799998718 -72.3395040513552 1096.99799849882 125.939905548674 -1319.26919120056 70557.7451156105 41.3220219808289
333100 570.799447939712 -12796.9405224744 -12226.1410745346 326.57408196923 -68.6316358237034 1112.96777735753 -64.613895626142 -1130.84518646402 70548.0533202547 41.3201298997715
333110 565.428266642186 -12792.2391952846 -12226.8109286424 -197.220380860725 -492.0151523507 707.244944060077 -806.890934291547 -643.217000086798 70612.1323880021 41.3326365248184
333120 561.931181396855 -12789.3763542498 -12227.4451728529 -410.193425332742 -399.328392069984 465.051020247497 -1296.30290417574 -109.387562683823 70640.9929301599 41.3382669067252
333130 564.895760978843 -12792.9050753513 -12228.0093143724 60.3809242534536 436.891059738334 680.027282592085 -935.775569570061 130.040935650822 70582.1815305956 41.3267918116811
333140 570.198455104887 -12798.7211527014 -12228.5226975965 332.358110277131 870.967593878389 577.468423374654 -451.36168642165 -2.47294487917956 70524.3657113555 41.3155047561168
333150 573.373930977347 -12802.4803517671 -12229.1064207897 37.2150801660908 452.478540907814 90.9419383178964 -431.775238727437 -499.283239957677 70532.8716282064 41.3171657051002
333160 573.186004117258 -12803.0010232389 -12229.8150191216 -284.344189959726 -63.8861901652743 -179.380491906741 -609.765887807188 -944.890266811891 70553.0875670683 41.3211127323929
333170 571.554895500612 -12802.2166220932 -12230.6617265926 131.751608351793 427.367740307982 321.717313967344 -353.830229219949 -1148.38127536469 70519.3347738786 41.3145223029278
333180 569.648030299967 -12801.264404544 -12231.616374244 442.423828928864 946.665055920802 697.341594154672 -316.735163288885 -972.291613625822 70511.6684684499 41.3130251190903
333190 566.411299893396 -12799.0555537818 -12232.6442538884 -226.08419549802 373.37925751203 72.7839445866204 -1124.41578859272 -443.99895883997 70596.9363468662 41.3296713237728
333200 562.968350533625 -12796.6219199524 -12233.6535694188 -538.091852587331 34.6275543623686 -172.718606099762 -1476.1845060246 33.4181165496834 70646.9338879897 41.3394257334718
333210 562.065266923419 -12796.6841751833 -12234.6189082599 137.488411062843 655.679408220184 621.123696294859 -864.337871326518 348.48541527636 70585.6467612488 41.3274681132592
333220 564.885380112867 -12800.3807178527 -12235.4953377398 472.509990647329 877.468133308376 1136.01071868933 -595.948880055731 528.419955719517 70541.6615561173 41.3188819725851
333230 566.717646275455 -12803.0727140682 -12236.3550677928 -169.411557350274 46.1730081702574 749.564816540142 -1303.97249676123 552.197365750356 70590.8515347356 41.3284838760639
333240 562.417342794136 -12799.6095649969 -12237.1922222027 -264.363459393607 -206.061980905027 806.378772010674 -1393.40716928646 258.66519092278 70618.5474934914 41.3338881756098
333250 553.873627385237 -12791.8028929337 -12237.9292655485 207.503883642329 91.6622885805021 1186.80752192251 -655.958159576022 -86.9489095139856 70593.4965314353 41.3290000540851
333260 551.054423620833 -12789.4722812698 -12238.4178576489 25.9989256713969 -419.861762982576 851.897350161161 -354.03881016438 -287.837632284744 70602.7362266037 41.3308031035714
333270 559.082113764141 -12797.6988796648 -12238.6167659007 -458.860493470055 -1194.68798038386 340.188277068835 -522.081777095143 -172.846784088954 70612.5702852853 41.3327219653379
333280 567.653496335711 -12806.3006066779 -12238.6471103422 113.545515798313 -651.79600762029 938.977540160324 53.4550148549098 55.8528961603059 70531.8013659351 41.3169567225069
333290 566.811330401969 -12805.4166218372 -12238.6052914352 831.007890281822 44.686539489224 1710.5729349392 737.764196417045 280.286600952556 70475.6663399236 41.305992665765
333300 559.495065648154 -12798.0523971351 -12238.5573314869 -28.5342600592841 -800.814735917644 779.962773356427 -64.7508176166453 297.466058030185 70589.4567592344 41.3282116767859
333310 554.302315732087 -12792.5550212652 -12238.2527055331 -1002.06998930836 -1751.21460173867 -325.678327153913 -929.317039032496 87.5914711989055 70704.2752162476 41.350607235645
333320 557.010180591573 -12794.7197727827 -12237.7095921912 -46.3995184231194 -771.803566858995 445.673726121532 186.931285468116 -166.786449947254 70619.0701899772 41.3339901555454
333330 562.313629452218 -12799.1124418188 -12236.7988123666 1000.58371348961 347.157889014802 1333.58008469464 1321.01316675939 -263.984038678659 70516.2590665174 41.3139216486144
333340 562.07832426267 -12797.7638379248 -12235.6855136621 37.8198612350858 -379.691523113384 208.29705732002 284.85404949862 -67.5241483123369 70612.3288215543 41.3326748520804
333350 558.485627221798 -12792.7187995652 -12234.2331723434 -1037.14627919541 -1115.57243458613 -1009.50627261086 -986.36013038924 324.948314301119 70725.2678348654 41.3546992636868
333360 556.939471851958 -12789.4418601053 -12232.5023882533 -52.4094394440862 47.9288009595581 -45.9357206115709 -159.221398680243 623.554906924691 70631.1426770604 41.336345400516
333370 560.202974206672 -12790.527725596 -12230.3247513893 995.878073992229 1004.48222102193 1068.68177538358 914.47022557118 629.754132524452 70515.6467403677 41.3138020654708
333380 568.617712398935 -12796.5440031854 -12227.9262907865 -86.8040297713425 -332.447331302565 67.3674319987419 4.66780998980176 274.545767231046 70593.9197907679 41.3290826530538
333390 575.155971179144 -12800.5975216631 -12225.441550484 -1035.97895430456 -1434.89844154317 -715.771044422499 -957.267376948004 -164.71894560605 70661.6111059245 41.3422883523856
333400 576.666875205741 -12799.87996129 -12223.2130860843 314.987130030922 -135.716695793582 998.164012112469 82.5140737738886 -430.76610997493 70524.2356797025 41.3154793638209
333410 577.960894567845 -12799.206588105 -12221.2456935372 1259.52825940914 655.419770174958 2476.6631221 646.501885952457 -445.623365434499 70443.6927624796 41.2997451186774
333420 579.709003523054 -12799.4486727584 -12219.7396692353 -371.188909545026 -948.810987351817 1230.66948561252 -1395.42522689578 -456.966784734909 70616.1309717555 41.3334166971191
333430 577.351281408729 -12795.8543243188 -12218.5030429101 -1176.65356932912 -1487.26383632978 365.221003204414 -2407.91787486202 -506.893000581702 70733.562532466 41.356315900975
333440 570.450424847072 -12788.0987976984 -12217.6483728513 446.070323923809 548.615468001625 1476.26689292697 -686.671389157164 -596.782415629121 70615.6522534498 41.3333232949099
333450 566.703747216534 -12783.6117252531 -12216.9079780366 1121.92988618059 1650.44612066256 1428.24896609653 287.094571782683 -559.932293659328 70576.5848217768 41.3256994673679
333460 568.518666816053 -12784.7846470435 -12216.2659802274 -818.414448907456 27.0339588500285 -1003.78296798717 -1478.49433758523 -378.770733808397 70760.6395552803 41.3615923355797
333470 570.637972283876 -12786.2899090782 -12215.6519367943 -1231.64304151131 -449.586844612115 -1393.26867548709 -1852.07360443471 -286.035214641797 70791.5548762592 41.3676150846397
333480 568.523932361803 -12783.6726596474 -12215.1487272856 1199.45382508522 1621.52478452007 1535.07399607456 441.762694661029 -333.472009547359 70574.5702060171 41.3253062482012
333490 563.730191767581 -12778.4221908816 -12214.691999114 1285.88884606596 1274.77753796937 2226.20192067952 356.687079549018 -341.474740395105 70585.5836281359 41.327455791904
333500 564.346682999714 -12778.514141293 -12214.1674582933 -1527.14239153054 -1971.65882367496 -262.174769867731 -2347.59358104893 -294.541119081691 70862.012305367 41.3813346560408
333510 570.794986753196 -12784.4471444076 -12213.6521576544 -1366.5721987026 -2387.62785032981 -46.6381298967365 -1665.45061588124 -223.328906771881 70844.4620734304 41.3779181005781
333520 573.799024882 -12786.9498912318 -12213.1508663498 1746.69799069116 385.313685135007 2878.66455156079 1976.11573537768 -179.762169015066 70541.845960153 41.3189179766607
333530 570.6162781805 -12783.4596964992 -12212.8434183187 1473.04893616863 279.169394237 2350.69595839825 1789.28145587063 -186.405717656366 70579.2083790795 41.326211530481
333540 564.916801162319 -12777.4173627768 -12212.5005616145 -1933.02798629423 -2766.08868682893 -1193.861427682 -1839.13384437177 -266.867155971348 70922.2841358271 41.3930636577566
333550 563.572881567107 -12775.7734960387 -12212.2006144716 -1538.70302307228 -2156.14288082515 -873.094172201331 -1586.87201619034 -335.844835546667 70885.1874008097 41.3858453561121
333560 568.803356889941 -12780.5457518394 -12211.7423949495 1989.0307372167 1408.01330167306 2580.78873439109 1978.29017558598 -265.12232747336 70530.2883085567 41.3166612748174
333570 573.582712022058 -12784.9670291465 -12211.3843171245 1482.62295438327 962.739756078817 2161.77409346945 1323.35501360154 83.9623726078797 70565.2731783333 41.3234915275584
333580 571.630084723249 -12782.658804755 -12211.0287200318 -1958.25870248753 -2262.05563091013 -1037.21823380876 -2575.50224274369 381.939038535221 70902.9169440043 41.389295493787
333590 566.713209460942 -12777.5458499479 -12210.832640487 -1284.56469887223 -1379.79610646599 -14.0917421656485 -2459.80624798504 450.116120206528 70854.3966721469 41.3798521675301
333600 563.884152996386 -12774.3825482191 -12210.4983952228 2049.06052515757 2040.14546010855 3521.82021564378 585.215899720386 447.028615544069 70548.910050137 41.3202971618719
333610 562.622844223422 -12772.8673513236 -12210.2445071001 1085.34453652805 1046.14918816255 2586.74424635136 -376.859824929762 550.158926412008 70648.8543035718 41.3398003105111
333620 566.328095483 -12775.9931423578 -12209.6650468748 -2316.56936366307 -2500.09347390522 -917.452864225794 -3532.16175285821 608.296288544545 70957.2380419348 41.3998627038347
333630 576.039128834544 -12785.3788655939 -12209.3397367594 -1107.07377233536 -1503.18604713785 -11.4850987207997 -1806.55017114741 569.188543681909 70796.9669680094 41.3686692575729
333640 582.328142282844 -12791.1396279642 -12208.8114856814 2426.59510521426 1892.46582276714 3128.26128033598 2259.05821253964 586.876023522481 70429.0531926462 41.2968839569601
333650 577.032919313941 -12785.8600860715 -12208.8271667576 1328.04627402367 772.771943243374 1896.25588201183 1315.11099681581 625.86629125048 70557.8881593223 41.3220499052445
333660 566.154583585427 -12774.8985310878 -12208.7439475024 -2165.11658309351 -2805.8134703219 -1540.71668150156 -2148.81959745706 522.972282334723 70933.7033119393 41.3952851002052
333670 562.915430129279 -12771.727222169 -12208.8117920397 -1327.98111580639 -2195.32338693449 -566.431723530399 -1222.1882369543 243.068825430575 70856.3072602203 41.380224099949
333680 570.424131153452 -12779.0889843226 -12208.6648531692 1694.46655815227 624.431028763093 2559.96896565135 1898.99968004237 91.1278194154186 70539.7360573182 41.3185060236789
333690 579.615817847988 -12788.2286690436 -12208.6128511956 965.835932843493 -101.854828635166 1846.61541561436 1152.7472115513 205.534065688915 70580.7742246395 41.3265171444986
333700 582.118775087234 -12790.836270227 -12208.7174951398 -1307.2308023709 -2243.61380758468 -415.152076552476 -1262.92652297553 444.899548538293 70784.8922880933 41.3663172649105
333710 577.979465257325 -12787.1730371392 -12209.1935718818 -503.159079328115 -1309.53604864686 424.98008458831 -624.921273925794 556.448171467192 70717.9695054579 41.3532767141065
333720 569.166087526556 -12779.0553405848 -12209.8892530583 1196.31688762232 555.48449324215 2024.26124399297 1009.20492563183 367.999217707391 70587.0190002908 41.3277359240695
333730 564.835196495683 -12775.6811213205 -12210.8459248249 217.621022763036 -262.786604474478 761.069510561714 154.580162201889 49.3480552834078 70692.5339004195 41.3483181830371
333740 571.010117262582 -12782.9153749915 -12211.9052577289 -1108.35042931012 -1531.25134716022 -843.417788279713 -950.382152490421 -253.130894473537 70806.3854971205 41.3705036805024
333750 576.43647370397 -12789.811592532 -12213.375118828 -219.420827477922 -648.393699467715 32.050994767806 -41.9197777338658 -476.9293307736 70694.5604109876 41.3487132837098
333760 572.297851238966 -12787.5306824064 -12215.2328311674 1035.56640278666 368.214032670376 1641.24918692814 1097.23598876148 -532.223518499162 70566.5535883894 41.3237414649176
333770 565.540284898509 -12783.1016020556 -12217.5613171571 231.407345801651 -603.442517988648 1194.71595406042 102.948601333181 -456.799607376955 70651.9406855095 41.3404022950552
333780 565.488587316627 -12785.5502843362 -12220.0616970196 -1003.48999642414 -1869.30471957341 63.6561001534846 -1204.82136985251 -381.590005598565 70769.102591384 41.3632412310539
333790 568.878790791398 -12791.6211966051 -12222.7424058137 -162.971110342491 -968.126084385081 806.772698067324 -327.559944709716 -223.057389177514 70684.5776879289 41.3467669190401
333800 565.592042089169 -12790.9531269826 -12225.3610848935 1038.19380533404 406.689607557909 1864.81750370939 843.074304734809 -94.0168238022132 70576.8623734835 41.3257536402139
333810 558.310626214205 -12786.1373479063 -12227.8267216921 103.422153107108 -148.627295095282 727.456368221592 -268.562613804983 56.6763780232237 70676.9074344925 41.3452712997529
333820 556.467898584365 -12786.2817583637 -12229.8138597793 -1259.62547886282 -1078.00071329538 -950.463934835188 -1750.41178845789 143.90115766145 70787.1258810344 41.3667523603075
333830 561.911093651152 -12793.4062814687 -12231.4951878176 -223.448242312055 376.940032632843 -257.840950842044 -789.443808726955 46.9383109698462 70641.4391289184 41.3383539432733
333840 566.595199824627 -12799.3410884132 -12232.7458885885 1347.01952835547 2267.4190329458 1009.69192904309 763.947623077516 -94.0880422623352 70459.6560692922 41.3028645401755
333850 565.410997073681 -12799.3183983325 -12233.9074012589 270.218208124053 1270.6226245229 -167.939522258243 -292.028477892498 -138.045495104495 70549.0108459241 41.320316840465
333860 564.857355840752 -12799.6623198236 -12234.8049639828 -1268.96069411613 -307.917991035267 -1569.90958215092 -1929.0545091622 -174.972371151829 70693.1382903433 41.3484360193171
333870 569.185057395474 -12804.844907938 -12235.6598505426 -263.393122561968 696.058816981655 -386.370375035056 -1099.8678096325 -311.337689718899 70582.7844893646 41.3269094914317
333880 571.380162928971 -12807.7313897469 -12236.351226818 1344.91386037062 2302.87810164871 1271.33758650953 460.525892953616 -293.033078267086 70422.9898998435 41.2956988291667
333890 566.737838518708 -12803.8721993775 -12237.1343608588 325.038629126402 1192.41319156781 267.378195139561 -484.675499328151 2.28682644376835 70532.8719657003 41.3171657709999
333900 559.040513967778 -12796.7465145371 -12237.7060005693 -1312.46156233568 -680.898648325076 -1435.86806464869 -1820.61797403328 309.938076979503 70708.5505970111 41.3514406884403
333910 554.265727407833 -12792.4184121257 -12238.1526847179 -214.841473919831 139.266896889409 -413.837532202546 -369.953786446355 202.177189236462 70625.0630763121 41.3351593529372
333920 554.375610734844 -12792.6136632168 -12238.2380524819 1129.14548766532 1437.96165462106 922.847557413952 1026.62725096097 -133.731817119975 70493.3126843151 41.3094399026253
333930 557.481610276321 -12795.6028183061 -12238.1212080298 -32.7151685743776 235.523471205478 -58.9734039778256 -274.695572950777 -375.530792437981 70580.7934175112 41.3265208904407
333940 560.541834255096 -12798.2740540621 -12237.732219807 -1098.34517028421 -916.438867977559 -881.166734911994 -1497.4299079631 -201.101490573691 70665.8174189638 41.3431086712423
333950 562.222983404568 -12799.4748869175 -12237.2519035129 182.389605610596 130.326561519829 587.0546038504 -170.212348538432 234.625206031299 70534.0419132714 41.3173942160219
333960 562.142471829786 -12798.7050727325 -12236.5626009027 1205.76381057931 782.841356810093 1609.52020108141 1224.92987384643 548.463246717046 70435.6706594847 41.2981773256722
333970 561.029607671676 -12796.8610769876 -12235.831469316 -187.793942735706 -833.371704971042 202.418461272351 67.5714154915762 529.926279698368 70578.8439525546 41.3261404028599
333980 561.265161059369 -12796.1178317476 -12234.8526706882 -1238.06332417591 -1809.77451994797 -674.753624275007 -1229.66182830475 292.843107816008 70692.5415128571 41.3483196672178
333990 564.075735758414 -12797.8963946009 -12233.8206588425 196.580316579377 -168.527941821181 897.341423708693 -139.072532149384 7.27427448082119 70557.294212152 41.3219339570299
334000 566.07859961339 -12798.6701805609 -12232.5915809475 1288.0969083439 1171.77514844318 1912.0296902336 780.485886354922 -199.560706611495 70452.3587066636 41.3014386065148
