# Fix print output for fix setl_out
180000 303.767568887889 -13123.5453327471 -12819.7777638592 1204.8597469614 1307.96789644989 919.364833193398 1387.24651124092 60.3632550302619 68075.5483677784 40.8316612276928
180010 304.058800347596 -13123.7964096801 -12819.7376093325 -750.384443868345 -647.404036154635 -952.211858896713 -651.537436553684 10.6644786562286 68236.2709712791 40.8637697365293
180020 305.400475742913 -13124.9726440601 -12819.5721683172 -280.292812232348 -304.80320374021 -229.479287299336 -306.595945657494 110.344720331286 68191.6608871465 40.8548627745962
180030 307.347918551001 -13126.6093038887 -12819.2613853377 1094.06538857389 957.311971972079 1422.02590292202 902.858290827568 360.671628128514 68069.6693154853 40.8304857768493
180040 308.020972298019 -13126.9400494912 -12818.9190771932 -1001.88523514048 -1067.83982484405 -589.236967344528 -1348.57891323288 655.33943162297 68249.7926618107 40.866468744681
180050 307.001036196062 -13125.5354219464 -12818.5343857504 205.869541792879 350.267115938226 506.944788937835 -239.603279497425 792.999853579829 68159.1546008921 40.8483700406168
180060 304.243974764743 -13122.2836563386 -12818.0396815739 772.182110139045 1109.74080314817 861.800935370737 345.00459189823 765.600010733642 68125.2566858338 40.8415971466044
180070 303.262643500797 -13120.6580389346 -12817.3953954339 -1250.3746811441 -895.952762016821 -1362.15791814573 -1493.01336326973 551.834904079824 68300.5981034671 40.8766066217275
180080 306.596010621645 -13123.2451052878 -12816.6490946661 690.433561853801 844.434652260455 455.30709229903 771.558941001915 198.728231467219 68128.1057773833 40.8421664891794
180090 309.406277079618 -13125.1675086085 -12815.7612315289 440.010901248785 305.120490299794 192.831798364063 822.080415082501 -116.582055281355 68144.0229961002 40.8453469830812
180100 309.460010843773 -13124.2442626274 -12814.7842517836 -1222.07179404522 -1570.40088110524 -1430.92965523649 -664.884845793904 -220.828380292242 68285.5734360439 40.8736090761898
180110 308.811502066286 -13122.6393602409 -12813.8278581746 1125.38993987242 774.687975340406 954.908364565244 1646.5734797116 -134.526835086205 68091.4068852118 40.8348316236806
180120 306.706397484652 -13119.5945517629 -12812.8881542783 -84.6231382335992 -256.8190090504 -182.295664477091 185.2452588267 -13.7112873411017 68205.9092308524 40.85770805695
180130 305.734571422807 -13117.5764066093 -12811.8418351865 -1093.44583222193 -1041.56280161271 -1198.54889304511 -1040.22580200797 0.582223973782814 68302.8126090802 40.8770483967584
180140 308.449425573642 -13119.2423665466 -12810.7929409729 1390.04944783211 1634.44794324638 1186.0163978403 1349.68400240964 -105.983122406281 68091.7744499243 40.834905100481
180150 311.151028927089 -13121.0008152674 -12809.8497863403 -661.800950169472 -388.205162866318 -888.715320942885 -708.482366699213 -181.240819468455 68255.8634249718 40.8676803883987
180160 312.27212663165 -13121.2699160191 -12808.9977893874 -589.844454613333 -477.883586628792 -696.858532882105 -594.791244329094 -107.462460760225 68249.7447059675 40.8664591730455
180170 312.485002956399 -13120.7329304835 -12808.2479275271 1523.08263833913 1472.45981393413 1570.40889445016 1526.3792066331 80.8844917205985 68073.1372628236 40.8311791623728
180180 312.966955103267 -13120.684671772 -12807.7177166687 -1373.32830720449 -1523.85583701925 -1203.72752789234 -1392.40155670188 153.885054732874 68314.1066049628 40.8793013043389
180190 315.051409067468 -13122.4304391458 -12807.3790300783 81.2346520004765 -203.342369800353 358.052286668903 88.9940391328795 15.9893036872663 68185.3968363772 40.8536117674213
180200 315.100421050294 -13122.1814324795 -12807.0810114292 1546.55647951561 1095.74956823125 1817.92553502309 1725.99433529249 -154.600052838217 68065.200242835 40.8295921904073
180210 311.926703858659 -13118.838358592 -12806.9116547334 -2076.94695423722 -2532.78544964729 -1948.85624533045 -1749.19916773394 -81.9444940032227 68386.404927559 40.8937173746906
180220 309.615082462399 -13116.5435717912 -12806.9284893288 996.54350343801 627.033851904293 993.895375869349 1368.70128254039 91.6474797307168 68144.4865459842 40.8454395997289
180230 308.114118140454 -13115.000341686 -12806.8862235455 1054.483343871 806.679228941336 971.614944286746 1385.15585838493 152.661369718576 68155.1811960211 40.8475762599061
180240 307.425439438587 -13114.069858183 -12806.6444187444 -2638.1393212226 -2836.72874278755 -2710.27917911793 -2367.4100417623 18.9494333914953 68473.6734927538 40.9111049392061
180250 307.844876744226 -13114.4214852217 -12806.5766084775 2244.25780334145 2006.09179879692 2222.35847440728 2504.32313682017 -184.280625829417 68061.1857000838 40.8287894533971
180260 306.256778733759 -13112.8073760689 -12806.5505973351 40.8471178890308 -222.379894589122 80.8133397745037 264.10790848171 -298.88401014756 68247.374709937 40.8659861335855
180270 307.594334980189 -13113.7836217515 -12806.1892867713 -2552.65619889394 -2818.40826725898 -2403.20416605664 -2436.3561633662 -385.086406245879 68455.4277850876 40.9074708497164
180280 312.686794023168 -13118.5650447853 -12805.8782507621 3074.2695906805 2760.44225909686 3339.71971461114 3122.6467983335 -462.990911441394 67957.7051237514 40.8080868573381
180290 314.243424306133 -13120.1439887649 -12805.9005644587 -1071.40477612608 -1417.8245455237 -791.16846597337 -1005.22131688118 -465.366827847067 68297.7823440288 40.8760448878832
180300 314.218738865612 -13119.9883484685 -12805.7696096029 -1527.41317551312 -1859.17768875798 -1315.18156802286 -1407.88026975853 -370.669675072003 68342.3729612581 40.8849387420416
180310 313.365205343501 -13118.993149875 -12805.6279445315 2771.75935679578 2480.53977077894 2886.07696570481 2948.66133390359 -268.551296690774 67986.6090454466 40.8138715659297
180320 310.017975453011 -13115.816656546 -12805.798681093 -1792.70245089125 -2048.40618315617 -1813.85306960046 -1515.84809991712 -260.203375797882 68379.2563454578 40.8922924214755
180330 307.754497999477 -13113.6759999252 -12805.9215019258 -315.265526884878 -520.231511575122 -464.988596288932 39.4235272094228 -299.944414445625 68260.8854714575 40.8686826678951
180340 307.498234014784 -13113.3422291408 -12805.843995126 1809.89370485754 1679.67591572918 1545.64264311332 2204.3625557301 -388.833411928609 68085.4891756103 40.83364862724
180350 310.174030710224 -13115.9781943762 -12805.804163666 -1832.20572041022 -2003.50129888234 -2129.87409209509 -1363.24177025323 -429.652071506399 68384.4825308534 40.8933341860325
180360 315.072752226485 -13120.9390174773 -12805.8662652508 497.118592107959 183.236952672642 266.899647338316 1041.21917631291 -382.136463830491 68167.4587471044 40.8500288887661
180370 315.674389715276 -13121.568506953 -12805.8941172377 1011.45407022167 597.582285578866 913.347751612068 1523.43217347408 -295.048842024525 68118.4776908238 40.8402424157226
180380 313.234227566369 -13119.2554466328 -12806.0212190664 -1456.30876021643 -1753.90966678532 -1508.84411196357 -1106.1725019004 -211.195198784464 68335.8749689946 40.8836429210911
180390 313.885334435198 -13120.1861841905 -12806.3008497553 752.739806048096 683.440443122671 647.045839705866 927.73313531575 -191.057048794907 68146.0251699211 40.845747011726
180400 315.197076414706 -13121.8367341481 -12806.6396577334 349.480118436035 478.51696207692 241.753788478099 328.169604753092 -150.131436809293 68173.0954652252 40.8511548108992
180410 314.415508427993 -13121.4782711919 -12807.0627627639 -1020.09061563327 -803.704695300111 -1070.29128120972 -1186.27587038998 -132.617298323872 68290.4957143817 40.8745911598931
180420 312.470449767138 -13120.0984820661 -12807.628032299 953.043978507791 1165.13528883033 917.84292544303 776.153721250021 -187.206097450325 68131.8867886273 40.8429220355738
180430 309.548181340092 -13117.8451530335 -12808.2969716934 -164.944049372623 24.243296492863 -353.906848078301 -165.168596532424 -221.459480871445 68237.782947072 40.8640715534049
180440 307.674306875747 -13116.6233277373 -12808.9490208616 -737.309202737883 -609.222140695665 -1150.21782876155 -452.487638756438 -169.461062788974 68291.5223921496 40.8747959947596
180450 307.897700669676 -13117.5005196424 -12809.6028189728 959.146309251565 994.739855928279 438.955069009497 1443.74400281692 -65.8423875298347 68140.3956035571 40.8446222203919
180460 308.296992730913 -13118.5817184901 -12810.2847257592 -479.121657764042 -528.469976888688 -922.154825563746 13.259829160317 58.6326156470566 68251.6246232661 40.8668343874315
180470 308.037087000855 -13119.0004112365 -12810.9633242357 -312.430928631393 -477.567625818975 -573.796090549783 114.070930474575 176.848848998252 68231.3302972733 40.8627834602914
180480 306.654237384744 -13118.2711767617 -12811.616939377 904.993113658753 591.694919454018 836.813639825109 1286.47078169713 142.221367431755 68129.7338270992 40.8424918201479
180490 304.392395212516 -13116.6570975888 -12812.2647023763 -793.013170690483 -1184.31125555359 -738.76059229081 -455.967664227045 -4.85963268237746 68275.5989245639 40.8716188357199
180500 304.084421744363 -13116.9400960385 -12812.8556742941 49.6646746925206 -270.629566704671 136.420472447867 283.203118334365 -99.7362359829754 68202.3088718253 40.8569891309405
180510 306.471658513839 -13119.8175323635 -12813.3458738496 670.421305364209 554.004117092819 693.279630011979 763.980168987835 -43.5786354289452 68139.5762890894 40.8444585156186
180520 309.100511889599 -13122.9212454682 -12813.8207335786 -886.09396295918 -782.031758271821 -1020.40575332173 -855.84437728399 45.5174365561657 68260.7133848643 40.8686483243701
180530 310.289164037261 -13124.6367886302 -12814.3476245929 458.789298746514 607.553921068081 245.033774404093 523.78020076736 88.6216622958435 68140.2900516538 40.8446011304554
180540 309.955549409126 -13124.8754041902 -12814.9198547811 342.613338162808 323.376029712381 257.464864823037 446.999119953001 127.319543918608 68145.8555015623 40.8457131127735
180550 309.567885413298 -13125.1160028935 -12815.5481174802 -914.976120814459 -1156.31641210598 -748.264391371885 -840.347558965523 167.783782636952 68245.4340281908 40.8655987749733
180560 309.810981143372 -13126.090266524 -12816.2792853806 816.310810767714 461.74239979967 1098.80954004617 888.380492457305 186.957417421846 68094.2699081615 40.8354039397622
180570 309.722356438428 -13126.847074128 -12817.1247176896 -43.3865892405621 -325.51866644438 98.1468083626408 97.212090360046 117.494548091612 68166.534914476 40.8498443492965
180580 308.670640273002 -13126.715313023 -12818.0446727499 -760.974180590842 -871.900513992802 -874.282882407972 -536.739145371753 -17.6856897169322 68231.6172803147 40.862840750246
180590 306.660766731287 -13125.7214055168 -12819.0606387856 996.631438561746 941.082672847123 690.430535496067 1358.38110734205 -101.506207855025 68086.3225250752 40.8338152244636
180600 304.231279189738 -13124.3808063732 -12820.1495271834 -503.749684970114 -585.875317869734 -967.479173793474 42.1054367528673 18.2026794994512 68210.3766201864 40.8586000779215
180610 302.852116172808 -13124.0538623329 -12821.2017461601 -396.355089980409 -494.064067808093 -944.529146400057 249.527944266922 261.19420218085 68201.0166244144 40.8567310865392
180620 301.539876277409 -13123.6916141414 -12822.151737864 1072.3945731065 1039.65157038519 563.756604280756 1613.77554465355 355.934755265013 68080.0373694359 40.8325587078727
180630 300.163495113887 -13123.1763996182 -12823.0129045043 -941.753645076206 -950.975921967878 -1329.92681708837 -544.35819617237 265.390713415538 68254.5544711324 40.8674191446685
180640 301.018433762629 -13124.7540056634 -12823.7355719007 -17.6244091435687 -115.94772039684 -283.153521317699 346.228014283832 174.467924659358 68171.3889919236 40.8508139531351
180650 303.776633468056 -13128.0325980299 -12824.2559645618 982.234741806048 796.436716365087 760.799818254436 1389.46769079863 145.630727021052 68072.0787181893 40.8309675181943
180660 305.740269758342 -13130.4366709108 -12824.6964011525 -1241.33051762442 -1398.6859264034 -1475.44471008469 -849.860916385158 73.9010594603742 68245.7161015341 40.8656550770559
180670 306.065331580506 -13131.1815597104 -12825.1162281299 612.555641637593 571.319206349556 383.997875407539 882.349843155691 -92.7941400327127 68083.7416696569 40.8332992740203
180680 304.65010142955 -13130.089066767 -12825.4389653374 656.17203242746 677.809066895658 457.993539135063 832.713491251661 -297.332003487202 68080.9154223689 40.8327342512243
180690 303.172792817898 -13128.7954777541 -12825.6226849362 -1548.15924897467 -1613.16669475866 -1681.11581661295 -1350.19523555241 -346.119992238306 68271.9753375642 40.8708957638898
180700 302.671104316883 -13128.4299504448 -12825.7588461279 1316.36055232456 1112.3905004408 1204.40345052973 1632.28770600315 -303.409149859812 68035.7583553354 40.8237043376729
180710 301.159185729402 -13126.9468059151 -12825.7876201857 70.8290977546868 -208.124378438853 -27.4086792959993 448.020350998913 -260.543438791305 68149.7990546322 40.8465010018736
180720 299.738417139656 -13125.2313691275 -12825.4929519878 -1670.82057854724 -1917.37749116083 -1758.0345479626 -1337.0496965183 -188.873555840032 68304.9655051559 40.8774778720567
180730 300.533984558714 -13125.516300848 -12824.9823162893 2109.18368378838 1992.32656884673 1992.21008715558 2343.01439536284 -27.4287336271712 67987.6058753176 40.8140710379927
180740 302.035631114158 -13126.3499852325 -12824.3143541184 -867.326311415793 -841.294320885067 -1082.39905443924 -678.285558923074 118.410092577789 68236.1673602219 40.8637490537826
180750 305.060012914167 -13128.2651815521 -12823.205168638 -1324.29297027749 -1198.12934481283 -1679.39847445902 -1095.35109156063 132.938314697962 68268.5807177554 40.870218358306
180760 308.635307260173 -13130.2900023085 -12821.6546950484 2745.60399850161 2870.31963409581 2270.88439940897 3095.60796200005 49.2314858823819 67921.7685592438 40.8008923774853
180770 309.243320389421 -13129.3832154909 -12820.1398951015 -1990.16376797553 -1956.63357560146 -2496.95169944707 -1516.90602887806 -74.5397114578706 68323.1545807988 40.881106000423
180780 309.14185116844 -13127.6857821565 -12818.543930988 -389.227813228174 -425.85675683496 -878.316405143064 136.489722293512 -179.750206299224 68194.2420686497 40.8553782456681
180790 307.368791924875 -13124.1117245757 -12816.7429326508 2626.1743550264 2542.71782215948 2188.4300468044 3147.37519611531 -230.184346345855 67954.3598693882 40.8074172463871
180800 304.127976997979 -13119.3395877617 -12815.2116107637 -2785.06961847549 -2857.62388958526 -3153.97173423659 -2343.61323160464 -214.887662732491 68429.0568978153 40.9022172859973
180810 303.824102191785 -13117.8680572628 -12814.043955071 765.097200751754 752.425217736149 444.140618535148 1098.72576598396 -148.435675962145 68136.1862968848 40.8437811574675
180820 304.552173502872 -13117.3632429109 -12812.811069408 1677.87496594357 1720.28595739873 1393.43078974239 1919.90815068959 -55.9643233774024 68061.5446722761 40.8288612337818
180830 304.834690490872 -13116.5265793534 -12811.6918888626 -2633.23215588286 -2496.46678263727 -2884.45527228695 -2518.77441272436 -39.5035737628603 68428.3338907617 40.9020732307421
180840 305.991741395385 -13116.9295137841 -12810.9377723888 1580.98035293715 1898.54902589761 1316.8041321099 1527.58790080394 -173.069305761509 68076.0681194118 40.8317651429708
180850 306.22014323875 -13116.4584226035 -12810.2382793648 457.343317931485 812.67939302399 155.651595546226 403.698965224239 -272.342167277948 68174.6468910805 40.8514646939335
180860 306.985879219848 -13116.4523386728 -12809.466459453 -1776.19750553809 -1550.6725630272 -2109.60967674045 -1668.31027684665 -188.078857146585 68364.9143877342 40.8894332866639
180870 309.402154162943 -13118.2433699593 -12808.8412157963 1547.1693523224 1561.64658248834 1220.65315502709 1859.20831945177 51.1311690454699 68082.930607192 40.8331371281733
180880 312.064261389329 -13120.3831977854 -12808.3189363961 -308.479235774512 -482.187613839015 -623.379825634349 180.12973214983 271.338584061299 68237.0909576334 40.8639334207346
180890 314.871192682086 -13122.6854057416 -12807.8142130595 -856.510179414859 -1145.39752904572 -1165.56896848971 -258.564040709142 304.361151571062 68280.0556991746 40.8725081316161
180900 316.270217441185 -13123.6993627373 -12807.4291452961 1190.59769841569 925.929947140947 855.410246539866 1790.45290156625 110.598216514492 68105.1151814321 40.8375717560641
180910 315.215551553486 -13122.442367312 -12807.2268157585 -615.67851041326 -724.526783391696 -999.155106097586 -123.353641750505 -185.235576066379 68260.0490151629 40.8685157347812
180920 313.670602219603 -13120.7840748377 -12807.1134726181 -304.634856427968 -271.428908983654 -738.142866443876 95.667206143621 -357.763270633273 68234.5403464093 40.8634242679925
180930 312.089890866527 -13119.137399392 -12807.0475085255 875.079253046131 1054.17363232474 394.56984918616 1176.4942776275 -289.219255267058 68131.759849447 40.8428966702101
180940 310.361590873108 -13117.4061029407 -12807.0445120676 -755.475338686405 -464.618961223769 -1201.93738991609 -599.869664919349 -77.0488262328478 68267.3991221906 40.8699825624399
180950 309.769115195503 -13116.8249771912 -12807.0558619956 156.749625145615 503.982326033202 -211.092724121982 177.359273525635 21.0077038425061 68197.0463553405 40.8559382568928
180960 309.820999668794 -13116.8658531462 -12807.0448534774 547.492364602521 902.489272603743 267.816928798347 472.17089240548 -51.7984678438944 68172.8226405939 40.8511003162043
180970 310.031201583882 -13117.0487556629 -12807.017554079 -868.321766571751 -617.812580879475 -1043.15750248277 -943.995216353007 -171.971288542842 68295.2148013728 40.8755326589331
180980 312.297378385948 -13119.3166019034 -12807.0192235175 473.70439098083 570.160660842261 363.228380367389 487.724131732844 -355.446329095361 68176.3156926108 40.8517980164303
180990 314.69381530373 -13121.7472337413 -12807.0534184376 257.82458359137 295.504589522435 157.267676587903 320.701484663774 -489.823125029463 68186.5897133522 40.8538500053769
181000 313.642898598665 -13120.8023323668 -12807.1594337681 -705.145878674602 -576.059029333041 -961.553202083915 -577.825404606849 -461.789186618837 68272.3862154522 40.8709777541625
181010 309.751861713314 -13117.0982357004 -12807.3463739871 692.965806478592 936.920643281593 256.86735064539 885.109425508803 -318.540434237951 68167.9565214586 40.8501283206047
181020 306.785967290356 -13114.3351418666 -12807.5491745762 -183.019575525203 60.1811164916016 -649.319800889373 40.0799578221607 -212.860601453612 68251.1290317144 40.8667354725363
181030 307.694278312471 -13115.3752236782 -12807.6809453657 -568.85513783855 -386.631664918658 -925.381899429136 -394.551849167854 -190.325522174499 68280.8830710209 40.8726732194815
181040 310.445590687811 -13118.2119672352 -12807.7663765474 832.946772737056 934.397458001024 616.963967136161 947.478893073978 -250.656337185212 68150.0087680699 40.8465429000228
181050 311.918855912055 -13119.8034352437 -12807.8845793317 -444.698124481254 -535.884323260797 -560.964142876218 -237.245907306742 -361.406671636221 68248.033926239 40.8661177109912
181060 311.046579094272 -13119.0790200915 -12808.0324409972 -232.321003661331 -500.813890075653 -286.820400808881 90.6712799005457 -405.097347356638 68229.1088363083 40.8623399882425
181070 308.904149523634 -13117.0893450179 -12808.1851954942 821.724213189128 502.525823754422 816.827282813323 1145.81953299964 -491.180560398895 68147.9653377068 40.8461346442659
181080 307.995915667857 -13116.3353649454 -12808.3394492775 -853.647938815212 -1081.97114049859 -805.444594658593 -673.52808128845 -633.556132302655 68290.0441085705 40.8745010583185
181090 310.325854507026 -13118.8185665061 -12808.4927119991 127.882781253944 -7.1529668290509 216.61537115113 174.185939439756 -737.436177286085 68194.1520170957 40.8553602622734
181100 312.584328670044 -13121.1992385071 -12808.614909837 770.135525318933 731.282099416447 906.459148815904 672.66532772445 -656.306264879016 68130.8259165544 40.8427100479994
181110 312.155721743197 -13120.9520767465 -12808.7963550033 -1049.83036791665 -951.88301301764 -886.770457584908 -1310.83763314741 -374.586863765135 68284.3696500521 40.8733688918937
181120 310.719289697514 -13119.7847296805 -12809.065439983 590.477394435811 743.785767260065 768.238502392906 259.407913654457 -76.9375106664169 68154.4500187533 40.8474301867561
181130 308.217391182817 -13117.5716405377 -12809.3542493549 378.716024331997 492.202983616876 553.16959673614 90.775492642979 133.147459923778 68181.8133399763 40.852896065124
181140 307.048358383373 -13116.6299167628 -12809.5815583795 -1159.27299511768 -1090.88897470528 -1074.10428529362 -1312.82572535415 193.180913198377 68319.8359566772 40.8804440909918
181150 309.305044551623 -13119.123974301 -12809.8189297493 992.249387913416 1024.3660303548 954.529309101656 997.852824283788 157.199499339702 68132.6028021509 40.8430651109308
181160 311.163738262619 -13121.2335908149 -12810.0698525523 -62.8429971149445 -102.374614871752 -128.432156400164 42.2777799270885 140.555768066292 68208.720567973 40.85826941209
181170 310.800582307339 -13121.1174314921 -12810.3168491848 -952.833153371882 -1092.29600163008 -1008.91617363328 -757.287284852296 148.455272899904 68279.6392051992 40.8724250268801
181180 309.305857214413 -13119.901208732 -12810.5953515176 1368.43101375966 1145.21436806051 1306.54220033921 1653.53647287925 181.156077067686 68085.0939288249 40.8335696118737
181190 308.153436505909 -13119.0976220886 -12810.9441855826 -741.165878961191 -960.102485479056 -851.027542250664 -412.367609153847 178.66687725333 68261.5834824608 40.8688219701849
181200 311.00009519217 -13122.2721421626 -12811.2720469705 -644.139620103893 -685.469317087689 -853.618063192735 -393.33148003125 120.513279315972 68240.5032535352 40.8646145630398
181210 315.132868978087 -13126.7072119234 -12811.5743429453 1683.42827761803 1874.65349074547 1376.72991994962 1798.901422159 9.47836462447022 68029.8633938286 40.8225252463525
181220 313.357081423831 -13125.4584325237 -12812.1013510999 -1303.66365591542 -948.283592762401 -1630.30906176114 -1332.39831322273 -81.1436433022662 68288.242774552 40.8741416634384
181230 307.905039006997 -13120.6338733797 -12812.7288343727 -72.0757383682591 268.481541411973 -337.539994257024 -147.168762259722 -164.218775091432 68204.434440126 40.8574135712086
181240 303.817545530661 -13117.1029821554 -12813.2854366247 1480.66112488548 1682.35380144709 1324.37787497555 1435.25169823379 -94.1301345378428 68088.5163655814 40.8342537947589
181250 303.428490349065 -13117.2020850941 -12813.773594745 -1967.27316435837 -1939.82999621821 -2040.98411179129 -1921.00538506561 128.046223438106 68378.5272992133 40.8921470924203
181260 307.781331586954 -13122.1020875021 -12814.3207559152 810.203372017676 693.741624238707 764.23775979839 972.630732015928 296.039273844643 68124.3954682851 40.8414250437744
181270 310.729004767454 -13125.4578353326 -12814.7288305652 1143.36533111349 1009.55195632832 1120.67170095824 1299.87233605391 235.674299657763 68082.9583011779 40.8331426647161
181280 309.120357697613 -13124.229625061 -12815.1092673634 -2192.72546551989 -2232.21819839654 -2122.53297646025 -2223.42522170289 55.8491337661229 68367.3735951555 40.8899235693037
181290 306.339144213702 -13121.992707232 -12815.6535630183 1646.06794198132 1772.01011813177 1801.99994793432 1364.19375987788 -107.586815090006 68052.1443873573 40.8269814615781
181300 302.920711817609 -13119.1010416926 -12816.180329875 220.741350511707 524.53253894201 393.987051091547 -256.295538498437 -100.153714458672 68181.2295791064 40.8527794729858
181310 302.741877776316 -13119.1588523382 -12816.4169745619 -2046.23391969549 -1633.24112856448 -1923.65332297478 -2581.80730754721 38.473271464375 68371.3318277119 40.8907126820766
181320 307.127723983812 -13123.7580575797 -12816.6303335959 2233.39878520538 2747.40338850161 2266.78768079746 1686.00528631708 106.773058741966 67996.5711177163 40.8158649529914
181330 309.151265260722 -13126.0804623298 -12816.9291970691 -662.690453488672 -157.573014606749 -704.794787156798 -1125.70355870246 69.6365659303883 68230.1727450905 40.8625523784142
181340 308.035395304219 -13125.1117500123 -12817.0763547081 -1278.28741014944 -896.032588613398 -1312.68058358007 -1626.14905825486 -135.364988804409 68283.2662106752 40.8731487266842
181350 306.532981648672 -13123.6853961675 -12817.1524145189 2216.1567825254 2405.16945990396 2314.58833439892 1928.7125532733 -416.006701131496 67997.5162527248 40.8160540621553
181360 305.280105239372 -13122.6116134947 -12817.3315082553 -1427.34687619524 -1375.93409795693 -1179.80925974249 -1726.29727088629 -500.22097884102 68310.5253302517 40.8785869444817
181370 306.449648497213 -13123.8529371864 -12817.4032886892 -414.827862023453 -346.662600302352 -97.2435581743508 -800.577427593661 -437.591514025365 68218.3740637287 40.8601968612541
181380 307.687833309137 -13124.9548956468 -12817.2670623377 1719.24604198515 1846.9978050887 2079.09492715568 1231.6453937111 -454.834915688051 68034.0460047034 40.8233618458026
181390 307.247277267763 -13124.4055682812 -12817.1582910135 -1510.34143139299 -1412.3484017324 -1176.26420758777 -1942.41168485881 -592.780821458416 68310.1815592378 40.8785183708771
181400 307.279193745235 -13124.2906882322 -12817.011494487 266.859059840073 328.600587535775 461.67592594025 10.3006660442052 -722.279121837939 68161.8826583285 40.8489150161406
181410 306.621664393837 -13123.3193444086 -12816.6976800147 920.053943839632 1006.19419994389 1043.15331824591 710.814313329099 -707.247715757667 68110.6878294041 40.8386855598467
181420 305.171696612096 -13121.4402901992 -12816.2685935871 -1180.85496402198 -970.430430437925 -1039.57689249889 -1532.55756912913 -592.164371834673 68294.0442899224 40.875299135728
181430 304.679400896453 -13120.4019859106 -12815.7225850141 549.656404256339 857.214142890503 713.849434217564 77.905635660951 -435.101561496199 68148.6889557449 40.8462792164237
181440 305.480900407601 -13120.4492215076 -12814.9683211 314.172941579538 678.313693061369 462.057572874986 -197.852441197747 -286.185527023532 68168.9833585608 40.850333432698
181450 307.978815880105 -13121.9928368408 -12814.0140209607 -809.393535871475 -473.81798621113 -739.706731532384 -1214.65588987091 -109.706173904777 68261.5582248019 40.868816929522
181460 311.238055084213 -13124.1874657898 -12812.9494107055 666.755763493857 925.426598532189 665.432870734403 409.407821214974 35.0291529557353 68134.933754525 40.8435308798872
181470 311.929282473908 -13123.7774624532 -12811.8481799793 -9.82244964567638 109.636199386659 4.42068186812476 -143.524230191824 62.3429081454407 68199.4274253068 40.8564137404148
181480 309.932610972716 -13120.6657831831 -12810.7331722104 -515.559110123526 -618.35109178267 -433.717337482542 -494.608901105367 -105.524522813905 68257.4697568375 40.8680009788897
181490 308.209541392891 -13117.8514549186 -12809.6419135257 613.477470292846 323.845270595768 696.154132828501 820.433007454264 -277.399713425814 68174.4139907837 40.8514181745429
181500 309.013725988226 -13117.5842423442 -12808.570516356 -340.304098518591 -646.264453239088 -268.58246647805 -106.065375838636 -344.54473553849 68254.5272995356 40.8674137216693
181510 311.898142068737 -13119.435039154 -12807.5368970853 -227.856428919946 -398.985829044134 -146.544530940074 -138.038926775631 -351.784564809792 68236.7564126703 40.8638666396275
181520 312.87200805892 -13119.463493053 -12806.5914849941 635.71361476445 644.511363306181 665.356914957144 597.27256603002 -343.926810163353 68159.4608274987 40.8484312152753
181530 311.161617148376 -13116.9541733456 -12805.7925561973 -474.428432334511 -304.824231620054 -580.621016651544 -537.840048731927 -191.580373963992 68260.1641262798 40.8685387077984
181540 310.093334098799 -13115.1886842186 -12805.0953501198 16.6028758691523 269.239449299781 -193.085223587144 -26.3455981051741 66.2447197150222 68233.4533247889 40.863207272996
181550 310.221777488531 -13114.6854510407 -12804.4636735521 405.820929936775 654.321210223463 185.523981258313 377.617598328548 226.439489307433 68208.5745230094 40.858240250869
181560 312.447711473492 -13116.343710383 -12803.8959989095 -616.613339047325 -448.399592481005 -790.422437580389 -611.017987080576 163.037923191874 68290.5959235422 40.8746111529459
181570 316.699024792893 -13120.1414808153 -12803.4424560224 303.966257976672 466.73283486813 161.491309848865 283.674629213016 -28.9539884717169 68200.8596001978 40.8566997306962
181580 317.960536627706 -13121.0973746493 -12803.1368380216 313.562698289801 569.722597667268 148.094753699973 222.870743502157 -193.113715140531 68196.6579457319 40.8558606930785
181590 314.348823855842 -13117.3388826861 -12802.9900588303 -567.403921022429 -242.515721234847 -791.879741515324 -667.816300317115 -234.612010747902 68286.7579898031 40.8738454204369
181600 309.755193572732 -13112.7005396239 -12802.9453460512 413.864425490769 626.621957941232 211.752057873168 403.219260657907 -168.079541911823 68221.7343760099 40.8608677497492
181610 307.300792507146 -13110.2086793578 -12802.9078868506 -0.516309790081158 -4.71323244846637 -67.7577856848046 70.9220887630348 -86.0361427566636 68266.8726280186 40.869877495877
181620 307.292190457199 -13110.1004764266 -12802.8082859694 -541.176000779998 -650.878731794106 -523.316321896656 -449.332948649229 -55.9894135837025 68308.6504401313 40.8782129486266
181630 309.26402875668 -13111.9252990892 -12802.6612703325 623.402627941477 518.047074795527 550.483405088003 801.677403940897 -0.382018370888352 68196.4947038801 40.8558280942588
181640 312.430838515013 -13114.9429714753 -12802.5121329603 -213.283461785223 -326.424516376866 -381.312134484967 67.8862655061647 47.2116877418876 68254.8093384374 40.8674700118772
181650 316.069464075003 -13118.4774873877 -12802.4080233127 -372.487296273745 -538.989578710944 -533.427551739188 -45.0447583711042 4.51448446371792 68258.9890068733 40.8683041850273
181660 317.185348249353 -13119.5914138486 -12802.4060655992 767.61812719331 561.662735922017 695.80950953529 1045.38213612263 -64.2861002770984 68160.3563710446 40.8486101162832
181670 314.667116288872 -13117.2253600184 -12802.5582437295 -515.984523384283 -703.129364884071 -498.982756455683 -345.841448813093 -107.593474349011 68275.8321401627 40.8716653720539
181680 313.378639032779 -13116.1806039188 -12802.801964886 -206.733257015409 -304.439970445554 -168.568603454801 -147.191197145869 -35.2810099463642 68252.7951459625 40.8670680096297
181690 314.511776921146 -13117.6154676272 -12803.103690706 774.265938068114 806.064412789269 750.66842662386 766.064974791216 43.0608053402024 68163.3434691297 40.8492068317794
181700 313.606429536191 -13117.1204520493 -12803.5140225131 -758.613182476196 -636.082508518723 -821.011402123213 -818.745636786661 78.8721142388049 68289.9170142231 40.8744757011754
181710 310.564948436899 -13114.5763400076 -12804.0113915707 167.982311903276 332.301037348215 118.363850617052 53.2820477445619 141.55675789636 68213.8022299448 40.8592840563378
181720 308.732039110652 -13113.2437531472 -12804.5117140365 652.172888639535 812.540624993504 701.277047664411 442.70099326069 232.396081644086 68176.6770033311 40.8518701830683
181730 310.157004286648 -13115.1602438498 -12805.0032395632 -1124.58299362765 -980.138154217291 -998.02000450867 -1395.59082215699 313.221248181051 68322.5244273105 40.8809803160879
181740 313.301500131016 -13118.8723894193 -12805.5708892882 696.963535356735 803.666522112231 874.159767502965 413.064316455011 343.735793165423 68155.9172562628 40.8477233075117
181750 314.538288019164 -13120.7510687695 -12806.2127807503 445.371049965104 463.304391380205 731.749952460172 141.058806054938 296.583446411209 68172.129049698 40.8509617759168
181760 313.688583749264 -13120.6209431525 -12806.9323594032 -1348.43175467054 -1405.3816545614 -964.189194209109 -1675.72441524111 286.158278617276 68324.3468390244 40.8813437946314
181770 312.207946251039 -13120.0217573417 -12807.8138110906 1279.04933701126 1155.3034056007 1668.66272170818 1013.18188372492 343.477023442769 68102.7537982563 40.8370997686606
181780 309.118415096658 -13117.9289589948 -12808.8105438982 -99.2694374779114 -250.125347563097 156.942226220785 -204.625191091416 331.215465718766 68225.2193899442 40.861563511738
181790 307.379156634801 -13117.0997194977 -12809.7205628629 -1334.30550674934 -1428.48409368429 -1241.28942201182 -1333.14300455192 179.587954460084 68333.7321281243 40.8832155806118
181800 308.293264780097 -13118.9067982788 -12810.6135334987 1749.72715146655 1766.6463552319 1705.06869888729 1777.46640028046 -2.01992537572158 68064.7230326379 40.8294967704119
181810 308.302761180325 -13119.8711220196 -12811.5683608392 -792.133183961193 -597.412209581391 -986.00712713376 -792.98021516842 -106.862224716231 68269.1284778507 40.8703276668371
181820 308.212224479885 -13120.6362100317 -12812.4239855518 -860.74593792704 -466.178322349075 -1212.29215080792 -903.767340624121 -160.901779919505 68264.8453748871 40.8694729345619
181830 308.924389379009 -13122.0570919457 -12813.1327025667 1957.56777750709 2472.22407327269 1538.21479536836 1862.26446388021 -172.723995772385 68020.4047450596 40.8206332153849
181840 308.46295621695 -13122.3693804759 -12813.906424259 -1510.13558373851 -967.46811323597 -1849.73033208862 -1713.20830589093 -147.452278867117 68310.1232516923 40.8785067399768
181850 307.900380234519 -13122.5225017227 -12814.6221214881 -74.8273257288493 444.70210108061 -300.536840372229 -368.647237894924 -140.12003062243 68191.8421737112 40.8548989785888
181860 307.791803968195 -13122.9119419033 -12815.1201379351 1591.24822645676 1959.12136416324 1534.94074218886 1279.68257301819 -102.107175510562 68050.8577556214 40.8267241607414
181870 309.800492982493 -13125.3700841139 -12815.5695911314 -1966.69193687902 -1833.81161377476 -1881.41519420022 -2184.84900266209 -100.220300494427 68338.9486601811 40.8842558827258
181880 313.463494179447 -13129.5621807231 -12816.0986865437 843.254488279898 847.054119111596 977.185937289493 705.523408438619 -155.256985294837 68087.7885916278 40.8341083066316
181890 312.171200361067 -13128.699045357 -12816.527844996 1007.31452350585 1020.21973693407 1077.51546578089 924.208367802595 -160.105947663794 68073.3477064083 40.831221237956
181900 306.287952246526 -13123.132366803 -12816.8444145565 -1895.72422422646 -1819.12974903634 -2000.62564147204 -1867.41728217099 -123.187128497219 68339.5522947962 40.884376258587
181910 302.773482149355 -13119.9257984911 -12817.1523163418 1313.39036808204 1445.13475158595 1036.7401426408 1458.29621001936 -39.9865486410476 68083.1057643879 40.8331721453286
181920 302.150227198526 -13119.4450175535 -12817.294790355 164.220173851784 283.216302099757 -213.785296486536 423.229515942128 71.5063268467749 68183.7440663049 40.8532816763482
181930 303.078360071739 -13120.252982299 -12817.1746222273 -1482.73937040246 -1430.35609828667 -1873.9602923907 -1143.90172053003 111.410192362913 68324.8059297783 40.8814353588921
181940 304.220359916998 -13121.2068676185 -12816.9865077015 1673.85558871478 1617.91007502157 1339.92041797615 2063.73627314663 114.53486671598 68063.6739570628 40.8292870021895
181950 303.530657353557 -13120.3353103035 -12816.8046529499 -609.044053829285 -694.969214757544 -851.613264524582 -280.549682205732 73.3117411655258 68259.3171424312 40.8683696724818
181960 304.814959466604 -13121.2978258338 -12816.4828663672 -919.639629738166 -904.049747100333 -1149.93534523986 -704.933796874306 9.88664761780772 68282.2095425962 40.872937891357
181970 308.801282160999 -13124.8874250298 -12816.0861428688 1640.4230030572 1805.61818386993 1367.35820597574 1748.29261932594 -75.2978871379232 68054.4750018671 40.8274475300125
181980 309.930477595937 -13125.7355323237 -12815.8050547278 -1090.22993679855 -814.237012315291 -1322.67091253376 -1133.78188554662 -48.3616926329544 68273.9532349087 40.8712904483127
181990 308.63071814417 -13124.1874867497 -12815.5567686055 -150.125676736823 297.425380695502 -375.803151702898 -371.999259203069 101.040062908476 68198.5020332124 40.8562289472051
182000 307.665614462487 -13122.9216939877 -12815.2560795252 1255.92074599838 1904.10968288164 968.48372852747 895.168826586023 238.01164504586 68086.8557813236 40.8339218284993
182010 308.13869644385 -13123.1090291386 -12814.9703326948 -1424.61290009424 -674.484467016714 -1811.19049966638 -1788.16373359964 251.136719255668 68313.2691011278 40.8791342489862
182020 310.423339802328 -13125.1613251361 -12814.7379853338 485.590619931887 1108.54754162922 116.748080466939 231.476237699502 90.5828960799477 68145.9999879171 40.8457419804817
182030 311.12526407244 -13125.5931669334 -12814.4679028609 829.320698326417 1188.14444308614 521.352424270437 778.465227622678 -191.837707926559 68117.2924995855 40.840005554987
182040 309.001753243829 -13123.20394649 -12814.2021932461 -1409.67814037304 -1367.96670431845 -1616.64142177193 -1244.42629502872 -349.536452539116 68315.6267119975 40.8796045138109
182050 305.835337675794 -13119.8236447424 -12813.9883070666 964.369915466971 809.073263025326 881.028680903796 1203.00780247179 -285.066910740731 68129.4150951838 40.8424281287892
182060 302.708697238103 -13116.419170803 -12813.7104735649 183.445573757098 -2.08654567590246 259.541856432277 292.881410514919 -74.2999183624533 68208.184748168 40.8581624231933
182070 303.167072021289 -13116.4037297551 -12813.2366577338 -1269.95161974333 -1414.20135472806 -1029.63820935888 -1366.01529514305 160.173107000071 68329.4950774646 40.8823705717094
182080 307.867611273345 -13120.5503905543 -12812.682779281 1259.46909890265 1149.38302605272 1589.5536220752 1039.47064858003 235.364582032962 68097.7768891885 40.8361049607076
182090 311.010760968461 -13123.1251198386 -12812.1143588701 -295.810634815983 -335.255839909769 -3.01391916303219 -549.162145375144 147.997307540697 68211.0232942557 40.8587291986164
182100 310.876039063657 -13122.4001005323 -12811.5240614687 -759.591596014013 -755.189621081355 -583.079199783123 -940.505967177556 -2.14123957778679 68247.2402438328 40.8659592944894
182110 309.631428041221 -13120.5781044354 -12810.9466763942 1315.651465665 1241.73269567714 1386.51558387556 1318.70611744231 -207.765060714893 68082.1508145274 40.8329812325027
182120 307.625321151054 -13118.0529454667 -12810.4276243156 -840.404164795578 -1052.39870729572 -824.346825228473 -644.466961862534 -385.622334767336 68276.0267247356 40.87170419979
182130 307.538120622371 -13117.3949752933 -12809.8568546709 -279.678168305764 -532.542553290922 -305.632091353876 -0.859860272491577 -463.423151661072 68237.234767942 40.8639621277553
182140 308.730413413677 -13117.9365491133 -12809.2061356997 1117.89982926358 907.356078393131 1028.93470227795 1417.40870711967 -483.745549564244 68121.0513970018 40.8407567620205
182150 309.021488531642 -13117.5872110643 -12808.5657225326 -1121.53695212644 -1189.8861808175 -1276.36234665718 -898.362328904633 -430.886599617478 68308.2539282905 40.8781338530961
182160 310.24348189752 -13118.1956883695 -12807.952206472 252.604703763929 410.149367436784 44.7908094169654 302.873934438035 -342.739181910755 68186.3216620146 40.8537964711774
182170 312.506658213948 -13119.8120399496 -12807.3053817357 797.086185002848 1116.42746607462 502.130351370144 772.700737563779 -271.001337498485 68135.6041365855 40.8436648331037
182180 314.672673302524 -13121.3893455026 -12806.7166722 -1198.36150897881 -922.18106189008 -1587.53264675308 -1085.37081829326 -234.315754675394 68303.6514849758 40.8772157428695
182190 315.940715359545 -13122.216637103 -12806.2759217435 709.136295148671 879.95633562619 215.220402249761 1032.23214757007 -210.913686073437 68143.3675691113 40.8452160289273
182200 314.197675102778 -13120.1436039373 -12805.9459288345 358.372504652919 489.352150193774 -208.355025272062 794.120389037053 -184.042905418968 68179.6128990825 40.852456576714
182210 311.153236490309 -13116.8090987817 -12805.6558622914 -1115.117963692 -962.405814872445 -1659.86417098485 -723.08390521869 -154.392343492604 68315.8551570705 40.8796500804173
182220 310.261113631569 -13115.6980551533 -12805.4369415217 968.212918514904 1155.75193624401 466.886406365671 1282.00041293503 -149.376998457594 68143.7816618282 40.8452987646497
182230 311.104061074703 -13116.3447522229 -12805.2406911482 -163.314353553223 67.924430048837 -687.678634987427 129.811144278918 -80.2959546749201 68231.7370844737 40.8628646665065
182240 312.45759232117 -13117.4895862214 -12805.0319939002 -741.968964378855 -454.11723647506 -1248.71587102479 -523.073785636716 -69.3877971169278 68276.9229777499 40.8718830386864
182250 311.438314823334 -13116.2924602626 -12804.8541454393 1190.56692879893 1501.35809483338 821.942405196626 1248.40028636677 -143.195191664295 68124.5233529093 40.841450599901
182260 307.555828375979 -13112.2957342826 -12804.7399059067 -680.545538779383 -453.003576777031 -853.821506621262 -734.811532939855 -221.15662791108 68299.1884689996 40.8763254066693
182270 306.959336677559 -13111.5092780909 -12804.5499414133 -402.426667719888 -338.795247882487 -349.802056839528 -518.682698437648 -262.924646249769 68287.1877630565 40.8739311688757
182280 310.579875900871 -13114.8446384441 -12804.2647625432 1069.09967714983 1023.59657565279 1276.13795479749 907.56450099921 -269.839286185175 68156.7354058254 40.8478867533996
182290 314.135582921827 -13118.1364935159 -12804.0009105941 -979.536716589461 -1041.43825673939 -793.583378062112 -1103.58851496688 -189.535604981415 68317.1063588065 40.8798996485289
182300 316.067817935191 -13119.8869421135 -12803.8191241783 152.661426994527 147.843044542163 239.236013656677 70.9052227847496 -5.61679244392642 68210.3747263615 40.8585996997824
182310 315.268115962273 -13118.9519183204 -12803.6838023581 901.398542642144 982.636180784971 837.727636711629 883.831810429837 107.922804871865 68145.5846521955 40.8456589982075
182320 313.398931101454 -13117.0422268224 -12803.643295721 -1293.65992266795 -1169.61661013887 -1486.56231270653 -1224.80084515846 11.1650666157825 68331.3232226283 40.8827351689765
182330 313.735216870199 -13117.4712058814 -12803.7359890112 650.471021453323 799.021888766438 357.036933153638 795.354242439894 -243.131582836964 68159.594784267 40.8484579756603
182340 313.770554009925 -13117.6545979582 -12803.8840439483 585.866198916775 763.201628977532 237.198294486404 757.198673286387 -423.241214096394 68162.3632939068 40.8490110297041
182350 311.145367855394 -13115.2354615976 -12804.0900937422 -1338.05514944233 -1141.60078989147 -1661.02181908709 -1211.54283934844 -370.376663827089 68337.4189428132 40.8839508257309
182360 308.229560411791 -13112.6606958122 -12804.4311354004 1177.83123015882 1387.39662539384 998.466397611253 1147.63066747135 -178.411427213615 68148.4928240112 40.8462400312275
182370 306.319114835511 -13111.1736503762 -12804.8545355407 -141.313975522545 176.074477714915 -134.361004031522 -465.655400251027 -10.8183637229022 68275.3738776124 40.8715739292747
182380 307.614945624129 -13112.8287993785 -12805.2138537544 -1258.55207385477 -807.903849567596 -1153.51138855983 -1814.24098343689 60.9256054113234 68366.6808443633 40.8897854594562
182390 310.805439378032 -13116.426570442 -12805.621131064 1680.48743264532 2164.54052043265 1756.11209566314 1120.80968184019 50.8232291738112 68100.70710831 40.8366906725317
182400 312.017820990926 -13118.2402838382 -12806.2224628473 -802.065712532272 -471.086491145836 -811.571017642244 -1123.53962880873 44.5213848556922 68288.6974399814 40.8742323770429
182410 313.08167902117 -13120.0316028116 -12806.9499237904 -775.394518594879 -667.789300760051 -878.041943666516 -780.35231135807 -6.8120291395566 68265.7165824944 40.8696467948852
182420 313.960426733813 -13121.7087214556 -12807.7482947217 1911.39746936779 1815.92091872165 1781.54026367053 2136.73122571119 -121.912992994133 68022.7800396937 40.8211083664458
182430 312.756901826088 -13121.606740871 -12808.8498390449 -1493.23257940071 -1710.72009555178 -1606.88372716905 -1162.09391548128 -134.185129775586 68306.419869933 40.8777679941663
182440 311.341732509144 -13121.4427328988 -12810.1010003897 -68.9700335642755 -328.029537814845 -142.939517373183 264.058954495203 -1.89399801851211 68189.5834841057 40.854447900417
182450 309.280186746511 -13120.5613871845 -12811.281200438 1702.44561209537 1490.62695585965 1624.9665647866 1991.74331563986 166.77894482874 68049.625590407 40.8264777490888
182460 306.867837263382 -13119.3193733961 -12812.4515361327 -2080.7753877952 -2163.82038362922 -2190.01627711685 -1888.48950263953 273.433363448305 68376.9908696111 40.8918408151022
182470 306.503393919912 -13120.1488200591 -12813.6454261391 782.23633233198 849.657253026305 662.820955369112 834.23078860052 235.023080183539 68131.4020191264 40.842825167324
182480 306.29785210993 -13120.8773892776 -12814.5795371677 1128.42535930469 1414.98242138962 1023.07598417827 947.217672346174 30.7958375722699 68095.8540665766 40.8357206049149
182490 306.064816826905 -13121.3730959028 -12815.3082790759 -2157.90084614985 -1620.3262726833 -2252.43938122507 -2600.93688454119 -176.613252688335 68370.6694460489 40.8905806318687
182500 307.561304674278 -13123.6198861164 -12816.0585814421 1522.23229880169 2164.9290687924 1463.75486084268 938.012966770004 -246.058873899695 68052.45369931 40.8270433173523
182510 307.731730862114 -13124.4329066025 -12816.7011757404 282.465476478179 782.475720118351 267.044381530387 -202.123672214197 -190.291408978901 68152.2796410208 40.8469965868275
182520 306.607777253264 -13123.7274440895 -12817.1196668363 -1768.62723748524 -1540.89135089354 -1789.00447109484 -1975.98589046733 -130.168289650842 68327.2556822964 40.8819239476798
182530 306.598472970214 -13124.1154236884 -12817.5169507182 1873.86989041777 1924.11981850495 1783.33711324326 1914.15273950512 -187.932280634566 68022.2459752739 40.8210015338102
182540 306.696414175327 -13124.6175159273 -12817.921101752 -591.303178953887 -608.940466809712 -748.974053956011 -415.995016095931 -342.77856546013 68227.8927983591 40.8620972255264
182550 306.942441301692 -13125.0893511313 -12818.1469098297 -1030.14212362076 -1067.82575998789 -1200.06756474574 -822.533046128658 -418.35838693393 68263.4510235135 40.8691946713094
182560 306.724059721733 -13124.9906098058 -12818.2665500841 1788.25512376443 1702.32583811041 1712.17662095174 1950.26291223115 -400.193739213877 68028.484954984 40.8222495256038
182570 304.623421353941 -13123.0456925103 -12818.4222711563 -1090.68044336923 -1277.87852260966 -1010.27782979443 -983.884977703599 -335.646021448635 68282.0375370368 40.8729035711512
182580 302.620195421826 -13121.0542498396 -12818.4340544178 -336.387469371199 -556.570668023664 -216.664526136318 -235.927213953615 -384.259384780605 68224.8888436018 40.8614975211738
182590 302.693114198082 -13120.9300565264 -12818.2369423283 1294.28932100738 1193.01874295693 1333.51808563766 1356.33113442756 -465.571263482178 68086.8464039717 40.833919953864
182600 305.882700202444 -13123.8251452902 -12817.9424450877 -1294.89026027505 -1233.81148418064 -1348.77012827501 -1302.08916836951 -446.961400038902 68291.4448677652 40.8747805277613
182610 310.994559989598 -13128.6025534917 -12817.6079935021 310.237362262501 447.953772602552 243.167245805623 239.591068379332 -297.730193437208 68134.8276816711 40.8435096847288
182620 311.748580689063 -13128.9420654351 -12817.193484746 885.673997302418 1052.87873274642 773.560881388582 830.582377772256 -112.38663555838 68084.1032924355 40.8333715684459
182630 306.191423282984 -13122.978603292 -12816.787180009 -1120.53732545852 -974.354481685666 -1303.64775872321 -1083.60973596668 -4.36088675003807 68274.6360825476 40.8714267070654
182640 300.887630499804 -13117.2189582089 -12816.3313277091 563.711096726454 650.499132167063 330.072872314447 710.561285697851 -3.54740028675935 68155.1534851362 40.8475707238993
182650 301.594992422656 -13117.2811930783 -12815.6862006557 198.348392405633 309.446251711412 -56.7906423716262 342.389567877117 -137.08862461108 68188.2413822185 40.8541798673414
182660 307.91999635284 -13122.7532298058 -12814.8332334529 -905.16286101636 -629.460036526938 -1202.31288512755 -883.715661394589 -302.272668781388 68259.5370440407 40.8684135590944
182670 313.963371529912 -13127.8735096683 -12813.9101381383 887.154802372668 1306.41435009352 521.165739836074 833.884317188404 -381.456037495401 68089.2691438642 40.8344042803709
182680 314.014694203312 -13127.068279509 -12813.0535853057 -56.5683556796111 435.146767202732 -473.730982963375 -131.120851278189 -308.834447273661 68174.9033169696 40.8515159121918
182690 310.614622295028 -13122.8542862227 -12812.2396639277 -644.263979334279 -182.528339218128 -1095.46630173156 -654.79729705315 -90.2725990347581 68242.3482956508 40.8649828499653
182700 309.131886275689 -13120.6089267622 -12811.4770404865 763.939718463746 1144.03582853619 310.293638547301 837.489688307744 190.167736977715 68132.5361698082 40.8430517963556
182710 308.887742224526 -13119.6277624031 -12810.7400201786 -340.278715544896 -7.36857361478624 -720.797819705334 -292.669753314569 343.472191945381 68230.9094024577 40.8626994374581
182720 306.779223037809 -13116.7647183064 -12809.9854952686 -242.213706222993 58.6400923552642 -504.427840390594 -280.853370633652 263.004716572107 68235.9595487149 40.863707570572
182730 303.300156387706 -13112.5011552433 -12809.2009988556 652.490641642466 877.161348592532 487.111260456636 593.199315878221 -1.89607902912278 68178.5529845036 40.8522448793221
182740 302.363352868847 -13110.7197069234 -12808.3563540546 -600.306197196409 -417.563745122985 -658.086029462187 -725.268817004056 -198.720170278885 68295.6414832685 40.8756177835571
182750 305.237403870972 -13112.6823056677 -12807.4449017967 12.949173221584 204.624739713213 73.3837945988127 -239.161014647278 -136.10983343371 68242.5419028766 40.8650214953161
182760 309.137736510333 -13115.6460549855 -12806.5083184751 489.61166378431 671.992378138796 609.265466098622 187.57714711551 49.5367616410387 68191.4709853859 40.8548248500296
182770 312.716461102298 -13118.3837448222 -12805.6672837199 -636.14656491074 -496.765019843663 -606.343566568623 -805.331108319936 260.129728461808 68272.7959145927 40.8710595088899
182780 316.085223744377 -13121.0890309422 -12805.0038071978 319.60864155294 436.061667479643 168.461005957222 354.303251221961 339.252935503353 68180.5175306123 40.8526372575914
182790 317.75995450346 -13122.2992123853 -12804.5392578818 294.04531657102 403.520148520235 -49.1849689181766 527.800770111006 293.423621221636 68179.3051728895 40.8523951145979
182800 318.140356930585 -13122.4230246559 -12804.2826677254 -643.818431219778 -584.121628349332 -1061.98652232162 -285.34714298838 158.392932674028 68260.0282031758 40.8685115812775
182810 317.430678061641 -13121.6587261676 -12804.2280481059 513.734752695 460.219938080883 203.458895976941 877.525424027176 21.7212145856923 68164.7217620583 40.8494821595952
182820 313.986344853887 -13118.3028805786 -12804.3165357247 32.5589355324292 -54.2015381432296 -82.3721632626624 234.25050800318 -11.5056513887188 68211.2007622245 40.8587646333064
182830 310.654546538834 -13115.0993326886 -12804.4447861497 -547.753900314187 -574.909208901784 -504.418953963207 -563.933538077571 109.747766898467 68269.2554637861 40.8703530074934
182840 310.487532565656 -13115.0674197803 -12804.5798872147 591.509662252872 715.150650841419 673.544819413533 385.833516503661 327.034016751462 68173.003160464 40.8511363737246
182850 311.956088234377 -13116.6724573275 -12804.7163690931 -243.618392528148 6.67714508085318 -193.363648921508 -544.168673743787 472.741651907894 68235.036515019 40.8635233141118
182860 314.417836576909 -13119.2896484612 -12804.8718118843 -315.506985025753 -85.2938807636772 -294.703721643478 -566.5233526701 464.074180317158 68232.5620175296 40.8630293454541
182870 317.183959699896 -13122.2713224885 -12805.0873627886 693.582816761799 739.116635750399 806.926324350133 534.705490184866 266.127900387036 68141.2765810919 40.8447982444141
182880 317.233707244451 -13122.6696218621 -12805.4359146177 -512.915054395288 -764.006992260237 -210.301705088941 -564.436465836684 0.740986382977206 68242.5089885065 40.8650149253837
182890 313.798379464035 -13119.6862572523 -12805.8878777882 -35.5656850518302 -505.719309941481 305.248060131544 93.7741946544411 -167.986839882652 68209.9943087158 40.8585237418299
182900 308.810187826908 -13115.1722652335 -12806.3620774066 722.693958317592 175.345462303666 907.349639854977 1085.38677279413 -241.493500297085 68163.7347721764 40.8492849988591
182910 304.352594383079 -13111.1200650749 -12806.7674706919 -1012.41075734269 -1479.13595160583 -1015.2680986047 -542.828221817541 -311.239139391482 68327.4949681934 40.881971671224
182920 303.287603603491 -13110.3639471123 -12807.0763435089 363.704572060183 93.7383306383731 275.301849875093 722.073535667081 -360.233118076725 68215.6530661899 40.8596535962132
182930 305.256162277801 -13112.4649704311 -12807.2088081533 720.33003087902 746.490281077358 658.96030524636 755.539506313344 -286.048604774271 68174.0525081261 40.851345971965
182940 308.671876164358 -13115.8924130136 -12807.2205368492 -1520.04936059026 -1208.42359052137 -1533.76009605783 -1817.96439519159 -148.569228764038 68348.3748345472 40.8861355546394
182950 313.02245109922 -13120.2923182199 -12807.2698671207 1249.79453242162 1739.83112560562 1242.75999116706 766.792480492211 14.6882389960331 68103.713843823 40.8372916614999
182960 314.722274278726 -13122.1016709734 -12807.3793966947 287.970517602016 802.941588936843 246.575885863877 -185.60592199467 53.5770406368953 68177.532247405 40.8520410047986
182970 313.73949321108 -13121.1941437514 -12807.4546505403 -1824.63312624738 -1440.3603287708 -1873.02540933549 -2160.51364063584 -26.2270674779936 68359.2413060151 40.8883022215296
182980 312.086436441978 -13119.7509142512 -12807.6644778092 2095.07738647914 2306.4030756712 2069.63415478424 1909.19492898199 -130.235211526521 68033.1781147513 40.8231882545969
182990 308.879426956318 -13116.9261403523 -12808.046713396 -625.908224689795 -554.762838534118 -569.778838387488 -753.182997147782 -203.304908478862 68270.9258178206 40.8706863317783
183000 308.156126922351 -13116.4025880604 -12808.246461138 -1518.46737780599 -1573.78586982584 -1295.79210051433 -1685.82416307778 -217.449619157831 68349.8058042461 40.8864208889673
183010 310.315509976636 -13118.6834722053 -12808.3679622286 2513.30123279141 2435.46318439429 2790.3749318227 2314.06558215725 -232.907667050985 68003.8865568087 40.8173286310464
183020 310.079373395383 -13118.783713136 -12808.7043397406 -1515.14466002568 -1520.05471849719 -1422.73983491091 -1602.63942666893 -285.959199404842 68341.9481139696 40.8848540220716
183030 309.697839166204 -13118.6982874638 -12809.0004482976 -659.990147947921 -580.062157637211 -849.573282418895 -550.335003787657 -420.348379163913 68265.405338451 40.8695846824317
183040 310.12741651508 -13119.2499751882 -12809.1225586732 2276.81689681124 2455.79089587762 1839.40797209102 2535.25182246508 -580.515309982981 68014.0769672854 40.8193673603974
183050 310.330693329621 -13119.7391679522 -12809.4084746226 -2117.76767899286 -1842.14608069593 -2704.90531143845 -1806.2516448442 -637.136875623163 68377.4829090214 40.8919389004802
183060 312.604781394894 -13122.4424496953 -12809.8376683004 383.433940560152 759.172635312003 -253.687648892584 644.816835261038 -571.080992903094 68156.3569502267 40.8478111475677
183070 313.001352172356 -13123.165656447 -12810.1643042746 1550.49848095956 1849.64603112958 1045.72786367133 1756.12154807778 -371.195949352307 68054.6884364232 40.8274902114038
183080 309.926971804892 -13120.5236721181 -12810.5967003132 -2067.12595104502 -1985.17016835363 -2309.68147227444 -1906.52621250698 -88.9129840306625 68370.912201876 40.890629026963
183090 308.47946397898 -13119.7120918529 -12811.2326278739 1019.77440857467 956.187136706321 970.90734117789 1132.2287478398 47.0636606771225 68115.6249537586 40.839672290926
183100 309.120861894627 -13120.9816029687 -12811.8607410741 571.011291921679 452.621208587468 608.351521435942 652.061145741621 -79.3262146963794 68147.0276862757 40.8459473087034
183110 310.254061904298 -13122.7620976752 -12812.5080357709 -1590.87287786511 -1715.35295447653 -1523.77073411199 -1533.49494500682 -328.603348369695 68320.9794957502 40.8806721756745
183120 309.210614812334 -13122.5503490497 -12813.3397342373 1427.28683801646 1280.24256865854 1519.64289667398 1481.97504871686 -535.037297295582 68067.8684604239 40.8301257024522
183130 305.330477049971 -13119.6449332162 -12814.3144561662 -190.645536097446 -397.905295514311 -119.919866324573 -54.1114464534562 -511.960740265115 68213.4780458516 40.8592193287191
183140 304.177162514465 -13119.4159724266 -12815.2388099122 -1116.78850173282 -1311.7245755872 -1246.05250378505 -792.588425826224 -337.05508682781 68289.2261136452 40.8743378560617
183150 306.274226717013 -13122.4575128267 -12816.1832861097 1368.32469105368 1259.92598091989 990.155651374404 1854.89244086674 -155.773823704045 68063.8612438614 40.8293244513358
183160 307.657360606986 -13124.8673230726 -12817.2099624656 -598.469537403938 -671.105728466851 -1042.23859367043 -82.0642900745324 -73.7481666061182 68215.2424376205 40.8595716102661
183170 308.216384868798 -13126.4651163331 -12818.2487314643 -453.541609124964 -509.327583081638 -771.552549899784 -79.7446943934743 -194.816619686938 68198.738663677 40.8562762005267
183180 307.222102361788 -13126.4994553457 -12819.2773529839 1124.066802834 1159.38328351502 928.359387157093 1284.45773782988 -362.835170018277 68069.1359211163 40.8303791272539
183190 304.57702395476 -13124.8949011467 -12820.3178771919 -872.693715160023 -631.677603519527 -1030.09556435302 -956.307977607519 -448.912914567248 68245.5981324343 40.8656315303407
183200 302.712189189949 -13123.9732992332 -12821.2611100432 -1.65936544934501 422.701351797215 -153.904956034075 -273.774492111175 -452.529186749208 68177.4554806301 40.8520256718851
183210 301.833454251228 -13123.8568867034 -12822.0234324522 765.092466609385 1192.21606036589 633.430216387666 469.631123074597 -457.650621834149 68113.3769943404 40.8392230208504
183220 301.577075128049 -13124.1994695997 -12822.6223944717 -968.031452935485 -653.655936925278 -1060.41103999559 -1190.02738188558 -457.010826211375 68252.5230530203 40.8670137034017
183230 302.916735556294 -13125.9987595241 -12823.0820239678 393.869186915792 561.966111287669 437.963260072536 181.678189387173 -455.478737561036 68123.6457337639 40.8412752181582
183240 304.46977057118 -13127.8374597803 -12823.3676892091 440.60911964204 492.109494497787 632.557231608958 197.16063281938 -477.86325700523 68107.9666230814 40.838141680597
183250 304.19995173032 -13127.7299919234 -12823.5300401931 -838.833385494929 -750.081716961904 -574.901680148788 -1191.51675937409 -508.099960740314 68212.8291517109 40.859089767852
183260 302.238633877433 -13125.8269664478 -12823.5883325703 670.772162993763 905.160050016065 813.787447335698 293.368991629527 -512.917277023068 68092.9036313765 40.8351308240867
183270 301.612689370606 -13125.115345599 -12823.5026562284 -45.9392897216882 298.991607123363 -204.123765869014 -232.685710419401 -450.107210673354 68156.1234108362 40.8477644921798
183280 304.938257214377 -13128.1736041645 -12823.2353469501 -683.39319152459 -374.277500945315 -1020.74600690724 -655.156066721218 -410.166025613559 68199.7761964683 40.8564833867209
183290 308.618966405988 -13131.4690952899 -12822.8501288839 900.478515070861 1095.90663013333 563.357313849509 1042.17160122974 -449.210393973903 68058.9883329914 40.8283500605039
183300 307.587713530114 -13130.0186004838 -12822.4308869537 -304.351671113201 -164.550184690275 -541.267885162685 -207.236943486647 -479.048131285483 68171.4264506671 40.8508214353545
183310 304.716180753066 -13126.6183235554 -12821.9021428023 -448.978511901923 -296.796000582631 -534.035415560988 -516.104119562161 -481.681724792992 68201.9385585432 40.8569151846994
183320 304.262762241255 -13125.5047533938 -12821.2419911526 780.344452922415 938.72506369144 955.860222099858 446.448072975948 -437.625631751171 68106.263956598 40.8378013664459
183330 304.673355723699 -13125.1072050639 -12820.4338493402 -579.503139795577 -425.117117717291 -194.67086905183 -1118.72143261761 -374.045565841946 68220.2816720602 40.8605777191803
183340 304.432005600198 -13123.8866971494 -12819.4546915492 -32.0334628404729 144.85680406566 309.734053039365 -550.691245626435 -371.532095539422 68177.4026994007 40.8520151296871
183350 302.692547829838 -13120.9801213707 -12818.2875735409 680.735148319587 824.913206960409 816.72797842736 400.56425957099 -345.772301483822 68128.3721560554 40.8422197196231
183360 300.763974383595 -13117.7131359899 -12816.9491616063 -793.091034785781 -736.424030219609 -847.153438532801 -795.695635604942 -244.695147866529 68267.3369204616 40.8699701495635
183370 303.206193782545 -13118.691037411 -12815.4848436285 188.956509924145 145.616824758892 71.6180277541312 349.634677259411 -97.4510162535746 68183.3809101769 40.8532091461279
183380 308.929817595231 -13122.9100654979 -12813.9802479027 513.509522185457 367.596507421338 397.864389137576 775.067669997462 -13.5189897915268 68146.8194004577 40.8459056945616
183390 312.480121954046 -13125.1424682345 -12812.6623462804 -785.188360569803 -1040.16133217776 -856.522197526568 -458.881552005078 -45.1944330249535 68255.6721131011 40.8676422061859
183400 312.642003097431 -13124.3171302723 -12811.6751271749 512.635323981701 225.275050853775 455.184469216578 857.446451874751 -80.5436237336471 68151.8869617024 40.8469181360324
183410 311.030786024513 -13122.0158526981 -12810.9850666736 174.458219642821 -64.7067046198247 64.2417534454042 523.839610102881 -25.3913671630495 68184.935609864 40.8535196518449
183420 309.783484471307 -13120.2576318178 -12810.4741473464 -822.196250856091 -967.287159941536 -996.680196901218 -502.621395725517 128.81518502322 68271.3517272075 40.8707713224365
183430 310.36528574924 -13120.4671715688 -12810.1018858195 839.639017523893 807.117523503351 612.486043240443 1099.31348582789 290.080201074099 68124.9951734399 40.8415448869969
183440 311.241918210192 -13121.0761369968 -12809.8342187866 -159.315965609573 -43.7953188518299 -402.394755523088 -31.7578224538061 390.118615258912 68204.2396225658 40.8573746697829
183450 311.147026299965 -13120.7533042517 -12809.6062779517 -745.311101488098 -528.723145410275 -914.42339776647 -792.786761287551 353.231135049436 68255.3714245599 40.8675821943247
183460 309.553386379478 -13118.9667070525 -12809.413320673 1308.79372374791 1573.09658043004 1244.0511767746 1109.23341403909 204.107438089152 68093.4629705159 40.8352426351722
183470 306.487260848418 -13115.7700056518 -12809.2827448034 -843.238206356772 -572.731540403688 -904.128447086512 -1052.85463158012 -4.89404073118687 68293.0221272358 40.8750952067009
183480 305.827789501861 -13114.8988897285 -12809.0711002266 -590.659713840462 -383.21363814501 -680.030302981528 -708.73520039485 -151.963162590735 68280.780549767 40.8726527631955
183490 308.551081922835 -13117.2694223664 -12808.7183404435 1769.26357332899 1904.54068022626 1701.27012453107 1701.97991522963 -226.029518875615 68080.2986074228 40.8326109356241
183500 311.15669557539 -13119.5804671491 -12808.4237715737 -1695.2737642407 -1594.17515137192 -1700.68614142798 -1790.9599999222 -283.988295348046 68366.5056729518 40.8897505363647
183510 312.812737209154 -13121.0395207594 -12808.2267835503 189.095767611004 190.403343232957 277.329898402825 99.5540611972281 -365.545962901523 68202.5442504149 40.8570361325233
183520 311.304080641601 -13119.2281968124 -12807.9241161708 1810.55218752891 1634.82901696613 1947.19539500995 1849.63215061066 -548.616726437404 68075.0454624714 40.8315606800405
183530 307.851701030874 -13115.4828175945 -12807.6311165636 -2538.68240246928 -2822.21789609061 -2495.4436380193 -2298.38567329794 -766.964200388076 68453.965575146 40.907179586051
183540 307.766755199604 -13115.2924703769 -12807.5257151773 1172.7487494604 798.574752412748 1052.25522548446 1667.41627048398 -871.845201895713 68132.4903879598 40.8430426481525
183550 309.311075360828 -13116.5332409277 -12807.2221655669 1181.44405516328 762.568939687121 926.119413887926 1855.64381191481 -828.102925059611 68122.980059473 40.841142190068
183560 311.442735452401 -13118.2100592293 -12806.7673237769 -2625.98442564684 -2920.11055089732 -2938.63450519067 -2019.20822085251 -648.505041692544 68440.2467016565 40.9044466646825
183570 314.098146360893 -13120.6422692615 -12806.5441229006 2105.54235567359 2016.61964329602 1858.92490045567 2441.08252326908 -425.299337623916 68039.4165192255 40.8244359976518
183580 312.556471783076 -13118.9951710186 -12806.4386992355 88.7965823891832 247.013577513213 -101.582161219446 120.958330873784 -201.493796739341 68218.5574106127 40.8602334671449
183590 310.739093049099 -13116.8631357728 -12806.1240427237 -2095.75672091091 -1742.30562911856 -2246.34114635215 -2298.62338726202 -129.54954203146 68412.970382815 40.8990118947594
183600 312.684409803521 -13118.6083042504 -12805.9238944469 2309.40197255961 2705.14798040264 2254.27507548417 1968.78286179203 -164.422623317524 68035.3845793778 40.8236295782254
183610 314.24298683674 -13120.1501436887 -12805.9071568519 -829.295049711741 -548.164752047165 -701.254010844489 -1238.46638624355 -304.312154102783 68289.4800188211 40.8743885140922
183620 314.654526925639 -13120.5020775926 -12805.847550667 -1064.9097218423 -933.024416125839 -745.192699351196 -1516.51205004986 -494.774246761902 68303.7768490536 40.8772407514462
183630 312.827604753126 -13118.633353821 -12805.8057490679 2038.91619669292 2069.61141343247 2415.22773291354 1631.90944373273 -641.086751177336 68047.2386380073 40.8260003915838
183640 308.232017123821 -13114.1839287139 -12805.9519115901 -1338.82929230757 -1327.76962550771 -1131.52065723718 -1557.19759417783 -590.845055149812 68345.5167863921 40.8855656499738
183650 306.979624915584 -13113.0237740254 -12806.0441491098 -253.315280251682 -262.509943940589 -354.466481294303 -142.969415520154 -307.672148609069 68261.0710743913 40.8687197088275
183660 310.072446007125 -13116.0683761433 -12805.9959301362 1361.3614655108 1258.9809352225 1066.86148964364 1758.24197166627 -14.3449781446568 68119.0535552703 40.8403575013701
183670 313.827917058578 -13119.8270203052 -12805.9991032466 -1392.87007715541 -1542.10673664704 -1640.13385429832 -996.369640520867 163.377716341716 68340.3984667719 40.8845449996723
183680 314.523405631846 -13120.6468963818 -12806.1234907499 464.659781840252 376.46339666614 410.600560986892 606.915387867723 180.107559661001 68177.4517215438 40.8520249210685
183690 309.485375805568 -13115.7598401351 -12806.2744643295 795.439497130121 869.12467526 916.621586910225 600.572229220135 136.765823489228 68158.6919792454 40.8482776226916
183700 304.601729596023 -13110.9982365132 -12806.3965069172 -1301.66687647017 -1028.26779200275 -1106.32172339798 -1770.41111400979 157.649316767365 68350.6151452822 40.8865822692241
183710 306.454198658196 -13112.9510160462 -12806.496817388 705.206850153342 1086.8277456421 844.255490040419 184.537314777504 320.354454084161 68177.1604548736 40.8519667451862
183720 312.281752127103 -13118.7899024525 -12806.5081503254 225.228904546038 502.556419234098 207.404699507114 -34.2744051030976 505.905655736802 68197.3036442766 40.8559896362815
183730 316.132862292828 -13122.6762242203 -12806.5433619275 -882.066683277123 -862.539979766784 -1009.4470386649 -774.213031399692 545.376808956105 68277.5927064804 40.8720166757615
183740 315.149511113828 -13121.8601214248 -12806.7106103109 992.928287531356 803.023212659513 791.187817705327 1384.57383222923 454.186889211711 68125.797723882 40.8417052650937
183750 310.507684933666 -13117.536053657 -12807.0283687233 -280.920378751585 -534.342115016022 -546.623433644593 238.20441240585 347.16130412717 68251.3527957878 40.8667801335665
183760 307.093057381122 -13114.434841578 -12807.3417841969 -664.201371352249 -841.274023675629 -936.237341625066 -215.092748756046 298.430281674898 68291.8594622761 40.8748632439559
183770 306.550980243586 -13114.1806817072 -12807.6297014636 979.945617645579 930.010946816834 785.578869429861 1224.24703669005 299.672639805925 68148.1413985998 40.84616981969
183780 307.94226795562 -13115.8506516619 -12807.9083837062 -621.301903065726 -595.128891462646 -718.845108583977 -549.931709150561 234.997697606198 68268.6750738024 40.8702371876143
183790 311.381166463582 -13119.5638984008 -12808.1827319372 -202.529976597723 -226.527491434232 -213.874309774642 -167.188128584296 127.764066866443 68217.4847429027 40.8600193040958
183800 313.392843128803 -13121.8652988716 -12808.4724557428 930.21720526373 740.351101122146 1043.46689253323 1006.83362213581 -25.2152255902513 68116.8303379688 40.8399131911393
183810 311.450597294046 -13120.3330437485 -12808.8824464545 -831.934628780821 -1245.58394941038 -560.689508840963 -689.530428091124 -233.481005485442 68275.0550940057 40.8715103182083
183820 309.310766430293 -13118.6824697363 -12809.371703306 127.90089829869 -521.171474665943 531.505867341815 373.368302220196 -320.408403594821 68205.6011645127 40.8576465427124
183830 309.36688920891 -13119.2465982624 -12809.8797090535 600.29194894173 -190.615784324434 1065.05758772553 926.434043424093 -245.320082503912 68168.7522618569 40.8502872709999
183840 310.423472603932 -13120.8481065046 -12810.4246339006 -928.390264268647 -1664.16174895979 -482.013398356787 -638.995645489359 -176.51808874924 68293.3854300658 40.8751676885395
183850 310.560755733371 -13121.6155720662 -12811.0548163328 552.57526836092 -42.8674087579368 887.59282372876 813.000390111926 -128.114884622839 68163.2755713909 40.8491932684302
183860 308.532188369011 -13120.2608734922 -12811.7286851232 276.17085838119 -108.75726911445 467.183251770889 470.08659248713 -142.866039543131 68185.2895345709 40.8535903372772
183870 307.321065155762 -13119.7182968608 -12812.3972317051 -929.316672257852 -1117.2067479418 -826.206143513784 -844.537125317978 -217.499728665129 68282.7578798493 40.873047300502
183880 308.093513176267 -13121.1774450561 -12813.0839318798 875.702971651353 797.766212169777 919.121081773835 910.221621010443 -371.500774650915 68124.1766354962 40.8413813127318
183890 306.997763144393 -13120.7783450883 -12813.7805819439 -87.7990900373949 -148.259244199079 -89.9779560015226 -25.1600699115755 -427.960771828053 68206.8496342152 40.8578958341769
183900 304.999093957529 -13119.4029790772 -12814.4038851197 -780.916394089181 -794.374050967003 -854.114770349549 -694.26036095099 -321.677696858038 68268.2680866684 40.870155970796
183910 305.322170215541 -13120.284738045 -12814.9625678295 1039.71773273902 1055.93719769197 924.80219380146 1138.41380672364 -182.668303001005 68111.4882496128 40.8388455346475
183920 306.86586502897 -13122.3541698978 -12815.4883048688 -544.551255302318 -548.382358439144 -590.17067450368 -495.100732964127 -74.285603222197 68236.0856818753 40.8637327492092
183930 307.977926690484 -13123.9397757088 -12815.9618490183 -414.049711656372 -511.762112948203 -277.039830582749 -453.347191438162 -74.5394676383727 68213.6056356661 40.8592448037284
183940 308.270943942755 -13124.6407123704 -12816.3697684276 1153.75061680616 935.869805924626 1487.19262314969 1038.18942134417 -165.421092560372 68075.0284252035 40.8315572737101
183950 308.639356314872 -13125.4446077977 -12816.8052514828 -1012.16863594132 -1296.91415811859 -592.777578223291 -1146.81417148206 -275.606509771054 68254.414978082 40.8673913041583
183960 310.304358553353 -13127.5665334359 -12817.2621748825 40.9608732630795 -293.671030679288 493.563503355986 -77.009852887459 -310.980475586681 68158.296518696 40.848198621207
183970 311.090278055898 -13128.774274876 -12817.6839968201 1122.28273906072 741.629146547021 1579.88716629094 1045.33190434419 -216.481817522569 68065.4192802026 40.8296359876133
183980 309.491213569412 -13127.648727995 -12818.1575144256 -1483.73436324998 -1829.2446482691 -1071.91284071705 -1550.04560076379 -10.4066077784631 68291.1289116631 40.8747174907963
183990 306.789409845599 -13125.5047564434 -12818.7153465978 712.983193261093 410.113280804347 1081.74662751202 647.089671466919 239.507673577187 68113.7567174854 40.8392989118137
184000 302.109337654097 -13121.3045462272 -12819.1952085731 845.090553300529 594.638351764268 1076.10551547048 864.527792666839 457.174678384192 68114.2951738954 40.839406526513
