# Fix print output for fix setl_out
360000 620.603418863584 -12728.9980067745 -12108.3945879109 1457.39951494056 266.968329324714 2388.84296081966 1716.38725467732 -595.384947181185 70998.0221657552 41.4077929906043
360010 624.57092276092 -12733.04738803 -12108.4764652691 9.90613198854285 -1218.92591605869 1314.77197641242 -66.1276643880936 -733.226126562816 71129.1472822533 41.4332691110408
360020 622.241712120543 -12730.7562152694 -12108.5145031489 -1198.56430037795 -2428.47141826054 319.369117108614 -1486.59059998192 -823.169529079614 71269.1842441204 41.4604421513542
360030 613.752004743359 -12722.4103185907 -12108.6583138474 86.362081059465 -1061.21978293825 1406.94181768531 -86.6357915686713 -841.368982754635 71187.6759042181 41.4446304511531
360040 605.049935816332 -12713.6778207345 -12108.6278849181 1237.77345900023 352.205145690455 2112.32444301685 1248.79078829336 -831.305240757664 71121.8192482723 41.4318461836704
360050 600.932865413385 -12709.3247915026 -12108.3919260892 -110.294267025201 -698.474748597865 509.924715223388 -142.332767701131 -811.758509715025 71287.8553204338 41.4640624326721
360060 602.021088882322 -12709.6535900125 -12107.6325011302 -1477.83450981219 -1925.81312423295 -853.358026172593 -1654.33237903103 -735.263729720695 71433.0143650717 41.4921869193482
360070 603.43372435512 -12710.0302374153 -12106.5965130602 -119.223345319062 -453.535601647236 629.701848047466 -533.836282357405 -525.815328099946 71295.7304882262 41.4655892211371
360080 603.657177729099 -12708.6543485859 -12104.9971708568 1588.85245355409 1251.55599014323 2392.26235118686 1122.73901933219 -255.453389373748 71132.4835369302 41.4339168988182
360090 606.665827877105 -12709.7993768227 -12103.1335489456 243.437281448048 -223.483660888864 920.196189025199 33.5993162078126 31.8646301372772 71268.6948906395 41.4603472582699
360100 610.904779511225 -12711.6444479476 -12100.7396684364 -1710.10192840113 -2289.31540451591 -1127.08728742442 -1713.90309326305 371.321927336952 71459.0226451764 41.4972219837199
360110 613.487057400389 -12711.7754897762 -12098.2884323759 -383.460425254322 -1080.12842887451 180.274405050176 -250.52725193864 603.822901934601 71326.9264901039 41.4716362030392
360120 617.00918233219 -12712.5999472191 -12095.5907648869 1791.46594584032 931.503043128955 2380.53914097772 2062.3556534143 747.9499300053 71110.04761278 41.4295602114853
360130 624.264216755052 -12717.4587854833 -12093.1945687282 400.314681173673 -655.002987115093 1013.64899631845 842.298034317667 623.308833098224 71223.506598674 41.451582688302
360140 630.174261839348 -12721.1463294042 -12090.9720675649 -1931.10752359475 -2966.05242976374 -1291.68197770856 -1535.58816331196 351.580810399918 71428.378207429 41.4912892556046
360150 628.251631961216 -12717.685981482 -12089.4343495208 -361.70046532074 -1222.28907214713 379.199780641272 -242.012104456358 -3.44080210832578 71275.036673038 41.4615769926918
360160 622.821603279024 -12710.8925454034 -12088.0709421244 2336.07147218414 1618.75283528259 3096.34208719024 2293.11949407959 -346.202691462292 71033.0622120276 41.4146039425542
360170 618.688535613075 -12706.0130180332 -12087.3244824201 660.956156587364 108.034538762158 1227.09570877169 647.738222228243 -525.556060128051 71229.2555038598 41.4526979324995
360180 615.828845729727 -12702.1259566749 -12086.2971109451 -2742.25110073173 -3134.74154423363 -2519.14312775266 -2572.8686302089 -387.526227211276 71590.5524785282 41.5226667636332
360190 615.016866510657 -12700.75662785 -12085.7397613393 -1135.53565151493 -1236.55399932799 -1285.92644870147 -884.126506515327 -60.744657744658 71444.2905742171 41.4943700833693
360200 614.811179234368 -12699.6017171667 -12084.7905379323 3172.14935755505 3429.42946667451 2754.11928572538 3332.89932026528 307.257583736231 71044.9766351552 41.4169193128639
360210 610.822476162364 -12695.1761932923 -12084.3537171299 1526.97943374735 1990.55788419666 950.079949378471 1640.30046766693 696.309260524389 71223.7277320614 41.4516255876193
360220 609.149780859301 -12692.4059204572 -12083.2561395979 -3492.57253502913 -2994.22778933736 -3985.5443293609 -3497.94548638912 924.305642568672 71736.7986859768 41.5509218987724
360230 615.958923770165 -12698.5949606473 -12082.6360368771 -2287.12393744605 -1970.2990493341 -2463.5202565835 -2427.55250642055 1175.62696582762 71598.0032182716 41.5241071950903
360240 626.737401943132 -12708.3107381254 -12081.5733361823 3365.90886370433 3135.79218808893 3753.03516305527 3208.89923996877 1478.28480858995 70998.3509056501 41.4078569002368
360250 632.263562906495 -12713.2012181601 -12080.9376552537 2819.85670944771 2045.91465790341 3656.12100348358 2757.53446695613 1634.40735449545 71027.60922208 41.4135441581335
360260 630.431852352592 -12710.9568068473 -12080.5249544947 -2775.75947910634 -3835.59765302999 -1674.46104252032 -2817.2197417687 1677.36135305667 71586.5899937141 41.5219006664016
360270 628.585047795764 -12708.8953157116 -12080.3102679158 -2838.6268955448 -3888.5944663568 -1685.88281043635 -2941.40340984122 1617.52225042954 71602.6826214991 41.525011800431
360280 630.102588843517 -12710.5280326303 -12080.4254437867 2130.14899440482 1065.24189646542 3226.44580051637 2098.75928623269 1454.09945407931 71103.6936122837 41.4283262026214
360290 629.606555599146 -12710.1459088669 -12080.5393532678 2710.79747564473 1472.38928732776 3739.45911637914 2920.54402322729 1315.0440829752 71048.8279299126 41.4176676926912
360300 624.199392834798 -12705.2648837286 -12081.0654908938 -1421.427032014 -2875.93741094553 -361.694322767161 -1026.64936232931 1084.60879028967 71469.8444565732 41.4993166687839
360310 620.231780922874 -12701.6161997251 -12081.3844188022 -2247.91240026448 -3544.7519983367 -1321.19384129595 -1877.79136116077 749.212858147769 71568.2327121619 41.5183511450715
360320 618.85088752008 -12700.8055822315 -12081.9546947114 781.854463894017 18.229018212275 1350.52940775298 976.804965716798 527.312043033529 71261.326675007 41.4589183966561
360330 619.678773377408 -12701.9509496141 -12082.2721762367 1772.76547761947 1560.82579496993 2068.18018055233 1689.29045733616 636.442759750194 71150.6842496672 41.4374505048027
360340 622.846244205524 -12705.6094371435 -12082.763192938 -558.192406556105 -478.386682235529 -433.760613136141 -762.429924296652 926.374779527684 71361.2915600132 41.4782954313145
360350 624.620164298488 -12707.8021385444 -12083.1819742459 -1468.78296180768 -1497.79053526216 -1376.98803728017 -1531.5703128807 1173.02126209999 71438.9337133741 41.493332981033
360360 623.583062886692 -12707.3832009576 -12083.8001380709 534.090774963111 169.567415034821 733.731708627878 698.97320122665 1355.3513883992 71250.989901644 41.4569136993627
360370 619.804880437874 -12704.20969253 -12084.4048120921 1479.58967412894 885.238117644525 1912.74103498442 1640.78986975787 1375.95602684817 71186.4432376125 41.4443912350895
360380 615.762435287195 -12700.8918659556 -12085.1294306684 -424.801754104572 -1013.93487367074 205.210641237028 -465.681029880004 1122.62878962724 71392.7572095869 41.4843909381836
360390 614.922078025863 -12700.5868618674 -12085.6647838415 -1527.06415408426 -1946.90328988453 -899.072574036957 -1735.21659833127 706.796040958318 71501.3001757031 41.505404081799
360400 616.6599896936 -12702.9366091623 -12086.2766194687 52.5273094792937 -73.6876394653647 480.35100532809 -249.081437424839 330.156277309783 71317.0701830122 41.469725863183
360410 620.145177300997 -12706.8402105302 -12086.6950332292 1407.63281198841 1453.10872547565 1596.30473800194 1173.48497248765 15.8035549239912 71153.8301495775 41.4380612094033
360420 622.960217450856 -12710.2443388627 -12087.2841214118 233.251007439885 32.3435030401777 362.225463815198 305.18405546428 -369.07780471668 71262.6733327432 41.4591795510302
360430 621.890703334352 -12709.7545304651 -12087.8638271307 -1211.69634047799 -1731.11535465367 -1153.33028539995 -750.643381380347 -472.035096932297 71412.7964991823 41.4882720039351
360440 618.541200936946 -12707.1550616695 -12088.6138607326 -204.913037634086 -762.661835124338 -239.005573472483 386.928295694563 -293.929468887848 71335.2734381903 41.4732538627801
360450 615.9954949185 -12705.3349522808 -12089.3394573623 1067.59934140277 775.496394121332 919.47530191232 1507.82632817466 55.4925793746727 71219.7954114767 41.4508627141329
360460 618.250177602532 -12708.3965924949 -12090.1464148924 122.513873556585 86.3442036773528 -203.955679241195 485.153096233598 436.937328676765 71303.4993112361 41.4670952819789
360470 622.110775949912 -12713.0759702931 -12090.9651943431 -1086.03589556946 -1052.75222077544 -1564.36778110552 -640.987684827422 635.941457888713 71408.6357685962 41.4874662432342
360480 618.284185101948 -12710.2672700011 -12091.9830848992 13.059876073373 141.794592311402 -501.533881592112 398.918917500825 737.386511116178 71313.5889416199 41.4690510902995
360490 608.219092854215 -12701.2274553078 -12093.0083624536 1318.71911753929 1548.07387818041 813.817243438553 1594.26623099891 468.765335518274 71226.2084116909 41.4521068271008
360500 604.29699246237 -12698.3421296141 -12094.0451371518 -111.640124158276 287.129591484468 -543.385197765968 -78.6647661933159 -151.314998417027 71383.8198856588 41.4826597872632
360510 610.089889169769 -12704.8804374116 -12094.7905482419 -1733.63418749853 -1181.89521133622 -2082.73972576886 -1936.26762539052 -691.680240740228 71514.1960609323 41.5078992194184
360520 617.056413839535 -12712.7034579584 -12095.6470441188 -181.719097844207 305.678898448906 -456.729174152455 -394.107017829065 -799.066773743434 71311.9422778197 41.4687319079769
360530 620.268289973221 -12716.5594064889 -12096.2911165157 1853.40244039485 1994.22804302011 1583.27604899205 1982.7032291724 -644.028822328059 71076.3649603056 41.4230178736483
360540 620.555564494184 -12717.8158097973 -12097.2602453032 446.359371782655 168.580341207731 279.578929618461 890.918844521772 -525.168318391259 71190.7001173118 41.4452173299803
360550 619.546682556976 -12717.7601105339 -12098.2134279769 -1748.24852370644 -2302.17379515983 -1791.0592940491 -1151.51248191038 -405.126310208088 71393.818785012 41.4845965547073
360560 619.008371366916 -12718.4880491219 -12099.479677755 -577.922970670769 -1221.3399076001 -535.769259965775 23.3402555535671 -127.959741843924 71267.7657226242 41.4601670772613
360570 618.366905783649 -12719.067467317 -12100.7005615334 1736.91388290909 1000.30827663129 1769.05627199811 2441.37710009789 111.640638268715 71029.7350820006 41.4139573238322
360580 616.780245252907 -12718.9780419833 -12102.1977967304 812.661438895638 149.454212172688 669.122782541166 1619.40732197305 236.733034951495 71119.0056839149 41.4312998313971
360590 613.329306763928 -12716.9598928348 -12103.6305860708 -1636.799031198 -1971.4617207712 -2017.14232859386 -921.79304422894 478.4243576685 71366.2688015743 41.4792597388631
360600 609.908839129699 -12715.0704302859 -12105.1615911562 -1049.86289288477 -973.963136642328 -1713.67744996567 -461.948092046301 621.1455192838 71303.4744524895 41.4670904630469
360610 610.866285082421 -12717.3819001884 -12106.515615106 1391.32588673754 1855.31197171818 532.375644451358 1786.29004404309 581.206456745457 71034.9784116452 41.4149763416042
360620 617.336627206016 -12725.1485849689 -12107.8119577629 1149.47800818028 1747.17285426524 239.78212992522 1461.47904035038 590.686397641942 71025.4431997791 41.4131231783058
360630 623.770595594394 -12732.9189512791 -12109.1483556847 -1250.94885701575 -683.974820102566 -2086.46797159535 -982.40377934932 628.445271377794 71235.488008554 41.4539069235604
360640 621.580041823658 -12732.2058321226 -12110.6257902989 -1039.89032754614 -465.881531736359 -1786.11170912641 -867.677741775641 513.868326394852 71218.481136227 41.4506077373728
360650 611.434117756067 -12723.5472874391 -12112.113169683 1438.64305167796 2001.79195423054 792.91775522765 1521.21944557569 259.77623626481 71006.7417462243 41.4094880791526
360660 604.765247465854 -12718.3021852295 -12113.5369377637 1161.4149019345 1590.43760625395 772.790500241148 1121.01659930841 -2.09944193670137 71061.4723135483 41.4201245468044
360670 606.470148280239 -12721.0850928396 -12114.6149445594 -1676.70392521044 -1584.61040992256 -1714.23002189875 -1731.27134381003 -139.05147375233 71338.2963762857 41.4738396847357
360680 611.043921533588 -12726.5786356815 -12115.5347141479 -1487.21758579912 -1565.15063075489 -1286.84207570472 -1609.66005093774 -176.570275982189 71303.2874742395 41.4670542167965
360690 611.058091502321 -12727.2780848761 -12116.2199933738 1783.11907628645 1912.96970903767 1945.93966205478 1490.4478577669 -303.530410048134 70977.9705314915 41.4038944214472
360700 606.648149260051 -12723.4151095944 -12116.7669603344 1964.11349270469 2492.55610854516 1964.25594394066 1435.52842562828 -647.850046739207 70982.773674385 41.4048283465982
360710 603.980560176616 -12721.0660435033 -12117.0854833267 -1758.4817499989 -1019.73324014116 -2049.32136791299 -2206.39064194254 -862.961463967233 71369.820305736 41.4799477918349
360720 603.788646700913 -12720.7737121093 -12116.9850654084 -2394.38174569921 -1612.54338344249 -2993.04543994764 -2577.55641370749 -833.93371069494 71435.4475529147 41.492658023358
360730 603.763820960319 -12720.5081152113 -12116.744294251 1483.61872741285 2217.00577670755 713.246960988406 1520.60344454261 -494.041037796327 71034.7360530461 41.4149292413949
360740 604.137570570948 -12719.9887188335 -12115.8511482626 2579.89953984754 3225.54750663212 1868.13833659922 2646.0127763113 -43.9611406170306 70900.290941342 41.388784514612
360750 606.409368041872 -12721.3141733467 -12114.9048053048 -1193.85965120466 -545.589541394502 -1884.1378938378 -1151.85151838168 171.556027755503 71255.9990378877 41.4578851874455
360760 609.465696739182 -12722.7255397445 -12113.2598430053 -2604.40537501073 -1823.23879839355 -3402.9353078789 -2587.04201875974 3.22652978844214 71396.6701074271 41.4851488172018
360770 612.895785319485 -12724.5129789673 -12111.6171936478 924.012013114485 1888.22166096683 24.8142510518465 859.000127324777 -219.758127204551 71041.3325299488 41.4162111690043
360780 617.396286498783 -12726.7006920449 -12109.3044055461 2706.20320814848 3814.14225337694 1852.42350184269 2452.04386922582 -41.9027039436537 70860.557045569 41.3810513777698
360790 620.88248042803 -12728.1359938008 -12107.2535133727 -553.352220936785 511.497077443257 -1220.88266016957 -950.67108008406 401.12016914708 71187.4951606328 41.4445953755245
360800 621.741647751079 -12726.4779773317 -12104.7363295806 -2571.66715214852 -1736.09165439747 -3048.48001849005 -2930.42978355804 716.122416286189 71405.9165274025 41.4869396222449
360810 622.833821766387 -12725.5292425977 -12102.6954208313 251.450579925109 827.96998424856 -254.699217107904 181.080972634682 734.834406343623 71138.1650712824 41.435020013941
360820 625.105170158135 -12725.5537951188 -12100.4486249607 2397.46390323198 2773.43843268877 1772.720217264 2646.23305974317 534.396751720462 70932.0705117085 41.3949674761585
360830 627.226448478003 -12726.0128013696 -12098.7863528915 -109.950976972567 89.7078089244872 -697.678669326644 278.117929484471 300.456349704738 71171.3009583213 41.4414524402819
360840 627.05597276474 -12724.1707690586 -12097.1147962939 -2111.2337402759 -2018.30204037596 -2609.48432543475 -1705.91485501701 76.3690441488628 71375.1159670051 41.4809737078276
360850 623.740031303757 -12719.7479593071 -12096.0079280034 -69.109892639814 -3.02632089994249 -554.072255215923 349.768898196435 -53.1831253901434 71179.240128166 41.4429933165065
360860 623.950381126214 -12718.84171234 -12094.8913312138 1978.96305880006 2075.85956586415 1584.89184257744 2276.1377679586 -285.319049469574 70993.7408276033 41.4069606466315
360870 627.877084590565 -12722.0948027776 -12094.217718187 128.617035843397 144.076693313343 26.158803107156 215.615611109693 -408.761264116757 71176.50807449 41.442463077958
360880 626.482955892575 -12720.0427670451 -12093.5598111526 -1685.29765194827 -1885.15173007229 -1412.71034258125 -1758.03088319127 -233.168538886058 71363.248535521 41.4786745876914
360890 618.16000936917 -12711.3929988604 -12093.2329894912 26.3376800428632 -401.012896757274 436.372388830157 43.6535480557055 29.2127685121872 71235.717696911 41.4539514775218
360900 610.777414536913 -12703.5899446467 -12092.8125301098 1560.563320248 958.740856005036 1855.93248303239 1867.01662170659 184.705694530548 71129.2541785975 41.4332898670081
360910 611.698856201267 -12704.1232941818 -12092.4244379805 -65.4352207103497 -712.529069561856 23.5455230433462 492.677884387465 403.881456246833 71308.3925545953 41.4680438279791
360920 618.225208113966 -12710.0106891653 -12091.7854810514 -1569.59619179511 -2173.07944016229 -1624.79377603021 -910.915359192821 525.974759408412 71451.5239139567 41.4957703946934
360930 623.051162024084 -12714.3645490074 -12091.3133869833 -107.551446944562 -536.326587034972 -313.51639593638 527.188642137672 377.385223594586 71298.524684905 41.466130915557
360940 624.892556531757 -12715.6994910336 -12090.8069345018 1337.32243013125 1129.54729310819 986.877170634079 1895.54282665149 81.2491352667138 71142.6228463116 41.4358854853296
360950 624.701826392285 -12715.2484440772 -12090.5466176849 232.725676653312 277.381019815864 -318.32773053348 739.123740677563 -142.131204971563 71242.320384967 41.4552321976583
360960 619.651315859409 -12709.957780333 -12090.3064644736 -986.980657982512 -728.576966410652 -1760.6630094137 -471.701998123172 -124.624437960944 71378.1112680255 41.4815539579759
360970 612.57150967412 -12702.686325302 -12090.1148156279 -142.685343391694 153.728511237945 -1256.55032824331 674.765786830296 90.1464993192835 71326.7473266646 41.4716014793261
360980 611.436558730145 -12701.2182758859 -12089.7817171557 763.000387734754 982.576134432405 -553.993300478786 1860.41832925065 318.608889348512 71251.9841925196 41.4571065389726
360990 614.608450042749 -12703.958417796 -12089.3499677533 83.054558595767 -115.603245103636 -1125.98549464044 1490.75241553137 448.335340770332 71319.3962422699 41.4701767135933
361000 613.5919643114 -12702.3803925497 -12088.7884282383 -660.823251176942 -1503.31743310184 -1480.70413485723 1001.55181442825 482.308860018 71397.660446926 41.4853406290957
361010 611.26672562139 -12699.4199207996 -12088.1531951782 -124.930773152002 -1430.98741591284 -663.601819166829 1719.79691562367 493.510447366506 71350.1352907894 41.4761338152289
361020 614.877053297495 -12702.2552100339 -12087.3781567364 469.163592805528 -980.064588389725 12.5345789380771 2375.02078786824 392.834543075128 71279.5691247363 41.4624558352739
361030 621.9950107709 -12708.5463846776 -12086.5513739067 9.30209601413381 -1199.73246393728 -617.979342212103 1845.61809419178 251.542152452388 71296.1920830504 41.4656787087774
361040 626.003612058621 -12711.7836764127 -12085.7800643541 -428.539132134901 -1169.25311034837 -1375.60796903568 1259.24368297934 162.245592355738 71313.7876337771 41.4690896036118
361050 625.489866268938 -12710.6405638238 -12085.1506975549 160.536528510779 -227.264562066949 -809.967369607102 1518.8415172064 126.445512655474 71256.544902161 41.4579910513769
361060 624.771418278956 -12709.4105210916 -12084.6391028126 407.240411087512 166.48772879745 -241.86498649485 1297.09849095994 182.515503411582 71229.0549936891 41.4526590360503
361070 628.645602243679 -12712.907777122 -12084.2621748783 -170.25581886353 -472.547884688927 -208.958982561104 170.739410659443 276.613817463697 71278.1524721412 41.4621811502764
361080 630.336810473706 -12714.3879960978 -12084.0511856241 -409.564384112565 -902.982328879517 206.037723936599 -531.748547394771 234.787457587073 71294.9175655241 41.4654316219526
361090 625.008516652366 -12709.0348248524 -12084.0263082001 282.608052696498 -496.756997798228 1221.87023290317 122.710922984563 140.578548395567 71237.3882735365 41.4542755259218
361100 621.816532561994 -12705.92128279 -12084.104750228 488.088592401308 -521.341259626378 1375.48086606371 610.126170766604 -162.0161322562 71235.4564992638 41.4539008115161
361110 623.350856090511 -12707.5810046101 -12084.2301485196 -439.833549039521 -1422.12076258966 244.186561056064 -141.566445584949 -495.0509626357 71321.6321866169 41.4706100881641
361120 623.489204160283 -12707.8946018465 -12084.4053976862 -589.112704424353 -1303.02009325671 -292.718569191477 -171.599450824867 -644.412431332754 71325.6449805052 41.4713878320487
361130 623.11725252491 -12707.7664445323 -12084.6491920074 390.73041451023 89.7913788977841 69.2878330350154 1013.11203159789 -440.99338590541 71216.0312125045 41.450132430074
361140 627.205193641436 -12712.158782767 -12084.9535891256 673.687356217284 625.783420517068 -189.706209010204 1584.98485714498 -74.6435930916603 71176.344016824 41.4424312371201
361150 632.657833394457 -12718.1002189776 -12085.4423855832 -387.216484938502 -326.210777200193 -1422.49568801886 587.057010403547 291.760623125196 71265.4790829254 41.4597236534265
361160 634.725428278921 -12720.9228694788 -12086.1974411998 -675.681801131285 -464.33092913116 -1708.12130044265 145.406826179943 569.389176852795 71290.1205174491 41.4645016064755
361170 631.835770991052 -12719.149350637 -12087.313579646 570.034643132404 867.817333880558 -392.848490432178 1235.13508594883 742.736222000578 71184.9550889504 41.4441024355076
361180 624.658285600118 -12713.4074922584 -12088.7492066583 933.790869432579 1446.99775129495 29.6585409300267 1324.71631607275 733.161776450421 71180.1793574101 41.4431755995242
361190 616.393221364109 -12706.8025870022 -12090.4093656381 -637.4549191786 34.6838304344824 -1414.3750817308 -532.673506239482 508.5435869549 71371.7039923382 41.4803127198216
361200 612.258164046451 -12704.3140077837 -12092.0558437372 -1399.36116221264 -919.230093499774 -1938.42262506669 -1340.43076807145 182.492402835452 71474.3586600529 41.5001903818726
361210 612.282106186548 -12706.1163063262 -12093.8342001397 421.24853219 319.147948336028 318.996276676336 625.601371557643 -52.3691280879055 71298.4643291518 41.4661192148929
361220 612.216574325371 -12707.6936609125 -12095.4770865871 1673.53153116937 1124.72321169456 1830.98935055168 2064.88203126187 15.7775628658587 71160.0948196731 41.439277298376
361230 610.955762509464 -12708.2564816777 -12097.3007191682 -317.524808224476 -1022.73720061052 -42.9407615150552 113.103537452151 178.193860285028 71340.7611680645 41.4743173300164
361240 609.580928052146 -12708.5034461627 -12098.9225181105 -1975.04517951547 -2799.90099351788 -1562.00790561483 -1563.22663941369 197.914168505659 71502.4250369967 41.505621735546
361250 611.789405797116 -12712.5629964835 -12100.7735906864 59.2504782777413 -695.473380871041 574.349115555052 298.87570014921 152.190655347818 71282.9169207778 41.4631049491511
361260 614.057968428515 -12716.3973412629 -12102.3393728344 2334.92957610378 1940.81591206819 2791.60155451168 2272.37126173148 310.966467744392 71039.280035541 41.4158123056129
361270 609.798362015952 -12714.0964646731 -12104.2981026572 309.824013967344 392.237534197068 530.384795986775 6.84971171818435 653.732225421917 71232.371569045 41.4533024005391
361280 604.0675918022 -12709.9570399177 -12105.8894481155 -2456.44574694101 -1962.37944587525 -2449.65891273171 -2957.29888221609 1059.52271411047 71513.3979855858 41.5077448139245
361290 605.419382131414 -12713.1763817827 -12107.7569996513 -833.363188974621 -149.086152774188 -888.026578299324 -1462.97683585035 1301.11819643635 71326.7382013863 41.471599710752
361300 611.348771182448 -12720.5172578122 -12109.1684866298 2493.48185157916 3270.48355292304 2271.8287000359 1938.13330177854 1292.90728022075 70965.7987008404 41.4015275368216
361310 612.568101001622 -12723.4634255039 -12110.8953245023 1107.9823167808 1848.31903524213 602.036187609281 873.591727491005 970.051930177146 71066.6369425038 41.4211279709544
361320 609.72481205843 -12722.1716433287 -12112.4468312703 -2345.58580013166 -1683.2919874985 -3040.418205125 -2313.04720777148 448.399321020544 71386.0997662447 41.483101411635
361330 608.543699213219 -12722.8309543812 -12114.287255168 -1205.56492983113 -615.291188168546 -1969.83102105314 -1031.57258027172 -35.9224572072168 71267.2400810169 41.4600651459874
361340 609.035264571753 -12724.9209274151 -12115.8856628433 2339.2921815054 2875.53492352831 1620.99611487953 2521.34550610835 -366.105579670791 70920.9653374473 41.3928070884507
361350 611.334013811736 -12729.0898550262 -12117.7558412145 1361.52838890197 1786.01148419211 789.756787054752 1508.81689545902 -470.560147893368 71013.1039002954 41.4107247958768
361360 611.93037938911 -12731.4356851212 -12119.5053057321 -2275.89802424922 -1958.25853757631 -2749.09281609183 -2120.34271907952 -205.78597911788 71357.8797312555 41.4776343862135
361370 609.870218429 -12731.4234947554 -12121.5532763264 -1560.17690520235 -1232.61034481367 -2085.81797033644 -1362.10240045695 155.290896460994 71268.9555953568 41.4603978129347
361380 607.296719137052 -12730.7709295391 -12123.4742104021 2117.02390937574 2535.4570165429 1426.65150420979 2388.96320737453 319.867377325493 70894.1618983283 41.3875918493106
361390 604.174808313674 -12729.6355576235 -12125.4607493098 1734.69520132881 2112.38133723514 1046.60290434383 2045.10136240746 115.003661676175 70925.0207065116 41.3935960413792
361400 602.536496133442 -12729.8227900187 -12127.2862938852 -1789.72883178674 -1464.77987340725 -2385.07321117239 -1519.33341078058 -211.850237998431 71272.0247894818 41.4609929677334
361410 603.70836182219 -12732.6581176382 -12128.949755816 -1760.58790628032 -1122.97818212573 -2523.28682277735 -1635.49871393787 -442.214360893766 71270.8913361956 41.4607731790763
361420 604.482216062239 -12734.9422118259 -12130.4599957637 1467.15525929164 2603.15066164558 463.606082687377 1334.70903354196 -556.146362723919 70948.7433722191 41.3982105717228
361430 603.434660337545 -12735.1515723429 -12131.7169120054 1816.20246835367 3086.54687429323 769.556082956607 1592.50444781117 -437.742431212542 70919.852582326 41.3925906019306
361440 602.327903164666 -12735.1621031579 -12132.8341999932 -1240.50778729361 -291.32820334161 -2194.66542465542 -1235.5297338838 -88.0843805327915 71217.0116919618 41.4503226532403
361450 602.376597764946 -12735.9748826676 -12133.5982849027 -1829.53365534181 -1413.74181632011 -2595.8780830912 -1478.98106661412 325.713670060248 71261.5502937484 41.4589617627748
361460 605.256711441722 -12739.4798561504 -12134.2231447086 856.125068148195 826.718657837905 284.998307412892 1456.65823919379 550.792830950708 70972.4951345409 41.4028297315382
361470 608.834951991751 -12743.2697639439 -12134.4348119522 1707.75753898194 1388.20724827695 1248.83329956768 2486.23206910118 522.750034439832 70868.9352805007 41.3826822168968
361480 610.405883254445 -12745.0076862423 -12134.6018029879 -632.41808048866 -1058.30572512191 -1042.4718770352 203.523360691124 301.526553370746 71077.4704876816 41.4232326381618
361490 609.562007130584 -12744.010141118 -12134.4481339875 -1400.16487918905 -1622.41357904014 -2028.69640026951 -549.38465825751 56.5214218068568 71154.9904695806 41.4382864544808
361500 609.163127341956 -12743.307475566 -12134.1443482241 463.403123659251 499.045089888428 -488.91403635679 1380.07831744611 77.6635306912215 70975.4400738839 41.4034023812459
361510 612.099328826683 -12745.5455721022 -12133.4462432755 1372.52370520517 1648.36926087576 331.626175582312 2137.57567915743 314.523256639906 70900.7040958235 41.3888649088688
361520 612.673329049294 -12745.1949045605 -12132.5215755112 -236.501495990652 98.0391344010204 -1084.35152451594 276.807902142964 531.183673991746 71077.2898539742 41.4231975476314
361530 606.246120739304 -12737.3334810304 -12131.0873602911 -1089.91479864564 -871.375225989768 -1564.09685293572 -834.272317011428 566.369631948693 71197.4117980296 41.4465197394447
361540 599.425755893283 -12728.6171618301 -12129.1914059368 268.348016434608 226.913673582993 245.1119951634 333.018380557425 329.70351747875 71114.2523968328 41.430376781138
361550 599.219554096633 -12725.8059343486 -12126.586380252 834.822367657817 409.897775537585 1344.47732181347 750.09200562239 183.935735334891 71083.8130830686 41.4244647350457
361560 604.939472374518 -12728.3069246365 -12123.367452262 -403.829981878619 -1075.18841721593 373.427190719115 -509.728719139046 299.839037823829 71200.8392700707 41.4471848128162
361570 607.29848666191 -12727.0756324919 -12119.77714583 -681.817940920953 -1378.49655781511 3.84464353622205 -670.801908483984 476.770185070244 71238.3837265613 41.4544686155
361580 604.512643982583 -12720.7640471842 -12116.2514032016 447.97428473113 -246.933931454867 790.837013881071 800.019771767185 730.802537461632 71152.2476209469 41.437753999872
361590 603.638105411924 -12716.6422040613 -12113.0040986494 713.777162738501 90.8848230153204 764.082044733178 1286.36462046701 859.129694865461 71155.3335975774 41.4383530631299
361600 605.390391259462 -12715.5196857758 -12110.1292945164 -432.252726234565 -871.370922745608 -516.362041827539 90.9747858694599 939.131163427455 71286.6603104405 41.4638307417545
361610 607.030771164469 -12714.6209262597 -12107.5901550952 -781.204911970453 -975.836146518858 -884.028669656897 -483.74991973561 952.246488378369 71329.7720302131 41.4721876901178
361620 611.834222979213 -12717.2305323154 -12105.3963093362 205.371937837298 216.846271603508 174.064513596945 225.205028311423 935.512606537444 71223.4267283321 41.4515671936361
361630 620.402833263228 -12723.8460376767 -12103.4432044135 774.22024189206 783.902267893039 948.962744268184 589.795713514952 773.143541701775 71160.8167025627 41.439417424684
361640 624.050089885537 -12725.8839238381 -12101.8338339525 68.2803678698642 -52.0749528286537 398.705452544829 -141.789396106588 441.290143538778 71248.1997516725 41.4563725489093
361650 616.518599730776 -12716.9681601041 -12100.4495603733 -555.841871445322 -726.60121141343 -262.656099524782 -678.268303397756 347.765554260264 71348.5972466213 41.4758357892389
361660 606.244135021578 -12705.4077945969 -12099.1636595753 -83.1377764010149 -151.236700475972 55.6080451119048 -153.78467383898 376.597095157454 71343.4799147315 41.4748441757626
361670 604.578401302337 -12702.3318567702 -12097.7534554679 318.619638176668 414.489055217871 311.33007971228 230.039779599851 154.343913125942 71318.1886537345 41.4699426529439
361680 607.31261552741 -12703.4625125883 -12096.1498970609 -39.7420604362098 185.100961015259 -129.151615495652 -175.175526828234 -385.084515306179 71350.0400565966 41.476115361875
361690 605.806861186233 -12700.1694222405 -12094.3625610543 -327.297212211789 -191.15299031963 -446.442362934133 -344.296283381602 -632.398052056095 71373.5905663472 41.4806782007521
361700 606.943973305018 -12699.3602078609 -12092.4162345559 -75.221259220934 -135.220062701219 -177.56404160186 87.1203266402692 -507.162309339302 71333.8691291577 41.4729817129521
361710 616.189993143546 -12706.5228745051 -12090.3328813616 146.591028797685 33.7210015314467 50.691707101836 355.360377759766 -367.640984845837 71277.3512855202 41.462025800808
361720 624.767989055346 -12713.0400461941 -12088.2720571388 141.89085065024 117.778161652463 37.8715424041943 270.022847894066 -291.271993370538 71251.5426102796 41.4570208956978
361730 625.359157518103 -12711.7641313725 -12086.4049738544 162.543620662816 100.025043368029 158.867853014616 228.737965605795 -218.60782382198 71259.8448672542 41.4586310291343
361740 621.50532961069 -12706.2654062153 -12084.7600766046 77.2292141183883 -245.41907972642 157.186333855613 319.920388225969 -326.080490580013 71303.3992945569 41.4670758934816
361750 617.701984709666 -12700.9462759655 -12083.2442912559 -202.227165009147 -727.696514847549 -133.076924347817 254.091944167932 -561.495755736765 71360.6581692788 41.4781727128437
361760 615.724885341439 -12697.4902353003 -12081.7653499588 -279.819107623319 -871.449849773454 -326.400590991769 358.393117895273 -725.85473960043 71374.1953704427 41.4807953664665
361770 618.636128832588 -12698.9172203668 -12080.2810915342 171.568131199733 -433.539289790114 103.912563745463 844.331119643864 -757.026920007597 71335.6351024524 41.4733239513805
361780 625.342013405316 -12704.1672889329 -12078.8252755276 224.191661380773 -244.087637231386 81.1796273467334 835.482994026981 -583.432501387412 71328.5123643833 41.4719435592135
361790 630.577341733133 -12708.0838577086 -12077.5065159755 -274.62357199457 -379.095325775764 -584.10647239842 139.331082190467 -505.927886064599 71360.8971972246 41.4782190242222
361800 633.844554192334 -12710.2743557936 -12076.4298016013 -156.757909863619 117.158114029346 -656.997839314032 69.5659956938285 -563.093043562948 71343.9038693658 41.4749263295796
361810 635.245854014834 -12710.8950627472 -12075.6492087324 403.940134131615 1045.7033467275 -258.978530178026 425.09558584537 -754.577333928113 71299.1375842623 41.4662497328456
361820 629.536697491509 -12704.7124031955 -12075.175705704 267.279274801057 1020.04198818274 -367.956798603868 149.752634824307 -869.576466613889 71332.6339667 41.4727423401441
361830 621.748633750995 -12696.6290782241 -12074.8804444731 -360.704350574662 398.684615175699 -914.622747205933 -566.174919693766 -798.864231698167 71422.8520811704 41.4902192233007
361840 619.909919178907 -12694.5405149401 -12074.6305957612 -386.367277062918 329.437754184284 -1000.76317573517 -487.776409637864 -669.178429349805 71448.4711440642 41.4951794166628
361850 622.585175408538 -12696.9725265553 -12074.3873511467 146.143673468326 752.811116438196 -429.820033233751 115.43993720053 -860.352993628656 71394.9931626322 41.4848240175114
361860 626.064672989577 -12700.2428398597 -12074.1781668701 318.723981114066 689.633138787271 139.986928769045 126.55187578588 -1210.66065845421 71363.1183053508 41.4786493563188
361870 627.166220237273 -12701.2426306964 -12074.0764104592 -167.256360520972 -155.976745304112 -39.3180171672415 -306.474319091559 -1382.03622062454 71390.2264449644 41.4839007462106
361880 628.595619392269 -12702.713713291 -12074.1180938987 -213.52126525451 -568.254235649613 -25.8040158728803 -46.5055442410357 -1321.92816370351 71391.2965036981 41.4841080107561
361890 628.684226627959 -12703.0142225281 -12074.3299959002 267.802831300872 -243.929717919196 201.7760487242 845.562163097597 -1092.48917647342 71351.1089402701 41.4763224765505
361900 625.364872996658 -12700.0801652675 -12074.7152922709 300.13880984879 -197.196449229627 -35.8224748688277 1133.43535364482 -1002.70977002728 71360.2075356351 41.4780854028332
361910 622.253492817303 -12697.4723082766 -12075.2188154593 -348.742296686766 -642.034258686836 -897.538679832295 493.346048458838 -952.993941753236 71430.9843707582 41.4917938718563
361920 621.694470485435 -12697.4850674576 -12075.7905969722 -548.058384089475 -433.645923524991 -1287.87527977223 77.3460510288087 -796.726433742216 71439.7870054361 41.4934981840899
361930 623.095009766939 -12699.5292098135 -12076.4342000465 219.949223378831 645.080195676331 -642.679077458384 657.446551918548 -449.098582526187 71334.561169658 41.4731158282541
361940 624.985630550882 -12702.1246303717 -12077.1389998209 759.765249908473 1171.73895659881 -128.032896702508 1235.58968982912 -123.966488685381 71258.4631453739 41.4583630677133
361950 623.702035735488 -12701.7117461309 -12078.0097103954 -5.94539951451296 319.520024900993 -991.740789409508 654.384565964981 -92.4982166114861 71328.2313857855 41.4718891034591
361960 619.863219160083 -12698.8107578955 -12078.9475387354 -784.588021675625 -508.078718358496 -1775.15897409639 -70.5263725719814 -195.378495882708 71412.3399984046 41.4881836002236
361970 617.325180588438 -12697.2888358531 -12079.9636552647 -161.329472502103 193.063631762818 -1129.48563299697 452.433583727848 -118.148350805049 71347.3570125891 41.4755954666393
361980 617.170303396683 -12698.0949772075 -12080.9246738109 930.892611868543 1535.20796996708 87.3145115024281 1170.15535413613 -110.24558704411 71240.3420907266 41.4548484772059
361990 619.377926099924 -12701.3038326651 -12081.9259065651 265.699784024481 1227.49761628036 -431.933244588242 1.5349803813295 -53.8567437588446 71305.2243105726 41.4674296748007
362000 622.984946390722 -12705.8924710193 -12082.9075246285 -1063.51082705028 82.9993677424523 -1534.67412666606 -1738.85772222723 15.8093566300515 71434.3481257604 41.4924451580345
362010 625.089634123226 -12709.1463585127 -12084.0567243895 -403.48464177767 658.745504723005 -613.797139578399 -1255.40229047762 -5.99905993192108 71366.1679104749 41.4792401923268
362020 623.188928253443 -12708.4616527361 -12085.2727244827 1219.96364974867 1815.66510250374 1427.86896441286 416.356882329413 -87.6828121611509 71208.291710697 41.4486308253026
362030 619.29976704212 -12705.9583295025 -12086.6585624604 462.636487262046 374.499937893097 1089.37496995791 -75.9654460648662 -100.592367995713 71271.4920027259 41.4608896550005
362040 619.114821934048 -12707.119365046 -12088.0045431119 -1299.83120136875 -1923.83785170855 -398.753887991993 -1576.9018644057 -118.996100837758 71437.9516443266 41.4931428442611
362050 620.751431401607 -12710.216649963 -12089.4652185614 -590.952875056766 -1492.70695352523 432.195818127175 -712.347489772249 -243.088972510343 71364.9445340826 41.4790031751955
362060 617.914907312806 -12708.7685102706 -12090.8536029578 1478.70968291171 454.949245539314 2407.74402406453 1573.43577913127 -226.351795591598 71167.5270870728 41.4407199471368
362070 613.273224184053 -12705.5881265691 -12092.3149023851 808.723070729347 -210.219441656559 1384.32370718805 1252.06494665653 9.04082784899365 71241.8053595053 41.4551323012697
362080 611.090069039067 -12704.6326895387 -12093.5426204997 -1549.06683807661 -2485.82430747191 -1291.30060173188 -870.075605026025 313.138740224805 71486.7245735357 41.5025835859082
362090 611.495400741362 -12706.1852836258 -12094.6898828844 -1130.30413336412 -1952.45078561329 -950.646800212435 -487.814814266649 271.738575148315 71445.4977506568 41.4946037887427
362100 615.180062858843 -12710.796286884 -12095.6162240252 1455.17264235168 781.848379040898 1728.17834395056 1855.49120406357 -62.5376679128089 71174.1032167602 41.4419963305586
362110 619.760930288756 -12716.2440989388 -12096.48316865 1269.91506599388 689.816728634779 1756.86216543132 1363.06630391553 -284.658334782283 71162.6216835028 41.4397677894385
362120 617.65121980541 -12715.0005154582 -12097.3492956528 -1255.05830440238 -1764.90213130613 -522.012800483086 -1478.25998141792 -440.271248282741 71405.047511887 41.4867713218097
362130 611.968779970128 -12710.1194637946 -12098.1506838245 -1385.44587245047 -1916.29735316761 -405.16123925419 -1834.87902492962 -415.777322530442 71421.7881805314 41.4900132122522
362140 612.0627625444 -12710.9176393433 -12098.8548767989 1121.24436279931 608.355039564133 2198.74078037549 556.637268458285 -283.534503265354 71165.0710891475 41.4402432339635
362150 616.776137969394 -12716.143922317 -12099.3677843476 1542.87250722581 1167.5030866641 2462.60332072626 998.51111428708 -68.8225589630028 71107.6758183821 41.4290995944811
362160 616.91259889422 -12716.831331653 -12099.9187327588 -919.23592479548 -1190.00298692062 -190.747176526225 -1376.95761093959 -90.6274421853489 71350.6441607812 41.4762324177502
362170 612.903980650054 -12713.2085617593 -12100.3045811092 -1644.14707818895 -1873.80877586906 -1004.78592877778 -2053.84652992002 -304.69544602913 71433.1273779343 41.4922088006794
362180 610.92912944337 -12711.6413767102 -12100.7122472668 822.852233498308 514.601881943298 1430.10246207906 523.852356472574 -426.204922080563 71197.8035866562 41.4465957639558
362190 609.216713671481 -12710.0409507087 -12100.8242370372 1917.51230814868 1473.46322231179 2413.28583550569 1865.78786662854 -359.057792949247 71110.0963786127 41.4295696820014
362200 609.141671582254 -12710.0449209366 -12100.9032493544 -777.423238483421 -1342.03123473758 -267.730517340174 -722.507963372488 -77.3117748017007 71388.6818419522 41.4836015613718
362210 613.593126707802 -12714.1180160297 -12100.5248893219 -2334.74322003374 -3009.28425514239 -1559.51149486009 -2435.43391009873 233.232965746411 71529.3466493295 41.5108302211245
362220 618.211675862177 -12718.4841321822 -12100.27245632 445.246022710729 -398.777280782291 1698.3550134258 36.1603354886748 624.820850188154 71218.0037706476 41.450515125
362230 618.617065522062 -12718.0665579769 -12099.4494924548 2654.14515012577 1810.06918237951 4317.54254214382 1834.82372585398 935.244460349532 70982.9611024619 41.4048647893393
362240 616.603037305836 -12715.5149155372 -12098.9118782313 -1.61610302609879 -569.16168962344 1723.09715305353 -1158.78377250839 887.580237108035 71252.3219742791 41.4571720502816
362250 613.851904416039 -12711.5196569288 -12097.6677525128 -2548.46087709964 -2886.77032717787 -1044.6297537801 -3713.98255034097 620.373097353224 71532.4889838106 41.5114380788741
362260 612.987270367756 -12709.4482301102 -12096.4609597425 -287.231466535572 -591.558289648834 954.880371050434 -1225.01648100833 234.477702417126 71327.2655486377 41.4717019159034
362270 614.510238473478 -12708.9631068505 -12094.452868377 2428.25853240927 2011.69343929684 3517.29642147413 1755.78573645682 -209.051374311107 71064.8785340718 41.4207863391913
362280 616.486044311975 -12708.8248965645 -12092.3388522526 444.099152851341 -169.018803358706 1496.04796149346 5.26830041926699 -452.129615641122 71259.3407575789 41.4585332660517
362290 619.583501744503 -12709.0828381509 -12089.4993364064 -2397.11348935349 -3184.44747925447 -1389.77120706009 -2617.1217817459 -264.984977077506 71535.245676802 41.511971322915
362300 624.824972046486 -12711.616219304 -12086.7912472575 -673.249956724471 -1306.59778039736 174.703278363222 -887.855368139288 396.560543629769 71354.1255269958 41.4769069811806
362310 628.370114967998 -12712.1587538804 -12083.7886389124 2302.98395397714 1925.99032961037 2977.68530198817 2005.27623033288 971.42280827015 71055.0359642251 41.4188739749113
362320 629.014151653816 -12710.3425975535 -12081.3284458997 844.386938402395 680.459804242591 1310.68254153901 542.018469425594 1022.4874231996 71191.9436042723 41.445458636252
362330 628.256799937723 -12707.2526912298 -12078.9958912921 -1922.8570030439 -1982.62368831019 -1524.46404987664 -2261.48327094487 637.939944361536 71480.3933983998 41.501358333321
362340 625.82264316729 -12703.0109107687 -12077.1882676014 -787.622474191112 -755.097494261608 -444.060443741689 -1163.70948457003 372.193533337062 71400.2499194713 41.4858421574429
362350 623.092907069457 -12698.6572714767 -12075.5643644073 1758.39290077043 1800.63072230698 2027.74070899503 1446.80727100928 330.081791969983 71188.0919978927 41.4447111992824
362360 620.273469818722 -12694.6055719973 -12074.3321021786 847.509790444272 894.189172735078 1061.3495689261 586.99062967163 383.165117829171 71311.3274929726 41.4686127394316
362370 618.754778642267 -12691.8363062085 -12073.0815275662 -1540.47426172929 -1534.41472536895 -1217.85848367532 -1869.14957614361 437.649848311256 71566.5698011586 41.5180295784813
362380 621.779964749185 -12693.8094597681 -12072.0294950189 -1101.63981492645 -1157.39330845473 -644.679466709625 -1502.846669615 437.994576191182 71507.9573853052 41.5066921777215
362390 626.586415530305 -12697.6410469615 -12071.0546314312 1057.49457258472 870.12426164453 1819.40876308085 482.950693028766 654.928909234226 71266.9475474812 41.4600084183052
362400 628.268660009221 -12698.5245649021 -12070.2559048929 1053.56930778434 755.20261047067 2124.77615787491 280.72915500746 938.610823575245 71253.0907034977 41.4573211412117
362410 626.438524261693 -12696.1380363895 -12069.6995121278 -531.590418107142 -823.037161398144 604.116229293837 -1375.85032221712 1121.27931316664 71427.2881582768 41.4910781920848
362420 625.05127736254 -12694.3027479427 -12069.2514705801 -942.96633496605 -1127.45357714413 61.1257889092918 -1762.5712166633 1169.51378673228 71475.8378186001 41.5004766614047
362430 627.848497069706 -12696.8289770696 -12068.9804799999 236.403468255679 360.549814253829 909.734327370594 -561.073736857383 878.860812921441 71350.4131508933 41.4761876555748
362440 631.078642268932 -12699.902522345 -12068.8238800761 851.603375933467 1343.13798102199 1205.9202761839 5.75187059450172 264.905392812968 71289.0676295301 41.4642974749286
362450 630.97319987064 -12699.8886616561 -12068.9154617855 -142.961313081951 495.822681976408 116.168524607976 -1040.87514583024 -195.273684940321 71385.0568699337 41.4828993985249
362460 632.447231704417 -12701.6404510482 -12069.1932193437 -751.682507962694 -133.769287081359 -438.640242374472 -1682.63799443224 -184.321835720816 71443.4495483651 41.4942072619849
362470 634.911834448012 -12704.6722682816 -12069.7604338336 39.464673072998 556.56969079537 431.103365287662 -869.279036864028 190.606694233998 71359.1001380856 41.4778708436303
362480 631.384458228481 -12701.9564520721 -12070.5719938436 843.679713904994 1224.68358149611 1218.53579833563 87.8197618832414 787.660273225367 71294.6917733181 41.4653878479994
362490 623.178317173588 -12694.8172334979 -12071.6389163243 148.028443031131 491.150178172436 424.940582656854 -472.005431735892 1404.06885081016 71391.9877175211 41.4842418940059
362500 619.341354883062 -12692.0567651835 -12072.7154103004 -855.40018402437 -539.867587545441 -498.287895663808 -1528.04506886386 1836.05373017792 71508.6860639557 41.5068331640715
362510 621.064755083989 -12694.9068622679 -12073.8421071839 -372.896901364813 -89.9448851605665 108.732021246318 -1137.47784018018 1726.49324712706 71456.3063099091 41.4966961728347
362520 619.871682944793 -12694.8161785688 -12074.944495624 911.87005372168 1245.91351380801 1281.67601763789 208.020629719147 1161.66444491385 71341.5274520588 41.4744658238612
362530 613.964904803365 -12690.0420930957 -12076.0771882924 548.442946462204 722.10101083509 812.275419381302 110.952409170229 662.264695006342 71403.4904598982 41.4864697673604
362540 610.006333313369 -12687.0450257187 -12077.0386924054 -929.012141744179 -1079.10055454517 -723.28925365151 -984.646617035861 589.129592522345 71564.6073370012 41.5176500791801
362550 615.867443169378 -12693.7379476124 -12077.870504443 -980.426355731354 -1426.92396974473 -840.066562164917 -674.28853528442 740.004550142111 71538.6915499808 41.5126378600439
362560 627.115053618137 -12705.7820256899 -12078.6669720718 543.33362503181 34.8563784946627 621.022793405876 974.121703194883 706.563389380401 71321.8772355656 41.4706575834211
362570 631.189644865449 -12710.7115608656 -12079.5219160002 1202.58212685755 734.218006375492 1550.88330741723 1322.64506677993 440.902539077058 71217.1513319896 41.4503497447094
362580 625.242534428602 -12705.9473927177 -12080.7048582891 -108.932616716537 -532.882344921335 700.239498259012 -494.155003487279 228.40407812873 71347.5505174281 41.4756329626378
362590 617.563337224945 -12699.4906268807 -12081.9272896557 -1054.46563297248 -1491.47735010647 -18.6912398598435 -1653.22830895112 332.669550293934 71459.5215049036 41.4973185483612
362600 616.431893000098 -12699.6549486286 -12083.2230556285 -135.307769968284 -661.805097502874 1065.07434816058 -809.192560562567 603.276826101485 71367.4579092854 41.4794901139619
362610 620.513455519073 -12704.9576398032 -12084.4441842842 896.75826908369 316.776734548402 2174.21388274883 199.284189953845 877.379975022596 71245.1820355 41.4557872460169
362620 622.048839690971 -12707.8173805837 -12085.7685408927 389.179845179951 -185.099410293659 1470.68544891788 -118.046503084371 1074.30110409776 71298.8253110062 41.4661891953218
362630 620.156147880931 -12707.2855546061 -12087.1294067252 -1016.18029364968 -1302.96747168648 -417.073064496033 -1328.50034476653 1031.69504598002 71423.9984847369 41.4904412077189
362640 618.779122339474 -12707.3839466657 -12088.6048243262 -553.844729397829 -360.745177740075 -462.401139221891 -838.387871231521 831.591539258318 71356.1252696109 41.47729444938
362650 617.589750633447 -12707.6358604592 -12090.0461098258 1067.01600840257 1545.5978910285 844.623170079685 810.826964099527 569.32839021658 71181.1759129258 41.4433690065132
362660 615.027523790777 -12706.5515447468 -12091.524020956 705.164969514617 1120.83209855966 521.566090290509 473.09671969367 474.855527751469 71204.88022116 41.4479688994455
362670 613.539539447145 -12706.4740791129 -12092.9345396658 -931.060739301366 -714.8524362656 -812.770431937967 -1265.55934970053 585.685244586752 71371.0688599974 41.480189675885
362680 613.047696665429 -12707.3349283265 -12094.2872316611 -866.234842286945 -789.48080588052 -405.763861053066 -1403.45985992725 640.581539536332 71364.8184765987 41.4789787526451
362690 612.323200540399 -12707.8662760317 -12095.5430754913 969.536112996915 989.952172489389 1659.28176898736 259.374397513971 448.291284555775 71188.8861185186 41.4448653073488
362700 612.712531053696 -12709.4288705374 -12096.7163394837 1027.20834209625 1102.09945998935 1635.15244146973 344.373124829678 295.343565494904 71187.8432729537 41.4446629311663
362710 613.334411838092 -12711.1443783796 -12097.8099665415 -1118.86076510282 -972.797773852079 -979.708226306753 -1404.07629514962 453.414585784661 71390.8989647589 41.4840310098717
362720 612.546667403193 -12711.3915760078 -12098.8449086046 -1290.74196030882 -1131.80884784754 -1692.44693974434 -1047.97009333457 694.167315811822 71396.459119477 41.4851079522002
362730 612.213426640887 -12712.0412910995 -12099.8278644586 1245.44958409084 1319.88538994066 646.166430255935 1770.29693207592 773.858520755303 71137.2741893519 41.4348470460051
362740 613.645290936084 -12714.3632550087 -12100.7179640726 1578.59975883151 1732.96443674201 1046.61150757711 1956.22333217543 507.555219513774 71081.2248359117 41.4239619574102
362750 614.979468998789 -12716.670267771 -12101.6907987722 -1376.70596918275 -973.178097854558 -1844.42816618672 -1312.51164350698 225.763875787089 71344.6602185473 41.4750728939157
362760 615.944223954087 -12718.6319062634 -12102.6876823093 -1972.77792624364 -1246.83364099646 -2398.85108821124 -2272.64904952323 159.484892913875 71386.3735417526 41.4831544426998
362770 617.538639562243 -12721.4722659833 -12103.9336264211 1632.74801327227 2509.05912351162 1437.60260120988 951.582315095302 279.162201502984 71020.3217941377 41.4121277674075
362780 615.812838481469 -12721.0602359913 -12105.2473975098 2753.32131985803 3471.14152093627 2766.31237151352 2022.51006712428 269.117305178625 70911.7103389587 41.3910064594899
362790 611.607761142172 -12718.7742875559 -12107.1665264137 -1694.70111230983 -1502.9972460577 -1531.97530217985 -2049.13078869192 65.6335511278739 71347.0014901681 41.4755265758435
362800 610.010146076524 -12718.9952874741 -12108.9851413976 -3386.53295654747 -3725.96871721062 -3272.57327585519 -3161.05687657659 86.2681132539063 71511.1998038652 41.5073195206538
362810 612.628410532404 -12724.2697433703 -12111.6413328379 1529.59102610798 760.009040886758 1723.26225225589 2105.5017851813 353.013993515831 71016.2394920419 41.4113342853403
362820 613.033168113659 -12726.9104493711 -12113.8772812574 3832.39989758967 2943.72617338131 3998.3938327173 4555.07968667041 619.084009389072 70785.626948242 41.3664603749193
362830 610.546401970898 -12727.568021431 -12117.0216194601 -1285.43247038436 -2140.85427636889 -1340.54845785403 -374.894676930158 814.594213688857 71270.8839579947 41.460771748357
362840 611.553782839795 -12730.9245361541 -12119.3707533143 -3881.28966252319 -4523.50598311421 -4102.92252638884 -3017.44047806653 962.266822131992 71512.5988876914 41.507590209445
362850 611.174373049298 -12733.5760234115 -12122.4016503622 907.73684137989 523.073788102763 785.46170982286 1414.67502621405 1045.47011659475 71024.0162790275 41.412845842758
362860 603.384909018804 -12727.6180664942 -12124.2331574754 3951.00542828679 3902.82515466352 3959.1403331803 3991.05079701655 1014.5787496934 70745.2137470732 41.3585865102883
362870 597.430366000699 -12723.9098808725 -12126.4795148718 -530.29199322301 -179.198538829607 -722.764373413765 -688.913067425651 788.316880420279 71191.45812962 41.4453644272524
362880 598.348913032541 -12725.670790135 -12127.3218771024 -3495.87680128664 -2890.08404741904 -4100.4062865298 -3497.14006991107 497.501735611903 71491.2921362083 41.5034674871525
362890 600.597232815368 -12729.0256188705 -12128.4283860551 76.9925476676593 643.332260487695 -942.277854982313 529.923237497587 398.63483110026 71129.9368883783 41.4334224276639
362900 602.010068118611 -12730.4502564623 -12128.4401883437 3016.95567747208 3312.72806304663 1926.06014223589 3812.07882713373 561.267249632082 70835.1080607217 41.3760968967912
362910 605.21469838206 -12733.8676664058 -12128.6529680238 124.590582176781 160.542005287198 -647.400689692879 860.630430936027 804.516171970801 71106.2155559571 41.4288159974766
362920 606.75595632836 -12734.8708736494 -12128.114917321 -2528.13872480643 -2594.73315765991 -2878.38726963811 -2111.29574712126 695.991505407774 71366.8758625582 41.4793773498356
362930 602.649082933369 -12730.3419796861 -12127.6928967528 -150.517433169885 -136.601082945975 -130.784428786482 -184.166787777202 326.189921441631 71148.7666225854 41.4370782324813
362940 595.228459460375 -12721.85001434 -12126.6215548796 2481.48633903286 2617.08527634147 2845.98125329593 1981.39248746119 20.4539853467909 70933.1154102599 41.395170737903
362950 589.034288121479 -12714.5173566515 -12125.48306853 267.096850761198 450.711233466232 820.792423723834 -470.213104906474 -111.734108702427 71180.542449246 41.4432460669552
362960 589.617328093065 -12713.0345368247 -12123.4172087316 -2469.8628983551 -2213.36130120683 -2012.63962294214 -3183.58777091635 -65.6457342036959 71450.9538965689 41.4956600477418
362970 599.954867472012 -12721.2227916908 -12121.2679242188 -663.110935983613 -420.787490427109 -349.31325734201 -1219.23206018172 99.3669429850952 71244.5059083595 41.4556561051184
362980 613.332551578927 -12731.8788159768 -12118.5462643978 2135.93465486058 2178.75598963031 2478.19255092097 1750.85542403046 433.613475944189 70933.6871077583 41.3952819480753
362990 623.055480583165 -12739.2518692143 -12116.1963886311 782.26447074085 513.55955642453 1430.80961487743 402.424240920591 584.034394650966 71032.7999549565 41.4145529743348
363000 628.497125130392 -12742.5908498054 -12114.093724675 -1808.81179426895 -2257.01726464939 -960.079252704653 -2209.3388654528 409.945788132401 71268.7761617944 41.4603630180133
363010 625.371689730233 -12737.9938457653 -12112.6221560351 -621.930905673196 -1084.79655036236 241.284824137589 -1022.28099079481 8.44390682110539 71164.8941893721 41.4402088970072
363020 614.854532460745 -12726.2036286357 -12111.3490961749 1841.53966762653 1385.94326150625 2595.39675927512 1543.27898209823 -425.095192795003 70959.0690244938 41.4002187951777
363030 609.619014952318 -12720.0067745945 -12110.3877596422 612.759297513208 355.440556449369 968.429339448609 514.407996641651 -598.373846170478 71098.4709121063 41.4273118482639
363040 615.532131226005 -12724.7478871187 -12109.2157558927 -1957.73231503366 -1824.31808334122 -2078.42470444693 -1970.45415731282 -442.568159477015 71336.961132569 41.4735809269007
363050 623.622664558023 -12731.9386072676 -12108.3159427096 -888.465240808159 -438.495499683161 -1201.46792505403 -1025.43229768729 -123.041102104529 71199.0659142325 41.4468407100493
363060 625.540844263257 -12732.9029282964 -12107.3620840332 2010.51220401382 2525.20485642501 1576.83598304875 1929.49577256769 132.735377594927 70911.9007861357 41.3910435139869
363070 618.805585178511 -12725.5956229024 -12106.7900377239 1353.21098823652 1554.27491472456 893.989538965309 1611.3685110197 135.578633436212 71015.5526485489 41.4112007797394
363080 610.813486886435 -12716.9156433402 -12106.1021564537 -1686.61175883331 -2004.82448894437 -1942.02922419572 -1112.98156335983 -197.14511361297 71360.0276856148 41.4780505568921
363090 608.790352441518 -12714.1118179677 -12105.3214655262 -1512.95510617725 -2162.27143703356 -1439.3734482286 -937.220433269586 -561.99930444669 71369.655788795 41.4799159195424
363100 611.318422686407 -12715.7263823426 -12104.4079596562 1212.94301925505 402.225835035566 1652.22505259767 1584.37817013192 -840.435916786655 71099.1812942251 41.4274498218057
363110 615.831859302224 -12719.1521322907 -12103.3202729885 1387.01173803491 467.93458108592 2185.90952678735 1507.19110623145 -930.448459017442 71067.0131064516 41.4212010531028
363120 618.058721965561 -12720.3041887202 -12102.2454667546 -881.44986765447 -1746.58899657164 26.5743410523611 -924.33494744413 -806.531895920689 71291.2351290742 41.4647177026859
363130 615.35712870423 -12716.4463999779 -12101.0892712737 -1194.34224583842 -1928.05052761033 -301.751065404844 -1353.22514450008 -584.508625711569 71341.9764372961 41.474552829679
363140 609.898994544594 -12709.8302949859 -12099.9313004413 861.973374396874 323.132398861333 1453.86379163614 808.923932693162 -481.454312881401 71175.5036583776 41.4422681368903
363150 607.814595630216 -12706.4311981668 -12098.6166025366 1110.64494204607 735.48065730598 1356.10682112629 1240.34734770594 -332.843035001557 71176.5422679016 41.4424697143189
363160 613.386861638027 -12710.5200740014 -12097.1332123633 -972.189026131398 -1344.42183382741 -872.450623193133 -699.694621373653 -51.2856179658626 71374.2803574382 41.480811830525
363170 622.001295491391 -12717.5594170302 -12095.5581215388 -1323.40600021255 -1718.13673309733 -1151.29691166077 -1100.78435587957 122.874125251452 71376.274344834 41.4811981108737
363180 626.987008137554 -12721.0846441541 -12094.0976360165 875.434476703909 420.107926074934 1368.00235451511 838.193149521693 117.845410463725 71138.3043012877 41.4350470458176
363190 626.254127183414 -12719.0073695082 -12092.7532423248 1481.95888008363 999.479775713156 2253.53472110938 1192.86214342838 104.747440163125 71079.4166574973 41.4236107040886
363200 620.367212092074 -12712.0660754382 -12091.6988633461 -503.359558589228 -985.76324459048 216.954917621146 -741.270348798356 43.6314793009857 71298.6033476823 41.4661461652406
363210 614.436783886051 -12705.0150251685 -12090.5782412824 -1314.42756023879 -1824.61090679042 -785.381021751729 -1333.29075217423 -63.187113413415 71413.7832227196 41.4884630867101
363220 612.093424853842 -12701.6095525855 -12089.5161277316 350.131894578605 -262.677259143416 898.564464524797 414.508478354434 -141.787938013718 71280.7405773124 41.4626829739206
363230 614.101355234696 -12702.3928995843 -12088.2915443496 1083.40487859309 386.540189930908 1876.47058544065 987.203860407727 -119.697226431837 71217.3034708493 41.4503792610284
363240 618.617078427763 -12705.6826546385 -12087.0655762107 -361.353916882717 -993.086391736287 585.663349093163 -676.638708005032 -154.764315386817 71353.6007024902 41.4768052904916
363250 620.790121270207 -12706.5902818088 -12085.8001605386 -973.275105072305 -1445.89097241449 48.8857568766056 -1522.82009967904 -220.30241222918 71416.7610715524 41.4890397478186
363260 618.7940448304 -12703.440852308 -12084.6468074776 323.467238833357 133.258621536316 1234.77536690958 -397.632271945825 -283.191407592118 71299.0602299847 41.4662347369048
363270 617.50051641377 -12700.994302914 -12083.4937865002 953.870482894709 980.441678963167 1543.38346397084 337.78630575011 -344.888899731046 71250.4338464808 41.4568058534184
363280 619.48407467832 -12701.8835223782 -12082.3994476999 -391.504687439829 -380.657915703047 -63.2174857824277 -730.638660834011 -143.379290824576 71374.8695910894 41.4809259791269
363290 622.174684120153 -12703.481827844 -12081.3071437238 -995.639653743107 -1157.60410039994 -790.964052558976 -1038.35080827042 229.480505245718 71418.5056916246 41.4893775864484
363300 624.664414023594 -12705.0202800891 -12080.3558660655 258.166643383718 123.617572392057 367.090957496491 283.791400262617 562.128994705654 71277.1278925586 41.4619824848774
363310 628.715299344778 -12708.198276859 -12079.4829775142 1047.2277237175 1293.4234069216 986.94772654902 861.312037681895 582.764448841791 71197.7583457263 41.4465869852068
363320 632.497307765526 -12711.3770689168 -12078.8797611512 -128.963077312765 583.730153141289 -315.486526184763 -655.132858894827 382.253860939814 71313.1438252288 41.4689648113119
363330 635.370778264542 -12713.8622407797 -12078.4914625152 -940.53257177601 274.935011784229 -1399.6517289995 -1696.88099811276 -28.7181670893048 71394.2787952859 41.4846856534555
363340 633.61461786971 -12712.0778480114 -12078.4632301417 43.0083313823745 1497.38938939926 -509.397394214854 -858.967001037277 -494.35227043786 71298.4219326623 41.4661109958367
363350 626.977061122508 -12705.6187147941 -12078.6416536715 956.240325883271 2260.26169146652 582.069691540042 26.3895946432581 -821.966261001054 71226.4445612703 41.4521526383594
363360 621.228694646696 -12700.2363666209 -12079.0076719743 64.665257102248 935.270767011847 -50.5634802614238 -690.711515443679 -864.789295040468 71332.3991267238 41.4726968281628
363370 617.525719859604 -12696.852423359 -12079.3267034994 -853.159880449175 -573.808098715692 -746.467516248504 -1239.20402638332 -808.622443197785 71432.0061328091 41.4919917063518
363380 614.675495560384 -12694.2965173783 -12079.6210218179 -78.3888583991421 -302.609320908653 104.140655884251 -36.6979101730274 -498.133499320276 71369.0673944382 41.4798019279809
363390 615.822218052408 -12695.6047343141 -12079.7825162617 653.524879295691 164.257910783553 881.824707105248 914.492019998271 -214.438402560668 71301.7382714956 41.4667538971258
363400 619.307088088064 -12699.1952967667 -12079.8882086787 62.2054241299019 -409.583463096366 389.505236956348 206.694498529723 -7.15060429590365 71357.8113748897 41.4776211418866
363410 619.491200337682 -12699.4329424637 -12079.941742126 -575.114942904803 -864.230755040238 -399.780373081602 -461.333700592568 57.0891443815942 71415.1591955315 41.4887295461525
363420 618.619775887048 -12698.6130683639 -12079.9932924768 -80.1445409614278 -150.426656549883 -234.401692743503 144.394726409102 -27.4372962456561 71364.486560918 41.478914446707
363430 621.983166775617 -12701.9948938816 -12080.011727106 463.498943803022 553.565456621052 -6.19031572103764 843.121690509045 -137.239397518998 71306.4037971572 41.4676583163334
363440 625.764519093854 -12705.8403438903 -12080.0758247965 62.7413993978149 254.00276632655 -507.869895481758 442.091327348648 -106.387599361453 71337.087573304 41.4736054300796
363450 628.030624776162 -12708.2788787939 -12080.2482540177 -360.278931743206 -127.603376078258 -942.93785110578 -10.2955680455852 -43.8019965827691 71377.4535524297 41.4814265466061
363460 627.710457030494 -12708.3170075852 -12080.6065505547 -123.849742363823 -20.7304000696616 -549.499234412354 198.680407390555 -93.5765412250127 71348.2279879109 41.47576423754
363470 625.141205115702 -12706.2959857364 -12081.1547806207 243.19923245408 146.611540006523 187.973127321889 395.013030033823 -117.928301439141 71297.8561935415 41.4660013203695
363480 625.141031673478 -12707.0544664018 -12081.9134347283 85.7780781110785 -91.5987761052855 618.062147761306 -269.129137322782 25.2616511903204 71294.7944965426 41.4654077627887
363490 625.586228278658 -12708.5195276899 -12082.9332994113 -180.594939026173 -329.73230964586 832.69661258791 -1044.74912002058 377.991254492088 71308.5268387784 41.4680698581031
363500 623.436029361626 -12707.728226375 -12084.2921970134 48.5503170825548 -148.336849370254 1072.04296634241 -778.055165724498 722.033222913742 71292.4313879894 41.4649496258234
363510 623.406483615434 -12709.4677464639 -12086.0612628484 133.473743287598 -318.761315924065 807.158137088284 -87.9755913014185 936.296189357409 71284.6182472585 41.4634348164847
363520 625.50729608464 -12713.8540704078 -12088.3467743232 -50.1419633717192 -849.693049056069 270.013306921226 429.253852019678 877.664334219444 71301.5323118362 41.466713970625
363530 621.20428959582 -12712.39974639 -12091.1954567942 23.2423232291224 -807.291468366403 119.83922697633 757.179211077448 608.514727859459 71313.6952611708 41.4690716986612
363540 611.358464883255 -12705.7762222121 -12094.4177573289 123.266548107517 -478.914379887129 190.562648621946 658.151375587733 302.168356187361 71331.9986443653 41.4726192144616
363550 605.067084635727 -12702.7023444573 -12097.6352598216 -47.3882107349459 -385.088427151862 137.086057493589 105.837737453441 47.1169863459595 71373.117397997 41.4805865357198
363560 603.598573997483 -12704.110673973 -12100.5120999755 -300.338961748711 -350.446006773399 16.6310732448492 -567.201951717571 -71.4203679661375 71401.9047281412 41.4861626539911
363570 605.193845556749 -12708.0907359322 -12102.8968903755 -163.669799500922 77.9127554835573 262.263378072946 -831.185532059255 -61.7823524077837 71370.1876629894 41.4800189607289
363580 608.740148035391 -12713.5190492842 -12104.7789012488 219.935849572728 763.821204024948 542.660550629868 -646.674205936624 -59.803936385134 71303.8046421308 41.4671544710666
363590 607.846086083575 -12714.0657527456 -12106.219666662 368.297882715636 1088.48805473865 378.700133678793 -362.294540270535 -66.5190156887111 71282.196717326 41.4629653085323
363600 601.602041634453 -12708.8456020028 -12107.2435603683 -92.7527938059395 430.101843687403 -460.390170621569 -247.970054483652 -71.3906479575308 71333.6372550128 41.4729367762682
363610 595.642066383089 -12703.4294837007 -12107.7874173177 -368.280430425909 -114.964850537602 -1104.46820554962 114.591764809515 -4.29399417704751 71371.976066616 41.4803654284402
363620 593.926856493141 -12701.7629405376 -12107.8360840445 -56.762257100147 124.280736134641 -1002.11951769395 707.552010258863 179.40282608674 71338.2625858848 41.4738331365095
363630 598.595941564764 -12705.9994392912 -12107.4034977264 175.971879694357 474.412126316974 -876.725222298264 930.228735064354 326.698830180353 71285.2963015219 41.4635662818242
363640 607.825725232314 -12714.4400181596 -12106.6142929272 -9.22351010207081 485.294119087622 -1142.39152709161 629.426877697768 182.857376470405 71259.3917508579 41.4585431553098
363650 615.875420437691 -12721.5192457339 -12105.6438252962 -77.4429568181343 484.436611131985 -1234.90278439401 518.137302807611 -55.1124237707739 71230.5840003304 41.4529556422478
363660 620.157916146259 -12724.8050001082 -12104.647083962 314.370123670157 877.525446757603 -736.453738126382 802.038662379258 -118.861223565675 71187.5399707757 41.4446040715174
363670 619.759592465254 -12723.477494818 -12103.7179023527 314.166929332649 815.187483751496 -566.32300004771 693.636304294165 -147.716575929324 71204.6583483151 41.4479258490801
363680 615.793331237129 -12718.6256664018 -12102.8323351647 -371.120190911448 228.242700618904 -1116.0893614306 -225.513911922658 -269.248084548237 71294.3000352404 41.4653119021813
363690 614.043287520914 -12715.9649010874 -12101.9216135665 -568.216582477378 128.424078277569 -1051.27348131499 -781.800344394716 -453.458119886157 71328.3848455713 41.4719188451315
363700 615.268593867597 -12716.2437990416 -12100.975205174 264.930884039802 854.270283844155 81.8323535634649 -141.309985288208 -558.703216926162 71246.9747268692 41.4561349505051
363710 614.432361031588 -12714.3885628076 -12099.956201776 671.464894970673 1031.84883929979 703.804494901974 278.741350710243 -518.851442191142 71196.0615761761 41.4462577338977
363720 613.548281386538 -12712.459437446 -12098.9111560595 -189.426597912592 -4.36563142870656 -92.7225685843545 -471.191593724714 -435.843378817113 71275.9508086519 41.4617542466266
363730 616.119876796051 -12713.8988648095 -12097.7789880135 -825.73859392406 -722.625028234921 -845.764112299376 -908.826641237875 -464.895972199154 71335.2325823394 41.4732459451198
363740 619.610683564212 -12716.2786288585 -12096.6679452943 124.99185484617 132.87517142129 -97.4962402191934 339.596633336412 -600.250355150347 71236.1321639908 41.4540318738241
363750 620.107419585471 -12715.6577383402 -12095.5503187548 1083.98702113739 965.414879841606 619.938730519372 1666.60745305118 -537.525795922679 71151.6989166003 41.4376474811747
363760 615.824777234972 -12710.3843665092 -12094.5595892742 17.7308753664092 -225.395362825728 -644.821732342867 923.409721267823 -417.783578462256 71273.9318937136 41.4613627702851
363770 613.779409926899 -12707.240858754 -12093.4614488271 -1250.99666192735 -1673.72488597563 -1929.59712367232 -149.66797613411 -322.439275755762 71409.9846336614 41.4877274658016
363780 620.646975417346 -12713.0779422688 -12092.4309668515 -397.148888660272 -931.795250907111 -952.958328483734 693.306913410021 -364.25059728271 71304.3677052599 41.4672636216906
363790 629.948350250217 -12721.3160898709 -12091.3677396206 1294.95478979015 821.065495354257 971.870100577181 2091.92877343902 -371.896002215244 71115.4890557837 41.4306169343542
363800 628.955947021371 -12719.5668139833 -12090.610866962 744.078324149325 766.925535838228 548.300470380954 917.008966228795 -354.787766652035 71170.0732799833 41.4412141557238
363810 620.929108685263 -12710.9403521298 -12090.0112434445 -1005.6848776082 -482.456702878202 -1127.93260889544 -1406.66532105095 -455.015574611294 71380.3043627094 41.4819787943024
363820 616.932122392028 -12706.4131923255 -12089.4810699334 -1008.32730498858 -316.462272008708 -1040.68202714084 -1667.83761581622 -567.227142472302 71403.539111111 41.4864791897131
363830 619.213015026332 -12708.1809837406 -12088.9679687143 656.741962477363 1132.14099199164 826.997628510029 11.0872669304222 -492.51529419301 71223.4305847703 41.4515679417767
363840 622.1698788562 -12710.5779015429 -12088.4080226867 1147.16494521693 1079.33711811748 1642.77889959618 719.378817937133 -180.335789193568 71161.69819001 41.4395885309058
363850 622.304911335439 -12710.2717571765 -12087.966845841 -513.623104568675 -1211.92668697216 241.355042747654 -570.297669481514 243.054314938695 71321.6935112526 41.4706219740826
363860 624.17509152743 -12711.7030160756 -12087.5279245482 -1260.19502170298 -2264.59245594968 -322.540540726193 -1193.45206843304 679.07853741086 71392.3194439769 41.4843061467774
363870 625.872107181792 -12713.1370490987 -12087.2649419169 535.067576929053 -364.435449640145 1645.88763268704 323.750547740268 790.238154698503 71223.185260149 41.4515203492836
363880 619.997383924013 -12707.0193259763 -12087.0219420523 1595.92713674567 908.763598369793 2791.51451769406 1087.50329417315 584.555286927883 71151.0253477445 41.4375167220722
363890 610.812541611831 -12697.7215730989 -12086.909031487 -404.318941691528 -832.274580065541 487.742280609107 -868.424525618143 378.542696001592 71387.9212616993 41.4834542377372
363900 609.674066821225 -12696.0966021095 -12086.4225352883 -2016.31797683224 -2162.77641164832 -1657.05898227123 -2229.11853657717 259.532248266591 71559.6895546236 41.5166990530023
363910 616.871641059158 -12702.9100629249 -12086.0384218658 -220.769720882956 -239.617153717296 -151.781775028451 -270.910233903125 132.558293879895 71334.4391735451 41.4730921858489
363920 627.252670037221 -12712.5185336755 -12085.2658636383 2123.00699139627 2054.59471809197 2260.90859579764 2053.51766029921 -22.363324686203 71051.4896734111 41.4181849042777
363930 634.180936536976 -12719.0748864524 -12084.8939499154 633.723793099674 374.92529898683 983.67980365854 542.566276653655 -156.3196900203 71167.4621539132 41.4407073436466
363940 635.122993051353 -12719.7190966117 -12084.5961035603 -1927.81864434863 -2368.28644713813 -1492.3997497027 -1922.76973620504 -84.0468765860071 71420.9393244938 41.4898488404331
363950 633.276924571029 -12718.0665705429 -12084.7896459719 -753.327453925171 -1106.16220484753 -263.815453492193 -890.004703435778 109.115834565679 71315.1506838922 41.4693538072537
363960 630.874908169862 -12715.9399273271 -12085.0650191573 2015.25293671483 1954.24393917864 2483.30183559982 1608.21303536603 477.264176275917 71057.1421295781 41.4192832076243
363970 627.420911557628 -12713.2060591162 -12085.7851475585 1083.68418908092 1224.78517637164 1571.43787895466 454.829511916452 739.830274615426 71177.9166108693 41.4427364492029
363980 620.755550351863 -12707.1842093752 -12086.4286590233 -1978.95144117156 -1735.03481941744 -1708.8697432509 -2492.94976084634 753.060081036784 71516.4749744508 41.5083401197948
363990 610.668690777949 -12697.8675877243 -12087.1988969463 -1147.6066676461 -906.5584298078 -1119.00232274223 -1417.25925038828 670.406446460081 71491.0822551704 41.5034268724188
364000 602.621504512034 -12690.3579090257 -12087.7364045136 1836.07576142772 1856.13334580036 1948.27834032917 1703.81559815361 734.383111397082 71238.9148384154 41.45457163536
