# Fix print output for fix setl_out
150000 254.222451021882 -13182.7687257517 -12928.5462747298 733.259084748226 644.647597075253 591.667682324076 963.461974845357 -89.5921137526488 67732.9642565148 40.7630521139804
150010 251.495224091094 -13179.9976814777 -12928.5024573866 -549.509512333421 -586.815741772456 -588.541330762768 -473.171464465041 -23.9470581224398 67847.1099120576 40.7859376422229
150020 250.321057981936 -13178.6453126806 -12928.3242546987 102.125272892882 142.483083957354 208.156924288966 -44.2641895676706 50.4736533174851 67798.3048797074 40.7761556657827
150030 249.825122607013 -13177.8008520932 -12927.9757294862 385.110603648978 504.012200853897 578.312576781696 73.0070333113495 92.0257446394323 67778.9298349302 40.7722710302547
150040 250.865752333116 -13178.3114000279 -12927.4456476948 -749.068131996872 -574.957231430676 -565.074218121062 -1107.17294643888 146.88733768477 67871.6974314656 40.7908639336995
150050 254.277473187169 -13181.0439807656 -12926.7665075784 723.655768005818 923.044498917606 831.35220334917 416.570601750677 189.402493935816 67737.4217547482 40.7639462982181
150060 257.194865970519 -13183.1900160433 -12925.9951500728 -342.86120905365 -199.57262343158 -288.860291398802 -540.150712330567 208.716986370469 67818.1036031445 40.7801244830851
150070 258.091400448131 -13183.2802553735 -12925.1888549254 -134.040699754341 -131.668214932482 -36.2045302241119 -234.249354106429 155.214001061887 67803.1532479749 40.7771276325951
150080 256.862645715537 -13181.2486812723 -12924.3860355568 632.616178252201 502.892527803457 845.098988394958 549.857018558185 -1.97746344611664 67750.7607947348 40.7666219055221
150090 255.408748935266 -13179.0001322456 -12923.5913833103 -898.154891355473 -1039.9465444659 -577.909694015612 -1076.60843558491 -102.274878459249 67886.2934816727 40.7937877976255
150100 256.261317545775 -13179.0807058147 -12922.819388269 710.269366302192 655.726136423196 1076.49144234646 398.590520136919 -100.209689740831 67751.5219717689 40.7667745753952
150110 257.675871820372 -13179.7563676725 -12922.0804958521 -185.883710533146 -148.084446495463 143.259685224506 -552.826370328483 -100.240709342223 67823.3947651564 40.7811850093199
150120 258.680632328363 -13180.0740217639 -12921.3933894356 -470.89556125664 -379.794086951628 -258.172701673854 -774.719895144439 -215.716276819974 67847.03736692 40.7859231055069
150130 259.2229975412 -13180.0078439645 -12920.7848464233 1002.13260962426 1151.24376670323 1067.65074980166 787.503312367889 -343.309102980971 67725.9243969242 40.761639822299
150140 258.556446229234 -13178.8460280923 -12920.2895818631 -1098.22116822974 -905.36752884285 -1132.62395859655 -1256.6720172498 -380.910397287611 67907.0797818789 40.7979509619666
150150 257.685643478396 -13177.5812967848 -12919.8956533064 701.384635756972 902.915844521013 602.419561064068 598.818501685832 -317.007275504435 67766.8103004599 40.7698407253368
150160 255.524086897758 -13175.0789776719 -12919.5548907742 125.009972138057 284.648095789911 64.2715814088906 26.110239215364 -245.79068346846 67826.5593303127 40.781819267899
150170 253.774487489708 -13172.9382933531 -12919.1638058634 -1111.74823743498 -996.460609428481 -1068.93347339476 -1269.85062948171 -178.579564769107 67938.9808251599 40.8043385799351
150180 254.768915330402 -13173.5117992109 -12918.7428838805 1678.09584409359 1750.73677425242 1811.46136241576 1472.0893956126 -142.663216818132 67705.6681046251 40.7575755882559
150190 256.570057751954 -13174.9338519554 -12918.3637942034 -1539.26418126478 -1492.03796256924 -1387.43703470667 -1738.31754651842 -124.847222566187 67964.9932018349 40.809545617075
150200 258.85046680305 -13176.9027491039 -12918.0522823009 581.958431616202 654.532237280651 657.372437987966 433.970619579988 -49.8195798210153 67777.7712945627 40.7720387231001
150210 259.566051412975 -13177.2772030581 -12917.7111516451 892.483330826333 1019.69275588041 863.653887529938 794.103349068639 27.6162602174475 67744.6831360119 40.7654028637412
150220 258.899928588082 -13176.251186043 -12917.3512574549 -2102.22791188165 -1943.91277864824 -2168.32226282654 -2194.44869417018 135.750539979842 67993.5498426758 40.8152604235841
150230 259.315008647672 -13176.3985818713 -12917.0835732237 2473.12344776506 2599.52666608877 2389.97146254812 2429.87221465828 317.24878393888 67616.7258691411 40.7397205670705
150240 259.71621599745 -13176.6968192013 -12916.9806032038 -1656.05889078646 -1620.46405762047 -1768.54422182409 -1579.16839291481 433.133645581274 67959.2560256789 40.8083972899275
150250 262.525679961547 -13179.4365304396 -12916.9108504781 -4.47274037204572 -34.4073342754464 -172.827905337065 193.817018496377 412.75854614044 67819.2280434808 40.780349863237
150260 263.275207833726 -13180.0557445682 -12916.7805367345 1727.67216506665 1650.11407776078 1557.94347820039 1974.95893923877 272.690291436403 67679.8423243421 40.7523927131997
150270 259.074241670852 -13175.7774675274 -12916.7032258565 -2540.53888463669 -2636.70743662448 -2660.70811542967 -2324.20110185591 122.598085520147 68051.2895833544 40.8268105180876
150280 255.92405340836 -13172.7060226595 -12916.7819692512 2192.27753385009 2077.63749260253 2150.4980117216 2348.69709722613 62.7013209652554 67669.8849996195 40.7503940643879
150290 254.953213719946 -13171.8328599739 -12916.879646254 -944.02194896546 -1091.03743381061 -889.422288100147 -851.606124985634 93.6926743735262 67931.2599942098 40.8027928039492
150300 257.923105867591 -13174.7585811061 -12916.8354752385 -703.315865571888 -834.818489506636 -606.287185287418 -668.841921921617 136.298293732567 67901.0573409496 40.796744850545
150310 260.998787579005 -13177.6694502192 -12916.6706626402 1856.39490637614 1770.36459328183 1948.35420740109 1850.46591844551 179.772088396803 67674.6509516752 40.7513507177307
150320 260.639223697727 -13177.2535439904 -12916.6143202927 -2032.00763775219 -2106.01043218877 -1935.10763515878 -2054.90484590901 260.623976409426 67993.3232763056 40.815215089011
150330 261.292998811914 -13177.9820864935 -12916.6890876816 1347.51624689904 1253.16892111287 1458.0479304721 1331.33188911216 368.827183628565 67706.8709445156 40.7578169493748
150340 261.364376816594 -13178.1695278866 -12916.80515107 -123.830385537224 -191.409891151021 -50.7797554849844 -129.301509975664 367.522454467201 67828.0903629158 40.7821261183213
150350 260.25159893276 -13177.1545148879 -12916.9029159551 -994.709677793837 -988.799327397894 -990.157236112918 -1005.17246987071 339.430942975088 67906.3979979337 40.7978144249951
150360 259.17203676391 -13176.2068957029 -12917.034858939 1601.71553021459 1654.92185585425 1539.40195677674 1610.82277801277 354.481938989712 67697.3975164386 40.7559159396659
150370 257.864375941462 -13175.1019122359 -12917.2375362945 -1484.15439757166 -1460.8791227021 -1580.92880635019 -1410.65526366269 323.183763351485 67956.2634739873 40.8077982887119
150380 257.93918172317 -13175.4162278284 -12917.4770461053 741.568092136272 694.773777411061 703.610372317987 826.32012667977 301.373651552269 67771.1906154871 40.7707191341899
150390 257.421699036033 -13175.111115256 -12917.68941622 297.97955534518 220.616641702546 369.911135477799 303.410888855195 337.629538086791 67812.1972660604 40.7789405899881
150400 257.202793003454 -13175.0526270381 -12917.8498340346 -1156.98017816701 -1191.64157769488 -1054.1691617163 -1225.12979508983 360.230187370809 67936.2545193334 40.8037927637103
150410 258.070650595255 -13176.0918421424 -12918.0211915471 1435.66040921226 1482.1446237384 1539.30791018102 1285.52869371736 317.1618226144 67717.8074082226 40.7600113223722
150420 257.634120913669 -13175.8804650626 -12918.2463441489 -1059.22368087534 -929.589542064119 -1007.83009095614 -1240.25140960577 153.939782164311 67923.1910420293 40.8011772059633
150430 257.408125278735 -13175.8940195058 -12918.4858942271 248.530243594855 395.027150832708 198.371045151735 152.192534800128 1.95025731759409 67812.8036248783 40.7790621344767
150440 257.411290023173 -13176.1088022759 -12918.6975122528 629.55386911227 740.956253364141 502.661489337017 645.043864635647 1.63259926671331 67779.0376941252 40.772292657733
150450 257.460505277613 -13176.3673455694 -12918.9068402917 -1205.47613610377 -1063.30033025028 -1358.35098393162 -1194.77709412941 122.789974065305 67928.5153084743 40.8022432663151
150460 258.797777321201 -13177.9624306406 -12919.1646533194 1206.32418624916 1417.53045415721 1048.30933871736 1153.13276587292 202.031867805434 67719.7105597403 40.7603931606394
150470 259.742664082861 -13179.2474796822 -12919.5048155993 -652.443919177996 -476.913483026328 -775.820479014226 -704.597795493442 218.658242813304 67868.7519063186 40.7902738386713
150480 259.111607465023 -13179.0242815234 -12919.9126740584 -108.224308800959 -102.524218672853 -157.813500385035 -64.3352073449884 144.435280117343 67827.2737073996 40.7819624443344
150490 256.975553762106 -13177.3553655499 -12920.3798117878 839.049969931944 622.711022436334 913.545738133789 980.893149225713 0.387713490882045 67758.1623866427 40.7681064001015
150500 255.83836450908 -13176.7315055772 -12920.8931410681 -1210.83396392873 -1552.19668433691 -1054.2723480774 -1026.03285937187 -113.529739686075 67933.3346810443 40.8032081853964
150510 257.364302497136 -13178.8411567018 -12921.4768542047 966.618131055575 681.28783730057 1099.61943616243 1118.94711970373 -84.3689849276845 67744.738615847 40.7654139920793
150520 257.932602344282 -13180.0541010001 -12922.1214986558 -295.591502629292 -397.01768391983 -242.73467561381 -247.022148354237 105.032633035649 67842.4673089068 40.7850073287481
150530 256.401982032419 -13179.2029736948 -12922.8009916623 -447.563642406801 -342.568303037921 -519.703159975245 -480.419464207229 236.51822029667 67855.4411127259 40.7876069932292
150540 254.268337996068 -13177.748535873 -12923.4801978769 993.798410948714 1221.07661589686 837.696059025011 922.622557924271 225.201158287645 67738.8762617763 40.7642380671324
150550 254.026230878989 -13178.1690008482 -12924.1427699692 -1115.90225562047 -886.654606461936 -1248.42391718438 -1212.62824321509 99.7754155058082 67912.7243810551 40.7990813384591
150560 256.587462385022 -13181.3806093274 -12924.7931469424 698.849997141594 894.318993697803 645.051618383438 557.179379343538 -47.5701151130735 67753.3627170895 40.7671437703975
150570 257.354357440687 -13182.7752220423 -12925.4208646016 31.0644687802723 219.24261614372 -31.2075559605081 -94.8416538423939 -72.8094557623344 67801.1701419399 40.776730079028
150580 255.368046962229 -13181.385107878 -12926.0170609158 -683.431505842677 -488.021999989925 -847.850811294984 -714.421706243121 -1.55877999725264 67861.5554471518 40.7888320562711
150590 253.391609336464 -13179.9518944443 -12926.5602851078 1043.15934390993 1205.46782238456 814.33549960874 1109.67470973649 118.644329078861 67720.6898868112 40.7605896448619
150600 252.710766842698 -13179.7477802183 -12927.0370133756 -945.077901182698 -856.622794262992 -1087.16761964775 -891.443289637356 173.22620803188 67885.9232754102 40.7937136435148
150610 253.776691831523 -13181.20472275 -12927.4280309184 402.751488686831 427.496331287482 378.507733695957 402.250401077055 187.359651149187 67769.5460870264 40.7703893522195
150620 254.104109287251 -13181.8172265335 -12927.7131172463 321.161943990456 330.041266853382 381.505653466386 251.938911651601 239.384311334979 67773.3898119316 40.7711601369714
150630 253.205802774287 -13181.1032813835 -12927.8974786092 -893.56167336612 -867.459079675932 -767.082179519721 -1046.14376090271 252.375313915751 67872.5862183318 40.7910419864434
150640 253.410984325388 -13181.4058732508 -12927.9948889254 1067.64804585082 1134.02773261355 1260.06080665059 808.855598288299 276.507318067573 67707.1194169765 40.7578668073511
150650 254.475161495734 -13182.4966286092 -12928.0214671134 -766.209363305447 -695.810246813302 -561.537654015441 -1041.2801890876 322.358399144638 67855.0021851035 40.787519047219
150660 256.192689086155 -13184.1646236103 -12927.9719345242 125.224924893532 131.062566253078 297.189420688094 -52.5772122605713 399.307812402403 67776.7999186878 40.7718439435864
150670 256.815341020743 -13184.6579785155 -12927.8426374948 621.436088527605 556.146170886043 705.061911051039 603.10018364573 394.850584784523 67736.8523477899 40.7638320760786
150680 255.71857086507 -13183.3721606798 -12927.6535898147 -1074.00398846056 -1139.57847776173 -1090.45282179272 -991.980665827235 307.949446447312 67883.0080388238 40.7931296980608
150690 254.677449757355 -13182.094276597 -12927.4168268396 1065.15085508054 1017.95434596239 1006.22699915152 1171.27122012771 205.797434957266 67710.9331771499 40.75863205337
150700 253.488808231168 -13180.5911871614 -12927.1023789302 -569.179689512233 -614.183163545915 -634.611524727132 -458.744380263653 108.28438161838 67852.1920458096 40.7869559828976
150710 253.689235974023 -13180.3253527629 -12926.6361167889 -243.530496213102 -324.469651861931 -326.47140085699 -79.6504359203839 69.7059388772299 67826.2942024075 40.7817661303449
150720 254.912572405589 -13180.9036111957 -12925.9910387901 965.993852851015 878.364594722438 875.612323485611 1144.004640345 120.868392622774 67723.6823593081 40.7611900184803
150730 254.973757860565 -13180.1835882494 -12925.2098303889 -1265.68494771063 -1369.92562639561 -1275.04206960773 -1152.08714712856 189.037163759654 67910.5715919064 40.798650232465
150740 254.704176359518 -13179.0255457961 -12924.3213694366 1053.56915378106 901.944918625886 1153.31758226235 1105.44496045495 180.857532561522 67725.3516903845 40.7615249252651
150750 254.547956572909 -13177.8728264136 -12923.3248698407 -329.084785444166 -518.871761411574 -158.260144234991 -310.122450685935 81.9093379795134 67847.4317951016 40.7860021415608
150760 256.153810617667 -13178.3490818765 -12922.1952712588 -676.765302371167 -790.366286971697 -488.864854559259 -751.064765582546 40.3720504350334 67876.3139339165 40.7917887514615
150770 257.737418916773 -13178.7461347388 -12921.008715822 1468.22480387821 1583.99651069115 1604.96435539779 1215.71354554568 165.448613043904 67697.621254452 40.7559608386721
150780 256.928483882291 -13176.849236828 -12919.9207529457 -1588.12770551413 -1230.71553667251 -1555.90909099097 -1977.75848887891 314.461107988706 67958.4840128066 40.8082427624005
150790 256.84142453109 -13175.8277441842 -12918.9863196531 969.346343608845 1347.03076083733 937.002227636205 624.006042353003 375.991148747218 67750.9304034345 40.7666559241707
150800 257.678382329658 -13175.8360306097 -12918.15764828 132.028745445846 252.93240598309 144.302983754783 -1.14915340033352 308.40107872449 67818.2127431002 40.7801463589479
150810 259.691624213119 -13177.0962142923 -12917.4045900792 -1318.04142196112 -1476.31857580991 -1269.92036764261 -1207.88532243086 174.713500958138 67933.2400377354 40.8031892366606
150820 261.339486633401 -13178.1222976493 -12916.7828110159 2035.26221258351 1806.1230551304 2043.25795351915 2256.40562910098 26.837160077529 67653.8269498077 40.7471704560067
150830 259.381700662519 -13175.7796279272 -12916.3979272647 -1738.92517290138 -1779.32284417963 -1817.42848452945 -1620.02418999505 -91.802121863155 67978.4395557108 40.8122367250608
150840 257.483727966354 -13173.6158888907 -12916.1321609244 646.033766337476 907.253903319309 481.234136947384 549.613258745734 -199.23981904075 67795.3679604986 40.775566870314
150850 256.146034802637 -13171.9973711063 -12915.8513363037 764.365509957043 1223.05375272873 576.088186791202 493.954590351201 -255.477677005526 67795.1572624105 40.7755246287709
150860 256.436505528012 -13171.9199251004 -12915.4834195724 -1984.40830125776 -1612.03195213816 -2127.17198921634 -2214.02096241878 -183.791328314908 68020.9318392822 40.8207386556296
150870 259.868827562465 -13175.0355105041 -12915.1666829416 2265.58475562946 2316.37528992075 2248.19929791287 2232.17967905476 -81.8091241389595 67653.29295993 40.7470632502762
150880 261.914189118292 -13176.9163837121 -12915.0021945939 -1441.41503087083 -1687.00017676162 -1370.16059867971 -1267.08431717117 -31.0394463228434 67952.7917743046 40.8071033572676
150890 263.43087447031 -13178.3389051152 -12914.9080306449 14.7504129035941 -332.844265374637 134.016372275103 243.079131810315 -69.4381022395797 67827.6485999387 40.7820375804089
150900 263.370949597805 -13178.1828269908 -12914.811877393 1378.57344736036 1087.16639587988 1530.30470696885 1518.24923923235 -179.029947830456 67714.7109240331 40.7593900448519
150910 261.577692814336 -13176.3757101451 -12914.7980173308 -2035.8427574871 -2231.84399577987 -1902.32780965873 -1973.35646702268 -254.56623326455 68002.9643785235 40.8171441267669
150920 261.236086073119 -13176.1752252733 -12914.9391392002 1764.8029676882 1647.89610875765 1857.07849688457 1789.43429742237 -223.711404903041 67689.5754498145 40.7543461709566
150930 259.167272280175 -13174.3374187256 -12915.1701464454 -732.578020217935 -810.4223106849 -685.28273452772 -702.02901544118 -73.9450826180893 67899.3714638475 40.796407207952
150940 256.419685430666 -13171.7621746677 -12915.342489237 -471.350208855847 -526.839281876369 -460.045132486039 -427.166212205129 62.0270632040309 67884.5798084829 40.7934445383061
150950 254.971522243467 -13170.409042088 -12915.4375198446 1300.80334718343 1283.94939351114 1257.97723378473 1360.48341425442 132.029684689467 67742.2836305834 40.7649215567916
150960 255.754173525227 -13171.2464533401 -12915.4922798149 -1504.08828409794 -1519.3946046666 -1509.0138021576 -1483.85644546964 121.855059696166 67971.5045609852 40.8108488228888
150970 259.418844242117 -13174.9680231657 -12915.5491789235 1011.33196172548 957.755607804908 1115.18380908454 961.056468286988 39.81632110621 67752.2840361933 40.7669274221073
150980 261.885190862852 -13177.4951680375 -12915.6099771746 -151.965126926426 -223.793874509056 -11.5061178305507 -220.595388439674 -46.0294749141038 67842.6140116306 40.7850367265947
150990 262.291778766766 -13178.0005155727 -12915.7087368059 -630.434911537934 -658.342707895847 -591.206427986828 -641.755598731129 -80.0551895946796 67877.8341651923 40.7920932881818
151000 261.512828039319 -13177.3902299691 -12915.8774019298 1062.67624876758 1098.06943654446 928.485815038544 1161.47349471974 7.71070608447989 67738.3230615049 40.7641270976262
151010 260.57526858185 -13176.7177089632 -12916.1424403813 -976.084930800907 -932.946249986999 -1221.13333696826 -774.17520544746 87.8783989521595 67909.5484987184 40.7984453501236
151020 260.598005765258 -13177.0825523105 -12916.4845465452 473.702447161481 457.104167381993 248.514750212435 715.48842389001 33.2398321031546 67784.9430621791 40.7734767426183
151030 259.031027684733 -13175.902075262 -12916.8710475773 219.818174375159 73.5931482579193 149.331842936093 436.52953193147 -156.473471899008 67810.6812140148 40.7786366945262
151040 256.858847932499 -13174.1247891871 -12917.2659412546 -695.783623196948 -977.866850736094 -569.675801951992 -539.808216902758 -313.40661262464 67899.8593312334 40.7965049171965
151050 257.103724804833 -13174.7764496859 -12917.672724881 762.169335141093 414.796449791657 1027.75309749078 843.958458140849 -385.63690852594 67778.3021564 40.7721451703047
151060 258.591927401844 -13176.6885612133 -12918.0966338115 -536.838573433065 -785.710932510807 -252.867544436966 -571.93724335142 -340.710780442043 67880.8797956756 40.7927033831965
151070 259.255977351827 -13177.8097861474 -12918.5538087956 123.089205372759 80.9931832611584 259.24421819697 29.0302146601488 -225.785048288628 67823.959345756 40.7812981669409
151080 257.863066239524 -13176.9094739776 -12919.0464077381 366.151318754079 445.495472000231 306.378720184958 346.579764077051 -97.3618844871221 67809.3128916603 40.7783624078677
151090 255.814011921245 -13175.3652865499 -12919.5512746286 -678.161273978431 -597.982020781578 -864.932796869095 -571.569004284618 -36.0345128409602 67900.7028510284 40.7966738547923
151100 255.447790320811 -13175.5007819482 -12920.0529916274 618.165200714637 697.546544161468 334.437598331341 822.511459651105 -42.22339188316 67787.3970750655 40.7739687763226
151110 256.124842784974 -13176.6626262966 -12920.5377835117 -348.333583107269 -237.330932456388 -709.799330532001 -97.870486333411 -58.3803495358474 67852.7802497786 40.7870738419249
151120 256.813423776999 -13177.8281433873 -12921.0147196103 -37.8501231900922 84.6947336055887 -374.949967800436 176.704864624569 -59.6279057100606 67817.6101792777 40.7800255815901
151130 256.914846691441 -13178.3976819062 -12921.4828352148 457.690715531504 547.781112369986 225.243271614664 600.047762609859 -118.200948735635 67775.8591384314 40.7716552973076
151140 257.513472875628 -13179.4752502898 -12921.9617774141 -681.978229657126 -609.09701115553 -786.063107537753 -650.774570278094 -183.9332722763 67867.2777700445 40.7899785095448
151150 258.801786136043 -13181.2799288776 -12922.4781427416 603.219764351023 643.640174486642 676.180037456195 489.839081110227 -242.820353281109 67756.9247406232 40.7678581801083
151160 257.980046727986 -13181.0283916975 -12923.0483449695 -205.19580526681 -242.679089302742 71.1486094640308 -444.05693596172 -341.595233163675 67827.201928666 40.7819480583876
151170 256.140375039871 -13179.782194262 -12923.6418192221 -258.089110674036 -345.125565147093 88.0253315586938 -517.167098433712 -486.471893556853 67839.8850702973 40.7844898654687
151180 255.130099339879 -13179.3676496293 -12924.2375502894 570.649497291293 498.753605069961 799.943467890794 413.25141891312 -516.200708510322 67772.4486390735 40.7709714056368
151190 254.512566182236 -13179.3335690712 -12924.8210028889 -686.865053005975 -656.781399119164 -646.370342984494 -757.443416914268 -406.280412473143 67870.8577617831 40.7906957192876
151200 254.367521530132 -13179.7510063649 -12925.3834848348 493.907475751383 616.054936627302 393.499803147358 472.167687479486 -277.174788631828 67766.2148513634 40.7697213137063
151210 254.29722641551 -13180.2062613219 -12925.9090349064 -46.1730776426723 116.631760423911 -167.45393699587 -87.697056356061 -118.129602064349 67807.1294633002 40.7779247217307
151220 254.364574461445 -13180.7526400866 -12926.3880656251 -422.895975855234 -307.876909197708 -398.978142902527 -561.832875465466 33.8927715167864 67837.7653031315 40.7840650685473
151230 253.849411338417 -13180.6723255665 -12926.8229142281 750.091149769062 743.707453739299 995.768418314588 510.7975772533 52.9918765633065 67743.413749547 40.7651482441339
151240 252.236648541408 -13179.4505166274 -12927.213868086 -747.90673949594 -882.576453949452 -386.661774013982 -974.481990524384 -37.0752993798687 67871.308363574 40.7907859903331
151250 251.696146347612 -13179.2281987075 -12927.5320523599 384.014350637489 167.284786207082 731.788901732953 252.969363972433 -86.9145198630711 67778.2334292773 40.7721313893302
151260 252.741544640077 -13180.4874156013 -12927.7458709613 161.562899642476 -69.4314925548192 425.79555417517 128.324637307078 -75.360935240779 67794.2371616258 40.7753401624882
151270 255.086421621672 -13182.9506471823 -12927.8642255606 -714.681594030292 -902.089095806072 -548.626619958997 -693.329066325811 -70.8897827039269 67858.8877384157 40.7882975653812
151280 257.067693975495 -13184.9943398525 -12927.926645877 973.155005887124 880.328633693024 990.936941198504 1048.19944276984 -124.802428792387 67707.9491360247 40.758033296196
151290 256.949776302183 -13184.9377056861 -12927.9879293839 -761.682820006443 -768.160323254225 -854.198896249273 -662.689240515829 -205.404825147321 67844.4217572646 40.785398978346
151300 256.643107430309 -13184.6790348971 -12928.0359274668 211.235297737965 212.269314113619 113.844800367108 307.591778733172 -192.745725933645 67760.5725902763 40.7685897774035
151310 255.380967593984 -13183.4113906255 -12928.0304230315 551.510801790142 499.273260331783 527.072571262325 628.186573776323 -62.5341603446331 67737.1622216823 40.763894236373
151320 252.63991890326 -13180.5692888451 -12927.9293699418 -1084.90328242795 -1194.01108660173 -1037.49604692117 -1023.20271376096 85.2821611961236 67886.244517863 40.7937779899523
151330 251.606253397784 -13179.3238171908 -12927.717563793 1131.92256891944 1023.62823754298 1257.23869615144 1114.90077306391 146.318261234977 67710.3331027333 40.7585116479767
151340 251.900382799754 -13179.2481046586 -12927.3477218588 -695.972819684189 -745.783492127773 -582.838275456234 -759.296691468558 107.862782496415 67862.5522109801 40.7890317600802
151350 252.284089643434 -13179.0388913434 -12926.7548017 -113.682053968631 -114.036384701438 -82.6098423809229 -144.399934823535 44.1923252040191 67817.502711778 40.7800040408246
151360 252.199440379938 -13178.1081684854 -12925.9087281055 1001.21899943479 1005.27952483876 949.787669284587 1048.58980418101 63.4304264970158 67732.4763443338 40.7629542353102
151370 252.821986448328 -13177.6564015246 -12924.8344150763 -1557.95831762587 -1633.61546044807 -1652.84228017966 -1387.41721224988 159.664941589213 67950.4132706766 40.8066272376296
151380 256.162577371623 -13179.8063986965 -12923.6438213249 1392.97677616938 1153.3312664804 1403.95238847031 1621.64667355745 204.735345694494 67700.9873926567 40.7566363322396
151390 258.803524208594 -13181.2346678724 -12922.4311436638 -514.608242297357 -889.804873119541 -405.016567065262 -249.003286707269 144.748853351277 67854.8874961644 40.7874960674348
151400 259.505798375266 -13180.7509702651 -12921.2451718898 -727.594625960989 -1108.46085482074 -624.09873709888 -450.224285963358 16.6075194080955 67872.415058097 40.7910076976356
151410 258.951308102438 -13179.0819235315 -12920.1306154291 1863.6357042 1631.12820073403 1806.14793807095 2153.63097379503 -116.033017614878 67663.2542184121 40.7490630155113
151420 257.331045884804 -13176.5134879316 -12919.1824420468 -2236.98600489127 -2189.62029505512 -2483.88033787354 -2037.45738174517 -202.733652529223 68015.8127638054 40.8197146096543
151430 258.234609521655 -13176.6829547062 -12918.4483451846 1546.58424842885 1845.02191508599 1232.75580912813 1561.97502107243 -205.190691034393 67703.2169546135 40.757083733141
151440 258.81182335675 -13176.6203387731 -12917.8085154163 29.6247319625941 446.849858297664 -206.834385956358 -151.141276453524 -92.7688123247059 67829.6574552388 40.7824401910711
151450 258.514851834866 -13175.6139569855 -12917.0991051507 -1901.84267118561 -1513.88603371404 -1977.59137210412 -2214.05060773867 48.4401188883308 67994.1228801203 40.8153750844938
151460 259.313836777209 -13175.7072637903 -12916.3934270131 3174.81954476949 3484.51348025552 3171.51556271138 2868.42959134158 125.963172970187 67570.6977571885 40.7304743436168
151470 258.97425973116 -13174.9107973923 -12915.9365376612 -3045.94989687857 -2865.93762663245 -3053.16478225053 -3218.74728175273 143.989855531857 68083.9084174143 40.8333326097103
151480 261.035801095853 -13176.7599734828 -12915.724172387 1381.93837625968 1414.27386316023 1343.06990463426 1388.47136098456 120.837661747383 67704.5838990699 40.7573580297806
151490 262.16599913459 -13177.5469114471 -12915.3809123125 1231.33175960999 1082.64985758124 1198.30885441786 1413.03656683086 8.47644118164662 67710.9670582009 40.7586388516077
151500 261.163669768289 -13176.0236931559 -12914.8600233876 -3351.13213587375 -3600.89860754469 -3332.48190265061 -3120.01589742595 -122.296141329777 68101.0708006317 40.8367633686169
151510 260.141570930254 -13174.7210327691 -12914.5794618388 3949.03242912011 3720.44240000828 4034.66933172541 4091.98555562664 -111.614560705525 67509.236696358 40.7181213680178
151520 256.321805798749 -13170.9960641419 -12914.6742583431 -2507.94592293618 -2639.27639105201 -2348.530429962 -2536.03094779452 73.4647410513057 68061.9721992593 40.8289467221116
151530 256.932782625742 -13171.5799469207 -12914.647164295 110.271954855856 91.7253233044307 339.290450999127 -100.199909735987 243.855971220509 67846.1246606028 40.7857402150028
151540 260.395165826129 -13174.7528165873 -12914.3576507611 1600.2191407784 1725.18007107101 1818.16668741452 1257.31066384968 250.920552686315 67709.6119948842 40.7583669561911
151550 262.524297716519 -13176.6615772151 -12914.1372794986 -2117.07626742628 -1824.75218962903 -1953.10393827324 -2573.37267437658 61.3115121267728 68011.0205567894 40.8187559055473
151560 262.793440022456 -13176.878938025 -12914.0854980025 1701.02377984298 2084.19180772802 1838.30397322527 1180.57555857565 -211.187982010712 67693.1876705093 40.755071103233
151570 260.059333225577 -13174.1962512126 -12914.1369179871 -673.079340775773 -421.553262152697 -538.269398768542 -1059.41536140608 -387.343851098706 67898.5436124822 40.7962414062274
151580 259.063299527885 -13173.2264351141 -12914.1631355863 -393.680273374916 -437.311363683181 -236.506663697487 -507.222792744076 -358.990231600628 67879.0352903672 40.7923338975147
151590 260.682101198846 -13174.8594284388 -12914.17732724 1038.51552347816 680.068001871058 1192.74101556899 1242.73755299444 -177.461171921881 67754.6301878723 40.767397980862
151600 262.212854764799 -13176.4728589411 -12914.2600041763 -1153.32073148469 -1696.10729526883 -987.435842375407 -776.419056809845 -48.8918715623746 67932.7797319413 40.8030970776192
151610 262.192781058296 -13176.6372824656 -12914.4445014073 827.131820203596 280.779564710084 1046.89918664234 1153.71670925836 -26.7397785526466 67770.474592029 40.7705755486247
151620 259.714146026069 -13174.4265478635 -12914.7124018374 -156.098228717538 -566.410555989577 214.207399173578 -116.091529336614 -123.429642536947 67860.0117435723 40.7885227680294
151630 257.87281050512 -13172.8656227454 -12914.9928122403 -519.081731547411 -762.831645688567 45.5554000589366 -839.968949012604 -244.461063362645 67895.8399240473 40.7956999032521
151640 257.246415921706 -13172.5240967093 -12915.2776807876 887.042872545303 765.433050723492 1485.25329061103 410.442276301396 -274.685505650649 67781.2179095038 40.7727298205559
151650 256.337313064304 -13171.9074909782 -12915.5701779139 -868.075782807357 -906.946906559185 -441.702141411254 -1255.57830045163 -274.980251229094 67925.0935307794 40.8015581414224
151660 256.399912899683 -13172.2556430845 -12915.8557301849 472.810275202301 468.769798575471 651.289258526096 298.371768505337 -247.458118756262 67810.4640880067 40.7785931708419
151670 257.087643438646 -13173.1996504224 -12916.1120069837 90.0833580042385 91.0109318861812 35.2111505157834 144.027991610748 -241.302279197925 67837.7587145845 40.7840637482025
151680 258.423504448974 -13174.7769460407 -12916.3534415917 -577.347300749362 -541.173185151647 -808.079961333416 -382.788755763024 -248.374768261193 67889.8465264632 40.7944994760277
151690 260.056062303469 -13176.6741860222 -12916.6181237188 777.274616715187 832.568714539154 513.600773272189 985.654362334211 -197.793991580474 67772.5951073005 40.7710007767048
151700 261.180478701881 -13178.137718502 -12916.9572398001 -639.411509322579 -641.873793959314 -805.696704826328 -470.664029182098 -78.9790555037536 67884.4150999222 40.7934115458602
151710 262.389995926391 -13179.7902763593 -12917.4002804329 209.213826687022 118.604257735059 124.490639073981 384.546583252027 31.0159326684828 67803.7727443456 40.7772518215373
151720 261.734384810068 -13179.6878926378 -12917.9535078277 323.112203140042 112.629393113197 263.504396081017 593.202820225914 138.067537183132 67789.0998169264 40.7743101719466
151730 258.841729383977 -13177.4582441157 -12918.6165147317 -624.984049003766 -921.142394437663 -703.351309068058 -250.458443505583 206.803094286302 67873.5381555714 40.7912326885247
151740 255.874824182277 -13175.2231144174 -12919.3482902352 670.204372495929 407.116913019091 537.217621573782 1066.27858289492 130.687730266512 67775.5218371739 40.771587660868
151750 253.538575990153 -13173.621250547 -12920.0826745568 -478.259163075917 -637.869207532614 -657.37917516787 -139.529106527273 -12.1519344709093 67870.7856812928 40.7906812790478
151760 253.831043555816 -13174.5955324067 -12920.7644888509 21.7047643145602 -10.2563439495675 -195.807812009742 271.178448902987 -155.001509000251 67820.7084355427 40.7806465857088
151770 256.929564890029 -13178.3087299624 -12921.3791650724 405.68029757686 452.921826825587 228.770630148077 535.348435756918 -193.050900427871 67775.567078221 40.7715967327219
151780 260.587664503348 -13182.5910836005 -12922.0034190971 -655.055542895097 -552.341271705313 -723.230977028837 -689.59437995114 -69.2348337435454 67849.7936771008 40.7864754122699
151790 261.389338443696 -13184.0851517693 -12922.6958133256 693.778066686872 823.092274794922 718.262992667534 539.978932598151 53.1457796986557 67735.0084170429 40.7634621820805
151800 257.191777955738 -13180.6501639732 -12923.4583860175 -306.646354463425 -164.440712388782 -274.351851874035 -481.14649912746 43.4820808987463 67832.234279733 40.7829566213172
151810 252.471990564514 -13176.6406516387 -12924.1686610742 -213.128064475776 -41.5400483808349 -212.404988355579 -385.439156690918 -107.996595399544 67840.3750064516 40.7845880463938
151820 251.840656386369 -13176.5983265678 -12924.7576701814 528.485659995036 725.82770747991 441.326791461312 418.302481043884 -252.033069831243 67778.0717341584 40.7720989666307
151830 255.262598038507 -13180.4900438656 -12925.2274458271 -738.298396701229 -557.399410631431 -940.787737031582 -716.708042440677 -266.401129869774 67864.1893857404 40.7893597673739
151840 258.847717540223 -13184.4928876346 -12925.6451700943 654.953456424571 792.184247338544 366.874168586165 805.801953349005 -149.191453851092 67732.4544704856 40.7629498472489
151850 257.373741214777 -13183.4309486656 -12926.0572074509 -129.156315244668 -92.8070034731675 -418.66233892279 124.000396661956 23.3401244129113 67800.7828561009 40.7766524388725
151860 254.094064238586 -13180.5084427372 -12926.4143784986 -428.907177950784 -538.447318716515 -645.189268859521 -103.08494627632 113.604127042382 67838.1616498377 40.7841444962737
151870 253.365146232413 -13180.0526027396 -12926.6874565072 754.64301913153 477.997880873166 623.523974319166 1162.40720220226 118.074527836822 67741.9155122593 40.7648477164417
151880 253.5532027335 -13180.4225411255 -12926.869338392 -813.703008647019 -1159.02831568156 -841.046831816699 -441.033878442795 114.878321252185 67865.9633951553 40.7897151834798
151890 253.785406418554 -13180.7530262761 -12926.9676198575 516.469729711025 246.248562904733 549.979035188953 753.18159103939 124.554808145616 67751.2985284941 40.7667297593214
151900 253.863101437171 -13180.8303133945 -12926.9672119574 70.5297700207524 -35.4408268006551 129.654119768612 117.376017094299 135.139928103215 67785.8107168358 40.7736507101909
151910 255.767860526665 -13182.6324742612 -12926.8646137346 -714.865881301176 -670.586274044558 -664.42288006054 -809.58848979843 173.006357330128 67844.9311273355 40.7855010491773
151920 258.411989769049 -13185.1082597405 -12926.6962699715 1113.64678346862 1246.57537943157 1139.99147043649 954.373500537792 231.08625994526 67687.3041448395 40.753890332255
151930 257.165022090482 -13183.7001545443 -12926.5351324538 -920.412285951821 -780.619611212992 -904.763929479691 -1075.85331716278 218.668014004325 67865.1623890308 40.789554705686
151940 253.872068585287 -13180.2045765345 -12926.3325079492 306.624372149055 391.198561089745 299.934825311073 228.739730046349 151.199892043407 67779.1906196121 40.7723233216778
151950 251.143236853248 -13177.153147506 -12926.0099106527 502.08399858058 494.512765011213 457.714905105805 554.024325624733 100.677686809805 67776.0442246673 40.7716924111386
151960 250.053417860635 -13175.513509058 -12925.4600911974 -1255.70345594192 -1331.29775791691 -1328.70700732875 -1107.10560258009 135.376250144221 67926.2395604429 40.8017876075914
151970 251.134597252592 -13175.8116289194 -12924.6770316668 1476.72356999512 1461.42645494879 1339.80897731939 1628.9352777172 169.389721548256 67698.9516323281 40.7562278124714
151980 252.864544652424 -13176.522143227 -12923.6575985746 -1016.84971191351 -867.218315057324 -1204.65387967306 -978.676941010136 70.1421674500757 67902.643954233 40.7970626077626
151990 256.305312801698 -13178.6830723002 -12922.3777594985 -3.00201022264585 242.26271088904 -203.917384352988 -47.3513572039914 -113.941852324724 67812.7860511796 40.7790586118429
152000 258.693738591616 -13179.5674422081 -12920.8737036165 1196.23986709149 1405.11040209192 1054.76519512506 1128.84400405748 -205.124226497106 67716.0107261486 40.7596508390068
152010 259.117614891755 -13178.4726125702 -12919.3549976785 -1894.03702663238 -1796.9587090085 -1930.19607723654 -1954.9562936521 -207.847618844285 67981.8634497007 40.8129219149875
152020 261.452169157719 -13179.5209359036 -12918.0687667459 1722.21882823599 1736.85354430383 1758.75430854371 1671.04863186045 -250.768005026291 67682.1976147843 40.75286544188
152030 262.464929835613 -13179.5656276084 -12917.1006977728 -704.546797542564 -790.209039417969 -580.373475154873 -743.05787805485 -335.912474630334 67884.6057159385 40.7934497277724
152040 260.978536472542 -13177.336852415 -12916.3583159424 -669.363158977449 -922.756382918951 -437.985864303561 -647.347229709838 -360.90158488412 67888.6980121938 40.7942694301943
152050 258.618603774037 -13174.3997094577 -12915.7811056837 1771.80356665783 1370.73068311059 2039.96680555868 1904.71321130422 -328.362244347222 67690.8358420817 40.7545991205116
152060 257.25160552475 -13172.6224167732 -12915.3708112485 -2120.67683013177 -2505.90502858161 -1937.93843375905 -1918.18702805466 -311.38445546525 68012.0198673841 40.8189558261637
152070 259.187082344084 -13174.3168022829 -12915.1297199388 1494.69655327681 1252.69500936878 1542.5120855448 1688.88256491686 -315.687446528537 67702.9866486829 40.7570375186519
152080 260.324443627444 -13175.2753512434 -12914.950907616 -131.267621620669 -173.746123292044 -213.215459546359 -6.84128202360182 -294.560029527362 67836.8149795951 40.7838746228187
152090 259.851725841918 -13174.5921759928 -12914.7404501509 -1186.50931646073 -1091.84908404564 -1368.62413301417 -1099.0547323224 -206.808273979652 67935.6193978074 40.803665608001
152100 257.471024689765 -13172.0375861556 -12914.5665614658 1966.54651273629 2105.33174320739 1719.87829750427 2074.42949749722 -67.4092306652479 67690.0174409774 40.7544348750224
152110 253.836175210052 -13168.2903930884 -12914.4542178783 -1804.56435081255 -1692.21018129595 -2080.78117378836 -1640.70169735335 28.5179154320354 68020.5250932296 40.8206572899531
152120 254.896093095123 -13169.2206232026 -12914.3245301075 761.54506648302 809.230760763568 483.887351493493 991.517087192007 21.6862551837441 67804.8695366339 40.7774716909849
152130 259.701209513243 -13173.7713251183 -12914.070115605 401.650300343542 379.354963947548 191.644831538303 633.951105544773 -65.7539135403276 67815.9783153609 40.7796984886425
152140 265.320239964654 -13179.1461716514 -12913.8259316868 -1281.42516563819 -1304.47104569415 -1402.13567397223 -1137.66877724819 -77.9747412441942 67938.5104844891 40.8042444170846
152150 268.182890363902 -13181.9083154165 -12913.7254250526 1540.43025832183 1579.74679931019 1479.89367719563 1561.65029845969 27.2166010905272 67692.9204178107 40.7550174694901
152160 265.314706523695 -13179.1826592986 -12913.8679527749 -960.188002555003 -912.264562087805 -979.435678423127 -988.863767154081 187.720437469278 67909.3354109231 40.7984026773819
152170 261.014381267194 -13175.1357827265 -12914.1214014593 146.658160429541 131.661941728491 155.876968001853 152.435571558276 283.406496603301 67836.8579933364 40.7838832428513
152180 258.321532005876 -13172.7356845172 -12914.4141525114 542.331166584715 470.945778494872 588.582069180032 567.46565207924 272.89957467099 67813.3508414173 40.7791718232868
152190 258.502144186963 -13173.2044942529 -12914.7023500659 -969.898772605071 -1010.11872339686 -895.528123133556 -1004.04947128479 169.818279131744 67933.9447543924 40.8033303290413
152200 260.148356403241 -13175.1670693839 -12915.0187129806 864.692330097725 889.914566718553 895.667113646253 808.495309928371 36.8023381316534 67768.776630115 40.7702350490042
152210 260.391214894122 -13175.7712121211 -12915.379997227 -385.966928299365 -359.596171218932 -422.928145879846 -375.376467799307 -26.0209111025751 67868.0176305265 40.7901267340622
152220 260.059429382786 -13175.838009979 -12915.7785805962 -159.235703285513 -175.163350506013 -241.851205158455 -60.6925541920735 43.2542602197507 67846.1197587649 40.7857392327551
152230 258.370254122577 -13174.5724291208 -12916.2021749982 584.84009437976 552.500054279964 422.844279651303 779.175949208011 263.650228928861 67786.569542573 40.7738028559954
152240 255.525667688366 -13172.1549102816 -12916.6292425933 -641.029169691168 -562.012898715081 -912.883985763432 -448.19062459499 460.563696496894 67900.0424237875 40.7965415865389
152250 254.973370416397 -13171.9902889361 -12917.0169185197 417.05003565517 660.340136486324 105.975994856202 484.833975622989 467.478574561464 67820.3462492516 40.7805739912768
152260 256.714675591822 -13174.064717323 -12917.3500417312 -116.372358972683 209.492354941674 -349.898719563016 -208.710712296707 256.460131591213 67860.4582261306 40.7886122233831
152270 258.51434904429 -13176.1698651527 -12917.6555161085 -248.578032285408 58.101155941035 -367.82586618714 -436.009386610114 4.51879456195412 67862.1852887515 40.7889582466381
152280 258.825706878139 -13176.7868833811 -12917.9611765029 502.027082468344 733.436960219328 517.711830976589 254.932456209122 -193.31272578958 67793.3333434559 40.7751589589984
152290 258.309561442682 -13176.5977788261 -12918.2882173835 -520.122406226027 -386.646715921118 -393.921422231133 -779.799080525827 -286.448292954407 67872.8841432387 40.7911016700863
152300 259.142823786126 -13177.7783235758 -12918.6354997896 297.637837739381 317.618061810026 441.192260237746 134.10319117038 -299.675085297139 67797.6230001703 40.7760189636463
152310 259.947849730871 -13178.9545043036 -12919.0066545728 54.8359747616351 -81.6882745287834 184.454400965841 61.741797847851 -258.721335293172 67810.9425223047 40.7786890745837
152320 259.801522869703 -13179.2209677288 -12919.4194448591 -364.799724452638 -675.211140049416 -213.909368965018 -205.278664343478 -214.907121271921 67841.6114678579 40.784835825403
152330 259.230441662827 -13179.1059832969 -12919.8755416341 519.844104883289 121.745672498774 716.839550426389 720.947091724704 -246.419938444707 67764.6613607298 40.7694097727007
152340 258.62009261205 -13178.9936189929 -12920.3735263808 -421.614210715872 -718.113088172447 -235.142288759371 -311.58725521579 -297.154596097076 67842.1947161141 40.7849527036026
152350 258.683201758756 -13179.5834957814 -12920.9002940226 155.436756933908 94.3252273354337 243.670821724203 128.31422174209 -340.626267660641 67796.6537122901 40.7758246407601
152360 257.942111952025 -13179.3908417325 -12921.4487297805 203.981502839543 374.307386156216 126.425441175743 111.211681186665 -376.312535756514 67797.8420556778 40.7760628796497
152370 255.769628187707 -13177.7638956524 -12921.9942674647 -471.637553962079 -227.574015342366 -662.804203804437 -524.534442739425 -364.095036499697 67860.7919185252 40.7886790803212
152380 253.727531906133 -13176.2329826473 -12922.5054507411 517.792949111065 639.069670801328 405.568855670733 508.74032086113 -323.663023445598 67782.8989206882 40.773066879751
152390 252.865906732235 -13175.8120087853 -12922.946102053 -357.059659422926 -411.656984600968 -306.314867349799 -353.20712631801 -243.588264447453 67856.060997563 40.7877311962001
152400 253.374905564124 -13176.6689574589 -12923.2940518947 -2.99806957985368 -152.622754510939 82.6288709389608 60.999674832419 -68.6232297728993 67822.0553572961 40.7809165522999
152410 254.306696205066 -13177.8546854957 -12923.5479892906 391.608602557056 218.327090882919 417.426803372164 539.071913416091 24.5675981417906 67786.6174892036 40.7738124693353
152420 254.298831429915 -13178.0287927545 -12923.7299613246 -597.601526760852 -769.024023687103 -630.655236699248 -393.125319896199 -54.8218431439432 67869.1196482129 40.7903475115819
152430 253.337994986144 -13177.1797522113 -12923.8417572252 564.11561044414 358.018864204918 559.675016330663 774.652950796839 -211.069850250066 67775.9756784297 40.7716786661294
152440 252.909845729438 -13176.7761624246 -12923.8663166952 -278.15685364727 -568.843724727553 -165.842690947322 -99.7841452669324 -284.154384047544 67848.7793894252 40.7862721720278
152450 254.557834913495 -13178.3368195246 -12923.7789846111 -219.621445996566 -553.146416580203 -27.5403233488986 -78.1775980606005 -229.277188897911 67837.1098977998 40.7839337248941
152460 257.183898707119 -13180.7684476752 -12923.5845489681 641.317209425174 385.764132977601 839.85753556915 698.329959728769 -83.6934641756469 67756.1273254867 40.7676982504045
152470 258.47591093201 -13181.8158081736 -12923.3398972416 -756.442243652418 -793.184470585682 -653.058699638566 -823.083560733003 48.2331447393355 67868.0627221583 40.7901357677378
152480 258.400495264456 -13181.4655256235 -12923.0650303591 577.718373502236 798.158700525162 565.882467186534 369.113952795018 82.6602093168723 67758.4006331156 40.7681541820259
152490 256.873317308781 -13179.6158401306 -12922.7425228218 -69.5710612726361 301.059027378154 -148.483694207562 -361.288516988498 4.83901356970347 67819.4116154321 40.7803866577266
152500 256.5373423063 -13178.8460845982 -12922.3087422919 -568.723577169801 -178.109723845824 -700.037159240018 -828.023848423563 -115.283476357093 67863.2337455876 40.789168305901
152510 259.402451381194 -13181.15338279 -12921.7509314088 946.886178343689 1286.10818105535 731.252841881384 823.297512094341 -177.395637529284 67730.1201666001 40.7624815626032
152520 261.633174102719 -13182.7561533649 -12921.1229792621 -864.654015385408 -605.712798638469 -1191.61166199452 -796.637585523235 -87.5632601650367 67879.2327267802 40.7923734476951
152530 260.47590444143 -13180.9264779722 -12920.4505735308 470.936464231396 664.478149104133 107.94457770475 640.38666588531 7.43822095926462 67782.5967815717 40.7730062983118
152540 256.203844716043 -13175.927724376 -12919.72387966 248.649207673808 372.015826176569 14.2226929522991 359.709103892559 57.781463573461 67825.1601348794 40.7815388363187
152550 253.396226099669 -13172.22010156 -12918.8238754603 -1027.07040243351 -972.931902319383 -1089.29519520769 -1018.98410977347 103.903511849938 67945.5507402101 40.8056538405504
152560 255.160466489858 -13172.9251465647 -12917.7646800749 1287.09124206334 1296.09375341501 1299.84257996558 1265.33739280943 76.8874412148897 67750.2689118699 40.766523247583
152570 258.040216349303 -13174.6521533723 -12916.611937023 -984.494800796273 -925.961478583194 -1090.26670991594 -937.256213889682 -88.3684630335637 67932.123974876 40.8029657860425
152580 260.793396044779 -13176.2487289198 -12915.455332875 175.435498836037 324.057337007255 -64.2992421474405 266.548401648299 -238.288671159544 67826.4764544789 40.7818026577457
152590 262.589552075196 -13176.9364127401 -12914.3468606649 841.860096765692 1018.30640242161 562.990439346692 944.28344852878 -238.63543142345 67767.3457771758 40.7699481094816
152600 262.916769664088 -13176.305364855 -12913.3885951909 -1524.28665473883 -1435.10552299304 -1745.73878830127 -1392.01565292219 -100.025308641139 67965.0207228251 40.8095511253958
152610 262.776454517667 -13175.4324583313 -12912.6560038136 1569.56555696773 1525.33701499491 1481.97814343665 1701.38151247162 28.4807794061028 67709.8654732174 40.7584178172615
152620 261.516208959893 -13173.6613828131 -12912.1451738532 -829.992992914621 -930.88741813124 -797.919223115711 -761.172337496913 24.2027785844883 67916.65980651 40.7998694020774
152630 261.256408204171 -13172.9818604221 -12911.7254522179 -367.840858526087 -434.147987929566 -321.218348489087 -348.15623915961 -3.61306424744177 67882.6518076637 40.7930583409335
152640 260.864737463725 -13172.2148867554 -12911.3501492917 1454.31916815398 1466.80486823997 1408.70265776315 1487.44997845882 -11.4811374746852 67736.4641060324 40.7637541950262
152650 259.034205748078 -13170.0939517438 -12911.0597459958 -1875.69963043545 -1842.43478130177 -1987.33151910136 -1797.33259090323 -8.26133051182911 68023.695215606 40.8212914341746
152660 258.839825959724 -13169.7242806451 -12910.8844546854 1405.65825760196 1404.68280237821 1259.88952895762 1552.40244147005 31.1736222629681 67751.6756577003 40.7668054001639
152670 260.22197617605 -13170.9638148943 -12910.7418387183 -339.166724201269 -282.155553651954 -545.489095446368 -189.855523505484 133.810974896091 67888.068372125 40.7941433130507
152680 263.375172522636 -13173.9751818916 -12910.600009369 -906.675059614954 -681.477435565264 -1222.55284707337 -815.994896206219 194.078562364705 67924.4261921981 40.8014245209803
152690 265.267957093467 -13175.774736377 -12910.5067792836 1778.90695073884 2144.07179908942 1375.35941551652 1817.28963761057 181.964182199985 67696.8893132469 40.7558139547588
152700 262.943277428039 -13173.5448387509 -12910.6015613228 -1761.85999282423 -1417.02256562694 -2142.73280585332 -1725.82460699242 112.287832050206 67995.7606610082 40.8157027897998
152710 261.056470716715 -13171.8935937138 -12910.8371229971 973.415301513317 1251.61608628779 684.685299971191 983.944518280961 -24.8234499891366 67771.439316559 40.7707690064589
152720 260.051007222529 -13171.1445793981 -12911.0935721755 218.3003310483 382.154935934312 107.158271286919 165.587785923665 -159.879606596922 67836.8605940608 40.7838837640411
152730 259.930934467813 -13171.2403934506 -12911.3094589828 -1270.88019906434 -1237.84940322091 -1225.84211130681 -1348.94908266528 -234.38035222483 67963.590077644 40.8092647800734
152740 260.973030341733 -13172.5373287674 -12911.5642984256 1697.5222528377 1650.18311193476 1795.84084085613 1646.5428057222 -261.964339981342 67714.7525211409 40.7593983910067
152750 260.750260828346 -13172.6766736118 -12911.9264127835 -1329.55573080135 -1372.59632661069 -1337.23967196211 -1278.83119383126 -273.109438094648 67967.3850015136 40.8100243297599
152760 261.350476048668 -13173.6994137826 -12912.3489377339 394.705246057758 369.666293972117 316.039556539574 498.409887661587 -276.558990357119 67822.1968403813 40.7809449098691
152770 262.301717274316 -13175.0835937379 -12912.7818764636 632.078626559319 601.47633535251 635.210284976643 659.549259348808 -258.013062400281 67797.5010160625 40.7759945083678
152780 262.030214051493 -13175.298279117 -12913.2680650655 -1323.37983429888 -1376.05526469197 -1154.43605686376 -1439.64818134092 -305.330018024705 67955.4441160548 40.8076342796571
152790 261.319506038131 -13175.1702642254 -12913.8507581873 1427.94188382045 1389.2184105281 1596.18492521029 1298.42231572296 -440.266938639893 67724.3649774364 40.7613269682778
152800 259.771470382375 -13174.2947989807 -12914.5233285984 -889.811183609182 -851.000047481369 -909.754901989821 -908.678601356357 -487.423359957504 67915.6914971894 40.7996755022709
152810 259.575714408745 -13174.7804837929 -12915.2047693842 -18.375549357156 93.4680608111903 -176.943219782682 28.3485109000223 -411.771339764261 67839.6245128733 40.7844376507811
152820 260.153692343043 -13176.0057286495 -12915.8520363064 878.946419516622 1003.33164258068 784.767187584483 848.740428384704 -314.932551731873 67762.3653533739 40.7689493167636
152830 259.852997424638 -13176.3574246953 -12916.5044272706 -1303.37269618809 -1269.24961073558 -1246.53238028322 -1394.33609754547 -266.847046767365 67943.2642045795 40.8051960983972
152840 259.373833168934 -13176.5554171975 -12917.1815840285 1171.96718726224 1081.81961549882 1371.89107381589 1062.19087247201 -328.511931094637 67739.9917752303 40.7644618323167
152850 258.296673022944 -13176.1463536876 -12917.8496806646 -536.277990592664 -693.977313377801 -253.34031403258 -661.516344367607 -440.795853936982 67881.5556028823 40.792838757161
152860 258.881647407409 -13177.3278850984 -12918.446237691 -368.997899535204 -534.999194120892 -118.741936025318 -453.252568459402 -547.837494514387 67861.2479910525 40.7887704563758
152870 260.464247512309 -13179.4273258709 -12918.9630783586 1082.64267600695 960.287800921468 1208.2053299467 1079.43489715269 -539.506316183682 67732.1316834353 40.7628850935877
152880 260.277820015138 -13179.7537927218 -12919.4759727067 -1262.10533536681 -1318.93516972678 -1212.42049971086 -1254.96033666279 -423.173904233968 67924.2666295379 40.8013925718014
152890 259.071066786842 -13179.0585947357 -12919.9875279489 907.640207764441 886.115486161711 976.93982279511 859.865314336501 -292.85886503426 67744.417493688 40.7653495801968
152900 256.260543188905 -13176.7005386723 -12920.4399954834 -128.678335376813 -180.318858928062 10.213065996554 -215.929213198932 -177.05826293587 67833.6456260336 40.7832394685328
152910 254.249950903609 -13174.9999624091 -12920.7500115055 -708.942897585025 -796.446771484317 -530.554146123479 -799.827775147273 -94.0922493719884 67884.828647457 40.7934943826473
152920 255.092489896901 -13176.0224024206 -12920.9299125237 1186.62887051225 1152.88339363834 1288.91656874644 1118.08664915199 -102.902421090763 67724.4985102456 40.7613537580992
152930 256.790151958762 -13177.8371413323 -12921.0469893735 -1157.05887452068 -1040.03768052821 -1200.80836296526 -1230.33058006857 -101.51806197316 67911.1425858457 40.7987645775327
152940 258.542504284219 -13179.6855399739 -12921.1430356897 645.524550630795 926.652562201298 478.722950957053 531.198138734034 -35.6695705289549 67756.8755462731 40.7678483137182
152950 257.37352633952 -13178.5840422805 -12921.210515941 224.824030673229 563.763126973157 23.4642541043248 87.2447109422087 70.306749658454 67798.3855961941 40.7761718476363
152960 254.768187891998 -13175.9726731494 -12921.2044852574 -991.934734499873 -700.547913463041 -1115.82024681301 -1159.43604322358 174.070428591532 67906.6659888523 40.7978680941127
152970 254.506205309404 -13175.6497723492 -12921.1435670398 1260.51376726927 1429.99610422096 1280.48464336606 1071.06055422078 263.463309015033 67717.8596339788 40.7600218007676
152980 256.035824863035 -13177.0853134703 -12921.0494886073 -997.538659525651 -941.91111172538 -798.351555012925 -1252.35331183864 266.003350032158 67899.0204542257 40.7963369080566
152990 259.650980142556 -13180.5939411035 -12920.9429609609 263.521257326854 321.266917467813 533.453761583216 -64.1569070704676 184.280636183483 67782.1891683078 40.7729245681319
153000 261.043980607478 -13181.8720391756 -12920.8280585682 662.824088118112 897.123307964105 841.663034232543 249.685922157687 27.7147517475295 67748.9044023801 40.7662495626605
153010 258.09044652978 -13178.8286729246 -12920.7382263948 -1163.67935738458 -720.084229477068 -1137.62355262466 -1633.33029005201 -53.7912881542552 67918.6552296513 40.8002689712283
153020 254.972770767382 -13175.6501896747 -12920.6774189073 1181.339657445 1733.55762684377 1120.88154564314 689.579799848076 -17.6753324730819 67746.644941449 40.7657963658008
153030 253.734187216501 -13174.3196884572 -12920.5855012407 -777.449580342934 -289.41902042628 -882.319461631831 -1160.61025897069 82.3032322062363 67916.1098058493 40.7997592670199
153040 256.621007221296 -13177.0388828353 -12920.417875614 -118.461940066488 197.196358462489 -248.21894149152 -304.36323717043 77.8569842162339 67846.4555986978 40.7858065294425
153050 260.447136476359 -13180.6153633649 -12920.1682268885 920.036689250925 1035.87920438229 807.372778012406 916.858085358079 -41.8430392589043 67740.7953595727 40.7646230249045
153060 260.576279587165 -13180.5472166194 -12919.9709370322 -1239.70697392864 -1192.176369129 -1321.14389633261 -1205.80065632429 -173.116412701458 67910.3328468536 40.7986024221016
153070 258.726153283487 -13178.5700813375 -12919.843928054 1111.35501741207 1245.82374914482 1017.81242070659 1070.4288823848 -250.761598027035 67720.2078209992 40.7604929273329
153080 256.732986123797 -13176.4815167501 -12919.7485306263 -464.204369135079 -205.94268013231 -592.986469589879 -593.683957683047 -288.142998846987 67856.5974420048 40.7878386800599
153090 256.942671759697 -13176.5399675523 -12919.5972957926 -409.394021136693 -143.891862499575 -508.232690577648 -576.057510332845 -218.625706994783 67855.4104318591 40.7876008458503
153100 258.478736935398 -13177.872653962 -12919.3939170266 1072.51934757035 1184.86896947344 1107.79233739298 924.89673584463 -99.3898921993281 67731.7813768859 40.7628148190622
153110 259.077001713621 -13178.2813471633 -12919.2043454497 -1260.48362076415 -1272.65295847177 -1107.64708410109 -1401.15081971958 16.3047738817062 67923.6263061618 40.8012643595593
153120 258.461456169933 -13177.5144936342 -12919.0530374643 932.827524944078 917.84436408909 1084.64873599663 795.989474746524 62.0021904163322 67745.2135096663 40.7655092476829
153130 255.932945502658 -13174.8368187068 -12918.9038732042 -142.428395563628 -50.2732729322791 -108.424129187154 -268.587784571451 25.6492695532568 67844.7981933444 40.7854744110636
153140 254.837792079013 -13173.4980907603 -12918.6602986813 -758.411839120865 -573.008882922241 -837.465101884781 -864.761532555568 -80.3180604165457 67901.0733091804 40.7967480485894
153150 256.582819713143 -13174.9120768568 -12918.3292571437 1233.17560200318 1396.43072090054 1142.82565977405 1160.27042533495 -236.627497341662 67727.6064450811 40.7619772729584
153160 259.515611280773 -13177.4904904454 -12917.9748791646 -1198.97138499139 -1180.19741691703 -1198.92069581677 -1217.79604224038 -350.862873395246 67914.2797121647 40.799392795046
153170 263.938263547946 -13181.5910741091 -12917.6528105612 642.285536981152 591.291385181545 739.127592933936 596.437632827986 -414.673658523461 67746.9037668562 40.765848280846
153180 265.471560444667 -13182.8561998102 -12917.3846393655 287.390356565421 236.343470860842 469.537543187951 156.290055647472 -340.273414704763 67773.5350168614 40.7711892544428
153190 262.298605253126 -13179.4927596351 -12917.194154382 -973.579925639599 -1017.15874886117 -770.084378307491 -1133.49664975014 -131.380744240985 67892.8470381026 40.7951004621521
153200 258.003997163938 -13175.0914415648 -12917.0874444008 1272.20331917652 1238.10447151917 1386.88092601809 1191.62455999231 82.3796203930832 67727.0165875913 40.7618589370308
153210 255.216064862514 -13172.2120729452 -12916.9960080827 -1051.93171827528 -1110.7637517413 -1046.80960055167 -998.221802532869 119.121142461687 67932.0372374678 40.8029484199581
153220 256.596903307933 -13173.4342952786 -12916.8373919707 277.099304935669 163.447422427915 234.90395194963 432.946540429466 44.3057633491934 67821.1538343955 40.7807358584097
153230 259.321564962634 -13175.8882898939 -12916.5667249312 577.938410558417 432.352418108974 505.256815251531 796.205998314741 -33.5730556398459 67789.0067805922 40.7742915185343
153240 259.586958356394 -13175.8220426223 -12916.2350842659 -1140.68514172438 -1271.81950225098 -1231.35084167326 -918.885081248913 -104.423476204107 67929.9679186137 40.8025341079915
153250 258.036357036391 -13173.9069647954 -12915.870607759 1286.55371853235 1211.59121528387 1199.95081057509 1448.1191297381 -182.895393825706 67738.9900847521 40.7642608994385
153260 256.946006926245 -13172.3956724381 -12915.4496655118 -875.649641963624 -909.882368488351 -903.560344162583 -813.506213239939 -228.626157551195 67925.5311941421 40.8016457737826
153270 259.884814940692 -13174.7809775267 -12914.896162586 -43.7071351290518 -78.9842551604054 -15.749791968454 -36.3873582582953 -176.137755037917 67846.5017483164 40.7858157770343
153280 263.761441410482 -13177.9446677416 -12914.1832263311 938.663297627817 936.688996328049 1005.32933606665 873.971560488756 -108.280823240356 67754.0916541622 40.7672899701564
153290 264.2553661685 -13177.7010361936 -12913.4456700251 -1333.32920690603 -1290.95640221115 -1238.10114947595 -1470.93006903098 -83.879578096537 67943.9818350601 40.8053397621326
153300 262.717623045549 -13175.4723016873 -12912.7546786418 1212.67493687717 1256.57296854882 1328.00266077007 1053.44918131261 -100.873303720216 67742.9178321517 40.7650487697873
153310 260.421784657144 -13172.5250700244 -12912.1032853673 -524.6150391178 -605.896151961984 -405.930479624822 -562.018485766588 -132.598710438029 67900.6351121282 40.7966602883017
153320 260.466515811377 -13171.8612860171 -12911.3947702057 -467.306851022077 -748.089660596366 -304.500394763668 -349.330497706197 -173.115572395037 67900.1434836143 40.7965618265331
153330 262.691351075206 -13173.3355927353 -12910.6442416601 1200.54547075099 820.824058060629 1322.89522882462 1457.91712536773 -172.646296019914 67758.1628170874 40.7681064864302
153340 263.630507319133 -13173.5855905525 -12909.9550832334 -1373.31632003088 -1678.26812619207 -1399.27772200291 -1042.40311189765 -130.067712639746 67971.3741821263 40.8108227292321
153350 263.271120969012 -13172.6501361167 -12909.3790151476 989.182266406716 815.697854514235 789.469514263987 1362.37943044193 -109.747827033523 67779.7912632095 40.7724437596391
153360 260.62343954993 -13169.5139419701 -12908.8905024201 -111.927642239622 -230.472003121228 -353.270995418357 247.960071820712 -201.830223246474 67883.4639274284 40.7932210173363
153370 258.79258464565 -13167.1768642353 -12908.3842795897 -849.534900250064 -955.865908224104 -987.61185956945 -605.126932956641 -387.25250171554 67952.9631526598 40.8071376626934
153380 260.112636107003 -13167.9870786839 -12907.8744425769 1352.98044514759 1270.90200255473 1400.16680635172 1387.87252653632 -541.549600560594 67766.9734107411 40.7698734354242
153390 262.299113310731 -13169.720832226 -12907.4217189153 -1272.81476557404 -1274.94244510359 -1097.55052937456 -1445.95132224396 -531.760720168693 67978.1015426102 40.8121690806056
153400 265.388948308326 -13172.4566815385 -12907.0677332302 609.722064513263 740.515375154012 718.797577232344 369.853241153433 -423.289551583396 67810.0818202469 40.7785165436774
153410 267.326002650893 -13174.1317385183 -12906.8057358675 326.655714844343 475.239573501458 274.072013652015 230.655557379551 -325.928114343128 67824.4588579564 40.7813982825253
153420 267.825096663845 -13174.5173578164 -12906.6922611526 -1059.66494274457 -988.562330150208 -1257.3864086143 -933.046089469197 -278.551636507782 67937.5295804056 40.8040480373371
153430 267.257613343627 -13174.0384312805 -12906.7808179369 1370.61821144332 1331.59130921869 1064.23169499119 1716.03163012008 -241.585233245143 67740.278494281 40.7645193460099
153440 263.926335384425 -13171.0200753968 -12907.0937400124 -1000.3529919043 -1141.22453837503 -1296.79423331106 -563.040204026812 -191.661967381995 67950.278485234 40.8066002564695
153450 261.210335653797 -13168.7392309858 -12907.528895332 171.714288523099 -16.5047155432362 -70.9351169956942 602.582698108224 -143.995110543291 67861.1970249078 40.7887602451141
153460 259.682318356698 -13167.6967484649 -12908.0144301082 650.582307013314 504.244484755509 415.104816182929 1032.3976201015 -117.37594077586 67820.8247654338 40.7806699021146
153470 258.403548346363 -13166.9376671763 -12908.5341188299 -1173.42418932706 -1182.38286437334 -1489.12564389877 -848.764059709067 -104.165198958313 67971.408782112 40.8108296539788
153480 258.786658926803 -13167.8940663194 -12909.1074073926 1167.42387346717 1292.63701969271 801.0939431348 1408.54065757398 -126.766531992936 67775.039280715 40.7714908971244
153490 259.859105410575 -13169.5992487319 -12909.7401433213 -652.516445688665 -502.741606175274 -973.560918710954 -481.246812179767 -154.17328863418 67923.2824185301 40.8011955024492
153500 262.148171915162 -13172.5736757361 -12910.425503821 -180.272814262546 -118.417916811725 -373.382536025629 -49.0179899502855 -175.304092562115 67873.4756330353 40.7912201634073
153510 263.423805255895 -13174.5957533326 -12911.1719480767 935.097985460996 871.311567337623 916.57548609116 1017.4069029542 -225.007008163553 67775.8774799122 40.771658975178
153520 261.467947772798 -13173.4970980231 -12912.0291502503 -1204.20467681059 -1330.3735609688 -1074.02666524024 -1208.21380422275 -249.288156202462 67955.4869131084 40.8076428462808
153530 260.022431611314 -13172.9892255949 -12912.9667939836 891.383256447317 789.513845025458 1140.46272423213 744.173200084373 -203.69900091689 67775.296644241 40.7715425045277
153540 260.629260539291 -13174.5331098867 -12913.9038493474 -252.615864809813 -292.967472163785 58.8664607854737 -523.746583051129 -162.972845418407 67856.7078227894 40.7878607962646
153550 262.984159161911 -13177.808989013 -12914.8248298511 -501.843848296594 -466.726739893657 -243.429218197505 -795.375586798619 -156.159059352506 67859.1449312332 40.7883490960613
153560 264.416879228753 -13180.1394647438 -12915.7225855151 1055.70148709409 1171.35313558483 1111.9428444418 883.808481255634 -111.275453835647 67721.0560152051 40.7606631014001
153570 262.491083289967 -13179.1251741685 -12916.6340908786 -1022.85458606599 -814.153264936471 -1203.12990646396 -1051.28058679754 -6.00652706566663 67899.1086086389 40.796354563567
153580 259.764552869769 -13177.2481643946 -12917.4836115248 582.887538489107 861.475136599847 222.196823092151 664.990655775323 25.5918303394635 67775.0194841015 40.7714869274351
153590 257.691793643813 -13175.8898976024 -12918.1981039586 62.1917841338082 333.797682012884 -374.551697156235 227.329367544773 -60.2770864686374 67823.049010858 40.7811157102527
153600 257.184884366845 -13175.926984843 -12918.7421004761 -696.018474191574 -532.998713721584 -1126.9342956045 -428.122413248632 -148.612662471186 67883.7763854175 40.793283605717
153610 257.378162152694 -13176.5340255935 -12919.1558634408 998.942821041808 1002.70394067793 663.781045733806 1330.34347671369 -73.3925974810987 67742.71014529 40.7650071104573
153620 256.618219865519 -13176.1082383916 -12919.4900185261 -836.225142768803 -944.335014636585 -954.959498143947 -609.380915525876 199.190734282168 67895.6798148652 40.7956678356454
153630 256.874109990523 -13176.6206758672 -12919.7465658767 302.426436142596 150.374891087306 461.712981421868 295.191435918618 479.876176131557 67799.5338165469 40.7764020387916
153640 257.785525744889 -13177.7083730794 -12919.9228473345 296.268241214674 182.037432737992 604.456643999262 102.31064690677 561.990681378524 67792.6497377357 40.7750219040982
153650 258.847544916187 -13178.9062774048 -12920.0587324886 -753.238256135178 -758.729502090566 -510.541699979247 -990.443566335717 477.595963898799 67870.461133788 40.7906162607202
153660 260.433535327038 -13180.6296612947 -12920.1961259677 861.104919788947 956.410000917347 929.179585131818 697.725173317681 369.375739070473 67727.3850699931 40.7619328612499
153670 259.353142946585 -13179.7248364581 -12920.3716935115 -513.101504123644 -398.765574658143 -595.468906914795 -545.070030797997 274.879575092257 67842.7323404089 40.7850604385386
153680 255.54153097912 -13176.0759464011 -12920.534415422 63.622176125844 144.220658962855 -100.742265277924 147.388134692597 229.499196773469 67811.6708551357 40.7788350704491
153690 252.281367688713 -13172.9129979073 -12920.6316302186 396.227504031717 451.014871695283 185.961182575442 551.706457824428 196.144578198121 67801.1289818933 40.7767218275851
153700 253.265952110348 -13173.8711768245 -12920.6052247141 -756.859991494552 -646.69458490773 -1025.99760197595 -597.887787599979 171.593437370814 67899.385552305 40.7964100295707
153710 257.787016652891 -13178.2855163964 -12920.4984997435 671.006672554109 895.423682137184 328.944936701798 788.651398823344 200.021465285969 67768.0241253406 40.7700841441597
153720 260.972109923501 -13181.3476395098 -12920.3755295863 -316.06346350344 2.84052747660252 -724.718594137205 -226.312323849722 217.198846276759 67835.3199363981 40.7835750111587
153730 261.969046246417 -13182.2675936916 -12920.2985474452 -131.792486321121 191.384990677412 -514.122597962207 -72.6398516785639 196.084835663941 67809.9291407389 40.7784859383537
153740 260.727501111574 -13181.003600779 -12920.2760996675 573.087668165298 795.521588708742 353.070391102396 570.671024684763 163.351098558453 67752.2264764077 40.7669158774226
153750 257.3220352017 -13177.61780953 -12920.2957743283 -676.27936697474 -569.032476985212 -726.382306187805 -733.423317751207 191.352621672465 67867.0564784594 40.7899341755196
153760 255.570664986419 -13175.8768442544 -12920.306179268 469.600897839082 546.588861692817 507.172540827858 355.04129099657 290.521244350637 67780.2591901604 40.7725375854488
153770 256.715386361513 -13176.9833682466 -12920.2679818851 -128.806283861184 -38.6863268704194 -81.2231315480475 -266.509393165084 417.637729688628 67829.1138629642 40.782331246206
153780 258.590534869014 -13178.7775488796 -12920.1870140106 -280.207417777071 -223.925882130358 -263.798941351475 -352.897429849383 436.681361542181 67837.5805166495 40.7840280373022
153790 258.724344044419 -13178.8166486904 -12920.092304646 590.868084180295 556.287684420957 588.567983714368 627.74858440556 381.450000917004 67766.3845609207 40.7697553474088
153800 257.107597584378 -13177.1080446546 -12920.0004470702 -598.236910985356 -705.014645981266 -542.3644932019 -547.331593772897 319.429248159675 67871.4061939099 40.7908055890633
153810 256.252574172253 -13176.1348934075 -12919.8823192353 340.5199676131 187.103243779579 455.188102081192 379.26855697853 270.137024310933 67798.6876274355 40.7762323980432
153820 256.874609353035 -13176.5868769767 -12919.7122676237 40.9224528134191 -91.7558751883278 137.320385227206 77.2028484013772 208.25664068466 67825.4463909062 40.7815962090538
153830 257.718953490558 -13177.2040722461 -12919.4851187556 -416.682711595325 -436.159536780788 -357.82909874735 -456.059499257838 168.799266204612 67863.1549614083 40.7891525214956
153840 257.859115787951 -13177.0755132823 -12919.2163974943 602.100407373134 766.938255855902 678.043723593555 361.319242669945 199.23477536041 67776.8702100197 40.7718580384105
153850 257.571283358701 -13176.486821288 -12918.9155379293 -518.42178267381 -219.961988827455 -369.637088422489 -965.666270771493 264.489851052446 67869.1479079057 40.7903531730793
153860 258.014454450528 -13176.5829296756 -12918.568475225 195.74373026468 547.758890198047 317.370926090282 -277.898625494284 337.618360139757 67807.6941079065 40.7780379102775
153870 258.331793896533 -13176.4952846191 -12918.1634907226 234.349267168834 572.640501031357 251.791271029426 -121.383970554282 366.020932712357 67803.5824333654 40.7772136704349
153880 257.737788499832 -13175.4370106934 -12917.6992221936 -537.073583817087 -262.740097567321 -647.768958685005 -700.711695198926 268.290657992695 67872.6621756626 40.7910572030804
153890 257.342351423201 -13174.5140542606 -12917.1717028374 619.163972967242 783.744809612709 472.909776885587 600.83733240343 159.572129913936 67782.4044090923 40.7729677259146
153900 258.446454817011 -13175.0192463147 -12916.5727914976 -463.003451381668 -475.66162385687 -523.388920347873 -389.959809940269 103.932471547609 67871.9460801284 40.7909137462221
153910 260.936768475619 -13176.8479681089 -12915.9111996333 63.7233650327704 -134.430847951256 130.31997299593 195.280970053643 93.5521768509803 67825.0271899782 40.7815121908419
153920 261.614471454043 -13176.8324745051 -12915.2180030511 447.54733881232 134.146374739799 646.362218407208 562.133423289957 45.0694808836093 67796.9071610863 40.7758754523672
153930 260.566017013898 -13175.0901244292 -12914.5241074153 -782.408369727902 -1024.27521630078 -513.152167365097 -809.797725517827 -13.6113190691113 67907.4094913841 40.7980169906757
153940 260.160300018157 -13174.005888536 -12913.8455885178 766.472232692737 683.764189427053 1037.95810615158 577.694402499582 16.0993326116019 67782.2616783837 40.7729391070879
153950 259.174684329786 -13172.3503818957 -12913.1756975659 -361.96339622969 -307.697305499831 -165.152593350884 -613.040289838357 48.4039224393525 67883.2214998327 40.7931724565937
153960 258.580903719459 -13171.0557851011 -12912.4748813816 -286.009072812126 -162.251164366635 -220.859016619952 -474.917037449787 25.1347038854614 67885.2165455209 40.7935720813402
153970 259.241880332801 -13170.9825314692 -12911.7406511364 856.587020748508 1023.61650002782 781.007974691917 765.136587525788 -9.51696637424861 67792.1559643612 40.7749229077757
153980 260.322591542569 -13171.3292814279 -12911.0066898853 -1143.03684784681 -987.654590530418 -1249.50868074813 -1191.94727226187 -21.4955857078666 67955.0916198496 40.8075637208703
153990 262.615049303837 -13172.94439999 -12910.3293506862 896.02470729522 996.882183540475 875.55304871419 815.638889630987 48.0041553908608 67777.5017616652 40.7719846767655
154000 264.393906310378 -13174.1262719988 -12909.7323656885 -138.691391613115 -124.619532376791 -27.0493806935492 -264.405261769009 134.95427265065 67856.1737465782 40.7877537870289
