# Fix print output for fix setl_out
30000 52.11197602885 -13388.8733888705 -13336.7614128417 2487.53302555665 2581.53200392811 2375.70287300464 2505.36419973721 22.9775580901589 66430.125 40.5
30010 52.0089113681845 -13388.863772549 -13336.8548611809 1628.38424400626 1703.50448229458 1510.83801266113 1670.81023706306 32.364391268999 66501.5886939103 40.5145177225
30020 51.6569086481182 -13388.5874588949 -13336.9305502468 -148.43465405211 -110.714963571792 -244.482146253912 -90.1068523306256 26.2301994405821 66648.5300507059 40.5443359516026
30030 51.3379821431995 -13388.2257236551 -13336.8877415119 -1401.33446698389 -1393.83864403221 -1462.66679681606 -1347.49796010341 13.1308513741915 66752.1555009309 40.5653379125739
30040 51.2257852056275 -13388.1083867426 -13336.882601537 -1493.99439645426 -1486.73810664291 -1526.94366429026 -1468.30141842959 2.16230056380062 66758.9725908296 40.5667187825495
30050 51.3439236738002 -13388.264320044 -13336.9203963702 -745.980194686932 -715.917728136394 -766.671718239592 -755.351137684807 0.493974010160289 66696.1805364479 40.55399606496
30060 51.5790412022905 -13388.500202767 -13336.9211615647 219.132588872125 274.858945914461 191.448271254206 191.090549447709 17.7254125978008 66615.4028185464 40.5376174027198
30070 51.8232645711473 -13388.7108619869 -13336.8875974158 861.820527262469 922.522598407826 821.81458102489 841.124402354689 35.5097432672763 66562.4532669663 40.5268740534401
30080 52.0513929747765 -13388.9218684749 -13336.8704755001 904.063235359292 952.506800278714 857.363205625201 902.319700173963 26.8447277156642 66559.612490247 40.5262975049881
30090 52.1612869894052 -13389.0382952194 -13336.87700823 416.357833273532 444.367963968028 370.831135258194 433.874400594375 3.80337946263215 66599.9900853209 40.5344907801046
30100 52.0725658339426 -13388.9502881436 -13336.8777223096 -250.946248710907 -241.222065650791 -289.501703467825 -222.114977014104 8.62304334244863 66655.7864032632 40.5458073184837
30110 51.8525771965071 -13388.7256071941 -13336.8730299976 -685.557638468009 -690.572194316715 -712.90121936104 -653.199501726273 36.4840724365574 66693.3120120594 40.5534146633785
30120 51.6548012228408 -13388.5396652557 -13336.8848640328 -662.02117771608 -682.910789880168 -685.554735526974 -617.598007741099 52.9370072788716 66692.6855544757 40.5532876887592
30130 51.5645324534776 -13388.4720331554 -13336.907500702 -247.025387276868 -270.201017812377 -271.995517316668 -198.879626701561 50.9083068482803 66658.4610562785 40.5463496295676
30140 51.5182753767439 -13388.4383217667 -13336.9200463899 269.086739204131 255.151610523177 249.417402578464 302.691204510751 31.8729444176309 66615.5660098169 40.5376505050735
30150 51.4934979998056 -13388.4184730696 -13336.9249750698 568.591305674411 570.390772257261 561.850915342954 573.532229423017 11.22880242432 66590.2966142985 40.5325241182694
30160 51.5478891459727 -13388.4840058515 -13336.9361167055 499.374505667247 520.594371700209 497.084779937499 480.444365364035 -3.43481971861222 66594.8875118505 40.5334555672396
30170 51.7285088233204 -13388.6783037339 -13336.9497949106 139.106624295694 175.13130911527 129.554739467607 112.633824304205 -10.3140153635587 66623.973157123 40.5393557704924
30180 52.0563364273859 -13389.0151851368 -13336.9588487094 -267.410240431881 -223.727892668648 -292.633042078649 -285.869786548346 -10.9553846007559 66656.914432479 40.5460360387979
30190 52.4060909157701 -13389.3818658878 -13336.9757749721 -472.529699905618 -436.451361997857 -508.178288560233 -472.959449158763 -7.33738864304099 66672.906866879 40.5492784029573
30200 52.4332745482569 -13389.4513332843 -13337.018058736 -374.23416638423 -354.673362096325 -406.500207505101 -361.528929551264 -10.0489810081866 66664.299606909 40.5475334002901
30210 51.9386293683239 -13389.0221941374 -13337.0835647691 -58.5236598697156 -58.2065517458546 -86.6518868051375 -30.7125410581548 -14.8178810399141 66639.1981175931 40.5424435633228
30220 51.1506954562122 -13388.3072131059 -13337.1565176497 265.953596193752 255.442010060661 237.734593141339 304.684185379257 -13.3021613105496 66614.1917102892 40.5373717351083
30230 50.6091006702034 -13387.8356169568 -13337.2265162866 404.051328853225 406.143948515981 373.673787898394 432.336250145301 -5.23231639459563 66603.9251983464 40.5352891018511
30240 50.6790863989331 -13387.9667258236 -13337.2876394246 287.725554509234 324.284043508007 252.492430013771 286.400190005925 1.83578991095788 66613.4238134994 40.537215969315
30250 51.2368269508344 -13388.5718516691 -13337.3350247182 6.58152304046304 69.1855638436972 -35.0883656090388 -14.3526291132687 -5.37716998619589 66635.4416852387 40.5416817603964
30260 51.8637874333198 -13389.2375000391 -13337.3737126058 -260.880327758487 -190.659310508508 -307.805871928409 -284.175800838543 -23.1082087411178 66656.6568532152 40.5459838120001
30270 52.16925576982 -13389.588872638 -13337.4196168682 -351.07730379811 -290.194853954326 -394.194049476624 -368.843007963381 -36.3353919018631 66663.8107401104 40.5474342848144
30280 52.0093603473405 -13389.4913097963 -13337.481949449 -220.584813285105 -180.97416811751 -250.59622324248 -230.184048495326 -40.1347272466429 66653.5532519938 40.545354514923
30290 51.5927999986694 -13389.1467013476 -13337.5539013489 39.3525046092917 54.6215580570016 23.1469110873968 40.2890446834775 -29.6725449469685 66632.4864584937 40.541082421514
30300 51.2012027730423 -13388.826422977 -13337.6252202039 265.019849697363 265.718740970975 254.259343786333 275.08146433478 -8.62135630097249 66613.4968930047 40.5372307933472
30310 50.9691832299426 -13388.6608782343 -13337.6916950044 318.202838030384 323.241812173111 295.35713449117 336.009567426873 12.8592907909037 66609.2235644359 40.5363639389361
30320 50.9550791611389 -13388.7052749014 -13337.7501957402 173.756152097734 209.438738831968 122.612771385498 189.216946075737 28.4100918590332 66621.2520744384 40.5388038548398
30330 51.0653193252334 -13388.8613577533 -13337.7960384281 -72.3753638714855 -1.37816567998546 -140.008705181839 -75.7392207526321 28.9885028514416 66641.1593487291 40.54284128881
30340 51.1107654177172 -13388.9399858126 -13337.8292203949 -268.559055872195 -188.778960563683 -322.231905772914 -294.666301279987 24.6981189593405 66657.9012947949 40.5462361338563
30350 51.0959830563723 -13388.9500862116 -13337.8541031552 -295.954462730652 -239.005765377194 -311.157788050809 -337.699834763954 21.4594545656345 66660.9884947413 40.5468620781839
30360 51.1205635095466 -13388.991503209 -13337.8709396995 -135.248675460227 -102.750275822539 -126.509889516986 -176.485861041153 21.4207371496056 66646.7136560458 40.543967625478
30370 51.133872524158 -13389.009519678 -13337.8756471538 109.932177746006 135.013970232146 105.496866126033 89.2856968798409 32.6537457163617 66625.0638085109 40.539576982474
30380 51.0928544077238 -13388.9598073733 -13337.8669529656 287.584190014106 320.441490417178 251.523762221532 290.787317403608 49.2521057072939 66609.3911233008 40.536397929331
30390 51.1203397878833 -13388.9676448484 -13337.8473050606 286.943211742727 326.717691297917 235.171478565349 298.940465364915 47.6363978778693 66608.8981375054 40.5362979238245
30400 51.2652726648472 -13389.0815000062 -13337.8162273414 105.647150170921 141.039363957434 71.6638205868064 104.238265968521 31.2189588133668 66624.0712056887 40.5393756573466
30410 51.4528991860667 -13389.2244174933 -13337.7715183072 -148.545742706148 -128.954075533081 -145.330197063403 -171.352955521962 22.7355811120852 66645.7674755318 40.5437757575845
30420 51.5836208614576 -13389.2999710621 -13337.7163502006 -317.747626579924 -308.299010472446 -287.945905233886 -356.997964033439 26.9447921347866 66659.9447212645 40.5466504503585
30430 51.5725505409932 -13389.2293773393 -13337.6568267983 -291.053704671209 -274.490341963224 -268.140208302006 -330.530563748396 27.108575638919 66657.5724557014 40.5461694590425
30440 51.4853869804082 -13389.0770452982 -13337.5916583178 -73.6973749877263 -39.6258291642487 -82.5074873999208 -98.9588083990078 22.1611355148709 66639.556206949 40.5425161822013
30450 51.5083237362498 -13389.0224991433 -13337.5141754071 207.753855193216 255.502757358311 163.404183757373 204.354624463965 23.7619861754562 66616.075648508 40.5377538818251
30460 51.6516160664618 -13389.0769816508 -13337.4253655843 377.790392272915 418.549318638025 316.759698625858 398.062159554863 28.1622337256434 66601.4216126121 40.5347811996376
30470 51.7006636025214 -13389.0326963994 -13337.3320327969 314.80356924059 328.045205447866 259.093869065286 357.271633208618 28.2349211382053 66607.1376702346 40.5359407970918
30480 51.5149586442599 -13388.7477075759 -13337.2327489317 36.6781154430286 26.8668816608956 -4.6218610510134 87.789325719204 18.1232686321841 66631.325740971 40.5408470157308
30490 51.2600860113416 -13388.3786216883 -13337.1185356769 -297.651739138695 -295.334882360527 -333.770487947778 -263.849847107778 5.70768729095311 66660.2466326507 40.5467116639155
30500 51.2828365382438 -13388.2716959077 -13336.9888593695 -476.303813134874 -443.625847571503 -505.817113552464 -479.468478280656 -2.40393310668441 66676.3272533502 40.5499717972116
30510 51.7553920626816 -13388.6070170404 -13336.8516249778 -356.556787171101 -305.968168008941 -376.14888416699 -387.553309337371 -4.00084369549522 66666.1051922559 40.5478994701437
30520 52.3738596431824 -13389.0844836897 -13336.7106240465 22.2575379117953 65.6186680012036 7.91838903419674 -6.76444330001302 -1.03714081511043 66633.8870743217 40.5413664775698
30530 52.621448531541 -13389.1917181442 -13336.5702696127 442.061812460383 464.890792138868 421.096987246545 440.197657995738 10.665868903699 66599.350468326 40.5343610171615
30540 52.2782387671471 -13388.7239571376 -13336.4457183704 624.476942161778 625.458223634037 594.016892694091 653.955710157206 15.7052822444822 66585.544142549 40.5315598423495
30550 51.6671498207822 -13388.0102740341 -13336.3431242133 408.151167000805 404.724083637968 369.69038389056 450.039033473886 6.86760435768197 66605.118957901 40.5355312752637
30560 51.4330774570849 -13387.6729487781 -13336.2398713211 -115.683946247374 -105.432070112201 -167.111021119291 -74.5087475106313 -3.86803163346838 66649.1452706501 40.544460703578
30570 51.8467382933943 -13387.965813125 -13336.1190748316 -630.855098968578 -605.350907110842 -689.273517548144 -597.940872246748 -11.5490570848249 66690.6339182177 40.5528718438137
30580 52.4791118399782 -13388.4850065102 -13336.0058946702 -785.228096746841 -759.771064698685 -837.783169206671 -758.130056335169 -23.8801564937306 66702.3829255206 40.5552531277753
30590 52.6936504129206 -13388.6189052004 -13335.9252547875 -428.072310841518 -414.33795548212 -464.057253004011 -405.821724038424 -32.5631615311749 66672.8861250309 40.5492741980156
30600 52.31146150043 -13388.1679348561 -13335.8564733557 254.399770236149 255.695560733663 243.118153815018 264.385596159765 -29.8994757765489 66616.8017417817 40.5379011640098
30610 51.7487184256107 -13387.530268002 -13335.7815495763 825.704340064741 828.558496753608 832.441492491457 816.113030949157 -26.0527075846793 66570.6194046911 40.5285313165856
30620 51.6107539155446 -13387.3321260696 -13335.7213721541 893.922662557168 917.973864338118 898.546257941444 865.247865391942 -22.9296030870685 66565.2648310935 40.5274446569131
30630 52.0366584142076 -13387.7163318101 -13335.6796733959 384.44308375157 427.640003990019 371.872443835173 353.81680342952 -14.7120450470298 66605.9260777839 40.5356950109325
30640 52.4994282265658 -13388.1255858362 -13335.6261576096 -387.685055455967 -341.242862346257 -409.4025365414 -412.409767480242 -9.10978534475093 66667.714457446 40.5482257318821
30650 52.463757026781 -13388.0320659859 -13335.5683089591 -923.879691677407 -890.481028134569 -949.378312405371 -931.779734492281 2.12578770840764 66711.7117222574 40.5571436853055
30660 52.0099741310363 -13387.5557582205 -13335.5457840895 -873.188537368051 -853.329536166856 -906.96538294995 -859.270692987346 16.97637170221 66709.1500297028 40.556624554755
30670 51.7235918955554 -13387.2687328907 -13335.5451409951 -273.491954677373 -258.7701719879 -308.165228940106 -253.540463104114 30.0249466718664 66661.5962569642 40.5469853025599
30680 52.1176569715997 -13387.6412994293 -13335.5236424577 478.626404941975 499.689113884147 454.194538761717 481.995562180062 39.8298752212952 66599.7332005753 40.5344386644525
30690 53.0104951429498 -13388.5103477508 -13335.4998526079 899.371996005591 926.085708915851 886.486648808507 885.543630292416 33.6897519733396 66563.4882106771 40.5270840958588
30700 53.5552922410517 -13389.0788497247 -13335.5235574836 738.076430222981 761.892517039662 733.095019130372 719.241754498909 8.6578195110614 66575.8333849027 40.5295893881769
30710 53.1555153719501 -13388.7501006491 -13335.5945852771 137.532552411002 154.558928018183 129.73247980873 128.306249406094 -10.4152700203703 66625.8664789037 40.539739783006
30720 52.0829332956429 -13387.7691292511 -13335.6861959554 -489.181126971285 -477.588218828778 -520.192831851801 -469.762330233278 -9.57770251285801 66679.1189060481 40.5505377144969
30730 51.2647389110488 -13387.0664517839 -13335.8017128729 -753.580386247084 -756.113699513808 -802.893440775751 -701.734018451693 9.619961836344 66702.1106489673 40.5551979460407
30740 51.3989452826354 -13387.3495506479 -13335.9506053653 -534.69528373471 -566.18750216704 -576.787462263754 -461.110886773335 30.8658378805672 66682.9152986413 40.5513072849511
30750 52.2018484627015 -13388.3268710076 -13336.1250225449 -26.8191627443215 -81.2987956904192 -43.2279625540977 44.0692700115525 42.9366629483397 66638.6349781111 40.5423293606932
30760 52.7374785282966 -13389.0678962762 -13336.3304177479 425.533745231603 365.93081301324 438.206581079343 472.463841602226 47.1738438866398 66599.1801167953 40.5343264567827
30770 52.5071885108065 -13389.0939637395 -13336.5867752287 558.929573327642 516.777088116941 582.916307231058 577.095324634926 41.0633722575074 66587.5350704547 40.5319638069554
30780 51.9054535360711 -13388.7883218569 -13336.8828683208 341.104065906084 325.65899497252 356.110525246271 341.54267749946 30.8381994769824 66606.2556787699 40.5357618747678
30790 51.6115997534122 -13388.7871348054 -13337.1755350519 -40.1117335768068 -35.6683941540973 -40.005769393048 -44.6610371832744 11.4396668174752 66637.4500630546 40.5420890621475
30800 51.7566093775234 -13389.1918180602 -13337.4352086827 -333.420095210441 -318.668783196334 -344.496335675879 -337.095166759112 -5.87467848309057 66660.0779587686 40.5466774647369
30810 51.7987225759361 -13389.4572507065 -13337.6585281306 -384.129488829564 -364.200114232696 -400.666583432703 -387.521768823293 -6.73063638625061 66663.1749219658 40.5473053749101
30820 51.2605447096619 -13389.1030798113 -13337.8425351016 -201.98694209937 -171.151125047012 -223.565016237446 -211.244685013652 -0.478004947901937 66648.9775229939 40.5444266884183
30830 50.3891968366639 -13388.3653434552 -13337.9761466186 71.8094572632064 115.084704602802 39.5084308075493 60.8352363792685 7.45636807934802 66628.4627362379 40.5402663564185
30840 49.9076058998988 -13387.9637376032 -13338.0561317033 268.862563443019 310.756149762713 227.21330091888 268.618239647464 9.77177837224905 66612.9516599603 40.5371201936485
30850 50.2237168922615 -13388.3163507202 -13338.092633828 285.498353687915 308.326924765621 245.548458556959 302.619677741164 21.1355962158194 66610.4623610899 40.5366152354684
30860 50.9912785558472 -13389.0913532057 -13338.1000746498 130.841094450982 137.918100408246 97.6788056747946 156.926377269906 41.4092740711736 66621.7571778039 40.5389063058039
30870 51.5052063693935 -13389.5969171839 -13338.0917108145 -91.3372830246316 -80.2630318960101 -123.869054072846 -69.8797631050382 65.2340716687245 66639.4378303355 40.542492175996
30880 51.4774539866088 -13389.5553444202 -13338.0778904336 -243.398409481359 -217.84005602579 -280.682345257554 -231.672827160734 83.2451643453441 66651.7759487346 40.5449941338794
30890 51.2029403816809 -13389.2649278955 -13338.0619875139 -240.56971576733 -204.74657907282 -273.646149966088 -243.31641826308 90.6301546273173 66652.2593467414 40.5450921523827
30900 51.1367682878485 -13389.1762931593 -13338.0395248715 -88.3869622691048 -57.4707230805922 -117.476996927952 -90.213166798772 70.6341367691791 66640.7756326859 40.5427634741949
30910 51.456441728797 -13389.4630854009 -13338.0066436721 118.393474445438 137.233371811297 91.1138273723439 126.833224152672 41.7727100609232 66624.2134410809 40.5394045064287
30920 51.8863537984709 -13389.8552189867 -13337.9688651882 249.776878310524 265.557243886955 228.475899748861 255.297491295757 33.6425378776319 66613.5694072698 40.5372455027108
30930 51.9843693145298 -13389.9202764225 -13337.935907108 226.269080176609 250.436270303832 225.648013352041 202.722956873954 48.8591745328467 66615.0288529751 40.537541545881
30940 51.5877805348863 -13389.496445427 -13337.9086648921 58.3681767974951 105.167488499395 70.3504225406653 -0.413380647575248 62.4001082185842 66628.768169684 40.5403283035896
30950 50.9328048802966 -13388.8099851237 -13337.8771802434 -149.805808758798 -83.2064411930598 -143.593897773771 -222.617087309562 52.8493308134793 66646.5877588142 40.5439420959546
30960 50.4720706866674 -13388.3025627969 -13337.8304921102 -265.308156588391 -199.288555520369 -277.444963730082 -319.190950514722 27.3591716233342 66656.3332361195 40.5459181951741
30970 50.5161243526246 -13388.2784016426 -13337.76227729 -214.357948272501 -164.315257006416 -247.512019278715 -231.246568532372 -2.01766093123117 66651.8957283237 40.5450184216035
30980 50.9950727680688 -13388.6655540731 -13337.6704813051 -25.160025276979 9.16804355607592 -70.7079313384699 -13.9401880485428 -18.2482848520034 66636.046096387 40.5418043366597
30990 51.5575660076457 -13389.1176734839 -13337.5601074763 188.655401687763 209.843445228639 150.745536262459 205.377223572191 -16.3389325123927 66617.907160955 40.5381253873497
31000 51.7764525584624 -13389.2197001904 -13337.443247632 290.421823673026 305.500663192104 281.059837768087 284.704970058887 -14.8193927828634 66609.4068030121 40.5364011100585
31010 51.576317784659 -13388.9044204627 -13337.328102678 211.060644799945 225.138525576917 234.805301461079 173.238107361839 -25.881407163171 66616.2251559059 40.5377842082866
31020 51.3498612355494 -13388.5607177565 -13337.2108565209 -8.65482435818105 8.50046728746996 29.0048204045133 -63.4697607665259 -49.2893001452778 66634.6798479282 40.5415272566132
31030 51.4772499747068 -13388.5628257419 -13337.0855757672 -235.649614852427 -212.078212220932 -209.456496113044 -285.414136223302 -67.2629459084741 66653.3797843035 40.5453193414288
31040 51.9989372963394 -13388.9566580626 -13336.9577207662 -323.540501238618 -288.074157487375 -326.378814757343 -356.168531471135 -64.4110787839569 66660.1660906838 40.5466953337767
31050 52.5529910433483 -13389.3931481487 -13336.8401571053 -207.183044247237 -169.958793477796 -240.735405323949 -210.854933939968 -47.9040424141957 66650.4050852363 40.5447161616235
31060 52.6605109886053 -13389.400948848 -13336.7404378594 56.2303088513186 79.1620068482678 11.5956287570193 77.9332909486697 -24.8526894200769 66629.1987033596 40.5404156229235
31070 52.2088952845975 -13388.8669746792 -13336.6580793946 305.595917679292 309.93308807925 271.396400142251 335.458264816373 -3.89541662809127 66610.6476136346 40.536652814671
31080 51.5746817152362 -13388.1635640127 -13336.5888822975 378.586605153422 367.698594439772 371.597622138802 396.463598881691 0.97942358478626 66606.6955814487 40.5358511143885
31090 51.2186788122604 -13387.7421458296 -13336.5234670174 208.713052903051 192.522953004738 234.090322870059 199.525882834354 -5.99838347426288 66621.9524846683 40.5389459200845
31100 51.3020035853437 -13387.7507813654 -13336.44877778 -117.364974421816 -123.510482357672 -75.478097716 -153.106343191774 -14.2314304383962 66648.8135054334 40.5443934295764
31110 51.6341484776784 -13387.9967265646 -13336.362578087 -401.629497558752 -387.458163078623 -370.838740864958 -446.591588732675 -23.0183250742078 66671.0234890482 40.5488965870409
31120 51.8911733722313 -13388.1691612676 -13336.2779878954 -451.538495695845 -419.959753111821 -441.382912561368 -493.272821414348 -28.0186503297138 66674.0487259797 40.5495098877808
31130 51.8992598216361 -13388.1019186455 -13336.2026588238 -206.798757147643 -172.991956209138 -205.402297356183 -242.002017877607 -26.0919376055922 66654.3116837118 40.5455082990037
31140 51.8071674877588 -13387.9345376231 -13336.1273701354 209.598289971816 242.155856983122 209.11364715132 177.525365781007 -16.3323764124553 66620.9349079739 40.5387395231684
31150 51.8565819402209 -13387.9047740456 -13336.0481921054 540.3514288812 578.989184540419 541.291149073109 500.773953030075 1.87077019748535 66594.2533598129 40.5333269064371
31160 52.0918592803498 -13388.0696208721 -13335.9777615917 551.09544043535 600.399371085999 546.435640859363 506.451309360687 16.3145751816785 66593.2691090181 40.5331272137521
31170 52.4439904270719 -13388.3652664164 -13335.9212759893 192.715911166641 241.378058574516 184.442984613422 152.326690311987 18.2573122726928 66622.1892598466 40.5389939453195
31180 52.7423276303304 -13388.6118207854 -13335.8694931551 -337.472753364694 -302.843133445938 -337.705089142749 -371.870037505394 -1.61327007295678 66665.0200552241 40.5476794669608
31190 52.7567272314943 -13388.5863956952 -13335.8296684637 -700.593873742299 -682.917217232337 -688.509251833948 -730.355152160612 -20.0564924083765 66694.8646686575 40.5537293627905
31200 52.4003405506873 -13388.2231875031 -13335.8228469524 -634.636330839889 -625.960273332346 -617.420244925705 -660.528474261616 -21.4118169058672 66691.1553173107 40.5529775266972
31210 51.9721671995945 -13387.8103196583 -13335.8381524587 -138.890891296669 -125.885018734295 -127.936007055484 -162.851648100229 -10.9611655081308 66652.2036040281 40.5450808494697
31220 51.9512875282877 -13387.7961963144 -13335.8449087861 491.648715157532 520.334829679954 488.086897096151 466.52441869649 -2.8946543780313 66600.6761420773 40.5346299636378
31230 52.4132698818232 -13388.2665831009 -13335.853313219 848.53624496538 899.875635735727 829.335220839359 816.397878321053 -2.68078203991106 66569.2314506292 40.5282496501332
31240 52.8425132335551 -13388.7412241555 -13335.8987109219 672.703986872906 743.315660932658 638.062958844065 636.733340841997 -14.1699680309622 66581.4537904439 40.530729873682
31250 52.7527629845715 -13388.7310514167 -13335.9782884321 50.7865343232022 141.050050454071 2.80050439534608 8.50904812019066 -33.6369908096851 66632.1048933212 40.5410050363653
31260 52.2397827353641 -13388.3111594963 -13336.071376761 -625.159503330622 -525.074688101221 -679.077834795189 -671.325987095458 -45.4570004590451 66688.9376851504 40.5525280288912
31270 51.80669612827 -13388.0035084146 -13336.1968122864 -913.661616458033 -826.500350499508 -960.687526501458 -953.796972373136 -43.9576117358881 66713.7165506275 40.5575499572861
31280 51.7817570920639 -13388.1596663072 -13336.3779092152 -624.666725944676 -568.371160990698 -660.207410793705 -645.421606049626 -29.3010985295333 66689.6058133719 40.5526634546399
31290 52.0084683139621 -13388.6024968736 -13336.5940285597 59.3365094009296 79.6625985246114 42.6569733905313 55.689956287646 -7.67046423159432 66631.2279402638 40.5408271805887
31300 52.0055232324276 -13388.8323773204 -13336.826854088 697.490375265034 683.034510669459 704.780675796257 704.655939329385 9.47050463212137 66576.4901066339 40.5297226526225
31310 51.5075658537494 -13388.5983774522 -13337.0908115984 878.297646814202 843.022499242085 909.809955508306 882.060485692214 16.1543015590198 66561.7469579453 40.5267307063699
31320 50.8671586232626 -13388.2398497423 -13337.3726911191 505.56859220682 479.547985575814 543.391815616216 493.765975428431 9.45309960130752 66593.5688040212 40.5331880184832
31330 50.7311359221853 -13388.3480435456 -13337.6169076234 -158.241650968083 -142.160812317951 -140.738110055827 -191.826030530471 -0.0225101656559518 66648.9782626555 40.5444268384039
31340 51.2840816806942 -13389.0882676897 -13337.8041860091 -676.174664504248 -621.797075599583 -688.957885299784 -717.769032613376 2.89780581269897 66690.4029099424 40.5528250203481
31350 51.9439058005532 -13389.9122859651 -13337.9683801646 -736.723922319139 -674.423552560627 -764.405869367617 -771.342345029174 18.5362263038705 66692.6807057795 40.5532867059899
31360 51.9070378079915 -13390.0314699808 -13338.1244321729 -340.08783119963 -294.635786296837 -362.073572570707 -363.554134731346 29.4407473291135 66658.1315999052 40.5462828299691
31370 51.0083584199413 -13389.2559627848 -13338.2476043649 216.83420134779 240.345637901133 205.001221318435 205.155744823801 20.4755419086606 66612.9459255362 40.537119030426
31380 50.0120374325952 -13388.338095835 -13338.3260584024 565.977169040733 568.177557617735 563.276802091021 566.477147413442 2.70601396312533 66585.7164661631 40.5315948075908
31390 49.7702757827861 -13388.1398308295 -13338.3695550467 522.274753954371 510.698242645005 530.266103493354 525.859915724756 -12.992444073796 66589.3046743475 40.5323228575669
31400 50.316985851995 -13388.6957784389 -13338.3787925869 178.75056185591 163.615059310182 197.740848346001 174.895777911548 -25.0091580917648 66616.9263833302 40.5379264464385
31410 51.1086375250456 -13389.4648664359 -13338.3562289108 -197.343874649329 -203.162300454985 -175.605143130439 -213.264180362563 -29.8424776082798 66648.4459818069 40.5443189043693
31420 51.6798625714031 -13390.002081009 -13338.3222184376 -371.420026310815 -352.654882182101 -352.250722392398 -409.354474357946 -32.2923464394398 66663.8458100871 40.5474413951057
31430 51.8297360267475 -13390.1237454235 -13338.2940093967 -290.774510546892 -243.723464985424 -276.368736351654 -352.231330303597 -43.5146965642876 66658.0140514717 40.5462589961435
31440 51.5971397617821 -13389.8679605039 -13338.2708207421 -64.1620225320972 -7.95583747673997 -47.1464467196009 -137.383783399951 -53.5492975386824 66639.9155687861 40.5425890588717
31450 51.1820883147003 -13389.4266348913 -13338.2445465766 148.13456952977 190.350979664653 174.884253519366 79.1684754052901 -46.4762318288249 66623.0287243632 40.5391642134359
31460 50.8463722859937 -13389.0557967662 -13338.2094244802 236.947013742481 249.690480676268 269.832559032749 191.318001518426 -33.5116114631421 66615.4396730384 40.5376248784334
31470 50.7309018658044 -13388.8920558895 -13338.1611540237 177.145523447193 164.684385039769 208.884602032964 157.867583268846 -34.255869989884 66619.8978625204 40.5385291752064
31480 50.7218405290351 -13388.817496505 -13338.095655976 23.4742352009781 13.3526344171752 42.4700466765779 14.6000245091806 -42.7387407250888 66632.7461263147 40.5411350845188
31490 50.6958023589589 -13388.7068694963 -13338.0110671373 -130.180922903522 -118.390128593935 -138.670249670736 -133.482390445892 -45.9285584315351 66646.4458786534 40.5439133253639
31500 50.7727284780464 -13388.68121739 -13337.908488912 -196.299407361394 -157.601052855678 -237.25022619455 -194.046943033955 -29.7170980719758 66653.2774837663 40.5452985982443
31510 51.1295080857716 -13388.9206914487 -13337.791183363 -138.811432146807 -83.0302529397214 -198.670606773187 -134.733436727513 -9.43880698630872 66648.4030678192 40.5443102023971
31520 51.604688938181 -13389.2697076409 -13337.6650187027 4.14848444584877 57.6067308366182 -52.000999327442 6.83972182836978 -11.8402155084333 66634.8114917743 40.5415539546183
31530 51.7892570602407 -13389.3276145491 -13337.5383574889 142.503938238974 175.973199633158 112.603671481401 138.934943602362 -22.050530435867 66622.1518706381 40.5389863616541
31540 51.6215997664039 -13389.0388735184 -13337.417273752 190.681809007176 205.016815693524 192.422159342144 174.60645198586 -29.8814279474955 66618.1286778413 40.5381703195596
31550 51.5049930681129 -13388.8064125345 -13337.3014194664 119.573856007027 132.427233222911 137.973535381108 88.3207994170631 -28.6781681431067 66624.0955240554 40.5393805897545
31560 51.6747328502521 -13388.8626845602 -13337.18795171 -26.7458025736437 7.73828435875739 -15.2623130908745 -72.7133789888137 -15.68190036064 66635.877789918 40.5417702037137
31570 51.8624211849466 -13388.9412350279 -13337.0788138429 -158.640804226871 -100.696075138393 -163.810133451942 -211.416204090278 5.45358971137736 66647.3887712061 40.5441045252253
31580 51.7045107058946 -13388.6830817399 -13336.978571034 -194.323975163014 -128.001579234998 -221.993476820503 -232.976869433542 19.5874925686233 66652.6756935345 40.5451765745469
31590 51.3382129873974 -13388.2237129725 -13336.8854999851 -106.379056116846 -47.7527573111539 -151.157630482277 -120.226780557105 23.0169823319021 66648.0661809966 40.5442418893482
31600 51.2378777787247 -13388.0297591554 -13336.7918813767 53.5134598821079 93.0132127956291 6.05317218010017 61.4739946705935 24.7798176455243 66636.5779046222 40.5419121882371
31610 51.6525122170743 -13388.3477456845 -13336.6952334675 189.267529814877 201.59930297232 157.890112715615 208.313173756697 23.2756078452616 66625.1282437256 40.5395900515071
31620 52.3349520764676 -13388.9392715597 -13336.6043194832 210.663163013848 201.362756120098 211.978449729905 218.648283191543 22.8447874925504 66621.5868109276 40.5388717500621
31630 52.7919783918615 -13389.3236481477 -13336.5316697558 98.4138742284738 84.4037719736119 130.007881607754 80.8299691040553 21.4727510283351 66628.4991766363 40.5402737471698
31640 52.7476838388525 -13389.2310357435 -13336.4833519046 -88.6768848704092 -82.6259029566113 -49.789878090944 -133.614873563671 15.8760901878224 66642.8825314024 40.5431907331082
31650 52.2910744157875 -13388.748218311 -13336.4571438952 -232.797517848977 -197.015976123704 -210.443566049495 -290.93301137373 11.6320042514643 66654.6045273092 40.5455676773836
31660 51.6941957507108 -13388.1396160471 -13336.4454202964 -236.716547686432 -178.3628764929 -241.389799714339 -290.396966852056 10.8850809507559 66655.3090296041 40.5457105249535
31670 51.2770534545017 -13387.7132939027 -13336.4362404482 -83.4567297531137 -18.4296116647616 -113.608670259793 -118.331907334787 8.43504440962919 66643.0929584988 40.5432334052167
31680 51.3042224655947 -13387.7230964592 -13336.4188739936 144.626650142237 203.405507348496 101.549089387475 128.925353690742 2.81744983624583 66624.9303609159 40.53954991602
31690 51.7771947947789 -13388.1711797119 -13336.3939849171 306.110899457999 347.075226492937 270.460976436273 300.796495444786 0.0852922254286185 66612.637844828 40.5370565364497
31700 52.3306108895828 -13388.7042161338 -13336.3736052443 283.204901737409 300.600953563879 265.997160975322 283.016590673026 3.56080402761337 66615.5622950649 40.5376497515593
31710 52.5236523007249 -13388.8908078801 -13336.3671555794 64.9336820004662 59.2636919644735 65.2513406805803 70.2860133563457 3.25595490501466 66634.246839734 40.541439440221
31720 52.2162215535504 -13388.5893472721 -13336.3731257185 -230.093118580435 -251.788039248956 -220.326217517515 -218.165098974831 -0.258102645522549 66658.8341729636 40.5464252813358
31730 51.7798271132604 -13388.1673040726 -13336.3874769594 -412.84799603653 -437.938317663038 -398.405088382724 -402.200582063827 -15.0632696581595 66673.126347939 40.5493228977366
31740 51.6810952662295 -13388.0900618854 -13336.4089666192 -340.705721289656 -357.320209266096 -319.985070449693 -344.81188415318 -31.977071767628 66665.4007088103 40.547756641818
31750 51.9404613396874 -13388.3734908264 -13336.4330294867 -22.5224890895079 -27.8407997865497 4.50955991672421 -44.236227398698 -35.5791380996979 66637.325949665 40.5420638920206
31760 52.2623351262797 -13388.7186666874 -13336.4563315611 357.308173825444 359.254724351764 384.258564802762 328.411232321805 -16.7056995919018 66605.7932001212 40.5356680549127
31770 52.4168851930434 -13388.9070471252 -13336.4901619322 548.268276408102 554.067844294732 563.645536350671 527.091448578901 11.8037535843719 66590.8866865509 40.5326438406533
31780 52.2303359294814 -13388.7778129429 -13336.5474770135 392.980801649634 408.618670888422 384.754196784334 385.569537276148 30.1479706747245 66604.6837113648 40.535442978807
31790 51.6694629471298 -13388.2866814003 -13336.6172184532 -46.7848852167181 -18.7188000602643 -79.0974975627709 -42.5383580271183 25.0352081733675 66642.4478428733 40.5431025831684
31800 51.0668355409294 -13387.7466929373 -13336.6798573963 -502.49383830452 -470.146209943688 -545.263792038147 -492.071512931726 -2.91582956540405 66681.2495637534 40.5509696257999
31810 50.9263865072905 -13387.6645025069 -13336.7381159996 -665.392147834982 -635.706226977004 -708.308214371599 -652.16200215634 -34.9680591970851 66693.6847979415 40.5534902217407
31820 51.3539772445682 -13388.1557073682 -13336.8017301237 -400.84331183326 -374.950418557018 -438.652127530388 -388.927389412376 -52.9240313823596 66669.2341413984 40.5485338271385
31830 51.9054032521246 -13388.7695274144 -13336.8641241622 148.065942730777 171.048855716736 111.921901871698 161.227070603896 -52.9021912715601 66621.7429346614 40.5389034168505
31840 52.0276743722344 -13388.9555971652 -13336.927922793 636.194056626336 659.556861587373 602.725541789848 646.299766501789 -47.9199530812533 66581.0894247216 40.5306559390012
31850 51.6710210893397 -13388.6910838372 -13337.0200627479 733.647772200448 764.985369259456 710.564117894337 725.393829447552 -45.2992286493836 66574.7282787319 40.5293651338948
31860 51.3257183932442 -13388.4755506793 -13337.149832286 357.391905429477 402.932511533644 342.995769498922 326.247435255863 -46.6169023070701 66607.6371080456 40.5360421132152
31870 51.3371955585819 -13388.6338018392 -13337.2966062806 -258.944873315903 -198.35615544886 -282.308755275202 -296.169709223648 -53.8322855933429 66658.0193370473 40.5462600678342
31880 51.4558415725355 -13388.9179865892 -13337.4621450166 -720.549550786453 -651.761489945691 -758.4232577689 -751.463904644768 -66.6881304444219 66693.9315527425 40.553540235252
31890 51.2598166886947 -13388.9350252884 -13337.6752085997 -729.504918272218 -658.691981842995 -776.023393698386 -753.799379275272 -72.9105394162879 66693.1062832014 40.5533729649632
31900 50.7801573000586 -13388.7069819981 -13337.926824698 -276.245378236678 -213.142914877159 -329.438556642003 -286.154663190872 -66.9827009757202 66655.3452738278 40.5457178739432
31910 50.4550199428464 -13388.6247620061 -13338.1697420633 349.76951418049 393.376003039275 293.583975373067 362.348564129131 -51.3096344783335 66604.4098722705 40.5353874261362
31920 50.6090253286574 -13388.9960579047 -13338.3870325761 751.879558331059 780.386086502595 703.962063205346 771.290525285237 -35.0653108629652 66571.7443573587 40.5287596075995
31930 51.0307290373573 -13389.6260524982 -13338.5953234609 677.332140101176 696.419462803418 646.001803012165 689.575154487946 -21.2171649256845 66577.8252030696 40.5299935727149
31940 51.2369645477182 -13390.025773256 -13338.7888087083 179.580576406565 202.645902563262 158.234441650133 177.8613850063 -0.429232330608524 66618.6019884897 40.5382663249694
31950 51.002140795598 -13389.9461814115 -13338.9440406159 -414.931898580922 -377.975851058494 -430.534233879455 -436.285610804817 15.1870449709444 66666.778114425 40.548035898736
31960 50.472923280867 -13389.537587581 -13339.0646643001 -730.737234107389 -682.090458822694 -745.748341587844 -764.372901911628 4.79798196500504 66692.3120039442 40.5532119746569
31970 50.0392292378601 -13389.2033541626 -13339.1641249247 -579.052040404994 -534.959202874364 -587.956657050575 -614.240261290042 -11.3125057352556 66679.0339624894 40.5505204951709
31980 50.0175387663598 -13389.2459352119 -13339.2283964456 -72.8732439351599 -43.1488002348764 -68.4139524944976 -107.056979076105 -12.8624774654735 66635.8164075156 40.5417577552045
31990 50.3682339788436 -13389.6123566493 -13339.2441226704 456.798618712026 481.199542061452 468.180692301023 421.015621773603 8.52282874421859 66591.3584735274 40.5327395631026
32000 50.8240595884215 -13390.0559814346 -13339.2319218462 679.364680546008 707.45416140529 671.944164541987 658.695715690749 51.2296228959135 66573.9099932338 40.5291990812575
32010 51.1727355601669 -13390.3881192363 -13339.2153836761 473.552260940144 512.527063725968 429.654131405354 478.475587689111 91.8262990134045 66592.0239890941 40.5328745910296
32020 51.2994719088696 -13390.4884183193 -13339.1889464104 -13.0630179440274 33.3108608209987 -86.9282181160372 14.4283034629566 108.738117644658 66632.4885929916 40.5410828544103
32030 51.1969866459285 -13390.3413790623 -13339.1443924164 -464.454967915505 -423.591307068682 -539.609176320495 -430.164420357336 101.252317832556 66669.5880047969 40.5486055674586
32040 50.9834463290948 -13390.0770002921 -13339.093553963 -604.672567733389 -581.421406596525 -649.79375038879 -582.802546214852 81.8787867859369 66681.1905311936 40.5509576592762
32050 50.8008976157199 -13389.841850508 -13339.0409528923 -361.932986337708 -359.258174053593 -367.462449575039 -359.078335384491 57.7310659942516 66660.6722408233 40.5467979571012
32060 50.6420213433621 -13389.6120900156 -13338.9700686722 89.9178668744047 84.3284395587993 108.462021140228 76.9631399241863 43.3824995432577 66622.7890571092 40.5391156020073
32070 50.3938932803638 -13389.2657873677 -13338.8718940873 460.806461717744 463.862287268515 484.405026371493 434.152071513224 37.1977668987396 66591.5533748012 40.5327791071468
32080 50.0669670178799 -13388.8211806776 -13338.7542136598 525.01677171271 538.516637897182 540.26878335278 496.264893888169 39.3234273748727 66586.6618345562 40.5317866260435
32090 49.8616159910183 -13388.4776127444 -13338.6159967534 262.345620459401 274.772319385 263.67092632823 248.593615664971 44.4001407347176 66609.8562054181 40.536492273935
32100 50.0950547321834 -13388.5411676654 -13338.4461129332 -141.313214226529 -138.448752366938 -152.876483196883 -132.614407115767 51.7574504152709 66644.5249790475 40.5435237995392
32110 50.9014130336564 -13389.1538420927 -13338.252429059 -424.64879214457 -428.668889399112 -442.523021063712 -402.754465970887 51.6459425666517 66667.8751495949 40.5482583102515
32120 51.9697663756881 -13390.0350606433 -13338.0652942677 -423.206623416584 -411.457999558144 -445.451925853766 -412.709944837842 34.2649588986071 66666.4281854274 40.5479649540627
32130 52.6645184518584 -13390.5740584115 -13337.9095399597 -162.802695663421 -121.713777856281 -183.868976187028 -182.825332946954 -0.365262478620066 66643.6884606531 40.5433541654728
32140 52.4666708497077 -13390.2572842414 -13337.7906133917 163.669810687353 228.718191699528 153.838358083509 108.452882279022 -52.4115357245734 66617.3752911088 40.5380175031245
32150 51.5687973815277 -13389.2711560584 -13337.7023586769 342.09692477429 419.631351378354 330.203433708642 276.455989235873 -96.2512726245638 66604.8010432174 40.5354667814165
32160 50.8021261909957 -13388.4324432695 -13337.6303170785 283.437592980806 358.068967297617 249.857436055708 242.386375589093 -106.658824356164 66611.5403030087 40.5368338992216
32170 50.7642493688417 -13388.3209761568 -13337.556726788 72.6486436114832 123.425180838196 16.5048950595372 78.015854936717 -87.7191667932007 66629.0764754671 40.5403908331282
32180 51.2615150742517 -13388.7375802892 -13337.4760652149 -129.065464566285 -105.105477949577 -190.760137163775 -91.3307785855018 -68.283686375358 66645.1539524278 40.5436513454854
32190 51.6947960155232 -13389.0924528922 -13337.3976568767 -206.316140555361 -188.145307858616 -265.115166256334 -165.687947551134 -64.0564755794163 66651.3343989866 40.5449046005238
32200 51.6755117660098 -13389.0049469843 -13337.3294352182 -147.957178234052 -121.352249709845 -197.03770814557 -125.48157684674 -61.0975882100592 66646.6175797947 40.5439481430756
32210 51.3344315122802 -13388.6029309006 -13337.2684993883 -19.9400620485861 9.58000375039273 -54.9912284649405 -14.4089614312113 -53.9144560553932 66636.3912118378 40.5418743267013
32220 51.1399700597061 -13388.3470026337 -13337.207032574 94.2648697038791 125.208447120301 64.844736467532 92.7414255238052 -45.2173291265373 66626.9945663909 40.539968583608
32230 51.3805601863533 -13388.5221655959 -13337.1416054096 135.478578344193 178.092687045543 102.780297716686 125.562750270349 -31.0619227946003 66623.152773131 40.5391893740565
32240 51.8370388225332 -13388.9129717984 -13337.0759329758 95.1745455011396 156.217278041358 60.0271034458261 69.2792550162331 -17.0098633964871 66625.3255376971 40.5396300674843
32250 52.0136527939719 -13389.0300431061 -13337.0163903121 2.82824963668928 83.5072134370199 -31.5808220645198 -43.4416424624324 -23.6574496812124 66632.9175949083 40.5411698598401
32260 51.7574871309271 -13388.7226273642 -13336.9651402333 -83.1196047899151 7.92412589105943 -121.378104069827 -135.904836190978 -38.149086041397 66641.7196126164 40.5429549054119
32270 51.4280075733876 -13388.3459517415 -13336.9179441681 -112.569137379204 -31.8276338642835 -154.264431108059 -151.615347165268 -38.5935125455104 66646.0820308401 40.5438395437798
32280 51.3585741647974 -13388.2272804207 -13336.8687062559 -71.7245502223864 -20.8458246195832 -111.980417780358 -82.3474082672183 -28.7443455104328 66643.777888015 40.5433723001412
32290 51.4955411495866 -13388.3103423469 -13336.8148011973 12.8065889394775 22.0116280107074 -12.6847849643991 29.0929237721247 -8.43231641218411 66637.1615785683 40.5420305576049
32300 51.6164527716983 -13388.3739908774 -13336.7575381057 87.1014996567682 59.9530356357301 91.9566208284348 109.394842506139 17.7615214398379 66631.1317857338 40.5408076792919
32310 51.6824390684988 -13388.3818476669 -13336.6994085984 107.137410303615 66.3236216144599 149.594031835287 105.494577461097 40.6520484493049 66628.7478025079 40.5403241727809
32320 51.7819213972004 -13388.4237899007 -13336.6418685035 61.036720933952 30.1057199494149 127.367510843236 25.636932009206 53.8892820785506 66631.4104878868 40.5408642033937
32330 51.935936288983 -13388.5219970209 -13336.5860607319 -23.5963513732142 -16.3505128209698 26.0184960530353 -80.4570373517089 62.6465324869719 66637.656731963 40.5421309744186
32340 52.1423258136395 -13388.676861652 -13336.5345358384 -93.942503305588 -37.4540007096293 -97.8841492349451 -146.489359972188 69.0581065734064 66642.9048103855 40.5431952510249
32350 52.3818989468 -13388.8737228163 -13336.4918238695 -105.859695339264 -12.9341799172659 -162.840303928024 -141.804602172503 65.0068601745173 66643.3857288959 40.5432927754161
32360 52.4479872143308 -13388.910356511 -13336.4623692967 -50.3859376552124 48.3455303091848 -134.001755602044 -65.5015876727776 42.387617807503 66638.424245466 40.5422866247172
32370 52.125379916554 -13388.5720183817 -13336.4466384651 41.0463007782438 105.732142646485 -34.7174323099169 52.1241919981641 6.2049654756398 66631.20053215 40.540821621895
32380 51.5094041804494 -13387.947610199 -13336.4382060185 110.971947186421 126.04041999427 68.5875305384139 138.287891026579 -26.6651420184025 66627.0032884526 40.5399703526212
32390 51.080033274103 -13387.5062874313 -13336.4262541572 114.032973595237 88.0698192221779 115.013561269331 139.015540294201 -33.7871749135759 66627.9465384797 40.5401616621793
32400 51.2867561180634 -13387.6896662495 -13336.4029101314 44.3487299195091 -0.345928714331982 91.6297759335756 41.7623425392841 -21.2622180202723 66633.3895145432 40.541265568936
32410 51.913305932626 -13388.2829228699 -13336.3696169373 -59.5765916675993 -100.949634749845 22.8584119189563 -100.638552171908 -5.65441878525325 66640.9081865929 40.5427903551252
32420 52.2965072331918 -13388.6327221834 -13336.3362149502 -136.337650717992 -147.21478728071 -46.243888919912 -215.554275953353 4.57332083431676 66647.6357457994 40.544154606464
32430 52.1650610279539 -13388.4761229381 -13336.3110619101 -131.080595602857 -100.82755734619 -66.6859667285153 -225.728262733866 14.0408835020559 66649.0705871136 40.5444455595736
32440 51.8903225799779 -13388.1834911029 -13336.2931685229 -36.0555170582276 21.9127188530906 -18.2242380897379 -111.855031938034 24.5558003095199 66642.3357942053 40.5430798608978
32450 51.8782897909271 -13388.1555205444 -13336.2772307534 97.8497610749124 168.192795853223 64.7777576498842 60.5787297216309 24.7428624820555 66630.1972749916 40.5406181482805
32460 52.0539397927379 -13388.3166276067 -13336.262687814 188.341933392953 261.928359967601 113.886013515356 189.211426695903 22.7762163018428 66620.3674405529 40.5386244218152
32470 52.138052753551 -13388.3917637339 -13336.2537109803 164.520597889254 239.574183472205 80.4529468614395 173.534663334119 27.0914360281131 66621.5919328424 40.5388727889478
32480 52.0886674640573 -13388.3413594314 -13336.2526919674 22.0739858929821 100.398604315807 -43.889277799693 9.71263116283225 23.7447760954383 66634.5583203307 40.5415026102008
32490 52.0418145191745 -13388.3008365769 -13336.2590220577 -160.217219315872 -88.1664303178336 -190.323957608524 -202.161270021259 11.9341983913391 66650.7186367106 40.5447797413101
32500 52.036258451962 -13388.3106306986 -13336.2743722466 -263.348767661923 -210.903412170193 -258.583498752035 -320.55939206354 4.34406133912729 66659.5539854157 40.5465712270663
32510 52.0726882025303 -13388.3756365414 -13336.3029483388 -200.169743673379 -177.39698151729 -176.70557909028 -246.406670412567 8.83966375422409 66654.0830100693 40.5454619319124
32520 52.1802240812174 -13388.5263924446 -13336.3461683634 13.0628503950757 11.4897410182625 36.0381434060615 -8.33933323909805 7.86204050881131 66635.7995266605 40.5417543317223
32530 52.2791794544797 -13388.6846189195 -13336.405439465 250.224724257809 247.755405529901 252.551953226258 250.366814017268 0.545955396839457 66615.1037622373 40.5375567408314
32540 52.1966580880925 -13388.6837883828 -13336.4871302947 350.11244832835 361.73053026118 338.14021751184 350.466597212031 -1.75836698603441 66606.2955574426 40.5357699646589
32550 51.8766391656256 -13388.4704169523 -13336.5937777867 226.533472643514 257.622312861763 209.000626594621 212.977478474158 -2.92585140826278 66616.7805786942 40.5378968712628
32560 51.5015547124738 -13388.2167685667 -13336.7152138542 -63.5451180130273 -11.3264853496954 -85.39932148387 -93.9095472055175 8.27651188819964 66642.0956501606 40.5430311621702
32570 51.3028127626391 -13388.1429025037 -13336.8400897411 -337.856249749574 -274.801968175447 -362.138147016682 -376.628634056592 28.1671510362851 66666.4331575708 40.5479659621178
32580 51.3466352689597 -13388.3148750918 -13336.9682398228 -412.071752124724 -362.430811423505 -435.954207023606 -437.830237927061 30.9104735653525 66673.4589851877 40.5493903321664
32590 51.6326741342138 -13388.7345311839 -13337.1018570497 -220.02605780944 -196.389576633998 -238.117443831354 -225.571152962968 9.62394231463323 66656.6043599135 40.5459731684364
32600 52.0833519847184 -13389.3218093677 -13337.238457383 130.570723929688 136.120302590886 121.03143069616 134.560438502017 -15.1290347588476 66625.4718281207 40.5396597386604
32610 52.3692965128561 -13389.7511504895 -13337.3818539766 419.868904518157 431.059657832947 418.460790528843 410.086265192682 -21.5755123449886 66599.5442800739 40.5344003370031
32620 52.1538077536628 -13389.6955698941 -13337.5417621405 453.95002221414 491.477208358588 453.360864757842 417.011993525987 -11.7076386857661 66595.7796851944 40.5336365756646
32630 51.5205517979026 -13389.2317358616 -13337.7111840637 194.659399852712 256.675322366064 192.993642909428 134.309234282642 0.161540756623667 66617.8120472275 40.5381060945689
32640 50.9706037414526 -13388.8369248756 -13337.8663211341 -204.761274630928 -123.728185632874 -206.446597133568 -284.109041126343 19.7744855624063 66651.6132644498 40.5449611463176
32650 50.8115176141056 -13388.8075843102 -13337.9960666961 -491.176496096165 -413.0664962366 -490.427804788963 -570.035187262932 34.2724138001164 66674.8741786202 40.5496772270606
32660 50.8246521202119 -13388.933102364 -13338.1084502438 -474.57686964777 -418.108942822244 -474.826917978811 -530.794748142258 29.6745350673636 66672.6142709538 40.5492190856546
32670 50.6786391922908 -13388.8818338679 -13338.2031946756 -147.965923277534 -107.817517851034 -157.610357947472 -178.469894034095 16.435691409342 66644.9750807729 40.5436150731982
32680 50.4635365194919 -13388.7304680652 -13338.2669315457 290.115102319626 328.556775766139 267.735742223329 274.05278896941 9.16701691008155 66608.7816546029 40.536274294407
32690 50.5542271986344 -13388.8548072055 -13338.3005800069 564.274543863635 604.322172692875 532.137944916812 556.363513981216 16.0964506048676 66584.9670227197 40.5314427416846
32700 51.0300679314382 -13389.3502588023 -13338.3201908709 486.491830349111 520.700842616139 457.866753606258 480.907894824936 22.3314969708324 66589.3225406024 40.5323264825772
32710 51.4635161676987 -13389.7933073569 -13338.3297911892 87.6357578468142 104.070563771322 84.6838267748911 74.1528829942299 13.9570304510475 66621.6152631415 40.5388775210669
32720 51.4318663768853 -13389.7559567161 -13338.3240903393 -386.428351395151 -391.391150514421 -355.981674510007 -411.912229161025 1.97824773007279 66662.4016994787 40.5471486056515
32730 50.989628215556 -13389.2996854114 -13338.3100571959 -631.154339390225 -641.370734906804 -586.155913131587 -665.936370132283 -0.254645388472981 66685.4077277158 40.5518125118027
32740 50.5721989678262 -13388.8655356223 -13338.2933366545 -479.128048894421 -484.308761610869 -444.000719447546 -509.074665624849 8.75644128709608 66674.5673921014 40.5496150341504
32750 50.6355352541092 -13388.8924284457 -13338.2568931916 -9.39890928020497 -9.67080051823307 -0.333476440856369 -18.1924508815263 17.61086501375 66635.1349750264 40.541619558428
32760 51.190158686046 -13389.3774017002 -13338.1872430141 488.609479990688 497.382338987702 466.904734803052 501.54136618131 21.9300840207367 66592.6586692341 40.5330033618505
32770 51.660311675782 -13389.7641105458 -13338.1037988701 692.858302975602 713.955596728309 654.60343357347 710.015878625028 31.2207499327934 66574.9844250639 40.5294171127521
32780 51.5389546467158 -13389.5663372321 -13338.0273825854 459.393281258629 491.07565209782 424.878103275285 462.226088402783 38.6022532161746 66594.1129326854 40.533298415577
32790 50.9674737010563 -13388.9092400885 -13337.9417663875 -78.8174087782676 -40.9317579010251 -95.6633197980504 -99.8571486357281 32.4682644408181 66639.4355931347 40.5424917223022
32800 50.6107946176108 -13388.4360584715 -13337.8252638539 -585.260421491978 -553.741921039343 -584.589728715372 -617.449614721218 22.41696479936 66682.1052818357 40.5511430881037
32810 50.9707858431216 -13388.6590633391 -13337.688277496 -731.481212244391 -713.581210511857 -723.203849533044 -757.658576688274 16.8110717308265 66694.0002079218 40.5535541506091
32820 51.7989545722219 -13389.345631543 -13337.5466769707 -412.899956194165 -405.758927225191 -407.865149167962 -425.075792189341 8.18820655785296 66667.6542400499 40.5482135235274
32830 52.4108631721081 -13389.8067120921 -13337.39584892 181.052062951632 185.166908311888 181.117099823314 176.872180719694 -2.50088877890663 66618.799322864 40.5383063517551
32840 52.3505882933713 -13389.5926260659 -13337.2420377725 675.956090122081 687.762059118793 666.049041224537 674.057170022914 -2.33671384499239 66577.8355867524 40.5299956797757
32850 51.6800313304949 -13388.7900975457 -13337.1100662152 750.390031273993 772.851587824537 736.129308860312 742.189197137128 0.912109605425807 66571.985226179 40.5288084877104
32860 50.9292217818538 -13387.9245159035 -13336.9952941217 345.570794973037 370.164721449428 330.970869904658 335.576793565026 9.11227578900295 66606.6118650057 40.5358341315178
32870 50.7537938691823 -13387.6151552731 -13336.8613614039 -282.590109683531 -264.835484842112 -289.410206726627 -293.524637481851 27.0677763801495 66658.7193669238 40.546402003715
32880 51.3241893635091 -13388.0276432349 -13336.7034538714 -735.107892912882 -721.418465662901 -734.822155886489 -749.083057189255 49.2049508391459 66694.8901525673 40.5537345279431
32890 52.0736756470821 -13388.6326144606 -13336.5589388136 -723.796827784174 -691.99856968245 -730.279402636041 -749.112511034032 66.2027051127309 66693.1161075934 40.5533749562345
32900 52.3278379387629 -13388.7713890922 -13336.4435511535 -256.980621494545 -191.999353033282 -283.199741780631 -295.742769669722 74.707232440485 66655.872933816 40.5458248635951
32910 52.084850175481 -13388.4233107318 -13336.3384605563 368.308848984224 462.28721866855 320.974488599926 321.664839684197 79.5388383047924 66606.0149944565 40.5357130488546
32920 51.8470006949682 -13388.0908750393 -13336.2438743443 747.452981918083 852.930992204476 686.649137721656 702.778815828117 68.4031074785223 66575.9741156877 40.5296179458712
32930 51.9383447259969 -13388.1162605145 -13336.1779157885 645.692682741275 742.637277633401 581.858747042371 612.582023548055 38.6873121999619 66584.8679565322 40.5314226405633
32940 52.1800876491576 -13388.3125619256 -13336.1324742765 150.147362691854 217.902952835545 94.2995719358274 138.239563304189 11.4058901864258 66625.2623633462 40.5396172542104
32950 52.1957606978072 -13388.285205352 -13336.0894446542 -403.853415227466 -363.762355181275 -452.700052157216 -395.097838343907 6.17746543459015 66669.9890991901 40.548686882824
32960 51.9268974462956 -13387.9843578076 -13336.0574603613 -667.099610024664 -638.43337926717 -711.213311722979 -651.652139083841 16.9833114007399 66691.2286825405 40.552992397122
32970 51.7087387393328 -13387.7552627626 -13336.0465240233 -503.176051338469 -476.494237767385 -533.697156936392 -499.336759311628 29.638940522001 66678.2048171483 40.550352414279
32980 51.8292280299585 -13387.8700582084 -13336.0408301784 -51.9477045905384 -29.5333279064949 -57.7648046889337 -68.5449811761855 31.4054960239491 66641.5806390074 40.5429267228424
32990 52.2397443352998 -13388.2697306351 -13336.0299862998 380.744746459911 390.562211699048 405.616863657507 346.055164023178 24.6223640511541 66605.9200789791 40.5356937939951
33000 52.6079368216576 -13388.6382173293 -13336.0302805077 536.653289660706 534.774399527262 580.885632216411 494.299837238444 9.45988272849626 66591.9409262547 40.5328577382753
33010 52.6423352117662 -13388.6965633266 -13336.0542281149 355.137894905856 358.738482580069 386.617271590909 320.057930546589 0.607398295765208 66606.1300336789 40.5357363860574
33020 52.4018609593813 -13388.4937339678 -13336.0918730084 -14.553577751795 -0.365610886653516 -20.6173329419594 -22.6777894267726 4.54909690422569 66637.3424908166 40.5420672465588
33030 52.2520304128987 -13388.3852951388 -13336.1332647259 -328.574054442232 -306.271879976471 -373.213701315656 -306.23658203457 20.1904307200712 66664.6246589332 40.547599302812
33040 52.3995159109093 -13388.582597283 -13336.1830813721 -408.361643009223 -380.821282281984 -468.39191968211 -375.871727063576 29.2507282377928 66671.8794770472 40.5490701218015
33050 52.5937391611944 -13388.8404070335 -13336.2466678723 -235.029907870274 -198.448304969759 -284.963143907741 -221.678274733322 17.2668334874978 66656.9662967931 40.5460465547952
33060 52.3578405697463 -13388.6777965289 -13336.3199559592 59.3045780030762 105.700603174519 32.9767586847688 39.2363721499419 -6.52051969735609 66631.8117016241 40.5409455740209
33070 51.5718362851112 -13387.966162589 -13336.3943263039 286.333696974482 334.681319589005 284.677400256462 239.642371077979 -28.9631146508415 66613.0341803895 40.5371369328315
33080 50.7932557941335 -13387.253281133 -13336.4600253389 320.636829903587 355.189092104533 339.128579215195 267.592818391034 -37.4703602830822 66610.3480601565 40.5365920490428
33090 50.7219096027481 -13387.2288751113 -13336.5069655086 159.382458983019 166.874013989981 194.068378723074 117.204984236001 -27.5306795800742 66623.3510808371 40.5392295964383
33100 51.4460365263378 -13387.9788072673 -13336.532770741 -81.2601779413663 -97.9633452436027 -40.9791919781229 -104.837996602374 -12.0397129723645 66642.0713261166 40.5430262294992
33110 52.3650130165505 -13388.916268276 -13336.5512552594 -253.180846829818 -274.878656625004 -216.588919018675 -268.074964845775 -5.15761262227844 66655.354332292 40.5457197106647
33120 52.7520522097693 -13389.3348722499 -13336.5828200401 -259.549623814472 -257.106748859205 -235.630075567467 -285.912047016745 -6.9907590626278 66656.1111937907 40.5458731735953
33130 52.3805174733286 -13389.0146537398 -13336.6341362665 -106.5702196206 -66.689086949479 -104.937244001706 -148.084327910615 -9.07952649155662 66644.5821147255 40.5435353857926
33140 51.6839747136796 -13388.3785039283 -13336.6945292146 102.445597742839 164.378698820872 88.5497443895447 54.408350018102 -9.33265880391965 66628.7590282292 40.5403264495477
33150 51.3297791641339 -13388.0814102673 -13336.7516311032 238.596766302702 299.217715814307 220.257008227229 196.315574866571 -2.3671739622445 66617.9829665476 40.5381407636731
33160 51.5642393495255 -13388.3669417249 -13336.8027023754 224.332497520351 261.825156321547 208.703361756965 202.468974482543 10.9024100115182 66617.7994429887 40.5381035379353
33170 51.9823069311448 -13388.8339930852 -13336.851686154 71.9332310623419 81.1744442782675 69.8868103354821 64.7384385732764 23.2428006759545 66628.5674446574 40.5402875931134
33180 52.1007021364371 -13389.0043916626 -13336.9036895261 -117.839925457207 -122.465767703694 -106.417649936486 -124.63635873144 24.900282646259 66642.4123389294 40.5430953833513
33190 51.8717266763964 -13388.8334930255 -13336.9617663491 -231.020522843692 -232.03716032525 -215.908300243828 -245.116107961997 17.8339809451005 66651.3348234537 40.5449046865935
33200 51.6110770460891 -13388.6355864237 -13337.0245093776 -197.613635868856 -188.759623832071 -188.528198839218 -215.553084935279 12.5201387600745 66649.3896126104 40.5445102501044
33210 51.5584116275877 -13388.6453773545 -13337.0869657269 -40.9562042509265 -27.1605012862668 -37.7183219415577 -57.9897895249542 17.0943173317099 66637.3098076941 40.5420606184355
33220 51.5311092158211 -13388.677029953 -13337.1459207372 142.584452645972 153.405676088804 143.257194576771 131.090487272341 28.6210872633291 66622.5731979989 40.5390718194568
33230 51.2714454122409 -13388.4725094779 -13337.2010640656 236.640642291854 250.109683996019 226.435398006468 233.376844873075 34.8066762761773 66616.1802195276 40.5377750932819
33240 50.9365473675595 -13388.186331048 -13337.2497836804 184.50671520479 210.454632148904 148.569555742448 194.495957723017 26.3778900009147 66621.7792758573 40.5389107879774
33250 50.9258143500278 -13388.2116019666 -13337.2857876166 14.9169208410076 55.6651411156016 -53.1114115464436 42.197032953865 8.64820189633449 66635.820680472 40.5417586217713
33260 51.4208776734717 -13388.7285917829 -13337.3077141095 -169.770676292196 -133.44673571159 -251.892067547026 -123.973225617971 -5.70906660579686 66649.6234424177 40.5445576649118
33270 52.1039891379483 -13389.4302250378 -13337.3262358998 -256.048508314749 -240.816446133794 -320.966885577884 -206.362193232569 -13.0820270057914 66654.8525288031 40.5456179632263
33280 52.3473375517104 -13389.7037327676 -13337.3563952159 -181.71991780865 -192.82876346379 -199.398850432803 -152.932139529356 -18.3668960602362 66647.0151405434 40.5440287605718
33290 51.7928490824468 -13389.1950678628 -13337.4022187804 18.0492940304757 -7.09272347271273 48.1825247452473 13.0580808188926 -25.7686437928643 66630.4383902229 40.5406670497752
33300 50.7560154308273 -13388.2086819538 -13337.452666523 232.58146336797 210.390373209696 283.851963472538 203.502053421676 -28.5141543431351 66614.4958940387 40.5374334376306
33310 50.0753445430716 -13387.5674422548 -13337.4920977117 323.893374641708 315.72138535281 363.837335556872 292.121403015442 -23.3550525121294 66609.6147485707 40.5364432930684
33320 50.4598116547982 -13387.970606913 -13337.5107952582 213.878474180643 232.116481458318 223.300544994204 186.218396089408 -19.0537241313177 66618.5286606869 40.5382514513305
33330 51.6679806744944 -13389.1758996284 -13337.5079189539 -67.9621967891299 -14.5156292361187 -98.5530110399687 -90.8179500913015 -18.4945560455212 66638.6000460711 40.5423222765819
33340 52.66244281097 -13390.159606317 -13337.4971635061 -370.929714969835 -296.83371618906 -426.477737549317 -389.477691171129 -17.5014716459133 66660.6348682082 40.5467903797191
33350 52.7118461504983 -13390.2170627741 -13337.5052166236 -484.446016708635 -408.170610982522 -547.722269927725 -497.445169215658 -14.3392097023689 66669.231216421 40.5485332341436
33360 52.0019618800869 -13389.5472586903 -13337.5452968102 -271.468336270698 -213.060454112521 -330.160886666469 -271.183668033101 -6.55686549429101 66652.247256537 40.5450897008605
33370 51.2526689312331 -13388.8514858463 -13337.5988169151 192.833495645563 215.67306922414 151.979218224644 210.848199487906 2.31319433307757 66615.6862623524 40.5376748975322
33380 50.9684069065167 -13388.6139173285 -13337.6455104219 624.072706052035 605.105264013793 610.694449253765 656.418404888547 -0.382029091332408 66581.9189641321 40.5308242632561
33390 51.0347956845624 -13388.729600031 -13337.6948043464 696.075290347519 646.306103617151 712.469180297345 729.45058712806 -11.6955222259325 66576.3647055404 40.5296972058283
33400 50.9292022876745 -13388.6796165217 -13337.750414234 294.003813888632 242.136580710506 329.809309735425 310.065551219964 -15.2718187505895 66609.1508203402 40.5363491823101
33410 50.4427966088054 -13388.2258689734 -13337.7830723646 -362.195009846694 -382.105933571698 -333.674914271521 -370.804181696863 -8.98143785007927 66664.5861632696 40.5475914980377
33420 50.1278538724692 -13387.9088766512 -13337.7810227787 -841.580153157737 -817.419332395194 -827.196068231369 -880.125058846648 -4.49875070559945 66706.2120576768 40.5560291542858
33430 50.7066625219994 -13388.4742086522 -13337.7675461302 -799.13094837203 -736.526747113743 -793.918058984917 -866.948039017428 -7.76365503217768 66701.5823664486 40.5550908796702
33440 52.025460499825 -13389.7730401731 -13337.7475796733 -229.805113244857 -147.889994969891 -225.325034588245 -316.200310176434 0.567685305979937 66650.6775219769 40.5447714043749
33450 53.0368008555549 -13390.7471619961 -13337.7103611405 510.738466428984 578.918744000176 527.930276585107 425.366378701669 22.2465459862495 66586.6290857226 40.5317799812245
33460 52.8611584915739 -13390.5461687113 -13337.6850102197 938.257446038448 970.636717000134 975.841190112106 868.294431003105 41.3440521652195 66551.2334719935 40.5245968498708
33470 51.696171855126 -13389.3995430492 -13337.7033711941 766.773771863542 754.563283623693 819.524334954323 726.233697012611 37.2653677101216 66568.3958978583 40.5280800841428
33480 50.6653765728424 -13388.3954206389 -13337.7300440661 112.736503429299 63.9008118468203 156.459778684009 117.848919757068 17.2333711005292 66625.3328664278 40.5396315539261
33490 50.6626551675683 -13388.3784621044 -13337.7158069369 -592.780292227896 -646.738080078973 -577.924574806394 -553.67822179832 1.53177036426603 66683.7141997992 40.5514692272658
33500 51.4310776609303 -13389.1100793714 -13337.6790017105 -899.967333423837 -940.509084362709 -912.410582500862 -846.982333407939 -5.27457830937348 66707.4349551602 40.5562769850919
33510 51.8869331165748 -13389.5443985506 -13337.657465434 -634.079028348433 -658.19908321238 -665.724354867783 -578.313646965136 -24.4100950309428 66684.8334426995 40.5516961027013
33520 51.3730346749573 -13389.0091013565 -13337.6360666815 6.95049177656534 -13.4875249382199 -29.9303946288299 64.2693948967454 -47.5526702343612 66633.2957755101 40.5412465579425
33530 50.38021122882 -13387.966129238 -13337.5859180092 600.594343213586 578.054696576287 573.943999076731 649.784333987741 -52.2027885457213 66586.2730182607 40.5317077341185
33540 49.989771947138 -13387.5017954448 -13337.5120234976 782.963491994922 765.32615330724 773.502325884541 810.061996792985 -28.2956637746476 66571.8449249914 40.5287800160545
33550 50.7516328002118 -13388.171309959 -13337.4196771588 476.566676468429 481.701456155046 476.953361091198 471.045212159041 6.18314261256206 66594.7089241426 40.5334193343111
33560 52.0714127327045 -13389.3695590804 -13337.2981463477 -90.2313351175377 -58.2723573233726 -92.311436868153 -120.110211161088 42.4908886506831 66638.0269869938 40.5422060615935
33570 52.794084733617 -13389.9572390806 -13337.163154347 -547.80628343114 -495.698683344238 -561.453996280247 -586.266170668936 60.8532407790077 66674.9905372717 40.5497008156716
33580 52.4207855233851 -13389.472372401 -13337.0515868777 -629.461877344056 -577.328520308708 -653.189374419117 -657.867737304344 52.3626982918468 66684.2537353433 40.5515785937994
33590 51.5308065221675 -13388.4952459199 -13336.9644393977 -322.231476972939 -291.745338125826 -344.092328038921 -330.85676475407 22.030479526643 66662.0686667678 40.5470810835853
33600 51.0912993932055 -13387.9616385237 -13336.8703391305 148.112111516487 162.189636838531 128.966014807256 153.180682903675 -5.44746271075099 66625.2233422118 40.5396093397842
33610 51.4628657434463 -13388.2207388703 -13336.7578731269 484.019438023493 500.455344635435 452.237422901676 499.365546533368 -15.2436030867791 66596.9185814418 40.5338676380716
33620 52.1639583538094 -13388.8087640484 -13336.6448056946 498.504301392978 526.389386637382 443.013045428203 526.110472113348 -2.13003687319017 66593.355041756 40.5331446485526
33630 52.4989114458246 -13389.0430214079 -13336.5441099621 211.407532217949 248.724984038002 135.147201234855 250.350411380989 2.52822984155683 66615.9867705193 40.5377358535659
33640 52.241300572451 -13388.6946296331 -13336.4533290606 -175.820801090772 -139.808192453846 -256.143080578174 -131.511130240296 -14.9477761007493 66648.6655495012 40.5443634276021
33650 51.7704096075893 -13388.1403837489 -13336.3699741414 -422.522011607599 -395.51972957944 -485.623758540854 -386.422546702503 -37.7731357274785 66671.0074998819 40.5488933455372
33660 51.61347634964 -13387.9076646033 -13336.2941882537 -393.101162815729 -367.615253492849 -430.32603452132 -381.362200433016 -49.0429172619708 66669.8697234888 40.548662681376
33670 51.9088839614821 -13388.1295497632 -13336.2206658017 -127.238493485909 -91.7702999723563 -149.632358870193 -140.312821615177 -44.4462524046502 66647.6908142344 40.5441657731643
33680 52.2956247051375 -13388.4421339315 -13336.1465092264 195.568677264637 245.318529493162 179.051792442747 162.335709858002 -26.3187846049813 66620.8463694833 40.5387215646473
33690 52.3569370115055 -13388.4372515379 -13336.0803145264 377.814206258368 437.30362217267 364.976071740145 331.16292486229 -12.4637194741314 66606.057502347 40.5357216721363
33700 52.067567097727 -13388.0967886187 -13336.029221521 319.568760606606 369.637080723612 309.842574722334 279.226626373873 -18.5677052350979 66611.503368136 40.5368264069109
33710 51.8256404580675 -13387.8118954183 -13335.9862549603 71.186318718355 95.7167168072974 64.6620792675535 53.180160080215 -33.2878818022805 66632.2350162149 40.5410314265939
33720 51.9423319737947 -13387.8844701928 -13335.942138219 -204.827702436796 -210.549768059199 -211.5391847312 -192.39415451999 -48.4076225870303 66654.0493705336 40.5454551109712
33730 52.2328899294109 -13388.1336164075 -13335.900726478 -340.472252841857 -364.894077541652 -349.727757146176 -306.794923837743 -57.9199106931472 66664.0703098082 40.5474869114269
33740 52.3289450480551 -13388.20020568 -13335.871260632 -262.285082872457 -296.263671070826 -264.731454378216 -225.860123168328 -39.5944073104041 66657.6150443903 40.5461780942596
33750 52.1319871875758 -13387.9853223167 -13335.8533351292 -26.9311236837724 -65.8805276064333 -10.470063327582 -4.4427801173024 -2.93513086639617 66638.5727054786 40.5423167319913
33760 51.7873189755055 -13387.6273918534 -13335.8400728779 216.460752415804 187.550576609362 252.335700935667 209.495979702384 28.3574862498512 66618.6199490949 40.5382699680546
33770 51.5547152519978 -13387.3824542474 -13335.8277389954 315.322533378947 315.839143035554 357.494159774306 272.634297326979 35.6986095052652 66611.6332608028 40.5368527558786
33780 51.6724778440853 -13387.4871965934 -13335.8147187493 215.590548560694 246.979464670424 245.833714719096 153.958466292563 23.9894030682577 66621.1946399783 40.538792205279
33790 52.1416805955392 -13387.9417257695 -13335.800045174 -11.7483137199087 36.921355205338 -5.72658547169972 -66.4397108933643 0.78431628091576 66639.6723087593 40.5425397270599
33800 52.6728032383874 -13388.4631158393 -13335.7903126009 -219.677510877739 -179.440196706777 -237.95246885379 -241.639867072649 -10.8952627724978 66655.3281377346 40.5457143993768
33810 52.9186693534467 -13388.7192699049 -13335.8006005514 -280.863186305017 -275.483470075172 -314.660884225223 -252.445204614657 -6.07274323849798 66659.5269822271 40.5465657520479
33820 52.7485444996022 -13388.5898749605 -13335.8413304609 -165.864145409464 -201.70992855716 -204.435961366458 -91.4465463047755 -0.672372645670494 66650.6721885774 40.5447703229081
33830 52.3468637600486 -13388.2578731814 -13335.9110094213 43.3272955752014 -23.0709933195763 14.8280916229518 138.224788422229 3.50709395424158 66634.2571213818 40.5414415253989
33840 52.0899249603769 -13388.0957189283 -13336.0057939679 208.874304120238 128.76209067565 198.104229122021 299.756592563044 6.05669602784145 66620.3457934254 40.5386200310415
33850 52.0995344768036 -13388.2268379312 -13336.1273034544 233.549481216917 161.451655878645 241.824886342317 297.37190142979 -0.835174773724309 66617.0666131544 40.5379548907725
33860 52.1573775859176 -13388.4357737059 -13336.27839612 114.051367513226 65.1709520587113 128.403452759897 148.579697721068 -14.0477439266695 66626.3686733239 40.5398416392421
33870 52.0533742894519 -13388.5115730995 -13336.4581988101 -60.6322792837925 -80.8867489721945 -65.7775907321065 -35.2324981470755 -27.2962811988961 66640.9186395623 40.5427924749069
33880 51.7369106714394 -13388.3980895561 -13336.6611788846 -176.229240138076 -170.258648672765 -208.393194524989 -150.035877216475 -38.1176064928634 66650.1083342087 40.5446559884256
33890 51.275105198009 -13388.1503879632 -13336.8752827652 -172.945016714363 -145.178063797666 -221.689934578328 -151.967051767093 -40.1473548448645 66649.4678241455 40.5445261094501
33900 50.8692908673584 -13387.9517089911 -13337.0824181237 -67.3032137264826 -25.6748508873949 -119.497205881148 -56.7375844109061 -31.5182553351915 66640.8747375216 40.5427835719098
33910 50.8450030633025 -13388.1122693001 -13337.2672662368 66.5257769765862 106.05279916059 29.7892191156878 63.7353126534809 -15.4852328827689 66629.7355717742 40.5405245081701
33920 51.3574942717444 -13388.7850674571 -13337.4275731853 146.693975683808 166.96023997574 143.31177645226 129.809910623426 -2.10586219926817 66621.7605931532 40.5389069985432
33930 52.0454293160822 -13389.618400233 -13337.572970917 132.067363461579 122.995689529554 154.704777767651 118.501623087531 4.57308015840588 66621.0680906338 40.538766536967
33940 52.2963594633166 -13390.01013566 -13337.7137761967 40.5787988920345 12.7104625403166 60.7696559906463 48.2562781451418 -5.06374658704 66628.5008989019 40.5402740964754
33950 51.9194682659933 -13389.7706445218 -13337.8511762558 -67.3686291787184 -96.7589324553054 -59.5984945026463 -45.7484605782036 -25.7082373025556 66639.498649495 40.5425045098313
33960 51.3573181585523 -13389.3347078103 -13337.9773896518 -125.525591085553 -142.473463495063 -123.427391607312 -110.675918154283 -40.8732383287952 66645.759514727 40.5437741432729
33970 51.1034192676797 -13389.1878241203 -13338.0844048526 -101.606940750475 -99.8618081128358 -93.9145562725392 -111.044457866051 -34.5756664169139 66643.323785838 40.543280214148
33980 51.1175376492168 -13389.2872478175 -13338.1697101683 -16.6265732259077 9.6605223828385 -3.57207529281421 -55.9681667677473 -10.4434642518946 66635.1777616006 40.5416282357154
33990 51.0688911347082 -13389.3038847882 -13338.2349936535 73.5842638225765 128.236739257049 74.8081741283803 17.7078780823003 20.6785936334426 66627.1466989021 40.5399994391822
34000 50.8028598159476 -13389.0842552926 -13338.2813954767 114.137964430311 184.228492348441 81.705545966825 76.4798549756666 36.6077482748127 66624.1581045425 40.5393932827268
