# Fix print output for fix setl_out
420000 706.836836827436 -12504.3997296941 -11797.5628928667 1237.62216476091 440.023997145425 2474.04631105816 798.796186079131 714.960512526424 72875.7208181201 41.7696613752457
420010 713.590887306342 -12511.0548415135 -11797.4639542072 95.8849571449729 -211.156681612759 863.837194518883 -365.025641471203 677.441239250255 72978.9933891619 41.7893827320939
420020 719.701541444586 -12516.774979148 -11797.0734377034 -1090.14375350968 -1453.9923108563 -489.091465370349 -1327.34748430239 606.400338894372 73102.8902181957 41.8130180483703
420030 717.407023747047 -12514.0435684108 -11796.6365446637 -276.464063941623 -781.593711882266 36.036562897607 -83.835042840218 378.61689600489 73039.4628248457 41.8009215903061
420040 710.722451571721 -12506.7239178105 -11796.0014662388 1161.15368107928 916.906768788821 935.67041016813 1630.88386428091 126.706793285739 72929.4606386506 41.7799260767946
420050 706.735915813581 -12501.918987452 -11795.1830716384 610.157419286738 906.27439206478 17.7273251937913 906.470540601643 77.9062456350054 73021.6845376532 41.7975297750502
420060 708.10737862006 -12502.0208467146 -11793.9134680945 -1153.34898586227 -700.677047021142 -1432.69231771292 -1326.67759285277 329.818496853988 73224.2131349796 41.8361364847343
420070 711.665787952859 -12503.9679645812 -11792.3021766283 -1257.33264449625 -846.238366758728 -1036.4501318071 -1889.30943492291 531.046102569821 73223.0083078545 41.8359070269892
420080 714.683635718811 -12505.0784903951 -11790.3948546763 778.703602541794 1340.36114947363 1303.02988325174 -307.280225099987 486.207312907635 72995.3708394782 41.7925085281512
420090 718.829672029394 -12506.9514465933 -11788.1217745639 1693.02656753705 2481.39632984907 2332.9929725519 264.690400210179 238.929686250057 72897.7398763783 41.7738677875776
420100 723.112999092064 -12508.9840344992 -11785.8710354072 -154.716843243757 485.87188982524 563.01857296707 -1513.04099252358 -24.3765863440296 73101.6697072743 41.8127853465394
420110 722.78411877888 -12506.1629291511 -11783.3788103722 -1780.0898159285 -1577.81392800708 -1019.25656270528 -2743.19895707315 31.8341568603798 73294.6251989756 41.8495420004101
420120 720.208900200949 -12501.3387412715 -11781.1298410706 -601.208342161901 -1004.16297163263 250.522924255036 -1049.98497910811 348.853615652769 73172.6498915517 41.8263140805888
420130 724.913012227874 -12503.6909653226 -11778.7779530947 1690.55956672529 669.606950243798 2702.82615000671 1699.24559992538 579.192318369785 72928.5061566241 41.7797438076899
420140 735.503418762877 -12512.2384391736 -11776.7350204107 1232.12528066661 -149.15887740033 2298.40719686441 1547.12752253576 761.9182911264 72970.8418711637 41.787826761106
420150 741.229643489559 -12516.2556950804 -11775.0260515908 -1438.63514786899 -2744.26363004855 -513.01150285321 -1058.6303107052 897.981752937957 73248.8110964517 41.8408205840627
420160 737.882063084597 -12511.673814237 -11773.7917511524 -1672.10743268084 -2623.12339261952 -888.719608677674 -1504.47929674533 1066.88837155808 73300.1864075315 41.8506004142863
420170 728.032408428577 -12501.0931240173 -11773.0607155887 1171.71326241864 432.226267585092 2007.40572070676 1075.50779896407 1230.87834180236 73041.4468607767 41.8013000787571
420180 718.162220555539 -12490.5619791648 -11772.3997586093 2398.45055602597 1653.57749203673 3394.60435984499 2147.16981619619 1343.85065570045 72959.22922581 41.7856099260704
420190 711.834595193921 -12483.8491467687 -11772.0145515748 -648.357288522586 -1490.70149901109 485.861923032826 -940.232289589486 1630.62547004477 73322.1095614022 41.8547723259009
420200 710.31008879672 -12481.228601766 -11770.9185129693 -3300.37260287613 -4283.8111249661 -2363.2588504477 -3254.04783321459 1995.71817949632 73631.1284829145 41.9134894438301
420210 712.789656004749 -12483.2100196834 -11770.4203636786 -735.529852845339 -1879.67546804315 -111.768181791443 -215.145908701435 2224.51582730439 73350.8280911528 41.8602361195323
420220 715.765803412765 -12484.8327797617 -11769.066976349 3639.55645405625 2481.31767737574 3967.72470059687 4469.62698419615 2282.55485693921 72883.5868496936 41.7711641604021
420230 718.189007037973 -12486.5859634003 -11768.3969563624 2261.23339025249 1445.99700414477 2244.57343768662 3093.12972892607 2016.87770601323 73031.9628467733 41.7994907805561
420240 718.280853622953 -12485.6422112573 -11767.3613576343 -2891.97635344255 -3144.98167636242 -3265.6829922732 -2265.26439169203 1486.3649575657 73624.3200776548 41.9121975408725
420250 715.06687754941 -12481.3382534465 -11766.2713758971 -3565.54026170973 -3251.07293173192 -4109.23938584866 -3336.3084675486 964.900497424306 73720.8039086724 41.930498034482
420260 712.144135132704 -12477.8447352574 -11765.7006001247 1534.47171534356 2033.51833752755 1181.03792230176 1388.85888620136 692.145875366601 73174.0328170825 41.8265775775525
420270 711.769685681911 -12476.0019371681 -11764.2322514862 4164.60088094111 4311.81732795179 4498.97971281012 3683.00560206143 785.371637430455 72910.8513143295 41.7763721296975
420280 715.767388082013 -12479.4831313177 -11763.7157432357 -161.130274014771 -449.482248965905 796.88644595355 -830.795019031948 887.133319198666 73368.2991291989 41.8635593436402
420290 722.95903367552 -12485.0886840812 -11762.1296504056 -3819.41971166985 -4084.012268937 -2797.9569213128 -4576.28994475972 1108.17280441163 73759.0357712379 41.9377452153404
420300 724.449123076494 -12486.0347882097 -11761.5856651333 -1138.67078476638 -870.422201679257 -679.947215746967 -1865.64293687293 1281.30549319884 73462.1018753168 41.8813928608286
420310 713.433330110916 -12473.839049957 -11760.405719846 3209.72262636928 4420.70163939977 2752.87790324065 2455.58833646744 1014.97350056056 73037.5308571652 41.8005530281687
420320 703.892608084633 -12463.5790438441 -11759.6864357595 1995.97698746387 3780.31928390867 1095.44963955129 1112.16203893166 522.039339212725 73203.198931868 41.8321339963664
420330 707.175797227486 -12465.5921773923 -11758.4163801648 -2268.90740319271 -589.966199583583 -3133.88341420461 -3082.87259578994 177.342850221105 73644.7796705151 41.9160795329352
420340 718.189836085284 -12475.2108256562 -11757.0209895709 -2673.9208996007 -1253.40283817359 -3316.96977804263 -3451.39008258588 379.840083405169 73622.9268023291 41.9119331554132
420350 726.604919351435 -12482.4024944176 -11755.7975750661 1057.20439534263 2169.94436766005 636.999337868827 364.669480498999 937.259103639101 73182.0579275145 41.8281065836811
420360 727.528101827789 -12481.8136067642 -11754.2855049364 2832.97218709914 3626.73413036885 2547.98492515747 2324.19750577109 1398.74002151622 73006.036454241 41.7945439133311
420370 721.04067158976 -12474.5201307343 -11753.4794591445 414.807703015464 968.048374405221 155.141865584247 121.232869056922 1149.16559573149 73326.952423586 41.8556937961679
420380 714.157857164558 -12466.3432269931 -11752.1853698285 -2237.81859428526 -1788.7980579001 -2700.25400433942 -2224.40372061626 392.840349505504 73669.328641774 41.9207364926511
420390 718.03409280667 -12469.1431818619 -11751.1090890553 -1461.40287467601 -911.613752078737 -2297.45859119589 -1175.13628075342 -90.3301774705793 73583.690539484 41.9044863816284
420400 729.000382338584 -12478.9303717677 -11749.9299894291 1313.94736349475 2059.38415683933 204.227160088599 1678.23077355633 -216.911669595883 73255.468121027 41.8420880764591
420410 730.170985495798 -12478.9734869734 -11748.8025014776 1840.50683649113 2911.96789868512 668.112958370649 1941.43965241762 -156.594449559964 73180.8218942908 41.827871092351
420420 721.306316184199 -12469.3424289298 -11748.0361127456 -315.596191825324 1039.68617816747 -1357.56349606966 -628.911257573765 -95.9404969004883 73432.3048598248 41.875729581196
420430 716.855975950609 -12463.9162004022 -11747.0602244516 -1699.63696611337 -190.513115929607 -2634.10199670421 -2274.29578570631 74.5903314256741 73617.14034201 41.9108350912519
420440 718.497103736847 -12464.7019879499 -11746.2048842131 -347.442555101623 1032.52751193944 -1475.01479553105 -599.840381713261 322.210128615216 73494.4872155179 41.8875463461318
420450 720.032937075909 -12465.1770498609 -11745.1441127849 1500.96529301302 2580.03578839465 122.536932395943 1800.32315824849 369.258328419478 73318.2690117427 41.8540415406974
420460 720.655316984268 -12464.8439099118 -11744.1885929275 874.339357922582 1646.26338031416 -642.16393182257 1618.91862527616 397.713189723559 73411.6092262789 41.8717952265792
420470 719.083983655669 -12462.2014650195 -11743.1174813638 -1111.88908216251 -571.396406249397 -2733.1060825051 -31.1647577330347 527.494633877924 73654.7800718206 41.9179767420612
420480 716.587569599386 -12458.5685599169 -11741.9809903175 -1303.83617689896 -755.018066523473 -2938.65145408122 -217.839010092184 781.458722380338 73692.837009855 41.9251950794886
420490 716.761463728985 -12457.6036877554 -11740.8422240264 409.076528216761 1069.23439027509 -1100.21727777703 1258.21247215223 1024.62674222854 73494.9481207017 41.887633908921
420500 715.559643784795 -12455.0421224202 -11739.4824786354 1504.01218024223 2041.37007065267 399.054860696056 2071.61160937796 1141.90773232097 73377.0901375809 41.8652313109957
420510 712.25049092676 -12450.4183949037 -11738.167903977 329.981313103796 479.841314265179 -205.448652291477 715.551277337686 1103.87609051364 73531.207501792 41.8945213209758
420520 711.976066468412 -12448.5246028953 -11736.5485364269 -1308.0228113446 -1351.57481196094 -1505.84520737582 -1066.64841469705 1072.66911674697 73741.1759365728 41.9343600406751
420530 713.046704233635 -12447.9080096951 -11734.8613054615 -812.106754525474 -830.085718059396 -900.559541734993 -705.675003782027 874.800974746518 73713.3116949104 41.9290775268335
420540 713.245001749913 -12446.2844873969 -11733.039485647 974.173446386505 952.365579350142 997.794227504579 972.360532304785 709.46156963977 73540.8983293935 41.8963616948938
420550 714.707556387078 -12445.8767508685 -11731.1691944814 1048.48139800005 778.65791992271 1276.44616591517 1090.34010816228 327.152144232027 73542.4150306383 41.8966497152496
420560 715.873512786078 -12445.1890240674 -11729.3155112813 -624.422466192139 -996.33717855634 -191.65506480736 -685.275155212727 -175.561508653621 73731.43745745 41.9325139672836
420570 716.934324532862 -12444.3809866979 -11727.446662165 -1255.80267473773 -1418.93871803956 -718.390291520263 -1630.07901465338 -424.328639902239 73808.8100375386 41.9471766072882
420580 719.597694596221 -12445.3816557911 -11725.7839611948 119.149203155637 362.290131247343 814.163958821581 -819.006480602013 -367.205789556571 73658.8102645055 41.9187412746635
420590 721.254436657828 -12445.4320556925 -11724.1776190346 1410.51102383921 1833.76166321587 2183.14424826212 214.627160039613 -56.4924734016581 73531.8720659769 41.8946475327593
420600 716.409974970318 -12439.3022494545 -11722.8922744842 544.737770840329 1068.73162991447 982.701049685676 -417.219367079162 415.696922821772 73659.9519240776 41.9189578438461
420610 709.127348653911 -12430.7110325801 -11721.5836839262 -1052.11221058206 -425.983315388004 -1190.51597310659 -1539.83734325158 684.058326821132 73894.4594597474 41.9633958211806
420620 706.765210836892 -12427.0177828501 -11720.2525720132 -1111.63516853531 -463.007367292503 -1626.79565172708 -1245.10248658634 598.34006841551 73938.5830869326 41.9717465095921
420630 709.489889246065 -12428.3965700439 -11718.9066807979 466.831150243816 1009.42791867458 -193.212427896393 584.277959953278 339.193748375706 73777.6247649623 41.9412680153736
420640 716.375492359627 -12433.8383947055 -11717.4629023459 1073.8997486015 1497.62827271054 372.346657600875 1351.7243154931 319.381459551052 73691.331182096 41.9249095132784
420650 723.615620399427 -12439.7934356168 -11716.1778152174 -147.334950532384 146.355095884298 -909.925707967217 321.565760485765 596.148514307316 73798.1451627185 41.9451561486827
420660 726.713888631201 -12441.726933762 -11715.0130451308 -1181.8970324437 -910.863889039263 -1882.51983502125 -752.307373270568 849.588196434482 73883.3313080211 41.9612892199441
420670 726.092781768894 -12440.2340515509 -11714.141269782 -195.489590661926 360.378162427781 -871.665241967463 -75.1816924460859 705.654729388805 73756.4358881277 41.9372524643374
420680 726.919712559457 -12440.236436669 -11713.3167241096 1274.19590975063 2305.45290639557 569.415823046606 947.718999809706 320.695114292152 73584.8794145467 41.9047120608525
420690 733.143514375699 -12445.8816849927 -11712.738170617 669.935408612613 2043.18064891228 0.965582821782358 -34.3400058962196 160.701553719548 73635.6708969163 41.9143513279736
420700 739.127541051704 -12451.4685334082 -11712.3409923565 -1091.43022711769 237.627669519319 -1470.17308529013 -2041.74526558225 434.198205731085 73820.3868085053 41.9493696041635
420710 738.583637930655 -12450.8635670258 -11712.2799290951 -963.958844866717 226.983719129842 -1019.01839359052 -2099.84186013948 762.960628807376 73823.8857731206 41.9500323706758
420720 730.913106004716 -12443.4159752237 -11712.502869219 963.939473791551 2008.73874700559 965.063309487438 -81.9836351183837 904.377486812851 73645.347304567 41.9161872252616
420730 721.648988028847 -12434.4904430935 -11712.8414550647 1393.40104988245 2345.06613356668 1247.34617257802 587.790843502644 760.200336870386 73624.0151932958 41.9121396868414
420740 716.211869829596 -12429.4264212522 -11713.2145514226 -588.668065732134 78.3736183253873 -643.780706780433 -1200.59710874136 376.531403052552 73868.8648830348 41.9585503546935
420750 712.912979744346 -12426.1508302968 -11713.2378505525 -1844.16145105647 -1443.93072580008 -1616.25925134611 -2472.29437602322 -165.585346781266 74040.5062249381 41.9910234453451
420760 710.264307454474 -12423.5373396759 -11713.2730322215 -114.279748567149 226.275116181267 506.754967986558 -1075.86932986929 -613.209331426021 73878.4577729858 41.9603665747135
420770 710.875167459286 -12423.7030106926 -11712.8278432333 2041.33224548944 2543.95861835267 2960.48854903033 619.549569085303 -908.018371588782 73666.2037356209 41.920143752895
420780 716.548328750007 -12428.9384697259 -11712.3901409759 690.429531661932 1594.45349434019 1309.63529688345 -832.800196237841 -1121.30340198534 73809.0755820677 41.9472269121678
420790 721.940179539655 -12433.4738258245 -11711.5336462848 -2249.9668278928 -868.660382021592 -2375.56718677179 -3505.672914885 -1164.58944787457 74107.9854127724 42.0037761935004
420800 719.357749273893 -12430.2150236596 -11710.8572743857 -1659.00784901682 91.4940225403815 -2676.22478808709 -2392.29278150375 -1013.27164982562 74016.6133121985 41.9865061171507
420810 712.791767078387 -12422.6926693271 -11709.9009022488 2050.9167487523 3835.62806066456 432.665646213441 1884.4565393789 -881.508692854399 73597.4864935858 41.9071050608532
420820 711.133703177656 -12419.7914711501 -11708.6577679724 2811.374160368 4298.93659686721 1088.41637838215 3046.76950585463 -816.695165300079 73524.371537997 41.8932230136944
420830 714.6351630326 -12422.1057387627 -11707.4705757301 -1142.95535647177 20.8715143888217 -2873.84030330395 -575.897280500184 -759.025674932269 73967.9224857893 41.9772973461392
420840 716.572499412509 -12422.01420226 -11705.4417028475 -3303.34489168241 -2489.83736175422 -4874.2320457193 -2545.96526757371 -672.326831081536 74228.2329124404 42.0264823371657
420850 713.662417578333 -12417.588929094 -11703.9265115157 -82.5608756778845 357.683287812922 -1444.72152717312 839.355612326539 -692.218063932589 73887.5182942152 41.9620818570961
420860 713.448457187427 -12414.9219235348 -11701.4734663474 3311.34689208172 3480.08020848454 2267.58662206892 4186.37384569172 -662.93156429671 73531.613015914 41.8945983349375
420870 721.364108102652 -12420.8752037053 -11699.5110956027 1143.40655932622 1337.58606445272 460.988938062395 1631.64467546356 -630.467739728528 73765.4963600572 41.9389696285698
420880 728.482305095255 -12425.4505735734 -11696.9682684781 -2684.33396313781 -2308.53780842152 -2975.15682807823 -2769.30725291368 -668.838622980615 74198.1299780948 42.020800350457
420890 728.641871981533 -12423.509361692 -11694.8674897105 -1855.35801820439 -1124.84604060726 -1945.94595641058 -2495.28205759532 -634.424297001956 74139.1024308257 42.0096543246356
420900 724.05262376461 -12416.9496014493 -11692.8969776847 2018.73623969969 3295.34618819514 1921.96547900739 838.897051896554 -494.930468838192 73761.8693796854 41.9382822506841
420910 719.151600758327 -12410.265496956 -11691.1138961977 2428.78083861116 4147.81708115651 2217.31599573033 921.209438946655 -259.121518179084 73761.902767263 41.9382885783321
420920 717.489565617508 -12407.0821371986 -11689.5925715811 -999.827041894003 745.776192622717 -1385.58060384756 -2359.67671445717 -304.327586915519 74181.1365340868 42.0175921265674
420930 714.602066819677 -12402.3118219426 -11687.7097551229 -2353.27272555968 -1051.90982910809 -2528.12074368442 -3479.78760388655 -591.84066043686 74391.9996684378 42.0573667461749
420940 704.080949951119 -12390.2963363473 -11686.2153863962 86.6741132500651 879.771118132609 446.971215884673 -1066.7199942671 -927.991642395334 74173.8705118921 42.016220211191
420950 691.662200557973 -12375.9846997362 -11684.3224991782 2229.16404658518 2745.3940025895 2760.98161309419 1181.11652407183 -1151.81708193322 73996.3028186323 41.9826653367407
420960 691.660995738324 -12374.1586869677 -11682.4976912294 680.466816512072 1174.71954914152 860.159370211498 6.52153018319397 -1116.90235429606 74220.6443911477 42.0250501340264
420970 702.640816813724 -12382.7516966019 -11680.1108797882 -2096.45318199857 -1336.01431227137 -2383.37929248939 -2569.96594123493 -781.231757724681 74532.4638135943 42.0838204770904
420980 709.567923147234 -12387.5386102177 -11677.9706870705 -1640.85788299268 -778.103335976214 -2134.37713270315 -2010.09318029868 -534.832250343877 74440.9506838391 42.0665895094598
420990 712.097119454433 -12388.0399708026 -11675.9428513482 1215.85685726185 1587.81446162139 955.985317514223 1103.77079264991 -533.626604329488 74075.0895652108 41.997560244751
421000 717.623605126183 -12391.5966314247 -11673.9730262985 1826.71644068161 1595.57520505038 2017.30168751803 1867.27242947641 -653.615027121305 73957.1733979836 41.9752638542382
421010 723.715549619152 -12396.1869672623 -11672.4714176431 -254.090941671108 -753.96503019179 258.967818076227 -267.275612897754 -772.874753153382 74169.8288590583 42.0154570580809
421020 725.844868030705 -12396.9034327087 -11671.0585646779 -1521.4481652087 -2033.029936185 -821.64894325265 -1709.66561618844 -709.570327217775 74323.7597665068 42.0445030485035
421030 723.427190076867 -12393.4611978643 -11670.0340077874 -143.243800796262 -522.080249273417 619.009408995615 -526.66056211097 -667.215880513526 74202.2051686092 42.0215696404291
421040 717.767188702617 -12386.8014377987 -11669.0342490961 1529.27693717437 1094.03864462822 2255.40264690306 1238.38951999182 -803.972931605715 74064.5282603154 41.9955642065747
421050 710.609056174075 -12378.8104384968 -11668.2013823227 860.261513087554 184.616975937143 1667.34757070673 728.819992618787 -815.453979635145 74209.7062612961 42.0229855779886
421060 705.661297546277 -12372.7189382844 -11667.0576407381 -1328.89721240515 -2072.39963058423 -567.04372594235 -1347.24828068887 -680.645639956058 74500.3555028537 42.0777764241646
421070 706.022485733065 -12371.6921577244 -11665.6696719913 -1606.89711229167 -2171.28623641178 -897.693815980223 -1751.71128448301 -682.149280175642 74535.2623637314 42.0843471925712
421080 713.472353841415 -12377.6257120232 -11664.1533581818 511.379292185453 224.874937878018 1238.23519095653 71.0277477218086 -855.409104473794 74275.0548721201 42.0353170198962
421090 723.721191569256 -12386.038858579 -11662.3176670097 1702.82755976179 1833.91648517657 2350.96552386662 923.6006702422 -1036.97027248743 74112.6862295317 42.0046643023828
421100 726.26447880563 -12387.0165674748 -11660.7520886691 418.290313588015 878.114823887732 783.17931919664 -406.423202320324 -1073.96188239929 74267.0407991858 42.0338051340477
421110 721.833365136259 -12380.9807042954 -11659.1473391591 -1228.70383372328 -776.896690299157 -1129.27419494702 -1779.94061592367 -969.663907725862 74501.8767034498 42.0780628134151
421120 716.919885128628 -12374.5609371974 -11657.6410520688 -938.198667960614 -654.687171736418 -1101.63621461547 -1058.27261752996 -855.481284745543 74508.8552051652 42.0793765730081
421130 716.482901502127 -12372.5966841629 -11656.1137826608 529.240734556947 738.206733285579 276.957256314782 572.558214070484 -874.865330407644 74336.9248418993 42.0469853698838
421140 719.970738439242 -12374.4286502046 -11654.4579117653 994.814723590612 1270.03720433149 878.948557598034 835.458408842318 -888.774919345764 74260.0223720403 42.0324809912903
421150 724.707038406337 -12377.5609136841 -11652.8538752778 -96.793658000529 215.665772172936 2.12744861948855 -508.174194794008 -817.331883620849 74366.2248887782 42.0525089452278
421160 729.625646623358 -12380.9007925976 -11651.2751459742 -897.415896254567 -660.132071602123 -632.790359831061 -1399.32525733051 -548.038506546325 74459.8134588703 42.0701423281468
421170 730.304242879437 -12380.2116384599 -11649.9073955804 -161.70122971513 68.6454710479778 -8.21756013955232 -545.531600053817 -131.051472983531 74390.3179880555 42.0570498322511
421180 728.501430438501 -12377.1778492579 -11648.6764188194 927.160027506364 1311.69072934412 708.574525670531 761.214827504448 275.79737530144 74290.9488352285 42.0383151558075
421190 725.925175805626 -12373.5691137679 -11647.6439379623 570.391971349055 894.438627984803 217.992967374214 598.744318688153 480.992099488225 74362.3038582196 42.0517698459438
421200 721.904694348348 -12368.5422137461 -11646.6375193978 -760.440139447053 -722.959391096139 -830.406542348786 -727.954484896226 336.255160997724 74543.5678673404 42.0859102948505
421210 719.088494293401 -12364.6974287711 -11645.6089344777 -1008.51564342346 -1246.60900653455 -887.589932590575 -891.347991145225 92.6698532125144 74587.8399726623 42.0942403813785
421220 718.246112524836 -12362.81127757 -11644.5651650451 325.358893473256 -36.5303235651959 382.699958189994 629.907045794977 54.0150074408673 74443.2246762028 42.0670178495441
421230 719.224578269396 -12362.5843398881 -11643.3597616187 1211.22201138169 983.526424902416 1189.79166838371 1460.34794085893 124.656337705208 74351.8757353386 42.0498040581693
421240 719.206381075883 -12361.3942963107 -11642.1879152348 387.961332659208 415.814818022569 470.077275769522 277.991904185535 110.859445450138 74490.8986519166 42.0759959400539
421250 716.614426215887 -12357.4160883142 -11640.8016620983 -1197.83104472612 -956.201118003066 -874.912704876759 -1762.37931129854 115.645216567763 74711.5260142816 42.1174952654818
421260 715.873654161552 -12355.217206999 -11639.3435528374 -997.09500491568 -401.98774868184 -863.876004090063 -1725.42126197514 94.9507895204642 74717.2930758245 42.118578935569
421270 718.377209323678 -12356.1478335695 -11637.7706242458 762.774980216188 1803.83778213106 284.985742336745 199.501416180758 233.89550683382 74529.8873818646 42.0833355548869
421280 720.114780728024 -12356.1758998387 -11636.0611191106 1291.21722923233 2477.82404991049 583.838498012613 811.989139773911 344.03489419812 74471.6810860243 42.0723772976667
421290 717.110906134736 -12351.5049515845 -11634.3940454497 -361.853548466294 465.079873076121 -820.595014446019 -730.045504028973 253.777871344611 74655.4617933554 42.1069575096849
421300 712.7151824507 -12345.2331543081 -11632.5179718574 -1438.8340833487 -1346.76276394092 -1585.93577172697 -1383.8037143782 -125.283503494256 74792.2651913286 42.1326616343235
421310 712.865825136428 -12343.5172051869 -11630.6513800505 -37.1518137684026 -522.032827113677 -174.299432688273 584.876818496734 -365.125226050325 74666.3091653515 42.1089967787072
421320 715.345174562927 -12343.8935004289 -11628.548325866 1670.74606168292 973.578279374985 1414.65192201865 2624.00798365512 -360.803701118318 74519.1984804895 42.0813236276585
421330 713.534651353184 -12340.1478087549 -11626.6131574017 807.370433683186 -5.32817198116419 465.520639668238 1961.91883336249 -366.684199008988 74683.1282235362 42.1121583139139
421340 707.40209909692 -12331.835830758 -11624.4337316611 -1590.89863897542 -2468.49282457303 -1911.66098026643 -392.542112086805 -582.941381569196 75029.4316530109 42.1771489031184
421350 707.224911612072 -12329.4196988598 -11622.1947872478 -1976.5210235411 -2891.23356218843 -1960.605956073 -1077.72355236187 -749.838907092634 75096.9182294709 42.1897907794911
421360 714.345390742648 -12334.4798338619 -11620.1344431193 649.359647504696 -355.428295333503 1054.57341777219 1248.93382007541 -813.836793949 74775.6528707129 42.1295420019722
421370 718.115210755078 -12335.9425898817 -11617.8273791267 2588.64100611276 1566.70145814414 2992.68229502619 3206.53926516795 -822.852278644202 74547.6192163271 42.0866727197701
421380 711.013366230947 -12327.2360757791 -11616.2227095481 720.285217060116 -23.4822328440334 672.661695263298 1511.6761887611 -612.994947480456 74806.1452719501 42.1352678243538
421390 698.842026905307 -12313.0723914218 -11614.2303645165 -2229.10184835919 -2434.07942698929 -2811.26070392729 -1441.96541416098 -292.356956330257 75238.6178701583 42.2163099414552
421400 695.769009402532 -12308.0818394677 -11612.3128300652 -2096.79617937565 -1869.32446822025 -3137.41676757176 -1283.64730233494 28.7502139308874 75262.2625530064 42.2207318138985
421410 706.270889999414 -12316.6893003384 -11610.418410339 1076.74689520134 1444.06958981292 -88.9970470055469 1875.16814279666 170.860626902791 74872.5064343107 42.1477236590014
421420 718.004266757407 -12326.1820374291 -11608.1777706717 2606.17463127627 2899.93299453757 1653.10717340801 3265.48372588323 134.445228867731 74668.2850652497 42.1093682198987
421430 718.46468033859 -12325.0755749021 -11606.6108945635 151.591969102799 361.025207844792 -550.319335057225 644.070034520831 -101.990571577309 74952.8885071816 42.1628013329038
421440 711.018952274661 -12315.7892476231 -11604.7702953484 -2189.39397955521 -2011.33721494278 -2408.81392482004 -2148.03079890282 -353.69861795432 75288.2776810566 42.2255959214278
421450 705.938198812126 -12309.1715413722 -11603.2333425601 -1050.9651904233 -1017.3517277448 -633.4264483889 -1502.1173951362 -484.703252683861 75215.7534032303 42.2120330986842
421460 709.644188751611 -12311.1338856691 -11601.4896969175 1622.22513475391 1554.73602510267 2524.59673151305 787.342647646018 -221.609345162627 74937.2614601373 42.1598709327165
421470 715.987951038761 -12315.7333365696 -11599.7453855309 1531.79162281799 1227.65813469737 2739.50611137817 628.210622378448 9.60933641499557 74953.1372449271 42.1628479731724
421480 718.610434931596 -12316.6611755122 -11598.0507405806 -1047.05895795967 -1659.99696963658 240.496192272355 -1721.67609651479 100.004340569021 75262.967446871 42.2208636242769
421490 719.716775820147 -12315.9785927932 -11596.2618169731 -2066.0318206272 -2875.58288365612 -899.072090609415 -2423.44048761608 165.750129733694 75383.6901641987 42.2434258252165
421500 718.827339016312 -12313.6373946876 -11594.8100556713 255.021728840925 -620.230395341611 1192.30136718965 192.994214674751 227.158648580444 75111.9793133028 42.1926110527961
421510 713.057606478277 -12306.0943690635 -11593.0367625853 2399.59942629427 1590.74604893498 3278.74538792651 2329.30684202132 229.334547280119 74879.4139782594 42.1490197658309
421520 708.238720137548 -12299.8212173785 -11591.5824972409 650.688844144485 -42.0325448926484 1703.67318060076 290.425896725343 151.100599623634 75092.5323307918 42.1889694242148
421530 710.57071835942 -12300.1527731932 -11589.5820548338 -2251.43183863645 -2887.8991845408 -834.125906234864 -3032.2704251337 65.7079215131073 75448.5080013455 42.2555298717789
421540 714.387719966959 -12302.0773352842 -11587.6896153173 -1659.04695822465 -2205.91215977089 78.5151214348562 -2849.74383633792 -27.8521429101273 75388.7949627892 42.2443793440864
421550 714.392375342629 -12300.044319551 -11585.6519442083 1838.18723832469 1390.84161484574 3644.80774809876 478.912352029571 -132.481483955544 75003.4725163638 42.1722841069833
421560 707.727694231889 -12291.2590305926 -11583.5313363607 2788.0556443016 2421.60039254333 4347.29674815873 1595.26979220274 -22.8059183661261 74952.2580067809 42.1626831086957
421570 698.140552276691 -12279.7951646059 -11581.6546123292 -749.099938974305 -1055.61708487311 96.1796231761694 -1287.86235522599 142.217686136063 75437.272797058 42.2534323128378
421580 695.173617635399 -12273.9133108422 -11578.7396932068 -3383.56596360316 -3706.97535594813 -3320.7575557553 -3122.96497910605 150.300622135531 75796.4599716102 42.3203880150722
421590 702.351809343095 -12278.7702782829 -11576.4184689398 -1095.36068221786 -1550.12670394077 -1419.23076052321 -316.724582189593 24.1035707910174 75502.8694436367 42.2656759530473
421600 715.156591841019 -12288.4810851964 -11573.3244933554 2820.2223446408 2307.67395208215 2454.29828386033 3698.69479797992 -15.7776078395438 75008.151102941 42.1731609667398
421610 718.310398687354 -12289.0330762888 -11570.7226776015 2367.95198570731 1823.62119033652 2059.61269691654 3220.62206986889 160.950056778599 75055.1616166533 42.1819696445966
421620 710.467156442176 -12278.9199737475 -11568.4528173053 -1316.13778547362 -1673.6383601192 -1779.43950906458 -495.335487237074 594.006198663264 75536.1226621972 42.2718799710184
421630 702.444545217093 -12268.3422871703 -11565.8977419532 -2478.00834245825 -2630.88370985256 -3316.21927184467 -1486.92204567753 802.734587740274 75739.4854567903 42.3097815919761
421640 702.523374402781 -12266.2712959205 -11563.7479215177 77.1140573132054 -126.678939880532 -986.003425930765 1344.02453775091 487.799386243047 75473.7821773726 42.2602476786584
421650 706.014719848377 -12267.1993560242 -11561.1846361758 2173.06375266606 1907.58894063361 1047.33950752655 3564.26280983802 -39.4530876209452 75255.1724216855 42.2194059615899
421660 704.961154856302 -12263.8961987507 -11558.9350438943 864.062860860106 728.346448873339 -407.332193057262 2271.17432676425 -501.307556943069 75449.5425929295 42.255723014612
421670 701.95613102072 -12258.3609881717 -11556.404857151 -1462.03513101456 -1341.15728450814 -2747.87931990957 -297.068788625965 -819.339947888308 75771.966109469 42.3158288688653
421680 705.079401261335 -12258.9316428698 -11553.8522416084 -1420.90013583856 -989.77612272611 -2582.67028843542 -690.253996354169 -1168.00074703174 75788.0463568793 42.3188220641215
421690 712.30643524061 -12263.659832915 -11551.3533976744 559.602351858346 1289.61915027009 -236.117617960532 625.305523265478 -1351.27011971153 75546.6862539486 42.2738504281206
421700 713.964816653358 -12262.7658859971 -11548.8010693438 1615.61347816641 2426.22679022384 1342.53632634559 1078.0773179298 -1166.39000712041 75441.2214990514 42.2541695403609
421710 708.208821760552 -12254.7653417072 -11546.5565199467 438.025176333419 1053.54766602879 674.506718176075 -413.978855204586 -664.262920888797 75643.6931611579 42.2919368224827
421720 704.477136625148 -12248.5950861415 -11544.1179495164 -1287.59676230659 -1001.20915535014 -873.063197555485 -1988.51793401414 -250.212366776979 75897.4695521582 42.3391789855973
421730 708.278933310271 -12249.9510478173 -11541.672114507 -1018.85770240899 -1037.1630143452 -603.270093035428 -1416.13999984633 -51.7226495631837 75887.0169210116 42.3372352399034
421740 715.415104679763 -12254.6265660055 -11539.2114613257 589.603188361321 212.486513817204 1056.10267851529 500.220372751459 -56.6704073660699 75690.9183318789 42.3007360951587
421750 717.914605895105 -12254.684470341 -11536.7698644459 1212.92772165078 593.782918939633 1746.4358062269 1298.5644397858 -279.6688583921 75623.7987029818 42.2882288731697
421760 712.939008284638 -12247.5031859177 -11534.5641776331 226.817319930063 -345.322223962859 608.442516065254 417.331667687798 -617.126593308222 75790.2217387713 42.3192269596287
421770 703.784016461015 -12236.0490497932 -11532.2650333322 -956.676334009798 -1549.37444997801 -804.825312531881 -515.829239519486 -862.119322045142 75983.4058132483 42.355152721319
421780 697.281837076094 -12227.1547416722 -11529.8729045961 -594.514762113701 -1322.65994722612 -427.077321214298 -33.8070179006757 -989.269975531501 75985.6447330633 42.3555687282014
421790 697.366270507106 -12224.6153074018 -11527.2490368947 427.134497083361 -324.446495942939 835.418571473204 770.431415719821 -1123.43759131994 75873.3245396945 42.3346887681396
421800 701.103072736725 -12225.4868126661 -11524.3837399294 569.499440187455 -50.6790025489847 1338.8530929392 420.324230172153 -996.141974589554 75844.3295789192 42.3292953528962
421810 706.537795687135 -12227.9610858661 -11521.4232901789 -79.4614168624544 -458.561565879303 1032.51297559143 -812.335660299477 -946.941792748266 75925.2499536887 42.344344093747
421820 710.59489343146 -12229.0539926032 -11518.4590991718 -489.873827808561 -663.438212655534 798.798277594266 -1604.9815483644 -1065.09495254478 75988.9269102755 42.356178564798
421830 709.344857478381 -12224.9622045401 -11515.6173470617 36.7342302710117 -199.053514729222 1461.89083893664 -1152.63463339438 -1192.92848820915 75961.479457938 42.3510782199524
421840 706.996607608767 -12219.866942852 -11512.8703352432 604.928990504311 207.279861004019 2102.23647839407 -494.729367885163 -1305.47619871644 75944.996763148 42.3480147795635
421850 710.610642675395 -12220.8072400849 -11510.1965974095 81.2999840646044 -379.964008426176 1241.98601882869 -618.122058208684 -1095.5474731052 76040.9785613375 42.3658475429281
421860 717.089882526137 -12224.6444321174 -11507.5545495913 -754.749537223954 -874.425539127804 -275.428552169506 -1114.39452037455 -577.707909598838 76147.4698638507 42.3856153485138
421870 716.669130437757 -12221.7593086844 -11505.0901782467 -413.194682866078 41.7597495042739 -464.450420031923 -816.89337807059 8.98212613190672 76108.5699587646 42.3783965608155
421880 711.391624283448 -12214.1221692802 -11502.7305449968 717.844920375898 1772.70883602174 489.991414749942 -109.165489643971 234.202696704288 75993.77837817 42.3570799473013
421890 709.027703366098 -12209.443134438 -11500.4154310719 771.365558200114 2302.99639031438 452.052325453247 -440.952041167296 59.5067785343787 76018.3889951107 42.361651906484
421900 712.422989924608 -12210.474272061 -11498.0512821364 -493.564501561522 1431.65415032044 -751.621881407955 -2160.72577359704 -136.763642078073 76191.1858292672 42.3937249356295
421910 717.000672782473 -12212.616626638 -11495.6159538555 -1117.35538875624 1081.44078144709 -1166.38301897684 -3267.12392873896 -220.727598002126 76270.9261207406 42.4085092763317
421920 715.586720991529 -12208.9024488609 -11493.3157278693 42.8374080656775 2336.31537907721 180.610733668989 -2388.41388854916 -168.209448065814 76133.7316904062 42.383066189807
421930 710.17121000441 -12201.122962848 -11490.9517528436 1415.92422727339 3663.22189199881 1733.83033337379 -1149.27954355243 -170.761485394497 76003.2072469563 42.3588316820752
421940 706.519095730579 -12195.2152316465 -11488.6961359159 742.080765410074 2728.30775385571 1148.49777283891 -1650.5632304644 -332.941525661889 76149.9638871979 42.3860780890372
421950 705.826223348277 -12191.9899326218 -11486.1637092735 -1207.20740211034 434.031034559336 -889.210726077834 -3166.44251481251 -646.952138631673 76454.7456221999 42.4425513295889
421960 707.781039753475 -12191.2484379244 -11483.4673981709 -1426.55371421796 -112.755427160081 -1477.04995210353 -2689.85576339027 -808.627743130731 76537.4070350911 42.4578418459978
421970 714.231365831092 -12195.0657610397 -11480.8343952086 350.015661000843 1455.83382314812 -110.791252375089 -294.995587770502 -446.166714957082 76329.8623479166 42.4194297941942
421980 723.513757141951 -12201.6075043713 -11478.0937472293 1552.56973712961 2392.53550459255 1001.78472677623 1263.38898002006 200.380834237197 76168.9857479473 42.3896070683912
421990 726.435682980639 -12202.1881192899 -11475.7524363092 491.339086871729 1264.41973324272 -107.622143461855 317.219670834324 666.432553364368 76311.8816903862 42.4160986857876
422000 717.79616968569 -12191.3000231099 -11473.5038534242 -1299.95335274837 -366.649553099921 -1935.12863692326 -1598.08186822191 801.235074795331 76584.3691598106 42.4665238873237
422010 704.671382939629 -12176.0457548828 -11471.3743719432 -1244.60192192255 -254.923238002192 -1748.69338030331 -1730.18914746215 513.488067129082 76626.192990015 42.474253007864
422020 701.785442934402 -12170.9556988228 -11469.1702558884 736.07702494801 1697.24682621522 651.92675882588 -140.942510197064 482.741177868403 76404.6635329155 42.4332818986861
422030 710.831335184907 -12177.4616042914 -11466.6302691065 1763.37414270083 2906.97437958509 2122.9386457892 260.209402728183 748.344137691352 76292.9952802679 42.4125992135615
422040 715.872398660732 -12180.0905614117 -11464.218162751 -29.302962424852 1293.34508519141 641.800533049757 -2023.05450551571 1053.21101995979 76537.852245947 42.4579241702546
422050 713.450647133434 -12174.9642801053 -11461.5136329719 -2017.07037081142 -804.524986694668 -1392.75867868711 -3853.92744705248 1195.33435553936 76838.6365622698 42.5134696059912
422060 715.556156486867 -12174.6741930733 -11459.1180365865 -1104.71501471639 -289.722513997487 -594.285800304808 -2430.13672984688 1200.00087982711 76764.6096590792 42.4998126236868
422070 719.458315020605 -12176.1134813475 -11456.6551663269 1723.60505255558 2122.18975970165 2156.62292594464 892.002472020458 1049.91608430615 76432.8115315441 42.4384921622964
422080 714.586923951888 -12168.9079960029 -11454.321072051 2115.27553080668 2412.1678520509 2561.81484077705 1371.84389959208 909.151556689352 76404.1996770668 42.4331960271135
422090 712.952910409591 -12165.1417160945 -11452.1888056849 -1174.38402085099 -736.860465304905 -672.58958439115 -2113.70201285692 820.51489039234 76811.3881116483 42.5084436486105
422100 722.355130483532 -12172.0174282891 -11449.6622978056 -3098.7602877961 -2631.06199619637 -2455.62963966861 -4209.58922752332 619.137826800836 77025.3945803324 42.5478850502115
422110 729.556732291937 -12177.5157518986 -11447.9590196067 -209.049832647913 77.1616859899821 486.220225030865 -1190.53140896459 353.79947064452 76619.879933587 42.473086523708
422120 725.302384596482 -12170.906362142 -11445.6039775455 3459.27192787606 3492.02612162102 3947.97206857092 2937.81759343624 259.199184389174 76155.5058468607 42.3871063068012
422130 717.401259329767 -12161.6606849609 -11444.2594256311 2117.97392067255 2107.05589511985 2396.361916158 1850.50395073982 246.536110097786 76365.3069112624 42.4259947455442
422140 713.153140402834 -12155.666458778 -11442.5133183752 -2261.91678599747 -2380.3505886353 -1906.60900719344 -2498.79076216367 223.236946369917 76988.2518569344 42.5410448887139
422150 711.882873855341 -12152.3115206581 -11440.4286468027 -3043.56798283458 -3330.80741470552 -2368.29589321787 -3431.60064058034 -24.8558054547999 77144.0897591415 42.5697290881711
422160 712.642794879084 -12151.4729668435 -11438.8301719644 486.705547744051 -228.291686230018 1566.10886428998 122.299465172179 -232.551526464383 76701.7666419406 42.4882120279866
422170 717.361305748889 -12153.8019648662 -11436.4406591173 2938.56890238932 1454.60978739603 4450.83188728494 2910.26503248701 -231.179783743567 76393.403510015 42.4311972824798
422180 725.867532121753 -12160.5496225657 -11434.6820904439 800.699884521329 -1209.32524663916 2425.78168225819 1185.64321794495 -40.6046235997365 76660.1385154421 42.4805241358054
422190 727.353803894674 -12159.9173656159 -11432.5635617212 -2209.31213079621 -3966.74848729959 -1045.28846787379 -1615.89943721527 160.389234658812 77048.640014685 42.5521647841727
422200 721.900227697974 -12152.7645738041 -11430.8643461062 -1682.43314621804 -2700.33577163582 -1209.4392698724 -1137.5243971459 169.88266116641 76980.1938288649 42.5395606410703
422210 721.380340658159 -12150.6016136015 -11429.2212729434 1236.00773649854 966.604635402482 1133.58348954723 1607.83508454591 224.190747265552 76605.6417624268 42.4704554548552
422220 727.679733580004 -12155.1596284718 -11427.4798948918 2188.14319301242 2431.68948320348 1818.52078045895 2314.21931537483 267.360719354472 76506.4755487294 42.4521215010425
422230 728.060812327301 -12154.2530578924 -11426.1922455651 19.2186003885454 626.464714732018 -295.469741052497 -273.339172513891 234.391465235412 76827.3735528081 42.5113922959756
422240 717.056576598892 -12141.6963906886 -11424.6398140897 -1764.45295177497 -924.522077602398 -2017.20035219028 -2351.63642553225 236.824370075538 77123.1455303363 42.5658762510168
422250 706.065242003416 -12129.3068975903 -11423.2416555868 -772.632060312155 293.135426710964 -1054.73927796784 -1556.29232967958 159.729550181321 77056.6863436945 42.5536459991549
422260 709.255649243169 -12130.7887872421 -11421.5331379989 1025.62176187792 2040.98153823824 701.192286048277 334.691461347234 131.921949964522 76844.2276406652 42.5145007295121
422270 723.865510493101 -12143.4891186012 -11419.6236081081 812.887874109021 1580.01429760394 628.885028920276 229.764295802841 410.585865086263 76835.3745089492 42.5128679851858
422280 733.584628221515 -12151.3495996559 -11417.7649714344 -608.636320777981 -262.249934948634 -799.65811291052 -764.000914474792 1002.87468867403 76982.3480865611 42.5399574544865
422290 728.614789175549 -12144.7309878583 -11416.1161986828 -637.003711186081 -881.55434206698 -931.034594125332 -98.4221973659331 1604.80781869917 77014.5800888659 42.545893692779
422300 718.728167364761 -12133.3881236631 -11414.6599562984 432.290566676291 -334.571956469174 111.170383057866 1520.27327344018 1879.90915600292 76924.4505924246 42.5292901837418
422310 719.505120346964 -12132.705685369 -11413.2005650221 647.091701783826 -371.004109833676 405.090666921086 1907.18854826407 1477.02623794593 76917.2614128593 42.5279652464084
422320 731.420587433723 -12143.1723453912 -11411.7517579574 -252.575390732215 -1505.75528000881 -230.443840798446 978.472948610622 637.787551842065 77035.1675526386 42.5496844641988
422330 738.185746665643 -12148.6248153666 -11410.4390687009 -743.992674909686 -2180.5630533185 -293.583827757658 242.168856347116 -117.573440241684 77102.3601930753 42.5620519533879
422340 732.035159429256 -12141.4959565277 -11409.4607970984 4.7520219832369 -1560.75274110975 833.228537372145 741.78026968732 -544.917367735094 77024.1095645928 42.5476484399078
422350 723.035632607848 -12131.6829274309 -11408.647294823 815.874058304677 -794.211497796766 1832.91754689946 1408.91612581133 -622.980147711897 76948.2347923778 42.5336729294136
422360 720.419684640556 -12128.3327315956 -11407.913046955 285.548076453512 -1253.24264465114 1290.59972798426 819.287146027412 -315.38247535649 77032.014041154 42.5491038516731
422370 721.908762466539 -12128.985566579 -11407.0768041125 -773.662104563883 -2149.70298980711 113.915020225397 -285.19834410993 353.618611394704 77174.5023925884 42.5753224631847
422380 724.845621651265 -12131.0753217054 -11406.2297000541 -687.834791079237 -1872.30646992898 38.8639553638266 -230.061858672568 1097.59651980191 77164.7165246331 42.5735228442165
422390 731.906912668878 -12137.3257790847 -11405.4188664158 380.782747521153 -602.118644308212 1012.19454706838 732.272339803304 1474.30508346866 77013.9107404184 42.545770434255
422400 740.161545233854 -12144.8867256463 -11404.7251804125 827.092429951719 12.1420609872667 1483.30133677345 985.833892094446 1487.33657349512 76932.6391958755 42.5307992103827
422410 739.541303111016 -12143.9331879038 -11404.3918847928 164.597643014279 -528.186084676428 743.017335794498 278.961677924777 1300.35429970297 77019.459618587 42.5467922220713
422420 730.894572561603 -12135.204091226 -11404.3095186644 -650.974055348026 -869.336220945958 -555.481467808358 -528.104477289763 878.646089094484 77150.0439029728 42.5708242672051
422430 728.47118718962 -12132.8850867847 -11404.4138995951 -832.328997569689 -465.712343396202 -1335.39353129954 -695.881118013314 352.908573025034 77146.2829205859 42.5701324951985
422440 737.432283877336 -12142.1312429583 -11404.698959081 99.8809335817272 726.347960156873 -856.802136089886 430.096976678199 85.157316569107 76967.5703933946 42.5372352604439
422450 743.415127200371 -12148.5864096973 -11405.1712824969 1022.28621544277 1445.59578493721 -17.0307097364055 1638.29357112751 44.5385383138823 76798.4204094516 42.5060513476968
422460 740.522684325888 -12146.669058811 -11406.1463744851 647.027708943532 522.400279859914 57.2202769835851 1361.4625699871 339.185339979713 76829.9162069338 42.5118612719389
422470 735.086785122332 -12142.6242398037 -11407.5374546814 -462.41029333839 -898.131061124198 -634.726838028851 145.627019137892 559.741296910246 77006.2987644644 42.5443686612988
422480 729.573892294205 -12138.7817274783 -11409.2078351841 -967.282074701697 -1324.22645741115 -790.968892153681 -786.650874540262 448.605705153037 77103.900408022 42.5623353613662
422490 722.494243658696 -12133.6639834368 -11411.1697397781 -61.4722508001039 -113.699798033738 330.454648274283 -401.171602640855 57.5220480262468 77008.54932766 42.5447831202849
422500 717.162508359198 -12130.3070099859 -11413.1445016267 936.951397982215 1059.43294559923 1438.22961729725 313.191631050166 -364.809686540818 76886.100281867 42.5222214186823
422510 717.241177495945 -12132.3925453258 -11415.1513678299 367.56083548677 296.006388262849 1047.11119200675 -240.435073809293 -602.850459697352 76941.0972301976 42.5323577763401
422520 718.142082873753 -12135.2044298067 -11417.062346933 -843.597790594009 -1367.7141451645 -3.79342740051235 -1159.28579921701 -554.643582895295 77083.1127144296 42.5585099936622
422530 717.119443956254 -12136.0482324818 -11418.9287885256 -560.507150120036 -1546.60609430555 499.462833398223 -634.378189452771 -260.367181451704 77074.294222276 42.5568870000477
422540 718.123230005141 -12138.8252864581 -11420.702056453 684.797242363592 -164.280655986763 1700.46307386969 518.209309207853 66.0748740937354 76941.3343953728 42.532401477232
422550 718.26679700311 -12140.6530883062 -11422.3862913031 840.636433019713 558.193102358878 1532.49292811452 431.22326858574 -107.410619843218 76928.716837956 42.5300763968755
422560 715.089327105881 -12139.0667854074 -11423.9774583016 -605.798885767333 -200.180137747827 -341.469348509015 -1275.74717104515 -426.232062752013 77090.9514409167 42.5599525630316
422570 712.284258986188 -12137.6335436507 -11425.3492846645 -1372.7092451835 -525.862030379255 -1437.55223108937 -2154.71347408186 -487.142831078837 77152.3329182648 42.5712452836172
422580 711.977631201364 -12138.6099602991 -11426.6323290977 59.0354387555914 780.095470453762 -185.45474244914 -417.534411737848 -275.81644095138 76929.6572856593 42.5302497051507
422590 711.459303296552 -12138.9040728252 -11427.4447695287 1804.37138280792 2360.29062146579 1514.60604439507 1538.21748256293 76.0468447392491 76688.0975838698 42.4856879299274
422600 711.804917028155 -12140.0526105516 -11428.2476935234 811.978802814341 1165.78386182552 813.796224241297 456.35632237621 400.461690330273 76790.7470136356 42.5046356214423
422610 714.017149183412 -12142.6923095885 -11428.6751604051 -1680.24902616314 -1701.7148282425 -1351.16008214968 -1987.87216809724 538.851817036666 77072.5663650844 42.5565689831979
422620 716.205547644506 -12145.2449109966 -11429.0393633521 -1545.12285939236 -1865.13916516509 -1040.45927783525 -1729.77013517674 558.041789133521 77036.7277110592 42.5499717087672
422630 717.604810791802 -12146.8705401096 -11429.2657293178 1107.08364807856 782.0540410792 1739.80167441298 799.39522874351 493.318688911494 76684.7983979901 42.4850786646211
422640 722.142841929674 -12151.3382089833 -11429.1953670536 2084.12678539198 1972.67244412244 2658.10046638695 1621.60744566655 480.861330275662 76539.7400601478 42.4582732437777
422650 727.171123108657 -12156.5908044661 -11429.4196813574 -72.0838184559727 139.532226960998 329.053744778845 -684.837427107753 500.195718146262 76806.5382029773 42.5075489617951
422660 723.971356211658 -12153.3408794277 -11429.369523216 -1891.25715236539 -1232.65317292044 -1551.75729641628 -2889.36098775947 452.24938039399 77070.2400027958 42.5561408023376
422670 715.286951516973 -12144.8627426058 -11429.5757910888 -755.548801170841 348.456136518367 -477.988785322996 -2137.1137547079 487.529765739199 76959.8722693025 42.5358170534784
422680 715.069281833981 -12144.5737815768 -11429.5044997429 1596.79525587408 2947.98284665634 1630.76168095608 211.641240009803 614.372916923749 76700.2898021266 42.4879393324603
422690 720.69946924383 -12150.0693571298 -11429.369887886 1290.44378700487 2512.47782318674 1136.41282293033 222.440714897516 802.534121504608 76749.6779440691 42.4970568562265
422700 722.164515025837 -12151.2182232886 -11429.0537082627 -1167.28326591981 -340.249516328773 -1250.19170019866 -1911.408581232 983.891198355729 77050.655134731 42.5525357488547
422710 720.928342037124 -12149.446971104 -11428.5186290669 -1732.5365277865 -1413.45617790464 -1642.09760398374 -2142.05580147115 1203.24712833539 77122.8895120234 42.5658291503451
422720 720.866434615222 -12148.8206885691 -11427.9542539539 393.142701052124 -0.128080905315386 633.911117617977 545.645066443706 1639.43111629449 76852.0545630919 42.5159441101123
422730 723.332402113609 -12150.2057382027 -11426.8733360891 1831.99146100229 581.507123531895 2338.67391608854 2575.79334338644 2096.1311326208 76658.3810955984 42.4801995138744
422740 729.064931627137 -12154.860356663 -11425.7954250358 439.429816531013 -1456.19788047139 1292.78609766177 1481.70123240268 2298.11026107522 76825.8658818511 42.5111142110179
422750 732.016350509581 -12156.3613457765 -11424.3449952669 -1689.52523108371 -3728.91992742422 -483.638918603273 -856.016847223626 2073.50593385855 77077.8784809337 42.5575466775177
422760 728.934635257204 -12151.9238629886 -11422.9892277314 -1181.52058490365 -3106.66446409227 285.101064621082 -722.998355239771 1499.498123386 76995.0886388541 42.5423041078401
422770 728.632225083474 -12150.1180234289 -11421.4857983455 1322.23774155702 -272.233996751765 2801.53838781058 1437.40883361225 872.15253597966 76684.3600551715 42.4849977139198
422780 729.935144233151 -12149.8485813675 -11419.9134371343 1934.32675270841 955.952481539588 2886.54765566347 1960.48012092217 375.060265304198 76639.9572531187 42.4767960538251
422790 726.389071621773 -12144.9322563712 -11418.5431847495 -373.679719339024 -559.754519818192 -266.002028849542 -295.282609349343 -16.5362369971147 76975.1210676202 42.5386262112122
422800 722.484697763961 -12139.2714651836 -11416.7867674197 -2129.63258599 -1634.79531943544 -3035.76187684452 -1718.34056169003 -276.321087239756 77229.7600373421 42.5854814781317
422810 721.566680259089 -12136.8703895234 -11415.3037092644 -770.616536161175 158.939073256967 -2480.89680090743 10.1081191669385 -217.891863780799 77056.2532424314 42.5535662739845
422820 725.504792376074 -12139.0047674105 -11413.4999750344 1651.42877882497 2559.21509878204 205.153439977499 2189.91779771537 51.7062671831302 76738.2785379531 42.494952764027
422830 729.995014782849 -12141.7973585704 -11411.8023437875 1616.63094456806 2012.40431457187 1506.9187558565 1330.56976327581 475.945568468837 76756.7554129851 42.4983631042884
422840 731.130476340159 -12141.4026565732 -11410.2721802331 -720.569141396146 -1051.53786616171 526.894258505315 -1637.06381653203 646.566867070537 77087.7446757489 42.5593624303666
422850 729.849455467527 -12138.5025044549 -11408.6530489874 -1719.21639166653 -2589.72045388017 145.635665604924 -2713.56438672434 566.655893643335 77265.5594726379 42.5920605511261
422860 728.566237287844 -12135.9726134656 -11407.4063761778 -349.134711347227 -1397.11195529601 1571.99640003458 -1222.28857878026 297.984329763755 77094.9263295913 42.5606840287562
422870 730.331617257442 -12136.427487877 -11406.0958706196 1211.56904117039 295.189546778499 3067.38818821687 272.129388515777 -93.7395006306082 76864.4696249086 42.5182333989573
422880 734.053407147058 -12139.0524947337 -11404.9990875867 948.813875603297 168.210747758956 2786.41355566829 -108.182676617366 -357.42107497743 76884.0950314254 42.5218517443881
422890 734.932280326953 -12139.0396820477 -11404.1074017207 -606.95490280163 -1632.58365441669 1066.9574370036 -1255.23849099181 -445.036826633741 77084.7657945964 42.5588142199422
422900 731.503133469552 -12134.871794721 -11403.3686612515 -1042.15698629323 -2336.22034238584 104.728067410971 -894.978683904834 -214.875763500606 77157.9509616832 42.5722785697166
422910 726.731699073077 -12129.5819234917 -11402.8502244186 138.567902096943 -1143.22998500474 721.145886550161 837.787804745416 266.382815655926 77027.3422324197 42.5482436669124
422920 727.282347258497 -12129.6133315481 -11402.3309842896 916.416168558995 -196.861510752082 1199.43937610041 1746.67064032867 851.942938897541 76929.6267784633 42.5302440832233
422930 734.463767049114 -12136.42269874 -11401.9589316909 293.8402463766 -731.068102154876 564.844244269355 1047.74459701531 1182.11248121785 77015.3091701699 42.546027950118
422940 736.622125079966 -12138.3518729731 -11401.7297478931 -691.754012811995 -1761.67422606558 -552.198026220107 238.610213849717 857.798133834058 77153.0866707687 42.571383918778
422950 729.015324884808 -12130.762270285 -11401.7469454002 -779.60169743015 -1724.88363056218 -1016.64752924397 402.726067515714 400.328335572808 77145.0841117464 42.5699119889363
422960 726.023803982838 -12127.9428361984 -11401.9190322156 123.674321268987 -613.971348943072 -345.044015415267 1330.03832816531 248.982753009537 76984.7393209059 42.5403979102385
422970 735.281797471251 -12137.3958334632 -11402.1140359919 747.977056858259 266.917085850342 301.009036924247 1676.00504780019 205.305107722205 76857.7068406067 42.5169863985503
422980 744.88295763578 -12147.4988207889 -11402.6158631531 284.504305878951 -50.6466896988675 133.929369866644 770.230237469074 -138.197927688856 76883.2173650458 42.5216899417783
422990 741.808970785288 -12145.3630471039 -11403.5540763186 -311.699032770848 -786.566192305937 -67.8385837318641 -80.6923222747274 -817.170156013793 76967.8510932638 42.5372869713216
423000 730.149099194376 -12135.053957319 -11404.9048581247 -46.1962091330065 -706.571366149394 288.044715035557 279.938023714812 -1410.07558207168 76995.8383775925 42.5424421924481
423010 720.605492557364 -12127.0738838307 -11406.4683912733 281.155127444743 -289.604359619905 501.807773181653 631.261968772477 -1603.3215148946 77013.4852214409 42.5456920758308
423020 720.387093926816 -12128.4610050657 -11408.0739111389 -81.4778899248087 -454.421180319688 331.037960945928 -121.050450400661 -1380.34731736133 77079.434178661 42.5578329950039
423030 724.906428311215 -12134.6076591589 -11409.7012308476 -447.828078193275 -713.100998000163 425.363191116329 -1055.74642769598 -860.530561800416 77123.9245726606 42.5660195737824
423040 723.777552471116 -12135.2010449532 -11411.4234924821 -268.669379108854 -588.752748161344 845.935465627239 -1063.19085479245 -413.802580439745 77076.5366129187 42.5572997111022
423050 718.617538997863 -12131.7940111169 -11413.176472119 295.742492988061 -261.545786772345 1259.20673224765 -110.433466511123 -289.759102946947 76979.3389348532 42.5394031678794
423060 716.977205681795 -12131.8498340168 -11414.872628335 551.406343953102 -119.7051092919 1204.05122000579 569.872921145399 -275.946922787607 76948.5999138927 42.5337402037943
423070 717.666625142462 -12134.1603843779 -11416.4937592354 -118.758295052553 -611.616586943113 354.924352906017 -99.5826511205551 -266.303143944373 77023.0629020073 42.5474557156915
423080 716.570873297955 -12134.559849998 -11417.9889767 -602.520386621899 -769.097961458635 -63.0035955270432 -975.459602880013 -93.8027984960465 77071.6152636465 42.5563939283444
423090 715.392080201839 -12134.7771578001 -11419.3850775983 -187.162332270939 32.5143708989041 287.255426412924 -881.256794124654 50.0823863816727 77000.265521854 42.5432575521832
423100 716.080064038387 -12136.6920015129 -11420.6119374745 468.702427872939 997.611600799762 661.842519696705 -253.346836877647 103.309344965554 76894.9414194496 42.5238512338654
423110 715.656973176288 -12137.3621014988 -11421.7051283225 383.996558899954 1400.17318318607 185.720308280041 -433.903814766248 169.716878496096 76883.4673197133 42.5217360224173
423120 714.661729195891 -12137.3173991012 -11422.6556699053 -299.605245089941 1371.13784460037 -928.195932128641 -1341.75764774154 311.736377550485 76947.8052422056 42.5335937836494
423130 718.503983121434 -12141.9636580039 -11423.4596748825 -628.658629389283 1260.75330229192 -1298.68487511495 -1848.04431534482 727.498960725584 76949.7011405458 42.533943105753
423140 726.083223574103 -12150.3072364716 -11424.2240128975 68.057057640113 1721.50918024143 -463.181023920592 -1054.15698340048 1296.48522464999 76829.9000848044 42.5118582983499
423150 728.948287292011 -12153.9579096853 -11425.0096223933 821.438577600036 2140.55906651583 312.419738856386 11.3369274278903 1384.92454775073 76726.7892979972 42.4928318795233
423160 724.632679052352 -12150.618434487 -11425.9857554346 583.845447674789 1599.43015394085 246.543874519029 -94.4376854355048 1079.19188405873 76791.902656709 42.5048488413212
423170 717.306695413534 -12144.3078641638 -11427.0011687503 -462.151244126642 397.220877430065 -545.44136661106 -1238.23324319893 804.176821611256 76976.9912641489 42.5389707162318
423180 715.115549705162 -12143.0278278751 -11427.9122781699 -1101.9653578994 -190.745088261475 -1042.39434404853 -2072.7566413882 566.987062279965 77066.311363284 42.5554176932313
423190 721.620015351119 -12150.4795828669 -11428.8595675157 -228.435893936154 793.738971886624 -219.87768668845 -1259.16896700663 458.7546158836 76932.4009784097 42.5307553122844
423200 725.432796493376 -12155.1759162293 -11429.7431197359 1088.5429629639 2247.42053011273 1104.84028292151 -86.6319241425489 495.972413022885 76749.8475051316 42.4970881520834
423210 721.118427482678 -12151.9259622842 -11430.8075348016 655.78289716653 1660.11946976576 976.318006490952 -669.088784757127 474.567501739852 76775.9173836788 42.5018993169509
423220 719.106364813302 -12151.0647908376 -11431.9584260243 -748.843897436382 -277.994421926354 -163.624380253735 -1804.91289012904 328.790226474621 76939.9634343961 42.5321488578848
423230 720.835653575666 -12154.0363248834 -11433.2006713078 -982.587029432776 -918.033878546944 -435.826201076173 -1593.90100867521 71.0900899212919 76965.1273840233 42.5367852009216
423240 719.044214451487 -12153.6760570222 -11434.6318425707 416.874851469464 352.750619856098 868.506080170973 29.3678543813075 -201.845944517824 76791.1525286458 42.5047104405148
423250 713.395014072406 -12149.5051308632 -11436.1101167908 1364.74179736167 1517.42471835472 1498.07611151269 1078.72456221761 -526.701974443333 76689.2303630021 42.4858971178165
423260 713.691255360025 -12151.4891827987 -11437.7979274387 -66.2119582468721 406.845810207914 -333.332326418469 -272.149358530048 -634.793946112252 76853.5616804655 42.5162220298094
423270 721.462740323568 -12160.9229914206 -11439.4602510971 -1698.29274346488 -954.703175337587 -2392.05693119917 -1748.11812385787 -444.513791584353 77022.6149130946 42.5473732260031
423280 726.605842550922 -12168.2356287551 -11441.6297862042 -809.566563616195 120.932133467292 -1747.6300460293 -802.001778286575 -54.2094865020284 76853.4515676829 42.5162017246054
423290 725.799396325307 -12169.7449042562 -11443.9455079309 1841.73634197795 2849.25972328865 691.434488528182 1984.51481411702 306.162646557563 76498.3524458584 42.4506189913839
423300 719.917976051469 -12166.6369610486 -11446.7189849972 2217.85658349113 2893.42069437894 1097.61260612938 2662.53644996508 378.516238840808 76489.7437070643 42.4490265387876
423310 710.729019447873 -12160.574509385 -11449.8454899371 -837.921845575112 -700.692883515337 -1764.16719517303 -48.9054580369587 513.364240119411 76944.2770810153 42.5329436994007
423320 701.155131691207 -12153.3804314241 -11452.2252997328 -3062.82483176768 -3514.41293860542 -3665.78263479476 -2008.27892190287 956.627588035319 77267.1352014419 42.5923500853889
423330 699.151633263288 -12154.1110069993 -11454.959373736 -1022.30078395883 -1836.66214882004 -1282.61329884899 52.3730957925537 1356.59267562911 76972.5980940467 42.5381614506467
423340 708.845985521374 -12165.4429556522 -11456.5969701308 2678.40083570793 2053.0585367568 2541.36513508934 3440.77883527765 1440.13776216523 76456.4353820108 42.4428640077559
423350 716.031804347982 -12174.2371477152 -11458.2053433672 2520.12251801355 2275.08379256465 2236.43615482544 3048.84760665058 1181.40971558741 76464.4562632806 42.4443481525824
423360 707.331465013311 -12167.102347934 -11459.7708829207 -1152.98854217924 -935.224370666832 -1842.75288167367 -680.988374197221 804.86192814174 76973.6112088918 42.5383480791996
423370 695.924186296362 -12156.321470876 -11460.3972845797 -2867.84615323447 -2470.85950289518 -3940.74937130406 -2191.92958550419 585.267246510975 77245.8837422666 42.5884448778985
423380 695.730949063108 -12156.8897465248 -11461.1587974617 -552.218613233998 -424.606435801506 -1762.81032734233 530.760923441845 451.077000675543 76941.7932623839 42.5324860294314
423390 702.20030465231 -12163.0859549842 -11460.8856503319 2043.30651135178 1735.30206843064 930.586998544153 3464.03046708053 401.74930889216 76548.144772409 42.4598272796661
423400 704.107812646318 -12164.4981828149 -11460.3903701686 1448.75403344994 746.148708541726 639.373137741952 2960.74025406615 569.141064891185 76574.7751274883 42.4647504957831
423410 703.469200035736 -12163.0041754577 -11459.5349754219 -968.654315318173 -1988.73992575707 -1448.40344108313 531.180420885681 974.251603557202 76872.7996571747 42.5197692861458
423420 704.048146582197 -12162.2285880737 -11458.1804414915 -1616.62873671782 -2635.94599235025 -1921.80902378661 -292.131194016587 1400.41672585276 76958.9300951743 42.5356434724995
423430 703.238871343669 -12159.8336314955 -11456.5947601518 263.055598362603 -521.505704664519 65.8170644984857 1244.85543525384 1708.49746531324 76738.354695159 42.4949668217474
423440 703.7093497153 -12158.1639035865 -11454.4545538712 1615.27277108299 1164.19821064236 1331.61291319597 2350.00718941064 1677.97636027571 76595.7851925827 42.4686338702828
423450 708.172655629417 -12160.3448917634 -11452.172236134 366.639535205612 293.484243130077 -143.113121247873 949.54748373462 1217.17986803636 76765.708837963 42.5000154718214
423460 714.18092487225 -12163.694626938 -11449.5137020658 -1456.52094136247 -1693.84820348376 -1870.27446270146 -805.440157902201 780.388167250662 76977.0399619362 42.5389796866756
423470 723.643505561186 -12170.6663084353 -11447.0228028741 -1074.36848016085 -2017.76711167941 -1048.93554954697 -156.402779256177 639.261630428874 76889.7267343008 42.5228899503953
423480 730.630544702017 -12175.3827822769 -11444.7522375748 847.965672210018 -798.031904983638 1153.68593847708 2188.24298313661 540.737927708701 76618.8721137014 42.4729002995891
423490 729.549520929331 -12172.4069248486 -11442.8574039193 1549.90353656952 -331.830436532686 1814.72949844588 3166.81154779536 148.921355986864 76545.5927896721 42.4593554286904
423500 721.123084817171 -12162.67574247 -11441.5526576528 159.68603249052 -1354.52655971038 209.567511274889 1624.01714590706 -282.440207532608 76769.3158916942 42.5006811224993
423510 711.083697744831 -12151.3594305969 -11440.2757328521 -1144.15711153819 -2008.90465086148 -1239.16018495235 -184.406498800747 -469.807317910566 76995.934603973 42.5424599150662
423520 707.510259945832 -12146.6121907733 -11439.1019308274 -693.460551947796 -1234.46910383484 -504.833223213982 -341.079328794565 -414.833707174975 76980.6479670224 42.5396442937552
423530 711.129959537829 -12149.0114997553 -11437.8815402175 485.46379107212 75.2992511560704 1118.80385864366 262.288263416622 -377.991574936638 76833.7602396594 42.5125702590483
423540 715.315539824915 -12151.9422844567 -11436.6267446318 644.384685887624 342.157996248566 1499.18293239846 91.8131290158403 -275.493784836357 76789.6466015205 42.5044325898652
423550 717.200391878868 -12152.6521868791 -11435.4517950002 -127.093096983172 -198.960633613784 422.309134069187 -604.627791404922 -30.4077373980422 76872.5648053768 42.5197259858086
423560 718.680838096081 -12152.999576823 -11434.3187387269 -594.682160045056 -572.447376886364 -297.056861405141 -914.542241843655 202.071496493636 76926.4915722781 42.5296663132044
423570 720.866059099654 -12154.1453461116 -11433.279287012 -241.717963349431 -140.965956608909 27.071547063163 -611.259480502552 248.304835731358 76861.1554307407 42.517622298635
423580 722.62297388098 -12154.9122667639 -11432.2892928829 450.408896506992 362.008734702095 1053.5608258573 -64.3428710384206 196.285770026435 76753.6364265987 42.4977874606607
423590 723.885066213601 -12155.2645574162 -11431.3794912026 481.021103750173 58.2103839349016 1511.94523321946 -127.092305903859 -47.717418807961 76738.7429044478 42.495038480451
423600 728.154392305532 -12158.724329664 -11430.5699373584 -209.085844261134 -1013.90697405195 1178.6044802474 -791.955038978861 -198.820247659684 76818.7984298531 42.5098105941997
423610 736.800258366663 -12166.7025644753 -11429.9023061086 -600.147261687287 -1387.54296330917 912.459323323762 -1325.35814507644 -327.9912469412 76855.0231687672 42.516491531816
423620 739.823797507154 -12169.3656176825 -11429.5418201754 85.3220302424405 -248.292227787224 1490.69345261178 -986.435134097228 -431.480709066682 76776.1975915705 42.5019510230654
423630 728.978181156371 -12158.4295206818 -11429.4513395254 838.060569837305 682.223818264921 2096.05754754253 -264.099656295548 -348.949917406321 76719.2531859742 42.4914406174053
423640 716.986755099652 -12146.5087844844 -11429.5220293847 257.454588001011 104.452052183747 1138.83595519221 -470.924243372928 -218.996975082296 76826.9510297269 42.5113143633475
423650 717.062691283689 -12146.4874001546 -11429.4247088709 -898.643392576473 -1084.35863613669 -469.181691594584 -1142.38984999815 -145.876181337888 76983.3873664713 42.540148886788
423660 723.521010632984 -12152.7720552921 -11429.2510446592 -664.365696070783 -763.437013386874 -509.053443308497 -720.606631516972 -311.820928952827 76964.3169810866 42.5366359036238
423670 722.430864117517 -12151.4697397528 -11429.0388756353 737.505096892071 747.67286809427 518.671032276208 946.171390305734 -148.021042754285 76814.7766041256 42.5090687183518
423680 712.32302127873 -12141.1056710927 -11428.782649814 1200.30744908074 1363.46098182312 484.749570858097 1752.711794561 267.917996522154 76813.588409174 42.5088495360386
423690 705.187731662025 -12133.5681966721 -11428.3804650101 -255.084857856849 366.722900744229 -1491.4901824292 359.512708114428 360.79619485404 77050.4060783575 42.5524899002648
423700 706.606833537169 -12134.0552870515 -11427.4484535143 -1402.81638508999 -398.571530738693 -2894.85522740043 -915.022397130865 107.849164438204 77242.3292405341 42.5877916261619
423710 712.08556865136 -12138.3945845417 -11426.3090158903 -697.714566472445 476.179844428796 -2014.59552528039 -554.728018565729 -191.399908245399 77148.8015253353 42.5705957543778
423720 717.037691922166 -12141.8410099375 -11424.8033180153 897.230301661415 1968.89916234223 -55.0604939377693 777.852236579787 -331.744389165158 76910.2545664614 42.5266738329097
423730 723.07141017433 -12146.1554453451 -11423.0840351708 912.532243878071 1831.79560050812 353.55036423597 552.250766890125 -171.649519418187 76841.5632829413 42.5140093668726
423740 730.67169823168 -12152.0424009129 -11421.3707026812 -405.250683988258 319.920929970152 -456.885980517541 -1078.78700141738 244.535434910447 76956.2226410692 42.5351446581625
423750 732.512097573389 -12152.2233686795 -11419.7112711061 -879.28996288615 -546.405272307118 -405.632476967938 -1685.8321393834 626.828579071337 76998.5156105778 42.5429352697876
423760 728.741310952083 -12146.9941167335 -11418.2528057815 78.5612821313049 81.200072794711 687.702142636041 -533.218369036842 764.828390412605 76865.7862123557 42.5184761580762
423770 724.997176456358 -12141.8171040492 -11416.8199275929 1114.30393034148 1240.19906461379 1364.82955449248 737.883171918165 432.841995377519 76749.278853769 42.4969831960148
423780 724.219454126021 -12139.726889041 -11415.507434915 417.857694356825 862.28482038279 343.903150714441 47.3851119732359 -64.0809043216918 76852.3705905043 42.5160023873892
423790 728.478922727331 -12142.5907521787 -11414.1118294514 -1131.93268163491 -688.456170229493 -1203.01389605364 -1504.32797862157 -259.381077030775 77039.5228929909 42.5504863268254
423800 736.02307373696 -12148.8928217488 -11412.8697480118 -1038.76553676204 -827.142819458644 -1151.87424859524 -1137.27954223221 -71.767703710577 77003.8354294013 42.5439150094363
423810 739.550363963304 -12151.3917184957 -11411.8413545324 846.657142956958 1037.30566502923 747.856530743923 754.809233097707 362.086361273782 76761.1266669625 42.4991698415861
423820 735.643351696644 -12146.679751487 -11411.0363997904 1851.47345900471 2191.46705827518 1821.15026487835 1541.8030538606 473.327187020111 76689.691274138 42.4859822326963
423830 728.972376944381 -12139.6639043272 -11410.6915273828 -13.232457425706 491.33305799124 -32.1208880877853 -498.909542180565 308.413478395829 76985.2774483278 42.5404970298888
423840 725.470006330763 -12135.5558212183 -11410.0858148875 -2013.60888815454 -1312.4450693034 -2119.08543692121 -2609.29615823903 263.078109077331 77284.7874625647 42.5955933532003
423850 725.358309582745 -12135.1539615188 -11409.795651936 -1185.26789357237 -587.100643396435 -1381.5468460138 -1587.15619130686 339.880072088574 77179.3119852014 42.5762068904519
423860 727.861436487926 -12137.2614660959 -11409.400029608 1335.62459947809 1684.25039620646 1227.08308347403 1095.5403187538 399.057306624235 76834.0298393235 42.512619982682
423870 730.785999776306 -12139.7817589096 -11408.9957591333 1767.62841663415 1877.97043181484 2026.36015219641 1398.55466589121 363.136629728695 76751.3240275576 42.4973606716317
423880 731.523587912001 -12140.4310313815 -11408.9074434695 -330.595116096501 -505.673216452385 173.514767562082 -659.626899399206 379.990327327062 77021.9744991259 42.5472553038937
423890 729.897281499109 -12138.59661179 -11408.6993302908 -1756.90297246825 -2116.63519809718 -1145.28645374502 -2008.78726556253 552.891454056438 77230.3521472109 42.5855903101821
423900 729.236036411487 -12138.0883482427 -11408.8523118312 -423.217796879305 -736.636648482328 209.487446723804 -742.504188879383 712.892331950793 77089.2437501754 42.5596383031768
423910 730.301553289255 -12139.2703074027 -11408.9687541135 1734.65355704096 1515.72946411825 2368.97765230004 1319.25355470459 642.078851576259 76869.5099437639 42.5191627436876
423920 729.108908165866 -12138.574471519 -11409.4655633531 1092.48048090967 888.643828428285 1780.50388219423 608.293732106489 435.720923304956 76989.8000667826 42.5413300492051
423930 725.696543138708 -12135.7217779029 -11410.0252347642 -1357.54469626508 -1537.29667187539 -741.518672684953 -1793.81874423488 304.473118304153 77323.1299639452 42.602636358833
423940 722.814516019748 -12133.558342668 -11410.7438266483 -1758.66923412901 -1812.93521844971 -1406.6906641401 -2056.38181979722 351.845515327887 77382.7451882059 42.6135822568733
423950 722.88835724183 -12134.7203161415 -11411.8319588997 387.031283477525 490.741609631878 551.496183594274 118.856057206425 367.605872959137 77089.5567776857 42.5596959087905
423960 722.100476237026 -12134.9598225688 -11412.8593463318 1938.43155181387 2006.00327564891 2157.42639037335 1651.86498941937 350.389999903725 76879.9680956386 42.5210909104273
423970 716.361733614424 -12130.7425388138 -11414.3808051993 581.234613407529 379.058771500372 1218.23591647669 146.40915224553 186.048130630281 77056.3640541311 42.5535866722024
423980 712.675937804492 -12128.4455538766 -11415.7696160721 -1667.30682772879 -2124.16912987109 -623.838878364587 -2253.91247495068 -101.951955277532 77341.7224690953 42.6060507156075
423990 719.043664994273 -12136.3993802128 -11417.3557152185 -1507.1057319054 -2189.85881116367 -282.402809820493 -2049.05557473204 -425.051356572054 77285.893128529 42.5957964818916
424000 726.634072781373 -12145.717726581 -11419.0836537997 802.087820674027 -52.4246449710908 1995.72769197196 462.960415021205 -723.712030531077 76936.9830109296 42.5315996614909
