# Fix print output for fix setl_out
570000 985.838984723961 -11755.26835287 -10769.4293681461 -821.292622035676 815.133565179761 -1872.62702986752 -1406.38440141929 -1071.67122469074 81034.8502301006 43.2736914947286
570010 985.261163483777 -11754.7450797344 -10769.4839162507 -541.7634840287 1554.4201711578 -1917.0353062017 -1262.67531704221 -1126.29141913823 80964.4438243619 43.261155209917
570020 991.624120819377 -11761.2363411653 -10769.612220346 247.147604084748 2114.47467100288 -1168.27467472313 -204.757184025488 -1298.02491754338 80800.6210605171 43.2319574242657
570030 994.561755513319 -11764.4213726298 -10769.8596171164 1105.58150638526 2268.11428118055 -191.430459647727 1240.06069762295 -1561.23371499615 80684.0174441601 43.2111513572128
570040 990.711197544392 -11761.1559670374 -10770.4447694931 856.671697961499 1201.12059910254 341.94327218902 1026.95122259295 -1686.69244171647 80755.246509034 43.2238634353868
570050 987.301840293524 -11758.5343670938 -10771.2325268003 -242.37844104574 -344.987415276006 -19.6293431699474 -362.518564691258 -1543.69423852623 80978.4648741845 43.2636523217073
570060 983.833655078636 -11755.8773657192 -10772.0437106405 -1248.59375654452 -1298.33989199291 -862.854121741209 -1584.58725589942 -1270.58833848575 81165.5231812204 43.2969393696726
570070 973.332146395637 -11746.345449678 -10773.0133032824 -1102.41543037881 -971.806837310362 -985.405077745776 -1350.03437608029 -1061.84533132084 81139.9946402734 43.2923995784386
570080 966.257216051194 -11740.1607555169 -10773.9035394657 342.991275205134 466.687104256892 80.623368280364 481.663353078143 -1010.65687635164 80923.295492 43.2538251361084
570090 972.793180708489 -11747.2303653169 -10774.4371846084 1461.52995619475 1280.01659713566 1142.12815717082 1962.44511427778 -953.30381376568 80755.5672546509 43.2239206611688
570100 983.172805687425 -11758.1676905739 -10774.9948848865 813.545806031242 543.344186165025 688.253554554751 1209.03967737397 -967.344498946483 80828.5363528738 43.2369354956434
570110 988.00699080809 -11763.5727513934 -10775.5657605853 -869.671708643156 -1331.47510146076 -494.491365510121 -783.048658958584 -939.489736750578 81050.5514191829 43.2764861957421
570120 991.2478864696 -11767.5262919653 -10776.2784054957 -1742.1996944475 -2577.38595265741 -950.106352869422 -1699.10677781566 -885.657896246342 81137.8928316152 43.2920257671989
570130 998.048383666652 -11775.6176216277 -10777.5692379611 -747.640651676645 -1823.39461341117 210.731988086716 -630.259329705463 -795.250424080817 80921.559308736 43.2535158015964
570140 1004.05575586471 -11783.2420628248 -10779.1863069601 1208.61021882563 -197.188573175888 2069.04051151548 1753.97871813731 -781.570592666577 80544.8785009102 43.1862979701879
570150 1004.84651841296 -11786.2619184242 -10781.4154000112 2265.3021427363 647.677970638442 3009.90405663524 3138.32440093522 -843.322800199605 80342.7951553312 43.1501502528361
570160 999.081089612263 -11784.0060197463 -10784.924930134 909.958518151114 -505.343583586265 1677.79321226047 1557.42592577915 -809.355794600437 80520.233411707 43.1818928122248
570170 993.689840622447 -11782.6884369807 -10788.9985963582 -1668.43709147499 -2496.01266362906 -891.830745295413 -1617.46786550051 -1061.39229542486 80894.0436793566 43.2486127710547
570180 988.224758473961 -11781.820248176 -10793.5954897021 -2753.56929806799 -2940.25018257785 -1896.03219874466 -3424.42551288147 -998.782907391223 81025.1442376627 43.271963715913
570190 980.036503582907 -11779.0152908209 -10798.978787238 -843.93326760065 -550.769834296679 23.7884186875143 -2004.81838719277 -706.661613636449 80669.6888811824 43.2085932695918
570200 982.082318161245 -11785.5318799431 -10803.4495617819 2503.3357696344 3148.34988190412 3001.98003900451 1359.67738799457 -630.250012003897 80101.876741632 43.1069766075525
570210 992.515781340205 -11799.9682098783 -10807.4524285381 3360.38794876131 4303.42267414361 3603.74159880467 2173.99957333565 -839.247947753678 79899.0687385327 43.0705653570532
570220 990.723154102378 -11802.5682678835 -10811.8451137811 508.613581095712 1203.55171718457 969.267042769846 -646.978016667282 -1351.28068620295 80263.0539527362 43.1358698440996
570230 977.955420923958 -11792.8541978623 -10814.8987769383 -2664.09253414252 -2596.89893708948 -1695.22897119854 -3700.14969413956 -1750.18973985114 80772.546478641 43.2269497906175
570240 967.687347885529 -11785.0891815251 -10817.4018336396 -2824.50394896025 -3073.2662916527 -1652.03125013227 -3748.21430509579 -1912.85100558577 80865.4866847975 43.2435230029939
570250 968.581640588964 -11788.2793615631 -10819.6977209741 -57.5075935681155 -274.095570396642 891.984730618388 -790.411940926095 -1902.81461546943 80464.2720656944 43.171886727281
570260 973.399767137509 -11794.0911606324 -10820.6913934949 2761.75874853093 2842.99470508635 3440.75040727582 2001.5311332306 -1813.7669132596 80024.5269573124 43.0930968280043
570270 975.931079013424 -11797.6503498064 -10821.719270793 2626.54671227005 2938.78956498505 3060.16311489805 1880.68745692705 -1751.97453028411 80034.7585191305 43.0949333103568
570280 969.828673371905 -11792.614625341 -10822.7859519691 -288.336201121188 -127.98498334173 -9.37263108367673 -727.650988938169 -2005.58560755252 80492.8729356318 43.1770012425705
570290 961.123280990909 -11783.9389858698 -10822.8157048789 -2530.7300314844 -2765.05639612848 -2379.65312343169 -2447.48057489303 -2063.49783306198 80920.1514042963 43.2532649530354
570300 957.801736953522 -11780.5965248759 -10822.7947879224 -1782.0754622368 -2126.28516358035 -1879.39156006845 -1340.54966306162 -1674.65529962621 80923.7068933273 43.2538984345359
570310 958.137934043348 -11780.5837953443 -10822.4458613009 665.687025367829 758.487770720539 348.69473364701 889.87857173595 -1470.96056463238 80622.7845731229 43.2002172937749
570320 954.47088538185 -11775.8515282474 -10821.3806428656 1858.87949754667 2625.48017864872 1458.43332023928 1492.72499375202 -1274.41115495066 80428.3836018687 43.1654673021894
570330 957.37496439346 -11777.4576565625 -10820.0826921691 727.040429058369 1831.14428819082 479.15710278394 -129.180103799638 -1033.38147006446 80541.9117305697 43.1857677258345
570340 970.483268190828 -11788.7283582615 -10818.2450900707 -1361.93829340947 -600.342199024083 -1249.3556884274 -2236.11699277691 -938.313704390719 80772.1975029239 43.226887536885
570350 975.973625032344 -11792.194112625 -10816.2204875927 -1858.76797281618 -1587.78064186393 -1506.83567841728 -2481.68759816731 -650.385700626929 80772.8933885399 43.2270116756514
570360 974.947203703646 -11789.2394500863 -10814.2922463826 -105.394656892007 107.512321412468 21.7248350927436 -445.421127181239 -70.1743534421392 80467.8846575911 43.172532811438
570370 976.823355588663 -11788.7575095397 -10811.934153951 1856.82783192895 2416.96349234406 1476.82105027038 1676.69895317242 457.881719616916 80156.9565712871 43.1168547819474
570380 983.561246690377 -11793.2780728862 -10809.7168261958 1865.92091235973 2710.71121956443 1053.42863054662 1833.62288696813 753.34384217939 80162.9093778817 43.11792210434
570390 988.301334328602 -11796.0522485027 -10807.7509141741 -58.0772577339817 748.680688199902 -827.496819992362 -95.4156414094676 692.465472340404 80472.8957870849 43.1734289812273
570400 985.155788068979 -11790.7819533096 -10805.6261652406 -1637.14894284861 -1298.430715939 -1769.60349534767 -1843.41261725914 219.197363307282 80760.2165751869 43.2247501519902
570410 979.913269593473 -11783.7007541623 -10803.7874845689 -1429.64400503183 -1637.62491419844 -938.836385927117 -1712.47071496992 -480.069762103868 80760.4497200644 43.2247917468076
570420 976.791273791423 -11778.8574957382 -10802.0662219468 229.605047157368 -685.704428319941 1030.68720671992 343.832363072122 -1450.2521809649 80530.0935929427 43.1836553667719
570430 977.617459288466 -11777.74912872 -10800.1316694316 1415.83952050312 -325.585735436384 2444.19202550491 2128.91227144082 -2130.02017729198 80355.0237328824 43.1523393650806
570440 983.043781616155 -11781.3559925137 -10798.3122108976 879.057637671067 -1357.61255941142 2030.05373245924 1964.73173996538 -2097.60687604626 80419.7115118387 43.1639158255558
570450 986.994999401019 -11783.518406992 -10796.523407591 -640.838898455569 -2621.6524346084 238.227438150294 460.908301091387 -1588.32452410191 80617.6306185921 43.199296723982
570460 988.890804684203 -11783.7046711819 -10794.8138664977 -1208.86623299748 -2430.31220618373 -1004.00294342197 -192.283549386749 -1124.06923510384 80698.0657835864 43.2136591223272
570470 990.465852523066 -11783.8572184767 -10793.3913659536 -296.658711828079 -985.630338127229 -754.364329537353 850.018532180353 -1086.55146065599 80580.7715542721 43.1927120254291
570480 989.464414799567 -11781.5369257164 -10792.0725109168 966.125079214243 289.34792408393 444.084942142722 2164.94237141608 -1459.74505093688 80430.4049633676 43.1658289169943
570490 994.1816979919 -11785.1669906408 -10790.9852926489 826.131579884516 -72.061144075267 719.081745091457 1831.37413863736 -1794.01706604623 80443.9543799299 43.1682527058497
570500 1002.68437518241 -11792.863835454 -10790.1794602716 -357.46172912177 -1388.6443351105 162.231168275979 154.027979469214 -1878.35934327599 80585.5937417864 43.1935736007074
570510 1001.71367206407 -11791.4304694868 -10789.7167974227 -574.425819467206 -1405.45570386809 385.931592161071 -703.753346694598 -1726.93790585357 80667.3982277673 43.2081842896724
570520 993.660948269949 -11783.3318517377 -10789.6709034677 200.810333411268 -320.274915854692 1400.02034934137 -477.31443325287 -1567.03214295008 80656.3663792417 43.2062145229287
570530 984.988369578062 -11774.8556872005 -10789.8673176224 585.716283571133 449.235187603905 1531.37067593651 -223.457012827023 -1557.12756710922 80676.2211638184 43.2097595198043
570540 980.121650435103 -11770.2708028113 -10790.1491523762 81.6551533722505 394.68553769549 218.309372287142 -368.02944986589 -1867.62219129679 80786.9904462022 43.2295262908203
570550 981.272452922726 -11771.6473354325 -10790.3748825098 -621.210351464412 -153.968631564578 -1376.12592072547 -333.536502103183 -2094.90086536536 80902.5185805827 43.2501230385011
570560 979.344361633496 -11769.9418804227 -10790.5975187892 -625.728489978817 -110.111150498119 -1778.30344465454 11.229125216185 -2191.96559980788 80910.8671412183 43.251610688336
570570 971.21766127288 -11761.9931721047 -10790.7755108319 70.7836590614638 449.301293645289 -835.61300914669 598.662692685782 -1990.84777536632 80816.0829265303 43.2347148457283
570580 965.141349484892 -11755.8564098943 -10790.7150604094 795.944113390375 643.631004267022 335.753863155818 1408.44747274827 -1398.4067076924 80739.6453175149 43.2210797681487
570590 965.462458183948 -11755.8335647583 -10790.3711065744 690.57885208021 -141.644522614964 437.097800587944 1776.28327826766 -769.160540124547 80799.9080267717 43.2318302555435
570600 967.075222034746 -11756.6847812879 -10789.6095592532 -491.920619809319 -1782.73728346693 -589.448024789666 896.423448828648 -212.601466489001 80966.1890640729 43.2614660481894
570610 969.245364374431 -11757.6007667776 -10788.3554024031 -1283.52072321612 -2436.3208886501 -1352.15652404516 -62.0847569531135 225.218707834111 81043.5474171187 43.2752395773259
570620 978.005142239111 -11764.7776215478 -10786.7724793087 -827.100730091231 -1379.96810452543 -959.175589629625 -142.158496118642 576.292794483608 80901.1375322222 43.2498769363506
570630 990.077266017264 -11774.7985024125 -10784.7212363953 455.592753961505 287.237418845877 332.82177086645 746.719072172183 866.774669756061 80623.0898491597 43.2002718191987
570640 993.4083399206 -11775.6651663485 -10782.2568264279 1477.90711741063 1519.25385058443 1375.16801348251 1539.29948816494 1361.49288832755 80434.6593667359 43.1665899957187
570650 987.019184368216 -11766.759899286 -10779.7407149178 1199.21802078852 1135.34277351879 1191.00537143672 1271.30591741003 1995.63937963333 80501.2623180569 43.1785012337228
570660 987.603155831653 -11764.5603284791 -10776.9571726475 -129.378173351096 -690.154086710996 -59.9743088783047 361.99387553602 2189.44886974043 80767.854991352 43.2261128618143
570670 993.268100955509 -11766.9050446926 -10773.6369437371 -1259.60312807907 -2045.55146973542 -1028.51508686859 -704.742827633198 1644.18608484172 81004.7333151835 43.2683298856198
570680 993.084291380594 -11763.2640960677 -10770.1798046871 -1194.95657746249 -1876.86758426501 -884.190172533405 -823.811975589059 1185.07162008035 81019.627407039 43.2709815948068
570690 991.144903388373 -11757.8187274174 -10766.673824029 114.946528982978 3.40524846051858 269.218331638505 72.216006849905 809.737960140463 80835.3996279872 43.2381592325317
570700 997.33207490046 -11760.3332949042 -10763.0012200038 1304.20001914137 1809.63983938749 1476.53697014877 626.423247887843 304.789584869669 80679.0501126672 43.2102645706067
570710 1002.39915172057 -11761.9859828469 -10759.5868311263 986.253506565012 2113.91536396488 1068.56798104423 -223.722825314048 -219.398851363252 80742.373185003 43.2215665180803
570720 998.273133227027 -11754.7899886208 -10756.5168553938 -304.391262815135 1234.79250112443 -271.153621817643 -1876.81266775218 -667.583023192398 80968.0495730124 43.2617974117242
570730 992.129576161886 -11745.805686686 -10753.6761105241 -1331.36445186362 176.671495673008 -1232.41071254092 -2938.35413872297 -847.622337570713 81132.0791377562 43.290991755481
570740 993.836365935898 -11745.0844453378 -10751.2480794019 -998.348114431725 -118.312895184724 -875.300452319392 -2001.43099579104 -931.907625571846 81066.1643548604 43.2792648304037
570750 1003.23648220737 -11752.3677632223 -10749.131281015 402.186796578292 328.029857007246 681.406427216968 197.124105510676 -1079.2211458105 80838.013244023 43.2386252277472
570760 1007.34341777118 -11754.6961359902 -10747.352718219 1471.59207062293 317.175760456907 1843.7097611769 2253.89069023498 -998.451408199568 80692.3497831261 43.2126387958162
570770 1003.78193110511 -11750.0588343838 -10746.2769032787 920.901787115848 -702.227808723189 1045.53471756841 2419.3984525023 -613.154802856276 80795.833090938 43.2311034812185
570780 1004.38011581224 -11750.0078395514 -10745.6277237392 -730.468331975806 -2058.76378150111 -910.728095453839 778.086881027535 232.329718041413 81041.9377785656 43.2749530731052
570790 1012.23407862715 -11757.6086359096 -10745.3745572824 -1640.82820931908 -2419.0245677168 -1950.81070633309 -552.649353907333 1193.77107156527 81152.0565205538 43.2945446852584
570800 1017.57982885142 -11763.5265059555 -10745.946677104 -898.763285730991 -1047.48885672025 -1411.77920033896 -237.021800133769 1810.2424078821 80983.0399604837 43.264467070072
570810 1013.62768698945 -11760.7192875643 -10747.0916005749 833.308566373729 977.335215035778 81.3914053795327 1441.19907870587 1761.81979964246 80682.1514496258 43.2108182371542
570820 1005.89852921582 -11754.6492929356 -10748.7507637198 1867.26333584579 1714.31401788581 1162.28619069493 2725.18979895662 1115.07715515242 80546.5832330704 43.186602647336
570830 1001.28139859332 -11752.4534650848 -10751.1720664915 1080.72864891466 627.304473423757 860.32845544488 1754.55301787535 543.132858718155 80725.2871817869 43.2185175782154
570840 999.679397173492 -11753.5136015347 -10753.8342043612 -749.048056716518 -917.586192715638 -1005.11886723348 -324.439110200414 246.125933768305 81061.736838278 43.2784769013795
570850 999.280443857476 -11755.8993869116 -10756.6189430541 -1799.58596065223 -1606.44295417005 -2328.49899881749 -1463.81592896916 -3.58399415375458 81237.7044529371 43.3097703601738
570860 998.117020277526 -11757.9988285973 -10759.8818083198 -972.146015397513 -860.211916024027 -1653.92040636782 -402.305723800693 -319.943287657215 81104.353668533 43.2860598805216
570870 996.167609166702 -11759.3396950157 -10763.172085849 621.209515695142 287.188277592166 169.962891280775 1406.47737821248 -347.290652432793 80830.5646559924 43.2372971537142
570880 990.267737517872 -11756.5550815961 -10766.2873440782 1613.31615691956 526.729925279997 1716.23518768803 2596.98335779063 -135.215590776869 80695.5585229162 43.2132115732688
570890 980.953733249351 -11750.2596206068 -10769.3058873575 935.523873316076 -719.980175782113 1552.63970663372 1973.91208909662 -81.251310983915 80833.9373541574 43.2378985117327
570900 981.44006060805 -11753.2089084215 -10771.7688478135 -672.672278823923 -2368.06670042915 323.799343783675 26.250520173697 -61.4081360535197 81101.8243679195 43.2856099063382
570910 987.891336084274 -11761.5818550471 -10773.6905189628 -1657.16209612252 -3269.77239670057 -326.87152802452 -1374.84236364248 33.5745861776631 81223.6658063699 43.3072754366249
570920 988.658158961205 -11764.185630604 -10775.5274716428 -1127.66428740822 -2553.26191846232 48.386060128235 -878.117003890553 247.520831605413 81061.2064124423 43.2783825038941
570930 989.401939988158 -11766.4638681518 -10777.0619281637 376.655978354543 -769.265565193394 953.542338019285 945.691162237736 272.537820932476 80739.1617121848 43.220993474374
570940 995.258096063903 -11773.5117452368 -10778.2536491729 1343.01325413 485.567286731393 1347.36177357461 2196.11070208403 271.564915273443 80520.5488754093 43.1819492050983
570950 997.741198414205 -11777.3123285749 -10779.5711301607 883.348476448996 550.533847018308 535.542805363564 1563.96877696511 350.951945778012 80542.2026879353 43.1858197285819
570960 989.236558855003 -11770.1641714959 -10780.9276126409 -146.796017498888 308.659703898335 -979.579115711031 230.531359316031 275.518161503005 80705.7239560362 43.2150260579636
570970 982.19374682176 -11764.3325684767 -10782.138821655 -545.360878325347 640.954676156504 -1789.30138321903 -487.735927913519 169.621624556524 80835.5141795522 43.2381796567373
570980 983.947897257967 -11767.1716838642 -10783.2237866062 -586.155909125731 784.672051914072 -1898.94935629929 -644.190422991977 279.479156774508 80860.4144618286 43.242618845626
570990 989.932546887978 -11774.1988625438 -10784.2663156558 -479.332017182468 530.884739226112 -1641.95229269775 -326.92849807577 313.753210346492 80779.8032649277 43.2282442871449
571000 994.794355959164 -11780.1506701009 -10785.3563141417 137.261562972737 400.588131656099 -925.711139572247 936.907696834385 130.188645659316 80628.5163248444 43.201241020312
571010 995.317259710823 -11781.8730392414 -10786.5557795306 819.00604711439 449.703809147935 -486.266631651598 2493.58096384684 -225.603163342489 80514.9942771364 43.180956233327
571020 992.286764194936 -11780.2579361737 -10787.9711719788 750.820860155275 252.434676834858 -1046.99879912255 3047.02670275352 -112.374194673235 80544.3486048511 43.186203263983
571030 992.12200784537 -11781.6698812634 -10789.547873418 -42.9710959087964 -275.531125744169 -1836.21457741187 1982.83241542964 403.338048317679 80696.9154601994 43.2134537893639
571040 990.693821917599 -11781.8751833781 -10791.1813614605 -832.197208703581 -516.655340460887 -2234.37776804306 254.441482393206 798.482786881918 80834.8347493256 43.238058516053
571050 983.640470521896 -11776.5768515278 -10792.9363810059 -669.375198414284 400.431025406158 -1906.95722941472 -501.599391234302 516.349866549944 80830.6558808686 43.2373134194902
571060 975.513897842021 -11770.1735223861 -10794.6596245441 178.758522416773 1654.88713969849 -956.462302835577 -162.149269612592 90.7321003978803 80714.5711736464 43.2166051230362
571070 974.283519942566 -11770.4600507081 -10796.1765307655 662.562500542699 2131.02102167695 -150.116144830297 6.78262478144392 -104.7279986651 80627.8632207781 43.2011243743095
571080 976.525598921082 -11774.0716273608 -10797.5460284397 444.031587291252 1766.36172035317 -120.847578794927 -313.419379684497 -224.006732182621 80654.7429445958 43.2059246390698
571090 976.023450930049 -11774.7885487392 -10798.7650978091 -255.303227441275 927.999313743217 -837.041795068141 -856.867200998896 -312.406220683199 80757.7312883006 43.2243067529535
571100 976.186373407895 -11776.0199765485 -10799.8336031406 -820.834970862973 256.61193401987 -2053.79840967705 -665.318436931734 -51.8692122087266 80816.045558237 43.2347081820062
571110 974.010074545001 -11774.8301863169 -10800.8201117719 -511.026114500179 567.745951102945 -2389.16871289501 288.344418291513 427.842073191139 80735.3505803543 43.2203134099446
571120 973.328248112981 -11774.9509280389 -10801.6226799259 243.53072168297 1044.09793903373 -1763.66813720174 1450.16236321693 736.48896414028 80562.1217887207 43.1893795674493
571130 980.311228512081 -11782.535568643 -10802.2243401309 896.776976616924 1576.46997736521 -846.49968582782 1960.36063831338 734.455741941305 80428.5574029941 43.1654983948669
571140 987.841508100368 -11790.705882178 -10802.8643740777 827.627467401918 1857.10297575529 -642.594608083298 1268.37403453377 336.909181931804 80447.8307804043 43.1689460860992
571150 990.053193998058 -11793.701205694 -10803.6480116959 -174.842380565836 1247.38975732061 -1473.54141119154 -298.375487826566 -37.6791197618856 80611.7527963536 43.1982468132023
571160 988.762707555794 -11793.2875554166 -10804.5248478608 -1288.09960762034 -38.5229398407712 -2130.71196653367 -1695.0639164866 -60.33744014505 80753.0850437644 43.2234777939281
571170 982.703310799534 -11788.3739976843 -10805.6706868848 -1032.08423668452 -471.332354580992 -1259.63965012018 -1365.28070535239 -70.684106900535 80681.0506496012 43.2106217183239
571180 977.77288581086 -11784.6319488043 -10806.8590629934 716.351984671236 765.250796097019 854.153208001744 529.651949914951 -473.452273098805 80421.0437136652 43.1641541698162
571190 974.899873182713 -11782.7560789769 -10807.8562057942 2028.815560721 1845.11276701089 2201.4891569575 2039.8447581946 -911.106686276919 80254.0502473979 43.1342568263786
571200 970.752625644974 -11779.8258285634 -10809.0732029184 1001.95905459345 929.106089275385 1021.33127963377 1055.43979487122 -1051.63095931333 80424.8745130288 43.1648395235547
571210 966.711130335707 -11776.6039489004 -10809.8928185647 -1540.24984017047 -1044.7952864559 -1761.28716357569 -1814.66707047984 -878.384363856156 80823.0945666917 43.2359651640865
571220 965.252178622342 -11775.5135677269 -10810.2613891046 -2668.13812463563 -1707.00954846892 -3081.69193878794 -3215.71288665002 -658.446255227487 81036.402454953 43.2739677958933
571230 967.036948928495 -11777.9545329253 -10810.9175839968 -1100.157222223 217.535251146121 -1902.4166407441 -1615.59027707101 -456.608230609843 80787.8643287743 43.2296821632498
571240 974.049741014241 -11784.8823831125 -10810.8326420982 2323.73336471188 3948.1682065066 1019.04753196507 2003.98435566401 -342.89111843544 80259.9232127353 43.1353089843496
571250 979.431598433503 -11789.7883585506 -10810.3567601171 3856.06663413155 5673.8787404258 2171.84278129333 3722.47838067554 -221.651484227708 80037.6322396941 43.0954490917337
571260 972.670992224178 -11783.5439525638 -10810.8729603397 1034.5314343678 2938.95318822134 -665.708257386784 830.349372268848 48.1530595907333 80472.758487367 43.1734044276062
571270 958.13840377467 -11768.1510802333 -10810.0126764586 -3168.53305977215 -1292.13647978859 -4883.34587450071 -3330.11682502716 183.014496458589 81171.0968975093 43.2979304281211
571280 947.435745023877 -11756.0584534122 -10808.6227083883 -3973.90044384094 -2223.96525844149 -5874.33281837292 -3823.4032547084 222.506621222853 81370.7149939692 43.3333945090338
571290 948.113185432745 -11755.6319109487 -10807.518725516 -641.533217651304 940.921001664261 -2952.70058990723 87.1799352890476 379.418966980732 80883.5087667753 43.2467352527845
571300 963.32455026857 -11767.5791933854 -10804.2546431168 3086.9187409739 4302.86979252194 857.307025381756 4100.57940501802 362.224955306776 80286.6760735718 43.1401011839791
571310 985.992475225648 -11786.446509631 -10800.4540344054 3213.54845712702 3611.74236907316 1517.22027534051 4511.68272696738 330.922797610036 80218.823937189 43.1279448580067
571320 999.73220938863 -11796.6024632102 -10796.8702538216 155.761709494047 -353.397349967498 -1193.96117527537 2014.64365372502 438.798771514743 80678.9902448416 43.2102538825564
571330 993.935450011674 -11786.4512789431 -10792.5158289315 -2612.61864075795 -3303.35794580617 -3870.09846215862 -664.399514309037 850.119738724932 81132.5764402966 43.2910802066272
571340 983.382817952874 -11772.1158340958 -10788.7330161429 -2599.34497681219 -2898.97750238492 -3977.78026157662 -921.277166475024 891.941644310308 81115.3287504963 43.2880122895945
571350 987.226997844856 -11772.6529416859 -10785.425943841 -38.29930484275 -185.24584016991 -1504.46388537223 1574.81181101391 142.657396054579 80680.7685093156 43.2105713493245
571360 998.320834361002 -11780.0719664255 -10781.7511320645 2170.73137675569 2115.08396501984 642.160556655078 3754.94960859217 -540.316347119483 80291.8837243865 43.1410338988324
571370 1003.52321512029 -11782.3677625165 -10778.8445473963 1945.19571843075 2067.76682372223 548.260324383564 3219.56000718646 -928.510862446389 80293.8199453332 43.1413806748625
571380 1004.77128842504 -11781.5280615765 -10776.7567731515 -155.649705795389 233.477635110091 -1163.3312600931 462.904507596838 -917.251925077408 80603.7091576167 43.1968099563455
571390 1007.12616710802 -11782.1119173081 -10774.9857502 -1780.12240961709 -1530.46326870447 -2137.36142408513 -1672.54253606166 -473.131807772121 80856.1722162241 43.2418626081884
571400 1010.49682398754 -11784.5465385521 -10774.0497145646 -1082.83778080601 -1283.11529598302 -982.502771005469 -982.895275429546 -20.253583090657 80803.434807345 43.2324592453717
571410 1005.66498257585 -11779.3692333743 -10773.7042507985 792.786256311309 63.480875406794 1017.99862666719 1296.87926685997 288.671307877604 80582.474109772 43.1930162231928
571420 995.253596367401 -11769.0080723328 -10773.7544759654 1624.74166715484 263.552544540738 2034.91583103724 2575.75662588653 301.48867804017 80505.5986723426 43.1792765172882
571430 994.299660157874 -11768.5978244748 -10774.298164317 770.330624888862 -1186.39451083192 1472.43121556635 2024.95516993218 160.565824685138 80700.0399174438 43.2140115010825
571440 993.864536368748 -11768.7778095525 -10774.9132731838 -745.660260113378 -2984.40161793557 187.159362704191 560.261474891259 1.0094232494385 81013.6389765581 43.2699154677544
571450 986.217622230165 -11761.7905514108 -10775.5729291807 -1506.27285393963 -3570.57492445981 -541.663203941143 -406.58043341791 -198.935818278005 81185.8774521056 43.3005583281529
571460 981.581275410139 -11758.0511049303 -10776.4698295202 -877.057213207371 -2685.01845525204 125.510466567864 -71.6636509379447 -535.797343239186 81095.4500228886 43.2844758396115
571470 986.414948807609 -11763.7321272246 -10777.317178417 458.708618534645 -1268.0069151199 1589.73472915369 1054.39804157013 -820.697010184884 80858.2586977814 43.242234554944
571480 994.965460754335 -11773.0970600613 -10778.131599307 1284.07486210539 -129.844277353805 2655.13598382573 1326.93287984424 -695.285664887253 80705.9435078511 43.2150652453072
571490 996.739751879414 -11776.0323028555 -10779.2925509761 724.850690221335 -467.849907773503 2381.39045454154 261.01152389597 -273.026558622384 80772.6772281591 43.2269731149608
571500 990.577595096906 -11771.2448308048 -10780.6672357079 -598.590613644296 -1623.18056702288 1145.82564535472 -1318.41691926473 109.924085033669 80961.4224811049 43.2606170789413
571510 985.18735784514 -11767.3189058867 -10782.1315480416 -1264.85074395475 -2134.79953498157 293.011609541157 -1952.76430642383 330.091838736262 81048.5843169512 43.2761360851844
571520 983.650924276605 -11767.4213014849 -10783.7703772083 -574.853176685898 -1299.44672432507 401.766045887855 -826.878851620478 678.37391683382 80920.5188635588 43.2533304241141
571530 980.96074037046 -11766.2672880662 -10785.3065476957 944.608615604314 128.727102146188 1442.44979235317 1262.64895231357 1137.85561215488 80700.3337158557 43.2140639429919
571540 978.390677374539 -11765.1653095337 -10786.7746321591 1289.53537118266 573.087676047033 1455.49051676851 1840.02792073244 1400.68717453923 80635.7632626522 43.2025352990685
571550 979.904443507532 -11768.1788022479 -10788.2743587404 50.6424777354341 -544.372918512539 83.6305846280951 612.669767090753 1275.12035069212 80786.8923407442 43.2295087919047
571560 985.545953115138 -11775.1581751426 -10789.6122220275 -1296.85273253376 -1842.18471125172 -1099.86583827316 -948.507648076398 1041.6530326151 80948.8826193668 43.2583834630188
571570 988.613176746728 -11779.7362335371 -10791.1230567903 -1132.27034802566 -1381.44149646022 -646.053137907959 -1369.3164097088 834.238210850183 80894.8108866464 43.2487494953613
571580 983.959775644074 -11776.7092191752 -10792.7494435311 341.462300484117 333.141136518851 1145.59970921578 -454.353944282273 310.136911874765 80646.9635437705 43.2045354791329
571590 982.20879995053 -11776.4575535354 -10794.2487535848 1586.29887755171 1804.52699546748 2639.796429786 314.573207401658 3.65348474911526 80453.9477235664 43.170040191826
571600 983.936043254522 -11779.889523944 -10795.9534806895 1225.17658889553 1609.78716401575 2312.28419065996 -246.541587989139 -77.309730251877 80528.0955037818 43.1832982104034
571610 981.61050342471 -11779.3031195301 -10797.6926161054 -415.349686265933 -56.1087683212899 581.673788543553 -1771.61407902006 5.44296313312318 80815.2088141769 43.234558968609
571620 979.052524083058 -11778.2728957674 -10799.2203716843 -1727.78816304375 -1623.75040864114 -780.170487148973 -2779.44359334111 347.536567402338 81038.4637192929 43.2743347023192
571630 976.410184765206 -11777.3358097902 -10800.925625025 -1436.90003404807 -2043.19864643014 -282.764990781382 -1984.73646493267 687.445288773761 80965.8479614959 43.2614052960061
571640 971.802583865414 -11774.3705749549 -10802.5679910895 314.050169752351 -1264.84104680148 1798.33926063111 408.652295427444 913.164840966901 80642.9541615526 43.2038194928169
571650 970.496500574005 -11774.2441896485 -10803.7476890745 1844.03047651028 -594.446738699507 3517.96182628657 2608.57634194378 1224.34125079183 80370.0526854076 43.1550294853391
571660 975.079550232318 -11780.0689792004 -10804.989428968 1478.58937594786 -1156.03574749577 2891.68047553813 2700.12339980121 1272.20868090417 80405.9384002035 43.1614515235313
571670 974.67600998314 -11780.8786439129 -10806.2026339297 -337.88367510204 -2824.13023874624 729.01797620424 1081.46123723588 1018.1738902813 80695.3317454065 43.2131710927522
571680 965.259437310681 -11772.3322355202 -10807.0727982096 -1486.58855582669 -3794.38540147907 -743.34084963212 77.9605836311055 526.236167271879 80938.8537115182 43.256596935337
571690 958.084194083907 -11765.9262165207 -10807.8420224368 -1136.18036149541 -2984.57599106004 -916.815171450465 492.850078024281 145.162503351403 80929.707282949 43.2549674819083
571700 964.637318278101 -11772.9550661874 -10808.3177479093 160.719450709834 -880.251713637561 -220.824461332182 1583.23452709924 140.563304445249 80720.7519676558 43.2177082122402
571710 975.655113382585 -11784.0229375092 -10808.3678241266 1143.29715229389 866.324345129364 379.179478497113 2184.38763325522 519.013860189581 80531.740195668 43.1839496908638
571720 977.29663978643 -11785.6401185372 -10808.3434787508 851.956028765335 1108.31452239423 -80.2706186172905 1527.82418251906 797.555528538174 80531.7695278112 43.1839549338385
571730 971.809446619005 -11780.0246104837 -10808.2151638647 -215.732956411204 359.952415084425 -1275.87610281312 268.724818495089 956.225845483987 80681.5484035078 43.2107105793859
571740 968.434044150233 -11776.1715414156 -10807.7374972654 -756.951339936041 18.9278568960422 -1734.03702705809 -555.744849646055 1027.36499749238 80812.8459719004 43.2341376063397
571750 971.026224425646 -11777.8494191821 -10806.8231947565 -812.84867994037 182.604801973218 -1542.90976529016 -1078.24107650418 942.473043978294 80816.5288495808 43.2347943650508
571760 976.635951417134 -11782.0116403792 -10805.3756889621 -212.295669408838 1015.85482715031 -1058.49143551586 -594.250399860939 653.486799951529 80668.5418927304 43.2083884839072
571770 981.031101748702 -11784.2919527343 -10803.2608509856 1050.58595021195 2407.5185076423 -170.536084930938 914.775427924471 347.627603817711 80461.9713859697 43.1714752584035
571780 979.710804682138 -11780.3697393528 -10800.6589346707 1648.10345875982 2534.37530660893 257.215465897242 2152.71960377328 385.683436327061 80409.8520376543 43.1621517849628
571790 975.045467037498 -11772.8905198471 -10797.8450528096 500.194052020473 366.365334592203 -461.394265443766 1595.61108691298 622.421527129842 80662.1438456581 43.2072461277671
571800 969.814354597769 -11764.0795021364 -10794.2651475386 -1848.32427940619 -2858.85426845442 -2289.32325114732 -396.795318616829 570.043820234162 81082.9623458219 43.2822539710066
571810 967.723403648195 -11757.9358668578 -10790.2124632096 -2851.99353626934 -4351.22334734953 -3052.729964961 -1152.02729649749 101.504391900264 81263.6885915995 43.3143874573016
571820 976.310205250127 -11762.8783099157 -10786.5681046656 -1259.04753371407 -3151.93157977077 -1395.42079324679 770.209771875359 -436.940476882393 80933.3317573828 43.2556132035214
571830 996.82837137258 -11779.1620247898 -10782.3336534172 2115.77121616928 135.683044506491 2246.19183843948 3965.43876556187 -864.505101563235 80298.9357193585 43.142296880152
571840 1012.93121581085 -11791.0098618926 -10778.0786460817 3838.53055903787 2331.54380263252 4169.9981660773 5014.04970840382 -734.818379717554 79961.6685391729 43.0818108154648
571850 1012.94024634895 -11788.7150974311 -10775.7748510822 1739.40993640931 902.442601694051 1889.86442355956 2425.92278397432 -246.09581039077 80263.7766890301 43.1359993173902
571860 1005.69175057333 -11779.4251391708 -10773.7333885975 -1795.10694600615 -2019.91408213135 -2073.22068837763 -1292.18606750947 -74.475580296764 80896.0307877079 43.2489668926193
571870 996.053740141258 -11767.8255126017 -10771.7717724605 -3103.2339261255 -3124.91472586145 -3380.42343331906 -2804.36361919598 -303.994021491551 81234.570454269 43.3092134163711
571880 989.69146455976 -11760.6370528763 -10770.9455883165 -1226.83792819141 -1326.48191184248 -1267.49222693679 -1086.53964579498 -133.738295096944 81039.8309318489 43.2745780636332
571890 990.743830326687 -11760.7612081182 -10770.0173777916 1670.73827273897 1370.48127118442 1984.63309295136 1657.10045408113 531.925312459412 80641.7516642229 43.2036047489651
571900 992.759315669841 -11761.9535963482 -10769.1942806783 2431.430023408 1999.49470191484 3219.94114303653 2074.85422527261 1032.17932371109 80532.1555182963 43.1840239275999
571910 990.493037696247 -11759.4568889443 -10768.963851248 345.759520630324 -280.799079353916 1404.16973315131 -86.0920919064291 868.503472740654 80822.6149323738 43.2358796378155
571920 985.855286253495 -11754.3446611057 -10768.4893748522 -1831.7630396904 -2369.25761254979 -940.18530731014 -2185.84619921128 52.3365297608695 81161.6636136796 43.2962530761821
571930 981.990455976103 -11750.2231131271 -10768.232657151 -1899.46509502412 -1642.42015259324 -1796.86423336301 -2259.1108991161 -697.019737985372 81180.0109058993 43.2995153271899
571940 978.233939490388 -11746.3883895883 -10768.1544500979 65.0656931769822 1468.67779379102 -785.12794803176 -488.352766228318 -1115.60273584795 80884.4287603897 43.2468992193336
571950 974.544428405967 -11742.210815041 -10767.666386635 1888.77767703029 4226.36679460347 326.745275142871 1113.22096134453 -1324.21322546981 80618.5374666874 43.1994587028311
571960 972.493517772154 -11739.7355675871 -10767.242049815 1621.24579029832 4298.73867817383 -169.39352786746 734.392220588591 -1587.75780027344 80677.7796553331 43.210037757964
571970 976.72220816174 -11743.3968316572 -10766.6746234955 -374.893458813266 1937.22039265926 -1900.20958311135 -1161.69118598769 -1728.35243657851 80997.7490250209 43.2670863070285
571980 988.313227809865 -11754.0170101841 -10765.7037823743 -1759.86317172433 -57.0778865920626 -2822.37100772787 -2400.14062085307 -1549.45994345115 81237.1219448356 43.3096668435756
571990 994.262986102452 -11759.2799112709 -10765.0169251685 -1089.81992123161 -47.9391030741607 -1418.82264985891 -1802.69801076176 -1022.9436220514 81172.7688778954 43.2982277128943
572000 988.061349111212 -11752.5328339662 -10764.471484855 762.725727816194 1484.55090648397 1082.34380266044 -278.717525695829 -401.277701599061 80936.3900993016 43.2561580502732
572010 987.49488955221 -11751.4569553333 -10763.962065781 1735.68035967806 2568.00241450897 2303.97035226206 335.068312263149 80.3068841524563 80843.5482759764 43.2396120642636
572020 994.414825944448 -11758.203799066 -10763.7889731215 703.470405869827 1720.37009980889 981.113998447207 -591.072880646619 480.593906315795 81039.5738174499 43.2745322979532
572030 996.732658665231 -11760.3510988196 -10763.6184401543 -1330.50976908591 -3.09718345780061 -1452.30372575722 -2536.12839804271 985.843823159699 81330.1707244204 43.3261961260403
572040 995.335553070795 -11759.0859879527 -10763.7504348819 -1995.39465928639 -246.254816381579 -2435.60164864694 -3304.32751283063 1395.44279509756 81376.9491486817 43.3345011323313
572050 993.419388644851 -11757.8614168526 -10764.4420282077 -563.84532173267 1510.27593815733 -1288.0994156541 -1913.71248770123 1720.46198318524 81093.491236209 43.284127337785
572060 993.597479533659 -11758.6821718547 -10765.084692321 1453.38634277851 3355.17781277742 555.246922560002 449.734292998115 1658.80309790074 80751.5571108809 43.2232051810631
572070 993.734203342821 -11759.7762028669 -10766.0419995241 1648.36423782254 2939.29025890587 665.529482426035 1340.27297213571 1248.28313928571 80677.5398876194 43.2099949523643
572080 990.966262636072 -11758.4510507483 -10767.4847881122 71.8293735500763 817.857220785748 -773.220446091937 170.851345956407 560.938343149494 80871.6756775118 43.2446261807621
572090 989.382224040983 -11758.4325474216 -10769.0503233806 -1188.91507694511 -440.93749086569 -1614.54527427655 -1511.2624656931 -58.3635549344374 81055.99728447 43.277455437084
572100 985.604646755779 -11756.5717866913 -10770.9671399355 -904.25718053975 235.600498448229 -929.318612443121 -2019.05342762435 -341.421808353432 81029.5591590124 43.2727496400377
572110 971.812837231524 -11744.845071833 -10773.0322346015 451.262275933066 1537.89357677102 637.739113428345 -821.845862400191 -170.320770788246 80870.0389270916 43.244334438167
572120 961.613672528043 -11736.547664926 -10774.933992398 934.057651746807 1436.95424346838 1289.00306521154 76.2156465605011 -71.0902208797275 80801.7685832327 43.2321620820092
572130 970.615998978947 -11747.2562432782 -10776.6402442992 93.8181993390617 59.3411042055221 532.189645635785 -310.076151824116 -119.499229344379 80884.5663779451 43.2469237462183
572140 989.583600372393 -11767.7914575501 -10778.2078571777 -860.942444701902 -931.336189482564 -447.945901209644 -1203.54524341351 -394.316801707271 80967.3685131834 43.2616761130345
572150 1000.72327094675 -11780.807100516 -10780.0838295693 -985.924361281196 -809.965985003595 -551.104784587263 -1596.70231425272 -597.977594669446 80898.8436767091 43.2494681662173
572160 997.241604739993 -11779.6681938785 -10782.4265891385 106.627917215801 417.814950786342 605.217443336544 -703.148642475491 -553.825710849282 80692.8715691227 43.2127319384799
572170 989.824211072384 -11774.8665015416 -10785.0422904692 1043.16987319978 1623.23735855389 1496.35924292683 9.91301811861448 -617.432937579584 80537.6057728747 43.184998108299
572180 993.761133018809 -11781.7733252695 -10788.0121922506 710.735459696176 1432.33094448104 1171.34717608482 -471.47174147731 -829.441287809109 80566.3926665256 43.1901427602875
572190 1000.7364047173 -11792.0371108929 -10791.3007061756 -318.459779159187 365.56307325144 99.307833573078 -1420.25024430207 -1274.3289510898 80701.962863745 43.2143547374413
572200 994.201241660281 -11789.068468876 -10794.8672272157 -749.326503146248 -175.77252942292 -538.382688986543 -1533.82429102929 -1624.07072069749 80773.167800794 43.2270606277514
572210 978.721157036164 -11777.2402890938 -10798.5191320576 -290.505840268915 66.1677241321861 -234.951151377476 -702.734093561441 -1566.05769655448 80718.1967355258 43.2172521855921
572220 973.753328575819 -11775.5914719165 -10801.8381433407 459.259717894579 457.035996358804 534.312469546028 386.430687778906 -1012.0342458906 80624.4488793113 43.2005145542191
572230 980.582994816968 -11785.330600308 -10804.7476054911 462.13277446281 -34.5390564821947 939.959995790685 480.977384079936 -242.516161762172 80608.3742526177 43.1976433064757
572240 978.468908927481 -11785.7792864951 -10807.3103775676 90.8798519907453 -840.6490846923 1084.69749601028 28.5911446542471 515.962235803667 80670.2781098693 43.2086984709425
572250 964.642203942524 -11774.0698302001 -10809.4276262576 -205.423200848054 -787.013046048401 974.682022376297 -803.938578872055 1078.77745447837 80746.6182826657 43.2223239747842
572260 957.183480214873 -11768.1297498084 -10810.9462695935 -341.956129214103 -111.045811241884 745.700850499126 -1660.52342689955 1221.84961136112 80784.5262029446 43.22908674335
572270 961.393398939692 -11773.2414217764 -10811.8480228367 -191.101471901466 500.031012653174 647.362834883272 -1720.69826324083 1194.09324441209 80764.3224118124 43.2254826527286
572280 969.32026446285 -11781.5923113776 -10812.2720469148 -102.83434070179 520.355143513128 681.300500342326 -1510.15866596082 909.988229817491 80708.0892537118 43.21544823125
572290 974.509057596218 -11786.9076522984 -10812.3985947022 -3.69331351808374 -106.237047820086 1318.96068684634 -1223.80357958051 609.293491562947 80633.0809261723 43.2020562518205
572300 978.976315786632 -11791.3376622642 -10812.3613464775 196.310001088927 -773.659242960887 2283.90590213075 -921.316655903106 331.88538553531 80559.035747976 43.1888280845934
572310 985.011720624747 -11797.2858793421 -10812.2741587174 157.879806028088 -1450.79221269426 2888.04794492924 -963.616314150708 116.512317893862 80516.9378071239 43.1813036750626
572320 988.212266415478 -11800.4649771625 -10812.252710747 -15.420527161095 -2208.98399583252 3008.86752018794 -846.14510583871 -97.4232893708444 80500.7184823885 43.1784040010365
572330 982.552577622537 -11794.8771363806 -10812.3245587581 204.489098985784 -2103.28487495111 2849.10282156225 -132.350649653767 -402.416244103175 80488.7741363617 43.176268354226
572340 975.543104335921 -11787.9451830084 -10812.4020786724 287.941405799407 -1658.40742361069 2172.76714326934 349.464497739578 -684.056536681017 80513.2559534107 43.1806454712485
572350 976.202768711757 -11788.566722577 -10812.3639538653 -285.331577536192 -1469.49539183867 530.380464122324 83.120195107764 -988.409551477749 80581.6252173706 43.1928645510398
572360 982.199436163464 -11794.4175754136 -10812.2181392502 -668.728707382642 -1237.35780528029 -615.832214651553 -152.99610221607 -1050.51043405154 80601.9729279003 43.1964997964103
572370 986.900922740034 -11799.0002406494 -10812.0993179093 -186.695241830317 -142.819530971518 -489.785822276506 72.5196277570698 -909.454168705538 80513.0744605097 43.1806130253015
572380 988.630724044279 -11800.6757664978 -10812.0450424535 476.000089868591 986.338395786741 -14.0013891846675 455.663263003709 -672.317653891575 80386.3182142164 43.1579405697696
572390 983.831745849148 -11795.9283231058 -10812.0965772567 833.361302246172 1249.96811252298 242.86350630032 1007.25228791521 -531.041874662838 80340.3545934918 43.1497133263877
572400 975.957785423801 -11788.1699986203 -10812.2122131965 118.799983659908 42.3275016039454 -535.619210538058 849.691659913842 -449.38246794053 80431.8346845679 43.1660846856723
572410 976.472258435777 -11788.6516199309 -10812.1793614952 -731.556812522232 -964.795556545752 -1383.3917628626 153.516881841657 -217.98387787575 80550.6681698578 43.1873327075181
572420 984.491144273419 -11796.5719601028 -10812.0808158294 -874.508261403276 -848.710674323466 -1770.08501970811 -4.7290901782369 38.1070412423002 80549.3448910663 43.1870962137447
572430 991.017687975762 -11803.0705436525 -10812.0528556767 -105.396882727356 18.2635306683588 -1011.24400461964 676.789825769204 279.098508284545 80395.9456042128 43.1596634240578
572440 999.81037319347 -11811.947154397 -10812.1367812035 616.333659387986 1057.32725869475 -58.0011456658054 849.674865135009 70.1994787589919 80208.5253247442 43.1260991690258
572450 1007.11521137244 -11819.7085059812 -10812.5932946087 893.450662650077 1898.77670312763 379.315099649161 402.26018517344 -244.366324191971 80118.2129681705 43.1099068654387
572460 1000.44369486474 -11814.0955164881 -10813.6518216234 820.397762423374 2016.72178396066 524.329505825015 -79.8580025155611 -204.28222523188 80186.41786375 43.1221365970543
572470 976.765066717897 -11791.9096906074 -10815.1446238895 170.449181505024 1195.21340731756 158.580476148279 -842.446338950788 44.7638363303635 80409.8160592897 43.16214534751
572480 953.284519459851 -11769.7516686178 -10816.467149158 -928.923233587867 -360.558870495984 -787.842003816166 -1638.36882645146 324.70967991907 80679.7374528491 43.2103872793178
572490 955.692300603265 -11773.0557468712 -10817.363446268 -1552.55741711577 -1423.86523915903 -1376.56828304118 -1857.2387291471 466.165473387672 80801.5453157431 43.2321222629749
572500 978.807823071782 -11796.9198817938 -10818.112058722 -1029.54068591338 -1515.48297853881 -640.084566659103 -933.05451254222 515.059570665295 80650.1939480021 43.2051123400778
572510 994.577224277833 -11813.3496315083 -10818.7724072304 782.722400394079 -195.867692012437 1363.85623962088 1180.1786535738 538.653767358353 80308.6913450093 43.1440439479515
572520 986.66680428485 -11806.1771479184 -10819.5103436336 2209.32720499852 1312.62231886645 2622.72405800399 2692.63523812514 537.360171178169 80086.5904297737 43.1042343138808
572530 964.402267135568 -11785.2622110072 -10820.8599438717 1330.61148235675 837.157498390021 1390.80891382235 1763.86803485786 498.801602571705 80229.5935435277 43.1298747882548
572540 948.488038996916 -11770.4970655461 -10822.0090265492 -735.008267027818 -1032.44648619944 -1102.9195395087 -69.6587753753044 555.712879702739 80620.8194535909 43.1998663000247
572550 948.105243120112 -11770.4999501115 -10822.3947069914 -2199.78163804241 -2272.00008846204 -2897.22806913203 -1430.11675653316 866.467307392739 80905.7374713537 43.2506966324098
572560 957.155222137807 -11779.7443270484 -10822.5891049106 -1700.83231972864 -1485.9603755323 -2784.83519253692 -831.701391116686 1420.41957941282 80815.6528467572 43.2346381513846
572570 968.240210033079 -11790.516072116 -10822.2758620829 622.769183073235 734.536095613834 -407.980065106394 1541.75151871227 1697.68146272401 80427.2413072722 43.1652629468309
572580 976.1237656587 -11797.2420951487 -10821.11832949 2342.76907585901 1865.90051330928 1898.6586556863 3263.74805858144 1583.83476549892 80132.6209772487 43.1124909249877
572590 981.304807903309 -11801.328375015 -10820.0235671117 1706.37471354857 604.192560452482 1654.3763948003 2860.55518539293 1132.15010210165 80230.1742503952 43.1299788469234
572600 983.997596773769 -11802.6674237294 -10818.6698269556 -677.872550875731 -1795.41447386534 -860.027755405249 621.824576643386 1043.13470943673 80621.2329485777 43.1999401556273
572610 979.016490781592 -11795.7277564047 -10816.7112656231 -2262.73468799188 -2777.81649710652 -2639.40909119551 -1370.97847567362 1362.90336577697 80904.7598799221 43.2505224309994
572620 967.938457716683 -11782.7526918246 -10814.8142341079 -1232.85752175495 -943.197184901185 -1734.14400716184 -1021.23137320183 1409.91361142376 80809.4542180013 43.2335327453814
572630 963.834511008789 -11776.1936055202 -10812.3590945114 1099.89625941897 1838.81140946099 968.181183906839 492.696184889065 1262.58429312974 80505.5396197045 43.179265959634
572640 970.875919847098 -11780.1140126953 -10809.2380928482 1871.93670290083 2597.38891322588 2564.76480548685 453.656389989787 1365.41688470971 80379.3812520562 43.1566990914536
572650 979.595886367136 -11785.5843386278 -10805.9884522607 688.870950049327 1202.02043043188 2144.68390893439 -1280.09148921828 1742.93875213282 80569.4726597826 43.1906931289501
572660 983.214799238314 -11785.6173407325 -10802.4025414942 -1250.31399688731 -809.527325679594 639.041208213012 -3580.45587319534 1942.11566599213 80876.1861007495 43.2454301208277
572670 980.679086036493 -11779.5009367247 -10798.8218506882 -1732.17032940235 -837.005593320468 129.196202885772 -4488.70159777234 1835.11772779023 80976.5327215777 43.2633082275765
572680 982.00480585417 -11777.6037684738 -10795.5989626196 -635.275783589142 676.369617159163 1089.96933868963 -3672.1663066162 1361.55422519211 80776.3657780488 43.2276311032203
572690 992.054405344052 -11784.4220949221 -10792.367689578 1245.05378457757 2783.87126908635 2368.24278783289 -1416.95270318654 548.219358740201 80470.5307729119 43.1730060364552
572700 995.737280384503 -11785.2032551639 -10789.4659747793 1987.38414836769 3253.56543245595 2341.95566063117 366.631352015964 -180.067008047608 80378.1714137046 43.1564825645664
572710 982.558649524739 -11769.8304958653 -10787.2718463406 626.534773321136 1400.03211333584 612.859778501458 -133.287571873876 -767.507020732475 80620.9561930226 43.1998907235002
572720 975.176864109156 -11760.1826677676 -10785.0058036584 -1402.40880584214 -964.000724266315 -1464.01893010713 -1779.20676315296 -1033.38968691457 80971.0681793556 43.2623350258981
572730 986.714383727303 -11769.4852554442 -10782.7708717169 -1877.85090011488 -1606.45488897585 -2206.66489254682 -1820.43291882197 -869.740494011594 81084.2006320787 43.2824743031449
572740 994.000826857518 -11774.9706290837 -10780.9698022262 -363.895151732544 -212.460252106573 -1193.85424529586 314.629042204814 -698.830823603507 80878.816982356 43.2458990366627
572750 985.880576464686 -11765.1053433191 -10779.2247668544 1552.94644543818 1490.68477668659 126.480182860359 3041.67437676759 -725.543548178947 80614.9296433027 43.1988142756012
572760 981.087314762294 -11758.8492154245 -10777.7619006622 1762.75984762063 1446.16224858694 50.6489422252551 3791.46835204968 -563.915144963027 80613.8976136159 43.1986299315465
572770 985.388104118416 -11761.8973537608 -10776.5092496424 -220.369928794201 -599.782077863931 -1631.17868834952 1569.85097983084 -161.810938880923 80903.7359042201 43.2503399626626
572780 988.681512573197 -11763.7147220747 -10775.0332095015 -2009.05592942635 -2365.0520670815 -2653.57012214108 -1008.54559905646 170.622205446748 81155.0971120956 43.2950853960671
572790 993.802007187866 -11767.8093848553 -10774.0073776675 -1690.7678344432 -2337.04933161201 -1461.09984089638 -1274.15433082121 170.428440148826 81061.0870347136 43.2783612587233
572800 1003.70861549207 -11776.9891745715 -10773.2805590794 440.98860142626 -492.447665329934 1096.28892268893 719.124546919789 134.865425095771 80683.6250843546 43.2110813129961
572810 1012.03581767642 -11784.6445204502 -10772.6087027738 2261.33383193622 1351.45819482607 2843.47145338461 2589.07184759796 49.3957677001757 80396.5497220461 43.1597715284191
572820 1006.67820236457 -11779.5732863711 -10772.8950840065 1817.44974733995 1011.38655067962 2291.8898844483 2149.07280689194 15.9982938013799 80496.197811606 43.1775957308039
572830 987.983924029694 -11761.6402971471 -10773.6563731174 -550.735663567586 -1071.91578239426 -526.108411041368 -54.1827972671194 -132.070298967781 80889.2400410106 43.2477566931631
572840 983.525334864152 -11757.7076292433 -10774.1822943791 -2385.2369457748 -2876.35998674313 -2741.11601586635 -1538.23483471493 -255.512466439089 81166.950240051 43.2971931182887
572850 997.509068057948 -11772.7702667026 -10775.2611986446 -1994.94985575068 -3029.57362845038 -2296.3369577228 -658.93898107887 -309.653440038646 81026.2557250756 43.2721615805122
572860 1006.87914404814 -11783.5881441687 -10776.7090001206 429.418090570738 -990.88986368359 239.572148825217 2039.5719865706 -400.737041156686 80574.0602966721 43.1915128747334
572870 999.474473859953 -11777.6169600387 -10778.1424861788 2459.81778586554 1593.58858903006 2245.91705365396 3539.94771491262 -332.628948502368 80245.8539094414 43.1327883439705
572880 989.451865728282 -11769.8733451476 -10780.4214794193 1927.41863157795 2345.40573578357 1081.28820192307 2355.56195702721 -74.5771336935343 80346.1184574168 43.1507451993893
572890 986.33397942164 -11769.3081962796 -10782.9742168579 -424.566004013713 1330.16358287478 -2119.47603681339 -484.385558102523 108.308912211117 80736.6259960721 43.2205409995378
572900 988.852383120103 -11774.1576047496 -10785.3052216295 -2131.75609982098 451.655473341403 -4134.83341289463 -2712.09035990971 153.527812626618 81003.3181986457 43.2680779246819
572910 985.559551923028 -11773.6796655128 -10788.1201135898 -1344.44784980631 1623.46677169777 -3083.42754229251 -2573.3827788242 -31.198279406646 80899.3038162473 43.2495501647218
572920 975.869223043694 -11766.7882343827 -10790.919011339 817.66751754695 3867.90151371288 -543.768130403116 -871.130830668908 -330.434256817179 80603.3488059053 43.1967455835114
572930 971.163671251878 -11764.5817898698 -10793.4181186179 1813.6287345007 4819.19838582869 598.279957827192 23.4078598462126 -562.754690066628 80477.5533680303 43.17426189049
572940 975.504667607272 -11771.4315863013 -10795.926918694 738.957974430049 3470.43742745281 -551.67798149545 -701.885522667199 -605.858123067415 80651.0671206401 43.205268261942
572950 976.429401207486 -11774.501127299 -10798.0717260915 -1111.78111016123 969.661449594056 -2536.84608262793 -1768.15869744982 -363.51420951136 80916.8040044542 43.2526685298279
572960 968.899953006151 -11768.8702856587 -10799.9703326525 -1673.50102293294 -491.118313052577 -2812.1912577111 -1717.19349803514 -112.732041906146 80971.7773870793 43.2624613339456
572970 967.092806424687 -11768.8269036678 -10801.7340972431 -478.854912393228 -81.4580868585877 -1303.34788176205 -51.7587685590408 235.707322268328 80753.7646565196 43.2235990489217
572980 974.572120731867 -11777.5633198813 -10802.9911991495 880.896474749251 433.9949508661 357.313692560691 1851.38078082098 723.144395945442 80479.6546563859 43.1746376506881
572990 979.151447359801 -11783.160396857 -10804.0089494972 1295.22004171492 126.888737984214 1011.65355827193 2747.11782888861 1145.5346842805 80376.1406008203 43.1561191015456
573000 976.544283606648 -11781.5879048675 -10805.0436212609 594.460699721989 -1108.38692004355 417.308757104933 2474.46026210459 1523.74005017889 80494.8862392814 43.177361223466
573010 977.435237538782 -11783.3092376982 -10805.8740001594 -642.894395079493 -2672.32439180759 -783.872141793691 1527.51334836281 1463.17159210328 80699.298758691 43.2138792064725
573020 979.321336908602 -11785.8730724024 -10806.5517354938 -986.903350891567 -2916.30242434423 -1164.64600546185 1120.23837713137 943.501284299975 80786.6220746343 43.2294605848921
573030 971.850801676277 -11779.0383002375 -10807.1874985613 -168.178294772233 -1702.01005739002 -207.769095284733 1405.24426835805 630.714276789325 80710.1552803122 43.2158169819934
573040 963.82521666555 -11771.3834849196 -10807.558268254 653.180802849337 -650.171143891522 691.633791166132 1918.07976127338 689.479549644497 80608.5612453858 43.1976767092941
573050 965.656645464826 -11773.2672223332 -10807.6105768683 475.960319925747 -422.012779919514 174.268188963541 1675.62555073321 873.513548468085 80614.7369792799 43.1987798615293
573060 973.124387616343 -11780.4777077769 -10807.3533201605 -329.8583165342 -796.905291987787 -1021.75943430286 829.089776688047 1002.14456598005 80697.8902117768 43.2136277828489
573070 977.630975305031 -11784.5247644513 -10806.8937891462 -630.867735314745 -566.071505136355 -1567.53181967435 241.00011886648 1189.85125572797 80726.3832078713 43.2187131733004
573080 977.087782205207 -11783.4512912098 -10806.3635090046 -213.690729865772 418.194953154972 -1236.6596030352 177.392460282896 1257.61716745823 80648.808245618 43.2048648938034
573090 973.078815137149 -11778.7570579124 -10805.6782427753 579.743972604193 1663.54515891629 -211.674480196598 287.361239092887 1226.63791456301 80539.7614153088 43.1853833965669
573100 974.213606651174 -11779.0386898911 -10804.82508324 761.10641638112 2159.61141678426 73.4826577648414 50.2251745942504 1084.2461598621 80529.0932106542 43.1834765502122
573110 977.300990688091 -11781.1079331032 -10803.8069424151 -17.7142756199265 1294.82486819278 -566.526457647548 -781.441237404996 850.292374187761 80645.3277539182 43.2042433663844
573120 978.110743231811 -11780.6642213128 -10802.553478081 -982.624142419697 10.0770975194457 -1281.80806455129 -1676.14146022724 856.34056670198 80755.6665956395 43.2239383850459
573130 979.487022868983 -11780.6669242991 -10801.1799014301 -771.284694988095 -374.994684094052 -653.885917404636 -1284.97348346558 830.118817337019 80702.6454363443 43.214476571947
573140 982.01428497605 -11781.5994655272 -10799.5851805512 580.229117226828 641.603757236602 625.922600758564 473.160993685322 751.100821130803 80520.549246423 43.1819492714213
573150 981.260761974708 -11778.9376319557 -10797.676869981 1436.06610457933 1254.85074934484 1052.71507218778 2000.63249220537 878.103527842744 80433.2979899827 43.1663464592294
573160 981.356603882964 -11776.9269980305 -10795.5703941475 510.80366991793 107.897567682951 -370.174519264576 1794.68796133542 942.884483338454 80583.6119023622 43.1932195116582
573170 985.020314999551 -11777.8662163398 -10792.8459013402 -1133.95181995137 -1594.04368310735 -2007.67538639648 199.86360964973 1073.10280745869 80830.7801909178 43.237335584471
573180 985.940503379705 -11775.4387353178 -10789.4982319381 -1776.58534323506 -1916.68689068981 -2306.35056858524 -1106.71857043012 946.578069986629 80894.3597376782 43.2486690960346
573190 986.170700723607 -11771.8014173745 -10785.6307166509 -482.954871103503 -440.6986275548 -768.359233697437 -239.806752058289 738.402648290575 80650.1196314168 43.205099069362
573200 993.692951367519 -11774.3453913179 -10780.6524399504 1380.76020061299 1782.24991804232 830.492129250051 1529.53855454661 587.977798855303 80297.6012012197 43.1420578794887
573210 1007.41558232005 -11782.4394101035 -10775.0238277834 1778.99531425069 2363.14009520763 1132.05080185185 1841.7950456926 482.628182036656 80152.561975198 43.1160668086494
573220 1012.96253005551 -11782.5995059976 -10769.6369759421 726.948775258044 1145.82826238334 153.373307445783 881.644755945019 438.018911019095 80314.4967118206 43.1450835239577
573230 1008.82848187328 -11773.514558566 -10764.6860766927 -714.252416571044 -760.331597240122 -1135.63808048235 -246.78757199067 138.791670087701 80640.8454875679 43.2034429211118
573240 1005.73490381489 -11766.1117367135 -10760.3768328986 -1483.53046979407 -2363.13344492595 -1479.77086451642 -607.687099939827 -123.957986763063 80890.3183960846 43.2479488745979
573250 1004.50269850395 -11761.5993637112 -10757.0966652072 -801.093199507942 -2371.16581162222 -543.706067028379 511.592280126775 -178.518431450397 80908.4549270468 43.2511808606801
573260 997.984422622325 -11752.640374249 -10754.6559516267 593.43983733775 -1280.17007958987 720.564938954098 2339.92465264904 -74.9774566977482 80773.663735808 43.2271490967716
573270 992.854408131395 -11745.6805031244 -10752.826094993 1189.61305848955 -344.920583206014 823.580911616645 3090.17884705805 206.166111424197 80711.5936485262 43.2160737026338
573280 995.346045147422 -11746.9277899448 -10751.5817447973 299.501787507441 -392.495516174182 -482.346250649516 1773.34712934601 311.363931328193 80857.6480071041 43.2421256907974
573290 1001.31417949525 -11751.9617363237 -10750.6475568285 -1141.73238084113 -970.052474156289 -2172.62236680767 -282.522301559417 491.95435668531 81105.245859243 43.2862186031102
573300 1003.43133309836 -11753.5995204861 -10750.1681873878 -1716.77583902757 -1181.13813182041 -2857.59712422847 -1111.59226103383 612.344864118468 81198.4740801366 43.3027976865098
573310 1001.58215180729 -11751.9520727661 -10750.3699209588 -552.501366628465 -257.219208373041 -1390.3851298232 -9.89976168914428 314.38043277374 80984.7866021693 43.2647781104184
573320 1002.05706970753 -11752.7325601396 -10750.675490432 1726.16439384738 1779.45750047948 1279.46577100527 2119.56991005739 -248.450520460561 80627.9306246509 43.2011364128371
573330 1002.06620682734 -11753.3664513561 -10751.3002445287 2610.09196512972 2592.82318297301 2170.12042798526 3067.33228443088 -498.528124513325 80530.4293708875 43.183715386152
573340 1003.97159110136 -11756.6769930298 -10752.7054019285 380.168790270802 260.445962810254 -188.668018974498 1068.72842697665 -627.6384172894 80881.7703572971 43.2464254200624
573350 1001.79138497172 -11755.5910247972 -10753.7996398255 -2356.11290564288 -2800.53694147462 -2988.1668989407 -1279.63487651332 -677.374477970202 81341.1149014094 43.3281394323073
573360 991.82780363045 -11747.110139135 -10755.2823355045 -2570.01451148425 -3513.89753427896 -2901.55424468557 -1294.59175548819 -620.326903109509 81416.9144239929 43.3415940165292
573370 983.195209884274 -11740.4069150931 -10757.2117052088 -198.620896989813 -1577.83856844484 -96.3182911366175 1078.29416861202 -392.425801365525 81043.024802646 43.2751465560805
573380 995.889332716121 -11754.4028252845 -10758.5134925684 2143.01778026973 637.036192944724 2590.98328754907 3201.03386031541 -227.379573573125 80622.9418793817 43.2002453902995
573390 1015.19629456746 -11775.3751552338 -10760.1788606664 1989.4594499349 774.098229580657 2486.48475428185 2707.7953659422 -93.5150463012124 80560.5560971998 43.189099776393
573400 1013.69908078329 -11776.2791325761 -10762.5800517929 31.8479244492172 -1055.38832571117 744.187237808723 406.744861250104 146.780723078906 80840.3975497144 43.2390503292661
573410 993.112142835311 -11758.1334798519 -10765.0213370166 -1511.00722540489 -2740.3567500615 -579.153017040124 -1213.51190911304 530.881603161766 81133.9555265499 43.2913254915586
573420 979.507252149526 -11747.0263084398 -10767.5190562903 -1456.5061939281 -2784.23877445053 -513.227329682455 -1072.05247765132 947.462414344712 81168.304947077 43.297433999112
573430 982.647323091181 -11752.5198623572 -10769.872539266 -37.7302310687026 -1297.57842427106 1118.23460943559 66.15312162936 1217.08191009117 80951.9638784942 43.25893232214
573440 992.364505171678 -11764.2196292483 -10771.8551240766 1140.4257482326 553.278431401137 2433.15137870832 434.847434588336 1207.31551126353 80724.7205937336 43.2184164651116
573450 993.155411850658 -11767.0109335588 -10773.8555217082 1196.16364880185 1190.71589087546 2777.29379606768 -379.518740537574 998.149534471852 80693.5771972474 43.212857897686
573460 987.569092962074 -11763.4988225721 -10775.9297296101 223.07524146992 359.412223175572 2181.33061200814 -1871.51711077395 601.352175705706 80870.2149598363 43.2443658153143
573470 986.104341985527 -11763.8734306054 -10777.7690886199 -1033.03349898815 -790.813977164672 533.228583775051 -2841.51510357485 378.647892978645 81086.2977991064 43.2828474535027
573480 988.337638132263 -11767.8598326 -10779.5221944678 -1369.26016366679 -1195.57207771262 -321.125136785545 -2591.0832765022 252.474512303121 81124.5928439205 43.2896601857867
573490 987.234577632836 -11768.5624503862 -10781.3278727534 -263.569544852954 -344.566096828223 384.145886498731 -830.288424229382 317.281626226918 80928.1614318572 43.2546920735048
573500 981.989039662705 -11764.8629023256 -10782.8738626629 1023.81589578335 923.070517226251 1253.42531806901 894.951852054812 535.231030244482 80680.8887979343 43.210592823824
573510 980.86995938497 -11765.1443311458 -10784.2743717608 1165.00207189999 1523.30870560295 763.204083491683 1208.49342660531 727.546581840676 80602.6319829099 43.196617530468
573520 983.928488852888 -11769.5749747153 -10785.6464858625 212.115599947222 994.199766761134 -686.716592494676 328.863625575205 864.674484589425 80724.7847717492 43.2184279183213
573530 981.113136098514 -11767.9496746522 -10786.8365385537 -813.788543897718 -112.700092258314 -1462.27348415252 -866.39205528234 783.283689317111 80891.9204519789 43.2482343853792
573540 976.170048726473 -11764.0819827021 -10787.9119339757 -1001.86878242883 -771.527307322383 -878.83859346257 -1355.24044650155 547.734981850655 80925.6655954505 43.2542474085775
573550 976.150218330454 -11765.0333845488 -10788.8831662184 -100.339613912867 -151.660627334416 691.298879357314 -840.657093761481 66.2737070257521 80785.4100254886 43.2292443919488
573560 973.544254315858 -11763.1175371458 -10789.5732828299 1110.27614787717 1119.11879440468 2131.83811128368 79.8715379431654 -370.22887635999 80619.7675854283 43.199678421501
573570 964.518233910253 -11754.6141160637 -10790.0958821535 1297.31118362281 1190.00984606851 2214.52875308808 487.394951711852 -358.52892203419 80638.2646861774 43.202982026907
573580 962.014601860326 -11752.3645072528 -10790.3499053925 -138.253884900309 -398.731082235779 569.024619992575 -585.055192457716 -32.2172546078029 80887.5057890063 43.2474476160238
573590 972.242119591347 -11762.2256705386 -10789.9835509473 -2112.98530959778 -2590.30632467823 -1677.81631692957 -2070.83328718551 183.381244875175 81132.8532492609 43.2911294402231
573600 988.015538628238 -11777.7569691596 -10789.7414305314 -1975.10336586795 -2676.06513262131 -1782.01791923225 -1467.22704575028 248.467240754571 81026.4021728931 43.2721876507029
573610 1002.42044961766 -11792.084054074 -10789.6636044564 714.776258066869 63.5501653032178 557.30954271575 1523.46906618165 138.138017017971 80552.0039674532 43.1875714360004
573620 1004.36380064551 -11793.6629954183 -10789.2991947728 3033.06144742167 2521.08234466921 2114.8981099582 4463.20388763757 -52.8454853059173 80151.0798900253 43.1158010567898
573630 997.92299957953 -11787.9040263523 -10789.9810267728 2187.18869391371 1995.59077085684 517.388296235154 4048.58701464914 -240.832454755908 80239.4557130957 43.1316419529307
573640 993.254385509404 -11784.2838688238 -10791.0294833144 -1069.86742237118 -861.952069044624 -3253.25573618868 905.605538119771 -117.389853091138 80728.6365338197 43.219115292731
573650 990.420694148644 -11782.0986250567 -10791.677930908 -3150.76450823027 -2850.78217489472 -5530.84375268988 -1070.66759710622 221.262146274419 81082.524032936 43.2821759800893
573660 988.509108365445 -11781.7467779029 -10793.2376695374 -1654.31373505517 -1246.85148698898 -3960.96857925642 244.87886107988 676.80196508592 80913.3123329968 43.2520463834873
573670 989.055697909857 -11783.7891927781 -10794.7334948682 1659.23355035582 2367.91835359416 -463.922847895952 3073.70514536924 984.682355823948 80436.0793309987 43.1668440099912
573680 988.808149436969 -11784.9092762564 -10796.1011268194 3280.554570549 3989.68939794754 1636.85949601178 4215.11481768766 1178.66513775506 80214.8834032444 43.1272386650163
573690 983.278960945176 -11781.7511450631 -10798.4721841179 1261.77103177673 1673.88462422883 261.575378950012 1849.85309215133 1114.00580597896 80543.624604008 43.1860738655344
573700 973.168103540899 -11773.4744674463 -10800.3063639054 -2108.37372396656 -2142.50759537314 -2656.91437473966 -1525.69920178688 786.17283873881 81110.4750203036 43.2871488583689
573710 960.67989216827 -11762.5057127829 -10801.8258206146 -3154.55437872251 -3259.87119271309 -3775.76273327978 -2428.02921017465 286.266321623304 81327.4513657982 43.3257132352216
573720 956.081847593236 -11759.8813320966 -10803.7994845034 -1074.26641768834 -803.315084193656 -1994.03333109435 -425.450837777009 -37.4793566354954 81002.1629004058 43.2678722221131
573730 968.111531219076 -11772.976227812 -10804.8646965929 1750.82106910005 2434.42669446657 613.69659728329 2204.3399155503 27.7395508948924 80501.11056984 43.1784741026175
573740 984.029914808553 -11789.6545084941 -10805.6245936855 2294.19341613339 3172.82087350474 1531.17218087226 2178.58719402316 148.310154313878 80308.9035393003 43.1440819467932
573750 990.821105766272 -11797.7828284754 -10806.9617227091 725.91709342681 1500.29965827892 632.72295483777 44.7286671637439 86.3832813696378 80506.9637651588 43.1795205723105
573760 982.731924655845 -11791.1004572367 -10808.3685325808 -1204.65117177703 -801.114359328543 -907.649698923155 -1905.18945707939 103.217341375909 80807.7977648236 43.2332373393025
573770 967.606529275917 -11777.5518687928 -10809.9453395169 -1447.62316341098 -1184.90910667125 -1088.50482496421 -2069.45555859749 247.490094498491 80890.1640578976 43.2479213689812
573780 964.620160218765 -11776.3051643076 -10811.6850040888 -279.47012970798 -21.6631928273993 50.2916792131779 -867.038875509724 314.004683267065 80731.1498736041 43.219563804351
573790 972.075142044805 -11785.3737234234 -10813.2985813786 779.91563905999 1036.52597492941 938.495573325681 364.7253689249 138.236153811259 80543.5444796212 43.186059545101
573800 974.099603755195 -11789.1450773729 -10815.0454736177 809.198985569097 887.902979834389 1044.52937941334 495.164597459546 -205.214565633841 80500.5021746004 43.1783653271232
573810 969.076675548558 -11786.1233824517 -10817.0467069032 -130.781261215782 -15.1763566110313 -160.301750699711 -216.865676336624 -437.716255084262 80587.5611458288 43.1939251048899
573820 965.454003250407 -11784.6442725252 -10819.1902692748 -878.927545197022 -796.496108032036 -1296.66742142957 -543.619106129441 -573.126892367178 80643.3184380833 43.2038845454676
573830 967.009278238719 -11788.5495706644 -10821.5402924257 -810.902393621026 -912.378606061853 -1481.7757916882 -38.5527831130354 -478.131950533678 80549.2509280304 43.187079420758
573840 970.017156387998 -11794.0472772702 -10824.0301208822 154.676351162369 -356.58502276531 -551.041776674434 1371.65585292686 -359.857911593396 80342.5159111105 43.1501002610311
573850 973.577693873933 -11800.1947297711 -10826.6170358971 878.736124539328 13.6285107102406 174.784609616033 2447.79525329172 -453.488983140675 80186.5784278982 43.1221653794204
573860 974.986268644987 -11804.4616938699 -10829.4754252249 906.803533309073 102.165715541979 -8.19648361944891 2626.4413680047 -607.563911197914 80192.3211986845 43.1231947902639
573870 970.312503693206 -11802.8825289021 -10832.5700252089 385.430067282149 -50.9252215735324 -819.924408435837 2027.13983185583 -513.540808229357 80346.5527978234 43.1508229549748
573880 956.819310478587 -11792.3816296564 -10835.5623191778 -467.212237262259 -329.299376520715 -1572.24472280137 499.907387535302 -284.123276719883 80544.4533241812 43.1862219800833
573890 944.923855669313 -11783.069927196 -10838.1460715267 -828.244040271993 -124.251940111288 -1814.61495947759 -545.865221227083 18.4865679385433 80646.1033811689 43.2043818752603
573900 945.966888249389 -11786.1645128071 -10840.1976245577 -624.667216991587 483.357804123128 -1732.89112329965 -624.468331798223 254.091111360779 80598.9813678773 43.1959653739225
573910 951.133270594323 -11792.7571117828 -10841.6238411884 153.438233239047 1089.18507872077 -1073.66572121508 444.795342211458 278.877307073584 80455.7835171617 43.1703685398345
573920 951.556642272384 -11793.9744890471 -10842.4178467747 862.908855594531 1259.84749172545 -429.783890522411 1758.66296558056 288.388400973177 80353.52485779 43.1520710542527
573930 951.430652700982 -11794.1167568901 -10842.6861041891 537.077385637575 353.904331617485 -610.49261888011 1867.82044417535 304.829072067709 80395.8707258467 43.1596500248495
573940 956.561766367992 -11798.9368504629 -10842.3750840949 -319.09189192173 -1388.09689898333 -990.938195960172 1421.75941917832 178.044074074206 80522.8427007042 43.1823592491106
573950 956.550432682593 -11798.0281904528 -10841.4777577702 -1040.70742033489 -2612.26627862081 -1218.95072063038 709.094738246516 118.713990610786 80585.4968458308 43.1935562887451
573960 954.625601952543 -11794.7150439021 -10840.0894419496 -766.825434881453 -2522.18417420513 -666.982192437344 888.690061998107 420.757812183006 80473.5895217083 43.1735530429425
573970 965.474065614991 -11803.537429059 -10838.063363444 374.810869396513 -1174.31245968358 547.104122217193 1751.64094565594 701.401368307182 80245.3342399069 43.1326952349257
573980 977.390921222117 -11812.8428739462 -10835.4519527241 1228.7399079674 206.322900570345 1067.82563989402 2412.07118343784 651.997063302616 80092.8607354758 43.1053592199414
573990 978.085858527059 -11810.7841343506 -10832.6982758235 825.148346095801 511.54002945568 404.895731039454 1559.00927779228 397.391803163033 80148.7573238295 43.1153845921606
574000 970.119288120581 -11799.8939658705 -10829.7746777499 -310.543130546643 256.156641341964 -1195.85933076437 8.07329778247612 300.692182144201 80339.2508883152 43.1495157304627
