# Fix print output for fix setl_out
390000 660.985694010192 -12612.4428206201 -11951.4571266099 -190.592535448325 730.969651276608 -1232.96383482277 -69.7834227988092 -282.565545814969 72108.4495865604 41.6225534113763
390010 654.811623653668 -12606.1340314928 -11951.3224078391 31.5672846748146 950.730804184002 -835.04076183473 -20.9881883248357 92.23987385518 72094.4332111456 41.6198563851524
390020 655.210959657149 -12606.0740450999 -11950.8630854428 138.624996238375 807.761916178558 -427.504022309343 35.6170948459145 349.103270264997 72085.751066214 41.6181855944246
390030 664.020077890118 -12614.098915507 -11950.0788376169 -250.480172885665 131.922538045424 -516.78463431926 -366.578422383159 482.416340433486 72097.1539447801 41.6203799351393
390040 676.706378389702 -12625.8220508017 -11949.115672412 -290.478881283647 5.03713454753346 -449.229816846341 -427.243961552143 436.856693603476 72061.2475890853 41.6134694250705
390050 685.242417915361 -12633.4319573689 -11948.1895394535 406.817418570147 633.122008728246 346.835884677312 240.494362304885 368.357911259912 71974.0848926478 41.5966846032307
390060 681.606264132646 -12629.0702081143 -11947.4639439817 648.440402825926 736.43256612213 833.846311182148 375.042331173501 342.02525997847 71963.7457324639 41.5946927039654
390070 674.519495667813 -12621.443781627 -11946.9242859591 -242.819233271808 -383.310713364492 262.329635346088 -607.47662179701 303.97477247956 72075.4112224427 41.6161956213375
390080 675.373823899298 -12621.7664317101 -11946.3926078108 -1043.62345892416 -1338.25094353521 -285.803918983415 -1506.81551425386 271.379488744779 72143.6596770226 41.6293269837157
390090 683.638697172136 -12629.6327740028 -11945.9940768306 -255.151635730535 -576.997930311405 505.885587797689 -694.342564677891 54.8197191539521 72012.3596519972 41.6040567981887
390100 688.70855242668 -12634.379061513 -11945.6705090863 1483.68763974602 1264.99963963686 2220.10064780908 965.962631792119 4.10822170391646 71828.1699317387 41.5685555670871
390110 679.975708165219 -12625.7489525694 -11945.7732444042 978.810271798794 1040.42527773228 1667.89861005261 228.10692761149 123.171356326463 71913.1999390599 41.5849520160195
390120 666.29843518164 -12612.2374507285 -11945.9390155468 -1326.99205572955 -905.521998381331 -852.109475221033 -2223.34469358627 65.3952076639717 72201.6702426729 41.6404820125513
390130 660.147017037057 -12606.1469569167 -11945.9999398796 -1463.08974457742 -935.887125196061 -1198.12486189923 -2255.25724663699 -195.286284328215 72272.7874731972 41.6541492125284
390140 660.499399206008 -12606.4507842337 -11945.9513850277 827.056719194147 950.965438669315 932.740012873436 597.464706039696 -507.561351674662 72059.4949204935 41.6131320490439
390150 662.08272564672 -12607.6111233644 -11945.5283977176 1730.94332487 1241.8001503876 1717.27259163689 2233.75723258551 -724.503581632316 71970.2491769207 41.5959456525746
390160 663.338500010056 -12608.3187271512 -11944.9802271412 -521.552557947843 -1535.46828908019 -563.833602301734 534.644217538395 -915.735009903405 72208.9186803693 41.6418754167885
390170 663.648935852591 -12607.504614693 -11943.8556788404 -2146.16197179027 -3443.44623066451 -2067.47308701765 -927.566597688649 -1038.11968283674 72392.4785946557 41.6771310396572
390180 664.585762451671 -12607.2195175969 -11942.6337551452 88.1604047353852 -1150.11995198142 438.952829015821 975.648337171755 -1077.34389979828 72181.6627966206 41.6366353948743
390190 664.576873057625 -12605.2234463147 -11940.646573257 2551.03446726936 1544.31955290774 2956.53182743709 3152.25202146325 -1131.61881527096 71945.136680149 41.59110708117
390200 665.681076565263 -12604.2728245238 -11938.5917479585 335.622093321701 -486.351533743068 568.016395650057 925.201418058131 -1149.52970694925 72164.438860221 41.6333233634368
390210 671.656112311846 -12607.3100628612 -11935.6539505493 -2957.96629508263 -3618.70029737555 -2872.32792087911 -2382.87066699325 -1041.17808235396 72490.524622749 41.6959379371556
390220 679.812920810248 -12612.8241659139 -11933.0112451037 -1209.58467218644 -1707.4766689271 -1135.64365979748 -785.633687834733 -815.894977618547 72283.0602000853 41.6561226681975
390230 687.063384811951 -12616.9353526013 -11929.8719677894 3111.96940373394 2451.11752807837 3352.68500074688 3532.10568237659 -642.945725471085 71819.9471568286 41.5669692724613
390240 689.240913255359 -12616.7121024213 -11927.471189166 2226.24682441306 1087.94870658571 2679.32872715972 2911.46303949376 -597.704739347918 71906.3329627185 41.5836283277776
390250 684.7495214673 -12610.0571866304 -11925.3076651631 -2563.71801915076 -4051.5298126108 -1835.87343051704 -1803.75081432446 -562.440609970296 72413.8348610418 41.6812289810409
390260 681.100602048842 -12604.606553492 -11923.5059514432 -2635.52411443041 -4351.46942281905 -1575.16866946451 -1979.93425100768 -485.476071145568 72463.2251907676 41.6907031456831
390270 681.092250329571 -12603.2891032365 -11922.1968529069 1897.23812263944 76.9592728505919 3235.72376728144 2379.0313277863 -214.331916039577 72030.7847093681 41.6076047621278
390280 681.488929251587 -12602.4316203434 -11920.9426910919 2907.98687191098 1238.33592825422 4123.39133322247 3362.23335425625 -104.87188265404 71948.9165589666 41.5918354444702
390290 681.828558692697 -12602.1140159293 -11920.2854572366 -1276.83616937991 -2520.22691281737 -547.612861629512 -762.668733692843 -177.594706900934 72385.1891602592 41.6757321240241
390300 683.534024970016 -12602.9355366684 -11919.4015116983 -3154.00252281728 -3982.71608249007 -3023.13486230266 -2456.1566236591 -201.520399134447 72568.5876992407 41.7108996420688
390310 685.218190666078 -12604.5840281418 -11919.3658374757 416.263937900756 -23.0557640673004 -16.4491710050749 1288.29674877464 128.620908236198 72177.4241986606 41.6358203937345
390320 681.145201061723 -12600.0848923975 -11918.9396913357 3277.59937869385 3268.33925154536 2539.12809657431 4025.33078796188 454.885362470955 71896.7548872941 41.5817819034186
390330 670.662256630584 -12590.0530165838 -11919.3907599532 595.081315205628 684.760079616546 0.746365690757697 1099.73750030958 522.675785464776 72215.3201330514 41.6431059232276
390340 664.755518337641 -12583.9007386378 -11919.1452203001 -2880.27780094738 -3072.04951440096 -3288.1965719428 -2280.58731649837 450.64182051413 72610.1586662225 41.7188628278473
390350 672.603782256824 -12591.9055351616 -11919.3017529048 -1624.11368216078 -1979.67737045601 -1987.25157758077 -905.412098445565 430.5643949956 72451.2394723318 41.6884044137817
390360 683.27256074508 -12602.4574872962 -11919.1849265512 2155.14139573194 1939.90544785887 1874.39463244219 2651.12410689475 628.705824742732 72021.5548779768 41.605827523955
390370 681.263952892733 -12600.5818731741 -11919.3179202814 2277.45564936703 2220.52265226776 2303.72905156358 2308.11524426974 679.758832979622 72014.8292243038 41.6045323788277
390380 672.578335312014 -12592.3269448417 -11919.7486095297 -1354.43601533303 -1484.85930480588 -1001.82344831792 -1576.6252928753 583.803968052363 72407.4392876317 41.6800018526953
390390 672.524812092661 -12592.4930877429 -11919.9682756503 -2415.75527158648 -2707.736049571 -1808.63471329928 -2730.89505188917 570.204126705661 72528.6358699185 41.7032437462205
390400 680.343494442227 -12600.9213071064 -11920.5778126642 460.885936807431 54.5650466071751 1247.97902642272 80.1137373923988 606.013606584211 72207.8348895235 41.6416670800622
390410 683.617546819922 -12604.608991187 -11920.9914443671 2224.97272397041 1840.15696419974 3128.20864614131 1706.55256157015 630.772403250009 71991.8399156295 41.6001047665225
390420 682.536844692878 -12604.5518962807 -11922.0150515878 153.345430142388 -156.414550524144 1142.46073848077 -526.009897529453 465.185167182701 72184.5023629171 41.637181371196
390430 681.610537183677 -12604.68805025 -11923.0775130663 -2019.39882657852 -2205.63794793151 -1052.39904168972 -2800.15949011433 356.718068869958 72392.6421080603 41.677162418444
390440 682.696629018134 -12607.4119211111 -11924.715292093 -605.920196685334 -645.166505870578 84.7656803841611 -1257.35976456958 444.59826579889 72228.8035132271 41.645697501146
390450 683.619425633387 -12610.111545125 -11926.4921194916 1875.36267239807 1939.59850754265 1972.16447369821 1714.32503595335 484.314738785211 71970.7913527392 41.5960501043423
390460 678.844919544072 -12607.6880550562 -11928.8431355122 1079.68400970516 989.508373423072 755.309850068011 1494.23380562441 502.321291425225 72060.2319001541 41.6132739129644
390470 671.873038784953 -12603.2188927408 -11931.3458539559 -1538.05081261226 -2035.98986634543 -1930.28795238837 -647.874619102968 436.71770534901 72336.0569378601 41.6663007066327
390480 668.980095577821 -12602.9839479591 -11934.0038523813 -1506.24695254182 -2583.04773593106 -1538.04604111917 -397.647080575224 200.328353167867 72320.2128179609 41.6632583600366
390490 666.488281023966 -12603.1189151649 -11936.6306341409 1054.34196944141 -413.285920454653 1534.49421900828 2041.8176097706 -22.5830494103356 72036.9963954431 41.6088007597888
390500 664.214882811817 -12603.1649338398 -11938.950051028 1650.99808264467 280.989385253513 2419.05570565945 2252.94915702103 162.31245801928 71956.582803036 41.5933126121284
390510 667.407674691676 -12608.5379647723 -11941.1302900806 -659.337336390288 -1589.43498935411 -10.9927153697965 -377.58430444696 554.077693519511 72170.4906321646 41.6344871330141
390520 672.778462325517 -12615.7140380797 -11942.9355757542 -1629.59538268514 -1964.88821898228 -1415.61413987155 -1508.28378920157 916.364267681847 72256.9495222695 41.6511062757585
390530 671.290248610686 -12615.9584896051 -11944.6682409944 451.850545124224 672.648829469719 44.3553177101115 638.547488192841 1084.97578296957 72054.5617514135 41.6121824203085
390540 664.456970891019 -12610.4507990866 -11945.9938281956 1611.4439914296 2186.25109002909 900.838775542667 1747.24210871705 1092.07556962973 71942.0063261424 41.5905038586636
390550 662.526171273845 -12609.6607231823 -11947.1345519084 -144.722560116188 518.72701521838 -727.958789173166 -224.935906393763 1050.83825625394 72119.1282167644 41.6246079552362
390560 667.065515668489 -12614.8563978492 -11947.7908821807 -1702.60355237458 -1261.5663596984 -1799.80207187604 -2046.44222554929 1058.55404658529 72258.5214580704 41.6514083107912
390570 673.514301154591 -12621.9448950097 -11948.4305938551 -268.300097269141 -62.3935464261831 66.330735366617 -808.83748074785 1092.58875175897 72088.1659058301 41.6186503192817
390580 675.937453759014 -12624.7461007447 -11948.8086469857 1638.76016448432 1816.37524804284 1983.47684008653 1116.42840532357 1045.69168386286 71880.2927956043 41.5786080218399
390590 673.04825171642 -12622.381441981 -11949.3331902645 761.800823963741 958.112784741679 855.418800916783 471.870886232758 720.719750214309 71975.9521426347 41.5970443194499
390600 668.98565353107 -12618.6695528046 -11949.6838992736 -1429.46470790385 -1156.32266194702 -1531.83770049627 -1600.23376126826 246.258954305437 72200.5554465904 41.6402677013266
390610 667.917196654833 -12617.9200406444 -11950.0028439895 -1041.36493548542 -766.812405260817 -1072.63259849774 -1284.64980269772 -181.879175673775 72161.1180836381 41.6326847428631
390620 668.026527272367 -12618.2013524136 -11950.1748251412 1126.93726475313 1161.46078798535 1382.9052926647 836.445713609332 -331.998753380083 71939.519929395 41.5900247149285
390630 665.199109436877 -12615.4407011277 -11950.2415916908 1276.8830328179 980.198157327339 1749.88195000746 1100.56899111888 -52.618665025638 71929.528355371 41.5880991666769
390640 661.927978962406 -12612.1359887775 -11950.2080098151 -802.171909174824 -1283.60851174775 -471.804695549941 -651.102520226768 607.668630106284 72145.6117976585 41.6297024601639
390650 665.965206979283 -12615.9056408251 -11949.9404338458 -1727.01644273827 -2260.80046825748 -1660.6272249203 -1259.62163503702 1032.39497184883 72200.1964987709 41.6401986958184
390660 675.910966216384 -12625.6571479834 -11949.746181767 304.310608732964 -332.019159265593 108.123296706764 1136.82768875773 1023.15490308019 71946.6576687475 41.5914001709548
390670 680.10792871036 -12629.4986517334 -11949.3907230231 1885.98658387586 1159.12939930633 1605.29529330368 2893.53505901756 859.213892758752 71769.7224330451 41.5572775527626
390680 674.83160837313 -12624.2573720024 -11949.4257636293 427.536850795487 -397.9786797648 373.216352989455 1307.3728791618 615.011919093392 71939.2653692716 41.5899756590256
390690 668.410780486 -12617.7391172939 -11949.3283368079 -1396.20871217275 -2406.25382804792 -1063.23219587336 -719.140112596968 442.476239924274 72172.6459872982 41.6349015970213
390700 666.302141550204 -12615.5675287401 -11949.2653871899 -844.71848983233 -2096.56242718856 -164.762713583556 -272.830328724885 437.988600084087 72137.2711174667 41.6280981426016
390710 668.655884171645 -12617.7320691772 -11949.0761850055 971.097521383133 -256.291798178489 1760.62192192348 1408.96244040441 394.537490606274 71959.9232384357 41.5939562299809
390720 669.044138502135 -12617.8777829327 -11948.8336444306 979.866858763179 39.9153613624747 1595.05262965958 1304.63258526748 189.67824061688 71969.7064768431 41.5958410992814
390730 664.878342562907 -12613.414332725 -11948.5359901621 -544.06988652999 -936.650700713466 -288.987014937129 -406.571943939363 152.786502311614 72146.9505996361 41.6299599652375
390740 662.380641202728 -12610.4353708676 -11948.0547296648 -1034.98127572819 -805.103003109238 -1105.25114971515 -1194.58967436016 55.6567964748007 72204.8461259984 41.6410925403184
390750 659.463264072862 -12606.8928302596 -11947.4295661867 374.929988201988 858.736678720962 169.310112078545 96.7431738064543 -187.349316324981 72084.6651606087 41.6179766134666
390760 656.185514715017 -12602.6838092117 -11946.4982944967 941.662509678892 1266.27034408063 619.834410427512 938.882774528543 -267.703569805603 72045.0098175749 41.6103435620467
390770 661.051127753682 -12606.3490245274 -11945.2978967738 -223.004967881115 -225.928691992608 -631.539094640072 188.452882989354 -19.0321287833265 72167.3216081696 41.6338777305708
390780 671.444549099699 -12615.2354950712 -11943.7909459715 -969.567870524516 -1461.74210406886 -1373.63450166812 -73.3270058365821 176.775582717698 72231.0776508493 41.6461345707957
390790 677.666362107443 -12619.929878662 -11942.2635165546 -37.1769064802061 -883.507171693693 -204.401708541971 976.378160795052 137.815203847322 72121.1926814133 41.6250051300858
390800 675.778675242887 -12616.511727818 -11940.7330525751 1010.93877797631 55.9015552623165 1157.47748057538 1819.43729809123 -5.40891741511911 72025.4184300838 41.6065714836791
390810 671.146251178202 -12610.4785892202 -11939.332338042 414.396481486176 -331.91214164017 658.414516232961 916.687069865753 -25.8460309478945 72117.5523216423 41.6243047694007
390820 670.170769729126 -12608.0228954564 -11937.8521257273 -846.059493110597 -1343.72081356682 -762.852710695707 -431.604955069264 77.3221377073883 72267.3145464681 41.6530977524089
390830 674.009893478252 -12610.3688167196 -11936.3589232414 -760.819321106014 -1155.7483607357 -916.557707472793 -210.151895109568 245.527064372361 72248.0289793462 41.6493921810135
390840 678.270581830871 -12613.1603579618 -11934.889776131 618.052862690327 303.836518798512 241.206135962499 1309.11593330997 405.694152691031 72101.0535847231 41.6211303187582
390850 675.919978509922 -12609.4283881694 -11933.5084096595 955.215138399622 857.068791797387 401.124652797628 1607.45197060385 375.869920823286 72079.4365452647 41.6169703446478
390860 670.037637502528 -12602.2800638118 -11932.2424263093 -333.797597141698 -100.273415425525 -1079.96140086033 178.842024860755 206.701058940505 72226.5358229873 41.6452616614924
390870 670.958580198746 -12601.8732546234 -11930.9146744247 -1054.6508727077 -588.923511671622 -1910.33732870065 -664.691777750846 -60.8885999559234 72301.0873079144 41.6595853374802
390880 671.766182960705 -12601.3994933326 -11929.6333103719 108.292012106741 581.172028963496 -762.576381689926 506.280389046662 -200.778103701593 72185.2643334148 41.6373278762913
390890 666.647826907576 -12594.9177585828 -11928.2699316752 1153.16554899121 1443.52537437196 297.241871742996 1718.72940085867 121.793352899977 72099.5638207557 41.6208436558769
390900 665.925934970382 -12592.8444921549 -11926.9185571845 22.3240636001656 27.3529342368295 -670.476501201471 710.095757765145 579.198617711526 72220.0870829177 41.6440221933953
390910 671.628714521 -12597.0229669547 -11925.3942524337 -1199.96016813232 -1503.3094200842 -1574.94314148491 -521.627942827833 941.187526758516 72337.8645088085 41.6666477634604
390920 676.843237788027 -12600.8113375109 -11923.9680997229 -354.411115869484 -1013.08090393477 -375.281895703555 325.129452029871 1092.89149346763 72235.174955718 41.6469220143224
390930 682.594609557708 -12605.1931808899 -11922.5985713322 1082.71764012557 248.996258340226 1241.23926781372 1757.91739422278 1170.03665869285 72072.0397043402 41.6155467086577
390940 684.726963739316 -12606.269131053 -11921.5421673137 666.373308990507 34.2596782770723 686.258789462697 1278.60145923175 1154.0430379052 72108.7231011207 41.6226060374789
390950 679.527125226152 -12600.269295472 -11920.7421702459 -790.779257902064 -985.568606495226 -1029.70639160441 -357.06277560656 866.450831277836 72269.0949029775 41.6534398007942
390960 675.943131902319 -12596.0902354913 -11920.1471035889 -731.746594975965 -620.840887433578 -1190.933721974 -383.465175520322 364.726755058979 72286.8261775499 41.6568460893995
390970 676.319156873235 -12596.0098847552 -11919.6907278819 547.565302638525 469.988007510526 227.786097705885 944.921802699162 -9.30126869037048 72169.8025340012 41.6343548134426
390980 678.134887811598 -12597.4748899685 -11919.3400021569 725.505238579187 26.5023019234897 881.864101723506 1268.14931209057 -147.286122746404 72149.2365869158 41.6303996444989
390990 679.638132572972 -12598.7897732773 -11919.1516407043 -392.837409098338 -1626.78217938442 192.48575440622 255.784197683194 -119.383023693432 72262.3960082729 41.6521527562669
391000 682.009133851049 -12601.1118783221 -11919.102744471 -833.351908777698 -2251.25770506025 -143.468792443049 -105.329228829788 -158.748240312072 72305.86744905 41.6605034163846
391010 684.505729338699 -12603.7975797265 -11919.2918503878 171.614360403692 -978.821793298351 1001.27028602861 492.394588480813 -246.133046508278 72194.5244954279 41.6391082577368
391020 684.112188837436 -12603.7543458275 -11919.6421569901 877.854780925264 267.216375192386 1885.39337676663 480.954590816785 -309.140743864674 72111.5988078354 41.6231593353852
391030 682.51599652696 -12602.7304981713 -11920.2145016443 65.4985445121841 165.183233973943 1103.00179895699 -1071.68939939438 -126.60778951297 72189.9796633332 41.6382344762038
391040 683.888773226306 -12604.7525406375 -11920.8637674112 -853.068094731403 -461.018019482133 106.560950298392 -2204.74721501048 46.4768961877495 72285.4639484057 41.656584416426
391050 682.956604963351 -12604.6056457748 -11921.6490408115 -259.797997404596 -104.735657952868 658.802069061681 -1333.46040332259 111.730702954244 72226.9536267854 41.6453419621499
391060 675.03781941055 -12597.441487699 -11922.4036682885 875.833543834607 497.501023280078 1877.93136224346 252.068245980288 64.4497654910428 72117.892166806 41.6243701524501
391070 670.262994418746 -12593.3307083952 -11923.0677139765 424.084125472927 -320.180401819964 1479.4360004708 112.996777767948 -53.0381234897689 72165.2079360572 41.6334712620867
391080 678.678425735485 -12602.2276233408 -11923.5491976053 -1031.4646916595 -1688.8040995806 -237.665170379506 -1167.9248050184 -187.615302413422 72291.372356341 41.6577193490249
391090 687.625464842026 -12611.737099726 -11924.111634884 -761.991862939884 -998.659978386437 -344.897497675555 -942.418112757647 -203.919116926386 72229.6867483485 41.6458672524131
391100 681.815093844384 -12606.5505544532 -11924.7354606089 1283.70094598795 1377.87066869102 1698.70303737247 774.529131900384 168.623010536982 72031.268968011 41.6076980037288
391110 670.638436313403 -12596.0995028938 -11925.4610665804 1356.46771948422 1417.51539544715 2282.58544688736 369.302316118138 515.396488870131 72066.6572387252 41.6145107089993
391120 663.622283706141 -12589.6742783789 -11926.0519946727 -966.017511635602 -1016.88593497879 426.093356612677 -2307.2599565407 657.74173166077 72356.9393892821 41.6703098219687
391130 661.452053701551 -12587.724703084 -11926.2726493824 -1804.93101435924 -1848.31840702801 -546.937935166321 -3019.53670088339 818.333191600859 72474.2072914612 41.6928091719739
391140 664.988253339333 -12591.4669423884 -11926.4786890491 260.845993939513 227.58939603637 1138.26644211167 -583.317856329493 929.136390606523 72253.135965266 41.6503735127345
391150 671.865120564023 -12598.1966941914 -11926.3315736274 1844.10451779565 1835.66098230593 2442.43654511811 1254.21602596291 838.487662152022 72075.9748928893 41.6163041084439
391160 675.235722968041 -12601.6384714119 -11926.4027484438 298.628730415058 332.092736660719 836.046431338769 -272.252976754314 389.57419973805 72237.8072103031 41.6474278803816
391170 672.93853391067 -12599.2562290464 -11926.3176951357 -1743.55307906787 -1614.68912411751 -1234.07410900285 -2381.89600408327 -35.8767673579868 72458.471047877 41.6897913825363
391180 670.842263910699 -12597.2784182916 -11926.4361543809 -899.381684754159 -677.71858284094 -506.426013569523 -1514.00045785203 -335.497492948839 72355.263696173 41.6699881426631
391190 674.073560426039 -12600.480409347 -11926.406848921 1489.07021405448 1723.56795021956 1702.80817730445 1040.83451463942 -638.259362488314 72086.2382856404 41.6182793584142
391200 680.804687536909 -12607.2807399378 -11926.4760524009 1133.91905197113 1242.10892034023 1251.44175661821 908.206478954944 -621.278058032199 72085.4450660319 41.618126705346
391210 683.215176137312 -12609.9299841062 -11926.7148079689 -1197.81817210545 -1056.31968518116 -1227.8955119361 -1309.23931919909 -333.491952957583 72292.9951898207 41.65803106458
391220 679.974851568591 -12607.1553927775 -11927.180541209 -1228.04660482515 -999.542956826777 -1289.96655174261 -1394.63030590608 -136.703841261203 72287.5332849912 41.6569819176057
391230 678.145977681852 -12605.9806629074 -11927.8346852255 996.666386636192 1294.91837008303 934.109823798335 760.97096602722 -163.918877040268 72057.3214147939 41.6127136573192
391240 681.217838404829 -12609.8096811568 -11928.5918427519 1467.28844545459 1652.59427720008 1542.26715522247 1207.0039039412 -312.609806094755 72007.9619876787 41.6032098861612
391250 682.838678527487 -12612.4963512011 -11929.6576726737 -630.587100914899 -556.203408960079 -485.677825659816 -849.880068124802 -332.695027387676 72226.7890445051 41.6453103299581
391260 675.663180112528 -12606.4818006658 -11930.8186205532 -1242.82855269147 -1091.86783966508 -1065.75131338794 -1570.86650502137 -251.141503173919 72342.4963093393 41.6675370509891
391270 663.878997172892 -12596.0360101261 -11932.1570129533 319.749102828773 718.667010091969 461.540281308778 -220.95998291442 -416.609250042684 72230.4530157474 41.6460145222268
391280 659.865295216703 -12593.1828559685 -11933.3175607518 955.102826876186 1508.88353873731 1110.31979340358 246.105148487664 -694.736916189484 72167.2465383404 41.6338632944469
391290 666.667249879115 -12601.0091500321 -11934.341900153 -407.409844501669 219.804585127123 -163.551961685476 -1278.48215694666 -820.023563082201 72273.3562860232 41.6542584899526
391300 675.220673478651 -12610.4896331878 -11935.2689597092 -1234.62072886995 -533.706014900268 -906.881916692622 -2263.27425501694 -704.200293399374 72304.7549497987 41.660289752228
391310 679.619948974452 -12615.9816118508 -11936.3616628763 281.830410587067 915.395296579008 877.943797550428 -947.847862368218 -497.50146816556 72109.4510775206 41.62274610455
391320 679.183052473062 -12616.6700184252 -11937.4869659522 1669.36696587316 2172.31966065628 2639.05865155318 196.722585410005 -302.794822189771 71964.3384219698 41.5948068941961
391330 672.992119370311 -12611.9498459215 -11938.9577265512 171.026180854237 465.367439308102 1360.74955324888 -1313.03844999427 -118.112090883466 72123.8944199497 41.6255248962922
391340 665.956273482417 -12606.2390102409 -11940.2827367585 -1706.33927276927 -1746.33104655604 -471.896093633436 -2900.79067811834 108.276145714295 72325.8610800567 41.6643429755621
391350 663.826600580147 -12605.5342705088 -11941.7076699287 -731.69534569801 -1247.49415562268 622.28323977871 -1569.87512125005 359.059652997255 72215.3039369709 41.6431028100602
391360 665.080480114829 -12607.9302554925 -11942.8497753776 1653.9579207925 774.70638679166 2943.01314489144 1244.15423069439 832.748720188364 71961.1344674419 41.5941895984141
391370 666.480575803502 -12610.4747763897 -11943.9942005862 1269.98633619398 360.508703316333 2304.63578432943 1144.81452093618 1385.51351958571 72002.4160202992 41.6021417821982
391380 666.78005540564 -12611.790843951 -11945.0107885454 -1367.98272426295 -2070.08449191887 -561.813014008556 -1472.05066686141 1761.06856301238 72288.3758633722 41.6571437672563
391390 665.286208610979 -12611.195735168 -11945.909526557 -1697.98015561743 -2000.34151781037 -1052.80472576634 -2040.79422327557 1776.6342005993 72336.0272476201 41.6662950060057
391400 662.746846536188 -12609.5493368811 -11946.8024903449 1052.49245730208 1026.98051467341 1520.53709798517 609.959759247651 1613.48619351482 72065.157435362 41.6142220224856
391410 661.981638273487 -12609.3798310314 -11947.3981927579 1885.38097889963 2055.16993009509 2136.8245225317 1464.14848407209 1531.96184730112 71968.1611414026 41.5955433814839
391420 665.778279368948 -12613.790353881 -11948.012074512 -882.916074735033 -513.724319734764 -922.943930323619 -1212.07997414672 1455.44068356528 72215.7708251819 41.6431925538809
391430 670.699437860693 -12619.0717536 -11948.3723157393 -2122.41708921186 -1717.03600123132 -2434.04443834351 -2216.17082806074 1405.33906276635 72321.9895848501 41.663599552302
391440 671.322894338643 -12620.2962930761 -11948.9733987375 548.661007201404 592.921359009989 92.02189669651 961.039765897719 1150.26494204505 72033.5053918825 41.6081286106369
391450 666.141620964588 -12615.3826056239 -11949.2409846593 2641.13607899989 2328.72651801894 2302.08006278811 3292.60165619263 922.01879010623 71826.2599222083 41.5681871088572
391460 660.42762448584 -12610.3017818963 -11949.8741574105 42.2805902301745 -463.197534723024 134.054867938411 455.984437475133 772.869899412651 72100.6364856511 41.6210500602532
391470 662.103675462383 -12611.9330271028 -11949.8293516404 -2962.85468249427 -3486.59542703297 -2325.95402113934 -3076.01459931051 510.329588163184 72409.6836934079 41.6804324984562
391480 668.130684115572 -12618.3175602515 -11950.1868761359 -929.65591491781 -1486.435371662 188.827074155895 -1491.35944724732 143.330756142901 72175.7583059285 41.6355000657604
391490 671.992347832922 -12621.8860606069 -11949.8937127739 3010.2167743823 2706.92286280237 4248.07774992554 2075.64971041898 -407.413256190776 71748.5226284897 41.5531853307127
391500 673.817588488934 -12623.8520206487 -11950.0344321598 1798.85318294616 2023.17089394956 2728.14809025551 645.240564633403 -809.77786686955 71855.9317266384 41.5739103328189
391510 669.41313511447 -12619.3456209811 -11949.9324858666 -2481.39092790988 -1725.1909497575 -2110.42990890786 -3608.55192506428 -723.821607665133 72309.0223458599 41.6611093269993
391520 661.113013495323 -12610.9480180604 -11949.8350045651 -2218.23844871981 -1138.658164915 -2290.61120173461 -3225.44597950981 -407.178930617836 72322.7442972644 41.6637444779168
391530 659.874873527612 -12609.4632454388 -11949.5883719111 1769.0755747992 2777.63527155315 1504.14002768264 1025.45142516182 -127.168594573218 71922.5610607188 41.5867563435759
391540 669.326286584616 -12618.1967950641 -11948.8705084795 2275.27505136173 2804.75427779252 2065.02607549397 1956.0448007987 93.235521085327 71834.7948756127 41.5698335284662
391550 678.646904955226 -12626.8203681755 -11948.1734632203 -1293.03611078668 -1337.37533625866 -1435.46039408419 -1106.27260201721 210.750447072554 72156.7564275527 41.6318459203491
391560 677.217635908417 -12624.457119951 -11947.2394840426 -2197.31834184836 -2515.7473932317 -2383.80204245927 -1692.4055898541 244.780106698196 72248.155314751 41.6494164575224
391570 670.748528992385 -12617.2312480311 -11946.4827190387 1109.42416673296 761.570031716749 871.813700501072 1694.88876798106 237.991746138938 71950.0965192979 41.5920628115615
391580 669.885637052695 -12615.3050598189 -11945.4194227662 2416.43005291808 2060.8549767286 2269.91420305622 2918.52097896942 431.094112404134 71862.0290612571 41.5750862175232
391590 673.150141611259 -12617.6335055889 -11944.4833639776 -649.810269386251 -1255.5471717193 -398.507140565275 -295.376495874174 561.464903750842 72201.0908860347 41.6403706358379
391600 672.658190864174 -12615.705426558 -11943.0472356938 -2405.23927594449 -3291.02225352943 -1664.68391535459 -2260.01165894945 575.389341984828 72403.3708192576 41.6792211919088
391610 670.320307872678 -12612.2072703894 -11941.8869625168 42.4666697855585 -778.928627593397 1186.02298044958 -279.694343499502 489.905988941382 72168.4438530975 41.6340935400021
391620 668.502814551665 -12608.8055583689 -11940.3027438173 2155.94310719982 1724.75358571344 3432.01722448304 1311.05851140299 560.678293886976 71966.8126130825 41.5952835762325
391630 666.157536035947 -12605.0190738832 -11938.8615378473 418.572469654133 392.459714791868 1548.97418248294 -685.716488312406 661.833228675597 72154.6441990923 41.6314396898392
391640 664.678025746932 -12601.6796302914 -11937.0016045444 -1620.14258839257 -1423.02029691165 -719.132079736744 -2718.27538852933 553.278046172895 72393.9568839168 41.6774147267523
391650 667.074238502432 -12602.185187597 -11935.1109490946 -733.878069219499 -484.245446600668 -163.338626319842 -1554.050134738 322.045451186527 72323.0612769111 41.6638053464575
391660 667.615077104105 -12600.6358063052 -11933.0207292011 1240.32177034533 1401.44268987629 1594.77253982293 724.750081336791 160.280575527684 72138.9453877197 41.6284201959412
391670 665.267927332843 -12596.2000110585 -11930.9320837257 862.51157508934 941.438394889009 1215.43177631892 430.664554060087 48.0691653539056 72190.3386592796 41.6383034974756
391680 663.563906324192 -12592.3140524627 -11928.7501461385 -935.789006430308 -884.586914402735 -516.715634646681 -1406.06447024151 -184.31188988259 72379.4692287421 41.6746343459852
391690 663.251040770957 -12589.767198112 -11926.516157341 -1032.80068113485 -897.204543414473 -604.786112368682 -1596.41138762142 -467.263513540262 72380.812141098 41.6748920849816
391700 667.157195340083 -12591.4425470401 -11924.2853517 517.901541839668 624.223437466011 940.94335918186 -11.4621711288599 -539.959689671857 72204.2243828504 41.6409730186166
391710 677.809040962366 -12599.8926144528 -11922.0835734905 946.948189278849 895.826250744625 1536.00474682917 409.013570262758 -195.747853461825 72137.3966088938 41.6281222816093
391720 684.788730243685 -12604.9982847068 -11920.2095544631 -255.400815743299 -576.652319255156 511.193693216273 -700.743821191001 413.880279127892 72240.966851687 41.6480350832819
391730 682.156187564697 -12600.8472650978 -11918.6910775331 -797.074306777566 -1260.63602339885 -133.012254927657 -997.574642006187 907.193202228271 72291.5750862904 41.657758289861
391740 679.649969430193 -12597.1975981328 -11917.5476287026 170.659765913804 -184.977833823649 471.803475969155 225.153655595894 1196.31271433649 72201.3939723359 41.640428901847
391750 684.076907385443 -12600.7155723725 -11916.6386649871 767.430905237384 708.147900323069 570.626650855391 1023.5181645337 1305.15807667687 72148.9537905602 41.630345252883
391760 688.036034885604 -12604.0929306527 -11916.0568957671 -78.251926203745 -24.7644018499653 -459.302221398867 249.3108446376 1323.11819135118 72234.0003261127 41.6466962703191
391770 686.645290630619 -12602.4198410871 -11915.7745504564 -778.045658537388 -947.114902071198 -884.808257309558 -502.2138162314 1193.75709855891 72298.2456536172 41.6590395472066
391780 683.774972853625 -12599.6052605563 -11915.8302877027 77.7935050458343 -408.4705774186 274.722381715678 367.128710840431 1219.82065938287 72225.6479902905 41.6450910216389
391790 681.450167518569 -12597.5414256704 -11916.0912581519 712.608571936362 -7.63622744689828 1031.78525890036 1113.67668435562 1134.73735570473 72168.9337547104 41.6341877481368
391800 681.966588209198 -12598.5440198921 -11916.5774316829 95.3893439656405 -643.716563783945 583.033373092267 346.851222588591 929.612763899485 72242.6630381693 41.6483610399808
391810 684.252822365675 -12601.4864330028 -11917.2336106371 -669.142251430787 -1315.07840151481 21.8230693813497 -714.171422158899 583.501140353434 72331.8207618083 41.6654873306653
391820 683.148169059318 -12601.300489172 -11918.1523201127 -330.486490284531 -885.615403961057 595.413842146606 -701.257909039121 162.38145379639 72295.6713017795 41.6585450847801
391830 678.617623373177 -12597.881655099 -11919.2640317259 588.434150992733 245.330652641269 1475.61628463126 44.3555157056707 74.6201223983542 72201.2483442198 41.6404009059827
391840 675.48056121542 -12596.0007345422 -11920.5201733268 411.166228137747 407.118708605149 963.698876494292 -137.318900686195 349.871428828521 72213.8283520031 41.6428191750978
391850 677.15182086246 -12599.0046178617 -11921.8527969992 -544.964461196556 -233.526374017939 -397.826856920105 -1003.54015265162 497.896447769351 72300.5653977221 41.6594850964127
391860 681.819639412247 -12605.1318796259 -11923.3122402136 -528.073917241986 -7.96286108125273 -645.698461425148 -930.56042921955 360.809977372935 72287.6329518606 41.6570010625347
391870 683.882644577396 -12608.841925303 -11924.9592807256 611.152954616197 1322.10763486611 126.625079904975 384.726149077502 289.151643071854 72181.6770583635 41.6366381370802
391880 679.674172646183 -12606.4922989682 -11926.818126322 779.658603531129 1520.82360692124 -72.7252792460066 890.877482918149 273.02550010476 72187.8725617011 41.6378293560571
391890 671.145785297793 -12599.913151775 -11928.7673664772 -437.393485743349 192.25658889573 -1426.37060116157 -78.0664449642009 320.988298840806 72341.4535514783 41.6673368488821
391900 664.991591572902 -12595.550970947 -11930.5593793741 -1017.83424972774 -394.205290434224 -1876.88952172253 -782.407937026465 395.356051392857 72419.3390773897 41.6822850255099
391910 661.752498445966 -12593.934361688 -11932.181863242 39.9371579309241 600.732866099882 -504.605648329797 23.6842560226885 382.115872125545 72305.2752520432 41.6603896806043
391920 661.098184610322 -12594.5348514735 -11933.4366668632 974.533275105695 1399.86346730713 768.095820668792 755.640537341169 338.524905727616 72186.220978901 41.6375118103494
391930 663.015364485946 -12597.4827510287 -11934.4673865427 239.219949991086 536.5338518319 297.267796813443 -116.141798672103 10.7789765968093 72243.5957712043 41.6485402814123
391940 664.016936575618 -12599.2291350925 -11935.2121985169 -930.171151108223 -740.847681641805 -602.334116947844 -1447.33165473501 -419.72189442835 72359.6457214818 41.67082934042
391950 663.75528453455 -12599.5449816007 -11935.7896970662 -422.303077886412 -260.696949650948 236.100229984885 -1242.31251399317 -557.279628463695 72313.4541721746 41.6619604472913
391960 666.497081754989 -12602.6398414179 -11936.1427596629 883.56073456939 1039.77002973273 1761.49250076687 -150.580326791415 -529.059520221781 72167.26701176 41.6338672315399
391970 670.959581599624 -12607.3520787464 -11936.3924971467 638.740980036219 589.059495018618 1617.94511459192 -290.781669501874 -354.004669507866 72163.0344857232 41.6330532897098
391980 672.585750148572 -12609.1813636431 -11936.5956134945 -948.860045879317 -1245.21798352573 -164.640961250021 -1436.72119286221 -268.01267526646 72290.461768624 41.657544440339
391990 671.536326595621 -12608.3558138091 -11936.8194872134 -954.080824316554 -1437.39185601138 -414.614802455251 -1010.23581448302 -189.158044447991 72261.4995396596 41.6519805136064
392000 675.676993007608 -12612.696606072 -11937.0196130644 1005.13164586846 534.387208422554 1519.79032634943 961.217402833424 -131.709409378039 72026.1959671415 41.6067212018178
392010 681.626080886164 -12618.8512304578 -11937.2251495717 1691.48493032096 1502.89480194351 2165.11353983083 1406.44644918856 -79.4966246031863 71938.9149771377 41.5899081352891
392020 676.626505739013 -12614.3746860989 -11937.7481803599 -428.230341505933 -136.202511953727 -282.390079635843 -866.098432928226 -64.1133905790441 72177.8497623712 41.6359022229195
392030 664.533143847522 -12602.6041865952 -11938.0710427476 -1980.54559610117 -1278.78688855609 -2338.14903740564 -2324.70086234176 -114.759840460455 72378.6609100637 41.6744792075594
392040 661.940374789001 -12600.4622134544 -11938.5218386654 -278.065225934618 533.973483394939 -1131.57369587477 -236.595465324012 -306.854278044519 72215.8504951142 41.6432078677525
392050 669.634314780191 -12608.1981278158 -11938.5638130356 1945.86594805525 2403.44212033872 1017.12473580626 2417.03098802077 -552.483606132457 71976.6459199466 41.5971779705376
392060 672.162714410227 -12610.9264738303 -11938.7637594201 911.815797647269 749.534334297266 296.362383997695 1689.55067464684 -687.612668529511 72087.3205988008 41.6184876449845
392070 666.906064417992 -12605.6745317697 -11938.7684673517 -1719.94998195413 -2332.84201987533 -2035.81014308634 -791.197782900712 -573.847954595489 72382.5613961349 41.6752278066804
392080 664.162548955644 -12602.933170261 -11938.7706213054 -1552.59390098022 -2257.88984339959 -1663.19041500204 -736.70144453903 -257.002311581135 72368.7146119413 41.6725701468051
392090 668.303274403739 -12606.9572478594 -11938.6539734557 1169.16471751273 545.551495112201 1172.66359416205 1789.27906326392 83.503933821515 72057.2395444094 41.6126978974117
392100 675.317193048005 -12613.6417748261 -11938.3245817781 1866.51480717531 1315.96481578945 1906.8617824203 2376.71782331619 79.3796573827184 71949.8639611903 41.592018000031
392110 675.706664813421 -12613.9409483823 -11938.2342835689 -555.915195908213 -1034.20404045827 -407.741618764956 -225.799928501411 -153.858931690523 72188.0778311629 41.6378688223664
392120 670.702578572651 -12608.6914625069 -11937.9888839343 -1839.83993989748 -2401.29314536588 -1452.10685376274 -1666.11982056381 -161.599364812472 72335.9675438005 41.6662835426647
392130 669.389164617933 -12607.3256120876 -11937.9364474697 84.0852828103473 -572.93399945424 708.871086165159 116.318761720116 38.7621411287527 72145.5768549421 41.6296957392417
392140 671.990224206439 -12609.6009189269 -11937.6106947205 1815.36077170457 1149.59164982495 2571.32204008975 1725.16862519903 329.211529390249 71963.5247212775 41.5946501227939
392150 672.544326146856 -12609.9948071329 -11937.450480986 357.143445445961 -347.348071845867 1038.36431917817 380.414089005575 595.187067332956 72111.1274493317 41.6230686450609
392160 669.849546752863 -12606.8897717087 -11937.0402249558 -1712.10401085202 -2468.55997448608 -1104.85479496531 -1562.89726310468 640.980214694555 72330.6759868406 41.665267520269
392170 670.466375905669 -12607.1341731593 -11936.6677972537 -707.700151657188 -1343.20018539833 -153.867024904429 -626.033244668808 698.88414123482 72241.5969965384 41.6481561790152
392180 674.09238413503 -12610.1006227053 -11936.0082385703 1482.3885117815 1134.3343269093 1950.75349726729 1362.0777111679 809.279475371178 72015.2156482338 41.6046067938628
392190 673.539596703141 -12608.7975110478 -11935.2579143447 1205.53348965401 1190.65145737924 1704.23440073385 721.714610848954 951.521449551162 72059.0887738298 41.6130538679681
392200 671.380938795121 -12605.6085029779 -11934.2275641828 -1241.03891999977 -785.951703580082 -941.837284840709 -1995.3277715785 1100.39931931354 72328.4561430832 41.6648412772818
392210 674.943886869545 -12607.7912084054 -11932.8473215359 -1806.024564852 -827.736664678452 -1892.08924917522 -2698.24778070233 1037.47060401569 72370.9746177427 41.6730039404706
392220 679.783001954433 -12611.0970074168 -11931.3140054624 766.207692616864 1999.3432883718 398.418769226374 -99.1389797475786 636.18983243144 72076.6987706257 41.6164434290946
392230 679.086436316845 -12608.4504831072 -11929.3640467904 2349.1606267193 3444.84212582318 2094.70240984601 1507.93734448872 60.3937710998116 71922.5724926911 41.5867585469579
392240 672.992786681871 -12600.6785612103 -11927.6857745284 129.990049572913 764.87151345166 282.483073676298 -657.384438409222 -339.740036221751 72203.5324612047 41.6408400052421
392250 661.530658975001 -12586.9616214915 -11925.4309625165 -2163.90243285611 -1907.98685886386 -1781.60364940284 -2802.11679030164 -228.329408636146 72519.3823939642 41.7014701185984
392260 654.303261528309 -12577.4802530156 -11923.1769914873 -956.818402803647 -997.444485859618 -604.170734558524 -1268.83998799279 159.274628465697 72430.4475669266 41.6844161484955
392270 662.313708186815 -12582.7446183222 -11920.4309101354 1680.33023744439 1398.22816301221 1770.25098747871 1872.51156184225 260.330442465166 72161.414588559 41.6327417647022
392280 677.59567640103 -12595.2061795643 -11917.6105031633 1141.60964057818 681.208066634075 1095.50335616471 1648.11749893575 -31.5025592435114 72194.5064863951 41.6391047954237
392290 683.109230190304 -12598.0508812331 -11914.9416510428 -1289.75891771337 -1922.20953991497 -1090.58997531279 -856.477237912347 -322.920588224468 72439.332407631 41.6861205157755
392300 677.844350133026 -12590.5043867447 -11912.6600366117 -1225.00059005959 -1737.36019674355 -779.535420107685 -1158.10615332754 -397.844493214292 72452.6190018503 41.6886690056179
392310 674.216944052362 -12584.9376019695 -11910.7206579171 1027.60348855512 888.177432917068 1530.80337655761 663.829656190686 -256.242509108103 72242.2088266313 41.6482737545044
392320 678.446267661522 -12587.4122912448 -11908.9660235833 1188.64113749528 1488.42020869002 1675.10234197854 402.400861817273 -104.844774054778 72212.4654400152 41.6425571945519
392330 686.444200012918 -12593.9410713124 -11907.4968712995 -873.199490674913 -338.404306863216 -363.75185530913 -1917.44230985239 -120.507084651365 72399.5774348789 41.6784932881015
392340 692.962805129495 -12599.319289499 -11906.3564843695 -1326.0393043732 -704.331745124822 -695.720478633715 -2578.06568936106 -171.188632090328 72431.0377041834 41.6845293580688
392350 693.995131169443 -12599.7353849574 -11905.740253788 716.921069643352 1439.9355836864 1557.04550577156 -846.217880527911 -149.695293683835 72219.6995832634 41.6439477123946
392360 687.895303577824 -12593.3783667524 -11905.4830631746 1730.12259968691 2390.21135034684 2853.6465195426 -53.4900708287169 -207.960614508968 72138.2856815079 41.6282932991082
392370 677.731954502218 -12583.4569821816 -11905.7250276794 -139.322563477812 232.622923568575 1244.58320807208 -1895.1738220741 -295.146081060341 72381.19051595 41.6749647041522
392380 670.56063983351 -12576.3767597695 -11905.816119936 -1924.90322265291 -1638.0519736046 -848.706026020028 -3287.95166833412 -284.694336946939 72608.0272428723 41.7184546139459
392390 667.517692810478 -12573.6434104513 -11906.1257176408 -504.216225177394 -330.388603597853 -3.72910418546607 -1178.53096774887 54.0454006995729 72478.7128282881 41.6936731326463
392400 666.673710809432 -12572.8374242944 -11906.1637134849 1769.0557920025 1654.50326999621 1883.73280033519 1768.93130567609 585.492085158341 72243.2483212556 41.6484735128347
392410 665.448587567683 -12571.7085807164 -11906.2599931487 929.930720053018 529.352375463834 886.401829592231 1374.03795510299 944.147405504047 72327.0189749072 41.6645653149855
392420 665.093046123751 -12571.1817771797 -11906.0887310559 -1744.53208703526 -2258.21345488825 -1778.82575764377 -1196.55704857375 744.656647060265 72593.1458246851 41.7156042762637
392430 671.221018449375 -12577.1364274609 -11905.9154090115 -1597.71433845666 -2036.14706375304 -1779.49602535373 -977.4999262632 122.905369705542 72542.6999996307 41.7059391502061
392440 682.195275008316 -12587.8860410556 -11905.6907660473 1410.61923883602 1157.85607214572 1102.39414311035 1971.60750125199 -532.028652582316 72179.0011864808 41.6361236219909
392450 688.799562791465 -12594.2863199552 -11905.4867571637 2321.85709914367 2300.40361635607 1881.95521936016 2783.21246171477 -786.748211984014 72060.6457717423 41.6133535802017
392460 687.296003402236 -12593.2131017882 -11905.917098386 -661.273184088609 -122.311546632886 -1348.77077533433 -512.737230298606 -719.351185020117 72378.5756277797 41.6744628394931
392470 681.116852896306 -12587.4036425016 -11906.2867896053 -2496.35519645749 -1727.58788072578 -3335.91676962344 -2425.56093902326 -569.63329230571 72599.6983572875 41.7168593747078
392480 676.221067780862 -12583.5140432253 -11907.2929754445 -21.2075528060597 613.098507870249 -766.46187248203 89.7407061936121 -430.538381365706 72356.9289307944 41.6703078142901
392490 673.7368008775 -12581.7725995687 -11908.0357986912 2642.15575868316 3102.54045323323 2129.5971036028 2694.32971921346 -414.373708330128 72095.2302295249 41.6200097565329
392500 674.397281079451 -12583.6953940151 -11909.2981129356 466.315480925228 807.549207377462 184.974403124106 406.422832274123 -578.398012345619 72309.5221004654 41.6612053052632
392510 681.439406962561 -12591.7070641327 -11910.2676571702 -2810.67762967732 -2627.19481139076 -2994.17746293256 -2810.66061470865 -651.111248803516 72623.3437942222 41.7213878889158
392520 690.028402652584 -12602.057199855 -11912.0287972024 -1274.85135402827 -1198.49403228106 -1386.93974357309 -1239.12028623068 -409.664907128347 72417.7389722854 41.6819780332567
392530 688.359059464422 -12602.0816915686 -11913.7226321042 2938.69408925454 3052.36898875365 2754.37200575819 3009.34127325177 61.3362442962026 71977.4734613256 41.5973373891641
392540 677.003269559719 -12593.1750053131 -11916.1717357533 2250.64054741076 2459.4077581568 1993.10769103835 2299.40619303713 506.81800504891 72075.0282115733 41.6161219046417
392550 662.895982464409 -12581.4304641951 -11918.5344817307 -2226.87766988174 -2145.19003002565 -2438.94233669223 -2096.50064292735 762.577178270896 72582.568146395 41.7135780258493
392560 654.497474144384 -12575.0145150042 -11920.5170408599 -2821.98051350082 -3077.56400240376 -2749.94185261014 -2638.43568548855 656.585736642175 72664.5674587774 41.7292805906478
392570 655.401593764178 -12577.8545994766 -11922.4530057124 1132.53086490004 585.849286949452 1720.27838852058 1091.46491923008 205.094470540303 72235.674917566 41.6470180978167
392580 660.978467269245 -12584.5285820706 -11923.5501148014 2540.13463617882 2036.20168976159 3580.31368171092 2003.88853706395 -277.806767235035 72040.92130247 41.6095564257048
392590 667.118706971202 -12591.9040399504 -11924.7853329792 -480.554058116374 -784.663931711377 617.753433206482 -1274.75167584422 -660.956148202935 72302.4675408954 41.6598504306247
392600 669.917756096492 -12595.5117192256 -11925.5939631291 -2171.43255101708 -2388.08016378303 -1264.7758487293 -2861.4416405389 -853.797578083093 72451.0936068636 41.6883764367922
392610 668.081910150762 -12594.6575262022 -11926.5756160514 183.246405580348 110.627491976833 749.210142154791 -310.098417390571 -893.201180118224 72215.7009025453 41.6431791135907
392620 666.108659716661 -12593.2898353674 -11927.1811756507 1894.90938325724 2275.85526533443 2091.33111163068 1317.5417728066 -725.46629146076 72046.0292041199 41.6105398135493
392630 671.432453527521 -12599.3250464441 -11927.8925929166 150.196048618302 751.669054693577 233.88873259455 -534.96964143321 -567.571680024977 72218.6767019772 41.6437511039154
392640 679.393518153089 -12607.7975744492 -11928.4040562962 -1707.65630060459 -1495.46782316727 -1487.95410484051 -2139.54697380598 -427.205405608134 72388.4173992582 41.6763516670793
392650 678.10337893424 -12607.3075759224 -11929.2041969882 -541.515617534153 -1018.64028736634 -48.2788258536642 -557.627739382459 -291.483763246431 72243.299675932 41.6484833815464
392660 671.66811893309 -12601.5955511968 -11929.9274322637 1479.32456370394 621.273874889873 2218.6468040171 1598.05301220487 -144.20170914709 72030.2636264233 41.6075044297233
392670 670.371268356448 -12601.1314181504 -11930.760149794 857.569121892604 120.807276873682 1497.55351301368 954.346575790452 -128.478309519118 72098.9475614085 41.6207250730651
392680 673.439895370724 -12604.9267126609 -11931.4868172902 -1233.6953097768 -1582.40962529429 -1029.29578015064 -1089.38052388547 -321.523873172607 72302.4886697916 41.6598544887
392690 677.19777522709 -12609.4876802633 -11932.2899050362 -995.732086679412 -1064.55690121459 -1312.7326072837 -609.906751539934 -650.679108478387 72271.6640532947 41.6539333851317
392700 676.134581740556 -12609.3030195641 -11933.1684378235 963.032692529615 953.527332427416 390.656443913033 1544.91430124841 -813.797223131815 72073.4431538243 41.6158168316193
392710 670.002663637157 -12604.108353948 -11934.1056903109 1204.06225876077 1069.8819942017 762.75491879411 1779.54986328649 -830.296006512699 72063.1977803009 41.6138448163437
392720 668.12399598208 -12603.1857822794 -11935.0617862974 -666.502344219137 -916.014893251225 -771.028983451847 -312.463155954338 -774.862522657824 72263.2737432187 41.6523213981611
392730 674.047688099724 -12609.9534320496 -11935.9057439499 -1490.44964407212 -1845.89779888076 -1479.4772200665 -1145.97391326912 -572.034861447318 72326.2668399666 41.6644208900092
392740 680.494071447352 -12617.4392534522 -11936.9451820049 246.609853237244 -262.707596645018 336.789973949788 665.747182406965 -286.688295821629 72121.1439647906 41.6249957577591
392750 677.587964825102 -12615.5958796899 -11938.0079148648 1716.43981055171 970.334687324685 2015.09590874594 2163.8888355845 159.164608122361 71978.7625603714 41.5975857204138
392760 664.25284619689 -12603.638514394 -11939.3856681971 349.466625266217 -748.291723300584 1078.01528135053 718.676317748698 445.671942498885 72151.9803680487 41.6309273620584
392770 657.098305162177 -12597.5540781182 -11940.455772956 -1702.93267642186 -3151.27770367006 -641.313618667305 -1316.20670692822 513.19915972324 72375.852945009 41.6739402734171
392780 666.714892084073 -12608.2424978396 -11941.5276057555 -1091.62937535156 -2831.51472428135 162.270932699726 -605.64433447306 250.854204724157 72276.7595448555 41.6549122947356
392790 678.99696552211 -12621.4802553033 -11942.4832897812 1175.27158873591 -535.63408320557 2418.51722033123 1642.93162908208 -258.434235300969 71984.3088532085 41.5986541210455
392800 680.520860409464 -12624.1351374778 -11943.6142770684 1538.65024394283 137.966281774806 2569.49479936418 1908.48965068949 -774.178697465549 71920.388313425 41.586337567136
392810 673.661772574072 -12618.8363625576 -11945.1745899836 -507.612516379898 -1621.99305141709 338.935564055569 -239.780061778173 -1066.75993299003 72137.4430334042 41.6281312116274
392820 669.082416338202 -12615.9120389936 -11946.8296226554 -1651.81161493337 -2693.64560401261 -849.176418819072 -1412.61282196841 -1111.53423725538 72253.9313329629 41.6505263422722
392830 673.136256255335 -12622.0500300685 -11948.9137738131 -115.92076329176 -940.404028984637 562.238297648218 30.4034414611442 -1066.03715567552 72065.2021790049 41.6142306349301
392840 675.936214748564 -12627.1086502734 -11951.1724355249 1576.73128574781 1108.55064501617 1949.21200212464 1672.43121010262 -977.5160890811 71864.321972639 41.5755283934343
392850 670.02831312369 -12624.0645394568 -11954.0362263331 640.534423725245 634.545122466666 561.015842748455 726.042305960608 -763.866846353338 71954.4665341917 41.5929048500626
392860 661.18672869 -12618.3087412106 -11957.1220125206 -1245.54237496039 -802.812295073887 -1819.3849867072 -1114.42984310007 -346.01873779132 72159.8371902629 41.6324384082394
392870 657.961488515493 -12618.3038244755 -11960.34233596 -1039.63133768845 -414.853369968693 -2089.63959490941 -614.40104818723 68.1746841074832 72132.0552012485 41.6270948059433
392880 660.861634863803 -12624.2999599068 -11963.438325043 780.851870200911 1056.07566083779 -508.017135376841 1794.49708514179 68.6777523334568 71913.987883388 41.5851038959128
392890 665.076927357176 -12631.3258535562 -11966.248926199 1073.95114717967 662.21042759284 -87.917986450721 2647.56100039689 -113.250085374913 71839.1296821026 41.5706696764637
392900 667.41411495728 -12636.258614849 -11968.8444998917 -492.63760101735 -1232.34424631724 -1252.60032111003 1007.03176437523 -283.047070719246 71958.5820263808 41.5936978145575
392910 666.713947972345 -12637.7762752219 -11971.0623272495 -929.427216691045 -1601.81781078716 -1222.54233447407 36.0784951880953 -450.289244330702 71994.0450605273 41.6005295059665
392920 661.279636793895 -12634.170049724 -11972.8904129301 370.716885314112 101.017310055425 278.077045949891 733.056299937025 -495.40160542737 71863.4809121723 41.5753662004352
392930 655.6563840602 -12629.8103108325 -11974.1539267723 935.662024144373 1098.15546393061 734.679990148402 974.150618354102 -543.458018733787 71798.5273700125 41.5628365109078
392940 657.527299286051 -12632.4788358388 -11974.9515365528 -313.097946991343 144.588290846545 -601.894013195547 -481.98811862504 -633.853495921469 71900.5374754183 41.5825111157285
392950 664.048946287877 -12639.3644689875 -11975.3155226996 -1087.87204328353 -665.01092487843 -1489.4284495811 -1109.17675539107 -790.000395896944 71945.6774911712 41.5912112942496
392960 670.062093496746 -12645.5836138863 -11975.5215203895 317.336149997451 447.432992138086 6.701201379424 497.874256474849 -1176.31401811937 71797.5002189327 41.5626383103896
392970 671.254895947134 -12646.8219031226 -11975.5670071755 1325.96983082452 1268.23037222359 1226.99593323766 1482.68318701232 -1554.54435222292 71704.6362765709 41.5447113366791
392980 668.766190083921 -12644.4458261409 -11975.679636057 -49.4244189832751 -104.687221096976 167.438258221367 -211.024294074209 -1887.4248729806 71851.904911599 41.573133716003
392990 668.18936196178 -12643.791694525 -11975.6023325632 -1418.97499225238 -1473.16135787888 -887.502127009707 -1896.26149186857 -1982.05955930538 72001.6573394652 41.6019956627566
393000 669.427492706482 -12645.0219079391 -11975.5944152326 -385.047048037821 -345.101105515356 234.147972891529 -1044.18801148964 -1894.05069456869 71892.4123025945 41.5809447026955
393010 665.9718894393 -12641.3693196359 -11975.3974301966 1614.6709849294 1887.83544839695 2075.66660769969 880.510898691561 -1803.00854767898 71697.2795130312 41.5432904844785
393020 660.132898687977 -12635.366300178 -11975.23340149 841.532566578901 1312.24331420372 1037.96437162174 174.39001391123 -1772.02828647499 71785.561162085 41.5603343944798
393030 661.631216058135 -12636.3600094593 -11974.7287934012 -1899.72942339706 -1328.07703849795 -2028.59299662869 -2342.51823506455 -1735.64305919332 72065.4155713449 41.6142717095358
393040 667.001016790775 -12641.1909753634 -11974.1899585726 -1632.55867279561 -1047.57011363009 -2078.71309715614 -1771.39280760061 -1669.61174476401 72032.0011711358 41.607838985017
393050 668.407330083424 -12641.880201391 -11973.4728713076 2168.96324790731 2559.0521280716 1395.96630766804 2551.87130798229 -1641.0677215111 71645.1574119183 41.533221071684
393060 663.722278099688 -12636.4072548001 -11972.6849767004 3010.64694316675 3135.81681699855 2070.29757638611 3825.82643611558 -1533.00887773123 71588.4732182443 41.5222647680032
393070 654.223105861351 -12626.2457320541 -11972.0226261927 -1918.64340764516 -1948.18897042505 -2818.28688713219 -989.454365378231 -1214.49068260672 72129.5319779873 41.6266094198997
393080 648.600816767205 -12618.9377154476 -11970.3368986804 -4217.66900709868 -4113.09861885607 -5002.01741625947 -3537.89098618051 -888.919834706876 72406.0604009204 41.679737274147
393090 653.65972842056 -12623.024821859 -11969.3650934384 688.928275221333 977.920271955644 247.392394150988 841.472159557359 -702.187613846263 71890.6310003315 41.5806012782168
393100 661.156446306715 -12627.9544077309 -11966.7979614242 4853.75859265343 5279.39733488622 4812.74789282514 4469.13055024891 -674.3539039421 71471.790408329 41.499693307518
393110 658.339213119828 -12623.9115245941 -11965.5723114743 711.522820486291 1286.33094282021 874.31071028828 -26.0731916496235 -463.265238146416 71924.3718821166 41.5871053557873
393120 647.871782541838 -12610.654630401 -11962.7828478592 -4132.86347532989 -3526.33998391559 -3959.87226348961 -4912.37817858448 -121.953861923896 72495.0674991895 41.6968089270234
393130 646.410974141132 -12607.1689018573 -11960.7579277162 -1829.74876168869 -1340.00412704264 -1686.35267804687 -2462.88947997657 212.97734649768 72286.3407617572 41.6567528454098
393140 658.351366563812 -12616.3343297735 -11957.9829632097 2839.11963281794 3000.29840180074 3010.15981101196 2506.90068564113 441.959120814238 71783.1730647966 41.5598735254653
393150 672.118064484555 -12627.5959290975 -11955.477864613 2018.44996067162 1821.52786765977 2194.78898342214 2039.03303093296 344.11705103693 71824.3125876437 41.5678114435634
393160 677.483169127436 -12630.7735164075 -11953.2903472801 -1823.62603042941 -2277.23368342827 -1627.94012843362 -1565.70427942633 263.446678858104 72200.7583881501 41.6403067154907
393170 674.39988674433 -12625.9083335804 -11951.5084468361 -1939.26484521791 -2420.76748520773 -1614.0436816333 -1782.98336881269 335.491939073014 72217.2894972544 41.643484465696
393180 669.883586568883 -12620.0298560806 -11950.1462695117 1285.48557696867 1126.16617564614 1687.97863449589 1042.31192076397 503.954970645789 71906.3086713469 41.5836236451883
393190 670.218140347359 -12619.0828928329 -11948.8647524855 1955.20079294291 2134.39117998887 2185.72154174941 1545.48965709044 499.151447944526 71855.0308667706 41.5737365943259
393200 673.645740622365 -12621.5217411893 -11947.8760005669 -790.098227254088 -776.918493896851 -587.689111656123 -1005.68707620927 408.834139444326 72140.9204007943 41.6288000920959
393210 674.682520860462 -12621.5169436776 -11946.8344228171 -1987.34868002971 -2446.77843610003 -1567.90016914353 -1947.3674348456 355.047634509003 72255.9705916412 41.6509181797667
393220 673.165923086712 -12619.3195232418 -11946.1536001551 270.963356596069 -416.409216931539 970.090247736948 259.2090389828 330.802634989177 72016.1465037113 41.604786050931
393230 675.191144695499 -12620.5252475793 -11945.3341028838 1755.70421316764 1118.83998823704 2653.23173903047 1495.04091223541 348.456492342423 71844.8152262292 41.5717663194908
393240 679.080453813051 -12623.9101833612 -11944.8297295481 165.379494124657 -348.944673531531 1098.12124309957 -253.038087194079 434.16451081624 71993.2108325046 41.6003688238736
393250 677.509653186959 -12621.8354004465 -11944.3257472595 -1316.45456935963 -1759.4594357307 -545.259692994623 -1644.64457935358 498.086558013303 72164.9967264462 41.6334306451094
393260 673.020298811772 -12617.0567805574 -11944.0364817456 -307.381275676861 -707.107872765586 236.241099673903 -451.277053938911 429.613786792958 72096.7540852077 41.6203029911031
393270 671.605943236113 -12615.3396222522 -11943.7336790161 1173.82776912615 684.185739897163 1570.33345285295 1266.96411462834 199.124623888015 71978.7615652732 41.5975855287198
393280 668.956948932747 -12612.4604688758 -11943.5035199431 481.624160005981 -284.459217508588 1019.31444269401 710.017254832517 -75.2448537144474 72072.7799881277 41.6156891920635
393290 665.273055257937 -12608.3960181485 -11943.1229628906 -1089.8432764824 -2121.67292623906 -219.143283653952 -928.713619554164 -147.491942773839 72247.7638688548 41.6493412375045
393300 667.776225494302 -12610.4512911577 -11942.6750656634 -864.398979967891 -1731.84791879355 62.1337877833135 -923.482808893445 10.5568506164704 72218.0732555077 41.6436351143233
393310 675.84531779305 -12617.9845004309 -11942.1391826379 695.941922127048 288.920765783803 1276.53566547156 522.369335125801 251.473861711422 72031.117599503 41.6076688585179
393320 679.668486722359 -12621.2808906921 -11941.6124039698 1053.37784102468 937.517479371671 1201.1532249887 1021.46281871366 526.173354406203 71975.248624015 41.5969087908941
393330 675.525418977072 -12616.8024286672 -11941.2770096901 -217.261223668533 -166.690719672865 -291.127208745816 -193.965742586917 531.000779864364 72114.9195272554 41.6237982372827
393340 668.202852757059 -12609.1284887155 -11940.9256359585 -907.848835008208 -627.852980560155 -917.875631226118 -1177.81789323835 149.991681526313 72217.6642838133 41.6435565047297
393350 662.19523634669 -12602.7444142822 -11940.5491779355 -69.626292126552 409.061655242287 11.1222083329416 -629.062739954887 -474.411808852248 72152.9469920159 41.6311132718203
393360 659.551041154915 -12599.4790525133 -11939.9280113584 716.874810420158 1222.60333240532 895.543023848041 32.4780750071136 -942.322941711833 72071.9796226688 41.6155351446156
393370 662.126642810649 -12601.1925022453 -11939.0658594346 160.758540562826 480.946043866634 470.282139036846 -468.952561215 -1264.78495761841 72119.7986135076 41.6247369312598
393380 666.072722399279 -12603.9910770053 -11937.9183546061 -639.565277698074 -428.097000048649 -17.1395291771261 -1473.45930386845 -1359.3054042074 72200.5343953772 41.6402636543668
393390 669.866830580235 -12606.4585444004 -11936.5917138202 -378.500544170988 -187.46058180834 763.061961682559 -1711.10301238718 -1363.13682262106 72163.1460696778 41.6330747484265
393400 674.93799212071 -12610.0546132941 -11935.1166211734 651.977954295976 909.770571232285 2103.46066256041 -1057.29737090476 -1289.58031187161 72055.8443505908 41.6124293231784
393410 677.895459529407 -12611.5174832928 -11933.6220237634 726.432753941362 966.895526524175 2182.68382165629 -970.281086356393 -883.225311011544 72069.0706208427 41.614975235401
393420 676.101837514608 -12608.2651612479 -11932.1633237333 -535.570651237131 -329.627389562216 538.23064452624 -1815.31520867541 -454.280861381637 72219.8631306557 41.6439791477415
393430 671.696512866267 -12602.3731884901 -11930.6766756238 -950.48022497085 -823.458951500021 -279.283310581949 -1748.69841283058 -198.736454872904 72280.536496737 41.6556378661823
393440 670.538559158173 -12599.7264270986 -11929.1878679404 328.098314025236 391.10721303682 521.698556788413 71.4891722504889 -141.872389926723 72163.7496297415 41.6331908187134
393450 672.362585114881 -12599.9264083842 -11927.5638232693 1107.76080877451 1140.51034073817 873.819486148062 1308.95259943731 -48.8891242897555 72096.5976238991 41.6202728835443
393460 673.172380413516 -12599.1185389978 -11925.9461585843 -193.695855207012 -225.659746616664 -639.233737669023 283.805918664651 155.111222190771 72234.8855093491 41.6468663878382
393470 677.554517082625 -12601.7647632503 -11924.2102461676 -1491.57370274396 -1753.8226757575 -1917.03168059903 -803.866751875354 358.581061975845 72355.303786659 41.6699958388079
393480 684.567930669293 -12607.2609351507 -11922.6930044815 -229.99706382206 -750.005661377404 -552.713274200647 612.727744111871 319.333033811174 72197.7871176039 41.6397355012039
393490 686.39648890861 -12607.566031577 -11921.1695426684 1930.37101591281 1294.19299565577 1733.27937753459 2763.64067454807 63.7532089927194 71964.1504326622 41.594770675397
393500 682.465684142301 -12602.5954409495 -11920.1297568072 985.994972822402 421.684672199166 959.08831088763 1577.2119353804 -331.718382664231 72071.1140183747 41.615368539275
393510 680.221811658055 -12599.2975094711 -11919.075697813 -2181.04310460084 -2378.12556612004 -1983.73734282375 -2181.26640485872 -501.06765017617 72404.1175513695 41.679364477622
393520 685.795950003994 -12604.1536680484 -11918.3577180444 -1975.57391868765 -1694.4443368061 -1828.82401787188 -2403.45340138495 -499.578276010646 72367.031977526 41.672247170021
393530 694.725845826637 -12612.5554460754 -11917.8296002487 2215.91545610683 2819.84123979582 2265.07798782942 1562.82714069524 -483.971155012912 71927.5544490729 41.5877187398727
393540 691.884185865212 -12609.5132297768 -11917.6290439116 3176.11505445709 3863.14221269528 3102.00512745632 2563.19782321969 -275.807650496486 71852.901382058 41.5733258993009
393550 678.799823287547 -12597.0066263451 -11918.2068030576 -1526.3711510937 -922.220268188991 -1712.31937010587 -1944.57381498626 -35.6337250728633 72382.4734046066 41.6752109192404
393560 672.640580004717 -12590.8602779177 -11918.219697913 -3888.59934101822 -3320.05553308762 -4206.67375524039 -4139.06873472665 -9.65391745469348 72664.8767268859 41.729339791979
393570 677.880088900011 -12597.2156946278 -11919.3356057278 120.837911802119 901.849100253981 -348.721047450142 -190.614317397488 -144.465702533286 72217.9560036828 41.6436125770523
393580 684.962169722635 -12604.5737704901 -11919.6116007674 3988.94825856454 4988.29578356032 3387.12536862194 3591.42362351135 -364.534478482264 71803.0301410171 41.563705349633
393590 684.993261528121 -12606.3077717918 -11921.3145102637 1044.3679236673 1903.45390488005 462.224081268339 767.425784853495 -548.627039169863 72116.2613523391 41.624056397039
393600 678.460858457666 -12601.1219702114 -11922.6611117538 -3324.27027499229 -2672.84373141768 -3666.00962242352 -3633.95747113567 -547.950404546015 72594.798332871 41.7159208114484
393610 674.047136677651 -12599.1026077748 -11925.0554710971 -1811.4957212185 -1390.47776617989 -1768.80130776462 -2275.208089711 -340.722749798586 72443.513451332 41.6869225116557
393620 671.538237794086 -12599.0904850019 -11927.5522472078 2516.94550496989 2757.45336372626 2903.71521775002 1889.66793343338 -55.5758409090846 71993.1981177942 41.6003663748617
393630 666.472350710899 -12597.0321226432 -11930.5597719323 2233.97452218113 2295.47930798217 2756.78608739489 1649.65817116634 151.652185657761 72027.4717711759 41.6069668610933
393640 660.71319880481 -12594.4749935144 -11933.7617947096 -1659.77620098733 -1819.90121355368 -1164.95873455144 -1994.46865485688 263.356120810045 72445.1700558663 41.6872402682781
393650 656.385701151908 -12593.0767004735 -11936.6909993216 -2459.43645022765 -2723.4463068565 -2236.38340037331 -2418.47964345313 400.412901045504 72526.5604542036 41.7028459612998
393660 655.843522667948 -12595.4354684076 -11939.5919457397 816.689215330148 565.64936859898 802.485410163059 1081.93286722841 565.091212806604 72167.3883979033 41.6338905744022
393670 659.234683143742 -12600.9429695074 -11941.7082863637 2394.69329957867 2195.67991151514 2536.59024845812 2451.80973876275 744.600755906508 71986.434606197 41.5990635972878
393680 660.80070671391 -12604.5825682803 -11943.7818615664 -136.607942769413 -101.516328939008 266.470508836943 -574.778008206191 863.39340706832 72239.8007957764 41.6478109989851
393690 656.922280274494 -12602.0429546106 -11945.1206743361 -2068.32052850452 -1672.90737478162 -1691.93617157612 -2840.11803915583 858.68721177361 72453.694793818 41.688875338685
393700 654.167832002981 -12600.4654070715 -11946.2975750686 -392.288946650694 298.871203340081 -431.95098336526 -1043.78705992691 705.523094286486 72284.4474345275 41.6563891503593
393710 654.466367772227 -12601.2713716087 -11946.8050038365 1790.25462531298 2573.48858858356 1176.06136729973 1621.21392005565 524.881412741665 72055.9420810849 41.612448136371
393720 655.966349429141 -12603.0669346355 -11947.1005852064 699.239456694777 1382.3070837736 -433.150585513599 1148.56187182433 440.74857917443 72155.4977036187 41.6316038395046
393730 657.998771037745 -12604.9445491413 -11946.9457781036 -1586.05908562948 -1129.22510922244 -2845.76733559813 -783.18481206786 460.979295932811 72374.4602058966 41.6736729591287
393740 659.709672870304 -12606.3748120954 -11946.6651392251 -1102.48589735701 -1050.19360928783 -2090.57379105069 -166.690291732479 468.370831414443 72298.2274051691 41.6590360422213
393750 662.656995716147 -12608.7675515736 -11946.1105558574 1257.14626355781 1045.42835522901 575.693527116753 2150.31690832768 509.980979766829 72027.8996520502 41.6070492499822
393760 668.309057328089 -12613.7365867533 -11945.4275294252 1363.21103130329 1217.06105067403 813.924524855783 2058.64751838007 380.804386789398 71993.2138509498 41.6003694052637
393770 672.099309732645 -12616.8979620965 -11944.7986523639 -854.595303049576 -686.065848460795 -1323.52301300721 -554.197047680726 194.75993518617 72203.5938052912 41.6408517979179
393780 671.594363663428 -12615.7502124317 -11944.1558487683 -1360.12671911615 -956.411912055312 -1651.94975647801 -1472.01848881512 -108.557785154453 72258.6067500839 41.6514246988518
393790 670.832823323151 -12614.4890918783 -11943.6562685551 471.239334780768 873.570284726833 486.112150332134 54.0355692833362 -306.826468002967 72066.2100987517 41.6144246426157
393800 672.230059698075 -12615.311340495 -11943.0812807969 1377.98365090518 1684.13244217465 1567.12649893321 882.692011607681 -194.481740000165 71961.6961487112 41.5942978170916
393810 674.207495738543 -12616.889005805 -11942.6815100665 -80.0394008976907 260.322433648951 -72.2787116244235 -428.161924717584 -11.9844805074244 72108.637294575 41.6225895277174
393820 674.058905867741 -12616.3019406178 -11942.24303475 -1325.16377666044 -732.606699315581 -1548.95638557891 -1693.92824508683 84.0505571273905 72240.2983840205 41.647906622235
393830 670.258131167082 -12612.2319414854 -11941.9738103183 -109.902583475887 718.41391640842 -285.692445566081 -762.429221269982 118.337830308427 72133.0403185183 41.6272843073755
393840 664.948226545282 -12606.5454587369 -11941.5972321916 1326.69193466883 2367.28119583041 1376.55582294756 236.238785228523 124.307134589789 72007.3151206847 41.6030853081601
393850 665.777264790959 -12607.0095546795 -11941.2322898886 278.606657511631 1265.82063360194 586.017897056881 -1016.01855812393 187.1589521455 72118.6885546825 41.6245233692674
393860 672.067462719498 -12612.755862625 -11940.6883999055 -1286.03624838818 -613.825527636293 -700.730687787811 -2543.55252974041 356.85497055187 72283.0972624723 41.6561297877775
393870 672.779143896037 -12613.0273032317 -11940.2481593357 -664.607851108517 -172.834953429303 -88.3969273788444 -1732.5916725174 440.33799048522 72211.4182975212 41.6423559093504
393880 670.481575444724 -12610.2568014606 -11939.7752260158 1096.98596363275 1757.94550121228 1233.04808476269 299.96430492327 350.336436452615 72015.3959499387 41.6046415151145
393890 672.503745922693 -12611.8425431282 -11939.3387972056 879.417401323227 1775.3247479904 411.20188042727 451.725575552004 285.246815157566 72015.7723665104 41.60471400262
393900 678.892082074952 -12617.8375528061 -11938.9454707312 -950.847513587438 -161.050353838776 -1864.36011786705 -827.1320690565 434.993736451371 72177.806476768 41.6358938997959
393910 684.092019486274 -12622.8029309464 -11938.7109114601 -983.728237864187 -570.948219590996 -1852.23851513644 -527.997978865132 641.704742284968 72173.7746664516 41.635118633083
393920 683.167710408323 -12621.8815435028 -11938.7138330945 876.639594478825 898.366923658495 368.919490393335 1362.63236938464 817.43072513369 71988.1519042269 41.5993943884166
393930 678.294032067302 -12617.2002428748 -11938.9062108075 1337.68061050482 976.144097281265 1306.82444998736 1730.07328424584 634.899024280206 71957.6075644803 41.5935100599926
393940 673.329711999337 -12612.6251385018 -11939.2954265025 -506.136842200116 -1028.35854069191 -126.438412607519 -363.613573300918 327.216246953867 72179.4185620467 41.636203875559
393950 667.593566831196 -12607.13217513 -11939.5386082988 -1496.2849788613 -1854.29276954363 -946.081054804748 -1688.48111223551 -100.338910937348 72326.3489624426 41.6644366592185
393960 663.112353846253 -12602.9464172443 -11939.834063398 29.6988926081066 204.145936246909 467.858754712959 -582.908013135553 -416.579697773501 72196.324433985 41.6394543006632
393970 665.082999271217 -12604.9243548512 -11939.84135558 1428.26513088939 2319.62140647812 1764.98175545781 200.192230732242 -599.491715548649 72050.6014229712 41.6114200307853
393980 672.354140158129 -12612.2048167358 -11939.8506765777 147.637524978232 1606.13220193939 268.653476830251 -1431.87310383494 -673.601931631227 72159.8352699465 41.6324380389322
393990 674.733151570386 -12614.4657739913 -11939.7326224209 -1507.94056243498 191.538218182463 -1793.33971601604 -2922.02018947135 -583.801756782469 72320.936363104 41.6633973029707
394000 667.104397141482 -12606.8674502471 -11939.7630531056 -179.362139398092 1388.75933347479 -660.118580253523 -1266.72717141555 -325.376987602907 72220.4539743925 41.6440927130686
