# Fix print output for fix setl_out
270000 454.837103839557 -12936.7138979501 -12481.8767941106 -1055.35544290723 -982.956546742792 -687.758741990551 -1495.35103998833 -425.242469859197 69577.9839088833 41.1298646332568
270010 457.250162281828 -12939.0655207483 -12481.8153584665 148.141456438753 49.0139402735788 465.173899685749 -69.7634706430696 -178.348882293593 69457.5618469611 41.1061224329581
270020 460.864432489442 -12942.3936314806 -12481.5291989912 969.744595629196 825.449590765726 1193.62277873079 890.161417391064 153.599997029365 69369.3639922259 41.0887160850883
270030 462.072563811002 -12943.2639726115 -12481.1914088005 -538.13619125852 -634.321596817342 -394.788238816606 -585.298738141607 301.051542696743 69497.7569915658 41.1140502854539
270040 461.866743393411 -12942.6237882907 -12480.7570448973 -719.873049487046 -816.311664325175 -452.788368132332 -890.519116003627 271.564080216665 69508.7095536346 41.1162099740244
270050 461.544910520531 -12941.778667361 -12480.2337568405 930.533159314557 701.501968289288 1470.0339876244 620.063522029973 132.166370792774 69360.4853918816 41.0869630256543
270060 460.947952010186 -12940.5914513782 -12479.643499368 321.818000946213 -101.673290546614 1066.98177546257 0.145517922684318 115.49613448648 69416.5609834761 41.0980325134607
270070 461.14228118315 -12940.0250525707 -12478.8827713875 -1077.6538401476 -1684.35036761716 -348.499516672617 -1200.11163615303 193.554717644092 69549.7617506725 41.124302861841
270080 462.157340381218 -12940.2159925105 -12478.0586521292 131.480232394421 -441.040807926804 610.962522106343 224.51898300372 311.717118377714 69442.8166867571 41.1032134180122
270090 462.395518313997 -12939.4489854799 -12477.0534671659 1099.28221797464 694.222453107956 1183.91981084574 1419.70438997023 440.771307232069 69360.8399030824 41.0870330259515
270100 461.976348108129 -12937.9578849614 -12475.9815368532 -646.755728173025 -814.372415139863 -841.7451510766 -284.149618302612 417.730064018853 69525.3445804441 41.1194897294378
270110 463.640426955438 -12938.3816184782 -12474.7411915227 -910.918715676557 -854.004768011786 -1194.07107969931 -684.680299318572 260.768380093726 69554.67920437 41.1252720580164
270120 467.548118064289 -12940.9511909636 -12473.4030728993 1091.43645627646 1401.45191433832 701.057738234695 1171.79971625639 146.297793252204 69371.7360274076 41.0891844127171
270130 470.064777154265 -12942.1458787113 -12472.081101557 552.044686813947 975.850788752818 90.212125829543 590.071145859479 207.180280794601 69424.8074714412 41.0996598917401
270140 467.863668504412 -12938.5817684218 -12470.7180999174 -1395.87568156863 -1149.36081999849 -1735.91751069406 -1302.34871401335 241.353338897996 69620.677905437 41.1382755277885
270150 464.455260231624 -12933.933811485 -12469.4785512534 47.6255465992363 -25.6297028775476 -11.3288840021643 179.835226677427 199.855754191718 69513.2503643612 41.11710529042
270160 465.28808605892 -12933.4171700234 -12468.1290839644 1457.78695262034 1135.93108185043 1591.4170054127 1646.01277059791 -42.6768667980801 69390.6726709865 41.0929228250064
270170 468.642052499641 -12935.5174928988 -12466.8754403992 -901.30531782092 -1296.06522309568 -878.972420885913 -528.878309481172 -291.012184198977 69595.4228069469 41.1333005841163
270180 471.158512665803 -12936.8016602184 -12465.6431475526 -1262.49973288761 -1667.10153442776 -1270.90839601061 -849.48926822446 -441.051010865907 69628.1652590444 41.1397502131057
270190 468.887723949361 -12933.4090840053 -12464.521360056 1936.47300154092 1526.7373702797 2204.84914848465 2077.8324858584 -520.696012017479 69361.337593982 41.0871312975101
270200 461.007958320794 -12924.7037498647 -12463.6957915439 696.321181519001 304.863565824478 1222.97675019127 561.123228541247 -607.075096730793 69510.4047307921 41.1165442184369
270210 455.90214054901 -12918.3945416252 -12462.4924010762 -2780.23034030735 -3143.51758351344 -2204.835854176 -2992.33758323261 -700.481202168526 69861.1971033973 41.1855946715288
270220 458.795290387467 -12920.4291780323 -12461.6338876448 189.326080614107 -77.3709334174483 592.396081186624 52.9530940731481 -665.052992872104 69591.1316864442 41.1324551665577
270230 465.936437110825 -12926.1913196628 -12460.254882552 2946.17324050966 2913.75031940206 3043.70963723369 2881.05976489322 -452.534370540236 69326.2391507892 41.0801997815455
270240 470.552819197683 -12929.9609677899 -12459.4081485922 -1578.99476565189 -1362.9062794693 -1688.59208118342 -1685.48593630296 -268.287273247598 69714.3813463437 41.1567234466589
270250 472.089096935502 -12930.638990542 -12458.5498936065 -2287.13275179435 -1974.88534023702 -2501.45478082758 -2385.05813431846 -297.818096517072 69771.6372957851 41.167987609608
270260 472.729917114263 -12930.6628499382 -12457.932932824 2797.88618703322 3043.97599077931 2577.47516000874 2772.20741031161 -384.977701178713 69318.1713924482 41.0786061666519
270270 470.843876448125 -12928.6597962381 -12457.81591979 1137.92153315565 1393.00512145097 960.059087534613 1060.70039048135 -373.076882643209 69482.7785908048 41.1110963917099
270280 467.247237398685 -12924.6240502043 -12457.3768128056 -3198.97104372923 -2893.57587861909 -3276.90703874801 -3426.43021382058 -277.138443120207 69893.7276279024 41.1919863030813
270290 465.783911546771 -12923.3387106958 -12457.5547991491 282.283936709042 570.404675209083 355.570006593268 -79.1228716752213 -229.428429087587 69585.9796477348 41.1314400887937
270300 466.041292156613 -12923.3128230838 -12457.2715309272 2865.62432962184 2983.82523379266 3146.63355122942 2466.41420384346 -197.036488122689 69362.0728431963 41.0872764752864
270310 465.338841225757 -12922.7270559682 -12457.3882147424 -1583.09631054051 -1719.29579335753 -1031.67243327462 -1998.32070498937 -156.447394998072 69759.4627581304 41.1655929862849
270320 465.074231537013 -12922.4031681124 -12457.3289365754 -1920.23089328706 -2258.1288858602 -1300.39909999339 -2202.16469400759 -410.284568911034 69785.9339940851 41.1707992874636
270330 467.155230820821 -12924.4298719476 -12457.2746411268 2139.54461003335 1735.40386386527 2505.34294510787 2177.88702112691 -844.992832550703 69399.0037131159 41.0945672975668
270340 469.854145968813 -12927.2298192435 -12457.3756732747 756.249707794843 567.972316902555 638.757899986582 1062.0189064954 -1075.60541189168 69498.7505483886 41.114246210005
270350 470.368458434568 -12927.7334807042 -12457.3650222696 -2128.28465268265 -1966.74019610085 -2636.59926364615 -1781.51449830095 -923.142824557243 69753.2097443492 41.164362965766
270360 468.814795780718 -12926.4792092057 -12457.6644134249 354.117789774955 668.929670523024 -240.250889550629 633.67458835248 -755.506092323769 69534.0450450312 41.1212049012888
270370 467.779288424943 -12925.5868238633 -12457.8075354383 1767.24515261783 1910.33496051947 1382.79135923087 2008.60913810314 -530.034484761084 69407.9164098147 41.0963264377872
270380 470.280594997429 -12928.3992870827 -12458.1186920853 -1263.49448622092 -1431.9794208567 -1425.52085918551 -932.983178620556 -210.422636863744 69663.0161191111 41.1466129365802
270390 474.468936668289 -12932.978411099 -12458.5094744307 -1159.84156489034 -1402.40687203338 -1346.4828982288 -730.63492440885 136.327917239508 69627.317610303 41.1395832682165
270400 474.839395348976 -12933.8014490435 -12458.9620536945 1849.92966316519 1788.59790888896 1435.29549097752 2325.8955896291 329.866870620807 69349.9396550085 41.0848805995198
270410 471.47010446394 -12931.1973653298 -12459.7272608659 427.24698966938 506.806737452962 -96.168556085482 871.102787640661 309.033667704452 69490.1649685013 41.1125531139461
270420 469.203555559379 -12929.5856375562 -12460.3820819968 -1913.74734794968 -1863.53936858346 -2355.49860497351 -1522.20407029205 179.436835853393 69714.1829852542 41.1566844116703
270430 467.637483715756 -12928.9161830239 -12461.2786993082 475.354258694775 432.817832623245 195.848197474855 797.396745986224 96.3736737590318 69513.1367257058 41.1170828846432
270440 464.023503100159 -12926.0616189479 -12462.0381158478 1610.84880867484 1390.68361291599 1533.12970553461 1908.73310757391 217.458348008839 69425.7633448226 41.0998485173529
270450 462.900223532892 -12925.734470034 -12462.8342465011 -1246.29892058897 -1623.12516647077 -1218.43946831331 -897.332126982828 485.176563236584 69687.2233182848 41.1513783963638
270460 466.961608434975 -12930.5274174718 -12463.5658090369 -1065.31731030198 -1447.01802624156 -1047.25222817564 -701.681676488731 584.220464869613 69663.7324379268 41.1467539678556
270470 470.242762770962 -12934.4962116938 -12464.2534489228 1595.08229138164 1354.34562244657 1452.53327447141 1978.36797722693 488.797485296366 69408.2646208759 41.09639516276
270480 468.218166873797 -12933.3335569898 -12465.115390116 365.972966274348 269.691947630833 21.1119306660255 807.115020526187 70.7647918561383 69511.6294213801 41.1167856918738
270490 464.318262514596 -12930.1952855464 -12465.8770230318 -1652.21421867711 -1810.33680767087 -2015.82649491297 -1130.47935344749 -361.123312427097 69690.9454662226 41.1521110452098
270500 463.839655848894 -12930.5960052141 -12466.7563493652 307.345322463881 91.3302322450482 -84.7917673919952 915.497502538588 -573.37881171502 69501.0110431754 41.1146919615754
270510 466.164611536183 -12933.6211074105 -12467.4564958743 1364.03829861765 1251.19487928792 886.101291336349 1954.81872522869 -494.34307912561 69382.5260175488 41.0913146218194
270520 466.143628123342 -12934.3967815843 -12468.2531534609 -756.321502020097 -754.09973056845 -1194.62088656919 -320.24388892265 -298.255479573171 69569.1973601526 41.1281332197973
270530 463.895089115498 -12932.8969509142 -12469.0018617987 -813.382606210437 -859.786697107929 -1023.44542556085 -556.915695962533 -159.547290524725 69588.6370003492 41.1319636585756
270540 461.187305355109 -12930.8891853146 -12469.7018799595 1156.47665473897 910.010508055102 1290.15105091932 1269.26840524252 -143.377800873481 69432.4004151604 41.1011581843515
270550 459.370904131105 -12929.7406128671 -12470.369708736 181.919034023403 -339.019221049377 659.685331168487 225.090991951094 -115.169487180925 69530.389121143 41.1204842057405
270560 460.891243619052 -12931.7233658971 -12470.8321222781 -1375.82027950904 -2013.88421261132 -769.90718056281 -1343.669445353 -63.0098884965737 69661.1895127155 41.1462533037485
270570 465.509247303521 -12936.8369713043 -12471.3277240007 261.213125420207 -286.85223831957 700.900572804482 369.591041775706 10.2715495521454 69480.4025860268 41.1106277802694
270580 468.018687328314 -12939.7203921519 -12471.7017048235 1267.63539723734 991.249947041251 1357.97672805926 1453.67951661151 61.0961365459777 69362.3469373536 41.0873305959661
270590 466.398941704047 -12938.6121339056 -12472.2131922016 -679.877070037882 -598.519889648939 -855.698985974554 -585.412334490158 -29.5280980047654 69528.5618408061 41.1201239828633
270600 465.769691073192 -12938.4916370802 -12472.721946007 -898.529279135565 -471.781132024407 -1183.08798265788 -1040.71872272441 -252.498584772172 69545.0028752752 41.1233648768548
270610 468.651780175533 -12941.9194161004 -12473.2676359248 1032.88982099346 1642.9070617141 782.049773293886 673.712627972394 -481.018134374971 69361.0592375886 41.0870763347053
270620 470.50406002105 -12944.4343705276 -12473.9303105065 451.883707771037 1171.14510880063 174.416348371306 10.0896661411685 -516.77901599516 69406.8073391484 41.096107543578
270630 469.339595596367 -12944.00803218 -12474.6684365836 -1184.69751882102 -339.583737644466 -1647.60931171803 -1566.89950710057 -303.861190951593 69553.9766668743 41.125133595523
270640 467.852331364559 -12943.4552179986 -12475.6028866341 110.869614370412 961.524508980402 -454.725025812106 -174.190640057048 -14.7601983138134 69439.0638299742 41.1024729658461
270650 466.26330943739 -12942.8363853418 -12476.5730759044 1123.115055352 1653.63993279722 670.351861285276 1045.35337197352 81.2294805671197 69347.4053512542 41.0843801288344
270660 461.659963742371 -12939.3416135848 -12477.6816498424 -529.995408902648 -436.504426194876 -899.084347373342 -254.397453139732 -26.4120701982092 69507.3062679594 41.1159332788346
270670 455.480470178318 -12934.2018884886 -12478.7214183103 -804.55825055194 -993.153323827832 -1233.59679299191 -186.924634836084 -189.867971132311 69555.324903949 41.1253993175527
270680 453.323084877356 -12932.9917499733 -12479.6686650959 791.179160310415 516.692343243914 262.465226608409 1594.37991107893 -223.940619585959 69419.1730379548 41.0985479954145
270690 454.90007520136 -12935.3819744839 -12480.4818992825 371.511792337185 217.221203236434 -167.88470612696 1065.19887990207 0.648206040815131 69453.3010145925 41.1052818723151
270700 455.267650221622 -12936.3930238922 -12481.1253736706 -1017.39462070858 -947.04217262441 -1457.54876283873 -647.592926662597 352.396524521522 69576.5371959615 41.1295795645434
270710 455.752664194644 -12937.4549610689 -12481.7022968742 29.4902018387399 255.949203680607 -185.020725378243 17.5421272138529 615.537051323381 69471.9812979884 41.1089667918798
270720 459.170220235756 -12941.2786595784 -12482.1084393426 1140.96663266577 1390.33151759384 1094.37994108538 938.188439318079 602.174973264532 69363.4439783908 41.087547208447
270730 460.019091163928 -12942.5537178856 -12482.5346267216 -529.557449152897 -415.614812477432 -358.094431639139 -814.963103342121 369.287514974331 69512.3873669861 41.1169351353268
270740 456.885548506799 -12939.7577759399 -12482.8722274331 -973.496525424857 -1044.27183003574 -550.018768524698 -1326.19897771414 105.773400430483 69563.7903554809 41.127067682278
270750 455.901786866867 -12939.056620218 -12483.1548333511 1023.93031218436 938.013078747105 1574.01868438587 559.75917342011 18.1432767460841 69384.2179172295 41.0916486243461
270760 457.307447310897 -12940.6479130362 -12483.3404657253 575.933031558199 551.336403181618 1074.85279381575 101.609897677224 95.8045244920497 69413.5461937659 41.097437536712
270770 457.420836582088 -12940.7486809836 -12483.3278444015 -1536.57435022008 -1606.89185847492 -1156.80009320317 -1846.03109898214 244.851212488035 69591.9014354962 41.132606821665
270780 457.531854821426 -12940.8042880411 -12483.2724332197 151.499488580108 46.6013591973639 392.760961200309 15.1361453426536 397.004111383097 69436.0920397805 41.1018866020045
270790 459.165685126397 -12942.0237224168 -12482.8580372904 1898.59284376192 1763.20075241525 2056.90880056048 1875.66897831003 367.31805040142 69286.6902024766 41.0723865410256
270800 460.485815564476 -12942.8790613159 -12482.3932457515 -1181.39665501561 -1339.39375171589 -1005.26658407536 -1199.52962925559 215.064546220564 69562.9432293323 41.1269007373981
270810 462.180508231867 -12943.8122904559 -12481.631782224 -1766.65393477674 -1866.18492243443 -1613.11777110705 -1820.65911078875 50.753518185488 69603.0552192248 41.1348042023132
270820 464.474035298618 -12945.1511892194 -12480.6771539208 2220.11966871064 2200.79821289267 2310.80143581343 2148.75935742582 -27.7887952346808 69230.0553515884 41.0611926519828
270830 465.417374481284 -12945.1619480372 -12479.7445735559 1015.55497926366 1015.27759398544 1117.93738059001 913.449963215528 62.8107203936937 69330.0344687652 41.0809494235161
270840 466.727510784694 -12945.1649730915 -12478.4374623068 -2791.76522457886 -2831.24920953153 -2678.92629200965 -2865.12017219541 286.073738129417 69677.9962769154 41.1495620795292
270850 469.168619143748 -12946.6628840177 -12477.494264874 293.978255815323 220.62749735244 468.514019314347 192.793250779176 426.57831195604 69412.1021242295 41.0971525396551
270860 469.796770999074 -12945.9728717553 -12476.1761007563 2837.43756519975 2701.86204701305 3060.64986312122 2749.80078546499 418.012308028987 69202.4581373374 41.0557358450547
270870 466.751822940184 -12942.0325491494 -12475.2807262092 -1599.59748284149 -1923.25941028859 -1377.04629137435 -1498.48674686154 301.205815355317 69617.5875397011 41.137666828371
270880 461.904313327814 -12936.062245865 -12474.1579325372 -2035.82118507939 -2526.9147856719 -1788.33261856722 -1792.21615099906 184.173460334761 69682.1990949476 41.1503894121817
270890 459.28631299765 -12932.295249188 -12473.0089361903 2410.26099640082 1900.56618406535 2715.61547183303 2614.60133330408 178.431971965157 69297.721925727 41.0745662533441
270900 461.263228772667 -12933.2056675964 -12471.9424388237 680.228617376004 197.004788585262 946.888164635427 896.79289890733 272.03503068935 69440.5623144053 41.1027686254234
270910 464.840256363507 -12935.346901426 -12470.5066450625 -2539.20223721362 -2982.16457534139 -2371.67334970788 -2263.76878659159 431.789888303958 69724.4175456034 41.1586983488696
270920 465.529398992246 -12934.9304150854 -12469.4010160931 601.007705761932 226.579816338619 732.587389065019 843.85591188216 513.802355271562 69447.6293821643 41.1041629411171
270930 466.32570319203 -12934.3916699664 -12468.0659667743 2131.21373736594 1803.04011519595 2388.66284931639 2201.93824758546 483.174471468356 69321.8518802953 41.0793331844597
270940 469.436385997926 -12936.4043567754 -12466.9679707774 -1534.5594758779 -1841.6411280007 -1060.28787270355 -1701.74942692944 415.50602225877 69653.2013908655 41.1446804822508
270950 470.454029254056 -12936.3928898254 -12465.9388605714 -1230.04842262783 -1432.93254029917 -649.71232869969 -1607.50039888463 339.314811436682 69629.1611765782 41.1399463578845
270960 467.689439502017 -12932.6506566951 -12464.9612171931 2033.3512522963 1940.11372727968 2551.42571864969 1608.51431095952 230.010894753528 69354.2257718191 41.0857269879983
270970 462.66537077106 -12926.9312339553 -12464.2658631843 262.890364825107 256.340455165322 547.113237899215 -14.7825985892253 92.159945936011 69534.4919302556 41.1212929944403
270980 460.549895187284 -12923.8580390063 -12463.308143819 -1933.36149603082 -1937.8148566005 -1790.80769101887 -2071.46194047309 66.9769778884058 69748.1735664154 41.1633722536699
270990 464.743480293097 -12927.2543779838 -12462.5108976907 417.259444409619 361.774669801852 574.869640521734 315.134022905276 215.930593717099 69526.0002646833 41.1196189931701
271000 470.062076061756 -12931.6122122816 -12461.5501362198 1452.59079575189 1362.62737768406 1640.38285174015 1354.76215783148 494.626992965472 69417.6205063545 41.0982416090212
271010 470.979357327215 -12931.7667878351 -12460.7874305079 -925.870070612827 -1044.75004453596 -676.316617566772 -1056.54354973576 663.854523054056 69625.624893221 41.1392498825949
271020 471.062349450592 -12931.1878494537 -12460.1255000031 -814.315824131281 -1023.28902497128 -484.958591860054 -934.699855562499 533.902900926414 69617.0424051212 41.1375594530939
271030 473.906892977988 -12933.4824223572 -12459.5755293792 1157.93379306174 784.429748904795 1460.57492374277 1228.79670653765 152.820965389801 69439.0046925702 41.1024612976097
271040 475.497710126253 -12934.7543353229 -12459.2566251966 212.254477891492 -247.816429222972 372.663449661108 511.916413236339 -303.656576810568 69521.704217616 41.1187720416387
271050 473.629678910194 -12932.7001098203 -12459.0704309101 -1046.01174809134 -1453.53556385023 -1091.91684775003 -592.582832673738 -661.069787290015 69644.76721612 41.1430197046374
271060 471.150313269295 -12930.2657468734 -12459.1154336041 228.70514107528 -31.597526815639 -53.2124785220661 770.925428563538 -863.549454201292 69533.1102161673 41.121020620042
271070 468.856165191686 -12928.0983274031 -12459.2421622114 908.572630900898 767.539707869433 459.000095317944 1499.17808951531 -897.454621121002 69480.3300819267 41.1106134803614
271080 463.765212694681 -12923.2402417153 -12459.4750290206 -468.671983967962 -616.66357484642 -762.251710742312 -27.1006663151559 -892.353552295271 69630.5195165258 41.1402138783135
271090 457.901174777134 -12917.54207202 -12459.6408972429 -618.649409763225 -795.095597954853 -533.816788704916 -527.035842629908 -774.816879027209 69671.8707365483 41.1483561957787
271100 457.226302105145 -12916.9218353122 -12459.6955332071 559.297856810832 362.064673669285 1042.96584128379 272.863055479409 -635.449005401623 69573.0897593908 41.1289002456984
271110 463.337035456376 -12922.9471363898 -12459.6101009334 64.1389506215429 -196.635601329005 828.322019522093 -439.269566328466 -508.91489408023 69591.3509682562 41.1324983693318
271120 470.900454626709 -12930.3762476818 -12459.4757930551 -616.956255657699 -914.758484429356 159.491875078018 -1095.60215762176 -443.176551688038 69621.9659822745 41.1385292308292
271130 473.461077813747 -12932.907791361 -12459.4467135472 366.94094362232 137.133547507896 938.125947584968 25.5633357740958 -389.285411041706 69520.3948404892 41.1185138953125
271140 470.602917757001 -12930.1647532712 -12459.5618355142 545.104712948178 435.588950505662 902.580339685576 297.144848653306 -490.449394757975 69503.6432386267 41.1152109973772
271150 467.108805683384 -12926.9180794024 -12459.809273719 -552.333309777274 -638.789326564979 -341.086339191864 -677.124263574979 -618.850679666038 69610.7254457186 41.136315159339
271160 466.54303400791 -12926.6805247085 -12460.1374907006 -333.992710455983 -551.159253776981 -132.896702446144 -317.922175144828 -579.269606609328 69594.2260662855 41.1330648110653
271170 468.891702266213 -12929.4217639536 -12460.5300616874 606.931223837875 385.262057792499 849.292497517483 586.239116203649 -362.909448907698 69499.2320320982 41.1143411555683
271180 471.59918178045 -12932.6787596929 -12461.0795779125 81.7611376195127 -49.7027186824656 346.680816292951 -51.6946847519501 -264.2827086369 69539.6125774309 41.1223023854074
271190 471.521492541338 -12933.3459300192 -12461.8244374779 -584.163779801158 -674.738796391786 -315.439975647592 -762.312567364105 -455.290844879559 69601.6729453568 41.1345318965399
271200 468.483377767547 -12931.3066510788 -12462.8232733112 257.552246616283 132.859209613954 532.343677261298 107.453852973601 -709.507888706846 69535.700076432 41.1215311508037
271210 465.950206692119 -12929.9735504686 -12464.0233437765 472.686490021486 263.721365813367 750.401183631344 403.936920619753 -691.360256654538 69525.3725037332 41.1194952343428
271220 466.017112841149 -12931.4149761887 -12465.3978633476 -622.272176482249 -897.782553142079 -403.492728562791 -565.541247741879 -456.012772676464 69618.5852810453 41.1378633522494
271230 466.585432591154 -12933.5464219093 -12466.9609893182 -299.314616044249 -548.375343686202 -137.915048142996 -211.653456303553 -272.50084602355 69572.0100588652 41.1286874856352
271240 462.994649074646 -12931.618868568 -12468.6242194933 859.528940938029 697.635272015668 1023.01276525176 857.938785546646 -340.417196708891 69455.9789176353 41.1058101627544
271250 457.198888941834 -12927.5307903456 -12470.3319014038 -33.7236034157481 -78.9360082934087 155.207281120035 -177.442083073869 -495.301259246291 69530.7316777087 41.1205517352955
271260 458.701919009634 -12930.5849986808 -12471.8830796712 -1023.15926716731 -967.840928423841 -833.148794025885 -1268.4880790522 -550.064812432881 69599.3858707726 41.1340813385341
271270 466.093732740549 -12939.4691780094 -12473.3754452688 472.348120864118 616.413322509073 601.666137326175 198.964902757111 -382.957619771204 69436.4205888703 41.101951428839
271280 468.843648926716 -12943.6290107579 -12474.7853618312 1066.6340144158 1211.9278838524 1170.86363749638 817.110521898624 -118.340033761259 69376.6839959286 41.0901612906657
271290 465.100689498192 -12941.323090098 -12476.2224005998 -843.590780036074 -855.042280247212 -776.732698583927 -898.997361277076 154.494318720944 69561.3095107311 41.1265787733101
271300 459.936637657659 -12937.4709779315 -12477.5343402739 -740.876501623366 -915.758809235408 -741.565050633178 -565.305645001518 359.21843866066 69565.9050791204 41.1274844292691
271310 455.152027925052 -12933.7614127013 -12478.6093847763 1157.53053527257 928.87104639574 1065.52544368939 1478.19511573258 419.43763462196 69398.8110550866 41.0945292700964
271320 453.311377834098 -12932.762687866 -12479.4513100319 156.252955350602 0.989173185792633 -74.4181615272637 542.187854393283 345.104247363889 69483.2830906135 41.1111958911374
271330 458.715611442505 -12938.6544755764 -12479.9388641339 -1463.20976580749 -1488.2844178412 -1758.75889591375 -1142.5859836675 279.807190806307 69602.7696906244 41.1347479539244
271340 468.103031846065 -12948.494673304 -12480.3916414579 451.507059802587 453.053592802274 260.140582291947 641.327004313544 275.062513433379 69394.1913404847 41.0936173946781
271350 470.224919420323 -12950.9433475577 -12480.7184281374 1513.7101903356 1394.92627014352 1474.87732324895 1671.32697761432 320.148808616521 69286.0671573306 41.072263429224
271360 461.93493959931 -12943.1331786951 -12481.1982390958 -810.884939598937 -1046.71669972441 -826.452592714406 -559.485526357993 434.129925407907 69524.6948201421 41.1193616327681
271370 454.09731308346 -12935.5773610377 -12481.4800479542 -1171.26100789129 -1429.95238519692 -1161.08263633913 -922.748002137822 724.373510069214 69585.8217422692 41.1314089767596
271380 456.217862582837 -12937.8110206937 -12481.5931581108 1127.86896269986 848.777978637146 1188.74442638459 1346.08448307785 955.536986812529 69380.1968989015 41.0908548152774
271390 464.158868559394 -12945.7157998628 -12481.5569313034 420.566499751867 207.245676097422 441.19940078386 613.254422374312 946.49471282003 69414.4033778845 41.097606706025
271400 467.745345738985 -12949.1888806592 -12481.4435349202 -1261.68325643588 -1174.97200779822 -1359.9543549265 -1250.12340658293 654.139804790408 69546.2586834231 41.1236124036059
271410 465.112466169955 -12946.5544689392 -12481.4420027692 413.591108249069 853.266783731014 278.428127055795 109.078413960395 220.368878512775 69405.6482081518 41.0958787666079
271420 459.715386347229 -12941.0937731142 -12481.3783867669 1222.21643668159 1857.36410364378 1167.62757774276 641.657628658236 -268.380325398728 69359.0345139681 41.0866765388912
271430 455.999425695696 -12937.2442124463 -12481.2447867506 -1064.80766339897 -439.448070554337 -1058.63511454856 -1696.339805094 -443.438091687836 69581.7455309543 41.1306058266144
271440 458.06479866835 -12939.0145620507 -12480.9497633824 -907.523026307761 -387.97586495624 -786.939794718759 -1547.65341924828 -310.800962435864 69565.805445046 41.1274647946468
271450 462.367545534601 -12942.8502001539 -12480.4826546193 1425.54823747832 1898.74312598847 1660.42255335727 717.479033089234 -176.882081041718 69344.154153037 41.0837380689994
271460 460.411637324758 -12940.4555153749 -12480.0438780501 440.641805173793 818.883861750646 613.331888986633 -110.290335215908 -183.320459981899 69441.1748155475 41.102889474189
271470 453.145524869867 -12932.5304697543 -12479.3849448844 -1474.22730020049 -1322.35401540178 -1579.59908412059 -1520.72880107911 -237.446246282264 69644.6333750184 41.1429933488377
271480 449.222172546532 -12927.8585846457 -12478.6364120992 161.704602053936 49.4714257498185 -63.0045952029257 498.646975614907 -158.219745300936 69519.9844091619 41.1184329772861
271490 451.618201188596 -12929.1395997065 -12477.5213985179 1210.39755938337 855.602223242791 1191.81653937023 1583.77391553708 77.1824769367903 69422.391840636 41.0991831997157
271500 457.805921005023 -12934.0410349803 -12476.2351139753 -891.633791710971 -1442.37155000405 -592.661150340343 -639.868674788522 222.157893995544 69588.9675683604 41.1320287884132
271510 463.45622907013 -12938.3058248264 -12474.8495957563 -807.636899859868 -1488.14359731056 -412.379961921368 -522.38714034768 53.9735118770491 69561.3958371614 41.1265957861643
271520 467.076688350374 -12940.5335239255 -12473.4568355752 1404.47589753114 705.433104246794 1657.66644715726 1850.32814118938 -266.629970942741 69353.7547951918 41.0856339849611
271530 469.209905027865 -12941.5272761182 -12472.3173710903 239.326827880155 -211.544254310502 204.814347698235 724.710390252726 -495.337429123714 69455.819979424 41.1057788081754
271540 470.021190338626 -12941.2986640647 -12471.2774737261 -1521.49199718776 -1562.22613604065 -1776.77426524937 -1225.47559027326 -580.285619757296 69618.4513843753 41.137836978897
271550 470.974599694041 -12941.5640290234 -12470.5894293294 483.062458446197 788.916017221063 202.933263493816 457.338094623711 -491.725703210262 69443.3050156899 41.1033097651088
271560 471.527861011972 -12941.5605691117 -12470.0327080997 1361.40156463806 1711.56812231526 1309.47257979223 1063.16399180668 -295.110224395475 69368.7859618241 41.0886019588532
271570 468.437906115286 -12938.1740612741 -12469.7361551588 -1087.68635481937 -949.93970057558 -740.207639205786 -1572.91172467675 -115.667680948339 69601.3579614011 41.1344698446927
271580 462.525625592185 -12932.0459856954 -12469.5203601033 -812.795215934627 -909.102142004976 -164.922772806789 -1364.3607329921 33.0267859620725 69603.5795840729 41.1349075004185
271590 459.264996453484 -12928.534293037 -12469.2692965836 1465.79683852159 1265.876073192 2165.63339349913 965.881048873645 154.210546117703 69417.2560778107 41.0981696897282
271600 460.882540977775 -12929.9457338835 -12469.0631929058 10.7498682687158 -255.502397627124 632.869336760421 -345.11733432715 72.5587681431614 69548.1354909839 41.1239823272312
271610 463.756306629953 -12932.4492772881 -12468.6929706581 -1636.5825033308 -1899.27425835329 -1206.54981629466 -1803.92343534445 -138.542201259495 69690.3682492289 41.1519974304341
271620 464.847698314398 -12933.3182196983 -12468.4705213839 774.506464277278 627.304286231615 890.788025459693 805.427081140526 -365.350683747163 69464.8166731778 41.1075535581154
271630 463.181843457677 -12931.3535609706 -12468.171717513 1507.49129255192 1561.57389410283 1284.82401713851 1676.07596641441 -469.768346909345 69403.008418499 41.0953577434455
271640 460.985618549547 -12928.8908739831 -12467.9052554336 -1565.51054632592 -1443.04645944954 -2063.50369861881 -1189.98148090943 -380.211675137967 69683.1145691674 41.1505696205953
271650 462.294144828304 -12929.9424017156 -12467.6482568873 -962.526106965732 -847.068723155212 -1549.00200059895 -491.507597143018 -190.101487119589 69624.5235939338 41.1390329755509
271660 466.15502451355 -12933.3753049087 -12467.2202803952 2107.86241045738 2236.62469375677 1571.4989751887 2515.46356242664 49.9684571076743 69334.3610327437 41.0818039625345
271670 466.846643956219 -12933.9012400624 -12467.0545961062 173.969333722269 417.630455794338 -302.318035793762 406.595581166239 201.558541301499 69508.4112983579 41.1161511653552
271680 465.069650492027 -12931.7225415584 -12466.6528910664 -2310.82942290794 -1868.42628611093 -2804.16793091636 -2259.8940516965 50.0265663707765 69742.4005223845 41.162236527313
271690 465.966976705953 -12932.525842424 -12466.5588657181 848.289781898793 1425.92529560511 399.232714013675 719.711336077611 -261.799434244181 69456.9769748731 41.1060070536747
271700 467.122589520915 -12933.3789931798 -12466.2564036589 2152.95310492528 2702.12851847029 1887.27001233794 1869.4607839676 -492.438967310523 69345.3493390248 41.0839741015175
271710 466.17338932452 -12932.2949439112 -12466.1215545867 -1914.57958870938 -1532.76873376016 -2019.15264569206 -2191.81738667592 -585.263681831514 69719.8244673987 41.1577945561084
271720 465.34838076374 -12931.3708601277 -12466.022479364 -1429.16556933666 -1220.70560312325 -1522.25506297612 -1544.5360419106 -609.088789253299 69680.0761965345 41.1499715197852
271730 465.89639022029 -12931.6419112193 -12465.745520999 2698.91963649196 2806.69621552305 2510.83078933796 2779.23190461486 -597.333256445013 69311.51199894 41.0772906512613
271740 466.79049359851 -12932.625584337 -12465.8350907385 221.401955785799 468.799825709007 -59.9552715917535 255.36131324016 -457.444112026213 69533.3753045596 41.1210728766402
271750 466.107888349447 -12931.6198947146 -12465.5120063652 -2895.32747374335 -2425.50480592229 -3204.07018942912 -3056.40742587863 -137.835388277188 69814.8945217039 41.1764936688599
271760 465.40203540909 -12931.0583389754 -12465.6563035663 1028.9127791217 1624.16524545118 712.902841232882 749.670250681025 126.33521445443 69446.4372978447 41.1039277523429
271770 465.404868672228 -12930.840467498 -12465.4355988257 2511.90106538688 3092.50699059803 2114.43738808437 2328.75881747824 150.954281370859 69311.2004282384 41.0772291006421
271780 466.109982359859 -12931.530138043 -12465.4201556832 -2102.66364028694 -1767.46096480691 -2596.52106438568 -1944.00889166824 -96.9069121728033 69723.8219040754 41.1585811450709
271790 466.735670199444 -12932.1705907759 -12465.4349205765 -1392.27179255942 -1306.72135863983 -1904.63174751422 -965.462271524211 -401.731001811735 69662.6155164902 41.1465340641574
271800 464.891533312015 -12930.1659480627 -12465.2744147507 2621.028654212 2656.16522691175 2137.56224667214 3069.35848905214 -695.265753836953 69314.293293058 41.0778400861986
271810 462.462380474986 -12927.9049270109 -12465.4425465359 154.201434460324 199.34901666903 -345.206968069405 608.462254781346 -861.107843227491 69547.9405178182 41.1239438978256
271820 462.462627616826 -12927.6539351205 -12465.1913075037 -2432.05710547346 -2348.96594596729 -2833.17987335792 -2114.02549709517 -892.502500125742 69778.6805969051 41.1693728371309
271830 464.883216079348 -12930.0873648661 -12465.2041487867 656.91501776602 841.567381632541 502.998596189884 626.179075475633 -671.268093534037 69471.2394132772 41.1088204584374
271840 468.835904010097 -12933.7685844771 -12464.932680467 1740.82902663414 2113.00624192258 1827.58434705834 1281.89649092149 -252.492659406289 69354.7693701375 41.0858343310069
271850 469.982972058834 -12934.8292448411 -12464.8462727822 -1075.68784938279 -485.605086469215 -858.133462165579 -1883.32499951356 117.381382106945 69609.2812717335 41.1360306801554
271860 468.675170994275 -12933.4580648186 -12464.7828938243 -832.762284267969 -153.2067754341 -596.509015943271 -1748.57106142653 401.230284644228 69602.4468041713 41.1346843459508
271870 469.602424688539 -12934.3790462562 -12464.7766215677 1061.60103744628 1641.62433627314 1240.99864027854 302.180135787147 418.520050538737 69426.2761780598 41.0999497156951
271880 472.337344553485 -12937.2536872631 -12464.9163427096 131.080088640734 462.980329706508 319.145429813156 -388.885493597463 136.21187582284 69492.1620788409 41.1129469611349
271890 471.709447497873 -12936.8914384608 -12465.181990963 -825.961155710719 -718.716876993974 -568.108221053493 -1191.05836908469 -125.619182834513 69578.580548459 41.1299821974318
271900 468.249642402862 -12933.9177519872 -12465.6681095843 358.844386848359 425.860511289386 585.704638637737 64.9680106179636 -66.1622251541561 69485.9443933951 41.1117207557201
271910 466.436799288527 -12932.7397078171 -12466.3029085286 548.427655915016 627.132667127438 606.719452336413 411.430848281203 168.404399141975 69477.9500250787 41.1101440587074
271920 466.057253932163 -12933.1379978143 -12467.0807438821 -609.8712104579 -487.950538732366 -829.240170950686 -512.422921690633 363.819457965773 69585.2446825371 41.131295278572
271930 465.608613174012 -12933.6218929942 -12468.0132798202 -242.602690462067 -19.4940892821189 -730.708118945369 22.3941368412745 407.829063080617 69554.3996967054 41.1252169702098
271940 464.586499723515 -12933.6580158594 -12469.0715161359 657.684108571081 1022.01987391609 -31.5588697185359 982.591321515683 312.348829877586 69472.5185600851 41.1090727637759
271950 460.705974358536 -12930.9688856245 -12470.262911266 2.79691995845802 439.403328094357 -667.934709805942 236.922141586967 192.918405853823 69539.9655145209 41.1223719551613
271960 454.53465397129 -12925.9637744202 -12471.4291204489 -608.773000006071 -230.535814278917 -905.464048918452 -690.319136820843 27.3227381368676 69605.6845816748 41.1353221726201
271970 451.874264942001 -12924.3641742086 -12472.4899092666 256.67657000965 550.566357255835 537.877999955851 -318.414647182745 -109.544824398133 69536.5974294986 41.1217080401488
271980 454.468835270239 -12927.8238170544 -12473.3549817842 286.356781800062 574.714800195014 1009.11723740738 -724.761692202213 -209.586484630405 69518.6327920596 41.1181664988153
271990 457.293395960461 -12931.3563123246 -12474.0629163641 -373.356342931377 -57.8111174236403 528.798039350864 -1591.05595072137 -251.410786161942 69565.4984614888 41.1274042980953
272000 455.948185724003 -12930.5899591993 -12474.6417734753 -7.96460331100712 271.00373355009 893.552236509503 -1188.44977999262 -217.991316054663 69533.036801972 41.1210061479549
272010 454.468744159855 -12929.5212180937 -12475.0524739339 341.018127281397 531.535993679973 1141.59756985589 -650.079181691665 33.0136933558203 69497.6604777579 41.1140312533031
272020 459.599556614028 -12934.8953507408 -12475.2957941268 -309.447610180012 -157.573220270197 239.536126193906 -1010.30573646374 312.66158057812 69533.5460880967 41.1211065429503
272030 469.153133254959 -12944.6176291957 -12475.4644959408 -406.655552047051 -226.563995880131 -189.590816212878 -803.811844048141 431.509068139616 69494.1943018632 41.1133477250982
272040 475.91326135792 -12951.6155099157 -12475.7022485578 615.038465667094 843.881304473831 511.509199645314 489.724892882143 363.368890377827 69365.1111464379 41.0878763890312
272050 475.366836030086 -12951.5444471635 -12476.1776111335 413.803636686792 716.921378947147 195.845499898025 328.644031215193 299.045544036684 69377.3889603449 41.0903004680847
272060 470.398049172967 -12947.2744870314 -12476.8764378585 -677.714589708553 -336.15367517742 -856.28470696917 -840.705386979063 242.947920698636 69488.7391619787 41.1122719281249
272070 467.100781250527 -12944.8548573616 -12477.7540761111 -64.4412119390299 231.035590026787 -198.371593724155 -225.987632119717 120.668785103079 69454.7179018564 41.1055613942071
272080 465.192639286208 -12943.9105745424 -12478.7179352562 665.578658882219 846.311662114319 459.371040995454 691.053273536884 -124.228506826096 69400.463387787 41.0948554106292
272090 461.015825332832 -12940.7661635806 -12479.7503382477 -305.560819059643 -251.37885352308 -556.134373258293 -109.16923039756 -198.412090458965 69493.8016926982 41.1132703013284
272100 455.991090712369 -12936.714040622 -12480.7229499096 -551.956103800852 -626.567138105014 -692.037138137156 -337.264035160388 -96.7457537094458 69526.7739464249 41.1197715182701
272110 452.51079242883 -12934.0750387815 -12481.5642463527 629.676990541009 528.890972116726 694.713970262378 665.426029243929 6.78481422953591 69435.6744007627 41.1018041963206
272120 450.441736708731 -12932.649191655 -12482.2074549462 226.461420077185 250.016717906313 390.100389665148 39.267152660101 40.3500438019169 69477.3476058877 41.1100252411003
272130 450.492017315394 -12933.0499030921 -12482.5578857767 -937.477151726337 -715.164838594212 -828.787678707167 -1268.47893787764 -38.4854855967949 69577.0810883391 41.1296867367187
272140 455.529653295931 -12938.23367167 -12482.7040183741 10.2334860037672 385.420414458058 73.2651424749489 -427.985098921713 -220.490255895798 69462.1081272165 41.1070192677573
272150 463.634881553595 -12946.2199315927 -12482.5850500391 1067.37891512839 1452.58669647075 1356.30610039288 393.243948521533 -299.261780056918 69329.158880631 41.0807764819064
272160 468.226813986303 -12950.7102227753 -12482.483408789 -390.22688118938 -30.3757635054296 196.36529029243 -1336.67017035514 -32.7033340625731 69433.3542811702 41.101346400122
272170 467.154539312062 -12949.5412186345 -12482.3866793224 -825.527169256082 -457.099185830105 -50.2417606328122 -1969.24056130533 379.537338483379 69471.9217040027 41.108955037271
272180 462.40683791502 -12944.7277708106 -12482.3209328956 1067.40584594559 1401.05456737513 1788.65694994442 12.5060205172326 732.674630126385 69324.4256870719 41.0798415809454
272190 457.347996898523 -12939.5892435637 -12482.2412466652 417.662811615889 663.573283128594 956.572184609714 -367.157032890638 862.62826630739 69403.8132804778 41.0955166028564
272200 457.795676801803 -12939.6813815549 -12481.8857047531 -1616.84835703915 -1506.08290754637 -1138.43087965824 -2206.03128391286 826.700335683767 69593.6623830255 41.1329537573952
272210 463.838161557909 -12945.3292619442 -12481.4911003863 168.628224760688 90.5041202182063 839.582865160604 -424.202311096746 624.111897319619 69424.6603042653 41.0996308506073
272220 467.295924117932 -12948.1110565117 -12480.8151323938 1848.74985903601 1541.14328700805 2671.14648754531 1333.95980255466 398.137556421669 69275.9617862468 41.0702665359561
272230 462.709256093558 -12942.9563221966 -12480.247066103 -886.729866202248 -1450.22984540256 -16.6317194687976 -1193.32803373539 223.101043922631 69544.0002380919 41.1231672493658
272240 455.772629052175 -12935.1498168241 -12479.3771877719 -1552.06097578661 -2222.02547115473 -769.664435250381 -1664.49302095473 137.383077265202 69633.0161877525 41.1407055801389
272250 454.612087778745 -12932.906177961 -12478.2940901822 1565.32530010026 937.39240149167 2180.78649136619 1577.79700744292 200.974373000477 69369.9049692742 41.0888228949406
272260 457.728591705749 -12934.6384443379 -12476.9098526321 725.005881121286 203.476130885676 1225.11903240553 746.422480072647 448.928083609254 69441.0934473538 41.102873419981
272270 460.685104759833 -12935.7472409722 -12475.0621362124 -2025.40106608993 -2485.56873015807 -1520.39012953407 -2070.24433857764 571.312582393873 69676.9145568269 41.1493491355074
272280 464.695406872645 -12937.9114614709 -12473.2160545983 247.373679128675 -197.153543573985 926.530958557783 12.7436224022408 363.483702867349 69465.1380055232 41.1076169435186
272290 468.169233698945 -12939.2502292804 -12471.0809955815 2038.61415467006 1702.89194558814 2940.6993697144 1472.25114870764 91.6011070655447 69308.5288774506 41.0767013296947
272300 468.860367086265 -12938.0990639274 -12469.2386968412 -1153.57966702311 -1323.82844240155 -216.277541509299 -1920.63301715849 -13.597517838404 69602.1590797559 41.1346276646613
272310 470.268979753957 -12937.7520012602 -12467.4830215062 -1565.15111442302 -1565.67207783237 -793.594132003295 -2336.18713343341 22.2651110290331 69638.8855370222 41.1418614608754
272320 474.083397211138 -12940.0764650849 -12465.9930678738 1813.94718152932 1860.1868028722 2442.96753961636 1138.68720209941 219.410924860224 69327.9585262315 41.0805393917884
272330 474.607731840164 -12939.5319095277 -12464.9241776875 838.675514672707 817.088414732527 1429.90341176562 269.034717519987 499.578105804973 69422.4805805929 41.09920071154
272340 468.149440822909 -12932.1128926023 -12463.9634517794 -1966.82036571069 -2218.61139902404 -1352.31310395072 -2329.53659415733 665.342711715744 69705.6092628751 41.1549971392594
272350 462.311202771768 -12925.6623889026 -12463.3511861308 128.607662129829 -300.41932972847 775.420003626069 -89.1776875081173 615.289153244366 69551.0008533875 41.1245470847371
272360 462.406539413657 -12925.0357476858 -12462.6292082722 1764.20672073446 1431.78106526513 2398.76220459637 1462.07689234188 374.539472956108 69425.7135565801 41.0998386925194
272370 463.192529407551 -12925.246999127 -12462.0544697194 -982.954423276385 -974.833178302424 -372.800483820425 -1601.22960770631 195.716808166772 69688.0634091308 41.1515437578926
272380 461.544652196536 -12922.940250551 -12461.3955983544 -1319.99029035533 -1198.4916366432 -642.389817655151 -2119.08941676763 129.643898595996 69725.6248322004 41.1589359034204
272390 460.29661485269 -12921.0304601164 -12460.7338452638 1572.74648695868 1546.57334267433 2359.35655793553 812.309560266183 140.644867927051 69474.9010860787 41.1095426969084
272400 461.134374030802 -12921.2523917183 -12460.1180176875 489.599965533534 387.120814354459 1133.26820211828 -51.5891198721405 120.458191376756 69573.0790083802 41.1288981271721
272410 465.568880988255 -12924.902507673 -12459.3336266847 -1928.73378894617 -1856.51918374976 -1648.37950928613 -2281.30267380263 11.9312302423318 69769.1204304081 41.1674925874062
272420 471.686870381016 -12930.4984691497 -12458.8115987687 303.345880072772 589.842603449677 286.805109332171 33.3899274364751 -106.99527412781 69532.959842683 41.120990977015
272430 473.351754376283 -12931.5587580728 -12458.2070036965 1854.4369882672 2223.72739743997 1790.8736352583 1548.70993210333 -196.706323445461 69378.3014601267 41.09048061672
272440 471.218794692817 -12929.178178861 -12457.9593841681 -958.733106796646 -540.71561059935 -962.016894948543 -1373.46681484205 -213.295497757106 69635.1394382305 41.1411237301283
272450 471.40535993218 -12929.1636491805 -12457.7582892483 -1307.10539892671 -806.17553465486 -1373.41245187724 -1741.72821024803 -186.248976685838 69672.2312899199 41.1484271768543
272460 472.976766080927 -12930.6859682178 -12457.7092021368 1428.85928137938 1997.50126808267 1083.98900985576 1205.08756619971 -55.8479788823892 69423.4537851192 41.0993927614396
272470 471.460910569402 -12929.3267065774 -12457.865796008 636.071896704671 1184.76674303443 142.075581348705 581.373365730883 80.4947290933682 69497.0833638119 41.1139174482899
272480 467.705059940854 -12925.7331348945 -12458.0280749536 -1571.01600257721 -1075.21290815515 -1904.69651072194 -1733.13858885454 159.149713250922 69704.3557581338 41.1547504432196
272490 467.317024869269 -12925.6942874611 -12458.3772625918 -1.20871290358162 371.961402027611 65.2548187754395 -440.842359513783 59.6266320792553 69556.4866571738 41.125628283005
272500 470.741755209598 -12929.3871665677 -12458.6454113581 1425.09261999788 1646.23630799419 1847.44356187497 781.597990124487 -129.330364892127 69419.6293493597 41.098638045921
272510 472.423299797072 -12931.5560414757 -12459.1327416786 -564.128962850279 -435.017153865786 82.1110710270452 -1339.4808057121 -237.245695297286 69597.5587706298 41.1337213892681
272520 470.43682857027 -12930.1284137078 -12459.6915851375 -929.926474599357 -752.126423499517 -182.150635057581 -1855.50236524096 -158.161396289723 69644.8531973193 41.1430366359153
272530 466.287852582 -12926.6675452917 -12460.3796927097 998.632523081315 1319.38054443438 1690.93087493903 -14.4138501294675 -23.2556776261506 69493.6806393726 41.1132464291706
272540 462.889247973254 -12924.0303946875 -12461.1411467142 368.004627315098 847.431647213321 762.828780935001 -506.246546203019 106.652325450644 69567.0547209468 41.1277109847721
272550 462.289904802404 -12924.1000337227 -12461.8101289203 -1231.2710240785 -690.642949763379 -1277.16783691825 -1726.00228555386 243.794068142709 69705.4303631625 41.1549619310768
272560 464.80946378901 -12927.3460140237 -12462.5365502347 56.2613543557779 474.304105179478 -207.283838313127 -98.2362037990198 467.341173091443 69566.2390925741 41.1275502522759
272570 469.929622602466 -12933.133388425 -12463.2037658225 966.664392710077 1208.17844261797 823.904764979764 867.909970532498 579.569551036268 69452.0712812128 41.1050392688449
272580 473.139228547474 -12937.2054799546 -12464.0662514071 -443.856862735483 -322.413074117294 -315.479370897196 -693.67814319197 531.435837095197 69553.0860962794 41.1249580724125
272590 470.617884069102 -12935.7311806144 -12465.1132965453 -462.253977864124 -319.315025986821 -121.054992799363 -946.391914806195 410.474862681776 69554.8802468301 41.1253116811254
272600 465.451186399035 -12931.7629252878 -12466.3117388888 741.811828167448 1005.38864004103 1136.36576409965 83.681080361661 232.296449253003 69466.6899974131 41.107923083715
272610 464.050511569966 -12931.667262842 -12467.616751272 -7.07346578313003 355.025073907504 313.927743066433 -690.173214323329 17.2143401776611 69539.9226768619 41.1223635111608
272620 465.504454795911 -12934.4506263721 -12468.9461715762 -746.824309019532 -251.482167429078 -685.31063243 -1303.68012719952 -198.54946783304 69598.0096873302 41.1338102230443
272630 463.937240756645 -12934.2952272604 -12470.3579865038 398.842643642075 1100.61504853014 124.902018018608 -28.9891356225227 -274.897547131467 69497.6771845012 41.1140345478097
272640 458.32844480435 -12930.0897683587 -12471.7613235544 622.039349752321 1509.23194786328 84.6202258672382 272.265875526437 -136.693703100432 69499.2420343707 41.114343127949
272650 452.847365691569 -12925.8907346842 -12473.0433689927 -550.030176250863 299.321084774789 -1031.01843102706 -918.393182500308 159.35597585186 69628.2464609168 41.1397662057883
272660 449.730838433316 -12923.8175735071 -12474.0867350738 -374.89444442738 93.1086015409984 -388.276300196006 -829.515634627139 288.025897466288 69622.4520693194 41.1386249710135
272670 450.806976792282 -12925.6407574732 -12474.833780681 417.558626150618 433.404685763889 994.932856529031 -175.661663841067 141.334948982037 69535.2841629075 41.1214491639728
272680 457.798226462971 -12933.1277924421 -12475.3295659792 -92.8389776433714 -259.789307186244 848.55206377072 -867.279689514589 -139.885124396253 69539.4561574171 41.1222715523532
272690 465.747877877084 -12941.4519114247 -12475.7040335477 -401.097051021888 -481.009548071496 464.603498532687 -1186.88510352686 -325.778599414393 69521.4550005164 41.1187229082376
272700 467.669476073309 -12943.7531039601 -12476.0836278867 483.089541601203 658.220038260548 844.485095226666 -53.4365086836059 -306.246887053488 69430.1400071393 41.100712156295
272710 462.347731250147 -12938.8675214913 -12476.5197902411 357.003709992317 754.332138156326 134.403086540166 182.275905280454 -244.570682178616 69456.22297631 41.1058583094028
272720 457.113097405638 -12934.0187655199 -12476.9056681143 -608.871663495901 -78.3576701460043 -1322.5037745219 -425.753545819793 -212.057520323008 69554.4939100843 41.1252355386201
272730 459.808435073554 -12937.0100564468 -12477.2016213732 -226.468582211125 414.575581915573 -1424.2715449803 330.290216431347 -274.467575594744 69510.020983395 41.116468554005
272740 467.596666782661 -12945.0121507864 -12477.4154840037 501.545382895159 1255.79860525963 -1014.77910261534 1263.61664604119 -368.071888171505 69415.1281308892 41.0977497383489
272750 471.612015640032 -12949.3368449718 -12477.7248293318 88.8651668501855 906.897809366285 -1437.06809069869 796.765781882959 -332.88795105364 69437.8521959227 41.1022339003846
272760 469.772443848165 -12948.0056630076 -12478.2332191594 -369.724397333537 511.728454181543 -1648.27901758747 27.3773714053132 -155.304409720428 69483.006188177 41.1111412794143
272770 465.258839366796 -12944.2660080516 -12479.0071686849 173.130182423152 1050.77015184284 -716.783233087678 185.403628514305 70.296658263413 69449.1175634902 41.1044565437033
272780 458.896894832985 -12938.9341916421 -12480.0372968091 306.664353841508 1134.54265897995 -290.202599111997 75.6530016565701 85.9021698840479 69454.8923105032 41.1055958010818
272790 453.684884575197 -12934.957167935 -12481.2722833598 -362.33445918674 306.989678869672 -826.570343305091 -567.422713124806 -54.344172071007 69527.0882618918 41.1198334826999
272800 453.110548895886 -12935.7607817874 -12482.6502328915 -257.181152019857 288.625906973623 -778.676330534508 -281.493032498671 -163.615712675201 69515.601797666 41.1175689096585
272810 455.812481997447 -12939.9395911947 -12484.1271091972 412.155959008263 899.438843242008 -143.25982559261 480.288859375392 -196.381022000437 69445.0511674134 41.1036542764268
272820 456.641191300366 -12942.3377100833 -12485.6965187829 77.4770635663973 522.747381118857 -481.281072164029 190.964881744364 -64.1410914237272 69465.3954151143 41.1076677195006
272830 453.506939912699 -12940.7790262998 -12487.2720863871 -394.135575811911 98.5323105058146 -958.325672482083 -322.613365459462 140.439250733462 69505.4667378011 41.1155705607716
272840 450.021436946379 -12938.758785899 -12488.7373489527 127.314386648004 740.784642783806 -380.021923144232 21.1804403044346 286.662017199217 69458.9334651797 41.1063930132175
272850 449.07793179027 -12939.0420211796 -12489.9640893894 285.712716751752 1085.62544365932 -177.261108427086 -51.2261849769819 359.62739311059 69437.772018381 41.1022180805917
272860 451.478500355713 -12942.3995836174 -12490.9210832617 -335.544229048264 481.885410145801 -709.198678410421 -779.319418880182 338.320818020587 69478.1572999608 41.1101849402234
272870 455.876961488538 -12947.5236135064 -12491.6466520179 -141.863882758251 433.162383481773 -474.677342972775 -384.076688783744 323.681588470051 69444.9084454698 41.1036261179651
272880 457.999817018432 -12950.1873225201 -12492.1875055017 476.896171198108 909.652681052175 49.8968995301915 471.138933011957 454.581269143802 69380.0311893385 41.0908221010769
272890 456.228246435996 -12948.8283642923 -12492.6001178563 45.5267520880879 584.34831976893 -490.883254243065 43.1151907383971 740.556753086337 69424.5545332691 41.0996099783357
272900 454.549708961038 -12947.3788082446 -12492.8290992835 -554.990666049625 202.55471014762 -1143.59716166133 -723.929546635174 919.42057660316 69481.0601683064 41.1107574740826
272910 455.950309035443 -12948.8318401511 -12492.8815311156 55.8646916703193 1000.05045699169 -464.216189243054 -368.240192737681 814.815709763421 69409.5977911467 41.096658282922
272920 458.152141985059 -12950.8801072415 -12492.7279652564 550.423176006986 1490.46765857864 213.640399634953 -52.8385301926316 389.411227948841 69348.1092465294 41.0845191342909
272930 457.895257052718 -12950.32886284 -12492.4336057873 -270.415548995835 423.101156958843 -394.238776020643 -840.10902792571 -86.7521580975818 69409.6828937375 41.0966750790173
272940 458.625796487059 -12950.5997341528 -12491.9739376657 -438.540655267625 -158.074604567339 -335.109507677924 -822.437853557608 -330.408349383969 69413.735547988 41.0974749067772
272950 463.617946060816 -12954.985481589 -12491.3675355282 514.229114908216 390.224772354218 809.222309992001 343.240262378429 -352.656767576568 69320.235025528 41.0790138054555
272960 466.814589862352 -12957.510549992 -12490.6959601297 313.614245153059 -18.5945452251963 754.081104335301 205.356176349068 -240.327310038477 69340.9912727652 41.0831134312925
272970 461.879965892992 -12951.869923604 -12489.989957711 -453.491064583866 -710.655795268841 -63.0051606062532 -586.812237876499 -31.170480970898 69441.516390348 41.1029568678656
272980 452.914039065457 -12942.1026722421 -12489.1886331766 -30.5285981124107 -187.213940318941 236.303877653836 -140.675731672136 221.468225935319 69446.8883967638 41.1040167508957
272990 448.402490826471 -12936.5394922998 -12488.1370014733 337.41209756161 221.05509467877 513.58007837694 277.601119629133 427.521322072343 69441.2897771004 41.102912156454
273000 450.959301356323 -12937.6957613767 -12486.7364600204 -343.720365592074 -365.344880037492 -394.126295183651 -271.689921555078 405.845934956427 69505.866840991 41.1156494535558
273010 456.864301198566 -12941.892217892 -12485.0279166934 -334.150566488664 -155.551280701756 -739.600557669015 -107.299861095225 261.748734312142 69491.5274562765 41.1128218089715
273020 462.304086066832 -12945.4571269215 -12483.1530408546 539.207692128571 965.102004273823 -264.359355930115 916.880428042004 171.622930604534 69400.9524038371 41.0949519325432
273030 463.939711021484 -12945.2539010199 -12481.3141899985 224.320051173848 930.904152001577 -809.699263084319 551.75526460428 129.706988330975 69430.9928957395 41.1008804510506
273040 460.535786962426 -12940.1237669009 -12479.5879799385 -437.413107586149 556.554540781752 -1569.16009848788 -299.633765052324 33.3919320938328 69522.9300326005 41.1190137105834
273050 455.149336170676 -12933.1321078467 -12477.982771676 -0.00359292500457323 1215.4720165178 -1030.05016995873 -185.432625334084 -125.986742726798 69522.5449690427 41.1189377957596
273060 454.547775494111 -12930.9790006488 -12476.4312251547 270.377546150536 1481.21770786904 -478.167271377236 -191.917798040201 -162.774947876764 69516.2193637249 41.1176906700458
273070 459.460097129025 -12934.3847662794 -12474.9246691504 -309.112009423545 700.237932811964 -713.246825880365 -914.327135202242 -0.707900240679808 69567.4295668396 41.1277848536742
273080 464.477289594127 -12938.0214533204 -12473.5441637263 -242.793819527095 363.017395260114 -282.152095298383 -809.246758543009 111.843879326453 69548.9490924342 41.1241426881139
273090 465.430659919499 -12937.7810432134 -12472.3503832939 543.850753514072 750.410266288545 784.479025144604 96.6629691090681 -72.784379952633 69475.3935313738 41.1096398262445
273100 461.271167740996 -12932.6278901821 -12471.3567224412 144.572049744428 238.938166843273 387.829554850896 -193.051572460884 -473.488540730772 69524.2835945992 41.1192805615018
273110 456.492689301244 -12926.910229355 -12470.4175400537 -627.668021067051 -388.600097054988 -682.35402685417 -812.049939291997 -759.00521787766 69614.5832072976 41.1370750573942
273120 456.520696230366 -12925.9997955817 -12469.4790993514 -33.7447181447958 360.557914881673 -469.470048334532 7.67797901846891 -798.850820829852 69562.6671802624 41.1268463355515
273130 459.802324203799 -12928.2742334451 -12468.4719092413 599.745808952206 989.942581411124 46.4717314719885 762.823113973503 -574.580746715583 69492.3193516217 41.1129779763478
273140 461.223832455309 -12928.700890642 -12467.4770581867 -155.960072319192 91.9470916792848 -564.715786837816 4.88847820095598 -338.778444574981 69557.806169838 41.1258883375631
273150 462.066156624377 -12928.5467839328 -12466.4806273084 -542.376889477329 -519.684614033564 -712.23954685631 -395.206507542115 -246.397914027894 69597.2932214687 41.1336690740275
273160 466.445870826722 -12931.9724717692 -12465.5266009425 330.597196963621 205.645467449707 258.016161062064 528.129962379088 -183.529152192793 69510.3401487057 41.1165314846452
273170 473.247045482269 -12937.9027692138 -12464.6557237315 374.165178783341 354.62789313935 274.74405805138 493.123585159293 -179.653550739495 69487.500095223 41.112027566459
273180 477.163716760698 -12941.1528616286 -12463.9891448679 -511.18806733357 -239.470471840491 -653.316747691937 -640.776982468282 -309.789645239786 69550.7942009861 41.1245063544589
273190 476.306531800861 -12939.9013253406 -12463.5947935397 -21.2091565361521 550.092434417179 -197.835225151793 -415.88467887384 -509.2415375053 69506.7860849607 41.1158307099395
273200 472.658835215675 -12936.0782811113 -12463.4194458956 689.555187369701 1451.2121704882 458.598104393494 158.855287227421 -606.896537662863 69454.5477266521 41.1055278224391
273210 468.057755114661 -12931.4804812589 -12463.4227261443 -250.118429927879 572.270506441703 -512.655323237743 -809.970472987598 -437.158310572785 69560.1116986291 41.1263427120241
273220 464.40976263162 -12927.8600216429 -12463.4502590113 -651.261464526465 76.6500831343296 -996.894147908615 -1033.5403288051 -117.656351944147 69621.2154327095 41.1383814009705
273230 462.748412944279 -12926.2350321087 -12463.4866191644 510.334136471792 1028.26887795752 -89.94647296055 592.680004418413 125.497733824109 69534.4234415382 41.1212794934882
273240 463.272300969079 -12926.7525037911 -12463.480202822 329.083713846212 664.660488184219 -455.017164919082 777.607818273497 64.266440832066 69553.139787503 41.1249686544915
273250 465.798050121523 -12929.2182991675 -12463.420249046 -872.806157435118 -666.938982892039 -1629.81111684856 -321.668372564757 -224.286269689222 69646.355517634 41.1433324681387
273260 467.930088662992 -12931.3389024197 -12463.4088137567 121.848580486685 344.818338946905 -616.035243992011 636.762646505165 -415.094190268722 69548.4496022325 41.1240442387207
273270 466.5827171097 -12929.9736266729 -12463.3909095631 1011.47988172592 1379.53675808204 317.831313537863 1337.07157355785 -256.243515122348 69474.0252981147 41.1093699563771
273280 464.380623395456 -12927.8226407793 -12463.4420173838 -646.910227071893 -153.863390347502 -1213.91930489402 -572.947985974156 117.437871411209 69625.6301664759 41.1392509211864
273290 466.484778547274 -12929.9575127224 -12463.4727341751 -918.131976811202 -328.425289973941 -1370.79585671731 -1055.17478374235 484.519462806969 69635.6545786962 41.1412251798923
273300 469.019413446316 -12932.5394646551 -12463.5200512088 1187.66357544654 1803.3131439286 820.333196865259 939.344385545772 685.514499616022 69437.2557008058 41.1021162059224
273310 465.937050602099 -12929.6238871211 -12463.686836519 606.788782333095 1321.65217246502 290.273120895302 208.441053638971 680.400684499693 69503.1652297542 41.1151167410198
273320 461.110569790579 -12924.8835073708 -12463.7729375802 -1528.33631502977 -659.761269088758 -1910.26090743216 -2014.9867685684 550.136890535096 69713.1479562734 41.1564807296737
273330 461.159334773172 -12925.0835975132 -12463.92426274 -88.8278267942451 896.594888572331 -582.188899731484 -580.889469223576 378.684265051812 69580.326018915 41.1303261278383
273340 466.547435689256 -12930.4165756386 -12463.8691399493 1542.48191986826 2470.85035135806 924.39206506509 1232.20334318163 180.181988989966 69418.2045917415 41.0983568766571
273350 472.264263123142 -12936.2370021569 -12463.9727390338 -612.514862018073 150.208301993668 -1232.83037914663 -754.922508901257 103.896721209646 69597.9779612937 41.1338039728035
273360 473.549032706753 -12937.6899395562 -12464.1409068494 -1241.02984539053 -609.596787202176 -1756.92782076695 -1356.56492820246 285.927823759916 69650.1180693958 41.1440733594091
273370 471.32276067468 -12935.8528541637 -12464.530093489 1263.39511574469 1803.9356465495 829.116269930426 1157.13343075415 629.409056292648 69423.5039405015 41.0994026589365
273380 468.846751274789 -12933.9813400219 -12465.1345887471 726.621240041867 1220.36704374831 293.107513156864 666.389163220436 812.112483907614 69474.1361079209 41.1093918125978
273390 466.618567544617 -12932.411093244 -12465.7925256994 -1665.63202246586 -1126.01543344891 -2093.31256654683 -1777.56806740184 684.343885893916 69690.7488853804 41.1520723518798
273400 464.50216113675 -12931.2052444009 -12466.7030832642 82.7372224870596 732.344373130589 -305.344876125865 -178.787829543544 365.893734071779 69540.6899769712 41.1225147579878
273410 463.106821644931 -12930.6620260853 -12467.5552044404 1679.08991093634 2362.94636183551 1378.73345352122 1295.58991745228 60.6238347860198 69403.2925166499 41.0954138173799
273420 461.85971639722 -12930.4637499964 -12468.6040335992 -881.759569007279 -254.17129481462 -1123.9340361814 -1267.17337602582 -64.7359805890792 69638.0734075227 41.1417015279634
273430 460.753812627068 -12930.3525101201 -12469.5986974931 -1352.66879359413 -884.787273800735 -1563.45183321767 -1609.76727376397 32.0755434396498 69681.1144027973 41.1501758916722
273440 460.859037777911 -12931.4811184137 -12470.6220806358 1445.44733442987 1715.14656228391 1268.0998510124 1353.09558999329 198.948619296411 69417.7526532076 41.0982676878938
273450 463.360184559545 -12935.0539669941 -12471.6937824345 598.202483776657 782.676567629096 394.260537111319 617.670346589554 277.344421396549 69467.6657218356 41.1081155491816
273460 467.31099624651 -12940.0452176536 -12472.7342214071 -1817.11138185963 -1670.87090696144 -2075.7877692106 -1704.67546940685 220.222308696866 69651.8486292611 41.1444141183067
273470 469.654719842254 -12943.7258676338 -12474.0711477916 338.421577704157 465.207166095176 -91.8807808273578 641.938347844642 -14.6751487280578 69434.523307738 41.1015770687815
273480 469.000291822749 -12944.3630906443 -12475.3627988215 1917.95864462769 2057.66630205995 1294.32175973724 2401.88787208587 -361.933883657085 69295.3884691893 41.0741052146629
273490 466.419024965505 -12943.3646330883 -12476.9456081227 -1161.64535582916 -995.168597376602 -1849.23256795804 -640.534902152824 -572.897048782757 69582.6253406574 41.1307791812459
273500 463.481720930041 -12941.9567219515 -12478.4750010214 -1443.61542676153 -1290.12500295694 -2041.10764467423 -999.61363265343 -600.593026015945 69613.5880703423 41.1368790389892
273510 459.569633312359 -12939.5083186313 -12479.9386853189 1844.90471902819 1940.06184021028 1439.32427654291 2155.32804033139 -411.225068970161 69324.473159817 41.079850957979
273520 455.058094876434 -12936.4193692991 -12481.3612744226 582.823645525849 564.906710563592 417.01399541594 766.550230598017 -154.201409748873 69440.9735577768 41.1028497653566
273530 454.216257097847 -12936.5457447901 -12482.3294876922 -2131.34897537005 -2205.21191539529 -2085.72020632899 -2103.11480438586 0.651593279824994 69685.8660675285 41.1511112354726
273540 455.950236160929 -12939.2330073002 -12483.2827711392 392.568162952707 339.714421252484 558.659125037092 279.330942568549 -94.6866831642964 69457.2629326295 41.1060634654082
273550 455.424105637746 -12939.2081365463 -12483.7840309086 1959.25750473968 2017.41635585557 2178.4097287486 1681.94642961486 -252.898848742295 69320.5219952104 41.0790704912379
273560 454.515191878204 -12938.7404124916 -12484.2252206134 -1321.99393805733 -1116.42330679257 -1101.69880529436 -1747.85970208506 -247.551854873274 69611.351043258 41.13643839083
273570 457.842207602939 -12942.2566972702 -12484.4144896673 -1448.18777343246 -1183.05595010371 -1267.63181650684 -1893.87555368681 -66.83328036569 69599.2944407867 41.1340633264492
273580 463.441694664777 -12947.8458271818 -12484.404132517 1801.69678545262 2007.30845640848 1934.42085130557 1463.36104864381 80.074337472249 69275.8090988969 41.0702363623595
273590 466.544587901601 -12950.9909153383 -12484.4463274367 619.537514157765 779.762547640161 527.978137700502 550.871857132631 205.055615596557 69359.2003189709 41.086709278539
273600 465.898819281692 -12950.2791044556 -12484.3802851739 -1672.65590513956 -1366.58086336553 -2000.83229115582 -1650.55456089733 261.779117419108 69569.3103120589 41.1281554782043
273610 461.844763940252 -12946.3002862875 -12484.4555223472 348.003445504013 1016.81327903336 -158.131122786756 185.328180265433 189.379604723489 69412.5743537158 41.0972457378277
273620 455.605651276004 -12939.9768689968 -12484.3712177208 1398.57507340152 2405.68619405296 855.667800066056 934.371226085546 -24.6500770172656 69353.8832691038 41.0856593545506
273630 452.195687346632 -12936.3640470836 -12484.168359737 -911.658266919286 149.279710577192 -1309.57650687869 -1574.67800445635 -148.359126168825 69584.9430181716 41.1312358413351
273640 454.484729312271 -12938.1660269868 -12483.6812976745 -895.815365959765 62.8288291966587 -1134.37949674105 -1615.89543033491 -96.6336926384983 69588.0095843829 41.1318400419939
273650 456.323274313481 -12939.2805343634 -12482.9572600499 1053.63016071108 1802.17723634427 928.364934398459 430.348311390522 175.637890230157 69410.2491041581 41.0967868276065
273660 454.153787714454 -12936.2160346634 -12482.062246949 367.050226101594 885.589739977051 214.826767173654 0.734171154083899 565.582488384513 69479.92143733 41.1105328836276
273670 454.708008038211 -12935.5771669524 -12480.8691589142 -1120.42724532319 -787.141640276938 -1406.0073318486 -1168.13276384403 823.638719675998 69607.3076593577 41.1356419037113
273680 462.623588249747 -12942.1455861682 -12479.5219979184 -10.7099323490435 187.828932899328 -395.911444205488 175.952714259029 877.217068209848 69480.2705659111 41.1106017420722
273690 468.695482423329 -12946.6938006532 -12477.9983182298 1026.7930175473 1178.81208210671 645.268545181476 1256.29842535371 736.537863719624 69374.6802202747 41.0897656906227
273700 464.800344768386 -12941.3900630775 -12476.5897183091 -193.624517277648 162.846102743922 -505.729271233505 -237.990383343368 532.448008906395 69501.684897115 41.114824838336
273710 459.331924413635 -12934.5090585523 -12475.1771341386 -662.668227486802 -37.521286494011 -961.601685963961 -988.881710002432 385.87020060277 69577.7375160338 41.1298160828584
273720 460.395576486768 -12934.1805114063 -12473.7849349196 309.130790701361 1002.98246089981 -144.342282433901 68.7521936381896 296.54736050649 69501.0806717793 41.1147056916282
273730 464.848939208793 -12937.2602494624 -12472.4113102537 343.728004656761 943.246551346005 -254.379398191236 342.316860815523 178.54969956329 69493.6205932897 41.1132345878536
273740 465.991531734265 -12937.1681856186 -12471.1766538843 -363.418556712107 146.872326077556 -910.222998740439 -326.904997473444 45.9650892334795 69563.2331202245 41.1269578669408
273750 463.291129958928 -12933.4270270672 -12470.1358971083 -101.149001440231 163.93555073978 -327.57396850213 -139.808586558333 -329.016649783707 69551.9749537972 41.1247390745511
273760 461.782427988919 -12931.0368187502 -12469.2543907612 338.361293011541 243.370879865194 498.256784406181 273.456214763251 -692.249458408767 69517.9230516483 41.1180265683508
273770 463.065959925049 -12931.5737865474 -12468.5078266223 -155.626010255299 -598.193239340542 282.522898532245 -151.207689957596 -781.903807375237 69556.1737714931 41.1255666178265
273780 463.514399654984 -12931.3988470571 -12467.8844474022 -267.274676308894 -770.745838427317 151.394716799098 -182.472907298461 -575.526925918299 69559.0597947634 41.1261354036693
273790 462.52043117099 -12929.8877408056 -12467.3673096346 359.914697540344 99.7173264261305 530.077840611674 449.948925583236 -307.058143334599 69506.1186781068 41.1156991109182
273800 462.987641519224 -12929.9178646771 -12466.9302231579 132.188552691499 102.930209902826 48.3188421478917 245.316606023782 -187.33403998275 69534.9199294965 41.1213773643005
273810 464.417927891726 -12930.9496070612 -12466.5316791694 -548.294328492225 -464.459087665994 -845.35354488209 -335.070352928596 -358.012399930635 69588.8604429546 41.132007682158
273820 467.154254765654 -12933.3638250703 -12466.2095703047 49.5412080864528 110.831693741698 -270.61061217058 308.402542688231 -606.350382425076 69519.3194030136 41.1183018682333
273830 470.093388544712 -12936.041565882 -12465.9481773372 558.780529512387 658.595291712796 326.106222223594 691.640074600781 -763.299934614444 69461.5186328525 41.1069029816968
273840 472.741054497266 -12938.5701381961 -12465.8290836988 -309.78392666543 -265.316024764989 -396.928973925478 -267.106781305815 -809.415223633136 69527.1515954276 41.1198459683067
273850 472.387571495809 -12938.2469804454 -12465.8594089496 -320.664521526983 -496.294781633599 -356.053730526238 -109.64505242112 -697.649326216327 69528.8853236843 41.1201877534686
273860 466.778190051262 -12932.7818499992 -12466.0036599479 601.204408141562 164.756479589616 629.43034740231 1009.42639743277 -542.500398713716 69461.6812332923 41.1069350569879
273870 463.442934601079 -12929.6359652687 -12466.1930306676 14.6221919739393 -555.922325359711 196.25810338888 403.530797892647 -337.372792561809 69527.4150607299 41.1198979079145
273880 468.341696632429 -12934.675696821 -12466.3340001886 -876.055974663855 -1333.85763691406 -633.753038488779 -660.557248588729 -139.478331694011 69593.9265109168 41.1330057944449
273890 475.389455536987 -12941.9682773717 -12466.5788218347 349.055658667672 129.741814714286 517.98042263262 399.444738656118 -29.8610491593666 69461.960928346 41.1069902307699
273900 475.911605498237 -12942.8785851232 -12466.9669796249 968.343770458569 858.657255346734 1012.89808331484 1033.47597271414 -55.3824428799897 69404.1568555009 41.0955844155077
273910 468.367464806146 -12935.9555258764 -12467.5880610703 -617.355010253309 -767.339564263271 -750.432688456882 -334.292778039766 -132.21450754332 69573.029085443 41.1288882896702
273920 459.367551680481 -12927.5828361182 -12468.2152844378 -729.155687353941 -937.164938150014 -1088.91332636119 -161.388797550607 -175.10860688472 69619.6575739363 41.1380745583604
273930 455.565746729891 -12924.3162208907 -12468.7504741608 854.789341189987 631.197611366832 330.750663082334 1602.4197491208 -7.40262587344047 69492.9307883782 41.1130985551994
273940 457.940866693079 -12927.07423565 -12469.1333689569 145.969809941784 -58.1798563919303 -374.290329178522 870.379615395811 152.758148401189 69542.2258061216 41.1228174905413
273950 464.267796567002 -12933.6179287694 -12469.3501322024 -1196.53693341882 -1349.96378242446 -1650.92670092307 -588.720316908917 23.8041960443831 69632.9038560739 41.1406834574579
273960 469.071048313166 -12938.6899832521 -12469.6189349389 534.075499418277 408.164328411187 182.298386202896 1011.76378364075 -266.15777508026 69453.812343234 41.1053827470806
273970 467.026538358876 -12936.8940761108 -12469.867537752 1394.3100275615 1353.45290865148 1027.78294294011 1801.69423109291 -334.166040910354 69372.6458789863 41.0893640482959
273980 461.110577967815 -12931.3333661024 -12470.2227881346 -1129.35308962169 -1159.58763520175 -1487.40479440355 -741.066839259778 -120.463957155026 69622.3721095086 41.1386092220809
273990 459.250723020152 -12929.7279849886 -12470.4772619685 -1254.70153995645 -1349.23371120205 -1529.11084852081 -885.760060146489 197.257934638144 69644.6492666937 41.1429964782056
274000 463.223373506437 -12933.8340512607 -12470.6106777543 1787.47209278386 1681.27349419457 1714.08464481082 1967.05813934619 432.672994725455 69361.659627871 41.0871948844624
