# Fix print output for fix setl_out
300000 514.053168413548 -12872.0040904606 -12357.9509220471 1582.50636285036 1028.38360621102 2178.25872500929 1540.87675733075 -328.202815361375 69837.1099914365 41.1808607319131
300010 512.489852621093 -12870.4796321622 -12357.9897795411 -157.089003814704 -626.506377971616 184.237035349579 -28.9976688220771 -137.659353480101 70002.6628478093 41.2133755798178
300020 511.810480385891 -12869.6109295918 -12357.8004492059 -1498.45365692954 -1596.92795366279 -1533.29845904641 -1365.13455807942 136.919736288423 70137.2537424251 41.2397716896434
300030 510.430718948861 -12868.0526736844 -12357.6219547356 533.712944414377 876.659606213635 100.915533067552 623.56369396195 366.936594134428 69958.3913503733 41.2046856121841
300040 511.172628144536 -12868.3925810776 -12357.219952933 1301.81997875448 1853.21057516418 614.241573318818 1438.00778778045 476.748148292106 69888.5715669968 41.1909733671081
300050 514.808657142377 -12871.5652675382 -12356.7566103959 -956.607965999779 -564.507030754497 -1693.45836928895 -611.858497955896 364.078507625022 70088.2136613265 41.2301578102906
300060 518.29373695513 -12874.4928720149 -12356.1991350597 -1042.44987088147 -973.289084531357 -1724.26131091135 -429.799217201686 176.621224421514 70089.9790071109 41.2305039687025
300070 518.552633680958 -12874.1601957419 -12355.607562061 1319.59225926393 1160.33929386117 678.351785374458 2120.08569855616 48.2221883789914 69874.2536416304 41.1881602721641
300080 515.803053726553 -12870.8673014406 -12355.0642477141 824.975764942474 770.461250355629 97.7417373167834 1606.72430715501 -36.6670830370135 69934.8677806121 41.2000667240201
300090 515.238210971947 -12869.6001771137 -12354.3619661418 -1606.73933790469 -1351.79119541955 -2517.41824076658 -951.008577527952 -17.0230542573035 70169.4819000383 41.2460872983078
300100 518.265342009768 -12871.9649303566 -12353.6995883468 -529.21269776731 -105.411163000585 -1597.280929907 115.053999605653 74.1398618902025 70065.6524471023 41.225733375225
300110 517.603364571689 -12870.4178291911 -12352.8144646194 1953.44990517796 2271.92433839629 914.151715439318 2674.27366169828 71.8819974033432 69852.3848099644 41.1838628813411
300120 510.646945770189 -12862.7205620308 -12352.0736162606 211.902966097858 176.459523957865 -567.005767903621 1026.25514223931 39.0879293036704 70050.9250882487 41.2228447096539
300130 505.633856285607 -12856.4517371944 -12350.8178809088 -2186.4033390485 -2542.06565165331 -2587.32482695916 -1429.81953853304 143.681402550102 70295.5158637222 41.2707670616465
300140 509.475593149455 -12858.9825805679 -12349.5069874184 87.2737770625542 -291.22446444574 -78.7252738992172 631.771069532612 244.296917101885 70073.8052166012 41.2273323082946
300150 516.198990181292 -12863.7568595281 -12347.5578693468 2099.61631453694 1965.94200122929 1832.14404845266 2500.76289392885 200.677538020542 69864.8369731455 41.1863099355231
300160 519.699723802208 -12865.3458446037 -12345.6461208015 -558.035387918106 -504.741903454163 -984.095984645817 -185.268275654333 56.2579546602509 70095.816570669 41.2316485878962
300170 522.170865735863 -12865.6296239492 -12343.4587582134 -1903.27183685458 -1880.43639447168 -2369.35517313268 -1460.02394295937 -111.147326123338 70214.8281111219 41.2549703197051
300180 524.740727703548 -12866.2237088323 -12341.4829811287 1081.96311917647 950.633789204244 746.167899114023 1549.08766921116 -274.254924280148 69933.6080740306 41.1998193495297
300190 524.46338683757 -12864.0215904011 -12339.5582035636 1834.85665058187 1561.50279416863 1661.71616193025 2281.35099564672 -443.879164381814 69882.490080584 41.1897785622658
300200 520.771983626215 -12858.7151215656 -12337.9431379394 -1415.78274026025 -1889.7026211779 -1492.31471009553 -865.330889507324 -674.564443077935 70217.0071668738 41.2553970859255
300210 517.105888086225 -12853.5411300489 -12336.4352419627 -1502.43864677823 -2012.82499168689 -1534.70885014362 -959.78209850418 -789.613028905848 70252.087649968 41.2622663538702
300220 517.558587943002 -12852.652305003 -12335.09371706 1636.92203763921 1262.28818499656 1633.80055793445 2014.67736998663 -590.13975183867 69971.4866274965 41.2072564408444
300230 521.102507691304 -12855.0662492964 -12333.9637416051 917.154380097391 793.932729344109 932.527913475817 1025.00249747226 -113.242589882447 70031.0193293187 41.218939694622
300240 523.854882854248 -12856.7827994053 -12332.927916551 -1789.39152141302 -1821.26244393148 -1661.78559423507 -1885.12652607252 300.660470130516 70277.9817677539 41.2673353312955
300250 523.391940489194 -12855.6825471582 -12332.290606669 -374.487981081722 -600.482521915467 -89.9454062439951 -433.036015085694 516.43855264726 70148.8171856583 41.2420379486743
300260 521.05265576661 -12852.7435964746 -12331.690940708 1842.25362459176 1341.47601852142 2099.76177902614 2085.52307622774 514.128835858166 69950.2760496753 41.2030922777359
300270 520.58849226433 -12852.0220935364 -12331.433601272 -167.728404839046 -831.730127497353 24.9672857871369 303.57762719309 218.974153556335 70133.9834198713 41.2391307109694
300280 523.19434906767 -12854.3149251634 -12331.1205760958 -1760.16687991922 -2427.76674627377 -1600.82717085931 -1251.90672262457 -38.9358644045857 70272.9843309599 41.2663571406716
300290 527.603969715611 -12858.7295251618 -12331.1255554462 574.176406996033 91.9528074262394 621.98937867634 1008.58703488552 -140.697519348688 70045.4334380069 41.2217674583027
300300 531.668939080513 -12862.8654836646 -12331.196544584 1546.87014967865 1414.84224211915 1336.43716476018 1889.3310421566 -96.2204661700129 69949.7808465417 41.202995047009
300310 533.310940858721 -12864.9608701893 -12331.6499293305 -840.920876167779 -804.297572902653 -1250.50961255224 -467.955443048454 11.653250656906 70174.1354871549 41.2469990812855
300320 529.63474588545 -12861.9142584106 -12332.2795125252 -1134.43873998619 -1212.67330100606 -1454.66024331536 -735.982675637145 -35.8901361051633 70215.6220754534 41.2551258179683
300330 521.941735017721 -12855.0286000273 -12333.0868650095 1140.10418699287 898.402634193741 1014.63410067748 1507.2758261074 -265.381201071342 70027.6486792486 41.2182783836183
300340 514.882891172662 -12848.8034844251 -12333.9205932524 726.44182985269 420.296015407962 584.879719168842 1174.14975498127 -661.407922455697 70081.9918253137 41.2289377531729
300350 513.870323043852 -12848.4294752116 -12334.5591521678 -1413.25936688254 -1608.1649447164 -1639.72295865459 -991.890197276614 -901.948470705017 70273.1454026825 41.2663886693272
300360 518.775628088917 -12853.9630599244 -12335.1874318355 -411.000483728088 -311.328784359816 -625.507686236643 -296.164980587796 -888.443432038485 70162.6416824585 41.2447470129879
300370 522.871163019986 -12858.5412863782 -12335.6701233582 1415.38101746002 1897.33494845315 1253.52351044938 1095.28459347754 -587.424602875778 69978.6653181505 41.2086656054686
300380 522.440930099892 -12858.760612992 -12336.3196828921 83.8368481671259 858.97661800464 -136.958367040408 -470.507706462856 -200.010700524999 70094.3176335384 41.2313546850045
300390 519.254042124663 -12856.1686717076 -12336.914629583 -1266.43657643895 -411.816912662409 -1734.07714239849 -1653.41567425594 247.735477376183 70219.9151242846 41.2559665931643
300400 518.018054891129 -12855.6094774114 -12337.5914225203 169.70119395822 888.012435823414 -495.709652542318 116.800798593561 681.147806231057 70079.2752889725 41.2284050373641
300410 522.727432076134 -12860.8996570996 -12338.1722250235 971.429691043066 1488.46533561511 218.173240192635 1207.65049732145 884.814652906675 69979.6465249023 41.2088582071792
300420 528.390688360152 -12867.2787461315 -12338.8880577714 -421.888781555951 -68.8718466619148 -1093.76170214102 -103.032795864919 781.326701789263 70081.4298886563 41.2288275578965
300430 528.272223909066 -12868.0196583936 -12339.7474344845 -634.004798309219 -591.957178889187 -980.505734543338 -329.551481495133 568.310870464844 70096.0392376607 41.23169224679
300440 525.266602895369 -12866.0320013613 -12340.7653984659 680.783184309592 273.793287819795 747.502399407368 1021.05386570162 336.303163031727 69985.2490626101 41.2099578984586
300450 523.411458238973 -12865.3036803249 -12341.892222086 438.535161419414 -424.081852571576 877.72135624641 861.965980583399 96.3724754392137 70019.0083480534 41.2165830807314
300460 520.930939334245 -12863.9600333324 -12343.0290939982 -767.998486030771 -1835.02536560253 -213.369052015783 -255.601040474002 -47.3748535545695 70139.5235632098 41.2402165596479
300470 518.081860739188 -12862.2456723727 -12344.1638116336 -216.64709699598 -1193.87079205803 279.676947783649 264.252553286452 -52.7875048955565 70097.6480118134 41.2320076805578
300480 517.29121014376 -12862.4957831273 -12345.2045729836 785.278059892187 243.08195056027 1035.62347037811 1077.1287587382 75.048715147401 70013.7485384191 41.2155509952327
300490 514.268697543737 -12860.454117707 -12346.1854201633 77.1429222085353 86.1377002885908 129.918254578467 15.372811758548 147.607079182492 70096.2368964502 41.2317310021833
300500 508.28960046272 -12855.2528757155 -12346.9632752527 -704.435037882442 -218.877007323468 -736.593365076514 -1157.83474124734 172.507071809417 70193.1156697701 41.2507174740994
300510 505.225646269052 -12852.7606571902 -12347.5350109211 15.6328282048522 750.43462116289 -77.0446362237053 -626.49150032462 82.1334333170477 70139.2818081436 41.2401691776953
300520 507.493995947356 -12855.3231630111 -12347.8291670638 466.143550139101 1173.0330253975 307.104431211561 -81.7068061917542 30.0439123615492 70084.7054261936 41.2294698795908
300530 512.241225173778 -12860.1817524063 -12347.9405272326 -205.43593830445 234.822340339991 -386.040304273796 -465.089850979549 93.4346617456333 70126.9543286675 41.2377529514231
300540 515.188804136945 -12863.1377402357 -12347.9489360987 -412.300319967324 -301.947716015178 -611.733280048855 -323.219963837939 200.52410081485 70126.0326814647 41.2375722941825
300550 515.466788225578 -12863.3822276015 -12347.915439376 347.879618963293 98.61871391649 202.106074760888 742.914068212491 293.00377305879 70040.0406310489 41.2207095414208
300560 517.368825708601 -12865.2234993286 -12347.85467362 338.533444517324 -73.1223380116899 192.041434942677 896.681236620999 246.386696658459 70027.6820730466 41.2182849354812
300570 522.727281585129 -12870.5492743034 -12347.8219927183 -484.280521744553 -692.175067660173 -888.119967809005 127.453470235528 -36.5397712479091 70084.6543615118 41.2294598661351
300580 525.225749930749 -12873.1335367073 -12347.9077867765 -131.381910139582 72.0353754369594 -871.835215177351 405.654109321644 -416.096958427677 70043.5530276057 41.221398580894
300590 522.520191029339 -12870.6415741106 -12348.1213830813 614.530544363837 1168.96214120997 -183.369192868261 857.998684749808 -676.833044345087 69975.0831131619 41.2079624368397
300600 519.733265783859 -12868.1935868915 -12348.4603211076 18.0600454265943 539.937580790365 -295.787733197216 -189.96971131337 -604.082891214266 70036.7568225728 41.2200653240575
300610 519.976498788523 -12868.8036451738 -12348.8271463852 -679.866084288866 -493.685274242278 -255.596738377486 -1290.31624024684 -363.848785559129 70104.7040185055 41.2333911010157
300620 519.669777718525 -12868.9368033011 -12349.2670255826 236.092844439419 73.1792817116408 1106.75598166772 -471.656730061094 -176.779330078894 70032.3687050895 41.2192044319809
300630 514.540836409531 -12864.2649617037 -12349.7241252942 759.974639607386 312.624878478188 1668.01929489972 299.279745444253 -50.5032526165668 70006.6168474162 41.2141515245994
300640 505.709104238451 -12855.837579304 -12350.1284750655 -485.905374271972 -990.800698036553 250.899098540259 -717.814523319622 16.0517246503395 70147.1966511437 41.2417203635589
300650 502.398592967544 -12852.6810459321 -12350.2824529646 -973.063172178291 -1363.51356657018 -435.706958964046 -1119.96899100065 99.7938629520554 70192.5236563889 41.2506015033467
300660 509.782616296714 -12860.002388929 -12350.2197726323 618.489739431173 495.630986571653 864.788518496744 495.04971322512 88.7949909026335 70018.1030521042 41.21640544627
300670 518.996652656274 -12868.9541001899 -12349.9574475337 971.668234260447 1098.38579639354 879.897259692927 936.721646694882 40.7013119058627 69952.2824224106 41.2034862145686
300680 521.985457001172 -12871.7406058037 -12349.7551488026 -812.470510888038 -481.12620454641 -1211.85879948293 -744.426528634789 45.0406286602266 70102.996212542 41.2330562723047
300690 520.515623276852 -12870.1514555734 -12349.6358322965 -805.034077853807 -457.567396278892 -1260.74347502708 -696.791362255445 9.05112134636104 70102.8948656867 41.2330364022904
300700 517.616098181708 -12867.1734285093 -12349.5573303276 1292.31281778973 1531.75460146097 990.05186310909 1355.13198879915 -71.9188220005878 69919.0470468782 41.1969597166776
300710 514.323360193576 -12863.8860613711 -12349.5627011776 624.335917626372 834.764187245016 556.497206203746 481.746359430363 -193.361963672774 69993.3161909135 41.2115412475664
300720 513.965116987781 -12863.35317941 -12349.3880624222 -1841.89841850805 -1588.15613179122 -1771.64551125263 -2165.89361248029 -174.89745374262 70222.8446256998 41.2565403037782
300730 515.829375933861 -12865.1631291072 -12349.3337531733 -352.119515065619 -147.780167327594 -218.481102854099 -690.097275015156 -95.2864012573802 70071.5807460641 41.2268960541851
300740 516.102730270355 -12865.0617832831 -12348.9590530127 2408.48560992438 2506.97767757135 2656.58796820226 2061.89118399952 -110.884196235914 69823.2171016672 41.1781298099105
300750 515.341491194289 -12864.1945369769 -12348.8530457827 -166.105383960672 -269.292551317313 318.163696207837 -547.18729677254 -266.27145008645 70075.7170635855 41.2277072445678
300760 517.953980197836 -12866.2063504792 -12348.2523702814 -2818.88655859646 -3102.97978795546 -2145.92824908929 -3207.75163874462 -470.319706373776 70313.886414287 41.2743618887546
300770 521.77474587724 -12869.7789162049 -12348.0041703277 833.980448725479 378.432350049591 1471.81847682395 651.690519302884 -680.208947709204 69955.2918799995 41.2040770857634
300780 520.93442258974 -12868.1814013969 -12347.2469788072 2990.86502903856 2371.48563693678 3433.51977443738 3167.58967574151 -909.58539564885 69763.5643663703 41.16639976728
300790 517.964072645197 -12864.811646766 -12346.8475741208 -1498.5730174311 -2027.44928192759 -1307.45054494309 -1160.81922542261 -1122.48405185886 70197.073859109 41.2514928354227
300800 519.788386150195 -12865.7532314534 -12345.9648453032 -2725.20652606275 -3022.79244357898 -2659.44610870709 -2493.38102590216 -1175.87189365663 70313.6026346392 41.2743063623135
300810 523.79991731145 -12869.0195231684 -12345.219605857 2029.57168092014 1873.46097191571 2092.88877925375 2122.36529159096 -1068.41955467179 69861.42900513 41.1856402428454
300820 523.676792692979 -12867.9879030233 -12344.3111103304 2111.66465027297 2009.49196623869 2104.02329050526 2221.47869407497 -776.290020399169 69843.8734857261 41.1821900992817
300830 521.348021202382 -12864.7583045493 -12343.4102833469 -2265.15300349462 -2378.02460260014 -2358.30384531699 -2059.13056256672 -428.986613933791 70255.3463412989 41.2629043368597
300840 520.806563045976 -12863.4150714073 -12342.6085083613 -1333.04310735643 -1422.94346408568 -1584.17877086287 -992.007087120722 -99.79969848028 70178.7076328211 41.247894868084
300850 520.652930605054 -12862.2596759042 -12341.6067452992 2435.3029152463 2420.36937789056 2056.33889967707 2829.20046817127 133.830390555449 69846.3980257746 41.1826862765907
300860 519.360415288782 -12860.2635446877 -12340.9031293989 659.925048045335 692.017903911221 411.83376323411 875.923476990674 206.128205819555 70029.9648052616 41.2187328025804
300870 519.097736275464 -12858.9514244991 -12339.8536882237 -2374.97120622443 -2272.61132233828 -2279.7960095835 -2572.50628675151 141.450456705197 70322.2570899523 41.275999690357
300880 521.446313203873 -12860.5740643301 -12339.1277511263 -77.8443277613735 14.7569937153471 410.121271012953 -658.411248012423 174.442312365721 70108.5673165812 41.2341485107438
300890 521.354769542983 -12859.5092765701 -12338.1545070271 2228.67983525106 2150.51860829424 2887.82000977951 1647.70088767943 340.143589672094 69909.826403448 41.1951486738051
300900 516.339694365145 -12853.8468021403 -12337.5071077752 -427.710406564198 -710.689633842778 217.881749705965 -790.32333555578 495.425976247667 70171.509563578 41.2464845858443
300910 513.748838299404 -12850.3278047054 -12336.578966406 -1931.80708646402 -2356.5724349943 -1418.79911133664 -2020.04971306112 503.713522604173 70318.1283876441 41.2751918870741
300920 517.821614834775 -12853.6049514036 -12335.7833365688 710.764124490609 192.003437648985 1044.17681516869 896.112120654167 363.631046041597 70061.4815201113 41.224915318968
300930 522.70244022783 -12857.5162534144 -12334.8138131866 1584.08988017308 1052.95662109424 1739.81022481581 1959.5027946092 159.210573197913 69974.7148041532 41.2078901382931
300940 521.992556931526 -12856.0231181525 -12334.0305612209 -918.168533142171 -1185.7560919382 -984.061721214613 -584.687786273695 8.07181276214462 70213.6202014087 41.2547337478087
300950 519.132651128348 -12852.3884984361 -12333.2558473077 -1062.72202694962 -1000.64386560407 -1249.51185170119 -938.010363543598 33.0870631808824 70251.7583715908 41.2622018870158
300960 518.190676293889 -12850.7373365121 -12332.5466602182 1042.69904351966 1333.79930475396 766.704553620291 1027.59327218472 252.180578019881 70070.7721122174 41.2267374659176
300970 519.389878183831 -12851.2590485302 -12331.8691703464 560.826794412155 906.883773469893 282.79022302403 492.806386742537 430.095688748293 70108.8506131255 41.2342040506799
300980 522.819116900199 -12854.0008073405 -12331.1816904403 -1211.27216252978 -979.177297716591 -1452.45895162874 -1202.180238244 553.966095067384 70255.9592528468 41.2630243298014
300990 526.1731015659 -12856.8420124453 -12330.6689108794 -212.073284845199 -189.208280155946 -528.396265355979 81.3846909763229 529.722388054731 70148.1397961459 41.2419051974984
301000 528.442769759081 -12858.6688620615 -12330.2260923024 1298.45104747879 906.283215343739 949.22346219315 2039.84646489947 268.921924251367 70004.0951245496 41.2136566574905
301010 529.124780432276 -12859.2318235712 -12330.107043139 -68.598333801925 -892.15067884609 -248.746807066237 935.102484506556 -4.76454325306405 70133.4838434265 41.2390327929264
301020 526.580793036153 -12856.7112333211 -12330.1304402849 -1208.21008804039 -2218.55953052287 -1113.49793656973 -292.572797028575 -150.253536781335 70247.864610729 41.2614395425614
301030 522.444919567319 -12852.8813603715 -12330.4364408042 334.3213159611 -614.131092448725 650.299401672153 966.795638659879 -224.535933586565 70107.3123200935 41.2339024684396
301040 520.4187604969 -12851.2263509715 -12330.8075904746 1052.98939601003 350.356282435709 1502.11159282931 1306.50031276506 -249.80777118002 70037.6140444092 41.2202334957316
301050 522.046427365341 -12853.380956352 -12331.3345289866 -691.995055393966 -1042.78427176513 -156.251182060446 -876.949712356332 -288.109818303783 70185.4206543923 41.2492100304213
301060 524.420454403344 -12856.4084883837 -12331.9880339803 -855.537499222728 -879.883701332875 -411.491415232311 -1275.237381103 -519.81058213032 70188.7467914558 41.2498616299404
301070 522.876033390571 -12855.6957376619 -12332.8197042713 1060.94200507032 1015.08050227939 1365.36438987423 802.381123057322 -846.886471246923 70016.9463780417 41.2161784849197
301080 517.988512844307 -12851.8435616061 -12333.8550487618 706.947780647293 402.353000174177 887.282468174071 831.207873593642 -868.690014096797 70069.8946893521 41.2265653854528
301090 516.440824877028 -12851.346733989 -12334.905909112 -1313.28957411357 -1905.24280718918 -1119.56646086426 -915.059454287292 -505.534511889236 70271.5201558961 41.2660705365031
301100 520.53479309523 -12856.6460000037 -12336.1112069084 -592.564592566946 -1281.24134022216 -202.985591886388 -293.466845592289 -184.003558635155 70191.6319389462 41.250426821701
301110 523.704656595041 -12861.0471299397 -12337.3424733446 1402.91592036797 926.98251320512 2007.08181298752 1274.68343491127 25.7744009278222 69984.3719291427 41.2097857346347
301120 523.96866362277 -12862.8209577409 -12338.8522941181 219.520813764974 139.315268939506 753.094820171777 -233.847647816359 128.73538031482 70068.4743889018 41.2262868326103
301130 524.31606405599 -12864.7729338713 -12340.4568698153 -1447.66610297085 -1194.30121501355 -1115.22330096146 -2033.47379293753 94.6536643945165 70202.2996526336 41.2525164604027
301140 525.151266988745 -12867.492339672 -12342.3410726832 159.762933351456 447.37801683734 448.82702857445 -416.916245357423 -46.2120693252417 70031.8346145415 41.2190996478463
301150 523.716421038966 -12867.9117086441 -12344.1952876051 1596.42424214857 1610.33982284826 2033.51847401084 1145.41442958662 -212.23687128653 69897.1298296975 41.192654656693
301160 520.818547382015 -12867.0281697716 -12346.2096223896 -517.64301585372 -830.512209496755 -8.16381782211841 -714.253020242285 -151.219582713661 70097.0031175817 41.2318812361563
301170 519.995437475896 -12868.0059905492 -12348.0105530733 -1492.69132340245 -1890.27868169061 -1144.78472299076 -1443.01056552596 18.0348049956512 70192.8710379163 41.2506695527275
301180 517.935462566723 -12867.6937073699 -12349.7582448032 949.015563881505 576.693452298011 1016.55165130045 1253.80158804606 94.1744792178071 69975.2724949726 41.2079996121272
301190 509.899181273227 -12861.1206664563 -12351.2214851831 1411.41124903756 1100.88411193384 1161.93020201535 1971.41943316347 16.038699846882 69956.8415821568 41.2043813447357
301200 501.56330007903 -12853.8932846393 -12352.3299845603 -1365.32815835713 -1617.66774899251 -1800.21968958737 -678.097036491498 -115.864975503279 70236.1201330192 41.259139965827
301210 503.224922390585 -12856.2410144834 -12353.0160920928 -1356.2547293263 -1570.36902319753 -1632.61724967004 -865.777915111318 -210.462958968993 70225.1507383491 41.2569919193386
301220 513.487117867567 -12866.8460491298 -12353.3589312622 1479.2338713396 1228.35146201652 1652.52523199859 1556.82492000369 -153.197292247375 69919.9681623014 41.1971406258383
301230 519.693821925967 -12873.2881204265 -12353.5942985005 1031.6164352366 680.760453539049 1725.11485901149 688.973993159259 -80.7493163019775 69923.1873391002 41.1977728669919
301240 519.03739853176 -12872.8394454697 -12353.802046938 -1582.69510510439 -2083.09590255624 -599.746601152557 -2065.24281160436 -32.925589968245 70148.1092998768 41.2418992209825
301250 519.982617598141 -12874.126296833 -12354.1436792349 -531.406948503275 -1118.9875646033 327.371938693021 -802.605219599545 39.9139561321937 70045.4457871608 41.2217698807967
301260 521.287407981325 -12875.6593413817 -12354.3719334003 1841.53971889555 1183.62977771408 2325.55951547219 2015.4298635004 124.450589746809 69831.9882811847 41.1798540007121
301270 515.841592342182 -12870.6777548908 -12354.8361625486 172.661951940204 -503.89321351447 277.534429843346 744.34463949174 104.202622747918 70004.0392901071 41.2136457003117
301280 507.802590933113 -12862.815233546 -12355.0126426129 -1916.03622634654 -2454.44555796099 -2133.48722986212 -1160.17589121652 -150.45419771212 70217.9278020127 41.2555773888833
301290 507.341905807585 -12862.5856124908 -12355.2437066832 48.7813839026015 -217.593183821771 -416.848155068693 780.785490598275 -409.362152298334 70021.6175233815 41.217095036739
301300 515.093926470549 -12870.1671378937 -12355.0732114232 1839.50981572551 1858.55126546601 1305.05389850836 2354.92428320217 -490.992516841751 69828.5751275564 41.1791830786817
301310 521.463658553057 -12876.5256044298 -12355.0619458767 -476.91434810531 -375.184031994895 -843.715739962817 -211.843272358216 -386.308753238739 70019.6891204229 41.2167166588395
301320 520.110549677921 -12875.0826981996 -12354.9721485217 -1506.94363660013 -1507.1142969222 -1615.34544266899 -1398.37117020921 -338.769232031352 70126.5670398289 41.2376770369571
301330 516.400215745847 -12871.4453462614 -12355.0451305155 1000.75030316127 952.993510516033 1023.98037945329 1025.27701951448 -391.764911152775 69916.3813258591 41.1964361540636
301340 514.221603663756 -12869.305852823 -12355.0842491592 1311.78222864414 1433.46848929133 1203.58329521387 1298.29490142723 -519.449614140245 69907.3788298677 41.1946679148073
301350 510.947948822803 -12866.005602195 -12355.0576533722 -1446.12284850499 -1111.52360430645 -1693.13348885656 -1533.71145235197 -609.24795792435 70183.5201574846 41.2488377085394
301360 506.144441717652 -12861.0697057776 -12354.9252640599 -1105.41480720362 -726.114837415987 -1266.82763028518 -1323.3019539097 -580.845849794558 70166.4247513418 41.2454882855086
301370 504.314368714488 -12858.8282932596 -12354.5139245451 1836.19793418533 1924.27955533869 1880.03218502974 1704.28206218756 -511.89929017362 69903.6868248795 41.1939427000088
301380 506.529007173228 -12860.5263709702 -12353.9973637969 656.877389747545 249.117307599596 883.0683037582 838.44655788484 -404.823669964351 70013.8617626916 41.2155732127655
301390 509.679036036277 -12862.7033905435 -12353.0243545072 -2263.45870844852 -3169.25288175677 -2119.23726621555 -1501.88597737324 -491.666863673643 70280.2479348399 41.2677788920881
301400 512.592183878647 -12864.7395675326 -12352.1473836539 -185.120770791413 -1434.34136867094 -238.015746223101 1116.9948025198 -611.242927902135 70073.0186779115 41.2271780565827
301410 515.18978972114 -12865.9554246928 -12350.7656349716 2641.3365922103 1371.99129438642 2359.64666602683 4192.37181621765 -722.921516991147 69809.0243168629 41.1753395635213
301420 514.308248634875 -12863.989909802 -12349.6816611671 -435.147983713057 -1333.50932214672 -937.185547637837 965.250918645386 -715.662676726923 70095.5361890208 41.2315936126087
301430 512.24275175143 -12860.3265987663 -12348.0838470149 -2660.58122211036 -3083.50686604757 -3258.8968974069 -1639.33990287659 -588.263063217835 70312.7463210517 41.2741388087083
301440 513.413255747577 -12860.150788271 -12346.7375325235 1120.32086707767 963.219361307531 569.367635048313 1828.37560487715 -390.051152767762 69966.615929566 41.206300276338
301450 515.796352440287 -12860.7815359134 -12344.9851834731 2449.69187717869 2369.79021355013 2115.61745352926 2863.66796445667 -248.918779497294 69842.8900223365 41.1819968045118
301460 517.890806674254 -12861.3232813785 -12343.4324747042 -1721.13030202588 -1844.16903819286 -1751.05098856075 -1568.17087932402 -182.720954308887 70234.0788040663 41.2587402460779
301470 518.465401573073 -12860.2658953025 -12341.8004937294 -2031.08222021055 -2148.80261705271 -1852.04831328811 -2092.39573029083 3.86942007688218 70268.0446350646 41.2653902065866
301480 517.397144985353 -12857.6834237872 -12340.2862788019 2213.87919809546 2197.73308360752 2317.61628391253 2126.28822676634 318.195195332411 69877.0118671142 41.1887022206528
301490 517.127332528347 -12856.1251381502 -12338.9978056219 1530.20935783886 1549.37798242306 1318.91361423052 1722.336476863 484.770057765629 69953.180886161 41.2036626190116
301500 519.348441621526 -12856.9669014013 -12337.6184597798 -2569.4657103725 -2561.63791530451 -3062.7911130739 -2083.96810273908 350.324506703639 70336.3024052967 41.2787474967354
301510 523.975637486692 -12860.6946260685 -12336.7189885818 -923.766916631588 -760.608533137194 -1647.95473039507 -362.737486362501 199.545572756085 70171.1873894283 41.2464214615957
301520 528.377932985683 -12864.0971271935 -12335.7191942078 2591.1299991048 3007.61946109874 1765.28347283344 3000.48706338223 121.307725921738 69834.2889343907 41.1803062267146
301530 530.220102008992 -12865.6228295398 -12335.4027275308 295.412260898631 937.65628560983 -443.920579806861 392.501076892928 -38.7932950702219 70043.0908581404 41.2213079167628
301540 530.297115991845 -12865.3646039777 -12335.0674879858 -2306.72532400774 -1536.55228670523 -2799.12371164423 -2584.49997367375 -271.328273972207 70290.4501422688 41.2697756696649
301550 529.197631807343 -12864.5159804562 -12335.3183486489 252.165275976304 1026.46820596312 -15.9970724403626 -253.975305593847 -437.829622459121 70051.8381276915 41.2230238075487
301560 526.297438903701 -12861.8177412468 -12335.5203023431 2037.60048984214 2690.14234938939 1675.48129035835 1747.1778297787 -553.463068420609 69896.588619395 41.1925483388004
301570 521.254197903074 -12857.3136194745 -12336.0594215715 -672.819149444565 -184.142810252567 -1237.33624007707 -596.978398004067 -612.190264035013 70157.9145793158 41.2438207244519
301580 518.501401848789 -12854.9318304658 -12336.430428617 -1564.24751710546 -1300.15245758861 -2074.71885258276 -1317.871241145 -629.756076992486 70254.3296173597 41.2627052858873
301590 518.672122844738 -12855.5575295983 -12336.8854067536 895.852541368755 745.623698610974 732.402775358123 1209.53115013717 -680.167353037645 70030.3062671765 41.2187997958292
301600 517.001850161362 -12854.2500015746 -12337.2481514132 1173.01693646601 742.994721557165 1267.19160604529 1508.86448179557 -631.895411333513 70012.0586618486 41.2152193948648
301610 515.157952535329 -12852.7342802615 -12337.5763277262 -1046.95403510561 -1406.91552395866 -1081.47173808725 -652.474843270903 -388.929573576118 70226.1551488152 41.2571886140958
301620 516.941505279438 -12854.782262017 -12337.8407567376 -860.144412087374 -846.049832745583 -1347.04489850062 -387.338505015925 -56.7134315434527 70206.4881342224 41.2533368607331
301630 520.527785254012 -12858.5835542167 -12338.0557689627 1093.85255490295 1546.77439004181 183.237546767629 1551.54572789941 274.092303562214 70018.4237115387 41.2164683652795
301640 521.773012603215 -12860.1186894124 -12338.3456768092 469.434684286095 1223.11047059689 -648.495458652399 833.689040913807 491.305809484631 70065.9479607551 41.2257913339608
301650 521.152866184339 -12859.801883706 -12338.6490175217 -1110.29178817538 -277.722566361765 -2254.20490922414 -798.947888940239 518.072521075234 70202.4475386195 41.2525454274727
301660 522.607334067238 -12861.6878363208 -12339.0805022535 -161.195239614644 623.932438336948 -1160.24139999993 52.7232428190513 413.976087434472 70104.1315859962 41.2332788717527
301670 523.433218871468 -12862.9564438245 -12339.523224953 1153.29513167656 1797.43265260431 399.448592406537 1263.00415001884 228.43834527272 69984.0904251013 41.2097304806951
301680 517.416576003766 -12857.5387219887 -12340.1221459849 37.8608333075904 593.344287994912 -600.244867498241 120.483079426087 96.8613216149206 70110.435871313 41.2345148358201
301690 511.217170081494 -12851.8155762371 -12340.5984061556 -1062.11998051177 -612.404429734756 -1696.92936583681 -877.026145963761 112.815159161778 70237.952402475 41.2594987423104
301700 512.384639708914 -12853.4138653599 -12341.029225651 77.5999848653572 374.407273024157 -638.787243778947 497.179925350862 252.513069220931 70137.4344470482 41.2398071069174
301710 516.202807056532 -12857.5081097091 -12341.3053026525 857.160084461869 1187.15721654424 -29.7659560406604 1414.08899288204 391.26374401062 70055.0781719488 41.223659348152
301720 518.66515611596 -12860.2584027242 -12341.5932466082 -384.632960228327 -83.5173936648109 -1314.15739159667 243.775904576495 505.266342000973 70149.8280899168 41.2422360586981
301730 520.255993854435 -12862.1546366517 -12341.8986427973 -818.067732853336 -762.780097901289 -1453.89385359379 -237.529247064931 542.319751738399 70159.7855115035 41.2441873436056
301740 519.752654632055 -12862.0221102005 -12342.2694555685 635.891222569677 311.490730949996 562.907741273978 1033.27519548506 429.873852523282 70002.4019462971 41.2133243786924
301750 519.307018547042 -12861.9824487552 -12342.6754302081 778.857094312936 247.902027987746 1186.07015895656 902.59909599451 154.784453877532 69984.8441325227 41.2098784189289
301760 521.057035253183 -12864.2012441631 -12343.1442089099 -848.384845775193 -1172.46967978199 -376.194948696545 -996.48990884704 -149.000648055783 70126.9689647572 41.2377558203124
301770 523.297017909459 -12867.0197378827 -12343.7227199733 -516.978216133787 -489.640294645406 -201.832695690188 -859.461658065769 -295.475069033737 70092.0069002802 41.2309016016318
301780 522.734947057807 -12867.1294377161 -12344.3944906583 1066.28789146163 1307.61947165582 1171.13868050543 720.105522223633 -325.141986727156 69953.0108630708 41.2036292367807
301790 519.311009093048 -12864.55684023 -12345.245831137 200.30922282775 554.222979341672 95.621263400156 -48.9165742585681 -281.65071274595 70034.7484406104 41.2196713098723
301800 517.594790931047 -12863.6918867312 -12346.0970958002 -1205.77171284944 -667.367573897633 -1443.03243735027 -1506.91512730041 -147.73913308899 70158.3398311171 41.2439040553857
301810 520.667058219865 -12867.7623418964 -12347.0952836766 -71.9551431239103 527.419613981598 -285.022418756629 -458.262624596702 -156.334752371339 70023.3811974678 41.2174410865957
301820 523.89492127128 -12871.9906217345 -12348.0957004633 1409.4346260973 1957.1986034537 1321.32883678209 949.776438056095 -473.139449922949 69876.2671956533 41.1885559056765
301830 519.146236883027 -12868.5251717719 -12349.3789348889 -29.6573157630492 502.939664584043 -3.49598323821342 -588.415628634967 -881.439212044466 70030.2265225204 41.2187841503159
301840 509.995128890733 -12860.565538326 -12350.5704094353 -1438.11464569519 -999.378751119531 -1385.94004481872 -1929.02514114731 -930.556252582543 70183.2797903311 41.2487906182965
301850 508.311280169396 -12860.1038763507 -12351.7925961813 177.59686231539 505.093527941642 51.2893488145482 -23.5922898100196 -722.670465188517 70027.8477105265 41.2183174335222
301860 515.147746760721 -12867.9249680036 -12352.7772212429 1296.75408681786 1658.76676837222 817.133468780437 1414.36202330092 -468.651115091532 69898.0030064331 41.1928261864732
301870 519.618183374834 -12873.474182264 -12353.8559988892 -431.527651081189 137.730762757904 -1179.56328761996 -252.750428381507 -362.978952345517 70042.9614532703 41.2212825312408
301880 517.141894739359 -12872.0683474389 -12354.9264526995 -1179.59590732308 -452.10355519453 -1872.42572580496 -1214.25844096976 -352.889547499816 70109.475951018 41.2343266468684
301890 513.314889460884 -12869.3875632118 -12356.0726737509 901.837039682104 1556.86140931968 468.092268675902 680.557441050736 -341.185517451895 69925.0038483018 41.1981296179177
301900 509.750655471652 -12866.8960146755 -12357.1453592039 1076.09736310811 1657.95401034837 721.457812969357 848.880266006606 -231.396132489506 69914.8893216935 41.1961431102379
301910 507.116557227582 -12865.1863164282 -12358.0697592007 -1475.94290099789 -934.450384107779 -1884.34826052409 -1609.03005836181 -44.639598225982 70144.8830851579 41.2412669527551
301920 510.688394639453 -12869.6165136175 -12358.928118978 -1011.92837233352 -521.28544838494 -1520.180877403 -994.318791212612 171.101573733225 70076.9301339642 41.2279451387769
301930 518.200736195794 -12877.7466347537 -12359.5458985579 2159.00223971788 2556.03634108178 1498.75283704795 2422.21754102393 205.413418211417 69763.2122635485 41.1663305103546
301940 518.810198940913 -12879.2458477075 -12360.4356487666 865.784079029315 1129.1983351574 95.8213320745653 1372.33256985598 120.696987658522 69882.0933753861 41.1897006208045
301950 511.192142623586 -12872.2727654669 -12361.0806228433 -2609.07566692383 -2458.67510453495 -3337.60083163281 -2030.95106460375 70.1442804789122 70232.3821876919 41.2584080198085
301960 503.413852417536 -12865.4377485644 -12362.0238961468 -334.166847586753 -311.548652292767 -900.355905717088 209.404015249594 63.2521324716595 70052.3731436186 41.2231287532515
301970 499.651160219825 -12862.0358918485 -12362.3847316287 2961.2739202359 2797.72536555353 2601.90704627163 3484.18934888253 38.7795714827369 69762.8709973195 41.1662633847124
301980 501.442511089639 -12864.3934494287 -12362.950938339 -680.467097780367 -1089.92612919083 -718.676668098421 -232.798496051844 -68.6141072450776 70079.8452703707 41.2285168124938
301990 508.122166979343 -12870.9296269692 -12362.8074599899 -3241.21914052224 -3774.1538996537 -3004.53768362296 -2944.96583829005 -257.689682321703 70282.7600326571 41.2682705781837
302000 516.247722769504 -12879.230019768 -12362.9822969985 1604.94097566227 1277.62971243554 1836.92360345059 1700.26961110069 -388.015278846316 69797.5500096956 41.1730834828001
302010 521.194400273272 -12883.7851106857 -12362.5907104124 3156.91189430609 3327.27887556156 3082.83752942128 3060.61927793543 -338.63477242862 69636.6896415416 41.1414290196392
302020 520.64854064467 -12883.2583270791 -12362.6097864344 -2275.97993514972 -1812.13603690616 -2724.4347572481 -2291.3690112949 -100.159288548749 70130.7190796977 41.2384908849622
302030 517.210295867447 -12879.7261699284 -12362.515874061 -2342.61502045722 -1715.56465439703 -3157.43170076782 -2154.84870620681 36.1046330281879 70148.079651832 41.2418934106959
302040 514.021841377648 -12876.3986928551 -12362.3768514774 2808.53267877201 3551.58147339392 1777.67625806604 3096.34030485605 -62.4667888762131 69694.0356854999 41.1527192885831
302050 512.55017824341 -12874.9556684363 -12362.4054901929 1380.2629270429 2109.78882033603 394.388628719974 1636.6113320727 -373.562841441 69830.291296607 41.1795204279711
302060 513.161756604647 -12875.105805999 -12361.9440493943 -2835.25462642366 -2324.62946707018 -3456.70256046809 -2724.43185173273 -638.776108919593 70224.7127755508 41.2569061520364
302070 513.591909150171 -12875.3363483007 -12361.7444391505 -528.265583484928 -248.379108232711 -734.482275038312 -601.935367183762 -803.464594539793 70014.8962749401 41.2157762097352
302080 511.27240518479 -12872.2787184494 -12361.0063132646 2691.66250365758 2868.95706112137 2655.34281044094 2550.68763941043 -932.197154067378 69736.1217576931 41.1610012397804
302090 507.044325792078 -12867.5460330636 -12360.5017072716 -97.1479384588893 19.4571381877347 -248.90997142266 -61.9909821417456 -907.108444095949 70016.4078871783 41.2160728219643
302100 505.833149392216 -12865.1779923974 -12359.3448430052 -2321.12817584818 -2275.1914938497 -2609.43275785739 -2078.76027583744 -756.443042673641 70233.5676448949 41.2586401530034
302110 510.07985832237 -12868.2991140644 -12358.2192557421 576.468589216499 311.537121917206 330.478458938751 1087.39018679354 -645.609571431829 69967.6924153865 41.2065116046021
302120 514.77780484653 -12871.4420403608 -12356.6642355143 1865.36165356999 1271.00510009438 1711.64120644178 2613.43865417381 -530.95545704577 69854.4599828501 41.1842707070224
302130 515.099582347607 -12870.2823750797 -12355.1827927321 -945.813298357983 -1446.13680991357 -1175.86291918147 -215.440165978907 -270.698705703113 70117.0443207034 41.2358103521479
302140 511.968755314611 -12865.5238303573 -12353.5550750427 -1317.48452099978 -1533.00635422487 -1630.88833182702 -788.558876947465 -23.6704772488676 70163.4739589821 41.2449100954969
302150 509.877161544704 -12861.7902275038 -12351.9130659591 1185.26617605023 1240.86539613722 948.890589041567 1366.04254297192 -13.4094493371259 69944.9203056192 41.2020406790804
302160 513.374244280818 -12863.5954022961 -12350.2211580153 842.715931184044 1063.53126480723 888.675003491566 575.941525253339 -89.4232380790432 69982.9432527404 41.2095053108418
302170 518.621049457542 -12867.0914899625 -12348.4704405049 -1434.49773125224 -1139.78475272188 -1126.32447699587 -2037.38396403897 -94.1253808861652 70182.7175661579 41.2486804727405
302180 518.790366497615 -12865.7081274713 -12346.9177609737 -385.634432468102 -102.433395460981 86.2592185623984 -1140.72912050573 -7.04962125112341 70079.5909952958 41.2284669484335
302190 516.500374221278 -12861.8771850937 -12345.3768108724 1566.07203846078 1861.57957483639 2053.93086047187 782.705680074092 102.742587387114 69908.8284050524 41.1949526456259
302200 517.766466718697 -12861.8309180766 -12344.0644513579 -138.006294160008 253.35296160227 146.905564356628 -814.277408438931 104.356595389074 70062.021843805 41.2250212960839
302210 523.38785476505 -12866.1166338002 -12342.7287790351 -1611.46922758062 -1205.22461591879 -1645.31085645031 -1983.87221037276 56.2980299882271 70176.3379527717 41.2474305989962
302220 527.133057552614 -12868.8397879457 -12341.7067303931 594.649591732434 856.378188425276 334.639768725109 592.930818046927 129.935375038129 69956.3987059931 41.2042943936173
302230 524.514949162544 -12865.3149255602 -12340.7999763977 1707.93183790589 1775.0042696744 1408.42365361404 1940.36759042922 297.292229138647 69874.7011212054 41.1882481959231
302240 516.99813291155 -12857.2103646152 -12340.2122317036 -767.292592397753 -750.502700283441 -995.402549736689 -555.972527173122 472.767863636065 70152.6888704178 41.2427966843576
302250 511.052496126451 -12850.5386063038 -12339.4861101774 -1603.07718051392 -1542.82466225786 -1708.02819829325 -1558.37868099066 500.93806526278 70259.6638882778 41.2637495910544
302260 513.422026058909 -12852.2371130028 -12338.8150869439 843.506846471537 956.595221683495 831.189513951391 742.735803779727 432.94517419403 70024.180971438 41.2175980080431
302270 520.936413180881 -12858.931687817 -12337.9952746361 1200.50783777479 1326.51910160758 1241.0195830995 1033.98482861729 156.337290439707 69965.7863878988 41.2061374249664
302280 524.44805781476 -12861.7443281965 -12337.2962703818 -945.757991054189 -828.050707070114 -1067.17614381072 -942.047122281725 -178.825230347104 70161.5293773739 41.2445290575672
302290 522.840005583001 -12859.561015111 -12336.721009528 -772.397645655635 -559.790672784613 -1164.18705176133 -593.215212420959 -493.713988601192 70161.2558931722 41.2444754681721
302300 522.10148218444 -12858.359303599 -12336.2578214146 1009.50120517125 1627.18226293759 317.402550533224 1083.91880204293 -613.478203474355 69997.8458906118 41.2124302461607
302310 524.302568936668 -12860.2448256842 -12335.9422567475 429.120616098302 1484.7648303193 -433.285489736479 235.88250771209 -362.943349715623 70045.3709982872 41.2217552096985
302320 525.29014820764 -12861.0046996695 -12335.7145514618 -1106.23892007209 167.302254065828 -1819.84424725791 -1666.17476702416 25.2042050562312 70182.2607565084 41.2485909785516
302330 526.353033504189 -12862.0713622758 -12335.7183287716 -144.220320766764 1170.42463504018 -458.550789394417 -1144.53480794606 252.203136122847 70087.0428432625 41.2299282268375
302340 529.489254406328 -12865.3400760583 -12335.8508216519 1158.78288947791 2458.1347803995 1211.11924986312 -192.905361828907 172.37009690879 69961.9685545266 41.2053879108763
302350 528.686914523736 -12865.0081723684 -12336.3212578447 -106.050208329845 985.976463709417 64.4853123546598 -1368.6124010536 -12.7753717002846 70079.5411147032 41.2284571666943
302360 522.33549200048 -12859.2955759309 -12336.9600839304 -1034.97033584592 -171.936782845384 -931.384883030248 -2001.58934166213 -253.032514208511 70179.9359605204 41.2481355186455
302370 516.911124293633 -12854.7113335837 -12337.80020929 368.646234321332 1078.556023855 315.072872630962 -287.690193521959 -451.726916586237 70062.942217619 41.225201813588
302380 514.62094998379 -12853.2592718203 -12338.6383218365 886.48865624291 1436.14823533461 681.698875420557 541.618857973559 -489.494383605739 70019.2463532052 41.2166297811357
302390 516.08605984521 -12855.5874068479 -12339.5013470027 -724.802291885518 -326.028507544086 -1117.23532046978 -731.143047642689 -364.667206301927 70160.1293980928 41.2442547293102
302400 520.084712833603 -12860.4849781114 -12340.4002652778 -827.732737195878 -554.425001229435 -1391.87061952114 -536.902590837052 -277.106896007308 70149.2264377022 41.2421181512882
302410 520.255624799602 -12861.6307969315 -12341.3751721319 1090.49288661988 1165.32560553669 614.828547206782 1491.32450711618 -350.098220473228 69962.8953236848 41.2055698559856
302420 515.015965679614 -12857.4924793866 -12342.476513707 717.156408600494 485.33015404429 558.11181585946 1108.02725589774 -531.614227275545 70003.054413221 41.213452423096
302430 511.51716444079 -12855.0277791359 -12343.5106146951 -1397.33523722133 -1906.55379208387 -1100.83468955302 -1184.61723002709 -734.025285280391 70203.1851921258 41.2526899142594
302440 515.954140269971 -12860.5528617471 -12344.5987214771 -637.986667918277 -1354.90139196842 -9.277778227731 -549.780833558689 -1007.4320096543 70108.7480287183 41.2341839391514
302450 524.524217262183 -12870.1034734044 -12345.5792561422 1664.26223226923 880.624365565997 2398.9637720645 1713.19855917721 -1167.22362766632 69859.5068882399 41.1852625220635
302460 528.901638693936 -12875.7934303424 -12346.8917916484 447.667339240367 -70.1268113163871 891.083418950795 522.045410086696 -970.948174671781 69951.6614990124 41.2033643015373
302470 524.608801579538 -12872.9170099915 -12348.3082084119 -1797.76805639306 -1853.32933220088 -1933.04249258706 -1606.93234439124 -532.136770341637 70168.8374852662 41.2459610341608
302480 515.26868327256 -12865.2920893717 -12350.0234060991 127.490032756639 400.48125247763 -525.602177282656 507.591023074938 -205.270031634352 70019.4056319814 41.2166610341112
302490 510.723609609329 -12862.2226522374 -12351.4990426281 2026.69458368858 2397.45877265335 1251.68413620758 2430.9408422048 -63.4665707439692 69861.1115590366 41.1855778610677
302500 513.387815025248 -12866.4185824813 -12353.0307674561 -917.331837872096 -580.664292609794 -1489.74285158966 -681.588369416823 32.6663263594206 70132.7988268115 41.2388985274606
302510 513.823106285227 -12868.0235773212 -12354.200471036 -2320.91628928073 -2099.76144926604 -2636.49135279221 -2226.49606578394 29.6931323081506 70261.0600832905 41.2640229193369
302520 510.842196995095 -12866.2522587149 -12355.4100617198 1786.67048572959 1813.88385297438 1715.94323525253 1830.18436896188 -117.98354374577 69875.9205960064 41.1884878045261
302530 512.53582108549 -12868.8232313426 -12356.2874102571 2271.20177897753 2068.14740182645 2330.41239850433 2415.04553660181 -345.479780921881 69811.9894026901 41.1759225191323
302540 516.867698365029 -12873.9223767673 -12357.0546784023 -2723.69091484429 -3266.62325141557 -2594.42268464583 -2310.02680847147 -612.153720220658 70249.6922714009 41.2617973767188
302550 516.289986643709 -12874.2451582777 -12357.955171634 -1718.96975836132 -2530.29754972393 -1475.68140250233 -1150.93032285769 -644.204836051993 70147.7483504914 41.2418284836818
302560 513.007750852601 -12871.3642114905 -12358.3564606379 3598.83657030118 2758.2009316092 4033.82419293011 4004.48458636424 -309.916005120375 69665.4577793836 41.1470936549585
302570 509.179202714265 -12868.4529255105 -12359.2737227963 973.108054470224 292.357389381764 1423.38439935915 1203.58237466976 145.02279447761 69919.7951850441 41.1971066528333
302580 504.277964086017 -12863.4910930818 -12359.2131289958 -3720.28060350146 -4212.31102913497 -3230.4195949317 -3718.1111864377 457.241027944126 70386.6429875447 41.288593055667
302590 501.619383062344 -12861.3024709762 -12359.6830879139 -201.411350576358 -509.602073638879 397.487574973755 -492.119553063941 581.785048691777 70064.490581775 41.2255054984014
302600 504.883408972609 -12864.017667546 -12359.1342585734 3432.62412472252 3138.4330630044 4102.44225527483 3056.99705588833 539.19350376973 69721.8481139658 41.1581927595581
302610 512.038562129383 -12871.056117432 -12359.0175553026 -872.747939568775 -1157.06718844012 -238.513754003971 -1222.66287626224 304.303534684814 70081.2639842752 41.2287950240829
302620 517.536978584571 -12875.9157465993 -12358.3787680147 -2876.58571043683 -3065.90579884746 -2371.44546495404 -3192.40586750896 34.9642153749032 70234.129346306 41.2587501430238
302630 520.477204205454 -12878.6079816527 -12358.1307774472 1520.87467078854 1395.86429438961 1794.13291155246 1372.62680642354 -24.6421631886407 69803.0568925285 41.1741662781316
302640 523.320169722852 -12881.0181284805 -12357.6979587576 2214.4432386395 1997.05149707125 2267.65570838716 2378.62251046009 95.5798358358268 69721.9564599262 41.1582140791383
302650 524.021736040874 -12881.5905198297 -12357.5687837888 -1697.20690808128 -2173.02276205739 -1536.87967422769 -1381.71828795874 266.80361330383 70085.6897870489 41.2296629054727
302660 518.983569894384 -12876.5063072438 -12357.5227373494 -1372.26096354613 -2066.10812934077 -869.5555235445 -1181.11923775312 185.496871332653 70076.4608180596 41.2278531019562
302670 513.620380120977 -12871.0934526364 -12357.4730725154 1928.09058562234 1311.58509607344 2527.19957422203 1945.48708657155 6.32364528818383 69800.9579315646 41.1737535749356
302680 512.50317759388 -12870.0412387427 -12357.5380611489 718.736662195487 439.746116683299 1020.98354095307 695.480328950087 -198.879765871958 69932.7223979462 41.199645423384
302690 511.244313659839 -12868.5438493562 -12357.2995356964 -1948.82248277791 -1788.62216954241 -2127.75349353387 -1930.09178525747 -214.800496908897 70194.5457639109 41.2509976155738
302700 508.826527526667 -12865.9808247249 -12357.1542971983 -117.733478709251 439.239268726103 -637.483442610434 -154.956262243409 -52.126690765428 70044.1825295203 41.221522070116
302710 508.124539852687 -12864.8251544021 -12356.7006145494 1816.76917947812 2526.72092132013 1261.55246586425 1662.03415124998 71.2799411277 69882.3464220916 41.1897503374294
302720 511.424544736107 -12867.7211219053 -12356.2965771692 -470.801391599215 79.5445235608179 -884.973122575985 -606.975575782483 -0.134335744738854 70093.4180883269 41.2311783053892
302730 515.877661379771 -12871.5536037761 -12355.6759423963 -1665.46425615655 -1513.64898800036 -1871.70662284452 -1611.03715762477 -219.584879042681 70194.6151714632 41.2510112117386
302740 516.594473208951 -12871.7903152237 -12355.1958420148 918.007154717866 496.670018100881 1008.58671139152 1248.7647346612 -500.821691025755 69952.7734552412 41.2035826241801
302750 513.651704926294 -12868.318829039 -12354.6671241127 1415.81262020449 655.770053074806 1795.72744662554 1795.94036091312 -681.531974546181 69911.499478918 41.1954772973404
302760 512.153681292941 -12866.3347304367 -12354.1810491437 -1232.83259673062 -2101.06985246994 -630.220350573996 -967.20758714794 -763.589099620941 70161.5323464401 41.2445296393568
302770 514.417951619877 -12868.0888677395 -12353.6709161196 -1133.87118772298 -2055.22658911074 -419.430839214772 -926.956134843423 -726.649932579957 70145.8364295589 41.2414537896328
302780 516.461051255375 -12869.5983176417 -12353.1372663863 1457.266976246 544.076929710687 2147.28712261538 1680.43687641194 -605.203654057502 69898.1629868921 41.1928576134188
302790 515.418910779579 -12868.1388033915 -12352.7198926119 762.730124356777 -43.5138906803274 1368.18427197163 963.519991779017 -520.875818151071 69959.3110542309 41.2048661763809
302800 514.049040177989 -12866.2908773302 -12352.2418371522 -1613.97122748312 -2094.08763009828 -1169.74377743939 -1578.08227491167 -394.173550465519 70174.7539481658 41.2471202540682
302810 515.059113611692 -12866.9687811154 -12351.9096675037 -294.395286570381 -215.351012153572 -197.379905761327 -470.454941796235 10.0750766443167 70051.7626446153 41.2230090011718
302820 515.779373821037 -12867.2336528798 -12351.4542790587 1677.42404233862 2340.28860363555 1397.20435161711 1294.77917176319 563.881477048083 69873.345665267 41.1879818657839
302830 514.283344302386 -12865.4695486289 -12351.1862043265 -169.785364663496 649.681929357106 -603.813646380181 -555.224376967407 875.496367718957 70043.6215140302 41.2214120158934
302840 515.335828314432 -12866.1162452867 -12350.7804169722 -1638.60890463009 -1189.49390027058 -1928.3800736542 -1797.95273996549 902.439484403089 70173.0183465259 41.2467802022418
302850 519.111387043899 -12869.6597498613 -12350.5483628174 564.057318246867 374.998321721849 496.308377782375 820.86525523638 871.848168592441 69960.0743392457 41.2050160298793
302860 519.841527419454 -12870.1066455052 -12350.2651180857 1553.60935350544 909.349277185534 1603.27219573618 2148.20658759459 995.193102053133 69872.3846816239 41.1877930424305
302870 516.397231030905 -12866.567863589 -12350.1706325581 -805.469710880094 -1483.70750871297 -752.358464984883 -180.343158942426 1047.90731801177 70110.0934363953 41.2344477028723
302880 513.962317672703 -12863.9498901097 -12349.987572437 -1303.10719229698 -1831.23468280571 -1264.73725451587 -813.349639569367 973.524479799175 70174.2733613558 41.2470260945304
302890 515.077185968787 -12864.9139573719 -12349.8367714031 1052.15782853734 681.526549198209 1005.27739331016 1469.66954310366 883.94384861008 69966.6713249631 41.2063111512328
302900 514.745920734642 -12864.4091598373 -12349.6632391026 976.262382159066 665.20512810145 874.267364220083 1389.31465415567 720.981609745768 69980.5693181055 41.2090393412137
302910 509.560303626494 -12858.9868768271 -12349.4265732006 -1156.73294956459 -1661.03513459862 -1044.33403482237 -764.829679272773 478.223428560516 70198.4985205513 41.2517719022008
302920 506.059271347135 -12855.1596062267 -12349.1003348795 -660.283254202536 -1415.34042489448 -248.887970355737 -316.621367357393 303.224658748982 70172.1500844904 41.2466100838597
302930 509.348614446602 -12857.9254011307 -12348.5767866841 1095.67902204638 330.368825255837 1658.02512659154 1298.64311429174 307.438819161365 70004.2780352105 41.2136925525839
302940 514.480085768756 -12862.4707332734 -12347.9906475047 264.614061680666 -248.540966761389 750.904204084146 291.478947719247 530.741839294794 70063.9642588034 41.2254022697677
302950 516.012263900231 -12863.3371772928 -12347.3249133926 -1117.38642295189 -1419.18095263629 -842.325133012805 -1090.65318320655 748.81144649655 70179.027473815 41.2479575307162
302960 517.089174567102 -12863.8345410955 -12346.7453665284 31.510466221338 -261.372325227092 70.3704816475889 285.533242243532 702.047155136573 70060.2163493377 41.2246671708614
302970 520.428093856574 -12866.5515384143 -12346.1234445577 1070.21695280482 661.012131039354 842.103661897847 1707.53506547726 398.327362796447 69949.2466885567 41.2028901671721
302980 523.042559094034 -12868.7003958591 -12345.657836765 -302.733514038018 -670.344169107023 -715.786805020211 477.930432013181 -124.920186107071 70061.2180836573 41.2248636493064
302990 522.045224599543 -12867.3214122313 -12345.2761876318 -838.022926261846 -1059.84522742492 -1248.95782193396 -205.265729426661 -562.23413769206 70114.5570218906 41.2353227531818
303000 518.982807235327 -12864.0129512344 -12345.0301439991 598.755621039811 408.657127522021 264.365224388148 1123.24451120927 -700.920755785175 69995.010176315 41.2118737135306
303010 517.424023042974 -12862.2568216241 -12344.8327985811 663.022210564955 303.564920000771 476.387332944764 1209.11437874934 -688.555870265083 69999.4402336624 41.212743142708
303020 517.695846436527 -12862.3378336768 -12344.6419872403 -843.225637784443 -1338.52544761502 -935.819050150576 -255.332415587735 -525.522310369769 70142.5096307604 41.2408017947083
303030 518.714516600452 -12863.2017858635 -12344.487269263 -550.458050167506 -1169.27590312561 -553.40568481777 71.3074374408619 -374.881533854442 70109.1857838059 41.2342697602828
303040 521.749183074729 -12866.0866566179 -12344.3374735431 866.709233826539 161.770820445531 1094.62093964658 1343.7359413875 -272.540235820366 69950.7487487306 41.2031850894684
303050 526.90880595076 -12871.2238660517 -12344.3150601009 408.204585202552 -296.708602242814 786.386168736323 734.936189114152 -294.139566245149 69971.0968668427 41.2071799287402
303060 528.946768889095 -12873.4182273262 -12344.4714584372 -848.756278678264 -1502.8059134819 -392.721645647962 -650.74127690493 -575.956158596456 70087.5654588835 41.2300307058412
303070 524.198585825123 -12869.0948914718 -12344.8963056466 -17.3432092665049 -517.569616322565 388.944016160604 76.5959723624461 -992.043754038554 70034.4741442412 41.2196174964859
303080 516.4711356006 -12861.9302020531 -12345.4590664525 1054.67416122121 685.760479633733 1409.79170823828 1068.47029579161 -1165.0182966308 69973.4156489552 41.2076351139073
303090 510.107106992932 -12856.2143431379 -12346.107236145 -373.77965883805 -711.221524048069 21.8403958883266 -431.957848354408 -795.775213147391 70137.5419892751 41.2398281846698
303100 508.265214067034 -12854.8401114457 -12346.5748973787 -1350.4480274219 -1619.87708566536 -999.539458131534 -1431.92753846882 -228.605164974274 70238.5714925436 41.2596199648593
303110 513.674445868505 -12860.7129228009 -12347.0384769324 552.380738836438 366.4569397649 755.380350606844 535.304926137582 110.01687954537 70042.5128841172 41.2211945346033
303120 521.393353440923 -12868.7732392218 -12347.3798857809 1340.80242658615 1245.9002721846 1310.8359338261 1465.67107374773 197.08353658725 69934.3196713159 41.1999590895916
303130 522.47665617268 -12870.4366534256 -12347.9599972529 -827.313302029254 -920.572099070661 -999.204862213133 -562.162944803971 103.182564563067 70116.2197627313 41.2356487107582
303140 517.639406907466 -12866.3301922163 -12348.6907853088 -1113.51050734252 -1305.19025149878 -1157.10737019048 -878.233900338318 -14.4738146211482 70150.8439673441 41.2424351414117
303150 514.499720745177 -12864.0997838436 -12349.6000630985 1262.89962492733 962.232170976167 1625.52477637743 1200.9419274284 -77.9658642330347 69936.2603079419 41.2003401776869
303160 513.580189137196 -12864.2639631368 -12350.6837739996 946.010220571326 712.879378180025 1587.79441397815 537.3568695558 -46.9135605894103 69970.1679624277 41.206997578682
303170 513.216032840553 -12865.0345790761 -12351.8185462355 -1861.12524973271 -1798.2558193506 -1324.33254097463 -2460.78738887291 44.3387776200693 70218.5609423978 41.2557013861513
303180 514.908963245798 -12868.210835604 -12353.3018723582 -618.255561063365 -292.756035512716 -367.106742972111 -1194.90390470526 264.911974665033 70085.4838693263 41.2296225266801
303190 514.890133593458 -12869.6198000176 -12354.7296664241 2412.0677186208 2770.26074827478 2542.31233304498 1923.63007454265 453.238099262267 69801.5788449142 41.1738756614046
303200 509.884107593295 -12866.5434242741 -12356.6593166808 77.7835145640302 318.690369834144 247.492173517331 -332.831999659387 495.887485637028 70014.1972427867 41.2156390425026
303210 506.206799588358 -12864.4818851157 -12358.2750855274 -2695.20472905389 -2524.84492819884 -2503.74793634089 -3057.02132262193 462.389636985399 70265.1440823899 41.2648224089696
303220 507.451167387861 -12867.7039176701 -12360.2527502822 539.667057988657 733.889502541106 670.048733362891 215.062938061978 430.008766347625 69946.1758329613 41.2022872062948
303230 511.022731595691 -12872.7190915251 -12361.6963599294 2738.04996811006 2737.15256264938 2843.07031872326 2633.92702295755 489.618258672044 69726.6280614733 41.1591333040719
303240 514.490773286541 -12877.9605277107 -12363.4697544242 -1262.39033178891 -1603.81516301267 -1209.87727847153 -973.478553882545 518.824804779283 70075.9838698375 41.2277595679524
303250 516.619928930115 -12881.5746533163 -12364.9547243862 -2462.60388466195 -3105.30710431265 -2517.49401892678 -1765.01053074641 617.042918315205 70167.3870743198 41.2456768434018
303260 517.940296334518 -12884.5360681663 -12366.5957718318 1906.94529694334 1152.70218388778 1769.0003598931 2799.13334704913 734.666597745053 69744.5989576448 41.1626690311207
303270 516.627048289128 -12884.7420627917 -12368.1150145026 2139.63820945227 1493.81705389711 1911.75692707163 3013.34064738809 799.79191151155 69727.1548444335 41.1592369558908
303280 509.991303028412 -12879.5381496105 -12369.5468465821 -2169.07689629705 -2659.20206282074 -2480.67401963918 -1367.35460643122 753.613626507092 70150.02102457 41.2422738684805
303290 503.446500500099 -12874.2387773169 -12370.7922768168 -1493.60564512593 -1918.60009493346 -1880.65220588762 -681.564634556728 612.867956737513 70108.0340654308 41.2340439671113
303300 501.946009910224 -12873.5343657847 -12371.5883558745 2238.79603678825 1791.83625473194 1817.2136325995 3107.3382230333 301.946835994836 69766.3641215731 41.1669504573199
303310 503.778000030032 -12876.0276098894 -12372.2496098594 680.943108254677 294.132538126433 406.658792019649 1342.03799461794 -171.450584580402 69895.0068964826 41.1922376145801
303320 507.079532502661 -12879.4816312821 -12372.4020987794 -2212.70480900204 -2451.03791517852 -2293.00490799372 -1894.07160383389 -549.90436282405 70145.000738799 41.2412900106618
303330 509.626127565524 -12882.2427119884 -12372.6165844228 16.4808010263624 -198.04523321156 29.872308240353 217.615328050288 -640.806944914668 69933.7858277557 41.1998542560425
303340 508.996146811808 -12881.4117931953 -12372.4156463835 2051.96687471538 1652.27993543354 2099.6422650024 2403.97842371019 -650.692142755645 69752.7933787578 41.1642810605342
303350 508.401092321828 -12880.7039686106 -12372.3028762888 -467.615041714402 -980.492229325972 -305.572754237231 -116.780141579996 -785.559153129741 69993.9099476531 41.2116577804132
303360 510.132366039978 -12881.9716529631 -12371.8392869231 -1747.31049239109 -2020.67115254522 -1537.81815031669 -1683.44217431137 -898.164382072203 70112.2629314418 41.2348730196988
303370 511.004509710476 -12882.403469464 -12371.3989597535 781.326834994498 806.761072314828 856.381195911198 680.838236757477 -780.14156789495 69873.0926067131 41.1879321425616
303380 509.763607936127 -12880.5055274975 -12370.7419195614 1440.81603222243 1480.54769583734 1339.85542481204 1502.04497601792 -460.444042947522 69819.3485440538 41.1773693039914
303390 506.755332824004 -12876.7840670686 -12370.0287342446 -895.801553878726 -925.819989741404 -1024.74465738752 -736.840014507252 -160.154912475352 70056.7255907918 41.2239824848544
303400 504.431025931646 -12873.5000807359 -12369.0690548043 -1001.28307399089 -999.367615515877 -1115.40122549425 -889.080380962565 21.5435454366313 70090.7669530444 41.2306584714652
303410 503.144072139189 -12871.0560900048 -12367.9120178656 975.48963762779 1181.71694981581 751.320443520195 993.431519547367 74.7375268331603 69922.4567411528 41.1976293804306
303420 501.464839320142 -12868.0025884336 -12366.5377491134 563.282518576932 965.178912067762 156.435110853927 568.233532809113 -20.7103348420932 69962.3725211485 41.2054672185805
303430 501.023592159262 -12865.911918331 -12364.8883261718 -1051.03954490781 -833.452938108428 -1445.55530139287 -874.110395222134 -101.875667522568 70109.6623028411 41.2343631806133
303440 504.695279825967 -12867.8029668879 -12363.1076870619 -330.25665148224 -496.676538239175 -521.463882760754 27.370466553211 -11.4658943906064 70031.2194262389 41.2189789523448
303450 512.395706856228 -12873.6098936059 -12361.2141867497 1046.00955742776 634.855113168091 1102.13545482993 1401.03810428527 55.8207774049992 69892.8612803877 41.1918161079216
303460 517.383672785939 -12876.919582132 -12359.5359093461 78.6405964944939 -308.405526026891 368.532102748466 175.795212761908 15.8466006230876 69974.4501879799 41.2078381943494
303470 516.857347738515 -12874.9567305659 -12358.0993828274 -863.450912439833 -1154.06749717035 -516.211065923306 -920.074174225833 -163.168688105304 70071.3173836064 41.2268444040004
303480 513.880947080912 -12870.8683355631 -12356.9873884822 309.074741982349 22.2007656713601 618.18628763866 286.837172637021 -304.926090823679 69992.3474652501 41.2113511205467
303490 510.639141755886 -12866.6915489848 -12356.0524072289 734.758995720869 480.866639771916 998.954137028692 724.456210361998 -353.288458405844 69978.9878312594 41.2087289119748
303500 510.879206733166 -12866.1042362026 -12355.2250294694 -655.995916748622 -777.684788425278 -500.42707599896 -689.875885821627 -137.323726229009 70113.5230483238 41.2351200542219
303510 515.157069029656 -12869.6249675925 -12354.4678985628 -705.792810648319 -663.321559890111 -786.129777722968 -667.927094331871 166.089428809663 70105.9332261991 41.2336320934286
303520 517.764119018019 -12871.5655737422 -12353.8014547242 875.024780592578 1093.02289455355 611.292562784531 920.758884439663 283.768906605093 69953.1032813337 41.2036473821334
303530 513.541938194815 -12866.8091914823 -12353.2672532875 648.674514133724 991.86235022868 305.702658466421 648.458533706075 235.11996282531 69988.3765289371 41.2105717460794
303540 506.525765695685 -12859.2291422091 -12352.7033765134 -973.612985069676 -585.927887722138 -1364.37450749665 -970.53655999023 112.402477283764 70161.697983495 41.2445620959695
303550 507.667973871769 -12859.7323890064 -12352.0644151346 -583.370213737523 -139.622762409146 -1113.70137699788 -496.786501805537 106.37534549871 70126.8558119628 41.2377336406864
303560 516.606216989271 -12867.8974414739 -12351.2912244846 902.753396004321 1419.4365368907 22.1342418591012 1266.68940926316 112.273545172399 69962.9018367831 41.2055711346439
303570 521.750860575701 -12872.3211045659 -12350.5702439902 359.308282721078 798.63725926148 -822.16269661851 1101.45028552026 175.282115421791 69986.800297349 41.2102623714098
303580 520.584663786763 -12870.5341668768 -12349.94950309 -803.619760847076 -529.459775613482 -2059.63050624744 178.230999319698 343.945821728476 70092.6543878336 41.2310285605371
303590 517.514192798918 -12866.9743283347 -12349.4601355358 33.6960450377964 242.284496463174 -1089.82779504382 948.631433694037 645.870103301486 70036.0914424558 41.2199347873699
303600 513.750465558222 -12862.7292500895 -12348.9787845313 846.771609012131 981.989230782695 20.5718495656221 1537.75374668807 871.790274096892 69985.8452523041 41.210074917796
303610 510.183608060459 -12858.6630287725 -12348.479420712 -340.499494793327 -328.820014615344 -864.221222053448 171.542752288816 861.54340150217 70111.5862959781 41.2347403702115
303620 512.466810278997 -12860.2938930284 -12347.8270827494 -956.880750387409 -1058.54847862007 -1207.31229272845 -604.781479813701 778.637567348849 70164.9116480528 41.2451918040466
303630 521.041950066074 -12868.1909099799 -12347.1489599138 450.053829735778 416.335346175207 468.716389069578 465.109753962553 507.991060910744 70011.9661419253 41.2152012397513
303640 525.441305345727 -12871.922945037 -12346.4816396913 924.993103337923 1080.38506148681 1123.34856305147 571.245685475486 133.989575400494 69950.9757400526 41.2032296577563
303650 520.115010676755 -12866.1248383633 -12346.0098276865 -468.233798138217 -255.152100930634 -380.523036910552 -769.026256573463 -102.221873017436 70091.0866099284 41.2307211503997
303660 510.26811414407 -12855.8216570548 -12345.5535429108 -703.215274540833 -539.934310762908 -944.360428557796 -625.351084301793 -51.6406760050321 70140.6775188878 41.2404427237214
303670 506.321703616681 -12851.326051346 -12345.0043477293 592.378646276939 590.90017625345 152.310790116476 1033.9249724609 219.776911226507 70039.4866859848 41.2206008699209
303680 510.653806255795 -12854.9155987864 -12344.2617925306 495.428021173019 419.124059125002 -97.1382231668173 1164.29822756087 518.195512674793 70058.9299775675 41.22441486137
303690 513.839070599176 -12857.1801980369 -12343.3411274377 -838.260473801081 -904.239581378527 -1511.33913046235 -99.2027095623713 465.758798820099 70182.332063577 41.2486049484403
303700 511.956635872357 -12854.3016197935 -12342.3449839212 -216.587007143958 -179.705522558704 -940.361212220161 470.305713347001 -20.6150709049204 70134.7950789563 41.2392897968806
303710 512.72063097231 -12853.9227767245 -12341.2021457522 894.748177414482 970.234811604011 165.737936744166 1548.27178389526 -452.166528780502 70038.2045672541 41.22034934501
303720 521.560386088182 -12861.5670837638 -12340.0066976756 -271.728517676843 -342.491654104827 -778.005950811022 305.31205188533 -528.360156383191 70121.416621221 41.2366674504908
303730 533.707663664044 -12872.567058911 -12338.859395247 -1020.26309255951 -1286.23133693297 -1172.03512382862 -602.522816916955 -410.092655985922 70146.8059157186 41.2416437882438
303740 538.651681200209 -12876.691457008 -12338.0397758078 771.163027889608 340.22041938233 905.180322969454 1068.08834131705 -285.862775878546 69960.7468052217 41.2051480522401
303750 533.091915216766 -12870.7053651216 -12337.6134499048 1204.04308699295 841.876040317352 1366.75916522588 1403.49405543565 -332.247012567709 69938.9759460977 41.2008734431069
303760 523.627993120295 -12861.1647184227 -12337.5367253024 -1041.89274406383 -1108.05813861138 -1092.5961626631 -925.023930916997 -413.747367477278 70175.9073359076 41.2473462311686
303770 519.241602631462 -12856.8206646017 -12337.5790619703 -1152.28568589462 -839.00009700687 -1406.71060596314 -1211.14635471386 -451.895492301249 70197.8778167011 41.2516503174107
303780 522.174101296029 -12859.8808033434 -12337.7067020473 1120.14368841208 1740.0551658853 820.071573493704 800.304325857235 -413.689055082668 69965.7742064126 41.2061350335498
303790 526.660419160419 -12864.609014124 -12337.9485949636 949.950142441705 1611.26533450108 747.860503720249 490.724589103784 -294.343647008965 69963.5480333384 41.2056979962399
303800 526.484474704468 -12864.8725834092 -12338.3881087047 -1202.57060666066 -650.310804148907 -1391.9349990297 -1565.46601680336 -71.4389417578212 70170.0136156319 41.2461914800299
303810 519.45393829563 -12858.5237744538 -12339.0698361582 -423.708882260314 50.9116925289605 -778.982274031305 -543.056065278594 245.470294520888 70136.7060080134 41.2396643358493
303820 511.324324136917 -12851.121763607 -12339.79743947 1306.97279034786 1727.31386987428 821.594319674945 1372.01018149435 486.114749971582 70008.56569074 41.2145339607288
303830 511.86369293411 -12852.4487509661 -12340.585058032 -224.513452943593 48.5295752715882 -619.067318907231 -103.002615195124 401.670499368309 70145.3528430715 41.2413590163404
303840 519.766172900466 -12861.0427016084 -12341.2765287079 -1590.08637634029 -1566.48552287901 -1764.30676594934 -1439.46684019252 193.774366590515 70235.4609702503 41.2590108937106
303850 526.264968691671 -12868.4982962547 -12342.233327563 715.24521026717 570.743301496171 584.771758427143 990.220570878191 74.351237677759 69989.8620241742 41.2108633072308
303860 525.432198037665 -12868.7702633634 -12343.3380653258 1773.36249744914 1626.85027062329 1564.74924289338 2128.48797883074 82.8450147603912 69890.5087168036 41.1913539364777
303870 518.42946376667 -12863.3192457548 -12344.8897819881 -1027.33661299899 -842.529811305749 -1347.36408495344 -892.11594273776 83.9643443394951 70170.9473125975 41.2463744227193
303880 511.638483247008 -12858.1357115039 -12346.4972282569 -1650.33530173895 -1018.50353489241 -1927.77107062717 -2004.73129969729 37.7916884844874 70245.6356219851 41.2610031247544
303890 508.51079730566 -12856.7546692665 -12348.2438719609 1329.16056341724 2247.38455332409 1086.45399268215 653.643144245478 73.4977905683327 69963.2936665091 41.2056480589237
303900 508.016525036586 -12857.9272641014 -12349.9107390648 1364.42482931841 2292.91024694137 1080.32018657143 720.044054442429 109.934848205149 69950.0166545692 41.2030413468256
303910 508.723945808246 -12860.2037276032 -12351.479781795 -1726.60075535903 -1094.72536325748 -1966.81453199105 -2118.26237082856 178.184082830582 70229.6571598976 41.2578744019377
303920 510.643280673764 -12863.6981576286 -12353.0548769548 -1051.50730796003 -1018.85736500932 -1090.06827291066 -1045.59628596013 106.4287673432 70151.0198299509 41.2424696052218
303930 513.735345406784 -12868.1198363131 -12354.3844909063 2040.97067689129 1533.03199016764 2218.10641762038 2371.77362288586 -116.830900267602 69841.4448559205 41.181712761048
303940 515.628138552354 -12871.4868106195 -12355.8586720671 592.34373010375 -59.8924106394841 884.817416937275 952.106184013463 -123.383575885229 69952.8342026349 41.20359455132
303950 514.66966367759 -12871.7632644968 -12357.0936008192 -2218.88986325342 -2754.98086530621 -1963.09451074557 -1938.59421370847 -1.00782936104338 70199.1870948688 41.2519067807638
303960 513.018761044266 -12871.5590452007 -12358.5402841565 1.70270789140996 -189.741624721876 164.904821309955 29.9449270861432 -102.857431958571 69981.9133057667 41.2093031481837
303970 513.530096415737 -12873.0983646272 -12359.5682682114 2355.32636874125 2603.73491655699 2253.00982531288 2209.23436435388 -326.805003677266 69754.3170825014 41.1645807938707
303980 514.601872583097 -12875.4176484654 -12360.8157758823 -600.142686054275 31.6103028102377 -993.986078313502 -838.052282659567 -449.77317372383 70017.8281877472 41.2163515129056
303990 513.668822862492 -12875.3562225593 -12361.6873996968 -2248.5754092423 -1486.2324029046 -2799.93277676528 -2459.56104805701 -407.890605060664 70170.7703845044 41.2463397566702
304000 513.579261721726 -12876.2643405992 -12362.6850788775 1280.06507483175 1934.54807564193 819.767280700855 1085.87986815249 -367.813712960024 69848.9201455802 41.1831819662825
