# Fix print output for fix setl_out
240000 403.718273560094 -13000.9408687988 -12597.2225952387 170.729965671524 66.2538915070002 50.4650710737249 395.470934433846 1008.40231418541 68997.2056300179 41.0151056039106
240010 400.356035691156 -12997.4679550611 -12597.1119193699 -24.5117974283952 -260.330803477399 -24.9338531733291 211.729264365541 867.901123765618 69021.4549911081 41.0199100188235
240020 402.146470822108 -12998.8997477639 -12596.7532769418 -220.70555302488 -410.046364759354 -206.661199678049 -45.4090946372401 597.988014576639 69039.0423831826 41.0233938243198
240030 407.859978221664 -13004.0323794116 -12596.17240119 41.8929034359425 -125.243893168774 90.2559908870569 160.666612589536 277.827538995453 68998.8277853473 41.0154270292501
240040 412.405731443692 -13007.852891837 -12595.4471603933 227.527890513646 16.1107668012184 420.305714028075 246.167190711637 80.8472030265473 68968.0458130617 41.0093268119277
240050 413.394324897975 -13008.0672795427 -12594.6729546447 -72.9379392994704 -360.811676317032 154.000834914264 -12.0029764956483 66.6049915788817 68996.1834358877 41.0149030565424
240060 412.397378666788 -13006.2698674592 -12593.8724887924 -152.885585994355 -464.914680075462 -57.2156139898102 63.4735360822094 138.17723209091 69009.3907013556 41.0175199170011
240070 411.088895588872 -13004.1235946957 -12593.0346991068 204.959646948519 -122.540116714058 232.979367065481 504.439690494139 220.395924481149 68986.6259096836 41.0130091396476
240080 409.559903434708 -13001.6923295803 -12592.1324261456 38.0282974420013 -407.796851828323 100.051775261471 421.829968892862 213.228640305048 69013.6181605045 41.0183574665356
240090 409.758193763452 -13000.8912681383 -12591.1330743749 -290.577255495942 -839.964022203235 -166.901552764632 135.133808480031 117.001612010086 69052.6456556838 41.0260880281474
240100 412.575345080691 -13002.6306280714 -12590.0552829907 45.8573799330859 -486.192440747699 213.227729390262 410.536851156699 -2.57792894021893 69018.8458523181 41.0193931361285
240110 413.929579459979 -13002.8693018986 -12588.9397224387 296.229973711982 -123.472774247391 411.258703622145 600.903991761194 -31.9910141493039 68992.4223901316 41.0141577895705
240120 411.583921293714 -12999.4198506242 -12587.8359293304 -149.804116326361 -401.135735484248 -49.9741767195646 1.69756322473181 32.56856322003 69042.7156130257 41.0241213628105
240130 410.884459930454 -12997.6086210643 -12586.7241611338 -256.268691170618 -215.21790151171 -158.658927955996 -394.92924404415 33.7807408718075 69062.718845101 41.0280828513641
240140 413.937902754745 -12999.550023876 -12585.6121211213 282.637073819748 447.165886384385 506.667733795598 -105.922398720738 44.7057728792909 69016.4307510625 41.0189146815742
240150 416.072010149384 -13000.6306757614 -12584.558665612 76.562788735459 21.14191476275 620.856822647449 -412.310371203825 149.773084531636 69033.8110986997 41.0223576450953
240160 415.563130890559 -12999.1761738024 -12583.6130429119 -384.491052276971 -755.318364892687 430.409083507412 -828.563875445643 314.710477683588 69077.7940553681 41.0310678770937
240170 415.191478247554 -12997.9892645795 -12582.7977863319 202.060180857406 -379.708099689774 979.598724310166 6.28991795182291 501.835781060845 69031.3032983488 41.0218608975499
240180 415.294331497343 -12997.3895880248 -12582.0952565275 284.34519178216 -326.998478115008 831.036622565626 348.997430895865 567.723904910897 69026.6998381116 41.0209490083325
240190 415.103840003336 -12996.6047265231 -12581.5008865198 -479.702051013816 -966.626153873256 -144.852384098758 -327.627615069437 426.463442784698 69094.1436538131 41.034304752146
240200 415.143757928912 -12996.1633349117 -12581.0195769828 30.7468638873598 -239.070659887102 221.441324748101 109.869926801083 231.367190338299 69052.3053755803 41.0260206380941
240210 415.702619185274 -12996.3260316771 -12580.6234124918 518.585808076703 386.839959415935 632.922592060511 535.994872753667 124.077462820517 69011.372055568 41.0179124696535
240220 415.634822801571 -12995.9709894422 -12580.3361666406 -339.816718920236 -421.592053597096 -264.595218540322 -333.262884623291 44.7849822396236 69097.7331428306 41.0350153267711
240230 413.342415982011 -12993.4595055836 -12580.1170896016 -294.624721445181 -324.817533168516 -427.252052033891 -131.804579133141 -91.2049599684045 69109.7766349769 41.0373992746104
240240 410.672036490467 -12990.597777297 -12579.9257408065 558.876559587904 524.56405616745 231.286518159858 920.779104436407 -158.56619120974 69048.9781458676 41.0253616922578
240250 410.236814453747 -12989.9706709981 -12579.7338565443 -138.797557538043 -215.18379555182 -558.994378939286 357.785501876986 -26.1005926828725 69118.0385251409 41.0390345134633
240260 411.150628187846 -12990.6482938548 -12579.4976656669 -591.575790427512 -638.497932234389 -1033.0930342045 -103.136404843642 241.515127566336 69156.0715478256 41.046560538803
240270 412.160872987054 -12991.4225682156 -12579.2616952286 475.806001476177 411.337512971853 135.327685899298 880.752805557375 379.472986898031 69048.3897592146 41.0252451622021
240280 414.192457082462 -12993.2268607924 -12579.03440371 317.769926372089 62.4053201718463 157.852580230788 733.051878713624 312.191009862015 69050.4981343617 41.0256627231195
240290 416.771708609824 -12995.6164693901 -12578.8447607803 -701.922321659376 -1217.47614430941 -710.878343730561 -177.412476938157 269.106991093447 69132.4096748204 41.0418786201977
240300 418.304979491516 -12997.0638058083 -12578.7588263167 156.635521303949 -482.543944788471 232.483250307472 719.967258392851 333.384428269922 69048.1216131344 41.0251920556152
240310 419.40064420728 -12998.1468958279 -12578.7462516206 672.060187680142 91.7960319401041 866.310737758268 1058.07379334205 346.313544714946 68996.9287562926 41.0150507416874
240320 420.428832542793 -12999.2924043703 -12578.8635718275 -643.051691935119 -1065.66558697566 -237.788504979944 -625.70098384975 183.422091401116 69106.7915645029 41.0368084209539
240330 420.470729575613 -12999.5827342851 -12579.1120047095 -192.397474086848 -344.00773449096 405.909029370296 -639.093717139875 -105.087008387722 69070.0283298846 41.0295302486132
240340 417.751970096763 -12997.1923035915 -12579.4403334948 940.946164285641 1069.35537329069 1577.80504634147 175.678073224766 -260.345561633382 68987.2791545721 41.0131385920532
240350 414.351772971808 -12994.2069388177 -12579.8551658459 -562.242008740942 -413.621139284455 29.7817179674919 -1302.88660490587 -199.289959578739 69125.490318095 41.0405093016431
240360 415.299402050279 -12995.5513274103 -12580.25192536 -768.439928561182 -893.781828248784 -249.931178536635 -1161.60677889813 28.3034378329262 69133.5970846828 41.0421135956246
240370 418.928672124044 -12999.5795518149 -12580.6508796909 1106.57243292965 741.187444360846 1491.50759527164 1087.02225915646 238.168696350986 68948.4728112212 41.0054469882389
240380 419.935160127221 -13001.1154218174 -12581.1802616902 177.375764850645 -271.806252889574 414.963834413124 388.969713028381 350.532338865772 69023.0186745486 41.0202197856425
240390 416.855464142562 -12998.5885931448 -12581.7331290023 -1184.02387816091 -1679.79363021051 -1018.58856193521 -853.689442337023 364.633742519341 69156.3050846415 41.0466067428554
240400 411.841257552578 -12994.2223368323 -12582.3810792797 700.897254472216 237.361274364392 849.73782208302 1015.59266696924 270.878327352917 69010.4000610266 41.0177198957196
240410 408.095703840949 -12991.0534941751 -12582.9577903342 750.305134049905 324.956913349347 887.470835773896 1038.48765302648 102.009039669081 69021.2546300397 41.019870326813
240420 408.394109530465 -12991.7618332761 -12583.3677237457 -1466.06177290888 -1906.07150570053 -1340.21208125439 -1151.90173177173 -5.28239360333534 69216.0020976579 41.0584140783616
240430 412.278705029859 -12996.0647545655 -12583.7860495356 100.966101285153 -311.499062965305 198.429301123538 415.968065697228 2.75774824455097 69060.5741185998 41.0276581411444
240440 414.486249874771 -12998.5063562825 -12584.0201064077 1596.70740230682 1275.76664913848 1690.61127491138 1823.74428287058 128.60895027254 68915.2718308867 40.9988641031501
240450 413.24718283264 -12997.6184607048 -12584.3712778722 -1151.32240854244 -1384.66750761142 -1024.61950092184 -1044.68021709406 164.429634763295 69154.907206627 41.0463301783606
240460 412.81308487028 -12997.5142154937 -12584.7011306234 -931.936500745894 -1124.9487003786 -739.58218660192 -931.278615257158 50.2311602087686 69132.776228956 41.0419511575398
240470 414.580513096722 -12999.5114406865 -12584.9309275898 1863.96179911658 1791.68002387777 2125.23746322603 1674.96791024593 -137.665670902642 68874.9576447786 40.9908680127261
240480 416.59719750512 -13001.9426160544 -12585.3454185493 -330.363479547216 -277.797391984207 -20.3980201077102 -692.895026549727 -282.399066501223 69051.2090261191 41.0258035123785
240490 418.523076097168 -13004.2053840407 -12585.6823079436 -1760.55797526427 -1729.0562654839 -1384.76672047487 -2167.85093983406 -344.490531372899 69162.4509703663 41.0478226372053
240500 419.866003997974 -13006.0768771659 -12586.210873168 1711.26517779758 1650.9222745307 2121.32412563677 1361.54913322526 -353.068144120533 68853.5248119785 40.986615661331
240510 417.872382611595 -13004.8226466638 -12586.9502640522 798.398668810515 707.315202193016 1104.34902695277 583.531777285765 -371.902329400974 68943.3272329102 41.0044268931877
240520 413.002345862414 -13000.5866679115 -12587.5843220491 -2278.75918116905 -2321.04246769669 -2177.99537564292 -2337.23970016755 -462.265787344215 69236.2584130503 41.0624189858997
240530 408.858743653215 -12997.3515848677 -12588.4928412145 730.67389032396 673.154904188321 731.136376097614 787.730390685948 -510.985965824818 68988.4906601582 41.0133786718488
240540 408.054517232374 -12997.2357253681 -12589.1812081357 1780.93961720221 1629.32060174345 1847.59170367137 1865.9065461918 -477.112778466206 68905.6320136859 40.9969523837586
240550 409.848030261684 -12999.6959413517 -12589.84791109 -2106.86149269767 -2232.37103171739 -1994.33302876387 -2093.88041761175 -346.649772061298 69241.0995757286 41.0633760240265
240560 411.52061393194 -13002.1821296199 -12590.6615156879 -407.820398760165 -482.583996531051 -285.231342826809 -455.645856922629 -109.693442039093 69077.0443030276 41.0309194297241
240570 409.049828555149 -13000.2386077607 -12591.1887792055 2481.22616688191 2434.36688302387 2637.1486347923 2372.16298282955 113.041969471493 68820.190074895 40.9800001752443
240580 403.466391538417 -12995.447914421 -12591.9815228826 -1186.89116755552 -1189.89699778181 -1060.14268875062 -1310.63381613413 284.385962072341 69148.2752162062 41.0450180151703
240590 402.455758042743 -12994.9478771556 -12592.4921191128 -1669.73557983377 -1542.02440577375 -1657.76914810157 -1809.413185626 326.154305780645 69189.0495552423 41.0530840376966
240600 406.924751664879 -12999.7805944679 -12592.855842803 2107.62782769714 2382.65248145591 2072.81052562438 1867.42047601114 251.115875757425 68837.5633185891 40.9834482700918
240610 410.478420105065 -13003.7855791777 -12593.3071590726 164.283828479364 487.588888663832 245.70318945345 -240.440592679184 97.3575064759989 68987.2761105888 41.0131379888342
240620 409.95506280149 -13003.5155922849 -12593.5605294834 -1893.69090610045 -1729.35285089332 -1720.88714647575 -2230.83272093229 -97.1114150650428 69168.2628588895 41.0489723877026
240630 407.868812027031 -13001.8442280502 -12593.9754160231 1148.31489821107 1031.89156289773 1340.21922215108 1072.83390958439 -233.495007664795 68908.9163686404 40.9976037403095
240640 408.756989802738 -13003.0851090705 -12594.3281192678 860.421514623715 466.372856403703 1052.47390153311 1062.41778593434 -131.345506592775 68931.9853270368 41.0021782160297
240650 412.402600229007 -13007.019951884 -12594.6173516549 -1645.08130061349 -2192.58854945209 -1501.87538867087 -1240.7799637175 26.2894822543866 69134.3402875851 41.0422606659827
240660 414.60516788929 -13009.6982013536 -12595.0930334644 313.272520379189 -162.848095457624 365.828088456288 736.837568138909 94.3372638673709 68948.1675553515 41.0053864736191
240670 413.432212051682 -13008.991292591 -12595.5590805393 1244.40425087912 1122.0825587101 1092.74169871051 1518.38849521674 70.8361094780521 68866.9698816931 40.9892833148326
240680 411.49197298896 -13007.6811505529 -12596.189177564 -948.786317006617 -693.858779877079 -1294.60967494763 -857.89049619514 8.82909510988527 69065.4157880372 41.0286169019575
240690 409.603452005388 -13006.4829583575 -12596.8795063521 -371.529504720315 72.0954853490723 -851.042053338626 -335.641946171402 -46.5839643791592 69023.8859359216 41.0203915887299
240700 406.881424529986 -13004.4267759297 -12597.5453513997 1053.51352393553 1403.17358223791 508.58233348252 1248.78465608617 -192.289116851781 68915.9424947891 40.9989970991623
240710 403.912653544834 -13002.1178899163 -12598.2052363715 -324.907061266902 -238.62753210926 -889.40622177535 153.312570083904 -428.603567057096 69054.1753101049 41.0263909625871
240720 403.442066450054 -13002.1288852903 -12598.6868188402 -790.624366251362 -853.445493510973 -1392.67936720531 -125.748238037809 -569.223291252383 69092.45881646 41.0339712135482
240730 405.854015334586 -13004.8853913425 -12599.0313760079 687.39632056806 764.081651161246 27.9677598099847 1270.13955073295 -469.508785177275 68949.9610903642 41.0057420255323
240740 407.792430386075 -13007.0373252187 -12599.2448948326 192.25615709785 475.451706608159 -400.04648325101 501.363247936409 -209.337372672981 68977.8095742402 41.011261941812
240750 409.351428493523 -13008.6908856636 -12599.3394571701 -759.428293422615 -318.696191614344 -1177.71656735284 -781.872121300663 -96.6597444065026 69045.2930146798 41.0246318406194
240760 411.41461767079 -13010.8000712484 -12599.3854535776 308.672953256573 811.332749319648 154.306701595419 -39.620591145341 -151.331751739913 68933.1492435625 41.002408988648
240770 412.022607849214 -13011.3836435665 -12599.3610357173 592.605197474586 982.599053370167 689.002152138468 106.21438691512 -194.299886308757 68903.2554444689 40.9964810472735
240780 410.683503642778 -13009.9918908134 -12599.3083871706 -581.344555931424 -423.508452327106 -405.20305860813 -915.322156859024 -113.02864677827 69015.3443993806 41.0186994613226
240790 409.704744696993 -13008.9063697961 -12599.2016250991 -176.892984742238 -160.091097118382 -111.675047476579 -258.91280963174 -123.104183829065 68987.5181559824 41.0131859543436
240800 410.212880442064 -13009.209014073 -12598.9961336309 687.850753983776 729.714334845804 499.010275980347 834.827651125178 -322.482878182114 68920.7674593726 40.9999538883821
240810 412.301012802072 -13011.0378405734 -12598.7368277714 -372.481301655714 -348.443259847852 -626.469773134083 -142.530871985211 -539.181720621248 69012.8443310973 41.0182041570356
240820 412.200409723628 -13010.6198875625 -12598.4194778388 -380.079490681385 -450.579202616717 -549.407580480258 -140.251688947172 -611.749633576474 69018.097682228 41.0192449177031
240830 406.610670257216 -13004.6446676043 -12598.0339973471 749.633415267143 708.014778104294 547.396816979077 993.488650718057 -591.666702052981 68937.3701623348 41.0032458588978
240840 401.417286282792 -12998.9419768428 -12597.52469056 -150.909790539763 -39.337229215154 -454.176757917433 40.7846155132994 -627.742491455815 69033.7377802236 41.0223431222706
240850 403.189190539083 -12999.9167430989 -12596.7275525598 -852.311425266861 -638.722632787647 -1094.02839254879 -824.18325046414 -635.721636217222 69088.9329888746 41.0332732060223
240860 411.67385896266 -13007.392120611 -12595.7182616484 595.98656308572 798.465411200714 609.159341566722 380.334936489715 -505.919825572982 68936.2106246429 41.0030159638713
240870 419.153637064179 -13013.747119114 -12594.5934820498 528.172028254956 715.887029713714 720.879610400128 147.749444651025 -269.528248948763 68925.5926174498 41.0009106713152
240880 418.681550149193 -13012.2074151437 -12593.5258649945 -817.763559147239 -644.978349904181 -611.819136788945 -1196.49319074859 -146.609119306835 69046.3194590667 41.0248351337167
240890 412.42472201711 -13004.9973877766 -12592.5726657595 221.002842788945 321.819899167807 362.188865358872 -21.0002361598348 -112.440364404985 68982.5358023786 41.0121985916062
240900 406.884033932984 -12998.4881825159 -12591.6041485829 659.521896466972 588.557150577595 731.944906047302 658.063632776018 -119.881537459709 68967.9395215241 41.0093057444581
240910 406.560196697694 -12997.0856881517 -12590.525491454 -884.003203054919 -1118.56219160343 -937.57892597474 -595.86849158658 -109.350095461325 69105.6485829358 41.0365821789637
240920 409.480994909484 -12998.8439984121 -12589.3630035026 -143.33286908026 -436.878998682434 -227.306059288961 234.186450730621 -69.7434565991037 69033.5507618122 41.0223060778697
240930 410.032688404091 -12998.1158039209 -12588.0831155168 1146.03953056847 954.099560334384 1152.86683534122 1331.1521960298 -36.1643901260924 68925.5442857008 41.0009010878106
240940 409.675649818099 -12996.5311165625 -12586.8554667444 -549.936386748017 -579.489639709682 -487.518461980495 -582.801058553879 -87.9374960553748 69094.0520753146 41.0342866229603
240950 411.250694623279 -12996.8293678438 -12585.5786732206 -917.141363111148 -840.175023605746 -814.963434156421 -1096.28563157128 -189.845520204603 69137.8383747519 41.0429528785809
240960 413.494386932169 -12997.8467346632 -12584.3523477311 1120.14798649408 1343.17598179476 1144.8460448574 872.421932830077 -269.955804768432 68953.8465370572 41.0065122586577
240970 415.894573259315 -12999.1612445228 -12583.2666712635 184.907834771874 592.167557773775 30.8165417251736 -68.2605951833199 -233.243736173407 69030.3097095935 41.0216640831902
240980 418.299248466559 -13000.5481480772 -12582.2488996107 -1364.91044078929 -885.658939973343 -1718.93763897036 -1490.13474342417 -88.1044575112437 69159.4107136391 41.0472211656177
240990 419.148466709695 -13000.6321316894 -12581.4836649797 888.247408163077 1237.25252594044 514.011012363132 913.478686185658 42.3809985653387 68965.9987463575 41.0089210701233
241000 417.207253352136 -12998.0814108236 -12580.8741574715 943.374123502551 1039.13529305483 709.410500841618 1081.5765766112 53.8491424698824 68974.8810908791 41.0106815498538
241010 414.90536172263 -12995.229205533 -12580.3238438104 -1719.41156415795 -1957.76263751656 -1676.21704653938 -1524.25500841793 0.430087745391044 69219.1093902218 41.059028476727
241020 416.440170385744 -12996.4307295597 -12579.990559174 65.5060781358343 -392.812169994973 350.586496151016 238.743908251462 -124.134794093033 69055.9371640796 41.0267398765373
241030 420.210234434181 -12999.7719075334 -12579.5616730992 1839.50816933291 1301.71535538703 2295.88469878253 1920.92445382916 -257.838783964026 68888.1271325177 40.993480449085
241040 420.093003739916 -12999.5147928721 -12579.4217891322 -1285.67592222735 -1854.11497786619 -791.739720791559 -1211.17306802431 -290.70539847793 69163.9881912806 41.0481267478081
241050 415.686608309432 -12995.05042684 -12579.3638185306 -990.941282697025 -1571.69250107938 -648.863980155943 -752.267366855753 -260.807466858591 69156.5553983274 41.0466562660094
241060 411.446658414715 -12990.7081790493 -12579.2615206346 2168.74224802542 1758.43098770012 2311.32025625064 2436.4755001255 -189.771737232272 68898.6709120484 40.9955717827117
241070 409.331715974512 -12988.6841514392 -12579.3524354646 -519.700516286112 -655.27960604341 -499.887014771674 -403.934928043246 -96.2417130019757 69149.868755243 41.0453333102655
241080 410.201818171225 -12989.3097181905 -12579.1079000193 -2165.19281929766 -2129.09291968553 -2119.23987102002 -2247.2456671874 16.230873533445 69299.127784998 41.0748440146118
241090 413.531822922318 -12992.471992732 -12578.9401698096 2060.18260277878 2196.16869954429 2139.17521826303 1845.20389052902 126.960813192692 68918.5072378397 40.9995056926008
241100 415.979660661463 -12994.8142326269 -12578.8345719654 903.414562407679 1085.62634558896 894.58892607652 730.028415557551 168.269202995139 69007.6875277159 41.0171824724267
241110 415.523122323265 -12994.0199585064 -12578.4968361831 -2804.58990175844 -2630.93502854884 -2986.20363842705 -2796.63103829944 75.4198688789748 69332.5497780815 41.0814462262173
241120 413.880851933323 -12992.4462619052 -12578.5654099719 1133.02411080197 1214.63256918014 941.907251508336 1242.53251171744 -57.5499672531686 68993.1760067879 41.0143071240377
241130 412.983840174205 -12991.3614817219 -12578.3776415477 2198.58120963099 2118.13537652851 2190.78265019761 2286.82560216685 -54.2438657095952 68907.0611684161 40.997235817694
241140 414.599978991804 -12992.7864587306 -12578.1864797388 -2803.52610430676 -2952.73738449765 -2661.16085630861 -2796.68007211401 85.1890195747566 69345.2309015499 41.0839507118936
241150 417.739812108561 -12996.0604565687 -12578.3206444601 -338.413063026363 -439.41214083876 -193.476157897149 -382.350890343177 198.510840609859 69120.2200006856 41.0394662613844
241160 418.272241983027 -12996.3122512658 -12578.0400092828 3145.13968185838 3134.50034179688 3201.61538723992 3099.30331653834 123.71194142486 68815.8685937958 40.9791423940082
241170 415.804459985614 -12994.1173520419 -12578.3128920563 -1688.97755472119 -1633.86833934854 -1724.81187586494 -1708.25244895007 -80.7507582416004 69249.8694133291 41.0651095991167
241180 414.742857201386 -12993.1667497995 -12578.4238925981 -1916.35827833006 -1800.71800500713 -2011.09413881663 -1937.26269116642 -171.194267452714 69270.3859570453 41.0691646292739
241190 418.260409047239 -12996.7860776409 -12578.5256685937 2588.99191967229 2746.40871183514 2486.72442289939 2533.84262428235 -83.2932444958599 68856.8878429398 40.9872829571774
241200 421.509882906943 -13000.5182473524 -12579.0083644455 -24.4984931863336 99.0812045103185 -131.720720748978 -40.8559633203401 4.37361346026971 69061.5562222439 41.0278526236552
241210 420.660264234573 -13000.1129070533 -12579.4526428187 -2008.58032687121 -1971.02507341423 -2133.53616355314 -1921.17974364627 -33.7154732171429 69224.6450563302 41.0601229866856
241220 418.846471330677 -12999.1677111737 -12580.321239843 1316.84153018752 1339.05080238342 1145.81527437098 1465.65851380814 -103.337737108305 68935.4688482356 41.0028688946765
241230 417.097293790418 -12998.5362893186 -12581.4389955282 801.479752053882 935.718854191367 610.111236796016 858.609165174265 -167.386585276255 68988.5984031081 41.0134000227537
241240 414.247521560335 -12996.9921151979 -12582.7445936376 -1469.11843237472 -1214.56758923692 -1630.43751695335 -1562.3501909339 -22.032089680487 69196.327482169 41.0545234315125
241250 410.98671562148 -12995.3527197941 -12584.3660041726 259.982708715424 561.47711626949 169.302543109545 49.16846676724 285.699702781882 69047.4251156736 41.0250541129867
241260 409.600430974089 -12995.6392148483 -12586.0387838742 954.263944079161 1183.70212918616 1010.14076049509 668.948942556236 367.2708719506 68982.1145072249 41.0121151005434
241270 409.729482335837 -12997.5170534172 -12587.7875710814 -928.368141102572 -901.304396183684 -599.195231998579 -1284.60479512545 169.312851026798 69130.5589060089 41.0415123679236
241280 410.419616806047 -12999.9572456944 -12589.5376288883 -259.13217139855 -412.80159376518 305.601672144739 -670.196592575205 -126.154199932998 69052.0334299063 41.0259667810292
241290 411.275855144342 -13002.4187100145 -12591.1428548701 1006.46654833535 817.775242488629 1575.64040852259 625.983993994812 -349.938647422069 68927.5754855014 41.0013038422365
241300 410.73384526905 -13003.4017548587 -12592.6679095896 -399.051197294879 -505.115784815414 0.294636611341002 -692.332443680568 -423.87714478075 69042.2021967125 41.0240196745287
241310 409.989853966775 -13003.9818365398 -12593.991982573 -603.01685153433 -616.0936027941 -388.523219370482 -804.433732438411 -414.293021994557 69057.1851321564 41.0269870179868
241320 408.673147064154 -13003.7818724251 -12595.1087253609 818.296680043915 1000.7197066195 879.506891322882 574.663442189362 -361.261555298134 68936.0539878208 41.0029849081705
241330 405.639890261107 -13001.6620872249 -12596.0221969638 8.30924438526897 247.202231092662 48.8005130095914 -271.075010946441 -272.48947225972 69009.7756937052 41.0175961935863
241340 405.132937313433 -13001.7813035702 -12596.6483662568 -863.696212020447 -722.106076715285 -816.024102389383 -1052.95845695667 -80.4307889469605 69079.1340474122 41.03133318642
241350 409.517473007025 -13006.612476516 -12597.095003509 403.625822624598 432.933974997096 466.101479104795 311.842013771907 146.056692062126 68939.1936589949 41.0036073881258
241360 415.031614506385 -13012.4233532149 -12597.3917387085 555.029388888544 545.094024490468 655.773078580978 464.221063594183 184.380537352543 68899.0719461405 40.9956513226592
241370 417.271099134636 -13014.9634605632 -12597.6923614286 -623.796332437368 -614.989200672831 -517.995514333989 -738.404282305282 8.36951614076959 68993.8499773993 41.014440675157
241380 416.64559839676 -13014.6886180659 -12598.0430196692 7.49072677406094 -23.1341540644456 25.0726008471448 20.5337335394796 -129.677851379433 68945.0124267122 41.0047609832576
241390 414.617470937852 -13013.0225740604 -12598.4051031225 653.567334555743 536.766125352692 622.741287651795 801.194590662734 -29.0221075819685 68900.5993166063 40.995954254095
241400 410.879695807299 -13009.6517608124 -12598.7720650051 -388.851430322149 -548.344886504768 -353.164260305459 -265.045144156225 189.381615806393 69012.5089400249 41.0181377096861
241410 404.42757763275 -13003.4623673296 -12599.0347896969 -266.957855895235 -361.9524509255 -124.593112549696 -314.3280042105 298.65578550771 69036.9715104241 41.0229836454064
241420 396.341044860934 -12995.4444217407 -12599.1033768798 572.714879854628 497.696933004739 893.300649767437 327.147056791704 310.640315274536 68998.4888274671 41.0153598661527
241430 392.476502648059 -12991.3452785789 -12598.8687759309 -291.910637850476 -427.578339817935 155.615649323775 -603.769223057271 355.131835444121 69090.6735624994 41.0336177900737
241440 396.621304254771 -12994.880203599 -12598.2588993442 -654.499254706043 -798.700331808702 -240.158840337476 -924.638591971946 499.610317810451 69105.819589991 41.0366160282916
241450 405.521186061425 -13002.8809746456 -12597.3597885841 573.865805540613 509.617727689447 863.160505830486 348.819183101912 631.024972818588 68957.5559943296 41.0072475774502
241460 414.12069662333 -13010.4414214127 -12596.3207247894 286.310715802581 247.362117633036 499.99755854841 111.5724712263 626.424084283085 68942.2328121026 41.0042099210877
241470 418.759898513006 -13014.0982134511 -12595.3383149381 -639.875796410144 -805.239248991941 -387.008474986567 -727.37966525193 485.144500656589 69001.391652126 41.0159350416888
241480 416.710116550464 -13011.232677499 -12594.5225609486 437.031552785628 176.117891904323 735.34240084425 399.634365608318 395.468954941834 68917.7158888378 40.9993487679305
241490 408.907555879537 -13002.7370995647 -12593.8295436851 555.285679045967 253.260172981346 817.385767279365 595.211096877189 350.319560549164 68940.4583434398 41.003858122648
241500 402.902518330168 -12995.9951472045 -12593.0926288744 -878.172978946496 -1170.06903319571 -726.55370646453 -737.896197179248 279.27064484259 69102.7847602732 41.0360153024015
241510 403.607234152931 -12995.8701212796 -12592.2628871266 -156.638102035369 -348.912046277051 -131.666520226942 10.6642603979017 153.472834176623 69057.6233871905 41.0270738071482
241520 408.364656642849 -12999.6535737387 -12591.2889170958 855.293684242376 880.247211686985 720.333366566967 965.300474473177 7.69742968359062 68959.3961206445 41.0076123324703
241530 413.190332274873 -13003.5263021615 -12590.3359698867 -509.994629549193 -311.441104779779 -833.678347842477 -384.864436025326 -84.7414838365216 69062.1992659946 41.0279799623359
241540 416.535522449783 -13006.0025093966 -12589.4669869469 -518.954353289806 -245.759421147855 -899.607125966191 -411.496512755368 -14.7995007773434 69054.2593876521 41.026407613267
241550 416.689141266534 -13005.4116824685 -12588.722541202 1128.6990442598 1362.37244822745 944.410710449682 1079.31397410226 108.116828814883 68916.7298708682 40.9991532386828
241560 412.374349262719 -13000.5598204064 -12588.1854711437 -131.80315843538 14.7994356970338 81.4536483212548 -491.662559324432 149.427246569398 69048.2093970811 41.0252094413247
241570 409.957152946926 -12997.5643834662 -12587.6072305192 -1331.42181422936 -1360.29029165783 -803.790194850839 -1830.18495617942 126.745821190539 69166.8289884835 41.0486887349068
241580 414.273379821818 -13001.3959683349 -12587.122588513 975.825631455288 862.225458159253 1554.73483839464 510.516597811981 118.203605316561 68956.1625121127 41.0069713531634
241590 418.19244226536 -13004.8791653335 -12586.6867230681 866.563413624445 892.986897785158 1211.26992691708 495.433416171093 142.282619744391 68959.0051275859 41.0075348292681
241600 415.817996916493 -13002.1307602994 -12586.3127633829 -1667.14623840925 -1504.25481071515 -1532.2504074543 -1964.93349705828 143.787122229861 69188.4353215351 41.0529625528528
241610 411.999909145249 -12998.1417884286 -12586.1418792833 271.701461787076 411.240248188332 529.496581776822 -125.632444603922 0.233810807881417 69031.0772014552 41.0218161114649
241620 409.945794120519 -12995.7868194886 -12585.841025368 1676.86516662293 1638.06277664335 2230.55478486113 1161.97793836429 -122.919482823544 68919.0176980269 40.9996069163239
241630 410.3764750221 -12995.9507405886 -12585.5742655665 -1596.91689137362 -1727.00290231913 -892.880444764835 -2170.86732703689 12.6211488591135 69209.4710595972 41.0571226501201
241640 413.752976970406 -12999.0861215104 -12585.33314454 -798.148861506874 -853.054133895382 -153.313101821383 -1388.07934880385 289.18345893656 69130.5654588246 41.0415136646847
241650 414.557685182839 -12999.4768246829 -12584.9191395 2354.34698297442 2467.95281250144 2753.62810987232 1841.46002654951 421.975450279489 68849.6985683129 40.9858564279486
241660 408.780097091616 -12993.5945878903 -12584.8144907987 -636.96538137485 -386.245489893277 -538.300323335434 -986.350330895835 460.530995919169 69127.673924201 41.040941440172
241670 403.645583653773 -12988.0151494666 -12584.3695658128 -2035.82730481657 -1768.68755419591 -2099.78315482061 -2239.0112054332 430.733279283817 69265.3970651552 41.0681786642112
241680 406.884829224742 -12990.7946860974 -12583.9098568727 1892.97081067661 2118.30925213247 1783.70055753327 1776.9026223641 370.350686187868 68911.1392658149 40.9980445757504
241690 413.992455794671 -12997.3935491567 -12583.401093362 663.140118330973 787.470501447685 662.937837423798 539.012016121439 328.720820631283 68997.834711258 41.0152302551185
241700 418.128210831109 -13000.8593867728 -12582.7311759417 -2290.98286482609 -2273.87660090829 -2166.91184796315 -2432.16014560682 313.114810545886 69243.9908395144 41.0639475699257
241710 418.200593581363 -13000.6125091676 -12582.4119155862 1018.69011963694 986.169739355808 1133.37114156287 936.529477992139 396.854634249603 68949.6797542728 41.0056862536329
241720 415.416346787441 -12997.4584675449 -12582.0421207575 1636.84675620364 1625.39259147365 1610.14104504045 1675.0066320968 429.796306876963 68902.5339344874 40.996337950631
241730 415.531519358558 -12997.2497354736 -12581.7182161151 -2147.80361707846 -2093.0321061791 -2285.40400966703 -2064.97473538923 364.893734539759 69234.5077824163 41.0620728968413
241740 420.575640399466 -13002.2191055045 -12581.6434651051 -166.554402914861 -10.6098279895867 -253.911050060137 -235.14233069486 187.399719813427 69052.1423905775 41.0259883599956
241750 422.040011216577 -13003.4787957466 -12581.43878453 2304.81106212603 2530.19450364527 2416.74196197792 1967.4967207549 98.6586768254223 68845.8176151347 40.9850863099384
241760 416.236717941661 -12997.8687401932 -12581.6320222515 -1236.35641808003 -941.81677476645 -1093.34668753333 -1673.90579194029 181.486344974489 69182.4481185549 41.0517783496027
241770 411.299631067856 -12993.0356961257 -12581.7360650578 -1374.89592417878 -1070.35031595718 -1381.81854760652 -1672.51890897264 388.099521004991 69213.1846691668 41.057856978309
241780 410.904650161079 -12992.68960468 -12581.7849545189 1913.57361303994 2176.27932931588 1683.86589069644 1880.57561910749 475.273308074939 68922.5618963934 41.0003097133839
241790 412.15997154909 -12994.0847642644 -12581.9247927153 -94.8250527735271 51.9041969713315 -368.313172029455 31.9338167375357 369.40805916645 69083.7306057409 41.0322432476891
241800 414.080461683939 -12995.9609588037 -12581.8804971198 -1663.20394326541 -1651.23268793954 -1798.57294950563 -1539.80619235106 205.819006877339 69215.1650338144 41.05824856436
241810 416.155561164179 -12998.1075078177 -12581.9519466535 1252.66596277129 1108.57069375506 1359.99163339244 1289.43556116638 100.598578357152 68958.1678591955 41.0073688637471
241820 416.602041265888 -12998.6779232812 -12582.0758820153 767.203841113328 597.761960479114 1057.70086236277 646.148700498107 168.304536389657 69005.3263005178 41.0167146405325
241830 413.846703757342 -12996.0163384971 -12582.1696347397 -1592.55085113501 -1710.60876903844 -1195.39353021659 -1871.65025415001 386.10944116548 69229.1431184526 41.0610122989802
241840 410.061028534745 -12992.4544211735 -12582.3933926388 369.318278671018 271.653814156613 733.641364353373 102.659657503069 588.999912570683 69073.9452658127 41.0303058238142
241850 408.703374651411 -12991.1878194517 -12582.4844448003 1132.88941640975 1075.51961439922 1239.12482401008 1084.02381081995 589.485538643267 69008.1903921077 41.0172821039854
241860 410.382937397381 -12992.9071840903 -12582.524246693 -1237.53130997147 -1247.88610449754 -1410.58596232313 -1054.12186309376 287.269075191982 69203.0655626701 41.0558559670933
241870 413.745803052089 -12996.3132988382 -12582.5674957861 -299.293223120829 -340.756152679807 -519.346569761509 -37.7769469211717 -96.0438418888806 69099.6371449666 41.0353922327161
241880 413.881518023669 -12996.3681797592 -12582.4866617355 1504.86047338628 1452.25541439607 1443.61356400222 1618.71244176055 -238.02505458942 68935.3108057216 41.0028375600503
241890 410.189420199272 -12992.706376582 -12582.5169563827 -569.289330722966 -497.031754085046 -477.225946899194 -733.610291184661 -39.8962888420837 69131.716271588 41.0417414020363
241900 408.792862349483 -12991.1794732433 -12582.3866108938 -1135.19976928474 -814.822341760382 -1083.9185403 -1506.85842579383 199.267694229901 69187.0862534587 41.0526957279086
241910 412.091066409248 -12994.2474424211 -12582.1563760119 1116.73437000525 1664.08822393653 930.415582192956 755.699303886261 396.955838670164 68968.3326367186 41.0093836615825
241920 417.882661114459 -12999.7278715259 -12581.8452104114 273.351027678075 946.830492316891 -218.760037252095 91.9826279694212 552.491261616906 69013.6446463466 41.0183627138362
241930 422.239253479547 -13003.7289093349 -12581.4896558554 -1248.37449115995 -532.132432752239 -1898.9593325719 -1314.03170815572 629.031634203552 69123.8550420261 41.0401856723922
241940 423.964401141533 -13005.2719560557 -12581.3075549142 732.680943044931 1448.23061102332 204.191143395986 545.621074715491 514.383137466069 68944.2659086303 41.0046129865429
241950 422.034152186582 -13003.3142116744 -12581.2800594878 876.775584904532 1535.35105233499 653.376108728731 441.599593649878 282.359290617781 68944.103988273 41.0045808857984
241960 417.132160590097 -12998.5247603541 -12581.392599764 -1312.93774697054 -767.719820486327 -1221.31178461594 -1949.78163580935 49.6610597184246 69150.1112778205 41.0453812949716
241970 414.744024441002 -12996.4216205608 -12581.6775961198 22.3938291053198 508.600218568337 258.97216720826 -700.39089846064 -1.63089186846279 69044.7891250727 41.0245320417048
241980 416.284420046283 -12998.2337094048 -12581.9492893585 1174.49103559721 1615.05459192931 1360.42721851904 547.991296343276 103.069945565121 68940.9549329187 41.0039565749266
241990 417.46087478435 -12999.8285281585 -12582.3676533741 -849.696550143949 -606.910291961869 -749.931694353782 -1192.2476641162 155.836692389692 69113.1363521826 41.0380642640855
242000 414.933399787503 -12997.8143598465 -12582.880960059 -411.970756050478 -384.574077375649 -451.411604641018 -399.926586134765 128.834023564155 69092.080025507 41.0338962255021
242010 409.424867486063 -12992.8388636853 -12583.4139961992 1211.31967564339 1112.88985064447 1053.61622070645 1467.45295557926 113.740968842685 68975.1921860803 41.0107432061498
242020 406.809436928347 -12990.7726719422 -12583.9632350138 -560.751475702203 -729.661431414348 -737.845192726236 -214.74780296603 157.38921947268 69140.0383335049 41.0433882014464
242030 411.52583641333 -12995.9069734642 -12584.3811370509 -1111.14513356702 -1262.77719132711 -1270.62133864073 -800.036870733227 166.50848613154 69164.0697208241 41.0481428767879
242040 418.184122939261 -13002.9687452951 -12584.7846223559 1261.42367506372 1158.56487259249 1080.06236688334 1545.64378571533 31.98553191892 68920.4841337227 40.9998977062137
242050 418.586158380875 -13003.9179709807 -12585.3318125998 480.450662789757 566.298773782418 269.836602437113 605.216612149743 -151.339507289274 68981.2352059222 41.0119408420431
242060 412.193203362582 -12998.0929565014 -12585.8997531388 -1332.98073448766 -1011.82835795988 -1482.28285357264 -1504.83099193045 -271.075558112934 69167.3567738267 41.0487931435348
242070 405.721269826735 -12992.2611231457 -12586.539853319 401.72057402043 866.218601087684 286.434894020445 52.5082269531604 -399.263655678449 69036.2385834233 41.0228384721844
242080 406.060735999569 -12993.0667873174 -12587.0060513178 851.631220772992 1264.78404078325 721.329091776391 568.780529759341 -619.221931534102 68991.2937475951 41.0139341390405
242090 412.599121176307 -12999.9661384079 -12587.3670172316 -1163.26593831844 -912.598570955148 -1270.38909550686 -1306.81014849329 -831.204903750893 69142.5592839844 41.0438870300757
242100 418.356753087059 -13006.1466457121 -12587.789892625 -65.1042381107952 87.0660146216535 -117.512425239541 -164.866303714491 -750.866108154075 69018.4583200265 41.0193163630434
242110 418.429356750636 -13006.6315895439 -12588.2022327933 1367.18576008699 1488.57808713903 1406.98301932163 1205.99617380033 -528.269351007663 68882.4739704293 40.9923590699319
242120 416.075989811325 -13004.8955049776 -12588.8195151662 -780.122451227856 -803.743179011385 -684.272860271206 -852.351314400977 -341.913847508031 69072.5553868361 41.0300306233666
242130 415.64753519045 -13005.1252883462 -12589.4777531558 -839.816762370677 -1010.50702578548 -775.567102183437 -733.376159143117 -253.468163810298 69080.2794916909 41.0315599738898
242140 415.081338026787 -13005.255288392 -12590.1739503653 1454.5542641892 1186.34374436904 1525.75999300829 1651.55905519026 -215.522638084013 68890.5266816345 40.993956412708
242150 410.828404003511 -13001.8452410469 -12591.0168370434 -44.8217451166891 -229.929279866409 72.8391010032624 22.6249435130662 -150.230464082403 69047.1443618703 41.024998508907
242160 407.038841616045 -12998.7095914183 -12591.6707498022 -1521.01103296071 -1484.51889513844 -1344.710857037 -1733.80334670669 -74.2147885343417 69193.6399063158 41.053991907281
242170 408.313984950778 -13000.6570614156 -12592.3430764648 909.204776992664 1293.1749973761 1063.07821761675 371.361115985154 -49.2170742907031 68971.3387771619 41.0099794817749
242180 408.647244587326 -13001.5258077396 -12592.8785631523 918.379731401734 1588.82848150475 963.248297213403 203.062415487044 34.3439635438587 68963.9068240227 41.0085064293493
242190 405.535824379609 -12998.8194222023 -12593.2835978227 -1486.78208292678 -793.345537240063 -1575.14143689179 -2091.85927464849 302.836139567373 69176.7512273199 41.0506515034047
242200 405.405954623337 -12999.0575635525 -12593.6516089292 81.2324876838366 599.947042034989 -54.3115308834727 -301.938048100007 493.381946833913 69036.8015382471 41.022949978559
242210 408.204342836972 -13001.9588144659 -12593.7544716289 1366.53129517654 1587.09095686389 1272.37445862601 1240.12847003972 408.466733758037 68912.7565887302 40.9983653103416
242220 411.785916900454 -13005.6245344096 -12593.8386175091 -1043.80985145765 -1117.88957893801 -1063.23137033707 -950.308605097858 47.4931899842541 69111.7372199032 41.037787336182
242230 415.226639442144 -13009.1267191687 -12593.9000797266 -644.81376554062 -828.68763076118 -616.073390421776 -489.680275438897 -231.525179814534 69065.0429381063 41.0285430707723
242240 414.866766270359 -13008.7744215149 -12593.9076552445 1606.47480922137 1457.01148235294 1647.04008604439 1715.37285926679 -220.734334943003 68867.8400809813 40.9894559602241
242250 407.822615520059 -13001.8920398758 -12594.0694243557 -248.516020411674 -325.232965077991 -185.777339903733 -234.537756253292 113.294916707447 69055.9930604785 41.0267509460484
242260 399.464161416755 -12993.422683728 -12593.9585223112 -1413.2297522845 -1475.09996832726 -1286.48591794177 -1478.10337058446 452.430875669836 69189.1867764935 41.0531111775974
242270 398.027878481786 -12991.7075193503 -12593.6796408685 1003.02085503255 885.024359789865 1161.01109481596 963.027110491814 541.082075840492 68977.8937007405 41.0112786144809
242280 402.64753556102 -12995.700991466 -12593.0534559049 593.129753665956 501.32221377884 650.6548685477 627.412178671326 307.683574555506 68998.1912508916 41.0153009024079
242290 408.849670799147 -13000.9372351087 -12592.0875643096 -1444.59590207545 -1397.1761525346 -1562.34613730922 -1374.26541638254 -9.32441981448934 69159.3425564459 41.0472076814836
242300 415.167938710184 -13006.1985083136 -12591.0305696034 446.495151329061 579.244347006047 252.754306359857 507.486800621273 -181.007585240968 68979.1176774508 41.0115211876218
242310 418.307044510626 -13008.114512204 -12589.8074676934 1216.50261660618 1339.99840478058 1068.05912050219 1241.45032453577 -144.937235285567 68904.5474236253 40.9967372822298
242320 417.216122917373 -13005.8612387817 -12588.6451158643 -1207.49550281629 -1174.71641316163 -1182.31840641899 -1265.45168886826 -31.5671399600855 69122.192029374 41.0398565486991
242330 416.005771784739 -13003.5546136581 -12587.5488418733 -415.072985781546 -479.425072437626 -151.618873710771 -614.175011196239 54.4459991838604 69053.6637432349 41.0262896518208
242340 417.719804892102 -13004.1091396568 -12586.3893347647 1512.80438595181 1361.57149914708 1948.82648182278 1228.01517688557 102.830185904386 68885.1510806911 40.9928901176577
242350 418.575830639332 -13003.9782361904 -12585.4024055511 -596.209444551366 -769.617608732092 -275.50530177642 -743.505423145587 107.805085406768 69074.7960035015 41.0304742707547
242360 415.953854629121 -13000.3646665863 -12584.4108119572 -1056.45224185086 -1155.51793825097 -1080.69154402416 -933.147243277454 102.076421532151 69130.0076395431 41.0414032754568
242370 413.251466142698 -12996.7336253466 -12583.4821592039 1428.06910349122 1454.10665523844 1136.17851123034 1693.92214400487 142.382716391326 68934.9446512586 41.0027649634939
242380 412.764103409389 -12995.415930446 -12582.6518270366 51.0498647409205 160.9940139144 -293.960564498026 286.116144806391 215.795483086482 69074.5559208311 41.0304267342782
242390 413.779908887879 -12995.4452588659 -12581.665349978 -1636.39550345146 -1345.16135902571 -1919.60276323578 -1644.42238809289 261.715836065967 69231.2961140996 41.0614379543248
242400 414.554710242119 -12995.360674137 -12580.8059638948 1074.64143669086 1558.61849942321 890.317516773413 774.98829387595 170.294990103042 68995.1326062868 41.0146948329814
242410 414.315758928765 -12994.2557075622 -12579.9399486334 959.208236153426 1291.87903069431 1035.4054058616 550.340271904375 -30.1282073453302 69002.113182571 41.0160780056784
242420 414.826796015247 -12993.8611323592 -12579.0343363439 -1913.79276341794 -2052.46417691704 -1559.78148162843 -2129.13263170835 -119.20731557378 69249.4978266975 41.065036148807
242430 416.175078524423 -12994.519924885 -12578.3448463606 374.725992343678 -100.037172453063 726.549853387634 497.665296096464 -42.3412392668706 69045.6013848 41.0246929152718
242440 416.499618640708 -12994.0267355673 -12577.5271169266 2049.07374172244 1606.33068162368 2221.68676870391 2319.20377483973 123.616002801682 68909.8906820778 40.9977969631417
242450 415.688028155462 -12992.5865038398 -12576.8984756843 -1952.63347105563 -2107.52519773152 -1946.85711921677 -1803.51809621862 269.585271401896 69276.8037278092 41.0704329170182
242460 416.367247611655 -12992.7577067566 -12576.3904591449 -1067.33989627304 -894.707733641668 -1247.15199342449 -1060.15996175298 327.637687054216 69202.0576555865 41.0556566469783
242470 417.678310335281 -12993.3456688109 -12575.6673584757 3054.71885319248 3311.64786417538 2807.80618690162 3044.70250850046 338.185222055387 68839.1975405941 40.9837725868348
242480 415.618668973774 -12991.1143818525 -12575.4957128787 -901.311810285197 -796.064691422424 -953.845182463012 -954.025556970166 411.993972688153 69196.1652985964 41.0544913567155
242490 413.24029791975 -12988.1698302151 -12574.9295322954 -2827.797236688 -2839.37553630651 -2628.8436708898 -3015.1725028677 473.276632059594 69372.6124957415 41.0893574573382
242500 413.606193527601 -12988.1770597629 -12574.5708662353 2905.78782837201 2838.77251212041 3250.45467621994 2628.13629677566 473.721669403211 68860.7485820369 40.9880489819638
242510 413.660968191168 -12988.0823028982 -12574.4213347071 990.288097971714 944.867470410733 1315.78802315365 710.208800350763 492.057770948727 69023.9997930572 41.020414143539
242520 415.462249795519 -12989.2230777747 -12573.7608279791 -3676.98414658022 -3699.53213836184 -3507.90853456919 -3823.51176680963 465.703472636104 69422.0251976379 41.099110846719
242530 420.426129171629 -12994.2459762861 -12573.8198471144 1437.01313727582 1328.38584286451 1402.87343064893 1579.780138314 463.225994985518 68944.6951452607 41.0046980825508
242540 422.084954019411 -12995.6018688075 -12573.5169147881 2640.39155931366 2374.10918945107 2505.07237304723 3041.99311544271 392.492194138017 68836.6348213452 40.9832640044669
242550 420.275288433028 -12993.7602923153 -12573.4850038823 -2813.97088627166 -3089.30856857422 -2962.11115555949 -2390.49293468126 189.466079582251 69325.878329829 41.0801285116433
242560 419.608766727803 -12993.4407560903 -12573.8319893625 -486.644341346556 -550.596659050305 -657.269389144435 -252.066975844922 -27.3704040198492 69125.1549535023 41.0404429317416
242570 420.302206770798 -12994.2412339136 -12573.9390271429 2615.20406910479 2875.9167443587 2407.07604030743 2562.61942264824 -133.804575013824 68858.1797436336 40.9875392915824
242580 421.58001054886 -12996.1204217868 -12574.540411238 -1220.88205878562 -710.16365794863 -1507.51556793018 -1444.96695047806 -117.905224604567 69195.3840633518 41.054336852314
242590 420.959618117891 -12996.1611709194 -12575.2015528016 -1333.37975662595 -688.147485905391 -1715.72785832005 -1596.26392565242 -17.636533902218 69207.1145958975 41.0566566699793
242600 416.496829602209 -12992.5623399902 -12576.065510388 1909.9680056356 2592.60709981382 1314.25895263675 1823.03796445623 137.296174779198 68934.3502086989 41.0026471042633
242610 411.60714730647 -12988.9019087044 -12577.2947613979 -101.95124274155 534.160453921646 -914.003536684713 73.9893545384172 193.040215787279 69120.8195977913 41.0395849293807
242620 411.724174535055 -12990.2605834702 -12578.5364089352 -1674.4530172103 -1105.1267074859 -2447.47930013271 -1470.75304401229 111.350040269822 69252.2237151775 41.0655749601282
242630 415.164090065211 -12995.3292136092 -12580.165123544 1023.88579087386 1436.31393977772 527.576002715926 1107.76743012793 -10.0616785033459 68990.1387094262 41.0137052554564
242640 414.919674985918 -12997.0252372378 -12582.1055622519 833.70606908164 976.99885725003 744.470590410377 779.648759584515 -126.816800123054 68989.9273774573 41.0136633774136
242650 412.177421188098 -12996.5534597046 -12584.3760385165 -1367.16403594138 -1457.03598621671 -1207.80391591338 -1436.65220569405 -81.5334416315693 69180.0834002721 41.0513106153747
242660 412.14668472263 -12999.0880723702 -12586.9413876476 85.4132042054222 -111.26846403913 217.853596547292 149.654480108106 35.8714437592068 69039.3784442368 41.0234603873453
242670 412.78572560975 -13002.1773198479 -12589.3915942381 1204.66945940883 1088.51041813779 1122.81534623322 1402.68261385548 66.0761780740933 68930.8340093899 41.0019499388666
242680 410.869022619417 -13002.5143131684 -12591.645290549 -824.719603202392 -758.979512683471 -1080.54482196973 -634.634474953973 -40.9387790089424 69106.536320763 41.0367578981755
242690 409.765585323291 -13003.207406134 -12593.4418208107 -615.52043274918 -472.433184264795 -929.201156666457 -444.926957316289 -215.869225252143 69080.2639291767 41.0315568926714
242700 411.170171058923 -13005.9013413677 -12594.7311703087 1184.3788513216 1251.04248313112 917.535016935627 1384.55905389805 -391.657558425251 68914.3447641608 40.9986802597526
242710 409.097703899274 -13004.8007541601 -12595.7030502608 -170.149482847479 -222.710512039833 -284.45904739933 -3.27888910326997 -473.94155205337 69030.5166764405 41.0217050802345
242720 404.381099994671 -13000.6652197424 -12596.2841197477 -937.087344482866 -1095.03496691466 -923.10572488293 -793.121341651006 -418.156966108278 69105.5222520428 41.0365571728494
242730 403.274244881172 -12999.8813698301 -12596.607124949 803.330904121165 552.407923855649 869.901904771611 987.682883736231 -239.173078340517 68959.6585214006 41.0076643457585
242740 405.842398902891 -13002.5461828147 -12596.7037839118 270.034937174465 -47.180703007648 372.510856052501 484.774658478542 -8.57135080959147 69002.2701263272 41.0161091023708
242750 410.808101487617 -13007.4261953133 -12596.6180938256 -1123.44284491288 -1436.61878484941 -943.403522056987 -990.306227832235 113.487373097368 69100.6319655682 41.0355891592576
242760 415.264141293455 -13011.8090331793 -12596.5448918859 536.442446226466 341.156321109743 646.332253333506 621.838764236145 71.8694800081911 68934.8844504488 41.0027530276009
242770 414.857508090595 -13011.3123631068 -12596.4548550162 933.983208882531 942.047634911128 801.336519209736 1058.56547252673 -112.971834449876 68904.15543605 40.9966595406645
242780 411.063212300935 -13007.4549872079 -12596.391774907 -1094.50646508089 -832.545046165767 -1558.69980166171 -892.274547415196 -342.299496357501 69095.5784327929 41.0345887836971
242790 408.857994175036 -13005.1828013854 -12596.3248072104 -246.934036390658 285.618843873755 -1005.28171402212 -21.1392390236119 -490.121745326721 69024.4955514126 41.0205123517199
242800 409.563605825343 -13005.6713324228 -12596.1077265974 1242.66703964931 1912.91918505518 342.031796533048 1473.05013735969 -539.082807120298 68895.6059042238 40.9949638676875
242810 410.191751073042 -13006.0814522655 -12595.8897011925 -588.194169929634 123.778122069777 -1461.47801649692 -426.882615361749 -569.676298424125 69059.5077541339 41.0274469706731
242820 407.122034287795 -13002.6665412424 -12595.5445069546 -736.407375017352 -69.7715397817804 -1521.35994927378 -618.090635996501 -629.027520962504 69089.6043509314 41.0334061172922
242830 402.950190295892 -12998.0190189549 -12595.068828659 1139.02615938479 1775.79970581691 495.404701068223 1145.87407126924 -529.162261711107 68946.1632551726 41.0049891321438
242840 402.701584133375 -12997.1580948077 -12594.4565106744 -99.8787061434978 506.921819434508 -560.651403785932 -245.906534079071 -242.568815296211 69069.1134629778 41.0293490956295
242850 405.829846222364 -12999.3777213035 -12593.5478750811 -1166.60543761713 -601.966405870483 -1419.64686694353 -1478.20304003736 -78.9879619967549 69168.1936191309 41.0489586905638
242860 407.641510921637 -13000.1657891677 -12592.5242782461 896.807853052763 1385.84219640676 847.396995785029 457.18436696649 -191.541553577634 68989.4904424136 41.0135767930609
242870 406.406517694303 -12997.7872850501 -12591.3807673558 577.641624133775 966.636808981983 541.089178872783 225.198884546563 -427.419291495423 69020.6545864371 41.0197514562698
242880 406.041251265325 -12996.1083673599 -12590.0671160946 -1396.99991083906 -1163.73282472698 -1539.11805804201 -1488.1488497482 -575.148108138763 69191.1247246299 41.0534944651274
242890 410.152582167847 -12998.9111262473 -12588.7585440794 292.64804658933 332.701414637433 62.2541711804044 482.988553950153 -607.501543673437 69026.3252552806 41.0208748062675
242900 413.992928417338 -13001.3197429626 -12587.3268145452 1334.47740036715 1238.83880913482 1092.15568434257 1672.43770762406 -574.249658312142 68926.1222349326 41.0010156867028
242910 414.051781463207 -13000.095344366 -12586.0435629028 -1161.43181801646 -1238.29790448852 -1338.07811378005 -907.919435780821 -472.447190140837 69149.288130903 41.0452184294195
242920 414.869992524122 -12999.7580053756 -12584.8880128515 -632.465081288481 -661.076541308491 -655.245932015607 -581.072770541342 -329.850027482044 69102.3346250291 41.0359261993987
242930 417.552473680036 -13001.3169595929 -12583.7644859129 1716.81174557406 1702.87840096372 1837.015307898 1610.54152786046 -138.891038577494 68896.0970677844 40.9950612865011
242940 416.771830835769 -12999.7186703321 -12582.9468394964 -447.840907422362 -460.166939089279 -319.713975832578 -563.64180734523 105.285282402959 69098.6561172703 41.0351980346542
242950 413.094793289425 -12995.1974310519 -12582.1026377625 -1533.9298049585 -1489.41041225853 -1637.96565908746 -1474.41334352952 171.081003197285 69214.1910280267 41.0580559709242
242960 412.584022276141 -12993.9821369825 -12581.3981147063 1457.03415292225 1567.03674775699 1128.94145798192 1675.12425302784 20.6533338327048 68951.4006695519 41.0060274044798
242970 415.685049809916 -12996.4515382168 -12580.7664884068 550.452368478688 717.925944098921 216.882125342445 716.549035994696 -291.733004538715 69016.8930774913 41.0190062737056
242980 418.925876128754 -12999.0019207481 -12580.0760446193 -2032.97137112939 -1699.27991861081 -2302.93751327397 -2096.6966815034 -416.298890478558 69233.9028818997 41.0619533103218
242990 421.108981070668 -13000.820263538 -12579.7112824673 959.861548122036 1450.17678818545 739.501791155546 689.906065025119 -180.388748825095 68966.5572118061 41.0090317623683
243000 419.183875875911 -12998.5534643332 -12579.3695884573 1788.74924168879 2365.96143078197 1584.15957368833 1416.12672059607 262.173179286097 68907.2102288065 40.9972653795389
243010 414.514649853392 -12993.6250395643 -12579.1103897109 -2464.48438847161 -1992.58187230042 -2585.39328676647 -2815.47800634793 562.105529489347 69289.9299962083 41.0730267023904
243020 415.257150148679 -12994.4035234566 -12579.146373308 -382.127967735139 -192.076666434978 -375.971628875042 -578.335607895399 539.8238805441 69095.0295421461 41.0344801247345
243030 419.124380552703 -12997.9134964036 -12578.7891158509 3064.0461160038 2914.08304422101 3275.73278541821 3002.32251837218 267.175041257436 68783.9117180779 40.9727980815087
243040 417.798151510197 -12996.7697059109 -12578.9715544007 -1625.42849965059 -1968.15698921197 -1205.88811696067 -1702.24039277912 -37.6590508589398 69199.1276940973 41.0550772172393
243050 414.588295257907 -12993.5817074782 -12578.9934122203 -2041.4320864918 -2406.70165873833 -1544.53958899771 -2173.05501173935 -148.602730365397 69247.8361054825 41.0647076786148
243060 413.765274472683 -12992.7335858384 -12578.9683113657 3052.34965794912 2713.15203944666 3413.14449347436 3030.75244092634 -33.0736044950805 68807.1236176536 40.9774064726725
243070 414.311811722454 -12993.6498220506 -12579.3380103282 -123.564941995836 -266.904792622391 -138.911145264781 35.1211118996589 111.174535982394 69077.2959726639 41.0309692592255
243080 416.895276325506 -12996.1653685643 -12579.2700922388 -2896.26230375926 -2839.80952406224 -3244.59011842376 -2604.38726879179 152.189316311402 69313.4528198388 41.0776740551998
243090 419.763445446351 -12999.3824175371 -12579.6189720907 2081.26176763317 2237.39083584182 1665.24728065841 2341.14718639929 101.151173826087 68870.7284262497 40.9900289903736
243100 417.345603179449 -12997.4047928156 -12580.0591896362 1443.44819393706 1639.10298030964 1111.26202540136 1579.97957610019 15.131154809227 68938.6210138772 41.0034938553184
243110 411.995024935853 -12992.355382192 -12580.3603572561 -2681.22122781594 -2546.99811869125 -2866.32420863756 -2630.34135611902 -11.0918589662026 69319.796073238 41.0789270978958
243120 411.090971613554 -12992.1075787988 -12581.0166071853 324.720501049815 313.334809527303 342.098630553159 318.728063068982 -62.1188572074868 69052.381693129 41.0260357522609
243130 415.184396921937 -12996.5554935831 -12581.3710966611 1899.03120114429 1798.33902749037 2089.27561542773 1809.47896051478 -100.85419059629 68897.4877045925 40.9953371069517
243140 419.035442568541 -13000.999130286 -12581.9636877175 -1462.06826122835 -1550.26627881196 -1188.26774964751 -1647.67075522559 -68.6963104627143 69174.7961091662 41.0502647663932
243150 418.876979117283 -13001.6254953124 -12582.7485161951 -562.208917816187 -612.499189249168 -251.85762799984 -822.269936199545 -18.9915771493905 69088.590210959 41.0332053450663
243160 413.563587077067 -12997.1598298002 -12583.5962427232 1725.44381472066 1592.7830668909 2050.75312450158 1532.7952527695 52.0461917942293 68905.672814759 40.9969604755951
243170 407.22450223693 -12991.9028352197 -12584.6783329827 -578.800091546635 -856.129609916214 -195.443252614669 -684.827412109028 63.4218611841297 69126.6708547957 41.0407429325435
243180 407.492224880099 -12993.1322065203 -12585.6399816402 -1236.63357152436 -1507.89803114556 -801.251275784569 -1400.75140764297 -41.703447164951 69180.9072519667 41.0514735719942
243190 413.693529998237 -13000.3377738973 -12586.644243899 1116.36082778276 1021.42734078174 1511.19026501262 816.4648775539 -161.159344789198 68948.5857115123 41.0054693698049
243200 418.214349462014 -13005.9895060158 -12587.7751565538 377.806760244875 439.790522668753 637.299394533986 56.3303635318902 -137.648994688038 68993.8790020056 41.0144464265287
243210 417.422749057668 -13006.4803428565 -12589.0575937988 -1094.80344275168 -968.170123327456 -979.308012789709 -1336.93219213786 -7.60000011800386 69124.6026609762 41.0403336305267
243220 411.915371031689 -13002.4717033562 -12590.5563323245 522.609619954493 670.806206331445 585.140913099953 311.881740432084 206.824771412022 69000.0427991209 41.01566777738
243230 403.770888163929 -12995.8225464925 -12592.0516583285 718.751510462215 940.798094305503 819.501662338123 395.954774743021 512.203545236899 69005.3202349386 41.0167134387406
243240 398.807499270281 -12992.1556366545 -12593.3481373842 -1082.18972919809 -768.940387869397 -955.860923897034 -1521.76787582785 782.886135053949 69172.8969837511 41.0498890981877
243250 402.134004091844 -12996.5706897034 -12594.4366856116 -185.586599642311 93.527314546727 -60.0650005130752 -590.222112960573 785.625299192952 69074.1471461362 41.0303457964517
243260 409.831946402297 -13005.0663770754 -12595.2344306731 1024.78663924067 991.728626726138 1209.93248007498 872.698810920884 437.379561784022 68930.9489289218 41.0019727246167
243270 414.646004694413 -13010.6570257465 -12596.0110210521 -480.330250219934 -906.296433586785 -237.578986234141 -297.115330838879 -1.06471429723048 69030.8052181236 41.0217622358999
243280 413.678289045185 -13010.4576516115 -12596.7793625663 -440.824350291336 -1045.21481904143 -205.223910229694 -72.034321602884 -119.785894134945 69025.3423995664 41.0206801086049
243290 407.76188823546 -13005.2603867941 -12597.4984985587 931.896081796318 446.4103005666 1082.60892543271 1266.66901938964 99.0568778817587 68921.7626644352 41.0001512317315
243300 404.293903069914 -13002.4283215987 -12598.1344185288 -210.992245153089 -320.414699458165 -252.603286916823 -59.9587490842807 437.367643902921 69037.5715015952 41.0231024868337
243310 406.639187194303 -13005.1871525144 -12598.5479653201 -921.043661087146 -549.226751467527 -1247.07500847075 -966.829223323165 615.803849669181 69099.5177866695 41.0353686053978
243320 409.024013497986 -13007.8747178681 -12598.8507043701 749.634846329933 1535.53711174053 160.834076174657 552.533351074606 598.124220734773 68939.2921652449 41.0036269179436
243330 407.29723071288 -13006.345910981 -12599.0486802681 483.524995415967 1323.35369557067 -265.5354348068 392.756725484028 528.924690196812 68958.1837142134 41.0073720065825
243340 404.428238948056 -13003.5187795344 -12599.0905405864 -1044.39861909581 -463.241989450281 -1731.73342009863 -938.220447738528 435.505477801326 69095.4069806405 41.0345548429128
243350 404.291409185895 -13003.3069396433 -12599.0155304574 189.659661124758 530.40798569535 -328.557279033025 367.128276711948 311.514309252512 68983.4815808 41.0123860220175
243360 405.583195412337 -13004.2838546879 -12598.7006592756 923.510175240336 1253.55188097696 520.744277300678 996.234367443369 180.665323367463 68913.7815344106 40.9985685668028
243370 407.585926099098 -13005.8241605772 -12598.2382344781 -867.341862059782 -403.727857506992 -1170.4892604075 -1027.80846826484 98.5032144667681 69062.5371915954 41.0280468797056
243380 413.051231212503 -13010.7042947291 -12597.6530635166 -372.198826344609 218.283987863548 -591.797411621044 -743.083055276328 33.293747897464 69008.3120523609 41.0173062082256
243390 417.941014020726 -13014.8814456972 -12596.9404316765 1177.77183381625 1787.62057773061 1128.08565071727 617.609273000862 25.585157956788 68861.167791997 40.9881321573763
243400 416.323858997353 -13012.633032437 -12596.3091734397 -288.290927876508 201.614343713507 -74.120680620345 -992.366446722683 90.9252263498615 68996.1714063656 41.0149006728853
243410 410.389893660381 -13005.974020767 -12595.5841271066 -875.713717214168 -571.979890938135 -452.886470680896 -1602.27479002347 231.41301963461 69075.5814062505 41.0306297800818
243420 405.757259781258 -13000.4926684859 -12594.7354087047 884.743824993802 1019.16771184337 1321.38469060914 313.679072528901 389.428474366168 68944.5117373264 41.0046617220369
243430 405.57372328015 -12999.1885917301 -12593.6148684499 171.387249133715 248.016457283395 462.087164035824 -195.941873918077 532.66642628342 69015.9759921661 41.018824588258
243440 408.541340621056 -13000.5775340222 -12592.0361934012 -1185.86338896284 -1084.01625089835 -1079.77261699191 -1393.80129899826 484.024970121962 69133.515397823 41.0420974307745
243450 411.219551045567 -13001.3240863382 -12590.1045352927 656.803760913846 751.466852526049 621.771967122524 597.172463092975 292.12976018146 68967.343252382 41.0091875607812
243460 413.83469972451 -13001.6339484319 -12587.7992487074 926.925628555983 1060.07518026051 740.06354831634 980.638157091101 171.568458632994 68949.4091184155 41.0056326027984
243470 416.103758684059 -13001.4189498496 -12585.3151911655 -1369.58877716842 -1145.10794292887 -1622.20966289885 -1341.44872567753 204.775978815243 69164.0098617781 41.0481310348813
243480 417.223345989296 -13000.23033656 -12583.0069905707 -24.7904408759063 303.726212637156 -231.442406526712 -146.655128738158 284.75285141598 69061.9413648804 41.027928891586
243490 417.528737907977 -12998.4594592157 -12580.9307213077 1546.13015153433 1958.07101609104 1475.93519124502 1204.38424726692 280.366388416857 68936.5919339178 41.0030915642044
243500 418.462808004816 -12997.8376288722 -12579.3748208674 -1282.14481420157 -868.384220226573 -1159.68913275051 -1818.36108962761 165.331941607399 69180.0901120255 41.0513119429546
243510 420.611686238139 -12998.8853360512 -12578.2736498131 -895.040294324117 -543.212049000762 -602.922294081115 -1538.98653989048 54.9684712527198 69136.1953975993 41.0426277639519
243520 420.537138285512 -12997.9497992224 -12577.4126609369 2342.35307353714 2638.38424365241 2784.34348793535 1604.33148902364 -66.5686319873657 68859.5665958844 40.9878144623741
243530 417.034534367044 -12994.1607816099 -12577.1262472429 -562.899218773735 -274.192249594479 -68.9358459592036 -1345.56956076752 -173.949961461687 69136.0499307207 41.0425989785132
243540 413.349278159163 -12990.0220658969 -12576.6727877377 -2344.79727200763 -1991.27499930147 -1942.89714454481 -3100.21967217661 -143.672796915482 69314.377096222 41.0778566409928
243550 410.794460463659 -12987.2354641604 -12576.4410036968 2346.44795032459 2737.84106000727 2554.26045474192 1747.24233622458 1.12717929511145 68922.3479546551 41.0002672904754
243560 408.246541956769 -12984.5944058728 -12576.3478639161 908.905187736678 1325.52135053054 896.266220107951 504.92799257154 247.197735582238 69065.9350282898 41.0287197206923
243570 408.22955146155 -12983.9804750623 -12575.7509236007 -3307.16298507529 -2881.57422488504 -3432.55021775733 -3607.36451258349 422.158521945903 69445.3461397505 41.1037124731526
243580 413.923959328688 -12989.5802003844 -12575.6562410557 1174.63931142518 1479.57642699781 1093.34645468227 950.995052595467 312.824208501272 69030.1268246715 41.0216278563478
243590 419.765012376503 -12994.896509835 -12575.1314974585 2548.3446681327 2671.15522139931 2598.95574808363 2374.92303491517 34.5368790663111 68887.6108155576 40.9933780333618
243600 421.934317135199 -12996.8058418718 -12574.8715247366 -2833.93404711736 -2874.63371659894 -2676.87838269581 -2950.29004205735 -157.02212024269 69342.0735785288 41.0833271781604
243610 422.94272783077 -12998.0133438173 -12575.0706159865 -507.547625538306 -678.587573993496 -313.58145474391 -530.47384787751 -31.3154427818773 69120.2164584583 41.0394655603299
243620 421.485133709031 -12996.4550611515 -12574.9699274425 3087.59867062511 2820.00488945633 3177.94059775006 3264.85052466895 296.248115995428 68808.079590415 40.9775962451889
243630 418.469531320199 -12993.9485720771 -12575.4790407569 -1461.32793049308 -1689.6340467162 -1555.55381472904 -1138.795930034 492.006381481146 69214.1010457889 41.058038178343
243640 418.784894787769 -12994.6497189987 -12575.8648242109 -1805.08622589021 -1815.66640347586 -2069.80834562138 -1529.78392857339 428.48339528488 69240.3348511661 41.0632248503832
243650 419.97856168086 -12996.3083374357 -12576.3297757548 2364.38836551476 2627.1020583185 1953.2418980268 2512.82114019899 55.565880115405 68876.0625261423 40.9910872012649
243660 416.925209943705 -12994.0713212715 -12577.1461113278 141.276069891655 658.987625343589 -373.391050159741 138.231634491116 -362.462238038473 69085.9969271507 41.0326919362283
243670 412.572052886973 -12990.3200706292 -12577.7480177422 -1897.37258780116 -1215.62570895553 -2425.32838459148 -2051.16366985649 -546.787115628569 69283.6350561303 41.071782846455
243680 410.991732791109 -12989.5159116968 -12578.5241789057 989.085629102863 1825.01197075882 483.095767447072 659.149149102696 -420.809782047128 69035.5735423336 41.0227067444553
243690 410.148258708039 -12989.3439717427 -12579.1957130347 849.389852036919 1754.94283081636 379.913285384098 413.3134399103 -120.115210733109 69047.3324215091 41.0250357546636
243700 409.08673196905 -12988.8525821245 -12579.7658501555 -1409.96718473366 -499.543614102829 -1910.39190136938 -1819.96603872878 83.5146008074468 69236.9922194953 41.0625640532481
243710 409.650047528087 -12989.9993369496 -12580.3492894216 198.039688430613 956.928611284939 -354.571535515728 -8.23801047737117 -33.7072974409515 69088.5932777213 41.0332059522051
243720 410.346104085182 -12991.119355133 -12580.7732510478 1132.23269065354 1676.03170652526 564.430214651734 1156.23615078364 -415.117203266327 69002.781092208 41.0162103443567
243730 410.528381508621 -12991.7158395414 -12581.1874580328 -957.793942210113 -537.820528555605 -1500.95501540178 -834.606282672959 -808.164104222248 69181.1075326393 41.0515131870129
243740 413.80124509325 -12995.3833976098 -12581.5821525165 -543.132569616961 -208.40459577128 -1027.80256269921 -393.190550380397 -1014.07575933369 69123.2884550944 41.0400735408356
243750 420.160055637546 -13002.0967202039 -12581.9366645663 1218.67898171652 1405.469603083 889.934497030369 1360.63284503619 -963.589324738169 68938.7032655335 41.0035101625972
243760 423.965082182235 -13006.4854234571 -12582.5203412748 -193.484947815679 -88.7760281761541 -436.029839781524 -55.6489754893605 -726.001944692929 69046.4918028976 41.0248692671864
243770 420.714666513092 -13003.9872488413 -12583.2725823282 -848.083249155556 -823.511921029607 -1013.7583435778 -706.979482859269 -440.985817749384 69114.8694894092 41.0384072958453
243780 413.286027555303 -12997.4964373763 -12584.210409821 888.928591309312 826.836657682487 831.698129517013 1008.25098672844 -185.952166568525 68986.5561680272 41.0129953190164
243790 407.971914733631 -12993.1720681779 -12585.2001534443 149.480063068272 86.5201465541802 113.448301495891 248.471741154741 -28.038451998782 69065.757744512 41.0286846154331
243800 409.197900375842 -12995.259625048 -12586.0617246722 -1166.9016181126 -1165.32923922011 -1279.05153025122 -1056.32408486645 -17.8729559627823 69174.0182851885 41.0501109049595
243810 412.277690941962 -12999.2085928683 -12586.9309019263 644.066164225594 669.127881795305 428.176554221275 834.894056660199 -119.213723656294 69006.3764110572 41.0169227011184
243820 410.164206384681 -12997.9097330711 -12587.7455266864 790.224954058791 849.796358936356 533.957689974088 986.92081326593 -263.615615703151 68991.5292772062 41.0139808115236
243830 405.900960707637 -12994.3892651698 -12588.4883044622 -1146.10730424727 -1010.13006586447 -1390.2698437228 -1037.92200315453 -225.941050620216 69166.9928079574 41.0487211423935
243840 405.293086972745 -12994.4540823693 -12589.1609953965 -53.7037144728529 180.406796663209 -243.647766910543 -97.8701731712269 19.0157523027892 69069.4878101194 41.0294232203771
243850 406.536837714352 -12996.1500260816 -12589.6131883673 1160.32195001832 1459.16200595257 988.580991004808 1033.22285309758 307.042690639138 68955.9269166447 41.0069246516685
243860 407.736614596149 -12997.737549311 -12590.0009347149 -809.950116775381 -482.046351982751 -944.651026022826 -1003.15297232057 364.055524550419 69115.1255507037 41.0384579763756
243870 409.916014623195 -13000.2081814494 -12590.2921668262 -641.933904352523 -250.301934182338 -759.034968488172 -916.46481038705 122.111443514912 69084.6423055606 41.0324237480949
243880 412.438796075452 -13002.9074045478 -12590.4686084723 1360.0820903703 1851.88930587244 1229.43789675539 998.91906848308 -148.359270320218 68901.8838448083 40.9962090178788
243890 414.751264260177 -13005.4754249649 -12590.7241607047 -286.21722601791 186.631917228924 -519.956748422225 -525.32684686043 -208.973350455073 69038.3125760196 41.0232492719471
243900 417.931638917982 -13008.887216782 -12590.955577864 -1267.47057887684 -1009.70722461447 -1544.43217353386 -1248.27233848219 -88.6348356535261 69109.5481279242 41.0373540453826
243910 418.729600631192 -13010.0661727393 -12591.3365721081 1289.41847798105 1425.56129924276 1026.55195906289 1416.14217563751 106.773102230527 68881.4608422781 40.9921580961371
243920 413.918980304647 -13005.8227669653 -12591.9037866606 548.412763738748 635.886536259174 440.53100487343 568.820750083655 323.138477404273 68957.4142381716 41.0072194778761
243930 408.711176122625 -13001.1347959134 -12592.4236197907 -1725.56938864178 -1663.42018599837 -1599.60815315287 -1913.67982677409 524.341839801361 69170.6839766691 41.0494513320103
243940 408.046741627 -13001.1406060649 -12593.0938644379 523.340081259293 556.104685985658 789.673286216588 224.242271575635 623.921577822301 68971.746285793 41.010060249081
243950 410.486078539092 -13004.1178234569 -12593.6317449178 1336.87678401578 1395.18653136392 1438.48789951722 1176.9559211662 600.738481169186 68885.5056903957 40.9929604591439
243960 412.133794544535 -13006.3946389656 -12594.260844421 -1437.70444053001 -1206.97575801241 -1705.62322350269 -1400.51434007494 376.484506957314 69119.630958363 41.0393496816475
243970 410.337452980302 -13005.3698548583 -12595.0324018779 -240.954363742301 124.628467862017 -712.332051229046 -135.159507859873 150.480175608416 69021.9700092345 41.020012044803
243980 405.505259999902 -13001.2425520866 -12595.7372920866 1766.75898946893 2144.00599855673 1382.12913644916 1774.1418334009 -36.951905693681 68863.5981218695 40.9886143522684
243990 403.179416307457 -12999.7271053017 -12596.5476889942 -1108.81157100166 -676.556755760363 -1252.99275409177 -1396.88520315286 -165.371770941336 69119.7497186932 41.0393731860357
244000 407.574656158718 -13004.8263202701 -12597.2516641113 -1320.89294704585 -781.233222874421 -1234.84649797379 -1946.59912028933 -129.730066254968 69112.3304088215 41.0379047455253
