# Fix print output for fix setl_out
120000 202.661563554096 -13238.9578526878 -13036.2962891337 1290.53986921648 1410.50769092609 1401.78349615457 1059.32842056876 -152.996616081714 67339.3370945623 40.6839344204415
120010 203.624995087165 -13239.8930626159 -13036.2680675288 -1159.66234628693 -1103.54874861217 -1040.97665220748 -1334.46163804113 -76.7226363851026 67539.6326796047 40.724231552288
120020 203.156159022188 -13239.3345879897 -13036.1784289675 903.522488171116 955.866001402947 974.746888041532 779.954575068872 -15.7803979131361 67375.9183914159 40.6913001085742
120030 201.61508835965 -13237.6336878487 -13036.0185994891 -519.303382634501 -425.021949752574 -528.032446006449 -604.855752144481 6.67706272394134 67496.4209181726 40.7155445974808
120040 200.867748928238 -13236.6129499642 -13035.7452010359 48.4260541116512 153.488978756287 -31.2945870938827 23.0837706725523 51.0447495621212 67452.47028317 40.7067053011936
120050 200.619777699495 -13235.9585076114 -13035.3387299119 426.365404133362 497.844271985809 304.233824056443 477.018116357831 105.654831865873 67424.1816731056 40.7010139003931
120060 200.539459542574 -13235.3281718769 -13034.7887123343 -836.018048846751 -816.247358179908 -946.702963301744 -745.103825058595 111.497185224948 67530.4436650393 40.7223845748691
120070 200.636857097728 -13234.7424643595 -13034.1056072618 1116.10495378636 1099.47008335115 1061.24674059179 1187.59803741614 60.1626966740427 67372.2207030521 40.6905556957179
120080 200.367577223833 -13233.6795625884 -13033.3119853646 -1217.46556780882 -1225.98238795348 -1205.59147551004 -1220.82283996294 -62.7274700546122 67566.1492592079 40.7295604038788
120090 202.014447046912 -13234.4555625667 -13032.4411155198 1128.7971905748 1190.40862160463 1185.25213940552 1010.73081071424 -167.300143527475 67372.6465305591 40.6906414240354
120100 204.257831700743 -13235.8153301534 -13031.5574984526 -883.16676941127 -720.780063703445 -830.395936947222 -1098.32430758314 -199.799594693262 67534.5928960248 40.7232185844913
120110 207.378453583825 -13238.1259987408 -13030.747545157 504.905966805233 711.807357583963 505.176796336489 297.73374649525 -234.452249343589 67415.0536383228 40.6991770864174
120120 208.727440661608 -13238.8036296634 -13030.0761890018 -21.56056694453 160.017924565792 -93.9862206392661 -130.713404760115 -253.902969884092 67459.3349707492 40.7080861714769
120130 207.039355211536 -13236.5949057714 -13029.5555505598 -390.747868528001 -221.236720137912 -515.11593154984 -435.890953896246 -232.32629210673 67501.1293768752 40.7164913291746
120140 203.234625627062 -13232.3872890465 -13029.1526634194 770.592889068305 953.639368890312 631.142507156395 726.996791158206 -225.671713501872 67423.2644188558 40.7008293308695
120150 199.909843791937 -13228.671840663 -13028.7619968711 -1048.14365206983 -858.029414089879 -1170.69528873924 -1115.70625338038 -246.25785483874 67584.4726470947 40.7332419124857
120160 201.021600592042 -13229.3656626007 -13028.3440620087 1096.16655902508 1273.82618698887 988.015575502244 1026.65791458412 -236.91740988708 67408.4027012786 40.6978386288468
120170 204.227527858559 -13232.1304335671 -13027.9029057085 -1030.00754656961 -869.629399246092 -1141.10405866943 -1079.28918179332 -204.306106042561 67572.6963072236 40.7308759037166
120180 206.682880674399 -13234.1691225148 -13027.4862418404 821.458804581813 916.942743956873 743.439424660653 803.994245127912 -184.627318398288 67409.8532242035 40.6981305446028
120190 205.307002569096 -13232.420279115 -13027.1132765459 -430.967775278853 -414.391095452005 -426.902296214556 -451.609934169998 -198.267106900745 67514.2873250167 40.719136769724
120200 203.393204310978 -13230.1413008228 -13026.7480965119 25.9690895171556 -34.9419978905873 130.14620544276 -17.2969390007039 -165.43077969496 67482.0169055131 40.7126481034397
120210 204.404710663836 -13230.7627399429 -13026.3580292791 314.917135977459 259.809197904047 443.703469102001 241.238740926328 -84.8848175208744 67457.0656961226 40.7076297045652
120220 207.682780498975 -13233.6382924243 -13025.9555119253 -606.161630854433 -625.907546382914 -523.294607186893 -669.282738993495 1.84123467655404 67525.7698395633 40.7214450790445
120230 210.186051851383 -13235.7743935468 -13025.5883416954 810.446652234814 765.569110994306 825.966254203279 839.804591506857 26.4690595304189 67408.8981745171 40.6979383426297
120240 209.340274035839 -13234.6454759869 -13025.305201951 -830.504503149878 -909.11994861891 -894.087901344712 -688.305659486006 14.1929739686936 67549.400163809 40.7261946175236
120250 207.516325375229 -13232.6069389492 -13025.090613574 733.858143782881 660.601142223127 595.868619702793 945.104669422719 42.3793168864471 67425.8032669317 40.7013401927416
120260 206.09981668894 -13231.0049252908 -13024.9051086019 -552.162077896858 -613.809118389096 -696.8571554713 -345.819959830178 55.1958440341824 67533.2716238675 40.7229530079748
120270 205.940718057999 -13230.654170538 -13024.71345248 297.489542784966 256.440560451849 222.75759532646 413.270472576584 36.062899157784 67462.6127693126 40.7087454859382
120280 205.749779630434 -13230.2534518758 -13024.5036722454 -25.5542963957345 -31.6728364262099 10.2656168829117 -55.2556696439108 4.84272230426452 67489.8548963152 40.7142242913002
120290 205.754202265861 -13230.0258512927 -13024.2716490269 -231.441317770788 -198.465973619998 -81.8534806507364 -414.004499041626 -20.4278146590267 67505.8974796971 40.7174500086712
120300 206.296299793153 -13230.3129857321 -13024.016685939 418.632093031153 471.535206691115 611.651348308261 172.709724094087 -50.5358428933842 67449.3522990546 40.7060780703168
120310 207.502180580591 -13231.2540935549 -13023.7519129743 -526.090711187761 -438.945371844033 -396.745939112553 -742.580822606701 -94.9321114235753 67525.0322735616 40.7212968153379
120320 210.38793165936 -13233.8911936415 -13023.5032619822 537.284592118987 697.249412115037 514.737715458221 399.866648783701 -122.474688413266 67433.6679602661 40.7029226290313
120330 212.25602641093 -13235.5796784765 -13023.3236520656 -453.785607462509 -223.385483684628 -652.737127400393 -485.234211302507 -162.429268070006 67513.4007379062 40.7189585298222
120340 210.445139022272 -13233.6886508501 -13023.2435118278 371.973742721394 617.731602251587 78.558900109063 419.630725803533 -190.485298556919 67453.2024389323 40.7068525828814
120350 205.611562563258 -13228.8454224583 -13023.2338598951 -189.061847797265 -6.37007138084871 -457.087452296782 -103.728019714165 -202.875555461803 67516.1331144129 40.7195078431117
120360 202.79729279027 -13225.9968590059 -13023.1995662156 -37.0102486226285 33.2660127498576 -186.549704483838 42.2529458660983 -234.912110800436 67513.9056278944 40.7190600333411
120370 204.179831270105 -13227.2738225112 -13023.0939912411 157.749401803356 141.840475751803 154.999956718269 176.407772939995 -245.638751077457 67492.9788056988 40.7148524626759
120380 207.738253600534 -13230.6734960348 -13022.9352424343 -294.934325373566 -340.393914534015 -168.722539319875 -375.686522266805 -176.727727542428 67517.3792736984 40.7197583643737
120390 210.108045273426 -13232.8854233442 -13022.7773780708 406.204202369191 349.887169411969 588.517730586325 280.207707109275 -6.16645637490779 67451.2571001874 40.7064612529128
120400 209.354432675393 -13232.0269494343 -13022.6725167589 -403.800573049561 -486.788217851984 -240.072480548636 -484.541020748058 132.733533484879 67518.269663946 40.7199373618246
120410 207.771331958375 -13230.3856207713 -13022.6142888129 368.461093193358 284.114496883025 440.436475713105 380.832306983947 144.646751573319 67459.1313201358 40.7080452073659
120420 207.187040884979 -13229.7647337852 -13022.5776929002 -292.707712491843 -330.913900234988 -370.882730492694 -176.326506747845 86.3437952012988 67515.6530221329 40.7194113270802
120430 207.937121823282 -13230.487146214 -13022.5500243907 145.050088394926 138.320528530931 -4.94887311446544 301.778609768313 25.0049585534273 67475.8577255042 40.7114094319182
120440 208.551280371043 -13231.0924683323 -13022.5411879612 29.8426593363916 40.6017575284657 -116.772425033577 165.698645514287 1.71441790894697 67483.6414886881 40.7129748104915
120450 208.321104393626 -13230.8866252844 -13022.5655208907 -158.61134384335 -170.586728632185 -291.575390907572 -13.671911990296 -16.3518266378033 67504.3266196169 40.7171341749673
120460 207.456077843792 -13230.0817124894 -13022.6256346456 277.45752755881 229.168896327926 139.970156517444 463.233529831063 -45.4737760754451 67475.8808454165 40.7114140817004
120470 206.689673565986 -13229.3963375752 -13022.7066640092 -371.415824692278 -422.277063297544 -503.864601505028 -188.10580927426 -108.148725064559 67535.2092079913 40.7233424623911
120480 207.594123589585 -13230.3971295428 -13022.8030059532 356.539352896202 310.345994367064 236.374193173438 522.897871148098 -189.238472390648 67471.0047396919 40.7104333957685
120490 209.674440118811 -13232.6106019221 -13022.9361618033 -318.826397996502 -420.199428075426 -461.844777096874 -74.4349888172009 -231.798131917553 67516.9129628625 40.7196646200742
120500 210.616987110514 -13233.7692563866 -13023.1522692761 268.376255628913 87.062937818519 92.3396154958995 625.726213572318 -250.642855792921 67464.2209479055 40.709068956031
120510 208.00269646291 -13231.4747328446 -13023.4720363817 -125.557262855478 -329.790454120619 -253.422705103572 206.541370657758 -235.243976564123 67500.7296083884 40.7164109492738
120520 204.701631950998 -13228.5566551967 -13023.8550232457 -43.2321097307331 -182.757150036631 -73.6381569186283 126.698977763062 -241.677227277809 67498.6902735969 40.7160009031891
120530 203.656788222603 -13227.9041562391 -13024.2473680165 182.54511222508 162.473982498116 210.314873075564 174.84648110156 -270.242606555463 67478.3432373699 40.7119093018085
120540 204.696410903582 -13229.3238512822 -13024.6274403786 -332.862906712734 -226.055909636596 -294.242014001325 -478.290796500279 -263.560448027661 67514.5636472738 40.7191923213654
120550 206.732428903063 -13231.7419688459 -13025.0095399428 444.43517684308 616.261916416965 463.90083689643 253.142777215847 -239.096409054851 67442.6810309495 40.7047359763123
120560 208.003395393108 -13233.4379612974 -13025.4345659043 -483.157455854211 -340.546106913801 -480.373807515484 -628.55245313335 -214.731181097537 67513.8780362404 40.7190544863042
120570 208.155810471051 -13234.0803521874 -13025.9245417164 499.718582593208 537.379832453293 497.26924717067 464.506668155658 -182.279673284606 67433.92120379 40.7029735815153
120580 207.446815948543 -13233.9285337839 -13026.4817178354 -424.406035157889 -507.808933909054 -425.412882001718 -339.996289562895 -120.339103476751 67513.2793126203 40.7189341183024
120590 207.715436076468 -13234.8077339993 -13027.0922979228 219.000149496155 72.8532944685691 182.628071485239 401.519082534658 -39.2188519703822 67456.8967716424 40.7075957248238
120600 207.360793533546 -13235.1052702899 -13027.7444767564 92.7181057235012 -14.7555746524928 36.9097321927546 256.000159630239 67.865676065716 67465.1050823693 40.7092467892248
120610 204.770908378712 -13233.1741134774 -13028.4032050987 -412.967685812388 -459.775257250832 -455.086026259474 -324.041773926856 221.899303559047 67513.62764753 40.7190041479913
120620 202.153542604624 -13231.1660370023 -13029.0124943977 715.626459085922 738.179214370986 637.82869180668 770.8714710801 377.953215280603 67426.5256603201 40.7014855489337
120630 201.541324276944 -13231.0594588397 -13029.5181345628 -997.828477185228 -956.253821817914 -1096.83359535023 -940.398014387535 400.901740046617 67564.8141746193 40.7292921345992
120640 203.810782949101 -13233.7321716008 -13029.9213886517 1120.90604523421 1125.01985913691 1033.75137720332 1203.94689936239 289.371130463427 67380.6345738259 40.6922495235425
120650 205.640715016551 -13235.9101762996 -13030.269461283 -1029.18754047323 -1062.08658771985 -1028.32571937719 -997.15031432265 145.242935005001 67550.2834008787 40.7263721208418
120660 205.928872866997 -13236.521387673 -13030.592514806 801.304878396191 751.101768760903 938.878332184627 713.934534243044 103.759673949775 67399.4940527958 40.6960456836698
120670 204.10089822427 -13234.9900296028 -13030.8891313785 -370.443900673211 -439.504676585704 -164.229873185466 -507.597152248464 128.86109119176 67501.7391005892 40.7166139233484
120680 203.218082961193 -13234.331796994 -13031.1137140328 -191.588636250291 -324.88858969053 -32.0900721201305 -217.787246940213 143.506350160635 67489.2438794466 40.7141014226955
120690 204.063704614573 -13235.3174621552 -13031.2537575406 725.17951838768 535.430896384335 775.27892339652 864.828735382183 95.3975769441018 67409.4810585742 40.698055647178
120700 204.681761235946 -13236.0165633224 -13031.3348020865 -1170.31315898294 -1374.98626993589 -1242.43578599644 -893.517421016492 45.0146591436274 67561.8388103342 40.7286942580191
120710 204.072944296669 -13235.4457524238 -13031.3728081271 1517.82328745205 1324.84742397454 1342.47050179454 1886.15193658708 7.70170195343683 67346.6643358062 40.6854099828867
120720 200.706105658545 -13232.0696232908 -13031.3635176323 -1579.63465586795 -1709.92497937055 -1785.19934660963 -1243.77964162366 -15.5479454468939 67614.4719341106 40.7392678896082
120730 199.281400819121 -13230.5408904115 -13031.2594895923 1367.15279799598 1348.28717270586 1238.33721349085 1514.83400779123 22.5261094630108 67377.1433151301 40.6915467023008
120740 200.448825915079 -13231.4665527111 -13031.0177267961 -998.881440345076 -853.870778931004 -1048.97301596232 -1093.8005261419 63.5261345219072 67563.9010379159 40.7291086486652
120750 204.001384645376 -13234.6505747975 -13030.6491901522 443.167344896574 727.733362368357 373.428750410608 228.33992191076 41.8421241568073 67432.595800501 40.7027069095518
120760 206.161812379068 -13236.3285092237 -13030.1666968446 221.562952945206 541.984393017677 67.3729804391161 55.3314853788264 -28.3300192353543 67445.7986756371 40.7053631802656
120770 205.823065831225 -13235.4487676657 -13029.6257018345 -798.116159239192 -582.55050136198 -1013.29449028 -798.503486075595 -108.932215525467 67533.743355837 40.7230478267885
120780 204.653050640649 -13233.6979920803 -13029.0449414397 1276.30595043751 1356.71887893256 1021.55160984934 1450.64736253064 -155.51112263665 67372.8569231059 40.6906837804872
120790 203.587644060673 -13231.9967476289 -13028.4091035683 -1546.27896392756 -1578.25213374111 -1806.97733728925 -1253.60742075232 -135.38465309765 67612.6466864846 40.7389013018103
120800 205.140069472145 -13232.8684880847 -13027.7284186125 1554.09257065837 1501.78695601194 1304.46485754828 1856.0258984149 -126.682569380885 67359.8210519688 40.6880592184633
120810 206.522053713096 -13233.5547038938 -13027.0326501807 -1331.38720941195 -1331.83983325614 -1560.63384818489 -1101.68794679484 -107.665957675961 67594.9203855591 40.7353407591299
120820 208.183986634721 -13234.5473643854 -13026.3633777507 926.053898897202 920.559835223994 794.344463106969 1063.25739836064 -63.3178382036625 67406.7402459821 40.6975040568405
120830 208.730985259986 -13234.4855924426 -13025.7546071827 -397.96441889585 -504.755647428092 -326.58157612035 -362.55603313911 -60.7219975742922 67513.3957139812 40.7189575198054
120840 208.703506681034 -13233.9319409026 -13025.2284342215 -144.741624209058 -378.324455209436 141.763903954449 -197.664321372181 -88.3991812349372 67492.7614825876 40.7148087628814
120850 208.277858077009 -13233.0683142019 -13024.7904561249 640.981165041296 369.114673939575 1072.02620183282 481.802619351493 -107.841865145934 67432.2347407973 40.70263426351
120860 207.650202822414 -13232.0843824914 -13024.4341796689 -1009.69607041948 -1193.77525445055 -574.805376715176 -1260.5075800927 -131.391535261687 67569.5846383562 40.7302506859836
120870 207.146686829196 -13231.3023822514 -13024.1556954222 1209.68466950948 1204.02108496299 1518.21537805328 906.817545512164 -167.859238657526 67389.8551019597 40.6941055806555
120880 204.712843266063 -13228.6503404209 -13023.9374971548 -1161.74914504823 -981.826144128865 -1041.37698681459 -1462.04430420125 -178.42481964104 67594.4418129303 40.7352446233798
120890 203.22525724357 -13226.957436552 -13023.7321793085 961.914607022348 1199.6987760281 941.738891518036 744.306153520906 -182.785784766341 67428.7400847297 40.7019311172792
120900 203.463865126984 -13226.9773802159 -13023.5135150889 -664.729183317883 -486.117750059659 -734.380290815719 -773.689509078269 -177.866990628529 67566.1593659411 40.7295624346925
120910 205.777794483236 -13229.0571166313 -13023.2793221481 257.445233388378 391.076459724379 171.398609835212 209.860630605545 -137.773876052986 67484.8383652563 40.7132155015015
120920 208.154463004227 -13231.2115576379 -13023.0570946337 129.371361419102 250.541647244855 55.2190297250198 82.3534072874277 -93.5357764358279 67490.5627462302 40.7143666310118
120930 209.785349391793 -13232.6794186114 -13022.8940692197 -457.295194584392 -378.334826358989 -462.249760433522 -531.300996960672 -176.527333439491 67532.7972549697 40.7228576586895
120940 210.473880038661 -13233.2799451376 -13022.806065099 684.421029302051 665.965455142609 807.823916856202 579.473715907344 -349.817297978266 67435.0811443117 40.7032069594002
120950 209.233146317709 -13232.0326375229 -13022.7994912052 -736.46258753242 -817.551210041959 -519.691334946088 -872.145217609212 -444.437667132227 67556.8653162623 40.7276948334242
120960 207.622912013785 -13230.4667903538 -13022.8438783401 689.366847792397 567.978701857249 924.470541345531 575.651300174408 -343.545106694936 67445.2318171613 40.705249141807
120970 205.947552363929 -13228.8517530171 -13022.9042006532 -543.25297860046 -738.657990452304 -323.849234275714 -567.251711073365 -100.298517536826 67552.7397861563 40.7268657701318
120980 205.006101928364 -13227.9492151617 -13022.9431132333 335.389640523719 85.8063859132017 512.295396902481 408.067138755475 97.65720396308 67484.6246242568 40.7131725185502
120990 204.768855041499 -13227.714401796 -13022.9455467545 -127.1540406847 -337.544166073557 -31.1825843205115 -12.7353716600295 120.203706158477 67523.0650381532 40.7209013612263
121000 206.147356217227 -13229.0592944193 -13022.9119382021 -117.063311342305 -197.854551383768 -125.966704487737 -27.3686781554075 26.9000253696403 67515.8468392435 40.7194502914326
121010 208.539443646625 -13231.4028926958 -13022.8634490492 268.281769974548 322.309062833183 152.693345947007 329.842901143461 -61.8276962871019 67470.2680615499 40.710285230416
121020 210.58496302347 -13233.439628375 -13022.8546653515 -359.29215315054 -211.221688672073 -507.965545133675 -358.68922564587 -141.579312139774 67510.0878317174 40.7182924877485
121030 211.759983365485 -13234.6809498685 -13022.920966503 436.320930959501 576.450204263059 363.888143620703 368.624444994743 -226.056642088059 67441.1218958709 40.7044223041697
121040 210.940607652673 -13234.0272824104 -13023.0866747577 -388.377979764021 -339.756157360631 -339.4645658956 -485.913216035832 -239.922642146343 67514.2220639654 40.7191236496639
121050 208.804928882269 -13232.1386587882 -13023.333729906 319.311121576004 291.993372746402 447.614589732862 218.325402248747 -177.905093392335 67464.9113328873 40.7092078189402
121060 206.021289372974 -13229.6424439808 -13023.6211546078 -213.974405502228 -281.259663466307 -58.0070011940469 -302.656551846329 -143.692808646317 67516.11719813 40.7195046433666
121070 204.260746748632 -13228.1537725455 -13023.8930257969 74.5666895153314 -44.9904065283178 233.076068185517 35.6144068887949 -129.119997104457 67497.5862657603 40.715778918491
121080 204.796612349358 -13228.9197753097 -13024.1231629603 31.4243346986217 -160.073687198752 159.61218720469 94.7345040899326 -69.436575092307 67500.6819458482 40.7164013659303
121090 207.501019847659 -13231.8281938389 -13024.3271739912 -175.761422288615 -402.779949209973 -98.0064360716316 -26.4978815842387 2.27225872586601 67508.1348125251 40.7178998334746
121100 209.83997645897 -13234.3909204603 -13024.5509440013 282.36928831799 147.070494439934 281.692275182058 418.345095331988 -39.45543028192 67460.3039840197 40.7082810863683
121110 209.479446973874 -13234.3221593227 -13024.8427123488 -305.405803600579 -298.610242759617 -391.054885584603 -226.552282457513 -154.074267650637 67504.7616637426 40.7172216444815
121120 207.266702603346 -13232.464422375 -13025.1977197717 327.154767428227 400.564392021414 239.897887371766 341.002022891502 -248.070104235941 67456.1351173121 40.707442514726
121130 204.37975915631 -13229.9537119263 -13025.57395277 -284.536295081847 -192.64597035764 -322.564167992216 -338.398746895688 -285.524026379541 67512.1762411662 40.718712353839
121140 203.188827132404 -13229.107756152 -13025.9189290196 177.490468595516 289.459663354944 176.823117641907 66.1886247897002 -291.335449416689 67475.5942733021 40.7113564474149
121150 204.707464599278 -13230.9232338104 -13026.2157692111 -92.0623298954859 61.7798529200597 -93.5968574703955 -244.369985136123 -268.102726952367 67491.7234508337 40.7146000319494
121160 207.24539308558 -13233.7401189869 -13026.4947259013 -18.4967941180324 154.490697810481 -16.4894116832536 -193.491668481325 -189.966565456013 67477.1413671155 40.7116675910564
121170 208.034079819146 -13234.8316328435 -13026.7975530244 159.425747436897 279.304745754151 199.533419372988 -0.560922816450105 -29.5929428027456 67460.9096204333 40.708402907855
121180 206.603456648772 -13233.7465312209 -13027.1430745721 -229.065292125562 -163.498798312199 -177.115728267181 -346.581349797303 100.63802770173 67498.0703842898 40.7158762613096
121190 204.96382049771 -13232.4766947818 -13027.5128742841 257.251896082128 296.315632439774 262.200829766698 213.239226039912 88.0112834792876 67462.1234352299 40.7086470599411
121200 204.309242928331 -13232.1893590551 -13027.8801161267 -265.040996433427 -256.292512142105 -329.534722857678 -209.295754300502 -55.0035322295676 67505.9760209126 40.7174657998682
121210 204.935674553006 -13233.1721437793 -13028.2364692263 212.549803599475 139.300902419476 141.923151883877 356.425356495072 -145.291542318827 67463.696246152 40.7089634177425
121220 205.687308224064 -13234.2824343016 -13028.5951260776 -132.762462483284 -286.034391611004 -74.9469584787739 -37.3060373600789 -104.21000156724 67488.9935407204 40.7140510821854
121230 205.527373845466 -13234.4994088745 -13028.972035029 60.4866869412673 -87.888583536395 214.751440410172 54.5972039500238 -17.1726793628628 67473.3522703472 40.7109055387401
121240 204.362209483084 -13233.7299524503 -13029.3677429672 28.6339651347857 -50.9683649658554 121.542912131002 15.3273482392103 82.4471986240883 67479.2168849755 40.7120850011854
121250 203.417539785217 -13233.1838262378 -13029.7662864526 -127.520347796656 -145.163105338468 -194.046812014015 -43.351126037488 153.397245269465 67491.2863707837 40.714512141776
121260 203.169409820181 -13233.3227002976 -13030.1532904775 175.71146608078 163.050086027008 9.51012439687703 354.574187818454 146.137841786359 67460.4091511233 40.7083022403879
121270 203.108062251538 -13233.6332176742 -13030.5251554227 -175.368892504335 -217.284795286976 -320.120122061496 11.298239835468 65.593905683721 67487.7377716297 40.7137985582239
121280 202.958339919858 -13233.8383291872 -13030.8799892673 169.512000101677 159.770803125344 104.622680518368 244.142516661319 0.587393745077462 67460.9648084733 40.7084140086854
121290 202.213281234541 -13233.4250218038 -13031.2117405693 -138.188902618576 -78.5980064607691 -101.238776944607 -234.729924450357 -24.415723849575 67487.5494634834 40.7137606908655
121300 201.658576453331 -13233.1624980969 -13031.5039216435 88.2474225677015 191.660473074672 214.147279735003 -141.065485106569 -44.3277998673215 67470.6745939442 40.7103669949076
121310 202.256099962349 -13233.9986652936 -13031.7425653312 -56.2294584638631 44.3562189677763 111.356583061569 -324.401177420938 -52.4303729626685 67479.3044715619 40.7121026156509
121320 204.171242394831 -13236.1063740465 -13031.9351316517 -20.1896031083912 47.0141342578468 128.045755563608 -235.628699146626 -14.3276089574423 67466.4102854148 40.7095093125454
121330 205.50239439263 -13237.6071243154 -13032.1047299228 106.099573903902 123.878866447521 181.514779923023 12.9050753411629 52.3502606092924 67449.0858894363 40.7060244769927
121340 205.336566363745 -13237.6110399574 -13032.2744735937 -129.004646142532 -169.340137480184 -146.7315010617 -70.9422998857138 126.869390748445 67468.7532356294 40.7099805556874
121350 204.874197559314 -13237.3192554914 -13032.4450579321 155.926566146859 111.810029965881 26.6022799137735 329.367388560927 141.006255924048 67450.0524226699 40.7062189127265
121360 204.008779131273 -13236.6116460891 -13032.6028669578 -170.894226609129 -170.184092080633 -364.793785180605 22.2951974338548 66.3679264610865 67479.4523458709 40.7121323544955
121370 203.171764645601 -13235.8983794129 -13032.7266147673 150.026529917458 187.946021037885 -13.0452742717193 275.17884298621 -21.985296567436 67453.7751902066 40.7069677977507
121380 203.153140789132 -13235.9498266523 -13032.7966858631 -126.642357877733 -86.4166826940445 -214.837212013358 -78.6731789257999 -41.3322360301482 67472.9304619513 40.7108207040759
121390 203.312450226351 -13236.1139343736 -13032.8014841472 97.2702659863613 131.893697508522 51.783532109949 108.133568340616 -3.57686135425283 67452.1741468315 40.7066457296056
121400 202.611756421112 -13235.3435882647 -13032.7318318436 -13.5487662736747 70.3771278313466 -52.6147725354535 -58.4086541169097 18.9874175403375 67466.3503216432 40.7094972517464
121410 201.86624536914 -13234.4330848551 -13032.566839486 -83.4395985880111 54.4245994839524 -141.219865860428 -163.523529387557 -34.3729012148438 67475.2015439655 40.7112774629307
121420 201.639659940179 -13233.9236416081 -13032.2839816679 170.262058432743 320.479148577079 56.8746307798587 133.432395941292 -102.33769027005 67456.4689169576 40.7075096601258
121430 201.789185181876 -13233.6556066747 -13031.8664214928 -241.091722916806 -101.244388640312 -432.151532842487 -189.879247267617 -121.01457222616 67492.3525621134 40.7147265360264
121440 203.26115229402 -13234.5750770449 -13031.3139247508 266.249827604816 411.668087131397 6.75746093503074 380.323934748017 -72.6296665693298 67450.5630680886 40.7063216375874
121450 205.443428253367 -13236.0970643133 -13030.6536360599 -267.301851303044 -125.122258307227 -521.797403841811 -154.985891760094 -55.7418524521214 67491.4546412746 40.7145459784662
121460 206.844718205224 -13236.782269266 -13029.9375510608 235.358279231502 374.779291401127 42.2692378586757 289.026308434705 -108.640493084492 67448.6756659237 40.7059419525128
121470 206.360540716985 -13235.5748761747 -13029.2143354577 -141.339028982791 2.3002320444927 -260.146364354717 -166.170954638146 -158.739700928476 67481.1940120229 40.7124826158486
121480 205.280879860834 -13233.7813495704 -13028.5004697095 22.8880860006073 148.420632414544 14.5977599317965 -94.3541343445124 -167.59165565174 67470.2453490214 40.710280662312
121490 204.76765539737 -13232.5606714423 -13027.7930160449 137.41976784388 208.941527375637 181.00212608442 22.3156500715844 -165.827644194069 67467.449032686 40.7097182395977
121500 205.516681828386 -13232.6081310346 -13027.0914492062 -318.927472696732 -336.853557243559 -354.030227102755 -265.898633743888 -136.543757906118 67509.1286244209 40.7180996401831
121510 206.704703964591 -13233.1237424323 -13026.4190384677 460.238166833216 335.007571985243 350.144673093385 695.562255421024 -119.055544195097 67447.5459615822 40.7057146886679
121520 206.385739957041 -13232.1868191094 -13025.8010791524 -551.578512659894 -739.239296649826 -656.475461719037 -259.020779610822 -169.8760229765 67533.1466632343 40.7229278906314
121530 205.547151918534 -13230.7859178703 -13025.2387659517 561.803586173842 373.576274417526 522.649121013875 789.185363090127 -263.613204629779 67443.4151719066 40.704883671634
121540 204.939559879205 -13229.6551189784 -13024.7155590992 -474.761797151071 -642.739482530756 -428.306143255239 -353.239765667219 -222.388424327716 67530.8619713254 40.722468657412
121550 205.616293330116 -13229.8308708974 -13024.2145775673 279.793526483572 95.7561526293893 391.343014394634 352.281412426688 -41.3102667883037 67468.892094738 40.7100084844073
121560 206.569846789058 -13230.3087103187 -13023.7388635296 -3.46115125950139 -180.802807425379 152.430007026629 17.9893466202452 111.204982325847 67492.9537672162 40.7148474278892
121570 206.910746062202 -13230.2074774608 -13023.2967313986 -309.608283953868 -371.868718980176 -172.81372507315 -384.14240780828 109.882317126868 67519.8817956416 40.7202614488188
121580 206.778438122883 -13229.6706318674 -13022.8921937445 623.656571530418 705.002736934902 691.740875294568 474.226102361782 45.7869231387988 67446.2416404926 40.7054522938265
121590 206.622416821047 -13229.1402543307 -13022.5178375096 -880.283428271657 -744.268576366736 -868.830222640137 -1027.7514858081 26.3816464714113 67572.0219554133 40.7307404099803
121600 208.189470807455 -13230.3650016236 -13022.1755308161 981.71480006838 1054.59206590921 968.946292233871 921.606042062063 72.357541201455 67413.9910935136 40.6989632621343
121610 209.744892480964 -13231.6342341183 -13021.8893416374 -933.935713637988 -952.277708596073 -937.245129019127 -912.284303298763 149.244351428488 67564.8048146792 40.7292902538187
121620 210.528930424781 -13232.2115596577 -13021.6826292329 769.918431854974 700.989106801719 762.475598421666 846.290590341541 221.243316999497 67422.8452869022 40.7007449927527
121630 209.225548606955 -13230.7853377407 -13021.5597891337 -414.445747980491 -494.015072153732 -441.368851503807 -307.953320283937 273.31030107479 67526.0023164785 40.7214918107593
121640 208.452833798958 -13229.9343456769 -13021.4815118779 -46.4536928280127 -119.243698382449 -59.0932799731847 38.975899871598 242.157097754493 67500.9574528385 40.7164567611135
121650 209.475317459518 -13230.9129890589 -13021.4376715994 502.161390180179 479.508077466519 539.042503349777 487.933589724243 179.726218352771 67457.6602171484 40.7077492940671
121660 210.40992435576 -13231.8498166431 -13021.4398922873 -937.645274289521 -856.178060080422 -896.403134433377 -1060.35462835476 116.928859411112 67573.3386500585 40.7310049652302
121670 210.221574737657 -13231.7305116321 -13021.5089368945 1259.48441398984 1393.23875575114 1272.61056280176 1112.60392341661 76.1654649155218 67390.0243699055 40.6941396520643
121680 208.222259615264 -13229.8760145301 -13021.6537549148 -1367.43760456935 -1242.16691376274 -1377.89751329932 -1482.24838664599 52.8574343231341 67607.8951643298 40.7379469619729
121690 207.778014947822 -13229.6261182148 -13021.848103267 1270.88911590083 1399.4769760312 1192.34405605651 1220.84631561479 77.7892342093318 67390.2003150743 40.6941750674496
121700 207.711148578946 -13229.7905797451 -13022.0794311661 -960.563973881402 -824.762914956873 -1098.97158859783 -957.957418089503 108.369283086691 67573.1976554917 40.7309766362348
121710 207.620552675127 -13229.9556479094 -13022.3350952343 490.879884091222 633.679697046408 348.598148230609 490.361806996643 141.185669287245 67452.7628813283 40.7067641608604
121720 206.766316711724 -13229.3698739356 -13022.6035572239 88.6205331726155 189.951627676167 37.3104974004197 38.5994744412594 106.092481934633 67489.3431945381 40.7141213938914
121730 206.663216803769 -13229.5261041903 -13022.8628873865 -682.662054872492 -643.520735908222 -614.098917982897 -790.366510726358 19.7564611285292 67554.8794347311 40.7272957564435
121740 207.596881543233 -13230.7226581475 -13023.1257766042 1151.30497504598 1179.42152582731 1269.1247519738 1005.36864733682 -60.0056897633797 67400.8349948408 40.6963155703487
121750 206.937551615614 -13230.3590020309 -13023.4214504153 -1440.36288785809 -1356.69662958429 -1350.60751569163 -1613.78451829835 -93.5758074323728 67611.6258202206 40.7386962653202
121760 206.141352593884 -13229.889995374 -13023.7486427802 1538.46972259747 1714.91856930633 1570.7842846356 1329.70631385047 -52.2401109035102 67365.9089675162 40.6892849640307
121770 205.707137103106 -13229.8102775154 -13024.1031404123 -1382.4097717653 -1159.41585499284 -1459.33775323579 -1528.47570706728 25.576024175741 67606.3332998819 40.7376332528474
121780 207.431688884862 -13231.9110400726 -13024.4793511877 1004.79820444579 1178.43242452308 858.447439115984 977.5147496983 94.7558476160453 67405.1398869192 40.697181976612
121790 208.089235942614 -13232.9783526153 -13024.8891166727 -449.130983934676 -382.817607108527 -536.532624537063 -428.042720158441 81.9162709798137 67524.7462458129 40.7212393184516
121800 207.65472389042 -13232.9901606275 -13025.3354367371 -137.961292944988 -207.044764783299 -75.3320618175537 -131.507052234114 -22.2256879275737 67503.9295386725 40.7170543379622
121810 206.661496272006 -13232.4840705011 -13025.8225742291 669.592646696575 491.464150668041 838.826827261638 678.486962160043 -126.869554236688 67440.6222933153 40.7043217913913
121820 205.501391894495 -13231.8363752328 -13026.3349833384 -1107.29124422448 -1374.36693506664 -875.38478345574 -1072.12201415106 -146.47152617082 67585.012080026 40.7333502844867
121830 204.659957829352 -13231.5210702404 -13026.8611124111 1329.20556765797 1048.09937705422 1610.03999338557 1329.4773325341 -63.1971310856525 67377.8561355729 40.6916902013304
121840 202.935719441126 -13230.3255538049 -13027.3898343638 -1309.73575758584 -1522.83833909078 -1007.7482738272 -1398.62065983955 39.1352959848558 67590.0579214774 40.734363965411
121850 203.32997110631 -13231.2198620544 -13027.8898909481 1107.58438360998 1007.04038036408 1386.3569793581 929.355791107756 94.3769723455085 67387.1228421043 40.6935556048293
121860 204.973547529744 -13233.3313724456 -13028.3578249158 -762.958506453842 -731.630218958075 -563.821732068164 -993.423568335285 96.4599558327792 67534.2170112171 40.7231430317663
121870 206.755530645045 -13235.5778765705 -13028.8223459255 343.757319921578 444.684287253207 404.5820368509 182.005635660626 143.258585426436 67437.2582554299 40.7036449829002
121880 206.053253932412 -13235.3518310415 -13029.2985771091 115.080773995931 200.966927582668 7.55874492558215 136.716649479542 217.893665456348 67458.1268026398 40.7078431485004
121890 203.994218746939 -13233.7677457993 -13029.7735270524 -469.339039752851 -422.338903448803 -693.200977291197 -292.477238518553 240.436775785305 67512.0901338542 40.7186950424908
121900 202.547097397445 -13232.7712720647 -13030.2241746673 670.205621094055 657.652708748446 473.660219711905 879.303934821814 184.543813463 67419.5653931203 40.700084997442
121910 201.946908967453 -13232.5709192136 -13030.6240102461 -749.683554729768 -827.311761790442 -773.125535669207 -648.613366729653 95.2016830291902 67533.5182647083 40.7230025831985
121920 203.040984439644 -13234.0073346096 -13030.9663501699 699.435888359855 594.598771432059 842.479297753863 661.229595893644 47.1498762777917 67410.7726779003 40.698315581234
121930 203.906059568763 -13235.1734272423 -13031.2673676735 -532.153103257948 -596.057472890475 -339.892760801452 -660.509076081919 43.4768421863689 67513.1299017522 40.7189040804795
121940 204.086082338662 -13235.6245860367 -13031.538503698 345.774772196142 340.05554281931 488.068775027408 209.199998741709 48.6040435568397 67445.0489515092 40.7052123534457
121950 203.107841100941 -13234.8933453778 -13031.7855042768 -139.116929775161 -56.7729605648871 -135.067873295674 -225.509955464921 88.3248154428692 67488.6989000206 40.7139918328504
121960 202.112812730259 -13234.1019420775 -13031.9891293472 -64.30471207858 108.897360276679 -243.026445150231 -58.7850513621854 159.586068386259 67483.7707034109 40.7130007956156
121970 201.9992800199 -13234.1307101524 -13032.1314301325 184.105397537364 392.21457900114 -153.003873113915 313.105486724869 195.798130837451 67457.2422277704 40.7076652144538
121980 202.787089844623 -13234.9931059757 -13032.2060161311 -291.525585453024 -79.6142382932172 -686.65321987468 -108.30929819117 140.613659356194 67486.1847907652 40.7134862632937
121990 204.50206567272 -13236.713462128 -13032.2113964553 363.987212471018 588.138962590009 -2.56048426201284 506.383159085057 33.1825587496437 67425.951910881 40.7013701021789
122000 206.094702610189 -13238.2641235962 -13032.169420986 -362.275664879304 -119.69668688751 -659.439695426943 -307.690612323457 -65.1201950722192 67482.6164314122 40.7127686699541
122010 206.266156103213 -13238.3627418681 -13032.0965857649 328.672256583514 544.283125034669 106.587040485769 335.146604230106 -143.361063463432 67425.2634699726 40.7012315769633
122020 204.391016021501 -13236.3794439545 -13031.988427933 -233.551320007321 -96.8047618336428 -359.741916256753 -244.107281931567 -164.693159207021 67474.1991826967 40.7110758698078
122030 202.951126865554 -13234.7555105902 -13031.8043837246 117.914536641025 144.719787806023 132.100935866354 76.9228862506982 -127.572860691142 67449.5960854073 40.7061271124203
122040 202.964014498769 -13234.4679790673 -13031.5039645686 8.08885386216786 -50.5826260859013 137.079591990817 -62.2304043184119 -72.832300189508 67462.2172743881 40.7086659350432
122050 203.602278955267 -13234.6696191192 -13031.067340164 -142.086030700828 -230.324564822836 -14.3937306027648 -181.539796676876 -120.768252335539 67475.2638220632 40.7112899881255
122060 203.635841077488 -13234.1352604925 -13030.499419415 271.648657148378 204.931487104113 301.462331902674 308.55215243835 -296.73507734047 67445.5524942156 40.7053136544906
122070 203.030445848907 -13232.838954794 -13029.8085089451 -339.037126781653 -356.346905610957 -440.48644180731 -220.27803292669 -451.769240278445 67504.5913252019 40.7171873964385
122080 203.883965510007 -13232.8933158524 -13029.0093503424 320.837201662931 391.969623107474 85.9320965493241 484.609885331997 -451.498826465251 67451.8336617174 40.7065772364824
122090 205.913973710126 -13234.0545814021 -13028.140607692 -294.654824456309 -149.240813522087 -572.146897349854 -162.576762496989 -328.981618515741 67496.8617358819 40.7156332347437
122100 208.032309088844 -13235.3040721919 -13027.271763103 222.917298090411 319.053544255214 53.8733939794316 295.824956036587 -222.646002341407 67448.0075336309 40.705807543923
122110 209.681845690097 -13236.1538421293 -13026.4719964392 -106.172523474071 -121.626393771878 -99.4119388968753 -97.4792377534629 -173.343108082682 67470.0042621725 40.7102321731598
122120 210.283911456783 -13236.0723962805 -13025.7884848237 -10.1951127031327 -111.629636798712 81.1943332502549 -0.150034560938352 -202.239227820684 67460.4184546178 40.7083041117544
122130 208.646584473449 -13233.8748185033 -13025.2282340299 185.776505774516 9.45944566461788 261.715711009686 286.154360649244 -239.515126438615 67452.3289756335 40.7066768754086
122140 205.669460605975 -13230.4193140505 -13024.7498534446 -286.829943169197 -494.439109913622 -260.207752074609 -105.842967519358 -201.209522672553 67508.5458962456 40.7179824824364
122150 203.602712016521 -13227.9004060694 -13024.2976940529 338.262598245786 160.425274184715 339.309325688943 515.053194863702 -102.695636517265 67473.7515269822 40.7109858374385
122160 203.227547012639 -13227.0497522609 -13023.8222052482 -409.195565910421 -489.405607879444 -429.240558108861 -308.94053174296 -60.3012356458067 67541.8991861573 40.7246870907697
122170 204.030908502272 -13227.3438363337 -13023.3129278314 387.168913869398 436.541156260608 354.525364760379 370.440220587209 -134.018937992896 67477.6456881798 40.7117690165167
122180 204.531958375858 -13227.3132926351 -13022.7813342592 -303.249803071353 -119.816499598398 -351.965315008653 -437.967594607005 -239.538767408223 67536.0675887963 40.7235149945551
122190 205.746764662085 -13227.987700165 -13022.2409355029 155.172931152627 446.478110123895 60.1990480342609 -41.158364700277 -260.645153052933 67498.1555080699 40.7158933772944
122200 207.699392626119 -13229.4120859389 -13021.7126933128 10.4483124915923 346.121518546562 -163.640205611553 -151.136375460229 -176.489229683068 67506.5976181156 40.7175907753971
122210 209.552971812321 -13230.7855680125 -13021.2325962002 -218.747298075616 29.2055324517104 -442.665458391437 -242.781968287121 -63.7410206630848 67517.3801455829 40.7197585396516
122220 211.165063508753 -13231.9931735578 -13020.8281100491 433.616078539315 520.130718565303 275.091012771737 505.626504280904 1.58154127279627 67457.306225807 40.7076780878422
122230 212.048471157831 -13232.5806092573 -13020.5321380995 -574.985225992066 -586.259097227548 -587.930211412744 -550.766369335907 16.3082733259154 67537.7909691199 40.7238613848124
122240 212.191546755892 -13232.5457739259 -13020.35422717 674.059760482508 691.144299752164 743.281495725524 587.753485969839 -21.1700300375824 67436.6712068289 40.7035268726854
122250 211.127418095527 -13231.4208532307 -13020.2934351352 -648.026302408852 -537.412950678733 -586.63867009429 -820.027286453529 -69.684617437968 67552.0842732329 40.7267340356614
122260 210.260548431131 -13230.5864383414 -13020.3258899103 498.149861737661 615.292878416575 573.769244294064 305.387462502345 -32.5764913339925 67462.0542966992 40.7086331531893
122270 208.774848111309 -13229.2041039774 -13020.4292558661 -248.019222482543 -211.758205332276 -123.052724254404 -409.246737860947 98.4918720923718 67527.8205351758 40.7218572991674
122280 207.523355421073 -13228.0895874137 -13020.5662319926 -85.670946705088 -104.623040910412 94.8766757972992 -247.26647500215 225.282494759478 67517.7764788676 40.7198382157491
122290 207.444181879862 -13228.1616379015 -13020.7174560216 413.639417863206 385.213783365203 630.725060009485 224.97941021493 247.01888407676 67475.7580496294 40.7113893855022
122300 207.987762147576 -13228.8706543536 -13020.882892206 -714.455581952615 -740.553103666296 -498.626970285242 -904.186671906312 208.973904573172 67567.0460593355 40.7297406031539
122310 208.717518540858 -13229.7946146943 -13021.0770961534 933.576866821989 908.200005359453 1054.95723132288 837.573363783636 153.688774109413 67430.595942902 40.7023045303491
122320 208.037171611189 -13229.356135093 -13021.3189634818 -1010.52138595344 -1034.49162316908 -1060.63759355369 -936.43494113754 84.7124458512755 67588.9795266902 40.7341473262546
122330 207.364392589648 -13228.9669644261 -13021.6025718365 932.15180911615 942.174181838748 692.365887071548 1161.91535843815 1.63272080519253 67426.3370534732 40.7014475985577
122340 206.330778989382 -13228.2431143106 -13021.9123353212 -682.832207671245 -601.718513412364 -1034.25489190814 -412.523217693232 -42.9627952803389 67558.9806987896 40.7281199259464
122350 206.545725250719 -13228.7729090093 -13022.2271837586 307.759506115662 401.81012033326 -10.9570506519807 532.425448665705 -31.5235137126951 67475.4681612416 40.7113310841889
122360 207.440093229426 -13229.9850263915 -13022.544933162 118.589366034544 190.161940209591 -112.494487136986 278.100645031026 27.8978609220369 67487.7099768237 40.7137929689009
122370 207.664559164736 -13230.5468058772 -13022.8822467125 -531.995643169669 -439.755581267464 -700.897348827942 -455.333999413596 78.5289357436018 67539.3888487463 40.7241825448342
122380 207.868425939302 -13231.1170997183 -13023.248673779 885.667839032991 998.985745648807 740.409867869982 917.607903580183 78.2104091192374 67422.8842508844 40.7007528331357
122390 207.912836485016 -13231.5716656032 -13023.6588291182 -1107.36088430425 -1018.05421988387 -1218.12308603017 -1085.9053469987 -13.7724527965413 67586.0880089527 40.7335664367368
122400 208.30214914233 -13232.4233862854 -13024.1212371431 1168.32329045899 1160.21881683082 1136.48076997359 1208.27028457258 -195.231038772887 67397.5353933426 40.6956514647524
122410 207.629166005528 -13232.2726583462 -13024.6434923406 -1048.48436504791 -1197.10610822555 -999.940735084043 -948.406251834129 -351.677048455202 67577.2854484784 40.7317979502523
122420 206.837585747624 -13232.0461093022 -13025.2085235545 763.865905790542 524.153423800035 802.511362834315 964.932930737271 -382.931225916973 67423.1786992034 40.7008120823107
122430 205.263383688376 -13231.044002617 -13025.7806189287 -331.563673943141 -515.659065330692 -403.676225479807 -75.3557310189261 -318.512891535273 67512.3583794345 40.7187489715747
122440 204.575104441152 -13230.8953565781 -13026.3202521369 -140.945161195046 -183.018456948888 -277.011511492109 37.194484855862 -280.477783014764 67499.3054109573 40.7161245888346
122450 204.788127540591 -13231.5985173985 -13026.8103898579 568.596142701003 599.087385164366 466.871881120132 639.829161818512 -261.260180189775 67438.7423635328 40.7039435723731
122460 205.966665398941 -13233.2274205013 -13027.2607551024 -943.914390942091 -971.27761803284 -965.23202792956 -895.233526863879 -250.987046921917 67556.5231447492 40.7276260721891
122470 208.840026124992 -13236.5392397503 -13027.6992136253 1161.48682619441 1074.98788031287 1174.93970332498 1234.53289494538 -285.466582139242 67371.9307430312 40.6904973202669
122480 209.212752969585 -13237.3984564723 -13028.1857035027 -1155.10977132849 -1223.47439517087 -1176.38124407766 -1065.47367473695 -302.21315030507 67557.9291197981 40.727908609074
122490 205.810759535294 -13234.5152492718 -13028.7044897365 1073.45871544055 1086.12599504873 952.647949378512 1181.60220189441 -284.809619082913 67384.6014152571 40.6930480543308
122500 199.633750599713 -13228.8185280478 -13029.184777448 -774.180427574371 -724.226308212705 -989.412515831372 -608.902458679037 -212.889703072727 67555.4505255606 40.7274105219979
122510 196.729815252102 -13226.2233498228 -13029.4935345707 312.59955753232 396.778913931205 57.7398167585832 483.279941907173 -121.223530362509 67477.2957287537 40.7116986352232
122520 199.268002775837 -13228.873278332 -13029.6052755561 90.6851324234653 222.340210271398 -176.088451392602 225.803638391601 -30.5528866846535 67488.5490382702 40.7139616970662
122530 205.021924728392 -13234.6055106264 -13029.583585898 -572.182344114494 -440.029214808701 -856.931507133899 -419.586310400884 47.8247869982082 67521.4887167348 40.7205844831914
122540 209.113980865574 -13238.6112109626 -13029.497230097 1002.07585750338 1054.00545386503 690.371464945357 1261.85065369976 47.1006799298754 67375.637845587 40.6912436304801
122550 207.997374770788 -13237.4551163462 -13029.4577415754 -1172.78224267657 -1268.34486181854 -1444.09799523048 -805.903870980687 -19.2180797085623 67555.2064530453 40.7273614736314
122560 205.214904094909 -13234.6645355285 -13029.4496314336 1235.91586397975 971.317942906128 1099.13211748756 1637.29753154557 -13.3010620099515 67367.9445393202 40.6896947911388
122570 203.314670989403 -13232.7409078736 -13029.4262368842 -1120.46081178393 -1468.32627669807 -1091.56464242093 -801.491516232787 99.4517127824778 67569.3945939308 40.7302125003395
122580 204.864487423002 -13234.2169418542 -13029.3524544312 780.152168417093 458.049926223031 926.76820352882 955.638375499431 256.472304110209 67409.0493993905 40.6979687764752
122590 206.713663483642 -13235.9484404058 -13029.2347769221 -330.899724877104 -504.470090582678 -166.183741974386 -322.045342074251 324.749287041148 67494.196377686 40.7150972929116
122600 206.476230224914 -13235.5798233589 -13029.103593134 -120.144773253294 -120.803874112857 -9.72954707126633 -229.900898575758 233.273089164279 67479.1100630279 40.7120635182918
122610 203.711851555022 -13232.668414895 -13028.95656334 591.30277785487 678.914145244456 608.367284243718 486.626904076438 60.2437894219459 67430.0856368714 40.7022018534976
122620 200.817937891484 -13229.5534220684 -13028.7354841769 -976.683934380504 -920.500022751257 -1043.42786838373 -966.123912006518 -72.7442916951035 67568.5459018644 40.7300419716894
122630 201.229226435815 -13229.6400118979 -13028.410785462 1159.92040142664 1133.93242746793 1070.17649512802 1275.65228168396 -146.396725912106 67392.404843744 40.694618804061
122640 203.933502888337 -13231.9142205761 -13027.9807176878 -1206.84143562765 -1271.23159496263 -1299.46735269607 -1049.82535922423 -130.785760909765 67578.3860942527 40.7320190849013
122650 208.048432913973 -13235.5373816322 -13027.4889487183 1081.63391268085 1059.61157619158 963.978168593034 1221.31199325794 -48.2109687362067 67381.199957114 40.6923633379128
122660 209.722564386019 -13236.7240778405 -13027.0015134544 -742.408418953263 -700.335318640828 -886.176860405941 -640.713077813019 51.583665663746 67530.0762137149 40.7223107142492
122670 209.071422950852 -13235.6217398928 -13026.5503169419 342.439651527647 393.177514070043 204.233619385093 429.907821127803 112.306461425516 67446.301788199 40.7054643940256
122680 206.916890802527 -13233.048773147 -13026.1318823445 119.860326985141 122.676248699482 -18.7719950322863 255.676727288225 121.242398492553 67474.3305506959 40.7111022904208
122690 205.94829078785 -13231.6400749448 -13025.6917841569 -595.316641242068 -656.501515426744 -757.103010100922 -372.345398198541 87.1885047056519 67535.4445640794 40.7233897684583
122700 207.357975171069 -13232.5748528945 -13025.2168777234 926.249712979345 851.790976255544 738.612301975896 1188.3458607066 4.07620835702576 67405.8155364743 40.6973179550704
122710 207.724782669184 -13232.4552081978 -13024.7304255286 -1072.85529969349 -1083.41357758206 -1292.12530988649 -843.027011611912 -64.3276196644337 67570.2451394366 40.7303833999706
122720 206.075628640832 -13230.3106715863 -13024.2350429455 1120.29761378097 1165.59173049061 874.628769147455 1320.67234170485 -117.637750644629 67400.5131138474 40.6962507868222
122730 203.494986496528 -13227.1937442625 -13023.698757766 -980.252205498502 -942.560586489114 -1207.4932750453 -790.702754961088 -139.328570358346 67585.0488920371 40.7333576799936
122740 204.938656747518 -13227.9936487586 -13023.0549920111 644.923145394368 599.049364781602 466.254078545109 869.465992856391 -114.334597168059 67452.5412723392 40.7067195815413
122750 209.477058458952 -13231.7634104355 -13022.2863519766 -288.707479868748 -454.047777280102 -408.333481401337 -3.74118092480671 -61.8478541379571 67520.236811865 40.7203328170722
122760 213.504810926868 -13234.96895892 -13021.4641479932 -94.2821412095112 -274.087888843897 -218.215887383261 209.457352598623 -45.4681561244424 67494.7501836662 40.7152086516352
122770 213.601664583223 -13234.2604651396 -13020.6588005564 496.99425234615 464.196695697119 347.208246439787 679.577814901545 0.217335169553383 67447.4440583758 40.7056941885648
122780 209.859139751355 -13229.7553399679 -13019.8962002166 -725.964325393318 -601.380012965391 -886.348511473796 -690.164451740769 104.574855521236 67561.7188056085 40.7286701436238
122790 206.416749012878 -13225.5422891169 -13019.1255401041 857.300040441337 1026.20698975704 729.756582966017 815.936548600952 188.383866282472 67447.241254941 40.7056533900686
122800 206.002111432596 -13224.2580692281 -13018.2559577955 -895.959933796328 -784.429285190975 -943.40101280434 -960.049503393663 148.931360317725 67598.302657485 40.7360201775473
122810 209.661985099303 -13226.9184701539 -13017.2564850546 731.398858958432 752.695812275144 741.469605495633 700.03115910452 18.1878013283155 67457.3336034787 40.7076835949367
122820 213.140774866987 -13229.3212722032 -13016.1804973362 -489.520685717029 -548.692207089506 -514.252460049603 -405.61739001198 -106.359000756459 67547.2407393852 40.7257606335243
122830 214.14751007343 -13229.2964269627 -13015.1489168893 230.037226355013 114.12398147553 122.380171775559 453.607525813951 -113.76533042713 67484.5069014987 40.7131488446651
122840 213.011479744734 -13227.2557341562 -13014.2442544114 91.366229217825 -27.3248117688064 -36.2719892959988 337.69548871828 32.4144990990179 67500.741829836 40.7164134065976
122850 212.012385010207 -13225.5026731376 -13013.4902881274 -366.380899461775 -410.673403236574 -411.007472769884 -277.461822378864 188.085734099909 67544.7170423222 40.7252534291765
122860 211.317164783206 -13224.2128159771 -13012.8956511939 579.054205367178 670.832777462486 625.254484124924 441.075354514129 170.162920440294 67474.0440567733 40.7110446709784
122870 210.362334328549 -13222.8135936543 -13012.4512593257 -689.408422342862 -551.507496077382 -575.691044919831 -941.026726031369 0.775620090857205 67585.6412408247 40.7334766820754
122880 211.17983949477 -13223.3286947579 -13012.1488552631 670.934457521662 742.768346097327 813.234709488485 456.800316979171 -132.029807562133 67475.8240241499 40.7114026540379
122890 212.704679028559 -13224.6937960711 -13011.9891170425 -565.691986225032 -580.202178503911 -473.20088290524 -643.672897265945 -120.533587844526 67577.3135241018 40.7318035910553
122900 214.046842425027 -13226.0210877744 -13011.9742453494 391.300921057837 345.695107105721 393.698299343007 434.509356724787 7.13996278282644 67499.1298344885 40.7160892857574
122910 213.997112273831 -13226.0869188853 -13012.0898066115 -163.195097997176 -213.465525423441 -247.873882802087 -28.2458857659959 154.169873341531 67546.1348028209 40.7255383675807
122920 213.521848171085 -13225.8179797888 -13012.2961316177 -108.207210040783 -160.775794024099 -232.983412927409 69.1375768291584 228.75036465244 67538.4196047342 40.7239877357528
122930 213.286785274454 -13225.8446286061 -13012.5578433317 323.32628042498 286.253655503362 183.703550966294 500.021634805289 183.598691390208 67494.5641571699 40.7151712456911
122940 212.992859930393 -13225.861565797 -13012.8687058666 -453.326862567549 -506.122427106833 -565.365043756708 -288.493116839104 32.3232082829089 67555.739774628 40.7274686488088
122950 212.916516003303 -13226.1422985241 -13013.2257825208 554.678358434708 434.126966611469 530.538143087886 699.36996560477 -134.433285949215 67476.0011464833 40.7114382761413
122960 212.200804014692 -13225.8349981738 -13013.6341941592 -558.426661427443 -745.326010531147 -443.337496552311 -486.616477198867 -249.767175401126 67572.0631695785 40.7307486909378
122970 211.407742297642 -13225.495745994 -13014.0880036963 457.82144241555 243.836517629936 704.807141387866 424.820668228846 -217.526569710745 67488.3257728886 40.7139168004215
122980 211.13937701701 -13225.7190590193 -13014.5796820023 -319.138695236913 -534.98471360003 -19.4648044748459 -402.966567635862 -29.1869837993296 67547.7893154632 40.7258708828713
122990 212.637148556141 -13227.7581356727 -13015.1209871165 99.6654132914759 -108.252928294683 369.387113295476 37.8620548736319 153.137532468711 67503.0290478822 40.7168732843271
123000 213.706986186251 -13229.4406860178 -13015.7336998315 141.667458653184 -95.8365210476497 361.879161286015 158.95973572119 203.031251596621 67490.7334509004 40.7144009574242
123010 211.954325233674 -13228.3857881977 -13016.4314629641 -280.386945092299 -542.476616184067 -141.6720245804 -157.012194512424 163.567074338425 67530.081473496 40.7223117715087
123020 208.252610775865 -13225.4200684717 -13017.1674576959 432.368963908998 193.015535415725 491.25542169504 612.835934616228 115.882764711017 67484.6494547756 40.71317751193
123030 204.885891971221 -13222.7456387367 -13017.8597467655 -542.604626763821 -705.440433644179 -503.193085953189 -419.180360694095 80.6658401930794 67574.3311542406 40.731204380639
123040 203.835769607591 -13222.2970351083 -13018.4612655007 531.604630035294 453.182286126305 547.858707192072 593.772896787505 59.829461251566 67487.6023815532 40.7137713323002
123050 204.558740282673 -13223.5231782434 -13018.9644379607 -495.113524710634 -489.744790489814 -550.340332838543 -445.255450803544 90.8369266509535 67564.817371279 40.729292776934
123060 207.505214028818 -13226.9113285179 -13019.406114489 340.226269778248 418.462228232419 140.086285246513 462.130295855811 139.695890849498 67480.5949247506 40.7123621358507
123070 210.498263991443 -13230.3378040864 -13019.8395400949 -101.4395020018 -43.1462893306261 -440.660499828151 179.488283153381 158.227059724246 67504.150310099 40.717098726254
123080 211.233543722349 -13231.5612506865 -13020.3277069642 -112.248631959555 -171.241809002451 -451.097929468954 285.593842592743 190.855559101442 67500.5933643223 40.7163835551347
123090 209.927355504018 -13230.8021523017 -13020.8747967976 383.16160649858 182.674849954243 199.824171758786 766.985797782713 237.976011291929 67464.2462040921 40.7090740360359
123100 209.257467261641 -13230.7135564585 -13021.4560891969 -648.529943638593 -913.741956713796 -652.226674146798 -379.62120005518 265.475364764347 67549.9686034399 40.7263088564759
123110 210.472949802101 -13232.5395341262 -13022.0665843241 801.023467847073 544.106540162171 930.271860573483 928.692002805565 245.178703172686 67422.5247688262 40.700680497575
123120 210.12975123385 -13232.8514751957 -13022.7217239618 -815.764767656363 -1004.60732604185 -657.073026787687 -785.613950139549 195.194173971952 67550.6046755238 40.7264366867195
123130 208.31322096891 -13231.7132882047 -13023.4000672358 760.597585585324 643.607651230672 847.059251707505 791.125853817796 135.671804641974 67425.0884276092 40.7011963555168
123140 206.455582324469 -13230.5181732537 -13024.0625909292 -587.170045127409 -656.287966212371 -644.453561149317 -460.76860802054 69.4503485896698 67535.8487575732 40.7234710102243
123150 206.726695748518 -13231.4058808571 -13024.6791851085 229.99466454307 221.00842893454 30.6354270653705 438.340137629297 47.8310372990752 67460.4075747642 40.7083019233086
123160 207.413063535089 -13232.6521622393 -13025.2390987042 255.936304932622 277.451152929221 38.6645891057383 451.693172762907 86.8118656089464 67451.9416075696 40.7065989512556
123170 206.953020956261 -13232.711742628 -13025.7587216718 -739.303696593658 -765.009321485836 -844.519786259953 -608.381982035183 153.231328552003 67535.0628924848 40.7233130532337
123180 205.572958023673 -13231.8074389825 -13026.2344809588 1206.25721767561 1065.36954952026 1258.26544677294 1295.13665673362 191.082801524872 67380.606190047 40.6922438097347
123190 203.211494016855 -13229.8553362062 -13026.6438421893 -1515.29772450164 -1760.04643998702 -1358.32311560403 -1427.52361791385 193.353979054997 67612.011810598 40.7387737900291
123200 203.488138554562 -13230.4697041188 -13026.9815655643 1574.73414115559 1235.81254988336 1785.36963264886 1703.02024093455 147.75376782076 67359.1074703456 40.6879155405585
123210 205.094279673362 -13232.3560976838 -13027.2618180104 -1406.47003383501 -1701.54122840329 -1229.26133510566 -1288.60753799609 91.6951821498228 67595.2550061972 40.7354079775104
123220 207.641500438416 -13235.1660007676 -13027.5245003292 995.986832154671 896.732588405123 1083.08799666834 1008.13991139055 51.9786268645056 67387.74785795 40.6936814154064
123230 208.352879745372 -13236.1360195641 -13027.7831398187 -350.268824926143 -241.554842780493 -368.90733093596 -440.344301061974 35.3701548920643 67494.2431941863 40.7151067067477
123240 208.294420931607 -13236.3459371797 -13028.0515162481 -385.183986433363 -172.351226003307 -449.410168422607 -533.79056487417 45.3917246951407 67493.9647752987 40.7150507223666
123250 207.62248061739 -13235.9416512632 -13028.3191706458 1096.77409561458 1329.10603375951 1034.11523527305 927.101017811164 49.9245935696724 67372.840425182 40.6906804591108
123260 205.222309110372 -13233.8037835079 -13028.5814743975 -1614.08745974841 -1428.90486930111 -1651.90436325532 -1761.45314668879 38.1237319701635 67601.3184245775 40.7366259547016
123270 203.37979574136 -13232.2081806069 -13028.8283848656 1897.18862876189 1982.37937065416 1929.32771897018 1779.85879666133 41.1028316442867 67318.1840236182 40.6796740068638
123280 201.463781243234 -13230.49706065 -13029.0332794067 -1854.04223249702 -1920.54768608714 -1725.27059926437 -1916.30841213956 44.3834226834374 67632.2978075791 40.7428477407041
123290 201.870829861339 -13231.0361419452 -13029.1653120839 1522.95726928105 1317.88303568509 1747.69819496322 1503.29057719485 76.1211511133799 67354.9924086622 40.6870869632104
123300 202.393973955245 -13231.6009667242 -13029.2069927689 -975.514459348712 -1243.41141588302 -717.294681729394 -965.837280433721 127.14893834374 67558.4617238157 40.7280156371759
123310 204.640521798119 -13233.797207063 -13029.1566852649 294.382494477728 61.9149192542792 491.535704879223 329.696859299682 176.976570383747 67449.3361893632 40.7060748295523
123320 207.376408755115 -13236.407536503 -13029.0311277479 369.709057851328 240.768377062205 438.457260636168 429.901535855606 231.148282480212 67437.8487459613 40.7037637849167
123330 208.342568438834 -13237.2388380101 -13028.8962695713 -919.042791003935 -958.049412778249 -933.323261957596 -865.755698275964 301.809395356374 67541.3877519011 40.7245842999941
123340 207.138136888082 -13235.9177353856 -13028.7795984975 1318.28045359896 1340.87008479914 1320.83503677971 1293.13623921804 315.300948273038 67359.491851763 40.6879929349376
123350 203.448162316567 -13232.1185547349 -13028.6703924184 -1406.1987911104 -1343.26774037609 -1336.82494055071 -1538.5036924044 289.728456922966 67597.2344108305 40.7358055945139
123360 201.338270130837 -13229.8479039314 -13028.5096338005 1297.81828166562 1404.97244479687 1403.69408235908 1084.78831784091 267.412676414622 67387.7341024771 40.6936786465506
123370 201.763358874963 -13230.0081322057 -13028.2447733307 -1058.27752258721 -902.2323776694 -1042.58163400735 -1230.01855608487 188.059299596431 67582.0325811255 40.7327516963671
123380 204.907612737838 -13232.7726521176 -13027.8650393797 651.463253707349 843.789141945245 505.570204573379 605.030414603424 134.863323597353 67434.3885967984 40.7030676204449
123390 206.568111257322 -13233.961354174 -13027.3932429167 -183.881454969047 21.9239304429569 -442.970174891473 -130.598120458631 199.751122731952 67498.0777610654 40.7158777445712
123400 206.655985848523 -13233.528063478 -13026.8720776295 -240.649256227102 -77.0387849367515 -496.209537482008 -148.699446262547 305.179498255687 67502.9924855003 40.7168659330218
123410 207.003591646871 -13233.3174003947 -13026.3138087478 582.273384479127 667.994248254467 397.512444101042 681.313461081872 375.056926847321 67434.8674745082 40.7031639696325
123420 207.915329473094 -13233.6521012134 -13025.7367717403 -832.529673430358 -817.419384028238 -952.075689157425 -728.093947105409 334.406372074764 67546.0171755568 40.7255147272621
123430 209.316044689244 -13234.4803455542 -13025.1643008649 950.205331382972 904.942470220888 893.8852419231 1051.78828200493 261.64782192047 67396.0370501248 40.6953498884169
123440 208.991071700209 -13233.6254234462 -13024.6343517459 -889.120662738761 -1016.40800619898 -882.140207660536 -768.813774356768 204.031503789472 67548.462442428 40.7260061628515
123450 207.640453847909 -13231.7866484747 -13024.1461946268 764.370285072489 594.750650742803 772.1648601703 926.195344304366 169.207502355114 67422.3047427054 40.7006362234366
123460 205.420025364296 -13229.1029564155 -13023.6829310512 -508.391816052061 -629.417845908907 -569.462207296031 -326.295394951243 160.181277754117 67540.1418560307 40.7243338910469
123470 204.758554681808 -13227.9498081802 -13023.1912534984 168.236319586736 147.867653344513 3.93750550606846 352.903799909628 85.440653576173 67492.1176928237 40.7146793077127
123480 206.210022645485 -13228.875956478 -13022.6659338326 128.624554775636 204.174879466115 -102.175333940748 283.874118801543 -62.9856411144668 67494.9006427491 40.7152389056841
123490 208.288386958436 -13230.4229266502 -13022.1345396917 -425.829946066672 -335.2597127217 -649.619610002475 -292.610515475845 -155.291985572089 67534.8823327615 40.7232767609909
123500 208.937001255387 -13230.5744299925 -13021.6374287371 686.854097436482 708.472447431535 512.218859971355 839.870984906558 -148.093958282884 67443.3473385717 40.7048700248906
123510 207.349233393075 -13228.548374415 -13021.1991410219 -801.203531399148 -834.943381945719 -959.007981784713 -609.659230467014 -97.5941322170927 67573.0132883613 40.7309395926516
123520 207.172777116707 -13227.9771120131 -13020.8043348964 769.116771922991 715.810416301416 604.25432117108 987.285578296477 -79.6456103359111 67445.0100093476 40.7052045191704
123530 209.085650327941 -13229.5315964422 -13020.4459461143 -673.222425160967 -725.945958848434 -847.445531031224 -446.275785603242 -119.41690491841 67556.1475808539 40.7275506003051
123540 211.868761408724 -13232.0274969743 -13020.1587355656 465.165178042524 446.695369439887 283.896918731911 664.903245955775 -185.575222143453 67451.5644945483 40.7065230897521
123550 212.205594773537 -13232.1843070244 -13019.9787122509 -134.85251161571 -109.900819128442 -302.410899447277 7.75418372858801 -193.38151389949 67499.5977668944 40.7161833725683
123560 210.008053384719 -13229.9129307219 -13019.9048773372 -155.2428346098 -119.106408938799 -242.954003496277 -103.668091394326 -113.103202307478 67510.1268671092 40.7183003357322
123570 207.6114196681 -13227.5132471895 -13019.9018275214 432.103725356353 488.60164305647 445.959768034677 361.749764977915 35.6290952506749 67472.6853919886 40.7107714151175
123580 206.806010565407 -13226.718521315 -13019.9125107496 -689.000653296077 -610.300635784487 -645.792211363467 -810.909112740276 197.750862805261 67568.8035499457 40.7300937413587
123590 207.81395978926 -13227.7435034765 -13019.9295436873 817.598775227929 929.636838657444 843.632729790217 679.526757236125 278.130556496105 67442.9064988994 40.7047813363277
123600 208.118446563625 -13228.0874672001 -13019.9690206365 -805.693995500483 -657.130688250073 -828.128609282968 -931.822688968411 216.417133648453 67576.2645114906 40.7315928280318
123610 207.758283736659 -13227.7928842788 -13020.0346005421 704.247840072007 855.424393573778 622.929576911644 634.389549730607 161.548495129419 67456.4856980226 40.7075130357116
123620 206.500093312767 -13226.6167798597 -13020.116686547 -495.448267978113 -414.226656151343 -579.644593705671 -492.47355407733 132.693939358633 67558.6504676217 40.728053565578
123630 206.787307309567 -13226.9783097936 -13020.1910024841 168.118289803437 157.680093134228 179.860433728616 166.81434254747 111.346017577769 67500.243267302 40.7163131621278
123640 209.092529469242 -13229.3497040278 -13020.2571745586 155.97409941138 94.798703242938 303.13383765599 69.9897573352125 56.5487263925931 67491.9330709372 40.7146421832405
123650 211.792551414288 -13232.161465692 -13020.3689142777 -463.643970717106 -566.769868703921 -219.537898157148 -604.62414529025 12.8429994170444 67533.9761910527 40.7230946268436
123660 212.612380417896 -13233.1754112042 -13020.5630307863 756.976475422254 635.095802496311 1016.58232772281 619.251296047645 -12.9857337067673 67431.8991413812 40.702566739904
123670 210.09645522572 -13230.9458814935 -13020.8494262678 -878.225760520348 -974.312976287002 -703.99179896665 -956.372506307392 25.8959346952173 67574.5821089535 40.7312548025219
123680 207.807807387623 -13228.9860761489 -13021.1782687613 878.563054368363 823.375879208189 957.958167778582 854.355116118315 91.2658626691868 67438.6007437799 40.7039150799158
123690 207.845594929529 -13229.3485334324 -13021.5029385029 -795.009186339262 -816.640561585303 -791.187407379137 -777.199590053347 127.045292198358 67574.9998426907 40.7313387334108
123700 210.679531111935 -13232.5076178488 -13021.8280867369 532.666305618198 552.518726889102 447.311439074375 598.168750891118 134.372675022177 67454.2601470511 40.7070653513484
123710 211.631681748944 -13233.8057617949 -13022.174080046 -171.209165434462 -94.4914184442047 -385.136473592237 -33.9996042669438 146.874274333747 67502.007948914 40.7166679791355
123720 209.153036831286 -13231.6956364325 -13022.5425996012 -157.553168789899 -75.9323212773638 -446.663114097784 49.9359290054485 87.9946977293874 67503.3973081523 40.7169473273229
123730 205.840991940823 -13228.7200825249 -13022.8790905841 518.32573845998 482.27915527059 297.961639464407 774.736420644943 -36.4330716852057 67458.6978108917 40.7079580071536
123740 204.415748848369 -13227.5358388679 -13023.1200900195 -851.44015321344 -1077.78285508292 -877.816909563184 -598.720694994222 -126.01325268665 67575.8614333074 40.731511842747
123750 206.068329329578 -13229.3427538644 -13023.2744245349 1010.46032228404 672.773421245578 1171.52447868374 1187.08306692282 -175.098052992249 67416.1908345885 40.6994059309136
123760 208.180679417146 -13231.5730238743 -13023.3923444571 -1019.20269835946 -1302.60242577392 -777.519807662061 -977.485861642398 -211.433479188324 67576.2091488063 40.731581704743
123770 209.722877639957 -13233.2416775275 -13023.5187998875 921.584581168272 746.887715930519 1169.57260786791 848.293419706394 -268.627932942108 67416.1576022224 40.6993992434114
123780 208.724055917462 -13232.4017755353 -13023.6777196179 -641.137513228618 -703.93596027416 -428.166365855352 -791.310213556342 -287.265735475852 67548.6723429515 40.7260483468917
123790 206.868950507902 -13230.7075643752 -13023.8386138673 257.588501042266 313.514882047211 373.70152226021 85.5490988193749 -204.253686845903 67480.7876068537 40.7124008854404
123800 205.133856820174 -13229.1070985275 -13023.9732417073 167.557069313332 323.711281026263 85.7863780191625 93.1735488945735 -131.917437106202 67490.7600533485 40.7144063068134
123810 205.133120253701 -13229.1875976158 -13024.0544773621 -648.205530676158 -459.340428965657 -973.575332519501 -511.700830543318 -87.1748848492004 67552.353568265 40.7267881543595
123820 207.895714022966 -13231.9837268425 -13024.0880128195 990.98849193174 1147.63526585689 502.419348021155 1322.91086191717 -73.9858370617101 67401.0302515085 40.6963548686714
123830 210.646014492567 -13234.8003258965 -13024.1543114039 -1188.26058548755 -1104.14440616432 -1639.1241586757 -821.513191622622 -82.5043298378951 67563.2702399788 40.7289818949931
123840 211.397181887462 -13235.689883681 -13024.2927017935 1327.12982482636 1328.33388061547 1072.50538459598 1580.55020926762 -84.9975602790235 67355.3367437329 40.6871562971806
123850 207.678501784693 -13232.2015242171 -13024.5230224324 -1152.16615810881 -1209.90807170193 -1139.11848048709 -1107.4719221374 -56.4608612917524 67576.2496914019 40.7315898504288
123860 203.527718775155 -13228.2817176167 -13024.7539988415 803.592721884261 727.376325175555 987.006802319596 696.395038157637 -19.4268108583375 67433.8022454545 40.7029496471672
123870 201.960465010767 -13226.8891403263 -13024.9286753156 -380.033004910619 -447.455577545036 -202.802779165096 -489.840658021726 -34.5943424377744 67538.4485687149 40.723993557272
123880 204.38124098714 -13229.3885194487 -13025.0072784616 -231.373568483549 -313.217198834383 -141.973224494134 -238.930282122131 -87.7275263436815 67517.9111060122 40.7198652801865
123890 207.252826098123 -13232.2607968626 -13025.0079707645 827.149392733787 639.517985803715 875.736613244375 966.19357915327 -129.660323271134 67419.4729603418 40.7000663973831
123900 207.344676355406 -13232.3550978434 -13025.010421488 -1291.44239547053 -1576.90530483962 -1274.76731933725 -1022.65456223471 -139.957648146516 67589.205386149 40.7341926994416
123910 206.727341510425 -13231.7510331804 -13025.0236916699 1639.40328991993 1400.23224347678 1560.88787235014 1957.08975393287 -119.897827425825 67350.6729001077 40.6862171836985
123920 205.904569133297 -13230.9571084216 -13025.0525392883 -1724.81562101161 -1839.69963163881 -1907.51021138684 -1427.23702000919 -84.2028846406951 67630.479618755 40.7424826347974
123930 207.744049642355 -13232.8408729674 -13025.096823325 1531.45897577526 1501.56077950764 1243.0357817747 1849.78036604345 -53.6578349021913 67358.9019904934 40.6878741675075
123940 209.066273168172 -13234.2384279949 -13025.1721548268 -1073.00016117549 -1138.75258669634 -1376.16829324279 -704.079603587342 -93.3330731659565 67569.0291368762 40.7301390688181
123950 209.57074788008 -13234.8641915055 -13025.2934436254 434.360788643118 225.379455211956 228.150757672644 849.552153044751 -164.66756485603 67443.6200177743 40.7049248825698
123960 207.999015221651 -13233.4505797358 -13025.4515645142 318.403246527162 -48.7054701811967 308.484633705675 695.430576057014 -182.171360723439 67453.6134653793 40.7069352651876
123970 204.840954474124 -13230.4462857286 -13025.6053312544 -1018.83529771844 -1494.09868644907 -836.692291076582 -725.714915629673 -69.6090531263493 67572.0633210045 40.7307487213631
123980 203.067183250656 -13228.7998431534 -13025.7326599028 1582.04122393215 1084.54798050393 1866.30067864026 1795.27501265226 81.6614368082171 67366.5770184068 40.6894194654109
123990 202.930579758167 -13228.7341886859 -13025.8036089277 -1928.81957541468 -2316.15152997039 -1681.08377273756 -1789.22342353608 185.964822463489 67657.580191513 40.7479239544088
124000 204.554733379294 -13230.3917909726 -13025.8370575933 1962.41638451062 1709.8542345038 2092.22627782594 2085.16864120213 193.025085075478 67333.2013669497 40.6826987230881
