# Fix print output for fix setl_out
630000 1095.41019410842 -11660.5664050982 -10565.1562109898 -310.195123888151 1287.15434940554 -1203.2044653345 -1014.53525573548 998.753658467315 81931.878420344 43.4327809172861
630010 1094.38654850419 -11659.6446810601 -10565.2581325559 -287.215150844078 780.134401345759 -947.332401983163 -694.447451894825 430.472521896101 81903.2205327195 43.4277163973114
630020 1090.61661724976 -11656.1532566746 -10565.5366394249 281.092187009987 320.172969539706 -58.7507093028624 581.854300793128 366.565932412845 81833.4364471197 43.4153789720031
630030 1093.7773914327 -11659.7193587521 -10565.9419673194 775.388730245172 -60.0630206414364 852.178282080538 1534.05092929641 636.55833760508 81810.6033171908 43.4113406829918
630040 1096.25141624367 -11662.8337879533 -10566.5823717097 447.578350806712 -908.795194311661 1037.68662336977 1213.84362336203 550.493774824735 81911.9618682941 43.429261321249
630050 1086.79049984528 -11654.185109528 -10567.3946096828 -325.753334064245 -1685.21265885566 423.599178269602 284.353478393345 122.361624119843 82090.8790483329 43.4608586208822
630060 1071.16745430973 -11639.3641454874 -10568.1966911776 -779.347813371453 -1494.27212635514 -78.6133362992065 -765.15797746002 -147.080267624167 82225.4292471149 43.484590348807
630070 1063.80725004125 -11632.6251625761 -10568.8179125349 -659.11445204592 -326.920748704277 -497.142129044345 -1153.28047838913 0.261137868050947 82236.4754112485 43.4865375015663
630080 1069.43134635878 -11638.5261824941 -10569.0948361353 -125.758174086569 671.056925643505 -362.167688483516 -686.163759419685 355.365565491481 82135.0124725691 43.4686456527915
630090 1086.4905889668 -11655.5519943624 -10569.0614053956 389.91544681564 1184.41599472808 -6.82896328720902 -7.84069099394989 677.601288400001 82001.0830136345 43.4450061224003
630100 1101.11474796108 -11670.1356841861 -10569.020936225 610.943024895098 1201.23328842139 -21.8592863587773 653.455072622674 567.210946993324 81921.8311110603 43.4310054568653
630110 1103.79980193552 -11673.1026380437 -10569.3028361082 141.663714838289 211.62724285594 -434.098851388983 647.462753047922 412.997675231908 81934.2089451849 43.4331927236838
630120 1098.56083089484 -11668.5843117216 -10570.0234808267 -205.499140227511 -398.955660954267 -636.714098310395 419.172338582128 31.0176675177165 81979.9265687982 43.4412695012899
630130 1082.86574712852 -11653.9699851775 -10571.1042380489 -168.773157108435 32.1342696171801 -523.723903923738 -14.7298370187474 -655.444367112995 82000.7243302357 43.4449427776062
630140 1069.82084227844 -11642.1393213098 -10572.3184790314 165.661861959812 1151.5627398114 -107.616601100092 -546.960552831885 -883.298169872111 81998.7391478553 43.4445921838294
630150 1072.72785156186 -11646.2087863231 -10573.4809347613 107.251012142232 2042.61711849056 -113.394478821076 -1607.46960324276 -1007.82725935005 82020.1099376653 43.448366081701
630160 1076.86463219151 -11651.4563097994 -10574.5916776079 -73.1500636069424 2494.86190517746 -401.874861727968 -2312.43723427031 -880.096254905029 82068.6872700114 43.4569419833144
630170 1072.54478357338 -11648.2415696761 -10575.6967861028 -348.363002877748 2160.30705941292 -658.279772728848 -2547.11629531734 -558.138566563768 82114.381009524 43.4650057237257
630180 1070.22265169685 -11646.9707179737 -10576.7480662769 -338.576980619434 1887.93789087719 -512.223884808623 -2391.44494792687 -498.155256955229 82111.0766630176 43.4644226940355
630190 1077.26729215168 -11654.984706219 -10577.7174140673 -119.772178712949 1840.5951058075 -351.01997136084 -1848.89167058549 -812.709175125471 82043.814099143 43.4525512662304
630200 1083.09358779422 -11661.749481197 -10578.6558934028 424.021767967367 2174.07555814954 -87.5335566333842 -814.476697614059 -1428.97845848326 81943.7802693509 43.4348839056945
630210 1080.04659977779 -11659.7239926274 -10579.6773928496 925.38844371247 2417.28388542591 214.690534885239 144.190910826268 -1769.70830507398 81903.5472337025 43.4277741396838
630220 1068.51586908938 -11649.2987200322 -10580.7828509428 562.497661069013 1776.64244243485 -488.779511277176 399.630052049359 -1615.53679185442 82014.7548181805 43.4474204751667
630230 1057.68281185045 -11639.3018818693 -10581.6190700189 -611.571899639113 360.127180301015 -1804.19475083403 -390.648128384333 -1446.06166436405 82232.3210333726 43.4858052127588
630240 1056.12732147341 -11638.0548877689 -10581.9275662955 -1264.66972028708 -105.381462492813 -2383.8726847229 -1304.75501364553 -1518.34335039139 82370.4941411964 43.5101476552475
630250 1060.91579909789 -11642.7277259404 -10581.8119268425 -663.144137946316 769.87010504026 -1576.49899037475 -1182.80352850445 -1908.48847232186 82309.9583106876 43.4994861983066
630260 1062.65062233489 -11643.778252456 -10581.1276301211 480.833186920915 1807.98417180178 -320.274396172354 -45.210214866677 -2031.65333202428 82132.491940013 43.4682009976885
630270 1062.34090011595 -11642.1665444586 -10579.8256443427 836.653054506277 1622.94316850826 315.628470441921 571.387524568663 -1984.59905931819 82016.4727429013 43.4477238306492
630280 1071.49249295934 -11649.5031673799 -10578.0106744205 95.6948779976343 306.185453152223 17.8910428662384 -36.9918620255346 -1830.14882778842 82025.8401179042 43.4493778708475
630290 1084.09472897518 -11659.8411606467 -10575.7464316715 -503.551943399501 -583.161453599793 -93.652482392412 -833.841894206322 -1664.34938389758 82056.9278852916 43.4548662776816
630300 1083.20955223675 -11656.4609426614 -10573.2513904247 -296.682633608232 -251.914852244781 256.47534214764 -894.608390727563 -1080.87165800528 82013.1054368303 43.4471292192596
630310 1077.67520094209 -11648.2409874393 -10570.5657864973 426.021317594957 513.33913306052 1204.3882533014 -439.663433577056 -404.478482868872 81920.6017348094 43.4307882037716
630320 1080.02033195011 -11647.6714968957 -10567.6511649456 826.758696669407 730.424876571486 2152.58036959219 -402.729156155431 -119.221077453346 81891.6608731744 43.4256732003426
630330 1083.76891048844 -11648.3817259615 -10564.612815473 555.418510117241 250.254748341306 2233.68761478151 -817.686832771069 -247.555040052072 82001.0856352206 43.4450065853813
630340 1082.69494660391 -11644.1668061743 -10561.4718595704 -362.98493414507 -218.88235742148 910.825034149234 -1780.89747916296 -414.552058975348 82212.1882857315 43.4822560802969
630350 1078.30376382246 -11636.5213268981 -10558.2175630757 -971.18902749045 -301.365687433642 -605.084370331347 -2007.11702470634 -644.077218250665 82384.6421827934 43.5126386286811
630360 1074.5278938336 -11629.5023754033 -10554.9744815697 -827.554411698728 -202.822546247973 -1274.61076919016 -1005.22991965808 -813.253232713554 82406.4463364622 43.5164770162988
630370 1072.58719603596 -11624.2722954338 -10551.6850993978 138.830737945107 477.668828939626 -439.855186882362 378.678571778063 -887.041590461288 82291.6446300161 43.4962597973292
630380 1075.37965033138 -11623.6538925812 -10548.2742422498 788.232581850609 874.875763919885 729.702457878388 760.119523753558 -693.013808143982 82183.3562483996 43.4771723709271
630390 1082.320494039 -11627.2394220807 -10544.9189280417 428.898285263413 206.883446435005 930.2500961398 149.561313215446 -418.297454595318 82191.3628268021 43.4785842224314
630400 1091.38993898694 -11633.1440891987 -10541.7541502117 -292.728572350993 -1042.21490601618 654.575004098946 -490.545815135745 -239.331976827 82276.0185701279 43.4935065077397
630410 1096.33223967488 -11635.2709832403 -10538.9387435654 -585.453393450876 -1364.54572868686 220.977886329294 -612.792337995042 -174.962779384559 82325.3603533858 43.5021992728538
630420 1095.28898553499 -11631.8706894073 -10536.5817038723 -100.897735944983 -632.600775349655 128.55310216145 201.354465353253 -97.3220366247752 82284.8964286098 43.4950708165748
630430 1099.32798081351 -11633.9596484311 -10534.6316676176 373.912382487903 -356.181614182404 407.182384535886 1070.73637711023 -123.561278999931 82218.3823878962 43.4833480788529
630440 1105.61527566253 -11638.7295936469 -10533.1143179844 212.095103915209 -1153.40435312565 316.928944679225 1472.76072019205 -660.359244107945 82201.8635787838 43.4804357486416
630450 1107.32995260189 -11639.4258269323 -10532.0958743305 -19.1765942658148 -2021.85505386778 155.756521803989 1808.56874926636 -1195.44784045414 82223.7466736998 43.4842937393702
630460 1102.02124670771 -11633.582195546 -10531.5609488383 -106.727633190734 -2093.74077572586 -210.858985818414 1984.41686197206 -852.76537136342 82248.1255792645 43.4885909356566
630470 1094.21391843308 -11625.5831669957 -10531.3692485627 -32.978846009223 -1102.57127711587 -690.251682024874 1693.88642111309 -162.32502536829 82260.1438842432 43.4907090536073
630480 1094.9598039968 -11626.3518747224 -10531.3920707256 57.1041915732188 -3.29617278477664 -1088.02985322947 1262.6386007339 339.386929778799 82267.2209882222 43.4919562328986
630490 1097.05095595298 -11628.6591431347 -10531.6081871817 -0.798093124423397 499.714735737353 -1146.31854582396 644.209530713347 820.451698579112 82283.9862534849 43.4949104458012
630500 1090.46678079824 -11622.4776813263 -10532.0109005281 -86.640463672312 293.6982919504 -1047.01155386614 493.391870898802 919.747870362626 82304.4961482772 43.498523955425
630510 1086.24791647959 -11618.7623834745 -10532.5144669949 -251.200580396882 -249.933943243484 -857.384828566311 353.71703061913 224.788153161292 82309.3647325402 43.4993816325609
630520 1093.24669767548 -11626.3220064617 -10533.0753087862 -315.151084539671 -341.065824337611 -586.552412324502 -17.8350169569204 -570.243500522688 82269.7918957789 43.4924092794172
630530 1102.04662642195 -11635.8502253376 -10533.8035989157 13.9011970950067 381.967027323275 -298.297205051755 -41.9662309864996 -901.212668618397 82172.6024620401 43.4752759422627
630540 1102.77191065873 -11637.6063353913 -10534.8344247326 709.691492599459 1245.30007560535 177.524392249905 706.250009943109 -622.273575123841 82072.0321449979 43.4575323670865
630550 1098.20688974826 -11634.4558650669 -10536.2489753186 826.998323739944 1259.3937649923 101.805725161481 1119.79548106603 225.50861920051 82079.3643539286 43.4588264750797
630560 1098.36959918527 -11636.3835456681 -10538.0139464829 -60.1764456419751 523.22988300305 -914.10872491605 210.34950498706 824.004992456206 82224.8487993384 43.4844880260689
630570 1102.48815483498 -11642.5216406626 -10540.0334858276 -996.170875161428 159.820987373245 -1926.52207452943 -1221.81153832809 951.282322896299 82376.0453311258 43.5111250589094
630580 1097.93586514384 -11640.4412523021 -10542.5053871583 -698.338336485063 911.787278633895 -1773.24660675219 -1233.55568133687 748.104807008802 82380.7475894093 43.5119529559615
630590 1080.19053204048 -11625.4345429689 -10545.2440109285 291.463584889181 1847.81343858461 -759.4455309822 -213.97715293488 430.841992251799 82267.1637655932 43.4919461489931
630600 1071.76179204758 -11619.6572647864 -10547.8954727388 780.069223370633 1849.09565833726 84.8062058140858 406.305805960544 424.113112695308 82187.3427960045 43.4778753559873
630610 1083.33740061113 -11633.7483290619 -10550.4109284508 30.6963672682309 595.220247674597 -489.537111578543 -13.5940342913639 373.787611767176 82223.2462791984 43.4842055274424
630620 1100.83997432835 -11653.7925087142 -10552.9525343858 -800.063809130814 -279.019123148267 -1382.95475042529 -738.217553818862 22.4144231696137 82269.5070916129 43.4923590915603
630630 1102.21931177573 -11658.0609065693 -10555.8415947935 -463.443446711563 161.697465210489 -1424.07917354391 -127.94863180126 -360.556294460658 82193.1505401005 43.4788994489021
630640 1087.87487496695 -11646.8309884748 -10558.9561135079 664.742746962653 1280.4080990493 -724.485137349299 1438.30527918798 -544.855824989002 82036.1868912834 43.4512047015323
630650 1074.25776880546 -11636.2605229912 -10562.0027541857 1363.59058335296 2028.47316685045 -402.775086227658 2465.07366943608 -369.953973364628 81979.5045630459 43.4411949606967
630660 1067.92331485978 -11632.7481557135 -10564.8248408537 244.60768051822 945.184437350763 -1579.67757993715 1368.31618414106 254.54356378542 82136.3695045193 43.4688850473134
630670 1066.70792622565 -11633.7288928892 -10567.0209666635 -1202.99320016953 -826.141010498968 -2440.77503925793 -342.063550751685 714.765730699585 82352.5349350847 43.5069852586688
630680 1069.89068686057 -11638.6554449177 -10568.7647580571 -1526.14800674254 -1490.33737951788 -2135.78360340621 -952.323037303541 874.31186796894 82387.294849261 43.513105638371
630690 1074.93459311117 -11645.1875504517 -10570.2529573405 -238.907632421833 -635.341627320462 -10.6453974141653 -70.7358725308682 864.883771401251 82171.0665346591 43.4750050681889
630700 1075.71092006714 -11646.8999713861 -10571.189051319 1471.0014447434 666.246925993494 2671.251260638 1075.5061475987 656.737411106453 81898.8652428254 43.4269466121683
630710 1074.5160358924 -11646.4307150879 -10571.9146791955 1730.21296898008 1045.90539813405 3399.14947820852 745.584030597686 741.255340871345 81847.3192105122 43.417833923507
630720 1068.6210876904 -11641.1717357913 -10572.5506481009 385.791851041983 -143.248212810383 2355.11141306457 -1054.4876471282 674.662940387785 82079.8608070912 43.4589140944569
630730 1064.28365531126 -11636.8742188291 -10572.5905635178 -1157.54771827764 -1528.46375008713 716.070260779123 -2660.24966552492 53.105308904321 82398.9567480867 43.515158630868
630740 1065.95860261792 -11638.1529867894 -10572.1943841714 -1417.6588118724 -1799.53350710466 150.019717236917 -2603.46264574945 -667.995513402672 82551.2293231081 43.5419473508744
630750 1068.08827855627 -11639.7162091117 -10571.6279305554 -435.713336603198 -939.034614183747 781.58134538188 -1149.68674100774 -1456.69423788307 82474.7521724034 43.5284971457025
630760 1068.71800389783 -11639.4636054185 -10570.7456015207 875.823122665625 466.489876141111 1730.50957404662 430.469917809161 -1904.20256294487 82318.4079425214 43.5009746454493
630770 1067.56412980077 -11637.2303351799 -10569.6662053792 1271.2465271419 846.578055995842 2183.42606985882 783.73545557101 -1868.07913818897 82295.6812694891 43.4969709908298
630780 1065.52042103379 -11634.0098016203 -10568.4893805865 -54.5751748050997 -529.430771821736 1260.87675716382 -895.17150975738 -1693.9744599791 82475.5273841297 43.5286335256039
630790 1064.80299884255 -11631.7761029301 -10566.9731040875 -1585.95833963758 -2206.98262773917 179.624724352035 -2730.5171155256 -1446.40716530588 82659.7844116182 43.5610249169112
630800 1071.21130770516 -11636.7033352621 -10565.4920275569 -1572.64497233838 -2130.3191406117 261.743908202237 -2849.35968460567 -1327.91272503127 82594.275676303 43.549514354482
630810 1082.50960896517 -11646.6374537439 -10564.1278447787 2.81109567705217 -391.37151956151 1501.16317451453 -1101.35836792185 -1202.88414180437 82259.0065680526 43.4905086207157
630820 1085.68797470284 -11648.2706262992 -10562.5826515963 1906.24020678089 1677.26131079445 2917.84511428722 1123.61419526101 -1258.36459514031 81904.9639229876 43.4280245289512
630830 1080.35769647104 -11641.7488399716 -10561.3911435006 2143.95078183688 1714.04729953574 2546.95199419099 2170.85305178389 -1431.86414933638 81843.3365284111 43.4171296763123
630840 1079.11997332573 -11639.7520047416 -10560.6320314158 365.462228650586 -362.332009950762 449.674536507235 1009.04415939528 -1554.78611733834 82131.9356237417 43.4681028549538
630850 1083.13734323795 -11642.6900436489 -10559.5527004109 -1709.90579641829 -2694.91718932637 -1492.16824840629 -942.631951522214 -1101.6531012754 82500.2066954629 43.5329748116392
630860 1086.73567825556 -11645.3344506066 -10558.598772351 -2095.50724323294 -3132.72204023062 -1801.85639871782 -1351.9432907504 -674.551107954562 82605.3418856074 43.5514592290521
630870 1088.96091668506 -11647.0675303166 -10558.1066136316 -593.379453266569 -1690.45578613744 -187.49111314954 97.8085394872657 -473.448500297608 82366.2112906757 43.5093935393864
630880 1089.2781248072 -11646.7352161836 -10557.4570913764 1601.1490348375 442.560601115293 2203.83631942627 2157.05018397094 -397.237726883591 82023.6493088881 43.4489910409733
630890 1086.87823997475 -11643.8061256603 -10556.9278856855 2143.93623577301 661.060031774281 3020.13743188075 2750.611243664 -163.586001533998 81927.850618936 43.4320691817717
630900 1081.95625025578 -11638.7257515772 -10556.7695013214 545.764711872076 -1258.81219233106 1642.32093784017 1253.78539010713 166.476442962143 82176.0882064468 43.4758906709056
630910 1083.12952827228 -11639.399387829 -10556.2698595567 -1595.49838875067 -3234.79181839776 -505.237803994258 -1046.46554386001 443.759936149265 82523.7935660361 43.5371231196426
630920 1091.53099789194 -11647.2988245765 -10555.7678266845 -2370.23729474803 -3859.54313207795 -1322.81294248942 -1928.35580967675 658.607333901539 82618.0576260794 43.5536937925276
630930 1096.14297155259 -11651.9181007762 -10555.7751292236 -690.893767245646 -2073.01650780431 363.569395314092 -363.234189246708 409.484375455159 82329.2783131364 43.5028893686774
630940 1095.59399717287 -11651.1511387992 -10555.5571416263 1973.55774370795 518.270595899442 3040.32122175993 2362.08141346447 -20.9015296173936 81927.5561776676 43.4320171514029
630950 1087.6400598626 -11643.1950108575 -10555.5549509949 2692.58801579233 1299.36885760381 3735.144697186 3043.25049258715 -127.742477886009 81835.7361892419 43.4157856649346
630960 1075.74130573149 -11631.8139603706 -10556.0726546391 730.973777833407 -664.255502327618 1765.57152448158 1091.60531134624 175.486271202385 82173.4666045885 43.4754283397891
630970 1069.19470821314 -11625.0865618676 -10555.8918536545 -1793.45484493736 -3324.74362234339 -319.508396990544 -1736.11251547815 670.295261040225 82633.143022313 43.5563444831961
630980 1064.74595826941 -11620.0655744457 -10555.3196161763 -2227.03321315389 -3982.15908340629 -127.641434121533 -2571.29912193388 1066.66819080715 82803.4121616573 43.5862405312432
630990 1063.30901698803 -11618.0472683759 -10554.7382513879 -700.949194081167 -2384.36438839847 1607.01113128897 -1325.49432513402 1146.57859314426 82609.8623705544 43.5522536495268
631000 1062.39173023389 -11615.8651450531 -10553.4734148192 1203.15803151855 36.1993715610834 3266.06384583645 307.210877158122 1099.64995633161 82313.1333128158 43.5000455035972
631010 1065.04499368133 -11616.719956803 -10551.6749631217 1470.41774601058 920.10243675689 2645.91622666733 845.23457460753 1018.42046170993 82215.3486649791 43.4828132509621
631020 1075.6773061432 -11625.2532195865 -10549.5759134433 158.216020598512 -6.54987235370458 418.340217944602 62.8577162046447 681.10534599287 82349.0676410084 43.5063746576329
631030 1085.8221419844 -11632.8909454358 -10547.0688034514 -1261.12938877092 -972.10636430321 -1634.53427412632 -1176.74752788321 212.203954636278 82497.8601846928 43.5325620790864
631040 1090.72939126413 -11635.3074938709 -10544.5781026068 -1594.09897763127 -808.740823978928 -2176.97892243487 -1796.57718648003 -261.729542079751 82435.6054003824 43.5216090990275
631050 1094.59840501258 -11636.826138434 -10542.2277334214 -66.6560711425915 1042.46661810223 -227.24512572555 -1015.18970580444 -1082.29389683598 82141.111238887 43.4697215177715
631060 1098.46878457369 -11638.1895552308 -10539.7207706571 1431.73924354993 2513.67059564019 1882.5735750352 -101.026440025575 -1820.74843278525 81867.1272011217 43.421336179032
631070 1107.42225110962 -11644.9619775513 -10537.5397264417 1227.029771089 2085.30811981618 2035.73861463424 -439.957421183413 -2040.33720785705 81832.4359135386 43.4152020324231
631080 1119.08964739187 -11654.9714787674 -10535.8818313755 227.487828112551 461.170937713107 1492.71331941191 -1271.42077278735 -1841.0297189598 81991.8327522486 43.4433724335099
631090 1118.92971351874 -11653.6937209661 -10534.7640074474 -580.233863426589 -1132.65208753837 869.581762531875 -1477.63126527326 -1573.24842847017 82174.4608736183 43.4756036847003
631100 1103.46363846234 -11637.7230202103 -10534.259381748 -669.794992158829 -1651.95014110954 353.688988591861 -711.123823958817 -1338.64620680231 82252.0115192303 43.4892758201286
631110 1093.08386650677 -11627.2614651056 -10534.1775985989 -138.082494953278 -1134.66775715831 329.467043775591 390.953228522903 -992.353161945938 82219.9446502628 43.4836234915852
631120 1096.23842034021 -11630.5173360988 -10534.2789157586 349.071524578528 -670.76832429225 510.752577099883 1207.23032092797 -485.240916592658 82168.0335894106 43.4744701721566
631130 1101.1763242607 -11635.7934538077 -10534.617129547 420.447382675291 -531.16067293839 489.436732460957 1303.06608850329 -414.470672830732 82173.3474788174 43.4754073311974
631140 1098.93956115237 -11634.2460863521 -10535.3065251998 128.707067372523 -568.709846589585 -81.1141921946384 1035.94524090178 -912.850140170948 82244.480732117 43.4879485234151
631150 1093.75507928412 -11630.0927141444 -10536.3376348603 -91.6179348105393 -404.961205647952 -432.103897112929 562.211298329266 -1236.23156260717 82333.5526866314 43.5036422170086
631160 1088.66863621175 -11626.3547563975 -10537.6861201857 11.6669727866096 30.2377775501178 -66.1275941356023 70.8907349453178 -1315.12940368197 82406.4372918582 43.5164754242336
631170 1080.97371672386 -11620.27721089 -10539.3034941661 -29.3634662519449 131.934919303002 -95.4735622920641 -124.551755766762 -1292.89848837116 82475.4638097715 43.5286223412532
631180 1071.25197328758 -11612.3321077582 -10541.0801344707 -380.407291480535 -173.972987271023 -551.581941571737 -415.666945598855 -1327.96508941237 82531.8277127387 43.5385359335254
631190 1068.68558518859 -11611.5969856111 -10542.9114004225 -608.253629717324 -629.317119858356 -704.965498480596 -490.478270813016 -1259.69943569794 82521.7393564917 43.5367618698258
631200 1080.12856207506 -11624.9744075121 -10544.8458454371 -313.481023695231 -252.677986193456 -598.384100945342 -89.3809839469085 -1084.94397493166 82414.4143435767 43.5178795296493
631210 1089.82659693015 -11636.8903599586 -10547.0637630285 169.803386786438 370.841450311785 -210.268637058496 348.83734710601 -769.134567852972 82259.247361495 43.490551056673
631220 1084.75507929343 -11634.5257954381 -10549.7707161447 536.613639003873 552.33331724077 461.897403976681 595.610195794192 -438.550791506304 82135.6164041677 43.4687521929199
631230 1081.03551322418 -11634.044947084 -10553.0094338599 560.813077813953 -148.361815701529 1091.84327002594 738.957779117444 -371.688601603728 82102.983683733 43.462994676266
631240 1090.35190320451 -11647.1378735014 -10556.7859702969 74.8269100391081 -1162.68863822666 937.122219352385 450.047148991605 -227.918119087564 82161.0564372558 43.4732396182704
631250 1095.03731855562 -11656.1869993217 -10561.1496807661 -279.651356939882 -1845.29131743096 591.921180162162 414.416066449144 -41.8858751354677 82234.9421190095 43.4862672322626
631260 1082.24743362181 -11648.2368689838 -10565.989435362 -249.176963477202 -1925.8139553525 428.309832567491 749.97323235339 -10.1711521987202 82268.2638035012 43.4921399994271
631270 1063.77998937583 -11634.5793092054 -10570.7993198295 -189.286440265948 -1904.75860795212 578.602923127988 758.296364026293 -135.93628608635 82259.3443796353 43.4905681545307
631280 1059.40676070833 -11634.466644667 -10575.0598839587 -437.480254798048 -1867.83851682712 239.314867194803 316.082885238168 -434.116488599916 82210.8730299039 43.482024198233
631290 1073.25527992135 -11651.9340004567 -10578.6787205353 -587.856346597045 -1787.87680187521 -77.2942140916311 101.601976175706 -529.672131749254 82082.8374625871 43.4594394391251
631300 1086.66935609968 -11668.4874612438 -10581.8181051441 224.931836240591 -574.180852177795 452.380644176664 796.595716722907 -225.640003094983 81857.8901399891 43.419703042362
631310 1082.92633800997 -11667.4664008404 -10584.5400628304 1521.80302535913 1263.55511184114 1331.52947130204 1970.32449293419 228.548237749305 81666.2855319231 43.3857991034608
631320 1068.18601247111 -11655.2375641798 -10587.0515517087 1691.41798684166 1825.54336356814 1097.33258074789 2151.37801620896 871.786586223611 81715.4882142209 43.394510446669
631330 1057.39153595782 -11646.4940985586 -10589.1025626007 -78.3822067563493 288.386509342447 -839.699364853546 316.166235242038 1268.26112226425 82045.7621617419 43.452895178488
631340 1057.19228742131 -11647.2539610436 -10590.0616736223 -2140.89332151229 -1702.23405001608 -2694.12588309297 -2026.32003142778 1527.64211579667 82390.3272653878 43.5136394918196
631350 1060.95292650354 -11651.5771377032 -10590.6242111997 -2514.73513331207 -2227.48284115622 -2493.80998880727 -2822.91256997274 1369.35817591356 82400.3386465382 43.5154018912058
631360 1064.85790967205 -11655.9163811251 -10591.058471453 -394.233735277572 -226.302261765904 196.485580172915 -1152.88452423973 909.335453287931 81990.8469308778 43.4431983203282
631370 1075.67147514251 -11666.0966127564 -10590.4251376139 2395.33371363411 3241.7779081927 3050.53622601076 893.687006698861 642.839591607135 81492.1717808556 43.3549441061872
631380 1084.42987501467 -11674.1393450777 -10589.709470063 3090.5408222544 4631.8678742213 3862.06256143475 777.692031107171 385.376549086382 81361.5126862831 43.3317609063194
631390 1074.60072511548 -11664.2254468895 -10589.624721774 978.057150384029 2730.38797434638 1655.65709550899 -1451.87361870328 146.773371998379 81724.7167033876 43.3961439627617
631400 1059.67252594181 -11648.3845148297 -10588.7119888879 -1946.45416237284 -962.319150755034 -1418.5028254737 -3458.54051088979 -138.471186692298 82257.0718743621 43.4901676591773
631410 1061.65687283299 -11648.8586425715 -10587.2017697385 -3132.64458835922 -3084.49681385056 -2956.63855063974 -3356.79840058737 -422.19397302321 82469.7918884487 43.527624482538
631420 1075.19850880853 -11661.2089503739 -10586.0104415654 -1374.96670549276 -2085.44232408203 -1355.24854967853 -684.209242717744 -587.35084869303 82180.2147614999 43.4766183872739
631430 1080.33300857178 -11664.4888140434 -10584.1558054716 1707.88544307537 864.214372202487 1967.20026335507 2292.24169366856 -285.713345020906 81692.7869462674 43.3904916179703
631440 1069.30342326861 -11651.255917695 -10581.9524944264 3255.40386327418 2916.34374759125 3470.03921554297 3379.82862668834 231.192103861328 81508.8129856345 43.3578950211145
631450 1061.43744808668 -11641.6921105304 -10580.2546624437 1499.58096215647 1240.89283800015 1561.21892890027 1696.631119569 319.887239023657 81827.3482518743 43.4143022814696
631460 1069.14898059331 -11646.8452886039 -10577.6963080105 -1458.31396859978 -2096.13914275901 -1505.26883096527 -773.533932075055 180.756500145848 82330.2353246325 43.5030579300316
631470 1074.42312747408 -11649.0154458835 -10574.5923184094 -2179.99172488774 -3022.9403244525 -2250.34700351829 -1266.68784669242 220.844448920235 82548.5857741146 43.5414825627231
631480 1069.25693839337 -11640.9941926343 -10571.7372542409 -828.858823906484 -1276.91496883216 -776.74282300065 -432.91867988666 203.223393497705 82410.1412706822 43.5171274027839
631490 1067.6225911505 -11636.2827180992 -10568.6601269487 524.009112249035 878.947239104546 637.661845944718 55.4182516978249 -277.585726007091 82168.5120730434 43.4745545593209
631500 1076.2942261776 -11641.7179257862 -10565.4236996086 1067.18005384846 2175.29362173432 1120.40088448846 -94.1543446773796 -746.404339106149 82046.1344293478 43.4529608982374
631510 1083.78645632564 -11646.1749769405 -10562.3885206148 771.923061508807 2158.70893605728 929.99254560543 -772.932297136288 -845.128223092963 82104.39543399 43.4632437883748
631520 1081.250778198 -11640.9040961076 -10559.6533179096 -38.7358323270301 1168.69386797283 421.944585848638 -1706.84595080256 -622.237414647485 82268.9661913868 43.4922637744363
631530 1076.46742754706 -11633.6158001475 -10557.1483726004 -749.790463334646 159.029752293711 -197.918593911063 -2210.48254838659 -309.765468079403 82402.1481985714 43.5157204287622
631540 1079.42429011016 -11634.3257081427 -10554.9014180325 -819.250063114811 180.87419736045 -560.206131386522 -2078.41825531836 -504.319100311077 82402.8258743639 43.5158397196227
631550 1090.08754477972 -11643.0387360071 -10552.9511912274 -326.63971962157 1073.83608442462 -317.945508381936 -1735.80973490741 -887.827030680229 82276.329854884 43.4935613590752
631560 1102.48619759675 -11653.8399035818 -10551.353705985 382.497338290407 2071.31642492188 313.747949168298 -1237.57235921897 -1047.92325865706 82113.2026981719 43.4647978204165
631570 1109.08932919834 -11659.3780323786 -10550.2887031802 808.712756691536 2578.64626000286 668.325499250878 -820.833489179138 -895.389041494397 82024.0930686449 43.4490693959318
631580 1101.44100638886 -11651.2908759198 -10549.849869531 820.162740432616 2514.44967613062 411.067339086146 -465.028793918943 -805.13342224302 82072.5456059627 43.4576229935739
631590 1086.57705312531 -11636.3663534414 -10549.7893003161 175.051726287451 1058.6078732997 -402.85437426247 -130.598320174868 -945.729333332656 82248.0900359188 43.4885846711562
631600 1081.23183167168 -11630.9305783833 -10549.6987467116 -687.182356399352 -492.529354549499 -1569.25115220115 0.233437552619372 -952.974557168292 82442.3106868134 43.5227890784048
631610 1087.52060456646 -11637.0799946047 -10549.5593900383 -954.893487409123 -1300.78828489188 -1765.9452898197 202.053112484209 -769.211764782054 82519.0926714688 43.536296419435
631620 1089.76560136414 -11639.2902106998 -10549.5246093356 -569.962194658574 -1310.97136363298 -1191.97987865733 793.064658314601 -583.49959678039 82437.9852734797 43.5220279104114
631630 1086.38632836931 -11635.9321302386 -10549.5458018693 141.692347424358 -838.111008555366 -86.8994605201045 1350.08751134852 -505.919350285108 82265.5794715243 43.4916669591296
631640 1086.57191774144 -11636.1084796601 -10549.5365619186 711.050232638834 -274.874871197691 956.928297356432 1451.09727175777 -307.372679577459 82120.3308831866 43.4660554994316
631650 1089.26263943377 -11638.8384250558 -10549.575785622 606.779932140408 11.6482535678458 1208.74553069504 599.946012158332 -261.383779008844 82090.3833998558 43.4607711513525
631660 1093.0674400388 -11642.7892713492 -10549.7218313104 101.720822113553 -338.518821186922 959.072006120502 -315.390718592907 -643.925989622177 82160.9034068526 43.4732126276587
631670 1092.59287178829 -11642.5720930013 -10549.979221213 -443.279955771005 -1109.95293134576 820.618406841526 -1040.50534280878 -1183.53354992232 82249.116316458 43.4887655519624
631680 1087.89097797103 -11638.2439446669 -10550.3529666959 -557.846287084372 -1323.76668793852 836.875807230755 -1186.64798054532 -1709.8498265682 82267.9757356109 43.4920892358112
631690 1090.91970802317 -11641.74446525 -10550.8247572268 -305.577432903841 -1249.98751136958 1079.35427742406 -746.099064765995 -1888.23334634427 82193.5204205132 43.4789646691346
631700 1092.87169674867 -11644.2606386457 -10551.388941897 335.347022274553 -984.582085241775 1948.46028143961 42.1628706258279 -1853.44583273923 82069.5063611992 43.4570865576581
631710 1082.29118065383 -11634.3106482817 -10552.0194676279 723.300421359554 -1711.94144280871 3202.12429724858 679.718409638796 -1824.47525961261 81995.6764164509 43.4440512780591
631720 1079.61903698291 -11632.2764001134 -10552.6573631305 310.745732675185 -3144.97681437535 3360.4706672197 716.743345181211 -1960.36660557393 82034.5798882215 43.4509209784682
631730 1090.7537634598 -11643.9684433669 -10553.2146799071 -548.834555656291 -4012.88061550772 2275.1579498555 91.2189986833306 -1899.97524544769 82125.5229106188 43.4669715218674
631740 1100.73436159761 -11654.6295988789 -10553.8952372813 -677.96470640743 -3333.40097318307 949.342403051495 350.164450909299 -1281.5696528705 82136.7598647269 43.4689539104176
631750 1099.59132844452 -11654.5042748564 -10554.9129464119 267.605034816662 -1737.58663270028 791.832318693604 1748.56941845664 -263.745351396329 82043.7325370593 43.4525368670875
631760 1087.82235216543 -11644.031986963 -10556.2096347976 943.136283637383 -589.244706183144 1135.37374637566 2283.27981071965 487.296586980434 81984.1102605721 43.4420084699533
631770 1076.53277613566 -11634.2264431116 -10557.6936669759 580.3485439225 -404.778580458196 700.268734101848 1445.55547812386 443.898809811506 82075.2221813241 43.4580954062737
631780 1072.94352682982 -11631.9998188513 -10559.0562920215 -650.399925121336 -969.804975950644 -733.260109763409 -248.134689649933 389.544748130172 82273.9466830379 43.4931414179982
631790 1078.72904182871 -11638.9514020309 -10560.2223602022 -1279.11831429753 -1212.42519895163 -1609.39952194271 -1015.53022199824 719.944300221642 82392.6213511172 43.5140433543287
631800 1087.61380954891 -11649.1147186648 -10561.5009091159 -474.365640473491 -714.985383152101 -520.609815641226 -187.501722627154 1278.92235786641 82311.5448012835 43.4997656747466
631810 1083.63834342495 -11646.4989013512 -10562.8605579263 956.871012125 -170.148451378502 1642.43749795645 1398.32398979705 1733.87909641316 82132.691092879 43.4682361312051
631820 1065.05586690475 -11629.3395299879 -10564.2836630832 1638.72323689219 -144.157686109666 2827.01729157913 2233.31010520713 2020.24163831279 82086.8421832063 43.4601462051525
631830 1053.4468550905 -11619.1356987277 -10565.6888436372 589.428180565842 -1398.25146617083 1979.46067639905 1187.07533146931 2097.59045974118 82319.9166089307 43.5012403942651
631840 1059.48326356971 -11625.8319942392 -10566.3487306695 -1833.0577673601 -3658.93951943753 -603.854062462771 -1236.37972018 1712.14127578228 82699.4686686105 43.5679948937107
631850 1073.93793746034 -11640.5027978752 -10566.5648604149 -3006.93596746649 -4339.8760664737 -2328.67162644618 -2352.26020947959 1135.52688366198 82826.2930935992 43.5902548664462
631860 1084.66068356131 -11651.9350830956 -10567.2743995342 -1185.55350408751 -1397.46704846313 -1322.97805407189 -836.215409727503 880.91804518087 82448.041931242 43.5237975976161
631870 1087.56162949446 -11654.8606493292 -10567.2990198348 2120.02384587532 3148.14045515125 1346.79395452449 1865.13712795021 653.717479108572 81818.0567983402 43.4126589953316
631880 1087.77919870618 -11654.7774576195 -10566.9982589133 3605.62635915003 5434.10927374152 2499.06634379175 2883.7034599168 361.374436452191 81494.7840925387 43.3554073630227
631890 1087.26426318403 -11655.090373005 -10567.8261098209 1822.83813681577 3518.62961654456 1088.9980824001 860.886711502655 305.011098109048 81741.2296062453 43.3990665712453
631900 1076.74725016848 -11645.1806787524 -10568.4334285839 -1192.58347898549 -28.5205431987161 -1521.09335516507 -2028.13653859267 411.101848122451 82295.958721326 43.497019872702
631910 1066.35834324187 -11634.7410875132 -10568.3827442714 -3010.4953141523 -2300.60645022981 -3402.33830219233 -3328.54119003475 418.597836664752 82651.4617318302 43.5595628732964
631920 1068.25015399163 -11636.9501631489 -10568.7000091572 -1957.45803878306 -1519.54697400901 -2760.10059911024 -1592.7265432299 433.2416935056 82517.2520669109 43.5359727218161
631930 1084.54091375713 -11653.2383155172 -10568.69740176 460.557927226308 890.660535280964 -1042.25826202818 1533.27150842616 264.626957042834 82069.8177140053 43.4571415129813
631940 1103.43075978274 -11671.5989261465 -10568.1681663638 1918.11363551078 2423.0846684537 -279.212820769073 3610.46905884771 182.630254550875 81708.9297855285 43.3933494777883
631950 1107.33699960422 -11675.5090157351 -10568.1720161308 1657.46439577148 2183.56462332014 -681.63228563143 3470.46084962575 254.987469466547 81665.2892254398 43.3856226710916
631960 1090.02167170146 -11658.8234541246 -10568.8017824231 456.843151355028 1077.81797124484 -1743.94303521419 2036.65451803444 404.579294464433 81892.0463777766 43.4257413422854
631970 1067.17192953244 -11636.559039335 -10569.3871098025 -735.816701245337 -365.648446123937 -2608.00850632824 766.206848716164 228.91589177222 82192.3195962572 43.4787529296147
631980 1063.56837875578 -11633.1952851562 -10569.6269064005 -1417.74725972257 -1258.07362691014 -2904.68634061055 -90.4818116470343 -140.896751748772 82364.3901288604 43.5090728648894
631990 1075.00543316203 -11644.6573778585 -10569.6519446965 -1170.60438938333 -860.445677326808 -2249.72338586902 -401.644104954145 -242.005777392884 82300.4247983895 43.4978066976034
632000 1081.84368074871 -11651.3254477236 -10569.4817669749 -137.149316431299 441.844605671587 -1052.67824982948 199.385694864005 15.4000312763332 82045.9120341453 43.4529216368355
632010 1082.89752181347 -11651.9000573484 -10569.0025355349 1120.19024696909 2002.18336441472 140.253379214093 1218.13399727849 590.1722294819 81775.7295020944 43.4051714165279
632020 1090.80711768996 -11659.2843843094 -10568.4772666194 1649.24382393974 2702.88588914725 487.361267635875 1757.48431503609 1238.17826682333 81692.3672386447 43.3904173096911
632030 1098.45181897552 -11666.6818152425 -10568.229996267 701.100021558056 2130.34164893421 -922.056913029535 895.015328769507 1563.49858810909 81871.9230724995 43.4221840532409
632040 1096.6026439614 -11664.6393590571 -10568.0367150957 -896.262131473903 704.311243577277 -2675.12334834188 -717.974289657112 1453.18445807603 82162.6432023997 43.4735194806944
632050 1091.20795455505 -11659.1771428924 -10567.9691883374 -1452.73357171649 81.6219315686807 -3164.42085941126 -1275.40178730691 1123.66241824293 82311.6184704265 43.4997786522275
632060 1085.08519566493 -11653.2718045488 -10568.1866088838 -692.734546268689 533.335159326906 -2147.08028791181 -464.458510221159 747.694818243973 82226.0521198208 43.4847001497785
632070 1080.14071530559 -11648.4998836075 -10568.3591683019 691.514866559348 1719.31206691176 -482.851071519281 838.083604285569 701.346774099995 82030.2608398755 43.4501584141844
632080 1076.9673112314 -11645.3441145905 -10568.3768033591 1513.28402489553 2638.56238501016 523.962409861242 1377.32727981519 567.452257990676 81948.0385292775 43.435636266322
632090 1080.76078679127 -11649.1651712644 -10568.4043844731 609.201616708728 1831.77461523822 -302.099934814567 297.930169702512 470.541000217982 82102.9920543333 43.4629961533189
632100 1088.47939560451 -11656.6885727442 -10568.2091771397 -927.670533739481 346.927843881891 -2009.04211580789 -1120.89732929244 530.666791744708 82359.6540693161 43.5082389061474
632110 1087.46847905843 -11655.4408988325 -10567.972419774 -1472.86280588511 -247.201250997992 -3080.00089570293 -1091.38627095442 694.542457772603 82472.7282911901 43.5281410883399
632120 1079.22739064081 -11647.1378626839 -10567.910472043 -620.350108112307 940.135467584178 -2920.85036669045 119.664574769355 605.686973146892 82348.5568050261 43.5062846964136
632130 1077.79412986452 -11645.4343808587 -10567.6402509942 701.398965571043 2608.16425549533 -1854.54421006693 1350.57685128473 336.810698877403 82117.4808634058 43.4655526578504
632140 1088.24325133261 -11655.4009097165 -10567.1576583839 1336.27390197717 3354.74834454942 -1058.90642731236 1712.97978869449 294.438342634757 81993.8182069178 43.4437230950637
632150 1091.76750443902 -11658.5771622352 -10566.8096577962 623.109557809759 2331.32247816138 -1285.38305365495 823.38924892284 807.508455214573 82081.2866912795 43.4591657478223
632160 1077.853376411 -11644.3105744749 -10566.4571980639 -476.861885938102 983.154668805659 -1823.61457281912 -590.12575380084 1206.40858904967 82281.6021017778 43.4944903581216
632170 1070.771887405 -11636.6435787403 -10565.8716913353 -1224.55037922305 16.1759073135959 -1876.03709770726 -1813.7899472755 1396.4905402971 82412.9564991947 43.5176229294305
632180 1080.42978859524 -11645.5297972504 -10565.1000086552 -750.965740613364 127.890473176965 -910.658998389937 -1470.12869662712 1299.23977969339 82350.7949005026 43.5066788354273
632190 1087.22453239034 -11651.3268723474 -10564.1023399571 446.350892137678 776.3884610162 623.688673449092 -61.0244580522392 837.701056245738 82158.3277315795 43.4727583400179
632200 1083.35269884824 -11646.2838147678 -10562.9311159195 1190.59892866024 1483.86914771645 1264.26655404693 823.661084217353 613.397731138101 82021.1424141522 43.4485483915767
632210 1080.99968477739 -11642.7518732818 -10561.7521885044 909.030825761239 1631.70289426077 521.016256942721 574.373326080208 363.432962786938 82072.4924523155 43.4576136119078
632220 1078.88016470033 -11639.2493203026 -10560.3691556023 -481.534812879657 881.27664643833 -1092.28118741211 -1233.59989766517 119.123926496426 82282.5332881587 43.4946544341858
632230 1078.40419895787 -11637.0105009811 -10558.6063020233 -1360.49197475132 659.967133926184 -1769.78298245124 -2971.6600757289 -130.721482356777 82444.2681748519 43.5231335401423
632240 1087.80761376924 -11644.5383179732 -10556.730704204 -1031.24112959654 1443.30888870865 -1051.30653121173 -3485.72574628656 -248.198672426779 82394.8015707375 43.5144271643218
632250 1094.73947741916 -11649.4950405668 -10554.7555631476 171.953011484243 2479.49197000595 407.843011548418 -2371.47594710164 -73.4264349184225 82152.5980779477 43.4717477318215
632260 1095.0690219698 -11647.6784070477 -10552.6093850779 1477.6327742469 3442.20790403338 1442.24866532928 -451.55824662198 285.349033187753 81897.7165022269 43.4267435709754
632270 1092.58085302904 -11643.205999365 -10550.625146336 1726.25194660368 3675.47739881703 1277.41170383304 225.866737161002 564.005237300824 81857.0687270738 43.4195578084528
632280 1091.0386357994 -11639.9201042584 -10548.881468459 310.208806343542 2081.83213832017 -118.731646044491 -1032.47407324505 557.519736421428 82111.2203988619 43.4644480555827
632290 1094.47560867194 -11641.3087535305 -10546.8331448586 -1664.01249154078 -376.108549962785 -1875.34869407359 -2740.58023058599 409.909818739771 82468.907810665 43.5274689429866
632300 1100.50729564508 -11645.3637262217 -10544.8564305766 -2208.72130372858 -1722.88385766854 -1971.48359314034 -2931.79646037686 450.52298488528 82599.4858746617 43.5504300629674
632310 1100.92539037675 -11644.3488276988 -10543.423437322 -626.562164014794 -1026.1825543446 -144.702062545141 -708.801875154647 859.361372621946 82366.3900838833 43.5094250214642
632320 1098.46572306683 -11640.3273240828 -10541.861601016 1868.15431736603 959.771874411101 2457.14819082993 2187.54288685706 1462.13717375426 81994.1169102791 43.4437758501398
632330 1100.80900203199 -11641.3118082124 -10540.5028061804 2460.34888530674 1689.52668296705 2826.05126278368 2865.46871016948 1775.06184096698 81888.3221128157 43.4250830308222
632340 1099.73373593631 -11639.5044242263 -10539.77068829 443.446978811062 126.079644375172 111.389877749574 1092.87141430847 1507.8417307321 82181.1439202699 43.4767822406991
632350 1093.67911764162 -11632.4734640043 -10538.7943463627 -2068.33264018981 -2026.56983076637 -2795.84443706474 -1382.58365273833 1044.44922373062 82576.8354877284 43.5464489071454
632360 1092.24202324873 -11630.2624527342 -10538.0204294855 -2622.19137964715 -2569.79462560659 -3543.24136307165 -1753.53815026322 785.166527070812 82655.9771539419 43.5603561088404
632370 1103.78980276978 -11641.6081144351 -10537.8183116653 -477.141357086393 -628.282101126651 -1386.61206939958 583.470099267067 853.415906484221 82306.7532673323 43.4989215863945
632380 1116.42838622535 -11653.7969268245 -10537.3685405992 2243.78859850377 1952.75706358119 1397.4559895945 3381.15274233561 901.431910794764 81869.9340980056 43.4218324214372
632390 1109.36835496148 -11646.9959268626 -10537.6275719011 2866.08718392543 2637.25416107837 2038.63510366951 3922.37228702841 733.604240100753 81789.5552251843 43.4076174318582
632400 1086.69658091876 -11625.6484575731 -10538.9518766544 792.934764889862 335.962191245788 30.6442235837921 2012.19787984 444.32210997862 82165.6690283972 43.4740531445168
632410 1074.30362474239 -11614.1648182692 -10539.8611935268 -1772.06043046403 -2272.25858672086 -2567.37048388505 -476.552220786178 248.473155375558 82670.0296112248 43.5628245544713
632420 1079.38312749657 -11619.9798298515 -10540.5967023549 -2864.78281770236 -3320.38414992796 -3470.55109131823 -1803.41321186088 273.70043727989 82868.5387959466 43.5976647032073
632430 1089.48055130672 -11631.4970366344 -10542.0164853276 -1515.91520685078 -2115.78958743633 -1613.76843757155 -818.187595544447 516.831471300539 82598.2993956531 43.550221538996
632440 1093.41058447092 -11636.7716545335 -10543.3610700626 1062.91685864892 440.231232952232 1245.41785904965 1503.10148394488 751.999718614382 82102.6156907131 43.4629297411408
632450 1091.51613241011 -11636.1666788077 -10544.6505463976 2526.81850586842 2419.79885170049 2547.61122081796 2613.04544508681 688.921310527121 81808.4801771311 43.4109651442473
632460 1089.68931173151 -11636.4805197488 -10546.7912080173 1642.58389025712 2006.84011614635 1672.84672609642 1248.06482852857 385.304845684207 81925.9017194021 43.4317247917183
632470 1089.18515814662 -11638.4566078666 -10549.27144972 -554.980329891613 -95.0064371766698 -136.326663575459 -1433.60788892274 43.8412239460854 82291.9288239772 43.4963098686748
632480 1085.36606403275 -11637.1636112739 -10551.7975472411 -1948.45422394463 -1710.95069037069 -835.828798948567 -3298.58318251467 -262.815145234585 82549.5266062487 43.5416479807411
632490 1071.66240202072 -11626.480451222 -10554.8180492013 -1488.97408903658 -1331.7909877415 -86.1472368240494 -3048.98404254418 -521.102859451006 82484.5550230234 43.5302216591215
632500 1062.70799299921 -11620.5440421781 -10557.8360491789 216.493354921904 245.917397582376 1226.12131793031 -822.558650746982 -688.421472173001 82188.8245776052 43.4781366465396
632510 1068.56554311877 -11628.9382325994 -10560.3726894807 1628.12091688879 1294.93686010976 2511.22807451661 1078.19781604002 -728.689569118192 81944.8527111015 43.4350733899953
632520 1080.01073963668 -11642.9260299342 -10562.9152902975 1500.63058944839 985.59378168997 2430.5916840672 1085.70630258801 -464.101457149492 81967.615077801 43.4390947674013
632530 1084.40927008208 -11649.9725720115 -10565.5633019294 2.83515080209472 -437.615256954418 1115.11808263555 -668.997373274845 -182.466791220911 82226.9371013331 43.4848561547455
632540 1080.61939830844 -11648.634630448 -10568.0152321396 -1733.48092030109 -1995.46164854786 -461.419493532468 -2743.56161882292 -250.831466678332 82471.5439228603 43.5279327220932
632550 1072.22713701846 -11642.8074515826 -10570.5803145641 -1589.50988710546 -1454.10024803445 -745.648610096361 -2568.78080318555 -671.175109052026 82436.7869736919 43.5218170339595
632560 1067.26728020763 -11640.2642860886 -10572.9970058809 336.388894741465 724.41740007343 555.989384683261 -271.240100532293 -1156.70696366259 82156.1518102096 43.4723745520255
632570 1072.47421857528 -11647.3371993074 -10574.8629807322 1702.84351056899 2203.97047310243 1691.71223380232 1212.84782480222 -1348.59848714059 81933.3038761397 43.4330327978786
632580 1083.31488381792 -11660.052028343 -10576.7371445251 1387.07452268222 2354.04269256178 954.421265938367 852.759609546531 -1378.2205976249 81985.1472036681 43.4421916221141
632590 1083.13908114613 -11661.7733148365 -10578.6342336904 -212.217402177319 1405.27757385947 -1414.36376248467 -627.566017906784 -1101.98303930503 82256.6742688859 43.4900975863504
632600 1069.46392758534 -11649.6921917467 -10580.2282641613 -1549.59711915199 342.037605532414 -3296.50761678151 -1694.32134620687 -1003.56856748434 82490.9961979298 43.5313547135592
632610 1063.40143926097 -11645.112819595 -10581.7113803341 -1526.32733121088 19.1465985182229 -3215.56333710372 -1382.56525504714 -1000.66211125472 82470.4871073075 43.5277467945575
632620 1067.10511575721 -11650.0262160854 -10582.9211003282 -72.2252663941189 741.764422861946 -1289.0225757046 330.582353660308 -769.418485774942 82207.2335543799 43.4813825389963
632630 1072.89635113205 -11656.4949840998 -10583.5986329678 962.414909961057 1319.5418444631 264.404695529886 1303.29818989018 -643.387947898349 81926.8333065805 43.431889413178
632640 1071.4951762589 -11655.5346527144 -10584.0394764555 1314.06652433858 1884.63279143609 895.873936488041 1161.69284509163 -660.257110479346 81810.5290940828 43.4113275545974
632650 1065.07216798172 -11649.4144978519 -10584.3423298702 509.446024949713 1473.34562872447 159.420438394389 -104.427992269719 -544.81571488363 81904.2071876259 43.4278907819779
632660 1067.11230598135 -11651.3191543379 -10584.2068483566 -772.805695785059 3.80125762071294 -685.173280136593 -1637.04506483929 -407.744819455407 82079.1676496552 43.4587917585027
632670 1080.54950666601 -11664.2365566004 -10583.6870499344 -1366.61726911109 -1248.07213304224 -821.634090559144 -2030.1455837319 -44.9054383966866 82130.935343295 43.4679263890049
632680 1095.12202453616 -11678.2737879878 -10583.1517634517 -815.049202205701 -1392.1369941672 -260.128018673824 -792.882593776092 227.05072994151 81961.5422578276 43.4380219684384
632690 1098.54716797439 -11681.1446331762 -10582.5974652019 602.005848789352 -146.305572065008 655.27288780885 1297.05023062421 39.6630520740721 81662.4636599573 43.385122293951
632700 1093.50209559272 -11675.5618223217 -10582.059726729 1874.13235895979 1296.85503448586 1324.99684659018 3000.54519580331 -160.975344368659 81464.6064415278 43.3500551763884
632710 1084.57169382909 -11666.4649665016 -10581.8932726725 1645.49479245748 1662.84467460744 520.426922193873 2753.21278057114 -159.974085760841 81566.595841067 43.3681382945952
632720 1074.32246218509 -11656.0405830421 -10581.718120857 -32.7040973477408 421.371386122538 -1352.63510959422 833.151431428457 169.730555267938 81933.0700327275 43.4329914775291
632730 1065.46371470996 -11646.3430172195 -10580.8793025095 -1472.00766837107 -807.875636178856 -2676.16270699101 -931.984661943385 812.52238080304 82298.1686744922 43.4974092215751
632740 1062.45391217097 -11641.9854867763 -10579.5315746054 -1949.14043431124 -1270.73874915537 -3092.10827365195 -1484.57428012642 1398.73426425853 82414.6268789258 43.5179169384766
632750 1067.81538193623 -11645.5515214597 -10577.7361395235 -873.839932862182 -284.019292147652 -2121.44716168053 -216.053344758353 1712.81300754019 82214.5693980626 43.4826758685657
632760 1079.03736505428 -11654.0189020076 -10574.9815369533 811.558892214841 968.557218228269 -433.326427681145 1899.44588609739 1718.07322165943 81878.9114967226 43.4234194951272
632770 1089.98921866276 -11661.4072796205 -10571.4180609578 1688.76369798349 1730.14979857952 460.28686797986 2875.85442739111 1553.30301504411 81682.1296489095 43.3886046889071
632780 1099.56114935947 -11667.2403658126 -10567.6792164531 1181.85185526254 1341.91139118048 -68.7745218172975 2272.41869642441 1216.7839166786 81758.8513792593 43.4021850038655
632790 1107.2118456665 -11671.0842761386 -10563.8724304721 -248.961619975306 323.008332573565 -1594.38620599245 524.493013492979 836.16101578553 82022.2097528429 43.4487368556493
632800 1104.3195447828 -11664.3913670043 -10560.0718222215 -1267.11178663066 -207.68214447056 -2621.22607415076 -972.427141270692 605.987914256458 82240.2707738409 43.4872064854848
632810 1093.82154279126 -11650.480539689 -10556.6589968977 -924.010284005536 706.465763251157 -2084.63727999665 -1393.85933527111 308.792905573712 82252.8462357992 43.4894229334358
632820 1087.22202909525 -11640.6888410753 -10553.46681198 204.07254656741 2167.23197819945 -903.779500392719 -651.234838104504 -154.423607325682 82119.8577149872 43.4659720170812
632830 1091.53291758586 -11641.855312674 -10550.3223950882 931.92872399203 2576.24997531332 -163.488444047372 383.024640710158 -497.081553392277 82022.6731829705 43.4488186847693
632840 1091.91174252277 -11639.3184844357 -10547.4067419129 825.616057050318 1851.1013228381 -263.387160457585 889.134008770446 -467.117283839091 82077.6527078166 43.4585243827124
632850 1084.38938767788 -11629.0867620814 -10544.6973744035 -161.918269898012 913.457118682601 -1613.30372842453 214.091800047891 -231.588625290152 82253.2762848304 43.4894987263615
632860 1087.58583370801 -11629.6175014603 -10542.0316677523 -1162.67831704613 378.515264761527 -2862.30615181884 -1004.24406408107 29.7780896070803 82384.9655589389 43.5126955605339
632870 1099.92974993094 -11639.5527700607 -10539.6230201298 -1137.66699850009 679.21900852883 -2855.49908379747 -1236.72092023163 122.424615532875 82324.8954899954 43.5021173919776
632880 1110.17540097652 -11647.7915257995 -10537.616124823 61.1233835421681 1487.30054979512 -1333.62127344319 29.6908742745809 145.753946294317 82104.3579763611 43.4632371787802
632890 1113.54994088502 -11649.5812046932 -10536.0312638082 1314.19144862644 1771.86441385873 339.716775118547 1830.99315690207 214.461128339884 81927.3152985562 43.4319745858469
632900 1104.66576948806 -11639.8251608009 -10535.1593913129 1419.2734615299 914.842496444338 774.019981363033 2568.95790678233 593.02689410868 81972.7120015082 43.4399951277153
632910 1091.68143804243 -11626.4707570856 -10534.7893190432 282.40826976312 -713.561939422258 -90.7458149244838 1651.5325636361 1170.56777131114 82221.2080932419 43.4838462226092
632920 1090.27028486953 -11624.6861178768 -10534.4158330073 -803.128572800621 -1427.06327400748 -1255.83899879377 273.516554399416 1543.60629559717 82476.6473316064 43.5288305519791
632930 1093.38157273956 -11627.5337571654 -10534.1521844258 -945.054520695913 -1385.05972333152 -1424.3049877514 -25.7988510048137 1560.09585338407 82575.0123353683 43.5461284282649
632940 1082.13986308833 -11616.2046907295 -10534.0648276412 -451.364991691743 -1060.42734729787 -889.619892917872 595.952265140528 1412.07991559774 82514.7874471803 43.5355392743331
632950 1073.10880126865 -11607.0210051237 -10533.912203855 62.18884910007 -411.140896883856 -680.450407420021 1278.1578516041 1601.66696688539 82390.0706711596 43.5135943192016
632960 1082.76729692195 -11616.2952724129 -10533.5279754909 391.249468109142 280.871770690915 -665.838852730427 1558.71548636693 1961.06823828929 82290.8417325068 43.4961183364216
632970 1104.1266887288 -11637.2412672412 -10533.1145785124 315.544394884658 244.002143893097 -796.016344340774 1498.64738510164 1747.76034713669 82262.8156476321 43.4911798997982
632980 1114.760416889 -11647.8083575252 -10533.0479406362 157.823729437378 -102.421756227969 -888.444766976686 1464.33771151678 1097.99168942125 82289.5733701678 43.4958948643208
632990 1104.84700929487 -11638.3785506527 -10533.5315413578 28.9317776386292 -310.233111395776 -1065.93033513654 1462.95877944819 349.972167770484 82340.645334808 43.5048913925018
633000 1091.57370693706 -11626.0177193307 -10534.4440123936 46.0067180473304 -486.60473316318 -912.108940770802 1536.73382807596 -48.4011776812311 82394.4828794241 43.5143710617217
633010 1086.43204655313 -11622.0169372169 -10535.5848906638 145.946637326085 -770.348644166328 -309.122966261756 1517.31152240635 -1.31273744710421 82455.1557613951 43.5250493435316
633020 1081.41810905789 -11618.2430730867 -10536.8249640288 -172.910610527458 -1815.63610411972 266.941189179396 1029.96308335797 220.50602287338 82529.9746550846 43.5382100793537
633030 1077.78188152838 -11615.8909658769 -10538.1090843485 -422.088855064816 -2489.10537242862 382.237010231371 840.601797002803 144.526200252074 82571.5914675379 43.5455270857086
633040 1074.13867114464 -11613.5343706197 -10539.395699475 -297.043634732149 -2308.54218929752 303.591355942707 1113.81992915836 -117.864365335218 82544.8542228264 43.5408264653791
633050 1071.90378384637 -11612.5160348045 -10540.6122509582 83.738616790843 -1366.82750760439 508.701728827184 1109.34162914973 -159.739542030149 82473.3484055548 43.5282501844353
633060 1078.15524726901 -11619.9146970933 -10541.7594498243 160.451825714347 -808.869703654256 498.676479769276 791.548701028025 99.7546073432473 82413.7370490937 43.5177603170872
633070 1082.78941379162 -11625.7449572916 -10542.9555435 90.0693529937694 -701.108407956782 549.312815766924 422.003651171155 208.698053146565 82382.0129691166 43.5121757380314
633080 1077.42570603366 -11621.7304913171 -10544.3047852835 44.4686024700061 -533.876583246837 462.743975271403 204.538415385452 213.221960739938 82367.9520387693 43.509700050026
633090 1066.67505672029 -11612.399299557 -10545.7242428367 -6.0581953178616 -775.070774301718 464.247128410837 292.649059937299 113.647038000926 82361.7394880877 43.5086061253211
633100 1067.78134414565 -11614.8574208675 -10547.0760767218 9.15499540621609 -938.686202436656 340.878714855272 625.272473800037 -442.969163960907 82356.2163755096 43.5076335527692
633110 1077.20219172314 -11625.564602719 -10548.3624109958 -209.034240447947 -1279.74689569121 -120.0523240214 772.696498368764 -1215.33752177984 82348.2663107662 43.5062335385009
633120 1080.8244146131 -11630.5363852283 -10549.7119706152 -277.493693185 -1119.84303298448 -526.417458471731 813.779411901211 -1803.28085770516 82306.8504923105 43.4989387141104
633130 1084.05190960534 -11635.2816417835 -10551.2297321782 -22.4365680774604 -112.033267315055 -444.754047341485 489.477610424165 -2122.39373383404 82219.2201855879 43.483495775446
633140 1089.87919621969 -11642.8664773969 -10552.9872811772 388.038439841322 1175.25289650256 -61.0040920103681 49.8665150317696 -2208.20473004718 82126.0098654712 43.4670574326786
633150 1091.36565670458 -11646.4762060716 -10555.1105493671 396.906335336275 1832.90733101866 -150.460573399127 -491.727751610679 -1906.02826938288 82088.5488073889 43.4604473887142
633160 1087.22750811599 -11644.8817587773 -10557.6542506613 428.58257842875 1517.80176332863 97.6180949158416 -329.67212295822 -990.897425987546 82122.1938597983 43.4663841863378
633170 1077.06551511746 -11637.5702520064 -10560.504736889 166.439441229403 275.265225897264 511.212192531992 -287.159094741038 167.450680851896 82234.7564543794 43.486234505429
633180 1063.01795289037 -11626.3348276042 -10563.3168747138 -690.461392494303 -1304.47454791761 252.259466381217 -1019.16909594653 1031.64233313743 82383.537178948 43.5124440865646
633190 1062.54124428547 -11628.4087697552 -10565.8675254697 -1261.6947632056 -1853.81663559221 -201.394390967323 -1729.87326305728 1324.38636093725 82430.6884093437 43.5207437786937
633200 1075.43805066896 -11643.6998398781 -10568.2617892092 -576.367744537873 -441.245685775426 97.7986503220168 -1385.6561981602 1004.32278562129 82266.9008637467 43.4918998197546
633210 1082.98222117037 -11653.378253119 -10570.3960319486 1080.79006013854 1950.22233457446 1382.91711135405 -90.7692655128538 577.139688835863 81979.0300820899 43.4411111508893
633220 1078.57313448055 -11650.997941034 -10572.4248065535 2082.13347666719 3362.20981270928 2382.47093534096 501.719681951334 463.217882760875 81830.4879150496 43.4148575340665
633230 1064.60226810701 -11639.2805970906 -10574.6783289836 1261.120021779 2299.44793699165 1492.51869200062 -8.60656365527967 603.931061610779 82018.6892151719 43.4481152146578
633240 1049.33317256172 -11625.703835994 -10576.3706634323 -1038.55624000271 -658.635430670324 -899.896863677901 -1557.13642565992 759.125287976037 82461.2782896955 43.5261266028349
633250 1041.46932125784 -11618.429649824 -10576.9603285662 -2769.62972493195 -2943.44059971592 -2691.72550766659 -2673.72306741334 739.009361661935 82794.362985365 43.5846526983544
633260 1049.6268035505 -11626.9519345229 -10577.3251309724 -2335.0192352437 -3026.67707460023 -2237.13449467218 -1741.24613645871 706.655968384858 82687.0057026106 43.5658061907423
633270 1067.18649518625 -11644.3591412001 -10577.1726460138 254.027319762534 -925.062533825409 580.455640713029 1106.6888524 646.591178665714 82162.5918149138 43.4735104173892
633280 1077.80114357264 -11653.5418047776 -10575.740661205 2890.72449063522 1410.16417856207 3640.08863064702 3621.92066269658 659.375324467219 81642.8511222084 43.3816488071203
633290 1082.10987844154 -11656.5738378872 -10574.4639594457 3055.24785297413 1715.37833848591 4330.3428802046 3120.0223402319 391.031333931055 81573.3944396787 43.3693431766117
633300 1083.70461084624 -11657.3700709915 -10573.6654601452 525.546896353227 -264.452502523683 2094.41551377745 -253.32232219407 225.609742393523 81996.9964468244 43.4442844088858
633310 1074.88867543879 -11646.8678595823 -10571.9791841435 -2234.00541348015 -2776.70033869047 -517.443780003729 -3407.87212174624 397.020672251332 82513.7069533314 43.5353492474333
633320 1059.93609637322 -11629.9650868302 -10570.028990457 -2913.50168569798 -3595.98569413122 -1255.68420734857 -3888.83515561415 635.114632545114 82659.3695764031 43.5609520452099
633330 1059.89376177768 -11628.0035929823 -10568.1098312047 -720.590784914539 -1349.28645633781 529.548144005748 -1342.03404241154 938.847830973881 82340.594290804 43.5048824027564
633340 1078.42397742674 -11643.4691966298 -10565.0452192031 2029.77932360036 1483.16538792443 2827.92177601277 1778.25080686387 1083.33834547353 81925.4759882699 43.4316495600394
633350 1089.56994411524 -11651.2621423519 -10561.6921982366 2502.0795257797 2184.16883944208 2845.22291766418 2476.84682023284 757.184993278459 81847.5896555942 43.4178817447708
633360 1085.29213695061 -11643.9669526232 -10558.6748156726 406.720267557177 478.248962140755 801.823547712165 -59.9117071813967 338.028433986846 82156.3375835013 43.4724073188963
633370 1080.2911164859 -11635.5034685459 -10555.21235206 -1832.20925951932 -1500.53149100389 -1003.19623336867 -2992.90005418541 109.292420729736 82508.797910733 43.5344858711924
633380 1085.70661342626 -11637.5204463312 -10551.8138329049 -2226.04282025954 -1953.60592074225 -912.480663692131 -3812.04187634427 -50.7347107461329 82548.1306414045 43.5414025403977
633390 1095.58740797839 -11644.3763176378 -10548.7889096594 -303.552246333534 -169.372951947377 1104.4388386566 -1845.72262570982 -220.999006689312 82245.5991286969 43.4881456452645
633400 1099.0638853303 -11644.7303200067 -10545.6664346764 1944.22364706494 2145.18385352295 2741.08689710899 946.400190562863 -285.345022808672 81930.5445709675 43.4325452210661
633410 1099.25083598076 -11642.4133808042 -10543.1625448234 2201.04034407124 2505.56732170923 2372.12335889902 1725.43035160547 -159.709728533195 81942.6604865812 43.4346860551845
633420 1094.34229414347 -11635.6983378257 -10541.3560436822 448.48578098024 750.727012869788 240.286269190427 354.444060880509 48.6486051949801 82285.6146430637 43.4951973634827
633430 1084.46382947896 -11623.9136946902 -10539.4498652112 -1623.26191278355 -1207.84160100441 -2089.24786914301 -1572.69626820322 59.4448488419092 82652.3535158029 43.5597195375162
633440 1078.9379235709 -11616.6690103079 -10537.731086737 -1948.35372523302 -1364.81821679004 -2494.60781341704 -1985.63514549199 36.3638506464787 82726.6484651767 43.5727673529622
633450 1075.47143519508 -11611.7532016026 -10536.2817664075 -590.880953754873 46.5516968707718 -994.046590120894 -825.147968014489 53.5668632462561 82496.1686214788 43.5322645417371
633460 1075.14518862035 -11609.6944248024 -10534.549236182 985.058267745132 1478.64022085361 701.326857486466 775.207724895316 -215.940139746726 82212.2337111288 43.4822640888353
633470 1087.82547843665 -11620.5787471876 -10532.753268751 1161.12739048629 1202.0904423997 1058.46355865769 1222.82817040148 -573.001649432242 82113.1684904674 43.4647917847198
633480 1105.8620274373 -11637.1156630394 -10531.2536356021 168.816990892363 -131.381913018582 -34.2291438865198 672.062029582194 -921.525341948343 82197.9323568796 43.4797426014755
633490 1108.24900425755 -11638.4338153858 -10530.1848111283 -521.664757659071 -579.739820087674 -1148.17450778295 162.920054893402 -1512.6333165571 82300.395554363 43.4978015455394
633500 1095.18558381453 -11624.8070916541 -10529.6215078396 -351.954308695397 236.474393289503 -1382.96014271432 90.6228233386033 -2088.12249239757 82316.8560961681 43.5007012871779
633510 1085.11146667967 -11614.4288112881 -10529.3173446085 -3.5809884848955 1351.47282088043 -1329.58515043558 -32.6306358995438 -2121.64262585474 82275.2527104655 43.4933715553922
633520 1086.7017148859 -11615.7557019592 -10529.0539870733 257.080658569846 2090.08890189645 -1310.34524839306 -8.50167779386507 -1638.83378961124 82237.0338146494 43.4866359289991
633530 1093.67439520174 -11622.5262521138 -10528.851856912 365.162440345536 2186.88222119051 -1435.00539488966 343.610494735753 -821.983269192182 82245.294657539 43.4880919811879
633540 1098.99338371822 -11627.8070312393 -10528.8136475211 45.3406101894445 1763.02867738319 -1816.66095931095 189.654112496097 150.218258480523 82307.4960550295 43.4990524398394
633550 1106.61996028945 -11635.6676678127 -10529.0477075232 -252.017716287177 1075.50503067569 -1894.26061367239 62.7024341351531 736.843851197213 82375.0664433232 43.5109527083264
633560 1109.34222227205 -11639.0126164157 -10529.6703941436 -325.248687201543 253.511637254659 -1522.555260489 293.297561629696 713.7579676045 82398.8945040249 43.5151476737677
633570 1102.21753032957 -11632.9108985704 -10530.6933682408 -64.3499363029676 -427.491194756143 -617.518590096548 851.959975943813 520.418923248006 82372.1509471876 43.5104393753622
633580 1093.85381188507 -11625.807086291 -10531.9532744059 120.898498374474 -720.004693907781 -67.9891528395805 1150.68934187079 276.197454831405 82332.2189885652 43.5034073146515
633590 1092.67922047556 -11625.9774105858 -10533.2981901102 325.159520392328 -400.751784160867 183.995513391104 1192.23483194672 238.303636872419 82315.987482414 43.5005482790653
633600 1095.23589074814 -11629.9239337092 -10534.688042961 -175.80718845097 -870.201042683342 -353.079798754585 695.85927608503 499.48714588398 82345.4927353682 43.5057450879272
633610 1096.48877137468 -11632.6462927473 -10536.1575213727 -499.221647417115 -1295.86820260005 -971.997535123292 770.200795472007 937.924822577233 82347.8031673209 43.5061519757044
633620 1090.72116720719 -11628.4212160349 -10537.7000488277 92.2006978513359 -951.839490069611 -332.378173165426 1560.81975678906 1202.4842610213 82277.888516107 43.4938360079306
633630 1079.77160444683 -11618.9282168124 -10539.1566123656 744.442352653255 -429.625284255571 736.651106429088 1926.30123578626 866.173645677349 82223.2773609102 43.4842110066851
633640 1069.58920666087 -11609.985436719 -10540.3962300581 814.393736175887 -113.739837133738 1166.2934407497 1390.62760491169 306.629450163943 82291.2753079025 43.4961947273184
633650 1066.26909416773 -11607.5022444813 -10541.2331503136 20.5664116123825 -979.271859229899 753.175035687084 287.796058379969 -144.468560062657 82493.8623164265 43.531858867878
633660 1074.00319057002 -11615.5470913132 -10541.5439007432 -922.982883922483 -2146.36227530836 264.956405815214 -887.542782274312 -399.366186157807 82705.7919612856 43.5691052844069
633670 1084.56600641773 -11626.1853634527 -10541.619357035 -1153.8917868063 -2402.15007607442 24.9196911407527 -1084.44497548521 -259.680550650794 82769.9320087841 43.5803652873783
633680 1089.6137826733 -11631.3696576056 -10541.7558749323 -260.892645601785 -1365.6607701642 363.426897921769 219.555935437087 390.026556806784 82646.5506667089 43.5587001013517
633690 1083.7973336233 -11625.6433092313 -10541.845975608 691.242966268293 -352.106789416024 1012.04839491336 1413.78729330754 869.33561714312 82472.0545913567 43.5280225643871
633700 1076.56468895379 -11618.4473189833 -10541.8826300295 614.780381219508 -561.306166819166 1268.98782467129 1136.65948580639 741.096169149844 82396.0577062157 43.5146482937174
633710 1074.65391409923 -11616.4536327666 -10541.7997186674 130.102216515634 -1054.39346463616 1170.3741834098 274.325930773245 227.695142257018 82423.3755686517 43.5194567593236
633720 1076.54180843052 -11618.0520236848 -10541.5102152543 -608.016080536955 -1649.93997905973 481.328408023628 -655.436670574785 -154.785591340377 82472.9070875081 43.528172543852
633730 1088.98473958848 -11630.128240094 -10541.1435005055 -865.946525075743 -1755.37168896715 58.8572289012951 -901.325115161385 -215.044114168874 82423.76370219 43.5195250705849
633740 1108.12956418581 -11649.0822860483 -10540.9527218625 -23.4488275883289 -589.772175077351 385.627682380981 133.798009931386 -278.627827103932 82229.5393478816 43.485314873535
633750 1110.00985155617 -11651.0606702149 -10541.0508186587 1127.34736137416 478.862565342898 1110.12512013866 1793.05439864092 -545.68319775299 82017.33731234 43.4478764969001
633760 1092.4205403334 -11633.9915498428 -10541.5710095094 1268.22551960887 178.15589507316 1273.2639893691 2353.25667438437 -840.300244578003 81975.2222094597 43.4404385366883
633770 1082.9351053785 -11625.2151591166 -10542.2800537381 77.4757596159079 -1527.12018349653 407.665429869184 1351.88203247508 -1015.95081875796 82140.2848224665 43.4695757352614
633780 1087.64170443059 -11630.4239190997 -10542.7822146691 -1010.88059153181 -2951.78831879752 -383.784849194834 302.931393396937 -1460.93993349852 82343.026040403 43.5053106724323
633790 1088.78436965866 -11632.0542040326 -10543.269834374 -1212.03556352205 -3273.38766962026 -386.362739901729 23.6437189558449 -1673.08233430067 82395.7875156828 43.514600729715
633800 1084.54597099671 -11628.382036776 -10543.8360657793 -202.752322313195 -1736.37479287721 552.274494485396 575.843331452218 -1322.50436753083 82249.8998166502 43.488903641989
633810 1091.11332734181 -11635.3749810097 -10544.2616536679 825.491954493052 -41.9221579478885 1479.28330956222 1039.11471186482 -807.968704515181 82045.348177498 43.4528220938917
633820 1105.44112970356 -11650.2059125992 -10544.7647828957 1129.24913436751 538.693581074951 1736.96574095863 1112.08808106895 -337.391522722132 81954.6696970147 43.4368078266846
633830 1110.74693060763 -11656.441533963 -10545.6946033554 503.229578098104 -371.894918770498 904.028268595423 977.555384469383 -49.5364309155741 82047.4044075265 43.4531850974143
633840 1101.65812105534 -11648.6181392187 -10546.9600181634 -362.917748567698 -1754.98003692887 377.965460862902 288.261330362863 293.756164107557 82246.59171888 43.4883205917389
633850 1087.7411880961 -11636.0854831025 -10548.3442950064 -789.828528385119 -2403.08358407103 326.904833260809 -293.306834345122 639.049940332953 82416.3212031931 43.518215158021
633860 1080.35362385471 -11630.0365253529 -10549.6829014982 -891.705000171836 -2513.77001880033 274.056604122932 -435.401585838117 898.238805056811 82467.4239251306 43.5272078742169
633870 1083.93910840378 -11634.8397199577 -10550.9006115539 -284.582741707419 -1772.67353420361 326.422076790236 592.503232291124 893.726753054309 82371.3552549893 43.5102992753072
633880 1088.214003886 -11640.1722811103 -10551.9582772243 365.047485924911 -1386.7363808162 543.52429559391 1938.35454299703 461.391401131122 82206.8669906847 43.4813179107826
633890 1085.13043323201 -11638.0582372835 -10552.9278040515 705.222510142346 -1437.09154446636 825.644771102846 2727.11430379054 67.3436508242025 82079.8576554244 43.458913538218
633900 1081.7834787104 -11635.637116496 -10553.8536377856 875.399754171692 -1182.03868464235 1061.88215278254 2746.35579437488 -65.794414956889 82064.8152341591 43.4562585335142
633910 1081.65254613013 -11636.3467499224 -10554.6942037922 38.1513851152112 -1394.22526591984 156.753254350142 1351.92616691535 -187.678368629558 82194.213398725 43.4790868599932
633920 1081.05590200019 -11636.3806439036 -10555.3247419034 -863.379316255441 -1401.05482348181 -956.038410952511 -233.044714331976 -218.917672506324 82349.9267674309 43.506525954007
633930 1076.41951039439 -11632.2589260524 -10555.8394156581 -693.034013222412 -422.494754721132 -1218.70127756837 -437.906007377733 155.27244891219 82385.1520203044 43.5127283878443
633940 1069.01790377818 -11625.1932417171 -10556.1753379389 20.9248983705991 315.30736076835 -530.553449735893 278.020784079352 604.248189698433 82303.1476736858 43.4982863945893
633950 1063.63590316511 -11619.7680266848 -10556.1321235197 687.650834221002 568.484944058887 364.059247488383 1130.40831111575 804.425800670924 82213.5781578158 43.482501114659
633960 1073.51320176784 -11629.2442074482 -10555.7310056804 418.118526573016 106.980468937031 -21.5641149247454 1168.93922570677 799.852524744699 82224.363816883 43.4844025318193
633970 1096.08505274559 -11651.2284833817 -10555.1434306361 -429.615522052575 -782.89653481944 -933.320293726427 427.370262388155 480.156358497608 82306.6202432262 43.498898152075
633980 1106.4999470006 -11661.250926955 -10554.7509799544 -732.575562620305 -849.767247271331 -1322.80429432465 -25.1551462649221 -121.328995831431 82329.2575993853 43.5028857202868
633990 1088.58727354346 -11643.3130838698 -10554.7258103264 269.98451078142 378.61474691696 -366.799154638353 798.137940065655 -545.967977609501 82241.2955513103 43.4873871128259
634000 1065.74664537542 -11620.4686334173 -10554.7219880419 1360.4270040521 1464.25065342253 513.745644387065 2103.2847143467 -836.413312670676 82193.9681520176 43.4790436164239
