# Fix print output for fix setl_out
660000 1121.04749673466 -11615.9214087349 -10494.8739120003 789.321765994789 1906.31132576895 638.267928931203 -176.613956715813 -954.315532056196 82366.3660295605 43.5094207859588
660010 1122.12005715346 -11616.8559244201 -10494.7358672666 408.177451168715 1330.94658085945 482.176510821544 -588.59073817486 -774.617204625325 82426.1499349936 43.5199450413616
660020 1125.29265724412 -11619.5748602824 -10494.2822030382 -476.246528016763 229.750303776941 -416.440308583847 -1242.04957924338 -950.767837862064 82547.7504974618 43.5413357025189
660030 1129.19192412326 -11622.7643596084 -10493.5724354851 -893.002075284268 -426.193636460898 -888.936493832813 -1363.87609555909 -936.201250594078 82599.0952830916 43.5503614166254
660040 1122.37665848589 -11615.0731217298 -10492.6964632439 -341.320308052641 -103.44879840214 -468.824053341465 -451.688072414301 -328.452247915988 82513.70733314 43.5353493142307
660050 1112.77194798328 -11604.2186611879 -10491.4467132047 549.805906646676 410.100405740754 446.818918902595 792.498395296682 539.801465223698 82372.2494360524 43.5104567165469
660060 1113.44277835566 -11603.1083169502 -10489.6655385946 841.742304151187 245.046538952221 850.798951641756 1429.38142185961 1187.5588388302 82309.7335144809 43.4994465978799
660070 1122.32650049472 -11609.7222644728 -10487.3957639781 552.423976539083 -252.551387229644 868.687167984547 1041.13614886235 1430.8172387869 82381.6828246409 43.5121176131927
660080 1120.91186467158 -11605.5527253289 -10484.6408606573 -103.971036472792 -926.650530521123 788.988393300224 -174.250972197454 1240.44824995077 82551.1746992121 43.5419377470145
660090 1114.05958103514 -11595.423240169 -10481.3636591338 -659.302408290194 -1438.32462244548 954.423337753278 -1494.00594017837 823.370457838989 82718.6072330767 43.5713555141122
660100 1115.58738151022 -11593.1495514734 -10477.5621699631 -621.387893563564 -1199.47885989733 1355.46544592817 -2020.15026672154 277.3775114623 82795.7861694976 43.5849024280401
660110 1125.80224751563 -11599.1307598812 -10473.3285123656 -319.527285461062 -489.640758326072 1765.15159405672 -2234.09269211381 -183.406207966949 82773.7248362806 43.5810309489257
660120 1134.36870388474 -11603.2983666864 -10468.9296628017 195.9896864138 97.9020829224852 2225.05285449445 -1734.98587817553 -523.476878250803 82694.2201802379 43.5670731991466
660130 1127.23760871315 -11591.9074002874 -10464.6697915743 673.968579037207 366.720156658909 2623.49990059706 -968.314320144344 -705.513661037204 82635.9388584404 43.5568357107417
660140 1113.21793951098 -11573.9091704859 -10460.6912309749 725.969026427859 615.023689959675 2247.73605070044 -684.852661376544 -577.438658603224 82684.7658697514 43.5654128157312
660150 1114.05952507716 -11570.9550598646 -10456.8955347874 -16.028179771005 290.359811195724 845.840925305463 -1184.28527581421 -209.548355537158 82868.7467413346 43.5977011703067
660160 1127.46901698328 -11580.6932708399 -10453.2242538567 -1081.99648004133 -380.098589161954 -879.712275937648 -1986.17857502437 -163.423054805799 83091.6418461336 43.6367549545615
660170 1134.46112950244 -11584.5032230995 -10450.0420935971 -1520.19311016213 -406.820947026709 -1974.61702228846 -2179.14136117121 -335.599686105895 83175.5917060868 43.6514458282598
660180 1130.50379401157 -11578.1008905374 -10447.5970965258 -326.374757341321 781.755155485924 -1248.70320940705 -512.176218102838 -483.030606897488 83017.9852780489 43.6238572120548
660190 1128.71915826783 -11574.1361860828 -10445.417027815 1274.71922286236 1944.59211559678 244.369357380933 1635.1961956094 -639.316469892824 82763.7411979874 43.579278723227
660200 1137.19984000036 -11580.7286426902 -10443.5288026899 1535.17391518322 1817.47130193009 619.98761945128 2168.06282416827 -922.512687767815 82669.2389598927 43.5626856765924
660210 1146.01196496223 -11588.1457604105 -10442.1337954483 212.971185217314 3.18033925531125 -357.543684498716 993.276900895348 -1043.56644856691 82815.1775902765 43.588304804128
660220 1140.29739369245 -11581.2434238646 -10440.9460301722 -1083.9776996794 -1568.09716438461 -1119.57804974757 -564.257884906025 -746.514609235373 83027.9665148837 43.6256054380568
660230 1133.12585486316 -11573.1144377566 -10439.9885828934 -1191.31072126417 -1991.52047541432 -616.517489736599 -965.894198641598 -268.205879366136 83093.090348546 43.6370085202878
660240 1134.60019602942 -11573.7704025445 -10439.1702065151 -45.5032942516388 -1587.61786611184 1107.97639726415 343.131586092769 -102.034962190218 82971.2441026391 43.6156685721686
660250 1139.78767365649 -11578.077241241 -10438.2895675845 925.303209730642 -1032.0548465367 2273.59194485349 1534.37253087513 -313.887664817089 82824.9782435438 43.5900242031702
660260 1143.08892386384 -11580.6335477142 -10437.5446238504 1104.91597288006 -432.389287621833 2195.31620198829 1551.82100427374 -842.188443905217 82818.3649472029 43.5888639999458
660270 1141.36405741547 -11578.4041117918 -10437.0400543764 465.439465651917 70.1243397353163 988.046346004623 338.147711215827 -1490.64053478303 82994.2139950733 43.6196930780466
660280 1133.93499051055 -11570.4357962672 -10436.5008057567 -798.652504632956 135.041699454698 -1250.53281129484 -1280.46640205872 -2046.43031904866 83255.6269746231 43.665442463299
660290 1130.45508607801 -11566.3015137891 -10435.8464277111 -1605.74875883641 572.331775578485 -2865.1848767945 -2524.39317529323 -2188.05021719533 83400.2203062678 43.6907063421622
660300 1131.34735197609 -11566.626285251 -10435.2789332749 -1197.90425154031 1784.27213187784 -2864.6237892844 -2513.36109721438 -2186.20792802826 83287.0118633342 43.6709286305556
660310 1133.75143098702 -11568.3160547838 -10434.5646237968 547.44158661425 3575.52332994811 -1194.90173570812 -738.296834397265 -2169.78237083308 82978.6714723964 43.6169699870355
660320 1130.88701318226 -11564.3962073778 -10433.5091941955 1983.21886865263 4460.3750437294 420.094433227184 1069.18712900133 -2094.98136558062 82748.1153909472 43.5765359591046
660330 1123.86456364935 -11556.4358621209 -10432.5712984716 1611.13139553277 3543.23434035956 389.189053708439 900.970792530282 -2003.38038801591 82823.4996814019 43.589764817075
660340 1122.82776924807 -11554.252403076 -10431.4246338279 -244.458399825755 1219.43089250155 -834.690971770623 -1118.11512020821 -1941.86853617213 83159.7362879969 43.6486719539679
660350 1131.22919007711 -11560.8604541571 -10429.63126408 -1981.78475626721 -1144.11980346141 -2264.99928244241 -2536.23518289779 -1850.43908434381 83467.6211898012 43.702472894917
660360 1130.46904618066 -11558.3160261662 -10427.8469799856 -1987.85872899787 -1384.77609383085 -2698.30329557067 -1880.4967975921 -1615.36482983097 83465.6672207604 43.7021318686836
660370 1120.11390296413 -11546.1876281076 -10426.0737251435 -274.164389546844 48.0851492947553 -1492.25131086975 621.67299293449 -1055.51863201996 83143.5074214793 43.6458323804455
660380 1123.91321573924 -11547.4634990513 -10423.5502833121 2003.20460593365 1681.08453144251 963.675327924097 3364.85395843435 -557.934691755 82780.3705021616 43.5821972498676
660390 1138.32991978236 -11559.1530891122 -10420.8231693298 2374.00683726697 1667.9836619636 1772.98950408801 3681.0473457493 -203.124300944169 82727.3648764637 43.5728931323928
660400 1148.31883970836 -11566.6959861769 -10418.3771464685 452.62983411955 -176.476900187084 350.739414247087 1183.62698829866 102.224750793634 83043.4808417672 43.6283225135187
660410 1150.82091113215 -11566.4744148338 -10415.6535037016 -1881.27564413407 -2726.97598901254 -1603.16123451349 -1313.68970887617 349.448445866401 83429.5724198759 43.6958312852991
660420 1149.95617083161 -11563.2085523247 -10413.252381493 -2361.74516088763 -3186.36582036334 -1851.29499457041 -2047.57466772913 474.236741074375 83516.6552631021 43.7110290701118
660430 1142.37001484395 -11553.8377389341 -10411.4677240902 -674.588565239862 -1462.80446930244 23.8779819378216 -584.839208354937 477.617028853039 83232.8972448743 43.6614683813944
660440 1137.30613166839 -11546.7456452124 -10409.4395135441 1406.84026653815 839.991706252754 1967.35734322157 1413.17175014016 372.614941003796 82851.8321856563 43.5947346883623
660450 1147.89553594637 -11555.2745479115 -10407.3790119652 2148.4422413931 2010.15751473473 2295.77011147662 2139.39909796796 117.391294759297 82703.9055294801 43.5687740267892
660460 1164.31090798106 -11570.1781731729 -10405.8672651919 975.782478618537 1401.88876857596 804.286885618199 721.171781661442 -142.605561943432 82890.6379073142 43.6015398530505
660470 1165.84263100556 -11570.5141643111 -10404.6715333055 -737.152739805299 412.832468865525 -1056.63126705554 -1567.65942122588 -321.281607445442 83222.2595175899 43.6596082251451
660480 1153.70773314796 -11557.5729135136 -10403.8651803657 -1383.59722597151 -60.8968494057659 -1910.43561600078 -2179.45921250797 -40.062244255087 83427.1685173228 43.6954116038592
660490 1139.46426732635 -11542.9960832813 -10403.531815955 -571.454396485026 297.870485428155 -1272.14950126186 -740.084173621383 391.330839350346 83410.7201791522 43.6925397810141
660500 1132.90290454696 -11536.1491830591 -10403.2462785121 578.913860857193 1124.7585262566 -303.30628423222 915.289340547205 471.128794543658 83307.8790905252 43.6745755180786
660510 1136.74879019231 -11539.6243546922 -10402.8755644999 560.019102804929 1370.87898338614 -324.902302856513 634.080627885162 446.796425523945 83290.4942264429 43.671537272519
660520 1147.92382995592 -11550.4244198959 -10402.50058994 -227.913236673121 827.720940164591 -767.331732086563 -744.128918097403 308.216174908193 83356.1718498298 43.6830131287153
660530 1157.26419708734 -11559.56111872 -10402.2969216327 -740.188428315911 502.006867730958 -1077.91965720132 -1644.65249547738 -20.0399902556911 83385.2992088376 43.6881006249533
660540 1156.62049605973 -11559.1420772921 -10402.5215812324 -469.204906322541 803.886180305197 -1218.45847806589 -993.04242120693 -533.052432209396 83300.9880728997 43.6733712679659
660550 1145.58661479433 -11548.7117172127 -10403.1251024184 453.052907704176 1537.77190434169 -792.552361654744 613.939180425595 -1284.09994641929 83152.8643681972 43.6474696155569
660560 1136.18742803173 -11540.1586127772 -10403.9711847455 1004.13631992394 1485.61683821644 -471.63161479283 1998.4237363482 -1841.57076591243 83082.8880695633 43.6352225107456
660570 1135.07252122371 -11540.1023582569 -10405.0298370331 499.17369943372 647.438135634397 -732.475185321063 1582.55814798784 -1607.78850585984 83167.3722506909 43.650007894671
660580 1141.71046292186 -11547.9323862497 -10406.2219233279 -352.80357013122 -100.045274186971 -937.149557769281 -21.2158784373969 -696.961743200782 83325.8764131234 43.6777203539877
660590 1147.51636434343 -11555.2394695359 -10407.7231051925 -773.819507428226 -295.642706861751 -804.264535244394 -1221.55128017854 155.753408459951 83425.894902611 43.6951892486271
660600 1142.37046176876 -11552.1634618983 -10409.7930001296 -721.81872621901 -130.502735071935 -546.410709685067 -1488.54273390001 546.33182447533 83396.8583649812 43.6901192631246
660610 1132.89508778229 -11545.2906373673 -10412.395549585 -95.561950731969 588.150766180906 32.8725668042105 -907.709185181013 700.364656510063 83258.1479981149 43.6658831962526
660620 1131.80903635105 -11547.1924861384 -10415.3834497874 482.718892048011 1063.01102071099 578.014831827007 -192.869176393946 1134.73044562326 83109.9347496032 43.6399569788844
660630 1132.33643483847 -11551.089316621 -10418.7528817826 521.31123993267 751.05221412401 556.342850907049 256.538654766963 1688.5743524088 83041.1206286665 43.6279091834059
660640 1132.51002829808 -11555.0196229095 -10422.5095946114 7.11702776295337 -247.049782533997 -539.804869475986 808.205735298848 1690.53396326182 83053.6852478898 43.6301094604796
660650 1136.52206764749 -11563.084698933 -10426.5626312855 -529.666374313054 -1285.02234257698 -1905.99197868798 1602.01519832582 1199.17623224861 83067.2508314619 43.632484774202
660660 1145.63802799116 -11576.5778798088 -10430.9398518177 -474.676890170395 -1368.37719377571 -2420.48980811282 2364.83633137732 324.155492200353 83000.0185644106 43.6207099667277
660670 1146.45383393232 -11582.0296499535 -10435.5758160212 471.571032747261 -206.451572325511 -1773.82815656412 3394.99282713142 -614.272004529186 82868.2536486111 43.5976146972084
660680 1135.60266624656 -11575.8565428399 -10440.2538765934 1148.01480136793 954.162705071751 -1141.28103608166 3631.16273511368 -1163.45012982852 82814.554728091 43.5881955263536
660690 1124.28483165142 -11568.9931698721 -10444.7083382206 556.924255224959 1150.72112051297 -1361.57110486263 1881.62275002454 -1068.74277725088 82936.0665307975 43.6095037447624
660700 1121.73845699832 -11570.2218263651 -10448.4833693668 -844.370488819919 333.365108020911 -2277.63493027705 -588.841644203605 -758.835628870358 83140.678291821 43.6453373282831
660710 1125.76324656544 -11577.3478100927 -10451.5845635272 -1770.99598617779 -900.256065747973 -2726.57051243692 -1686.1613803485 -481.90923284548 83207.114123113 43.6569595663619
660720 1127.06921117059 -11581.4218342699 -10454.3526230993 -778.15392276841 -1195.49370361607 -1337.14412122097 198.176056531776 -407.707738259961 83001.5383714734 43.6209762102764
660730 1123.35490160575 -11579.797853003 -10456.4429513973 987.655068794441 -909.991922427662 658.331362313932 3214.62576649705 -331.329570366019 82675.618375037 43.5638061953896
660740 1120.49213312512 -11578.4221741953 -10457.9300410702 1769.05510740561 -1153.85103620443 1406.59031782063 5054.42604060064 -102.66615005365 82505.0189513819 43.5338212246402
660750 1120.91090915704 -11580.1127972564 -10459.2018880994 1045.16844806561 -1968.30146275882 399.237969193107 4704.56883776253 141.203188932163 82612.4262520571 43.5527042077659
660760 1121.6957652821 -11581.7118119923 -10460.0160467102 -580.977191511872 -2847.89713805832 -1705.40535979443 2810.37092331716 87.5289090352141 82882.7192712693 43.6001513740903
660770 1117.99074052328 -11578.2948755403 -10460.304135017 -1570.3758244641 -2710.00659494573 -2858.64759398319 857.526715536649 -413.445344431213 83064.2255399886 43.6319550725232
660780 1110.59356032747 -11570.9580078594 -10460.364447532 -1020.20566885526 -1108.68813741578 -2115.46307637589 163.534207225893 -842.70825441814 83001.3810698629 43.6209486539432
660790 1105.40864499888 -11565.2997699837 -10459.8911249848 546.154663566824 1310.0352902472 -437.61130274488 766.040003198154 -1056.0045006934 82779.6471737605 43.5820703102212
660800 1113.82570169964 -11572.5751163771 -10458.7494146775 1506.71952958906 2751.30077360113 378.281730224818 1390.57608494125 -1076.88488065628 82639.5384396122 43.5574681397286
660810 1126.64284487303 -11583.9972464093 -10457.3544015362 994.508119520504 1938.46749449862 -110.812669874766 1155.86953393765 -1000.64905503364 82733.3627784976 43.5739461480382
660820 1128.39414188701 -11584.0757770848 -10455.6816351977 -809.541467551879 -753.301966710654 -1132.61451578639 -542.707920158598 -774.311294101642 82979.6445718213 43.6171404866018
660830 1124.23323079416 -11577.9740329907 -10453.7408021965 -1811.73548050636 -2905.69327262763 -996.705255712862 -1532.80791317859 -745.290297463031 83106.5310796687 43.639361229661
660840 1125.98927332128 -11577.822108514 -10451.8328351927 -846.554469506279 -2768.01578035569 643.483691491124 -415.131319654257 -621.678187789933 82954.7713301906 43.6127819554698
660850 1133.22057501897 -11582.8260757895 -10449.6055007705 1048.98831169007 -1313.14606341253 2833.59100996892 1626.51998851382 -270.90833676528 82663.8426030806 43.5617377830599
660860 1140.08789800572 -11587.3049653368 -10447.2170673311 2097.66744387097 -162.455333813835 3786.85205643889 2668.60560898787 27.8490358328798 82529.8360604742 43.5381857077454
660870 1142.04826613625 -11587.3177988135 -10445.2695326772 1370.50836485211 -332.686432070729 2791.84219325269 1652.36933337438 96.321741839758 82726.3716011673 43.5727187441009
660880 1134.07499101872 -11577.4160903032 -10443.3410992844 -627.071128850949 -1975.32227503831 697.321924894839 -603.21303640937 100.347181281553 83152.6155968186 43.647426088285
660890 1121.58876157962 -11562.5854406633 -10440.9966790837 -2227.47549251559 -3607.82735939285 -746.067673613982 -2328.53144453994 406.903352679796 83491.1990763761 43.7065875241433
660900 1120.10919995772 -11558.8784384146 -10438.7692384569 -2014.47187235563 -3671.61177055864 -542.953882185806 -1828.84996432243 1140.3253609903 83478.4313135471 43.7043594897407
660910 1130.51903426962 -11567.0483913313 -10436.5293570617 -325.191984685929 -1973.78194991414 706.073612759645 292.132383096692 1946.61599018895 83136.947072232 43.6446844077266
660920 1146.15120646553 -11579.9832869597 -10433.8320804942 1471.91012393068 -140.616644155582 2166.48977317164 2389.85724277601 2069.55706637578 82737.7473099065 43.574715881691
660930 1162.46898140672 -11593.847097956 -10431.3781165493 2034.78703597302 835.846861953059 2023.86093025094 3244.65331571507 1466.9866920073 82571.1959510359 43.5454575581558
660940 1165.32671516537 -11595.15772531 -10429.8310101446 1140.31179026026 668.154297006001 315.636588856499 2437.14448491828 682.459377485217 82726.5065095933 43.5727424299123
660950 1153.69985159467 -11582.5286078252 -10428.8287562305 -497.595302676806 -129.362663580383 -1749.64602293293 386.222778482885 -54.6250898080831 83065.3929691661 43.6321594805319
660960 1139.41192530308 -11567.3744011577 -10427.9624758546 -1753.95899995102 -1000.39628060589 -3220.13841775834 -1041.34230148882 -536.539647929165 83322.3590799011 43.6771057739589
660970 1132.63034625549 -11560.0352176724 -10427.4048714169 -1555.98173405875 -732.824932535661 -3083.08577371674 -852.034495923867 -337.945835069034 83299.630187251 43.6731339607915
660980 1133.2100557077 -11560.1429160354 -10426.9328603277 -263.526057451204 428.42710097852 -1505.58351469578 286.57824136362 274.216167769766 83028.7395845849 43.6257408363268
660990 1137.2134563116 -11563.3792336124 -10426.1657773008 1256.15840319085 1924.90256920554 427.028029870031 1416.54461049698 670.779939835693 82723.1358971065 43.5721506452852
661000 1142.22528626678 -11567.6583724518 -10425.433086185 1807.59988427282 2455.33760929947 1299.01322743846 1668.44881608052 495.260899234686 82622.5858873428 43.5544894979179
661010 1141.10397617951 -11566.1584221894 -10425.0544460099 912.40773466258 1108.8259916445 544.066948066517 1084.33026427672 93.1482333146042 82806.0209549534 43.5866982672028
661020 1137.81977468957 -11562.4603377848 -10424.6405630953 -667.120144931004 -1215.08982428716 -673.917126839168 -112.353483666702 -215.644470538778 83128.4395191698 43.6431956106359
661030 1137.25503826115 -11561.3412797606 -10424.0862414994 -1645.1350090314 -2727.54864214181 -1389.39363989556 -818.462745056817 -365.691774790998 83337.2732725133 43.6797115967466
661040 1138.37424820655 -11562.1134684919 -10423.7392202854 -1112.53723235846 -2389.03119410769 -771.371936424977 -177.208566542722 -393.232180260015 83284.5635916136 43.6705007153066
661050 1143.14737201276 -11566.600501055 -10423.4531290423 201.287260998898 -700.701266939219 283.69818821913 1020.86486171679 -185.63445135093 83058.0958332505 43.6308817758608
661060 1148.36634323308 -11571.518557454 -10423.1522142209 1283.94745367437 1124.00364203236 727.417092532897 2000.42162645789 230.057449874682 82871.3372685167 43.5981554624154
661070 1146.58375688091 -11569.7526262035 -10423.1688693226 1497.85590694687 2294.37923514879 165.828289642323 2033.3601960495 639.395599904949 82894.9013144567 43.6022873758676
661080 1138.20641151269 -11561.6895251923 -10423.4831136796 303.429524595702 1724.5580098611 -1368.76357952776 554.494143453761 899.948239324737 83146.4317636212 43.6463440814571
661090 1125.13662677606 -11548.7211458253 -10423.5845190493 -1115.70080483419 -49.7701508003718 -2595.48444429829 -701.847819403908 979.22629253312 83437.1169965376 43.6971483906634
661100 1116.38617040625 -11539.8221109666 -10423.4359405603 -1743.34641026821 -1247.25839404559 -2675.39554649923 -1307.38529025978 673.457316014733 83537.7982476192 43.7147173708891
661110 1122.00717932349 -11545.157916604 -10423.1507372805 -989.793588322243 -1178.42347301689 -950.474696619882 -840.482595329947 211.349899800335 83361.7749405869 43.6839918780897
661120 1133.97660960151 -11556.4088646975 -10422.432255096 479.673937545092 35.6459698302664 1221.64513108282 181.730711722176 89.066460338377 83041.1720523858 43.6279181890202
661130 1145.4247587246 -11566.8196543223 -10421.3948955977 1489.74277452187 985.705517161982 2631.12922405342 852.393582350207 428.173898470931 82816.7651923013 43.5885833377687
661140 1150.18839357013 -11570.740106298 -10420.5517127278 985.466171744554 610.270044998814 2170.54150832055 175.586961914286 945.848329030847 82829.9228661199 43.5908916223689
661150 1152.77054854293 -11572.6650836035 -10419.8945350606 -299.859193589416 -794.39239375647 870.739578317833 -975.924765329605 1058.66000128719 82991.87325624 43.6192829961687
661160 1156.44280032426 -11575.8051631972 -10419.3623628729 -1092.48748877225 -1839.96759485371 -100.621430893682 -1336.87344056939 959.807446910194 83100.4749945494 43.6383011841886
661170 1163.48232552766 -11582.7360661651 -10419.2537406375 -899.829826446784 -1745.24706939934 -107.622086008259 -846.620323932762 369.587986733075 83035.3057846509 43.6268908308662
661180 1161.4750513858 -11581.158995204 -10419.6839438182 249.443951595991 -603.984462298887 916.720200143798 435.596116943052 -296.672699022247 82841.7683470441 43.5929694965021
661190 1148.86689728217 -11569.5906979179 -10420.7238006357 1484.21574028889 410.160219255642 2015.44184855981 2027.04515305124 -297.115068430733 82704.5069818733 43.5688796424379
661200 1135.89117129063 -11558.561722995 -10422.6705517044 1638.09096980805 119.127444589459 1939.11569743605 2856.02976739867 223.886558304984 82804.8799824451 43.5864980746231
661210 1126.34144302941 -11551.6766764903 -10425.3352334609 206.425305901204 -1444.98265509216 -28.2417612511334 2092.5003340469 799.741098177434 83142.9484675218 43.6457345733881
661220 1119.92456226081 -11548.0148386466 -10428.0902763858 -1641.31853681574 -3063.84123293877 -2171.92113022453 311.80675271611 1331.19369460998 83478.8130285642 43.7044261040931
661230 1119.19127863274 -11550.3418882978 -10431.1506096651 -2290.98292625432 -2969.6956396946 -3006.36803696448 -896.885102103885 1670.27559950916 83529.6501789773 43.7132960498163
661240 1127.54282552991 -11562.2418083136 -10434.6989827837 -1307.58744432864 -917.322012291429 -2342.85571544567 -662.584605248816 1815.11677024452 83225.9705219154 43.6602571644542
661250 1138.49505129916 -11576.6392583833 -10438.1442070842 565.218978099494 1701.1058648782 -668.556099263048 663.107168683318 1690.85227404068 82765.1748005546 43.5795303430959
661260 1138.34931557247 -11579.7559709964 -10441.4066554239 2093.02449553193 3183.58390656846 751.644821742066 2343.84475828526 1730.66104504844 82463.3698953079 43.526494608776
661270 1129.18825165314 -11574.2167436778 -10445.0284920246 1693.95233379649 1907.42855058404 461.892749766177 2712.53570103925 1423.57226887596 82508.6090153139 43.5344526485889
661280 1124.51380103305 -11573.1050212776 -10448.5912202446 127.375189919238 -540.351550244826 -1230.96941286456 2153.44653286711 733.372642036328 82791.3708605443 43.5841276533817
661290 1125.51879470023 -11577.1459192405 -10451.6271245403 -1151.25093040995 -2047.92886300503 -2831.94349785904 1426.11956963423 -11.9971983295199 83049.7941948775 43.6294280950889
661300 1125.20699355393 -11579.6065679368 -10454.3995743829 -1360.4799420637 -1929.0411813188 -3401.45765778646 1249.05901291416 -539.947997172533 83099.296105253 43.6380948276888
661310 1121.36092837592 -11578.3258432245 -10456.9649148486 -345.753249312258 -362.607228101388 -2538.57395525107 1863.92143541566 -461.205779144236 82945.9179505968 43.6112303700106
661320 1118.54857887468 -11577.6067176733 -10459.0581387986 637.960284893994 1223.46946480457 -1398.27871576479 2088.69010564223 -179.79625816384 82759.8857258897 43.5786020126297
661330 1120.19565594936 -11580.9340449008 -10460.7383889514 905.381314724888 1820.21142121651 -692.642363225516 1588.57488618365 -262.670207467684 82690.6289501909 43.5664425156198
661340 1123.68851637987 -11585.8276598331 -10462.1391434533 474.028605726931 1419.08787211218 -571.85658570358 574.85453077221 -565.329449434934 82763.9361968913 43.579312948782
661350 1121.26830878979 -11584.5052864679 -10463.2369776781 -23.2993570407088 319.243170889793 -241.187679519156 -147.95356249275 -924.667669496323 82906.7431485978 43.6043635247519
661360 1114.30835724723 -11578.2744672927 -10463.9661100455 -444.268928534132 -594.23556994864 -116.640644098699 -621.930571555058 -1167.58923463207 83035.4219784882 43.6269111803366
661370 1111.29055999589 -11575.5529528741 -10464.2623928782 -622.131717565576 -791.19651068327 -550.171085735672 -525.027556277756 -965.685013924632 83085.5735368366 43.6356926424507
661380 1114.82952181565 -11578.9199466219 -10464.0904248062 -407.356534126287 -150.648288606653 -1182.67382122373 111.252507451531 -720.038777810671 83035.402889353 43.6269078371848
661390 1125.82820894849 -11589.3187835851 -10463.4905746366 51.4990964307718 723.61030663526 -1679.47711583111 1110.36409848815 -864.868143844045 82923.5338390867 43.6073069843694
661400 1134.76732502841 -11597.3611787899 -10462.5938537614 480.650547866419 1466.94693344578 -1574.80139191432 1549.8061020678 -1020.02232561771 82824.6838171712 43.5899725518118
661410 1138.05134909298 -11599.6654711239 -10461.614122031 428.001149394034 1465.0537629741 -1070.3851672597 889.334852467719 -974.246913223057 82802.0976132047 43.5860098783963
661420 1135.38190227155 -11595.9934283984 -10460.6115261268 20.6172603606498 867.653375863661 -589.608220218525 -216.193374563154 -536.242532992684 82847.7303208796 43.594015240753
661430 1132.01219276597 -11591.5480548883 -10459.5358621223 -218.137705220881 633.212249677411 -266.286610644073 -1021.33875469598 -13.0742991718695 82898.6660257674 43.6029474387381
661440 1125.45550488723 -11583.7594103489 -10458.3039054616 -106.425255747493 1020.66596267561 -124.441914037335 -1215.49981588075 192.38787013502 82918.7609498356 43.6064703226463
661450 1118.52559402664 -11575.3128689896 -10456.787274963 4.63511446974135 1269.51912621703 -30.2640766472834 -1225.34970616051 108.280895911698 82921.6810685823 43.6069822075131
661460 1119.00799375011 -11573.8603468933 -10454.8523531432 31.2693856569282 1277.42596704788 -107.25497999222 -1076.36283008488 -180.235623405772 82925.070565066 43.6075763573064
661470 1127.97018161065 -11580.4496714546 -10452.479489844 -87.6393652546696 1300.2494568176 -512.709127142331 -1050.45842543928 -268.299063906195 82931.8305568928 43.6087612778129
661480 1139.59711542051 -11589.4208307837 -10449.8237153632 -230.680502124726 1474.40886468965 -1163.85088390641 -1002.5994871574 0.903077423949086 82922.445354143 43.60711618166
661490 1142.9728286906 -11590.0814444612 -10447.1086157706 -60.0014663441591 1711.31140641588 -1301.28519903466 -590.03060641369 168.137048028564 82878.8557601102 43.5994739015914
661500 1136.48707759777 -11580.9170967415 -10444.4300191438 228.276997756754 1794.97307431237 -925.629533544697 -184.512547497403 168.929376007554 82823.9253236912 43.5898394883764
661510 1133.23213148493 -11574.9700907419 -10441.7379592569 594.613185436544 1837.55697574057 -176.144373573085 122.426954142138 -246.487277239871 82806.5157477649 43.5867850819126
661520 1139.1639995625 -11578.1823304653 -10439.0183309028 619.076456831463 1673.12263825231 -46.1645259597777 230.27125820186 -550.866390888173 82887.8852276349 43.6010571994225
661530 1146.93644416348 -11583.2745033946 -10436.3380592311 -145.321880265932 1029.15497638742 -985.60721431869 -479.513402866513 -429.765982382961 83076.5202228239 43.6341076822692
661540 1147.21294749831 -11580.9551548991 -10433.7422074008 -1000.67267104517 246.693777119283 -2142.67791074115 -1106.03387951363 -28.3718290042376 83260.7283918302 43.6663342992748
661550 1148.94214909067 -11580.3795615842 -10431.4374124936 -1148.65694527398 3.59805074459581 -2531.41346514105 -918.155421425469 704.263584088067 83297.1784031283 43.6727054749077
661560 1155.63990697329 -11585.1461498805 -10429.5062429073 -262.398569886384 825.456139299688 -1642.6941675195 30.0423185606661 1288.45743069809 83146.5379034186 43.6463626535596
661570 1160.37319198862 -11588.2324952779 -10427.8593032892 802.558604917995 1896.88787244164 -625.196760944876 1135.98470325724 1421.01311354236 82928.2739833923 43.6081378743062
661580 1155.05723962967 -11581.7042795161 -10426.6470398864 1405.5958882187 2670.77048061754 -175.788507577035 1721.80569161561 1266.26498665912 82818.1851187811 43.5888324508955
661590 1137.47428829211 -11563.4114540762 -10425.9371657841 940.309825674518 2577.22955758157 -801.975697820578 1045.67561726255 1228.80694990131 82930.4637876872 43.6085217098085
661600 1120.65190406484 -11545.884614112 -10425.2327100472 -154.59394084543 1856.32656211184 -1927.3539448568 -392.754439791325 1302.83481885889 83226.0973723234 43.6602793463068
661610 1117.69773755027 -11541.7139538857 -10424.0162163354 -1441.24288095225 915.627700943368 -3277.45341450125 -1961.90292929887 899.467962022464 83539.6366442872 43.7150380417029
661620 1129.48850646159 -11551.9360984912 -10422.4475920296 -2033.85930898718 306.777455296418 -4012.97665915139 -2395.37872310658 337.095433815076 83647.1316018815 43.7337801711499
661630 1146.08235926429 -11567.0800442512 -10420.997684987 -953.274987873034 460.157818554277 -2652.0631924849 -667.919589688472 20.2523941495725 83420.4322043663 43.6942355126041
661640 1155.25408752261 -11574.6349657274 -10419.3808782048 1312.6199299903 1311.55418726172 305.861466851764 2320.44413585742 26.1687980074741 83006.8605974838 43.6219085453339
661650 1151.34505072721 -11569.132067965 -10417.7870172378 2725.35933940507 1487.66297339206 2639.50568753282 4048.90935729034 1.706187760152 82768.273357601 43.5800741788177
661660 1137.65158640751 -11554.637727704 -10416.9861412965 1869.08659920389 -0.725836599230037 2643.68657089678 2964.29906331414 -159.743076433851 82954.4777345687 43.6127305035893
661670 1119.39868637179 -11535.4510600248 -10416.052373653 -633.154543276005 -2416.06052575885 966.072384549854 -449.475488619019 -416.513559355629 83464.0076139298 43.7018422133091
661680 1113.93999980134 -11528.0045966587 -10414.0645968574 -2742.3915376632 -3798.17632498091 -926.180175273152 -3502.81811273554 -280.563325822791 83894.2677133009 43.7768084228823
661690 1126.55414349593 -11538.521393679 -10411.9672501831 -2649.86446410751 -2863.60495718025 -1421.62715375177 -3664.36128139046 -54.7776354871735 83886.0010599645 43.7753705034777
661700 1135.16470862025 -11544.9192194729 -10409.7545108527 -312.483946567693 -37.0064644342822 -221.65863743728 -678.786737831514 148.303079607796 83450.7012304659 43.6995196777522
661710 1136.32100339253 -11542.8085564667 -10406.4875530741 2265.07218121756 2524.11990619323 1620.28648996641 2650.81014749304 308.096626929285 82975.1931935827 43.6163605368407
661720 1142.2261477148 -11545.2224622018 -10402.996314487 2689.47465418601 2610.73006159843 2057.44266301218 3400.2512379474 583.697699923217 82865.3158208004 43.5970994866466
661730 1155.36916755987 -11555.0938522286 -10399.7246846687 510.451718960737 70.5058859952624 67.5593355065808 1393.28993538035 831.698033351886 83170.8467415593 43.6506157429885
661740 1166.56224952031 -11562.5166509512 -10395.9544014309 -2063.66073436153 -2381.03848108889 -2421.41519351633 -1388.52852847935 1027.31757926818 83547.9705536183 43.7164916632571
661750 1170.40252118162 -11562.9740060436 -10392.571484862 -2764.60751138625 -2835.97700819502 -2943.49687681233 -2514.34864915139 910.455436589891 83590.1647479741 43.7238497981419
661760 1174.00764025671 -11564.1434024168 -10390.1357621601 -871.459522118697 -638.30931805623 -1497.16497383706 -478.904274462836 625.553323556823 83199.8790687304 43.6556941712277
661770 1174.27922402549 -11561.8815086772 -10387.6022846517 1963.00949877271 2375.94623672937 822.756709191059 2690.32555039767 632.145780438223 82696.8383961641 43.567532992672
661780 1167.76576713129 -11553.3041237055 -10385.5383565742 3073.85837083894 3525.63919956403 1760.09486021371 3935.8410527391 1156.73815768735 82524.1257262857 43.5371815322194
661790 1162.07685303864 -11546.7982168113 -10384.7213637726 1777.85615677975 2055.58920899164 467.226957689257 2810.75230365836 1379.36814045159 82833.6245253095 43.5915409699127
661800 1153.26849718707 -11537.2009026617 -10383.9324054746 -942.810470621869 -1033.93521022137 -2097.13944328692 302.643241642662 1127.37534053329 83395.3488635364 43.6898556612841
661810 1146.60267492521 -11529.4029443999 -10382.8002694747 -2573.00998694524 -2714.83298322579 -3516.18245353096 -1488.01452407894 605.331582474972 83766.5918559792 43.7545896648443
661820 1146.45206159932 -11528.7035818926 -10382.2515202933 -1962.16494224456 -2289.26667533288 -2187.97091744705 -1409.25723395376 437.444138215744 83709.9385876709 43.7447233625577
661830 1150.95800234565 -11532.8809001254 -10381.9228977798 -53.4883863964713 -458.833902139735 622.930558016336 -324.561815066004 507.317263181177 83355.1723418037 43.6828385297793
661840 1163.13447603024 -11544.535417647 -10381.4009416167 1595.8715643396 1203.97151239604 2704.56648120565 879.07669941713 283.302701786039 83027.2034781446 43.6254717961725
661850 1178.93992914318 -11560.4431497098 -10381.5032205666 1717.20586923303 1486.02573255229 2909.29117523676 756.300699910043 -155.498226477188 82971.2218539706 43.6156646736668
661860 1177.03915953163 -11559.8192214578 -10382.7800619262 637.323887437104 573.359769353395 2166.57587525755 -827.963982299617 -315.714469722186 83183.1591536744 43.6527696140972
661870 1157.26745580875 -11542.3011694155 -10385.0337136068 -595.109393704853 -673.460004338633 1036.45192147841 -2148.32009825433 -223.04057045651 83477.1148655293 43.7041297504777
661880 1141.54501176036 -11529.6732606486 -10388.1282488882 -951.505927305391 -949.321371768053 58.9303186204747 -1964.1267287686 12.522557260276 83659.484379404 43.7359328931664
661890 1138.44163459838 -11530.4143434006 -10391.9727088022 -710.018728587265 -520.70866923774 -585.151535324769 -1024.19598119926 203.003945656762 83677.1521532655 43.7390114928345
661900 1135.83950343656 -11532.1743518419 -10396.3348484054 29.4618942207267 601.844550421465 -536.539639837369 23.0807720780931 454.115352192593 83585.2481299428 43.7229925294912
661910 1129.77207488505 -11530.6692611175 -10400.8971862324 491.792364712194 1476.12513201166 -597.387325774247 596.639287899189 607.337394708399 83500.826615507 43.7082674245936
661920 1130.80820075214 -11536.2586381012 -10405.4504373491 384.042899363895 1178.72250780607 -658.28899392465 631.695184210248 378.807295386377 83496.2336077724 43.7074660110051
661930 1133.66090361734 -11543.4816267947 -10409.8207231774 -113.75816130708 300.897021281739 -636.883679195554 -5.28782600741174 -89.2852224745301 83552.0897167017 43.7172101024087
661940 1134.09916403338 -11548.0145754591 -10413.9154114257 -766.003279303548 -685.919936688229 -669.021141331126 -943.06875989129 -157.721992638306 83581.8523058665 43.7224004090521
661950 1130.36068369642 -11548.0658208437 -10417.7051371473 -614.819877143734 -779.554915623181 -164.345852946774 -900.558862861238 158.938821716724 83492.9428082135 43.7068917958847
661960 1129.3337302008 -11550.4055341022 -10421.0718039014 -112.50727499637 -602.650734359044 165.177091465904 99.9518179040336 716.231788388214 83306.7756334444 43.6743826862484
661970 1130.95835407166 -11554.9218218467 -10423.963467775 501.08996900788 -398.065911066396 568.00964393641 1333.32617415363 1070.06982433095 83107.3074387705 43.6394971183384
661980 1130.80405734679 -11557.2539292849 -10426.4498719381 958.347444538232 -16.8678530952895 951.174189188215 1940.73599752177 879.789731516316 82996.8503319654 43.6201549375061
661990 1132.09883478948 -11560.7858063669 -10428.6869715775 265.80939288587 -442.592928168186 481.689609524566 758.331497301234 302.406038467524 83032.9142481372 43.6264719877283
662000 1134.47774837037 -11565.121181608 -10430.6434332376 -704.033591898775 -1030.89156366827 -41.0797876594527 -1040.12942436861 -177.463821299659 83110.5089081495 43.6400574730738
662010 1137.88926367823 -11570.3508150165 -10432.4615513382 -843.145240203595 -661.498678256411 109.93543930897 -1977.87248166333 -379.299873370345 83081.4028607234 43.6349624981009
662020 1138.785223205 -11573.0019012459 -10434.2166780409 -155.879006501068 428.609292428108 1008.16173994188 -1904.4080518732 -517.630399191049 82919.1712746087 43.6065422516256
662030 1141.62262549319 -11577.4615532705 -10435.8389277773 850.706734258888 1914.00952668525 1783.98392715337 -1145.87325106196 -563.020173055314 82732.066744856 43.5737186155044
662040 1145.31069345541 -11582.8152737123 -10437.5045802569 1276.03279783703 2749.39843083602 1418.20695992269 -339.506997247596 -713.768046970966 82677.8519278525 43.5641984963995
662050 1140.08594913583 -11579.4402401171 -10439.3542909813 497.930308159165 2353.49454552136 -596.536142940475 -263.167478103391 -757.425982996604 82824.8472967106 43.5900012311202
662060 1133.24829435215 -11574.3197089085 -10441.0714145563 -1092.09493341415 749.307356147574 -2947.30330325105 -1078.28885313898 -748.246361268387 83052.1681943988 43.6298438105663
662070 1135.07925252201 -11577.7486989472 -10442.6694464251 -1726.97994445 -167.351886622605 -3918.92723480978 -1094.6607119176 -879.649005845507 83117.5231480425 43.641285128578
662080 1143.94706350751 -11588.3957385868 -10444.4486750793 -886.154260325202 488.651179961558 -3391.88238425888 244.768423321728 -915.90700466952 82906.2715876019 43.6042808529237
662090 1148.66298607987 -11594.8231375512 -10446.1601514713 1001.05727023704 2094.31026611168 -1702.91627165968 2611.77781625914 -678.443609836327 82538.841352572 43.5397692151524
662100 1145.41459311631 -11593.2331194146 -10447.8185262982 2441.67727997183 2999.56504966339 -259.221230831137 4584.68802108325 -407.467814391756 82313.664590365 43.5001390915295
662110 1139.38272455815 -11589.4428492415 -10450.0601246833 1727.23067173958 1927.33435128963 -234.914422177007 3489.27208610615 -221.973471509943 82463.9342261447 43.5265938984652
662120 1129.7434660624 -11582.0277908525 -10452.2843247901 -411.827820327868 -506.184440186688 -1305.36181505804 576.062794261108 -179.389696951638 82911.6035343917 43.6052156061773
662130 1117.55340314901 -11571.3456910336 -10453.7922878845 -2237.58724096831 -2529.76097949185 -2564.48145774004 -1618.51928567301 -328.345694911798 83325.6533428095 43.677681377654
662140 1108.88985990855 -11564.0194636028 -10455.1296036943 -2564.20475280373 -2670.02426767812 -2970.59711624646 -2051.99287448661 -699.688402355406 83391.3051399564 43.6891494965818
662150 1116.92052365805 -11573.3518289815 -10456.4313053235 -943.861497065211 -874.282089149225 -1546.43485266215 -410.867549384264 -864.075504041421 83038.8298372696 43.6275080032144
662160 1139.33374486083 -11596.2406980132 -10456.9069531523 1525.52716742771 1639.36105415272 769.952503564806 2167.26794456561 -1124.97582579333 82519.748653977 43.5364117825278
662170 1154.58509692434 -11611.7221247236 -10457.1370277992 2844.80653979613 2858.89311126571 2014.76530367346 3660.76120444921 -1327.32318460573 82236.879560051 43.4866087392305
662180 1143.51486489939 -11601.8026513902 -10458.2877864908 1865.30068558568 1664.09970809957 996.028253701455 2935.77409495601 -1216.286374749 82397.5426182914 43.5149096939201
662190 1123.1386724007 -11582.6646152873 -10459.5259428866 -429.757374095626 -610.383477555456 -1250.46534964714 571.576704915712 -1072.87501734902 82852.7919081335 43.5949030157009
662200 1117.82744902745 -11577.8928034526 -10460.0653544252 -2230.36236785326 -2252.45692535058 -3023.99827251583 -1414.63190569338 -905.872493196657 83232.6776796811 43.6614299889339
662210 1119.3384735748 -11579.8951553865 -10460.5566818117 -2272.6347611568 -2077.4574665377 -2914.45512005009 -1825.99169688261 -566.177129169959 83248.3556751334 43.6641712228844
662220 1118.64574183429 -11579.6442898182 -10460.9985479839 -333.551844417288 -2.49146142449234 -901.903832087956 -96.2602397394382 -460.254699772022 82916.6587508796 43.6061018083316
662230 1118.45747446437 -11579.1055410961 -10460.6480666317 1721.0516336204 2125.59549421998 1248.4494902061 1789.10991643513 -741.145337337974 82558.4782308478 43.5432218011907
662240 1121.26878208146 -11581.2380606806 -10459.9692785991 2156.7075844502 2514.49012036265 1907.80266390739 2047.82996908056 -1121.41924898328 82488.5820472842 43.5309300519673
662250 1124.13769953772 -11583.3369401485 -10459.1992406108 814.018114318614 985.903183445197 551.705146449585 904.446013061048 -1448.03177181939 82745.7468785613 43.5761201891123
662260 1124.64371223532 -11582.3427784371 -10457.6990662018 -1205.2894785115 -1557.95837850206 -1303.25187793717 -754.65817909524 -1560.58136879506 83092.8842639402 43.6369724445921
662270 1129.22535576703 -11584.8331882501 -10455.607832483 -2001.67924651067 -2875.0913258319 -1769.04727465225 -1360.89913904786 -1551.82836495922 83220.1183175987 43.6592337870439
662280 1135.66186735265 -11588.9326968383 -10453.2708294857 -900.987041465047 -1900.82074223494 -649.828852072895 -152.311530087308 -1607.62209176895 83038.4890857519 43.6274483276789
662290 1134.62610448714 -11584.8630464286 -10450.2369419415 1064.64938871105 818.779910253714 801.876462627065 1573.29179325238 -1664.08839812499 82755.5723694447 43.5778449094837
662300 1124.24595505168 -11570.7967242865 -10446.5507692348 1825.63406428294 3040.13665249856 592.791524256102 1843.97401609416 -1405.9129052065 82667.5985580959 43.5623975372498
662310 1118.09660096769 -11560.4420905617 -10442.345489594 860.053084697796 3051.64781804172 -1093.99487035019 622.506306401855 -629.794312579044 82854.5712791188 43.59521509913
662320 1125.02486092098 -11562.1879808679 -10437.1631199469 -824.691246855978 1524.87855668287 -2892.07085450541 -1106.8814427454 305.821127858423 83138.043298445 43.6448762367448
662330 1138.88908511035 -11570.2351460597 -10431.3460609493 -1718.66835310751 180.938610825733 -3348.18304411639 -1988.76062603189 985.644306778942 83259.0180161304 43.6660352933691
662340 1145.5253990552 -11571.3244507318 -10425.7990516766 -951.779971510274 380.616703597271 -2103.34215344078 -1132.61446468729 1052.07921542437 83113.1549810265 43.6405206056285
662350 1149.46216692854 -11570.1952475971 -10420.7330806686 624.967287856561 1218.14803092212 214.581851521994 442.171981125555 643.629584759212 82848.9208785156 43.5942240613564
662360 1157.23725748552 -11573.6395872139 -10416.4023297284 1575.45850015167 1823.51765296691 1529.86717635356 1372.99067113455 -127.012777274264 82711.3133361035 43.5700748094427
662370 1160.52041850768 -11573.7735691349 -10413.2531506272 1247.63982434972 1255.70795838258 1349.86996379002 1137.34155087658 -836.717582666837 82824.6171936265 43.5899608639947
662380 1151.36928931506 -11562.4111072014 -10411.0418178863 26.9843080115371 -58.9330125501109 264.850766827429 -124.9648302427 -1172.97637732816 83112.7156635525 43.6404437141623
662390 1139.24522565797 -11548.5261002603 -10409.2808746024 -832.547391939344 -851.698070138694 -634.474372695469 -1011.46973298387 -1044.69279240545 83379.9200951368 43.6871611775274
662400 1140.15260875378 -11548.0055675622 -10407.8529588085 -1045.40205773675 -980.892164103655 -1097.03177693275 -1058.28223217385 -514.926560402789 83494.0393169315 43.707083128535
662410 1154.3730336831 -11561.1626795383 -10406.7896458552 -830.87572048352 -1041.51547169416 -1092.04184596224 -359.069843794137 -175.414102379941 83432.4774134601 43.6963384381491
662420 1164.07954915568 -11570.2626102085 -10406.1830610528 108.006725362176 -289.952644893607 9.06502698949657 604.907793990639 -82.1156977150686 83249.3062332687 43.6643374130546
662430 1155.95288126261 -11561.9645023117 -10406.0116210491 1144.51473320486 766.151403700641 1432.55385418824 1234.83894172571 -102.208188974512 83099.9485656989 43.6382090366638
662440 1139.12916339337 -11545.4136588237 -10406.2844954304 1211.52020414354 968.654267938613 1503.91685572082 1161.98948877121 -24.5852558112036 83136.1650208932 43.6445475552516
662450 1127.67018358878 -11534.3390142865 -10406.6688306977 333.136899231156 389.724703602055 82.5116825531443 527.174311538248 33.3936501542817 83359.6531564173 43.6836212494297
662460 1127.5657943282 -11534.2709239646 -10406.7051296364 -1091.03836266954 -933.497531244307 -1863.70732489774 -475.910231866557 114.426948512977 83618.9230523482 43.7288634645669
662470 1139.00334105735 -11545.5737442612 -10406.5704032039 -1665.89442950025 -1472.54948096019 -2974.02052298206 -551.1132845585 307.667408890912 83696.5758423353 43.7423955596912
662480 1150.58171769529 -11557.2798388596 -10406.6981211643 -940.828988321676 -711.684164202592 -2569.57627517106 458.773474408629 785.911338034566 83508.3626893184 43.7095822970887
662490 1150.80488702077 -11557.7360855115 -10406.9311984907 511.679920149549 643.843825776581 -1111.96738552505 2003.16332019712 1042.00830863914 83180.9266557246 43.6523790879718
662500 1153.52623899224 -11560.79967526 -10407.2734362678 1376.31638062078 1519.98743310029 -517.113723606367 3126.07543236843 701.019013008702 82946.4793133976 43.6113287540653
662510 1159.37487491508 -11567.4723614901 -10408.097486575 1096.25753600618 1655.56245007233 -1257.04111418288 2890.2512721291 -86.5813676523842 82936.0770242026 43.609505583979
662520 1157.48859691925 -11566.918063335 -10409.4294664158 94.1503288795358 1678.97368958414 -2619.04473778572 1222.52203484018 -466.275242146289 83099.3111281105 43.6380974573494
662530 1150.21592076287 -11561.2903562244 -10411.0744354616 -991.725741058745 1283.14557639487 -3485.96000131261 -772.362798258461 -278.357079084331 83271.7303072386 43.6682575435489
662540 1145.13020795106 -11558.1800298428 -10413.0498218917 -1073.02319127321 966.507079926833 -2891.63017565706 -1293.9464780894 -23.03435216023 83287.0457599079 43.6709345550273
662550 1143.25113018021 -11558.5385500449 -10415.2874198647 -55.0290677122773 1301.90859748462 -1224.77275249357 -242.223048127903 1.2463371446586 83137.8978767704 43.6448507894508
662560 1139.95988144771 -11557.55464955 -10417.5947681023 668.41950954493 1511.58646868711 -156.974643376197 650.646703323888 -180.194486852503 82976.8189474059 43.6166453970865
662570 1136.26190752153 -11556.2588842712 -10419.9969767497 936.957982018433 1790.59227849721 392.369986909443 627.911680648662 -483.525089860838 82926.4079185936 43.6078107795069
662580 1135.55834077103 -11558.0337440083 -10422.4754032373 288.797680895043 1475.64274933534 -6.66952220271546 -602.580184447487 -448.592479690181 83021.3591997193 43.6244481742937
662590 1138.50467023986 -11563.403069364 -10424.8983991242 -684.754552912512 707.220685546641 -627.003923058198 -2134.48042122597 67.7680557333767 83162.8581790956 43.6492181505664
662600 1147.66595247709 -11575.0574214615 -10427.3914689844 -1125.78485018024 129.689585927558 -720.220721223612 -2786.82341524464 872.118195932807 83196.0709696305 43.6550281135845
662610 1156.18060986868 -11586.405548033 -10430.2249381643 -401.735018537014 494.600726849082 275.361390426276 -1975.1671728864 1439.62946335985 83054.1066534717 43.6301832518694
662620 1145.47357986299 -11578.7489767818 -10433.2753969188 823.790815721024 1691.91052571366 1894.38691778407 -1114.92499633465 1290.70000630504 82843.0934263949 43.5932019228771
662630 1122.82332800945 -11559.1398773974 -10436.316549388 1710.89380145575 2511.1900233263 3294.9946914071 -673.50331036613 918.657159519821 82761.6269182964 43.578907628481
662640 1115.2243746821 -11554.4199580085 -10439.1955833264 876.197731570234 1319.19287845393 2750.81847222546 -1441.4181559687 562.368407417838 82948.4578319457 43.6116755043133
662650 1124.81292648441 -11566.2511676128 -10441.4382411284 -967.886417645535 -1112.74216866362 856.622541160721 -2647.53962543372 250.152842037261 83297.2482084579 43.6727176745476
662660 1122.41953122402 -11565.4971352721 -10443.077604048 -2184.3923734076 -2678.27370406749 -533.994712613794 -3340.90870354149 53.2742038046925 83523.3294192572 43.7121934145647
662670 1114.22755079273 -11558.8937096572 -10444.6661588645 -1827.29517263136 -2324.83492805981 -543.295654347881 -2613.75493548639 202.527870177255 83402.653491318 43.6911312272896
662680 1125.16692126873 -11571.0278600232 -10445.8609387545 458.956984156921 44.2750427495073 1046.17373373448 286.422175986766 516.712517856982 82948.8152766796 43.6117381486017
662690 1138.81158468722 -11584.8948047412 -10446.083220054 3097.0027555623 2436.74957468981 3425.94502799035 3428.31366400675 751.487614974893 82502.0548294005 43.5332998781677
662700 1138.17664556636 -11584.9246134221 -10446.7479678558 3120.38444523865 1883.19617221575 4160.22344070254 3317.73372279769 667.026061846888 82501.3510256801 43.53317608737
662710 1133.90614768689 -11581.7992893014 -10447.8931416145 -80.880972936236 -1653.09899713614 1346.49282570991 63.9632526175088 579.32260730993 83026.8240877589 43.6254053476308
662720 1132.18961617279 -11579.9685058199 -10447.7788896471 -3545.31882279521 -4961.16562722354 -2339.64130506583 -3335.14953609628 552.63449084494 83622.8898743211 43.7295549423137
662730 1131.09956854066 -11579.1514417292 -10448.0518731886 -3979.70504958824 -4640.51562650263 -3269.95460472866 -4028.64491753343 632.799330723 83689.8181271973 43.7412182649945
662740 1132.68012801581 -11581.9061571989 -10449.2260291831 -808.31278058635 -860.213913437981 -72.8755502355 -1491.84887808557 634.077898526473 83102.2682541444 43.6386150782605
662750 1137.18285380005 -11586.0378085451 -10448.8549547451 3323.92668725594 3468.85141214832 4305.76984987164 2197.15879974789 459.542939725682 82379.3239347875 43.5117023053683
662760 1140.2179478199 -11588.8204007408 -10448.6024529209 4295.74241265097 4333.62810155837 5589.09741733471 2964.50171905981 273.263875901713 82192.8012184401 43.4788378535714
662770 1130.17342406921 -11579.8047077664 -10449.6312836972 1483.76038818925 1419.65808180018 2680.99990728602 350.62317548155 272.263859876173 82656.835823912 43.5605069502815
662780 1118.40924173475 -11567.9862132751 -10449.5769715403 -1962.73577066892 -2278.82243761957 -918.385443404848 -2690.99943098234 413.703697196951 83296.3858711284 43.6725669663089
662790 1121.94811058751 -11570.8441046366 -10448.8959940491 -3201.52947663758 -3533.4404854931 -2385.68341716044 -3685.46452725917 680.554418962584 83553.0119530839 43.7173709499849
662800 1126.73484581651 -11575.4346591068 -10448.6998132903 -1502.97564769354 -1561.64605533303 -1100.33539051772 -1846.94549722985 505.484827822703 83305.1518435308 43.6740989218834
662810 1125.77257459986 -11573.7872496355 -10448.0146750357 855.55909024242 771.058514495527 922.849515369243 872.769240862495 370.542171469519 82882.8759874207 43.6001788540591
662820 1132.28482482112 -11579.1979563507 -10446.9131315296 1942.16215445535 917.606042330751 2066.6478157492 2842.23260528611 170.83963102628 82660.4943789949 43.5611496322056
662830 1139.82636574983 -11585.8814640793 -10446.0550983295 1228.09432802268 -1014.92450571121 1767.56305817602 2931.6444316032 267.121546279084 82753.1483974225 43.5774194295425
662840 1137.4259897416 -11582.6681995909 -10445.2422098493 -358.074874136432 -3147.88517197019 535.65715214806 1538.00339741285 748.335128622071 83008.1919366476 43.6221417599716
662850 1138.33001351749 -11582.6945939974 -10444.3645804799 -1338.70382227688 -3960.84983220761 -302.84572243109 247.584087808068 1182.02050207459 83176.763790835 43.651650868194
662860 1142.52668312905 -11586.2382372979 -10443.7115541689 -1065.31679873617 -3126.06407883997 168.741942657907 -238.628260026429 1641.39343476179 83126.5702322323 43.6428684772366
662870 1137.8642666837 -11581.0749263377 -10443.210659654 367.640821482264 -1153.64479024069 1884.51425979155 372.052994895939 1802.0664010949 82928.3492698024 43.6081510708475
662880 1125.24927801022 -11567.8964419874 -10442.6471639772 1525.35663349534 285.493358835599 3406.36333352998 884.213208120426 1625.61117977296 82807.0033351664 43.5868706320466
662890 1117.51593400207 -11559.6263848241 -10442.110450822 1056.49294158173 -85.457434824518 3018.56667567601 236.369583893698 1564.78497593111 82921.1281116301 43.6068852773445
662900 1118.49767885392 -11559.8025441692 -10441.3048653152 -332.907453029522 -1213.49711744343 1231.3929509949 -1016.61819264002 1442.64008872749 83188.5942283366 43.6537203309543
662910 1121.61871752556 -11561.7762175543 -10440.1575000287 -1353.63901947643 -1659.13952184461 -496.872498290555 -1904.90503829412 1046.17289850935 83388.9241321354 43.6887336850591
662920 1124.20123645059 -11563.2626719653 -10439.0614355147 -1193.44002254272 -1005.26150100743 -938.200556799523 -1636.85800982121 874.858410291693 83369.3267341034 43.6853109579904
662930 1131.89797209478 -11569.971857758 -10438.0738856632 -117.089428703944 478.782598576371 -115.136862041823 -714.914022646377 961.204107536245 83164.9575693522 43.6495854458319
662940 1140.72986282573 -11577.8542860691 -10437.1244232434 838.268081731709 1632.73100445798 983.240102867331 -101.166862130197 1034.19428657696 82949.5081926503 43.6118595856816
662950 1139.22444490863 -11575.6465257234 -10436.4220808148 927.754185433271 1870.58750076314 1423.15118616391 -510.476130627219 994.987299121544 82870.45353675 43.598000486388
662960 1135.27458042817 -11571.2456757486 -10435.9710953205 212.636707662317 1091.046838273 1002.16717991883 -1455.30389520485 708.876663779374 82939.1795278795 43.6100493640774
662970 1136.80574316106 -11572.3594349076 -10435.5536917465 -786.102271606562 -357.14221014988 127.043988659292 -2128.2085933291 178.176516444269 83036.5776724281 43.6271135803957
662980 1139.65267095051 -11574.8783330639 -10435.2256621134 -587.83309665031 -396.965178792681 398.331961396393 -1764.86607255464 -746.94642822434 83019.0862888162 43.624050062331
662990 1140.32131481171 -11575.2949249164 -10434.9736101047 286.112305230544 645.410446460127 1263.58122270079 -1050.65475346929 -1519.7630973727 82912.1634705064 43.605313767267
663000 1146.62674529746 -11581.4330408687 -10434.8062955712 794.988166840983 1155.90511863015 1906.77120016997 -677.711818277164 -1610.37605355519 82848.3306749075 43.5941205414829
663010 1151.13549400665 -11586.0070162472 -10434.8715222405 355.256629306167 404.624927333224 1552.71721277228 -891.572252187006 -1231.70744542394 82905.1273024561 43.6040802409978
663020 1146.42395345237 -11581.5765811211 -10435.1526276688 -424.434879457414 -234.906816833594 794.846926697446 -1833.24474823608 -851.07489554137 83020.0235142943 43.6242142230445
663030 1141.81601072673 -11577.4101283951 -10435.5941176684 -573.813077929799 -262.128525113848 730.71845424897 -2190.02916292451 -485.127574698813 83076.5648237048 43.6341154908104
663040 1140.54433876433 -11576.6962271543 -10436.15188839 -318.903916308828 -40.7856084275795 1323.85482417003 -2239.78096466892 -85.1932371253379 83040.2981838012 43.6277651516777
663050 1138.90452338261 -11575.6501003738 -10436.7455769912 334.119253311715 89.9450504086147 2231.52367349241 -1319.11096396587 12.5295189818991 82954.2006712964 43.6126819488493
663060 1140.57060658104 -11577.9377528985 -10437.3671463175 420.825099838083 -471.052927963301 2180.81606393056 -447.287836452993 -266.313871453419 82912.4800428455 43.6053692646272
663070 1148.34841066595 -11586.4347656952 -10438.0863550293 -226.466109209773 -1428.65770396412 1105.45741549595 -356.198039161129 -617.23845555001 82931.3598894586 43.6086787792818
663080 1156.72706988968 -11595.7960124395 -10439.0689425499 -532.832786374661 -1659.99485470159 256.834906690829 -195.338411113218 -733.445233325937 82918.5343821834 43.6064306057616
663090 1149.7344029259 -11590.1569679959 -10440.42256507 -43.6410995946613 -701.640420658211 202.504138350265 368.212983523924 -674.178196868285 82820.574280246 43.5892516010182
663100 1142.38000941334 -11584.3943778582 -10442.0143684449 622.439649945238 896.342418696631 -2.31288034499522 973.289411484085 -376.237357026928 82701.288928037 43.5683145429694
663110 1146.05992366554 -11589.8632057956 -10443.80328213 967.761298612047 2166.36942012248 -463.821706653818 1200.73618236747 220.995660534054 82669.0876970323 43.5626591071754
663120 1142.00147409364 -11587.8710493574 -10445.8695752637 570.538099034986 2027.32338446316 -1228.17193501745 912.462847659251 497.422023662325 82800.4855988324 43.5857270283545
663130 1128.7211914982 -11576.6664856023 -10447.9452941041 -797.841530440125 -72.5930918244489 -2378.26660582541 57.335106329507 444.742204323209 83054.7649558531 43.6302985252287
663140 1123.95777602602 -11573.7454368529 -10449.7876608269 -1502.37101988931 -1678.1578961599 -2559.55218300036 -269.402980507688 55.0238054328343 83233.7734085167 43.6616215838668
663150 1129.91651157079 -11581.5272212913 -10451.6107097205 -922.350946876926 -1648.41079687171 -1568.11069919178 449.468655432709 -492.307095743713 83189.7034959211 43.6539143617271
663160 1126.70035807792 -11579.9965876785 -10453.2962296006 529.145200694132 -200.593045981723 -20.7187005667141 1808.74734863081 -978.852425945453 82972.2865830747 43.6158512390321
663170 1111.75669058106 -11566.3740406455 -10454.6173500645 1452.09282018606 1296.46718626236 845.772225950339 2214.03904834547 -1141.03803465545 82794.0638623773 43.5846002101303
663180 1109.40589864567 -11565.0422154813 -10455.6363168356 928.100732300742 1069.95203510849 329.248650804471 1385.10151098927 -1266.40954289134 82825.894125255 43.5901848759513
663190 1124.60801387609 -11580.7951839056 -10456.1871700295 -750.645424907432 -842.182408465493 -830.193813323572 -579.560052933233 -1699.2201867928 83018.3742035804 43.6239253354673
663200 1136.52423338671 -11592.9354451632 -10456.4112117765 -1609.19212711817 -2086.60574485273 -1001.03081969705 -1739.93981680472 -2149.33248583293 83121.2103785832 43.6419304521866
663210 1131.90385848834 -11588.6737605127 -10456.7699020244 -652.11172102207 -2011.61760941113 737.849284765372 -682.566838420438 -2064.92261137993 82975.4369928168 43.616403254929
663220 1120.26511075049 -11577.1499702134 -10456.8848594629 992.236395399231 -953.152744835075 3008.59666079693 921.26527023581 -1138.82329614769 82706.5253898842 43.5692340731839
663230 1118.03968992089 -11574.6514225246 -10456.6117326037 1713.34432214939 -61.9699970339493 3969.07945298286 1232.92351049926 -91.3259843761752 82574.6494737951 43.5460646428679
663240 1126.13878610022 -11582.2977651182 -10456.158979018 635.33782309836 -303.582383707466 2300.05882984416 -90.4629768416126 654.209730119795 82705.4118394002 43.5690385353703
663250 1138.27352772846 -11593.5473545435 -10455.273826815 -1221.12305750465 -1028.30400293807 -630.285971454342 -2004.77919812153 526.186704100591 82945.6886656187 43.6111901855568
663260 1150.91494574755 -11605.218609448 -10454.3036637004 -2122.6713471037 -1585.59313263466 -2237.91486921303 -2544.50603946341 -188.859971742148 83001.7691378241 43.6210166362105
663270 1155.73408489668 -11609.5238174994 -10453.7897326028 -737.257204053586 -472.446017748836 -1002.01831033448 -737.30728407744 -917.315422096979 82727.7921608298 43.5729681498271
663280 1147.35392969271 -11600.497868342 -10453.1439386493 1883.74012514741 1879.80091592043 1556.14828778907 2215.27117173274 -1310.13097623931 82335.527900047 43.5039901038979
663290 1137.58769508989 -11590.2261922948 -10452.6384972049 2876.1784211298 3135.60535521276 2294.02126439306 3198.90864378357 -1238.16084385012 82228.2475973208 43.485087167553
663300 1131.12335251969 -11583.8182247255 -10452.6948722058 1149.61214185523 2104.51876119256 116.286274577064 1228.03138979606 -984.81805609599 82566.2147436174 43.5445818963884
663310 1122.00253712952 -11573.9951192985 -10451.992582169 -1888.41285786698 -338.644766053329 -3114.9286037155 -2211.66520383209 -643.694134048917 83080.2819154527 43.6347662543241
663320 1115.83172699542 -11566.4914906559 -10450.6597636605 -3172.64447316918 -1895.6639535634 -4093.35639348108 -3528.91307246304 22.4358758055568 83289.5802544311 43.671377531566
663330 1122.0536048703 -11571.5368044521 -10449.4831995818 -1525.05822151727 -645.975228311829 -2239.95072110433 -1689.24871513567 691.097447384056 83001.6998058148 43.6210044905514
663340 1133.22664490619 -11580.5133148503 -10447.2866699441 1553.90699682263 2160.75043972031 1167.08327987151 1333.88727087605 889.124783869288 82500.3521131782 43.5330003891994
663350 1134.48043812581 -11578.7664458907 -10444.2860077649 3080.67597131779 3472.41125022824 2946.19545396516 2823.42120975996 865.374504165112 82268.8636475923 43.4922457041812
663360 1130.72601922878 -11572.3229540073 -10441.5969347785 1985.52553774352 2334.14035230422 1873.13062029954 1749.30564062678 857.803017616652 82514.0335221724 43.5354066814053
663370 1130.25147071058 -11568.5670385509 -10438.3155678403 -539.579908854853 -277.26414768116 -373.452937246 -968.022641637389 901.878809594591 83034.564995573 43.6267610932001
663380 1134.29531402558 -11568.3130553958 -10434.0177413703 -2646.22652156173 -2560.59556727006 -2020.00691970217 -3358.07707771296 1205.29840799751 83408.8064410957 43.6922056244633
663390 1142.76146169587 -11572.7029911723 -10429.9415294764 -2511.20458756181 -3064.07765106965 -1379.06039620342 -3090.47571541236 1306.26321285186 83340.0596746274 43.6801984052679
663400 1159.77371784849 -11585.9707835753 -10426.1970657268 -426.221403842894 -2117.67985907213 1174.29981569524 -335.2841681518 1016.24232621437 82911.1008343088 43.6051274786259
663410 1168.73551091454 -11591.0697495769 -10422.3342386623 1880.5699338975 -526.357344211993 3567.53851613877 2600.52862976573 354.541441360179 82489.962414984 43.5311728668035
663420 1157.93409741831 -11577.1832590928 -10419.2491616745 2592.70011912563 355.997129272529 3916.11841841677 3505.9848096876 -342.548110390769 82409.4518203271 43.5170060464308
663430 1147.97181629986 -11565.2038156992 -10417.2319993993 1259.00366414155 -551.752798909148 2102.59303555427 2226.1707557795 -623.546726151665 82717.073966192 43.5710863004832
663440 1147.96227290215 -11563.1735202156 -10415.2112473134 -1209.34503797122 -2756.54533159642 -1087.66716671784 216.177384400627 -531.56755811065 83157.5523046629 43.6482898427408
663450 1149.83182446168 -11563.0723767103 -10413.2405522486 -2317.58742255723 -3810.11591493085 -2900.24358151487 -242.402771225974 -289.35695149641 83355.9588455212 43.682975920201
663460 1147.86833834659 -11559.8429835284 -10411.9746451818 -1153.99952496087 -2548.61113822094 -2078.30490572585 1164.9174690642 -263.096830734647 83188.1255548481 43.6536383510467
663470 1145.18699931722 -11555.992812904 -10410.8058135868 1036.25334254537 -284.207535412272 113.478040562422 3279.48952248596 -477.328048742163 82874.0021546125 43.59862278472
663480 1146.3464932133 -11556.0576404631 -10409.7111472498 2065.85036654056 1228.11744132754 1138.73523570156 3830.69842259256 -720.140759853508 82748.4309522265 43.5765913523096
663490 1144.10852231561 -11553.2206017294 -10409.1120794138 1093.29757098541 758.296681249345 147.94242560484 2373.65360610205 -1058.1020561822 82941.1040910284 43.6103866780996
663500 1139.94637041556 -11548.4562240182 -10408.5098536026 -670.164052095962 -767.028498543376 -1608.54730006004 365.083642315525 -1101.03055170599 83282.9412276235 43.6702171497223
663510 1138.84872228586 -11546.6214187839 -10407.772696498 -1591.77191190854 -1115.99728513276 -2983.44863315289 -675.869817439942 -845.882274014382 83499.4604834853 43.708029057335
663520 1145.06945784382 -11552.3502928106 -10407.2808349668 -1477.23631211834 -296.717238653644 -3341.26480594286 -793.726891758496 -808.655533856062 83449.7751151572 43.6993580216556
663530 1157.64928867887 -11564.7147444742 -10407.0654557953 -340.756328569521 922.493196865014 -2176.37115312397 231.608970550398 -996.520753220074 83172.9930095981 43.650991215562
663540 1166.51054118555 -11573.5211593419 -10407.0106181564 1097.98082858816 2217.32582484874 -355.562395842132 1432.17905675788 -1369.9815142896 82863.6618963493 43.5968094304759
663550 1167.82074239766 -11575.3423629285 -10407.5216205308 1618.37063442125 2662.61791941814 752.687771026431 1439.80621281915 -1329.38226539534 82741.9570055355 43.5754548961713
663560 1166.62184415474 -11575.5328256766 -10408.9109815219 658.732789971826 1180.93540537407 504.742209508532 290.520755032882 -441.475025881077 82870.9379957954 43.5980854439076
663570 1161.66982191026 -11572.5912522287 -10410.9214303184 -457.062461344355 -322.831739021448 74.0801797674745 -1122.43582477911 452.740544693233 83103.2110773005 43.63878010922
663580 1148.91993923459 -11562.3998764079 -10413.4799371733 -918.639849522126 -1243.25709763767 554.492168500662 -2067.15461942937 822.425965675999 83259.40317187 43.6661026262082
663590 1133.01966968215 -11549.5099839388 -10416.4903142567 -762.726074463285 -1426.31094691683 1216.50777197682 -2078.37504844982 1115.04067076214 83265.567486736 43.6671802420796
663600 1127.21391839294 -11546.8608399957 -10419.6469216027 -111.289289115259 -553.944160621558 1447.21674601918 -1227.14045274338 1231.86861014283 83150.7359305281 43.6470972022037
663610 1137.28826096739 -11560.0877328251 -10422.7994718578 356.042363762144 286.809399498931 1388.48060194162 -607.162910154121 1256.00677295504 83015.902366083 43.6234923697707
663620 1145.62259808805 -11571.7620743878 -10426.1394762998 414.128212206864 679.771306674638 1057.16366096188 -494.550331015917 885.794948512456 82936.8040449704 43.6096330111283
663630 1139.0097775754 -11568.7731303637 -10429.7633527883 458.333314516005 977.919322444783 1343.94871659711 -946.868095493899 346.169876066393 82928.2698305688 43.6081371463804
663640 1128.26758803631 -11561.7649941895 -10433.4974061532 438.413551477818 1646.12867183921 1276.31176372106 -1607.19978112681 108.395499492122 82998.8375788743 43.6205030765254
663650 1126.78240563795 -11563.8513980229 -10437.068992385 -109.765356224456 1689.97615390933 674.078308949634 -2693.35053153234 119.38273063371 83137.6623914449 43.6448095818834
663660 1130.52455828939 -11570.8902266387 -10440.3656683493 -612.230085624962 1474.72874724758 -3.37466450150774 -3308.04433962096 427.627358487194 83262.957215705 43.6667239335472
663670 1121.72513904375 -11565.1024288004 -10443.3772897567 -726.692516035509 1125.61700070483 -323.957892339818 -2981.73665647152 650.580048739767 83292.0110998936 43.6718023839779
663680 1112.11554701886 -11558.055584834 -10445.9400378151 -206.353026216967 875.970591155859 253.226005362101 -1748.25567516885 390.996655552223 83204.8097084976 43.656556537264
663690 1113.95564587706 -11561.8077019232 -10447.8520560461 575.566416646525 1016.4244796575 1097.18778400579 -386.913013723708 -240.512263247741 83078.9347851142 43.6345304100147
663700 1111.71986680174 -11560.8750484916 -10449.1551816899 942.325177167725 1434.14533990351 1272.27446518782 120.555726411851 -889.269521359738 83039.2942289485 43.6275893314876
663710 1101.9957723683 -11551.9099861499 -10449.9142137816 528.765995520363 1565.84294084527 479.528780111641 -459.073734395825 -1223.44727301048 83154.2301886715 43.647708590212
663720 1095.78394375312 -11545.6724853906 -10449.8885416375 -733.697779994053 956.217296232778 -1387.80070706078 -1769.50992915415 -1409.40170809521 83363.3188162018 43.6842615549831
663730 1104.12010187352 -11553.2006473473 -10449.0805454738 -1618.02180602139 105.818003576197 -2522.38308481701 -2437.50033682332 -1426.33911562237 83471.3451664449 43.7031228258551
663740 1117.8829500941 -11565.835385533 -10447.9524354389 -977.445827207435 184.814117605354 -1902.77211190574 -1214.37948732189 -1273.96080054394 83323.0094411973 43.6772194122249
663750 1122.37098392012 -11568.8626414061 -10446.491657486 722.72564690595 855.90598815447 153.878167611597 1158.39278495178 -918.114529653498 82986.7434316442 43.6183842580456
663760 1121.53306983402 -11566.2345735857 -10444.7015037517 1785.05867495371 844.50077799938 1891.68118552749 2618.99406133426 -350.099425396794 82716.6822158814 43.5710175157583
663770 1130.20088928819 -11573.2968293089 -10443.0959400207 1104.82623934678 -392.517151956647 1514.59034579244 2192.40552420454 275.446790780461 82699.6334621927 43.5680238327164
663780 1145.48653524645 -11587.1886662154 -10441.7021309689 -447.573616396768 -2168.26132797266 -57.565092691261 883.105571473605 675.623302875888 82874.5531070072 43.5987194001111
663790 1150.1348898022 -11590.7087904954 -10440.5739006932 -1346.42309590328 -2877.17831726554 -1159.50815588422 -2.5828145600876 848.75392906995 83020.4709906392 43.6242926007982
663800 1143.01874440616 -11582.9920455267 -10439.9733011205 -1039.87990560824 -1925.90773696921 -1118.294328589 -75.4376512665116 1094.16018340426 82965.5024545221 43.6146624742095
663810 1136.51672103374 -11576.1176243929 -10439.6009033592 590.201292060249 24.6485961186196 325.339680731319 1420.61559933081 1170.47220538584 82718.8700949437 43.5714016675155
663820 1136.42544033594 -11575.5292237235 -10439.1037833876 2140.60757568327 1775.8023259869 1468.98635105694 3177.03405000597 759.999647265671 82518.9541375941 43.5362720563653
663830 1137.84952285804 -11576.7917581618 -10438.9422353037 1415.29022352233 1040.87561489398 540.566576876292 2664.42847879673 127.278729798018 82632.7285809138 43.5562716650271
663840 1136.65881568954 -11575.4559990837 -10438.7971833941 -580.223199488552 -1159.25210698703 -1132.6387109883 551.221219509665 -298.909705440386 83017.882466524 43.6238392037597
663850 1129.10329700078 -11567.3886646313 -10438.2853676305 -1937.37379427987 -2491.19587521338 -2065.43238687751 -1255.49312074871 -249.726297524269 83374.429897211 43.6862022878812
663860 1116.77707083213 -11554.590446596 -10437.8133757638 -1742.7431317937 -1783.64645532388 -1638.41001533315 -1806.17292472404 74.366363968261 83449.3847389164 43.6992898799992
663870 1118.36821035944 -11555.6350184115 -10437.2668080521 -413.583420424561 -391.63262111298 -264.999351419065 -584.11828874162 213.439889031264 83234.3710719277 43.6617260882852
663880 1135.89423121391 -11572.1473127545 -10436.2530815406 1032.69436225554 553.218927082752 1257.10174188629 1287.76241779758 -56.3616078063836 82931.0568774053 43.6086256672005
663890 1149.07947471008 -11584.2783467533 -10435.1988720433 1521.39533542297 497.902852097533 2033.18549900306 2033.09765516834 -315.083075659167 82774.45157911 43.5811584938647
663900 1142.53602348983 -11577.104651476 -10434.5686279861 1017.94897041356 56.7873701997717 1857.52791184304 1139.53162919789 -246.473817026031 82859.8092724435 43.5961337635249
663910 1127.78160275528 -11561.8421892241 -10434.0605864688 -150.557777778572 -700.879625296222 1092.65337105458 -843.447079094079 -49.6461990929683 83117.9103521299 43.6413528963085
663920 1127.27783320636 -11560.5414656751 -10433.2636324688 -1200.36233779187 -2012.97158813048 406.893049851059 -1995.00847509618 203.603591974572 83363.6289139094 43.684315720983
663930 1137.05860832789 -11569.428425458 -10432.3698171301 -1188.82815456332 -2353.96622313395 365.088248675121 -1577.60648923115 164.666197373251 83424.7685844056 43.6949926074096
663940 1137.34198592702 -11568.8878551049 -10431.5458691779 -72.7877874318869 -1265.3775183512 734.893882068363 312.12027398718 -34.6454272090787 83296.2296106289 43.6725396569952
663950 1127.12130302334 -11557.7289379836 -10430.6076349602 1109.49159751406 -220.291177071447 1322.6264715557 2226.13949805795 81.1793637277502 83151.7283471293 43.6472708464136
663960 1122.4902242812 -11552.0447093157 -10429.5544850345 1006.68655407527 -31.5455319871189 745.743717953761 2305.86147625918 144.53856602973 83174.9350411356 43.6513309530125
663970 1131.96905939831 -11560.2271427934 -10428.2580833951 -341.470483453889 -617.669579575712 -1019.23243200521 612.490561219275 296.419011909324 83357.3921393923 43.6832262929544
663980 1145.46970320453 -11572.1850889143 -10426.7153857097 -1640.08962684793 -1457.9837301935 -2391.15426024764 -1071.13089010265 592.593858654303 83490.7553324996 43.706510092569
663990 1148.74822869021 -11574.2211043546 -10425.4728756644 -1463.50649588844 -1656.2477034939 -2063.98264248966 -670.289141681745 1279.88401267407 83365.4461488455 43.6846331419371
664000 1143.7410481655 -11568.1679917134 -10424.4269435479 208.731667700424 -674.965229434504 14.9206825890026 1286.23954994678 1794.46979689401 82998.6837933701 43.620476135565
