# Fix print output for fix setl_out
90000 148.312571212198 -13291.4169058827 -13143.1043346705 480.300789133095 875.946578124517 336.215805438266 228.739983836505 -85.1152535912387 67095.1778055589 40.6347042049983
90010 149.32170671925 -13292.3650903199 -13143.0433836007 -477.194597437637 -55.6588849563324 -583.045744856942 -792.87916249964 -184.669648018751 67172.2496515179 40.6502572018659
90020 149.839361230701 -13292.7078908816 -13142.8685296509 490.9759733461 822.024114267753 419.840836888977 231.062968881572 -252.138846674711 67093.7333326818 40.6344125986006
90030 149.165545533669 -13291.7516151899 -13142.5860696563 -490.124965307042 -277.287971716202 -559.510520949518 -633.57640325541 -256.715510020715 67178.5634261918 40.6515307859465
90040 148.934947138229 -13291.1227385498 -13142.1877914116 486.56543921721 608.988750637925 412.261268285424 438.44629872828 -256.959138715726 67101.758291735 40.6360326033359
90050 149.595670293593 -13291.2678463601 -13141.6721760666 -500.347806695109 -456.92226932928 -552.58142933403 -491.539721422023 -254.056136146907 67181.1514779068 40.6520528121584
90060 151.196019015581 -13292.2582024455 -13141.06218343 505.419070903391 479.165118062448 490.849371192457 546.242723455266 -214.270189424539 67094.7372815653 40.6346152736129
90070 152.07130783448 -13292.4826217634 -13140.411313929 -500.673537121665 -556.735414230617 -524.128898646388 -421.156298487989 -121.472909708396 67174.4871321148 40.650708544756
90080 151.741836812012 -13291.5137436947 -13139.7719068826 531.365300295305 489.271330387178 417.305196759875 687.51937373886 -52.2552265404993 67093.5411622156 40.6343738034152
90090 150.071739979981 -13289.2416187518 -13139.1698787718 -546.972026977469 -535.779218177397 -783.481719475771 -321.655143279237 -81.6054742316792 67189.0097705297 40.6536377967597
90100 148.866163110883 -13287.467055905 -13138.6008927941 567.34630092879 634.018572566436 257.870695140203 810.149635079731 -164.30381893831 67105.8759682469 40.6368637917614
90110 148.629610328613 -13286.6815770381 -13138.0519667095 -605.17444050373 -520.195838038648 -884.23087941187 -411.096604060672 -204.710651689448 67206.5744394731 40.6571800699005
90120 149.61303563526 -13287.1347406445 -13137.5217050093 632.779033416901 713.937870129173 443.209343269327 741.189886852205 -176.458938738279 67105.260142571 40.6367394842136
90130 150.348769331005 -13287.3657020671 -13137.0169327361 -668.217632337404 -575.36958156614 -751.489374711186 -677.793940734887 -116.376593532309 67210.6842110811 40.6580087999261
90140 151.499594238962 -13288.0369188397 -13136.5373246008 712.901618348977 832.896954575872 678.269758266747 627.538142204313 -75.8029911076148 67096.3438584541 40.634939601647
90150 152.957626812489 -13289.0442942696 -13136.0866674571 -769.232517262192 -634.795223533529 -823.567584138429 -849.334744114614 -82.9504858540187 67213.3955761955 40.6585555246302
90160 154.227514534431 -13289.89559235 -13135.6680778156 861.005701265803 966.43046003225 764.843154705548 851.743489059614 -160.32894145835 67077.8766172027 40.6312112112609
90170 153.140618248905 -13288.4244121165 -13135.2837938676 -921.755966874955 -864.604619596137 -1066.84630978098 -833.816971247749 -208.78718263659 67229.5849814602 40.6618196804596
90180 151.840417383466 -13286.7519606334 -13134.9115432499 995.010752835875 1038.06967704577 822.153168001759 1124.8094134601 -146.901098519585 67081.0335880745 40.6318486272738
90190 151.759788567591 -13286.2748535189 -13134.5150649513 -1095.142421099 -1051.71085592628 -1245.30537844843 -988.411028922288 42.5012075380544 67253.777308107 40.6666964325299
90200 153.91195559457 -13287.9996593499 -13134.0877037553 1168.68960529989 1206.97105198604 1050.48306655022 1248.61469736341 242.883840975287 67063.6475819061 40.6283380144516
90210 155.286639761979 -13288.9509307295 -13133.6642909675 -1214.14413848928 -1226.67894972256 -1296.7698285771 -1118.98363716818 320.491922660203 67254.7903058291 40.6669006097309
90220 155.405670993928 -13288.6719428975 -13133.2662719036 1280.29594624274 1240.78613725019 1182.05129470233 1418.05040677569 252.48348338928 67051.8768757621 40.6259609083917
90230 153.682281370547 -13286.5753106389 -13132.8930292683 -1297.70123636255 -1293.41833410559 -1456.93403253448 -1142.75134244758 84.524969006819 67268.4921806428 40.6696621227893
90240 152.892438574341 -13285.4146085575 -13132.5221699831 1296.21696262901 1388.91527971218 1074.60905048481 1425.12655769005 -63.0052458010349 67060.1424265242 40.6276301738459
90250 152.809767946833 -13284.9373748875 -13132.1276069407 -1275.73089718364 -1154.00009931192 -1490.2483070189 -1182.9442852201 -99.6668772869053 67271.3675476633 40.6702415844623
90260 154.380622182257 -13286.0899936669 -13131.7093714847 1237.58675905664 1321.94286100978 1096.11723481248 1294.70018134766 -50.8156008003519 67065.2865690596 40.6286689875099
90270 155.363497978483 -13286.6571085299 -13131.2936105514 -1186.73583306491 -1156.70665543648 -1258.42704194166 -1145.07380181658 12.4379381508979 67260.6611832188 40.6680838882228
90280 156.181300947967 -13287.0796926724 -13130.8983917245 1139.2917076551 1148.32703600543 1103.46695090406 1166.0811360558 54.4316195098047 67068.9241953913 40.6294035416123
90290 155.599680721299 -13286.139364994 -13130.5396842727 -1066.22959274281 -1010.69010371424 -1131.7031882777 -1056.29548623649 85.0525901062843 67250.0479619836 40.6659447375018
90300 155.213096492261 -13285.4209203557 -13130.2078238635 992.213607529999 1143.23211371644 857.132695554155 976.276013319409 113.356995064531 67081.1154928848 40.631865164201
90310 154.839251200912 -13284.7326119872 -13129.8933607863 -913.714623741217 -699.944091318186 -1095.63161839882 -945.568161506647 164.897900238348 67235.8187416848 40.6630764099202
90320 155.079992524824 -13284.6667554551 -13129.5867629303 854.15319165095 1078.19552138599 634.199657994259 850.064395572602 243.708605102841 67094.3539485536 40.6345378874187
90330 154.674162028261 -13283.957190316 -13129.2830282878 -779.259673279336 -566.033591057055 -1029.06135569444 -742.684073086511 261.583626692346 67233.2920911313 40.6625670451528
90340 154.355348578183 -13283.3402336663 -13128.9848850881 706.970862203755 911.612131053524 398.749285958667 810.551169599072 235.786915997356 67116.5087333096 40.6390099496081
90350 153.586054269396 -13282.2608346486 -13128.6747803792 -642.808410022629 -439.166107979692 -994.751834992491 -494.507287095704 179.941789103302 67230.3627324053 40.6619764797157
90360 153.79725801925 -13282.1431402136 -13128.3458821944 568.730446343042 774.309127303409 225.055303519758 706.826908205955 105.57857407432 67131.843823465 40.6421048435226
90370 155.204115538503 -13283.2057880488 -13128.0016725103 -515.244545562623 -322.219633210655 -821.401263170295 -402.112740306923 27.6770572665241 67217.5980636074 40.6594028929527
90380 157.180363064316 -13284.842960507 -13127.6625974427 465.41663799566 623.227056327602 226.222494921259 546.800362738115 -58.4661737055296 67134.1275985025 40.642565709617
90390 157.415765606551 -13284.7829203672 -13127.3671547607 -399.499912330715 -285.048046956782 -580.292248819771 -333.159441215597 -118.200629882086 67206.7732774761 40.6572201660993
90400 156.562380933203 -13283.6874822522 -13127.125101319 347.351020969103 397.507964430358 160.868188929358 483.676909547595 -113.155603513405 67149.5623093803 40.6456801622572
90410 155.881647968775 -13282.7988027779 -13126.9171548091 -308.3152321763 -336.50361133989 -494.738369607049 -93.7037155819626 -82.2112926633407 67204.6181294269 40.6567855706904
90420 156.211967048092 -13282.942347842 -13126.7303807939 265.013168496125 178.839844011554 108.131463838448 508.06819763837 -36.6400440643014 67157.3337135018 40.6472481140084
90430 156.836584869986 -13283.4035979522 -13126.5670130822 -223.099805928752 -349.752823829793 -371.517309959981 51.9707160035186 -0.655774678039138 67197.9858653646 40.6554480861738
90440 157.419431602274 -13283.8580565071 -13126.4386249048 180.280939773211 48.1293527970167 -6.2125710212339 498.926037543851 0.296243171128733 67165.2499230236 40.6488451572131
90450 157.23301342634 -13283.5883953284 -13126.3553819021 -143.867397553237 -262.319328532519 -345.59653929528 176.313675168088 -39.0351231084352 67190.3122979678 40.6539004991306
90460 156.342036706154 -13282.6552367999 -13126.3132000937 118.175688746537 28.4062133173014 -55.7586503001331 381.879503222447 -124.22867935424 67170.1378908741 40.6498312099155
90470 155.229286587892 -13281.5228006566 -13126.2935140687 -81.7225639083623 -139.209385511963 -204.656651752374 98.6983455392492 -200.558354325838 67190.1970297468 40.6538772512084
90480 155.029262489954 -13281.3096559779 -13126.2803934879 40.6072028615598 56.8543801341537 -45.2338850957669 110.201113546291 -224.622078160207 67182.3610638265 40.6522967886036
90490 156.248454117026 -13282.518078161 -13126.2696240439 -25.6405942314905 46.6955415208495 -110.891202010098 -12.7261222052243 -198.324707615354 67184.6069830506 40.6527497882503
90500 157.955249628502 -13284.2364137021 -13126.2811640736 5.49353608504318 91.0918869755761 -99.5609139154363 24.9496351949904 -126.949401712748 67177.6928339259 40.6513551790298
90510 158.593751852525 -13284.9463322918 -13126.3525804393 27.6833694567345 94.4361509937266 -115.887100709629 104.501058086113 -74.6908596886038 67175.3989105649 40.6508924651397
90520 158.099453952951 -13284.6007788397 -13126.5013248867 -49.0814686051487 -35.7301469734024 -237.93444145124 126.420182609196 -36.0011086267785 67184.3779112604 40.6527035851631
90530 157.610551720852 -13284.3348126464 -13126.7242609256 62.6688684982034 36.4542912735149 -147.927375813951 299.479690035045 -10.3848162786977 67175.8272113888 40.6509788597326
90540 157.525304592124 -13284.544224149 -13127.0189195569 -96.1520970247474 -94.9558526942419 -277.888761899106 84.3883235191045 -0.563043435494614 67184.5685802006 40.6527420425189
90550 157.188953495776 -13284.5789871828 -13127.3900336871 127.691991346389 185.48544643859 31.3275508443016 166.262976756274 46.9676744079871 67162.1041650342 40.6482105362549
90560 156.030676461228 -13283.8566111126 -13127.8259346514 -136.562281468648 -48.3391612171377 -115.789464763136 -245.558218425671 109.621608772632 67185.058655278 40.6528408888645
90570 155.418578922583 -13283.7221586413 -13128.3035797187 150.860772647172 223.435199289026 241.888307922858 -12.7411892703668 140.912700977204 67163.0720382337 40.6484057957944
90580 155.963607353402 -13284.7743582282 -13128.8107508748 -182.361853737055 -138.948709583864 -104.05581155148 -304.081040075817 151.320429249667 67188.446075928 40.6535241060418
90590 156.376502171512 -13285.7227737233 -13129.3462715518 213.38013250259 232.557830875842 250.301180891503 157.281385740422 156.71136196295 67154.2145173178 40.6466188022259
90600 155.452601208267 -13285.3514977783 -13129.89889657 -227.419517374456 -224.000562037238 -248.926402708096 -209.331587378035 146.974430602268 67192.2137829482 40.6542839971348
90610 154.127081107096 -13284.5594754554 -13130.4323943483 241.907406690058 227.39922768219 185.193789850914 313.129202537069 97.0337811467776 67155.2268832524 40.6468230537175
90620 153.391737019323 -13284.3040357108 -13130.9122986915 -273.714078364101 -290.978352740843 -314.221862845392 -215.942019506067 69.7719745436638 67195.0406277057 40.6548541114953
90630 153.791898225125 -13285.1158172118 -13131.3239189867 291.280712337142 305.172872733318 317.85709375979 250.812170518315 84.3147481700924 67143.5811295811 40.6444733222261
90640 154.303529113885 -13285.9732417771 -13131.6697126632 -305.637263717605 -256.162814280148 -217.370701745359 -443.378275127306 104.002331578497 67187.3750387239 40.6533080884044
90650 154.351783974272 -13286.3155409609 -13131.9637569866 332.8914522738 384.915660083333 397.714720040814 216.043976697256 118.962969006137 67133.3565570168 40.6424101145154
90660 153.990430159919 -13286.1990764719 -13132.208646312 -348.394609775231 -380.361907394351 -371.824467944095 -292.99745398725 119.518298659615 67188.9361303509 40.6536229444187
90670 154.08672289718 -13286.4921316653 -13132.4054087681 372.332796812705 248.934398361314 278.927541848067 589.136450228735 87.0193320950208 67130.8090276159 40.6418960181471
90680 154.02835886147 -13286.5888250225 -13132.5604661611 -392.742899860454 -536.056661100383 -483.243897040754 -158.928141440229 54.9548926624989 67195.4698853399 40.6549406822162
90690 154.190462985513 -13286.8677944626 -13132.6773314771 418.529389250443 345.244978094661 386.988202906285 523.354986750384 25.2165068791755 67131.203475518 40.6419756193489
90700 154.205925840739 -13286.9713132842 -13132.7653874435 -457.675563544377 -423.993308661133 -435.029954066963 -514.003427905036 -45.7003448317031 67203.4290048061 40.6565457743231
90710 153.960672096688 -13286.7876622152 -13132.8269901185 499.967045727828 647.932041971507 493.389803154753 358.579292057223 -119.229378773639 67124.2245879805 40.6405672052193
90720 152.947993417225 -13285.8073348264 -13132.8593414091 -537.09455139463 -356.47938252729 -582.938457750397 -671.865813906203 -174.302325286533 67211.2502028583 40.6581229287749
90730 152.442338286994 -13285.2901163674 -13132.8477780804 576.756318646635 697.350666969125 501.889579137035 531.028709833744 -190.390043836328 67121.6545760051 40.6400485247276
90740 153.041252501289 -13285.8308582968 -13132.7896057955 -639.805487749092 -588.834430396882 -757.683960796723 -572.898072053668 -175.942069316724 67218.7266280123 40.6596304449597
90750 154.821164384323 -13287.5232806386 -13132.7021162543 697.466543084365 722.901723410737 508.076908930238 861.420996912123 -115.117633412929 67102.5403689451 40.6361904749643
90760 155.457844490049 -13288.0669136456 -13132.6090691555 -738.927716311249 -715.685570800448 -959.041869847704 -542.055708285595 -37.9097029881936 67217.5655590146 40.6593963390264
90770 155.392837641555 -13287.9200063787 -13132.5271687371 811.350006274685 837.07054302884 654.26214176773 942.717334027486 -15.653858173185 67092.4469205724 40.6341528975728
90780 155.109986874219 -13287.5661438166 -13132.4561569423 -890.878577518985 -869.957763145628 -921.596139009683 -881.08183040164 -54.8786599013648 67232.0190776252 40.6623104048181
90790 155.733076445317 -13288.1248585306 -13132.3917820852 979.99553993272 979.899284167923 1024.08542288576 936.001912744477 -88.4208586309445 67079.0893445999 40.6314560723515
90800 155.30741671775 -13287.6480020152 -13132.3405852975 -1055.59408963583 -1093.71102700663 -1006.10318495737 -1066.96805694349 -58.3937198871961 67247.9958009586 40.665531087657
90810 154.202891076508 -13286.4940569087 -13132.2911658322 1150.1608905924 1080.63884960439 1182.7565528869 1187.08726928593 3.09446630154911 67073.4115536406 40.63030964741
90820 152.514907889973 -13284.7424135371 -13132.2275056472 -1244.80736520887 -1305.28683883625 -1202.69583995473 -1226.43941683562 72.1874458672304 67274.1225353285 40.6707967710569
90830 152.570994435629 -13284.6905263377 -13132.119531902 1316.23496039478 1269.56623411261 1371.02198263435 1308.11666443739 141.378136951631 67062.7213996326 40.6281509810833
90840 152.706457153931 -13284.6690809374 -13131.9626237835 -1377.58600992135 -1414.06780962119 -1329.88779893167 -1388.80242121119 182.17030236808 67279.1582373218 40.6718115292567
90850 152.949406333831 -13284.7105992717 -13131.7611929378 1467.17612499806 1439.70220572648 1499.93040586813 1461.89576339955 197.782845276252 67047.5930439364 40.6250957151573
90860 152.5637907456 -13284.0828825257 -13131.5190917801 -1521.10639064883 -1531.99415090039 -1518.04185158059 -1513.28316946552 188.90479981392 67294.6873056236 40.6749405158453
90870 153.909430674562 -13285.1428096019 -13131.2333789273 1561.80638505367 1579.86074487773 1536.15384840471 1569.40456187857 151.399770792175 67041.7380381633 40.6239131368161
90880 155.151217666584 -13286.0747600592 -13130.9235423926 -1573.43811550665 -1534.49388243208 -1568.54844988284 -1617.27201420503 79.798676276542 67295.6487174777 40.6751342170388
90890 156.334818410065 -13286.9519602021 -13130.617141792 1607.6177943294 1663.3933248752 1711.44521437738 1448.01484373561 24.7244430072281 67037.3285722635 40.6230224792829
90900 155.35479085352 -13285.6916169132 -13130.3368260597 -1586.18632349266 -1506.47126643356 -1405.98911266132 -1846.09859138311 11.3705556326804 67304.9182791596 40.6770017144792
90910 154.602657559374 -13284.6696289607 -13130.0669714013 1570.78688926518 1662.48820501857 1714.70988309972 1335.16257967724 -3.24885667697999 67051.9692621853 40.6259795670069
90920 154.057203303565 -13283.8532826324 -13129.7960793288 -1541.1577946658 -1488.57643377364 -1501.8006875046 -1633.09626271918 -18.8903136609357 67307.9484879596 40.6776121600056
90930 155.593563405325 -13285.1088509282 -13129.5152875229 1490.77408036564 1439.60135055005 1473.38153377366 1559.3393567732 -36.6418480214931 67055.938359395 40.6267811605685
90940 156.937086828319 -13286.1837454805 -13129.2466586522 -1415.84696097758 -1561.76796445258 -1414.09093953324 -1271.68197894693 -81.5374587153441 67289.0694579884 40.6738086187794
90950 157.734651352294 -13286.7547860083 -13129.020134656 1357.15680882627 1180.41320524672 1427.58736252205 1463.46985871005 -104.849541588246 67060.1863958142 40.6276390532766
90960 156.255222382768 -13285.1023658006 -13128.8471434178 -1261.74469394924 -1396.05753013259 -1145.53706149056 -1243.63949022457 -107.589787241338 67275.7305855578 40.6711208191977
90970 155.075293506502 -13283.7793519755 -13128.704058469 1184.71108788391 1170.18020497364 1246.60161063759 1137.35144804049 -62.9174577008334 67078.0713171746 40.631250523219
90980 154.355440136472 -13282.9214957687 -13128.5660556322 -1102.02184234794 -954.04431239697 -1185.05791297401 -1166.96330167285 30.3772581731251 67265.97703598 40.6691552418054
90990 155.477009651896 -13283.8973438725 -13128.4203342206 1016.66220277579 1285.12527091015 813.476870709124 951.384466708096 92.8704802604485 67089.9440528806 40.6336476088366
91000 156.50583450619 -13284.7889933614 -13128.2831588552 -940.252349095498 -687.860882274052 -1158.60593480442 -974.290230208021 51.8885902779229 67244.8827944684 40.6649035893248
91010 156.633082444306 -13284.8066555803 -13128.173573136 901.695063633206 1021.37825106998 737.521369895084 946.18556993455 -36.5499005086284 67094.9377835535 40.634655750275
91020 154.613710261462 -13282.7043924159 -13128.0906821545 -819.284320091448 -855.063454252144 -907.445680258311 -695.343825763892 -99.7984705716224 67244.8238409668 40.6648917056985
91030 153.113397801063 -13281.1131725398 -13127.9997747387 757.688589275314 658.786757590717 675.032960887506 939.246049347721 -97.341694421419 67124.9295422338 40.6407094769579
91040 153.497262467578 -13281.3708447405 -13127.8735822729 -729.183992834032 -778.01067119146 -853.540292964711 -556.001014345923 -28.7222946170074 67247.3220300837 40.665395275223
91050 156.175080816621 -13283.8908513491 -13127.7157705324 676.753520808898 687.391229012024 537.908913321534 804.960420093135 12.9959386207987 67125.2919299595 40.6407826125668
91060 158.304474236304 -13285.8735727237 -13127.5690984874 -631.940906003408 -636.820314662366 -739.932429866642 -519.069973481217 12.5270888563201 67224.3350382355 40.660761228779
91070 158.905366728372 -13286.3805118384 -13127.47514511 624.886885019251 559.830854880719 545.067433122835 769.7623670542 3.04823353317693 67120.006717167 40.6397159464581
91080 157.48378924627 -13284.933138007 -13127.4493487608 -581.431414413102 -651.889623940744 -664.516522283026 -427.88809701554 30.6364198170457 67225.5285677954 40.6610018635294
91090 155.739169231681 -13283.212136042 -13127.4729668103 557.012598061282 542.476187194468 450.828811014128 677.732795975251 48.6621517842392 67140.0164592355 40.6437540342447
91100 154.735561140708 -13282.2544014311 -13127.5188402904 -561.030256809019 -510.544416928182 -647.853881218087 -524.692472280791 50.6297519812768 67232.8599052599 40.6624799165687
91110 155.70462856531 -13283.2820904529 -13127.5774618876 532.794552629964 618.056655626474 486.228678694919 494.098323568499 37.79969313159 67136.0734319474 40.6429583708085
91120 156.868665379331 -13284.5455767102 -13127.6769113309 -508.054528199323 -451.959695987612 -529.838077342182 -542.365811268176 -11.9117989682828 67214.4302037321 40.6587641449751
91130 157.221516253883 -13285.0854994624 -13127.8639832085 511.632384797933 501.714196739872 503.57769924476 529.605258409167 -82.1853934629042 67129.1729804669 40.6415658538046
91140 156.375792062249 -13284.5586106531 -13128.1828185908 -492.451118185466 -562.397868163987 -497.378956114609 -417.576530277802 -138.158159093788 67213.8734561157 40.658651883702
91150 155.483682051124 -13284.1269637675 -13128.6432817164 480.938073977775 373.292265615763 477.891959243019 591.629997074545 -109.602201026996 67136.9611079636 40.6431374976599
91160 154.397095047271 -13283.6163954385 -13129.2193003912 -469.501557479777 -610.859106399721 -446.433078916828 -351.212487122781 7.63300465326093 67216.4134152428 40.6591640300185
91170 153.693573718639 -13283.5530000549 -13129.8594263362 462.036040554795 276.121765162354 511.490239504058 598.496116997977 164.621235587693 67142.573362452 40.6442699750685
91180 153.381854322091 -13283.8914044232 -13130.5095501011 -467.117666639062 -691.308479107363 -408.99484491611 -301.049675893709 255.675689156327 67216.6491579078 40.6592115634903
91190 153.984309566948 -13285.1176340574 -13131.1333244905 450.883623883813 230.61925959471 502.477331192238 619.554280864488 240.839668572604 67134.3149625439 40.6426035192405
91200 154.119788901343 -13285.8401589346 -13131.7203700332 -430.730484065965 -558.364717909268 -430.29090441086 -303.535829877764 121.27829994641 67199.7056069328 40.6557949034517
91210 153.569315104511 -13285.8263107561 -13132.2569956516 449.157486608967 464.118595385238 375.185793933153 508.168070508509 -21.3610813378913 67129.600567064 40.6416521439185
91220 153.162865297513 -13285.8927755419 -13132.7299102444 -463.281173666834 -348.477141910715 -573.569517851323 -467.796861238462 -99.5098545694413 67206.8652039937 40.6572387032932
91230 154.991797916472 -13288.1369940373 -13133.1451961208 438.97268199189 545.936604296329 347.841721478404 423.139720200935 -48.1763905876252 67125.9558922767 40.6409166100435
91240 157.557654098564 -13291.1053407731 -13133.5476866746 -430.710952924862 -406.108205129018 -493.353237343631 -392.671416301938 75.1482850457928 67185.5597927604 40.6529419659596
91250 158.154917744542 -13292.1318649524 -13133.9769472078 464.013462779483 365.130475874847 441.305153043073 585.60475942053 131.384323272603 67108.2615193595 40.6373453202194
91260 155.137865281341 -13289.5709838299 -13134.4331185486 -447.861514286543 -677.839791479259 -384.53672267912 -281.208028701253 94.1028907990476 67189.6953954692 40.6537760785672
91270 150.921165519736 -13285.7781127661 -13134.8569472463 447.209695988564 126.690790249515 584.761925869147 630.176371847028 56.8544016304658 67126.4961767812 40.641025646845
91280 148.180310397234 -13283.3515065002 -13135.171196103 -466.067594387551 -805.191788582258 -312.228020302768 -280.782974277623 64.8989821021261 67207.4575813872 40.6573581571529
91290 148.900395409513 -13284.2488546957 -13135.3484592862 448.286692296684 155.425643224 562.582860802872 626.851572863182 119.680398513157 67130.3101746606 40.6417953471316
91300 151.726500221314 -13287.1380420424 -13135.4115418211 -452.329178920075 -648.417353459363 -434.043502424814 -274.526680876047 171.603768198108 67195.8107150294 40.6550094189302
91310 154.41568241483 -13289.8206621671 -13135.4049797523 470.93347557483 446.465104285501 344.538576252887 621.796746186103 206.556959133576 67114.4251156456 40.638589402131
91320 154.906703446383 -13290.2880194718 -13135.3813160254 -465.1433763989 -347.558877808449 -685.435777976242 -362.435473412007 206.595831766792 67189.8851536002 40.6538143501963
91330 154.289173324652 -13289.6415535216 -13135.352380197 472.958707648819 655.431088351455 248.981769949803 514.463264645203 180.455974172948 67114.529881178 40.6386105477155
91340 153.429838881506 -13288.7369931508 -13135.3071542693 -486.911671840765 -309.718624257418 -643.313479797382 -507.702911467491 153.466559750057 67192.7400951602 40.654390144306
91350 153.336646211091 -13288.5662298657 -13135.2295836546 501.887770911805 610.919996699173 437.279322326908 457.463993709337 109.89230134021 67110.3009045544 40.6377569653186
91360 153.271535317865 -13288.3872212799 -13135.115685962 -513.795061352414 -520.117987617661 -491.167529804348 -530.099666635234 62.2640319022569 67194.0298139253 40.6546502537281
91370 152.983592567122 -13287.9463860285 -13134.9627934614 539.924404010069 413.267202078436 601.962814135609 604.543195816163 -10.4783561881268 67110.1982730831 40.6377362495971
91380 151.951801043596 -13286.7096053962 -13134.7578043526 -561.616409687825 -777.794995488212 -515.227620527196 -391.826613048065 -48.1338757027615 67205.9783378009 40.6570598639787
91390 151.585063294772 -13286.0766131943 -13134.4915498996 568.782089710273 299.627931952321 587.258685868919 819.45965130958 0.498794091678325 67116.6344868286 40.6390353308216
91400 151.831825106268 -13285.982156214 -13134.1503311077 -599.008014937983 -860.928825761585 -608.145838984791 -327.949380067574 87.3350438994525 67210.5988234247 40.6579915819614
91410 152.282147129079 -13286.0189893217 -13133.7368421927 628.082483217671 384.17622099421 612.363448379617 887.707780279186 127.151005558022 67110.7939274832 40.6378564795841
91420 151.776912557395 -13285.0374494222 -13133.2605368648 -639.47774609867 -848.930838831697 -625.812866311559 -443.689533152751 50.8165557453898 67217.8742244775 40.6594585753981
91430 151.929936242522 -13284.664328623 -13132.7343923804 614.402350092073 496.186200504961 661.09639228901 685.924457482246 -75.4408190985762 67117.8240248725 40.6392754173187
91440 153.151858647212 -13285.3213892589 -13132.1695306117 -596.254792446089 -602.0832670775 -523.602968138782 -663.078142121982 -148.199157259901 67214.2588274526 40.6587295891333
91450 155.024558196025 -13286.617821414 -13131.593263218 537.016163924006 602.257940076509 633.031463556558 375.759088138949 -155.613932747517 67118.9797727777 40.6395086811772
91460 155.591649991563 -13286.6486630348 -13131.0570130433 -455.239751351787 -397.756419434184 -352.82858881989 -615.134245801285 -135.067502073279 67203.2535753507 40.6565103973491
91470 155.73802879022 -13286.3279750704 -13130.5899462802 346.546795719975 337.237862292801 424.981924832628 277.420600034493 -108.24358646152 67141.9652215798 40.6441472634755
91480 155.978993185 -13286.1620631308 -13130.1830699458 -267.55752422379 -400.648699579001 -213.780661567061 -188.243211525309 -72.5440087966808 67191.8763524832 40.6542159435308
91490 156.126729376046 -13285.9620559846 -13129.8353266085 172.219316197745 -67.067411331621 214.146751536073 369.578608388782 -54.7920916380326 67155.7414808151 40.6469268763765
91500 155.396903638284 -13284.9375685925 -13129.5406649542 -91.352691664201 -328.379640355375 -67.3987937627226 121.720359125492 -23.4837267787574 67178.7961297081 40.6515777242492
91510 154.538536547294 -13283.8220318677 -13129.2834953204 11.3260991514823 -143.316976552863 33.3041669298752 143.991107077435 32.4881506182942 67172.8861643563 40.6503855997732
91520 154.637271732194 -13283.6758645272 -13129.038592795 45.5646375908642 -51.7474851053991 115.420117324478 73.0212805535142 118.803244646028 67171.3202730913 40.6500697254079
91530 155.532387172626 -13284.3378959084 -13128.8055087357 -107.3683374545 -182.746624167469 45.1528438622032 -184.511232058237 172.220548576351 67184.0374055429 40.6526349059958
91540 156.155596855873 -13284.7506358805 -13128.5950390246 159.179769300307 100.757414401579 370.020094591804 6.76179890753777 182.49388557259 67162.8698768977 40.6483650117544
91550 155.748564178028 -13284.1646013204 -13128.4160371423 -207.12584419273 -250.241754838526 11.1473891085869 -382.283166848248 185.474863975479 67195.222589016 40.654890808667
91560 155.479582639095 -13283.73736583 -13128.2577831909 233.9486615788 199.580646100852 427.828526918179 74.4368117173662 177.770289035592 67160.0427892051 40.6477946663383
91570 156.135298553712 -13284.2495187501 -13128.1142201963 -281.485776984665 -341.265182542477 -101.482494820913 -401.709653590605 156.917494030461 67198.5115259071 40.655554095845
91580 157.379345823683 -13285.3821577853 -13128.0028119616 312.644418182789 205.575255887338 490.326202046391 242.031796614639 107.33516334627 67144.0830041438 40.6445745896698
91590 157.459303282878 -13285.3912399373 -13127.9319366544 -328.130971792554 -478.150089723763 -183.004094272667 -323.238731381233 48.3269121436087 67194.5276505523 40.6547506561201
91600 156.278404541956 -13284.1825207577 -13127.9041162158 379.746081533212 227.966655843838 453.864998397834 457.406590357964 -30.6619775750894 67144.2257934436 40.6446034013733
91610 155.006593299249 -13282.9160939463 -13127.909500647 -411.179484901056 -509.967018440897 -414.159938810388 -309.411497451886 -71.5411036249942 67219.6710110774 40.6598208585965
91620 155.516958043903 -13283.429498538 -13127.9125404941 401.497679787617 380.805077667613 356.84453293732 466.843428757917 -59.5319759460085 67154.515091875 40.6466794453357
91630 156.807426663303 -13284.7328113188 -13127.9253846555 -421.726370998444 -363.900918508389 -461.03427231952 -440.24392216742 -43.9783459520464 67216.7740898783 40.6592367538379
91640 157.275943313838 -13285.2521498345 -13127.9762065206 435.648750362675 518.803026243951 452.572287273526 335.570937570551 -33.5251390752453 67141.7967292595 40.6441132647069
91650 156.071218280292 -13284.1387997 -13128.0675814198 -433.729362977876 -367.210424912944 -334.103236080085 -599.874427940598 -25.6173770133972 67211.7155065623 40.6582167539976
91660 154.834358862347 -13283.0182643009 -13128.1839054386 444.247581607417 488.038837104273 615.432361473703 229.271546244276 -14.2341682633139 67140.8017077455 40.6439124858138
91670 154.398438787435 -13282.7029779178 -13128.3045391304 -449.706703605681 -436.326272940595 -283.452896271307 -629.34094160514 -4.35664951428647 67215.4125641815 40.6589622243018
91680 155.522863645856 -13283.9464599713 -13128.4235963254 448.251132344254 434.645900869223 561.049739904121 349.057756259416 -26.219822200547 67141.5695928418 40.6440674325073
91690 156.782154612667 -13285.345115596 -13128.5629609833 -448.395668231344 -456.224539313577 -386.815088320805 -502.147377059648 -45.0123002943843 67214.1148281948 40.6587005534735
91700 157.182339125964 -13285.933065973 -13128.750726847 446.30290311684 467.522730315751 463.34836487316 408.037614161611 -36.3866909663307 67139.2774685231 40.6436049156885
91710 156.089079164457 -13285.087447776 -13128.9983686115 -442.91287889025 -413.473552104349 -416.865085987675 -498.399998578727 13.8758127273369 67210.3492479273 40.6579412563123
91720 154.521920615986 -13283.8143532118 -13129.2924325958 446.054512524575 423.430589325436 519.377038843041 395.355909405249 18.8519818856139 67138.0621473642 40.6433596775659
91730 153.201678383156 -13282.8082520062 -13129.6065736231 -440.559482948664 -531.87889103142 -346.626727376412 -443.172830438157 -25.5657331911062 67212.0005265701 40.6582742260657
91740 153.848812873388 -13283.770892303 -13129.9220794296 429.968987830208 304.567297149571 554.184926269034 431.154740072023 -70.6443410791104 67140.3262063754 40.6438165367971
91750 155.800013157879 -13286.0548150992 -13130.2548019413 -433.665451098036 -532.713618116248 -284.332117988075 -483.950617189782 -95.4285961703853 67207.1037273611 40.6572868020005
91760 157.517291895789 -13288.1640518146 -13130.6467599188 443.221231523861 382.76914667185 610.782787957707 336.111759942029 -85.1530613326365 67132.5156296381 40.6422404151793
91770 157.462136889783 -13288.5937796943 -13131.1316428046 -440.000809270615 -481.460845279049 -262.51683352687 -576.024749005924 -39.9175321392599 67204.4854033975 40.656758805579
91780 156.302033618035 -13288.0098825602 -13131.7078489422 444.513931567119 422.044394894768 612.608832659572 298.888567147016 48.2808265031621 67132.7750114123 40.6422927586314
91790 154.452067443007 -13286.7902560203 -13132.3381885773 -451.623900342273 -453.105260560848 -324.974223258169 -576.792217207802 162.824869249928 67206.2054548713 40.6571056629893
91800 153.545172130594 -13286.5134372917 -13132.9682651611 441.957928118989 467.991283686864 490.419226320891 367.463274349208 198.391428783223 67128.7982071264 40.6414902214922
91810 153.464465927372 -13287.0223729819 -13133.5579070545 -445.036927335945 -387.155178782127 -466.985201196225 -480.970402029486 165.446871858519 67194.1819206129 40.6546809302606
91820 153.55164855727 -13287.6406885891 -13134.0890400319 455.355731659486 505.770422176177 431.963276553297 428.333496248988 149.29142280263 67114.5022564007 40.6386049720092
91830 152.818396388314 -13287.3645819894 -13134.5461856011 -440.036466125867 -431.789505059696 -432.128049844516 -456.191843473392 124.565027309211 67187.2336298256 40.6532795674531
91840 151.896991744148 -13286.8097811176 -13134.9127893734 456.686472344307 397.728885809695 495.751342508173 476.579188715057 78.7553911672272 67119.4124908712 40.6395960157036
91850 150.88904741327 -13286.0674128932 -13135.17836548 -466.73772077895 -570.654012374929 -393.77552692874 -435.783623033181 43.0791785543422 67201.066400021 40.6560693280233
91860 150.886972270989 -13286.2229902874 -13135.3360180164 464.95958947072 390.343836744387 563.883465216914 440.651466450859 23.7889843565873 67127.8351550027 40.6412958684392
91870 151.58532755243 -13286.9860702567 -13135.4007427043 -485.951664503686 -481.882038020462 -390.195384822505 -585.777570668092 7.68058907495289 67203.9714232995 40.6566551576453
91880 152.342109694585 -13287.7368041238 -13135.3946944292 499.099277123411 536.685214075977 604.612126086917 356.000491207338 -11.0646513820688 67118.1451562641 40.6393402313301
91890 151.94497707339 -13287.2799427427 -13135.3349656693 -498.241741481639 -503.056692822818 -375.772928033672 -615.895603588424 -13.8199711354379 67197.8305665482 40.6554167670415
91900 151.627005234977 -13286.8505373848 -13135.2235321499 510.053526708354 464.10323117523 623.630896074468 442.426452875364 17.8881671485541 67114.9312126571 40.6386915511445
91910 152.38206382117 -13287.4439091283 -13135.0618453071 -527.841040571837 -568.607025211265 -472.940723133384 -541.975373370859 65.9217611954576 67196.9934284385 40.6552479404599
91920 154.548514194324 -13289.417039457 -13134.8685252627 550.074352818529 529.694834054375 519.009117752654 601.519106648563 83.9211724434919 67106.1716990357 40.6369234862564
91930 156.028663328432 -13290.7090104241 -13134.6803470956 -563.368786746281 -580.886118243601 -643.205649683244 -466.014592312001 55.4969068163119 67195.624983809 40.6549719616771
91940 156.070474765329 -13290.5956597789 -13134.5251850136 599.419399477719 608.306022426374 519.748042638268 670.204133368516 10.998967031391 67100.9669371533 40.6358728577107
91950 153.966766164567 -13288.3659981137 -13134.3992319491 -612.607724211538 -522.319080968753 -662.683509558847 -652.820582107014 -51.3452631958229 67206.5359889829 40.6571723162503
91960 151.960270409805 -13286.2244766742 -13134.2642062644 639.067265948937 800.997500501184 646.0533598461 470.150937499527 -106.237513996988 67111.8999863061 40.6380797303715
91970 151.307975229896 -13285.3944709313 -13134.0864957014 -695.470237991953 -529.802921893389 -655.382964116508 -901.224827965964 -85.7271016099937 67222.7342950313 40.6604384887385
91980 152.595274993248 -13286.4513985421 -13133.8561235489 742.74470609296 854.92524458075 777.220823280674 596.088050417459 -61.8519993195909 67102.5423607556 40.6361908770335
91990 153.788876021063 -13287.383202289 -13133.594326268 -788.00444910249 -726.964422614751 -790.925075776461 -846.123848916259 -55.2741631836508 67224.924336999 40.6608800412412
92000 154.867591507075 -13288.194979989 -13133.3273884819 856.520610809721 886.63883497556 840.351673643493 842.571323810108 -56.3924796115789 67089.4862870197 40.6335551919116
92010 154.971197728374 -13288.0478059637 -13133.0766082354 -920.528176386314 -913.791725278037 -930.931172129072 -916.861631751832 -44.0050816955178 67234.3893174442 40.6627882440778
92020 154.237146090225 -13287.0807769702 -13132.84363088 1021.59068444645 998.072190015092 1039.97826792175 1026.72159540251 -57.0199033976768 67078.7403338311 40.6313856040906
92030 152.040722663702 -13284.6525909681 -13132.6118683044 -1108.00776522153 -1123.05557916119 -1107.90132560779 -1093.06639089561 -47.4297127498628 67260.9201072311 40.6681360729112
92040 151.111379543335 -13283.4597479158 -13132.3483683725 1193.99484670235 1221.53549104438 1094.89698844418 1265.55206061849 1.59120348750563 67077.9878487401 40.6312336700795
92050 151.64823401454 -13283.6868218361 -13132.0385878215 -1300.20821340178 -1222.13582084839 -1515.47627228303 -1163.01254707391 54.168048645194 67279.3058445105 40.6718412732246
92060 153.756062832541 -13285.4507507703 -13131.6946879378 1415.67722137418 1534.10815019146 1146.21193523909 1566.71157869197 95.2352122008778 67054.1384941046 40.6264176661026
92070 154.719588999941 -13286.0760491159 -13131.3564601159 -1495.78328988115 -1367.88508465402 -1699.89688544357 -1419.56789954585 79.6396452225149 67292.6099785823 40.6745219784804
92080 155.671413342379 -13286.7206341897 -13131.0492208473 1583.85981999256 1708.96517539784 1527.79843166571 1514.81585291414 58.446017821849 67040.9016922762 40.6237442083001
92090 155.61318507783 -13286.4016264584 -13130.7884413805 -1638.70092410317 -1534.29738905476 -1566.20999496255 -1815.5953882922 61.3700640776261 67302.0539421739 40.6764246675297
92100 156.339012838252 -13286.9106688997 -13130.5716560615 1697.98640525036 1751.4474494349 1857.50061795569 1485.01114836049 51.9237808230153 67026.9827348437 40.620932594849
92110 156.266454278351 -13286.6721691733 -13130.4057148949 -1706.50335641783 -1693.83405072908 -1560.33821232213 -1865.3378062023 16.9019300781515 67304.4559987153 40.6769085849529
92120 156.109938858117 -13286.3941737251 -13130.284234867 1736.7638858088 1750.43446278021 1807.68427888521 1652.17291576098 -5.92555264749552 67025.2041332089 40.6205732913107
92130 154.112252434687 -13284.303418871 -13130.1911664363 -1698.31284473037 -1684.35095058252 -1715.95689201891 -1694.63069158969 -8.22604496075214 67315.0050204164 40.6790336506633
92140 153.108194238756 -13283.2060865943 -13130.0978923555 1655.36994789772 1680.21390099975 1594.63591158452 1691.26003110889 3.08563637068861 67046.5830658777 40.6248917274153
92150 152.542482636312 -13282.5214953251 -13129.9790126888 -1604.26850960074 -1550.43120517476 -1653.60891270376 -1608.76541092372 0.470853452800711 67313.4172929828 40.6787138223899
92160 153.388734981054 -13283.2153996979 -13129.8266647169 1548.18832483794 1617.46723635186 1534.15823594573 1492.93950221623 -47.7028369022461 67052.540306996 40.6260948964009
92170 153.677532585154 -13283.3331215453 -13129.6555889602 -1463.46343124625 -1415.6946278262 -1430.69981064184 -1543.99585527071 -119.012961007394 67296.423503971 40.6752903164017
92180 154.836194496321 -13284.3085990966 -13129.4724046003 1385.76527902636 1392.99069178015 1445.80389988175 1318.50124541718 -121.094071109937 67060.5382732284 40.6277101134408
92190 155.725785950367 -13285.0252111823 -13129.2994252319 -1292.09496649258 -1341.83288918584 -1231.86822268064 -1302.58378761126 -28.0462415047972 67275.9052132149 40.6711560091854
92200 157.138430354311 -13286.2889214618 -13129.1504911075 1213.3544600212 1087.98343949591 1293.42163780441 1258.65830276328 42.9236864063489 67067.902411446 40.6291972131545
92210 157.323965156007 -13286.3731043194 -13129.0491391634 -1115.50664053082 -1258.32558001946 -998.820710685973 -1089.37363088704 38.1687639482723 67257.4254156831 40.6674317260548
92220 157.520804337944 -13286.5196096248 -13128.9988052869 1043.60465256962 945.196042398807 1206.84780144703 978.770113863024 -48.980040403201 67082.7847715887 40.6322021956895
92230 156.964182722356 -13285.9606742111 -13128.9964914887 -962.982283181531 -961.247907426668 -762.865790506789 -1164.83315161114 -160.035736068227 67249.9068123287 40.6659162865279
92240 156.408617748418 -13285.4420206533 -13129.0334029049 900.336347742449 997.610081241058 1094.97372099671 608.425240989585 -208.740966776614 67100.8545492211 40.6358501705847
92250 154.831713183059 -13283.9214989271 -13129.089785744 -829.516279820827 -695.990068517423 -720.125793924512 -1072.43297702054 -177.169266590969 67247.3034184946 40.66539152366
92260 153.657705820694 -13282.798464773 -13129.1407589524 757.541728139024 867.193503403933 755.544695120129 649.88698589301 -116.901428905462 67119.5736414177 40.6396285402626
92270 153.549716987379 -13282.7148357053 -13129.1651187179 -712.314514054763 -674.471432336537 -808.804704417537 -653.667405410211 -43.1587723689741 67236.1008803519 40.6631332873919
92280 155.387060712473 -13284.5480172042 -13129.1609564917 663.806520175067 631.423996274307 540.712098186245 819.28346606465 34.7839490998783 67118.1145813958 40.6393340604074
92290 157.242955363508 -13286.4086485397 -13129.1656931761 -608.575331596432 -705.739470744014 -666.765870896427 -453.220653148853 33.9239407159897 67217.0143701011 40.6592852020562
92300 158.068871083006 -13287.2800426386 -13129.2111715556 586.579541250502 483.421743463336 618.640468466707 657.676411821464 -65.7976690198803 67120.4806197322 40.6398115921592
92310 156.900854770911 -13286.2124932595 -13129.3116384886 -543.475940879146 -599.093517968189 -466.431335453519 -564.902969215729 -175.069957447002 67218.0501886231 40.6594940550515
92320 155.629311077211 -13285.0833024019 -13129.4539913247 500.90168849625 468.093111981134 577.591511160488 457.020442347127 -224.109202999393 67136.4620739172 40.6430367962516
92330 155.162249052155 -13284.7772638093 -13129.6150147572 -486.606750038794 -534.368961786885 -463.029178952487 -462.422109377013 -176.097092068787 67213.6987414844 40.658616654529
92340 155.534517935609 -13285.320267144 -13129.7857492084 463.915585516897 409.255061791599 398.830833337236 583.660861421858 -66.2138685714268 67130.0148451387 40.6417357479254
92350 155.244701862019 -13285.2223060865 -13129.9776042245 -430.320625206129 -438.434663323965 -581.464983905308 -271.062228389113 38.8855332255227 67200.3403997872 40.6559229195226
92360 154.799346274928 -13284.9869635834 -13130.1876173085 410.266102670442 474.874913654398 210.055157620493 545.868236736434 83.9253463690152 67130.0560752262 40.6417440684061
92370 154.102441546088 -13284.5149597025 -13130.4125181564 -380.498369515661 -256.101608621646 -574.012441408197 -311.381058517144 111.573338124997 67195.7216881799 40.6549914644924
92380 153.606614460919 -13284.2524628506 -13130.6458483897 362.259155624214 509.276965791698 229.381632476551 348.118868604391 124.399983713694 67137.5037703301 40.6432470023768
92390 153.260181371064 -13284.1403744401 -13130.880193069 -337.12620494135 -228.538094560053 -386.653190458944 -396.187329805053 120.280447261443 67199.0044308325 40.6556534992068
92400 153.526132382824 -13284.6464035032 -13131.1202711204 302.110590611763 354.337789539837 303.381858535687 248.612123759765 145.929366735828 67149.2229511312 40.6456116908747
92410 154.18652906008 -13285.5629864537 -13131.3764573936 -290.242351375923 -253.363671217354 -280.019951420345 -337.343431490072 194.87544582915 67195.0456492219 40.6548551242139
92420 155.037465894944 -13286.7073324485 -13131.6698665536 260.004921368545 318.127207723178 257.731411678729 204.156144703731 235.504771624914 67143.2371971972 40.6444039238104
92430 154.981717485667 -13287.0164220271 -13132.0347045415 -228.254045155352 -122.605077248194 -290.03333882291 -272.123719394948 229.204372513938 67177.3344259494 40.6512828842186
92440 154.302742773657 -13286.7815808322 -13132.4788380586 211.883805592504 375.920861054072 56.3329580096517 203.397597713791 186.359339621458 67139.6651484266 40.6436831445043
92450 153.246955666706 -13286.2450455719 -13132.9980899052 -178.272650019788 1.53331282965432 -375.786522093296 -160.564740795721 121.545463963834 67172.7246496649 40.6503530189701
92460 152.283857466454 -13285.8528712786 -13133.5690138121 148.863869945966 269.833371164132 11.9837253904773 164.774513283289 50.9523827587555 67148.5406039171 40.6454740148519
92470 151.462744740003 -13285.6154074152 -13134.1526626752 -127.92939807629 -107.998428279079 -150.429675667109 -125.360090282679 13.7546831010829 67171.9396546446 40.650194668741
92480 151.063257621146 -13285.7760426417 -13134.7127850206 104.150281214758 65.7270011790639 165.263875775824 81.4599666893868 25.0014688310482 67152.3331752789 40.6462392236327
92490 151.476955859066 -13286.700031238 -13135.2230753789 -85.249104861489 -117.621055530656 23.2362082850292 -161.362467338839 29.5868266921923 67166.7520999064 40.6491481973535
92500 152.844069423852 -13288.5217176361 -13135.6776482122 42.6443465914042 51.2669971229695 125.616853046634 -48.9508103953888 10.6744340813137 67149.7384484166 40.6457157012561
92510 154.023933741955 -13290.1232353534 -13136.0993016114 -5.4579315808876 16.8594377152514 -19.3694283822518 -13.8638040756624 3.34689254735663 67145.9120962039 40.6449436566587
92520 153.816381749107 -13290.3082689957 -13136.4918872466 -13.8339035078462 10.9759939160164 -91.8273750406483 39.3496706010878 -22.9446096752496 67143.4800690136 40.644452930326
92530 152.382072729579 -13289.2301991198 -13136.8481263902 55.6176081031084 136.700390742292 -55.3958614048752 85.5482949719071 -69.021741059924 67139.4688834299 40.6436435407912
92540 151.254645410425 -13288.3986433569 -13137.1439979465 -95.9036117254626 58.4699770357566 -189.529737348626 -156.651074863516 -89.189595519197 67154.1799417633 40.6466118263439
92550 151.369343697341 -13288.7301257404 -13137.3607820431 125.709155215316 315.005135649831 119.878284848315 -57.7559548521992 -82.6313622505758 67135.8161966571 40.6429064622194
92560 151.707621674447 -13289.2097817591 -13137.5021600846 -155.86364297204 -7.2721973778013 -49.8592124503177 -410.459519087997 -19.5935034977411 67158.454460126 40.6474742248945
92570 151.330837606541 -13288.9031760737 -13137.5723384672 204.471875819655 290.586161210112 332.971263620744 -10.1417973718851 64.6892810031648 67133.6053987985 40.6424603305717
92580 150.380483200613 -13287.951336254 -13137.5708530534 -255.243506646221 -191.533264731364 -221.645292278728 -352.551962928574 96.9557745026113 67175.7432733753 40.6509619282263
92590 150.40407906141 -13287.8827336913 -13137.4786546298 278.237468792861 314.337958033677 171.166660834472 349.207787510435 89.3295510302471 67130.7025311137 40.6418745266635
92600 151.866422247268 -13289.1591369616 -13137.2927147143 -328.716875581549 -321.722444485481 -542.91477569782 -121.513406561345 63.3801483384391 67172.6663646459 40.6503412616817
92610 153.694346836425 -13290.7384766677 -13137.0441298312 382.30318122773 395.672398732526 154.307228699136 596.929916251527 62.8885346886755 67106.9367627041 40.6370779167398
92620 153.647671614192 -13290.3989206635 -13136.7512490493 -408.145743918679 -354.949769364623 -594.242157486767 -275.245304904646 59.8970785316282 67170.9859898916 40.6500022925717
92630 151.930870878913 -13288.3486139989 -13136.41774312 471.637059862324 570.564152554527 321.208711749851 523.138315282597 74.6004920332181 67105.3980804466 40.6367673277421
92640 149.995232698397 -13286.0199931971 -13136.0247604987 -532.337320099543 -383.432009002011 -650.723718758186 -562.856232538434 100.308754738803 67196.9040931402 40.6552299240273
92650 150.087206282974 -13285.6146650946 -13135.5274588116 580.866433942721 788.640742115492 471.022175484005 482.936384228663 118.356627625063 67112.3154399642 40.6381635863595
92660 151.985054430773 -13286.9251400167 -13134.940085586 -670.9781086326 -437.515666892095 -777.950289059706 -797.468369946002 100.038307635618 67213.9779638397 40.6586729564397
92670 154.286325661206 -13288.6003066342 -13134.313980973 763.942613475449 995.707371583905 668.774231317368 627.346237525073 32.9704490566753 67093.3714650428 40.6343395450547
92680 154.231917516262 -13287.9471942437 -13133.7152767274 -842.716828375193 -644.969289190485 -907.90309512908 -975.278100806014 -39.5907761191407 67227.4107418292 40.6613813342915
92690 153.361129105974 -13286.5353057013 -13133.1741765953 940.212926663468 1082.79144376717 875.814288581081 862.033047642148 -86.5282924934303 67087.5347581725 40.6331611991098
92700 153.186618337967 -13285.8834852389 -13132.6968669009 -1066.99653325948 -1009.25616279464 -1137.79420386748 -1053.93923311631 -79.605968581202 67252.0363867063 40.6663455321252
92710 155.202968169942 -13287.4876797552 -13132.2847115853 1181.78782015317 1187.29469632349 1128.82318154331 1229.2455825927 -31.7454890400054 67063.3795072731 40.6282838796026
92720 156.339337608431 -13288.2910882924 -13131.9517506839 -1278.03973501813 -1280.98564146486 -1291.68187295603 -1261.4516906335 19.7264619328768 67261.6276573189 40.6682786749963
92730 155.718334673979 -13287.4248990317 -13131.7065643578 1408.69700045413 1418.37126336079 1435.48374056229 1372.23599743931 41.8830820206015 67046.6533690722 40.62490592679
92740 152.995288896404 -13284.5212887204 -13131.525999824 -1500.62750080238 -1429.69621288432 -1489.26235952219 -1582.92393000063 21.8733373114912 67293.4355558823 40.6746883158376
92750 152.086782301595 -13283.426903343 -13131.3401210414 1559.0397610438 1735.03776829078 1508.27392788438 1433.80758695625 -4.84510056853616 67047.8050287783 40.6251385299949
92760 153.198054443679 -13284.3331702005 -13131.1351157568 -1615.99972571994 -1356.29554939878 -1732.75834487639 -1758.94528288466 1.65413129349151 67303.2795855272 40.6766715866254
92770 156.345756526744 -13287.2831813109 -13130.9374247841 1624.46232412032 1874.9212034649 1485.70431275808 1512.76145613798 29.0688556310853 67028.8480386761 40.6213094066706
92780 157.076425761468 -13287.8485675878 -13130.7721418263 -1561.53638388597 -1408.65788589112 -1698.53502642185 -1577.41623934494 49.8963963886154 67283.6916385012 40.672725024124
92790 156.25712048491 -13286.9194501354 -13130.6623296505 1518.22740717632 1574.24078382701 1376.70908555212 1603.73235214982 46.4482826509908 67034.5251782002 40.6224562080727
92800 154.202947704591 -13284.7913688084 -13130.5884211038 -1415.50018817076 -1382.3313312405 -1535.16583858735 -1329.00339468444 11.8575520276906 67281.2792017567 40.6722389154961
92810 153.679459872034 -13284.1820324267 -13130.5025725546 1299.89494613628 1378.38201673837 1194.73419867885 1326.56862299162 -17.4725419125194 67061.6358767177 40.6279317682533
92820 153.772140200791 -13284.166647399 -13130.3945071982 -1188.27108779997 -1045.53691125856 -1307.10947023479 -1212.16688190656 23.300915024365 67263.1942810649 40.6685944141909
92830 154.682881178096 -13284.9479677967 -13130.2650866186 1100.42212839097 1250.68890289725 952.35329403089 1098.22418824477 102.244153581677 67075.9558637221 40.6308233869925
92840 154.791737269135 -13284.9180443221 -13130.126307053 -996.521901178602 -894.545832111832 -1159.43066435384 -935.589207070131 125.478406785901 67251.013548799 40.6661393659238
92850 155.766581484348 -13285.7493327898 -13129.9827513054 912.384902724525 958.322515630976 752.541630828131 1026.29056171447 136.847870127253 67096.3150322079 40.6349337823884
92860 156.625268737555 -13286.4764069696 -13129.851138232 -851.824851949315 -836.287762022484 -1001.65163305849 -717.535160766974 182.632522905153 67238.5779008015 40.663632633103
92870 157.293201242439 -13287.0427364986 -13129.7495352562 806.851089447618 850.870104937987 646.72260352072 922.960559884146 223.204571148465 67099.3459545203 40.6355456365214
92880 156.499060780871 -13286.185777283 -13129.6867165021 -756.761921903386 -645.064911584665 -926.934687737991 -698.2861663875 181.124548645956 67228.3542440274 40.6615715539394
92890 155.5667276981 -13285.2177818874 -13129.6510541893 724.297728787126 872.488548059384 592.046441185256 708.358197116739 87.1448458940734 67107.8465860128 40.6372615658795
92900 154.692079972733 -13284.3171199421 -13129.6250399693 -696.467128055964 -589.772357814191 -762.816737866711 -736.812288486986 22.1372094709886 67224.5672651812 40.6608080496884
92910 154.447610619564 -13284.0393615481 -13129.5917509285 690.027394487109 707.546055038799 643.40192021903 719.134208203494 -4.33661013167158 67112.8108318002 40.6382635767751
92920 153.633867691666 -13283.1766686291 -13129.5428009375 -664.976929334394 -723.352254876983 -723.050181893853 -548.528351232347 28.4566750097113 67230.058392885 40.6619151231868
92930 153.203058731038 -13282.6646373655 -13129.4615786345 641.633620545802 555.219932010752 586.953325465055 782.727604161598 91.6376480279241 67126.5685037772 40.6410402433775
92940 153.246632891823 -13282.5855395834 -13129.3389066915 -638.716832969408 -709.873151635336 -645.265206602212 -561.012140670673 110.77078650206 67229.2705754371 40.6617562939761
92950 154.174054323316 -13283.345923708 -13129.1718693847 630.8011339624 605.894826589109 689.514187036547 596.994388261544 62.8103101058521 67121.3965246425 40.6399964440024
92960 155.058187014631 -13284.0302868045 -13128.9720997899 -619.020953165426 -599.084787658555 -525.0855861095 -732.892485728222 -30.4691361843002 67220.017827576 40.6598907859072
92970 155.907641644126 -13284.663441527 -13128.7557998829 632.615908377177 683.971024350463 709.104456902757 504.772243878309 -96.3418130106041 67117.3749290286 40.63918477587
92980 155.691598954174 -13284.2274459158 -13128.5358469616 -622.155578372519 -536.793437929767 -624.763650949014 -704.909646238775 -127.198561254244 67224.4152239883 40.6607773956053
92990 155.896656646338 -13284.2081840865 -13128.3115274402 615.511158415473 731.821824488611 519.312989136152 595.398661621653 -145.701215984147 67127.8334687151 40.6412955281287
93000 156.793016906222 -13284.8799392306 -13128.0869223244 -625.554103038457 -525.689621468276 -752.59813757654 -598.374550070558 -147.484232320674 67228.5552228568 40.6616120730874
93010 158.146959474279 -13286.0248345697 -13127.8778750954 635.632978325472 657.405026918991 546.226131399478 703.267776657945 -138.908886187521 67124.3704262625 40.6405966379427
93020 158.207279378956 -13285.9173288513 -13127.7100494724 -634.750362850178 -664.607189603241 -708.585508222888 -531.058390724404 -139.259962436876 67228.1962934117 40.6615397096113
93030 157.476094940689 -13285.0670241495 -13127.5909292088 642.370555950752 623.321554391403 525.544155739104 778.245957721745 -150.460180923605 67124.9322364363 40.6407100206918
93040 156.330038425333 -13283.8400800028 -13127.5100415774 -643.432100804282 -621.388620253108 -797.323739496934 -511.583942662805 -175.98880413871 67232.0117830263 40.662308934213
93050 156.33570350775 -13283.7858776611 -13127.4501741533 649.86127907861 701.69303140987 549.916458784631 697.974347041326 -175.640579241132 67128.0747476634 40.6413442206843
93060 156.78156930008 -13284.1921927029 -13127.4106234028 -665.177631745354 -603.92414741511 -638.349680712006 -753.259067108945 -140.83113708554 67234.1677960449 40.6627435859411
93070 157.296570263244 -13284.6987237197 -13127.4021534565 689.401901778624 737.377198192429 813.46673450528 517.361772638163 -101.410011152939 67122.3785871611 40.6401946461888
93080 156.741480211697 -13284.1788444376 -13127.4373642259 -703.81055812282 -661.332309210412 -588.429379269755 -861.669985888295 -83.3780603760717 67236.485150913 40.663210753788
93090 156.417185258135 -13283.9325354764 -13127.5153502183 727.155209556227 778.28952749392 743.089454501197 660.086646673565 -85.3730777724536 67119.322662762 40.6395778859278
93100 156.083867752936 -13283.7189486188 -13127.6350808658 -750.164152183672 -704.649142292628 -854.412585105787 -691.430729152598 -83.2836563603058 67239.900471429 40.6638992467802
93110 156.155824942649 -13283.9520670601 -13127.7962421175 780.939699423556 817.999487058426 619.347804008441 905.4718072038 -100.005868241639 67113.0251467951 40.6383068341894
93120 155.845098075833 -13283.850087947 -13128.0049898712 -807.786875299551 -773.512409458815 -942.470247764527 -707.377968675306 -107.522933554209 67241.9248464658 40.6643073286673
93130 155.96378488153 -13284.2264679774 -13128.2626830959 848.636756096566 891.891696566494 750.196832439133 903.821739284068 -113.733493663302 67105.8159765437 40.6368516821642
93140 155.591386974024 -13284.1644121679 -13128.5730251939 -883.471006147794 -832.792003591058 -992.389061010802 -825.231953841519 -144.227670653282 67248.6785777993 40.6656687145039
93150 155.685194957789 -13284.619535803 -13128.9343408453 930.461136951176 1010.06426312149 754.702017332439 1026.6171303996 -130.524986198358 67101.1986513234 40.6359196324799
93160 155.475890687435 -13284.8222861352 -13129.3463954477 -994.498369308072 -899.656138053804 -1191.1735724872 -892.665397383209 -64.6342040461675 67254.8554497969 40.6669137399104
93170 155.406287227653 -13285.2059740507 -13129.799686823 1074.30670290594 1176.51337771121 936.808981900843 1109.59774910577 2.70835688811577 67081.8308651414 40.6320096003091
93180 154.277356917393 -13284.5603147238 -13130.2829578064 -1136.61647931376 -1077.85069294469 -1138.68595775666 -1193.31278723993 50.3509181359685 67261.5493228713 40.6682628872508
93190 153.669535517019 -13284.4357077523 -13130.7661722353 1222.17584377473 1249.32808813476 1337.51769529987 1079.68174788957 54.928352839748 67069.376940805 40.6294949636578
93200 152.975415546326 -13284.2006562847 -13131.2252407384 -1304.74179135438 -1263.91807955685 -1180.26122976049 -1470.04606474581 6.00321204408294 67274.7032856252 40.6709138022344
93210 153.5258584692 -13285.168521875 -13131.6426634058 1387.45116893711 1449.70107940905 1451.76224080412 1260.89018659816 -38.4225268438175 67052.5237263325 40.6260915477449
93220 154.16103841208 -13286.1886713823 -13132.0276329703 -1454.47773429409 -1415.60030211313 -1422.5823296699 -1525.25057109925 -60.431220948731 67280.2749033754 40.6720365448544
93230 155.649644082262 -13288.0363421285 -13132.3866980462 1513.19301382749 1480.44679931765 1587.73564522237 1471.39659694246 -83.0889937591796 67031.0658783382 40.621757425497
93240 155.702269779151 -13288.4526353054 -13132.7503655263 -1512.55849055872 -1605.09663246593 -1349.63534703078 -1582.94349217945 -137.862034086593 67275.9820118697 40.671171485201
93250 155.476870500755 -13288.5929798277 -13133.116109327 1518.28524268834 1450.98725891995 1739.35819604388 1364.51027310119 -204.022083736586 67030.1517894416 40.6215727744663
93260 153.938064504565 -13287.4058314378 -13133.4677669333 -1468.06470461511 -1455.94039767853 -1303.53138506784 -1644.72233109895 -242.187887508268 67278.3075191856 40.671640102253
93270 152.821003998338 -13286.608614063 -13133.7876100646 1401.69548714625 1480.85677507374 1420.56975153185 1303.65993483316 -208.224709874477 67048.6701078001 40.6253132501265
93280 151.643431859453 -13285.6862764742 -13134.0428446148 -1317.72630421483 -1209.55051313171 -1462.33161001632 -1281.29678949644 -91.9163412819492 67272.3645696119 40.6704425066113
93290 152.253221059781 -13286.4784769864 -13134.2252559267 1204.66769705612 1304.5282569998 970.985719166063 1338.48911500249 1.78649307096354 67063.437283365 40.6282955468881
93300 152.954921800811 -13287.3059598854 -13134.3510380846 -1090.70052389957 -1014.9069862442 -1320.79575519882 -936.398830255686 16.5702948940998 67245.779184731 40.6650842794637
93310 153.644327034232 -13288.0713122144 -13134.4269851802 980.741657601158 992.188875075181 847.392535783063 1102.64356194523 -39.3476596074921 67072.9201400276 40.6302104211266
93320 153.16376736843 -13287.6352791907 -13134.4715118223 -858.921101491501 -939.518626950687 -852.553792798344 -784.690884725474 -144.276874063968 67222.1642087268 40.6603235473431
93330 152.957023382892 -13287.435692362 -13134.4786689791 760.84126306954 637.59911095977 856.021493944667 788.90318430418 -219.079331634223 67091.2356753971 40.6339083682202
93340 152.549286323529 -13286.9891599555 -13134.439873632 -655.726606416931 -712.435688053252 -562.497245031366 -692.246886166179 -187.375981952635 67210.8745552751 40.6580471817632
93350 152.884317920069 -13287.2388480474 -13134.3545301273 557.007430350746 591.312585659678 611.081049605222 468.628655787335 -81.4202886629776 67113.4119689819 40.6383849102831
93360 153.385854241279 -13287.6100539557 -13134.2241997144 -477.670713572055 -438.584786300736 -425.774956305065 -568.652398110361 9.89337531496255 67197.3549799989 40.6553208551406
93370 153.637692083932 -13287.6927720861 -13134.0550800022 414.048000212264 358.501321116977 500.124096595122 383.518582924694 3.6770542124569 67124.7520009147 40.6406736461989
93380 153.26099706591 -13287.1113672229 -13133.850370157 -357.988426991322 -522.0613031193 -262.282076043332 -289.621901811336 -80.977252228069 67187.9938009792 40.6534328869267
93390 153.126074686016 -13286.7290579505 -13133.6029832645 314.469232824774 132.905794916992 354.442260443155 456.059643114176 -153.817404789518 67133.8940223925 40.642518574408
93400 153.062499137921 -13286.3671153328 -13133.3046161949 -269.359895409412 -355.180566143156 -309.129949897461 -143.769170187614 -152.83134784753 67183.5249962449 40.652531553861
93410 153.607449326579 -13286.5612108949 -13132.9537615683 230.091343525976 358.757241516013 76.7106622383023 254.806126823611 -94.9103871614972 67145.0604344894 40.6447718125475
93420 154.323773763962 -13286.8780881614 -13132.5543143975 -195.439997410923 160.453076329708 -477.661975542995 -269.111093019477 -0.0650504955027568 67182.4575488832 40.65231624975
93430 154.745066917716 -13286.8673221362 -13132.1222552185 170.533685497505 644.284298441414 -185.793608964733 53.1103670158332 49.6851009777238 67156.3133343908 40.6470422501032
93440 154.505032238802 -13286.1699769414 -13131.6649447026 -147.024587838581 320.309735201446 -495.665561669269 -265.717937047918 -7.21020803675898 67186.3680935271 40.6531049953987
93450 154.360776971655 -13285.5498558227 -13131.1890788511 110.066289894969 453.717400441362 -155.12461411118 31.6060833547225 -104.038178867153 67166.6453175649 40.6491266558746
93460 155.041494401695 -13285.7407747996 -13130.6992803979 -89.5472667283585 70.8693990559441 -225.518886453021 -113.992312787996 -138.818244061262 67180.8800942532 40.6519980730079
93470 156.417138211404 -13286.630314718 -13130.2131765066 60.3470565245429 66.9274203749888 48.6014234869851 65.5123257116518 -119.035878252327 67164.545377196 40.6487030248137
93480 157.373801303172 -13287.1450034286 -13129.7712021255 -25.2599984371225 -96.8234023735014 5.12685291497067 15.9165541471592 -83.4359091044473 67168.6222150463 40.6495254568337
93490 157.269411704322 -13286.667137887 -13129.3977261826 10.9915174729184 -54.0835979574912 3.24633435943471 83.8118160168073 -62.8179942941166 67166.5730497413 40.649112077086
93500 156.058048142232 -13285.1524767229 -13129.0944285807 30.4543299375691 -14.1974668118897 -32.7338272035641 138.294283828163 -62.8533162863045 67172.1841811435 40.6502439950806
93510 154.355414986739 -13283.2020252832 -13128.8466102964 -63.6417982046888 -116.827041736712 -184.14579776082 110.047444883468 -57.6320478494376 67189.8330997431 40.6538038516498
93520 153.478345851784 -13282.0918018538 -13128.6134560021 81.9656501743754 18.3329061742713 -97.3636641146573 324.927708463511 0.785290397798902 67184.4699085461 40.65272214075
93530 153.883715330955 -13282.272291826 -13128.388576495 -129.752424584768 -175.26301235002 -310.913261289853 96.9189998855718 99.2339582015149 67202.6960982205 40.6563979765152
93540 154.903415606679 -13283.0821132226 -13128.178697616 158.153408401401 189.063545464513 15.8066177603391 269.59006197935 169.965408255794 67176.0420303405 40.6510221917451
93550 155.928201326585 -13283.9273577615 -13127.9991564349 -193.25291215109 -55.3527087439995 -328.717749132023 -195.688278577249 139.558139735033 67200.4901975244 40.6559531285002
93560 157.452262160519 -13285.3264878021 -13127.8742256416 220.719280722074 437.128010045789 54.2191697579956 170.810662362438 28.892945467679 67160.6777362227 40.6479227639074
93570 158.523303140689 -13286.337164338 -13127.8138611973 -246.685302739381 -59.2424665831961 -409.525043875786 -271.28839775916 -104.114589335736 67192.5098121092 40.6543437006591
93580 157.781088071641 -13285.6078200127 -13127.826731941 299.702878637988 311.86958878844 209.407661593752 377.831385531773 -156.510897402002 67147.1878817769 40.645201075677
93590 155.318924760961 -13283.2018963263 -13127.8829715654 -324.071169546713 -513.679640263123 -339.765256318929 -118.76861205809 -81.1237163354946 67204.4442101639 40.6567504986746
93600 153.762609989565 -13281.6931100417 -13127.9305000521 344.206480257494 54.7251402119683 359.558547006564 618.335753553947 45.3789649828856 67154.2967948792 40.6466354023422
93610 154.136133561251 -13282.0867459139 -13127.9506123526 -394.409967055552 -618.275932531875 -422.489262773964 -142.464705860816 150.143079420935 67212.0985675747 40.6582939952343
93620 155.873074680622 -13283.8290925792 -13127.9560178986 435.554292351094 374.583351491652 332.298841503664 599.780684057967 201.942948405043 67139.2611168299 40.6436016161206
93630 156.84184906976 -13284.8145441297 -13127.97269506 -456.275315793928 -380.645810365921 -587.731653676599 -400.448483339266 183.725089073884 67212.1584794732 40.6583060759703
93640 156.624573838639 -13284.6414460399 -13128.0168722013 502.342846174142 621.438445346855 418.667614878156 466.922478297417 79.4963846621486 67138.8182152543 40.643512243899
93650 155.525818717909 -13283.6143426427 -13128.0885239248 -551.705607307286 -460.979672903005 -541.421704548002 -652.715444470848 -11.5990728043163 67230.2125484731 40.6619462018283
93660 155.01962207897 -13283.1820639972 -13128.1624419182 589.622430129125 664.580231733365 651.614867357001 452.672191297007 -5.97366982407212 67139.162273015 40.6435816706593
93670 155.059164059648 -13283.2905408472 -13128.2313767876 -650.266783195948 -529.912954737618 -641.091434333784 -779.795960516439 64.5866655932945 67237.1048817803 40.6633356867981
93680 156.334056189194 -13284.6383999129 -13128.3043437237 697.539723474632 886.365042377881 585.729011579087 620.525116466929 99.5120537513318 67119.4610982224 40.6396058259933
93690 157.36612015531 -13285.7612289086 -13128.3951087533 -740.370332179004 -543.829963547189 -937.496086385513 -739.784946604306 67.5664261206114 67228.845145158 40.6616705239007
93700 157.552704719504 -13286.0848539387 -13128.5321492192 819.887601289454 984.733086794534 575.735928444254 899.193788629575 32.1040719741006 67100.3662258907 40.6357515951793
93710 155.949156530252 -13284.6629341195 -13128.7137775892 -869.579952678141 -720.464604108432 -1147.8825569597 -740.39269696629 -9.57222238446871 67243.3269312153 40.6645899619055
93720 154.768272079469 -13283.6758047675 -13128.907532688 923.983813609416 1035.8887262455 686.459642449383 1049.60307213337 -37.3147661400723 67102.9608139645 40.6362753463075
93730 154.62708152003 -13283.7268179631 -13129.0997364431 -1002.77729682136 -938.485060757101 -1126.3348329565 -943.511996750479 -25.5390101255854 67259.8487640119 40.6679201488002
93740 155.935315452486 -13285.2259041586 -13129.2905887061 1071.08191325888 1109.55413345215 1054.59336278956 1049.09824353492 12.049101810581 67084.9041681219 40.6326300990225
93750 156.346939043632 -13285.8435734378 -13129.4966343941 -1122.21605609433 -1107.86148360496 -1056.0503210372 -1202.73636364082 24.9271752944733 67260.5243045629 40.6680563010402
93760 156.271930666209 -13286.0046321006 -13129.7327014344 1199.59542826135 1164.78663432857 1332.12364982927 1101.87600062619 -48.2162754011401 67070.4577665794 40.6297132111476
93770 155.060589812714 -13285.0549339747 -13129.9943441619 -1262.00538477749 -1366.03367607604 -1133.30228941105 -1286.68018884538 -126.176988594928 67273.1268662462 40.6705961250376
93780 154.534636597246 -13284.7951974407 -13130.2605608435 1340.31512622241 1170.9038994398 1394.354053355 1455.68742587244 -140.879601092236 67062.9931488142 40.6282058583267
93790 153.763810113591 -13284.2857878605 -13130.5219777469 -1397.21447862164 -1568.95936364135 -1452.5867815944 -1170.09729062917 -80.8302726990143 67290.4409867386 40.6740849634088
93800 154.309288717179 -13285.0741543114 -13130.7648655942 1444.6215346512 1338.91355679998 1331.46945957837 1663.48158757527 -3.21591981663945 67058.6160936478 40.6273219343271
93810 154.94051192354 -13285.9399929203 -13130.9994809968 -1494.36535685923 -1488.69942209292 -1599.30044046421 -1395.09620802054 54.2506341501339 67292.8301292505 40.6745663345815
93820 156.191551875372 -13287.4384003632 -13131.2468484878 1542.11425780635 1619.77818935449 1469.26124533 1537.30333873456 83.0636463013823 67036.4210406039 40.6228391642744
93830 156.050798842083 -13287.5711889171 -13131.520390075 -1540.43985463386 -1460.10486223722 -1605.14634880929 -1556.06835285506 38.4263244996337 67283.4753408003 40.6726814403762
93840 155.967900837821 -13287.7956470686 -13131.8277462308 1568.19272634255 1625.85540085823 1452.3264792914 1626.39629887802 -58.3600513754403 67029.8682029317 40.6215154880761
93850 154.449177159905 -13286.6124645681 -13132.1632874082 -1539.05744480653 -1519.58685237485 -1720.71351114889 -1376.87197089586 -142.374435109586 67288.9003144995 40.6737745383771
93860 153.017361010112 -13285.5111831704 -13132.4938221603 1524.21338254272 1504.30743755142 1307.10805850928 1761.22465156745 -193.836719733422 67045.7871784796 40.6247309786452
93870 151.189549942357 -13283.9842639387 -13132.7947139963 -1482.4298979263 -1506.15925952922 -1638.30728308173 -1302.82315116794 -140.431045640916 67297.2071411576 40.6754481977307
93880 151.266664011107 -13284.2995905112 -13133.0329265001 1406.0604427492 1391.91161936213 1375.33628497714 1450.93342390833 -11.379038180925 67057.3016223847 40.6270564760399
93890 151.964780032092 -13285.1707803564 -13133.2060003243 -1317.26170437968 -1339.21978705517 -1231.86735835634 -1380.69796772754 116.959379768604 67273.8391988095 40.6707396736286
93900 153.663484750754 -13286.9947324738 -13133.331247723 1239.84895723789 1229.58140311809 1373.67020478019 1116.29526381541 144.887160347589 67060.9368169158 40.6277905973625
93910 154.109710559239 -13287.5426152832 -13133.432904724 -1133.89384453493 -1142.64803316244 -1003.59109312407 -1255.44240731829 64.4782154308677 67253.51907407 40.6666443832173
93920 153.832601013324 -13287.3539799045 -13133.5213788912 1057.47187050377 1020.64371414709 1149.74136597729 1002.03053138695 -33.4583931322995 67076.1850392273 40.6308696607963
93930 152.385354618731 -13285.9753388184 -13133.5899841997 -959.803399532047 -1012.70763689386 -968.133583086768 -898.568978615514 -74.0973063619734 67245.6280257963 40.6650538096681
93940 152.036730350397 -13285.6489102035 -13133.6121798531 873.278871169978 816.888741453803 741.751514808797 1061.19635724733 -44.1199801115005 67097.5997884305 40.6351931391593
93950 152.860949534253 -13286.4357853352 -13133.5748358009 -812.549071154892 -854.756237056381 -1012.88441099572 -570.00656541257 22.5185543093666 67232.6711296959 40.6624418593361
93960 154.981872181634 -13288.4653428461 -13133.4834706645 743.536979412918 684.244863959274 600.899925302236 945.466148977242 59.5795105995016 67097.0983703043 40.6350919170926
93970 155.749045530859 -13289.1103147565 -13133.3612692257 -671.965657189643 -738.832153521718 -665.81479129218 -611.25002675503 65.6587396575777 67207.6756123833 40.6574021232792
93980 155.183958661577 -13288.4033292333 -13133.2193705717 651.001370472056 593.103009408277 778.20111618467 581.699985823216 49.3985642568288 67103.4805736755 40.636380264898
93990 153.92230802204 -13286.9660033582 -13133.0436953362 -613.059226925167 -669.938339768258 -413.615976857257 -755.623364149985 30.4067307774586 67214.6054041079 40.6587994718365
94000 153.501751678562 -13286.303621438 -13132.8018697595 572.062145171531 509.609141748027 782.72368431087 423.853609455693 43.8148581435507 67120.6165919093 40.6398390347514
