# Fix print output for fix setl_out
600000 1047.23906171584 -11711.9422248325 -10664.7031631166 -403.877320025809 -1148.82176481033 -798.847865910498 736.03767064339 -714.8570694186 81522.9734416522 43.360405719004
600010 1042.86425911109 -11707.7037155638 -10664.8394564528 -561.460102650486 -2023.31711823397 -728.371646297574 1067.30845658008 -632.606161994644 81477.0452325928 43.3522614303693
600020 1039.13495881395 -11704.3007162071 -10665.1657573931 241.900222818928 -1887.30329357537 135.319688751608 2477.68427328054 -290.043282783621 81346.73007403 43.3291364245596
600030 1034.40142579221 -11699.9504593868 -10665.5490335946 898.502609335872 -1545.16782284047 760.467509258967 3480.20814158911 81.9044901269184 81255.6796832713 43.3129644668644
600040 1032.15158545102 -11698.1649790416 -10666.0133935906 498.551614604239 -1725.34253613906 479.00509501766 2741.9922849341 327.882997735729 81309.292983045 43.3224884797013
600050 1035.84936298114 -11702.3088131116 -10666.4594501305 -493.097114962305 -2122.28773126493 -327.08629569399 970.082682072001 182.160362106196 81447.7882766391 43.3470718008059
600060 1040.99799013974 -11707.94310106 -10666.9451109202 -1064.27953634169 -2038.52027555115 -524.348284530149 -629.970048943787 -148.0660567733 81509.5670610701 43.3580287286305
600070 1043.29490459351 -11710.9920941993 -10667.6971896058 -536.011637993164 -800.588653924117 409.094631638908 -1216.54089169428 -314.605276156802 81394.7639360956 43.3376631194625
600080 1040.25803388164 -11708.8673630873 -10668.6093292057 900.247438853616 1241.40888233215 2196.93122101641 -737.597786787691 -190.448813548513 81188.2539814916 43.3009808320351
600090 1034.58695212135 -11704.2961056301 -10669.7091535088 1589.79662942065 2662.48202004266 2408.58255520663 -301.674686987325 60.136550789629 81120.9312634035 43.2890088791335
600100 1028.48242701075 -11699.6080797929 -10671.1256527822 570.829191349942 2058.67246746689 400.184954502777 -746.369847919815 -89.1843633917619 81318.2582008804 43.3240806768459
600110 1025.63312729869 -11698.0117554767 -10672.378628178 -1284.67858000977 230.347525928828 -2391.51157330735 -1692.87169265077 -375.345588018465 81632.334726518 43.3797860672799
600120 1030.92658531184 -11704.5230187236 -10673.5964334118 -2243.46540290322 -818.562682075853 -4011.51768467146 -1900.31584196231 -434.551888086729 81752.0223667977 43.400976562578
600130 1043.08668941236 -11718.4875334859 -10675.4008440736 -1229.98607680407 83.8277931346651 -3149.98976777008 -623.796255776825 -380.919000610397 81487.4748299447 43.3541111429214
600140 1049.58323473737 -11726.9249646479 -10677.3417299105 1379.39778926753 2793.30239811951 -486.127741443311 1831.01871112637 -573.860241359751 80980.8603785999 43.2640789258602
600150 1042.31800842163 -11721.7721669769 -10679.4541585553 3348.67515521455 4973.59485594475 1643.84998196505 3428.58062773386 -938.69762186578 80671.1727745964 43.2088582041033
600160 1035.32359512346 -11718.3252276411 -10683.0016325177 2219.83719560151 3758.66780805922 741.392919427499 2159.45085931782 -1127.10963845944 80903.4252743216 43.2502846093642
600170 1033.49474058339 -11720.3091052339 -10686.8143646505 -1250.3349285455 -194.3223348143 -2525.60519667464 -1031.07725414755 -1205.00655316137 81536.7536414682 43.3628487170366
600180 1025.48349647161 -11715.547414643 -10690.0639181714 -3800.62360911989 -3042.2808829171 -5019.53432058005 -3340.05562386248 -1144.77575940277 81986.3584561024 43.442405560057
600190 1015.69565833636 -11710.1444727955 -10694.4488144592 -2684.38117062082 -2133.12995732978 -3768.62536060568 -2151.38819392701 -830.640298092753 81803.6181184559 43.410105124028
600200 1013.82822358173 -11712.3415073048 -10698.5132837231 1311.76153326895 1569.29583302123 477.849618690566 1888.13914809504 -514.391013063803 81188.7250972479 43.3010645869047
600210 1013.99198154448 -11715.34303856 -10701.3510570155 3599.56365668076 3638.03686177059 2956.7368637169 4203.91724455477 -130.610095113403 80820.7560762603 43.2355481716146
600220 1010.05345728526 -11714.6834160601 -10704.6299587748 1798.2188438207 1856.67262517398 1346.59482888191 2191.38907740621 128.754986238938 81035.2839909513 43.2737687059519
600230 1012.26474603738 -11719.3123696351 -10707.0476235977 -1542.00788969856 -1359.6395770211 -1702.5168885501 -1563.86720352451 305.130431083035 81492.138835564 43.3549382637387
600240 1020.14711358541 -11728.8896584654 -10708.7425448799 -3013.44285892579 -2588.29964163367 -2725.88864412513 -3726.14029101858 577.532489084027 81639.1021238643 43.3809847758476
600250 1021.55041438693 -11732.2889712945 -10710.7385569075 -1643.13330931836 -853.464186806886 -906.126130007052 -3169.80961114114 943.208400576247 81310.4685404282 43.3226972620101
600260 1025.32514757858 -11737.3994629594 -10712.0743153808 836.42934801413 1821.0498583083 1768.49953878694 -1080.26135305285 1153.01839251263 80818.31070758 43.2351121123363
600270 1037.6304389777 -11750.5002490576 -10712.8698100799 2202.49771062536 3592.38727469648 2681.26263700754 333.843220172036 1133.03077754908 80570.9788328996 43.1909622642002
600280 1041.47298033066 -11755.5410220218 -10714.0680416912 1499.33942704929 3248.8329191488 1115.89659572336 133.288766275707 857.987091865215 80698.6454821002 43.2137625978927
600290 1028.43634681983 -11743.7306424093 -10715.2942955895 -239.524242241993 1556.43571606243 -1112.93046457497 -1162.07797821345 753.874773114157 81017.1539834105 43.2705412547687
600300 1011.17714462423 -11727.3224826371 -10716.1453380129 -910.690950738658 567.889336367314 -1764.99511737081 -1534.96707121249 674.289522446056 81249.2007575321 43.3118132491271
600310 996.220038650653 -11712.7972189543 -10716.5771803037 -534.682407938354 478.011174179624 -1246.42773158639 -835.630666408278 499.739927104037 81307.2060117491 43.3221178227519
600320 993.495956464428 -11709.8374166812 -10716.3414602168 -72.4978234900225 285.695230005087 -759.074950222098 255.886249746942 327.834573083232 81270.2274498683 43.3155491858639
600330 1003.76275260978 -11719.125783556 -10715.3630309463 -88.9678169882938 -131.4291507532 -761.462809221769 625.988509010097 -71.2414897036093 81217.0652027538 43.3061022896131
600340 1017.62480118555 -11731.4376204126 -10713.8128192271 -67.1652677542504 -32.8355127244374 -653.210574013807 484.550283475504 -434.345000225029 81154.2951845311 43.2949427899627
600350 1025.15671333529 -11737.0882381323 -10711.931524797 286.031477906316 679.711809601166 -220.584124158842 398.966748276633 -484.008015194597 81090.5756747374 43.2836085988805
600360 1021.16417480624 -11731.0509362677 -10709.8867614614 471.163862969403 907.385528589199 13.1640613828925 492.941998936148 -52.0675846581321 81076.9586300048 43.2811856793085
600370 1010.04237193734 -11717.7007319402 -10707.6583600029 320.193050307994 685.42064910181 -425.859930211584 701.01843203375 529.802558214645 81142.4143178262 43.2928299153588
600380 1004.05225427764 -11709.1173227756 -10705.0650684979 -305.669102522473 313.016839819467 -1431.71436284155 201.690215454683 988.358059364813 81256.1986131746 43.3130566710635
600390 1010.58545158851 -11712.6223652338 -10702.0369136453 -972.836883483146 143.821445750748 -2355.98143562679 -706.350660573382 1237.84166971382 81310.8172135342 43.3227591869508
600400 1027.50146204985 -11726.3494747054 -10698.8480126555 -424.405235934599 1097.58090660714 -1996.64970202924 -374.146912381683 1384.52301178808 81211.8061931964 43.3051675430334
600410 1042.89579134746 -11738.6816561458 -10695.7858647984 647.719054937995 2191.78616929317 -812.856509177289 564.22750469811 1317.44110886658 81046.3662206547 43.27574129518
600420 1044.82650304945 -11738.0781864312 -10693.2516833818 1066.95147639201 2539.8780498306 -354.222237602803 1015.19861694824 822.387265729697 80985.9614589665 43.2649873253216
600430 1039.02843225699 -11730.4680868931 -10691.4396546361 665.224235141165 2177.65905399242 -534.10885241084 352.122503841907 428.858373432807 81105.3425303077 43.2862358010244
600440 1035.20518904836 -11725.2656353228 -10690.0604462744 -466.144475733551 1000.39899945126 -1256.99721249475 -1141.83521415718 398.683582559122 81336.3693988752 43.3272968170468
600450 1031.1531833858 -11720.0458789179 -10688.8926955321 -1409.90191808797 -249.480740959689 -2007.8897599111 -1972.3352533931 886.996619993496 81491.2221755247 43.3547757045479
600460 1028.14558025056 -11716.2099021149 -10688.0643218644 -1110.97672474123 -393.708016731205 -1451.03735485195 -1488.18480264051 1115.60898770099 81412.924844197 43.3408860654706
600470 1030.38179442542 -11717.7248865592 -10687.3430921337 293.774712822515 423.520864599249 376.801305107154 81.0019687611223 880.306716246556 81146.8878184587 43.2936254998655
600480 1035.35311910632 -11721.8778392417 -10686.5247201354 1583.76062965505 1077.67199210162 1819.34746633672 1854.26243052679 657.667029442643 80923.8934419545 43.2539316713935
600490 1036.73643792923 -11722.7516437585 -10686.0152058293 1508.67278473218 678.919686963868 1963.63834819737 1883.46031903529 611.955721192397 80960.0074101081 43.2603650362633
600500 1033.07797849247 -11718.7788915856 -10685.7009130931 -350.652679387936 -885.545782033897 338.283663160227 -504.695919290135 599.284707942728 81243.9371154213 43.3108779258449
600510 1030.55812604982 -11715.7095506612 -10685.1514246113 -1928.74471116635 -1737.0297115141 -1164.95921398541 -2884.24520799952 487.681253254143 81481.5310017817 43.3530570109704
600520 1034.03610536437 -11718.8734260656 -10684.8373207013 -1402.47605785971 -430.664317785874 -713.67533432311 -3063.08852147014 56.7811013050647 81408.1317923076 43.3400355076791
600530 1044.20660707914 -11728.7672422218 -10684.5606351427 889.303570817483 2091.64150140237 1720.71897437041 -1144.44976332033 -407.053120342437 81101.9471613342 43.2856317520661
600540 1048.47352124296 -11732.7473986984 -10684.2738774554 2329.60439718914 2748.26462444292 3862.88827664392 377.66029048058 -777.09809469889 80931.1446664407 43.2552235626076
600550 1038.31931809042 -11722.9528691137 -10684.6335510232 1158.238227379 730.694065489532 3298.50604747887 -554.485430831401 -1047.54383707868 81136.848583993 43.2918400430884
600560 1027.99434680162 -11712.8407964429 -10684.8464496413 -1260.69755367642 -2430.95089218818 1156.08864330366 -2507.23041214474 -945.912921923094 81547.8413247336 43.3648141772691
600570 1023.99643810395 -11708.7095533481 -10684.7131152441 -2487.48556514477 -4001.25322787787 -282.50686206866 -3178.69660548779 -610.302390450103 81763.2258616474 43.4029590636141
600580 1024.66102612055 -11709.5343304148 -10684.8733042942 -1169.0553454255 -2427.26950267251 291.293187150843 -1371.18972075483 -383.362034609476 81566.7275884905 43.3681616441758
600590 1025.10516353866 -11709.6749590755 -10684.5697955368 1460.70102882296 784.865470603982 2116.28742532425 1480.95019054065 -487.455513718841 81172.1120088469 43.2981109194476
600600 1027.0466995747 -11710.9832388033 -10683.9365392286 2311.14907610411 1892.69175246134 2638.67846387479 2402.07701197617 -805.541468772634 81005.2373638518 43.2684196305764
600610 1032.15388989751 -11715.7312096649 -10683.5773197674 873.522081541348 730.21964497906 800.552602383159 1089.79399726182 -1259.56988153445 81216.4180771855 43.3059872704341
600620 1035.0466116811 -11717.9703971854 -10682.9237855043 -1161.77297077138 -1129.25717927137 -1197.85233617947 -1158.20939686331 -1626.807291081 81584.4776041236 43.3713072475286
600630 1033.91521548007 -11716.0239102805 -10682.1086948004 -2106.93889558343 -1709.99001267173 -2032.30419257369 -2578.52248150487 -1923.38798933169 81764.0748189368 43.4031092824546
600640 1034.39073617884 -11716.031275326 -10681.6405391471 -1163.75459571869 -345.45883126638 -1001.08384999706 -2144.72110589263 -1837.06907258553 81590.2548270777 43.3723309708518
600650 1035.20316740603 -11716.2008990505 -10680.9977316445 1034.8380208993 2241.10802941134 982.801989340856 -119.39595605429 -1280.719942357 81223.5361197045 43.307252387599
600660 1032.0792247017 -11712.1930111269 -10680.1137864252 2469.29677781085 3752.41232311846 2081.97118999937 1573.5068203147 -858.928989838103 81030.9580106409 43.272998651257
600670 1025.3336902166 -11704.9586792793 -10679.6249890627 1501.14420914277 2652.64816544591 611.001475625861 1239.78298635656 -698.569197769857 81241.8922698127 43.3105145559545
600680 1017.37492710302 -11696.0869771494 -10678.7120500464 -934.711395631694 -387.480845002483 -1963.87552826306 -452.777813629538 -589.688138454826 81698.8018015688 43.3915565064517
600690 1019.12884898363 -11696.1568900772 -10677.0280410936 -2606.07567544475 -3059.45936735996 -3164.75924904119 -1594.00840993308 -281.18892092169 81987.2553045874 43.4425639649196
600700 1028.52203274348 -11703.9801297611 -10675.4580970176 -1843.1440146571 -2823.88367817959 -1966.62859626819 -738.919769523545 23.8863935581528 81836.7255239069 43.415960619344
600710 1036.75190266881 -11710.3009495651 -10673.5490468963 731.14413934234 -491.09058392288 999.159954424189 1685.36304752572 53.926610236774 81400.6670971414 43.3387107831694
600720 1039.21994649203 -11710.2957889396 -10671.0758424475 2398.40799146732 1130.70919783929 2919.81702153731 3144.69775502536 -210.543398836693 81117.4319446134 43.2883864166033
600730 1037.085454519 -11706.0415628303 -10668.9561083113 1488.6452506017 371.401138670772 1909.86222936279 2184.67238377153 -724.104240796741 81231.9944393382 43.3087556212925
600740 1032.73057081989 -11699.4232310973 -10666.6926602774 -653.827132520942 -1322.4745485903 -894.775440229427 255.768591256887 -1162.60173692717 81566.0193932004 43.368036130511
600750 1030.68947625064 -11694.7173018483 -10664.0278255977 -1863.01676896302 -2074.87555874962 -2729.81390415267 -784.360843986781 -1380.8349940819 81759.9822624809 43.4023851150285
600760 1035.57456633474 -11696.9986390649 -10661.4240727301 -1243.97674677711 -1075.9317380274 -2489.94332682373 -166.055175480214 -1512.91384583555 81640.378748532 43.3812108968491
600770 1047.36343826029 -11706.0427748201 -10658.6793365598 411.63356027055 650.59231178183 -756.674589077414 1340.98295810723 -1505.13929805645 81345.1511728502 43.3288560901312
600780 1054.71817657027 -11710.5760531628 -10655.8578765925 1689.5963496092 1452.40346817518 992.615764373346 2623.7698162791 -1238.5165735222 81161.3523316577 43.2961977242593
600790 1056.54393464555 -11710.1170527651 -10653.5731181196 1232.7045982342 294.47834303475 701.376166245967 2702.2592854219 -908.505233606849 81260.3496328988 43.3137942159897
600800 1054.34572320826 -11706.0273701356 -10651.6816469274 -250.154981893718 -1704.25142430522 -950.746954629264 1904.53343325332 -595.189805529915 81533.1878335838 43.3622165855743
600810 1046.13193823047 -11696.1114928565 -10649.979554626 -982.957012382209 -2397.96577911214 -1644.25606715621 1093.35080912175 -443.267221414979 81736.3679403687 43.3982061488889
600820 1043.31398851713 -11691.8902411975 -10648.5762526804 -678.228622068979 -1665.55555261108 -1163.19993783371 794.069624237845 -424.121474119182 81761.3524328427 43.40262756587
600830 1045.38024903947 -11692.7312026204 -10647.3509535809 136.408082774189 -637.989674945596 -96.7406811212327 1143.95460438941 -702.198102441553 81676.7979152206 43.3876606165625
600840 1048.18648848119 -11694.4621532381 -10646.2756647569 515.655169327786 -196.476485227884 444.585080571415 1298.85691263982 -949.359387957627 81619.7178902208 43.3775510711402
600850 1049.26755692075 -11694.7093328688 -10645.4417759481 189.860746958386 -242.42173968462 272.861194974251 539.142785585523 -1072.39154980773 81646.8427106325 43.3823557841669
600860 1050.28836866949 -11695.146848918 -10644.8584802485 -350.817357786213 -175.891864533738 -318.397000335989 -558.163208488931 -1308.47888258861 81701.2306395783 43.3919865005888
600870 1052.66358453372 -11697.2491378226 -10644.5855532888 -502.447227199794 205.243434017183 -822.680896967933 -889.904218648635 -1573.41039660133 81695.8225453679 43.3910290563041
600880 1050.39745009694 -11695.0757579089 -10644.6783078119 -131.47547176111 1113.7216462249 -999.977027657786 -508.171033850438 -1859.92035122501 81611.7909975846 43.3761467523016
600890 1048.96419975317 -11694.0966494616 -10645.1324497084 292.313794387843 1904.4877062702 -960.30508340511 -67.2412397015593 -1714.36067862244 81509.6354186458 43.3580408492891
600900 1050.56048196032 -11696.5623930616 -10646.0019111013 577.227359170023 2112.00130687057 -745.520924605338 365.201695244823 -1291.84360042773 81463.1048040362 43.3497888174917
600910 1050.64344231095 -11698.0933322427 -10647.4498899317 369.631655578882 1318.77185761625 -863.97561683295 654.098725953343 -925.532459019445 81514.2765997055 43.3588637732606
600920 1044.49559163329 -11694.0406993429 -10649.5451077096 -173.192622394938 -25.9699210441719 -1106.84679293699 613.238846796357 -476.780045554126 81625.5320653466 43.3785810456635
600930 1038.97565655983 -11691.2771991505 -10652.3015425907 -679.625774487252 -1007.90838718478 -1225.74235103554 194.77341475857 -96.2154232804196 81704.1999375853 43.3925121645524
600940 1039.93722900476 -11695.7193234518 -10655.7820944471 -742.078040444237 -1409.491435066 -821.547004159338 4.80431789264575 -188.674153080827 81667.4907244363 43.3860125247958
600950 1043.99093540141 -11704.031064021 -10660.0401286196 -176.629584830177 -1254.55471997973 107.396573350865 617.269392138321 -411.919815530988 81506.7586214511 43.3575307510776
600960 1041.16165119047 -11706.0708773276 -10664.9092261372 800.140776117936 -422.616834261803 1143.12076344962 1679.91839916597 -495.082659936537 81321.5100399875 43.3246581652848
600970 1029.58560105987 -11699.7287998871 -10670.1431988272 1305.27690248462 158.741674598179 1698.8913344042 2058.19769845149 -577.398611404123 81272.5868507127 43.3159683543489
600980 1017.75975505098 -11693.0480341345 -10675.2882790835 643.441275373888 -595.514680034437 1129.82676337011 1396.01174278598 -741.910747845272 81442.1909531683 43.346078800072
600990 1020.01384305149 -11699.662011269 -10679.6481682175 -976.99398794988 -1936.0550649255 -778.855385924164 -216.071512999972 -905.275673389367 81717.940994488 43.3949446203136
601000 1030.25608182002 -11713.5054213262 -10683.2493395062 -2008.72561688375 -2601.06241817756 -2225.14828269446 -1199.96614977924 -1039.57858043582 81830.8948607018 43.4149295017756
601010 1029.67250399703 -11716.2852650287 -10686.6127610317 -1261.25465443314 -1562.32011184979 -1616.15380605033 -605.290045399299 -987.717579542354 81605.4610391189 43.3750252791134
601020 1022.52015678538 -11711.7370882691 -10689.2169314837 1032.73428313241 647.13077762352 1088.46374307732 1362.60832869638 -743.608554487911 81170.2228918398 43.2977750248066
601030 1020.69024486946 -11711.6150432311 -10690.9247983616 2518.40897108357 1786.12123654362 3021.22634397127 2747.87933273583 -692.834983115764 80906.8720131603 43.2508987997536
601040 1022.20457650347 -11714.7901691715 -10692.5855926681 1350.53123394602 172.913911242497 2064.0347082639 1814.64508233167 -927.503963614576 81050.7853265779 43.2765278268815
601050 1026.70662711104 -11720.3935419391 -10693.6869148281 -1342.5707449985 -2948.98584946385 -564.094632413554 -514.631753118106 -686.323768372639 81411.360502072 43.3406084665996
601060 1033.30458384501 -11727.6919505807 -10694.3873667357 -2523.92185878975 -4034.8651353776 -1825.56524500438 -1711.33519598724 -150.675917210773 81550.7190739569 43.3653242728987
601070 1031.473136052 -11726.890857465 -10695.417721413 -793.701812635208 -1863.20711162619 -183.297659487778 -334.600666791654 46.1480539861861 81284.0736649251 43.3180089728843
601080 1025.07286016144 -11720.990772725 -10695.9179125636 1764.52051147339 765.910758610952 2401.20930887048 2126.44146693876 234.063752203147 80903.1702494421 43.2502391646043
601090 1033.68010853928 -11729.9476864163 -10696.267577877 2141.25620268846 980.715068578903 2936.18264744703 2506.87089203946 451.842009290743 80817.3101399696 43.2349336881197
601100 1047.16321230799 -11744.0974630289 -10696.9342507209 435.005598738533 -798.517103288519 1291.06135708761 812.472542416513 843.714781232993 81073.0987621098 43.280498832667
601110 1043.0584185847 -11740.5578276707 -10697.499409086 -1327.24131229315 -2342.96435645847 -896.727204911802 -742.032375509161 1102.53968742105 81378.8691664056 43.33484194283
601120 1033.09921379672 -11731.3402197472 -10698.2410059504 -1552.00467788365 -2011.16207662177 -1620.17644090842 -1024.67551612074 1345.37245747337 81449.0182147459 43.3472899935409
601130 1026.68874575003 -11725.8194883431 -10699.1307425931 -306.374137328027 -12.306636846802 -701.039502417033 -205.776272720265 1317.27994580779 81271.4489741974 43.3157662015072
601140 1021.27111213482 -11720.9815879731 -10699.7104758383 1055.90344786686 1620.46004865214 912.460934428482 634.789360519987 890.642032158959 81069.5092939984 43.2798600829231
601150 1021.73944603372 -11721.8389988679 -10700.0995528342 1264.27963218106 1602.78271225106 1573.27360760296 616.782576689147 607.473344256291 81055.9430364314 43.2774457823692
601160 1026.43478142608 -11726.7833222995 -10700.3485408734 140.770409518388 -265.106875348663 998.027159902815 -310.609055998992 679.569644531211 81235.57468053 43.3093918792677
601170 1031.11917831853 -11731.4476590514 -10700.3284807328 -885.051763823398 -2062.15788354882 384.583181665328 -977.580589586724 748.102221742787 81415.1455379007 43.3412801304912
601180 1029.38715279372 -11729.6545383987 -10700.267385605 -681.380754734076 -2221.07573411265 539.852562878276 -362.919092967854 600.282391110188 81440.2006603071 43.3457256985122
601190 1020.21621529496 -11720.3422619897 -10700.1260466948 128.430803521865 -1165.52566003145 1030.62614461347 520.191925983573 281.734350636767 81356.7689268125 43.3309187413552
601200 1009.59925958321 -11709.2745110197 -10699.6752514365 868.214359277204 -139.06713637948 1551.97105104125 1191.73916316985 240.678267369091 81306.576827582 43.3220060751293
601210 1005.32454190708 -11704.1204632026 -10698.7959212955 718.566964679353 -286.209496396256 1053.50769940068 1388.40269103364 295.233606832253 81396.7110724292 43.3380086931478
601220 1006.41875165051 -11703.6912486219 -10697.2724969714 -207.848720201715 -1435.43068892055 -15.2742264652883 827.1587547807 -199.785787230921 81588.3434976838 43.3719922888259
601230 1006.90190609561 -11701.8919067669 -10694.9900006713 -920.551032230883 -2342.55275170083 -830.828174013332 411.727829021523 -910.297766844833 81728.2405754441 43.3967676837417
601240 1006.30558116908 -11698.3636678865 -10692.0580867174 -964.844004632627 -2689.18248809932 -787.44054276919 582.091016970636 -1494.46487290061 81705.5190534586 43.3927456876091
601250 1009.98185560382 -11698.4502683105 -10688.4684127067 -234.552823986028 -2295.16659623408 75.2183761032883 1516.28974817271 -1758.00351423142 81529.6041151195 43.3615812604296
601260 1017.69456443229 -11701.8832326415 -10684.1886682092 703.097189829364 -1490.27322864557 1129.53783595341 2470.02696218024 -1648.11727906865 81332.3272052649 43.3265790560378
601270 1025.39259550125 -11704.9998946864 -10679.6072991851 960.402962548299 -1059.56362427615 1469.43954568739 2471.33296623368 -1331.87492087194 81262.2966480619 43.3141401491168
601280 1030.68632876654 -11705.8738982041 -10675.1875694376 398.479257038657 -1679.6457391845 755.522278556061 2119.5612317444 -890.362779692582 81350.9521319862 43.3298860345322
601290 1034.4627254011 -11705.5971057785 -10671.1343803774 -495.225576666495 -2386.89643468123 -803.2376235745 1704.45732825624 -629.833520120356 81499.079800422 43.3561691250381
601300 1039.43510046032 -11707.0984105736 -10667.6633101132 -1029.56066278294 -2258.08793472756 -2213.08676538958 1382.49271176833 -419.899857724128 81556.8921844159 43.3664184475241
601310 1042.66125178889 -11707.6268535234 -10664.9656017345 -515.108007763688 -1054.66464941785 -2072.83246297872 1582.17308910551 -26.5707531080661 81446.9673432505 43.3469261648558
601320 1041.08792148852 -11703.9617943816 -10662.8738728931 548.95724324452 364.053937550076 -821.162162288351 2103.97995447183 413.212088568352 81261.5549805486 43.3140083750565
601330 1036.80038305065 -11698.0677157462 -10661.2673326955 1016.43632556487 993.401499026854 -295.51105079173 2351.41852845948 623.603030907298 81172.4030454677 43.2981626667802
601340 1032.77561308209 -11692.8505611363 -10660.0749480542 550.697261291568 669.91216683458 -799.46097530686 1781.64059234699 603.470795104619 81250.7997289926 43.3120973704819
601350 1034.57840678527 -11693.6439467944 -10659.0655400091 -171.569032087386 -186.035948146737 -1215.45837364675 886.787225531339 311.119638947505 81420.4283408424 43.3422175420279
601360 1038.12575420748 -11696.296731732 -10658.1709775246 -383.394314757124 -462.471167385073 -1395.18817426203 707.476397375721 -344.44690982577 81565.0584273594 43.3678658170836
601370 1041.07998076179 -11698.543432184 -10657.4634514222 -581.566025581871 -668.313116583133 -1681.40707080226 605.022110639803 -859.308558249793 81637.2687891424 43.3806600439527
601380 1047.16825048761 -11704.1801756623 -10657.0119251747 -642.201693302422 -1020.84272070085 -1598.09172128374 692.329362077332 -917.500354641048 81604.5472566123 43.3748633802782
601390 1050.74899427385 -11707.6166894128 -10656.867695139 130.268128809675 -149.260916412873 -549.357829542523 1089.42313238443 -566.386800967377 81472.1024544003 43.3513847624072
601400 1044.12404347173 -11701.1008262883 -10656.9767828166 758.472195296686 1223.23082355312 389.485624376383 662.700137960555 -477.430827667137 81361.8835804077 43.3318267501915
601410 1039.79309821753 -11697.1175430518 -10657.3244448343 619.209524281102 1773.84151350954 616.624952201841 -532.83789286806 -1018.51277117429 81376.6230242227 43.3344432434583
601420 1044.34139686314 -11702.1712087743 -10657.8298119112 -21.6433045033456 1360.65122075535 42.4024876583471 -1467.98362192374 -1892.03133020775 81496.3849929726 43.3556912553673
601430 1044.58474866826 -11703.0504386487 -10658.4656899804 -679.598138832506 839.635974219146 -866.762231959992 -2011.66815875663 -2480.85842483658 81615.3082795536 43.3767698809995
601440 1040.78952895161 -11700.1059418198 -10659.3164128682 -843.855957665731 583.999663262323 -1273.66911709925 -1841.89841916029 -2527.69981202712 81621.0867910438 43.3777935747693
601450 1040.43412878838 -11700.7898148835 -10660.3556860952 -85.6848307664426 1029.68432517919 -565.420964909778 -721.317852568728 -2020.00208639699 81486.0325813118 43.3538553662859
601460 1041.33349804232 -11702.7891208949 -10661.4556228526 975.753399239282 1819.87537508604 373.298310023908 734.086512607905 -1357.82615855477 81331.2807331764 43.3263932330419
601470 1036.51129505836 -11699.2489619583 -10662.7376668999 1156.09719390753 1683.71735621402 558.389883002759 1226.18434250579 -758.381636580365 81332.2179462839 43.3265596548962
601480 1031.04867853721 -11695.195435749 -10664.1467572118 -19.4350177110941 180.335272045508 -379.303498509316 140.663173330514 -366.689384057366 81531.0105995258 43.3618306055921
601490 1032.04670212081 -11697.431065414 -10665.3843632932 -1299.23842385149 -1494.87467822048 -1367.88195493435 -1034.9586383996 -177.757057264154 81755.706150913 43.4016284421771
601500 1031.77839727241 -11698.4505481417 -10666.6721508693 -1298.6799286033 -1760.5329098087 -1247.80807129402 -887.698804707175 80.8973593537122 81785.2014452143 43.4068472007928
601510 1026.83560281474 -11694.8688534939 -10668.0332506791 37.1917606756647 -486.636460595036 -59.7852916401193 657.997034262154 415.9411964763 81584.1976504447 43.3712576385374
601520 1024.03265600297 -11693.1479096645 -10669.1152536615 1320.2569496562 877.0748880686 1280.33252567262 1803.36343522736 726.534198040201 81346.7929088383 43.3291475808256
601530 1027.0101765641 -11697.1347384019 -10670.1245618378 1307.08159195487 1133.59920891861 1516.18715971319 1271.45840723281 868.182289212636 81296.9094422246 43.3202890056394
601540 1028.57025713147 -11699.7446317402 -10671.1743746088 211.290879343926 590.590705945876 369.442334259123 -326.160402173239 564.718796290471 81481.8207422023 43.3531083973313
601550 1023.14114945308 -11695.1175992907 -10671.9764498376 -1142.78544112018 -322.404847252417 -1243.16102328174 -1862.79045282638 -155.799957691026 81751.5189012103 43.4008874681745
601560 1015.88795435005 -11688.4783355298 -10672.5903811797 -1541.3992743895 -571.837198517274 -1786.99619490197 -2265.36442974925 -909.12635146184 81870.628108066 43.4219551164726
601570 1012.65654232545 -11685.7488721337 -10673.0923298082 -664.476351084199 263.456443604673 -922.969531224783 -1333.91596563247 -1397.60257217095 81727.0542629953 43.3965577099127
601580 1019.27378532809 -11692.3863614928 -10673.1125761647 735.198044083702 1554.744561337 740.187083255169 -89.3375123410658 -1668.34247812263 81430.8357741328 43.3440641794083
601590 1030.22722844498 -11702.9331277321 -10672.7058992871 1371.38014356433 1757.72387588578 1844.12160813989 512.294946667318 -1799.24741697232 81213.8480250015 43.3055304669789
601600 1034.71170044323 -11707.0134659104 -10672.3017654671 977.929801335213 1080.55590193075 1367.48026174286 485.753240332008 -1776.83480806622 81212.2759053908 43.3052510322329
601610 1039.2283123472 -11711.1542053602 -10671.925893013 -231.693077131377 209.780040117459 -542.627207035366 -362.232064476226 -1869.153819759 81385.7718031717 43.3360671430134
601620 1039.72678766128 -11711.1980306568 -10671.4712429955 -1263.82434594559 -289.618174775816 -2473.1488723896 -1028.70599067134 -1831.50126992049 81543.6978465258 43.3640797036852
601630 1036.26613396256 -11707.4405776868 -10671.1744437242 -956.650360502798 385.557787667539 -2566.09158832512 -689.417280850796 -1608.47407675633 81503.3506856716 43.3569264586964
601640 1034.10171607434 -11704.9944329129 -10670.8927168386 377.465465443361 1616.40393901476 -1084.56357958086 600.556036896178 -1295.2974863293 81292.6840517748 43.3195384715455
601650 1034.67481704601 -11705.1028340729 -10670.4280170268 1495.98749025944 2181.59142344589 595.17987138694 1711.19117594549 -827.450574249915 81125.8127736419 43.2898771774391
601660 1038.80830331556 -11708.8967874317 -10670.0884841161 1281.81287374895 1462.45226919096 801.867641399464 1581.11871065643 -276.587801177483 81200.5995805111 43.3031755232883
601670 1039.79191160452 -11709.584077991 -10669.7921663864 -365.689285711517 -651.218194310801 -599.266619404432 153.416956580708 111.473346695159 81501.0493054638 43.3565183703141
601680 1033.33252058029 -11702.5875175314 -10669.2549969511 -1965.28632797427 -2449.82855327808 -2109.91975497681 -1336.11067566793 159.664995710528 81761.9349543487 43.4027306418881
601690 1025.89858619819 -11694.7989901714 -10668.9004039732 -1756.55713428627 -2256.11574614053 -1895.64894022125 -1117.90671649704 151.216519578253 81703.4795648412 43.3923846359189
601700 1026.13355193625 -11694.5486836807 -10668.4151317445 395.282039740453 -291.5292560488 377.100208332374 1100.2751669378 20.2404618259015 81343.7171943251 43.3286014836248
601710 1031.14002370186 -11698.3934605672 -10667.2534368654 2245.21948656531 1044.44200532063 2478.62091212631 3212.595542249 -8.68102046075299 81033.1654799724 43.2733915996327
601720 1032.98345414908 -11699.1781788721 -10666.1947247231 1670.46686897259 -70.33215638378 2337.02884399802 2744.70391930351 99.5872399286647 81080.0531426087 43.2817363185732
601730 1032.91040892439 -11697.9540797446 -10665.0436708202 -301.251178617183 -2286.57072954964 668.402508150723 714.414685547386 199.061123334131 81413.6911201835 43.3410220429627
601740 1037.03347615941 -11700.4451082637 -10663.4116321043 -1756.81202614908 -3617.10572228939 -706.227602830839 -947.102753326983 440.545567363067 81711.6349885071 43.3938283586283
601750 1037.47400193973 -11699.3309402853 -10661.8569383456 -1498.0678537722 -3124.02001811496 -409.791284222621 -960.392258979016 372.218233816313 81722.2999048445 43.3957161820543
601760 1030.37069856968 -11690.6803929275 -10660.3096943578 365.69508340916 -1205.94833272538 1507.22788142268 795.805701530159 290.111357353557 81484.450071465 43.3535747114507
601770 1028.58883151329 -11686.9676922655 -10658.3788607522 1933.37749064113 396.809996847575 3175.33117905869 2227.99129601711 421.210448075207 81303.1919010063 43.3214048779878
601780 1034.61865999453 -11691.1100526947 -10656.4913927002 1268.99707618029 -164.182867503837 2730.83355017995 1240.34054586477 784.461560890383 81433.8006413929 43.3445902202542
601790 1040.51562957145 -11694.8965010395 -10654.380871468 -973.239708742816 -2022.39533330979 300.593928488893 -1197.91772140754 1059.47291570369 81777.4408869964 43.4054742057838
601800 1045.87171732744 -11697.9269722885 -10652.0552549611 -2320.67390382469 -2902.17989897964 -1646.17520193081 -2413.66661056362 1319.33485782044 81968.1479753897 43.4391889043304
601810 1055.06694624948 -11705.3958021753 -10650.3288559258 -1429.31422678001 -1491.55789354369 -1299.03672741382 -1497.34805938251 1699.96947744083 81769.9938654004 43.404156599882
601820 1058.86386888416 -11707.5936560027 -10648.7297871185 1176.43903701282 1745.48541267021 837.465063579808 946.366634788439 1908.70512991249 81336.4391437624 43.3273092012426
601830 1058.47752477979 -11705.7442990631 -10647.2667742833 2603.42036116737 3475.01593734769 2012.4727207131 2322.7724254413 1492.85669095969 81097.2513906286 43.2847963289488
601840 1059.32225068379 -11706.1134599283 -10646.7912092445 1294.40449444124 1980.61540060774 496.320797305765 1406.2772854102 662.623870943813 81281.996386877 43.3176399612128
601850 1060.76615346311 -11707.3450805175 -10646.5789270544 -1431.19881393281 -1224.63421913253 -2303.50127851245 -765.460944153432 -143.213790615909 81673.2286398848 43.3870285938961
601860 1063.81122847749 -11710.5733458222 -10646.7621173448 -2427.8718201514 -2846.34822808041 -3169.93419250013 -1267.33303987366 -447.158241348703 81827.1416660424 43.414265746059
601870 1063.09061960527 -11711.114358002 -10648.0237383967 -778.529283037274 -1641.17366144357 -1430.30220261096 735.888014942719 -148.018388890663 81584.590981945 43.371327338532
601880 1052.36458012405 -11701.9466191579 -10649.5820390338 1619.57499951634 735.966761363082 1192.46380464516 2930.29443254081 278.879414146264 81228.9699224678 43.3082181085853
601890 1044.78686369449 -11696.4204241196 -10651.6335604251 2433.88506114596 2153.43189226876 2081.16091664522 3067.06237452391 625.130942331417 81154.3624871401 43.2949547583652
601900 1040.04766158236 -11694.5066366961 -10654.4589751137 962.752556921473 1607.1521873667 704.042406422833 577.063076974873 757.986349887686 81471.3214813158 43.3512462431192
601910 1027.12030613075 -11684.1861082871 -10657.0658021564 -1277.64804293451 54.3167948334992 -1309.00857691333 -2578.25234672368 760.944357567677 81909.1301932162 43.4287608694173
601920 1014.68349146805 -11674.1075181334 -10659.4240266654 -2065.96782685789 -343.33441211137 -1747.31869534562 -4107.25037311666 289.020612387263 82093.6783246697 43.461352616365
601930 1021.15696951253 -11683.0512851879 -10661.8943156754 -1579.22053041604 274.375098405317 -1030.43949097871 -3981.59719867473 -528.760050842209 81919.5461225963 43.4306016562024
601940 1039.75650863279 -11703.9597939845 -10664.2032853517 -41.6556738558909 1931.97472173265 117.131355447348 -2174.07309874766 -927.164235050335 81536.5037457822 43.3628044171783
601950 1050.12592875418 -11716.4789970828 -10666.3530683286 1198.23840148794 2959.21399278659 885.524626869728 -250.023415192517 -979.365657102515 81229.419889169 43.3082980768531
601960 1044.16022812647 -11713.0237487595 -10668.863520633 1235.13209678281 2594.86166829735 679.060189198863 431.474432852182 -731.412548686774 81167.8335776772 43.2973501850954
601970 1042.62859520828 -11714.3432411213 -10671.7146459131 364.368520278636 1236.7488501861 -213.49906078836 69.8557714381839 -313.533743296739 81302.0083611875 43.3211946654272
601980 1046.09277507939 -11720.746203383 -10674.6534283036 -624.759701001711 -10.0507178710756 -1347.73232219375 -516.496062940311 -261.602194774122 81464.1891800451 43.3499811633089
601990 1043.94733509594 -11721.6829946902 -10677.7356595943 -957.571069239724 -196.584712024312 -2151.88818512406 -524.240310570795 -672.483706561386 81502.1341019797 43.3567107309925
602000 1036.23605148188 -11717.155125055 -10680.9190735731 -312.349745681432 1030.16255003291 -2181.74557205756 214.533784980342 -1292.11822442758 81388.4712560082 43.3365462700705
602010 1028.89952955442 -11712.7655000446 -10683.8659704902 830.78608015805 2462.02962528052 -1072.64480408654 1102.97341928017 -1506.23733728011 81248.7153855608 43.3117270026088
602020 1028.7757762402 -11715.2905033886 -10686.5147271484 988.870018402421 2313.04905732631 -302.078553337674 955.639551218628 -1431.26432762759 81252.2300198017 43.3123515158011
602030 1035.64930625792 -11724.5507254555 -10688.9014191975 -59.9272780379115 559.344408983453 -473.057034753322 -266.069208343878 -1268.22073643691 81405.8966199486 43.3396388505972
602040 1034.24210894725 -11725.2382202689 -10690.9961113216 -828.067346595471 -816.819485421111 -604.648027809552 -1062.73452655576 -1118.06582148181 81541.3071145415 43.3636559108467
602050 1014.37690548652 -11707.193439896 -10692.8165344095 -527.99012216463 -776.97712270755 -110.691956334379 -696.301287451962 -1105.88847139682 81541.0560460539 43.3636114047387
602060 1001.99907054459 -11696.0775559321 -10694.0784853875 -71.6441413335793 -360.925948949607 169.388306541949 -23.3947815930728 -1124.45224648516 81449.08433726 43.3473017237049
602070 1012.54030867046 -11707.1967887146 -10694.6564800441 190.869105123672 -72.5915072362576 302.964932174445 342.23389043284 -925.947840444194 81345.3146737327 43.3288851199355
602080 1025.91569263177 -11720.6937345972 -10694.7780419655 214.784677772085 -329.018103955674 669.674785625059 303.69735164688 -614.263620187498 81275.4831418281 43.3164828950606
602090 1028.0107552017 -11722.720289606 -10694.7095344043 48.5515197776642 -1065.97512931474 1173.41719868673 38.2124899610105 -380.663035161831 81241.4650265908 43.3104386338914
602100 1027.49628778219 -11722.0348234613 -10694.5385356791 176.287696481369 -1286.38521904373 1605.05760476148 210.190703726345 -389.256120234531 81222.3160750616 43.3070355496053
602110 1028.62217052579 -11722.9034340761 -10694.2812635503 271.42082299199 -1226.20918756175 1682.17271219752 358.298944340185 -621.893150022709 81234.0797930334 43.3091262195253
602120 1025.20322815464 -11719.1384985537 -10693.9352703991 195.793966232326 -1480.27936320807 1361.48536322969 706.175898675375 -829.028588579584 81293.7184899084 43.3197222158065
602130 1022.09697440421 -11715.5471710181 -10693.4501966139 -204.43044659163 -1986.43280861706 391.878270405049 981.26319843712 -892.277406934672 81385.454774619 43.3360108727826
602140 1024.00896443151 -11716.7863055531 -10692.7773411216 -633.171279754177 -2185.75593633598 -598.763132841958 885.005229915396 -704.924767012507 81443.6026523561 43.3463292487643
602150 1028.50688540583 -11720.5068115626 -10691.9999261568 -742.107403992701 -1800.02022910077 -1161.53694391419 735.234961036861 -206.168431137556 81392.2263148812 43.3372127394835
602160 1034.27588679779 -11725.4766250368 -10691.200738239 78.9664908671247 -153.305989810113 -870.238521532379 1260.44398394386 301.405775463811 81216.123267793 43.305934871229
602170 1032.1339193026 -11722.4596640108 -10690.3257447082 1455.49278737513 2145.27291732822 -92.5028445864473 2313.70828938364 717.004569270837 81054.9193000641 43.2772635835898
602180 1021.36756288837 -11710.950272938 -10689.5827100496 1399.24145849858 2759.42534058848 -422.967390043299 1861.26642495055 706.088808198491 81128.2645010382 43.2903132651448
602190 1019.13557792025 -11707.8454429282 -10688.7098650079 -315.100345985915 1163.01534741823 -1749.94787162834 -358.368513747626 217.232498967523 81441.186817327 43.345900655183
602200 1030.85107858491 -11718.1807201553 -10687.3296415704 -2033.97877639111 -833.504329273923 -2889.17808673597 -2379.25391316346 -335.659943784687 81719.1864751038 43.3951650830708
602210 1042.29937290856 -11728.4794360346 -10686.180063126 -1630.39694752828 -1166.39788972749 -1901.39968968372 -1823.39326317363 -887.770436280262 81671.0484872717 43.3866425384448
602220 1042.85600747155 -11728.1132569295 -10685.257249458 753.511109174738 675.50906765478 877.378008741055 707.646251128389 -1241.85092233944 81344.8579656271 43.328804030692
602230 1032.33117491493 -11716.5513292673 -10684.2201543524 2520.30464664796 2194.12806908116 2759.71084438456 2607.07502647817 -1446.80882714261 81125.1566629997 43.289760473829
602240 1025.25253148053 -11708.911156004 -10683.6586245234 1360.59291534709 1167.0237531991 1274.49714522719 1640.25784761497 -1623.9445691767 81309.7642139186 43.322572171876
602250 1027.1185369542 -11709.8325196348 -10682.7139826806 -1633.26805770993 -1493.14832705448 -2103.6884376688 -1302.96740840654 -1740.07843920095 81735.1719009299 43.3979944674362
602260 1030.64852833546 -11712.1030494597 -10681.4545211243 -3043.47118305729 -2894.95077172274 -3529.26721712324 -2706.1955603259 -1662.58113451302 81911.3483413378 43.4291528914648
602270 1032.43231355348 -11713.2592255896 -10680.8269120361 -1126.85243654828 -1243.53295518295 -1444.92239621905 -692.101958242838 -980.61786270759 81582.8207049192 43.3710136362394
602280 1038.80751571825 -11718.4145359216 -10679.6070202033 2157.58046697218 1703.62591629384 1884.76548036373 2884.35000425896 -96.3366660681838 81050.6724835537 43.2765077429447
602290 1044.72417215169 -11723.078938373 -10678.3547662213 3211.68109437227 2256.44766046497 3229.19784441348 4149.39777823839 241.053730126577 80861.8163658816 43.2428687480976
602300 1043.91613072444 -11722.0188434254 -10678.102712701 1166.53527342589 -195.641721488614 1680.03745773418 2015.21008403211 142.64741852285 81198.4640331956 43.3027959005129
602310 1034.70257013641 -11712.177983882 -10677.4754137456 -1828.4097345426 -3371.51832488771 -1076.26383399125 -1037.44704474883 256.90132739671 81727.9334803611 43.3967133290063
602320 1021.9184524696 -11698.5716053967 -10676.6531529271 -3037.65006212491 -4609.86794357892 -2205.98128504439 -2297.10095775145 441.502376650488 81939.0504712244 43.4340482018961
602330 1019.66952575079 -11696.0270510116 -10676.3575252608 -1488.34700947617 -2923.38491453668 -943.34461367646 -598.311500215368 417.8996626859 81646.259200168 43.3822524361457
602340 1030.08786349992 -11705.5166157231 -10675.4287522232 1094.21265720789 278.60614595662 843.202828614334 2160.82899705271 429.105757325734 81145.2804136359 43.2933396361937
602350 1043.36811815668 -11717.4147727289 -10674.0466545722 2248.27071010027 2093.5886623514 1403.84035050145 3247.38311744798 502.837302579079 80879.4425689612 43.2460105367498
602360 1056.12601841855 -11729.3447061767 -10673.2186877582 1414.57482240373 1602.26990992929 619.300472248306 2022.15408503357 1011.00178302212 80995.7843677296 43.2667364796777
602370 1062.79992920662 -11735.5613017832 -10672.7613725766 -232.975438274133 131.435449203907 -959.058911600769 128.69714757446 1416.27561617822 81304.0239683232 43.3215526630924
602380 1058.92519329875 -11731.5685773379 -10672.6433840391 -1102.3217151393 -759.397907143031 -1918.82223581539 -628.745002459491 1754.01189505471 81518.8222604842 43.3596697303319
602390 1051.32909698174 -11724.472087671 -10673.1429906893 -523.865251281909 -478.51052736537 -1285.62223241042 192.537005930072 1872.0734510441 81532.864471803 43.3621592604429
602400 1049.88984591842 -11724.0555173069 -10674.1656713885 287.231391390443 -120.796044458938 -128.36901580864 1110.85923443891 1685.16122502916 81464.0092510731 43.3499492477586
602410 1046.90383775987 -11722.67098274 -10675.7671449801 511.775022774107 -462.246591099019 388.959204183989 1608.61245523736 1199.87671290563 81449.0138954584 43.3472892272972
602420 1036.15901158618 -11714.2492595902 -10678.090248004 -15.5763451435077 -1163.95943843148 -74.9858236070957 1192.21622660805 615.204561384296 81509.788904599 43.3580680642559
602430 1025.32160377872 -11706.4722721376 -10681.1506683589 -433.171708791426 -1576.52099305981 -734.155995889675 1011.16186257523 62.6347137257753 81561.7282646859 43.3672755969725
602440 1020.70157054646 -11705.6970181478 -10684.9954476013 -327.779516978605 -1588.90795105277 -930.643826944813 1536.21322706177 -329.119410989968 81541.0332408741 43.3636073621328
602450 1015.39741451775 -11704.9594090923 -10689.5619945745 219.231550378159 -1221.84685832723 -436.158584682436 2315.70009414414 -504.618471758341 81473.778488352 43.351682033466
602460 1005.94591228891 -11700.5294220387 -10694.5835097498 486.962859626895 -618.173182367041 -278.470186970434 2357.53194821817 -310.674537238732 81446.6881266528 43.3468766308032
602470 998.919429809821 -11698.5061943936 -10699.5867645838 62.4743219726738 -583.677946906788 -670.021251622941 1441.12216444776 -190.677892058199 81496.5702393211 43.3557241054027
602480 1000.48095698783 -11704.5750051435 -10704.0940481556 -786.83846837825 -1265.19801154486 -1016.31085557461 -79.0065380152744 -381.712271017259 81549.0795863942 43.3650336668929
602490 1012.20696127611 -11720.2339226237 -10708.0269613475 -1286.24479227818 -1996.91441508321 -1044.40380958863 -817.41615216271 -221.56117910074 81464.3941309007 43.3500175171489
602500 1030.40631974453 -11741.9496319508 -10711.5433122062 -230.895340876566 -1354.39688254068 237.586942435463 424.123917475534 125.301015333054 81180.6314516212 43.2996256550905
602510 1036.9653105027 -11751.5052691389 -10714.5399586362 1371.79413223777 -14.5848948015066 1995.37071832889 2134.59657318592 483.618299290414 80877.7728717125 43.2457129405605
602520 1025.53502739296 -11742.8710645582 -10717.3360371652 1607.82573259081 227.088842318283 2640.98864725911 1955.39970819505 515.140100978251 80806.0640101787 43.2329281432257
602530 1017.53285692852 -11737.4379055447 -10719.9050486162 406.024097164253 -841.928718680354 1900.30691775856 159.694092414563 88.1459749647443 80995.9023684675 43.2667574910772
602540 1021.06048649935 -11742.8754042768 -10721.8149177775 -1128.92255473712 -2167.14676670787 506.533632839931 -1726.15453034342 -321.611175112638 81245.0600282513 43.3110774653148
602550 1019.25265188782 -11742.5431035275 -10723.2904516396 -1495.9000256784 -1981.2884990288 -715.061693262621 -1791.3498847438 -452.508305065244 81305.8459718734 43.3218762691876
602560 1016.67415545468 -11741.1931820593 -10724.5190266047 -399.546294640222 -31.2602899864531 -1101.02601806275 -66.3525758714878 -350.532274745118 81123.4412116402 43.289455340358
602570 1021.14358983622 -11746.338563514 -10725.1949736778 1185.10570475462 2308.62643765308 -488.407620061855 1735.09829667261 -505.757921788232 80885.6139927496 43.2471104564235
602580 1024.02116998523 -11749.6297627955 -10725.6085928103 1428.87157526171 3247.25330066117 -582.623857672735 1621.98528279669 -896.783206979955 80840.589363709 43.2390845277141
602590 1016.59555111052 -11742.5159521234 -10725.9204010129 412.414860007028 2523.09809108286 -1303.72221865159 17.8687075898168 -1320.13060736267 81030.0967682653 43.2728453408305
602600 1009.65183715776 -11735.3901945214 -10725.7383573637 -1061.45927907563 860.251595379149 -1993.48400359826 -2051.14542900776 -1531.19302637265 81280.6442122595 43.3173997549324
602610 1007.3294880608 -11732.4278748045 -10725.0983867437 -1396.265195002 422.555868568055 -1866.75072423834 -2744.60072933573 -1540.10986677128 81355.4995857547 43.3306933882551
602620 1006.80759394025 -11730.9025094854 -10724.0949155452 -196.460738969843 1693.07893093505 -951.277645756836 -1331.18350208774 -1364.42216964734 81205.7226784052 43.3040861969495
602630 1008.95420765359 -11731.4230970482 -10722.4688893946 1072.51400764042 3035.76159456911 -525.061920733103 706.842349085239 -1250.93908238032 81024.3047386433 43.2718142689032
602640 1013.14380118907 -11733.5817651839 -10720.4379639948 1093.44836301988 2921.72409847899 -973.847818581649 1332.46880916231 -1131.88019458692 81016.6840509455 43.2704575923572
602650 1010.4721505991 -11728.5627648708 -10718.0906142717 110.254008220789 1632.20360683044 -1619.48241268852 318.040830520453 -1127.8630901039 81190.2331430344 43.3013326848194
602660 1005.4113265719 -11720.6542330031 -10715.2429064312 -961.335149375598 329.31658430594 -2020.80079013573 -1192.52124229699 -913.788881207673 81382.6628899316 43.3355153275241
602670 1011.36177181894 -11723.3928654457 -10712.0310936268 -1133.62038328221 -49.231433874337 -1549.76454517505 -1801.86517079726 -444.227484538212 81418.8343159514 43.3419346931742
602680 1024.7546327348 -11733.4379956312 -10708.6833628964 -577.457816019737 862.307868350576 -849.395936274541 -1745.28538013524 229.74659513593 81260.8961519912 43.3138913185436
602690 1037.3614535933 -11742.7124983331 -10705.3510447398 483.444366148032 2137.87246037845 18.1457671508526 -705.685129085198 866.358749520639 81003.3096626586 43.2680764048439
602700 1047.51402395804 -11749.8346796734 -10702.3206557154 1302.99488707575 2549.88108699351 747.938921578057 611.164652655677 880.785204992309 80822.188914928 43.2358036719843
602710 1052.17300515706 -11752.2257460252 -10700.0527408681 1238.60899696737 1976.80872769512 672.216798517826 1066.80146468914 425.582229801883 80858.3371980995 43.2422485486829
602720 1042.78793600711 -11741.2776068269 -10698.4896708198 -16.2788716629403 214.88924573421 -736.784515944644 473.058655221628 -101.783129498314 81103.3074574036 43.2858737558963
602730 1024.89422443322 -11722.0356380206 -10697.1414135873 -1077.41106179279 -1319.65016418336 -1951.04810760366 38.4650864086465 -259.182802065912 81367.7780337399 43.3328731503463
602740 1012.84999259939 -11708.7042582628 -10695.8542656634 -1337.84279309292 -1624.50837912384 -2316.88375481998 -72.1362453349421 53.1879233096645 81463.6941072745 43.3498933478775
602750 1018.69216871472 -11713.2389549589 -10694.5467862442 -549.814046040085 -356.289979155166 -1857.02359295432 563.871433989248 404.511683377568 81333.5129444712 43.3267896068957
602760 1034.25080974074 -11727.3201883191 -10693.0693785784 756.191310424549 1766.98297889176 -926.37878817352 1427.96974055542 540.886326721101 81091.5247648674 43.28377746308
602770 1040.5324713719 -11732.1963246443 -10691.6638532724 1465.95680579822 3012.90723438687 -196.468678065517 1581.43186107332 234.065984536977 80951.049739164 43.2587694896058
602780 1038.29881182107 -11729.0032310556 -10690.7044192346 991.519239366272 2434.9931561426 -198.685598951428 738.250160907645 -381.00529713482 81052.0727665272 43.276756965668
602790 1034.46250200706 -11724.3638714932 -10689.9013694862 -689.41675626755 755.265202392714 -1458.35088373045 -1365.16458746492 -946.549761394611 81344.9451735319 43.3288195146163
602800 1033.41623792346 -11722.3996204412 -10688.9833825178 -2076.6664893277 -703.680463216246 -2502.02905609473 -3024.28994867213 -1271.50264105913 81563.9204056728 43.367664122051
602810 1033.82786726913 -11722.2600467107 -10688.4321794416 -1269.58601640343 -295.610858602364 -1246.00819176512 -2267.1389988428 -1645.48283649626 81454.0851265829 43.3481888476022
602820 1027.99570650408 -11715.8190828952 -10687.8233763912 1106.93364475319 1684.94541991594 1427.01186341 208.843650933635 -1853.74004855373 81097.4104327881 43.2848246246179
602830 1016.84500855328 -11703.6958840796 -10686.8508755263 2646.69924923031 3176.25579588414 2761.28040127041 2002.56155053634 -1867.19449051687 80876.53453284 43.2454922242919
602840 1014.87876447756 -11701.0203549977 -10686.1415905201 1337.25718849743 1721.3664039127 1151.38056619507 1139.02459538452 -1511.01807340166 81080.571259969 43.2818285112903
602850 1024.47483041054 -11709.3037332505 -10684.8289028399 -1709.24719322994 -1448.11188380223 -1824.4779912302 -1855.15170465738 -1048.01991929373 81548.6461227395 43.3649568330018
602860 1036.17180613437 -11719.2584244246 -10683.0866182902 -3334.25487057055 -3038.62662569137 -3167.6661402592 -3796.47184576107 -774.96768327831 81775.4274812361 43.405117980611
602870 1041.70859087342 -11723.9807371925 -10682.2721463191 -1586.04807611031 -1416.45050951931 -1442.46674715821 -1899.22697165342 -424.771389630934 81448.221941058 43.3471487337292
602880 1042.45657897505 -11723.4994997902 -10681.0429208152 2097.5841013052 2040.47753251723 1831.36008933973 2420.91468205865 -175.040164852724 80833.0869232187 43.2377468799768
602890 1042.99346839262 -11722.585851458 -10679.5923830653 3946.17437385858 3645.06122063294 3474.12700787291 4719.3348930699 -185.231438969873 80554.626473154 43.188040112208
602900 1043.20212444092 -11722.696823119 -10679.4946986781 1767.09589161635 1457.60595075425 1716.23099221471 2127.45073188009 -214.54589356614 80910.0958769447 43.2514732592148
602910 1046.42555994279 -11725.3573015125 -10678.9317415697 -1960.63592776294 -2123.54490105507 -1546.2740339409 -2212.08884829286 -22.7679474305551 81542.0917011973 43.3637949914259
602920 1049.66936440127 -11727.8688760716 -10678.1995116704 -3454.28885358693 -3326.58081714775 -3053.15787433662 -3983.12786927642 253.248126483789 81815.8160074238 43.4122626705111
602930 1045.52765961466 -11724.1726990422 -10678.6450394275 -1173.18417091364 -719.799491161762 -1037.12870234217 -1762.62431923699 399.133477184493 81527.07837161 43.3611334829439
602940 1036.23557904068 -11715.0302966796 -10678.7947176389 1906.86547764109 2633.22256116489 1446.02725052546 1641.34662123294 101.530585740773 81088.8402135391 43.2832998184067
602950 1036.6719322686 -11715.6823194832 -10679.0103872146 2576.96611534181 3454.05693981708 1438.7215856011 2838.11982060724 -146.519812747603 80995.9499011641 43.2667659548191
602960 1042.97510838153 -11722.6969418614 -10679.7218334799 294.728509476782 1062.02731719233 -1421.82911508907 1243.98732632709 28.732433822013 81298.7174028651 43.3206101363253
602970 1040.75948113115 -11720.9396717921 -10680.180190661 -1905.43589721797 -1497.26470212003 -3938.85005997481 -280.192929559069 192.486117028769 81607.4239005455 43.3753730437536
602980 1036.70161459169 -11717.7034083809 -10681.0017937892 -1740.47440870107 -1688.01500299662 -3681.12895851133 147.720735404732 1.00610527004597 81586.7215603569 43.3717048820862
602990 1038.86385778944 -11720.9715094985 -10682.1076517091 -4.74279763408529 194.43741488835 -1734.70564348328 1526.03983569267 -435.553408672151 81299.3326876102 43.3207194223598
603000 1043.94028799631 -11727.0923868507 -10683.1520988544 1459.73534860414 1858.20428597097 285.207621175963 2235.79413866549 -658.448098149465 81048.6825845687 43.2761535752743
603010 1046.53651092248 -11731.2223938192 -10684.6858828968 1346.66901388215 2347.32456952287 780.116915601613 912.565556521944 -422.843383055653 81053.3403099167 43.2769825608909
603020 1038.44360439468 -11725.1955930225 -10686.7519886278 -61.2049758740111 1268.76124125432 -251.795792287502 -1200.58037658885 -82.0294450117745 81263.9992910557 43.3144426592403
603030 1025.62194611654 -11714.6620146853 -10689.0400685688 -971.180138915645 -167.804425905276 -996.758229601434 -1748.97776124022 -113.522741639036 81450.1570443987 43.3474920215507
603040 1019.44322092205 -11711.0236879359 -10691.5804670138 -609.396151163972 -821.092353808999 -628.284961819475 -378.811137863454 -380.352061158346 81472.4919203185 43.3514538406947
603050 1021.07948392745 -11715.3420060674 -10694.26252214 119.930415852946 -1046.54065506309 35.6712328901629 1370.66066973177 -741.781957093637 81393.4159376463 43.3374238762878
603060 1027.30898855149 -11724.4073274199 -10697.0983388684 368.516304111688 -1200.409202866 169.95987930327 2135.9982358978 -959.172986883221 81333.6936887689 43.3268217013509
603070 1032.06565743345 -11732.3201274333 -10700.2544699998 60.5304298359695 -1257.47605263682 -104.373591844973 1543.44093398972 -1296.15210567452 81333.2495564513 43.3267428374513
603080 1027.19164990039 -11730.959029272 -10703.7673793716 -167.854707759654 -908.878890724772 -133.560321751507 538.875089197305 -1642.42547625385 81345.9352656502 43.3289953065214
603090 1017.29939037189 -11724.7980031267 -10707.4986127548 -217.015498516936 -278.512021737443 -299.863696074639 -72.6707777387169 -1561.14442989057 81330.3801672108 43.3262333174521
603100 1007.82522598742 -11718.9833209963 -10711.1580950089 176.129473650935 602.674258429082 -335.825756991116 261.539919514837 -1391.86231163695 81285.6850724015 43.3182952220805
603110 1004.15869123922 -11718.6331275045 -10714.4744362653 229.299591659688 1033.73536717317 -849.392207924951 503.555615730843 -1294.03096788761 81266.4275634896 43.3148740852937
603120 1007.19677472624 -11724.5271397536 -10717.3303650274 -78.2537213177052 1049.49189320838 -1591.06897860479 306.815921443283 -1229.87585657827 81282.7775559032 43.3177787303201
603130 1009.05163487964 -11728.7622541369 -10719.7106192573 -262.805381700984 894.930770595121 -1617.1963427806 -66.1505729174526 -1538.51178648589 81288.3906883266 43.3187758371234
603140 1009.52488237025 -11731.1555638546 -10721.6306814843 -332.023085465535 818.529309968669 -1398.47470428328 -416.123862081994 -1978.01967563351 81246.8218884757 43.3113905408135
603150 1013.22952293465 -11736.3469783606 -10723.117455426 71.1142539370422 1386.3517465793 -883.451386630525 -289.55759813765 -2336.91858254153 81151.62442579 43.2944678444074
603160 1013.79757360625 -11737.9791701032 -10724.1815964969 407.603872037784 1429.14004443191 -355.28348003248 148.955051713905 -2118.63395632144 81063.3908995139 43.2787712645274
603170 1014.19407618124 -11739.0756479148 -10724.8815717335 316.347380121009 620.539713991907 -142.917660101763 471.420086472871 -1399.275643081 81038.4302411911 43.2743287432445
603180 1017.24351625705 -11742.4753886061 -10725.231872349 -65.5424401571221 -390.999024555837 -494.657527277279 689.029231361757 -630.067572002187 81066.3265600604 43.2792936961957
603190 1018.89839815747 -11744.1515253427 -10725.2531271852 -204.634385990829 -761.263933007547 -754.289193254489 901.649968289551 333.256667079363 81089.3698379356 43.283394051849
603200 1020.85219746224 -11745.8228155806 -10724.9706181184 -95.5366575733081 -402.836070375176 -763.81234453832 880.038442193544 1135.07005158801 81079.3337820181 43.2816083164063
603210 1027.4779693732 -11751.8892396059 -10724.4112702327 248.677026438227 544.793933955344 -409.206934483103 610.444079842426 1481.8760349229 81055.7091143753 43.2774041503866
603220 1031.41210841407 -11755.0632607885 -10723.6511523744 357.497835270679 1243.1755591024 -418.779157094313 248.097103803947 1243.14313391826 81071.5866935438 43.2802297607238
603230 1027.77684426584 -11750.4963486319 -10722.719504366 -42.0392019724307 890.349290161581 -1152.00316085432 135.536264775467 502.75655103546 81147.4921888411 43.2937329811698
603240 1023.4068995771 -11744.9040493359 -10721.4971497588 -515.354674405017 147.413892817502 -1735.77672021082 42.2988041782805 -21.4008449838108 81221.7106837748 43.3069279528742
603250 1021.85657238516 -11741.7205691995 -10719.8639968143 -316.400608199451 308.45887541924 -1716.65077171764 458.990071700058 -37.8385738306413 81218.2431746628 43.3063116590982
603260 1015.20612634385 -11732.830107359 -10717.6239810152 240.097782433037 780.308547381266 -1254.83554142907 1194.82034134692 228.693459487286 81160.9540451098 43.296126901054
603270 1007.26995281028 -11721.7984784936 -10714.5285256833 605.876487824559 1023.66377874817 -978.858053051285 1772.8237377768 560.746858688205 81140.3642897574 43.2924653207355
603280 1005.08560709763 -11715.4177034395 -10710.3320963418 200.725745399668 444.057725145079 -995.802491704053 1153.92200275797 785.240826419824 81217.467411816 43.3061737773725
603290 1006.36981314471 -11711.2660828319 -10704.8962696872 -519.847361124346 -853.785836198447 -576.176713960681 -129.57953321391 701.866053688568 81335.1536875871 43.3270809490957
603300 1013.58733630583 -11712.154342543 -10698.5670062372 -682.345415324341 -1685.64183052184 566.711557905395 -928.105973356589 135.696958442715 81374.8279318181 43.3341246019819
603310 1031.81989328843 -11723.941234575 -10692.1213412865 -131.810499065637 -1578.51694482253 1793.82620896126 -610.740761335674 -463.100470556863 81302.900546251 43.3213531296612
603320 1048.20838062442 -11734.6405455487 -10686.4321649242 406.631607494298 -1144.0899958078 2318.28291945423 45.7018988364312 -656.075291134654 81198.6354682488 43.3028263756866
603330 1045.37011814589 -11727.4594696863 -10682.0893515404 947.37271720456 -409.637761047262 2565.13949291143 686.616419749533 -588.28619361317 81164.5497077076 43.2967662723996
603340 1033.2615974117 -11712.2866387759 -10679.0250413642 576.648001324054 -774.737078317172 2089.22716066317 415.453921626171 -534.264895975192 81288.7887686104 43.3188465496499
603350 1031.81287757198 -11708.4553284549 -10676.6424508829 -589.021917788895 -1925.78136015865 853.64233067966 -694.926723887704 -478.324147965262 81514.6374689383 43.3589277573767
603360 1034.56681205076 -11709.1974251266 -10674.6306130758 -1074.80427420813 -2013.05559557311 -25.444989933879 -1185.91223711738 -448.779949493101 81656.190274126 43.3840113037887
603370 1028.60725333718 -11701.6259397343 -10673.0186863971 -468.248711513283 -829.111373569225 -385.879470732355 -189.755290238235 -454.496825406255 81622.8816723243 43.3781115376146
603380 1021.33878829531 -11692.8611398098 -10671.5223515145 264.233198034461 608.891755439263 -747.283957988832 931.09179665295 -735.219696507017 81501.7242416619 43.3566380530386
603390 1026.32538803537 -11696.2813507985 -10669.9559627632 482.5316991501 1171.29720503781 -1031.19233336879 1307.49022578128 -1111.66669959028 81415.5763496549 43.3413565777741
603400 1043.20938665192 -11711.6184328591 -10668.4090462072 106.766219119128 332.620295233822 -1092.1939690038 1079.87233112736 -1478.41604773914 81404.8599742332 43.3394548834093
603410 1056.2427645853 -11723.3586846635 -10667.1159200782 -336.036719442847 -884.136089202321 -794.495307820223 670.521238693998 -1884.51658284161 81413.4147025706 43.3409729920997
603420 1056.81000603255 -11723.103532247 -10666.2935262144 -308.803279085095 -1324.032305791 -9.1917135375295 406.81418207326 -1877.30213490679 81368.5136864865 43.3330037419714
603430 1054.53850699433 -11720.4963876948 -10665.9578807005 251.954940061239 -930.931234865045 1032.62887184831 654.167183200445 -1535.24257609816 81272.1469100396 43.3158901956019
603440 1051.63266102379 -11717.67029764 -10666.0376366162 752.523225993958 -381.838628260604 1664.12438425445 975.283921988033 -1235.05136201798 81215.4816338122 43.3058208272377
603450 1039.73331392865 -11706.2261953006 -10666.492881372 494.62986441782 -537.00130279891 1260.70502040631 760.185875646077 -1176.41524463281 81281.613633594 43.3175719674968
603460 1023.3277233085 -11690.3539811889 -10667.0262578804 -345.428178149769 -1396.38666060184 115.477442178956 244.624683973576 -1197.68152611442 81437.9851213639 43.3453326288594
603470 1021.11285497169 -11688.4488509246 -10667.3359959529 -1234.30704033644 -2181.24909039249 -1390.68535477696 -130.98667583986 -1218.61320657456 81542.1150327477 43.3637991273041
603480 1032.96363716211 -11700.5047449984 -10667.5411078363 -697.540785496259 -1469.96697460189 -1341.97819797515 719.322816088274 -970.177604690947 81447.5902382677 43.3470366683174
603490 1043.91295859936 -11711.5743006252 -10667.6613420259 703.208214174022 -133.000969933389 292.524948827123 1950.10066362832 -741.036963327366 81225.8649058764 43.3076662757053
603500 1046.90811650433 -11714.7981512542 -10667.8900347499 1287.13393083212 -82.3975592271274 1855.73100079181 2088.06835093166 -445.951656486207 81101.001396907 43.2854634940021
603510 1047.74434204129 -11716.2928595379 -10668.5485174966 897.880848310139 -1248.36147253068 2715.78936533669 1226.21465212444 -121.922838890818 81190.8824918289 43.3014481239641
603520 1045.37697372457 -11714.887485473 -10669.5105117485 -212.224734543916 -2869.1084641412 2166.27318339678 66.1610771126733 -148.843039960541 81448.5417699523 43.3472054718309
603530 1038.88326050546 -11709.4432385984 -10670.5599780929 -1289.98241081137 -3910.69174536219 937.776105481577 -897.031592553524 -229.209166206949 81692.619765605 43.3904620190451
603540 1030.99885807002 -11702.8276207313 -10671.8287626613 -907.395199667851 -3229.73041825295 1205.10819113999 -697.563371890614 -178.575178006924 81742.759554143 43.399337335855
603550 1025.36528640348 -11698.5314293375 -10673.166142934 -51.1223854668629 -2024.08762950798 2251.58478911844 -380.864316011042 -237.086195582009 81629.1420185997 43.3792205201733
603560 1025.63105921757 -11699.9707993504 -10674.3397401329 854.312148355185 -735.778852458522 3351.09992684457 -52.3846293204899 -265.676085608044 81497.2849218232 43.3558508407435
603570 1029.94027622054 -11705.3939090571 -10675.4536328366 748.6740583995 -203.948554229308 2923.51492049438 -473.544191066572 -109.375605242909 81498.1132810046 43.355997733553
603580 1029.05924617992 -11705.5966974222 -10676.5374512423 -533.055062305492 -675.49072642328 734.046308957356 -1657.72076945055 433.94416133329 81622.500203625 43.378043960904
603590 1021.31878632425 -11698.8405852331 -10677.5217989089 -1119.53470952092 -826.482553418405 -635.219259621059 -1896.90231552332 658.887959403201 81675.3588029775 43.3874057907045
603600 1019.16815368247 -11697.5913829076 -10678.4232292251 -696.506137399938 -684.348174757935 -601.479628940486 -803.6906085014 309.193021295556 81536.1100732644 43.3627346293283
603610 1029.44723580205 -11708.5018530481 -10679.054617246 488.066724183297 -193.743704592685 441.327706092819 1216.61617104975 -116.580081438033 81258.1763707173 43.3134080782217
603620 1042.02271689127 -11721.5134871305 -10679.4907702392 1439.77134805829 194.136541961892 1633.10303782756 2492.07446438541 -88.7911286146349 81034.5416965213 43.2736365743092
603630 1041.98543008148 -11722.2335301118 -10680.2481000304 1300.02907962792 71.5987998505231 1624.13219795047 2204.35624108274 218.589377159791 81039.5907596774 43.2745353136277
603640 1032.28359083286 -11713.5735538894 -10681.2899630565 9.83684781108226 -965.675182777994 160.625932115854 834.559794095372 304.74375695184 81272.7875977783 43.316004018471
603650 1032.83670862095 -11715.0394255454 -10682.2027169244 -1471.73552139788 -2144.98627966156 -1425.53806153785 -844.682222994234 149.298575411365 81530.7467168644 43.3617838240157
603660 1040.85592648459 -11724.1550577476 -10683.299131263 -1640.96709643681 -1839.13544892703 -1711.58295856714 -1372.18288181624 153.310364908394 81558.5931200387 43.3667199261247
603670 1041.71386272622 -11726.4877237168 -10684.7738609906 10.7013222729361 44.1501741127708 -125.085025343611 113.038818049646 513.629324737284 81311.4649987115 43.3228742342376
603680 1034.72954670869 -11720.9733693359 -10686.2438226272 1637.81113263204 1367.61237700586 1243.21976975416 2302.6012511361 671.733743543067 81043.0903520455 43.2751582233775
603690 1029.5587553326 -11717.5736356236 -10688.014880291 1600.8491579401 1119.58021583143 690.326756253443 2992.64050173543 227.366794732484 81030.8883133252 43.2729862444239
603700 1025.71502081221 -11715.6996090357 -10689.9845882235 -77.4288234412552 -495.970388172378 -1212.19972698517 1475.8836448338 -473.705554330236 81286.6863817458 43.3184730920037
603710 1022.93722493799 -11714.6408310608 -10691.7036061228 -1330.48146571677 -1686.65304984223 -2354.03694645708 49.2455991489715 -879.103437143778 81554.4915887057 43.3659929520745
603720 1022.46066065712 -11715.8940632529 -10693.4334025958 -1260.41990085132 -1876.52083802963 -2075.33340657256 170.594542048238 -742.37288790032 81611.5994584169 43.3761128183261
603730 1025.42535889329 -11720.625976961 -10695.2006180677 -122.968368102652 -1057.83326759751 -736.459516344082 1425.38767963364 -98.6373775372834 81455.5608971482 43.3484506376021
603740 1030.65236472485 -11727.5031914334 -10696.8508267085 931.807326459289 -303.63244383137 494.44252691427 2604.61189629497 307.844727894613 81267.5409636273 43.3150718978795
603750 1027.38772750936 -11725.9683890376 -10698.5806615282 1087.11816919397 -167.126189976294 562.491219212316 2865.98947834591 505.670125501539 81228.4490727417 43.3081255425883
603760 1020.748008317 -11721.1344304658 -10700.3864221488 117.712096240504 -866.058334548588 -705.741079365725 1924.93570263582 686.563376426979 81368.7361014138 43.3330432244757
603770 1020.08045307128 -11722.0855923756 -10702.0051393043 -864.252676557738 -1672.71493928028 -1588.41612970979 668.373039316857 555.023507021987 81539.2696738095 43.3632947376049
603780 1015.4404829883 -11718.938076714 -10703.4975937257 -807.573047840859 -1310.67882032733 -1143.95741413205 31.9170909367986 523.755871742328 81575.7310149533 43.3697572608366
603790 1003.69640142571 -11708.445221626 -10704.7488202003 23.8806189606176 -537.611011503436 294.001149824126 315.251718561161 891.348659452322 81476.9192750164 43.3522390905452
603800 1003.53886816909 -11709.0339903136 -10705.4951221445 597.131299107709 -281.2800749357 1273.93823055691 798.735741701919 1367.14914282226 81373.279713049 43.3338497785414
603810 1016.85452316025 -11722.6143864467 -10705.7598632864 234.044577383521 -819.235250681333 945.759257554928 575.609725276966 1524.39786649424 81359.2708896868 43.3313629217232
603820 1026.007324734 -11731.6994853521 -10705.6921606181 -391.693198315212 -1700.95116612144 405.34869198925 120.522879186561 1496.74830777415 81383.6222381734 43.3356856082104
603830 1020.79382227167 -11726.2088130667 -10705.414990795 -358.318134414665 -1736.07790289012 909.898018759051 -248.774519112949 1049.44584679447 81348.7362718675 43.3294926204186
603840 1012.39751150797 -11717.2174559314 -10704.8199444235 221.420815683729 -780.572002468902 1905.71346188223 -460.879012362127 426.104030396132 81255.5342501292 43.3129386260275
603850 1012.81298564041 -11716.5118680464 -10703.698882406 675.580507187545 -98.6679646028415 2472.15754697468 -346.748060809206 -51.7866273532984 81195.546404622 43.3022772413264
603860 1018.64089586349 -11720.6511245707 -10702.0102287072 357.813351155625 -322.850079293587 1777.97912508745 -381.688992327004 -258.664234936159 81244.5227517695 43.3109819925373
603870 1020.72560005027 -11720.4290983532 -10699.7034983029 -353.076899854373 -978.057825473701 360.953504211489 -442.126378300903 -247.926259423892 81357.3756977202 43.331026463904
603880 1019.07424768525 -11715.8743220178 -10696.8000743326 -344.066177345258 -1009.39589312123 209.698638286131 -232.501277200675 -296.153528588588 81424.8306759077 43.3429986872072
603890 1006.99118503493 -11700.2675056441 -10693.2763206092 264.188170140194 -478.001386982875 1047.17866662163 223.387230781842 -423.534139472879 81443.1911353242 43.3462562420774
603900 994.719169820184 -11683.7196980994 -10689.0005282792 300.807808660937 -359.622510973706 1191.18425526963 70.8616816868851 -539.387880155896 81501.7688187482 43.3566459576249
603910 1005.21433356081 -11689.1285129069 -10683.9141793461 -272.701492135584 -791.947437174607 717.654737225155 -743.811776457281 -622.274754123427 81612.8950977071 43.3763423588122
603920 1029.76198579725 -11708.157414093 -10678.3954282957 -1152.97294035036 -1269.05420526496 -80.6224504548931 -2109.24216533123 -648.644523848127 81676.1936784393 43.3875536237742
603930 1042.81335257298 -11716.1848864005 -10673.3715338276 -864.959242986906 -455.292612195682 217.244764151875 -2356.82988091691 -473.478665860125 81547.4622164116 43.3647469775037
603940 1042.48247766975 -11711.6514258546 -10669.1689481848 898.083507147856 1593.08898116173 1868.24416651118 -767.082626229361 -154.246475491646 81270.7756362 43.3156465767509
603950 1044.09432217433 -11709.8756221756 -10665.7813000013 2107.95681198733 2918.89528549688 2947.17380966613 457.801340798985 57.0674156971259 81131.2633768172 43.2908466619544
603960 1043.12345490781 -11706.6370399804 -10663.5135850726 1130.56227601356 1799.26394457471 1554.81491707666 37.6079663893307 34.9983433383119 81336.6537910498 43.3273473148741
603970 1034.76439163381 -11696.384443045 -10661.6200514112 -1107.80584735792 -931.005512269192 -870.663471021267 -1521.74855878329 -218.282130803341 81747.0945054893 43.4001045014171
603980 1028.01369183195 -11687.796668404 -10659.7829765721 -2178.50398668104 -2528.27051122184 -1965.1963200622 -2042.04512875908 -643.568541528072 81993.8165286431 43.4437227986572
603990 1032.25381393231 -11690.723521302 -10658.4697073697 -1447.64298513663 -1944.50744669496 -1327.85458241126 -1070.56692630365 -923.973441714558 81871.9868365182 43.4221953260197
604000 1039.71838680346 -11696.9500361952 -10657.2316493917 688.120030881225 142.889145875891 984.247111471363 937.223835296408 -704.526310359421 81502.2014139867 43.3567226669843
