# Fix print output for fix setl_out
330000 153.261087908531 -13289.2768980694 -13136.0158101609 20150.4416098357 20193.8529964503 20177.912837963 20079.5589950937 -57.2261819124558 65546.1975375784 40.3195646490307
330010 154.158055723062 -13290.3872274663 -13136.2291717432 19865.1655331105 19886.8172376613 19865.0486979289 19843.6306637413 -46.8338884631485 65564.3614005872 40.32328869628
330020 153.62746246498 -13289.5914213687 -13135.9639589037 20144.5518187109 20121.6022605301 20121.0425077844 20191.0106878181 -9.21515186914993 65545.9526609114 40.3195144384755
330030 152.103334154252 -13288.3341745717 -13136.2308404175 19859.8712908831 19789.5554871269 19901.824307978 19888.2340775445 47.0791897088079 65572.7222031084 40.3250026392264
330040 151.193934855454 -13287.1059691131 -13135.9120342576 20123.3060357691 20014.6121735389 20302.8669824087 20052.4389513598 53.7511071527926 65557.2537622982 40.3218315341786
330050 151.633518256488 -13287.5788757796 -13135.9453575232 19871.7907749391 19703.4343397789 20161.6774433198 19750.2605417185 6.12165763491446 65576.3467817334 40.3257456232231
330060 153.231811893315 -13288.6357837702 -13135.4039718769 20111.261303393 19896.7226942957 20393.5001664465 20043.5610494367 -120.830793173344 65555.6182824797 40.3214962237625
330070 154.381263446323 -13289.5782145466 -13135.1969511003 19902.1681725293 19673.345679762 20075.4538340129 19957.705003813 -269.938257629859 65566.0377807284 40.3236323615622
330080 153.713752034712 -13288.3542470396 -13134.6404950048 20108.1314195205 19878.8893837345 20161.4611962568 20284.0436785701 -343.179876106663 65551.293536055 40.3206095258918
330090 151.86242269275 -13286.3626667197 -13134.5002440269 19903.694260995 19709.5581545079 19854.6593093726 20146.8653191045 -300.18334268838 65573.3346323339 40.3251281799107
330100 151.459067362452 -13285.3686067123 -13133.9095393499 20061.8647092174 19908.7835294972 19950.605406734 20326.2051914209 -180.78606091312 65564.7703450705 40.3233725322331
330110 153.327523417409 -13286.7525179052 -13133.4249944878 19948.3819299611 19808.0164306243 19872.2697401893 20164.8596190697 -92.5306454003622 65570.5984000289 40.3245672788787
330120 155.657586986861 -13288.3826593549 -13132.7250723681 20036.5855584001 19879.1231185102 20120.0950173269 20110.5385393633 -93.9563923728055 65561.765442509 40.3227565019275
330130 156.527325198539 -13288.7536485019 -13132.2263233034 19999.880147077 19860.4354172472 20232.4116787775 19906.7933452062 -174.415919708685 65566.3350610485 40.3236933047203
330140 155.369267641746 -13287.1966738127 -13131.8274061709 19972.5932971025 19917.0716370766 20239.7042855909 19761.00396864 -237.954322746401 65573.1267884547 40.3250855744829
330150 153.758076327528 -13285.1628221589 -13131.4047458314 20054.1731555614 20071.6452926403 20252.6948700009 19838.1793040429 -228.847795758389 65573.0406898262 40.3250679253012
330160 153.898608178247 -13285.074441066 -13131.1758328878 19876.9993455596 19867.9107212345 20004.0357263443 19759.0515891002 -161.617623879751 65585.2238261318 40.3275651679226
330170 155.443947100942 -13285.9295079067 -13130.4855608058 20182.6683893599 20077.0967073344 20274.7296078183 20196.178852927 -82.8276212245655 65557.186858044 40.3218178174001
330180 156.321310178736 -13286.8860431411 -13130.5647329624 19764.766895025 19603.8880393123 19834.5834923265 19855.8291534361 -38.1583151536607 65586.0168916569 40.3277277160844
330190 156.489473426609 -13286.3556782263 -13129.8662047997 20303.1946609382 20148.987477953 20330.9537417592 20429.6427631024 -30.1925146415339 65546.8501005618 40.3196984527145
330200 156.322677644412 -13286.6789463155 -13130.3562686711 19626.4211607274 19502.9403416686 19597.2431123399 19779.0800281737 -74.245869846424 65597.8426413924 40.3301513879655
330210 156.221607342522 -13285.7432007865 -13129.521593444 20440.1347015849 20368.6475493947 20379.3440806475 20572.4124747125 -131.331329176646 65538.8811594664 40.3180644137364
330220 155.826344936276 -13286.1899805206 -13130.3636355843 19497.7057617113 19476.7652494071 19456.848560844 19559.5034748826 -116.827422631548 65611.2773020292 40.3329044506208
330230 155.009660971411 -13284.4006519096 -13129.3909909382 20567.1471668536 20576.8045133873 20576.2100981306 20548.426889043 -54.7008966746694 65536.5880169056 40.3175941781238
330240 153.393574951955 -13283.9247496332 -13130.5311746812 19374.8852419534 19406.3901387598 19450.2304447945 19268.0351423058 22.2163595170493 65631.0042020903 40.3369462529912
330250 153.000533874052 -13282.3007620373 -13129.3002281632 20650.4567171238 20647.1380954745 20804.6893339641 20499.5427219328 48.7779926052905 65537.5066542324 40.3177825567329
330260 154.422523631059 -13284.8127135216 -13130.3901898906 19304.1024851214 19221.1954872776 19535.2258490115 19155.8861190753 64.0499108805661 65632.27890334 40.3372073959451
330270 157.26944638049 -13286.158651295 -13128.8892049145 20715.2478595093 20572.7349744267 20964.8909997868 20608.1176043145 89.381968920141 65519.6911878631 40.3141289481324
330280 158.895359862704 -13288.9782987482 -13130.0829388855 19292.5077039423 19162.2654119116 19483.1477278636 19232.1099720518 112.646757439594 65619.2860020089 40.3345454337087
330290 158.586096435694 -13287.4073510805 -13128.8212546448 20724.4534477931 20643.2816859353 20828.5154098651 20701.5632475789 139.691219467476 65516.1581969542 40.3134043211354
330300 156.519156320061 -13286.8293797199 -13130.3102233999 19281.5499637027 19208.3971275791 19312.0064491344 19324.2463143946 111.94906727101 65628.2946722145 40.3363911511945
330310 155.650538580379 -13284.8116245388 -13129.1610859584 20686.6617447689 20561.9224125153 20729.251973628 20768.8108481635 30.1932313595487 65526.6972508109 40.3155658355439
330320 156.230039993142 -13286.7378330564 -13130.5077930633 19329.1883165143 19156.3082121644 19433.045494976 19398.2112424025 -38.2081648511528 65623.9384010157 40.3354986492234
330330 157.267106157855 -13286.6661466682 -13129.3990405103 20636.0996321118 20444.1155920529 20797.317296459 20666.8660078236 -56.9308188845189 65522.6758126234 40.3147410832951
330340 156.599987079472 -13287.3041323186 -13130.7041452391 19429.0140699767 19254.1244195974 19593.806705944 19439.1110843889 -11.3404544890041 65611.5138527371 40.3329529217883
330350 154.62473561071 -13284.6098214423 -13129.9850858316 20514.5226834466 20351.2144848802 20639.177765861 20553.1757995985 32.0339406786208 65535.9531630593 40.3174639920035
330360 152.257402455785 -13283.4057036535 -13131.1483011977 19562.1451176149 19353.0451524399 19631.8250121507 19701.565188254 16.7540870701743 65612.4287569189 40.3331403920132
330370 151.717526105178 -13282.3773134089 -13130.6597873037 20334.85828808 20083.1412190334 20375.8122200761 20545.6214251304 -68.2470765359409 65560.4122455569 40.3224790790208
330380 153.353523302951 -13284.6137300905 -13131.2602067876 19742.9339889684 19503.8140180096 19799.4776332942 19925.5103156012 -158.972681704816 65600.3312903381 40.3306613961988
330390 155.865579685729 -13286.7165270149 -13130.8509473291 20143.3253690467 19958.3499375813 20235.1609724219 20236.465197137 -196.474455167959 65562.1182071073 40.3228288226131
330400 157.164734225296 -13288.1801121732 -13131.0153779479 19995.4185360563 19859.3470119883 20109.3791270854 20017.5294690951 -158.77730270482 65568.1640605389 40.3240682498232
330410 156.88155192438 -13288.1339663102 -13131.2524143859 19879.964769177 19797.6460103061 19975.7614438041 19866.4868534209 -102.891855923621 65576.7030398663 40.3258186492939
330420 155.826913575543 -13286.9244549915 -13131.0975414159 20254.4403499603 20212.6730805706 20289.5013183056 20261.1466510046 -87.1106512066718 65550.4360603587 40.3204337139863
330430 154.103302826916 -13286.0227446673 -13131.9194418404 19603.3145301083 19579.965048176 19567.383661963 19662.5948801859 -135.286881860547 65600.4020431795 40.3306758956574
330440 152.583424134625 -13283.8685410047 -13131.2851168701 20546.7567492716 20535.6734324909 20477.5545675197 20627.0422478043 -205.536963596817 65534.5403176079 40.3171742642424
330450 152.305168453622 -13284.9314216198 -13132.6262531662 19281.8815474922 19259.5255252618 19266.3084965867 19319.810620628 -222.553265338495 65629.3949040201 40.3366165576938
330460 154.155619742843 -13285.383753958 -13131.2281342152 20856.8598378332 20786.9011700463 20957.0160698438 20826.6622736096 -193.162175198355 65507.5470206164 40.3116380339925
330470 156.120184355966 -13289.0729991623 -13132.9528148063 18998.1517611604 18859.7805767695 19225.9688616728 18908.7058450389 -154.394462582089 65636.5755940267 40.3380876168987
330480 157.002346435734 -13288.0528878327 -13131.050541397 21161.0251658483 20959.331962003 21470.3370371706 21053.4064983715 -118.60410701052 65471.6047182116 40.3042640329729
330490 155.18751314609 -13288.7314459078 -13133.5439327617 18728.8091312236 18469.5857437627 19037.405520308 18679.4361296 -86.1525353366625 65654.127078845 40.3416828188554
330500 153.323310014061 -13284.7392646439 -13131.4159546299 21386.462362972 21091.257830757 21652.8253808604 21415.3038772985 -59.2994525404743 65463.663539325 40.3026344394354
330510 152.848615108625 -13287.2058473941 -13134.3572322854 18503.4782704788 18245.8308192086 18707.7929250786 18556.8110671493 -28.1923177751945 65678.2860980074 40.3466304436869
330520 154.892613663937 -13286.6281941949 -13131.735580531 21564.1582038144 21341.9190028193 21733.0319660254 21617.5236425984 2.78253960058544 65446.3832465217 40.2990879294352
330530 155.461928797714 -13290.384738102 -13134.9228093043 18421.1198956955 18230.8722857081 18556.9278369755 18475.5595644029 2.48608908614346 65676.3051419547 40.3462248012232
330540 154.457916076721 -13286.8736928014 -13132.4157767246 21610.4245993015 21465.8047685981 21708.4819501656 21656.9870791408 -43.3325635482662 65445.1622523434 40.2988373158524
330550 152.016672152898 -13287.8952031885 -13135.8785310356 18407.7121180141 18310.1019391192 18501.0970491256 18411.9373657975 -103.540048353587 65689.0704145846 40.3488386165276
330560 151.344866252183 -13284.7787618828 -13133.4338956306 21527.8212813233 21433.3359728594 21679.7506465483 21470.3772245623 -156.814559484183 65460.0122047124 40.3018851120873
330570 151.354959000193 -13287.8714566975 -13136.5164976973 18549.8326496668 18438.0976063831 18763.7480629689 18447.6522796484 -118.297916403378 65675.8604077514 40.3461337314094
330580 152.393897481604 -13286.6116271889 -13134.2177297073 21350.7215177325 21246.8833229934 21581.7849684633 21223.4962617409 25.5181517151274 65463.3683610887 40.3025738639559
330590 152.304904719323 -13289.2001378363 -13136.895233117 18789.9499512063 18725.7323457912 18992.6538775047 18651.4636303229 149.162198691414 65651.4803048543 40.3411407013656
330600 152.3702801376 -13287.4531883363 -13135.0829081987 21051.8325391612 21004.0663321398 21194.4818795078 20956.949405836 156.380224760019 65482.4727405012 40.3064940246722
330610 153.214314837563 -13290.2983361764 -13137.0840213389 19097.8011341521 19030.8730019228 19178.0643812405 19084.466019293 41.2642031880951 65621.2413570793 40.334946065796
330620 155.445119474818 -13291.1439752048 -13135.69885573 20731.4882698369 20629.3704121321 20777.1011393486 20787.9932580301 -95.7633191045839 65490.2042403506 40.308080288271
330630 155.972743521916 -13293.0895426225 -13137.1167991005 19456.2752735642 19319.7622223167 19499.4482507406 19549.6153476352 -173.27805911622 65581.5333100857 40.3268087357603
330640 153.5807716602 -13290.224065555 -13136.6432938948 20428.5629364313 20265.0356863916 20513.1586502119 20507.4944726904 -177.467725108627 65518.9108905948 40.3139689090714
330650 149.571080314036 -13287.3270310593 -13137.7559507453 19704.7957599464 19539.4978391157 19828.3633901823 19746.5260505412 -114.417326339521 65585.7346186132 40.3276698610349
330660 147.721638257882 -13285.3334696992 -13137.6118314413 20156.5769861036 19987.0980907152 20295.3545124145 20187.2783551812 -20.1691494845244 65558.6821670796 40.3221243849584
330670 149.278139622982 -13287.1336986174 -13137.8555589945 19912.5459647932 19748.6530603349 20049.2771120356 19939.7077220091 3.63373573748188 65572.8025587675 40.3250191112223
330680 152.593324901819 -13290.1983354233 -13137.6050105215 19994.8347402704 19840.2335897675 20109.2169088347 20035.053722209 -83.3951013398626 65556.2929961614 40.3216345560293
330690 154.478870315432 -13291.822646829 -13137.3437765136 20086.9124362327 19929.2318527665 20174.6923857029 20156.8130702286 -187.588351113916 65543.4468690355 40.3190006330453
330700 153.707214425825 -13291.1368032006 -13137.4295887747 19873.1601174954 19692.7919479256 19938.840092575 19987.8483119855 -182.575269394767 65560.931989213 40.3225856336554
330710 152.285850774771 -13289.3094973795 -13137.0236466047 20170.2000285642 19984.4578752601 20180.8805048253 20345.2617056073 -126.520430633643 65542.4771650733 40.3188017945173
330720 152.14948715909 -13289.2711298547 -13137.1216426956 19768.2488527697 19614.4285468232 19703.3012242562 19987.0167872298 -103.14025976725 65570.1616700598 40.3244777520351
330730 153.218806037098 -13289.4831730809 -13136.2643670438 20277.7640669377 20197.1852270477 20154.0402500406 20482.0667237248 -151.778563518349 65528.2124848965 40.315876584451
330740 153.750547359507 -13290.1558462241 -13136.4052988645 19702.3993288338 19674.7663485042 19579.035145718 19853.3964922791 -242.266225615913 65572.6707362327 40.3249920890953
330750 153.505740456441 -13288.9132530504 -13135.407512594 20330.4039752283 20265.2445912117 20302.7192458345 20423.2480886385 -279.02469650435 65531.5037666082 40.3165515542122
330760 152.634027514506 -13288.1985858881 -13135.5645583736 19645.438273215 19528.3947387453 19771.1840260714 19636.7360548282 -254.839976070002 65588.0880114041 40.3281522104001
330770 152.020469046441 -13286.366236706 -13134.3457676596 20372.3677756668 20231.1130436104 20622.2649070669 20263.7253763232 -229.824987830474 65540.0861180687 40.3183115001476
330780 152.435349859102 -13286.840677374 -13134.4053275149 19591.2297307368 19439.4476476967 19867.7933521749 19466.4481923389 -200.790440506276 65599.1399890693 40.3304172599371
330790 154.253030462616 -13287.1473191166 -13132.894288654 20413.8880899961 20274.1093985615 20646.8049856566 20320.7498857702 -175.771754600574 65534.027913572 40.3170691861337
330800 155.145536376564 -13288.1171135968 -13132.9715772202 19597.9228197433 19483.1198335024 19771.6512123089 19538.9974134184 -197.061464432798 65592.7903435182 40.3291159617924
330810 154.04566579563 -13285.7735258332 -13131.7278600375 20423.6538214329 20353.2923035179 20543.3085760852 20374.3605846955 -268.427423917905 65538.8923337111 40.3180667051187
330820 152.360316841355 -13284.507500238 -13132.1471833967 19567.7521130461 19573.9234438741 19625.8778921346 19503.4550031297 -372.815082508853 65612.0149384814 40.3330555979555
330830 153.05318262492 -13284.0082191172 -13130.9550364923 20395.8826372747 20475.6351938786 20436.3221764228 20275.6905415226 -406.79486131458 65552.2218588788 40.3207998621582
330840 155.469266739802 -13286.6689675082 -13131.1997007684 19606.4027916473 19711.9233001822 19698.3823863344 19408.9026884252 -304.835459689062 65603.700053387 40.3313517489941
330850 157.480935371055 -13287.5595420326 -13130.0786066616 20388.97262974 20463.1535952502 20558.2259913252 20145.5383026447 -150.112136062084 65539.8603943061 40.3182652139129
330860 157.559353309403 -13288.0934946819 -13130.5341413724 19639.6164074846 19656.8923889731 19833.1094432782 19428.8473902024 -27.5021401240611 65594.7760030426 40.3295229124382
330870 156.655813428527 -13286.4124042785 -13129.7565908499 20342.1830974942 20342.6420838388 20497.9232196125 20185.9839890312 8.60552972699967 65544.5069404428 40.3192179992421
330880 155.539253241987 -13285.82139623 -13130.282142988 19682.438462726 19728.5010160035 19766.520519413 19552.2938527615 -19.6276155748801 65594.6956506106 40.3295064447824
330890 154.917696107594 -13284.5896943839 -13129.6719982763 20292.0061040421 20376.1835095749 20343.3536793311 20156.4811232203 -48.4834791611619 65552.2125473633 40.3207979530046
330900 154.606191805547 -13284.7500576774 -13130.1438658718 19740.402489568 19800.2859252403 19775.5134171146 19645.4081263492 14.3150110922997 65596.1611561245 40.3298067875329
330910 154.898972421216 -13284.5540419899 -13129.6550695686 20213.1748169817 20187.3380959022 20274.5010178565 20177.6853371865 158.739459214412 65563.3343229352 40.3230781379622
330920 155.432843101859 -13285.3813647329 -13129.948521631 19825.8673660957 19709.4090953467 19957.7472705276 19810.445732413 249.122454342576 65593.1667167476 40.3291930981693
330930 155.801242546096 -13285.4045620654 -13129.6033195193 20120.478588119 19972.8456645391 20363.5009648002 20025.0891350176 207.637423267826 65571.1212507288 40.3246744593971
330940 155.814124917445 -13285.5274180094 -13129.713293092 19937.6229870936 19822.7570062418 20254.4058566843 19735.7060983548 89.6503810860726 65584.3790176044 40.3273920129788
330950 156.093563271326 -13285.7065235172 -13129.6129602459 19983.809728667 19907.4658716012 20279.888611511 19764.0747028887 9.80810191743122 65579.5226141241 40.3263965985012
330960 156.575542144617 -13286.016482562 -13129.4409404174 20096.8847478451 20046.8455855154 20316.5179922063 19927.2906658136 -17.7789283233757 65567.1607106039 40.3238625638362
330970 156.865600558165 -13286.5470420855 -13129.6814415274 19809.9364049228 19802.9887699298 19908.2482068198 19718.5722380188 3.10918751249628 65585.630987524 40.3276486206306
330980 156.83698756474 -13286.1012559234 -13129.2642683586 20313.4380559123 20388.9209673604 20286.7529869032 20264.6402134731 24.2821351290229 65548.5133192969 40.3200394805979
330990 156.380031100768 -13286.4613398614 -13130.0813087606 19548.7087434867 19710.9330378229 19440.248481099 19494.9447115383 25.205681290948 65607.3766102222 40.3321051502857
331000 156.125583497523 -13285.3741797909 -13129.2485962934 20605.6319112575 20819.2321913724 20493.6122238866 20504.0513185134 24.117020718972 65531.8654461215 40.3166257253772
331010 155.497602657581 -13286.1963938433 -13130.6987911857 19216.1576461535 19413.3787206736 19189.7577239251 19045.3364938618 73.6003436295202 65637.2193881264 40.3382195013836
331020 154.981485022052 -13284.2327611141 -13129.251276092 20963.2367527488 21145.0395526985 21024.8191378623 20719.8515676854 119.083828139074 65509.4842987483 40.3120354135746
331030 154.261610690933 -13285.6244373594 -13131.3628266685 18856.2339098559 19007.5896511967 18957.7846849374 18603.3273934336 91.5713651954385 65666.5266112443 40.3442223216411
331040 154.666662738458 -13283.9119297284 -13129.24526699 21308.1563088244 21375.6923897482 21373.5194153019 21175.2571214232 -15.5004149577547 65485.213860316 40.3070564315942
331050 155.020484439664 -13286.9432173889 -13131.9227329492 18550.3998292149 18508.2105600604 18549.6292270543 18593.35970053 -171.187815221854 65687.9138930976 40.3486018213124
331060 155.988658889512 -13285.2492906199 -13129.2606317304 21559.9508948713 21461.5946556118 21518.8957958572 21699.362233145 -248.610829160303 65461.6510543757 40.3022214404677
331070 155.427688086962 -13287.7855458376 -13132.3578577507 18383.6584168774 18282.3213826898 18372.5813432011 18496.0725247414 -190.485780880472 65694.4311445576 40.3499361778295
331080 154.52417769614 -13284.0889450416 -13129.5647673454 21668.233867545 21578.2336848519 21701.1455277297 21725.3223900534 -89.4813334036345 65453.4163313471 40.3005314354915
331090 153.348392922064 -13286.2455780342 -13132.8971851121 18324.8088148546 18231.152720849 18389.1823822983 18354.0913414164 -38.8588554263333 65702.55265259 40.3515988698917
331100 154.486878973278 -13284.492153164 -13130.0052741907 21634.0263006467 21565.1041844915 21675.1218281842 21661.8528892645 -44.7395195559365 65453.6641770138 40.3005823027089
331110 155.666066650199 -13288.7800474146 -13133.1139807644 18444.1709234363 18441.9700294634 18392.9307197566 18497.6120210888 -74.8383940531471 65684.4982166821 40.3479024528984
331120 156.193398794967 -13286.7435593956 -13130.5501606006 21480.9936552463 21577.152139785 21345.7172640809 21520.1115618731 -121.453516428504 65458.176100844 40.3015082960916
331130 154.626377339498 -13288.1257274734 -13133.4993501339 18637.3815943952 18787.7304756195 18519.2702652479 18605.144042318 -144.094124487294 65670.0990534839 40.3449539211222
331140 153.795540987664 -13285.2249016439 -13131.4293606562 21225.5364176835 21372.0588393085 21173.8079534356 21130.7424603064 -178.98517124337 65478.2469122919 40.3056269632207
331150 153.545225988371 -13287.3943183108 -13133.8490923224 18918.4262774153 19028.4006203184 18915.0385156725 18811.8396962551 -193.621281476066 65645.6486775029 40.339946204484
331160 154.269569424897 -13286.5687588491 -13132.2991894242 20935.9444734403 21004.9286836765 20953.8036683165 20849.1010683278 -166.637951158522 65495.081257191 40.3090808364142
331170 154.115743961135 -13288.3456335311 -13134.22988957 19229.2910130457 19237.4933681164 19252.0970833338 19198.282587687 -115.948929844008 65622.5830730645 40.3352209649594
331180 153.322292123699 -13286.6612281961 -13133.3389360724 20612.8146697796 20522.8750127638 20647.5467526222 20668.0222439529 -84.078267325075 65523.4193564693 40.3148935784116
331190 152.125280521308 -13286.8053171922 -13134.6800366709 19534.2474742143 19366.641859021 19594.3556180467 19641.7449455752 -87.3449691079519 65604.252768339 40.33146501333
331200 152.071207083591 -13286.2984633993 -13134.2272563157 20300.0381409784 20087.8177845088 20422.2124530564 20390.0841853701 -53.0685363764407 65544.0692444535 40.3191282505603
331210 152.622723030515 -13287.4686023431 -13134.8458793126 19842.8808961216 19662.9709590797 20028.2363100051 19837.4354192799 27.8945127175678 65572.3453609574 40.3249253906931
331220 153.320461407304 -13288.1851795812 -13134.8647181739 20024.4652598731 19941.8030058582 20265.7283263016 19865.8644474597 117.21817385072 65555.1582795754 40.3214019117404
331230 153.715219386959 -13288.7222900225 -13135.0070706356 20109.3658890606 20106.7904829029 20410.4902850621 19810.8168992168 138.820777785434 65549.004267225 40.3201401439052
331240 153.752984769999 -13289.3010903823 -13135.5481056123 19771.2897627168 19784.990357943 20093.5630971052 19435.3158331022 93.2950946309455 65575.4083900952 40.3255532697051
331250 154.212565112032 -13289.4410988223 -13135.2285337103 20318.6800596699 20316.8878693744 20577.9407943164 20061.2115153189 57.6361035113432 65533.1721244994 40.3168936892275
331260 154.797211221292 -13290.860040588 -13136.0628293667 19587.0093760305 19576.1622171442 19754.6077409952 19430.258169952 49.1819522563264 65582.9889686521 40.327107100393
331270 154.922574932605 -13290.3393875124 -13135.4168125798 20497.7601399252 20466.4888340113 20605.7935497423 20420.9980360221 69.602948404006 65512.4009114926 40.3126336620708
331280 153.81963242933 -13290.4912756326 -13136.6716432032 19448.7086775849 19422.7484635532 19539.2655092261 19384.1120599754 92.0509413737703 65592.2303932925 40.3290012014063
331290 152.384119443112 -13288.310772608 -13135.9266531649 20611.3813006458 20636.2564427899 20677.9324629884 20519.954996159 108.216254286971 65511.5019289398 40.3124492668541
331300 150.610280636263 -13288.0265955253 -13137.416314889 19344.4269396635 19438.1716361036 19337.9242648414 19257.1849180456 68.1299743688122 65611.3883995488 40.3329272154224
331310 149.613191375343 -13286.0348274241 -13136.4216360488 20680.5822944492 20791.110543107 20612.4695889112 20638.1667513295 -16.9509054919985 65517.1056614126 40.3135986514845
331320 149.529133813641 -13287.3339661878 -13137.8048323742 19281.8751136073 19356.8366787219 19256.3270944708 19232.4615676291 -77.817963072697 65620.005053456 40.3346927608594
331330 151.261713359261 -13287.6713910186 -13136.4096776593 20712.9063792585 20742.4075082748 20778.2333930975 20618.0782364033 -91.4369714104173 65507.8859789979 40.311707562592
331340 153.415068037545 -13290.9423481457 -13137.5272801082 19283.2063502705 19307.507696964 19379.5167996133 19162.5945542341 -70.6861650252263 65603.5409292931 40.3313191405946
331350 154.613974784628 -13290.5964195959 -13135.9824448113 20726.9787392507 20784.0266669378 20764.3212604126 20632.5882904017 -42.9949720132889 65489.9936900843 40.3080370915505
331360 153.488447715002 -13290.6477624421 -13137.1593147271 19307.9799073723 19391.2591767341 19251.9384239163 19280.7421214666 -49.5893996799224 65597.5867833396 40.3300989532765
331370 152.492937302672 -13288.2434786317 -13135.750541329 20663.919629873 20758.1143514191 20542.7740839359 20690.8704542639 -86.4509055545722 65502.7208105546 40.3106480350282
331380 152.761052863623 -13289.4196791275 -13136.6586262638 19358.6775983068 19432.1226106198 19231.2420315018 19412.6681527988 -124.50527437458 65600.2659566047 40.3306480072748
331390 154.081099758188 -13289.1974832531 -13135.1163834949 20611.9177698839 20633.3036791932 20536.6130934383 20665.8365370202 -98.168392937303 65508.8535503473 40.311906033665
331400 154.144157990772 -13289.9393974539 -13135.7952394632 19442.8244851036 19432.329601047 19426.7479157496 19469.3959385143 -8.5725353977904 65601.2977698106 40.3308594570122
331410 153.045157692122 -13287.4147127262 -13134.3695550341 20508.1485256877 20513.6811374541 20529.5129136576 20481.2515259516 73.6555723965072 65529.87313292 40.3162171497977
331420 151.775799354334 -13286.5157538931 -13134.7399545388 19534.5579402887 19599.693057842 19567.3555811455 19436.6251818787 76.9044298586213 65607.4906037132 40.3321285094212
331430 152.428133362716 -13285.7049480995 -13133.2768147368 20387.3779355925 20527.6552644368 20378.6536800002 20255.8248623406 0.705383911635021 65543.3069342139 40.3189719394258
331440 154.297062863707 -13287.4785183163 -13133.1814554526 19669.6397214814 19848.7187358482 19571.6271458562 19588.5732827397 -62.4055530165481 65591.0337025896 40.3287559404762
331450 155.847663190927 -13287.757210938 -13131.9095477471 20276.5106836562 20403.1115454075 20100.9054014663 20325.5151040948 -66.9842321731563 65542.1210930894 40.3187287811965
331460 155.602695619185 -13287.3981322285 -13131.7954366093 19804.5624167823 19832.0949640332 19623.5011507517 19958.0911355621 -35.7128339754212 65579.3167144277 40.3263543942624
331470 154.301066524145 -13285.3874267462 -13131.086360222 20142.1378745396 20096.1618680258 20041.5075174587 20288.7442381342 -3.81774930756729 65561.8420849098 40.3227722144984
331480 153.908682695876 -13284.8671157783 -13130.9584330825 19899.686687605 19825.761573965 19902.0834714995 19971.2150173506 8.70462228383085 65586.3600002439 40.3277980398425
331490 155.201727308394 -13285.6387916239 -13130.4370643155 20027.4761532556 19973.3300455008 20115.161544474 19993.9368697919 -23.8489164953818 65575.8838906813 40.325650739058
331500 156.176386021037 -13286.2388334578 -13130.0624474367 20027.752168182 20004.312545563 20177.7058399889 19901.2381189941 -33.3577465926979 65572.9960761907 40.3250587800373
331510 155.46557790927 -13285.3572753683 -13129.8916974591 19942.9716176051 19932.9428787624 20156.9017428379 19739.0702312149 2.84130731374772 65581.8078508553 40.3268650083984
331520 154.271547771941 -13283.8365191015 -13129.5649713296 20088.1305920447 20098.2237297974 20361.5258925208 19804.6421538158 42.942396789153 65575.1135546221 40.3254928333226
331530 154.481439453438 -13284.0114198199 -13129.5299803665 19859.6936933526 19884.4504560891 20163.3098142158 19531.320809753 56.7102351768493 65590.7581377046 40.3286994632215
331540 156.108244555985 -13285.0752275105 -13128.9669829545 20161.6704097225 20203.4697432781 20386.4183407897 19895.1231450997 44.5123805778741 65563.2666256717 40.3230642594582
331550 157.466471813777 -13286.4998804427 -13129.0334086289 19823.9673375782 19874.3045989686 19897.1300045854 19700.4674091806 36.8202842057679 65583.7037521821 40.3272536071203
331560 157.801383845785 -13286.3500125169 -13128.5486286711 20196.9812451233 20254.2618003195 20137.9686834808 20198.7132515696 53.1620999512517 65555.5207138554 40.3214762198077
331570 156.824025381489 -13285.7003507157 -13128.8763253342 19801.9496329562 19895.1772280966 19648.8715059846 19861.8001647873 88.8709561183497 65587.8040444549 40.3280940093902
331580 155.486770271486 -13284.0204950938 -13128.5337248223 20209.9150529159 20329.0999122178 20071.5884271499 20229.0568193798 134.830212419286 65563.5200131454 40.3231162059559
331590 155.049382799594 -13283.9994150984 -13128.9500322988 19772.853262414 19864.4610663601 19748.6534011946 19705.4453196871 188.880903284601 65599.0399550357 40.3303967595852
331600 155.700568848603 -13284.1977275916 -13128.497158743 20217.4093953483 20280.0537097134 20287.2491285654 20084.9253477661 216.464773092953 65564.7444052845 40.3233672144393
331610 156.310293785041 -13285.1572939888 -13128.8470002038 19781.1183579406 19871.8665175345 19877.5848772586 19593.9036790287 214.886745961734 65593.8352005075 40.3293301008501
331620 156.695352810583 -13285.1165377968 -13128.4211849862 20212.2227645388 20375.6213139289 20281.2721270799 19979.7748526076 192.690937601683 65558.7922837267 40.3221469608375
331630 156.388505795216 -13285.2045389571 -13128.8160331618 19799.7272304237 20009.9396998237 19819.6213454735 19569.6206459737 221.986530201063 65586.9416339354 40.3279172513
331640 155.672493671424 -13284.1933063089 -13128.5208126375 20199.5076336767 20399.5388496647 20183.0959670764 20015.8880842889 269.028746988514 65557.6728094389 40.3219174474389
331650 155.428798746399 -13284.4372145302 -13129.0084157838 19812.5628913742 20002.7402126265 19747.576978907 19687.3714825892 241.45140947393 65589.8650701868 40.3285164271962
331660 156.584815051477 -13285.376713363 -13128.7918983115 20155.4925822245 20360.6720768841 20019.2404457791 20086.5652240101 166.468268365112 65564.4204259356 40.3233007968349
331670 158.110741761076 -13287.25953674 -13129.1487949789 19855.2348046161 20034.8220845972 19663.7109340055 19867.1713952457 80.2745882083084 65581.72576665 40.3268481836103
331680 158.076730573131 -13287.1592443651 -13129.082513792 20146.1655708387 20240.5079157253 19941.7959713729 20256.1928254178 6.11966692692111 65559.6035437695 40.3223132828548
331690 155.97609581357 -13285.6535427503 -13129.6774469368 19876.1743741424 19874.988680355 19706.3331645982 20047.2012774742 -52.1330401711831 65584.904526081 40.3274997232296
331700 154.09073739022 -13283.9227301167 -13129.8319927265 20089.6917945683 20079.7852581479 19947.4196323913 20241.8704931656 -67.1116996964254 65572.2325672296 40.3249022691508
331710 154.648956138054 -13284.9149335506 -13130.2659774125 19901.1886872894 19965.4443574787 19815.999686547 19922.1220178423 -60.1862087054183 65581.5196897841 40.3268059440022
331720 156.813619938031 -13287.1152919002 -13130.3016719621 20077.683209737 20229.2915683778 20098.0214087539 19905.7366520793 -91.4035108398415 65557.4664265439 40.3218751347574
331730 157.342331311506 -13288.0823046651 -13130.7399733536 19967.2337593618 20184.7510638359 20047.5465889898 19669.4036252596 -130.282131818837 65561.2293512532 40.3226465967313
331740 155.113269506079 -13286.3214590972 -13131.2081895912 20033.3049715216 20258.1812220781 20110.0443980891 19731.6892943975 -135.307951239841 65562.8400105498 40.3229767995783
331750 152.515057811912 -13284.3314188499 -13131.816361038 19970.7618079554 20087.8181965292 20026.2115167046 19798.2557106322 -100.133116937455 65575.0307325476 40.3254758561382
331760 152.215853618523 -13284.4371691052 -13132.2213154866 19988.1887584503 19945.855814188 20032.2165261343 19986.4939350285 -61.3340353397298 65574.0624123479 40.325277365114
331770 153.938961984965 -13286.4266720905 -13132.4877101055 20020.2276519404 19890.5551033089 20072.9216201943 20097.2062323181 -32.62523838914 65565.6354122684 40.3235498747973
331780 155.546310024354 -13288.3565000049 -13132.8101899806 19971.9545876197 19896.8803734087 20042.2804042131 19976.7029852375 -21.4699419952032 65563.2232892755 40.3230553751304
331790 155.554114699594 -13288.6414244269 -13133.0873097273 20062.2935625828 20130.4530605869 20147.3466590633 19909.0809680982 -23.4321765703907 65556.6650915286 40.3217108439764
331800 154.276413789564 -13287.9186933258 -13133.6422795363 19917.6311638465 20119.0784597605 19984.9971392817 19648.8178924974 11.3127650754774 65572.3097880705 40.3249180986237
331810 153.762061703919 -13287.6018891744 -13133.8398274705 20080.1674848723 20334.2559911508 20106.0755296982 19800.170933768 112.027213643634 65561.1221949848 40.3226246283274
331820 154.476318808507 -13288.722831747 -13134.2465129385 19889.7239498444 20101.0462486703 19922.8613096665 19645.2642911964 184.000384318146 65569.0487734741 40.3242496135731
331830 154.570719398619 -13288.8243310886 -13134.25361169 20160.1361626752 20267.8983215556 20240.024974057 19972.485192413 182.21694712826 65546.6682153191 40.3196611584489
331840 153.14776627573 -13288.0385372793 -13134.8907710035 19813.5156968982 19782.540364146 19976.6146964802 19681.3920300683 121.173331393366 65576.7400702183 40.3258262397892
331850 151.783919037931 -13286.5763971318 -13134.7924780939 20212.6934345587 20104.0272483503 20419.2421691494 20114.8108861765 103.879291923278 65551.8637997481 40.3207264486443
331860 151.911601271621 -13287.2751902862 -13135.3635890146 19727.4272280784 19621.6360826675 19933.0073485047 19627.6382530631 122.846009144699 65586.0954652022 40.3277438205908
331870 153.563739170158 -13288.4039063693 -13134.8401671992 20319.5548620786 20246.4917006356 20495.773881857 20216.3990037432 132.097434381533 65537.5503070815 40.3177915082772
331880 154.4945863872 -13289.962270286 -13135.4676838988 19645.4075824185 19631.5675361339 19763.9578126114 19540.6973985102 95.2091744721808 65583.8817268546 40.3272900858126
331890 153.72522963846 -13288.5372034951 -13134.8119738567 20406.8940352491 20447.563864739 20486.9728450312 20286.145395977 61.4641031864357 65528.7792866663 40.3159928246853
331900 151.967150024429 -13287.6166069226 -13135.6494568982 19549.3351499539 19629.9334286488 19598.4165718095 19419.6554494035 50.9287916261403 65595.6513889733 40.3297023156471
331910 151.055532452714 -13285.8059298207 -13134.750397368 20479.710573133 20607.9328513287 20484.0241122362 20347.1747558342 47.121023111441 65528.0356496563 40.3158403187782
331920 151.145640599258 -13286.6852546774 -13135.5396140781 19496.1666623362 19637.9506206965 19457.6518775578 19392.8974887543 -5.62601147034074 65601.7702737694 40.3309562866261
331930 152.747278031281 -13287.1329998577 -13134.3857218264 20505.960295501 20611.9245390388 20471.3928175703 20434.5635298939 -72.739472133157 65525.8332457801 40.3153886405671
331940 154.850243990238 -13289.8639403462 -13135.013696356 19485.0657811613 19498.0780592377 19520.1407506621 19436.9785335839 -90.8585451358013 65596.5005113804 40.3298763348359
331950 156.427785233905 -13290.1615602553 -13133.7337750214 20511.5494023158 20480.7030243621 20626.3302241722 20427.614958413 -52.4534261789679 65515.3436911187 40.3132372598585
331960 155.977907754779 -13290.3793033738 -13134.401395619 19532.5243136244 19595.4989924484 19663.9369177555 19338.1370306692 21.8451598270902 65588.7579008323 40.3282895082523
331970 154.539893934353 -13287.9628431456 -13133.4229492112 20443.5254929226 20640.2793706349 20537.1146635528 20153.1824445802 48.2190448731946 65529.142036661 40.3160672174399
331980 153.125774980805 -13287.1979172033 -13134.0721422225 19585.122386352 19835.1427316199 19610.6545789229 19309.5698485133 -13.5409311472934 65601.3998501668 40.3308803762446
331990 152.431693227963 -13285.5279408416 -13133.0962476136 20341.9437650244 20496.2513129108 20348.9350630748 20180.6449190877 -139.409578155717 65547.0471242084 40.3197388509236
332000 152.032139648857 -13285.341995051 -13133.3098554022 19733.5182081625 19720.1117496251 19761.9634777385 19718.4793971238 -224.727335220036 65593.5691453615 40.3292755741796
332010 152.464400344631 -13284.9306443546 -13132.46624401 20175.1804838286 20005.6385546113 20260.5864787954 20259.3164180791 -246.418929740692 65562.0983631962 40.3228247543964
332020 153.822056616573 -13285.9627876001 -13132.1407309836 19909.8775802714 19648.004135367 20040.4599456255 20041.1686598219 -224.818416744374 65578.8250129713 40.3262536075218
332030 155.794444047149 -13287.2177231011 -13131.423279054 19985.8273508425 19739.4969448565 20136.1160249767 20081.8690826942 -170.397728689881 65569.255336576 40.3242919582133
332040 157.036732735909 -13287.6821218532 -13130.6453891173 20135.9729284274 19977.461372244 20299.4082871165 20131.0491259218 -100.594975244125 65555.8359015973 40.3215408409337
332050 156.772437770976 -13287.2368128804 -13130.4643751095 19754.2402594028 19706.5712466529 19908.9363774261 19647.2131541294 -28.5307828058601 65587.802941837 40.3280937834006
332060 156.217462816107 -13285.6491789885 -13129.4317161724 20366.2432513346 20402.8396820709 20484.9361404871 20210.9539314458 -28.2037205429528 65547.6694751417 40.3198664587452
332070 156.338266317836 -13286.1500255355 -13129.8117592177 19493.4574484212 19559.2049994518 19558.4074206219 19362.7599251898 -101.285437640922 65615.6734984853 40.3338052480593
332080 156.841377880502 -13285.2253929418 -13128.3840150613 20641.5500982138 20670.4216262294 20667.8406069633 20586.3880614487 -149.095737324811 65533.0562809741 40.3168699330458
332090 156.403158303511 -13285.827728686 -13129.4245703825 19223.1981820141 19154.4706401806 19275.0990797724 19240.0248260892 -119.539127248081 65640.8286518416 40.3389588613831
332100 155.899002711349 -13283.5823933017 -13127.6833905904 20912.5294692795 20799.2221048927 21016.1711087119 20922.195194234 -63.4520041281314 65519.0421441964 40.3139958292893
332110 155.178378536012 -13284.5423464612 -13129.3639679252 18954.0259033255 18934.423321825 19078.7669763635 18848.887411788 -0.771816513792841 65665.8577459815 40.3440853419556
332120 155.643790819766 -13282.8481168692 -13127.2043260494 21153.9502944011 21231.4684082694 21284.4911777487 20945.8912971853 -11.7165495097421 65501.3378288057 40.3103643354496
332130 156.330790718112 -13285.624457851 -13129.2936671329 18736.8096001612 18823.7788381559 18864.104936553 18522.5450257748 -65.9699807009368 65674.1003239735 40.3457733087243
332140 157.408932337093 -13284.1867184688 -13126.7777861317 21366.9348270795 21398.9135785133 21494.1358805364 21207.7550221888 -141.848798405552 65474.5388985129 40.3048661169425
332150 157.390766227875 -13286.7550314519 -13129.364265224 18576.6707289788 18535.8514195191 18709.9654307541 18484.1953366632 -149.899144467559 65680.205534406 40.3470234809256
332160 157.733883356923 -13284.4868066785 -13126.7529233216 21481.6966729784 21395.4956072272 21604.1535085011 21445.4409032071 -105.289831595544 65466.1781302962 40.3031504679089
332170 156.975363309202 -13286.6214501135 -13129.6460868043 18507.2558378125 18458.4375719219 18591.5236873787 18471.8062541368 -45.0886380983451 65689.931989929 40.3490150203663
332180 156.191831573809 -13283.2749036474 -13127.0830720736 21491.1519810636 21516.62977217 21519.9789881818 21436.8471828389 -7.25524587046602 65474.4379224783 40.3048453972972
332190 154.947190745792 -13284.9439553266 -13129.9967645808 18537.7566889385 18641.5093030032 18500.0572453553 18471.7035184571 -16.7398391005747 65696.861318262 40.3504337143942
332200 155.195524218263 -13282.6837026859 -13127.4881784676 21400.2535827816 21529.6682501154 21353.2375412884 21317.8549569411 -0.903032989606861 65485.2435809638 40.3070625294168
332210 155.602414093474 -13285.7062572088 -13130.1038431154 18679.6144912895 18758.5023603189 18674.8840505251 18605.4570630244 31.833095878077 65684.0853523415 40.3478179162345
332220 156.486492084729 -13284.3544074316 -13127.8679153469 21224.5561757238 21252.7931492799 21264.5205979513 21156.3547799403 48.9420440374018 65493.5019421279 40.3087568362551
332230 156.302403760698 -13286.4769820776 -13130.1745783169 18911.360480115 18939.0857775132 18970.990016207 18824.0056466247 46.5669138739705 65664.7476263531 40.3438579939093
332240 155.946714689751 -13284.4503896816 -13128.5036749919 20934.1267756799 20975.8440275338 21013.407834073 20813.1284654328 89.3782147558515 65515.4067824601 40.3132502004169
332250 155.386285264985 -13285.6494518996 -13130.2631666346 19225.8483480707 19247.6245976631 19357.0585668733 19072.8618796757 162.082985048337 65639.5421924177 40.3386953324491
332260 156.161526737022 -13285.3325067666 -13129.1709800295 20589.0785731817 20548.5589133271 20797.5543730708 20421.122433147 201.323605560889 65534.5352055473 40.3171732159207
332270 156.677725573769 -13286.9429727473 -13130.2652471735 19589.1982773094 19510.0711288018 19823.6017359184 19433.9219672079 170.867717177379 65602.472604973 40.3311002135754
332280 156.369160064992 -13286.2850202174 -13129.9158601524 20257.6097500578 20185.4559170081 20451.2746860719 20136.0986470934 103.994847708258 65552.4656148149 40.3208498397275
332290 155.593258297937 -13286.1879562745 -13130.5946979766 19895.4678295034 19840.1624796605 20036.3328145455 19809.9081943041 63.379217972483 65582.9799542023 40.3271052527253
332300 155.620941751432 -13286.4916967864 -13130.870755035 19959.7008816831 19924.2916785725 20060.9206446356 19893.8903218411 26.5519330527966 65579.8740437796 40.326468632503
332310 155.725084939889 -13286.7225713106 -13130.9974863707 20146.7382184296 20128.2490757491 20188.5307854165 20123.4347941231 -24.7714332601149 65563.8188648335 40.323177472816
332320 154.827612140872 -13286.4856291757 -13131.6580170348 19761.0436793324 19735.0551117693 19770.7378095111 19777.338116717 -93.7827317245265 65589.9445809772 40.3285327231637
332330 153.797957676592 -13285.2658690218 -13131.4679113453 20307.3442176732 20255.3410183811 20314.8234822928 20351.8681523456 -146.603992932262 65548.5092565594 40.3200386475776
332340 153.281606766634 -13285.646382871 -13132.3647761043 19640.7038408489 19537.9676390464 19667.8880263133 19716.255857187 -156.681797295524 65596.3892153412 40.3298535259056
332350 153.688083749418 -13285.6034241528 -13131.9153404034 20394.2450593071 20250.5001647055 20418.373452265 20513.8615609509 -135.304253871017 65539.2025655341 40.3181303209207
332360 154.489872294313 -13287.3816257486 -13132.8917534543 19581.4960814974 19454.3685975974 19562.838586663 19727.2810602319 -149.206879252797 65598.4024952821 40.3302661220633
332370 155.28042565614 -13287.6136715282 -13132.333245872 20435.4283128461 20396.1434704733 20338.964737669 20571.1767303959 -187.807011968044 65535.4837717773 40.3173677358755
332380 155.152323242439 -13288.5397979717 -13133.3874747292 19559.0341005487 19652.1198677867 19387.4747573512 19637.5076765083 -185.702538347826 65601.498599708 40.3309006128754
332390 154.507964565032 -13287.3306631634 -13132.8226985984 20440.0528239107 20667.7790338593 20211.904302492 20440.4751353807 -98.373235381543 65537.7402301479 40.3178304542512
332400 153.417603844097 -13287.2729239351 -13133.855320091 19553.3462183237 19841.5535222435 19328.5614883783 19489.9236443493 -11.7862671255827 65602.8822715225 40.3311841650263
332410 152.876884766378 -13286.0754648455 -13133.1985800792 20436.0594405654 20643.5499663386 20265.1221808055 20399.506174552 31.711137934622 65535.1366509506 40.3172965529482
332420 153.15969071518 -13287.2637967946 -13134.1041060795 19570.0714461774 19580.1130470318 19511.1131203933 19618.9881711071 -10.6560395593254 65595.6781281245 40.329707795593
332430 154.171063527391 -13287.5732906297 -13133.4022271023 20425.2788019689 20287.7011091689 20487.3772290597 20500.758067678 -106.357883299099 65529.9920006434 40.3162415269447
332440 154.106186167009 -13288.4002878186 -13134.2941016516 19600.9878649702 19435.3412007558 19730.385975064 19637.2364190909 -163.749690751992 65593.3762892166 40.3292360491858
332450 153.131140125972 -13286.8607511203 -13133.7296109943 20384.3544088585 20288.1419281304 20491.2751382752 20373.6461601699 -147.210307359914 65541.5849336965 40.3186188400689
332460 152.460936593722 -13286.9774712773 -13134.5165346836 19618.0493755997 19599.4206112838 19687.3448944602 19567.382621055 -54.5516020842044 65600.8636916467 40.3307705015361
332470 153.196255012481 -13286.9993087516 -13133.8030537391 20354.4220509126 20335.4046840674 20439.4838499506 20288.3776187197 31.4554567047244 65543.6570211581 40.3190437246378
332480 154.074972339677 -13288.4379769225 -13134.3630045828 19669.8733746455 19594.2632394388 19803.1530901955 19612.2037943021 85.3509398023078 65591.5455217873 40.3288608378311
332490 154.499277555012 -13288.1892788675 -13133.6900013125 20305.3925703693 20191.3878424849 20438.5177995379 20286.2720690851 101.274098468928 65542.7018980322 40.3188478763544
332500 154.144558324977 -13288.2800332251 -13134.1354749002 19722.6485735829 19629.6610545706 19786.7785954949 19751.5060706831 104.80398296043 65585.0152325238 40.3275224139772
332510 153.991672090948 -13287.5194313275 -13133.5277592366 20240.1653543568 20235.0579763604 20204.2388245758 20281.1992621341 137.934519475777 65545.1401939669 40.3193478458957
332520 154.559036353912 -13288.3293561655 -13133.7703198116 19799.2440529042 19845.5798237861 19727.7525387483 19824.3997961783 170.459451352973 65575.9548894039 40.3256652925213
332530 155.361487139248 -13288.6321654435 -13133.2706783042 20169.6344952066 20207.9795982062 20172.1220907574 20128.8017966561 173.799738937361 65549.5696705378 40.3202560728224
332540 155.190033282687 -13288.6081209216 -13133.4180876389 19879.3229743079 19849.1395049562 19995.0734222084 19793.755995759 113.309693535818 65576.6174514996 40.3258011053476
332550 154.227681691048 -13287.3352140711 -13133.1075323801 20066.8580519118 19993.1851645901 20181.1014492896 20026.2875418558 29.5467962202231 65568.7287940263 40.3241840188433
332560 153.023727856733 -13285.9945888439 -13132.9708609872 19976.1559260338 19907.3737611226 19956.4199563195 20064.6740606592 -6.32594236146861 65578.5404405447 40.3261952769228
332570 152.343088327863 -13285.0209922936 -13132.6779039657 19964.2601671789 19928.2328743562 19785.8746003599 20178.6730268207 31.4587753126843 65581.8310657183 40.326869766743
332580 152.842049370326 -13284.9632094119 -13132.1211600416 20086.3735908616 20052.8541651083 19859.5427709125 20346.7238365639 102.177453672251 65571.8099023253 40.3248156270011
332590 154.254175130536 -13286.0506327624 -13131.7964576318 19851.596336625 19833.8986380295 19678.4956198898 20042.3947519556 126.035015365145 65588.0972513767 40.3281541041942
332600 155.521928212541 -13286.3840960365 -13130.862167824 20209.1377794043 20226.7653843915 20135.4579865588 20265.1899672627 131.926369627664 65560.8024225511 40.3225590707513
332610 155.967680551563 -13286.6469990822 -13130.6793185307 19720.4251608531 19755.4422983743 19707.4643822505 19698.3688019345 110.980337461094 65595.6218763509 40.3296962673017
332620 156.400798034827 -13285.8766917861 -13129.4758937513 20356.3037739162 20404.8866397312 20352.1623680978 20311.8623139197 74.9650620069521 65547.6443496595 40.3198613069921
332630 157.114670746183 -13286.7572787079 -13129.6426079617 19569.6169897369 19599.2591102368 19551.1206023445 19558.4712566294 28.1360631194441 65606.1527835877 40.331854366436
332640 158.219838507149 -13286.5168907098 -13128.2970522026 20512.3552642589 20491.6667007648 20489.8475640046 20555.5515280072 -5.55878257583154 65537.9869360536 40.3178810441066
332650 158.241122597851 -13287.183785408 -13128.9426628102 19402.2180938231 19343.4104329311 19400.7712167581 19462.4726317801 -7.23030268547217 65621.7982130092 40.3350601583769
332660 156.903358637395 -13284.3979200042 -13127.4945613668 20698.2836628628 20580.9958859883 20743.8754381603 20769.9796644397 60.5165993479231 65530.5333797648 40.316352551483
332670 154.978231015673 -13283.67050422 -13128.6922732043 19193.6122906101 19050.6880086188 19273.0825819193 19257.0662812921 155.322277236039 65646.1595491572 40.3400508495595
332680 154.925134375818 -13281.8344809674 -13126.9093465916 20896.9947206793 20801.6962293348 20976.1125381263 20913.1753945769 195.716355719342 65521.0364286987 40.3144048542016
332690 155.922220073038 -13284.3346382695 -13128.4124181964 19003.3831810101 18966.3801841635 19103.4546033797 18940.3147554871 141.77254195136 65657.8078064676 40.3424366885569
332700 157.434437319157 -13283.7052510547 -13126.2708137356 21095.7071551189 21084.7642946086 21280.3991507601 20921.9580199881 47.1317912706973 65499.9813772694 40.310086074298
332710 157.610861678283 -13285.8744554085 -13128.2635937302 18841.5820519099 18812.207124284 19088.5230766389 18624.0159548068 -8.71065342449278 65668.9315097061 40.3447148230661
332720 157.472575640902 -13283.5181504429 -13126.045574802 21207.2921056931 21170.5694374262 21404.9446958188 21046.3621838345 -46.7264970098648 65495.8079474909 40.3092299168701
332730 156.532971934766 -13284.8352338173 -13128.3022618825 18774.7606864043 18755.0781545618 18877.8758021432 18691.328102508 -62.9525822926032 65677.1536969926 40.3463985617334
332740 156.30986585455 -13282.390329709 -13126.0804638544 21215.9754426257 21217.8108426287 21235.2540908103 21194.8613944381 -88.3560969449088 65497.103213912 40.3094956379364
332750 156.293727218541 -13284.6262618152 -13128.3325345967 18820.1285430234 18828.5709606636 18769.4101782753 18862.4044901313 -141.708312007225 65673.4835088549 40.3456469983486
332760 157.603520410869 -13283.8507087104 -13126.2471882996 21102.6503806288 21076.8516205588 21009.2623551776 21221.83716615 -219.668589598878 65500.2930622103 40.3101500133842
332770 157.975747668932 -13286.2345473357 -13128.2587996668 19023.3186716104 18956.8653464719 18927.7189673804 19185.3717009789 -270.105236789533 65651.3949230258 40.3411232130478
332780 157.408309770617 -13284.2161375479 -13126.8078277773 20862.6154666746 20810.5346651014 20794.9805752437 20982.3311596787 -258.327395185485 65520.8661373719 40.314369928017
332790 156.390113504881 -13284.9489533492 -13128.5588398444 19265.2685981718 19289.3601638175 19237.8376970666 19268.6079336312 -195.958733031007 65644.1588012125 40.3396410205898
332800 156.729980702532 -13284.2934110029 -13127.5634303003 20559.9976743087 20660.148842008 20532.6452680323 20487.1989128858 -121.787214662823 65545.5154094672 40.3194247822653
332810 157.455395264749 -13286.0885591456 -13128.6331638809 19598.3507044556 19693.2493545437 19551.9201212778 19549.8826375454 -24.0811642592421 65609.8051611314 40.3326027943371
332820 158.126132544399 -13286.4014082787 -13128.2752757343 20236.3751822576 20234.5494176718 20183.5390336602 20291.0370954407 47.9086344636931 65557.036514798 40.3217869938403
332830 157.647813843509 -13286.5229330914 -13128.8751192479 19947.5994462037 19845.16490523 19920.4678106147 20077.1656227665 53.9598850916575 65576.969328375 40.325873233148
332840 155.694134077263 -13285.057563567 -13129.3634294897 19896.0682938892 19737.0664038533 19903.1414297753 20047.997048039 50.9378493799826 65585.5787449986 40.3276379129052
332850 153.271082343562 -13282.7414053519 -13129.4703230083 20258.5266515577 20072.5328158128 20313.8641234879 20389.1830153725 52.3173857963018 65565.6896325249 40.3235609901353
332860 152.451434341073 -13282.8731493348 -13130.4217149937 19567.993310749 19366.597162799 19662.7278811577 19674.6548882903 26.1428429790633 65618.0530993217 40.3342928205725
332870 154.175331832609 -13283.8368944071 -13129.6615625745 20549.2079103655 20362.5259560014 20641.7416684672 20643.3561066278 -30.0526337772354 65538.618824266 40.3180106194013
332880 156.1945689657 -13287.0548284764 -13130.8602595107 19339.7819543732 19186.9878761941 19406.178489747 19426.1794971787 -120.1604512666 65619.57767893 40.3346051958066
332890 157.187255860137 -13286.8742433237 -13129.6869874636 20774.8565344776 20642.5384008034 20838.7427903992 20843.2884122302 -136.559456135738 65510.0348546167 40.3121483436118
332900 156.241112915482 -13287.6495496161 -13131.4084367006 19145.0354824846 19029.859628737 19222.9094994318 19182.3373192851 -53.8315139255344 65631.420795123 40.3370315991139
332910 155.363180362455 -13285.3452791478 -13129.9820987854 20921.14050722 20799.8252816219 21007.2243414281 20956.37189861 58.7506212681678 65501.0962614735 40.3103147808427
332920 154.950331658998 -13286.8517772971 -13131.9014456381 19025.2241727921 18892.5160141489 19104.1311655964 19079.0253386311 108.333333809311 65640.4956532795 40.3388906475478
332930 155.521621247001 -13285.7282776833 -13130.2066564363 21010.9809061904 20885.7772757706 21081.5869519796 21065.5784908211 76.6351789542124 65492.4304744876 40.3085370192106
332940 155.721978581039 -13287.9432523259 -13132.2212737448 18977.9307670514 18894.3021390392 19016.3185018631 19023.1716602518 6.76131225165367 65642.821943451 40.3393671768375
332950 156.181594698351 -13286.6448686655 -13130.4632739672 21021.9665761228 20979.6539760432 21012.3038765668 21073.9418757582 -57.5127928561303 65491.6269508272 40.3083721706653
332960 155.474436071865 -13287.928739036 -13132.4543029641 18997.0219424851 18982.8396318444 18965.3292290224 19042.8969665884 -79.5674743350467 65640.9781240633 40.3389894802796
332970 154.289512218223 -13285.0596721417 -13130.7701599235 20986.1971596396 20997.316522466 20935.8792632246 21025.3956932283 -74.8194736672845 65497.0973274292 40.3094944303453
332980 152.92979286477 -13285.6092727577 -13132.6794798929 19053.4398266322 19056.6117179043 19032.6586274571 19071.0491345352 -80.4702142667252 65643.7495915687 40.3395571979277
332990 153.201441660384 -13284.2522936955 -13131.0508520352 20891.8996898554 20869.3512002134 20965.2078106919 20841.1400586607 -68.1906112288322 65510.7150535672 40.3122878651683
333000 154.064168534681 -13286.7026969218 -13132.6385283871 19161.4252698163 19116.3611058522 19356.9365910487 19010.9781125481 -23.0126147870129 65638.3059641526 40.3384420900348
333010 155.094333092664 -13286.1959260578 -13131.1015929651 20764.0267260018 20686.2621393799 21054.0097688735 20551.808269752 21.2283833476508 65516.9945364733 40.3135758592244
333020 154.991546871715 -13287.377297551 -13132.3857506793 19312.7746579806 19218.2180919199 19584.4622350256 19135.6436469962 22.2629165689765 65621.6210747017 40.3350238650977
333030 155.069744754781 -13286.1997655196 -13131.1300207649 20600.4521327089 20482.1965664332 20760.3614725103 20558.7983591831 -22.0299982998463 65522.7771031883 40.3147618572778
333040 155.755209729121 -13287.8482841894 -13132.0930744603 19480.8824227497 19355.1816662092 19472.0517643613 19615.4138376787 -100.084358141616 65601.2665118236 40.3308530513377
333050 156.933275433535 -13288.1063096274 -13131.1730341938 20440.1017681316 20346.3052110016 20320.9370582483 20653.063035145 -187.616686297601 65527.6770807878 40.3157667826626
333060 156.443201509633 -13288.3936069932 -13131.9504054835 19662.3401549665 19594.1041917118 19524.1711685762 19868.7451046116 -198.145436269223 65587.5133126435 40.3280344217005
333070 154.653601447922 -13286.193935926 -13131.5403344781 20259.2807287371 20205.3489170456 20159.2736995382 20413.2195696275 -142.959359323384 65550.3410141181 40.3204142261551
333080 153.29256730384 -13285.3595987552 -13132.0670314514 19810.2964424312 19775.1455461075 19741.0334811864 19914.7102999996 -145.326000404413 65589.2873509165 40.3283980215581
333090 153.791305315527 -13285.6007075069 -13131.8094021914 20092.0532563088 20100.4012492839 20016.6033514627 20159.15516818 -232.589077500266 65567.8446551982 40.3240027721947
333100 155.166902362013 -13287.0081291192 -13131.8412267572 19974.1826164624 20023.0215072296 19925.4894712129 19974.0368709448 -298.286186225151 65571.3811421454 40.3247277349993
333110 155.809627584846 -13287.5901166628 -13131.7804890779 19965.6456971641 19990.950034708 20001.889879405 19904.0971773794 -283.071541938636 65567.7067630118 40.323974504432
333120 155.057492173515 -13286.723868304 -13131.6663761305 20109.3598222068 20107.8308992768 20193.2701580685 20026.9784092751 -231.756678381502 65558.8467298741 40.3221581232607
333130 154.206936130893 -13286.1683823407 -13131.9614462098 19829.647540304 19848.7306240504 19860.3750554169 19779.8369414446 -147.657054028841 65582.7351031839 40.3270550662029
333140 154.686059182492 -13286.2742017496 -13131.5881425671 20210.7580376016 20284.8963738723 20125.5858106093 20221.791928323 -51.6181480861553 65554.1826619114 40.3212018844244
333150 155.364853629193 -13287.3338555671 -13131.9690019379 19744.1306682619 19859.9834000615 19575.5625047783 19796.8460999458 21.1980442357083 65586.7643281887 40.3278809108449
333160 155.352939705764 -13286.7891493368 -13131.436209631 20299.4843896973 20381.4749612242 20125.442025087 20391.5361827806 78.3128989705675 65545.9069529922 40.3195050663151
333170 154.495379570782 -13286.5418296998 -13132.046450129 19681.5304893764 19670.3484608092 19549.7829588975 19824.4600484226 70.732822557371 65596.288853222 40.3298329577428
333180 153.227928172594 -13284.7051855172 -13131.4772573447 20336.9195621413 20248.3224296827 20259.8864469832 20502.549809758 64.9696702903807 65553.4225782708 40.3210460458843
333190 152.127744875468 -13284.2169520047 -13132.0892071292 19643.9986998726 19556.0714718145 19608.1215356021 19767.8030922013 81.5439328658976 65608.3285446422 40.3323002164272
333200 152.647226235407 -13283.9434867573 -13131.2962605219 20341.9583394351 20320.4295126841 20306.938372192 20398.5071334292 62.5466613162221 65555.8728706245 40.3215484204666
333210 154.612025924593 -13286.2715880994 -13131.6595621748 19656.0760391249 19713.6992492777 19599.5046785813 19655.0241895156 26.4854147376269 65601.3596752174 40.3308721432322
333220 157.256134547408 -13287.9755791441 -13130.7194445967 20329.5964520539 20430.4861252507 20262.8456656522 20295.4575652587 25.0157993524526 65545.5587840687 40.3194336760271
333230 158.493863931385 -13289.4964957246 -13131.0026317932 19693.4325339428 19758.514980146 19642.4163970834 19679.3662245991 27.1719663541638 65587.4351613432 40.3280184039687
333240 157.360238127262 -13287.6170505925 -13130.2568124653 20306.2467077618 20292.4420567278 20268.285033008 20358.0130335498 -21.8723459504295 65544.4556388996 40.3192074799846
333250 155.39999847085 -13286.061640874 -13130.6616424032 19705.5273901294 19657.8960889121 19641.5857549139 19817.1003265623 -80.6632476892214 65592.4370905071 40.329043563555
333260 155.281149102101 -13285.2050727454 -13129.9239236433 20260.9286454479 20245.585043087 20144.165214622 20393.0356786348 -102.985394579743 65550.5071642818 40.3204482927857
333270 156.255795274893 -13286.3656556839 -13130.109860409 19769.0292395322 19792.6539944017 19622.5088826325 19891.9248415623 -61.5577651221178 65585.3576025189 40.3275925870677
333280 156.750335449531 -13286.2140424047 -13129.4637069552 20222.7721460289 20228.1570428274 20105.0257627995 20335.1336324597 -22.7396674513953 65555.5482618783 40.3214818678283
333290 155.697858972958 -13285.3603338982 -13129.6624749252 19808.0629117059 19774.2930287394 19774.3719868023 19875.523719576 -56.1942710313081 65594.8372359714 40.3295354616796
333300 153.902394491159 -13283.0001817982 -13129.097787307 20159.1161308026 20142.2286026569 20222.5079052665 20112.6118844845 -169.717095267391 65575.7602063101 40.3256253859577
333310 153.093059318015 -13282.1124828644 -13129.0194235464 19846.4363303416 19849.2909312627 20016.1567975306 19673.8612622314 -289.865994897961 65601.2839719731 40.3308566294326
333320 154.68062276321 -13282.8989481376 -13128.2183253744 20106.4622514676 20144.075360073 20331.2068927016 19844.1045016282 -372.766338344302 65576.135399598 40.3257022938226
333330 157.86426918763 -13285.5826055985 -13127.7183364109 19911.1017285448 19999.3801877802 20116.6482758933 19617.2767219608 -391.131656870043 65580.0201344741 40.3264985772461
333340 160.238729333233 -13287.1721097642 -13126.933380431 20086.2252377362 20259.3556049006 20188.7170300991 19810.603078209 -276.075275270381 65560.3699533523 40.3224704085094
333350 159.696629018793 -13286.3337632873 -13126.6371342685 19965.4949078212 20211.8935509658 19945.7521518974 19738.8390206003 -106.218925732885 65573.5789096805 40.3251782536342
333360 156.914879328758 -13283.2534523586 -13126.3385730298 20010.4225723149 20233.6015375818 19924.8500801405 19872.8160992224 -2.84215338798582 65579.6407598413 40.3264208153502
333370 154.901391504276 -13280.9995859643 -13126.0981944601 19996.3953615036 20076.5547809452 19921.0539679173 19991.5773356483 -33.9372090024602 65587.0660485081 40.32794275118
333380 155.405382578473 -13281.2130182426 -13125.8076356641 19976.3439531279 19859.6700689001 19970.0903246923 20099.2714657912 -109.539405587288 65590.1931784404 40.3285836738509
333390 156.935616532676 -13282.3679498165 -13125.4323332838 20043.1788141751 19792.6316636419 20125.1635692259 20211.7412096577 -106.003717072805 65586.1231154656 40.3277494878112
333400 157.688226839102 -13282.965135734 -13125.2769088949 19944.9015417841 19673.1944894418 20109.5903192815 20051.919816629 -65.8356068959132 65597.0728619358 40.3299936315403
333410 158.21600598659 -13283.1748813766 -13124.95887539 20053.3506468041 19862.0231311682 20263.2399631984 20034.7888460457 -45.7780053675428 65590.8636581896 40.3287210897522
333420 159.340995867934 -13284.188734893 -13124.8477390251 19921.7245422443 19841.2994324624 20122.6280606784 19801.2461335922 -47.3786414341302 65595.9852834939 40.3297707441861
333430 159.940923559119 -13284.4840188467 -13124.5430952876 20096.1602242407 20130.7869661029 20219.3926367746 19938.3010698446 -85.8200262548544 65578.7689616257 40.3262421183385
333440 158.766850991882 -13283.498011075 -13124.7311600831 19907.0588004859 20028.8066382526 19906.5768317516 19785.7929314534 -165.080495725756 65593.4966639351 40.3292607194485
333450 157.440666237656 -13282.1059985647 -13124.665332327 20099.5769148929 20239.3358764036 20012.2440101291 20047.1508581461 -236.026034986291 65581.7807156614 40.326859446503
333460 157.556759628459 -13282.5642175647 -13125.0074579362 19880.9161836391 19973.947484881 19778.4251511862 19890.3759148501 -238.253144985135 65598.1715269945 40.3302187884745
333470 158.105193719352 -13283.046471334 -13124.9412776147 20123.7662488453 20161.2092040445 20052.3189368896 20157.7706056018 -144.073500944944 65577.0721138572 40.3258943020903
333480 157.691170579809 -13283.1288624329 -13125.4376918531 19883.6996065423 19900.0514732999 19842.9024721481 19908.144874179 -12.9094042226186 65595.3411824651 40.3296387415351
333490 157.108803926707 -13282.6821364831 -13125.5733325563 20106.7691192843 20147.413975257 20078.0284283201 20094.8649542759 22.9441281849336 65579.1535626328 40.3263209522013
333500 157.382343639922 -13283.5359914098 -13126.1536477699 19884.4155181652 19918.966961857 19875.6165241253 19858.6630685134 -67.5908373759656 65593.3685467162 40.3292344623938
333510 158.098372580279 -13284.4743919814 -13126.3760194011 20120.2741287422 20091.8952896694 20167.4650545763 20101.4620419808 -206.538192151335 65573.1191187231 40.3250840022809
333520 158.223310791948 -13285.3724187453 -13127.1491079534 19877.0805894803 19789.2223162989 19987.8835374703 19854.1359146718 -280.710515037175 65590.5709530169 40.3286610994722
333530 157.956338052389 -13285.4755102723 -13127.5191722199 20119.8489917895 20031.1719346115 20272.9515496453 20055.4234911116 -264.308228890286 65570.0492284776 40.3244547021673
333540 157.076877820502 -13285.4772735082 -13128.4003956876 19893.4881364762 19866.8499520329 20054.1287039457 19759.48575345 -148.864143069248 65587.3750018031 40.3280060737829
333550 156.00356567935 -13284.9058983853 -13128.902332706 20099.5136653738 20114.1460932543 20245.6566252724 19938.7382775948 -20.0845242046012 65575.3102179147 40.3255331460562
333560 155.578734345197 -13285.2641020888 -13129.6853677436 19889.8040453986 19910.5253210292 20010.0039165418 19748.8828986249 48.4387749486454 65590.5609593482 40.3286590512545
333570 155.931197280029 -13285.8652580174 -13129.9340607373 20096.8426672099 20144.7178972049 20145.7665350839 20000.0435693408 38.3080509793742 65569.5511679403 40.3243526023485
333580 155.80428260744 -13286.2609082323 -13130.4566256249 19917.2400329923 19996.5780068994 19884.3283223657 19870.8137697117 -39.1804640287922 65576.9081199795 40.325860686656
333590 154.425071701467 -13285.0840705601 -13130.6589988587 20095.1140160767 20157.9225326636 20003.1020913439 20124.3174242228 -78.6297322128948 65565.105021726 40.3234411425982
333600 153.091331890006 -13284.2459045654 -13131.1545726754 19903.9558984551 19897.721337341 19802.6908653207 20011.4554927035 -21.4499787624321 65583.9860816002 40.327311474919
333610 153.944755396043 -13285.1163841264 -13131.1716287303 20067.1648294939 20048.9477795637 19984.0785277729 20168.4681811452 101.228047482403 65571.1387492256 40.3246780464494
333620 155.849473539222 -13287.2120124206 -13131.3625388813 19951.5366708497 19976.6777855304 19899.1621014607 19978.7701255581 227.859426372389 65576.0503156681 40.3256848531754
333630 156.255939939272 -13287.6733855824 -13131.4174456431 20043.5743199672 20124.8160789606 20003.8696072072 20002.0372737339 293.492921278913 65570.8201562694 40.324612737334
333640 155.358059060601 -13287.0037662502 -13131.6457071896 19963.3312588562 20063.6079125989 19926.543609621 19899.8422543488 253.952965197485 65579.3254901912 40.3263561930741
333650 155.213969289663 -13286.9067801363 -13131.6928108467 19996.4192816061 20028.210436609 19991.5294562604 19969.5179519489 164.265564274537 65573.7777673083 40.3252190168059
333660 155.787529663435 -13287.4802420937 -13131.6927124303 20039.6437949078 19930.3460022694 20099.249723918 20089.335658536 115.405511514621 65564.8011448609 40.3233788463518
333670 155.602949337955 -13287.4914258455 -13131.8884765076 19949.133230736 19701.0702771197 20045.8456576742 20100.4837574142 113.039388553365 65571.2300084514 40.3246967538526
333680 154.39228284357 -13286.3456118426 -13131.953328999 20090.6220415351 19796.6414772033 20140.1618053934 20335.0628420086 67.0098779299399 65567.1637913637 40.3238631953928
333690 153.344455397386 -13285.6938052013 -13132.3493498039 19853.6558042824 19652.0112274281 19789.8120933435 20119.1440920755 -15.5843619501064 65591.0047974694 40.328750016355
333700 153.713831834713 -13285.8426787728 -13132.1288469381 20172.8345195585 20138.2520312997 20033.8908875515 20346.3606398242 -60.0604017426635 65568.1934624851 40.3240742771686
333710 155.10477058 -13287.5782344349 -13132.4734638549 19767.2766740908 19842.9717174652 19618.3310169962 19840.5272878109 -13.4156586092772 65592.7043611116 40.3290983399576
333720 156.417924492418 -13288.3575143411 -13131.9395898487 20292.9588820468 20376.0547797901 20169.1739823795 20333.6478839709 84.3403085046983 65546.7017806885 40.3196680407925
333730 156.406605321759 -13288.9584654517 -13132.55186013 19665.9458314956 19654.2525172698 19572.5560860917 19771.0288911254 139.252362703765 65590.6202628216 40.328671205589
333740 155.053221203539 -13287.0361945385 -13131.982973335 20397.3229565059 20278.4974619833 20352.6926025851 20560.7788049492 150.271470172395 65537.932909604 40.3178699653787
333750 152.890933206701 -13285.8017826343 -13132.9108494276 19549.2881852943 19427.5675075729 19542.3755899711 19677.9214583388 136.899228424177 65605.2410076539 40.331667525299
333760 151.83161386883 -13283.9573528085 -13132.1257389397 20490.3851082946 20456.2444578422 20470.2695954915 20544.64127155 103.011090868089 65538.5430607465 40.3179950833422
333770 152.497125048802 -13285.5452811031 -13133.0481560543 19447.3537346873 19489.8974619418 19404.2257189553 19447.9380231648 52.9861811410917 65613.3639184826 40.3333320113154
333780 154.561627563799 -13286.4330845029 -13131.8714569391 20605.8928922447 20646.2730363308 20550.0253989665 20621.3802414369 -19.718703257542 65523.9517738803 40.3150027724135
333790 155.610473880134 -13288.542238212 -13132.9317643318 19362.0980899591 19349.6529729013 19296.7067510395 19439.9345459367 -79.7408899298149 65615.202221492 40.3337086835295
333800 155.638420616757 -13287.3139394377 -13131.6755188209 20676.4088010632 20633.9758603219 20589.5307734619 20805.7197694058 -89.5521061371612 65520.5256448193 40.3143000939458
333810 154.644933711424 -13287.5503924496 -13132.9054587382 19291.9942323916 19228.2116552122 19231.102975242 19416.6680667207 -68.0200840777476 65624.6404052777 40.3356424767742
333820 154.141593278767 -13285.6335957697 -13131.492002491 20718.6758185464 20628.62928907 20727.8865794856 20799.5115870835 -70.7990081460382 65517.9763148599 40.3137772258064
333830 154.330468142663 -13287.0221655282 -13132.6916973855 19274.1921024748 19210.5551979388 19332.8624619378 19279.1586475478 -110.444991465119 65622.5083803668 40.3352056615508
333840 155.127177726548 -13286.3124035794 -13131.1852258528 20720.2045618625 20727.0766648891 20783.7965408318 20649.7404798667 -149.323081351418 65512.2298961958 40.31259858432
333850 154.907406107571 -13287.256843181 -13132.3494370734 19311.8960959379 19413.7412086533 19326.8313813897 19195.1156977706 -142.138731428254 65617.0697677313 40.3340913405399
333860 154.54420948205 -13285.5255716426 -13130.9813621606 20641.5305562022 20818.3954785659 20559.1282987724 20547.0678912683 -108.098485077679 65520.4839218035 40.3142915366552
333870 154.554386727862 -13286.4753761912 -13131.9209894634 19408.670592035 19595.7146729943 19222.5758518253 19407.7212512853 -93.3860795132244 65610.9898967309 40.3328455587767
333880 155.537602289267 -13286.1985814581 -13130.6609791688 20527.0241030393 20644.4733179203 20329.4474269532 20607.1515642444 -110.351249504503 65527.7902478243 40.3157899912438
333890 155.909944643024 -13287.2356198561 -13131.3256752131 19562.8326475333 19555.2895185674 19483.1183277032 19650.0900963294 -162.545571465935 65600.3566333505 40.3306665897718
333900 155.506808999754 -13285.921590005 -13130.4147810053 20334.4269710549 20254.4127582111 20403.9292747152 20344.9388802384 -214.637252975043 65547.6103209228 40.3198543297051
333910 154.818776443917 -13285.5293983453 -13130.7106219013 19782.4305059863 19720.2250926505 19928.2471413232 19698.8192839851 -215.088568084248 65593.4684456921 40.3292549362479
333920 154.847621521048 -13285.0123696398 -13130.1647481188 20068.5160022428 20037.408932055 20236.8045844394 19931.334490234 -205.176342898684 65574.4782619037 40.3253626082351
333930 155.499487308427 -13285.3101659154 -13129.810678607 20076.6006507888 19988.2146191097 20275.0151025718 19966.572230685 -197.458427755837 65574.0237486853 40.3252694396062
333940 156.180398977642 -13285.9020644516 -13129.7216654739 19760.4075704565 19566.9346948563 19976.5821346672 19737.7058818461 -138.284912223633 65597.2039204166 40.3300204903819
333950 156.89137865645 -13285.626731812 -13128.7353531556 20398.2524921428 20154.7427512228 20579.4271009707 20460.587624235 -30.3157468210091 65549.536434567 40.3202492582184
333960 157.468235796758 -13286.677932616 -13129.2096968193 19434.4663109207 19226.0817374266 19497.1382903538 19580.1789049818 58.1583666746331 65618.6429269024 40.3344136725126
333970 157.753748234146 -13285.3888185862 -13127.6350703521 20734.8417447222 20595.2259567536 20646.241359098 20963.057918315 55.93073511732 65521.7469831214 40.3145505858968
333980 156.753150119438 -13285.5716495963 -13128.8184994768 19119.4511828166 19046.1082165374 18944.5257621672 19367.7195697451 -0.785547142506862 65643.3906738662 40.3394836767995
333990 155.997912674492 -13282.8051566825 -13126.807244008 21032.2134691962 21002.4444940546 20883.8074473968 21210.3884661373 -67.1533136211474 65507.8798957458 40.3117063147713
334000 155.681644263553 -13284.2724745632 -13128.5908302996 18819.7374909059 18830.7149681005 18756.2147948768 18872.2827097403 -61.2582259996011 65675.7191697094 40.3461048095043
