# Fix print output for fix setl_out
390000 156.462354857428 -13283.5150938554 -13127.052738998 24626.3844209139 24948.3148528049 24593.3991085237 24337.4393014133 17.4689092505944 65231.4868717441 40.2549315607575
390010 157.471539856169 -13283.6264086856 -13126.1548688294 25369.98565241 25723.6643211662 25321.8599006423 25064.4327354214 23.4723975391387 65172.7261056867 40.2428406654853
390020 157.052095948685 -13284.0597890268 -13127.0076930781 24650.2819523846 24887.9070805275 24653.1605349407 24409.7782416857 -27.4705830817472 65223.2549359402 40.2532381558867
390030 155.526387393792 -13281.9153021569 -13126.3889147631 25349.3089706988 25407.1999620822 25429.9334462279 25210.7935037862 -96.4614846350929 65176.9760420936 40.2437153964061
390040 153.990829237803 -13281.3292463233 -13127.3384170855 24651.4905160534 24548.1420943951 24760.8888554717 24645.4405982934 -114.045473256633 65230.5341634353 40.2547355848757
390050 154.387037616024 -13281.0487504219 -13126.6617128058 25318.4373248646 25121.800890913 25391.3113168203 25442.1997668603 -56.4740733532244 65180.7301119449 40.2444880353928
390060 156.690853275562 -13284.061642366 -13127.3707890905 24695.5582131841 24489.2635904163 24734.0981097431 24863.3129393929 18.1578158849622 65219.9046136685 40.2525489148604
390070 159.190365091693 -13285.934574558 -13126.7442094663 25286.4684173039 25108.2856214133 25325.5264928393 25425.593137659 45.9285460419019 65170.8382194369 40.2424520845369
390080 159.068998919956 -13286.6516401128 -13127.5826411928 24764.1230373515 24651.3287854565 24798.1690940113 24842.8712325868 26.7386697025058 65209.6873882473 40.2504468426655
390090 156.320487900364 -13283.8295339078 -13127.5090460075 25202.0428483255 25190.7915326211 25214.3956982593 25200.9413140959 -15.6102693115772 65183.9561572162 40.245151975989
390100 153.596008196357 -13281.9742489074 -13128.378240711 24824.5485557539 24907.0142019334 24821.847988526 24744.7834768024 -44.5442930529285 65215.6435839501 40.251672285537
390110 152.959688530524 -13281.3520795178 -13128.3923909873 25107.4938401617 25212.9922644317 25133.5397802953 24975.9494757581 -18.0910245065241 65192.345504382 40.2468784543433
390120 153.653496740019 -13282.503985673 -13128.8504889329 24954.2714987024 25016.9202286483 25028.6977196624 24817.1965477964 55.6022459971341 65198.0822443428 40.248058956451
390130 154.684099087398 -13283.8053066874 -13129.1212076 24972.3371310683 25003.6023084737 25073.5099414198 24839.8991433113 138.498036548548 65191.8093887042 40.2467681293172
390140 155.492125208438 -13284.7756128471 -13129.2834876387 25118.4022735853 25160.8236475212 25169.239376908 25025.1437963267 171.399735097789 65177.0417423197 40.2437289186675
390150 155.487764353413 -13285.5655602772 -13130.0777959238 24794.0040241934 24820.0517856266 24778.2777449076 24783.6825420461 138.030637242183 65200.4486808341 40.2485458998284
390160 154.47834997808 -13284.4605599357 -13129.9822099576 25323.1180087338 25303.6457512916 25291.7236088306 25373.9846660792 94.4296388579201 65164.8084810081 40.2412109417684
390170 153.033382366092 -13284.4218104511 -13131.388428085 24535.3262578957 24431.99545725 24536.7684817745 24637.2148346625 49.8769956458692 65224.7909613462 40.2535541449777
390180 152.295821910487 -13282.9330437776 -13130.6372218671 25614.7574881993 25435.1394160363 25653.4111814301 25755.7218671315 24.5400553030253 65148.1698082374 40.2377856914878
390190 152.254108514645 -13284.8900337761 -13132.6359252615 24213.3204159699 24012.0774200835 24247.7487257623 24380.135102064 73.7485818074391 65250.5286308119 40.2588481260614
390200 153.517698627161 -13284.4936750162 -13130.9759763891 25943.7938349615 25728.1199475768 25992.4221233112 26110.8394339964 196.478265578626 65121.1863956604 40.2322296249033
390210 154.286092920056 -13287.8129931735 -13133.5269002534 23904.3422454296 23673.7230330615 24043.6520494238 23995.6516538036 267.467952631727 65263.4498206393 40.2615053606548
390220 154.39048886937 -13285.5280499215 -13131.1375610522 26246.2673401776 26053.2260471766 26503.1600722531 26182.4159011032 276.013160623553 65089.7681042772 40.2257584526253
390230 153.542341515428 -13287.9079879301 -13134.3656464147 23638.7886756598 23576.0600243366 23932.1235136748 23408.1824889679 188.81779922431 65276.988317706 40.2642891678593
390240 153.769028744817 -13285.1845339389 -13131.4155051941 26454.6749496531 26532.8787549573 26701.7161570685 26129.4299369335 53.7845470329174 65069.6816167403 40.2216201814941
390250 153.438497722148 -13288.453243906 -13135.0147461839 23505.3020897055 23650.325243316 23659.1664231633 23206.4146026372 -29.8031079534243 65283.5666686999 40.2656416798567
390260 153.054303639346 -13284.9286273412 -13131.8743237019 26528.8086312449 26643.9287719669 26636.1343334995 26306.3627882683 -12.3735407933504 65067.2327846944 40.2211156084189
390270 151.569015938762 -13287.1733380093 -13135.6043220705 23490.540546891 23499.0940962491 23597.7552473759 23374.7722970481 90.6129249704004 65293.659776374 40.2677166508159
390280 151.175346184149 -13283.6069081179 -13132.4315619337 26449.8055351768 26328.8604960765 26575.0796705556 26445.4764388981 167.600049826676 65081.485549434 40.2240521620001
390290 151.334149898258 -13286.9933406596 -13135.6591907613 23624.7111236945 23420.6216430032 23739.8904752041 23713.6212528763 147.614081864939 65283.8652059461 40.2657030570969
390300 152.31088314751 -13284.9004729527 -13132.5895898051 26272.0237886967 26058.8934304843 26364.88394713 26392.2939884757 50.1467279040877 65087.144824543 40.2252180459549
390310 151.953237006803 -13287.1793278313 -13135.2260908245 23873.2096836534 23733.5098397811 23941.2113805624 23944.9078306168 -24.4284452308205 65259.9408446431 40.2607837766323
390320 151.511579715943 -13284.2325579791 -13132.7209782632 25979.3877424274 25937.6589733822 26017.8959934267 25982.6082604734 -21.6023611747467 65107.991105557 40.2295120669094
390330 151.081613374525 -13285.6203968417 -13134.5387834672 24185.5231247187 24227.9659755921 24223.4500489319 24105.1533496321 31.6950915485206 65239.6731403781 40.2566154300829
390340 151.930481460487 -13284.4539040465 -13132.523422586 25638.6105345577 25714.3624339515 25696.4378095445 25505.031360177 68.7710722323224 65134.6614864134 40.2350044287543
390350 153.075881267043 -13286.304857225 -13133.2289759579 24537.5539594307 24620.6955221179 24613.2527108916 24378.7136452826 46.9156344486315 65215.1209193839 40.2515647541847
390360 154.194862625232 -13285.8537025414 -13131.6588399162 25289.8224390339 25365.0911072996 25356.4189752271 25147.9572345752 -39.5188771583326 65162.0720243636 40.2406476527117
390370 154.640707396755 -13285.9055687786 -13131.2648613819 24889.4894747232 24949.1839776374 24907.3363599211 24811.9480866111 -133.028332500771 65195.7395903144 40.2475768952026
390380 154.664072102587 -13284.9502387971 -13130.2861666945 24941.8024697287 24962.1739590449 24915.6011377685 24947.6323123727 -148.641924610177 65198.3166289697 40.2481071864738
390390 155.019769506347 -13284.0560191081 -13129.0362496017 25197.6667350763 25151.2314843971 25183.2365440049 25258.5321768271 -89.0590427624616 65182.9502134065 40.2449449487176
390400 156.031469076106 -13284.7802047744 -13128.7487356983 24647.6913229273 24551.7085786574 24662.0630159858 24729.3023741388 -42.746517426633 65221.0800548326 40.2527907337703
390410 156.823397301734 -13283.9109635681 -13127.0875662664 25485.5073611601 25386.913008505 25515.7068612758 25553.9022136995 -60.3435504699005 65158.4832260098 40.2399088884947
390420 155.681925486919 -13283.5597517426 -13127.8778262556 24427.6137167664 24334.5830905667 24467.6404759752 24480.6175837572 -120.008472563266 65240.5069122008 40.2567869243441
390430 153.932119465706 -13280.1893093203 -13126.2571898546 25657.8005649354 25571.999161444 25700.4659509006 25700.9365824616 -175.279677123854 65159.8027553438 40.240180520466
390440 153.533506553318 -13281.1146033722 -13127.5810968189 24248.9658484597 24171.2801670753 24332.7992832752 24242.8180950286 -227.456707418347 65263.4660488864 40.2615086977631
390450 156.133402839259 -13281.6228093979 -13125.4894065586 25784.6953044669 25708.0910126608 25940.3766576163 25705.6182431235 -250.308439525313 65145.953370878 40.2373293699306
390460 158.710959518664 -13285.6827979763 -13126.9718384577 24192.7287153669 24096.3581448694 24426.472195376 24055.3558058553 -202.949669172187 65254.0241044858 40.2595670026434
390470 159.069660446452 -13284.0508985344 -13124.9812380879 25850.9993536405 25734.9899185331 26106.9452030004 25711.0629393881 -104.046434749159 65133.7985113873 40.2348267355643
390480 157.28944837444 -13284.2658529752 -13126.9764046007 24147.0290419432 24033.5854667585 24338.5178777981 24068.9837812731 -44.4244511035038 65263.5514158231 40.261526252251
390490 156.078049323376 -13281.1994396437 -13125.1213903203 25828.1760062305 25756.2682928616 25919.1463453897 25809.1133804402 -102.510069252646 65143.5104309154 40.23682640388
390500 155.585947982135 -13282.5893575502 -13127.0034095681 24193.1110869654 24192.3511662261 24209.9110569238 24177.0710377464 -195.368615179383 65261.6210716816 40.2611293008853
390510 156.37163230416 -13281.6109656256 -13125.2393333214 25769.3713255158 25822.1704688841 25756.9481404574 25728.9953672059 -241.907429660848 65145.227175858 40.2371798581791
390520 156.884580158623 -13283.8679236847 -13126.983343526 24287.0404291972 24345.4248036755 24279.8255716225 24235.8709122937 -213.733175405454 65252.0394544701 40.2591588441099
390530 156.985245747907 -13282.5502918679 -13125.56504612 25654.3446359233 25700.9441292861 25670.3753394101 25591.7144390738 -129.344371041781 65153.8733915404 40.2389599013247
390540 156.427060260888 -13283.5678000728 -13127.140739812 24411.3259931229 24448.5000478219 24480.4804059673 24304.9975255793 -34.2255058123997 65245.1856491093 40.2577492427019
390550 156.422175493512 -13282.4808798938 -13126.0587044002 25507.4675387786 25546.7004944337 25620.2049416147 25355.4971802873 57.299250437388 65164.167237241 40.2410789456244
390560 156.277005690863 -13283.5633680572 -13127.2863623663 24568.151787697 24599.4100816487 24700.3230186247 24404.7222628177 51.2025237716921 65229.2186232924 40.2544649699084
390570 155.845965744463 -13282.4539038936 -13126.6079381492 25354.4883258514 25383.4314614676 25444.8939804158 25235.1395356706 5.34498477202439 65170.4067274244 40.2423632700946
390580 154.628099678735 -13282.1987789636 -13127.5706792849 24727.4650301763 24764.8165283363 24763.6006223069 24653.9779398858 -12.526931388217 65215.7143105372 40.2516868365569
390590 153.449303512793 -13280.7642232045 -13127.3149196917 25203.7822626263 25242.3774344015 25206.7910497041 25162.1783037733 10.2309186381534 65183.3562189972 40.2450285065532
390600 153.262839399365 -13281.2149418252 -13127.9521024259 24861.2122738408 24879.4324774235 24859.15406181 24845.0502822889 69.2916471779382 65210.0610614199 40.2505237253294
390610 154.883554770019 -13282.7732289333 -13127.8896741632 25052.3596017885 25008.077124527 25066.8760220783 25082.1256587601 123.535899901885 65193.674282808 40.247151895548
390620 157.289891123945 -13285.3201851583 -13128.0302940343 24999.6665940175 24902.9208724169 25022.3508181874 25073.7280914481 139.25354175996 65189.8544312985 40.2463658216007
390630 158.193784262061 -13286.4668629646 -13128.2730787025 24968.7253622602 24868.5436545547 24976.7054030364 25060.9270291895 92.6207135899008 65189.5455660663 40.2463022599577
390640 156.529020207131 -13285.0393537857 -13128.5103335786 25086.5537931005 25036.4233526588 25100.6711508773 25122.5668757654 27.186228051927 65184.8832979604 40.2453427833873
390650 153.836122634207 -13282.9960669587 -13129.1599443245 24874.431467852 24894.1612959408 24920.7483507226 24808.3847568925 -29.3507614829903 65204.7428431444 40.2494294826777
390660 152.470110657541 -13281.664757663 -13129.1946470055 25136.4883558784 25171.431472313 25219.5401268699 25018.4934684524 -87.4106643784935 65186.6054873656 40.2456972085702
390670 153.093369077837 -13282.8205311028 -13129.727162025 24828.0151851152 24812.1384723385 24942.4622810643 24729.4448019427 -109.576069612135 65203.2352508 40.2491192792745
390680 154.544073703289 -13284.0033730092 -13129.4592993059 25182.7347538187 25093.480047064 25304.4108242793 25150.3133901127 -56.5300847216869 65170.6126169042 40.2424056485857
390690 154.97321441989 -13285.0514261902 -13130.0782117703 24833.8938116683 24675.5979715933 24935.3685100745 24890.7149533372 21.7108798755732 65195.455027362 40.2475183382783
390700 154.352859582201 -13284.3446887449 -13129.9918291627 25168.7837830172 24947.7283092836 25277.9542258574 25280.6688139106 47.9745693600844 65175.1961672766 40.243349063426
390710 153.594980131062 -13284.2287294295 -13130.6337492985 24822.1882384076 24566.7763400671 24969.9455409989 24929.8428341568 -6.21503614945982 65202.3642523599 40.2489400597614
390720 153.873714727172 -13284.2734389718 -13130.3997242446 25158.8500284433 24946.8805616319 25344.1876741982 25185.4818495 -106.57930270954 65174.8452852534 40.2432768442695
390730 154.75890396027 -13285.6242573257 -13130.8653533655 24842.7515366337 24729.202835698 25017.2153685412 24781.8364056619 -205.771026237542 65193.252179627 40.2470650339125
390740 155.137216441968 -13285.798750722 -13130.6615342801 25164.9985325527 25113.3986077981 25289.0390114729 25092.557978387 -242.116813618602 65168.8315624635 40.2420390489516
390750 154.333015965528 -13285.5871028481 -13131.2540868826 24849.5136613479 24773.8476402306 24895.6894768955 24879.0038669175 -187.63393217806 65195.1749662437 40.247460707568
390760 153.364569658813 -13284.535877505 -13131.1713078462 25140.4771047076 24982.8439833672 25123.9008114044 25314.6865193512 -46.5757703037396 65178.7716542358 40.244084961677
390770 153.025441474048 -13284.6959228474 -13131.6704813734 24853.481430968 24635.3284322828 24838.1909242515 25086.9249363698 87.3247882567731 65201.2583313798 40.2487124995116
390780 153.295121522605 -13284.7345364332 -13131.4394149106 25132.9916690456 24902.0784283186 25156.4261587076 25340.4704201105 107.035992942973 65178.9520083435 40.244122081019
390790 153.393645659919 -13285.1861340163 -13131.7924883564 24875.0420043603 24678.8246177609 24938.9893922257 25007.3120030941 36.5655293629102 65195.9589241368 40.2476220292612
390800 153.451756660871 -13285.0014624554 -13131.5497057946 25112.2415750324 24962.3036065394 25190.9243894419 25183.496729116 -21.2402823561713 65176.5243718288 40.2436224344806
390810 153.369045720665 -13285.1507218129 -13131.7816760923 24899.4925908203 24762.0684479067 24954.3536132325 24982.0557113216 8.09218723484592 65189.3153690883 40.2462548873921
390820 153.195936114886 -13284.7774261331 -13131.5814900182 25099.3937137247 24911.1458693627 25162.5853846266 25224.4498871848 113.51193111329 65176.4909978369 40.2436155654912
390830 153.185435923819 -13284.9977462069 -13131.8123102831 24904.9931761234 24682.1704079056 24989.5658530613 25043.2432674033 177.085237899913 65193.8256498153 40.2471830442051
390840 153.751159438495 -13285.2982716476 -13131.5471122091 25076.7567117558 24913.100324879 25152.5714171677 25164.5983932207 138.497111878855 65182.1674940243 40.2447838604553
390850 154.098948996557 -13285.6972019909 -13131.5982529944 24938.5473876236 24853.4869084457 25014.6332689029 24947.5219855222 33.1597406042187 65193.486497543 40.2471132525895
390860 153.373313119693 -13284.7046224758 -13131.3313093561 25046.0603422645 24964.2262194251 25135.9563212293 25037.9984861391 -66.9261439812903 65187.322176439 40.2458447007609
390870 152.452851185834 -13283.6682393404 -13131.2153881545 24959.5061441556 24831.8774874808 25036.8913081327 25009.7496368533 -96.2904360883596 65195.0482923485 40.2474346406803
390880 153.131918648861 -13283.8900908827 -13130.7581722338 25002.1029117895 24811.5699670727 25078.0909415224 25116.6478267733 -71.6823759719758 65186.8445896391 40.2457464151307
390890 155.51903667465 -13285.706173252 -13130.1871365773 25016.3568361188 24789.4693755325 25140.0145033044 25119.5866295195 -25.6274604378115 65177.3964906936 40.2438019319613
390900 157.481811942861 -13287.1502293256 -13129.6684173828 24987.8399379496 24834.5252038444 25112.907690867 25016.0869191374 -14.4691938791283 65175.160643283 40.2433417518268
390910 156.867797243458 -13286.0542896983 -13129.1864924548 25054.3700979924 25022.3237207805 25128.4784282228 25012.3081449738 -41.4389650315167 65176.1730508507 40.2435501259598
390920 154.666189393947 -13283.6693922075 -13129.0032028135 24918.8687997687 24951.3964268247 24934.4986315941 24870.7113408872 -35.5364525544918 65196.4880730869 40.2477309160167
390930 153.32188844605 -13281.7319535575 -13128.4100651114 25094.9892438566 25059.6507412642 25141.8834912381 25083.4334990676 17.6603338325537 65192.4372515784 40.2468973345585
390940 153.651633344521 -13281.8205871984 -13128.1689538538 24865.6489352505 24691.6726788484 24999.2331740766 24906.0409528265 49.1672276952509 65213.8641575914 40.2513061896426
390950 155.465857422567 -13282.717310451 -13127.2514530284 25146.9421391763 24860.1656759847 25336.8144035162 25243.8463380279 44.095915265865 65193.738986163 40.2471652103617
390960 157.213395324664 -13284.2044111812 -13126.9910158565 24823.2280350631 24528.675348868 25002.6276246627 24938.3811316586 22.0887908452404 65214.3008372302 40.251396031922
390970 157.470715948092 -13283.4953800801 -13126.024664132 25207.6080119269 24985.6754349145 25323.8576418803 25313.2909589861 44.1249106616552 65185.0088434966 40.2453686207678
390980 156.605530730893 -13282.7289270838 -13126.123396353 24777.6272184557 24640.4810293647 24844.2637936263 24848.136832376 111.789876076608 65218.371182423 40.2522334436847
390990 156.170011334444 -13281.4649069359 -13125.2948956014 25237.420916914 25149.3374359382 25293.5584945371 25269.3668202666 113.432665840412 65187.6791443079 40.2459181631393
391000 156.19914330113 -13281.7844619413 -13125.5853186402 24744.8708545297 24645.1684528922 24796.81188196 24792.6322287368 41.4388023297508 65225.0977368229 40.2536172538239
391010 156.799170194962 -13281.5701280555 -13124.7709578605 25259.1476916425 25128.1994176089 25285.3613736821 25363.8822836366 4.61153892809486 65188.4645014348 40.2460797851521
391020 157.441725764342 -13282.5996092683 -13125.1578835039 24736.1710554616 24601.8471531532 24750.5901711797 24856.075842052 39.1359838360158 65225.2454178255 40.2536476342054
391030 157.477925790082 -13281.9267834487 -13124.4488576586 25268.4234140141 25198.6753633312 25298.7752789929 25307.8195997181 92.7246701072659 65187.8928981395 40.245962152586
391040 156.558548694416 -13281.5718911075 -13125.013342413 24734.0088541393 24780.9416430451 24783.8830233019 24637.2018960709 90.0351533630405 65228.6820520987 40.2543545927594
391050 156.083693509398 -13280.4996113871 -13124.4159178777 25246.2621106799 25341.3398691319 25290.6321745149 25106.8142883928 30.3637773769715 65192.7313975294 40.2469578653224
391060 156.714688613625 -13281.6286057026 -13124.9139170889 24759.4182008878 24737.574798571 24791.6700167271 24749.0097873653 -47.4698408592754 65225.3582885252 40.2536708535112
391070 157.7880698198 -13282.1308428148 -13124.342772995 25222.4397092847 24984.5497806538 25286.6240567022 25396.1452904982 -56.3238063113937 65187.2982361675 40.2458397739514
391080 157.607217482029 -13282.492181086 -13124.884963604 24820.4400824109 24433.8902402828 24935.9242025907 25091.5058043591 11.3358315949102 65217.3597705199 40.2520253642854
391090 156.229573419815 -13280.9608474452 -13124.7312740253 25149.6925709505 24770.8571343317 25280.3931771693 25397.8274013505 79.692418317695 65199.9467066172 40.2484426092092
391100 155.239664121431 -13280.4924294469 -13125.2527653254 24869.2121663603 24614.52170984 24955.7217593663 25037.3930298747 18.8984083203376 65224.6289143668 40.253520809124
391110 155.94467730318 -13281.0489079174 -13125.1042306143 25065.3588730534 24999.3609211762 25032.9201926979 25163.7955052861 -166.00856171541 65206.1055854891 40.2497098775151
391120 157.838958112851 -13283.0546537731 -13125.2156956602 24976.5251045093 25058.6380678748 24838.1778797638 25032.7593658892 -297.993017440024 65202.8398902805 40.2490379287872
391130 158.989166634301 -13284.3020302987 -13125.3128636644 24991.4869719621 25104.0643051514 24819.7495509198 25050.6470598152 -283.816085280493 65195.2844308927 40.2474832331189
391140 157.993546944322 -13283.5107937942 -13125.5172468499 25080.1764863839 25095.1215459036 24975.4809883173 25169.926924931 -186.094606063952 65189.8556542209 40.2463660732665
391150 155.873899697711 -13282.0703907853 -13126.1964910876 24860.3432274261 24781.8260132861 24883.1995606746 24916.0041083177 -102.723089268924 65211.4834328424 40.250816373312
391160 154.724657481254 -13280.9686667355 -13126.2440092542 25192.5220208891 25104.3653913161 25287.3410942692 25185.859577082 -96.358356483872 65192.0092021963 40.2468092481793
391170 154.964646339084 -13282.0737842216 -13127.1091378825 24725.2280509986 24648.7074879909 24830.0403680249 24696.93629698 -160.961220398324 65225.5480478797 40.253709889981
391180 155.751836530044 -13282.4402245036 -13126.6883879736 25336.6503220814 25255.0318164717 25424.654261585 25330.2648881877 -203.823931676081 65177.1476078676 40.2437507076389
391190 155.838040196363 -13283.6210484837 -13127.7830082873 24597.256621556 24458.6518666947 24686.1453561383 24646.9726418351 -134.077238326323 65225.8087989347 40.2537635304315
391200 155.498159199339 -13282.5944101089 -13127.0962509096 25479.9920056314 25295.3043843757 25585.8434454085 25558.82818711 8.62082350963955 65160.1990650854 40.24026210217
391210 154.895245635928 -13283.4828380995 -13128.5875924635 24452.8044269425 24286.5577164163 24555.8279659611 24516.02759845 107.682621099208 65234.8154080779 40.2556162389182
391220 154.960641707225 -13282.5570922225 -13127.5964505152 25612.6310676284 25514.8671854576 25692.7861554397 25630.2398619877 122.929009040161 65151.7159064534 40.238515742957
391230 155.139209377372 -13284.4841488831 -13129.3449395057 24316.9167706725 24282.9642588413 24356.8847697363 24310.9012834401 104.079586842412 65245.6499708874 40.2578447414741
391240 155.552770798318 -13283.5171931107 -13127.9644223123 25744.8213698002 25700.6605464791 25748.7657216364 25785.0378412852 60.2718173854039 65140.3694936341 40.2361797117868
391250 155.638783267507 -13285.5918605432 -13129.9530772757 24205.1709830751 24107.662426314 24157.0548468699 24350.7956760413 -0.78050278446104 65252.0055195541 40.2591518650616
391260 156.312105045251 -13284.619865041 -13128.3077599957 25825.7374615785 25644.8836659618 25794.0965691854 26038.2321495882 -41.5819453164438 65131.5343617676 40.234360522296
391270 156.417526463735 -13286.7903678893 -13130.3728414255 24158.1441127239 23915.3731854784 24209.2639365822 24349.7952161113 -25.0853493446351 65249.0486667128 40.2585437499814
391280 155.45608130608 -13284.1108959262 -13128.6548146201 25858.3209217697 25614.5009615807 25980.0126930367 25980.4491106916 -8.06784653158627 65124.5907023527 40.2329306791969
391290 152.86451982004 -13283.6746257813 -13130.8101059612 24166.1320305298 23984.2997314571 24316.4420669969 24197.6542931355 -54.1829619794956 65250.4602324089 40.2588340590393
391300 151.497667914387 -13280.6730132468 -13129.1753453324 25790.4783140074 25653.9267640753 25978.995872538 25738.512305409 -120.900862425977 65137.772293155 40.2356449547438
391310 152.276319358701 -13283.2155693237 -13130.939249965 24248.0369388303 24135.1230322804 24435.6631486281 24173.3246355823 -156.863446762534 65247.9822507884 40.2583244232279
391320 154.500904330322 -13283.7185919123 -13129.217687582 25677.6693489901 25566.0657679133 25812.1380413625 25654.8042376945 -145.801442520549 65138.3828876274 40.2357706758872
391330 155.63441365716 -13286.2172204682 -13130.582806811 24430.7558661739 24324.3024729593 24495.6706641085 24472.2944614539 -101.422714425861 65227.158825712 40.2540412491481
391340 156.09058409471 -13285.5073856092 -13129.4168015145 25454.6565815322 25362.0818649829 25459.3597803954 25542.5280992184 -89.1111537940152 65152.8742861307 40.2387542181426
391350 155.532454208868 -13285.8616673646 -13130.3292131557 24683.8004532807 24605.3494949663 24663.1455432178 24782.9063216582 -126.320812773475 65210.6521797383 40.2506453463882
391360 153.996928193869 -13283.8561025975 -13129.8591744036 25167.4892347835 25108.07610034 25125.0423605554 25269.3492434552 -195.521067022736 65179.4332150617 40.2442211196077
391370 152.460354215743 -13282.579484928 -13130.1191307123 24992.1176303667 24924.4481608998 24941.9379531128 25109.9667770876 -249.887289863499 65196.7972015023 40.2477945273041
391380 152.604317185064 -13282.8783742161 -13130.274057031 24815.7492317745 24738.4347251025 24776.631353558 24932.1816166631 -229.783279880969 65210.1036989601 40.2505324979172
391390 153.912141182882 -13283.4386589417 -13129.5265177588 25358.1501807013 25303.8005889255 25330.7222411149 25439.9277120634 -141.225382057722 65167.9927845534 40.2418663985326
391400 154.302470071246 -13284.7219130937 -13130.4194430224 24481.8328918014 24470.9215399524 24460.4024440822 24514.1746913697 -52.537453097588 65232.232865765 40.2550850133574
391410 154.016661820174 -13283.0153057434 -13128.9986439233 25680.7945015673 25696.9617720931 25644.9211536183 25700.5005789907 20.4634431147761 65148.9079030598 40.2379376486301
391420 154.358602003363 -13284.9444794261 -13130.5858774227 24142.0167084821 24125.4351420731 24115.2942465593 24185.320736814 75.66563780863 65259.0073935715 40.2605918178775
391430 156.503850577434 -13284.7203756375 -13128.2165250601 25983.4429952572 25908.9095770459 25981.3005708732 26060.1188378524 95.894839928997 65115.3461238465 40.2310268715228
391440 157.465028391027 -13287.824505383 -13130.359476992 23932.430657205 23764.5805802963 24023.4173663265 24009.2940249921 54.1818524214744 65259.2486759626 40.2606414363658
391450 155.874250172245 -13283.7119383847 -13127.8376882125 26190.6179452656 26004.2248143849 26379.960134675 26187.6688867368 42.3291067211801 65101.2119603412 40.2281157653414
391460 151.832671586511 -13282.5855349825 -13130.752863396 23747.7570424861 23656.778760559 23925.9108606353 23660.5815062639 60.4457067002621 65290.5602804342 40.2670794700154
391470 150.168368714122 -13278.1030697566 -13127.9347010425 26276.9086350091 26288.9727019619 26354.6474298887 26187.1057731767 39.2242290312739 65116.2340561804 40.2312097381297
391480 151.916535782021 -13282.5642897986 -13130.6477540166 23676.182627422 23760.9581687305 23615.1501251266 23652.439588409 -5.93114035278386 65301.6665426124 40.2693625534313
391490 155.84193489046 -13283.1224461932 -13127.2805113027 26319.9090938617 26452.6461648841 26176.513707294 26330.5674094071 3.39682572693689 65101.108691666 40.2280944943271
391500 157.30587084391 -13287.2068817149 -13129.901010871 23730.5861558925 23837.8106998675 23624.4356985006 23729.5120693094 112.19725235499 65283.9327925006 40.2657169524098
391510 157.014341923345 -13283.8993374625 -13126.8849955391 26228.8840115044 26220.1954117218 26258.0812836299 26208.3753391614 186.621469555197 65102.8602426983 40.228455271227
391520 156.412002677608 -13285.8645668889 -13129.4525642113 23836.6195796662 23717.592311879 23990.8070903481 23801.4593367714 155.687486155375 65277.0366977476 40.2642991151498
391530 157.423162097648 -13284.1679797287 -13126.744817631 26062.1041570365 25910.4838960989 26225.2319486896 26050.5966263211 93.8538972488367 65111.1779823782 40.23016843492
391540 157.406629859276 -13286.286865636 -13128.8802357768 24063.8865606816 23958.3544269239 24140.7136947442 24092.5915603767 42.4481150226063 65252.8777387163 40.2593312447193
391550 155.857086814591 -13282.766253064 -13126.9091662495 25838.0320550359 25800.8661190063 25854.4990199525 25858.7310261489 41.1687591796141 65128.6758331845 40.2337719044408
391560 153.06663505651 -13281.8479947434 -13128.7813596868 24294.5150569373 24262.3961300868 24338.3964785235 24282.7525622016 10.0289686621762 65250.3349293481 40.258808288808
391570 151.81325991921 -13279.2313201837 -13127.4180602644 25556.8048432264 25443.6657532733 25700.0667243085 25526.6820520975 -29.0507455414214 65166.7162041201 40.2416036298917
391580 152.490820552176 -13280.9123854558 -13128.4215649036 24564.0819189918 24364.7803260733 24779.6159231164 24547.8495077857 -60.5562446995418 65239.300049824 40.2565386905221
391590 154.820956081539 -13282.1385976399 -13127.3176415583 25274.8280359816 25056.8017386807 25485.1397446012 25282.5426246628 -87.6379432027011 65181.1547753558 40.2445754350707
391600 157.216937739989 -13284.6318375644 -13127.4148998244 24864.6530126014 24753.8011673472 24990.3268271985 24849.8310432584 -93.9347284245814 65201.5430318063 40.2487710812487
391610 158.200501241553 -13285.161138908 -13126.9606376665 25022.3840964414 25050.6547555824 25037.4149319062 24979.0826018358 -85.3764386471215 65186.2071810567 40.2456152380098
391620 157.342384021798 -13284.0877132907 -13126.7453292689 25119.9714540543 25214.0357624939 25031.5034018493 25114.3751978198 -63.0415132557618 65184.0781841966 40.2451770894863
391630 156.206313467396 -13283.3063523231 -13127.1000388557 24746.7537261254 24792.972422762 24627.5601147082 24819.728640906 -58.7166223936696 65216.8403554471 40.2519185033501
391640 156.544340695248 -13282.7865369244 -13126.2421962292 25348.024008659 25292.1788727905 25298.6478381955 25453.2453149911 -79.9271511613833 65171.8607099791 40.2426625432461
391650 157.46707397339 -13284.380547798 -13126.9134738246 24548.5790117314 24424.5156720564 24605.7865392108 24615.4348239271 -88.9529221478516 65224.886172157 40.253573731455
391660 157.525948684349 -13283.1713730169 -13125.6454243325 25561.4840365677 25422.1840707728 25689.8795751853 25572.3884637451 -41.333178912297 65152.3875412603 40.2386540125047
391670 155.93896698996 -13282.9248774877 -13126.9859104978 24374.9542378288 24250.9400027312 24503.8046897766 24370.1180209788 5.361369253563 65245.5923223146 40.2578328847042
391680 154.853372640271 -13280.34843854 -13125.4950658997 25668.9087088863 25579.370414181 25735.9166956203 25691.4390168578 -11.611085863352 65157.6621448511 40.2397398628198
391690 154.685439233128 -13281.6208809426 -13126.9354417094 24292.4327670377 24237.820129868 24320.2488215667 24319.2293496784 -88.4040280593541 65259.1874513956 40.2606288458587
391700 155.538410661154 -13280.6858270885 -13125.1474164274 25700.7001799947 25687.032827697 25743.1008885158 25671.9668237714 -183.369713416638 65156.1290790358 40.2394242659972
391710 156.229733436144 -13282.6843585899 -13126.4546251538 24318.9489748935 24360.792704146 24407.9842904189 24188.0699301154 -208.953715315085 65253.1315756434 40.2593834482493
391720 157.185409689814 -13281.8633993048 -13124.677989615 25626.7495533673 25731.0375965313 25729.48635904 25419.7247045306 -142.909814299691 65153.0853455365 40.2387976685582
391730 157.702743052165 -13283.4611741763 -13125.7584311242 24443.7976486528 24535.9882861469 24496.2526945064 24299.151965305 -27.4612042878632 65235.4564978587 40.2557481080717
391740 157.903769869037 -13282.2851012933 -13124.3813314243 25491.3087566519 25471.5839187107 25496.8441707572 25505.4981804878 17.6162640049127 65158.4948965246 40.2399112909469
391750 157.364226274103 -13282.6887401015 -13125.3245138274 24594.6301007225 24441.7174437306 24613.0666701324 24729.1061883046 -38.0212292479453 65227.8095279363 40.2541751060033
391760 156.996492495934 -13281.4636608758 -13124.4671683799 25338.484340654 25132.9128025973 25391.590489553 25490.9497298116 -140.734892754742 65179.5121400635 40.2442373633509
391770 157.130745710266 -13282.257638976 -13125.1268932657 24705.2093180675 24576.7925943257 24778.6724777561 24760.1628821207 -157.299337401384 65226.3781699128 40.2538806581883
391780 157.380944007445 -13281.8766094855 -13124.495665478 25249.7927731852 25242.1276819813 25344.2077488299 25163.0428887444 -78.2751576922013 65188.0929511622 40.2460033223891
391790 156.37513337769 -13281.4284319062 -13125.0532985286 24796.7754774073 24899.3669610037 24875.3161240034 24615.6433472148 36.566649707425 65223.3867962708 40.2532652822121
391800 155.415364037131 -13280.1459319893 -13124.7305679521 25158.8830097163 25260.8202323627 25246.7256974773 24969.1030993089 109.816392077732 65200.4421181348 40.2485445494333
391810 155.659823189887 -13280.734354776 -13125.0745315861 24856.1255883576 24854.8492191018 24986.1692863309 24727.3582596399 108.006479473544 65219.3326770963 40.2524312515372
391820 156.391863077207 -13281.1550873612 -13124.763224284 25115.7529114228 24985.4317197456 25291.0117726076 25070.8152419152 34.8862091753678 65195.1864933166 40.2474630796014
391830 156.639002386546 -13281.703831723 -13125.0648293365 24922.2038765698 24731.9914513728 25098.6304226981 24935.9897556383 -25.1179608749783 65208.3621462518 40.2501741738541
391840 157.41379707407 -13282.4498425075 -13125.0360454334 25032.2310598498 24869.6099952609 25171.065604303 25056.0175799857 -34.6373792518934 65197.6971873484 40.2479797218755
391850 158.667229950653 -13283.8662846723 -13125.1990547216 24995.8406510133 24904.7487404404 25088.0022363894 24994.77097621 2.67665380372525 65195.2215972976 40.2474703032734
391860 158.186432830941 -13283.6491635516 -13125.4627307207 24987.6785394359 24971.6857619684 25064.3272897508 24927.0225665885 53.4211202137707 65193.7788962199 40.2471734231459
391870 155.699578587377 -13281.5138806143 -13125.814302027 25054.8438350654 25071.3586970647 25141.3711002742 24951.8017078574 63.961215150885 65193.2888250088 40.2470725749219
391880 153.531782969688 -13279.9953222205 -13126.4635392508 24910.5185249586 24884.9043821405 25031.9659976284 24814.685195107 33.6874964336028 65210.2460282632 40.250561781856
391890 153.792302898689 -13280.3964866934 -13126.6041837947 25084.8003355289 25011.5924387744 25223.6834358665 25019.1251319457 13.1165321371598 65195.5946835852 40.2475470765412
391900 156.027315351064 -13283.085891552 -13127.0585762009 24885.1091136114 24815.0604012811 24985.9498929574 24854.3170465957 8.24102809542914 65201.6550941414 40.2487941398476
391910 157.612282943131 -13284.6634720032 -13127.05118906 25149.8478439454 25127.2788545282 25180.5882781527 25141.6763991555 22.1797590426204 65176.2992065198 40.2435760912192
391920 156.94321295573 -13284.7889323052 -13127.8457193495 24844.2773972014 24859.9159252075 24834.9906316037 24837.9256347929 13.8319100920562 65199.2545212653 40.2483001782083
391930 155.545554517521 -13283.5499641155 -13128.004409598 25174.319288909 25169.9247497784 25192.874740979 25160.1583759697 -17.0872578009385 65179.5928068757 40.2442539655668
391940 154.926708922854 -13283.8498077599 -13128.9230988371 24795.598377165 24704.6082718661 24878.1515404155 24804.0353192134 -4.1117171824558 65208.7429268254 40.2502525199132
391950 155.092131830941 -13283.9683810616 -13128.8762492307 25215.2978303767 24999.2344083148 25379.3266419728 25267.3324408425 78.7465661924979 65177.2159003249 40.2437647634022
391960 154.823932345581 -13284.6070755882 -13129.7831432426 24770.7253193794 24479.690695515 24982.4479434189 24850.0373192043 128.670188308052 65208.2913476581 40.2501596069251
391970 154.022737473215 -13283.6536972414 -13129.6309597681 25244.1192190949 24961.0551891298 25492.9026498444 25278.3998183104 77.7197531477804 65173.5768565752 40.2430157718809
391980 153.193378923417 -13283.739033517 -13130.5456545935 24738.8546252431 24538.5827466103 24989.3445672262 24688.6365618928 -26.2590027362625 65210.3239009662 40.2505778039742
391990 153.553732144808 -13283.7299490334 -13130.1762168886 25255.7156088449 25139.9859377538 25499.0067745623 25128.1541142185 -97.4912553368248 65168.4450877023 40.2419594988415
392000 154.852587922957 -13285.7463894079 -13130.893801485 24743.5273376678 24701.7074200064 24941.2952151405 24587.5793778563 -49.6330262028262 65198.9976870177 40.248247329161
392010 155.533873955441 -13286.0030908146 -13130.4692168592 25270.8982747293 25292.6182533697 25368.3727618566 25151.7038089614 83.0342995012618 65157.6192939489 40.2397310416033
392020 154.545084869221 -13285.8507410028 -13131.3056561336 24743.8608614212 24813.0022681855 24720.2761094241 24698.304206654 220.372048632537 65197.5594901581 40.247951387349
392030 152.544224812783 -13283.5892168709 -13131.0449920581 25257.9929187078 25334.4491506063 25149.4926152748 25290.0369902425 305.051748650379 65168.8012920241 40.242032818241
392040 151.026341992673 -13282.8984047606 -13131.8720627679 24726.7236690535 24715.4676154059 24632.6739295492 24832.0294622054 299.773358910325 65213.714617275 40.2512754231906
392050 152.469122877182 -13283.7458262417 -13131.2767033645 25229.5953157919 25078.627139171 25214.3465095773 25395.8122986273 209.116106410547 65172.2859607156 40.2427500717411
392060 155.387980755249 -13286.9730085549 -13131.5850277997 24795.1494300189 24531.3420795458 24913.4954470555 24940.6107634555 103.607065440997 65191.6541186019 40.2467361768126
392070 156.479208411566 -13287.4984288032 -13131.0192203917 25200.2375947272 24928.7764689464 25445.3032265779 25226.6330886573 41.7582655773807 65155.1338104334 40.2392193774214
392080 154.958334349651 -13286.4761118538 -13131.5177775041 24871.9563008854 24732.269175964 25143.2970809012 24740.302645791 57.8472936344578 65185.451357932 40.2454596903587
392090 153.141532764588 -13284.6531927077 -13131.5116599431 25051.9818209211 25065.4763321836 25278.6827290718 24811.7864015078 104.037073344308 65183.362074078 40.2450297115535
392100 152.487748720439 -13284.1280872592 -13131.6403385387 25004.7827569042 25075.7920923703 25174.7510744617 24763.8051038806 169.494697560823 65192.3672452222 40.2468829282881
392110 152.307640370337 -13284.0120617811 -13131.7044214107 24893.5781872428 24943.1899970307 24996.300504879 24741.2440598187 267.077357192984 65200.4387337105 40.2485438530262
392120 152.170229135206 -13283.3636278689 -13131.1933987336 25198.9857099036 25221.8765105777 25223.0606466132 25152.0199725199 289.077733255651 65175.339305654 40.2433785243447
392130 152.850814186759 -13284.3530468254 -13131.5022326387 24689.5324482639 24705.9783625507 24681.165716314 24681.4532659271 203.309470137455 65206.8404943165 40.2498610891013
392140 154.45564231946 -13284.780578344 -13130.3249360246 25423.9697668563 25460.4738038351 25452.3706325257 25359.0648642082 91.0260193746849 65146.2832732317 40.2373972910962
392150 155.563643410455 -13286.6538351301 -13131.0901917196 24484.0024687927 24581.3349035388 24529.8503099103 24340.8221929289 65.8995920633135 65212.3275500118 40.2509900454772
392160 155.929413912727 -13285.5016707476 -13129.5722568348 25635.6422780857 25799.2564550161 25651.7326148789 25455.9377643622 152.184791703109 65132.6701802494 40.2345944011438
392170 154.958973606027 -13285.9249126241 -13130.9659390181 24262.9326793409 24398.3036570486 24281.4598780077 24109.0345029663 251.605150193916 65239.781326398 40.2566376823944
392180 154.019715266312 -13283.0285745333 -13129.008859267 25829.4318435838 25801.0794057865 25900.3083680505 25786.9077569142 267.846240484578 65133.7917348166 40.2348253402101
392190 153.448469872322 -13284.1769817613 -13130.728511889 24072.0345769328 23868.0552944684 24187.3419506462 24160.7064856839 176.59923179485 65266.2867057448 40.2620887173437
392200 154.271740579542 -13282.4215065345 -13128.1497659549 25992.2831386241 25700.2535014936 26133.4312438794 26143.1646704993 74.6690587828368 65127.4701543976 40.2335236302666
392210 155.006938265393 -13284.9744471498 -13129.9675088844 23951.5627015401 23659.2990503905 24099.6776908362 24095.7113633935 -35.82308337531 65274.2385742967 40.263723792417
392220 155.231860609525 -13282.2643788946 -13127.0325182851 26097.3404103339 25897.4773756202 26263.7780580928 26130.7657972887 -105.059986760184 65119.4335682162 40.2318686528303
392230 154.428065118318 -13283.449819216 -13129.0217540977 23880.3253221327 23811.6664861375 24062.4788617232 23766.8306185374 -123.850197795695 65282.6623710669 40.265455761233
392240 155.100505848512 -13280.9628879534 -13125.8623821049 26107.9108494176 26137.0790318205 26271.9041639308 25914.7493525014 -146.105393886184 65118.3905990256 40.2316538637819
392250 156.018881223335 -13283.6941844639 -13127.6753032406 23927.823812585 23972.8677882197 24056.4446528226 23754.1589967128 -171.447677379622 65273.8463336435 40.2636431424224
392260 156.60277701925 -13281.3489953566 -13124.7462183373 26046.9403011749 26051.7942248896 26139.8420055635 25949.1846730714 -204.965793994941 65124.0799264857 40.2328254958678
392270 156.190286410729 -13282.78876895 -13126.5984825392 24014.7760653621 24008.9402722167 24032.7013102303 24002.6866136395 -230.101709933087 65277.3642822848 40.2643664687982
392280 156.536019528586 -13280.6028614357 -13124.0668419071 25887.0186986827 25893.9528904847 25856.7840982932 25910.3191072703 -225.510491825735 65145.2220248643 40.2371787976692
392290 156.966438045307 -13282.5236392648 -13125.5572012195 24218.6652534638 24196.2740140205 24259.9066123376 24199.8151340333 -190.307986492919 65265.8026693766 40.2619891847756
392300 157.743421668776 -13281.3524027902 -13123.6089811215 25648.7490996178 25568.4999903155 25815.1049931656 25562.6423153724 -177.574940258462 65160.3574656513 40.240294709371
392310 158.003581875435 -13282.6701740843 -13124.6665922089 24488.9383988495 24399.7079167169 24742.1171885441 24324.9900912874 -204.659026980977 65241.2483686141 40.2569394294935
392320 158.15343717628 -13281.6390442864 -13123.4856071101 25357.7629614471 25306.7823611041 25595.009349022 25171.4971742152 -242.505824915492 65173.115156536 40.242920742337
392330 157.524100997187 -13281.5707932089 -13124.0466922117 24823.0295176674 24810.3602468436 24948.841000637 24709.8873055215 -228.354801327558 65211.5956277792 40.2508394568497
392340 156.600438196874 -13280.5290414529 -13123.9286032561 25012.749842874 25030.7873547745 24996.9552251757 25010.5069486717 -164.052114911392 65203.1592998391 40.2491036514176
392350 156.340568729537 -13280.2250068892 -13123.8844381597 25147.2797073349 25176.9168637097 25031.6655273055 25233.2567309895 -119.007718340651 65198.1481095072 40.2480725097338
392360 157.157748875728 -13281.6237142115 -13124.4659653358 24668.8350691422 24701.6533634526 24517.3890870212 24787.4627569527 -142.090727436434 65231.9549189691 40.255027839231
392370 158.273782267854 -13281.8529983225 -13123.5792160546 25494.1876123744 25538.642353618 25368.5035254129 25575.4169580924 -202.736968889586 65169.6533158584 40.2422081936814
392380 157.95821785392 -13282.9548264909 -13124.9966086369 24365.9319183526 24393.222554584 24311.1436924589 24393.4295080149 -204.600525884589 65252.349833449 40.259222676479
392390 157.112666164571 -13280.7315563221 -13123.6188901576 25769.8300369476 25748.0809300628 25788.7806016323 25772.6285791476 -107.273080865182 65153.877601662 40.2389607680469
392400 156.738016309061 -13282.4220364403 -13125.6840201312 24088.9932239665 24022.637066142 24175.0366512869 24069.3059544705 25.835575513492 65274.740785402 40.2638270533553
392410 157.597291306303 -13281.2036673624 -13123.6063760561 26007.1618863423 25930.9649578664 26146.8731184994 25943.6475826612 116.1151065089 65128.9362029605 40.2338255195553
392420 157.909508332254 -13284.01904827 -13126.1095399377 23929.070251312 23871.5289711969 24070.6298418062 23845.051940933 110.813419185421 65275.0069894768 40.2638817880563
392430 158.013835028838 -13281.8965368656 -13123.8827018367 26133.949680942 26090.1613911117 26230.6779374986 26081.0097142158 32.9289016387577 65115.4598126785 40.2310502854391
392440 157.262616575847 -13284.0692506329 -13126.8066340571 23842.8964812718 23817.1502289165 23884.6262603453 23826.9129545535 -37.5227298343996 65283.6669653545 40.2656623001919
392450 157.007334006645 -13281.536673661 -13124.5293396543 26151.7878168136 26129.9210869685 26146.6074843982 26178.834879074 -30.0091101189001 65116.9758810741 40.2313625131378
392460 155.831876427754 -13283.2858480352 -13127.4539716075 23890.308434594 23855.9869728378 23860.1628785642 23954.7754523799 61.0557913022727 65282.8036197612 40.2654848013015
392470 154.967102350789 -13280.329556605 -13125.3624542542 26045.4551067916 26009.168811483 26028.0560056236 26099.1405032682 115.394018378462 65127.6696317111 40.2335647069786
392480 154.432281379312 -13282.3604530092 -13127.9281716299 24032.6994560587 24019.1653289496 24054.2201147564 24024.7129244702 87.8679562146483 65272.4538195464 40.263356820041
392490 154.883875581096 -13280.9760099464 -13126.0921343653 25868.0700009008 25879.3198520687 25932.0743600549 25792.8157905787 28.7111187058303 65136.9779279214 40.2354813941024
392500 155.204030606503 -13283.3795602604 -13128.1755296539 24244.0414701539 24260.3491984365 24355.9705772218 24115.8046348035 -5.94470164527484 65253.9587934643 40.2595535710614
392510 156.178565922546 -13282.9896765737 -13126.8111106512 25635.7366408523 25634.5724501916 25793.5262725338 25479.1111998313 -13.2430387852674 65150.5368751503 40.2382730133262
392520 156.961669516507 -13285.2722615375 -13128.310592021 24462.4982314622 24428.2896023417 24632.9892012673 24326.2158907775 -13.6621711590819 65229.9069827348 40.2546065702739
392530 157.514080228801 -13284.9054243058 -13127.391344077 25440.8270185757 25422.8221104003 25553.2471982727 25346.4117470541 -52.9008361488094 65152.7125272711 40.2387209170772
392540 157.104358954011 -13285.6833482545 -13128.5789893005 24671.045819156 24703.5598956532 24704.927475987 24604.6500858278 -93.3702901818269 65208.2890293262 40.2501591299242
392550 155.811993950034 -13284.151281535 -13128.339287585 25247.8419989621 25277.7992794368 25276.5719435861 25189.1547738633 -109.359137124327 65170.9462045515 40.2424743111622
392560 154.104893120578 -13283.341592407 -13129.2366992864 24837.0694998975 24800.0618107956 24922.6378522656 24788.5088366313 -91.5154886439551 65207.0472869671 40.2499036376366
392570 153.196340769566 -13282.5467251641 -13129.3503843945 25083.0830018717 24973.1216774221 25244.6377073335 25031.4896208595 -52.9575936935155 65195.1202158861 40.2474494410723
392580 153.153115138099 -13282.8934893519 -13129.7403742138 24966.0771696224 24862.2380911917 25177.535166143 24858.4582515324 -42.0554758774088 65204.2788027526 40.2493340018659
392590 153.855659438809 -13283.7425635229 -13129.8869040841 24963.108465018 24916.3284652635 25175.543632126 24797.4532976644 -53.0399292614876 65200.9246804749 40.2486438452013
392600 154.954206939116 -13284.7630820764 -13129.8088751373 25078.6842772237 25082.5847371462 25215.572066785 24937.8960277399 -70.7621028306082 65185.0521148815 40.2453775260487
392610 155.787912974138 -13285.8595400347 -13130.0716270605 24875.7543987646 24917.6887572789 24899.8679232583 24809.7065157564 -123.481905471708 65191.7295164844 40.2467516926919
392620 155.702346335786 -13285.5206975632 -13129.8183512274 25176.0003789719 25229.7609930323 25126.2717392334 25171.9684046499 -182.288999289412 65164.741989268 40.2411972548868
392630 154.138566455799 -13284.5811624571 -13130.4425960013 24810.5294635 24823.3576517464 24741.4652863518 24866.7654524019 -205.338897552594 65193.8505774224 40.2471881738618
392640 152.270594550172 -13282.5131095866 -13130.2425150364 25227.0844542368 25162.1067339774 25164.0564176938 25355.0902110393 -191.317568062353 65171.8434706617 40.2426589949044
392650 151.39996858548 -13282.3942691838 -13130.9943005984 24727.4460503694 24567.0806992102 24722.2565603966 24893.0008915015 -118.89647873352 65214.33850494 40.2514037816415
392660 151.993628838805 -13282.3743295637 -13130.3807007249 25283.5689656724 25046.5476799836 25366.5850625164 25437.5741545172 -67.5468526290669 65173.829021248 40.2430676735579
392670 153.179103795666 -13284.1414721172 -13130.9623683215 24698.605377453 24450.2118095772 24847.1559943859 24798.4483283959 -75.4367779412649 65213.7642866651 40.2512856421852
392680 154.494482186792 -13284.6475122398 -13130.153030053 25315.5895922312 25133.7984146185 25475.018197759 25337.952164316 -144.042563297182 65166.9897844088 40.2416599433738
392690 155.483844615242 -13286.2321358924 -13130.7482912771 24669.5623355661 24580.3169192517 24794.945072375 24633.4250150714 -223.439824933216 65211.1909455344 40.2507561954112
392700 156.446901533137 -13286.2832360341 -13129.8363345009 25336.7954802112 25321.7614429768 25408.6752525182 25279.9497451385 -243.859763406852 65158.393177307 40.2398903513675
392710 156.339912652716 -13286.8459762064 -13130.5060635537 24671.183714582 24659.0568166706 24690.0258054534 24664.468521622 -131.088564052175 65205.5634277117 40.2495983248032
392720 155.08938923643 -13284.8428612556 -13129.7534720192 25337.5734386626 25268.4746528009 25302.1301254361 25442.1155377509 35.4448566009016 65160.2876167792 40.2402803307912
392730 153.261728568047 -13283.8078066456 -13130.5460780776 24674.9188612705 24531.2027243303 24593.2095565289 24900.3443029523 152.235919085937 65214.2928906665 40.2513943970031
392740 152.25473331341 -13282.1234969066 -13129.8687635932 25309.1257549291 25100.0223936246 25240.2565660372 25587.0983051254 151.090004105695 65176.6246818748 40.243643080143
392750 152.742667531223 -13283.1940425899 -13130.4513750587 24679.6787763999 24466.1370502662 24683.616737829 24889.2825411047 10.579643288883 65224.0553735025 40.2534028214499
392760 155.116372601934 -13284.5569471291 -13129.4405745271 25281.6961749413 25077.4240311511 25349.2570604332 25418.4074332396 -124.580611400967 65173.9530425562 40.2430932001372
392770 157.097748966861 -13286.7336632711 -13129.6359143042 24758.2900584993 24570.9953063558 24846.2336488074 24857.6412203347 -124.661703962712 65204.0107562235 40.2492788484861
392780 156.720621878341 -13285.5340780943 -13128.813456216 25236.1794808625 25090.7184780144 25331.2256472748 25286.5943172981 7.69149913246612 65170.1562386899 40.2423117115623
392790 154.872909969466 -13283.9515750659 -13129.0786650964 24792.8883897226 24708.2796332005 24856.504944076 24813.8805918912 119.151230906452 65207.8821881985 40.2500754214753
392800 154.356477391586 -13282.6745381385 -13128.3180607469 25157.0654024338 25087.6858668663 25149.6162724463 25233.8940679888 89.3414124291302 65184.2234612413 40.2452069878715
392810 155.281834302294 -13283.4245339742 -13128.1426996719 24884.7356251301 24777.6921338727 24822.8916611058 25053.6230804117 -40.8824415881 65204.4314334418 40.2493654071608
392820 155.880320804569 -13283.2357618253 -13127.3554410207 25061.6652041834 24906.0254248404 25038.6849848551 25240.2852028547 -175.217203570841 65191.5686594338 40.2467185904403
392830 155.35233942209 -13282.1792692224 -13126.8269298003 25020.1444848187 24825.9809393755 25096.4031880284 25138.0493270522 -206.130083281463 65200.0712286195 40.2484682319984
392840 155.061546129365 -13281.4377203575 -13126.3761742281 24866.0871734027 24679.2454884275 25000.8600065847 24918.1560251959 -144.92161638342 65216.814922934 40.2519132710227
392850 155.929417614359 -13281.1594628767 -13125.2300452624 25244.5148014496 25112.4646681034 25398.4808854771 25222.5988507684 -33.4619266879371 65190.6240447314 40.2465242001405
392860 157.061464097824 -13282.2771706371 -13125.2157065393 24605.1860020469 24536.3330190758 24763.9137264601 24515.3112606048 2.54848402344817 65235.2834012942 40.2557125030074
392870 158.048378179091 -13281.5174695787 -13123.4690913996 25557.3809405792 25539.8627978631 25679.9092728426 25452.3707510318 -41.7962112214433 65163.5783974431 40.2409577357572
392880 158.144148159427 -13282.5481482906 -13124.4040001312 24279.824075079 24316.0797596693 24301.027334893 24222.3651306748 -56.3751141538887 65256.4182027504 40.2600593563441
392890 158.103460497249 -13280.3131734802 -13122.2097129829 25889.1696635431 25947.7305528706 25801.8080772723 25917.9703604863 -36.5228835567156 65141.2041983289 40.2363515723647
392900 157.939469487961 -13282.1001829268 -13124.1607134388 23959.1594503257 23905.4680951961 23852.5825171163 24119.4277386646 -20.8303759084869 65284.8248063355 40.2659003431843
392910 158.400139656356 -13279.9068240583 -13121.5066844019 26180.3353915499 25936.6762898642 26137.1134060465 26467.2164787391 -31.7043618307828 65127.6530537142 40.2335612932121
392920 158.014872195898 -13282.2611715739 -13124.246299378 23701.2889177227 23350.9475887487 23714.2115445239 24038.7076198956 -37.946178265373 65310.6915334045 40.2712176050412
392930 157.541381821487 -13278.7317948371 -13121.1904130157 26391.6256286448 26070.9345640595 26396.8201226889 26707.1221991861 -13.6976942805036 65117.8836114924 40.2315494539539
392940 155.572318778601 -13280.0252866351 -13124.4529678565 23555.6470426809 23322.3355142022 23578.3683752347 23766.2372386058 6.87946212752746 65326.8391375715 40.2745362556359
392950 154.434813911004 -13275.6476697556 -13121.2128558446 26462.715362098 26296.3904298671 26547.1710566232 26544.5845998037 33.399750522732 65118.33298974 40.2316419996602
392960 155.366823517545 -13279.8118350754 -13124.4450115579 23523.6912648536 23399.8090202271 23627.0044318928 23544.2603424411 38.8743329140442 65324.9727755145 40.2741527094387
392970 159.134898004748 -13280.1280501178 -13120.9931521131 26441.1064675258 26366.3144086141 26508.8015104621 26448.2034835013 101.672298842937 65102.3689078204 40.2283540688487
392980 161.309385735242 -13285.4478521043 -13124.138466369 23658.0213037167 23662.7654996227 23665.4259651547 23645.8724463726 170.379654403892 65297.3032521367 40.2684656348228
392990 161.15885317013 -13282.6317916672 -13121.4729384971 26274.4826220677 26345.9072636778 26200.1309362255 26277.4096662996 152.220066307431 65112.0150572794 40.2303408350157
393000 158.777698115571 -13283.4651729424 -13124.6874748269 23843.9402110782 23953.6592419037 23687.628294328 23890.533097003 33.5273106657651 65296.714652669 40.2683446391743
393010 157.853329666763 -13280.5414910046 -13122.6881613378 25988.3821961144 26037.80247108 25805.7055778756 26121.6385393876 -64.7986935390482 65142.8123831309 40.2366826836145
393020 158.191487979304 -13283.3054893253 -13125.114001346 24167.1256469459 24072.4711663267 24035.7680788837 24393.1376956274 -91.7601418562651 65269.6397360573 40.2627781886309
393030 158.59471568325 -13282.4122000168 -13123.8174843336 25661.9076792434 25398.9240067503 25604.3509094018 25982.4481215782 -67.3669513119019 65155.5810873199 40.2393114552594
393040 156.83177425396 -13282.4304232335 -13125.5986489795 24539.2777206811 24191.1075158477 24517.7993213446 24908.926324851 -47.1155567137479 65236.9119842656 40.2560474915745
393050 154.235670331284 -13279.5966252631 -13125.3609549318 25291.3402621227 24980.3073371234 25251.6357153466 25642.0777338982 -1.25922304372281 65190.0353844995 40.246403060023
393060 152.762468378987 -13279.1003310867 -13126.3378627077 24864.7110242217 24657.5614216046 24834.9790995815 25101.5925514789 67.6668263809074 65226.2708140946 40.2538585736126
393070 154.029534528694 -13280.5281471509 -13126.4986126222 24934.9607681769 24843.4357894381 24960.1458829831 25001.3006321095 93.3406751199843 65215.9048421032 40.2517260357465
393080 156.861414135462 -13283.1262761934 -13126.2648620579 25206.2261759062 25209.2856754074 25276.4988093016 25132.8940430098 60.9583508725623 65183.19202989 40.2449947157144
393090 158.281064258024 -13285.2755958025 -13126.9945315444 24684.0507814833 24765.0264646202 24750.9870981637 24536.138781666 -27.5181307063901 65212.9308731873 40.2511141747697
393100 157.470683285173 -13283.9276498349 -13126.4569665497 25453.1569413886 25558.7706007123 25495.4825225483 25305.2177009053 -125.255150494922 65160.032884469 40.240227893367
393110 156.256871785275 -13284.2285648778 -13127.9716930926 24440.4327780216 24531.5397791956 24452.3564339834 24337.4021208859 -136.272968065927 65238.1623370691 40.2563046769559
393120 156.826396504869 -13283.7312497984 -13126.9048532935 25619.5472182918 25667.4625389311 25604.3536611602 25586.8254547841 -89.8453933126987 65151.6410230747 40.2385003266469
393130 157.703321535292 -13286.2774751059 -13128.5741535706 24318.4908688464 24309.6138797462 24297.4544226668 24348.4043041261 -49.6908409012331 65240.5484137291 40.2567954605429
393140 157.567982960081 -13284.8112725487 -13127.2432895886 25742.434564134 25653.0507324315 25744.9275345676 25829.3254254028 -33.4544579535804 65136.0876406322 40.2352980814281
393150 155.059140127173 -13284.3726789427 -13129.3135388155 24248.2956297092 24124.1121554352 24292.202356043 24328.5723776494 -9.55784472854067 65249.2566794832 40.2585865311023
393160 152.07335655418 -13280.0627815601 -13127.9894250059 25755.9108745067 25646.9983958093 25843.8854186831 25776.8488090278 34.4085498844904 65147.6597989544 40.2376806913635
393170 150.494719422687 -13280.4116324429 -13129.9169130202 24232.6778957614 24122.8349246953 24377.7520643426 24197.4466982462 55.0556550634053 65259.7739659051 40.26074945913
393180 151.945025339073 -13280.1661821639 -13128.2211568248 25729.1995881618 25618.2855219866 25907.1495543407 25662.1636881581 17.4812022999854 65145.7485265115 40.2372871959174
393190 154.011055451006 -13283.757561716 -13129.746506265 24309.4801516409 24224.8476069794 24482.416594541 24221.1762534024 -17.1150796141349 65242.279092477 40.2571514301865
393200 155.317653342006 -13283.4827301646 -13128.1650768226 25655.8473911979 25605.4921722589 25835.7018745904 25526.3481267443 6.73015717769581 65141.2227427972 40.2363553905404
393210 155.582215424825 -13285.1675025714 -13129.5852871466 24398.6394715739 24352.8439669796 24624.1095671136 24218.9648806284 64.7201142619337 65232.3395054096 40.2551069492698
393220 156.218297934112 -13284.5087528376 -13128.2904549035 25532.9355701258 25472.3226054294 25774.9241327562 25351.5599721919 79.3136358419097 65148.7114918829 40.2378972120933
393230 156.804099492709 -13286.2176045519 -13129.4135050592 24531.9177912615 24486.849390316 24684.7712146061 24424.1327688623 1.85604244357967 65218.5466860351 40.2522695501063
393240 156.681652446148 -13285.1818578226 -13128.5002053765 25417.7837158141 25414.5585471112 25419.2355993041 25419.5570010269 -117.91702936592 65155.7830157985 40.2393530247582
393250 154.826377476379 -13284.366949747 -13129.5405722706 24656.9135251135 24685.4249624402 24508.386349183 24776.9292637172 -147.899023479574 65216.6577605061 40.2518809373702
393260 152.986949691457 -13282.0135502991 -13129.0266006076 25264.852098064 25334.7807649282 25025.4001306376 25434.3753986264 -64.3491187487239 65178.2608793588 40.2439798368502
393270 152.514263629464 -13282.1333138055 -13129.619050176 24786.7416763398 24901.4397773359 24529.6589024346 24929.1263492488 38.159251545416 65213.2879373531 40.2511876377271
393280 153.56365486969 -13282.7331425477 -13129.1694876781 25143.2435449891 25294.973314396 24940.1642328164 25194.5930877549 67.8933928004825 65184.5975541743 40.245283976944
393290 155.084947617727 -13284.4191129653 -13129.3341653476 24917.4325384921 25083.702818591 24833.1815406858 24835.4132561996 20.888081017983 65197.1192097756 40.2478607887466
393300 155.982702330167 -13285.1378955802 -13129.15519325 25035.7649414912 25170.0954971686 25086.0504616153 24851.1488656896 -63.2005118284992 65187.8239138542 40.245947955983
393310 155.44095552146 -13284.636058934 -13129.1951034126 25019.0523819741 25055.8016306961 25179.2122632743 24822.1432519517 -106.994860278555 65191.7198083442 40.2467496948867
393320 154.168491252507 -13283.5130080961 -13129.3445168436 24936.4453906281 24882.91041709 25123.1328019876 24803.2929528067 -73.7264366670636 65202.2683183134 40.2489203199579
393330 153.678965793445 -13282.8378321012 -13129.1588663077 25086.6150267154 25029.9708598103 25191.6721442059 25038.2020761301 -5.80681037629054 65192.5059795166 40.2469114777394
393340 154.421078809449 -13283.7151634931 -13129.2940846836 24876.8197558524 24865.3776659869 24898.5274375811 24866.5541639893 6.4705014690621 65205.1658744347 40.2495165250743
393350 155.569754161696 -13284.4455379639 -13128.8757838022 25150.1943341983 25200.0815759683 25131.465975587 25119.0354510395 -72.2404322011894 65183.6078409659 40.2450802913485
393360 155.919642392787 -13285.0780379188 -13129.158395526 24839.9732708744 24936.1566209555 24815.3614899621 24768.4017017057 -171.539519313484 65207.1420743031 40.2499231405352
393370 155.597377218731 -13284.3206199596 -13128.7232427409 25162.6164490472 25248.2210957943 25162.1597069822 25077.4685443653 -227.559679221029 65184.4059646595 40.2452445474762
393380 155.434863276153 -13284.4412660081 -13129.006402732 24829.1921244581 24855.7572215294 24849.7675313874 24782.0516204573 -199.566303933862 65207.7490572863 40.2500480294243
393390 155.957486211443 -13284.4607406725 -13128.5032544611 25158.6976235622 25126.1918877059 25221.4623955226 25128.4385874581 -79.722889619086 65180.9607021895 40.2445354930559
393400 156.073844890392 -13284.7991677724 -13128.725322882 24857.4542125326 24830.5809177951 24971.9417999196 24769.8399198831 66.520089446773 65200.6108584066 40.2485792707954
393410 155.396968271219 -13283.7693029459 -13128.3723346747 25148.3019511778 25198.1573212108 25265.6067937576 24981.1417385651 119.558249136773 65183.243415169 40.2450052910364
393420 154.451289938446 -13283.1387069177 -13128.6874169793 24858.0228223498 25012.7401452122 24872.7727360038 24688.5555858334 43.3555547914135 65209.2919025288 40.2503654717848
393430 153.70695011829 -13282.0302145341 -13128.3232644158 25132.2401963905 25308.4107140401 25006.7843097732 25081.5255653582 -73.276050612311 65193.8238822473 40.2471826804711
393440 153.122563110032 -13281.6239188592 -13128.5013557492 24873.6252110699 24940.8522872694 24702.3057258511 24977.7176200892 -103.852746614151 65216.6038766531 40.2518698516185
393450 153.712810044927 -13281.7117291836 -13127.9989191387 25100.2605115725 24977.9492373556 24993.8844229993 25328.9478743626 -18.6211106096839 65200.4177874482 40.2485395429496
393460 155.484277000858 -13283.3073364084 -13127.8230594075 24896.7286623835 24653.9522068272 24905.5636310448 25130.6701492786 119.143930936255 65209.6690387166 40.250443067271
393470 157.088955970661 -13284.2373842345 -13127.1484282639 25106.2857540939 24886.5876779697 25221.4145192306 25210.8550650814 183.519405652493 65189.651500484 40.2463240603156
393480 157.141394345752 -13284.1645205711 -13127.0231262253 24919.3876759981 24816.4783796082 25032.8172199773 24908.8674284087 145.34485317039 65205.1670974902 40.2495167767282
393490 155.762775958101 -13282.3304309365 -13126.5676549784 25067.5717308572 25087.1951818856 25069.0990740584 25046.4209366277 44.4681209608747 65198.9952176448 40.2482468210349
393500 154.184198125328 -13280.5923476467 -13126.4081495213 24941.8128133127 25033.9162833081 24796.6050433329 24994.917113297 -53.5048631282068 65212.3524727286 40.2509951731575
393510 153.88514730036 -13279.8234610247 -13125.9383137243 25033.3372485194 25159.0708621738 24806.6950546962 25134.2458286882 -65.6302710841456 65207.9569047244 40.2500907945895
393520 155.247398824862 -13280.7769544713 -13125.5295556464 24965.8084108544 25094.7643763689 24730.9588591903 25071.701997004 27.338991051905 65209.8755678463 40.2504855603569
393530 157.270588688364 -13282.208894448 -13124.9383057596 25018.3461161073 25102.814538013 24860.6647384953 25091.5590718135 172.387633868568 65200.7598743911 40.248609933479
393540 158.825904530824 -13283.3057573011 -13124.4798527703 25000.3560886083 25002.7975366886 24975.6208124411 25022.649916695 214.704902745684 65197.840423737 40.2480091961836
393550 159.649643444537 -13283.8152585251 -13124.1656150805 24999.9151281222 24934.9692481719 25069.5761772736 24995.1999589212 113.088537213219 65199.4042160817 40.2483309810007
393560 159.843234352082 -13283.825468618 -13123.9822342659 25017.4122077325 24958.5720718669 25099.7013699099 24993.9631814205 -24.2915999559243 65203.301394503 40.2491328891558
393570 159.378030406757 -13283.3526796947 -13123.9746492879 24963.4489788327 24958.6082497514 24990.7791211826 24940.9595655641 -66.1067205214493 65212.1429559765 40.2509520664633
393580 158.269228221695 -13282.1529237651 -13123.8836955434 25049.483348948 25086.6451971397 25038.1966469067 25023.6082027975 -0.20090807550776 65210.0576563135 40.2505230247355
393590 156.816675670069 -13280.9019679339 -13124.0852922639 24931.7587031055 24949.6782249739 24917.9766703164 24927.6212140262 90.7644045913554 65222.5955940561 40.2531025154348
393600 155.954249637547 -13279.926155631 -13123.9719059935 25062.3226158898 25054.6881119875 25019.93395878 25112.345776902 128.812174643746 65212.5747804822 40.2510409114152
393610 155.996791156328 -13280.1158145854 -13124.1190234291 24916.6911678459 24950.5614752164 24790.8495602746 25008.6624680466 104.519816202141 65217.8734998579 40.2521310549181
393620 156.307588848398 -13280.2242870371 -13123.9166981887 25105.1065952213 25221.7812491301 24868.7514087115 25224.7871278224 36.9705540634875 65199.3722773499 40.2483244089526
393630 156.634311227491 -13280.886731415 -13124.2524201875 24882.7591946986 25032.2271303114 24589.1259896378 25026.9244641466 30.7315440763124 65213.5335331567 40.2512381668481
393640 157.793081192815 -13281.9029007422 -13124.1098195494 25129.9234677678 25209.3973850103 24860.5215198139 25319.8514984792 96.9180647880921 65194.322899078 40.2472853689831
393650 158.93931597682 -13283.5744808504 -13124.6351648736 24864.0065993713 24847.225358324 24672.5933209794 25072.2011188106 203.264398808774 65213.5309291984 40.2512376311079
393660 158.815031673118 -13283.5026751188 -13124.6876434457 25150.263275028 25075.3222566376 25076.7715909974 25298.6959774491 232.129130173082 65196.453696313 40.2477238420805
393670 157.665628622322 -13283.1654196255 -13125.4997910032 24824.6048071301 24759.2650305328 24897.6189269963 24816.9304638613 178.549390798335 65222.0232718944 40.2529847760235
393680 156.704368534135 -13282.2420286852 -13125.537660151 25176.2778755974 25126.1331583785 25377.6580694923 25025.0423989212 92.8052410631206 65193.2580608084 40.2470662441619
393690 155.661073142756 -13282.1195099766 -13126.4584368339 24832.3564824033 24769.6267318454 25085.076415938 24642.3662994265 52.9921331326936 65218.1823018819 40.2521945851502
393700 154.868345408176 -13281.5093445134 -13126.6409991052 25160.3334173514 25076.5950546816 25357.2296877002 25047.1755096724 81.1365488646115 65195.0070745376 40.2474261588935
393710 154.909678704992 -13282.4136680832 -13127.5039893782 24829.4808617702 24762.6968427837 24896.0686504566 24829.6770920703 97.0591766112721 65216.2844907288 40.2518041428834
393720 155.283569400342 -13282.8220930144 -13127.538523614 25163.0945801092 25173.2238392552 25075.6086504679 25240.4512506045 64.9709663258022 65186.0918451657 40.2455915020753
393730 154.963873795794 -13283.2615983669 -13128.2977245711 24859.0450915511 24950.972749581 24676.5873301225 24949.5751949499 -10.5697972706556 65204.4025991122 40.249359474212
393740 154.446198809976 -13282.8614977165 -13128.4152989065 25131.8912711345 25299.5617876203 24895.8310176968 25200.2810080864 -61.2186968294078 65184.5276021238 40.2452695806948
393750 154.259262422743 -13283.3243934014 -13129.0651309787 24876.4610265628 25054.1298933662 24601.0744492651 24974.1787370569 -18.4065046462907 65202.4286010206 40.2489533004088
393760 154.592037372513 -13283.6971253764 -13129.1050880039 25103.7377301968 25163.0647569969 24845.3059238819 25302.8425097114 44.0077760615194 65184.9055841232 40.2453473699014
393770 154.760861479232 -13284.335594894 -13129.5747334148 24920.5695249128 24802.5474341462 24749.7006150581 25209.460525534 59.1958905576283 65198.0179358068 40.2480457234718
393780 154.627601567048 -13284.2737977308 -13129.6461961637 25049.675186237 24803.7581125351 25017.2043655934 25328.0630805826 -23.0097271425441 65188.2179333111 40.2460290429798
393790 154.34700937356 -13284.2487345277 -13129.9017251542 24981.6825287924 24719.7355722496 25071.9979238989 25153.3140902288 -112.814927843892 65192.658593021 40.2469428832786
393800 154.226627855456 -13284.2864353512 -13130.0598074958 24981.8385701763 24799.0416161279 25131.6947384786 25014.7793559225 -158.629750346967 65193.2198431347 40.2470583795984
393810 154.200055559722 -13284.27969842 -13130.0796428602 25053.3391489848 24981.8384748365 25158.6193010002 25019.5596711177 -198.043888419589 65187.1042071383 40.2457998435294
393820 153.927477863705 -13284.247909957 -13130.3204320933 24908.6997882733 24927.4641671752 24903.4198454367 24895.215352208 -223.428090073096 65197.0864202437 40.2478540414713
393830 153.217798298865 -13283.3682515065 -13130.1504532076 25137.2256712841 25248.5472589526 25013.2309091452 25149.8988457544 -206.262865532127 65182.8658253511 40.2449275812204
393840 153.026366617501 -13283.5630584728 -13130.5366918553 24798.0387720857 25001.6462361843 24564.927705653 24827.5423744198 -127.35595242267 65206.8443262217 40.2498618775342
393850 154.647939618792 -13284.5635053198 -13129.915565701 25240.4995012454 25451.0666280586 24959.0985057689 25311.3333699086 -28.1155667933836 65168.4641264567 40.2419634176947
393860 156.655572573628 -13287.0272919568 -13130.3717193831 24723.2969420679 24818.4716482652 24504.1734792747 24847.2456986638 27.0873090181404 65199.5324284545 40.2483573633002
393870 157.052600888835 -13286.7289455628 -13129.676344674 25342.0387542704 25285.8836933831 25233.4580610804 25506.7745083476 30.440220060013 65154.9224138856 40.2391758585111
393880 155.383029406081 -13286.0251541979 -13130.6421247918 24615.9540676564 24467.8997896899 24612.8111189852 24767.151294294 -5.24982737781581 65214.5899389194 40.2514555113575
393890 153.658526326512 -13283.5178773628 -13129.8593510363 25417.1940163181 25253.1679964712 25482.2745151239 25516.139537359 -53.9288833137609 65162.0270955761 40.2406384041623
393900 153.20310993789 -13284.106223654 -13130.9031137161 24525.9427377334 24440.0472518134 24554.9057727207 24582.8751886661 -54.7029047225812 65228.1653850553 40.2542483094873
393910 154.001384718985 -13283.735190922 -13129.7338062031 25503.3006341126 25518.605806343 25433.6341215399 25557.6619744549 -15.2997432757544 65154.6312786728 40.2391159241371
393920 154.094411236911 -13284.9259562123 -13130.8315449754 24477.1554694578 24578.5380431669 24338.6286662353 24514.2996989712 15.9564272352724 65227.842293274 40.2541818461828
393930 153.413943676997 -13282.9953954354 -13129.5814517584 25547.1724123874 25666.8838633909 25412.2654202995 25562.3679534717 28.6443711914689 65151.8875532515 40.2385510799967
393940 152.674059797639 -13283.4391617441 -13130.7651019465 24436.899262072 24481.6443665674 24402.6735208667 24426.3798987819 46.141353616132 65233.939829516 40.2554361351293
393950 153.424743587482 -13282.786800109 -13129.3620565215 25549.8488985945 25502.8337435373 25633.1819802665 25513.5309719797 131.514554977166 65152.9466917359 40.2387691241633
393960 154.688285455746 -13285.0522043479 -13130.3639188921 24474.4937406587 24376.8567343988 24626.3296246648 24420.2948629124 231.721433982472 65228.1820067041 40.2542517287256
393970 155.924214037109 -13284.9529799095 -13129.0287658724 25497.0963437663 25359.9724676788 25654.2637973988 25477.0527662212 261.2914960131 65154.4193649262 40.2390722985298
393980 156.763713264939 -13286.6974230053 -13129.9337097404 24542.0333299054 24376.2655410795 24643.1720510046 24606.6623976322 191.617408114256 65223.3937203188 40.2532667066272
393990 156.918488838914 -13285.7404673079 -13128.821978469 25411.2409320876 25249.0030760243 25427.3532880367 25557.3664322018 75.6207476089407 65161.2907125339 40.2404868197879
394000 155.502427547516 -13285.1292688045 -13129.626841257 24661.0303554462 24560.2626329409 24566.4801551572 24856.3482782405 9.01691770052349 65220.28357673 40.2526268777651
