# Fix print output for fix setl_out
270000 154.446509286353 -13285.6284630841 -13131.1819537978 14181.1644791029 14156.5957664638 14094.7606167772 14292.1370540677 -226.007371680901 66027.844579378 40.4180825702481
270010 154.07311942196 -13284.0674984207 -13129.9943789988 15816.2454943347 15847.2230456493 15798.1576757022 15803.3557616527 -222.753008083053 65901.910628585 40.3923699418834
270020 154.357380952425 -13285.4523628965 -13131.0949819441 14197.2181465538 14281.5346306086 14250.135164757 14059.9846442957 -187.171025409919 66022.3230389363 40.4169558925562
270030 155.338594074547 -13285.2645818223 -13129.9259877478 15792.8023288795 15943.8503576205 15882.207519268 15552.3491097499 -149.836638643671 65901.7420092936 40.3923354920041
270040 155.693648384681 -13286.7050958954 -13131.0114475108 14232.4392367145 14445.9656025678 14316.4184183448 13934.9336892308 -161.116110321807 66021.8367530879 40.4168566622705
270050 156.667358612855 -13286.6010866439 -13129.9337280311 15730.1595916289 15938.5431908944 15820.7368041831 15431.1987798093 -241.891135857432 65909.442863397 40.3939087603166
270060 157.649388892973 -13288.5871306496 -13130.9377417566 14300.6504841364 14425.3041976109 14381.8039772414 14094.8432775569 -262.593338226848 66015.9065682981 40.4156465242469
270070 157.958810250288 -13287.9696780585 -13130.0108678082 15663.4286924884 15687.1042145936 15687.2518885005 15615.9299743711 -211.959518460594 65910.5296099447 40.3941307704855
270080 156.765259437486 -13287.8019938083 -13131.0367343708 14393.7650417442 14335.9055428195 14346.7619441076 14498.6276383053 -98.9527754675336 66007.1314802234 40.413855710531
270090 155.900887762862 -13286.3121904643 -13130.4113027015 15546.3667590595 15467.4366828675 15417.0779110858 15754.5856832252 9.87829165607199 65922.0820838239 40.3964906608897
270100 155.573832156416 -13286.9228520691 -13131.3490199127 14515.2977938797 14465.3827183044 14329.7460368957 14750.7646264391 87.5200974314179 66000.0961947524 40.4124198398529
270110 155.818985233061 -13286.7866219968 -13130.9676367637 15417.5721199987 15423.3117308402 15221.9742705953 15607.4303585605 83.6304623207738 65933.1224005879 40.3987456723813
270120 155.385288661303 -13287.2011047684 -13131.8158161071 14661.2925365327 14708.3554582314 14526.3446349787 14749.1775163879 7.17133260356311 65992.6520567035 40.410900413061
270130 154.32618674015 -13286.106338028 -13131.7801512879 15251.8944773929 15325.1984097518 15174.0514420012 15256.4335804258 -42.7227618864151 65952.791965707 40.4027626051141
270140 153.53962114344 -13286.0016923426 -13132.4620711992 14820.6785732081 14917.2257018565 14751.6195356403 14793.1904821275 -41.9691916163192 65986.7345472084 40.4096925056784
270150 154.493950273092 -13287.1109742075 -13132.6170239344 15058.8984913571 15186.138425631 14962.0847954243 15028.472253016 -4.38533354069379 65962.1215181264 40.4046676137729
270160 156.278082787658 -13289.23298925 -13132.9549064623 15057.0158780171 15207.6582582619 14924.4419752756 15038.9474005138 35.366783198392 65951.4407502005 40.4024866844617
270170 156.73764780406 -13290.314671392 -13133.5770235879 14838.688432208 14949.1721811568 14728.6594008843 14838.2337145831 30.5533188204543 65963.5853403412 40.4049664964809
270180 155.243351627711 -13289.1102624986 -13133.8669108709 15318.6950481459 15309.462599919 15286.3761602385 15360.2463842803 7.14023546744088 65932.1239218796 40.3985417410361
270190 152.97833369919 -13288.0877056329 -13135.1093719337 14491.4785724965 14341.3265056433 14516.605095031 14616.5041168151 -10.4167741825534 65998.6299914822 40.4121205813956
270200 152.319141809413 -13287.1586821132 -13134.8395403038 15687.2582195958 15429.9644674817 15716.1095444786 15915.7006468271 1.04663184664565 65907.0924201335 40.3934285826908
270210 153.604269673311 -13290.0216161198 -13136.4173464465 14078.8467651342 13842.6611689591 14048.1150057129 14345.7641207305 43.5696617689107 66019.4204147054 40.4163635830192
270220 155.992912825992 -13291.3177958194 -13135.3248829934 16167.7250141045 16046.9846205454 16099.7491074338 16356.4413143342 46.4496679288418 65849.7794983065 40.3817164552315
270230 156.2995140844 -13293.8586512024 -13137.559137118 13622.0066583281 13612.4209553704 13592.2512122933 13661.3478073207 -15.0171412603827 66038.0678978715 40.4201684862199
270240 154.900046287664 -13290.8196695335 -13135.9196232458 16629.4440247406 16687.4185923453 16645.3328485714 16555.5806333051 -123.371921868928 65815.1662998067 40.3746398162925
270250 151.902225061442 -13290.739725054 -13138.8374999926 13159.1050574074 13245.8976664217 13192.548425142 13038.8690806585 -195.87475951907 66084.9206946443 40.429725348924
270260 150.360643237466 -13286.7967700146 -13136.4361267771 17011.9703365866 17072.2666560622 17059.5901016728 16904.0542520249 -216.357982149692 65798.5657389894 40.3712449654245
270270 149.127861513773 -13288.6688665213 -13139.5410050075 12874.3711197801 12858.5032903519 12972.3540280146 12792.2560409737 -164.328036960306 66112.9462238551 40.4354397353187
270280 149.961650676133 -13286.4862907911 -13136.524640115 17185.0143600785 17113.3536661661 17297.7399802324 17143.9494338369 -75.7812843496632 65786.3000905089 40.3687362467503
270290 151.190218068482 -13290.7071643163 -13139.5169462478 12830.6616995608 12762.177616739 12895.4677923266 12834.339689617 5.76674770839779 66111.3224278512 40.4351086884927
270300 153.55203707926 -13289.8781164378 -13136.3260793585 17100.4016016249 17043.7233407116 17118.8659567628 17138.6155074004 60.210271523806 65781.5923593283 40.3677732818598
270310 153.837329598825 -13292.8798153167 -13139.0424857179 13061.8473912609 12984.3035468299 13073.2495369028 13127.9890900501 87.3015147737011 66084.9342219476 40.4297281075216
270320 154.120231131768 -13290.423974687 -13136.3037435553 16782.9847507001 16690.4454634185 16823.61871823 16834.8900704519 71.9580584902685 65806.2185862039 40.3728100602913
270330 154.021951478293 -13292.5895126472 -13138.5675611689 13396.3953123114 13353.7187629954 13447.3345287763 13388.1326451625 33.5320424355339 66062.182595784 40.425087878744
270340 154.89316883067 -13291.1486994764 -13136.2555306457 16428.6704769169 16454.796343812 16460.6421302498 16370.5729566888 -53.4378353051026 65829.8250524077 40.3776370885809
270350 154.210442297352 -13292.241855024 -13138.0314127267 13770.2386460813 13859.0867584916 13772.3473662621 13679.2818134901 -146.938027576904 66033.6859986513 40.4192744512688
270360 152.830176139642 -13289.1572729188 -13136.3270967791 16084.6452929457 16189.3918608801 16037.9204420559 16026.6235759009 -209.559743078135 65866.4812163686 40.3851302202975
270370 151.303045477949 -13288.9626140598 -13137.6595685818 14043.198606305 14113.5380886584 13929.2343767885 14086.8233534682 -243.293097155942 66027.1537226606 40.4179416034514
270380 151.378814793426 -13287.555986724 -13136.1771719306 15833.473863297 15865.2723019631 15657.2914302296 15977.8578576982 -262.919298368188 65892.7554673912 40.3904994054054
270390 151.628411170094 -13288.6332741727 -13137.0048630026 14265.5857231856 14258.8778823275 14069.7132057556 14468.1660814736 -244.502819599448 66010.813164046 40.4146070852646
270400 152.19674876029 -13287.8941071932 -13135.6973584329 15642.6256453792 15632.2318221575 15443.1248411176 15852.5202728624 -209.796065725317 65905.4832001748 40.3930998247472
270410 152.623120668255 -13288.8012858254 -13136.1781651572 14437.2120016739 14444.5022402035 14259.3748272119 14607.7589376063 -218.407194704158 65994.1080470857 40.4111976049846
270420 153.732836983226 -13288.7806927056 -13135.0478557224 15482.3347306328 15539.8839680696 15350.9366856106 15556.1835382183 -233.336301914655 65912.2542406305 40.3944830882424
270430 154.92027135306 -13290.2267391904 -13135.3064678373 14602.0935445815 14717.0026623113 14557.6104866575 14531.6674847757 -216.888341364037 65977.5667540851 40.4078209938674
270440 155.606685794124 -13290.0911615379 -13134.4844757438 15324.4625109251 15504.3142836245 15344.0530860928 15125.0201630581 -179.71497546779 65923.9218681217 40.3968664587785
270450 154.826262687123 -13289.4801636571 -13134.65390097 14764.5806602461 14971.3021240818 14793.859096378 14528.5807602785 -188.346095701473 65971.7387913043 40.4066311843473
270460 153.759093129613 -13287.9551713644 -13134.1960782347 15142.7563530018 15324.1680935769 15141.817986294 14962.2829791345 -254.711203767412 65949.1905734027 40.4020271859223
270470 153.824273036533 -13287.9408111518 -13134.1165381153 14921.6658307426 15023.33029634 14901.9119347347 14839.755261153 -309.852000070227 65966.3901390872 40.4055391669554
270480 155.223961385099 -13289.014231761 -13133.7902703759 14985.3231819694 15019.8819897785 14971.9121003774 14964.1754557524 -269.673868090182 65956.6983861223 40.403560282038
270490 156.52472194102 -13289.9780843568 -13133.4533624158 15101.6531986783 15072.9007718876 15122.2674802559 15109.7913438914 -161.494387409859 65942.5891856542 40.4006790857436
270500 156.310222235199 -13289.798294109 -13133.4880718738 14843.4782552473 14768.4627836222 14912.932464234 14849.0395178856 -60.1232078838325 65963.4274249064 40.4049342535754
270510 154.949568031222 -13288.1042892208 -13133.1547211896 15236.682947794 15171.0792667124 15312.6196830213 15226.3498936484 -16.938326245161 65941.1991342104 40.4003952053885
270520 153.981416781164 -13287.4900066881 -13133.5085899069 14675.4380343039 14639.8836052568 14717.0443041292 14669.3861935258 3.82492625957907 65990.7865444015 40.410519624494
270530 154.529397388744 -13287.4384965611 -13132.9090991723 15390.0232465275 15356.5751708754 15408.8527689557 15404.6417997514 5.55616232161723 65939.5818440015 40.4000649126497
270540 155.142311923305 -13288.5468289027 -13133.4045169794 14533.7961055584 14489.3724875468 14551.2592913058 14560.7565378226 -22.5507335177747 66005.4331948325 40.413509107329
270550 155.079627102087 -13287.6667326373 -13132.5871055352 15533.8409530507 15494.6850084066 15546.9404401184 15559.8974106271 -79.2202059366774 65930.2515896604 40.3981593265022
270560 154.043892349361 -13287.3210343421 -13133.2771419927 14390.7854233988 14370.9445008642 14397.1702102604 14404.2415590719 -158.995706333319 66015.5814378196 40.4155801746819
270570 153.638941957182 -13285.8604496236 -13132.2215076665 15667.5520676077 15664.7930987911 15664.165800031 15673.6973040011 -215.727141160908 65915.6293645242 40.3951725607316
270580 154.107139603461 -13287.1229049755 -13133.0157653721 14269.7817187429 14246.3189685966 14265.4529562715 14297.5732313606 -197.027881907409 66015.5562915534 40.4155750430597
270590 155.345718914601 -13287.0923360444 -13131.7466171298 15794.0123323038 15702.7893667989 15815.0590234652 15864.1886066474 -194.664533104216 65896.192741337 40.3912017122386
270600 155.987689716967 -13288.7326925155 -13132.7450027985 14164.2082165675 14030.8852306986 14210.3898294988 14251.3495895051 -265.79098042395 66018.2370325512 40.4161220970601
270610 156.583768743905 -13288.0010431966 -13131.4172744527 15887.5930836151 15775.3237655074 15945.2755730767 15942.1799122611 -365.741262272277 65889.373129941 40.3898082994035
270620 156.102007861251 -13288.7500377599 -13132.6480298987 14073.9286462351 14020.6818674077 14136.5737706412 14064.5303006563 -409.618547614908 66030.4483867793 40.4186138588272
270630 155.0498783769 -13286.3307698478 -13131.2808914709 15965.4533311861 15970.8927072324 16020.278617955 15905.188668371 -391.062827791378 65891.7991611232 40.3903040077256
270640 153.371374217452 -13286.011997357 -13132.6406231395 13997.2423258895 14021.949645689 14042.6432143821 13927.1341175975 -324.605865798196 66044.5402315621 40.4214889582862
270650 153.349152896592 -13284.4637426065 -13131.1145897099 16018.3578209446 16050.0216081746 16033.8715934745 15971.1802611847 -253.790144082794 65892.1492868424 40.3903755475296
270660 154.664084286089 -13287.0668909677 -13132.4028066816 13955.8404164541 14004.8886817255 13908.1784766674 13954.4540909695 -176.748507393184 66043.8025716443 40.4213384667991
270670 157.014961313674 -13287.7382694448 -13130.7233081311 16076.3817845019 16141.6175931518 15941.656221842 16145.8715385121 -135.928383837411 65879.5131032032 40.3877934855945
270680 157.254289361365 -13289.4135185151 -13132.1592291538 13931.9846684309 14022.3550342664 13717.8154409707 14055.7835300558 -161.928391903867 66044.9381602961 40.4215701400643
270690 156.176281332836 -13286.8148657783 -13130.6385844454 16068.5177449808 16210.7109913523 15808.7958391771 16186.0464044131 -187.794773116304 65890.224913489 40.3899823447988
270700 154.70439280213 -13286.829344693 -13132.1249518909 13922.7644216463 14092.9184168642 13681.5877798381 13993.7870682366 -138.476447909151 66054.8954817493 40.423601435488
270710 155.150452579313 -13285.6732014268 -13130.5227488475 16051.65590333 16201.9024866608 15887.6067862298 16065.4584370995 -58.0208891576381 65890.3719716104 40.3900123931128
270720 156.514447907084 -13288.3860954663 -13131.8716475593 13976.5129763345 14065.2009012758 13920.7894023304 13943.5486253972 -60.46259787897 66040.8777792178 40.4207417629688
270730 158.17962920373 -13288.5212375836 -13130.3416083798 15979.7317729101 15953.1392762848 16047.6770933773 15938.3789490683 -145.807793912388 65881.9867087924 40.3882989650506
270740 157.437257130831 -13289.1214031876 -13131.6841460568 14124.1911683985 14002.8248577023 14286.4807591283 14083.2678883649 -200.419682598585 66023.6629001478 40.4172292987955
270750 154.947980476424 -13285.6302023472 -13130.6822218708 15780.9438250633 15581.277341192 15975.4332881648 15786.1208458331 -172.35376476123 65908.5966884138 40.3937358945387
270760 152.378221228555 -13284.2469265532 -13131.8687053247 14333.1404794907 14082.065844396 14489.6607017813 14427.6948922947 -86.8620564162628 66027.5281102475 40.4180179959968
270770 153.126407449753 -13284.2317205117 -13131.105313062 15466.091430273 15197.9910217058 15528.5276526426 15671.7556164707 16.7229596332963 65940.8796750447 40.4003299639432
270780 156.182782104492 -13287.756143081 -13131.5733609765 14707.157335693 14481.5418671311 14685.8568269888 14954.0733129591 106.262701702877 65987.651554098 40.4098796937804
270790 158.584556786913 -13289.819254005 -13131.2346972181 15097.2929726318 14981.5265353713 15029.2144563655 15281.1379261587 149.570609049701 65947.4440183834 40.4016705225289
270800 158.328706541589 -13289.6498805867 -13131.3211740451 15134.3170663548 15152.4697155184 15060.7121331445 15189.7693504016 102.809250943159 65942.6714153422 40.400695878805
270810 156.409246453696 -13288.3283555385 -13131.9191090848 14653.6853394108 14741.6229505485 14605.7454594432 14613.6876082406 -15.3294085577037 65981.8305189173 40.4086914196971
270820 154.794056971805 -13286.4112659283 -13131.6172089565 15534.3400900148 15601.3540697524 15517.4766541559 15484.1895461361 -86.961558227977 65917.3994884729 40.3955341533867
270830 154.519758997513 -13287.3651243694 -13132.8453653719 14288.7122122005 14301.4756776206 14286.2205701684 14278.4403888125 -42.4953263600728 66011.2365365216 40.4146934872486
270840 155.726995601148 -13287.8503089619 -13132.1233133607 15834.4287578248 15841.2456842598 15806.2953569759 15855.7452322388 82.5072399575912 65892.176653561 40.3903811392523
270850 155.348799803888 -13289.1489531733 -13133.8001533694 14099.4978100133 14113.419953943 14060.5234344843 14124.5500416127 184.167532474688 66024.1448457111 40.4173276416022
270860 153.198180679222 -13286.2106427324 -13133.0124620532 15948.3276233876 15970.8157547562 15897.1426119305 15977.0245034761 168.379197711644 65890.3697928784 40.3900119479339
270870 150.241575545744 -13285.1032583597 -13134.8616828139 14050.8752335445 14081.0092139408 13980.3185172217 14091.2979694708 37.4552199342032 66040.7016750227 40.4207058343705
270880 150.045311190645 -13283.9513307102 -13133.9060195196 15901.8575717812 15937.5330360808 15806.1743103747 15961.8653688882 -99.1337039232472 65900.8710752805 40.392157554301
270890 152.560758450853 -13287.9308147848 -13135.370056334 14115.048156092 14124.1701763439 13991.1210829924 14229.8532089398 -125.360011603387 66028.9487951134 40.418307879405
270900 156.550121911406 -13290.8203988543 -13134.2702769429 15835.5391334253 15777.1671958698 15684.1313764763 16045.3188279299 -66.6914053504676 65886.7758125078 40.3892775788604
270910 158.437474784006 -13294.0465892829 -13135.6091144989 14221.598706655 14102.9645162915 14084.3550041165 14477.4765995572 -10.0764788965555 66002.2149576565 40.4128522807367
270920 157.502772103966 -13292.3525069274 -13134.8497348234 15759.4333472006 15633.2251222555 15664.1241405338 15980.9507788124 -6.16037727944843 65886.445791862 40.3892101433871
270930 154.446722189571 -13290.763685913 -13136.3169637235 14276.7288765531 14222.2807559921 14221.8983142726 14386.0075593947 -25.5947468511091 66004.0380383698 40.4132243652861
270940 152.321012676642 -13288.021082768 -13135.7000700913 15692.4862394665 15772.2251583715 15587.7546766862 15717.4788833418 -69.3805295846765 65900.8670822456 40.3921567384933
270950 151.594395296585 -13288.5585121322 -13136.9641168356 14319.3276219319 14470.1230018474 14129.9300062085 14357.9298577399 -161.892409844485 66004.5553187528 40.4133299391984
270960 152.334893312692 -13288.5450719565 -13136.2101786439 15648.3848479323 15750.4847041661 15421.4936027503 15773.1762368805 -268.56301395261 65899.8253170037 40.3919438967482
270970 152.844519968783 -13290.0704127959 -13137.2258928271 14383.8729900134 14388.2930987857 14177.7536049812 14585.5722662733 -290.410756358247 65989.8813873459 40.410334861155
270980 152.626328659487 -13289.1179461496 -13136.4916174901 15602.4066133185 15518.2599549576 15467.3119790169 15821.647905981 -180.664594118869 65897.8635840768 40.3915430914743
270990 151.696750944058 -13289.1131002073 -13137.4163492632 14417.4788612428 14289.3654900358 14351.7889697689 14611.2821239237 -26.039092218618 65988.3950908453 40.4100314702464
271000 152.064245180822 -13288.6699621386 -13136.6057169578 15542.3053554633 15403.6072673621 15491.6459748965 15731.6628241314 3.91529213667462 65900.2034249211 40.3920211477601
271010 153.409560568865 -13290.6755145823 -13137.2659540134 14491.6293164351 14380.1407038079 14425.4085179852 14669.3387275123 -116.22435572868 65975.1810903621 40.4073339564326
271020 155.166494668211 -13291.6326086232 -13136.4661139549 15485.1280187782 15430.0559470156 15388.2773340898 15637.0507752292 -258.665271428936 65898.0257517328 40.3915762245489
271030 155.894486918465 -13292.9525385473 -13137.0580516288 14556.3837664777 14556.4760153164 14420.7680413998 14691.9072427169 -274.391879096077 65970.016259662 40.4062795069582
271040 155.343654273947 -13291.7569827434 -13136.4133284694 15405.3770259708 15466.1956127565 15248.9620846379 15500.9733805179 -153.42633978528 65908.7462381733 40.3937664462887
271050 153.19112795892 -13290.1185823579 -13136.9274543989 14650.1876431567 14778.5639578296 14485.8783582971 14686.1206133434 19.6726220966158 65971.6141601053 40.4066057394616
271060 151.014672150748 -13287.4432855718 -13136.428613421 15295.6166430959 15472.3781691455 15117.8491798801 15296.622580262 135.72310985701 65930.559251876 40.398222165475
271070 150.622506694443 -13287.2690301676 -13136.6465234731 14734.2220180928 14878.1914515103 14575.898361836 14748.5762409321 106.538289758538 65975.3467996403 40.407367786652
271080 152.234719256593 -13288.2014323935 -13135.9667131369 15199.3756766765 15268.604366585 15069.9111541139 15259.6115093307 -16.3512298803845 65935.2643250014 40.3991831364836
271090 153.386602326659 -13289.1766858744 -13135.7900835477 14878.523980512 14892.3008724115 14748.2406650839 14995.0304040407 -141.193081392111 65958.1021642734 40.403846920768
271100 153.444918123606 -13288.6900819016 -13135.245163778 15062.5253297109 15046.4167070747 14927.0223900737 15214.1368919844 -205.722516535364 65948.5587976836 40.4018981719493
271110 153.794264316892 -13288.5978201909 -13134.803555874 14986.9325221077 14922.478537467 14851.7823496622 15186.5366791939 -162.316502645636 65956.0001918005 40.4034177155937
271120 155.016687392917 -13289.2748564972 -13134.2581691042 14933.7022720452 14797.6119078124 14801.8603537321 15201.634554591 -58.4409240939479 65956.593081322 40.4035387795916
271130 155.75578849044 -13289.2892702048 -13133.5334817144 15160.0927669412 14928.1077721138 15049.7086919583 15502.4618367516 28.8848559989298 65938.4303542621 40.3998297451943
271140 154.945287281044 -13288.2896154215 -13133.3443281405 14769.4544379406 14440.8444551261 14722.2487231326 15145.2701355631 47.4393354810137 65974.6036936047 40.4072160781069
271150 153.732889073241 -13286.262880062 -13132.5299909887 15308.484599225 14997.2621554197 15305.3806184586 15622.8110237967 3.98127235730922 65941.2779864207 40.4004113089233
271160 153.384602889031 -13285.970067067 -13132.585464178 14576.8260423388 14430.6534470441 14532.2732909019 14767.5513890705 -70.3636576990381 65998.6793217475 40.4121306499892
271170 154.345701429026 -13285.7638066884 -13131.4181052594 15516.5429872188 15598.786661174 15349.880706573 15600.9615939096 -139.515586685471 65923.4657853387 40.3967732990815
271180 155.428402069779 -13287.1806903116 -13131.7522882419 14382.3370774057 14580.3774566638 14120.3388979099 14446.2948776432 -179.94418782427 66004.8300501944 40.4133860100606
271190 156.722747739542 -13287.1309024733 -13130.4081547337 15738.1006533191 15923.8533988748 15422.7375851383 15867.7109759444 -202.876943045438 65900.1935319306 40.3920191265327
271200 157.722233679492 -13288.9670606613 -13131.2448269818 14143.6668440871 14235.1551776241 13859.9738987248 14335.8714559125 -228.029602658912 66020.0304807495 40.4164880745448
271210 158.600364382056 -13288.3485712355 -13129.7482068534 15989.8035896249 15955.6530970945 15836.1737560844 16177.5839156959 -264.845819574237 65881.0544194391 40.3881084539028
271220 157.887487172007 -13289.061452793 -13131.173965621 13888.842609515 13752.4259958163 13924.5523506251 13989.5494821035 -268.442345240763 66044.6403605482 40.4215093857162
271230 156.973236092054 -13286.485031659 -13129.511795567 16239.6425543895 16021.6322402975 16453.2156519305 16244.0797709404 -240.390442639 65871.529889038 40.3861620354191
271240 155.764446415579 -13287.1316295731 -13131.3671831575 13617.5928442986 13351.6151748279 13893.8642843583 13607.2990737097 -161.245606068607 66069.9464713853 40.4266714527182
271250 155.779711487543 -13285.0975667159 -13129.3178552283 16519.9713354448 16252.3217803957 16735.8273592844 16571.7648666544 -65.4758022325245 65849.657798404 40.3816915781348
271260 155.449279411689 -13287.0085290102 -13131.5592495985 13374.3143360009 13174.6034908129 13455.8368885176 13492.5026286724 -25.3967231294848 66086.6314138962 40.4300742097129
271270 156.073575439857 -13285.2869422286 -13129.2133667887 16726.3845136247 16604.3656318065 16642.3072548598 16932.4806542078 -37.4984170881819 65832.7018102964 40.3782252464762
271280 155.821068081085 -13287.5663640429 -13131.7452959618 13222.9724319597 13168.4220912567 13032.426258944 13468.0689456784 -113.458976423269 66098.0513218918 40.4324028760191
271290 155.939460810253 -13285.2132135248 -13129.2737527146 16810.88065022 16748.3391451237 16619.7582048526 17064.5446006835 -191.468558842033 65827.4147230039 40.3771442795657
271300 155.792816308167 -13287.6955266497 -13131.9027103415 13199.1287744188 13041.1580723545 13118.8743317886 13437.3539191133 -206.526505276185 66099.8892435233 40.4327776268507
271310 157.220205287764 -13286.6691840372 -13129.4489787494 16757.3644811373 16510.1973368179 16786.6720784931 16975.2240281009 -182.373074457048 65827.5101207311 40.3771637845392
271320 157.462774037226 -13289.4377338858 -13131.9749598486 13341.6090716953 13087.5212372248 13429.5084825733 13507.7974952878 -147.367417217943 66082.5111263285 40.4292339641611
271330 156.70671159928 -13286.6038074773 -13129.897095878 16560.3934638162 16368.2516037318 16632.4385366549 16680.4902510619 -114.651308268778 65841.0917139777 40.3799404782739
271340 154.687386937919 -13286.9296733812 -13132.2422864433 13585.4180730743 13454.5192777245 13623.9591387727 13677.7758027257 -80.9300528360549 66069.7696790224 40.4266353943007
271350 154.602780029987 -13285.1579880717 -13130.5552080417 16230.5895888941 16127.7635987242 16253.3806287315 16310.6245392265 -82.7556920854375 65868.2567993387 40.3854931084909
271360 154.991580415667 -13287.3035316661 -13132.3119512505 13960.0883411802 13858.9289194383 13979.9327353362 14041.403368766 -110.181256159542 66035.4695649728 40.4196383554717
271370 155.353149375457 -13286.4976441878 -13131.1444948123 15854.1636411721 15732.0830802854 15865.9620175936 15964.4458256372 -112.445378544213 65891.0473715901 40.3901503966861
271380 154.899590201102 -13287.3060912111 -13132.40650101 14337.0568241168 14223.6675336829 14297.5411297941 14489.9618088735 -96.3773189855657 66006.0044873503 40.4136257031285
271390 155.28091629295 -13287.0627429865 -13131.7818266935 15477.3626937521 15425.5665473616 15351.9245816613 15654.5969522333 -79.4184572646275 65919.5699663366 40.3959775196352
271400 156.057175909234 -13288.5670201219 -13132.5098442127 14675.0138086525 14711.1006022301 14486.9325936734 14827.008230054 -38.6371834530608 65976.7356217589 40.4076513180774
271410 156.589689856788 -13288.9276955136 -13132.3380056569 15197.8197283106 15265.412387426 15046.9155492177 15281.131248288 16.5948134856691 65935.5384375605 40.3992391202238
271420 155.749154530329 -13288.5480882757 -13132.7989337454 14920.9865036359 14954.4280073996 14907.0253263842 14901.5061771237 8.40320627971334 65958.5436346608 40.4039370641649
271430 154.448590470451 -13287.484072997 -13133.0354825266 14980.0710103553 14998.488205106 15071.1516914791 14870.5731344808 -70.2341867928768 65955.5520274528 40.403326203008
271440 154.388256139941 -13287.6133607511 -13133.2251046111 15081.852273637 15090.5586806452 15192.7400596739 14962.2580805917 -141.509261193483 65947.5842597064 40.4016991613933
271450 154.8748123106 -13288.4848891012 -13133.6100767906 14849.799876204 14813.1179480044 14919.5578439661 14816.7238366415 -141.257214342117 65960.645081728 40.404366151026
271460 154.429546283205 -13288.0390211097 -13133.6094748265 15212.4196192479 15077.9639428879 15247.0452079778 15312.2497068779 -33.9201640428977 65931.6461778377 40.3984441648821
271470 153.033230007593 -13287.2746815281 -13134.2414515205 14754.5106384388 14551.4980721427 14769.5437380648 14942.4901051088 86.4590969207908 65970.2875786064 40.4063349006795
271480 152.288604220239 -13286.4335267079 -13134.1449224877 15271.9913061596 15082.5817585302 15290.1946265142 15443.1975334345 161.004443838243 65933.7559176132 40.398875062134
271490 152.832074075118 -13287.5932695657 -13134.7611954906 14679.2903759691 14565.3685154492 14716.8828779492 14755.6197345089 224.800052890082 65976.8699094238 40.407678733021
271500 154.117645162885 -13288.5600677882 -13134.4424226254 15353.6763947933 15324.7953805471 15364.7098672682 15371.5239365648 224.509128061236 65922.3843044934 40.3965523935465
271510 154.868227046158 -13289.9983780797 -13135.1301510335 14614.6558324832 14622.7411202073 14564.1219610702 14657.1044161722 122.11756597022 65975.1676686215 40.4073312163275
271520 155.059437434102 -13289.8180376592 -13134.7586002251 15414.9591843484 15438.3307919984 15289.9844528321 15516.5623082148 -20.1293311080706 65912.0568076427 40.3944427557754
271530 154.353447854641 -13289.9699680378 -13135.6165201831 14567.7254052107 14584.0749219495 14421.1597326442 14697.9415610383 -108.440467402414 65976.4073959846 40.4075843103435
271540 153.900948170993 -13289.1987028457 -13135.2977546747 15452.7854527665 15470.5210324685 15325.9844968415 15561.8508289894 -125.414252473476 65911.1701954325 40.3942616337951
271550 154.045081334721 -13290.3307389216 -13136.2856575869 14515.224569838 14496.7116327042 14434.6982608707 14614.2638159391 -97.7325144971406 65980.959489232 40.4085136064801
271560 154.356483704403 -13290.3114143857 -13135.9549306813 15512.3724533427 15387.1559393126 15500.6283301657 15649.3330905499 -71.7248012214611 65903.7298051543 40.3927416062563
271570 153.310270122002 -13290.4731993134 -13137.1629291913 14472.9123779047 14233.5687325583 14515.4653414914 14669.7030596643 -33.0183352893479 65983.5118734739 40.4090346493399
271580 151.848428215655 -13288.7866090953 -13136.9381808796 15540.6033550491 15270.0618771084 15595.3567984232 15756.3913896158 -24.2397937299275 65904.6629910834 40.3929322568731
271590 150.460751061471 -13288.7229630089 -13138.2622119474 14445.9300515235 14217.3023634922 14459.5345225657 14660.9532685126 -58.8617727281353 65989.6886826853 40.4102955254908
271600 150.532597624024 -13288.5076601823 -13137.9750625583 15544.1683963554 15365.8966785352 15515.035729179 15751.5727813521 -106.673508402496 65905.1877020791 40.3930394549503
271610 151.945869713559 -13291.1034408877 -13139.1575711741 14444.4082721627 14336.3268805789 14376.3518345264 14620.5461013829 -141.689323311469 65981.4798746806 40.4086198388809
271620 153.941249945224 -13292.680186564 -13138.7389366188 15562.1631310563 15530.2996852085 15484.5570502871 15671.6326576733 -141.128285889416 65889.0893428558 40.3897503127011
271630 154.214131435412 -13294.1521183337 -13139.9379868983 14459.813980078 14464.4796259712 14392.5709845149 14522.3913297478 -102.360242482304 65969.3606037108 40.4061456446023
271640 152.962001589359 -13292.6046181579 -13139.6426165685 15545.1522314763 15528.7364337218 15494.8236641286 15611.8965965786 -75.055670045673 65890.5992488113 40.3900588324642
271650 151.009672975007 -13291.8597536849 -13140.8500807099 14457.7925623947 14404.1582037599 14404.4880115475 14564.7314718767 -109.658326683106 65976.618494646 40.407627406445
271660 150.047478890808 -13290.4752083663 -13140.4277294755 15518.5401773886 15436.1958174152 15448.3557691574 15671.0689455932 -207.242436235166 65896.6731037139 40.3912998583566
271670 149.921174176977 -13291.3023279431 -13141.3811537661 14506.3785438611 14446.1574940943 14423.0051473586 14649.9729901305 -306.265817275593 65973.8773170959 40.4070677838713
271680 150.47319784367 -13291.309503463 -13140.8363056193 15460.7062626957 15466.9812920776 15370.1084625811 15545.0290334284 -300.515001453736 65901.3434107215 40.3922540558174
271690 150.496720950651 -13292.0053070812 -13141.5085861305 14585.3985996982 14634.3177402573 14501.7866010813 14620.0914577559 -177.160673471278 65968.3752500397 40.4059444676629
271700 150.311691662925 -13291.2371285853 -13140.9254369224 15357.4149314194 15388.0807203786 15307.2690769433 15376.8949969363 -79.7226157251196 65910.8575472208 40.3941977639251
271710 150.495967791293 -13291.7322207287 -13141.2362529374 14689.9449858743 14673.669158507 14671.2911838036 14724.8746153124 -81.9799977096729 65958.8919642258 40.4040081889466
271720 151.641779786314 -13292.2011482394 -13140.5593684531 15237.3760317968 15192.4720595582 15218.4268772881 15301.229158544 -185.014890527567 65911.922036346 40.3944152240642
271730 152.550402139677 -13293.0266959685 -13140.4762938288 14853.2723994077 14791.206262955 14844.7833472103 14923.8275880579 -302.87596641619 65936.8636382032 40.3995097721376
271740 152.196842211761 -13292.1449128795 -13139.9480706678 15068.7680483602 14970.3817681256 15082.153261711 15153.7691152441 -327.881926539155 65921.8549244452 40.396444260392
271750 150.403463232007 -13289.9774849493 -13139.5740217173 15046.6097810681 14917.4582224684 15049.6166892732 15172.7544314627 -257.107233388868 65931.5660317047 40.3984277955027
271760 148.810627887596 -13288.0670720129 -13139.2564441253 14816.9046901057 14700.8610325008 14762.9730925146 14986.8799453018 -159.940170802357 65956.9137034648 40.4036042481449
271770 149.531580830848 -13287.7967259706 -13138.2651451397 15293.2151578582 15249.0064401076 15169.0106988527 15461.6283346142 -65.4844689817578 65922.185828861 40.3965118522371
271780 152.219001079618 -13290.238215701 -13138.0192146214 14563.3249500406 14597.2796501735 14438.9262142355 14653.7689857128 18.4554808758214 65974.5623421113 40.4072076359742
271790 154.764405633679 -13291.3501165708 -13136.5857109371 15600.6824714198 15650.8430603516 15577.8823167958 15573.3220371121 67.8300239353354 65897.5854924975 40.3914862734269
271800 155.132218871755 -13292.1302641369 -13136.9980452652 14249.6355154079 14235.4265130516 14369.4109348159 14144.0690983563 47.2189390299419 66006.0225735379 40.41362939435
271810 154.662077497102 -13290.0614651363 -13135.3993876392 15894.0984216573 15801.9261595017 16093.1821685979 15787.1869368723 -41.4667362180407 65886.6077658015 40.389243240706
271820 154.011065230323 -13290.4182180009 -13136.4071527706 13947.8994832516 13808.1033519722 14093.6042553078 13941.9908424748 -71.9877365112914 66034.57652739 40.4194561482474
271830 154.412098428458 -13288.9077533312 -13134.4956549027 16189.9721097144 16013.3624750406 16195.5097303997 16361.044123703 20.0130262445401 65863.5095615136 40.3845228680149
271840 154.222630015025 -13290.1963106452 -13135.9736806301 13683.4640160269 13512.1297721464 13536.7010306469 14001.5612452874 133.99395049614 66049.4861563337 40.4224979574278
271850 153.702427421293 -13287.4889079165 -13133.7864804952 16447.6483114046 16338.3270006308 16188.540577493 16816.0773560901 191.484058064898 65840.5675498623 40.3798333224365
271860 152.235015474444 -13287.9394581304 -13135.704442656 13465.6709852685 13420.90714591 13192.736048171 13783.3697617244 183.320229171459 66069.2357281036 40.4265264897423
271870 152.403318020529 -13285.6567575293 -13133.2534395088 16599.9793372704 16568.3423804319 16361.3693041951 16870.2263271841 146.582305131284 65833.4428883953 40.3783767583404
271880 153.156867616249 -13288.4137316645 -13135.2568640482 13362.9512070321 13312.931122797 13172.148590581 13603.7739077183 100.79248494744 66076.0392789727 40.4279140971815
271890 154.879119064985 -13287.5023955904 -13132.6232765254 16654.7695068985 16611.327277453 16462.8503894713 16890.1308537713 98.7499240731986 65824.5578727904 40.3765601606111
271900 155.01247847561 -13289.7019321947 -13134.689453719 13397.2741441652 13363.28618268 13207.6353263292 13620.9009234864 137.419767279033 66073.9234897024 40.427482584938
271910 155.071872689939 -13287.3334007616 -13132.2615280716 16552.4251284952 16445.7766464074 16393.7810289166 16817.7177101617 174.385871963738 65841.6530903429 40.3800552408495
271920 154.939258792677 -13289.1203992802 -13134.1811404875 13514.4016440322 13306.2666668687 13412.8673488087 13824.0709164193 165.454919693599 66072.3420791018 40.4271600524562
271930 155.980383880403 -13287.8570793378 -13131.8766954574 16382.8403755975 16106.2876243768 16317.767951778 16724.4655506376 92.3121306352716 65850.8394795908 40.381933128364
271940 156.002235859968 -13289.5241831104 -13133.5219472504 13758.7194537746 13482.4486556129 13734.3702369258 14059.339468785 13.8688809037548 66048.9804924362 40.4223948011873
271950 156.182145103558 -13287.8793549888 -13131.6972098852 16106.2365871735 15887.78589753 16084.9132441784 16346.0106198121 -44.6790533593692 65873.9674862355 40.3866601969226
271960 156.025766673164 -13289.0190108223 -13132.9932441492 14029.5434348269 13912.8231933956 13946.2904429111 14229.5166681742 -96.9259735503826 66029.8223364059 40.418486118929
271970 156.364515771953 -13287.9182258519 -13131.5537100799 15829.061164048 15807.4872382185 15659.3377377565 16020.3585161692 -131.87821530585 65891.3805405099 40.390218472298
271980 155.943086060157 -13288.4482838384 -13132.5051977783 14325.0613890847 14358.6638141233 14071.3322642822 14545.1880888485 -137.029042829662 66005.9379596965 40.4136121254516
271990 155.399421643053 -13286.9676523673 -13131.5682307243 15547.8540045554 15568.0914825058 15247.0456112826 15828.4249198778 -96.2894993658845 65917.0449935593 40.3954617393394
272000 154.419092201294 -13286.6261520727 -13132.2070598714 14571.1018600475 14519.8335457274 14319.0358892343 14874.4361451809 -18.9511492594213 65996.3188859112 40.4116488657089
272010 153.677084395148 -13285.2576139655 -13131.5805295704 15317.6506145852 15192.0891555749 15143.6239804407 15617.2387077399 2.60245978889007 65942.0164650786 40.4005621235625
272020 153.899916202262 -13285.716383344 -13131.8164671417 14757.5925488999 14604.4618294323 14623.796039051 15044.5197782164 -43.4295863908225 65983.0467152973 40.4089396931076
272030 155.630002603888 -13286.9447355624 -13131.3147329585 15161.5860312633 15002.639634123 15016.3923625296 15465.7260971373 -122.489660412427 65948.2417910425 40.4018334361876
272040 157.198252533989 -13288.4877858606 -13131.2895333266 14911.6227234789 14759.3444976867 14776.5647942918 15198.9588784582 -181.2299000885 65963.9464077184 40.4050402184119
272050 156.853595591664 -13287.9413280157 -13131.087732424 15056.8676044521 14903.7049927322 14984.2975629767 15282.6002576475 -145.803960498118 65957.4925654698 40.4037224467367
272060 154.822949163228 -13285.9283499242 -13131.105400761 14996.7845884041 14828.2716142714 15030.9794543478 15131.1026965931 -65.5926047239079 65971.9228974029 40.4066687716558
272070 153.663508040412 -13284.7445583495 -13131.0810503091 14933.2091386909 14752.95226872 15043.4836435683 15003.1915037844 32.3061576483142 65982.4083301182 40.4088093740197
272080 155.062420881798 -13285.8354368794 -13130.7730159976 15077.7716880688 14894.649987044 15195.7097991569 15142.9552780057 79.2242438978803 65965.6956528092 40.4053973715607
272090 157.327940773375 -13287.9728069197 -13130.6448661463 14887.8246652701 14694.1036068746 14954.09982514 15015.2705637959 71.6387039270353 65969.6286718295 40.4062003749836
272100 158.220070450798 -13288.5038891647 -13130.2838187139 15174.868289103 15009.0282498931 15152.1586550072 15363.4179624088 9.97156121258767 65945.3281675394 40.4012384369281
272110 157.834968153493 -13288.3398348976 -13130.5048667441 14789.8255361075 14714.2229492401 14679.2169841082 14976.0366749742 -43.2017100503265 65977.5615747089 40.4078199365014
272120 157.865307547621 -13288.0310132881 -13130.1657057405 15229.461675646 15216.6434898889 15071.8527423586 15399.8887946904 -12.77831089443 65944.1636704613 40.4010006267989
272130 157.858447769956 -13288.3740922883 -13130.5156445184 14741.7165307253 14741.0779867396 14574.0225760833 14910.0490293529 45.9096366370934 65978.2671385766 40.4079639763608
272140 156.876059253295 -13287.1054342595 -13130.2293750062 15305.0923257838 15251.1707969018 15160.8370266924 15503.2691537572 48.1024458628623 65938.0240953145 40.3997467747326
272150 154.96823456668 -13285.8468838053 -13130.8786492386 14663.3668800346 14494.6980823717 14586.9350982744 14908.4674594577 -66.3421763075649 65992.797312612 40.4109300624112
272160 153.801955938762 -13284.3754492041 -13130.5734932653 15352.565254093 15106.4653567792 15294.9105767038 15656.319828796 -197.936599547687 65944.2143260524 40.4010109715913
272170 154.228635274845 -13285.4591666382 -13131.2305313634 14607.4805606841 14357.1055741259 14501.7325378678 14963.6035700586 -256.131036996603 65998.8687534537 40.4121693140534
272180 155.879926754007 -13286.6384509446 -13130.7585241906 15413.3925957587 15212.4646016734 15238.280039812 15789.4331457907 -200.449005889971 65932.275348985 40.398572668952
272190 156.160349164853 -13287.6641263373 -13131.5037771724 14578.3049962579 14452.7763761032 14358.3392438925 14923.7993687781 -40.2987128283595 65992.1398255752 40.410795857104
272200 154.998432109508 -13286.1382974914 -13131.1398653819 15452.93262519 15384.5032716257 15208.1819346954 15766.1126692488 127.476775623529 65928.8966095937 40.397882574054
272210 153.930652472298 -13286.0209243701 -13132.0902718978 14520.6550942993 14506.1016468247 14245.4903254075 14810.3733106655 200.392982808804 66003.0674481825 40.4130262719954
272220 154.686411165986 -13286.3565377599 -13131.6701265939 15474.635414914 15493.0076265892 15211.1139843248 15719.784633828 164.797060647483 65929.3843890541 40.3979822026427
272230 156.213481595285 -13288.7985592135 -13132.5850776182 14508.6025287773 14546.5940493462 14279.6288802085 14699.5846567772 63.6726174300384 65995.1235006647 40.411404873411
272240 156.912545144602 -13289.1032906321 -13132.1907454875 15522.9333323199 15529.2047375426 15311.4124576356 15728.1828017814 -50.7382794156933 65914.6825704645 40.3949791514047
272250 155.167178759358 -13288.5642021858 -13133.3970234264 14487.0179896572 14429.6052858941 14286.9076801602 14744.5410029173 -121.534076232569 65998.0474639348 40.4120016837622
272260 153.099321043579 -13286.3022709106 -13133.202949867 15504.3612558386 15398.4794030272 15326.8638354363 15787.7405290522 -103.978624630404 65928.3996607065 40.3977810721114
272270 152.810198728283 -13287.1880085225 -13134.3778097943 14466.4664686641 14348.7868242448 14312.1634944925 14738.449087255 -28.2521775941631 66006.1647881762 40.4136584190022
272280 154.908135807179 -13288.8843729112 -13133.976237104 15520.1359166678 15381.8375408176 15397.369031838 15781.2011773479 47.1155869684894 65917.4713744954 40.395548837791
272290 156.536808300506 -13291.5930650999 -13135.0562567994 14502.2617933904 14324.3756755034 14450.0809869865 14732.3287176814 75.9472200309576 65985.2587601874 40.4093912504604
272300 155.907723142183 -13290.7135272637 -13134.8058041215 15502.7310669457 15306.5658723665 15503.1726127844 15698.4547156864 46.6645375012871 65907.7045704894 40.3935536414375
272310 152.953465630189 -13288.9784633459 -13136.0249977157 14531.8806142887 14374.4934762118 14506.6195424879 14714.5288241664 48.4683875131758 65986.9787633256 40.4097423575469
272320 150.773301490384 -13286.6373965009 -13135.8640950106 15415.6545784353 15355.4597730418 15303.0386863685 15588.4652758956 71.1962305962646 65924.6864176012 40.3970226250732
272330 150.767705796888 -13287.5113164862 -13136.7436106893 14615.9197864918 14654.8185956116 14423.9571725361 14768.9835913277 68.8746220413386 65983.6862574524 40.4090702475362
272340 152.36333643935 -13288.7929304793 -13136.4295940399 15324.9887126795 15398.7993289573 15107.2126185507 15468.9541905307 81.883096826575 65925.0635528392 40.3970996579852
272350 153.603541971563 -13290.5911137885 -13136.987571817 14752.3631449807 14813.9986034293 14531.2298501624 14911.8609813504 90.5182049698442 65965.7338651155 40.4054051735104
272360 153.609458667504 -13290.4531915414 -13136.8437328739 15168.1591732335 15177.309702368 14937.8864126877 15389.2814046448 30.1096176469248 65935.3706425676 40.3992048504105
272370 152.482852088722 -13289.6274891077 -13137.144637019 14934.0140120871 14871.4823515756 14731.1993645034 15199.3603201823 -110.784383433846 65956.6490114567 40.4035502001063
272380 152.182666642144 -13289.3835906034 -13137.2009239613 14931.4237849585 14823.2033592756 14795.7916247543 15175.2763708455 -234.770946193051 65957.1561685761 40.4036537574981
272390 153.939958116662 -13290.9138202915 -13136.9738621748 15176.2172353941 15049.0833037512 15130.2265559366 15349.3418464945 -244.131386748921 65932.6710906198 40.3986534961601
272400 155.930486017915 -13293.1558607993 -13137.2253747814 14703.66724629 14552.4721789561 14756.470087763 14802.0594721508 -137.023659359604 65962.2948459055 40.404703004009
272410 155.597672020379 -13292.2929389748 -13136.6952669545 15448.2198669638 15272.1110446577 15538.4962670145 15534.0522892193 -43.6053496907045 65907.1187646553 40.3934339647389
272420 152.871032592698 -13290.3588758239 -13137.4878432312 14422.6379343563 14234.7860720646 14462.6818390846 14570.4458919198 -36.9522178585372 65992.3880471642 40.410846523842
272430 150.743677045335 -13287.3295026277 -13136.5858255824 15696.7292312718 15567.1766221522 15630.001915558 15893.0091561051 -86.8104186695993 65901.8398274015 40.3923554768065
272440 150.233002646459 -13287.763402936 -13137.5304002896 14154.179259873 14149.1402951641 13997.149181779 14316.2483026758 -144.577468965406 66017.3909253492 40.4159494350826
272450 151.904356985609 -13287.8692432856 -13135.9648863 15960.2227718879 16056.8807029446 15787.5973668372 16036.190245882 -182.823236809054 65875.3526759266 40.3869432768471
272460 153.755904839107 -13290.7730945889 -13137.0171897498 13944.5339361342 14088.8068408758 13809.4774272611 13935.3175402658 -217.076597964193 66022.5217431352 40.4169964395026
272470 155.187872499691 -13290.2452194607 -13135.057346961 16152.7397318918 16305.5285794562 16060.6731778779 16092.0174383412 -210.927014621425 65853.7201790572 40.382521966805
272480 154.890569462459 -13291.2335684372 -13136.3429989747 13796.8666309075 13909.7041279076 13729.4275660364 13751.4681987784 -133.392198841489 66035.1399709376 40.4195711083092
272490 154.26788212262 -13288.4906148106 -13134.222732688 16269.3997772664 16305.4329638117 16197.7019924493 16305.0643755383 -62.3269623020161 65856.7055466429 40.3831321821432
272500 152.980072062672 -13288.6135291368 -13135.6334570741 13684.7248516731 13650.1997279438 13572.4181856542 13831.5566414214 -3.05173351265483 66060.1858788529 40.4246805944376
272510 153.338928345636 -13286.5612002073 -13133.2222718616 16325.7681525064 16225.6263584181 16190.1916934846 16561.4864056166 48.2926949955435 65862.7026499673 40.3843579467958
272520 154.426565171697 -13288.8724483151 -13134.4458831434 13659.8438177808 13532.7947164807 13539.9304469895 13906.8062898721 71.9481875584741 66059.5397515434 40.4245487975774
272530 155.96061489157 -13287.8298140375 -13131.8691991459 16352.5145177035 16223.6263973766 16268.5201745066 16565.3969812274 68.8511131066731 65852.3166060157 40.382235067185
272540 155.563518070377 -13288.7457769016 -13133.1822588312 13684.4923342131 13579.1117420007 13634.4861410282 13839.8791196103 59.1364948607348 66056.8545716076 40.4240010661494
272550 155.239711523204 -13286.0805967564 -13130.8408852332 16282.418107659 16196.847891067 16282.5348773327 16367.8715545772 66.7740688891939 65864.4561031842 40.3847163259244
272560 155.180492464783 -13287.3563825972 -13132.1758901325 13761.9809498759 13692.0732199907 13786.8375150917 13807.0321145453 113.275073740865 66057.0949056016 40.4240500908363
272570 156.144841254298 -13286.2110740046 -13130.0662327503 16179.4111396059 16144.0654603136 16156.2857486452 16237.882209859 126.728366808833 65873.3510224503 40.3865342139684
272580 156.066869446879 -13287.4581260528 -13131.391256606 13905.8606547327 13940.4482256089 13789.1804062401 13987.9533323493 106.854490252223 66046.8262390142 40.4219553241587
272590 155.993973457099 -13285.7108033681 -13129.716829911 16016.0941148939 16098.80825628 15807.5096360139 16141.964452388 80.7029094356498 65891.0613041935 40.3901532435064
272600 155.942797846442 -13286.9126169064 -13130.96981906 14064.5540932693 14146.771620767 13826.8695168931 14220.0211421478 50.1794918592137 66041.1599253434 40.4207993260006
272610 156.953174075668 -13286.5461256952 -13129.5929516195 15828.3862815602 15872.9246951596 15622.6290823683 15989.6050671526 14.2164268049805 65904.828974169 40.392966167159
272620 157.54575994956 -13288.1481885943 -13130.6024286448 14275.9049864425 14272.738436714 14136.2806979863 14418.6958246271 14.3767815093593 66017.3571792275 40.4159425486053
272630 157.583209556627 -13287.2314556152 -13129.6482460585 15632.5061079543 15557.9201667486 15549.5368622098 15790.0612949044 65.1222418649915 65914.5597940186 40.3949540707253
272640 156.367392721547 -13286.90430225 -13130.5369095285 14473.682168789 14323.4995549514 14437.5153221704 14660.0316292453 97.5433050760735 66004.1674721025 40.4132507820085
272650 155.283511890124 -13285.2452681703 -13129.9617562802 15417.1818508559 15236.7611557283 15428.6243686732 15586.1600281662 9.72370485228283 65935.3296090183 40.399196469865
272660 154.517981305653 -13285.0714538887 -13130.553472583 14684.4978351531 14534.6180675157 14732.8645721331 14786.0108658105 -149.550824198915 65991.7071811459 40.4107075458598
272670 154.755190933455 -13284.9735373115 -13130.2183463781 15200.8840027654 15106.2949886517 15253.710392691 15242.6466269535 -241.706789375611 65950.7038168278 40.4023361997447
272680 155.784971558019 -13286.2433796664 -13130.4584081084 14903.428067103 14905.1142066116 14895.8242482287 14909.3457464688 -221.877683479698 65971.8811115472 40.4066602406146
272690 157.256963736784 -13287.6866714617 -13130.4297077249 14987.9901589818 15083.5924639213 14906.3155390682 14974.062473956 -147.881970577814 65963.1258696293 40.4048726823877
272700 158.481296763842 -13288.8875371718 -13130.406240408 15106.0945297428 15229.9639675721 14982.3636905305 15105.9559311258 -89.968949880179 65950.1690364759 40.4022269947744
272710 158.176558032016 -13288.9307286876 -13130.7541706556 14815.7502877203 14867.1632355602 14720.0533206316 14860.0343069689 -91.5762750676793 65970.3315888106 40.4063438859905
272720 156.163033126704 -13286.846067763 -13130.6830346363 15287.1221690366 15231.1994488022 15216.2235871863 15413.9434711214 -100.090512974982 65940.1332363803 40.4001775219261
272730 154.348934552325 -13285.7960884009 -13131.4471538486 14610.5254216212 14465.8216317016 14577.7519770308 14788.0026561311 -93.588145158173 65996.9047054945 40.411768437354
272740 154.685265869985 -13285.7398917212 -13131.0546258512 15455.4915209695 15292.1279970353 15445.7381882376 15628.6083776357 -84.5041585679261 65931.3954112753 40.3983929472327
272750 155.246435852177 -13287.1910450075 -13131.9446091553 14476.9779587562 14367.65716023 14453.0325210986 14610.2441949401 -76.9195476666758 66003.7522174104 40.413166030657
272760 154.968806097179 -13286.3557081979 -13131.3869021007 15603.4603903567 15573.543835284 15563.6490004351 15673.1883353509 -68.2739828422824 65921.4345884564 40.3963584005738
272770 154.455658641062 -13286.9911594706 -13132.5355008295 14315.8048973228 14363.0951010358 14289.7689735867 14294.550617346 -50.2356100474337 66021.3840805944 40.4167642906048
272780 155.300667999196 -13286.9977971214 -13131.6971291222 15725.8095221155 15797.7902538617 15740.5221446128 15639.1161678722 -68.8363565845478 65909.6934335317 40.39395994921
272790 156.314225095179 -13289.2147541179 -13132.9005290227 14229.7752969145 14280.2950290827 14273.6011985296 14135.4296631313 -84.3180730301101 66015.3190919849 40.4155266374566
272800 156.648751237188 -13288.630020664 -13131.9812694268 15823.5665493964 15854.7861737347 15851.4044988424 15764.5089756122 -45.7840584413963 65890.8901585205 40.3901182736344
272810 155.49438990675 -13288.9463912763 -13133.4520013695 14155.1035647278 14202.5210817853 14111.2378815663 14151.5517308319 3.15484566687802 66018.3644543939 40.416148099438
272820 155.154999141724 -13287.7205560404 -13132.5655568986 15860.9942031743 15947.0929857994 15757.8907829625 15877.998840761 13.3473854625791 65892.4316785514 40.3904332473264
272830 155.566297499914 -13289.6539485946 -13134.0876510947 14118.3280051514 14234.4854733886 13988.7870218357 14131.71152023 4.95275037973794 66022.6207275367 40.4170166379142
272840 156.256721979361 -13289.3929917719 -13133.1362697925 15890.6366718473 15999.9466819789 15773.5997498439 15898.363583719 -4.64773404205175 65886.6110981408 40.3892439216267
272850 155.058914583741 -13289.8080435148 -13134.7491289311 14131.3480549799 14195.5341215797 14027.9407485008 14170.5692948594 -1.50263955300492 66021.952807777 40.4168803441471
272860 153.085036743924 -13287.0083056846 -13133.9232689407 15850.1970896193 15823.7077461881 15785.2993117491 15941.5842109208 -13.9040218353034 65896.9236742944 40.3913510539539
272870 151.129246823274 -13286.5759462977 -13135.4466994744 14165.5629908111 14086.0700983905 14132.4814140356 14278.1374600073 -0.250219873967131 66027.2148496538 40.4179540762313
272880 150.833880430792 -13285.3406219995 -13134.5067415687 15794.0816902328 15721.6643194316 15748.6750948534 15911.9056564132 77.4827571730089 65902.220466627 40.3924332434027
272890 151.329835211464 -13287.0505626289 -13135.7207274175 14244.8356467757 14234.9058332452 14165.6434339067 14333.9576731753 222.603354947438 66015.7027419577 40.4156049293131
272900 152.688610441186 -13287.421001414 -13134.7323909728 15705.5515144297 15769.1630378763 15589.8680854677 15757.6234199452 315.837820738323 65901.4689088313 40.3922796959032
272910 154.2961375694 -13289.9807900862 -13135.6846525168 14340.5558434076 14451.7175578145 14183.5027362621 14386.4472361463 250.444427551243 65999.0924712631 40.4122149760067
272920 156.228199215009 -13290.9764028329 -13134.7482036179 15603.4370959181 15697.7882930218 15445.3229773822 15667.2000173502 78.4881583052665 65896.5684399771 40.3912784738343
272930 156.756387371027 -13292.3163630439 -13135.5599756728 14466.0015962923 14477.4217556399 14329.177293624 14591.4057396129 -86.7762485957854 65978.191143531 40.4079484621298
272940 155.884271322944 -13290.8134447673 -13134.9291734444 15483.7870984155 15417.2885183168 15347.6557365408 15686.4170403888 -147.211972551647 65902.0200682525 40.3923923009979
272950 153.919449125285 -13289.6365946928 -13135.7171455675 14591.8354691174 14498.1597391489 14426.5987229112 14850.7479452923 -70.7988186986557 65975.3320308828 40.4073647715527
272960 152.493368168694 -13287.8519059283 -13135.3585377596 15332.4041521284 15252.7907199688 15118.3974975027 15626.0242389138 42.226446704364 65927.0765598798 40.3975108259283
272970 151.944029718293 -13287.8248661927 -13135.8808364744 14730.9857952402 14696.8389487475 14514.6479529252 14981.4704840479 119.494391870641 65977.6367205909 40.4078352774751
272980 152.271651348068 -13287.8357060836 -13135.5640547355 15184.0107206996 15202.9373964165 15009.4469567357 15339.6478089466 168.652419318092 65944.4562360992 40.4010603739465
272990 152.670646302453 -13288.3652707861 -13135.6946244837 14881.2288641061 14926.4127093171 14763.3321340552 14953.941748946 136.590220274219 65965.7407515704 40.4054065795434
273000 153.258437857529 -13288.6616873674 -13135.4032495099 15038.4149922793 15102.3659632748 14958.5393707536 15054.3396428096 33.866388127674 65949.4537591839 40.4020809304533
273010 154.528869110751 -13289.667862785 -13135.1389936743 15031.2930917172 15133.8463518875 14923.5870547222 15036.4458685419 -52.851754979492 65943.3806434628 40.4008407177804
273020 156.266528774235 -13291.1674240711 -13134.9008952968 14897.1232109978 15062.6369895647 14694.0105067514 14934.7221366774 -88.3827376208505 65947.3601339955 40.4016533923688
273030 156.895314947319 -13291.2667031988 -13134.3713882515 15204.5428681092 15428.9487399614 14927.606864401 15257.0729999653 -123.050069609629 65924.6054624728 40.3970060892975
273040 155.516634302031 -13289.9514054742 -13134.4347711721 14721.8024049158 14981.8442569973 14421.8306868119 14761.7322709382 -205.005707316814 65968.3189054032 40.4059329638734
273050 153.533933420424 -13287.2031287642 -13133.6691953438 15362.1874970723 15599.4806316323 15091.8279765283 15395.2538830563 -288.822971698467 65929.3991448561 40.3979852164965
273060 152.161265189466 -13286.0076142755 -13133.8463490861 14538.2197671263 14686.155273031 14343.1352446764 14585.3687836715 -303.28748022917 65999.9431800873 40.4123886091022
273070 152.791783352416 -13285.3577066888 -13132.5659233364 15530.0000549387 15577.0521743136 15439.5588039829 15573.3891865195 -261.511409904174 65926.7043136994 40.3974347931955
273080 154.949729822997 -13287.6105603164 -13132.6608304934 14370.1584623486 14331.3060104747 14347.2592136097 14431.9101629615 -208.229998652418 66009.7422193645 40.4143885248979
273090 157.700633636691 -13288.6303689479 -13130.9297353112 15713.5834233358 15611.0882788851 15695.6843586483 15833.977632474 -143.871798878347 65899.4139695883 40.3918598542579
273100 158.936309052029 -13290.2316827053 -13131.2953736533 14224.6194045185 14110.7196578238 14193.6275851123 14369.5109706195 -56.7903523711353 66006.4285310806 40.413712246305
273110 158.334575675088 -13287.9779067573 -13129.6433310822 15890.1412696814 15808.7467509765 15867.941877408 15993.7351806596 16.9048649266768 65885.7308990152 40.3890640634587
273120 155.859958680031 -13286.5277519795 -13130.6677932995 14033.223876703 14003.1020895714 14028.2778147774 14068.2917257603 11.4862188361171 66039.4254887388 40.4204454662372
273130 154.708682218362 -13283.6980007 -13128.9893184816 16017.7099793083 16019.5773314974 16062.1548056503 15971.3978007771 -119.029269398682 65898.6725776097 40.3917083793995
273140 155.52872411866 -13285.6670043254 -13130.1382802067 13891.5230531166 13929.9952838079 13995.2308452889 13749.3430302529 -276.194506089978 66056.8530848932 40.4240007628806
273150 157.553855650504 -13285.731740246 -13128.1778845955 16187.5106568157 16250.0604218545 16311.5435527419 16000.9279958507 -354.557298305272 65879.1174715053 40.3877126373786
273160 157.314208082501 -13286.9880968759 -13129.6738887934 13773.5372849209 13838.8175505451 13862.0986126103 13619.6956916072 -298.654912046614 66064.0254049202 40.4254637621197
273170 156.417844034655 -13284.1888461952 -13127.7710021606 16277.0111235203 16295.4855396569 16332.6782089467 16202.8696219573 -185.480455259926 65879.588710384 40.387808936053
273180 155.850759862149 -13285.3411486978 -13129.4903888357 13674.4279546007 13599.3730537547 13688.4461701465 13735.4646399008 -106.468632524461 66078.0240858188 40.4283188873703
273190 157.456607535381 -13284.9026079536 -13127.4460004182 16341.0846282576 16205.6681454784 16292.0160849026 16525.5696543917 -136.435392276555 65871.5444253443 40.3861650061794
273200 158.502870791531 -13287.7373981609 -13129.2345273693 13666.3135699472 13571.2735383943 13579.9535025266 13847.7136689206 -173.098422633685 66068.9372756823 40.4264656171706
273210 158.44753499536 -13285.7932767098 -13127.3457417145 16338.6421854036 16335.3815128959 16263.948810214 16416.5962331007 -139.915907590865 65866.3243349896 40.3850981570496
273220 156.994286911997 -13286.3180626033 -13129.3237756914 13695.7828829888 13754.8760862739 13674.6477978401 13657.8247648523 -27.89029541535 66069.8609309264 40.4266540059682
273230 156.951376192262 -13284.5953183261 -13127.6439421338 16241.4522618798 16325.976771947 16266.655433589 16131.7245801035 69.2436851120639 65877.8121315797 40.3874458859707
273240 157.31907274419 -13286.813371297 -13129.4942985528 13847.4006001048 13941.7292042094 13879.5599451959 13720.9126509092 168.731367061418 66058.5107258092 40.4243388954337
273250 158.277544144179 -13286.4320032816 -13128.1544591374 16047.5494561192 16139.5144022991 16058.0208564859 15945.1131095727 246.320965642776 65892.8971021438 40.390528344825
273260 157.965327957971 -13287.784546587 -13129.819218629 14079.3688587477 14166.446664494 14066.0596532437 14005.6002585055 216.128209356742 66041.0485253612 40.420776598362
273270 156.808187186839 -13285.7856882366 -13128.9775010497 15785.8549065541 15859.1551345091 15774.3699865126 15724.0395986405 84.9074266028408 65914.7199399075 40.3949867852
273280 154.882945799438 -13285.2710917922 -13130.3881459927 14364.3955103986 14405.8240458722 14378.1300246622 14309.2324606614 -45.9655044643044 66025.827133364 40.4176709149806
273290 154.368539244527 -13284.3539224144 -13129.9853831699 15457.6406924545 15474.5874396218 15475.70500828 15422.6296294619 -122.171855327184 65942.9997413642 40.4007629298635
273300 155.104887072959 -13285.9521258423 -13130.8472387693 14698.3082146438 14744.7879059853 14675.6270316561 14674.5097062901 -105.855142897645 65996.1953947289 40.4116236598313
273310 156.35908756032 -13287.2129149801 -13130.8538274198 15137.0306858283 15228.7178513401 15075.5969501534 15106.7772559914 17.5481452662 65958.3398768336 40.4038954591079
273320 156.599346498378 -13287.8906565355 -13131.2913100371 15020.7211902812 15104.4386508984 14975.1793254184 14982.5455945267 165.009732800084 65963.8819286152 40.4050270532323
273330 155.516359191643 -13287.3308170209 -13131.8144578292 14837.9749284734 14870.9596880224 14846.8552430584 14796.1098543393 213.706114264533 65976.8522484983 40.4076751275298
273340 154.137651674093 -13286.0290424343 -13131.8913907602 15280.6517873493 15291.6864748316 15324.8111300279 15225.4577571884 109.967522799603 65943.0094148855 40.400764905396
273350 153.689298687367 -13286.3797360391 -13132.6904373518 14597.7175371694 14627.5425249098 14630.685201215 14534.9248853834 -67.8352888783942 65990.3479072154 40.4104300887834
273360 155.295754979004 -13287.6129322842 -13132.3171773052 15472.1340247563 15554.8182923553 15449.6229097494 15411.960872164 -139.519653019133 65916.0576646867 40.3952600524827
273370 157.165111710941 -13290.4288578341 -13133.2637461232 14490.2338609513 14621.4703719898 14409.6932613176 14439.5379495464 -78.5218475789572 65984.3541800473 40.4092065945715
273380 156.890165193124 -13289.7523026512 -13132.8621374581 15565.0931212127 15711.1500083853 15456.9968928421 15527.1324624106 48.8724778596639 65906.7838632934 40.3933655460348
273390 154.083377870157 -13288.1757727739 -13134.0923949038 14429.3452799255 14486.3493393895 14365.3951039124 14436.2913964745 110.166291617471 66003.145944948 40.4130422929205
273400 152.363835456198 -13285.9914851898 -13133.6276497336 15554.5945961799 15494.9693744677 15574.6111355867 15594.2032784853 62.7356189877023 65924.3755302228 40.3969591235996
273410 153.103026456554 -13287.6864664533 -13134.5834399968 14417.1857256655 14343.1347978577 14498.1220795621 14410.3002995769 -36.5095166891992 66005.1247947923 40.4134461653022
273420 155.747047292924 -13289.5618128728 -13133.8147655799 15569.6144350121 15586.082415165 15631.5314558644 15491.2294340071 -126.966525262896 65906.8882059341 40.3933868627489
273430 157.147956201566 -13291.8263864687 -13134.6784302671 14453.8937672479 14566.4228614817 14441.3725220528 14353.885918209 -164.922170963995 65983.8348455701 40.4091005797972
273440 156.292390266045 -13290.3568640018 -13134.0644737357 15560.3290593629 15703.1166617156 15499.371680471 15478.4988359023 -155.697373915947 65900.9796594105 40.3921797388579
273450 153.895142247973 -13288.9749757704 -13135.0798335224 14462.5864815953 14602.189473588 14405.7956945057 14379.774276692 -99.6300881607893 65992.4090546098 40.4108508118546
273460 152.863035916113 -13287.3774771709 -13134.5144412548 15508.5866297411 15653.1528884762 15478.8627750374 15393.7442257098 -54.5735047470354 65919.4447015762 40.3959519319094
273470 153.198470266573 -13288.504996813 -13135.3065265464 14501.7875144814 14627.308361967 14545.536342666 14332.5178388112 -27.8521503217899 65997.043210545 40.4117967075188
273480 153.466792654577 -13288.1088093764 -13134.6420167219 15482.9832856634 15549.5545793245 15619.3798223998 15280.0154552658 -30.2389942640595 65923.7527551336 40.3968319157252
273490 152.788480669827 -13288.0944305887 -13135.3059499189 14532.1211642649 14533.7050597245 14735.3043556542 14327.354077416 -37.2134334661053 65996.1798656677 40.4116204901808
273500 152.864321086251 -13287.4694912861 -13134.6051701998 15445.607979723 15443.9533591636 15624.7188455828 15268.1517344225 -50.0314853579699 65926.8630798078 40.3974672218267
273510 153.393870403713 -13288.5190642578 -13135.1251938541 14572.3907207183 14660.3477943685 14606.7252474358 14450.0991203506 -22.3762887196945 65991.5025670868 40.4106657799683
273520 154.227798371374 -13288.6380391061 -13134.4102407347 15400.507384416 15614.3472119725 15258.9800536633 15328.1948876122 9.68292071840226 65926.4969172899 40.3973924315465
273530 154.976393517677 -13289.7853364264 -13134.8089429087 14617.8108629569 14881.1695339508 14347.4278941866 14624.8351607332 24.1012901641959 65980.7248880469 40.4084657143989
273540 155.237132380276 -13289.3894745841 -13134.1523422038 15373.8184820057 15556.2419133633 15098.6503238807 15466.5632087732 48.7435843628758 65921.2699699658 40.3963247747225
273550 154.198051796565 -13288.8143701122 -13134.6163183156 14666.1038490918 14711.7156042173 14484.0530728115 14802.5428702465 95.8059945942553 65980.4397426115 40.4084075039333
273560 153.227721841238 -13287.3669394564 -13134.1392176152 15296.4158066626 15270.2594653587 15207.7241653507 15411.2637892783 117.399663959545 65939.6742883577 40.4000837923379
273570 153.291366562462 -13287.7266713101 -13134.4353047477 14708.3277099288 14666.4710225555 14679.5047650108 14779.0073422203 98.9717201083027 65984.0711195543 40.4091488118519
273580 154.71889929974 -13288.563421694 -13133.8445223942 15250.6269854937 15239.1942935662 15248.122646182 15264.564016733 72.4651455805292 65936.0567541428 40.3993449788709
273590 156.121021682382 -13290.0894003627 -13133.9683786803 14787.2622990799 14813.9583077496 14815.0956875455 14732.7329019446 60.319644315004 65963.7891604447 40.4050081120477
273600 156.631582542366 -13290.1713485893 -13133.5397660469 15187.6177708312 15233.9505705678 15236.2654062274 15092.6373356985 40.4324004156469 65929.710346893 40.3980487790127
273610 155.936237116314 -13289.6531766803 -13133.716939564 14869.2254859218 14911.9207653431 14919.2990561372 14776.4566362852 -22.4458218055498 65956.5377598895 40.403527483363
273620 154.68049454237 -13288.2632017062 -13133.5827071639 15094.2436957089 15128.2125752976 15152.0087921193 15002.5097197099 -104.425732465136 65947.6556557664 40.4017137412607
273630 153.450897401478 -13287.1663415311 -13133.7154441296 14943.674792695 14969.4045540495 14985.3931271392 14876.2266968962 -134.945337415298 65968.1745675293 40.4059034946231
273640 153.314808516699 -13286.9533282045 -13133.6385196878 14978.7951985527 14987.9314254297 14973.3034059 14975.1507643284 -102.135601766796 65968.8229851504 40.406035880753
273650 154.379879879656 -13287.8117112599 -13133.4318313803 15065.7622191074 15076.2670404624 14991.862878276 15129.1567385838 -35.1122620675365 65958.5546114145 40.4039393054922
273660 155.029607433127 -13288.4290561898 -13133.3994487567 14884.7441572278 14907.0822042165 14776.4943937979 14970.6558736691 60.5987500460263 65968.3290883816 40.4059350429155
273670 154.335791431698 -13287.4070609861 -13133.0712695544 15181.5521689241 15191.6639607693 15119.2312292182 15233.7613167849 146.114851802805 65946.5926582111 40.4014966642811
273680 153.682066666779 -13286.9262543499 -13133.2441876831 14734.4557158371 14695.1989713942 14754.1568655886 14754.0113105286 163.322525137786 65979.592181961 40.4082344793069
273690 154.794019412112 -13287.4052445123 -13132.6112251001 15331.360105841 15202.9190734832 15402.3804290529 15388.780814987 108.627073346939 65928.5017333954 40.3978019205269
273700 156.253861791985 -13289.1621134192 -13132.9082516272 14611.154165143 14443.6839105 14663.6282621024 14726.1503228267 61.4631397159483 65977.5123739184 40.4078098921917
273710 156.472544211657 -13288.6617860439 -13132.1892418323 15488.3685583169 15417.5436763992 15461.2224956599 15586.3395028916 58.1042066031531 65915.8204667969 40.3952115985233
273720 155.241373426224 -13288.1488130099 -13132.9074395836 14415.362264586 14517.6519164866 14315.1702876776 14413.2645895937 31.7306146246733 66004.7755871151 40.4133748945203
273730 154.503249023864 -13286.4444153506 -13131.9411663268 15661.5894299055 15895.1734199114 15550.2623421106 15539.3325276945 -3.49750841631758 65913.5458229605 40.3947469362951
273740 154.250421284462 -13287.0481059418 -13132.7976846574 14231.6139987382 14496.2172917698 14164.6378076074 14033.9868968374 -23.2404325692951 66018.34912738 40.4161449717279
273750 154.529394341743 -13285.993998682 -13131.4646043402 15875.4201594039 16110.2335532418 15861.9153351582 15654.1115898116 -38.1463146729784 65891.3552634595 40.3902133075065
273760 154.720611119496 -13287.323640779 -13132.6030296595 14029.489815124 14201.187193929 14028.4119965782 13858.870254865 -53.8916887101751 66030.4723825445 40.4186187549293
273770 156.082136086555 -13287.0594681316 -13130.977332045 16064.6383536961 16150.0955602677 16053.9727260429 15989.8467747779 -53.4217244693953 65875.8935706897 40.387053814023
273780 156.953691272722 -13289.3231539596 -13132.3694626869 13860.7462559591 13867.3166153784 13842.5810454513 13872.3411070477 -53.8147025795742 66043.226917019 40.4212210255598
273790 157.319864961903 -13287.8910426172 -13130.5711776553 16214.8453526093 16187.7925202897 16148.4591454678 16308.2843920703 -82.3831451647412 65867.6177550984 40.3853625033432
273800 156.6712199646 -13288.9036037812 -13132.2323838166 13735.7261587126 13719.7113597982 13595.825659127 13891.6414572126 -50.8413199325431 66058.6462635065 40.4243665427321
273810 156.724565764049 -13287.0644101272 -13130.3398443631 16293.8507948328 16303.3254331473 16100.5044354133 16477.7225159376 -8.85514455144479 65868.0715401249 40.3854552460866
273820 156.042777798539 -13288.1359073807 -13132.0931295821 13708.2509050053 13736.9660076325 13540.4756990035 13847.3110083799 11.8513607206726 66065.4739282231 40.42575921691
273830 155.488694978667 -13285.7087950455 -13130.2201000668 16276.0859369408 16340.0900304526 16175.1921841866 16312.9755961832 4.56935116564685 65875.3741235651 40.386947659895
273840 154.609211874515 -13286.5089489181 -13131.8997370436 13754.9396940363 13867.0946476978 13765.6083662012 13632.1160682098 11.5815633491613 66066.5868100899 40.4259862081007
273850 154.836176479289 -13284.8412405453 -13130.005064066 16189.4978241147 16370.8163696111 16283.5827323074 15914.0943704255 14.3593140132434 65880.3100493159 40.3879563423194
273860 154.553104130608 -13285.9673513841 -13131.4142472535 13891.3082956758 14100.3166191575 13996.7320980188 13576.876169851 -7.87951695086115 66052.5940408637 40.4231319592598
273870 155.088388504658 -13284.7024466738 -13129.6140581691 16009.8436491909 16188.1320062155 16083.9169120973 15757.4820292599 -28.5175010142729 65889.4289189568 40.3898196988494
273880 156.151615784382 -13286.7358153354 -13130.584199551 14090.5885714809 14162.0379439941 14139.1231954773 13970.6045749712 1.44444854527598 66028.8025873384 40.4182780466557
273890 158.019526555036 -13286.9660824118 -13128.9465558568 15810.7473608788 15754.8483727665 15826.3556330567 15851.0380768133 77.7714975600983 65894.7328457722 40.3909034280776
273900 158.976523800693 -13288.6192187659 -13129.6426949652 14320.1860833939 14192.049862422 14334.6634777847 14433.8449099751 154.244772721065 66009.7498385156 40.4143900798367
273910 158.972374840358 -13287.4497167116 -13128.4773418712 15559.883774903 15448.1317265801 15565.8953366316 15665.6242614974 213.096823354178 65921.5029791025 40.3963723703957
273920 157.584233472645 -13286.5287603342 -13128.9445268615 14567.1730698738 14542.699966034 14533.405810513 14625.4134330744 273.052371884907 66002.6832802417 40.4129478644314
273930 156.434455667065 -13284.6420814239 -13128.2076257568 15278.6123106618 15342.9380564075 15166.1610732664 15326.7378023116 293.545119561218 65951.082029453 40.4024134324026
273940 156.473401150877 -13284.7248413403 -13128.2514401894 14848.9227500593 14946.567052713 14700.7928828985 14899.4083145664 220.767605571019 65980.998667054 40.408521604329
273950 157.648573622391 -13285.5279699134 -13127.879396291 15013.4502471111 15089.6949331756 14923.4306863114 15027.2251218464 101.567244585482 65964.8886610165 40.4052326043197
273960 158.35147354718 -13285.957768217 -13127.6062946698 15126.1679021993 15145.0423625001 15146.0828891757 15087.3784549221 1.96684319192308 65954.8004537793 40.4031727350501
273970 157.802746889662 -13285.583226922 -13127.7804800323 14769.4319683538 14724.3137522254 14881.3421178188 14702.6400350173 -48.5606296751339 65986.3622797239 40.4096165144307
273980 157.18004103044 -13284.5511655612 -13127.3711245307 15330.6345024063 15263.5871088083 15439.653317896 15288.6630805146 -42.164700722562 65950.6755123604 40.4023304198379
273990 157.700802243079 -13285.5959140818 -13127.8951118387 14546.5533863985 14507.6630537214 14605.0773100132 14526.9197954609 -10.409742247768 66009.7330435799 40.4143866522767
274000 159.334724890853 -13286.5049273014 -13127.1702024106 15535.9336350161 15581.697780491 15552.5437111112 15473.5594134463 -9.21684702518185 65929.0422816797 40.3979123275197
