# Fix print output for fix setl_out
150000 158.615231983208 -13287.3744083358 -13128.7591763525 4900.72557579563 5092.41577255791 4742.0564140422 4867.7045407868 229.669047138783 66771.9389279839 40.5693449848502
150010 159.145602466401 -13287.8988150471 -13128.7532125807 5098.54093750548 5274.69634519661 5036.90927674343 4984.0171905764 121.487996749646 66757.2683977254 40.5663735899459
150020 158.136360543045 -13287.062306598 -13128.9259460549 4907.9415728732 5017.00125995622 5014.15165806511 4692.67180059828 38.3840827224262 66773.9989136853 40.5697621831149
150030 155.76231286842 -13284.8385703065 -13129.0762574381 5099.59364966503 5197.27172073778 5317.34545748256 4784.16377077475 34.9134350437129 66764.2142416801 40.5677804676078
150040 153.4751163538 -13282.8173354883 -13129.3422191345 4886.91452406804 5024.62703136789 5093.14101538337 4542.97552545286 114.383864494214 66786.6496322149 40.5723240796719
150050 153.251404125402 -13282.708636975 -13129.4572328496 5093.62906221344 5253.04312274405 5192.33984645392 4835.50421744233 171.442860874863 66767.930691568 40.5685331928387
150060 154.937118922412 -13284.5708843512 -13129.6337654288 4901.51595342385 4988.0484053827 4933.41025428999 4783.08920059886 136.105849519713 66776.7334551286 40.5703159824154
150070 156.734619930462 -13286.4519355428 -13129.7173156123 5104.05209774605 5070.04326698807 5135.13035575393 5106.98267049614 60.635662799722 66754.0583854699 40.5657233703931
150080 157.628183862711 -13287.5800931121 -13129.9519092493 4903.51923717022 4779.85766994868 4938.87506200367 4991.8249795583 15.362326561921 66766.1548322925 40.5681735159501
150090 158.165561401253 -13288.3297735307 -13130.1642121295 5093.99210682402 4944.05923710351 5129.66432579526 5208.25275757328 -0.582152144236344 66749.1275923267 40.5647245491451
150100 158.20463285445 -13288.7598982943 -13130.5552654399 4909.01383465843 4801.71997972276 4936.74626585068 4988.57525840185 -2.56657701358009 66762.0079878947 40.5673336024414
150110 157.634589933879 -13288.5875380616 -13130.9529481278 5097.44486903651 5055.27838421349 5122.66618144113 5114.39004145491 36.6715239246405 66747.6666908707 40.5644286077117
150120 156.185558911478 -13287.7177834139 -13131.5322245025 4898.42864581452 4910.33236025205 4929.61647030662 4855.33710688488 112.653972616421 66766.1174598079 40.5681659465775
150130 153.880845898969 -13285.9330618208 -13132.0522159218 5109.59345529107 5160.35149721667 5126.37831315135 5042.05055550517 178.75925676123 66752.8160652701 40.5654717206237
150140 151.763213125711 -13284.4282238495 -13132.6650107238 4874.68673665323 4953.08681595972 4836.72279054853 4834.25060345145 189.968463823165 66775.6058809238 40.5700876279327
150150 151.51753207222 -13284.5943593443 -13133.0768272721 5109.24494717278 5184.68154437621 5028.88732617481 5114.16597096733 148.075564320859 66755.2893126565 40.5659727092649
150160 153.249715384937 -13286.7602201332 -13133.5105047482 4880.94401442974 4926.80381929868 4766.42129897475 4949.60692501578 115.533846317971 66765.3082823061 40.568002056164
150170 155.46125914877 -13289.2358555709 -13133.7745964222 5128.80989365008 5149.9646777166 4976.02805429561 5260.43694893802 108.02625526621 66735.8246306714 40.5620295484873
150180 156.5308771118 -13290.6973158034 -13134.1664386916 4892.06063930504 4928.47095048539 4697.51303537646 5050.19793205327 145.08385157661 66749.9097283718 40.5648829882162
150190 156.085261531535 -13290.5562079574 -13134.4709464259 5116.09453439053 5186.35437695887 4890.18715375989 5271.74207245282 221.733840700975 66734.6951041891 40.5618007051572
150200 154.530500123753 -13289.4109258505 -13134.8804257267 4885.91091155825 4950.46030858437 4664.37995622073 5042.89246986964 294.896502446067 66757.4403819989 40.5664084264637
150210 153.06185624393 -13288.1936127379 -13135.131756494 5095.34455119516 5096.05976422455 4957.63989193059 5232.33399743035 320.359357679997 66743.4885898932 40.5635822070128
150220 152.031277493367 -13287.4353562335 -13135.4040787401 4917.39112608614 4850.38929349168 4897.19016754104 5004.59391722571 278.00940530858 66759.1401437223 40.5667527208858
150230 151.827522090257 -13287.3395548423 -13135.5120327521 5060.34353365519 4973.16609841937 5112.47423570229 5095.39026684391 203.813628790214 66748.5767835842 40.5646129698272
150240 152.908405131427 -13288.504486788 -13135.5960816565 4939.85645017624 4868.04484328967 4991.58109186695 4959.94341537211 125.259611487961 66754.0950600385 40.5657307993054
150250 154.681766465086 -13290.2452322382 -13135.5634657731 5042.79581438228 4972.61124517074 5077.29409547544 5078.48210250065 65.1604783617236 66737.6524405555 40.5623998593465
150260 155.575839360474 -13291.1517418131 -13135.5759024527 4998.09006776346 4902.47962076875 5023.38089781036 5068.40968471128 -7.37655828598051 66738.7290580754 40.5626179768754
150270 154.58352219458 -13290.1888081158 -13135.6052859212 4992.74614455282 4881.93626177278 5013.31421525013 5082.98795663553 -48.0866240564976 66743.8745074366 40.563660387762
150280 152.583379368932 -13288.2039171538 -13135.6205377849 5029.73294649961 4899.51815020866 5052.07555409283 5137.60513519734 -48.2593572538204 66749.7405818614 40.5648487239292
150290 151.701969880564 -13287.3184617321 -13135.6164918515 4919.35107093792 4780.58129916165 4946.96264990688 5030.50926374524 -16.9437867620062 66762.350122125 40.5674029005855
150300 152.502164392118 -13287.969643773 -13135.4674793809 5098.83835961429 4983.87530737893 5103.52413593754 5209.11563552638 -8.93898742634521 66744.567222821 40.5638007201126
150310 153.376985293742 -13288.7631433499 -13135.3861580561 4879.16902669945 4833.25526093714 4823.29281502587 4980.95900413534 -37.6966100666925 66759.49081468 40.5668237501466
150320 153.448245736145 -13288.6199262763 -13135.1716805402 5155.32495369608 5175.79545067478 5082.57947534075 5207.5999350727 -89.9470076174033 66736.5743529616 40.562181441637
150330 153.622562251186 -13288.7233043755 -13135.1007421243 4803.03815868884 4832.07493927638 4783.45156305009 4793.58797374004 -122.26716415581 66762.9925399862 40.5675330195351
150340 154.826823498909 -13289.6506842789 -13134.82386078 5230.78873800121 5236.92096521148 5257.03915318237 5198.40609560977 -104.631859572318 66724.3909023367 40.559712943088
150350 155.728027047148 -13290.5219958557 -13134.7939688085 4744.70966563961 4753.43232486796 4780.74463991335 4699.95203213753 -88.8406532278601 66761.1424648183 40.5671582925799
150360 155.427796599603 -13289.975642472 -13134.5478458724 5306.86557705377 5314.39209838291 5332.61802460131 5273.58660817709 -93.2838025953079 66720.6565559699 40.5589562640567
150370 154.133344925748 -13288.766351268 -13134.6330063423 4642.29151419101 4638.34141109615 4662.15419932313 4626.37893215375 -67.209586895029 66780.1692633164 40.5710117808171
150380 152.969802681089 -13287.3172047791 -13134.347402098 5396.96600868865 5386.98814145063 5448.1219780828 5355.78790653253 -18.9953867386851 66723.9224751078 40.5596180286789
150390 152.017180830201 -13286.4404910082 -13134.423310178 4547.07265170291 4534.35186706136 4666.14829722143 4440.71779082595 35.3443894807236 66793.0307735839 40.5736162016354
150400 152.088249775354 -13286.0877253468 -13133.9994755714 5501.01198539819 5498.27975804569 5652.54934071283 5352.20685743606 48.2092134277787 66716.821470637 40.5581791432135
150410 153.103927809662 -13287.1302987186 -13134.0263709089 4433.37947877123 4467.85346141581 4527.81370336124 4304.47127153664 8.36811294788425 66799.3477788856 40.5748952555829
150420 154.952716028922 -13288.4167917154 -13133.4640756865 5634.35767603436 5699.79112088903 5623.68855642219 5579.59335079187 -3.56036016289942 66700.4420614297 40.5548597735227
150430 155.713065936982 -13289.2573849311 -13133.5443189941 4302.94163968197 4337.5460430636 4228.99213418794 4342.28674179437 50.6526426794805 66805.5204702447 40.5761450112541
150440 155.384106121861 -13288.3436200298 -13132.9595139079 5785.43338530774 5771.09235069533 5689.25798740942 5895.94981781847 121.658943738206 66690.4091455813 40.5528262842619
150450 154.338936252175 -13287.5192946495 -13133.1803583973 4128.39637751006 4097.30377102423 4048.86379571238 4239.02156579357 170.056201765505 66827.82305479 40.5806598687725
150460 154.474036340539 -13286.9952197784 -13132.5211834379 5939.20567478906 5950.36084199225 5876.64240106389 5990.61378131103 168.220653047508 66684.0332738959 40.5515339052407
150470 154.915806055363 -13287.6966515038 -13132.7808454484 3976.86677433654 4047.37923418499 3920.58226204139 3962.63882678323 106.581886917001 66835.9529642685 40.5823054094994
150480 155.72504276147 -13287.7547978865 -13132.029755125 6111.68561432597 6218.98199084316 6054.82178702917 6061.25306510557 32.7231276019513 66662.0310706466 40.5470734609932
150490 155.644915559092 -13288.0480596675 -13132.4031441084 3825.78793684256 3921.91002347146 3796.00836468556 3759.44542237067 21.6004016203646 66843.2603828837 40.5837843594448
150500 155.815870192661 -13287.4500151342 -13131.6341449416 6257.01028174252 6294.74499133925 6296.53887680743 6179.74697708089 35.0779925331055 66652.6633842676 40.545174078616
150510 155.354865162416 -13287.4841308851 -13132.1292657227 3678.13771695808 3626.86135378877 3780.52612240967 3627.0256746758 18.6229944817244 66861.288376065 40.5874325877389
150520 155.622758837027 -13286.9434514634 -13131.3206926264 6389.03934516646 6297.31776162987 6466.20146464699 6403.59880922253 -31.4324915063597 66648.8005150321 40.5443907954311
150530 155.534481616693 -13287.4334665139 -13131.8989848972 3566.01189876438 3452.09463639902 3569.91336934718 3676.02769054695 -64.5562044839078 66876.6975881263 40.5905503475628
150540 156.118881755672 -13287.1829870931 -13131.0641053374 6471.35746459391 6355.69520339527 6416.39916407926 6641.97802630722 -63.4699417713034 66647.582454447 40.5441438001121
150550 155.092062499302 -13286.7901149536 -13131.6980524543 3509.505120513 3411.1109409921 3444.57128021084 3672.83314033607 -41.2473655980056 66883.5125875849 40.5919290798306
150560 153.827389012161 -13284.6804772693 -13130.8530882571 6508.5264217794 6466.43076235252 6469.46436921983 6589.68413376585 -25.8070410340842 66645.5950932965 40.5437408014626
150570 152.99606233835 -13284.4679374118 -13131.4718750734 3487.68878559315 3527.71624688182 3474.72720379834 3460.62290609929 -34.528246919127 66884.5143809738 40.5921317432454
150580 154.98949696315 -13285.5323588318 -13130.5428618686 6495.84102736494 6606.07878612182 6442.57936573595 6438.86493023707 -38.0386765554683 66639.9041948077 40.5425867522933
150590 157.140445011566 -13288.2199214632 -13131.0794764516 3545.35166211582 3664.23945262531 3440.09338143445 3531.72215228769 -13.9030552254876 66867.953527262 40.5887812125953
150600 158.483836683079 -13288.6983198884 -13130.2144832053 6440.84095968989 6488.12804322571 6369.0403403333 6465.35449551065 38.5255933425966 66637.5528998106 40.5421099173611
150610 157.020205433419 -13287.8615594994 -13130.841354066 3634.12618961316 3563.44212994161 3655.30952335023 3683.62691554765 33.0955677507633 66868.2740489399 40.5888460646048
150620 155.677571334548 -13285.832112434 -13130.1545410994 6301.47504510753 6110.17351474432 6443.65997025386 6350.59165032442 18.4987456307531 66665.8133489532 40.5478403013945
150630 155.101239155421 -13285.8502283206 -13130.7489891652 3756.55412624119 3489.65537155566 3959.76463242342 3820.24237474448 22.6756062030684 66871.9702922986 40.5895939204484
150640 156.371382754012 -13286.4590667409 -13130.0876839869 6145.60964669561 5876.20827663484 6319.99028449755 6240.63037895444 33.4978255059829 66676.7463101166 40.5500567484237
150650 156.921463196182 -13287.4993456367 -13130.5778824406 3956.61571148073 3771.53197042218 4009.41112353894 4088.90404048106 59.0662589277548 66844.8833103291 40.5841128094338
150660 156.648176370999 -13286.720089835 -13130.071913464 5962.12629405686 5884.95510672947 5862.76177249882 6138.6620029423 35.1792736890464 66684.8838133548 40.551706312994
150670 155.606513661225 -13286.1602795807 -13130.5537659194 4131.7590011595 4149.83489127314 3931.83547974591 4313.60663245944 -24.332434609105 66831.5704988848 40.5814183897236
150680 155.885093830339 -13286.0724967942 -13130.1874029638 5757.67104581731 5825.26183775592 5571.01958539572 5876.73171430027 -40.3315636722968 66699.3739320955 40.5546432928655
150690 156.248350356501 -13286.8521662852 -13130.6038159287 4345.06126799087 4399.74313117297 4280.75548003197 4354.68519276766 1.5800345883346 66807.7467214352 40.5765957309306
150700 156.259488618987 -13286.6817765847 -13130.4222879657 5575.05300844891 5617.94915389184 5629.46561502807 5477.7442564268 45.0417156838419 66710.2674410596 40.556851001351
150710 155.443624585058 -13286.3162006233 -13130.8725760382 4520.96101022337 4518.45217640384 4646.66772119214 4397.76313307413 47.6470552086994 66798.5674078124 40.5747372520549
150720 155.1201265147 -13286.0075650744 -13130.8874385597 5388.8136831635 5300.73945380165 5535.82895361391 5329.87264207494 -10.2724501841868 66731.9636987996 40.5612473086946
150730 154.945191151533 -13286.2731738549 -13131.3279827034 4678.90283763611 4560.47380900123 4759.77154352406 4716.46316038302 -83.0543561741364 66788.948480385 40.5727895845962
150740 154.484095627983 -13285.9667854132 -13131.4826897852 5263.34688852335 5159.68934132545 5242.80256281876 5387.54876142584 -113.02806779874 66743.7596865824 40.5636371269168
150750 153.976938003457 -13285.8952387851 -13131.9183007816 4777.30093035474 4718.3081091355 4675.85682858378 4937.73785334493 -108.480679210677 66782.6170041685 40.5715074674396
150760 154.650905127865 -13286.7808054201 -13132.1299002922 5165.23565026482 5146.48412602276 5029.08938206834 5320.13344270337 -87.7519587589297 66747.0860749939 40.5643109885212
150770 155.569021947133 -13288.0947924744 -13132.5257705273 4877.64070164202 4864.80135507545 4758.88895426336 5009.23179558725 -32.0382466950238 66765.2740849767 40.5679951298246
150780 155.709112717358 -13288.5449463783 -13132.8358336609 5103.01835388375 5041.89515795941 5017.27877220303 5249.88113148882 12.6242422045383 66747.987281952 40.5644935516708
150790 155.39273963081 -13288.6660100225 -13133.2732703917 4910.30790994797 4792.35342522118 4835.60054792378 5102.96975669895 6.46191058886783 66763.8938966253 40.5677155840032
150800 155.281655320491 -13288.914467263 -13133.6328119425 5066.72551042264 4961.49164784687 4942.04426430396 5296.6406191171 -15.2110510922332 66750.0675511884 40.5649149585917
150810 155.040800786512 -13289.1064567613 -13134.0656559748 4949.48048124687 4918.96438338438 4777.91908031348 5151.55798004275 10.4135369756868 66757.6831469929 40.5664575999686
150820 154.645111162466 -13289.0847885997 -13134.4396774372 5023.2519457717 5066.27988076459 4848.02580574534 5155.45015080517 41.8874606797121 66747.7788048626 40.5644513193045
150830 154.278080710012 -13289.1007886781 -13134.822707968 4995.7358570049 5069.32121866146 4858.03234254951 5059.85400980374 15.3650662736521 66745.111267356 40.5639109335979
150840 154.081460421536 -13289.2620686705 -13135.1806082489 4991.58507791578 5057.82163175164 4916.15787176859 5000.77573022711 -22.3764130812744 66742.207191697 40.5633226139808
150850 153.978276301651 -13289.4902989574 -13135.5120226558 5039.1051077421 5064.92033305538 5010.74970816382 5041.64528200708 -46.4695144598517 66739.7306767314 40.5628208978891
150860 153.671297702882 -13289.534920009 -13135.8636223061 4945.36506383671 4942.85470468004 4879.54541132195 5013.69507550815 -66.9971484017043 66753.0980923707 40.5655288495307
150870 152.813347543608 -13288.9336996572 -13136.1203521136 5065.66177394712 5039.9900537235 4895.66767534649 5261.32759277137 -68.6491793932197 66748.4373266239 40.5645847194294
150880 151.601732849301 -13287.9897072138 -13136.3879743645 4909.83290534003 4861.95949958714 4671.59159478729 5195.94762164567 -46.8486774896217 66763.7233684553 40.5676810446547
150890 150.951897860773 -13287.4412822017 -13136.4893843409 5095.90336430589 5059.80158326695 4880.88365213235 5347.02485751836 -15.4802893817214 66748.5405388324 40.5646056275753
150900 151.337674540088 -13287.9340625971 -13136.596388057 4873.82828469032 4863.42006819935 4740.36776790513 5017.69701796648 -5.19572027611847 66760.7443154534 40.5670776477626
150910 152.711944902188 -13289.2180702656 -13136.5061253634 5146.39596284773 5155.4995312883 5098.94183355081 5184.74652370407 -26.1921466156127 66731.9781353614 40.5612502336542
150920 154.317955888203 -13290.8332118773 -13136.5152559891 4834.63821047177 4853.772326556 4842.14764887573 4807.9946559836 -65.5025441952993 66750.4309883871 40.5649885803514
150930 155.076870758696 -13291.4253244606 -13136.3484537019 5197.83604665344 5219.12347126023 5223.00964346752 5151.37502523258 -81.1394717863874 66718.0734744315 40.5584328457303
150940 154.303204660651 -13290.6847016346 -13136.381496974 4783.70959026956 4773.18221163406 4791.51821072586 4786.42834844877 -66.5952929750697 66751.7395469673 40.5652536538809
150950 153.161602638913 -13289.3491224877 -13136.1875198488 5251.91499426025 5188.31944127174 5205.96001986814 5361.46552164086 -6.91094590557581 66718.6625525876 40.5585522137679
150960 152.57735485999 -13288.7886445443 -13136.2112896843 4714.4031352726 4607.55909097131 4572.09691470394 4963.55340014255 112.600985491966 66767.9249711367 40.568532034251
150970 152.91710227443 -13288.8048436079 -13135.8877413335 5299.62580700873 5168.69625597159 5063.48373507957 5666.69742997502 233.921550208929 66723.7055195327 40.5595740682098
150980 153.013957682952 -13288.8165540153 -13135.8025963324 4666.73091887286 4547.71546936902 4385.32095669548 5067.15633055407 243.677208230698 66773.5273542933 40.5696666813841
150990 152.494454171053 -13287.8299125277 -13135.3354583566 5379.02299359633 5314.84111824594 5108.58309683698 5713.64476570605 163.160846668039 66719.2339287631 40.5586679940879
151000 151.783795586489 -13286.9651595312 -13135.1813639448 4571.92783408769 4636.03885202609 4354.83624408148 4724.90840615549 87.1203637988716 66786.8409711633 40.5723628252318
151010 152.776828260266 -13287.2909353521 -13134.5141070918 5465.68015732421 5653.03324657611 5284.74664004386 5459.26058535266 83.3989322802449 66715.2462197434 40.5578599343075
151020 155.003682800825 -13289.2492626299 -13134.245579829 4480.22848469424 4705.39137566397 4305.17831440218 4430.11576401656 107.87690349112 66791.3812840511 40.5732822031858
151030 157.072551450403 -13290.5170385241 -13133.4444870737 5573.5457613173 5714.97249019377 5421.00044932412 5584.664344434 147.416022024686 66700.9605844992 40.5549648631604
151040 156.878596434934 -13290.1368354059 -13133.258238971 4386.25573313687 4344.47034581761 4307.23964477443 4507.05720881856 149.60525846468 66795.3379702602 40.5740833673138
151050 155.167608965936 -13287.6914882645 -13132.5238792986 5676.84637927274 5458.62972095549 5656.24634090166 5915.66307596106 118.076187420998 66698.079089786 40.5543808605782
151060 153.837902878947 -13286.3233002518 -13132.4853973729 4245.94755177698 3979.12254962723 4208.70264177033 4550.01746393339 77.0163945552518 66815.1641945742 40.5780973765008
151070 155.403741829465 -13287.0972758054 -13131.6935339759 5806.51102612753 5613.21402736656 5701.63101056758 6104.68804044846 73.1834149148678 66688.4016400049 40.5524193749685
151080 157.168795965168 -13288.8949968768 -13131.7262009116 4145.73536863494 4050.54497666499 4036.40617426854 4350.25495497129 118.290986608939 66816.4024847943 40.5783480538799
151090 157.441120095708 -13288.4344362181 -13130.9933161224 5933.92820609029 5921.47128524937 5848.63244224475 6031.68089077676 145.760354557559 66678.636570143 40.5504399376226
151100 155.834601000682 -13287.0955118354 -13131.2609108347 4007.59822220083 4069.20927679379 3912.93310020392 4040.65228960478 121.270570598508 66839.4072568708 40.5830045379185
151110 154.770449912798 -13285.3457231521 -13130.5752732393 6036.69901708197 6130.29153224788 5886.83388493868 6092.97163405935 18.8022570055555 66682.1961383996 40.5511615055179
151120 153.9795609886 -13284.9082189061 -13130.9286579175 3919.35558713675 3979.72094998532 3743.19014578715 4035.15566563776 -139.794012171685 66853.7979016041 40.5859168602359
151130 154.415485009497 -13284.6193776629 -13130.2038926534 6110.50311120206 6117.13894975756 5929.52378118011 6284.84660266853 -247.874149334233 66680.3993835451 40.5507972846067
151140 154.957742546275 -13285.5345279352 -13130.5767853889 3865.75031980702 3802.26794919045 3747.75143326425 4047.23157696638 -230.325623727289 66857.5272460684 40.5866715221737
151150 156.2695281216 -13286.1075302846 -13129.838002163 6152.46866808781 5982.34490090333 6146.46815784703 6328.59294551308 -113.791353835758 66673.632423796 40.5494254927028
151160 157.052778506928 -13287.3253111316 -13130.2725326246 3841.75714041876 3593.59467097271 3931.79310347401 3999.88364680954 -38.4766908685399 66853.8245137106 40.5859222455027
151170 157.653252975245 -13287.2651897448 -13129.6119367695 6167.60684676187 5915.83688063732 6285.55050680621 6301.43315284207 -61.7282036204428 66667.2763913016 40.5481369190588
151180 156.671602641492 -13286.837812813 -13130.1662101715 3854.55319109873 3687.81962022525 3944.93103754635 3930.90891552457 -106.500982870066 66852.927019808 40.5857406264703
151190 155.661503464386 -13285.284605863 -13129.6231023986 6128.47635763875 6070.41830475438 6161.87706465669 6153.13370350517 -131.352526437747 66675.7360285682 40.549851943484
151200 154.42850413565 -13284.6307162424 -13130.2022121068 3898.3520688704 3901.76013930754 3873.2252893057 3920.07077799798 -89.6394775979186 66855.465765968 40.5862543690667
151210 154.886411843698 -13284.5586993821 -13129.6722875384 6059.4798521055 6069.95074916651 5970.99515315564 6137.49365399436 -38.8183625418285 66682.753613146 40.5512745101218
151220 155.95447097149 -13286.1401293006 -13130.1856583291 3982.16006272911 3958.77845984207 3830.37503527197 4157.32669307331 -5.53869856451721 66844.7585900677 40.5840875685874
151230 157.164926612742 -13286.8710505026 -13129.7061238898 5982.19541786086 5915.00943968229 5792.3632573524 6239.21355654789 20.1017450764183 66683.4093877023 40.5514074400796
151240 156.827262640897 -13287.0699632888 -13130.2427006479 4075.46707258794 3996.62001769605 3901.83054304457 4327.9506570232 51.9001820261176 66836.2825250641 40.5823721116973
151250 156.504458706559 -13286.3977279107 -13129.8932692041 5868.3073812148 5809.13453777703 5717.35439688755 6078.43320897982 115.785780339818 66695.0396861249 40.5537648358105
151260 156.263776275068 -13286.6865039362 -13130.4227276612 4183.6594249884 4162.04286495001 4036.64390384074 4352.29150617444 215.803883037783 66828.1363918289 40.5807232924751
151270 156.49706636259 -13286.6554739407 -13130.1584075781 5758.93746390787 5765.57353093587 5576.95092889695 5934.2879318908 293.044413015651 66701.3028832352 40.5550342369213
151280 155.904874717855 -13286.5704531018 -13130.665578384 4305.32836442723 4319.81391633747 4132.83634668484 4463.33483025937 281.067738205608 66815.9597471329 40.5782584271718
151290 155.683334288196 -13286.1762556865 -13130.4929213983 5631.16901772388 5611.69916005153 5539.9283323423 5741.8795607778 217.010498915517 66710.3165136794 40.5568609459993
151300 155.790173276298 -13286.7445980799 -13130.9544248036 4435.33975885209 4365.21018306974 4422.85051626898 4517.95857721754 144.369814498607 66806.9610610335 40.5764366697886
151310 156.178161113139 -13287.0339875027 -13130.8558263896 5495.22139577306 5382.18447692044 5477.89935127653 5625.58035912221 82.1336345936292 66722.2924657702 40.5592877468648
151320 155.9223716582 -13287.1832147296 -13131.2608430714 4570.83858269156 4447.58803382837 4495.28928460336 4769.63842964296 39.3518331919857 66796.0281909481 40.5742231224531
151330 155.544338375476 -13286.7906120753 -13131.2462736998 5359.84480625136 5259.9685668883 5238.30299144808 5581.26286041769 42.542339849643 66733.7087318262 40.5616008628999
151340 155.020767010491 -13286.6025316394 -13131.5817646289 4702.9267161526 4646.82215212812 4579.4176694595 4882.54032687018 51.8379139551219 66785.1379929327 40.5720179746748
151350 155.124026670695 -13286.7340003891 -13131.6099737184 5224.64649820509 5232.78403682615 5132.40084933944 5308.75460844968 46.8233600474105 66742.4688786164 40.5633756282951
151360 155.791216757876 -13287.6395698898 -13131.8483531319 4833.88457218762 4908.12112484171 4789.54257296286 4803.99001875828 26.9927950803023 66769.9160243584 40.5689352882763
151370 156.586962124363 -13288.5107865665 -13131.9238244421 5106.77185536913 5221.29411862469 5089.30211757782 5009.71932990489 13.1038299806239 66745.2744015832 40.5639439814958
151380 156.385936443057 -13288.5162798571 -13132.130343414 4966.42282279936 5082.54506563554 4952.59502680253 4864.12837596003 38.2691729266168 66758.6193739288 40.5666472372306
151390 155.238303406141 -13287.5548921413 -13132.3165887351 4971.68444095885 5041.960317497 4935.75841436491 4937.33459101464 84.6165343943953 66763.0323813109 40.567541089195
151400 154.113905054898 -13286.5643517204 -13132.4504466655 5068.29378843148 5035.77279643844 5032.55529946466 5136.55326939134 94.6556958885038 66757.1414569077 40.5663478772307
151410 153.467194749332 -13286.0796104055 -13132.6124156562 4874.23226654707 4731.12423754604 4851.04218568448 5040.53037641068 50.3221887489884 66771.8703656967 40.5693310991367
151420 153.299144821558 -13285.9025676194 -13132.6034227978 5165.67511831857 4968.80778437904 5167.59255132825 5360.62501924843 -12.5411120216191 66746.0409198603 40.5640992628282
151430 153.694814895201 -13286.4046743894 -13132.7098594942 4779.26586163866 4610.85804926313 4812.69472835001 4914.24480730286 -37.1994494747369 66771.3802431621 40.5692318358196
151440 154.3712303832 -13286.9459407138 -13132.5747103306 5274.66128301878 5166.07721274884 5298.84521139323 5359.06142491427 -40.3934853788373 66727.4188743404 40.5603264709443
151450 154.485323550141 -13287.192968742 -13132.7076451918 4699.25670336597 4625.01769353067 4696.41223761482 4776.34017895242 -50.0822307982328 66774.4235603696 40.569848183548
151460 154.59378887088 -13287.1355704706 -13132.5417815997 5329.71446522429 5266.52202846974 5278.0716848113 5444.54968239184 -61.2885263665381 66728.9906657726 40.5606449400941
151470 155.023491044669 -13287.7181981418 -13132.6947070971 4640.67279499559 4609.94103539607 4539.14339949399 4772.93395009673 -40.5765553164057 66786.4163116607 40.5722768328632
151480 156.181364238691 -13288.6739894523 -13132.4926252137 5365.98858769301 5407.7849207833 5242.18926281832 5447.99157947743 -21.6827117177611 66728.4544531108 40.5605362957131
151490 156.902051361506 -13289.5737711678 -13132.6717198062 4621.54236105737 4739.56067246713 4520.43617867699 4604.63023202801 1.47331693937777 66785.356579012 40.5720622383584
151500 156.665672781056 -13289.1812337087 -13132.5155609277 5384.25844624974 5566.12381823269 5298.01940285809 5288.63211765845 46.7632798013894 66724.3451153298 40.5597036655796
151510 155.416121755284 -13288.1815206964 -13132.7653989411 4624.87253930011 4807.78248892411 4520.95765963769 4545.87746933852 68.7130138307186 66786.1334299757 40.5722195499062
151520 154.504350314319 -13287.1486071534 -13132.6442568391 5359.49048152065 5474.17771172194 5234.88108447164 5369.41264836837 40.0985017593137 66729.2382755878 40.5606951091999
151530 153.944100268863 -13286.8053218802 -13132.8612216114 4656.05663800134 4661.36496721849 4532.02454620039 4774.78040058515 -24.5674709961515 66785.7920541769 40.5721504217966
151540 153.523998317121 -13286.2377051604 -13132.7137068433 5332.90820346371 5252.66305438844 5206.51048420091 5539.55107180177 -82.4578638806845 66733.8728654127 40.5616341170364
151550 153.098809097966 -13285.962717032 -13132.8639079341 4673.92347727833 4585.01121483876 4508.08564323257 4928.67357376365 -83.8320513681228 66787.4200710534 40.572480090762
151560 153.936844407367 -13286.5892120548 -13132.6523676475 5302.33602454442 5278.92396523043 5065.7114724094 5562.37263599344 -22.764366247344 66735.5986509359 40.5619837649465
151570 155.273839216875 -13287.9914941434 -13132.7176549265 4704.98906125872 4790.5688504094 4398.50829327292 4925.89004009383 49.4914439286226 66778.2916485731 40.5706315409712
151580 155.771330077516 -13288.2705569925 -13132.499226915 5285.40418096077 5458.87777586717 4932.98012365071 5464.35464336445 57.9310467911944 66728.2856644866 40.560502096595
151590 154.783654032596 -13287.3682593472 -13132.5846053146 4734.69592674815 4931.60401733671 4409.7820421255 4862.70172078225 17.0836991461428 66771.7304324113 40.5693027588405
151600 153.858639243268 -13286.2670808825 -13132.4084416392 5255.43147398871 5431.51947049456 5019.13231372803 5315.64263774353 20.7969079239023 66732.5958322118 40.5613753834446
151610 154.255581733903 -13286.7202737737 -13132.4646920398 4748.66001290511 4872.33493186578 4626.99261743375 4746.6524894158 35.0734551007004 66774.0974921732 40.5697821474918
151620 156.116074332615 -13288.3707097644 -13132.2546354318 5245.43185428817 5286.54942551305 5239.12476011385 5210.6213772376 -1.58662656674641 66734.1713467826 40.5616945904439
151630 157.673674149425 -13289.988098843 -13132.3144246935 4764.62387173403 4746.79034806233 4827.88176052681 4719.19950661296 -56.0819492818012 66774.5215533338 40.569868029259
151640 158.050648818622 -13290.2421045856 -13132.191455767 5229.82444573917 5210.9031699892 5259.09701986326 5219.47314736506 -70.2251805151142 66740.3840369767 40.5629532630628
151650 156.739205190839 -13289.0916393237 -13132.3524341328 4768.77096787953 4797.01875241586 4681.93548330849 4827.35866791424 -26.1268395137327 66778.7128575137 40.5707168415301
151660 154.111114233796 -13286.4285288666 -13132.3174146328 5239.15653079742 5318.67072689909 5062.91140520293 5335.88746029023 6.67219057049349 66744.1697989879 40.5637202089247
151670 151.423947817275 -13283.928669066 -13132.5047212487 4755.6273340681 4893.30922919385 4539.91792791673 4833.65484509373 -26.8397574118768 66786.7636779508 40.5723471735983
151680 150.925397554199 -13283.3005875931 -13132.3751900389 5223.63264882669 5403.72310087407 5022.68835647065 5244.48648913535 -96.1584530921246 66748.8906839399 40.5646765578321
151690 152.812256082254 -13285.1898698173 -13132.377613735 4770.96729028978 4945.01583344011 4627.80084611738 4740.08519131186 -152.199631011826 66778.7660007176 40.5707276037287
151700 155.606603211321 -13287.7037097489 -13132.0971065376 5225.11516897532 5350.6888245574 5146.95988682141 5177.69679554716 -162.211948956959 66735.4262775315 40.5619488419899
151710 157.066937728227 -13289.1037570306 -13132.0368193024 4789.37763905534 4837.5624997512 4784.75346095506 4745.81695645977 -137.737894439063 66765.5006736242 40.568041023127
151720 156.932590637378 -13288.731595368 -13131.7990047307 5221.32362563315 5172.46683329662 5297.09358229235 5194.41046131047 -116.07101948354 66732.0801669324 40.561270906032
151730 156.13364324017 -13287.9467440876 -13131.8131008474 4781.61659613109 4633.48094709512 4945.32401263003 4766.04482866811 -104.535432256372 66772.1927459702 40.5693963897595
151740 155.759046192182 -13287.3775987803 -13131.6185525881 5208.81209015658 5000.26056921355 5397.26129981521 5228.91440144099 -89.0495841013155 66742.7122561669 40.5634249332488
151750 155.98351360346 -13287.6084426032 -13131.6249289997 4779.0296431281 4561.06664896515 4887.87884175969 4888.14343865946 -67.1915158097386 66777.9799806062 40.5705684237235
151760 156.679012077414 -13288.0837708487 -13131.4047587712 5222.1866697659 5061.56014573079 5174.49147931323 5430.50838425368 -7.25781315371194 66740.202126245 40.5629164095978
151770 156.536490574268 -13287.9604145032 -13131.4239239289 4784.33903026744 4719.05299749575 4562.53020315617 5071.43389015041 28.0806104628483 66775.224549778 40.5700104007914
151780 155.226440903814 -13286.4747775047 -13131.2483366009 5227.0640337956 5279.59740176002 4862.62826300227 5538.96643662452 45.8572186251148 66744.4145261151 40.5637697864414
151790 153.753521296262 -13285.0401573508 -13131.2866360545 4761.48873812784 4927.16018657828 4348.65590253943 5008.65012526581 43.606037018348 66786.7654278774 40.5723475279531
151800 154.420474509868 -13285.4603168082 -13131.0398422984 5221.32330170261 5430.4910435048 4890.52070958168 5342.95815202136 16.7154075244304 66751.3663968272 40.5651780655472
151810 157.159199295007 -13288.1155927197 -13130.9563934247 4760.41858114485 4937.96327923206 4598.36763642803 4744.92482777444 -43.9966149421903 66780.596031245 40.5710982055246
151820 159.396345871749 -13290.0325692687 -13130.636223397 5265.31285236042 5345.81658128452 5227.82401123411 5222.29796456263 -86.9655079775884 66732.3332212015 40.561322176674
151830 158.643575883144 -13289.2991549931 -13130.65557911 4753.54530570193 4754.44234174522 4723.88635772174 4782.30721763885 -33.3008995011633 66774.4002327033 40.5698434591843
151840 156.288079284616 -13286.7948835189 -13130.5068042343 5247.53872661363 5230.92173763881 5163.69848134964 5347.99596085245 69.6013106503865 66743.2834947329 40.5635406578765
151850 154.548968276255 -13285.1674275492 -13130.618459273 4727.93268911706 4748.55517145191 4579.41795383833 4855.82494206095 131.71909500372 66789.0233115567 40.5728047373439
151860 154.311893714521 -13284.7523776563 -13130.4404839418 5267.77105360436 5359.80449367089 5079.59078715528 5363.9178799869 102.312510044838 66745.2142131135 40.5639317884606
151870 154.77807772597 -13285.2781820163 -13130.5001042903 4732.77948525559 4876.74443514604 4497.99966047722 4823.5943601435 4.15492452197299 66783.7046910129 40.571727728626
151880 155.990574886873 -13286.2782376895 -13130.2876628026 5266.84303337946 5419.63312622446 4978.63698393144 5402.25898998248 -69.7011801836843 66739.2287575997 40.5627192127975
151890 157.201826213168 -13287.557465818 -13130.3556396049 4752.5851621068 4877.54900661003 4440.55673572742 4939.64974398294 -118.844659506379 66780.5864352761 40.5710962622504
151900 157.334255214427 -13287.553252864 -13130.2189976496 5220.33009064173 5277.58279337697 4932.43603001748 5450.97144853074 -188.038492691763 66744.6489131311 40.5638172691155
151910 156.142221767729 -13286.4921231127 -13130.349901345 4822.8611750556 4840.61580651365 4585.91752291704 5042.05019573611 -244.38772922773 66781.7401898487 40.5713299070903
151920 155.320695688977 -13285.6473774896 -13130.3266818006 5106.48858497504 5111.91742135831 4936.07751671813 5271.47081684868 -223.329464305465 66760.673652869 40.5670633350823
151930 155.727670070838 -13286.1385859945 -13130.4109159237 4935.85034776392 4958.83786930702 4861.92029843045 4986.7928755543 -148.05369190739 66769.7167654922 40.568894932137
151940 156.259516631074 -13286.7081909245 -13130.4486742934 5017.04456513649 5046.28553452003 5056.42937379753 4948.41878709191 -108.358837168494 66759.047946543 40.5667340460802
151950 155.458372720163 -13285.999333388 -13130.5409606678 5050.80477418732 5066.98491665436 5158.52939448609 4926.90001142151 -122.692884469424 66757.3056390717 40.5663811334246
151960 154.306934878735 -13285.0070470677 -13130.700112189 4877.97543614109 4898.33333716387 4930.00348903177 4805.58948222764 -161.16897702815 66772.4792852587 40.5694544214484
151970 154.655797008799 -13285.3860922539 -13130.7302952451 5174.99707423234 5217.92333094667 5096.69475942088 5210.37313232946 -215.135930962832 66747.5509844646 40.5644051683557
151980 155.977297176524 -13286.9033349184 -13130.9260377419 4753.76936841743 4803.77181416412 4570.09598259943 4887.44030848875 -247.557589290471 66775.9920610314 40.5701658367856
151990 156.857072127901 -13287.7718268618 -13130.9147547339 5329.53827695447 5381.40180859021 5081.77713925118 5525.43588302203 -248.635601429191 66729.0016297498 40.5606471615471
152000 156.121107721264 -13287.4072272012 -13131.28611948 4607.91526525329 4677.75481635438 4356.76975150173 4789.22122790377 -216.055677007719 66790.698149729 40.5731438764756
152010 154.744128797659 -13286.0392613494 -13131.2951325518 5443.84023356927 5553.37662110775 5224.12031930943 5554.02376029061 -148.010849406224 66727.5490721511 40.5603528512158
152020 153.797367103893 -13285.5404670658 -13131.7430999619 4474.46562840235 4613.10444284686 4301.09236041371 4509.20008194647 -96.9973588030837 66802.9153423752 40.5756175727055
152030 154.308447049112 -13285.960271994 -13131.6518249449 5586.61988481728 5717.10512752273 5442.86097080031 5599.89355612882 -89.6427835031082 66707.5973929467 40.5563099042935
152040 155.261251075097 -13287.40280483 -13132.1415537549 4357.61389067769 4453.0629723673 4217.98647713718 4401.79222252859 -140.389532311756 66800.6412040711 40.5751571356484
152050 156.500112201394 -13288.519550473 -13132.0194382716 5710.41194245017 5752.41786905917 5561.73453526236 5817.08342302898 -177.762765274339 66691.1430496041 40.5529750401503
152060 156.894113398139 -13289.5395216051 -13132.6454082069 4238.6533403324 4265.34033849817 4101.91591467319 4348.70376782584 -155.064959050032 66808.2475975122 40.576697135315
152070 156.53423833243 -13289.1106541367 -13132.5764158042 5828.00505952924 5888.78655245802 5730.30340689656 5864.92521923315 -88.8704410303169 66687.224177978 40.5521807067056
152080 155.301349075276 -13288.6751677066 -13133.3738186313 4110.83698805306 4239.45012330759 4039.100142696 4053.96069815561 -7.08721069413304 66829.7237049774 40.5810445833223
152090 155.401920227993 -13288.6967464402 -13133.2948262122 5917.90802102539 6114.37684922908 5812.58053465354 5826.76667919355 7.25847551919569 66685.0495521752 40.5517399087457
152100 155.477908888459 -13289.611770648 -13134.1338617595 4042.11253122363 4254.16134342085 3857.65634603688 4014.51990421317 -41.6228606642376 66829.2679882953 40.5809523414275
152110 155.171263614723 -13289.2128775959 -13134.0416139811 6001.22059809752 6168.46813237504 5777.56526640527 6057.62839551224 -98.5146229468935 66669.8806535015 40.5486648972564
152120 153.903463898267 -13288.8501186678 -13134.9466547695 3973.41082538051 4084.45631974771 3785.35872802815 4050.41742836567 -99.238002799353 66830.1925726438 40.5811394866783
152130 153.242779309154 -13288.0525124683 -13134.8097331592 6057.35595896014 6117.78657500205 5943.47033263071 6110.81096924767 -79.9034725289657 66664.5253196131 40.5475791623303
152140 152.411488480663 -13288.092416228 -13135.6809277473 3928.36101719919 3920.38362437128 3873.62821290072 3991.07121432557 -58.0278083313728 66835.3496667672 40.5821833031777
152150 152.181672904041 -13287.6127417424 -13135.4310688384 6083.21307742823 5995.79734237559 6046.24434168343 6207.59754822565 -34.6976090603613 66665.3070943648 40.54773766217
152160 151.603009759908 -13287.7875564782 -13136.1845467182 3907.74736019421 3765.16738549478 3862.67306525181 4095.40162983604 1.29535551733416 66836.8048454718 40.5824778274609
152170 151.907430145635 -13287.6905397527 -13135.783109607 6091.28154561278 5938.85940779182 6011.81723876477 6323.16799028175 23.8395076131148 66659.7784200325 40.5466167321411
152180 152.141528202143 -13288.5430819311 -13136.401553729 3926.07117194535 3861.20558975551 3789.88102916729 4127.12689691325 -5.73597739170091 66829.9382367431 40.5810880066842
152190 153.131539697309 -13289.0360168017 -13135.9044771044 6063.93073972012 6113.02823308283 5919.50245535447 6159.26153072304 -66.4641976019647 66660.2747726351 40.5467173693833
152200 153.898893256036 -13290.3174978257 -13136.4186045696 3954.24888415586 4067.77207113965 3836.41278229838 3958.56179902954 -80.6402169784926 66826.9492817905 40.5804830041184
152210 154.861032781739 -13290.7329387007 -13135.871905919 6025.19300562393 6136.87308652329 5956.10049509294 5982.60543525555 -20.7539023721235 66660.9003390121 40.5468442044627
152220 154.551508635243 -13290.8880910313 -13136.336582396 4017.54489199573 4082.46962356312 3977.5164279373 3992.64862448676 55.2546891361875 66821.7229015636 40.5794250748175
152230 154.07131158447 -13289.8902035964 -13135.818892012 5946.72026097397 5970.82350025468 5882.06845676938 5987.26882589785 101.313301492302 66671.6637366609 40.5490263848139
152240 153.176928526028 -13289.3818927808 -13136.2049642547 4088.22759309319 4117.06503425393 3925.28033926047 4222.33740576517 59.1152352240926 66818.9663960356 40.5788670778926
152250 153.070950284461 -13288.7140012051 -13135.6430509206 5869.83332421959 5951.89564413685 5571.96885481211 6085.63547370979 -74.6581123916362 66676.1205696807 40.549929898155
152260 153.022127723597 -13288.9144749069 -13135.8923471833 4183.19656905102 4344.85934148692 3806.41349026293 4398.31687540321 -262.528719189773 66810.2220182568 40.5770968598312
152270 153.796899824945 -13289.0648054604 -13135.2679056355 5763.50458748246 5989.38113455221 5388.73167438727 5912.40095350789 -325.898989805301 66683.7309205786 40.5514726166597
152280 154.284134692144 -13289.6275036939 -13135.3433690017 4294.07189213476 4493.14852714821 4017.67513855183 4371.39201070423 -206.050569433123 66799.9832964773 40.5750239293839
152290 154.282494915297 -13288.948573676 -13134.6660787607 5661.55691297725 5779.40781593885 5503.32870367319 5701.93421931973 -16.48089689831 66693.643375846 40.5534818260888
152300 153.490204987286 -13288.0708696265 -13134.5806646393 4389.25806262173 4457.68748426862 4312.49231525737 4397.59438833921 90.0728564250826 66798.4506543066 40.5747136125979
152310 153.531543688082 -13287.3277996437 -13133.7962559556 5553.88410109309 5626.09644987742 5478.25708315474 5557.29877024711 51.2444079031017 66706.5234328912 40.5560922574673
152320 153.961180983545 -13287.4353496888 -13133.4741687053 4505.62236308083 4603.83361524423 4387.3853875227 4525.64808647556 -103.987931513935 66792.4281525697 40.5734941799864
152330 154.991897225375 -13287.5776920806 -13132.5857948552 5439.28621911801 5512.65273472659 5318.62564184136 5486.58028078608 -252.601596680368 66721.2666061234 40.5590798785581
152340 155.711395919411 -13287.8085544665 -13132.0971585471 4606.69126164411 4578.1636884906 4555.92773404264 4685.9823623991 -279.458920394405 66789.7005431301 40.572941871113
152350 155.970708424993 -13287.2053191727 -13131.2346107477 5356.95035741932 5201.72332077932 5388.50945845295 5480.6182930257 -164.632868074026 66733.6507494223 40.5615891154145
152360 155.902898828526 -13286.6837975685 -13130.78089874 4676.83342068964 4458.33934875814 4751.4730180575 4820.68789525328 -0.137754869649235 66791.2631279937 40.5732582780336
152370 156.482035540707 -13286.5596435984 -13130.0776080577 5273.95181063018 5070.93473306589 5348.72472363326 5402.19597519139 81.5272678925508 66743.3409150687 40.5635522903651
152380 156.789846507606 -13286.5336655072 -13129.7438189996 4764.83236275511 4608.98896720058 4807.73783745205 4877.77028361269 79.2364759539846 66782.4408702017 40.5714717993413
152390 156.276988408991 -13285.561106317 -13129.284117908 5214.97851840809 5123.18341930228 5223.29777463156 5298.45436129045 37.3728160244559 66749.0737669612 40.5647136455734
152400 155.68794145262 -13284.808438236 -13129.1204967834 4797.08707316423 4764.83224854791 4781.20283186714 4845.22613907763 32.0349847351548 66784.3731328568 40.5718630897401
152410 156.531024123757 -13285.3346896669 -13128.8036655431 5159.2702727728 5163.87523994148 5122.86462358147 5191.07095479545 67.9116862587392 66750.7973631266 40.5650627969006
152420 157.873785422517 -13286.5865713407 -13128.7127859182 4872.44973280224 4892.40295686663 4796.26236274144 4928.68387879865 95.3844337785557 66768.8015570598 40.5687095728345
152430 157.564734222324 -13286.1488864399 -13128.5841522176 5133.34166847287 5192.88965813223 5000.58112643371 5206.55422085266 71.7248445659055 66751.659675674 40.5652374745244
152440 155.184701784452 -13283.835729932 -13128.6510281476 4888.26519794699 4990.87861681111 4717.64383006907 4956.27314696078 23.2583397980466 66781.0786806746 40.5711959463425
152450 153.947909047743 -13282.5502711238 -13128.6023620761 5063.43382729367 5207.92244486047 4875.09169159299 5107.28734542755 -15.6911328760472 66770.6371036551 40.5690813286677
152460 155.843712339876 -13284.4306763313 -13128.5869639914 4931.56631581677 5069.70527465936 4766.26491523705 4958.72875755388 -36.6124975731497 66774.3005419293 40.5698232696052
152470 158.917323510984 -13287.4321661911 -13128.5148426801 5051.21390201908 5127.07023193718 4976.67440316832 5049.89707095174 -53.4774721563939 66753.9592403875 40.5657032872497
152480 160.316133980711 -13288.8968624223 -13128.5807284416 4983.7062257603 4976.20959441415 5009.68637183776 4965.22271102899 -63.6324109163577 66754.0409755883 40.5657198437935
152490 159.322077405782 -13288.0626762277 -13128.740598822 5010.127361017 4968.64058267263 5071.91684232131 4989.82465805706 -62.1520593086465 66753.9436022499 40.565700119537
152500 157.023768492502 -13286.0090322753 -13128.9852637828 5017.25448663954 5031.57125011456 5065.73836372903 4954.45384607504 -81.4110642654769 66758.7791578361 40.5666796020513
152510 155.103167194849 -13284.3800814739 -13129.276914279 4963.3487442739 5123.5308940545 4970.22806423725 4796.28727452996 -116.180439130326 66770.5665157052 40.5690670325169
152520 154.523039166967 -13284.0333845104 -13129.5103453434 5034.7493695786 5338.16619713885 5004.55964955629 4761.52226204065 -127.884084143987 66767.5190861934 40.5684498281633
152530 154.996912585549 -13284.743900103 -13129.7469875174 4935.52048956629 5257.28212957372 4919.2794943964 4629.99984472875 -62.0075119881377 66771.6227288776 40.5692809459187
152540 155.542331260971 -13285.4508295088 -13129.9084982478 5079.30895356102 5254.29619659965 5142.0080568521 4841.62260723131 38.8609162808938 66754.4730377202 40.5658073634569
152550 155.647928083118 -13285.8066349222 -13130.1587068391 4915.0447451604 4867.66439572873 5055.19061598686 4822.27922376561 124.605895288644 66765.6690978913 40.5680751357389
152560 155.8759616066 -13286.2117808711 -13130.3358192645 5098.18030021563 4893.13213532676 5246.74978253401 5154.65898278612 134.319007048003 66751.4900065471 40.5652031049707
152570 156.245145879934 -13286.8642285596 -13130.6190826796 4884.45826296381 4638.92650299061 4955.20271961487 5059.24556628596 60.6579379994059 66767.6447281612 40.5684752751508
152580 156.564899002745 -13287.3712543205 -13130.8063553178 5127.312858148 4930.76045893037 5072.8952544213 5378.28286109233 -36.2352453159674 66747.0718236588 40.5643081015256
152590 156.767601922583 -13287.9133835161 -13131.1457815935 4852.30231907156 4764.62267975162 4695.32165806527 5096.9626193978 -71.6897167861056 66767.2553690502 40.5683964159157
152600 156.754510407341 -13288.1190397227 -13131.3645293154 5160.17840308715 5190.16802427599 4953.48496863853 5336.88221634693 -34.5589925983475 66739.4109855902 40.5627561308951
152610 155.921108112836 -13287.6898236589 -13131.768715546 4831.95059466136 4947.05532668065 4616.65601561765 4932.14044168579 25.0075021676206 66763.442032335 40.5676240617632
152620 154.810613246627 -13286.8314946702 -13132.0208814235 5193.669242893 5323.22997912804 5005.93791163245 5251.83983791851 46.4103426870716 66736.9981060855 40.5622672931854
152630 154.076848123131 -13286.5292623232 -13132.4524142001 4784.31528501899 4907.28869369616 4643.31549317501 4802.34166818579 -3.41267963968765 66773.1357760685 40.5695873773557
152640 154.082379467957 -13286.7193121758 -13132.6369327078 5230.46025759028 5336.18737708561 5152.90292576758 5202.29046991765 -62.2589802104839 66739.7322732107 40.5628212213231
152650 154.333465617969 -13287.3531586865 -13133.0196930685 4740.04838246988 4806.74652421217 4725.4257686521 4687.97285454537 -88.57036343499 66779.4249073605 40.570861040526
152660 154.912177260482 -13288.0268095799 -13133.1146323194 5279.39636384308 5298.89717223976 5295.47309608487 5243.8188232046 -123.928941100147 66734.0947386789 40.5616790693816
152670 154.774877792066 -13288.2485220386 -13133.4736442465 4696.8120773504 4696.70330433473 4684.28173557662 4709.45119213985 -169.101841292906 66777.7949966186 40.5705309617115
152680 153.657072297456 -13287.1802998533 -13133.5232275559 5345.29139251582 5352.69913454317 5288.32284787259 5394.85219513172 -175.494932445072 66728.2933911283 40.5605036621303
152690 152.498213937969 -13286.3780531727 -13133.8798392348 4602.23927163116 4618.69993112894 4529.99431127503 4658.02357248952 -134.908437202783 66789.1323609568 40.5728268190043
152700 153.050334670076 -13286.8281355958 -13133.7778009257 5425.38396927507 5423.66014951502 5387.79140514032 5464.70035316986 -103.046407444548 66719.8469015308 40.5587922025626
152710 154.927108119065 -13288.9788486161 -13134.051740497 4527.01366137628 4496.95801128019 4586.02468874354 4498.05828410511 -131.939191220445 66783.6733817325 40.5717213883977
152720 156.730283648175 -13290.5802383398 -13133.8499546916 5535.50794605494 5507.62406914014 5672.38230900866 5426.51746001603 -196.254607942622 66696.2327373342 40.5540066450461
152730 156.420297768324 -13290.6356000159 -13134.2153022476 4422.56442356443 4424.062940611 4529.31863497045 4314.31169511184 -227.205914029315 66782.145986748 40.5714120836777
152740 154.85520511851 -13288.8964041679 -13134.0411990494 5649.14458259197 5643.315748116 5666.48413347911 5637.6338661808 -242.347431236142 66688.1553208185 40.5523694469901
152750 153.110728914595 -13287.6212817634 -13134.5105528488 4283.43158839628 4228.2969743903 4232.88271645605 4389.11507434248 -251.101526005686 66802.7735004326 40.5755888547548
152760 153.081660990286 -13287.3042630403 -13134.22260205 5759.75977654944 5641.72333955543 5710.56693998345 5926.98905010945 -248.438422605245 66685.9627814423 40.5519250220353
152770 153.601553629407 -13288.2475206908 -13134.6459670613 4192.76054747254 4030.83764776538 4199.00081328687 4348.44318136537 -213.064748179517 66809.0658663646 40.5768627960582
152780 153.866695710627 -13288.1126521628 -13134.2459564522 5876.16481532834 5707.79104592984 5933.80598995573 5986.89741009945 -153.75779670336 66677.8451436666 40.5502795023347
152790 153.043009754302 -13287.7358578459 -13134.6928480916 4072.18330301222 3965.98812379989 4110.9133186662 4139.64846657057 -119.841794668095 66826.9489451771 40.5804829359825
152800 153.0284497778 -13287.2046409874 -13134.1761912096 5959.32367891293 5938.43321472597 5928.08012781809 6011.45769419473 -138.671237367248 66679.6765688098 40.5506507606907
152810 153.322658252358 -13287.8725864841 -13134.5499282317 3992.64493731367 4045.12238665734 3921.85807852819 4010.95434675548 -187.283287431745 66832.4007653731 40.5815864403019
152820 154.356780890074 -13288.2316156591 -13133.874834769 6051.78533689509 6167.56721378277 5967.32473684933 6020.46406005317 -240.680523666733 66664.5561494851 40.5475854129135
152830 154.927173111012 -13289.1353740255 -13134.2082009145 3933.88468084865 4078.67032248834 3825.66901338708 3897.31470667055 -293.845453444496 66832.6021715219 40.5816272058225
152840 155.7650124964 -13289.2109867853 -13133.4459742889 6082.3680596077 6155.14819658848 5968.55717638553 6123.3988058491 -326.564622127029 66662.3021028825 40.5471284125596
152850 155.415456717261 -13289.1274628043 -13133.712006087 3920.52129939791 3843.88094439406 3830.9959769892 4086.68697681047 -279.939689372442 66835.5389519579 40.5822216142366
152860 154.894939785076 -13287.7433634547 -13132.8484236696 6083.96627177107 5852.47080526492 6084.8653631964 6314.56264685188 -224.758866175868 66668.3543400179 40.5483554599429
152870 154.762966500584 -13287.7089767942 -13132.9460102936 3916.4166853943 3645.53244360764 3986.19863638365 4117.51897619163 -193.607333103277 66843.7107772536 40.5838755113267
152880 156.811042951669 -13288.6335536892 -13131.8225107375 6052.84211227667 5858.412327624 6101.14551390954 6198.96849529647 -166.052154471064 66671.2291555713 40.548938282026
152890 158.089333248455 -13289.7141912731 -13131.6248580246 3982.68514626952 3918.50645986422 3956.14884032612 4073.40013861821 -130.314370237161 66831.3804312199 40.58137991877
152900 157.569360786877 -13287.9384966879 -13130.369135901 6003.88273541192 6026.81572691984 5889.19545581879 6095.63702349714 -95.9090913025512 66672.3660990868 40.5491687742036
152910 155.203281381543 -13285.307068798 -13130.1037874164 4053.69771655359 4107.06291248747 3897.6755969774 4156.35464019591 -59.2803100614463 66836.5874847822 40.5824338345094
152920 154.378943575017 -13283.2819413384 -13128.9029977634 5872.16430469214 5910.2208022969 5741.27582979174 5964.99628198779 -12.5305009311931 66699.1770407372 40.5546033881098
152930 155.543724613381 -13284.1180197999 -13128.5742951865 4178.21049453541 4155.46430171455 4147.39606528876 4231.77111660292 30.9695346561602 66834.6079590517 40.5820331818723
152940 157.98549445683 -13285.4801823694 -13127.4946879126 5746.21322341363 5640.09725383913 5837.9327359007 5760.60968050106 16.386719591149 66706.1295284127 40.5560124289038
152950 158.506355843062 -13285.8026497837 -13127.2962939406 4344.13793365431 4180.22160297695 4500.76030655024 4351.43189143573 -36.1413675667621 66817.1591485237 40.5785012300817
152960 157.573492001467 -13284.1753142016 -13126.6018222001 5574.39307384505 5419.3383727536 5703.39540627158 5600.44544250996 -45.4048927654734 66723.9772362584 40.559629124603
152970 156.789957212504 -13283.3627767432 -13126.5728195307 4494.6624124956 4416.8839035467 4504.85174069211 4562.251593248 16.5752641379154 66810.6715212794 40.5771878613089
152980 157.607541506651 -13283.714298502 -13126.1067569954 5402.40414006013 5410.70678180743 5290.84619866871 5505.65943970425 78.9160132709498 66733.8710756405 40.5616337544215
152990 158.57417462404 -13284.6940667383 -13126.1198921143 4695.33031191812 4739.87957232338 4549.68883852894 4796.42252490204 133.658063938308 66785.82178537 40.5721564423299
153000 158.93368394927 -13284.8603371486 -13125.9266531994 5231.35659451391 5252.00210775994 5135.57253888384 5306.49513689794 132.695749203503 66745.9997129726 40.5640909151639
153010 158.222242291201 -13284.2659763426 -13126.0437340514 4849.64435732081 4821.05447075798 4852.2653839429 4875.61321726156 70.8777768977657 66781.6482797904 40.5713112946422
153020 157.202480638378 -13283.2787533209 -13126.0762726825 5071.62657955877 5023.99782130279 5151.67603091977 5039.20588645375 -20.7206692098912 66769.1315676428 40.5687764108444
153030 156.580951754367 -13282.7954119818 -13126.2144602274 4983.5362128811 4970.66498052848 5060.35914989863 4919.58450821619 -80.0313357355698 66779.11796174 40.5707988803262
153040 156.743439488876 -13283.099016269 -13126.3555767802 4939.81716858934 4986.68474784485 4919.99848559194 4912.76827233124 -70.3794237950252 66781.0526165124 40.571190668129
153050 157.692476579812 -13284.1604588272 -13126.4679822474 5100.66372153572 5181.65346765274 4974.7274921968 5145.61020475762 -10.4082513019031 66762.4637226658 40.5674259099427
153060 158.739844101439 -13285.468118086 -13126.7282739846 4856.45324861367 4885.59617877578 4701.12526557567 4982.63830148956 3.67342054850082 66776.2027857088 40.5702085124332
153070 159.463932154562 -13286.3946551572 -13126.9307230026 5186.19783233069 5069.46991598719 5112.809755682 5376.31382532287 -75.9361728374253 66747.1688491452 40.5643277566691
153080 159.412019038252 -13286.8228949139 -13127.4108758757 4791.78771674779 4544.74568920178 4868.05230060184 4962.56516043976 -173.860813038043 66779.719889266 40.5709207777495
153090 158.398263841553 -13286.1643628504 -13127.7660990089 5229.04841356534 4925.65644318001 5448.22455220721 5313.26424530878 -214.832553800987 66747.777378166 40.5644510302903
153100 156.831575743098 -13285.2234860477 -13128.3919103046 4748.12994972101 4524.44331680835 5004.92089214079 4715.0256402139 -172.281092306686 66787.1170390116 40.572418728008
153110 156.006356242236 -13284.7787609779 -13128.7724047356 5254.79417243693 5204.16542557475 5451.58546512023 5108.63162661581 -100.827000759021 66745.3644575825 40.5639622251088
153120 155.808855801182 -13285.1929469492 -13129.384091148 4734.1639933928 4794.37235339541 4860.07350579535 4548.04612098764 -52.9527457287884 66783.3388094428 40.5716536363275
153130 155.703031185065 -13285.4145778006 -13129.7115466155 5274.84117681784 5339.93454274793 5362.91213958478 5121.67684812081 -33.5163612190931 66739.020355995 40.562676992029
153140 154.874160858845 -13285.15372622 -13130.2795653611 4725.08139068566 4775.01065977416 4767.86181196176 4632.37170032106 -55.1183409685068 66783.83034345 40.5717531736218
153150 154.191719121241 -13284.714617003 -13130.5228978817 5277.02482982446 5331.99684990407 5249.61311847032 5249.46452109899 -87.77775210082 66741.7556071622 40.5632311285911
153160 154.646969881857 -13285.6248026824 -13130.9778328005 4704.30775226279 4774.22689480595 4578.86392470706 4759.83243727536 -131.831097762487 66785.7050028631 40.5721327939928
153170 156.295842162241 -13287.3871956079 -13131.0913534456 5288.47356273599 5329.98337695134 5084.03963353094 5451.39767772569 -137.402636971262 66732.2655551915 40.5613084670592
153180 157.003636686985 -13288.4952254067 -13131.4915887197 4726.56231077039 4677.4463765879 4534.39303199556 4967.84752372771 -93.8604615138869 66773.4423608604 40.5696494681917
153190 156.120794586043 -13287.7595332303 -13131.6387386443 5283.9455938355 5153.30373386192 5183.9549815489 5514.5780660957 -67.061325951017 66732.47301456 40.5613504997733
153200 155.187808145886 -13287.2442395142 -13132.0564313684 4696.89093401265 4561.49288896736 4690.93683855472 4838.24307451587 -72.8568269427115 66781.3546796903 40.5712518383953
153210 156.013981662864 -13288.1513598426 -13132.1373781797 5289.56356288793 5223.30624359138 5374.21052031431 5271.1739247581 -98.2881915188935 66728.0964478876 40.5604637583928
153220 156.806074795015 -13289.3121278324 -13132.5060530374 4720.41370155789 4741.94643789019 4881.13848529159 4538.15618149191 -130.012380884589 66768.2644664883 40.5686007938373
153230 156.087171333425 -13288.706276178 -13132.6191048446 5299.74880301787 5377.1954436726 5484.43875800617 5037.61220737483 -157.356080554037 66723.7604550397 40.5595851994868
153240 154.296774802779 -13287.3281954277 -13133.0314206249 4691.07519179609 4782.25300054164 4829.22116369163 4461.751411155 -127.446213895365 66776.8280014562 40.5703351296661
153250 153.266327946594 -13286.3652274296 -13133.098899483 5310.03311012232 5413.78846807588 5322.14711894753 5194.16374334355 -63.3296980683006 66730.5833506503 40.5609676374766
153260 153.678210741862 -13287.0979534799 -13133.419742738 4668.7672775961 4789.35490237413 4494.47100232033 4722.47592809384 -2.45819506195383 66780.4858505353 40.5710758928813
153270 155.207292161167 -13288.5798935884 -13133.3726014272 5334.99517332407 5473.63772186081 4984.4732828832 5546.87451522821 34.1941926603418 66722.941216628 40.5594192011182
153280 155.527458251398 -13289.1826742881 -13133.6552160367 4667.45206438329 4796.5677786455 4251.80985761093 4953.97855689344 36.6038783360698 66773.3267387368 40.5696260519374
153290 154.213493582535 -13287.8300657239 -13133.6165721413 5352.6489898817 5410.8872765752 5023.32786005783 5623.73183301209 35.8358869882335 66721.311875816 40.5590890515288
153300 152.562636756958 -13286.4729706773 -13133.9103339204 4634.79375164105 4570.37915981476 4518.33588851593 4815.66620659244 63.5059513484443 66783.3427108699 40.5716544263815
153310 152.521839573683 -13286.3113069545 -13133.7894673808 5360.85033671514 5176.18594480458 5466.27637642712 5440.08868891373 91.8409475011434 66727.9155925286 40.5604271142392
153320 153.535079478187 -13287.5025810749 -13133.9675015967 4618.33933427498 4406.73467037497 4801.41870811169 4646.86462433827 148.453751126793 66783.8644936741 40.5717600891393
153330 154.759055272647 -13288.4955638791 -13133.7365086065 5397.35474643132 5242.92993819109 5521.2210441283 5427.91325697458 217.704427432386 66718.3869165398 40.558496360258
153340 154.961360898619 -13288.8607201823 -13133.8993592837 4604.25603459145 4520.98648920045 4647.37794857822 4644.40366599569 251.575443545653 66782.0971196631 40.5714021877836
153350 154.900929829218 -13288.5716108526 -13133.6706810234 5404.99922541517 5337.95853555137 5460.2762079531 5416.76293274105 225.285319226662 66721.3639837945 40.5590996101321
153360 155.187174755693 -13289.0285464474 -13133.8413716917 4575.84794577709 4485.39245173598 4695.18209722031 4546.96928837499 105.540122761347 66789.4867254828 40.5728985749154
153370 155.794871600466 -13289.3762835332 -13133.5814119327 5419.06547829327 5327.50937445441 5556.48194942695 5373.20511099845 -19.1959527363454 66718.9259435995 40.5586055858612
153380 155.241096674363 -13288.9909067641 -13133.7498100897 4588.45330916473 4535.65699188011 4655.70173474173 4574.00120087236 -46.7880297996369 66782.3869530142 40.5714608808014
153390 154.017461058873 -13287.5362494133 -13133.5187883545 5419.91601319777 5448.00809193486 5360.47588045672 5451.26406720173 2.83883289316201 66717.8080487926 40.5583790608927
153400 153.053376210817 -13286.734596797 -13133.6812205861 4575.22771622397 4657.00364143642 4426.77178685636 4641.90772037913 53.4523411322331 66786.6791968099 40.572330066418
153410 153.44185683185 -13286.8158728552 -13133.3740160233 5416.4162899679 5463.28909655288 5276.08028277271 5509.87949057812 47.7258931210546 66718.7179037527 40.5585634298326
153420 154.08721520906 -13287.5214281662 -13133.4342129571 4590.59891789707 4573.15548762567 4508.04914912453 4690.59211694101 -25.3612168682179 66782.8746874704 40.5715596496143
153430 154.411783796756 -13287.4665522906 -13133.0547684939 5408.23214959349 5387.43129529451 5343.35787965541 5493.90727383054 -129.255914092355 66719.3771336705 40.5586970121875
153440 154.13998375691 -13287.179903844 -13133.0399200871 4596.75023732282 4657.73146098529 4494.11249170446 4638.40675927872 -204.390994577708 66786.9712743691 40.5723892111956
153450 154.785779798735 -13287.3501897477 -13132.564409949 5378.410615207 5501.39084988817 5241.1593464807 5392.68164925214 -209.67072663579 66724.7201718316 40.5597796605908
153460 156.303430539953 -13288.7019779554 -13132.3985474154 4626.93362119278 4719.31447251446 4538.4478643047 4623.03852675917 -127.197907239671 66779.6312363446 40.5709028245333
153470 157.513778279138 -13289.3364686406 -13131.8226903614 5373.10149437798 5406.81111582078 5358.43017284507 5354.06319446808 -46.3015436913566 66716.7115200661 40.5581568629884
153480 157.093375598397 -13288.7006034446 -13131.6072278462 4650.18098049193 4650.07943773225 4622.34682953157 4678.11667421196 -35.4094684041224 66775.7669285559 40.570120243193
153490 156.086185685057 -13287.1173174153 -13131.0311317302 5335.78100962422 5363.86040756353 5195.98196039815 5447.50066091098 -96.0172622751583 66726.1817690159 40.5600758108369
153500 155.219983925165 -13285.9675827081 -13130.7475987829 4679.38225897497 4753.63971884206 4461.26402714829 4823.24303093455 -190.615229264487 66783.9042661971 40.5717681431852
153510 155.266229792347 -13285.3578626217 -13130.0916328294 5290.71455209624 5360.66335700925 5107.43019087904 5404.05010840042 -226.057022078522 66739.4969039023 40.562773537312
153520 155.957699287398 -13285.625789599 -13129.6680903116 4726.41061103391 4735.81047756548 4657.4625273057 4785.95882823056 -177.119969923907 66786.2102866078 40.5722351132315
153530 156.988459542766 -13285.9329813133 -13128.9445217705 5242.97679433432 5219.72334425438 5239.59597066013 5269.61106808845 -92.5442113975005 66744.6397814415 40.5638154191983
153540 157.112688510137 -13285.5949077949 -13128.4822192848 4794.20280353832 4844.26728847862 4735.70184758354 4802.63927455281 -34.0624909776928 66782.5265759961 40.5714891552445
153550 156.36571730465 -13284.2248555177 -13127.8591382131 5170.46291463602 5364.58270748296 4986.53348542665 5160.27255099846 -18.4821169236142 66756.4258700989 40.5662029297064
153560 156.009996796432 -13283.4510042529 -13127.4410074565 4853.40769442048 5187.77640150707 4561.94815083638 4810.49853091799 -47.5538006682589 66783.385502753 40.5716630919013
153570 157.23101563604 -13284.1443320605 -13126.9133164245 5097.38529695565 5483.44493902233 4816.73669907823 4991.97425276637 -74.3128614355543 66761.6485300483 40.5672607952018
153580 158.712863752006 -13285.2642943633 -13126.5514306113 4954.8898376947 5283.06525990551 4803.08567306525 4778.51858011335 -83.782985427504 66771.3229160508 40.5692202254683
153590 158.567306642016 -13284.815451493 -13126.248144851 5005.65026944938 5248.63303696996 4988.09361828543 4780.22415309274 -103.122209769311 66770.0172586296 40.568955791345
153600 156.720371244413 -13282.7617684132 -13126.0413971688 5043.00143296452 5223.99229102242 5060.79497809211 4844.21702977904 -125.381024430408 66772.6628587756 40.5694915997924
153610 155.247741258883 -13281.1747316823 -13125.9269904234 4890.07558992663 5019.856647668 4871.55290211366 4778.81721999823 -109.276857478057 66788.1029512525 40.5726183705399
153620 155.989548222236 -13281.700494514 -13125.7109462917 5149.03255591479 5210.56453211041 5093.85962388812 5142.67351174582 -70.0652461137552 66764.8024774843 40.5678996100314
153630 158.742656308755 -13284.4006464448 -13125.657990136 4777.1761834187 4754.93339188604 4726.7070710487 4849.88808732138 -38.7720155336484 66785.6968163393 40.5721311362291
153640 162.151685865076 -13287.6180624776 -13125.4663766125 5286.34593594031 5151.9099339835 5300.62740840329 5406.50046543412 -21.2729841583105 66734.10297893 40.561680738885
153650 163.583719887486 -13289.287586291 -13125.7038664035 4671.2820596823 4461.59572114515 4761.79194351225 4790.45851438951 -3.97289839758953 66776.5030483876 40.5702693210282
153660 161.881310702749 -13287.6843866821 -13125.8030759793 5422.03478651873 5266.05108933276 5522.86335641628 5477.18991380716 -7.71656647474772 66722.4304822387 40.5593157127594
153670 157.896111505065 -13284.3548201797 -13126.4587086747 4510.15483487807 4473.43424597785 4561.1462942317 4495.88396442466 2.89781549527033 66807.9987855682 40.5766467623955
153680 154.817576597295 -13281.4545934889 -13126.6370168916 5527.84254692656 5588.68601379222 5529.07504207766 5465.76658490979 9.47767476804272 66734.6928509889 40.5618002486537
153690 153.845774265342 -13281.1366541418 -13127.2908798765 4393.21247163681 4488.82450490198 4411.54064735066 4279.27226265779 10.284876241048 66824.2546017614 40.5799375510832
153700 155.036096822107 -13282.3233147406 -13127.2872179185 5670.50294749554 5764.42645396227 5770.24998086357 5476.83240766077 15.8589933254933 66719.2024214787 40.5586616096536
153710 156.615649735605 -13284.5325633365 -13127.9169136008 4256.54776261719 4325.55403268937 4407.79048149265 4036.29877366955 49.4661941804951 66827.3343974289 40.5805609574429
153720 158.156027956109 -13285.9661532045 -13127.8101252484 5809.23932422653 5796.98300606416 5989.87939741961 5640.85556919581 127.372916836408 66698.0219396779 40.5543692775964
153730 158.092973228871 -13286.6333758024 -13128.5404025735 4153.2392378301 4041.31876926248 4321.85553010896 4096.54341411885 235.838054402491 66830.5355289052 40.5812089040656
153740 157.734701265362 -13286.1839241936 -13128.4492229282 5893.52170183622 5717.71689830336 6000.27778566006 5962.57042154524 339.957473708156 66695.5549411619 40.5538692687533
153750 157.632968445496 -13286.8658991778 -13129.2329307323 4038.03790334318 3861.41874495928 4100.1762113267 4152.51875374355 344.93253937401 66839.5916656023 40.5830418604792
153760 158.350673566723 -13287.4139880408 -13129.0633144741 6016.71181440565 5916.22722472453 6041.58258332078 6092.32563517165 284.684168915898 66677.2767133276 40.5501642712832
153770 157.640543887407 -13287.5507406682 -13129.9101967808 3955.78758614331 3985.60248247965 3956.73664982774 3925.02362612255 255.306700861487 66840.0529691003 40.5831352235874
153780 156.428724186839 -13286.1393049335 -13129.7105807467 6078.05154762789 6228.01846103226 6089.0311722971 5917.1050095543 274.093723180534 66671.5865735104 40.5490107415273
153790 155.034260917495 -13285.5795609061 -13130.5452999886 3895.73801043796 4089.91962975283 3934.86434359 3662.43005797105 294.134246594405 66845.3258963767 40.5842023796026
153800 155.212657104954 -13285.4471588194 -13130.2345017145 6125.59659894437 6300.83244278652 6168.87313537171 5907.08421867487 279.003184716973 66667.0644464705 40.5480939495662
153810 155.627611693845 -13286.6296603843 -13131.0020486905 3861.7001924312 3942.0721093634 3897.88359351058 3745.14487441963 222.738103991932 66845.5725965109 40.5842523063837
153820 156.068306987857 -13286.6895782793 -13130.6212712915 6161.68448915356 6120.6051486893 6207.51872932238 6156.92958944901 179.289167345875 66662.1188097449 40.5470912500407
153830 155.149463011527 -13286.5388253532 -13131.3893623416 3840.86451398512 3770.89959621467 3888.93329377166 3862.76065196904 151.148734917446 66850.0375101708 40.5851558872847
153840 155.151948911658 -13286.1374936682 -13130.9855447565 6154.95209021638 6154.91219379239 6170.38451247434 6139.55956438242 131.567191705983 66668.1101088331 40.5483059452715
153850 155.695658331218 -13287.399431746 -13131.7037734148 3837.41755663874 3936.44073193329 3805.52921792398 3770.28272005895 100.881365295432 66849.6500900124 40.585077485245
153860 156.850854090946 -13288.1135321237 -13131.2626780327 6160.84550311 6313.39386319546 6082.12620636207 6087.01643977249 48.9342011685971 66658.9755917777 40.5464539548212
153870 156.743373424934 -13288.7458172649 -13132.00244384 3869.18844256135 4006.27412358475 3776.37586895535 3824.91533514394 1.62602412676268 66839.7871480749 40.583081424184
153880 156.105293176875 -13287.7519545134 -13131.6466613365 6123.8202704852 6204.25096180974 6047.23951166175 6119.9703379841 -15.2993242890562 66662.4002067277 40.5471483029981
153890 153.842239500703 -13286.2555655001 -13132.4133259994 3897.68366293533 3899.59409256018 3867.70453512461 3925.75236112119 -33.8799753191232 66843.3064881731 40.5837936903615
153900 152.109547889354 -13284.1620931164 -13132.052545227 6084.70293174926 6005.76350700315 6113.89679920344 6134.44848904119 -30.1762866480561 66673.6577920323 40.5494306355018
153910 151.878790604029 -13284.5735376573 -13132.6947470533 3925.77381116996 3818.26734853188 3989.00341471668 3970.05067026131 67.0113153518053 66844.8526821308 40.5841066109118
153920 154.208140291159 -13286.4127227653 -13132.2045824742 6046.18405478993 5979.83580844186 6092.8310128604 6065.88534306753 191.573013458209 66671.7191830961 40.5490376254631
153930 155.872985149012 -13288.6065664537 -13132.7335813047 3990.83392339821 3976.53365925516 4007.48400046481 3988.48411047466 238.891116822149 66830.9256458916 40.5812878669129
153940 155.9679899761 -13288.2485679437 -13132.2805779676 5991.74505694449 6011.79464268074 6001.12451275229 5962.31601540043 154.080396011767 66671.7208179524 40.5490379568972
153950 154.519181859047 -13287.3452940179 -13132.8261121588 4039.89391907338 4052.99352540544 4095.67736352061 3971.0108682941 2.87940968569487 66828.2009814346 40.5807363662702
153960 154.901936516196 -13287.3132042503 -13132.4112677341 5916.4170005851 5871.9134087157 6068.46531902903 5808.87227401056 -61.0391628466846 66678.5333832025 40.5504190199884
153970 156.810174835979 -13289.7092093347 -13132.8990344987 4115.20647075435 4004.41562925952 4322.39156180924 4018.81222119429 -29.7063424073497 66816.7105832246 40.5784104243241
153980 158.336578882727 -13290.8869063712 -13132.5503274885 5862.91019638723 5756.17166830339 6037.17522427501 5795.3836965833 26.6802039987192 66675.1830653477 40.5497398455403
153990 156.413877701097 -13289.5485709292 -13133.1346932282 4201.01977325809 4130.44729744625 4305.44344755417 4167.16857477386 70.892300422846 66813.0754790797 40.5776745334484
154000 153.354442247191 -13286.3213557234 -13132.9669134762 5748.47189989816 5668.94380268989 5800.86988502907 5775.6020119755 95.2531927296502 66698.6566446433 40.554497916983
