# Fix print output for fix setl_out
360000 152.883625426648 -13289.9139180237 -13137.0302925971 21518.1479002128 21849.0027691926 21337.0165114127 21368.424420033 223.839993834456 65430.2803573808 40.2957825011692
360010 154.140358281298 -13289.0782241874 -13134.9378659061 23500.1413871955 23771.5416097848 23295.6022342171 23433.2803175845 264.374719008135 65282.2922203187 40.2653796597782
360020 152.216732663586 -13289.2064374851 -13136.9897048215 21542.7236658493 21698.1213554377 21386.2836034186 21543.7660386915 244.798283927762 65431.3692606779 40.2960060366474
360030 150.15324977813 -13285.249449053 -13135.0961992748 23417.0316972092 23475.6968370645 23340.9882844088 23434.4099701545 173.132732438579 65303.3932146964 40.2697174773559
360040 149.936658432178 -13286.7361592385 -13136.7995008063 21609.6350477747 21575.0913022768 21641.2747602368 21612.5390808106 78.0013551586054 65438.2182918848 40.2974119829431
360050 151.649472057483 -13286.3350300293 -13134.6855579718 23327.6925195825 23200.2719340769 23443.96334176 23338.8422829106 12.350969506909 65308.7422579589 40.2708169535563
360060 152.475533370877 -13288.3905162217 -13135.9149828508 21751.8358350073 21545.0952351386 21903.3075706216 21807.1046992617 2.99222322405212 65423.2922280083 40.2943478842239
360070 152.362391045557 -13286.3997794965 -13134.0373884509 23175.4260597567 22936.1003736731 23317.5534427065 23272.6243628906 42.9753244508984 65321.2384288954 40.2733852616794
360080 151.878134651633 -13286.7406143811 -13134.8624797295 21904.7745670384 21706.3536284341 21988.431184874 22019.538887807 115.738803072848 65415.8700860438 40.2928240554745
360090 152.815410490579 -13285.985628921 -13133.1702184304 22988.0976328329 22898.8975218926 22961.5333616144 23103.8620149918 164.446044706666 65335.0886928709 40.2762314906207
360100 154.2372574219 -13287.68144719 -13133.4441897681 22123.6964762393 22153.4197698047 22004.8107847474 22212.8588741658 196.88027633127 65395.8411019553 40.288711359735
360110 154.673971864173 -13286.9158567201 -13132.2418848559 22772.9199200933 22874.2010678118 22625.8856174755 22818.6730749926 224.403204842129 65349.8847393836 40.2792716335035
360120 153.550296954735 -13285.8134365985 -13132.2631396438 22357.6043185029 22487.7205155525 22211.0269691944 22374.0654707617 246.007963087872 65387.6173215902 40.2870224684268
360130 153.042432454386 -13284.7678102564 -13131.725377802 22489.0914184229 22612.3254197899 22368.0439691317 22486.9048663471 271.507045658998 65381.8703840438 40.2858421542998
360140 154.352452086756 -13285.4743915808 -13131.1219394941 22636.5966723049 22708.1990657229 22546.7404045433 22654.8505466486 295.41592081001 65368.4166186662 40.2830787305079
360150 156.244747127702 -13287.3654332732 -13131.1206861455 22220.9283819621 22217.5146919753 22145.2856791441 22299.9847747671 331.572629855552 65393.8194941598 40.2882962017735
360160 157.483962611323 -13287.5602736542 -13130.0763110429 22925.8980505356 22835.0927990547 22889.7841533941 23052.817199158 366.592788924143 65338.6626046468 40.2769658641216
360170 157.165869743742 -13288.0818991575 -13130.9160294137 21941.1629132164 21780.6135978256 21940.3352735422 22102.5398682815 305.21086880685 65411.3040360177 40.2918865493778
360180 155.463000529661 -13285.0288662451 -13129.5658657154 23217.1588863614 23046.7369763121 23232.2618239801 23372.4778587919 141.666534815225 65323.4378899066 40.2738372777393
360190 152.919439127885 -13284.1574828379 -13131.23804371 21630.8500790582 21558.3524331427 21622.188137746 21712.0096662859 -30.957760403018 65448.8730117174 40.2995989533158
360200 152.009409014188 -13281.2853530278 -13129.2759440136 23508.1480060744 23568.5774692606 23469.7194667034 23486.1470822591 -82.5234162629643 65317.6593769761 40.2726497011739
360210 152.598448224324 -13283.9358547635 -13131.3374065392 21309.4912170142 21434.0866343122 21269.3662709438 21225.0207457866 -9.83283216475319 65475.8581818771 40.3051368236076
360220 154.533220858549 -13282.9579088946 -13128.4246880361 23856.9186182746 23987.270725202 23822.5294203604 23760.9557092616 60.7003005799039 65281.8437459423 40.2652874549257
360230 155.111666233515 -13286.2334858617 -13131.1218196282 21016.5391201763 21117.2049154957 20984.6098223872 20947.802622646 71.1344447859626 65487.5665444107 40.3075391290326
360240 155.24889264843 -13283.044953113 -13127.7960604645 24132.6273372471 24186.4647017516 24073.5074273786 24137.9098826111 21.6559890993713 65263.5406497791 40.2615240383691
360250 154.849327978893 -13286.0039441475 -13131.1546161686 20745.906072297 20735.497658598 20690.6965205892 20811.5240377038 -39.1253169448244 65514.5403331914 40.3130724837451
360260 156.038705994542 -13283.3175143172 -13127.2788083226 24345.4953845194 24323.5525964997 24266.8300436884 24446.10351337 -94.9363718619613 65249.8018875156 40.2586986613381
360270 156.943425712963 -13287.902200527 -13130.958774814 20606.7428013089 20601.3707878761 20518.3074471244 20700.5501689263 -90.7904008487906 65521.2736415613 40.3144535056697
360280 158.097006334408 -13285.0108807983 -13126.9138744639 24417.5327366288 24404.4300531645 24301.8329091556 24546.3352475661 -38.7265227617644 65239.4840408141 40.2565765349576
360290 156.805001599302 -13287.6024584853 -13130.797456886 20647.1642920911 20541.78066573 20559.1914441412 20840.5207664022 26.0898088085526 65518.01453425 40.313785064712
360300 155.236197881872 -13282.3928343536 -13127.1566364717 24263.7946071119 24063.7195506434 24215.8640693139 24511.8002013785 59.7700480578019 65257.783119163 40.2603400502292
360310 153.676459158757 -13284.3695491249 -13130.6930899662 20886.6103711731 20711.513763488 20854.8854603982 21093.4318896333 30.9161892550565 65508.3950446954 40.3118119838845
360320 154.325374292356 -13281.9014820168 -13127.5761077244 23907.8238940256 23856.924049809 23891.1872332677 23975.3603990001 -15.6460983759478 65286.6127749709 40.266267929934
360330 155.358473696323 -13285.5168298498 -13130.1583561535 21311.451337379 21361.8877670338 21305.387030013 21267.0792150902 -15.2260221226745 65471.5501487122 40.304252835324
360340 156.72197243176 -13284.5984533112 -13127.8764808794 23463.1558843846 23578.381995042 23454.1849871796 23356.9006709321 57.9401590590325 65310.1754357411 40.2711115277891
360350 156.727119760242 -13286.3556691286 -13129.6285493684 21783.494635856 21907.9147069756 21758.910181571 21683.6590190215 137.475767190782 65434.0406865868 40.2965544297234
360360 156.293159733253 -13284.7534276804 -13128.4602679471 22982.8025000029 23051.1427812124 22927.4398207618 22969.8248980345 152.756820631202 65347.6458160156 40.2788116315066
360370 155.692588580082 -13285.0140575761 -13129.321468996 22225.4822992887 22218.0608140091 22141.5426889852 22316.8433948718 84.0744996051533 65404.0856988953 40.2904043839543
360380 155.435891594199 -13284.4751038614 -13129.0392122672 22583.7760354235 22543.45291609 22475.1279290482 22732.7472611322 -4.94693243000521 65377.8744137814 40.2850214155334
360390 155.164011589681 -13284.3144831032 -13129.1504715135 22578.073374104 22515.3188095837 22437.1772143258 22781.7240984024 -16.3087241346219 65378.8106784555 40.2852137194422
360400 155.025327195968 -13284.594131198 -13129.5688040021 22282.9113007034 22179.8873501937 22132.7067797922 22536.1397721243 12.8792606480808 65400.7956011412 40.2897287809427
360410 154.882553085327 -13284.00498789 -13129.1224348046 22819.1472724372 22705.2400583591 22709.5214143767 23042.6803445758 23.4227780711031 65360.4501712719 40.2814422314072
360420 154.301292436093 -13284.2581926089 -13129.9569001728 22093.9103102938 22023.6632966501 22087.5834414296 22170.4841928017 -20.3611069025328 65410.8420296791 40.2917916873297
360430 154.294888517655 -13283.4598814602 -13129.1649929425 22974.9730687995 22987.9794392365 23070.2964544739 22866.6433126882 -108.083258190752 65345.2163826019 40.278312476042
360440 155.111214890241 -13285.4282464752 -13130.317031585 21970.1396128247 22072.728736366 22101.6660003376 21736.0241017707 -196.744907726243 65417.7812845017 40.2932164517598
360450 156.628679879152 -13285.9359259176 -13129.3072460385 23061.230788354 23221.1469509547 23137.0583021818 22825.4871119255 -227.299765923539 65334.598183107 40.2761306977459
360460 156.658454103528 -13287.3337207637 -13130.6752666602 21925.3554022154 22074.2062163972 21918.780004197 21783.0799860519 -202.38684625921 65416.8932428801 40.2930341251075
360470 155.12610610036 -13284.9146769082 -13129.7885708078 23104.8336516675 23200.1177542232 23038.0159260584 23076.3672747208 -149.918118195818 65334.2575559604 40.2760607033494
360480 153.347388986204 -13284.7549696793 -13131.4075806931 21867.2977325314 21902.3212976336 21792.8145273409 21906.7573726197 -124.75344384556 65427.1973638139 40.2951495954829
360490 153.331929943525 -13283.7307002078 -13130.3987702642 23130.3615536327 23105.162224789 23068.5029153422 23217.4195207667 -123.749901453104 65332.1875293811 40.2756353348938
360500 153.897415521046 -13285.8676892068 -13131.9702736858 21872.1220779713 21840.315862409 21789.2850422852 21986.7653292198 -130.66265902328 65420.3840271809 40.29375081964
360510 154.259039641715 -13285.2944201294 -13131.0353804877 23137.5149933031 23176.7996473364 22984.0066457094 23251.7386868635 -109.193910940193 65328.9602123531 40.2749721376296
360520 153.418616847644 -13286.1904610042 -13132.7718441565 21880.6775701599 22014.3103833252 21707.3326893188 21920.3896378359 -27.5830488825411 65426.5910987325 40.2950251333907
360530 152.58874785562 -13284.5125246915 -13131.9237768359 23080.0661369717 23247.2328769728 23007.6291079633 22985.3364259791 66.9860072288244 65340.3097065955 40.2773043044308
360540 152.315493742493 -13285.6955447278 -13133.3800509853 21933.0743151543 22049.2960215701 22002.9396701377 21746.9872537552 70.9070812810273 65419.6169874559 40.2935933405464
360550 153.499431940373 -13285.9525894417 -13132.4531575014 23029.2523877228 23100.7087127939 23128.0769755155 22858.9714748591 -18.179534399993 65331.2220565383 40.2754369374159
360560 155.119076418236 -13288.8076361269 -13133.6885597086 22013.4789891037 22090.4450564375 22029.2615153717 21920.7303955018 -112.869338148801 65397.1823682577 40.2889867978493
360570 155.876643541979 -13288.8825702223 -13133.0059266803 22967.6247061847 23051.6687162161 22905.3219000993 22945.8835022386 -131.137220887229 65325.1418148333 40.2741874481161
360580 154.285112620332 -13288.6129090822 -13134.3277964618 22091.6500156395 22143.0418142332 22056.0656600759 22075.8425726094 -114.872804514809 65393.9633439476 40.2883257430902
360590 152.489383852999 -13286.470493723 -13133.98110987 22841.4613391595 22850.737308445 22869.6798554637 22803.9668535699 -51.9528145009485 65344.0758658022 40.2780781392798
360600 152.153488631737 -13287.1040656147 -13134.950576983 22203.5775995351 22202.3916919926 22197.7811766888 22210.5599299241 62.9143764254543 65390.4769023566 40.2876097473845
360610 152.895325920959 -13287.5331336301 -13134.6378077091 22727.7601385875 22763.2579366707 22579.8670278916 22840.1554512002 110.616181591442 65348.7266479109 40.2790336970646
360620 153.247824880573 -13288.491825519 -13135.2440006384 22351.0574020571 22443.950335153 22071.3585153296 22537.8633556887 66.9651769024409 65374.7522900138 40.2843801342327
360630 152.691357567314 -13287.9312633344 -13135.2399057671 22583.6928531463 22710.8531673429 22306.5599077782 22733.6654843178 -13.9627083319261 65359.3334529969 40.2812128201003
360640 150.902607060785 -13286.4781036231 -13135.5754965623 22505.5715100811 22621.2353415157 22346.065786384 22549.4134023435 -86.5908828372223 65371.3611035723 40.2836835645777
360650 149.702910169126 -13285.5658893124 -13135.8629791433 22386.7166887597 22486.7226998101 22363.6230421078 22309.8043243611 -125.772436164423 65385.1066135067 40.2865068241721
360660 151.022885015075 -13286.5134596658 -13135.4905746508 22680.0054798391 22776.8340284656 22736.7156753969 22526.4667356549 -169.642908697957 65358.6470258656 40.2810718036981
360670 153.770503416944 -13289.4956817572 -13135.7251783403 22223.7225617775 22307.7373279816 22269.1080678741 22094.3222894769 -213.517960597625 65381.4366222914 40.285753064893
360680 155.594062923895 -13290.412354312 -13134.8182913881 22891.959641036 22942.8776199733 22846.2251708035 22886.7761323313 -218.88497447686 65325.4557426918 40.27425196217
360690 155.178596737585 -13290.7647295532 -13135.5861328156 22021.8617540207 22037.406026624 21871.0641635667 22157.1150718713 -186.995925172912 65389.4935995827 40.2874078060679
360700 153.697352570456 -13288.1188260774 -13134.4214735069 23094.746125804 23091.4498973768 22872.1307775601 23320.6577024752 -132.43436141431 65317.0471264858 40.2725238698301
360710 151.891214035339 -13287.5682709177 -13135.6770568823 21775.49960102 21750.2437968133 21589.1173314241 21987.1376748226 -140.44592483348 65420.122403107 40.2936971063647
360720 151.213071982524 -13285.0473513996 -13133.8342794171 23354.8969221626 23299.2738079923 23312.6137027814 23452.803255714 -211.459535363712 65309.1860379546 40.2709081682077
360730 151.416307860981 -13286.7752330011 -13135.3589251401 21476.1284820843 21399.6875927769 21580.7563908104 21447.9414626654 -266.635525168812 65446.6197232692 40.2991364668042
360740 152.598204410643 -13285.1181539275 -13132.5199495169 23708.0224485044 23648.2883508556 23875.0797608901 23600.6992337676 -249.503684601145 65282.8063277359 40.2654853580479
360750 152.89801996031 -13287.4315404821 -13134.5335205217 21103.1000689898 21078.434341646 21241.5203394303 20989.345525893 -154.901374271198 65472.9797775337 40.3045461927796
360760 154.011345316133 -13284.7095049671 -13130.6981596509 24100.2993142083 24129.7646883918 24158.9395531981 24012.1937010351 -95.8498193265738 65252.8496928864 40.2593254768689
360770 154.950954773229 -13288.3289235324 -13133.3779687592 20714.4904622651 20831.2289502669 20650.3573874389 20661.8850490894 -101.483071166153 65498.805619366 40.3098448773547
360780 155.629859369656 -13284.4405819103 -13128.8107225407 24476.4006869551 24759.7514310953 24264.8679390381 24404.582690732 -108.147670773142 65226.0744979185 40.2538181885989
360790 153.977857285079 -13286.4251246804 -13132.4472673953 20434.6527857663 20808.1143335251 20156.4053884187 20339.4386353551 -71.1627245192774 65531.3989431853 40.3165300575735
360800 153.025080239418 -13280.756083979 -13127.7310037396 24587.2766684898 24918.8949030662 24323.1679051899 24519.7671972131 -18.9463065009125 65235.356262638 40.2557274902151
360810 152.458902988675 -13283.9757402711 -13131.5168372824 20468.3618686395 20651.8336164446 20262.8689871489 20490.3830023251 76.4731232847876 65539.8886084417 40.3182709994244
360820 153.985452521185 -13281.0104780645 -13127.0250255433 24379.735109626 24472.6801434155 24224.2984051857 24442.2267802767 142.794108338864 65250.9672798701 40.2589383397175
360830 155.874439161641 -13286.0933015372 -13130.2188623755 20829.383566707 20876.78863225 20722.4889031696 20888.8731647014 134.505716859073 65504.1756688587 40.3109464747781
360840 158.777669454623 -13285.4256763795 -13126.6480069249 23931.765265408 23961.1649608213 23871.02573333 23963.1051020728 79.1177581771312 65270.1001805991 40.2628728663041
360850 158.989152882678 -13288.0839350712 -13129.0947821885 21363.3963973802 21380.1880376821 21334.662674174 21375.3384802845 17.8147498660942 65456.3403271923 40.3011315408203
360860 157.052481344568 -13284.1112588279 -13127.0587774833 23382.1994610996 23411.6253859453 23338.5187942221 23396.4542031315 5.44948432916219 65316.35658631 40.272381947239
360870 154.570171291103 -13283.268334514 -13128.6981632229 21883.7022764338 21941.8789690345 21811.582111441 21897.6457488258 53.6706872001148 65435.9351705991 40.296943322317
360880 154.782302585231 -13282.491248202 -13127.7089456168 22819.6628482549 22908.9096066852 22729.7640781197 22820.31485996 112.430896096942 65367.9813778353 40.2829893250504
360890 156.960479912526 -13284.9465685112 -13127.9860885987 22408.6663875076 22540.3430865204 22284.5739585955 22401.082117407 136.029307399904 65389.9127633158 40.2874938901529
360900 158.586795503194 -13286.4884476764 -13127.9016521733 22379.5050102503 22535.9924739532 22183.2125981608 22419.3099586369 118.567875527467 65384.406918701 40.2863631198864
360910 158.273625410462 -13285.7662589259 -13127.4926335154 22829.4053359326 22979.2123227515 22585.0958327914 22923.9078522549 71.7186394474238 65350.8426732988 40.2794684443165
360920 156.789936434477 -13285.3240555604 -13128.5341191259 22008.1959904293 22135.9517988077 21789.8339435865 22098.8022288938 47.1627933995338 65416.1391538027 40.2928792993829
360930 155.493603794117 -13283.094067822 -13127.6004640279 23150.0708197344 23250.368761764 22995.7637444367 23204.0799530024 75.9131653739218 65338.97622142 40.2770303053542
360940 154.343708002345 -13283.6596563344 -13129.3159483321 21700.9061154188 21735.2633650743 21644.412284614 21723.0426965682 117.088599138741 65449.6446241386 40.2997573240027
360950 154.569865708095 -13282.2689034803 -13127.6990377722 23393.0685018097 23358.179921165 23421.0818409231 23399.943743341 110.656996906789 65323.9284776585 40.2739380981211
360960 155.166225080217 -13284.8455956394 -13129.6793705592 21515.7136948737 21476.3171540557 21576.1783087905 21494.6456217748 42.9037494167761 65455.0852557617 40.3008739588359
360970 155.859370597438 -13283.5254654198 -13127.6660948223 23557.6710574484 23592.8925234003 23578.1275921994 23501.9930567457 -26.9026246446251 65301.213117351 40.2692693491305
360980 155.660542226773 -13285.6741756591 -13130.0136334324 21410.6841143235 21525.7368637873 21374.1502185217 21332.1652606617 -79.7907443416976 65456.7506411682 40.3012157500447
360990 155.836510280206 -13283.7658246373 -13127.9293143571 23610.1738668014 23735.626487157 23537.0298459188 23557.8652673284 -78.4772472494229 65295.3019896775 40.2680542416622
361000 155.252767238128 -13285.6699703298 -13130.4172030917 21397.7042723017 21445.5202532212 21295.234276469 21452.3582872148 -72.967494857232 65458.0317724395 40.3014786758719
361010 154.814916352067 -13283.2357076351 -13128.420791283 23594.09865907 23584.5969308575 23454.6140241386 23743.0850222138 -101.874431913054 65300.6840317673 40.2691605918482
361020 154.19194949987 -13285.0929345303 -13130.9009850305 21431.3161241194 21416.3471359974 21272.3626280584 21605.2386083023 -170.467593386488 65461.9784641693 40.3022886315625
361030 154.853567675928 -13283.8027014414 -13128.9491337655 23512.5905217593 23547.1522099404 23348.9454673828 23641.6738879549 -226.63474833639 65308.0448958716 40.2706736167433
361040 155.192310556811 -13286.3212691394 -13131.1289585826 21543.2138673677 21630.3988458459 21412.7290165216 21586.5137397356 -241.557823907286 65447.9206331338 40.299403479305
361050 154.729660227025 -13284.1486081713 -13129.4189479443 23399.4537725633 23499.5265963167 23313.0873359951 23385.747385378 -188.634735721772 65310.1234386428 40.2711008404218
361060 153.409965237648 -13284.8283252814 -13131.4183600437 21679.0585415467 21741.7014641053 21633.8994625087 21661.574698026 -81.330940765136 65436.4347930492 40.2970458816944
361070 153.343021701584 -13283.3564532401 -13130.0134315385 23227.4617662469 23248.2492327782 23193.2720507392 23240.8640152232 -55.1052116579086 65321.6943048833 40.2734789505878
361080 154.069212983307 -13285.6156986991 -13131.5464857158 21856.7631924719 21853.4770715758 21806.9043918675 21909.9081139724 -133.383381448777 65417.6144992556 40.2931822086758
361090 155.45661724031 -13285.876739013 -13130.4201217727 23051.2820354536 23060.4697382797 23008.3358917736 23085.0404763075 -261.724128058096 65324.6939493709 40.2740954087251
361100 155.59748913813 -13287.222113386 -13131.6246242479 22063.058466223 22101.9428329413 22035.1706853692 22052.0618803586 -329.174884889325 65396.3809935542 40.2888222305823
361110 154.866403061131 -13285.99168043 -13131.1252773689 22844.4828345639 22922.5279795638 22833.8888891204 22777.0316350075 -241.881161340396 65344.9437703039 40.27825646389
361120 154.174192029428 -13286.2292365943 -13132.0550445648 22244.8723965677 22373.879816583 22233.9447633034 22126.7926098166 -53.4228513659268 65394.4866419076 40.2884332083738
361130 154.150440631279 -13286.0350530142 -13131.8846123829 22644.147385655 22826.5205652834 22604.6253076358 22501.2962840459 129.32510505738 65365.2907016538 40.282436608135
361140 154.4759327221 -13286.7679622657 -13132.2920295436 22441.2309324113 22620.8392010373 22378.9604814043 22323.8931147923 181.656330846353 65376.8010041993 40.2848009405125
361150 154.7256311883 -13287.1947890835 -13132.4691578952 22467.0942721528 22600.9808731812 22390.9509535201 22409.3509897572 127.435292958716 65371.0946774186 40.2836288380569
361160 154.450215086344 -13286.9913671774 -13132.5411520911 22624.783290194 22725.9010201129 22523.5812081675 22624.8676423016 64.7705371846866 65356.3538206479 40.2806006911083
361170 153.579385854642 -13286.7568925516 -13133.1775066969 22285.1437317866 22375.3933035337 22165.4647511799 22314.5731406461 30.1104766221973 65380.7123796747 40.2856043133592
361180 152.786869715857 -13285.7064456058 -13132.9195758899 22790.5779230689 22877.2650655452 22697.3121787575 22797.1565249038 49.158303098916 65341.2554073232 40.2774986208867
361190 152.83942479789 -13286.6747384171 -13133.8353136193 22134.9794171157 22206.4523504242 22110.6093141115 22087.8765868115 102.806720137946 65386.2410377435 40.2867398116102
361200 153.75705648948 -13287.0310094633 -13133.2739529739 22936.8605333016 22965.9237689424 22984.5916286441 22860.0662023184 163.199248186885 65326.5519243872 40.2744772324487
361210 153.642874070507 -13288.1701731295 -13134.527299059 22014.9052323844 21991.8387677146 22079.2561802254 21973.6207492131 198.328909646664 65395.7499164217 40.2886926340317
361220 152.567967557122 -13286.3961189388 -13133.8281513817 23035.6228530728 22992.5780870221 23040.1202684614 23074.170203735 186.254200918695 65325.8532141923 40.2743336446459
361230 151.242591492379 -13286.5491760679 -13135.3065845755 21913.6712097026 21897.6941615786 21796.2798535318 22047.0396139974 157.663938688407 65412.2283945476 40.2920763431457
361240 151.004415952694 -13285.3048053269 -13134.3003893742 23110.4101523754 23147.9778352151 22891.2992903336 23291.9533315775 148.847937690255 65324.7937772161 40.274115924061
361250 151.126740333313 -13286.8330315214 -13135.7062911881 21860.9578200719 21930.9888312138 21601.2368439152 22050.6477850868 137.038548351546 65412.9833684684 40.2922313567192
361260 151.506501004664 -13285.9568403672 -13134.4503393625 23163.9568722119 23267.3407948932 22883.7477908343 23340.7820309083 139.410169468946 65315.7333661361 40.2722538596663
361270 151.648464198233 -13287.5233224444 -13135.8748582462 21822.4796439265 21971.9361230658 21563.2680259926 21932.2347827209 162.585375915175 65413.5915067132 40.2923562206716
361280 152.63459994189 -13287.0655463798 -13134.4309464379 23172.017424331 23319.6429346448 22993.4475735142 23202.9617648342 202.83616162192 65311.6098130023 40.2714063442471
361290 153.964605644012 -13289.6512895526 -13135.6866839086 21838.7814996538 21958.8177144287 21760.9357275473 21796.5910569855 183.595178465224 65405.6109422988 40.2907175763956
361300 154.97238659587 -13289.2112660947 -13134.2388794988 23157.6694742803 23232.9478708817 23146.4394392722 23093.6211126868 86.8792280750373 65309.6559118754 40.2710047457608
361310 154.301948015712 -13289.7867212705 -13135.4847732548 21873.2193686214 21880.0656513314 21861.9444284987 21877.648026034 -17.7770188210658 65407.2212583416 40.2910482323108
361320 153.107342261855 -13287.2634364731 -13134.1560942112 23097.1944052735 23023.5109145252 23062.1784554809 23205.8938458143 -38.0590256712958 65323.8958055798 40.2739313837183
361330 151.641424090843 -13286.8406287693 -13135.1992046785 21927.5576433798 21813.5517387015 21857.4978393215 22111.6233521164 30.563785706744 65414.2109359145 40.2924834021063
361340 151.209016434656 -13284.9825985801 -13133.7735821454 23023.4376384747 22935.5780229623 22925.0381696246 23209.6967228371 127.859027926809 65335.7554074591 40.2763684903059
361350 151.92426920525 -13286.2925857226 -13134.3683165174 22020.7137755959 21999.2227115992 21935.3539308246 22127.564684364 171.294346995925 65409.5749112667 40.2915315123128
361360 153.639309903775 -13286.4909624395 -13132.8516525358 22908.2266241706 22916.1161148294 22868.723119068 22939.8406386146 159.737183219035 65340.8552817962 40.2774164059157
361370 154.890691073109 -13287.8395811205 -13132.9488900474 22175.3175317877 22185.1884926678 22192.0568637477 22148.7072389476 97.684668195173 65391.6542986178 40.2878515471013
361380 155.192342758588 -13286.9228887322 -13131.7305459736 22741.4535697269 22767.1463932996 22807.416344747 22649.7979711341 27.8297811646167 65350.1028840081 40.2793164522349
361390 154.712826045193 -13286.2520928683 -13131.5392668231 22364.9283056963 22426.4385029166 22423.5601458952 22244.7862682773 -20.3285109076155 65380.4601504232 40.2855525079642
361400 154.333131844148 -13285.2004397771 -13130.8673079329 22515.5153405679 22626.4366931329 22475.42254268 22444.6867858908 -31.2679592944415 65374.1985793899 40.284266400457
361410 154.30292969391 -13284.5946694824 -13130.2917397885 22614.5766896632 22743.0573430051 22473.9697793615 22626.702946623 -15.7259593793373 65372.5401826052 40.2839257570826
361420 155.105227900956 -13285.3416145242 -13130.2363866233 22217.9309832627 22308.6080336477 22052.5689677083 22292.6159484322 19.7190416670291 65404.7043289342 40.2905314136119
361430 156.569896083906 -13285.5995121435 -13129.0296160596 22944.2382766034 22992.5568196084 22820.8579021643 23019.3001080373 63.4338329288776 65350.889060694 40.2794779747174
361440 156.871985946425 -13286.5992792985 -13129.7272933521 21875.4990527013 21890.3904829003 21825.9003037407 21910.2063714629 36.8310072564495 65427.4246122969 40.2951962478506
361450 156.003401029402 -13283.9644879874 -13127.961086958 23330.2938436386 23337.8826778692 23359.7013690906 23293.2974839559 -43.2774258628535 65323.2642163574 40.273801586076
361460 154.620302682918 -13284.320801729 -13129.7004990461 21462.6330417765 21489.3593126572 21521.9476133396 21376.5921993328 -104.17681316458 65465.0868127907 40.3029265162476
361470 154.946855632169 -13282.0722160033 -13127.1253603712 23721.48376228 23798.3319628243 23738.0615096479 23628.0578143677 -96.7753390773974 65298.4413533204 40.268699586915
361480 155.756714581956 -13285.3238131869 -13129.567098605 21104.6739728181 21258.658809275 21014.5495209705 21040.8135882087 -4.31855834207273 65487.9667176477 40.3076212309562
361490 156.335857271188 -13282.6889173828 -13126.3530601117 24077.4573477753 24305.4899883104 23908.3059393428 24018.5761156727 99.0656970719402 65272.794904865 40.2634269528212
361500 155.081771124485 -13284.7413955436 -13129.6596244191 20794.4237725834 21013.0447941251 20671.4119836333 20698.8145399916 133.456718408692 65519.5284807633 40.3140955769921
361510 155.185436354438 -13281.1311389089 -13125.9457025544 24285.6773584065 24400.2465921826 24268.3610589291 24188.4244241079 35.5353918803546 65265.4462642131 40.2619158967423
361520 156.153882612314 -13285.6129381815 -13129.4590555692 20656.8910088765 20598.5121999823 20680.7628880965 20691.3979385508 -120.433299875885 65525.0694583943 40.3152319974875
361530 157.863219535589 -13283.3126451554 -13125.4494256198 24369.7617068838 24187.7330431579 24330.8223467592 24590.7297307342 -191.049357824688 65246.7364333746 40.2580681964497
361540 156.964318303706 -13286.1543872137 -13129.19006891 20696.842900287 20540.4777803486 20561.6147506515 20988.4361698608 -159.420774256106 65516.4619134059 40.3134666153111
361550 155.639430034706 -13281.2619566483 -13125.6225266136 24236.1626797418 24238.9900477651 24049.0711647115 24420.4268267489 -99.9246281414631 65262.7338191193 40.2613581245702
361560 154.356881084947 -13283.490761937 -13129.133880852 20876.5123371175 21075.5905822896 20686.5660224238 20867.3804066392 -30.7507992428839 65512.2052515286 40.3125935293316
361570 155.844525121434 -13281.7811780723 -13125.9366529509 23961.9226597053 24271.5562641127 23771.1189573534 23843.0927576499 52.3925909223924 65284.350874639 40.2658029068981
361580 157.661296314256 -13286.3726304802 -13128.7113341659 21219.5486959639 21480.1221834706 21052.3156098028 21126.2082946183 140.713208626341 65480.4241093594 40.306073688275
361590 158.533309715941 -13284.8314518341 -13126.2981421181 23602.5161391717 23749.9984334786 23451.0726326365 23606.4773514001 241.760407281863 65303.6151183754 40.269763090036
361600 156.776727038245 -13285.3297927069 -13128.5530656686 21613.4558155304 21658.2248326943 21483.6869555733 21698.4556583235 283.628723901373 65454.6145017334 40.3007773437592
361610 154.450863396937 -13281.6713476825 -13127.2204842856 23194.8723414765 23238.9331023731 23047.4878767216 23298.1960453348 267.282463292487 65347.1954640093 40.278719102362
361620 153.265394304949 -13281.9758530672 -13128.7104587622 21972.3249960009 22093.0757668621 21803.8394923196 22020.059728821 220.331442653417 65441.482275434 40.2980819680905
361630 154.742580999102 -13282.6430194913 -13127.9004384922 22829.4595686624 23033.1631182806 22648.2767889117 22806.9387987949 198.421705336475 65373.4825255477 40.284119319959
361640 156.717192253441 -13285.147626723 -13128.4304344695 22311.7098152665 22555.2032826689 22130.9069195189 22249.0192436117 210.486606860774 65400.1580103425 40.2895978526485
361650 157.56461132103 -13285.8201552038 -13128.2555438828 22576.3971466134 22769.858113146 22429.4373258418 22529.8960008526 235.005186078885 65373.9543194123 40.2842162285417
361660 157.180321874151 -13285.7092599899 -13128.5289381158 22527.298021269 22629.5459311668 22413.76383153 22538.5843011103 200.7171732151 65374.5882587835 40.2843464418069
361670 156.540518569594 -13285.5208018417 -13128.9802832721 22385.9070150969 22438.3231646754 22325.1821161794 22394.215764436 114.637798132299 65383.0510726021 40.2860846514237
361680 156.354150482186 -13285.4311084145 -13129.0769579323 22697.022129787 22763.5657101336 22693.6147589979 22633.8859202295 86.808561566423 65361.6399960941 40.2816866583702
361690 156.229163245006 -13286.267735068 -13130.038571823 22236.8578118156 22295.563596082 22260.4298356818 22154.5800036831 126.770358279343 65397.1400149383 40.2889781003661
361700 155.341097119395 -13285.3495792247 -13130.0084821053 22828.513044217 22780.3531903048 22879.0270145728 22826.1589277733 129.968428698675 65358.0077613619 40.2809404752792
361710 153.185337758762 -13284.5596732345 -13131.3743354757 22120.5663046711 21932.1269054007 22234.9482553247 22194.6237532879 69.7905938136454 65416.1940626176 40.292890573021
361720 151.505981813648 -13282.6242899619 -13131.1183081483 22907.1027807632 22688.8559589849 23067.8644730174 22964.5879102874 -5.83090684931416 65360.8861154927 40.2815317882307
361730 151.387924034604 -13283.8008502655 -13132.4129262309 22036.0865426522 21909.6440776378 22124.731074893 22073.884475426 -51.9896134275558 65420.6045481195 40.2937960940393
361740 152.913824288839 -13284.6096581107 -13131.6958338219 22985.5849995464 22993.018950536 22925.5390594439 23038.1969886592 -39.7585790477592 65341.9578130867 40.2776429454568
361750 154.658059309776 -13287.5743246098 -13132.9162653 21990.5316862276 22066.4498929649 21793.0482793906 22112.0968863271 10.1835612776712 65404.6711519239 40.2905246010561
361760 155.954234726706 -13288.0025005891 -13132.0482658624 23037.8960540952 23104.8020920195 22816.6612742831 23192.224795983 -1.98569343204116 65319.5623794538 40.2730408062678
361770 155.557883755064 -13289.0204795975 -13133.4625958424 21967.534842891 22016.4970585491 21847.940311681 22038.1671584429 -58.225251683065 65396.7659471138 40.2889012833518
361780 154.322954457129 -13287.0558310962 -13132.732876639 23048.4779443778 23128.1148134988 23055.3114662749 22962.0075533595 -79.4474662556631 65321.8147630472 40.2735037063569
361790 152.9855255105 -13287.2309524941 -13134.2454269836 21950.836204459 22095.5613306416 22021.6614786916 21735.285804044 -78.0506320503583 65408.8659145878 40.2913859339053
361800 152.650021815225 -13286.0926580981 -13133.4426362829 23039.1941714238 23227.5635154859 23101.9297664718 22788.0892323138 -58.3575337015915 65334.9569760625 40.276204424714
361810 152.646400628574 -13287.4089182789 -13134.7625176503 21953.0100961992 22105.6962306413 21982.7040588904 21770.6299990658 -4.11501607697055 65416.4879942357 40.2929509216699
361820 152.841931886076 -13286.5867535171 -13133.744821631 23027.5396170542 23119.5348959917 22999.7129315798 22963.3710235911 0.0930708505279519 65335.6008321804 40.2763367275253
361830 152.520149856738 -13287.3626973541 -13134.8425474973 21993.5469126082 22037.144004611 21930.4058784488 22013.0908547646 -71.1918232688681 65409.0117558492 40.291415879602
361840 152.582149793099 -13286.3943873592 -13133.8122375661 22978.3981997269 23006.1927031567 22904.9954977215 23024.0063983025 -166.705289405434 65334.6307997177 40.2761374000174
361850 153.190882207512 -13287.8941574744 -13134.7032752669 22058.2638740455 22082.2979288916 22011.7313386345 22080.7623546103 -215.908403977863 65400.3816999055 40.2896437870546
361860 154.575689902656 -13288.3158346381 -13133.7401447355 22892.6891897951 22905.2526472276 22893.7477620692 22879.0671600886 -215.911508067638 65336.4132228725 40.2765036604329
361870 155.370170639414 -13289.7447141645 -13134.3745435251 22164.4787756959 22196.3803267125 22167.0663082685 22129.9896921068 -185.963348960709 65386.5668566121 40.2868067276157
361880 154.737907494059 -13288.4307119882 -13133.6928044941 22788.9235227062 22835.9765953202 22721.5434119268 22809.2505608716 -172.208954290146 65342.468538722 40.2777478845183
361890 152.734034447604 -13286.9633831197 -13134.2293486721 22282.3531686915 22338.0669033011 22116.5305953617 22392.4620074119 -150.623487655682 65385.5748763983 40.2866029960789
361900 151.124255386766 -13284.9705264322 -13133.8462710454 22636.6400142181 22719.4282498192 22437.9816067694 22752.5101860656 -141.719432216991 65365.6134955661 40.2825029170469
361910 150.761045742264 -13284.6931923608 -13133.9321466186 22430.876585023 22525.5046578233 22323.7978591698 22443.3272380758 -117.715259428601 65383.5365118388 40.2861843530919
361920 151.498114862132 -13285.145512514 -13133.6473976518 22472.5288924902 22547.9142506259 22475.2498134023 22394.4226134423 -46.795468678111 65379.4284601917 40.2853406076017
361930 152.581719562607 -13285.7806159747 -13133.1988964121 22618.2868131606 22657.4327493324 22656.326148656 22541.1015414934 13.1173573286484 65366.4888733986 40.2826827376529
361940 153.553932465434 -13286.7831786157 -13133.2292461503 22289.4457591742 22297.2548979679 22274.8119526999 22296.2704268547 55.2591758360192 65388.5953634201 40.2872233331488
361950 154.752662534272 -13287.1710090201 -13132.4183464858 22807.330540104 22786.5073666175 22756.0551508883 22879.4291028061 57.4826627151608 65349.6714937024 40.2792278211841
361960 155.988916418608 -13288.8870525116 -13132.898136093 22086.0567421752 22058.3656485555 22041.054708121 22158.7498698491 11.556789914062 65399.8856860632 40.2895419310153
361970 156.569958824558 -13288.294487672 -13131.7245288474 23022.0469220481 22995.1954956969 23002.6624340172 23068.2828364301 12.7516578033501 65328.0911444427 40.2747935448535
361980 154.855805658394 -13287.6772951229 -13132.8214894645 21899.7613696771 21909.6951610061 21865.0926363348 21924.4963116902 81.740484398392 65414.0675742329 40.2924539671038
361990 152.08180878061 -13283.6084107103 -13131.5266019297 23196.2407310006 23230.1338260275 23108.8925573253 23249.6958096489 142.206827672575 65328.7998045506 40.2749391740708
362000 150.245127088014 -13283.2798123495 -13133.0346852615 21694.7238445848 21716.6910184791 21590.5236574989 21776.9568577762 135.266389882345 65445.2315334626 40.2988515361424
362010 151.779755659581 -13282.8897929889 -13131.1100373293 23363.5970305108 23372.3552626377 23290.1905360741 23428.2452928207 131.656122817233 65321.2252745539 40.2733825582712
362020 155.007859417305 -13287.6309872611 -13132.6231278438 21556.3514588365 21584.1940332222 21528.8162012384 21556.0441420488 173.757251679912 65444.0436183123 40.2986077093334
362030 157.538402011115 -13287.8424490344 -13130.3040470233 23525.5776948526 23601.0731102411 23510.8943004727 23464.7656738439 195.765838402353 65292.003695287 40.2673762034279
362040 156.652844446056 -13288.9931108721 -13132.340266426 21451.0935689127 21527.304182417 21463.5097804413 21362.4667438796 173.91911474238 65445.7210892441 40.2989520195854
362050 154.318103515972 -13284.4887275237 -13130.1706240077 23593.6235450244 23678.7855261728 23628.5597428332 23473.5253660671 143.040242869675 65296.9637691522 40.2683958489771
362060 152.382926210018 -13284.8425621578 -13132.4596359478 21369.218593314 21514.5882989553 21414.5699483031 21178.4975326837 115.790366111558 65466.0499808694 40.3031241702126
362070 152.724061243637 -13282.724711166 -13130.0006499224 23619.3294192805 23836.4999197597 23669.6341489804 23351.8541891014 105.814424644537 65299.7260598075 40.2689636724442
362080 152.9534786375 -13285.0237097833 -13132.0702311458 21408.7008119758 21621.9806681051 21459.6718509071 21144.4499169153 98.150855681513 65458.5673805497 40.3015885973966
362090 153.066492222268 -13282.7418420753 -13129.675349853 23556.341309692 23703.2145603157 23569.8279094652 23395.9814592952 61.0571700409204 65301.95084743 40.2694209937834
362100 153.258076700203 -13284.8086413182 -13131.550564618 21501.0477953271 21548.1714328402 21447.9350877479 21507.0368653932 -9.3086501244241 65451.6074551813 40.3001601824364
362110 155.159442580573 -13284.4531430389 -13129.2937004584 23410.2272621637 23350.0430258728 23334.1936344305 23546.4451261877 -50.1452183927016 65308.8774402026 40.2708447389923
362120 156.901161838861 -13287.6634121016 -13130.7622502628 21708.5537493828 21580.8355510719 21673.4139245022 21871.4117725745 -40.1281651298384 65430.9422916682 40.2959183866236
362130 158.012229243745 -13287.0943881497 -13129.082158906 23168.5936715673 23046.5925942253 23196.9779624409 23262.2104580358 35.4341949109583 65326.0373484214 40.2743714850825
362140 157.335513636748 -13287.5401540235 -13130.2046403867 21982.3073469532 21925.600828476 22054.965655812 21966.3555565715 90.4197593653725 65416.7595702196 40.2930066802052
362150 155.64424567983 -13284.9339137362 -13129.2896680564 22859.3212257169 22884.6347249469 22929.3740627744 22763.9548894295 58.9369836889277 65358.8295972457 40.281109310411
362160 153.971400548087 -13283.8113305468 -13129.8399299987 22299.2485140561 22366.2827096689 22360.568123592 22170.8947089075 -22.4317509890958 65404.8472252953 40.290560755875
362170 153.769361719101 -13283.2848285728 -13129.5154668537 22510.281730255 22548.0531584126 22596.4719751305 22386.3200572221 -71.453916155112 65389.7829732023 40.2874672350638
362180 154.412531843747 -13283.6058613598 -13129.193329516 22668.7039921058 22642.2183762567 22783.8921759682 22580.0014240926 -100.12224355687 65376.8245777647 40.2848057824762
362190 154.595134909133 -13284.1549323019 -13129.5597973927 22154.8855100979 22059.7242365622 22309.9492917712 22094.9830019602 -154.791652928727 65414.4576152358 40.2925340501731
362200 154.619327335956 -13283.1185716448 -13128.4992443088 23011.8845345425 22906.9496529136 23177.128452047 22951.575498667 -205.131182257304 65351.6511765028 40.2796345525801
362210 155.057600750639 -13284.5434122849 -13129.4858115343 21815.0852096243 21795.3233731723 21883.7658415071 21766.1664141933 -193.711858878261 65435.9118298522 40.2969385310614
362220 156.636102567231 -13284.2928749106 -13127.6567723433 23323.0343934963 23454.6947954625 23217.9328245023 23296.4755605242 -117.478742415513 65319.8462305535 40.2730991426984
362230 157.712120705701 -13286.9143469685 -13129.2022262628 21573.630586569 21800.2729718404 21338.8631960011 21581.7555918655 -25.5714726222127 65443.0668142829 40.2984072121551
362240 157.972911265418 -13285.0655753664 -13127.092664101 23538.3376326654 23744.7045778276 23303.0139272149 23567.2943929538 49.2453940364083 65302.8404476023 40.2696038546868
362250 156.605512327656 -13285.9305634456 -13129.3250511179 21419.0926252419 21505.4953237991 21292.5278204715 21459.254731455 54.6852016647264 65467.9449839626 40.3035130425522
362260 155.409542705476 -13282.5522161744 -13127.142673469 23587.3098084774 23539.8726767031 23593.8682420868 23628.1885066423 -4.53380348548651 65317.0491729383 40.2725242904238
362270 154.68546175733 -13284.0167507133 -13129.331288956 21409.7921358842 21304.086959526 21509.648864863 21415.6405832635 -49.9605049478717 65476.8999672083 40.3053505872694
362280 155.644140004125 -13282.6423789295 -13126.9982389254 23536.0269825915 23450.7652130122 23673.0838193653 23484.2319153969 -21.4403241790107 65315.3820229881 40.2721816493678
362290 156.837975636616 -13285.7272494716 -13128.889273835 21519.7361165689 21478.3852398539 21647.1061013986 21433.7170084542 44.8940809946833 65454.4912118903 40.3007520403248
362300 157.931810934255 -13284.7285924955 -13126.7967815613 23417.8049326135 23385.3700108983 23479.4252188084 23388.6195681338 93.7216849051466 65307.7994428945 40.2706231657402
362310 157.274533753721 -13285.8783120467 -13128.603778293 21688.1031096202 21625.0521234908 21674.911054446 21764.3461509237 107.876188687892 65435.1383196558 40.2967797486498
362320 156.293117368043 -13283.4649211321 -13127.1718037641 23236.1120774272 23162.2578415671 23166.8514991166 23379.2268915979 105.62656330958 65328.2225018088 40.2748205387911
362330 155.737021832962 -13284.5062434318 -13128.7692215989 21830.2229703023 21805.0229926172 21731.4254830275 21954.2204352623 105.785890455283 65434.2062095438 40.2965884079563
362340 156.409640658279 -13283.99582113 -13127.5861804717 23078.3929879104 23148.5021584283 22986.6676697818 23100.009135521 111.01998968869 65339.4784362539 40.2771334988406
362350 156.553539976971 -13285.4125787897 -13128.8590388128 22003.7691805775 22177.1824943705 21956.0294494908 21878.0955978713 120.35629004831 65415.6139050004 40.2927714572739
362360 155.482370986363 -13283.690439464 -13128.2080684776 22936.5810696441 23174.406244124 22928.7234951491 22706.613469659 107.627733124484 65350.0871679625 40.2793132233105
362370 153.588720103078 -13283.0062982016 -13129.4175780986 22135.3151504051 22333.9814527023 22150.6519855521 21921.3120129609 81.2303086094491 65413.6281476263 40.2923637438199
362380 153.014683436465 -13282.1217254925 -13129.1070420561 22774.1092453604 22863.1577916935 22822.352819367 22636.8171250208 18.7613331706582 65367.5775599591 40.2829063740177
362390 153.810005161823 -13283.6870727122 -13129.8770675504 22284.8344747323 22267.1676863828 22358.6757155122 22228.660022302 -70.4316237039156 65398.0760306228 40.2891703153747
362400 154.900148593442 -13284.7045312718 -13129.8043826783 22666.2691918009 22588.2534085599 22748.0683455615 22662.4858212812 -150.254033146053 65367.5757117263 40.2829059943585
362410 154.785661179195 -13285.2946971124 -13130.5090359332 22406.9151171709 22346.6181615016 22445.8848241381 22428.2423658729 -152.402256797033 65390.4667489496 40.2876076621852
362420 153.868427524665 -13284.7156235392 -13130.8471960145 22520.7256732628 22520.4151068391 22465.4152122071 22576.3467007421 -45.0905028602203 65385.773024884 40.286643691708
362430 153.681519164029 -13284.8943608178 -13131.2128416538 22518.9087824553 22574.4152814147 22376.3033468687 22606.0077190824 23.4313893084534 65383.1033477551 40.2860953879507
362440 154.701635840342 -13286.3058790602 -13131.6042432198 22415.8889976904 22517.4600198256 22265.2985151676 22464.908458078 -2.80402657916349 65382.8140636293 40.2860359732881
362450 155.397896791652 -13287.0643590917 -13131.6664623001 22645.7552087113 22758.4916191222 22581.3838114935 22597.3901955181 -114.139057565197 65358.5145137224 40.2810445809051
362460 154.563208186277 -13286.9615576021 -13132.3983494158 22320.626635608 22426.1369134251 22340.6331622359 22195.1098311629 -210.018078953829 65381.3694949555 40.2857392777166
362470 153.378613697136 -13285.8018235498 -13132.4232098527 22725.1270512152 22802.2974748472 22764.2104981374 22608.8731806609 -214.753890271811 65354.7669436807 40.2802746790678
362480 153.151764639274 -13286.4812214988 -13133.3294568595 22227.2699268328 22262.5516861349 22266.7619993977 22152.4960949657 -166.551649214061 65393.3168592738 40.2881929791998
362490 153.913645505042 -13286.9572790784 -13133.0436335734 22800.8213066433 22801.2862666255 22855.0301380932 22746.1475152113 -88.7975325453263 65349.7908854538 40.2792523507878
362500 154.670368910097 -13288.6271373739 -13133.9567684638 22158.581556031 22185.064530663 22190.7353755596 22099.9447618704 -64.9680084558737 65393.5567291008 40.2882422396366
362510 155.201004075565 -13288.6489277867 -13133.4479237112 22872.7123638806 22992.0783706028 22819.3284274271 22806.7302936121 -78.192048463966 65336.8124590276 40.2765856963805
362520 154.566470542369 -13289.0627572438 -13134.4962867015 22107.4356623765 22322.4419150382 21927.5776026596 22072.2874694317 -88.0639748965319 65391.3136759234 40.2877815943399
362530 153.11752410631 -13287.0597245627 -13133.9422004564 22926.6568370728 23203.2604032929 22633.8685396695 22942.8415682562 -87.779291102411 65332.9975272159 40.2758017819078
362540 151.425936897277 -13286.5399411193 -13135.1140042221 22053.5662877034 22328.107555913 21742.9484633288 22089.6428438683 -73.250396052172 65400.7682585689 40.2897231662048
362550 150.446108649097 -13284.820607958 -13134.3744993089 22960.2336093754 23150.9611484345 22734.8326364555 22994.9070432362 -77.9793802051861 65337.6713522869 40.276762182576
362560 150.157463528031 -13285.5981071824 -13135.4406436544 22023.0329439467 22084.7010902747 21916.0244723961 22068.3732691693 -116.889611354775 65409.5762305341 40.2915317831972
362570 151.367915072556 -13285.7862193478 -13134.4183042752 22974.5374801625 22928.5822504474 22959.4714617721 23035.5587282682 -134.839174623281 65339.300674189 40.2770969729246
362580 152.888813047685 -13288.1401994661 -13135.2513864185 22013.5214062267 21922.0249739569 22029.3060462609 22089.2331984624 -108.641572336861 65406.3496842911 40.2908692674227
362590 153.558958200526 -13287.5933289681 -13134.0343707676 23000.7457038398 22915.2240098497 23032.5479956837 23054.4651059861 -40.8023226767835 65330.985731505 40.275388374084
362600 152.866999853839 -13287.7600994863 -13134.8930996325 22003.0954838863 21978.090854248 22043.4627804986 21987.7328169124 14.2194666084047 65406.258136152 40.2908504692691
362610 152.8377181725 -13286.478927711 -13133.6412095385 22979.8868321137 23069.1504508571 22954.1677824262 22916.3422630578 60.0882827682257 65334.7829835502 40.2761686717035
362620 154.003869499998 -13288.2835204168 -13134.2796509168 22028.3713587203 22199.1078716216 21900.0043449525 21986.0018595866 54.2293148551905 65401.7371651318 40.2899221281103
362630 155.380931937703 -13288.3285701219 -13132.9476381842 22959.0720756063 23101.870574873 22761.4296073514 23013.9160445946 15.6414613211077 65331.2288864313 40.2754383409149
362640 154.678048146088 -13288.2162796312 -13133.5382314851 22089.1770055671 22131.7255182025 21853.2195371561 22282.5859613427 -10.4266426418438 65398.8621691305 40.2893317510175
362650 152.479919176704 -13284.9577258498 -13132.4778066731 22853.8121943328 22836.7145729615 22586.9688607216 23137.7531493153 -0.14490637354772 65350.5272417487 40.2794036380335
362660 151.062785780971 -13283.8176644617 -13132.7548786807 22194.7481275388 22193.824443466 21958.0416867043 22432.3782524462 1.77630198733094 65401.9849805269 40.2899730159042
362670 152.250984427651 -13283.9075884984 -13131.6566040707 22697.5920466216 22768.2044147305 22548.6099262293 22775.961798905 -33.2879433606168 65361.6781769797 40.2816945018606
362680 154.282363296763 -13285.5514034964 -13131.2690401996 22428.6881269509 22566.0030425818 22362.4004739012 22357.6608643696 -49.0218677800487 65376.3129822218 40.284700701504
362690 155.274964025841 -13285.9353852454 -13130.6604212196 22450.1011163898 22558.0613781231 22443.5814221075 22348.6605489387 -45.8666135729404 65375.9027777666 40.2846164457162
362700 155.040462618551 -13284.9518225502 -13129.9113599317 22703.5402894299 22706.9523217195 22722.0231827534 22681.6453638168 -41.8028279734668 65362.7661990322 40.2819180126902
362710 154.46294571478 -13284.5408133919 -13130.0778676771 22116.8547645027 22000.6783329605 22146.0164333707 22203.8695271768 -51.6971502504367 65410.2924126493 40.2916788359215
362720 154.782195722064 -13283.4937375401 -13128.711541818 23057.3364603071 22867.9527813229 23088.4119197687 23215.6446798297 -82.4616320035119 65344.5276961249 40.2781709751125
362730 155.997926210598 -13285.6654358879 -13129.6675096773 21744.0908959673 21566.7821002188 21766.0699172554 21899.4206704277 -120.672797405817 65439.1468371823 40.297602584075
362740 157.823229977729 -13285.399309843 -13127.5760798653 23433.7148756386 23364.5172912403 23418.2581902581 23518.3691454172 -142.77348706511 65310.3236208718 40.2711419853984
362750 157.906225199314 -13287.3487840924 -13129.4425588931 21416.1910766907 21470.7942549246 21357.538349815 21420.2406253326 -115.812046005676 65456.3102220837 40.3011253622992
362760 156.477228388879 -13283.4752989033 -13126.9980705144 23745.7643912962 23847.8838646396 23646.6820396413 23742.7272696077 -69.8417020705236 65289.3231147787 40.2668251332873
362770 154.005826148003 -13283.7139823684 -13129.7081562204 21126.7595440719 21187.6070099114 21035.387313334 21157.2843089702 -38.9840893905638 65486.2667980795 40.3072724630303
362780 153.760590562735 -13280.508549801 -13126.7479592383 23957.0611919387 23957.4770418294 23924.0801875772 23989.6263464095 -56.5415417610174 65279.8901176028 40.2648857904563
362790 155.060817267632 -13284.7457111343 -13129.6848938667 20979.7435191382 20955.9616110326 21002.2732091583 20980.9957372236 -102.818148561616 65494.2165051338 40.3089034311632
362800 157.533358224574 -13283.9422880145 -13126.4089297899 24064.905846615 24036.0231792615 24114.2345217417 24044.4598388417 -155.206962961632 65265.0666991528 40.2618378460175
362810 158.113658882931 -13287.7292106048 -13129.6155517218 20947.8295130293 20923.1021470727 20974.0951220821 20946.2912699332 -177.922347846359 65493.9703230532 40.3088529262348
362820 158.000601269501 -13284.5324911577 -13126.5318898882 24029.2583244999 23962.966119869 24002.7376406739 24122.0712129567 -184.458384476251 65270.5909071785 40.2629737701499
362830 156.801022097705 -13286.5437491939 -13129.7427270962 21024.857680074 20869.4007503698 20958.562609815 21246.6096800371 -164.994415196179 65491.6748026955 40.3083819878513
362840 156.419807614707 -13283.3513375392 -13126.9315299245 23903.0422331847 23654.0914453973 23817.0541442476 24237.9811099093 -139.144080999017 65281.662230087 40.2652501357445
362850 155.605134914062 -13285.506547805 -13129.9014128909 21210.8415845561 20920.2317243409 21106.7925639609 21605.5004653665 -171.384698809471 65481.945879443 40.3063859246053
362860 154.921897529504 -13282.5138672889 -13127.5919697594 23669.321608091 23394.6300945191 23500.6154607308 24112.7192690229 -207.865355293538 65305.7544805216 40.2702028342771
362870 153.413479939969 -13283.4554665857 -13130.0419866458 21457.0369975133 21240.9650301508 21208.8672671556 21921.2786952334 -148.873851622456 65469.4080509027 40.3038132724243
362880 153.730277334176 -13281.8481630625 -13128.1178857283 23380.905554862 23238.3436437984 23089.7205200284 23814.6525007593 -23.5632836328503 65323.8889004621 40.2739299646549
362890 155.38242780456 -13285.1554931373 -13129.7730653328 21770.8641519227 21699.1395665054 21519.2781134407 22094.174775822 49.6027493463725 65434.6372307648 40.2966768868911
362900 156.970099948335 -13285.4444620527 -13128.4743621043 23091.2575886278 23026.6071237755 22932.1076585982 23315.0579835097 32.7594296538231 65334.8629282202 40.276185099215
362910 156.62245429116 -13286.3077660538 -13129.6853117626 22068.5823737319 21952.0853718525 22000.2689218078 22253.3928275354 -13.6889380623355 65411.3341077285 40.2918927238751
362920 155.13647284762 -13284.2996375974 -13129.1631647498 22775.2178921645 22591.586392768 22757.7250062089 22976.3422775167 -47.9353735809617 65362.1292349401 40.2817871623597
362930 153.456576080335 -13283.2258252622 -13129.7692491818 22363.7249691673 22175.2561288367 22338.6704465529 22577.2483321123 -98.3020244107578 65393.2665474206 40.288182646981
362940 153.279315552777 -13283.045139962 -13129.7658244093 22487.4031529181 22334.823573156 22437.7873402963 22689.5985453021 -146.812349248882 65382.8167021487 40.2860365152016
362950 154.526964851751 -13284.1966514726 -13129.6696866208 22631.7531048459 22513.8812481544 22562.278674324 22819.0993920593 -121.211635006056 65367.5561791973 40.2829019820375
362960 155.556644080905 -13285.6750837576 -13130.1184396767 22264.8221253275 22201.7236196923 22163.128999767 22429.6137565231 -23.4746277631023 65391.776706311 40.2878766855788
362970 155.71266478171 -13285.3776537922 -13129.6649890105 22844.123891846 22851.1374134841 22731.4624168854 22949.7718451684 52.292967464968 65350.7535791739 40.2794501397037
362980 155.379758014582 -13286.0187332536 -13130.6389752391 22063.1772812342 22144.7250233936 21982.3969249227 22062.4098953862 43.3354504497516 65409.9018261503 40.2915986374465
362990 155.696462199551 -13285.5300220795 -13129.8335598799 23007.8562846557 23116.099714083 23013.2181964298 22894.2509434541 -24.4176132149868 65341.0188680612 40.2774500185081
363000 155.710181161023 -13286.8228858388 -13131.1127046777 21923.0192577791 21950.6931066005 22022.8199741732 21795.5446925635 -20.8149621740693 65418.7567738483 40.2934167306812
363010 155.107621688179 -13285.1950492808 -13130.0874275927 23145.5124750875 23008.7011964915 23288.2630585701 23139.5731702009 33.3447505708674 65330.4213135234 40.2752723892078
363020 154.180489305052 -13285.918556029 -13131.7380667239 21800.4852802598 21514.0803997773 21912.3525118017 21975.0229292004 67.3831668245945 65431.174754671 40.29596610767
363030 154.201543335581 -13284.686970845 -13130.4854275094 23222.8608579256 22951.4196339369 23208.8838537692 23508.2790860706 35.6557701688497 65324.646161919 40.2740855880547
363040 154.309878223329 -13286.512523561 -13132.2026453377 21757.9362032603 21667.9299998102 21565.7423895899 22040.1362203807 -26.5895781304159 65429.0876264211 40.2955376485866
363050 154.834511424303 -13285.7110058963 -13130.876494472 23243.216928409 23318.572555126 22944.0494894182 23467.0287406829 -27.9946629372033 65315.7862938826 40.272264737694
363060 155.069470872437 -13287.6819490377 -13132.6124781653 21763.4834117411 21891.472921167 21487.821732212 21911.1555818445 26.3941859305723 65418.7058695175 40.2934062794994
363070 155.067037554347 -13286.4620485145 -13131.3950109602 23237.2055793666 23293.6337907156 23078.8250430804 23339.157904304 95.4890697606548 65308.8229022453 40.2708335292338
363080 154.074642769336 -13287.3500017454 -13133.2753589761 21790.8688232393 21722.0666835076 21766.3468329057 21884.1929533047 117.987873569277 65417.1232376425 40.2930813462226
363090 153.371082466122 -13285.6188632305 -13132.2477807644 23162.0447945348 22987.5653009496 23247.0741603336 23251.4949223214 113.684211719124 65316.9737210111 40.2725087832896
363100 152.295810168628 -13286.2308231219 -13133.9350129533 21895.5949572045 21706.7047063127 22042.4819289988 21937.5982363019 117.69664159193 65410.0429192855 40.2916276079017
363110 151.294827744617 -13284.4547038603 -13133.1598761157 23053.4296556552 22950.7141705576 23178.0386863378 23031.5361100702 122.060778478867 65329.3647060418 40.2750552602262
363120 150.718144355957 -13285.3208198213 -13134.6026754653 22010.5096745729 22001.4739041904 22057.2964419932 21972.7586775351 91.2449421255044 65409.8872819855 40.2915956511112
363130 151.238894008134 -13285.1817005863 -13133.9428065781 22898.4842127465 22978.0250543625 22832.6929275322 22884.7346563448 28.3442551471244 65344.7682451748 40.278220399623
363140 152.162737051756 -13286.9968351597 -13134.834098108 22170.1145249747 22314.2366548631 22003.9578596043 22192.1490604566 -28.0878683483851 65393.8387179108 40.2883001496088
363150 153.308861968799 -13287.6423579849 -13134.3334960161 22753.1539389147 22912.6614524553 22516.5107814042 22830.2895828845 -48.4812656568439 65346.5691389572 40.2785904171585
363160 153.677669313612 -13288.5584123903 -13134.8807430767 22320.8799192682 22484.193868244 22019.9030665692 22458.5428229913 -83.025754993362 65375.269498706 40.2844863698251
363170 153.273776331614 -13287.9864101683 -13134.7126338366 22625.7373910036 22782.3430213119 22279.0395540226 22815.8295976764 -170.32008250614 65354.0682894876 40.2801311441001
363180 153.02059772438 -13288.0639203913 -13135.043322667 22420.4233980638 22505.9261083138 22079.453501313 22675.8905845646 -222.419899441034 65369.8548989931 40.2833741735659
363190 153.645155702086 -13288.6477199167 -13135.0025642147 22530.8320585334 22477.484404462 22285.1555401755 22829.8562309628 -205.555931861651 65360.9361991849 40.2815420769903
363200 154.027933816368 -13289.0880635359 -13135.0601297195 22500.4404858342 22357.3807231095 22385.2695014356 22758.6712329576 -163.055657339764 65360.2233713679 40.2813956393281
363210 152.899365301984 -13288.0417577164 -13135.1423924145 22485.9473588549 22364.5733308436 22467.7637749557 22625.5049707655 -114.112048065264 65362.4081518156 40.2818444598313
363220 151.039534339082 -13286.2185004576 -13135.1789661186 22544.1199493393 22494.2163053389 22542.0827542806 22596.0607883984 -61.6636782857523 65364.2353777601 40.28221982006
363230 150.685780450895 -13285.9549852354 -13135.2692047845 22410.3078211098 22411.7071874094 22376.4384504582 22442.7778254618 -48.3921570552805 65375.4318269962 40.2845197122313
363240 152.201437288597 -13287.0512364502 -13134.8497991616 22605.0636223203 22619.7634791699 22552.3705066084 22643.0568811825 -82.6062500719988 65357.4284656744 40.2808214659191
363250 152.920708637073 -13287.7194644269 -13134.7987557898 22394.476331644 22391.7596081601 22350.1864968972 22441.4828898748 -105.595250390576 65372.4741872709 40.2839122011766
363260 151.807934064374 -13286.1030482678 -13134.2951142034 22631.3351820743 22612.0546620751 22619.1798898312 22662.7709943166 -64.6782195428245 65361.8809018581 40.2817361475333
363270 150.855871684802 -13285.0622529932 -13134.2063813084 22340.3985739516 22330.9687229687 22358.3998121435 22331.8271867426 -17.2674206112925 65388.7001674791 40.2872448570973
363280 151.971136935794 -13285.2504771079 -13133.2793401721 22653.1140169625 22691.0578356025 22654.4915534953 22613.7926617898 -4.42017908873354 65364.8932225088 40.2823549569471
363290 154.293060549925 -13287.1491794226 -13132.8561188727 22339.3592278775 22433.2248124336 22260.8903277227 22323.9625434761 44.87755040706 65384.0637529542 40.2862926396566
363300 156.324128604641 -13288.1030385388 -13131.7789099341 22674.274533217 22765.8659627072 22526.708985226 22730.2486517177 170.461942272173 65358.5010378447 40.2810418124698
363310 156.824631844193 -13288.3296351003 -13131.5050032561 22336.0708024041 22386.573172852 22155.2308116767 22466.4084226838 294.401625691065 65386.4737168663 40.28678759879
363320 155.954007829085 -13286.6383117733 -13130.6843039442 22668.79650601 22721.824326734 22486.30546406 22798.259727236 340.898266163127 65369.1961045564 40.2832388484379
363330 154.688125658809 -13285.3298193193 -13130.6416936604 22321.2703804201 22395.6165554923 22176.9765247884 22391.2180609795 286.926864682007 65401.5542032584 40.2898845576174
363340 154.421748346308 -13284.2822728479 -13129.8605245016 22654.9571041048 22738.7751093799 22601.1376881498 22624.9585147848 195.896194682049 65377.3812970017 40.2849201311658
363350 155.188502788531 -13284.891027347 -13129.7025245585 22335.7536463864 22408.1349234049 22410.5404581703 22188.5855575841 99.529336870551 65394.551308949 40.2884464884582
363360 156.153447583485 -13285.0699063373 -13128.9164587538 22672.9893325357 22752.446630976 22844.5819613939 22421.9394052371 38.3814979629709 65363.5985101216 40.2820889915043
363370 156.12821924409 -13285.0853001588 -13128.9570809147 22343.1053771598 22444.3515362718 22519.2518085144 22065.7127866932 24.3400541438829 65387.5239516618 40.2870032925321
363380 155.881782928124 -13284.3158261262 -13128.4340431981 22653.5245936121 22789.6856445436 22753.1331007677 22417.755035525 81.6079265988063 65367.7184155322 40.2829353081774
363390 156.098528614103 -13284.6872580567 -13128.5887294426 22350.739116234 22529.5664641308 22321.6825361306 22200.9683484406 156.159881912361 65393.3459853721 40.2881989606352
363400 155.990456868548 -13284.1610394444 -13128.1705825758 22641.0153302093 22813.488907007 22521.8860872821 22587.6709963387 157.563616870055 65375.6615205475 40.2845668914407
363410 154.652531612007 -13283.0346012302 -13128.3820696181 22376.9338912528 22491.5113569113 22226.8710487988 22412.4192680485 85.3478017961091 65400.9763744335 40.2897659023066
363420 152.945760655625 -13281.0398192868 -13128.0940586312 22587.752104678 22639.3831555167 22445.8741749941 22677.9989835232 -1.90486092648098 65390.7205866799 40.2876597926265
363430 152.692410173351 -13280.7863876816 -13128.0939775083 22418.5117877839 22398.1534880496 22347.7064240034 22509.6754512987 -66.9695882667241 65403.2559359399 40.2902339989493
363440 155.339369234122 -13282.9985494713 -13127.6591802372 22535.0248699443 22459.463581047 22534.1522333186 22611.4587954672 -74.5217504444459 65387.3557048443 40.2869687387136
363450 159.060551043162 -13286.3877086401 -13127.327157597 22502.1605439935 22376.406632586 22508.2500912337 22621.8249081609 -14.8281825519998 65377.9792211057 40.2850429425055
363460 160.645402765443 -13287.7941282266 -13127.1487254611 22494.5821596902 22376.3411472329 22462.8293232816 22644.5760085562 -19.1225816286252 65374.1911955214 40.2842648837846
363470 159.013333799451 -13286.1565970835 -13127.1432632841 22558.5483062567 22562.6892033736 22464.1375827523 22648.8181326441 -94.7984682603896 65375.0163777898 40.2844343784052
363480 155.922913150582 -13283.4076762129 -13127.4847630624 22384.573511854 22529.2058658107 22250.0526498067 22374.4620199447 -174.608127471927 65394.9795704867 40.2885344364296
363490 154.431886945435 -13281.7584476173 -13127.3265606719 22644.5504232623 22847.3694303741 22514.2780405568 22572.0037988559 -207.625875042415 65377.9574390082 40.2850384685586
363500 155.525742704183 -13283.2129686346 -13127.6872259304 22281.6163814931 22392.1962702228 22204.9863388712 22247.6665353851 -206.430226477167 65398.2980789313 40.2892159137192
363510 157.627002405096 -13284.7760305798 -13127.1490281747 22797.7838248852 22737.9475635413 22764.5530767739 22890.8508343403 -175.039728169783 65353.503233807 40.2800150555224
363520 157.921495041219 -13285.8623990023 -13127.9409039611 22155.1179673713 22013.7621205854 22114.312609995 22337.2791715335 -90.7960426960545 65399.7760279736 40.2895194127463
363530 155.735488293436 -13283.2031003654 -13127.467612072 22925.8922919442 22871.2275667296 22831.6831586934 23074.7661504095 -1.69288359765758 65351.8890482624 40.2796834234489
363540 152.653239308744 -13281.4663609805 -13128.8131216718 21994.6464683846 22107.1040050839 21871.9313755623 22004.9040245076 18.5142261754794 65432.1727492291 40.2961709791785
363550 152.208228913688 -13280.1747991126 -13127.9665701989 23029.8579850185 23250.7500392704 22924.9061114647 22913.9178043205 -43.7013027752285 65358.8194583805 40.2811072275261
363560 154.502216968769 -13283.6383655929 -13129.1361486241 21896.1974413981 22121.845495996 21851.889651794 21714.8571764042 -110.795134039995 65431.7698377791 40.2960882684807
363570 157.005315177963 -13284.8161833604 -13127.8108681825 23171.847995795 23358.7154071088 23159.0260907587 22997.8024895174 -111.748839719412 65326.9090519185 40.2745506232217
363580 156.844536336008 -13286.2324047868 -13129.3878684508 21820.7906352993 21969.0539406186 21750.0743400697 21743.2436252096 -62.4115927001732 65425.4509040658 40.2947910571083
363590 155.729594859103 -13284.018664906 -13128.2890700469 23204.1811142882 23328.8178853912 23045.9792272131 23237.7462302604 -32.3218684441782 65329.6755812187 40.2751191441837
363600 155.285102272381 -13285.3475474512 -13130.0624451788 21763.5917205517 21876.108376558 21562.7034293496 21851.9633557475 -17.9378386563208 65435.5520474593 40.296864676837
363610 156.026005219495 -13284.8506908124 -13128.824685593 23236.9692316873 23291.6463844769 23078.2154198398 23341.0458907454 -27.1596307274414 65324.2255218391 40.2739991432393
363620 155.657020878402 -13286.3507082871 -13130.6936874087 21790.7858196561 21733.8613626533 21757.3951613736 21881.1009349413 -39.141322466119 65430.4285217201 40.2958129172266
363630 154.83327956926 -13284.56783792 -13129.7345583507 23181.8507450345 23053.5592089238 23231.5689903255 23260.424035854 -19.3283732038125 65331.7576204182 40.2755469920455
363640 154.473705940472 -13286.0497438764 -13131.5760379359 21842.7319931748 21720.6993576564 21929.5259959235 21877.9706259443 10.9380454378391 65430.0378709052 40.2957327220033
363650 154.889506779522 -13285.6149195018 -13130.7254127223 23105.2066725906 23025.2529049244 23215.2321902035 23075.134922644 72.7034048395894 65334.6366340228 40.2761385988878
363660 154.104145925272 -13286.497454761 -13132.3933088358 21967.5916447256 21937.2516577437 22097.0772938147 21868.4459826183 147.721902689067 65416.9083503924 40.2930372268927
363670 152.947657942003 -13284.8431007394 -13131.8954427974 22951.6882031933 22980.0867669444 23056.4465884705 22818.5312541652 203.53598314297 65345.1191956183 40.278292507584
363680 152.474207796632 -13285.6597542124 -13133.1855464157 22129.646495139 22227.5312505834 22129.9269625382 22031.4812722953 167.955559405831 65402.9429706905 40.2901697337326
363690 153.512647452464 -13286.3935791245 -13132.880931672 22758.7636419635 22920.5310685708 22635.5157563582 22720.2441009615 80.7256014060842 65350.6364742173 40.2794260801694
363700 154.947872566065 -13288.5419032933 -13133.5940307272 22356.2112030242 22537.5652619756 22189.1256621408 22341.9426849563 -21.411785827853 65372.6822103367 40.2839549305472
363710 155.527907571665 -13289.2567524004 -13133.7288448287 22535.470544713 22697.6028602786 22408.4333972228 22500.3753766375 -122.825172906181 65354.6688701609 40.2802545304213
363720 154.476012481789 -13288.5529098329 -13134.0768973511 22615.2719265648 22749.0773241811 22525.2027225615 22571.5357329519 -223.149933783816 65352.496013503 40.2798081242158
363730 152.37368392343 -13287.3048544104 -13134.9311704869 22246.9796204518 22379.172114765 22137.0870376312 22224.6797089591 -282.69598455685 65388.5568879776 40.287215431317
363740 150.832737339448 -13285.4761439304 -13134.6434065909 22880.7882570026 23083.3416435092 22707.6593716365 22851.3637558622 -292.070126958259 65349.15462375 40.2791216274472
363750 150.652425600576 -13286.4050186947 -13135.7525930942 21948.6857134003 22233.7609147758 21730.4585042259 21881.8377211993 -239.249426405741 65415.9362517155 40.2928376403578
363760 151.945077835746 -13286.4101176942 -13134.4650398584 23196.8699991566 23462.1698288609 23014.4313506669 23114.008817942 -103.385999502562 65318.4200373805 40.2728060330214
363770 153.169593990048 -13289.1340874446 -13135.9644934545 21663.0426370045 21798.9336178598 21576.5899648049 21613.604328349 22.8971566132529 65424.3923432605 40.2945737374163
363780 154.211022810954 -13288.2318126292 -13134.0207898183 23485.4398197782 23489.5329602494 23471.1499474896 23495.6365515956 53.5456987354728 65287.6777252544 40.266486868848
363790 154.258205070405 -13290.3845204262 -13136.1263153558 21390.7119178357 21318.3813032807 21407.4057531318 21446.3486970946 1.08799696294596 65440.640133524 40.2979091070442
363800 153.950072697546 -13287.6286381236 -13133.678565426 23736.2857628404 23649.279074811 23791.0257276695 23768.5524860407 -49.1740428086996 65270.3164226538 40.2629173303426
363810 152.393595503793 -13288.7135136154 -13136.3199181116 21170.1726620983 21103.6233099871 21265.7259233026 21141.1687530052 -62.5625226588795 65463.7550420591 40.3026532172801
363820 151.674651542564 -13285.1110298823 -13133.4363783397 23903.3060802179 23845.4196441672 24006.0767343046 23858.4218621818 -43.133011589726 65266.8589260963 40.2622063825804
363830 151.341464843067 -13287.5430491051 -13136.201584262 21039.374666849 20991.036215616 21074.5613003495 21052.5264845815 3.67984265465112 65475.8956638903 40.3051445145715
363840 152.333004613647 -13285.2679735129 -13132.9349688993 23996.8016751825 23970.2889326645 23919.9235183997 24100.1925744834 75.2987091216627 65259.0030609303 40.2605909268909
363850 152.804624845382 -13288.5468482567 -13135.7422234113 21002.2484607818 20981.0172300765 20859.9963527205 21165.7317995483 86.9227230785459 65476.7351601896 40.305316770711
363860 153.490990101777 -13285.9008781291 -13132.4098880273 23983.3067487732 23967.4496372278 23861.3721162386 24121.098492853 73.8151981016487 65258.0707359189 40.2603991978682
363870 153.243291928721 -13288.4039004235 -13135.1606084948 21071.8372945107 21089.9158866665 21030.7214118965 21094.8745849691 48.378068234429 65472.2091598075 40.3043880638349
363880 153.727434307063 -13285.7856023739 -13132.0581680668 23850.6817902326 23950.6505026683 23851.6859985226 23749.7088695068 -5.8923169411442 65268.8064891809 40.2626068533462
363890 153.647258437829 -13288.1457472447 -13134.4984888069 21259.8666139511 21438.4439547967 21262.4561423186 21078.699744738 -56.5938488053549 65458.809984484 40.3016383862033
363900 153.857390260045 -13285.7424529229 -13131.8850626628 23618.3992870205 23833.4883299471 23633.3883826682 23388.3211484461 -62.816017744692 65287.5131102294 40.2664530264521
363910 153.441756963539 -13287.3197129327 -13133.8779559691 21533.1417139303 21743.3785763704 21559.3044149157 21296.7421505047 -17.1727998138394 65442.9703502074 40.2983874119904
363920 153.436252035772 -13285.3493988549 -13131.9131468191 23297.4844719353 23437.5786685107 23328.124915278 23126.7498320172 29.1859862690782 65315.7156305106 40.272250214533
363930 153.424662059323 -13286.6412533348 -13133.2165912755 21873.898733111 21925.244158959 21889.9967866266 21806.4552537474 8.50866341241375 65420.8641188965 40.2938493854969
363940 153.902864822307 -13285.8383454847 -13131.9354806624 22947.4722602159 22924.6342707476 22950.6163736128 22967.1661362873 -57.0178176761713 65341.7775723088 40.2776059111601
363950 154.089042744713 -13286.6157183974 -13132.5266756527 22221.6112757878 22174.2860749004 22200.0737785235 22290.4739739395 -110.656245314095 65395.5988681216 40.288661614976
363960 153.690958353419 -13285.6725342702 -13131.9815759168 22630.7818184369 22633.0072338132 22593.4100699956 22665.9281515018 -119.961728747607 65368.0769663589 40.2830089605025
363970 152.368609989041 -13284.3655810505 -13131.9969710614 22504.8292210684 22576.5161891199 22473.5743979008 22464.3970761844 -72.1255942197654 65381.2100121444 40.2857065217586
363980 151.506992196842 -13283.4742704211 -13131.9672782243 22367.3320686117 22465.9656973619 22353.3306696524 22282.6998388209 -10.3904386654388 65393.1431548644 40.2881573066301
363990 152.370690073035 -13283.6987257906 -13131.3280357175 22718.7293852439 22809.964995529 22705.9778201998 22640.2453400028 40.5828010977047 65364.8001212844 40.2823358318063
364000 154.466770101145 -13285.9971089863 -13131.5303388852 22200.8256113971 22301.8976391358 22152.274477425 22148.3047176306 77.3268259594039 65398.7534437595 40.2893094240492
