# Fix print output for fix setl_out
180000 152.147503514041 -13288.6878583167 -13136.5403548026 8383.84351153031 8492.46459371787 8361.69274714851 8297.37319372456 -130.892811164334 66471.4992985489 40.5084063835553
180010 151.762754774072 -13288.9209907017 -13137.1582359276 6613.30476266498 6754.90614215832 6626.99197704714 6458.01616878948 -122.767573030303 66610.0671935357 40.5365350739532
180020 152.78609237272 -13289.1921087092 -13136.4060163365 8384.10150432748 8505.04501717889 8435.29360487261 8211.96589093094 -133.648101231012 66469.2952795007 40.5079586614137
180030 153.802198244476 -13290.7068855913 -13136.9046873468 6624.12742435059 6678.03197237416 6712.65450749612 6481.6957931815 -160.258431770647 66606.0970275413 40.5357296903358
180040 154.862763401725 -13290.9512182011 -13136.0884547994 8375.47398878288 8323.44807118586 8528.68355397905 8274.29034118372 -157.311072860068 66468.5000564097 40.5077971181907
180050 154.95970323537 -13291.5121347636 -13136.5524315282 6642.85157700463 6501.69187408072 6839.58763420616 6587.27522272702 -68.8744794291918 66607.2834708759 40.5359703743116
180060 155.065821593641 -13290.812904312 -13135.7470827184 8333.69067487983 8171.16865367544 8543.00004373339 8286.90332723065 64.5663583861469 66476.8324928666 40.5094897221664
180070 154.415848591357 -13290.5584396706 -13136.1425910793 6686.13781037891 6586.29285047128 6863.35079037677 6608.76979028867 163.169682559975 66605.225423127 40.5355528733144
180080 153.198062836852 -13288.5295526194 -13135.3314897825 8311.28211803702 8281.46471867934 8430.37168338595 8222.00995204576 149.704933769358 66481.1488763372 40.5103664722609
180090 151.127765576808 -13286.7954517492 -13135.6676861724 6713.88172369136 6705.91801243536 6757.33105432162 6678.3961043171 39.1400478738142 66613.9639620329 40.5373255371134
180100 150.587344687148 -13285.338343958 -13134.7509992708 8241.70852365524 8224.56579225178 8198.13216463792 8302.42761407602 -53.748718185088 66498.4368687461 40.5138776541128
180110 152.006582882196 -13286.7974785714 -13134.7908956892 6773.4714566914 6719.76997329516 6714.20690601661 6886.43749076244 -64.8808776986162 66610.9943356581 40.5367231484009
180120 154.678603542745 -13288.3413627804 -13133.6627592377 8192.30882495889 8068.35379319266 8231.10191324507 8277.47076843895 -21.791258970542 66493.6974462916 40.5129151405443
180130 155.611580245022 -13289.1441239057 -13133.5325436607 6858.76564349201 6676.08849221309 7038.04912067571 6862.15931758721 36.8748581699649 66595.5407896194 40.5335881075383
180140 155.415122695969 -13287.9084193046 -13132.4932966086 8112.99009898492 7907.80888687251 8366.52532288673 8064.6360871955 61.9695284964368 66499.3570412196 40.5140645235833
180150 154.990024048032 -13287.3868367038 -13132.3968126558 6921.59158285696 6718.85345394129 7166.75732428257 6879.16397034703 18.2755855734373 66596.3258510194 40.53374738362
180160 155.219471771355 -13286.718353348 -13131.4988815766 8030.52615847121 7829.01121467955 8265.6374851186 7996.92977561549 -64.1881296175262 66511.3136688452 40.5164925297829
180170 155.295777015068 -13286.7382343627 -13131.4424573476 7020.72797713481 6824.53923396164 7233.4763309236 7004.16836651919 -153.121608510694 66593.4715213778 40.5331682809536
180180 155.751025332205 -13286.5111940153 -13130.7601686831 7915.38942310551 7720.34432366584 8113.69415900587 7912.12978664481 -195.92792394761 66526.8867144424 40.5196544777895
180190 156.571706943227 -13287.3215595635 -13130.7498526203 7132.78082608792 6929.82534129845 7323.26499554011 7145.25214142522 -152.49134646577 66588.495686236 40.5321587155911
180200 157.77492566919 -13288.0459380905 -13130.2710124213 7790.3330601385 7582.50990732153 7923.80029942379 7864.68897367017 -98.8030264946106 66533.2321312608 40.5209427084358
180210 158.022164875315 -13288.3326936029 -13130.3105287275 7296.74982382625 7116.15186794502 7342.94366399384 7431.1539395399 -84.7037353925187 66569.4918611323 40.5283024972112
180220 157.39524340124 -13287.5365987355 -13130.1413553343 7609.69063236347 7500.70079553297 7616.80758796855 7711.5635135889 -91.7241433967005 66545.164395983 40.5233649451541
180230 156.486713416422 -13286.6779712552 -13130.1912578388 7505.4595651962 7438.20898875707 7543.94896036946 7534.22074646207 -119.102388762752 66557.2843666187 40.5258249895625
180240 156.000054784942 -13286.2802829139 -13130.2802281289 7342.79993412597 7236.26764839614 7461.10746956966 7331.0246844121 -142.165855602269 66571.2305164036 40.5286553321779
180250 156.123879076903 -13286.2690770706 -13130.1451979937 7798.08281256359 7612.59825368955 7992.37047148486 7789.27971251637 -157.270327349352 66534.1526500124 40.5211295830466
180260 155.986865056831 -13286.458110722 -13130.4712456652 7047.67304114848 6793.57931992176 7285.9486654566 7063.49113806707 -139.696505614417 66593.0044453988 40.5330735163414
180270 155.642520669942 -13285.7971706505 -13130.1546499805 8107.39720821585 7843.30002175728 8336.62362467828 8142.26797821197 -91.0658446761329 66513.1014972263 40.5168555551703
180280 155.17395939623 -13285.9039603135 -13130.7300009173 6725.68969499631 6519.44019322649 6897.52216489542 6760.10672686702 -22.0647045060446 66622.2603932846 40.5390083733302
180290 155.216869333743 -13285.3840375814 -13130.1671682477 8401.28578572221 8248.86543658332 8507.52827290609 8447.4636476772 49.7501504227042 66488.4030949575 40.5118398742284
180300 154.722440311205 -13285.6371433373 -13130.9147030261 6490.61185803292 6348.556300734 6549.84062340799 6573.43864995676 71.7206296262951 66636.0525430558 40.5418056440581
180310 154.976666254683 -13285.1750028075 -13130.1983365528 8595.25904675533 8410.86196890014 8632.00760659929 8742.90756476656 12.8815617793009 66472.2656019476 40.5085620473136
180320 155.426810954676 -13286.5021720528 -13131.0753610981 6359.01796273148 6156.50152033017 6335.88417290162 6584.66819496264 -68.005956702603 66648.9268778922 40.5444164188077
180330 156.426440302426 -13286.7265705053 -13130.3001302028 8657.19963207558 8504.32427523321 8545.82180906733 8921.4528119262 -123.028566796829 66471.0953132992 40.5083243191518
180340 156.608130014234 -13287.8485394465 -13131.2404094323 6351.42877833932 6316.69111499913 6192.04593117908 6545.54928883976 -95.3361540410677 66653.9034455092 40.545425522367
180350 157.665721449119 -13288.1763931749 -13130.5106717258 8589.48115008164 8641.04131696918 8470.29449449013 8657.10763878562 -22.1357746034819 66472.0893226017 40.5085262387496
180360 158.308476642664 -13289.7221649634 -13131.4136883207 6456.2849356356 6467.77048670793 6468.95749242666 6432.12682777222 83.3046654715949 66629.1563255356 40.5404070280182
180370 158.344589138086 -13289.2238677327 -13130.8792785946 8513.40698994501 8413.27654088426 8669.80611697525 8457.13831197552 171.728519131695 66463.5994240225 40.5068015654038
180380 156.500640889209 -13288.4213847384 -13131.9207438492 6563.40746961176 6364.63077818345 6798.91453329349 6526.67709735834 154.166802775074 66621.2980411402 40.5388131783646
180390 154.578210020394 -13286.196411132 -13131.6182011116 8398.71406677498 8165.18225591751 8630.46668571226 8400.49325869519 27.5365577841283 66486.6603848985 40.51148592274
180400 152.884351874118 -13285.5045627206 -13132.6202108465 6632.28970482864 6437.35407277741 6816.31498714933 6643.20005455917 -110.628668492042 66632.4249734362 40.541069951763
180410 152.571751425921 -13284.8555381788 -13132.2837867529 8322.58004316366 8179.29472954964 8448.66972772917 8339.77567221217 -174.8940495591 66501.4029928792 40.5144800111468
180420 152.735134245372 -13285.8302541189 -13133.0951198735 6692.40071257869 6601.54169519766 6756.8209543909 6718.8394881475 -148.36386237552 66625.9060496483 40.5397478088547
180430 154.075061988617 -13286.7366188724 -13132.6615568838 8272.22162685239 8225.68077297822 8275.94355430985 8315.04055326911 -77.9621089067452 66493.0857455237 40.5127909089342
180440 155.796714882288 -13289.1369477933 -13133.340232911 6753.03414129822 6756.36382518643 6729.47954161206 6773.25905709615 -30.4249251843622 66601.30049456 40.5347566281064
180450 157.551801084783 -13290.5067312287 -13132.9549301439 8244.82218233734 8225.92290846462 8263.83136660215 8244.71227194526 -49.9457692402898 66477.4590884017 40.5096169995185
180460 157.281317699828 -13291.0286858957 -13133.7473681958 6801.0023313499 6681.80367052009 6907.71089539187 6813.49242813774 -84.6322516156548 66594.0221895977 40.5332800049489
180470 155.70940773564 -13289.2873357699 -13133.5779280342 8183.47866808066 7929.43094864818 8379.01419159116 8241.99086400266 -123.110353127944 66494.5063925242 40.5130794299854
180480 153.701220126129 -13288.1226349232 -13134.4214147971 6819.96671733233 6512.6132262316 7024.25224992016 6923.03467584523 -144.750152650635 66607.2159677746 40.5359566805908
180490 152.97585306923 -13287.2147331529 -13134.2388800837 8150.98165023489 7872.53706628546 8276.25576989686 8304.15211452233 -167.906836484799 66503.8202836058 40.5149708984855
180500 152.934688744064 -13287.9028563302 -13134.9681675861 6862.60340393509 6646.19921070612 6899.36835061565 7042.24265048349 -188.249882166835 66601.3197865793 40.5347605419301
180510 153.49378331446 -13288.2230268053 -13134.7292434908 8113.12530132559 7969.8557969762 8103.76309064435 8265.75701635623 -192.357000746751 66498.1946396455 40.5138284617181
180520 153.774668990966 -13289.1499728473 -13135.3753038563 6912.25320214018 6845.89575321024 6922.37296468777 6968.49088852252 -166.573293267944 66587.9150028504 40.5320408953414
180530 154.411925730262 -13289.5631567253 -13135.1512309951 8072.07096236606 8086.71608923087 8121.52380094704 8007.97299692027 -120.856899082606 66493.719971754 40.5129197152739
180540 154.439587281168 -13290.2204971147 -13135.7809098336 6959.8281572617 7032.19159577999 7029.33822486104 6817.95465114408 -54.6673224317463 66580.8915067862 40.5306157786906
180550 154.004881044423 -13289.6406412521 -13135.6357602077 8021.89459967758 8064.29168418048 8106.95078744424 7894.44132740801 22.1124133763075 66500.7050909349 40.5143382836442
180560 153.625140358046 -13289.8843974375 -13136.2592570794 6990.04803668296 6960.05547767633 7084.83030339951 6925.25832897304 79.6048484565691 66583.5015054577 40.5311453774424
180570 154.063830399554 -13290.1921043792 -13136.1282739797 7978.66896647068 7870.89385692034 8121.26843227226 7943.84461021945 120.652449361687 66503.4477282637 40.5148952431975
180580 153.930241844396 -13290.6522734592 -13136.7220316148 7056.81423051241 6909.5056843849 7240.3591966391 7020.57781051322 126.309787612639 66573.8202198497 40.5291808636856
180590 153.151061506438 -13289.8544170028 -13136.7033554964 7916.70687572247 7759.19115962587 8088.56376946861 7902.36569807292 80.9949163149704 66507.829804666 40.5157850991528
180600 151.869375113956 -13289.185748829 -13137.3163737151 7119.65281784928 7024.30478943845 7202.6385164748 7132.0151476346 68.318304044373 66573.0272510689 40.5290199470638
180610 151.255861204205 -13288.6327853996 -13137.3769241954 7835.63856411384 7817.89598425263 7793.03281907578 7895.9868890131 110.558287237954 66519.4966593441 40.5181540640352
180620 151.530127253949 -13289.4395182979 -13137.9093910439 7189.40957024585 7201.89238013596 7073.27846548047 7293.05786512113 135.355855054314 66568.5916236182 40.5281198046007
180630 152.712251432585 -13290.6804146543 -13137.9681632217 7756.84123065421 7780.86532702652 7663.96818675231 7825.6901781838 97.6018957031534 66517.6589280516 40.5177809294952
180640 153.451693235286 -13291.8715345817 -13138.4198413464 7292.8538138007 7317.47303540632 7289.6882287233 7271.40017727248 26.1147015271484 66546.6733646576 40.5236712435238
180650 152.948535865807 -13291.5518411908 -13138.603305325 7671.44539264208 7656.63994093573 7768.98832290755 7588.70791408296 7.69169748119016 66513.916749973 40.5170210931975
180660 151.674903295729 -13290.7339990602 -13139.0590957645 7386.30441460456 7301.63143983713 7560.86348947927 7296.41831449729 52.3020166869413 66537.4542744302 40.5217998319972
180670 151.610849577627 -13290.9469686103 -13139.3361190327 7545.25130101735 7417.22764536654 7737.37482005851 7481.151437627 97.7157665095182 66526.2625437321 40.5195277557885
180680 152.407211832253 -13292.0548726284 -13139.6476607961 7525.22523788135 7417.16781065109 7647.61813027134 7510.88977272162 100.320899608295 66528.2772700604 40.5199367919203
180690 152.021835669504 -13292.0095001394 -13139.9876644699 7405.47357193964 7363.86478316375 7428.78562435349 7423.7703083017 76.7163017479317 66541.4538398648 40.5226117373343
180700 150.416580333653 -13290.5673391272 -13140.1507587936 7674.99623848698 7684.96073274607 7626.92389478665 7713.10408792824 17.7144449475021 66526.7503485843 40.519626792235
180710 149.483491109012 -13289.9712026232 -13140.4877115142 7194.04793208657 7210.84186689574 7159.1234983957 7212.17843096826 -76.5397471483554 66564.4506993442 40.5272794315311
180720 150.663669661106 -13290.9221389525 -13140.2584692914 7916.49418400563 7910.81893194396 7921.58964136111 7917.07397871183 -146.556463825371 66500.5444704851 40.5143056652608
180730 152.262911932937 -13292.8144460311 -13140.5515340982 6959.02826394503 6932.15354933967 6964.19527151553 6980.73597097989 -156.050105337257 66567.7701927844 40.5279531034414
180740 152.709688637453 -13292.7172236372 -13140.0075349998 8217.68720849007 8186.07756503492 8188.61473870925 8278.36932172605 -111.071652047954 66468.8361148099 40.5078653859293
180750 151.310803755642 -13291.8068166707 -13140.4960129151 6617.68689214701 6586.3748214189 6565.0404813045 6701.64537371762 -47.965113863557 66602.6229779704 40.5350249221086
180760 150.601887745783 -13290.1862319394 -13139.5843441936 8541.354181894 8489.12114581637 8542.62041264486 8592.32098722078 -10.6946733279481 66457.3189329448 40.5055256257831
180770 151.110843594248 -13291.1856561695 -13140.0748125752 6252.48137959022 6152.89972729918 6348.6740164249 6255.87039504659 -51.0955225580637 66633.7941196576 40.5413476257462
180780 152.521407819571 -13291.1500288188 -13138.6286209993 8941.75703218456 8796.50101800255 9099.22604970172 8929.54402884943 -109.115954489997 66417.139951147 40.497360992734
180790 152.236048897423 -13291.4662485429 -13139.2301996454 5912.89177867176 5798.92541234073 6035.26374398157 5904.48617969298 -162.499785522985 66655.5945707225 40.5457684220721
180800 152.417411541407 -13289.8712217536 -13137.4538102122 9223.90957795146 9223.52258308527 9261.8420556471 9186.36409512202 -171.977528531133 66399.679741541 40.4938119370594
180810 152.518141953214 -13290.6544985811 -13138.1363566279 5686.61579494775 5833.37653985867 5638.2370967426 5588.23374824197 -79.7526393770525 66677.7416097871 40.5502585142043
180820 152.992605955167 -13289.1536164105 -13136.1610104553 9380.8182231792 9641.9537287342 9257.67051032016 9242.83043048324 5.20273961277311 66391.7732403972 40.4922046146532
180830 151.673868186548 -13288.6258978712 -13136.9520296847 5637.90438898491 5910.70755609135 5502.20866388101 5500.79694698238 20.0036464148552 66693.0450278916 40.5533605493362
180840 151.954887420822 -13286.9731352424 -13135.0182478216 9302.14345803288 9530.32132203705 9221.0250613556 9155.083990706 3.49340293141257 66409.3992654302 40.4957876562777
180850 153.354444344099 -13289.0676481567 -13135.7132038126 5779.70434197623 5926.97176585099 5784.72597193375 5627.41528814395 15.0570156752416 66680.8398544164 40.5508865732425
180860 155.834649335516 -13289.7819931498 -13133.9473438143 9114.8230656031 9160.08631261773 9178.8116843782 9005.57119981337 17.624920519918 66413.1382015895 40.4965476306437
180870 155.557713162303 -13290.2150635377 -13134.6573503754 6055.90744081855 5972.57955178924 6176.60619601959 6018.53657464682 -37.7748439895462 66655.3369573298 40.5457161876649
180880 153.769290060164 -13287.0989321745 -13133.3296421144 8809.08052352496 8655.87008739678 8962.02279192586 8809.34869125223 -121.744181970962 66446.4519594572 40.5033177101145
180890 152.054321020118 -13285.9963703261 -13133.942049306 6316.69803632086 6188.7495473547 6447.26362735518 6314.08093425269 -144.708881407134 66645.2153557615 40.5436637970764
180900 153.511742060206 -13286.2927106317 -13132.7809685715 8548.02095631099 8531.90877677846 8621.38491227655 8490.76917987796 -95.2312469788043 66466.5991736244 40.5074109638058
180910 155.762714115169 -13288.927614875 -13133.1649007599 6554.6817797816 6688.98505433634 6549.95697183901 6425.10331316946 -10.2174176396869 66617.0691472093 40.537955404782
180920 157.189517562588 -13289.4025949054 -13132.2130773428 8397.6265719203 8608.21053694258 8344.77849497724 8239.89068384108 17.278050875912 66473.7118842295 40.5088558359593
180930 156.377180526713 -13289.0359776699 -13132.6587971432 6670.12071339917 6839.29548208514 6580.11115024465 6590.95550786772 -45.9609390125212 66616.366441979 40.537812867072
180940 155.272998914234 -13287.1932081464 -13131.9202092321 8276.12990492019 8365.20891510302 8168.00572375277 8295.17507590478 -169.379617044913 66496.9760403854 40.5135809842077
180950 154.468252628702 -13286.7887797192 -13132.3205270905 6742.55572228825 6782.52062528394 6663.72082750523 6781.42571407557 -285.630888397007 66617.6691706036 40.5380771135716
180960 155.140827121607 -13286.7308572157 -13131.5900300941 8220.31024032901 8239.89737876431 8190.13877102384 8230.89457119887 -300.404793770021 66497.1740856854 40.5136212041636
180970 156.005908035374 -13287.9357964815 -13131.9298884462 6818.66526902088 6800.48521684316 6853.28342116749 6802.227169052 -201.89631485391 66603.8975822425 40.535283499444
180980 156.546156328711 -13287.843565475 -13131.2974091463 8159.34658226561 8070.8756350121 8265.7045633066 8141.45954847814 -67.4858239577855 66498.6138639973 40.5139135986048
180990 155.806540504192 -13287.4760694494 -13131.6695289452 6875.10504789557 6735.92414417264 7039.11785553985 6850.27314397423 44.9661065389161 66602.0727007331 40.534913287051
181000 155.129457477693 -13286.2744593115 -13131.1450018338 8093.89457112001 7960.8944613537 8261.63231308252 8059.15693892381 56.2130100436777 66510.4226502842 40.5163116026289
181010 155.214438429975 -13286.6987997436 -13131.4843613136 6924.10186796908 6828.05913632531 7018.0055552145 6926.24091236745 5.0433563343551 66602.9684055735 40.5350949988897
181020 156.728754532932 -13287.6971800532 -13130.9684255202 8036.55135559221 7988.44441061293 8019.13026756152 8102.07938860218 -35.3491613380536 66511.8251374206 40.5165963860967
181030 157.542105643178 -13288.8187962303 -13131.2766905871 7008.27817697117 7006.31994392081 6912.76249263104 7105.75209436167 4.05006939944838 66590.277578978 40.5325202560968
181040 157.122651841532 -13288.043867549 -13130.9212157074 7960.37776970381 7989.63595186414 7876.76532619441 8014.73203105289 100.945686611058 66517.2208058076 40.5176919717639
181050 156.101586050052 -13287.3865329713 -13131.2849469212 7075.53585888808 7087.55498637877 7082.44065307878 7056.6119372067 203.243668455256 66589.4910571486 40.5323606740544
181060 156.360642572978 -13287.4027080666 -13131.0420654937 7873.01215999906 7840.71514727729 7944.83070042865 7833.49063229125 262.582095676492 66526.3953718398 40.5195547232266
181070 157.098677434034 -13288.4749831183 -13131.3763056843 7170.42170074394 7110.51141800354 7236.27788599305 7164.47579823522 257.504095469975 66579.7883320943 40.5303919276952
181080 156.938557458645 -13288.2180132883 -13131.2794558297 7792.14740151863 7795.37166602248 7785.48059380658 7795.58994472683 182.476678155967 66531.5425567654 40.5205997032504
181090 155.094113549997 -13286.7590161287 -13131.6649025787 7263.05654694779 7403.98230121529 7171.53097455598 7213.6563650721 54.5973300399246 66577.6463505122 40.5299572798528
181100 152.822797641254 -13284.5431346273 -13131.720336986 7677.76930616487 7934.71436714656 7540.74609589425 7557.84745545381 -98.6356708449358 66550.668874665 40.5244822507235
181110 151.908309903058 -13283.8992618539 -13131.9909519508 7358.33685036492 7584.65561511119 7238.37901779033 7251.97591819323 -186.470284900363 66576.8346983477 40.5297925781196
181120 153.534801655057 -13285.5234130373 -13131.9886113823 7563.66136073892 7619.70560242581 7552.02064396945 7519.25783582151 -174.212963096048 66554.8686114945 40.5253346768202
181130 156.312440298292 -13288.3621107282 -13132.0496704299 7498.59648871112 7355.14858936141 7620.06634259922 7520.57453417274 -142.990974751262 66549.4291576052 40.5242306168693
181140 158.149021923363 -13290.3019053626 -13132.1528834393 7452.76148403475 7240.7172839366 7624.71360645581 7492.85356171186 -130.054262555255 66547.1407089231 40.523766106573
181150 157.746392072932 -13290.0255933582 -13132.2792012852 7630.59654677453 7470.56600067294 7770.19841654436 7651.02522310629 -147.554951742534 66533.828865718 40.5210638517586
181160 155.765161855354 -13288.459341089 -13132.6941792336 7298.17683915073 7216.21964446372 7370.08005821317 7308.2308147753 -179.173758746417 66566.2583518976 40.5276462868932
181170 154.692945591293 -13287.5382667972 -13132.8453212059 7760.23550173799 7727.30707482136 7765.15098149795 7788.24844889465 -212.901779290422 66533.8295211142 40.5210639848105
181180 154.905420313596 -13288.2936889273 -13133.3882686137 7140.15872155236 7140.64922339016 7085.21020891704 7194.61673234987 -241.165894157613 66579.1451456629 40.5302614142028
181190 155.20377358419 -13288.6338456125 -13133.4300720283 7953.61989603082 7978.38828060877 7890.72014489562 7991.75126258809 -257.686524051501 66510.2700153442 40.5162806089426
181200 154.200719814039 -13288.3864981483 -13134.1857783343 6965.23798020882 6992.92568398317 6952.59654970551 6950.19170693778 -249.845786925062 66587.6089020262 40.5319787874242
181210 152.857993307109 -13287.0353993075 -13134.1774060004 8132.44817253745 8153.76410954713 8173.46379863861 8070.1166094266 -244.470526527124 66500.0631758408 40.5142079248813
181220 151.97970319414 -13287.0540267078 -13135.0743235137 6757.11311933378 6780.04520793638 6813.02788895094 6678.26626111401 -230.539484306169 66609.6667351661 40.5364538388489
181230 152.897825244093 -13287.7297988684 -13134.8319736243 8336.99257803057 8331.17924874791 8378.47470334314 8301.32378200067 -197.877468623935 66483.4381642414 40.5108314603517
181240 153.924017533264 -13289.7112514353 -13135.787233902 6559.19570082838 6492.48209930526 6551.894535483 6633.21046769688 -161.119774895675 66618.6312373881 40.5382722577441
181250 154.495731791979 -13289.8527838719 -13135.35705208 8554.34615548545 8443.09251173194 8476.09674847368 8743.84920625074 -119.625427181039 66458.7762715828 40.5058217047153
181260 153.459858842501 -13289.9389037729 -13136.4790449304 6344.84667268599 6208.49448109907 6244.91823549644 6581.12730146246 -47.1283995512744 66631.2220813471 40.5408259923303
181270 152.719074746921 -13288.6041451249 -13135.885070378 8760.75237475144 8627.95944157517 8714.62530164299 8939.67238103617 19.4904042491058 66441.2455280107 40.5022597993265
181280 152.607970474004 -13289.7113503641 -13137.1033798901 6142.08402584312 6067.01105453017 6166.7246600323 6192.51636296688 39.3626781777408 66645.6978964873 40.5437616481706
181290 154.479518264876 -13290.7676749466 -13136.2881566818 8942.60208588917 8953.38095330541 9004.29567758837 8870.12962677374 38.6366626259742 66421.7651147651 40.4983010240427
181300 155.449960864688 -13293.0287565568 -13137.5787956921 5996.24338568727 6089.10524215577 6052.74532524755 5846.8795896585 28.1893396375293 66648.0140477986 40.544231317891
181310 154.991212263751 -13291.6925817043 -13136.7013694406 9089.9494870319 9230.0163538449 9130.15145576508 8909.68065148572 2.00004495627162 66406.5045546474 40.4951992591645
181320 151.843763851967 -13290.0195197718 -13138.1757559198 5883.55232648104 6011.87577927221 5881.17572490564 5757.60547526529 -39.7057231626266 66665.743128223 40.5478260647125
181330 149.74512745615 -13286.9707230811 -13137.2255956249 9134.95821991622 9231.24273197318 9088.60845404545 9085.02347373001 -58.5916244868753 66417.5595527474 40.4974462755476
181340 149.391904527464 -13287.9495888555 -13138.5576843281 5846.15843887521 5893.19290639361 5766.09006505397 5879.19234517803 -52.2437462002231 66674.8930510533 40.5496810529446
181350 151.918646889536 -13289.2629947777 -13137.3443478881 9130.21820130633 9113.38560829505 9066.35393425907 9210.91506136489 -47.2004518017924 66408.3298050258 40.4955702730237
181360 153.862525902352 -13292.3123836994 -13138.4498577971 5932.2735587163 5829.83178124581 5924.32001859091 6042.66887631217 -12.0498892657674 66650.7228845765 40.54478060266
181370 154.585083878008 -13291.8263678139 -13137.2412839359 9023.73889925841 8877.74511631753 9051.37148480885 9142.10009664885 54.9217660324335 66405.6035939077 40.4950161207309
181380 153.051554248314 -13291.3009740058 -13138.2494197575 6079.95397864286 5944.10784667219 6132.46340516912 6163.29068408728 112.440832857983 66639.5680073034 40.5425185752546
181390 152.530610613693 -13289.6465922702 -13137.1159816565 8811.76414209919 8705.0660326688 8873.3465049134 8856.87988871538 98.8382563881408 66427.6820154228 40.499503528014
181400 152.52341169851 -13290.3326238584 -13137.8092121599 6312.58868842792 6235.78040232341 6353.82401587606 6348.16164708428 29.8251729909947 66623.6688293347 40.5392940446066
181410 153.042832749305 -13289.7028649215 -13136.6600321722 8575.24406418385 8524.32636818062 8589.30264848889 8612.10317588203 -39.9689212091496 66448.032681268 40.5036388908956
181420 152.234144690807 -13289.2189932364 -13136.9848485456 6566.72180548845 6566.34771260369 6545.74235117438 6588.07535268729 -69.2073405582438 66611.9699619698 40.5369210561738
181430 151.681462179756 -13287.4923308755 -13135.8108686957 8325.0466204 8366.29892727812 8282.40034504737 8326.44058887451 -65.3085074041456 66484.1786943395 40.5109818706366
181440 151.901822536785 -13287.5939417852 -13135.6921192484 6762.07326286658 6844.00694103622 6711.87169124311 6730.34115632042 -66.5376913555061 66612.2686138427 40.5369816379246
181450 153.764029579631 -13288.1143902672 -13134.3503606876 8124.98596711329 8210.43486636991 8079.20332130858 8085.31971366139 -81.6928494528702 66502.04632471 40.5146106558619
181460 155.315435449976 -13289.2266297192 -13133.9111942692 6959.60797975205 6993.61308857329 6928.96802698066 6956.24282370219 -118.726811068275 66588.5029621165 40.5321601918578
181470 155.820658097941 -13288.58387084 -13132.763212742 7985.13658116462 7980.70366940949 7965.19834434638 8009.50772973799 -158.999481589237 66507.774955635 40.5157739613556
181480 155.126654382241 -13287.5902487393 -13132.463594357 7080.23702242461 7082.70368125213 7080.2825583801 7077.72482764158 -193.009440287993 66582.1666467372 40.530874520983
181490 154.820737089806 -13286.4854964723 -13131.6647593825 7862.96407171171 7902.71728413937 7893.03481156981 7793.14011942596 -213.962127819724 66525.0775964582 40.5192871801762
181500 155.444522064732 -13286.9259175978 -13131.4813955331 7174.86116250292 7221.13412398734 7250.0404927969 7053.40887072451 -220.767598911495 66579.6228001597 40.5303583385239
181510 157.060147797549 -13287.9607728065 -13130.9006250089 7778.36354545987 7771.29286093275 7910.80223025131 7652.99554519554 -224.699465679078 66531.3189261695 40.5205543029502
181520 157.949486163227 -13288.7770556474 -13130.8275694842 7276.41426963457 7190.68753486521 7428.7658269302 7209.7894471083 -203.016239209731 66572.1540470637 40.5288427468836
181530 157.170938101181 -13287.6996939785 -13130.5287558773 7697.68439971437 7593.28632497397 7775.71557704277 7724.05129712638 -217.646532023577 66545.9520443167 40.5235248267185
181540 155.516927863333 -13286.0935067566 -13130.5765788933 7320.97803209964 7255.76456166952 7283.20703397081 7423.96250065858 -218.262805785909 66581.6437407417 40.5307684170323
181550 154.849757236656 -13285.2156747409 -13130.3659175042 7629.01741749327 7621.6902228991 7511.97595762382 7753.3860719569 -164.784826989427 66557.0955710409 40.5257866711733
181560 155.327364397827 -13285.6647737715 -13130.3374093737 7399.31492520825 7453.86499872937 7258.75933722212 7485.32043967326 -127.366443544175 66570.2295548635 40.5284522022459
181570 156.317045985958 -13286.4941133317 -13130.1770673457 7575.26390828248 7676.32468735684 7467.08823835033 7582.37879914027 -135.393370744085 66553.4217672993 40.5250410130039
181580 157.14994456253 -13287.3075486504 -13130.1576040878 7447.88825068778 7561.214930139 7374.82100813795 7407.62881378639 -171.63086938086 66560.8325151323 40.5265451165528
181590 157.784299258165 -13287.8867428107 -13130.1024435526 7523.70673089341 7624.18283125836 7476.239387396 7470.69797402586 -189.340560399479 66551.7782540895 40.5247074264067
181600 157.952026848166 -13288.0982727595 -13130.1462459113 7507.82338674009 7609.11284831908 7479.05158522698 7435.30572667422 -169.358260117065 66551.9912706815 40.5247506630469
181610 157.136113730128 -13287.3941724994 -13130.2580587693 7461.06545532344 7569.31174159717 7431.09269643706 7382.79192793608 -105.890326251387 66554.9156010809 40.5253442141553
181620 156.0509176741 -13286.4126507624 -13130.3617330883 7572.60602200956 7635.75869324712 7545.03297839184 7537.02639438973 -15.5274216952543 66547.2559935289 40.5237895073465
181630 155.603610605293 -13286.2004667584 -13130.5968561531 7390.10407726517 7373.88623333894 7423.17938101225 7373.24661744432 41.4298397868374 66562.6555884797 40.5269151148783
181640 155.846477228121 -13286.5340468979 -13130.6875696698 7642.76853812749 7536.56119027127 7785.8803983783 7605.8640257329 -2.63010471394115 66543.9191919754 40.5231121836318
181650 155.734379228566 -13286.7405925199 -13131.0062132913 7321.74353031643 7143.63513489129 7552.24646197921 7269.34899407879 -65.6007478526154 66569.6347350479 40.5283314916398
181660 154.719145587763 -13285.8048530965 -13131.0857075088 7721.49824972309 7532.18911840079 7959.86521042728 7672.44042034122 -43.8632816152241 66541.1089032644 40.5225417170423
181670 153.473241477198 -13284.9654597535 -13131.4922182763 7228.45037155121 7088.73120859222 7385.74044279895 7210.87946326246 20.8857589865152 66582.9313097224 40.5310296793505
181680 153.557550699255 -13285.0185807838 -13131.4610300845 7799.46987396734 7746.73894763285 7826.3537500833 7825.31692418587 19.8065003004573 66536.2232138985 40.5215499221449
181690 154.800509051825 -13286.6334606299 -13131.8329515781 7149.79887454625 7208.43365987504 7070.36811233101 7170.59485143271 -13.4382784821432 66580.3249919456 40.5305008244851
181700 156.360153944874 -13288.0598755269 -13131.6997215821 7910.33619944213 8037.16631411166 7782.31508779467 7911.52719642006 -13.2435013551169 66515.3528831393 40.5173126984327
181710 156.761073293324 -13288.982054883 -13132.2209815896 7054.40648752809 7184.03103629614 6960.26558211 7018.92284417813 4.72047594959432 66583.4424134126 40.5311333871398
181720 156.360368371638 -13288.5020561245 -13132.1416877528 8001.33171627283 8074.90450436825 7983.84120668636 7945.24943776387 -25.3655627078149 66514.2880998297 40.5170964957734
181730 155.514775837688 -13288.3497005559 -13132.8349247182 6925.0537695852 6891.95023022956 6989.03266063507 6894.17841789097 -114.575122473826 66601.8941348879 40.5348770611638
181740 154.944698546504 -13287.6432414111 -13132.6985428646 8146.0056563234 8033.01185396888 8256.41095043602 8148.59416456532 -220.43261914706 66507.6858906485 40.515755875558
181750 154.460635933602 -13287.9812911158 -13133.5206551822 6762.87797821912 6667.24166987395 6848.35172071673 6773.04054406669 -259.939666695751 66616.082606026 40.5377552931068
181760 155.209803608817 -13288.455202884 -13133.2453992752 8322.84238707049 8303.66703584656 8357.14527491121 8307.71485045371 -262.07056162665 66488.7439610555 40.5119091047936
181770 155.370196440787 -13289.5603260669 -13134.1901296261 6588.98563456405 6655.58681021966 6555.49360365798 6555.87648981449 -239.134721887778 66618.8647163207 40.5383196159746
181780 154.134739748601 -13287.9652236339 -13133.8304838853 8546.84726426061 8667.6615866412 8425.84406006013 8547.03614608049 -200.774731392765 66467.3531718374 40.5075641354759
181790 151.379999909766 -13286.3901632278 -13135.0101633181 6334.47924403749 6432.43895245021 6144.6014485947 6426.39733106757 -150.831111017155 66648.1481730036 40.544258515499
181800 150.249583173355 -13284.6512296221 -13134.4016464487 8772.56808813632 8775.19868531961 8577.49251403805 8965.0130650513 -131.126541467624 66460.6542739355 40.506203241041
181810 150.653811686529 -13286.2069663867 -13135.5531547002 6103.40290803815 6015.18723917162 5963.08891922494 6331.93256571789 -131.193539893166 66667.2582380212 40.5481332386837
181820 153.7517177384 -13288.3146942014 -13134.562976463 8992.94843074843 8853.68659514592 8891.97585030887 9233.18284679048 -119.165724962442 66431.7884192567 40.5003380389926
181830 156.852653592734 -13292.578754545 -13135.7261009523 5944.83619900953 5813.56519661237 5854.36011170216 6166.58328871404 -58.9055176228535 66659.9328527334 40.5466480439699
181840 158.733090349651 -13293.4039088674 -13134.6708185177 9140.60403631212 9040.87898767716 9054.63669764142 9326.29642361778 -9.13318398959902 66404.8582684176 40.4948646170474
181850 157.259921257885 -13293.37811985 -13136.1181985922 5854.06177259259 5772.97800520836 5794.75661918117 5994.45069338825 -9.63104701053213 66666.9081297896 40.5480622580132
181860 155.155546997748 -13290.374811642 -13135.2192646442 9152.06911817314 9058.53169956824 9132.40691790424 9265.26873704694 -80.6502916469752 66413.6465618473 40.4966509575025
181870 152.69793130314 -13289.4487478553 -13136.7508165522 5867.63093652794 5755.73372989146 5903.48329323186 5943.6757864605 -155.913740598514 66674.4424494367 40.5495897052515
181880 152.15480499941 -13288.0172833562 -13135.8624783568 9086.38577896487 8994.31222648017 9129.2396271373 9135.60548327715 -211.078861280976 66421.1420820478 40.4981743996579
181890 151.682443817177 -13288.942143911 -13137.2597000938 5984.09718574941 5941.36797003708 5978.29127362945 6032.6323135817 -215.252459133904 66662.0984534189 40.5470871228097
181900 152.077043924391 -13288.4704003634 -13136.393356439 8941.86225944437 8968.37979942201 8841.86465271587 9015.34232619522 -166.171230997281 66427.4715789158 40.4994607617917
181910 152.184894472854 -13289.7881311051 -13137.6032366322 6149.17482225958 6249.30567463798 5973.19892121221 6225.01987092855 -74.5012876669981 66642.9271287204 40.5431997769206
181920 153.157161845286 -13289.9560604917 -13136.7988986464 8762.9350044052 8894.0992876606 8576.41905813414 8818.28666742085 33.7736846659213 66434.5762492783 40.500904567365
181930 153.463922399936 -13291.306580293 -13137.842657893 6347.24087809255 6413.0434576906 6230.36479809998 6398.31437848706 97.2222627790579 66623.7709715184 40.5393147618181
181940 153.572237375615 -13290.7680178957 -13137.1957805201 8562.74165435924 8519.70004335665 8529.43280859281 8639.09211112826 33.3715269066132 66452.8659707446 40.5046209167854
181950 152.575967651088 -13290.6770936517 -13138.1011260007 6533.65910941324 6403.1795560654 6549.86299248915 6647.93477968516 -107.221305678696 66615.6412367453 40.5376657643788
181960 152.131790723591 -13289.6872141555 -13137.5554234319 8361.49527279517 8227.76416144619 8382.45353491022 8474.26812202911 -215.959119914541 66472.8727758997 40.5086853853133
181970 151.419769186423 -13289.6590809914 -13138.239311805 6746.13184130165 6692.94101531408 6722.88891248811 6822.56559610277 -208.368938877443 66601.5475926836 40.5348067575075
181980 150.99736772807 -13288.749906419 -13137.7525386909 8145.78736779111 8186.93525855474 8054.39256740817 8196.03427741041 -168.836387223933 66493.108424743 40.5127955149187
181990 150.882156012486 -13289.0105106676 -13138.1283546551 6949.5683536948 7069.15364968633 6780.11163347321 6999.43977792487 -138.923281814629 66587.003979743 40.5318560480147
182000 152.02664053447 -13289.6191310811 -13137.5924905466 7950.7889548058 8115.41490991762 7708.823689581 8028.12826491878 -122.00431685856 66507.6331634421 40.5157451686091
182010 153.232196083038 -13290.8526311185 -13137.6204350355 7132.40611322206 7304.13596313213 6854.30483634017 7238.77754019389 -116.70296956136 66569.0260019241 40.5282079567723
182020 153.505660852479 -13290.5323932175 -13137.026732365 7792.87669881806 7924.95785377222 7547.21664896956 7906.4555937124 -102.953722754172 66516.0018749306 40.517444474114
182030 152.581030886784 -13289.3867608198 -13136.805729933 7293.07574737664 7367.68138077363 7126.87010134103 7384.67576001527 -55.650941579468 66559.6052551823 40.5262960365782
182040 152.714973399488 -13288.9053578283 -13136.1903844288 7612.08953880414 7615.29351409345 7502.55740603431 7718.41769628466 2.50564754275087 66536.6851147343 40.5216436900885
182050 154.610889430031 -13290.2658824372 -13135.6549930072 7454.17615101458 7428.45123943228 7330.52099515366 7603.55621845782 16.9613557680829 66546.4715827117 40.5236302850352
182060 156.231890609892 -13291.2659788589 -13135.034088249 7489.2993379793 7496.30255355552 7310.61617683539 7660.97928354699 -28.67834745715 66544.0205182015 40.5231327517618
182070 155.892433443109 -13290.3342720799 -13134.4418386367 7578.32777645529 7611.65847448269 7379.71256000145 7743.61229488172 -80.5453622423344 66542.1732325931 40.5227577694465
182080 154.483295095541 -13288.4930469218 -13134.0097518262 7354.15612534556 7383.96689958748 7172.4356740483 7506.06580240091 -108.28981178996 66564.5299171647 40.5272955085884
182090 153.966497210451 -13287.3463706082 -13133.3798733977 7685.32188768058 7659.39223490404 7535.81759118378 7860.75583695392 -110.849945605454 66538.699042648 40.5220525214264
182100 154.59497312176 -13287.6235276819 -13133.0285545602 7256.41530954745 7150.77150641319 7121.46509528622 7497.00932694293 -97.0460581661112 66568.3651262511 40.5280738393659
182110 155.598034180543 -13287.9577502839 -13132.3597161034 7798.63900225744 7630.89688546491 7646.4540780028 8118.5660433046 -76.4616486858404 66523.1092194789 40.5188875413151
182120 156.176652053552 -13288.3704161978 -13132.1937641443 7171.91544172882 6979.1467895007 6994.25310657409 7542.34642911167 -81.5698628349146 66575.0026277846 40.5294208065599
182130 156.628087620026 -13288.2344465036 -13131.6063588835 7859.43861716874 7729.17894162134 7662.63266362819 8186.5042462567 -168.681157284315 66524.983411403 40.5192680579983
182140 156.859162224742 -13288.4619159361 -13131.6027537114 7099.5062979527 7091.53512251647 6920.99682745892 7285.98694388272 -283.919204075191 66586.6905184108 40.5317924460665
182150 157.11784770388 -13288.1801077621 -13131.0622600582 7920.63853835106 8034.71593923057 7774.4924052245 7952.7072705981 -312.699346057715 66521.3687533663 40.5185341685471
182160 156.51666699422 -13287.7160560508 -13131.1993890565 7061.54674124035 7255.02537329989 6936.90052641718 6992.71432400397 -210.49516546162 66589.289529344 40.53231978469
182170 155.326174418822 -13286.0682790822 -13130.7421046634 7966.44642155768 8184.43548995116 7858.26860632178 7856.6351684001 -97.0935171622691 66522.36422696 40.5187362836988
182180 154.13326974371 -13285.1138692015 -13130.9805994578 7004.04967072142 7178.89668060183 6931.90191376784 6901.35041779458 -74.5541631054235 66601.2259176859 40.5347414984891
182190 154.368834723782 -13284.835620669 -13130.4667859452 7998.02679733444 8107.0052666977 7951.48149358834 7935.59363171729 -104.042474891972 66521.5089120843 40.5185626256776
182200 155.122254097589 -13285.791129079 -13130.6688749814 6993.19735833052 7020.12561928466 6958.8443699028 7000.62208580411 -129.420855438394 66597.0836495115 40.5339011273175
182210 156.009836750863 -13286.1473451516 -13130.1375084007 8020.89317318575 7989.06273313739 7988.89339268689 8084.72339373297 -132.832808793119 66515.3103508901 40.5173040623673
182220 156.461743662321 -13286.8542302709 -13130.3924866086 6971.59847139835 6900.12855929273 6978.79025719823 7035.87659770409 -88.2993358549445 66597.6433043897 40.5340146704875
182230 156.976008863518 -13286.8741619842 -13129.8981531207 8034.35785183476 7943.70228129332 8109.01723932872 8050.35403488226 -11.1101531636645 66513.8914210167 40.5170159501436
182240 157.162250498662 -13287.3890463441 -13130.2267958454 6963.53950921636 6852.47863801613 7116.27144421231 6921.86844542063 86.534325598536 66598.0548883568 40.5340981725223
182250 157.508263926397 -13287.3236065353 -13129.8153426089 8038.25395165367 7912.11694798206 8208.03322106313 7994.61168591582 135.058651884666 66515.2058920023 40.5172828522393
182260 157.852078881936 -13288.0925435105 -13130.2404646286 6956.44353180752 6836.86249906616 7072.19712676361 6960.27096959278 94.699999672383 66600.4205350999 40.5345781075701
182270 158.41782994982 -13288.3336127522 -13129.9157828023 8037.03698660752 7908.97728649689 8112.90249784918 8089.23117547649 28.848547879658 66512.4464511441 40.5167225463142
182280 157.328629783998 -13287.797269387 -13130.468639603 6993.80478346437 6825.29724573468 7080.91539595899 7075.20170869944 -0.547722570089259 66597.0577070411 40.5338958640757
182290 154.816208958729 -13285.1599160178 -13130.343707059 8003.98082226768 7794.32751796607 8087.09932204729 8130.51562678967 7.38390094776804 66526.3466875089 40.5195448390903
182300 152.513991787856 -13283.4703346976 -13130.9563429097 6990.24756538444 6813.31037043984 7043.22327544994 7114.20905026355 31.7875904026524 66612.3393041783 40.5369959774844
182310 153.18616123427 -13283.945337213 -13130.7591759787 7966.3867817839 7859.32953843018 7986.28949369207 8053.54131322946 40.3444234866412 66532.1851594645 40.5207301604837
182320 156.069557088007 -13287.2773246073 -13131.2077675193 7043.26343169492 6963.42895989195 7077.26891549766 7089.09241969517 16.3704343642928 66593.6625838556 40.5332070453149
182330 158.410847960998 -13289.4425876017 -13131.0317396407 7956.48759238397 7843.307010337 8036.32991416997 7989.82585264494 -12.766847975694 66514.2455914171 40.5170878644559
182340 157.891905038063 -13289.530247413 -13131.6383423749 7085.6623401523 6916.73675254068 7208.11534052878 7132.13492738743 -46.4915189182623 66584.3159594817 40.5313106366988
182350 156.025021803848 -13287.7543285181 -13131.7293067142 7885.68782414053 7680.45794875933 8008.58637377297 7968.01914988931 -25.3599798367792 66526.7010784131 40.519616789194
182360 154.632272971162 -13287.0572260661 -13132.4249530949 7121.88074732457 6931.69304636971 7228.87075996747 7205.07843563652 77.994086150622 66587.2607534658 40.5319081477817
182370 154.521915720996 -13287.1058824374 -13132.5839667164 7851.52281240331 7707.38767914171 7942.78907809556 7904.39167997265 177.430236252268 66527.0690253916 40.5196914912452
182380 153.927776587523 -13287.2123009368 -13133.2845243493 7181.84026632357 7101.73382707008 7205.14675159772 7238.64022030292 167.324719621161 66578.6452486642 40.5301599759987
182390 153.094377245853 -13286.6255462478 -13133.531169002 7795.41830520082 7754.05788611578 7715.7222611003 7916.47476838637 82.4511828717054 66533.1113444287 40.5209181873601
182400 153.047258880599 -13287.2317344474 -13134.1844755668 7218.56575098695 7192.9931408418 7048.02047756758 7414.68363455147 19.7306631087095 66578.4663567732 40.530123675453
182410 154.324093589999 -13288.7145319469 -13134.3904383569 7751.66581552171 7729.73985951165 7548.66418560638 7976.59340144709 -0.190641305328914 66532.9419317784 40.5208837946503
182420 155.900858536704 -13290.8680995885 -13134.9672410518 7276.69425080855 7258.58633914064 7086.8872674091 7484.60914587591 -7.32136948330382 66566.7372410265 40.527743474283
182430 156.678247087954 -13291.9231438291 -13135.2448967411 7696.66810473119 7652.33624570442 7565.74502417841 7871.92304431074 25.932105568281 66531.909551937 40.5206742084476
182440 156.0544104043 -13291.8934854152 -13135.8390750109 7323.242558586 7216.88055769543 7291.46804186722 7461.37907619534 72.3411954183929 66558.6476275076 40.5261016780098
182450 154.652291689182 -13290.8325569258 -13136.1802652367 7659.16552879753 7520.93780560318 7690.96201825518 7765.59676253423 67.2039491133433 66530.2248282611 40.5203321835161
182460 152.758176073499 -13289.490333347 -13136.7321572735 7367.65945123603 7251.13614739393 7414.08308532698 7437.75912098718 20.7862739311199 66554.0503754603 40.5251686011911
182470 151.257666391545 -13288.2740011535 -13137.0163347619 7602.62920180385 7531.46543405237 7644.82190096915 7631.60027039004 -33.6378827469309 66536.573499013 40.5216210316357
182480 150.743498299269 -13288.0947740228 -13137.3512757235 7418.56671839647 7370.9396570256 7455.54462189114 7429.21587627267 -68.9724201015128 66551.2165954964 40.5245934243731
182490 151.140560191466 -13288.6048065124 -13137.4642463209 7554.47303762043 7487.82988761831 7573.23908453765 7602.35014070532 -67.5306559723816 66540.0440992043 40.5223255659651
182500 151.505449502093 -13289.0701102707 -13137.5646607686 7466.30087348919 7378.14498893121 7443.48079754698 7577.27683398938 -35.6572814213715 66544.9552014203 40.52332248138
182510 151.531734645205 -13289.0793772933 -13137.5476426481 7517.68079915229 7415.19600420483 7477.83398385864 7660.01240939341 -34.3822003892117 66540.7981847054 40.5224786426232
182520 151.777720147908 -13289.2728192197 -13137.4950990718 7507.90872725515 7439.56025868593 7450.20726460411 7633.95865847543 -87.5957116698394 66543.1438070616 40.5229547881739
182530 152.733813453472 -13290.1326483704 -13137.3988349169 7457.38049336364 7447.33555469661 7402.95120578517 7521.85471960914 -157.55850333583 66547.4784666488 40.5238346654511
182540 153.886972325552 -13291.0909979741 -13137.2040256486 7572.24986476534 7605.75795981091 7548.54467678261 7562.4469577025 -193.886417107085 66537.4164437478 40.5217921522743
182550 154.164257723586 -13291.2806394116 -13137.116381688 7400.40249720358 7427.27832878733 7413.69624901492 7360.2329138085 -206.608965931635 66552.0715289628 40.5247669532959
182560 153.704644088039 -13290.581312845 -13136.8766687569 7626.2059267552 7577.65668363848 7676.5284573971 7624.43263923002 -205.574618130483 66534.3138599389 40.5211623101137
182570 153.409291362832 -13290.2256405892 -13136.8163492264 7330.50645531422 7172.52744918292 7425.19719807218 7393.79471868758 -155.667576687633 66555.9941347661 40.5255631196629
182580 153.91292959856 -13290.4107562841 -13136.4978266855 7712.37376473863 7500.99745229495 7826.25888758798 7809.86495433296 -70.3020828797969 66523.9415463859 40.5190565293058
182590 154.531237362836 -13291.0264677841 -13136.4952304213 7236.92224633295 7069.22628106221 7312.89664580566 7328.64381213097 -25.3096612888584 66559.1678632564 40.5262072644496
182600 154.721348297572 -13290.8422008096 -13136.120852512 7826.12796786056 7730.36839670256 7832.12460473079 7915.89090214832 -15.5501195547121 66512.088019338 40.5166497654093
182610 153.868875819831 -13290.1284633834 -13136.2595875635 7120.02197467811 7087.94876252594 7041.12440704862 7230.99275445978 -10.7343235197527 66571.4244406437 40.5286946859197
182620 152.449722759944 -13288.2981610004 -13135.8484382404 7958.84321292085 7965.96854160649 7813.54332029142 8097.01777686466 4.93741844923432 66514.3583338547 40.5171107567583
182630 151.224848668437 -13287.3178607698 -13136.0930121013 6935.68550694138 6964.98127389444 6807.74869701783 7034.32654991187 10.3213645866185 66602.2352233301 40.5349462581671
182640 151.568236554112 -13287.0086029407 -13135.4403663866 8139.67367545971 8147.98369326492 8108.44553543697 8162.59179767725 16.9868433047593 66507.6804096378 40.5157547625673
182650 152.672568385328 -13288.3576041616 -13135.6850357763 6761.61481224328 6678.55144453025 6861.33011866461 6744.96287353499 33.6361663985095 66612.3277893175 40.5369936416915
182660 154.565747766769 -13289.4009752141 -13134.8352274474 8345.23332620882 8171.46932922628 8559.25541960593 8304.97522979426 76.4578045267026 66485.1962913898 40.5111885546234
182670 156.034705747092 -13291.281685561 -13135.2469798139 6554.36031835247 6370.3249250763 6756.72987902133 6536.02615095978 140.911259154828 66623.1708087898 40.5391930321988
182680 156.649908191381 -13290.9698470609 -13134.3199388695 8557.77235637907 8439.23810902882 8627.02115253706 8607.05780757134 204.25772321536 66465.3141478117 40.5071499133695
182690 154.885054026267 -13289.8909985154 -13135.0059444891 6359.89208705483 6371.45281493982 6240.88783930504 6467.33560691965 231.999072773945 66642.12048616 40.5430361986594
182700 153.138292794208 -13287.1657197499 -13134.0274269557 8719.55986517985 8799.72434942985 8435.33933983391 8923.61590627578 244.579494894812 66460.8460275302 40.5062421974366
182710 151.997663397506 -13286.7996643988 -13134.8020010013 6201.85365199215 6238.19903264197 5866.22513356288 6501.13678977161 202.490078152493 66658.6190358979 40.5463816609692
182720 152.828738412919 -13286.4510498984 -13133.6223114855 8864.70016072531 8821.11886748263 8602.7498306692 9170.23178402411 127.977941250016 66447.5260889616 40.5035359589092
182730 153.957698918188 -13288.3714921894 -13134.4137932712 6096.21336992634 5964.26679063719 6019.03390013842 6305.33941900342 53.9663391348334 66663.8485134542 40.5474419432019
182740 156.098974807308 -13289.2321703524 -13133.1331955451 8938.18464762593 8741.45218750991 9014.9735982991 9058.12815706879 40.1513533832494 66438.5000941659 40.5017019239406
182750 157.122628595979 -13291.1019578189 -13133.979329223 6050.47525522692 5854.61579952534 6165.8594343384 6130.95053181703 88.0849607451214 66660.9751682453 40.5468593762156
182760 157.27966909511 -13290.0427716938 -13132.7631025987 8973.73604269047 8848.55386369654 8994.87306364427 9077.78120073061 125.237249051889 66432.1089895544 40.500403184434
182770 155.340065973117 -13289.098438906 -13133.7583729328 6047.6972795678 6011.92101379315 5904.17180496508 6226.99901994518 119.735754803202 66665.6528187227 40.5478077551811
182780 153.622951825203 -13286.2600774148 -13132.6371255896 8935.00555806189 8992.46410061161 8644.40101928436 9168.1515542897 106.921039651042 66444.3453032461 40.5028896588287
182790 152.051225771839 -13285.6392936874 -13133.5880679156 6102.81827604499 6281.24555607737 5704.68008415682 6322.52918790079 95.9580028586455 66671.0578119509 40.5489035453641
182800 152.511010495979 -13284.937535802 -13132.426525306 8845.68391758686 9131.79352868392 8381.26740613675 9023.99081793991 84.6264404262593 66457.1954710113 40.5055005425483
182810 153.77457913694 -13286.9476997423 -13133.1731206053 6205.66787630667 6507.00630200997 5792.90148080285 6317.0958461072 63.4643452037545 66660.9524137149 40.5468547626975
182820 156.433130955187 -13288.4207391822 -13131.987608227 8728.26429955961 8972.66074575345 8442.71613384471 8769.41601908066 13.9899974956881 66457.141728696 40.5054896239415
182830 158.045308283345 -13290.6756710292 -13132.6303627458 6361.32055359016 6475.93130030269 6271.53360028231 6336.49676018548 -42.5318858734579 66638.2912964863 40.5422596629991
182840 158.289455006302 -13289.9642416089 -13131.6747866026 8582.85912027756 8613.54689143309 8616.75012631829 8518.28034308129 -29.6738510219316 66465.8983400908 40.5072685912854
182850 156.336849153583 -13288.7171464738 -13132.3802973202 6506.85233004053 6529.39747891699 6555.50046953856 6435.65904166605 14.6544226450825 66636.0544863497 40.5418060381623
182860 154.784297792112 -13286.4409443301 -13131.6566465379 8398.1641946526 8448.33768537243 8389.01486005363 8357.14003853172 -8.87425123931764 66494.2599877079 40.5130293876047
182870 154.127473143305 -13286.3503397872 -13132.2228666438 6674.44676818459 6750.74372315847 6601.65377811351 6670.94280328181 -93.0412075406615 66629.5739007376 40.5404917188363
182880 155.133160043849 -13286.6799518654 -13131.5467918216 8231.19561228343 8319.81356420405 8103.18424830065 8270.58902434559 -186.278175926533 66503.6170711076 40.5149296318996
182890 155.722264360634 -13287.6673044116 -13131.945040051 6863.29209594719 6940.57590096231 6684.28955719561 6965.01082968366 -231.228451551141 66607.7936985793 40.5360738791196
182900 155.174173712132 -13286.6003039394 -13131.4261302273 8059.62895676075 8121.71287546975 7828.82887003449 8228.34512477801 -243.217532425788 66515.4224920805 40.5173268323438
182910 153.830659962926 -13285.559705603 -13131.7290456401 7022.05879329515 7088.53896249504 6740.11106548157 7237.52635190884 -220.007361480548 66600.5049086575 40.534595224805
182920 153.827957636288 -13285.1070105136 -13131.2790528773 7878.0339361971 7935.83360897906 7599.50581935383 8098.76238025842 -162.408976066927 66531.3585931898 40.5205623559462
182930 155.025314483467 -13286.3626720323 -13131.3373575489 7190.96101589763 7193.75009627211 6986.87732595011 7392.25562547066 -59.3107716961714 66578.7543968616 40.5301821241988
182940 156.80162821544 -13287.7171441313 -13130.9155159159 7742.89341786095 7675.49654327816 7661.71082965531 7891.47288064937 -6.63204736152719 66530.0522614134 40.5202971494542
182950 157.855839189062 -13288.7327833517 -13130.8769441627 7339.70467397156 7213.00203260618 7373.72143720803 7432.39055210045 -37.9436401857718 66562.5200324957 40.5268876036083
182960 157.8303118553 -13288.4660574367 -13130.6357455814 7603.715169378 7461.77697361278 7658.60245894258 7690.76607557864 -98.5858462145219 66546.5510506166 40.5236464157512
182970 157.092395229269 -13287.6634538132 -13130.571058584 7443.90323152285 7353.35538978719 7421.01361773978 7557.34068704157 -153.881303103236 66563.2406725418 40.5270338580506
182980 156.759609092444 -13287.193512148 -13130.4339030556 7502.92500126387 7512.61301586058 7381.91138926351 7614.25059866752 -140.065018504631 66560.7043305131 40.5265191008371
182990 157.079273616521 -13287.3842623223 -13130.3049887057 7526.58877638309 7624.91892968454 7343.09075298725 7611.75664647749 -21.5773339633025 66557.6790863862 40.5259051025697
183000 157.23146851882 -13287.4590381265 -13130.2275696076 7443.13956658068 7577.11279555028 7227.58101075855 7524.72489343321 124.239491235363 66562.1852689639 40.5268196627372
183010 156.497978127116 -13286.6045112723 -13130.1065331451 7593.44245388086 7707.24954983153 7344.02842753757 7729.04938427348 190.675121728932 66552.2776735421 40.5248087949807
183020 155.103617411115 -13285.2514089322 -13130.1477915211 7392.99644730649 7449.79391304601 7146.0165198942 7583.17890897927 116.295506630457 66573.6919334277 40.5291548306948
183030 154.531154280082 -13284.5497517976 -13130.0185975175 7612.2253644329 7590.85653675626 7434.05021334851 7811.76934319395 -24.8173195812691 66560.8075832414 40.5265400565023
183040 155.377179251927 -13285.3873303449 -13130.010151093 7354.17792566627 7248.97605051072 7299.99990539172 7513.55782109637 -121.804012320531 66577.9718544394 40.5300233312453
183050 156.716222616195 -13286.4945383005 -13129.7783156843 7648.9298594503 7482.41030681978 7736.79746178855 7727.58180974255 -124.257409801394 66548.8579600965 40.5241146759509
183060 157.309814939517 -13287.1010818371 -13129.7912668976 7351.97850749385 7192.3138184985 7502.29927946513 7361.32242451791 -47.339326628076 66568.3250332449 40.5280657029052
183070 157.202375407357 -13286.8379768749 -13129.6356014675 7659.03263132324 7531.50084016884 7765.25458233089 7680.34247146999 41.1426133133022 66543.9399695702 40.5231164012609
183080 157.025045496952 -13286.7914400987 -13129.7663946017 7339.54975266413 7237.61206088381 7349.39145831751 7431.64573879108 64.6507363115737 66571.8635218517 40.5287837899622
183090 157.099293504014 -13286.796733196 -13129.697439692 7656.74745100188 7599.19461517194 7566.63668929161 7804.41104854208 1.5922466850841 66548.1614819468 40.5239733048353
183100 157.104904328019 -13287.0045835285 -13129.8996792005 7340.72729365902 7347.77949020456 7195.65798223378 7478.74440853873 -71.9409413275181 66572.4754273422 40.5289079650918
183110 157.213890385779 -13287.1405096954 -13129.9266193097 7664.28955340888 7709.30862046797 7497.54437740242 7786.01566235626 -89.5536260820906 66548.5360283227 40.524049330371
183120 157.385126507527 -13287.6341356515 -13130.249009144 7330.56069786187 7350.83887225548 7213.00353537602 7427.83968595412 -58.5400214991795 66575.6943694114 40.5295611785177
183130 157.54371107169 -13287.9273322995 -13130.3836212278 7668.76466530091 7630.80804693565 7649.60479501062 7725.88115395644 -24.9229876039285 66549.2875480469 40.5242018732094
183140 156.702892624538 -13287.5351849732 -13130.8322923486 7333.18364362235 7273.90848104801 7412.33149738664 7313.3109524324 -8.37388793216175 66576.3290457041 40.5296899696135
183150 154.942060572879 -13286.028030332 -13131.0859697591 7670.79129992114 7638.03614481858 7801.90999230836 7572.42776263647 -7.39348034018256 66552.4796663848 40.5248497938933
183160 153.310981314232 -13284.9039630157 -13131.5929817015 7305.40033256493 7325.12583525511 7410.09588714342 7180.97927529625 10.669001587847 66581.4970414319 40.5307386498684
183170 153.082958872969 -13284.8496069666 -13131.7666480936 7686.05344916029 7733.83590487119 7736.51431966135 7587.81012294832 33.091269213471 66544.8202462468 40.5232950871886
183180 154.07120253491 -13286.2504565394 -13132.1792540045 7311.17768093222 7362.60238533754 7298.42747079787 7272.50318666123 32.9027122768612 66565.9547249672 40.5275846675691
183190 155.681644679735 -13287.9865360759 -13132.3048913961 7693.79846893153 7729.43875904836 7619.17487295809 7732.78177478815 14.5353578256158 66528.4964282649 40.5199812856164
183200 156.757855002843 -13289.4971394523 -13132.7392844494 7313.04583347748 7303.20462197355 7178.5354533676 7457.3974250913 -30.3724653426627 66553.5156637929 40.5250600711648
183210 156.502406693658 -13289.4521067453 -13132.9497000516 7706.96592044764 7659.75176401477 7511.65674953926 7949.48924778889 -108.589647865416 66523.5120668351 40.5189693319087
183220 154.826316627402 -13288.3315221043 -13133.5052054769 7296.25827682969 7257.67777673907 7067.27417773037 7563.82287601962 -154.512181436793 66562.4661934116 40.526876676883
183230 153.436997655111 -13287.1850529243 -13133.7480552692 7692.96844799164 7690.78048960593 7466.23304015062 7921.89181421836 -151.272179206698 66536.9886000366 40.5217052987312
183240 153.461423725429 -13287.6863343792 -13134.2249106538 7293.65555802374 7308.47937177099 7110.63991959669 7461.84738270354 -93.429377872657 66568.9489316616 40.5281923162608
183250 154.474819691158 -13288.8278920413 -13134.3530723501 7700.14950129902 7738.56315424323 7554.81862518211 7807.06672447172 -32.8907440360223 66533.5254352774 40.5210022523029
183260 154.873337202536 -13289.6352138352 -13134.7618766327 7304.64576812014 7348.61671722818 7209.01297266611 7356.30761446615 -40.3342748096796 66561.5847989131 40.5266977956714
183270 154.208244123337 -13289.0918956915 -13134.8836515682 7708.61898976852 7725.75886804024 7664.58913376331 7735.50896750201 -75.3570155425272 66530.6216946666 40.520412754047
183280 152.908101527835 -13288.2055119827 -13135.2974104548 7283.38541480146 7271.40240493046 7265.04044943971 7313.7133900342 -67.1754109230438 66567.1494843687 40.5278271359766
183290 152.294375636073 -13287.6338914217 -13135.3395157856 7706.19137752552 7672.72521623846 7645.21049615947 7800.63842017862 -12.5202233338432 66533.8050389089 40.5210590146816
183300 152.576125226051 -13288.1985830342 -13135.6224578082 7291.20048939578 7286.30375263551 7138.70140824245 7448.59630730938 24.7111629381535 66563.3157718754 40.5270490994565
183310 153.472619549698 -13289.0230741349 -13135.5504545852 7709.39295186414 7801.35711984938 7454.66691827463 7872.15481746842 12.8227936815511 66527.2966105527 40.519737696347
183320 154.588929914483 -13290.3450753632 -13135.7561454487 7290.28573583422 7494.4011633155 6978.80384092381 7397.65220326335 -7.68405920904321 66556.817641134 40.5257302617417
183330 155.25901925335 -13290.9111185382 -13135.6520992848 7717.08178255775 7982.20499790261 7417.98071398416 7751.05963578646 -30.6188476829609 66521.9509237897 40.5186523692788
183340 154.066972411785 -13289.9538328378 -13135.886860426 7299.62759330902 7553.71376169135 7061.95486093559 7283.21415730011 -58.9917200798644 66559.4256551998 40.5262595853974
183350 152.128020574875 -13287.948568715 -13135.8205481402 7685.72464757315 7845.86239408794 7555.03380132309 7656.27774730842 -73.9600287613343 66536.8125899661 40.5216695680565
183360 151.946156771264 -13287.8947251086 -13135.9485683374 7292.97167613294 7332.01762397467 7297.63433974175 7249.26306468242 -72.9299224960155 66567.1864315543 40.5278346341139
183370 154.411310061456 -13290.1013597883 -13135.6900497268 7688.74002896768 7653.89909213567 7790.475804869 7621.84518989837 -44.6243020715807 66527.5969525717 40.5197986726286
183380 156.885744686266 -13292.5721731131 -13135.6864284269 7332.63253248165 7303.96743440678 7459.97671962845 7233.95344340971 0.39919404835287 66546.6280300814 40.5236620413414
183390 157.138928254871 -13292.6146376716 -13135.4757094167 7678.07121872077 7709.76103670269 7761.17727349478 7563.27534596484 13.1329748449002 66516.9243465561 40.5176317775148
183400 154.95720791329 -13290.5480571175 -13135.5908492042 7355.64631475065 7449.049873752 7362.61737523779 7255.27169526216 -19.1113046700346 66550.399671231 40.5244276089262
183410 152.480468889053 -13287.9813695786 -13135.5009006896 7608.23744196837 7713.67127208567 7551.98715121467 7559.05390260475 -48.9666322686949 66540.8702397288 40.5224932694746
183420 151.816891873492 -13287.3085473377 -13135.4916554642 7392.55474970141 7497.03047602606 7270.0751748611 7410.55859821707 -84.0510720122275 66560.802743316 40.5265390742153
183430 152.749304210048 -13287.9770148253 -13135.2277106153 7573.5623876773 7690.28041680872 7387.76012122213 7642.64662500103 -98.7694847943049 66543.7885601301 40.5230856667466
183440 153.495249070517 -13288.48748655 -13134.9922374795 7467.55430329594 7601.06553736711 7289.85421068776 7511.74316183295 -90.7891108852724 66550.767001945 40.5245021681555
183450 154.042789242688 -13288.6762047162 -13134.6334154735 7490.20610022285 7662.71329764927 7344.05488215907 7463.8501208602 -80.55966772189 66549.0765010254 40.5241590351793
183460 154.947305568678 -13289.1275727416 -13134.1802671729 7553.68325110495 7713.31878732152 7424.00472158063 7523.7262444127 -37.3738012103703 66544.4043166206 40.5232106585082
183470 155.687900485461 -13289.4327075451 -13133.7448070597 7401.52684235553 7531.84882849785 7247.06366245826 7425.66803611047 15.2014355049077 66558.2110552714 40.5260130713942
183480 155.549670634632 -13288.6655909595 -13133.1159203248 7647.89538619533 7754.73764696889 7442.08100216621 7746.86750945089 28.2707128819029 66541.5944794538 40.5226402863521
183490 154.794335822005 -13287.4608290628 -13132.6664932408 7288.9331365919 7400.54758410229 7007.71141824646 7458.54040742694 -14.6056564653978 66571.0974105615 40.5286283204875
183500 154.885381758562 -13286.757274953 -13131.8718931944 7763.45027757323 7927.29032204798 7410.73747072184 7952.32303994986 -93.094947529304 66533.2229308357 40.5209408406478
183510 155.722108231461 -13287.1787683984 -13131.456660167 7174.01185888819 7408.8970161558 6823.19182454334 7289.94673596544 -99.0889795005277 66578.6912711907 40.5301693148286
183520 156.571679710171 -13287.1599855435 -13130.5883058333 7889.75186946747 8152.4947437246 7627.78791122753 7888.97295345029 -52.9843790056845 66521.5171302824 40.5185642942585
183530 156.621632240934 -13286.9926818361 -13130.3710495952 7058.68208193091 7290.41556778151 6933.22952268335 6952.40115532788 -0.62910893480377 66590.0716160446 40.5324784671867
183540 156.098352012611 -13285.6889527085 -13129.5906006958 8013.25484545473 8205.32736681781 7964.16953017287 7870.26763937351 16.731904582685 66522.9804631594 40.5188613996917
183550 155.2261787033 -13284.8637038068 -13129.6375251035 6908.6863722366 7045.40498346529 6851.91820287778 6828.73593036674 -25.2498830235136 66617.6123379855 40.5380655856705
183560 155.635412769017 -13284.4845819998 -13128.8491692308 8145.0836053796 8225.53894592804 8009.30267647223 8200.40919373852 -96.6055058782497 66523.726187597 40.5190128049756
183570 156.747073273647 -13285.7894767715 -13129.0424034978 6770.1363176305 6799.06855526363 6552.1106318752 6959.22976575268 -131.608483669244 66628.8353817116 40.5403419353227
183580 158.234903999447 -13286.4523891734 -13128.217485174 8292.72323713254 8293.44270610253 8052.32366366611 8532.40334162897 -76.4589938357493 66502.1731285064 40.5146364064639
183590 159.078520499246 -13287.7185600923 -13128.6400395931 6656.48499872466 6643.62927969679 6482.45822712232 6843.36748935486 14.7324254603461 66624.7559646578 40.5395145441157
183600 159.684776910771 -13287.6122096161 -13127.9274327053 8416.60123043925 8397.61413237364 8329.37107465783 8522.81848428627 85.9790516946014 66484.4734868463 40.5110417461161
183610 158.696223870841 -13287.3690576288 -13128.672833758 6542.78466784609 6496.24666325791 6535.4293080027 6596.67803227765 126.111784777206 66636.058117099 40.541806774486
183620 157.417139943394 -13285.5001797127 -13128.0830397693 8511.19102654383 8467.89397539549 8519.98190182656 8545.69720240943 134.930061061887 66488.596069052 40.5118790676701
183630 156.161190458914 -13285.1688831514 -13129.0076926925 6424.64453916902 6435.38074376213 6411.72249016805 6426.83038357687 116.323293181277 66656.4179026542 40.5459353622397
183640 156.36978049466 -13284.720278164 -13128.3504976694 8614.00416751883 8695.91593439542 8559.24320487053 8586.85336329056 26.0383291791965 66483.0483740119 40.5107522889692
183650 155.909711184475 -13285.2505105694 -13129.340799385 6363.00017942706 6494.93153554136 6271.24347882237 6322.82552391745 -111.411559262489 66658.6925277781 40.5463965619116
183660 155.042667732567 -13283.7194784623 -13128.6768107297 8673.2294924905 8848.55607298125 8540.48601089385 8630.64639359642 -192.732093765931 66479.9547262746 40.510123918559
183670 154.065898400276 -13283.782054212 -13129.7161558117 6298.39935001264 6487.99280642013 6126.12069779492 6281.08454582285 -158.843797900934 66667.3691722038 40.5481557293417
183680 155.159127444011 -13284.11837883 -13128.959251386 8714.57602583327 8872.31040147084 8551.44259896379 8719.97507706518 -62.7093315395835 66475.5684909043 40.5092329690636
183690 156.657688088696 -13286.6296696979 -13129.9719816092 6272.28028189067 6349.73069217634 6176.0909202458 6291.01923324987 5.89533161797242 66662.114901968 40.5470904577417
183700 158.376407116884 -13287.5771439908 -13129.2007368739 8731.69774260494 8730.93449081963 8690.85931789258 8773.29941910262 -33.0330151917111 66461.2708802737 40.5063285096664
183710 158.506195831096 -13288.8124626093 -13130.3062667782 6294.27935924925 6271.79101777515 6266.01462204728 6345.03243792533 -157.563451820479 66648.5911360931 40.5443483383009
183720 158.510740789404 -13288.2249713803 -13129.7142305909 8696.55361107185 8690.51591367156 8650.7539780052 8748.3909415388 -247.491519457521 66459.4167555429 40.5059518267107
183730 157.27063952514 -13288.2072932081 -13130.936653683 6336.53378720959 6346.20803843233 6262.00837299257 6401.38495020388 -220.017827381075 66645.5488796361 40.543731430125
183740 155.623724687726 -13286.1138361858 -13130.4901114981 8645.31424055537 8699.81581339206 8485.64784227302 8750.47906600101 -124.869016540228 66468.931150554 40.5078846916848
183750 153.567601976749 -13285.2757030058 -13131.708101029 6387.97977463212 6501.4496822216 6147.99117996611 6514.49846170865 -33.8731133069316 66650.9047196356 40.5448174737574
183760 153.560083506947 -13284.7921999261 -13131.2321164191 8554.37540656865 8699.9555307048 8282.34884368746 8680.82184531368 -19.2827270712577 66480.5956700822 40.5102541063213
183770 154.710773292483 -13286.9556011482 -13132.2448278558 6491.77730019429 6607.10562686801 6263.40028747358 6604.82598624128 -61.5430738108094 66637.7700960282 40.5421539645136
183780 156.824053838687 -13288.5664582989 -13131.7424044602 8446.97787184839 8493.63384497044 8300.02206514968 8547.27770542504 -114.718922611151 66476.3022012469 40.5093820059429
183790 157.665437212245 -13290.324932929 -13132.6594957167 6640.38217710934 6609.64184504868 6565.90987860763 6745.5948076717 -120.587980494013 66614.111968313 40.5373555597191
183800 157.079371121113 -13289.4384754496 -13132.3591043284 8300.2768220154 8226.57544953635 8248.63378387136 8425.62123263848 -26.6748083353637 66486.2383467317 40.5114002041446
183810 154.817377012447 -13288.059824758 -13133.2424477455 6777.7735024215 6695.03242404086 6752.18484391797 6886.10323930568 146.119429549545 66610.8834026258 40.5367006452883
183820 153.524373416087 -13286.540385166 -13133.0160117499 8117.84909148803 8094.51776788315 8090.99450934551 8168.03499723541 244.944397275218 66505.9058384082 40.5153944095385
183830 153.9131412514 -13287.5449142009 -13133.6317729495 6966.8015556547 7085.9584981316 6893.26366082975 6921.18250800275 176.822995883152 66592.4441304951 40.5329598339856
183840 155.399665712315 -13288.8200644101 -13133.4203986978 7946.32122242422 8217.34865458842 7782.2367943155 7839.37821836875 28.0156682865355 66511.9137889752 40.5166143871948
183850 155.624758019188 -13289.4891189396 -13133.8643609204 7153.26822923014 7503.93053953249 6929.30606596836 7026.56808218955 -73.6194358778384 66574.8222929234 40.5293842118733
183860 154.346721405807 -13288.1524535933 -13133.8057321875 7782.71272874413 8111.03136335232 7558.1691399703 7678.93768290978 -101.102809194803 66532.7757624553 40.5208500603164
183870 152.999926502486 -13287.1216792044 -13134.1217527019 7275.10931453329 7472.43773687326 7094.00725242763 7258.88295429898 -48.0701690885334 66578.9652490482 40.5302249099623
183880 153.858825910504 -13287.8913210508 -13134.0324951403 7633.07336807821 7693.84690382253 7507.67912968611 7697.69407072598 -8.91841877524059 66548.3195093764 40.5240053813251
183890 156.028850553853 -13290.1307873644 -13134.1019368105 7415.98511501512 7440.53493423635 7315.74706800577 7491.67334280325 -42.5431648000954 66556.5439812917 40.5256747188209
183900 157.129977746302 -13291.1991958692 -13134.0692181229 7548.32656675439 7609.89479698118 7442.27076874664 7592.81413453536 -170.957325639739 66540.9823613643 40.5225160296501
183910 155.609718392083 -13289.772396291 -13134.162677899 7509.62014966267 7587.03998895279 7413.10105829467 7528.71940174056 -275.683278315401 66546.428041565 40.523621446872
183920 152.808038830687 -13287.0889990671 -13134.2809602364 7454.14037246543 7499.52646313763 7393.51841462291 7469.37623963575 -259.338879013158 66557.5645400259 40.5258818540748
183930 151.991627924533 -13286.2574505009 -13134.2658225764 7553.64560013946 7545.33326135384 7563.57572437664 7552.0278146879 -152.370636558474 66550.4296286172 40.5244336895596
183940 154.186745383808 -13288.4418541598 -13134.255108776 7406.96375611137 7368.58295739216 7460.97288475043 7391.33542619151 -66.1586064698903 66555.5137997193 40.5254656283433
183950 156.787939164721 -13290.8933450926 -13134.1054059278 7623.32840961806 7586.94637161341 7686.32529377166 7596.71356346912 -60.5801084288186 66533.1088454971 40.5209176800488
183960 156.700376074251 -13290.8828733988 -13134.1824973246 7373.40469647552 7327.48767445843 7422.53392310599 7370.19249186215 -116.545586156548 66552.7314772785 40.5249009043645
183970 153.965089595485 -13288.0883713625 -13134.123281767 7656.6297009349 7618.22959099469 7631.70797175594 7719.95154005407 -166.289041465606 66537.892730712 40.5218888395036
183980 151.465002489806 -13285.7400128952 -13134.2750104054 7315.35952925243 7283.48789549514 7192.242096742 7470.34859552015 -170.306216183072 66572.4772354096 40.5289083320052
183990 152.2780039063 -13286.3486447222 -13134.0706408159 7673.72727642319 7634.31588484794 7512.53284983838 7874.33309458325 -143.664140754846 66543.8091772307 40.5230898518027
184000 155.233656449176 -13289.2870991766 -13134.0534427274 7298.61490538688 7267.96977899143 7172.91134226042 7454.9635949088 -96.576818873039 66564.8941055956 40.52736941955
