# Fix print output for fix setl_out
210000 153.638369198608 -13288.8708536018 -13135.2324844032 9475.94961587614 9570.341454851 9411.44698381998 9446.06040895745 24.1432449633692 66392.2257693567 40.4922966132684
210010 154.315887696478 -13289.0255784177 -13134.7096907213 10515.9385374583 10534.6795813795 10486.6966788771 10526.4393521181 120.324949777222 66310.4312717963 40.4756610906344
210020 154.920139187618 -13290.0852639737 -13135.1651247861 9486.38842201771 9385.90833343077 9550.08653815936 9523.17039446302 209.413935676986 66387.8377255771 40.4914045114053
210030 155.038853779728 -13289.6672228008 -13134.6283690211 10513.9805976961 10365.7275370438 10666.6961899225 10509.5180661219 245.067676657705 66307.0763839189 40.4749784750829
210040 154.041243412516 -13289.1278190805 -13135.086575668 9495.35622790308 9403.90384391243 9670.01955470998 9412.14528508684 210.072384139571 66386.3631439313 40.4911047159105
210050 152.669155120306 -13287.2286625626 -13134.5595074423 10507.4873167975 10488.167598536 10635.351220662 10398.9431311947 161.089786098645 66311.3937254491 40.4758569158294
210060 151.444134064056 -13286.4152987759 -13134.9711647119 9494.45333208094 9508.86613910179 9551.75871867281 9422.73513846821 155.058519297321 66395.181423629 40.492897484089
210070 152.069775339776 -13286.3868328111 -13134.3170574713 10477.160586957 10480.498493629 10471.7542630131 10479.229004229 219.29302739289 66320.3364744212 40.4776763575933
210080 154.331412397848 -13288.804609939 -13134.4731975412 9522.16917955404 9498.35667106621 9467.97854140973 9600.17232618618 279.971742978481 66387.0380047877 40.4912419216443
210090 157.107285578344 -13290.7712565017 -13133.6639709233 10474.3138582848 10466.7668186556 10361.378289635 10594.7964665638 308.221088146785 66305.9510928583 40.4747495081229
210100 157.719995942471 -13291.5273553338 -13133.8073593913 9558.32164294793 9631.74412389927 9406.90336106081 9636.31744388372 281.520962943453 66376.1304401849 40.4890241944028
210110 156.127011749688 -13289.2810297587 -13133.154018009 10442.7847846113 10590.5257871759 10313.8326310825 10423.9959355755 196.447577660243 66314.5023519406 40.476489398162
210120 153.919541481879 -13287.289917028 -13133.3703755461 9567.71976494338 9716.15189685071 9545.9426470555 9441.06475092392 79.9767613945394 66393.2185557213 40.4924984441259
210130 153.961678934873 -13286.6463407757 -13132.6846618408 10377.1236887858 10451.1468946258 10503.138380013 10177.0857917187 -10.5696076340998 66334.0803065149 40.4804722821017
210140 156.11403555352 -13288.7399516641 -13132.6259161106 9638.36210834528 9600.8514597305 9876.08010039188 9438.15476491345 -46.5161202180995 66384.2656260507 40.490678264319
210150 158.241937914717 -13290.0839135582 -13131.8419756435 10347.366379341 10223.9772317146 10592.9620181656 10225.1598881426 -33.3279042753645 66323.3014467067 40.4782795581926
210160 157.695670652859 -13289.4672922043 -13131.7716215515 9707.39439259029 9590.99001234605 9844.91174781094 9686.28141761387 7.26227150906152 66374.1828938978 40.4886281935139
210170 155.360649449833 -13286.5429186095 -13131.1822691596 10230.8336783725 10195.9269259115 10238.2847144717 10258.2893947343 24.7371702178942 66339.2724023658 40.4815284159811
210180 153.70070823003 -13284.6961470941 -13130.9954388641 9832.88333553901 9878.67043870242 9743.97213814366 9876.00742977095 -28.0845015533741 66373.5789951682 40.4885053992575
210190 154.253720560147 -13284.6745287276 -13130.4208081674 10060.3295993582 10133.5767810308 9940.74692949661 10106.6650875472 -112.291044647129 66355.6507558946 40.4848596063071
210200 156.0356439855 -13285.9256527959 -13129.8900088104 10053.2253714615 10114.2542600118 9958.33831108454 10087.0835432882 -149.068655214544 66354.376461897 40.4846004475504
210210 157.857337589885 -13287.3121110987 -13129.4547735088 9813.27904781039 9855.0768314973 9801.87421717049 9782.88609476339 -126.465448393922 66372.7484124805 40.4883365108112
210220 159.049605170765 -13287.7392103396 -13128.6896051689 10337.0098791301 10371.9176533902 10395.3611976046 10243.7507863953 -116.325495816756 66334.5495826111 40.4805677406911
210230 159.198206305087 -13287.8577822298 -13128.6595759247 9503.12506734207 9526.30388146603 9571.65950722653 9411.41181333364 -108.18716787448 66403.527039277 40.4945940128302
210240 158.976874497591 -13286.7184456201 -13127.7415711225 10644.5557600725 10656.3374657449 10659.0783513907 10618.2514630818 -102.826020634972 66318.536298943 40.4773101170927
210250 158.163638502156 -13286.3013101551 -13128.1376716529 9191.46857716451 9146.26626415893 9194.71763809177 9233.42182924282 -114.862970864397 66431.5257768184 40.5002846653402
210260 157.471504133564 -13284.5051425421 -13127.0336384085 10947.8890275832 10835.3058348536 11010.9015125758 10997.4597353202 -132.280179908143 66293.8484480251 40.4722867763132
210270 156.46590455936 -13284.2797281201 -13127.8138235608 8928.02146447441 8808.30515122327 9052.52834765704 8923.23089454291 -104.247372204001 66450.8837976667 40.5042181853846
210280 156.789197150293 -13283.3445436868 -13126.5553465365 11174.3594730465 11107.3551501129 11301.300123379 11114.4231456477 -70.5878578484242 66276.521855796 40.4687605169514
210290 157.551066449018 -13285.1374400615 -13127.5863736125 8748.808806936 8733.30108304288 8805.40171432089 8707.72362344422 -41.3265840731288 66463.9941079617 40.5068817463976
210300 158.666573530537 -13284.9242027987 -13126.2576292682 11313.868780993 11304.0822780699 11256.4814865852 11381.0425783239 -31.1130173664821 66265.7158313385 40.4665609940403
210310 158.238417705665 -13285.7711355227 -13127.532717817 8656.54985352547 8667.98670520143 8468.13660072351 8833.52625465146 -50.9569001354265 66473.7596252727 40.5088655337005
210320 158.0195144647 -13284.3034526159 -13126.2839381512 11365.3722931171 11422.4054010692 11123.6523193222 11550.05915896 -109.781904941245 66266.8354122119 40.4667888913373
210330 157.328929318831 -13285.0563112597 -13127.7273819409 8625.41823957756 8665.6412827322 8469.47427724826 8741.13915875223 -152.184847746166 66480.1190130177 40.5101572883713
210340 157.334471446507 -13283.9019830289 -13126.5675115824 11367.4298722206 11357.6819550114 11334.746065432 11409.8615962183 -96.3869634702635 66265.6070820089 40.4665388573354
210350 157.182345071133 -13285.3000040308 -13128.1176589597 8646.39625786099 8668.75591283661 8675.61921805153 8594.81364269483 55.4363289138541 66472.7198901813 40.5086543290144
210360 158.073325759729 -13285.2230368561 -13127.1497110964 11334.8647460165 11428.2863602059 11398.1272941767 11178.180583667 186.822400502165 66259.5512831191 40.4653061178735
210370 158.150298130279 -13287.0552247157 -13128.9049265854 8704.27812144743 8830.61369878842 8774.70889419631 8507.51177135756 204.369651704587 66459.4293713654 40.5059543897579
210380 157.724733101327 -13286.0701526115 -13128.3454195101 11273.1228413118 11337.8083219771 11324.3946467179 11157.1655552405 124.701950994425 66259.9359905665 40.4653844324922
210390 155.580878283004 -13285.9990903283 -13130.4182120452 8779.14596199834 8716.14731203761 8812.36524364313 8808.92533031427 8.63740968823617 66455.7998616947 40.5052170003914
210400 154.153497959122 -13284.3672131857 -13130.2137152265 11177.0699100952 11031.7859779507 11236.3971816801 11263.0265706547 -55.0390746198146 66273.9084583241 40.468228592304
210410 153.781320062249 -13286.0243927816 -13132.2430727194 8865.26653670005 8730.71519144978 8975.90670445537 8889.17771419501 -53.9619768037713 66453.9328976962 40.5048376881758
210420 155.211964512942 -13287.1711709993 -13131.9592064864 11067.9252691425 11050.3350349456 11192.5754297861 10960.8653426958 10.283735053055 66279.5267794285 40.4693721146116
210430 155.926714820503 -13289.525392774 -13133.5986779535 8985.82112597918 9079.91072916225 9087.86602664885 8789.68662212645 65.4393979708683 66432.9193989598 40.5005678727386
210440 155.8783199191 -13289.0380332345 -13133.1597133154 10965.888147633 11106.1750678611 11029.0091570347 10762.4802180033 46.4896106054293 66273.4384751036 40.468132931564
210450 154.645213968489 -13289.1246800984 -13134.4794661299 9098.76230882862 9200.99139626061 9062.68542646633 9032.61010375892 -3.71728998359604 66414.1514081842 40.4967535696169
210460 154.30065079487 -13288.2574990551 -13133.9568482602 10841.2436091404 10871.3248284509 10697.9281896525 10954.4778093176 -27.5875265360176 66276.8774553223 40.4688328937445
210470 155.029640069071 -13290.003314044 -13134.9736739749 9223.71051790994 9214.45576251691 9053.82482253526 9402.85096867765 -12.3116475526632 66398.8778885142 40.493648933179
210480 156.870333828333 -13291.3259317565 -13134.4555979282 10719.7758612804 10730.752460944 10573.188336852 10855.3867860453 20.7701382459832 66281.4312959974 40.4697597348177
210490 156.871240101245 -13292.2173116377 -13135.3460715365 9357.33845228301 9395.71694593684 9265.3163097759 9410.98210113627 19.6829581792758 66389.6623548254 40.4917754685296
210500 154.531622402093 -13289.5441164253 -13135.0124940232 10588.5053025297 10640.8155190472 10578.2798945238 10546.420494018 -40.3758072345478 66301.0822327584 40.4737587940497
210510 151.28835096839 -13287.071404111 -13135.7830531426 9471.16440291757 9521.50655643736 9549.44037232773 9342.54627998761 -90.6740404144226 66395.9922428011 40.4930623167533
210520 150.416145885878 -13285.8416385288 -13135.4254926429 10435.2740646966 10453.1737348851 10607.0209472528 10245.627511952 -71.2286766748249 66322.7171238562 40.4781606836662
210530 152.145711490958 -13287.937111987 -13135.791400496 9614.17626793112 9555.99746131034 9859.16028394542 9427.37105853759 -45.9220529358849 66379.1901681424 40.4896463231457
210540 155.067476453643 -13290.4026909392 -13135.3352144855 10320.7951801825 10171.9386172881 10561.6424320299 10228.8044912296 -57.3689547154658 66313.5993938565 40.4763056840024
210550 156.442491332833 -13291.9733606913 -13135.5308693585 9764.91559451331 9575.61491594375 9888.21555379107 9830.91631380513 -76.2800748823719 66352.350717777 40.4841884562582
210560 155.706448339133 -13291.033349015 -13135.3269006759 10187.1880119916 10069.7209200589 10121.2430289969 10370.6000869191 -74.9843707990658 66323.5309691381 40.4783262520002
210570 154.361788415051 -13289.8793569885 -13135.5175685735 9872.23226872134 9910.32882823266 9650.26894410088 10056.0990338305 -56.3964585671673 66356.7564215707 40.4850844676943
210580 154.395847404887 -13289.8254284904 -13135.4295810856 10034.081309406 10198.9694672637 9796.88099423333 10106.3934667208 -26.1681148682804 66346.4260055709 40.4829834534596
210590 155.211080631568 -13290.5752327522 -13135.3641521206 10020.1572796087 10222.1002728089 9886.47869897287 9951.89286704442 -14.4504942339063 66341.3901506251 40.4819591752735
210600 154.631317224317 -13289.9803754076 -13135.3490581833 9937.44099638542 10088.9870092892 9943.87767901664 9779.45830085042 -39.8936293104386 66345.2787847089 40.4827501166462
210610 152.600601529144 -13287.8239198009 -13135.2233182717 10130.6274022325 10217.0122298699 10236.085592126 9938.78438470152 -66.1816501154331 66333.8246760719 40.4804202824141
210620 151.651476716827 -13286.9498080148 -13135.298331298 9787.23009389312 9806.40187599625 9933.16720590813 9622.12119977497 -58.4308052970199 66361.9599577236 40.486142687463
210630 153.092914605857 -13287.9660143304 -13134.8730997246 10268.2932140369 10253.0120789667 10418.6568643061 10133.2106988377 -27.018364319332 66320.5309384238 40.4777159203362
210640 154.960380313246 -13289.8768112606 -13134.9164309474 9681.11509081876 9656.12644207617 9823.61245083069 9563.60637954943 6.2307743532968 66362.4803240653 40.4862485089854
210650 155.290483650698 -13289.6486361989 -13134.3581525482 10398.001689843 10360.7106627078 10522.1667942393 10311.1276125818 17.9261104724186 66310.8940904627 40.4757552580605
210660 153.737586754242 -13288.3294576703 -13134.5918709161 9544.51993956927 9494.29040755089 9650.91741709583 9488.35199406109 11.2788908584115 66387.2291415015 40.4912807814164
210670 152.820511654978 -13286.7098221904 -13133.8893105354 10495.3068212237 10436.2639243794 10593.5535558101 10456.1029834815 -23.1937280026547 66319.5005550129 40.4775062930288
210680 153.403242519026 -13287.4678997454 -13134.0646572264 9422.71814052081 9350.00244569671 9535.29415726901 9382.85781859671 -50.4454649726402 66400.6961866225 40.4940185621823
210690 155.462011931037 -13288.5233875726 -13133.0613756416 10636.9451136012 10555.4454859645 10749.6784463582 10605.7114084808 -35.0864289308919 66299.881326564 40.47351442659
210700 157.023140489683 -13290.3068775254 -13133.2837370357 9307.44051471832 9247.80838518278 9382.98306479192 9291.53009418026 11.0915909335073 66397.0986600819 40.4932872398425
210710 157.263540489551 -13289.4781467894 -13132.2146062999 10779.1809824775 10728.59503134 10843.8712162928 10765.0766997997 49.1623370673589 66282.6974309513 40.4700174231331
210720 155.871838659248 -13288.5851445327 -13132.7133058734 9149.46675393871 9075.30022804862 9277.45760646343 9095.64242730407 47.6422602121248 66413.2560560421 40.4965715852193
210730 154.673882446793 -13286.2636306679 -13131.5897482211 10942.1324832552 10853.976926078 11169.0938292293 10803.3266944583 8.39652449879564 66281.4848647605 40.4697706373905
210740 153.999390265425 -13286.2796049516 -13132.2802146862 8953.70040862147 8895.97631909771 9233.21601950645 8731.90888726025 -69.5895755441224 66441.3458658129 40.5022801877948
210750 155.294220877034 -13286.1889653286 -13130.8947444516 11131.108416278 11093.1672267583 11404.6915544078 10895.4664676678 -125.697873889567 66271.7376201287 40.4677867344769
210760 156.643401685565 -13288.3176970019 -13131.6742953163 8762.2736467795 8679.66378597653 9010.94228745998 8596.21486690199 -101.082261673973 66449.1346690031 40.503862796529
210770 157.778358880971 -13287.871049161 -13130.0926902801 11369.1273718667 11230.961584221 11610.3979599123 11266.022571467 -63.2931688211761 66243.5350030371 40.4620454261906
210780 157.161836645289 -13288.3906016113 -13131.228764966 8546.56547481236 8424.78850299454 8744.06718839473 8470.8407330478 -44.1629525024806 66465.4300582586 40.5071734604842
210790 156.823328680693 -13286.4368377791 -13129.6135090984 11544.6580087129 11494.0471751523 11701.552012597 11438.3748383895 -51.9278901365087 66239.3591010464 40.4611951842934
210800 156.244607891111 -13287.2364544345 -13130.9918465434 8372.5911273572 8371.39179890608 8519.03058716607 8227.35099599945 -85.1055576811558 66487.3566608537 40.5116273399553
210810 156.499954610644 -13285.7359452147 -13129.235990604 11696.3007528495 11677.6650054053 11872.0219492921 11539.2153038511 -119.057586534472 66229.1307798176 40.4591124779258
210820 155.60989508571 -13286.3933648228 -13130.7834697371 8288.84322990686 8217.64288057485 8471.33998185006 8177.54682729568 -139.605381925321 66496.3786406667 40.5134596610248
210830 155.525933223901 -13284.5701897585 -13129.0442565346 11719.625363094 11569.226930313 11918.7214400018 11670.9277189672 -139.336005280392 66234.8783662881 40.4602828366393
210840 155.700158428972 -13286.2923982819 -13130.592239853 8294.87297088433 8055.45996224992 8507.1882011382 8321.97074926488 -105.509609691864 66499.0279487883 40.5139976913883
210850 157.591609697546 -13286.4302404503 -13128.8386307528 11658.1045938937 11389.5784088003 11873.1977613282 11711.5376115527 -61.1930734038324 66232.3704101153 40.4597721595893
210860 158.083107717851 -13288.4150334207 -13130.3319257028 8445.43949935969 8239.26850934267 8613.49879661395 8483.55119212245 -11.4374061377869 66478.5405362757 40.5098366669678
210870 157.830573507369 -13286.7342276409 -13128.9036541335 11459.6569740548 11328.1958134452 11534.8457090165 11515.9293997027 20.3467636664132 66247.1253793631 40.4627764225334
210880 156.733736446801 -13287.0675870235 -13130.3338505767 8660.79456240773 8573.51402175072 8641.72083003142 8767.14883544106 39.9420844153311 66464.4398912102 40.5069723079576
210890 157.071098369629 -13286.2794122439 -13129.2083138742 11189.4332310695 11072.9432351843 11133.2886714335 11362.0677865906 46.2431561250465 66264.4171156244 40.466296629573
210900 156.88365195764 -13287.3406331548 -13130.4569811971 8982.46585985521 8819.36438960983 8958.22063503112 9169.81255492468 14.1755299475276 66434.6794903564 40.5009255471776
210910 156.190908129986 -13286.0272573588 -13129.8363492289 10867.7445991004 10730.6967319932 10916.0176692355 10956.5193960726 -27.1247802554133 66293.7575990096 40.4722682885793
210920 154.957765697797 -13285.9133636239 -13130.9555979261 9281.64487011146 9247.41837388054 9388.50497676236 9209.01125969149 -70.8879362362227 66421.0223506932 40.4981500655175
210930 154.732670252898 -13285.4689654679 -13130.736295215 10559.3188461377 10601.0263305242 10689.6291147269 10387.3010931618 -77.0282339011365 66322.9571596404 40.4782095165837
210940 154.779935334779 -13286.4402312769 -13131.6602959421 9573.32230334743 9598.75165139986 9723.28338651325 9397.93187212917 -60.6281045097437 66397.119998511 40.4932915776979
210950 155.372873097967 -13287.1947329573 -13131.8218598593 10288.8956209058 10244.6093414208 10493.8176203822 10128.2599009145 -43.58828653417 66337.4977237104 40.4811674314921
210960 156.254131493983 -13288.8780105077 -13132.6238790137 9807.21912568238 9703.42680194065 10051.6102355204 9666.62033958609 -28.801809317237 66366.0935810449 40.4869832844408
210970 156.839796518299 -13289.9759879714 -13133.1361914531 10101.1974356693 9990.59485727978 10334.9563032603 9978.04114646794 11.9330297202003 66335.5050550318 40.4807620983352
210980 155.985527188669 -13289.9268195437 -13133.9412923551 9995.85499077163 9931.37767551118 10188.119834517 9868.06746228671 91.2313142478883 66341.9878826713 40.4820807549367
210990 154.103026777355 -13288.8570992035 -13134.7540724262 9943.04126724597 9936.7025825184 10101.5707252206 9790.85049399891 162.649887602802 66350.9493010231 40.4839034343573
211000 152.795143519232 -13288.1642904251 -13135.3691469058 10106.6162374742 10139.5205764327 10234.7435143391 9945.58462165082 160.551739968563 66342.3678383185 40.4821580381492
211010 152.885042052478 -13288.9350819892 -13136.0500399367 9826.62940807867 9877.53504097169 9907.47261469272 9694.88056857159 99.1622440549152 66363.4394791063 40.486443560979
211020 153.487838375459 -13289.765280529 -13136.2774421536 10221.9345198666 10250.5915616878 10268.7382106941 10146.4737872179 89.7145678928232 66330.229012772 40.4796888476732
211030 153.263484772783 -13290.1116337254 -13136.8481489527 9738.18709279598 9705.61969527019 9792.28830597992 9716.65327713782 137.020059425535 66367.4289503226 40.4872548322955
211040 152.733647143377 -13289.5640837333 -13136.8304365899 10297.8277989274 10175.6628097289 10378.6186752196 10339.2019118338 140.74762729335 66323.8233440631 40.4783857322985
211050 152.370280195497 -13289.6774705464 -13137.3071903509 9665.80003091542 9540.86553419904 9759.79145468793 9696.74310385929 79.6445514584268 66371.9444119397 40.4881730261649
211060 152.721730700515 -13289.795109703 -13137.0733790025 10366.2745358684 10323.3197911636 10466.9255734463 10308.5782429953 8.76995209167798 66317.4562186365 40.4770903746934
211070 153.500484864016 -13290.9873910425 -13137.4869061785 9598.27623648466 9588.62535632487 9739.2748022231 9466.928550906 -48.0821786979842 66375.3010025983 40.4888555431212
211080 154.157631313141 -13291.2493365519 -13137.0917052388 10432.7324538795 10306.6077691223 10673.6149870033 10317.9746055128 -34.4816639014464 66308.9779525916 40.4753653881122
211090 153.623330267343 -13291.1395231561 -13137.5161928887 9544.3099624874 9234.12210585104 9888.87651532644 9509.93126628471 35.259427158972 66377.5612309967 40.489315116793
211100 152.704860771572 -13289.7493928888 -13137.0445321172 10492.9293599946 10067.5550413788 10886.327655161 10524.9053834442 93.6343870449785 66307.1640789957 40.4749963186021
211110 151.806003351741 -13289.291260324 -13137.4852569722 9468.0336127838 9089.09579502114 9821.1391481575 9493.86589517278 154.273956580792 66389.8960223004 40.4918229739167
211120 152.088703348338 -13288.8995595537 -13136.8108562054 10544.060068375 10332.4930420542 10830.2564049585 10469.4307581123 197.601702501825 66303.2554291058 40.4742010013301
211130 153.083744286836 -13290.2121668715 -13137.1284225846 9432.78137094247 9370.95861425087 9695.84666782082 9231.53883075572 181.704207042879 66384.2918874623 40.4906836036476
211140 154.110878031718 -13290.4328103319 -13136.3219323002 10605.4038307991 10616.8650991393 10853.4891557406 10345.8572375172 161.57014965659 66291.1229446035 40.4717321302419
211150 154.199842903992 -13290.8866173592 -13136.6867744553 9377.71946448843 9428.69910259197 9558.4529242993 9146.00636657402 168.285280316594 66388.7927534979 40.4915986746625
211160 154.418117713161 -13290.2453705263 -13135.8272528131 10636.6127115766 10670.0048991295 10781.0428714219 10458.7903641784 166.997128606662 66292.5114672963 40.4720146996299
211170 154.022387959821 -13290.2109463775 -13136.1885584176 9350.91668170431 9309.4179528331 9497.35398167534 9245.9781106045 97.1547963571693 66393.7485709862 40.4926061940119
211180 153.380066117027 -13288.6628138074 -13135.2827476904 10663.5671374057 10527.6005335127 10833.2581808323 10629.842697872 8.77854945459246 66295.0192286369 40.4725250281312
211190 152.951336789506 -13288.5785385308 -13135.6272017413 9318.33326228392 9083.3663013051 9533.41137663625 9338.22210891042 7.86749331968587 66401.3009349173 40.4941414957042
211200 153.939188300872 -13288.5382808924 -13134.5990925916 10681.8471748703 10386.1355547939 10913.8876917951 10745.5182780219 51.2676816583801 66293.2876979199 40.4721726636487
211210 154.935299389795 -13289.8029870191 -13134.8676876293 9321.24249955787 9052.15578016901 9513.22021131947 9398.35150718512 92.7826304444513 66395.9966619211 40.4930632151193
211220 155.290124584437 -13289.1383379302 -13133.8482133458 10701.2279574611 10502.686294707 10849.0746081985 10751.9229694778 90.6753300874628 66291.7952508593 40.4718689474883
211230 154.365562814963 -13288.5877416639 -13134.2221788489 9306.48345149768 9153.73839124622 9439.8120825378 9325.89988070903 26.0140505506612 66408.8043246665 40.4956667262736
211240 153.878300231661 -13287.1301837576 -13133.2518835259 10670.2073652158 10575.8598167671 10790.3951425289 10644.3671363513 -73.2102879940342 66309.6170759292 40.4754954291629
211250 154.038764296365 -13287.5796034113 -13133.5408391149 9323.34274153098 9291.1704029526 9405.54012514715 9273.3176964932 -119.505271956987 66412.9333111026 40.4965059854405
211260 155.130686774821 -13287.6411450497 -13132.5104582749 10663.6374956704 10685.2552686463 10690.8401760363 10614.8170423286 -78.6752371735937 66304.8811545013 40.4745318015712
211270 155.870555315837 -13288.6564843897 -13132.7859290739 9357.65514204688 9434.65012732175 9356.68376524023 9281.63153357866 3.26325806286461 66402.3500732482 40.4943547632742
211280 156.441336217092 -13288.308247834 -13131.8669116169 10625.4625787647 10720.3870428796 10622.2748789905 10533.7258144239 37.1738832070994 66302.3693338087 40.4740206976698
211290 156.225068776256 -13288.4377363377 -13132.2126675615 9405.41181808709 9484.16510409626 9375.17009927829 9356.90025088673 39.2133068782148 66397.2368821733 40.4933153387759
211300 156.127335065352 -13287.584949651 -13131.4576145856 10561.3820937794 10596.1328975694 10556.6741592528 10531.3392245159 56.4435393096292 66308.6112789865 40.4752907814452
211310 156.048460177014 -13287.8717330901 -13131.8232729131 9478.08559541849 9453.4921901756 9552.24679255602 9428.51780352385 66.8362198541811 66393.4828404494 40.4925521721771
211320 156.488069998092 -13287.7150414429 -13131.2269714448 10477.6004654236 10402.7416217619 10648.8863864302 10381.1733880787 20.6568433892378 66318.5034236369 40.477303428645
211330 156.66697297424 -13288.2547606628 -13131.5877876885 9566.78719075828 9462.96815556132 9790.00228995312 9447.39112676041 -38.9946372892619 66390.9497281488 40.492037194491
211340 156.109110076169 -13287.262177205 -13131.1530671288 10378.1079635321 10244.4663842916 10605.1149923807 10284.742513924 -47.5584907117102 66329.7180633754 40.4795849075039
211350 154.503762018928 -13285.9810908828 -13131.4773288638 9690.19421528693 9571.55481926125 9855.09905402735 9643.9287725722 33.5946072400822 66387.0876908575 40.4912520232657
211360 153.861332353558 -13285.0563364629 -13131.1950041093 10207.1429228712 10156.4219645215 10240.6200616628 10224.3867424292 135.528491651057 66347.8384111831 40.4832707233284
211370 155.101470931039 -13286.3688477615 -13131.2673768305 9882.37789515048 9933.16632542195 9773.03012964151 9940.93723038798 144.969765462169 66367.4218085922 40.4872533800316
211380 157.149643160216 -13288.2624018922 -13131.112758732 9992.44687184932 10109.8226814292 9846.71445480293 10020.8034793159 68.5361097207705 66351.0152846227 40.4839168542747
211390 158.013515066896 -13289.0068490509 -13130.993333984 10190.2363652738 10289.3310101039 10126.2950234246 10155.0830622928 -0.22170504018464 66332.6828172594 40.4801880067986
211400 157.176843306986 -13288.5193232524 -13131.3424799454 9598.93528464973 9588.27002090877 9654.26019860827 9554.27563443214 18.106126813863 66381.1019572719 40.4900350339369
211410 155.816997817552 -13286.7551292508 -13130.9381314332 10645.6819910843 10505.0404738482 10786.25114332 10645.7543560847 77.9436479028764 66304.5858080351 40.4744717053033
211420 154.56905614647 -13286.3875942529 -13131.8185381065 9062.25452293077 8854.47960786773 9210.08342170405 9122.20053922054 104.733027513759 66432.135811933 40.5004086351968
211430 154.855362421727 -13285.7134059738 -13130.8580435521 11217.2437094836 11017.6534673833 11314.7460334201 11319.3316276475 90.417923541836 66268.8078690891 40.4671903903355
211440 155.087187224331 -13287.3082648081 -13132.2210775838 8506.34652473437 8378.2166403356 8558.90507807113 8581.91785579638 79.7648716671887 66479.2223174721 40.5099751515087
211450 155.104305849092 -13285.8311238382 -13130.7268179891 11698.9345828569 11652.7070615844 11714.8278536766 11729.2688333098 102.799426159274 66232.4910735272 40.4597967297059
211460 153.946416838888 -13286.4136628254 -13132.4672459865 8186.71075712883 8219.8872976869 8180.93746117315 8159.30751252644 136.531120838198 66504.4654133499 40.5151019051363
211470 154.692554446367 -13285.4214979977 -13130.7289435514 11812.2207007234 11936.552456842 11821.1663745836 11678.9432707444 133.785134660356 66220.3527327957 40.4573249076152
211480 156.047877278508 -13288.4576201671 -13132.4097428886 8270.5039030461 8435.20828622018 8306.31876582675 8069.98465709137 100.530042469517 66485.7339578592 40.5112977591292
211490 157.979648540366 -13288.802181805 -13130.8225332647 11587.9020063938 11735.4842305817 11642.5912037896 11385.6305848102 62.4496103582524 66221.649554819 40.4575890036989
211500 157.534325212468 -13289.9021607526 -13132.3678355401 8606.92333043497 8701.82767677146 8652.58089821262 8466.36141632084 26.1523065676085 66452.7721289249 40.504601850494
211510 156.404626288317 -13287.6612964705 -13131.2566701822 11271.043626268 11286.4959570926 11303.6121473164 11223.0227743949 -27.0390699902479 66253.0230607275 40.4639771261105
211520 154.73592336626 -13287.3603320473 -13132.6244086811 8826.35869479686 8746.17564391225 8880.81500987989 8852.08543059845 -76.7594317782678 66448.3636755471 40.5037061437043
211530 154.49413112965 -13286.1505880073 -13131.6564568777 11094.9129622327 10941.7510621397 11221.0730351645 11121.9147893939 -82.0405338374695 66272.9475968093 40.4680330173421
211540 154.667230558476 -13287.4379748635 -13132.770744305 8937.62672504039 8785.48035024262 9142.5217989191 8884.87802595946 -48.8382410205087 66435.0700617128 40.501004915717
211550 155.422889333294 -13287.2312533474 -13131.8083640141 11043.6770987032 10956.5785463195 11289.2953622463 10885.1573875439 2.7598493415652 66267.0341138723 40.4668293379652
211560 155.439770450981 -13288.3142346329 -13132.8744641819 8988.47304089685 8961.06953076181 9208.0843302042 8796.26526172455 1.32029177408825 66424.867621487 40.4989315618125
211570 155.663584523367 -13287.64778457 -13131.9842000466 10991.1300536326 10985.9279881311 11149.3946092644 10838.0675635021 -39.6697941383943 66269.4461221988 40.4673203067976
211580 155.225587636844 -13288.2375442097 -13133.0119565728 9039.19231143069 9017.07447776853 9103.07394867107 8997.42850785247 -81.2670606781597 66421.366678808 40.4982200465118
211590 155.137305805137 -13287.3136204266 -13132.1763146214 10932.2701231957 10898.8677411515 10911.3795103677 10986.5631180678 -118.705870093732 66275.7146811229 40.4685962280487
211600 154.625871411821 -13287.7578569221 -13133.1319855103 9103.24437673835 9068.43549041158 9041.42328476399 9199.87435503948 -118.26389463154 66418.6309862624 40.497664039686
211610 154.518963533065 -13286.8645765645 -13132.3456130314 10866.9999311113 10824.3904624498 10814.8629521085 10961.7463787756 -89.8720967146477 66285.0118901001 40.470488461657
211620 154.636625245238 -13287.8395198508 -13133.2028946056 9158.89111331112 9113.39557347642 9130.40942665521 9232.86833980175 -28.0665621696574 66417.4391245112 40.4974217988931
211630 155.860416353912 -13288.2677386654 -13132.4073223115 10795.1507518517 10770.4874353385 10811.9993831311 10802.9654370855 42.0320138224119 66286.492477696 40.4707897849646
211640 156.29368943626 -13289.4585361044 -13133.1648466682 9264.38843172943 9274.82492010967 9354.80230468653 9163.53807039211 54.4184053960813 66402.6845655359 40.4944227579892
211650 156.222821283251 -13288.7591214782 -13132.536300195 10695.0347737504 10683.0330430854 10880.1785897428 10521.892688423 24.1387040850611 66293.9835816208 40.4723142759081
211660 155.615907972145 -13288.874838918 -13133.2589309459 9347.89485276062 9242.09588663052 9629.11192956207 9172.47674208925 10.8861335994165 66399.6278870902 40.4938013959196
211670 155.175755886623 -13287.8922835743 -13132.7165276877 10601.0115088691 10418.4207917768 10929.0305631925 10455.5831716381 56.5722983556137 66302.2135433944 40.4739889970963
211680 154.647583115416 -13287.9729505531 -13133.3253674377 9449.1053341386 9270.34565674725 9746.21516479849 9330.75518087006 103.972243612455 66390.3945608717 40.49192432812
211690 155.048420722558 -13287.9051492645 -13132.8567285419 10493.4355571587 10340.3965936802 10727.6118538572 10412.2982239387 118.104318379632 66307.9241642343 40.4751509742371
211700 155.167160861926 -13288.5069335336 -13133.3397726717 9571.54958124905 9427.84194039253 9771.78781637185 9515.01898698275 77.4116794244105 66378.8414149053 40.48957541277
211710 154.762725679598 -13287.7651746019 -13133.0024489223 10369.5428626714 10243.2167125346 10553.1758679783 10312.2360075013 -8.26747870117158 66318.9043511555 40.4773849967911
211720 154.363998313567 -13287.7278767573 -13133.3638784437 9683.76923351016 9596.53367320681 9834.55832683957 9620.2157004841 -65.8658401123979 66372.5893049948 40.4883041581628
211730 155.16416814635 -13288.2557147803 -13133.091546634 10246.4064646808 10208.129030474 10327.6237674568 10203.4665961115 -55.5404358712124 66326.81643235 40.4789946314523
211740 156.335592487541 -13289.6363274502 -13133.3007349627 9817.08076909503 9842.45694450322 9793.9998815179 9814.78548126397 2.4956173954372 66357.6881414367 40.4852739514433
211750 156.879015378516 -13290.0668387916 -13133.1878234131 10120.0186742627 10175.9846828836 10065.842239726 10118.2291001786 89.3633459751043 66333.5316513302 40.4803606759101
211760 156.255090708473 -13289.6027966579 -13133.3477059495 9952.50755630584 9986.01342513319 9961.38979415855 9910.1194496258 154.659067544379 66348.2231251822 40.4833489697905
211770 154.926951000137 -13288.3715147477 -13133.4445637475 9976.83187279098 9965.06594376968 10078.3966400036 9887.03303459965 183.739553627352 66349.711211495 40.4836516268137
211780 153.95532186234 -13287.4445580578 -13133.4892361955 10089.0608421586 10034.8841686822 10261.9211849692 9970.37717282444 182.098803230818 66344.2908404957 40.4825491734494
211790 154.294973649299 -13287.9681519742 -13133.6731783249 9825.84150482984 9718.11859010556 10037.5196441402 9721.88628024381 176.660040492438 66364.4170785346 40.4866423618551
211800 155.3728357823 -13288.8683835286 -13133.4955477463 10246.0695555417 10129.8434059237 10424.9605501744 10183.4047105271 133.409681207054 66328.8050321334 40.4793991722792
211810 155.48798258119 -13289.2894061447 -13133.8014235635 9679.49795316926 9604.39195833787 9751.06272893978 9683.03917223012 30.9286858700371 66370.5426529798 40.4878879907765
211820 154.675943364225 -13288.1731786723 -13133.497235308 10395.9921847055 10375.8740276948 10353.888502215 10458.2140242066 -29.0957106479114 66313.498375357 40.4762851308641
211830 153.649675838672 -13287.6003731803 -13133.9506973417 9528.34132263409 9546.84013127833 9413.22355102449 9624.96028559943 6.80843133012085 66379.3764333347 40.4896841954804
211840 153.551555391928 -13287.0223953116 -13133.4708399197 10550.8048851755 10526.2231036998 10444.6867178841 10681.5048339425 118.140181408534 66299.790876027 40.473496021063
211850 153.933014415587 -13287.9532541003 -13134.0202396847 9366.13228816977 9257.27309390152 9362.58500991396 9478.53876069384 207.94404572143 66389.9247571606 40.4918288158032
211860 154.635625048423 -13287.9673931444 -13133.331768096 10726.257936278 10529.1874793548 10852.2902953335 10797.2960341458 194.555544978481 66285.4517047837 40.4705779714632
211870 154.783360207875 -13288.8236910599 -13134.040330852 9188.0409170467 8949.43933937033 9372.28700456013 9242.39640720964 85.4931851857938 66406.8169710787 40.4952627637157
211880 155.307075434243 -13288.4731615912 -13133.1660861569 10897.7264350531 10647.47833104 11060.776283272 10984.9246908472 -68.9359545835015 66276.0710082941 40.4686687535313
211890 155.165979554737 -13289.1893204612 -13134.0233409064 9019.5510537698 8808.68827770337 9134.9698062007 9114.99507740535 -179.034214826484 66423.0191611263 40.4985558924447
211900 154.74576318774 -13287.7243847464 -13132.9786215586 11067.097499283 10934.3504541911 11174.1503609691 11092.7916826889 -177.796866096371 66266.264219637 40.466672622037
211910 153.725646584896 -13287.7046802493 -13133.9790336644 8850.52168926594 8794.47469859155 8980.53158245484 8776.55878675143 -77.3265448372472 66439.9516578407 40.5019968853011
211920 153.969760338253 -13286.6842280789 -13132.7144677406 11232.0382082534 11186.2374723086 11413.5291598045 11096.3479926471 54.9674864698636 66257.1085756321 40.4648088505915
211930 154.326744330238 -13288.104900794 -13133.7781564637 8698.47778991534 8633.25875931622 8907.59888741176 8554.57572301805 96.9502567397577 66455.1643894314 40.5050878919011
211940 155.230568723754 -13287.5044606655 -13132.2738919417 11380.6254372924 11313.172500991 11607.1184626437 11221.5853482426 11.7532285963513 66250.6806760968 40.4635002506877
211950 155.373750934447 -13288.745969283 -13133.3722183485 8550.07750522518 8515.79318557547 8749.70723298563 8384.73209711445 -135.054371938626 66471.8819884416 40.5084841217745
211960 156.382787743535 -13287.9644343488 -13131.5816466053 11493.0819012647 11480.6630527071 11611.3596756272 11387.2229754598 -180.998645342063 66239.638414293 40.4612520554753
211970 156.787278026517 -13289.3970152479 -13132.6097372214 8480.78471075307 8487.59637045507 8493.64341547681 8461.11434632734 -58.1184464489171 66467.0651978236 40.5075056348631
211980 157.372987261586 -13288.0463603079 -13130.6733730463 11565.9691536388 11543.8017999354 11511.6402918311 11642.46536915 94.2809433398176 66225.9905187032 40.4584730101455
211990 156.818894198452 -13288.5708803267 -13131.7519861282 8446.55891937783 8364.24499790952 8383.34246338448 8592.0892968395 223.176898253596 66471.7270116936 40.5084526404031
212000 156.669839681673 -13286.4969674458 -13129.8271277641 11546.7427299984 11446.8535571143 11529.3038777132 11664.0707551677 290.262817137063 66238.8944582834 40.4611005776742
212010 155.991017598982 -13286.8403742596 -13130.8493566606 8481.56674277646 8425.13330759625 8526.00353459208 8493.56338614105 274.440366155751 66480.4558240721 40.5102257010334
212020 156.520346097455 -13285.4437656725 -13128.9234195751 11466.2882256521 11414.7592215229 11555.826365761 11428.2790896724 240.962477007497 66250.90983913 40.4635469054423
212030 156.999872612296 -13286.8133313924 -13129.8134587802 8606.52579243704 8516.9786608742 8749.62603319007 8552.97268324687 252.551580388844 66471.2387862997 40.5083534638832
212040 158.704508278724 -13286.7406933054 -13128.0361850267 11296.1155752092 11213.452235125 11490.4521337633 11184.4423567392 340.831850969702 66259.3837342467 40.4652720099751
212050 159.115960047044 -13287.9441415679 -13128.8281815209 8833.26279826838 8794.85422826884 9043.66788598483 8661.26628055148 387.071371921017 66447.900817934 40.503612098287
212060 157.751428706708 -13285.2469597228 -13127.495531016 11070.4999603234 11046.2903406249 11230.5477381505 10934.6618021948 291.785839502456 66282.530815465 40.4699835131407
212070 154.613985663924 -13282.898017859 -13128.2840321951 9069.20906015733 9045.99794390546 9105.80069076852 9055.82854579803 99.3921747538046 66449.3972554676 40.5039161493789
212080 153.308332660266 -13280.5745244831 -13127.2661918228 10770.4921723688 10737.5684063522 10708.2796588269 10865.6284519273 -14.0141988108997 66325.5864480947 40.4787444117246
212090 154.873144030934 -13282.5446810465 -13127.6715370156 9344.28053227576 9272.19802503976 9283.19728280318 9477.44628898435 -3.27971716406714 66434.7716151854 40.5009442680181
212100 158.527224434398 -13285.2919620669 -13126.7647376325 10506.3283173518 10359.2016174368 10541.8666551415 10617.9166794771 54.7997256125965 66335.1424573338 40.4806883406601
212110 160.498358289978 -13287.4279213136 -13126.9295630236 9635.28996818408 9418.23563591605 9783.59990745597 9704.03436118023 108.57157734852 66396.4638493702 40.4931581897538
212120 160.078607896344 -13286.5968895625 -13126.5182816662 10258.3853019376 10038.984538258 10452.0275190374 10284.1438485174 162.801746701706 66349.2227860635 40.4835522880567
212130 159.014148376629 -13285.7276953244 -13126.7135469477 9830.79090628159 9687.69292552132 10015.9524515499 9788.72734177359 161.15290632195 66382.8975972668 40.4904001221351
212140 158.889363030171 -13285.5361194637 -13126.6467564335 10073.2653607201 10030.0976858919 10246.6257939508 9943.07260231762 116.178728535547 66361.206701866 40.4859895046279
212150 159.112835916736 -13285.9277857176 -13126.8149498008 9998.22490233385 10003.0067350202 10162.4799580598 9829.18801392157 77.9319679367821 66363.7666105237 40.4865100853887
212160 158.98396199849 -13286.0624553022 -13127.0784933037 9947.58272619085 9965.14157531118 10074.560643905 9803.04595935634 48.8424049374682 66367.4444104416 40.4872579760953
212170 157.9489231104 -13285.2884568904 -13127.33953378 10109.3818282741 10116.3500682768 10166.0447790611 10045.7506374845 -1.04333155468723 66356.6895350369 40.4850708649203
212180 156.346963864859 -13284.2328650267 -13127.8859011619 9848.87235359606 9789.7422562103 9870.32765196482 9886.54715261306 -51.8592719848987 66380.661229387 40.4899454244623
212190 155.818319039544 -13283.9837252569 -13128.1654062173 10166.8968767562 10008.8152749642 10226.5040733892 10265.3712819152 -48.8287707177951 66356.013278996 40.4849333336132
212200 156.95395500704 -13285.7182525588 -13128.7642975518 9783.42597993034 9545.50532667866 9919.65653492651 9885.11607818584 25.028193039156 66378.1773119829 40.4894403831207
212210 158.542820040792 -13287.5399542171 -13128.9971341763 10253.6274551762 10023.1361362044 10403.4719142753 10334.274315049 69.7458567642704 66333.8401898946 40.4804234381998
212220 157.94914656491 -13287.756788558 -13129.8076419931 9740.11751109852 9608.32215048054 9823.37160448311 9788.6587783319 10.7982590322478 66373.1696183464 40.4884221578534
212230 155.406907853219 -13285.5714415942 -13130.164533741 10296.7925318152 10280.9902323759 10281.7016300948 10327.6857329749 -102.744248475563 66337.1600891219 40.4810987530625
212240 153.545037240385 -13284.582019779 -13131.0369825386 9657.67126938263 9717.56156027649 9558.23149786705 9697.22075000435 -181.509283138983 66391.239903739 40.4920961873895
212250 154.394657693959 -13285.5194084367 -13131.1247507427 10342.2754796575 10414.0659948633 10194.2604433216 10418.5000007875 -199.872459750939 66333.131616399 40.480279301325
212260 156.281032647734 -13288.0718392897 -13131.7908066419 9639.7565721228 9703.5894689138 9485.77256700723 9729.90768044737 -162.726009926496 66378.9026579887 40.4895878650596
212270 157.397568644293 -13289.1465434063 -13131.748974762 10393.5813493867 10472.675762688 10263.7035345268 10444.3647509454 -148.647443331972 66316.6278675826 40.4769218450081
212280 156.807141564384 -13289.2800504529 -13132.4729088885 9602.68139980714 9715.50221594415 9484.51383446798 9608.02814900928 -147.768801468971 66379.9874353925 40.4898084268596
212290 155.74455930144 -13288.1497300603 -13132.4051707588 10410.2436389456 10540.0136736893 10288.6891779752 10402.0280651723 -116.243310813693 66321.083746186 40.4778283859286
212300 154.899399542193 -13287.9834025085 -13133.0840029663 9567.90131165257 9673.81087244414 9446.88360617167 9583.00945634191 -92.2509242177191 66388.4554479227 40.491530098504
212310 154.88737334583 -13287.7539783517 -13132.8666050059 10434.5811074251 10474.2333264386 10350.6248205839 10478.8851752528 -107.63148507915 66319.5863936289 40.4775237566284
212320 154.679679263593 -13288.1338637466 -13133.454184483 9560.67682963209 9545.28151371873 9536.9276591609 9599.82131601665 -115.389389450876 66385.9047946328 40.4910115285385
212330 154.598413790981 -13287.7634952354 -13133.1650814445 10451.6073639371 10425.7483089085 10449.3360392308 10479.7377436719 -96.9114560383323 66317.0521078347 40.4770081577146
212340 154.870355823212 -13288.5930514482 -13133.722695625 9534.38172790027 9530.42597108819 9536.85422302689 9535.86498958574 -81.7467984299143 66387.9934211152 40.4914361654266
212350 155.5116697783 -13288.8753722654 -13133.3637024871 10474.6560539589 10509.280487062 10471.3127682329 10443.3749065818 -73.6888723647794 66314.4578858514 40.4764803512138
212360 155.320029996302 -13289.2464014162 -13133.9263714199 9519.54756408484 9573.87871209666 9522.30935853231 9462.45462162556 -35.259831452447 66389.1511539645 40.4916715392788
212370 155.102046399154 -13288.650003961 -13133.5479575618 10477.5925259511 10509.9493209363 10453.1794016627 10469.6488552541 11.2415823075232 66313.5183491171 40.47628919471
212380 154.970092322093 -13289.0410160508 -13134.0709237287 9506.73070032997 9502.541582208 9413.43420261037 9604.21631617155 58.7437329362927 66383.0483840199 40.4904307796868
212390 155.130386990375 -13288.7661248229 -13133.6357378325 10513.8686030807 10524.7588388963 10332.8391379609 10684.007832385 104.221635615778 66300.0424587898 40.473547214895
212400 154.738012501048 -13288.9620785208 -13134.2240660198 9501.79703733768 9539.8937111541 9308.81193507505 9656.68546578389 100.65999616384 66381.6361386253 40.4901436439833
212410 154.544760872565 -13288.4022614683 -13133.8575005957 10497.6016456523 10520.7718168597 10376.6849126757 10595.3482074215 53.0218730489735 66311.4509756225 40.4758685641502
212420 154.653964969195 -13289.0811419837 -13134.4271770145 9482.70613578305 9445.17698127032 9466.48772967173 9536.45369640709 46.8175524470823 66393.1121153363 40.4924768051718
212430 155.184016787661 -13289.1552222183 -13133.9712054306 10512.9645779591 10412.3930498788 10577.5276183731 10548.9730656253 71.2874822099954 66311.7222031496 40.4759237489617
212440 155.552051386108 -13290.055519364 -13134.5034679779 9481.15965418239 9345.8619894647 9568.21697858689 9529.39999449558 56.8097940585908 66388.1459019914 40.4914671658361
212450 155.806241352435 -13289.8525168853 -13134.0462755328 10524.2733443226 10407.5656606077 10587.044192199 10578.210180161 -2.08413823104754 66304.4717702138 40.4744485011606
212460 154.83977778769 -13289.4665426054 -13134.6267648177 9489.80604356393 9446.55747822738 9525.22391659333 9497.63673587107 -34.9801266912458 66384.885342301 40.4908042613104
212470 153.478818465168 -13287.7277709367 -13134.2489524715 10502.6834715395 10516.9283766 10534.2294065549 10456.8926314637 6.18956736939097 66312.0651840958 40.4759935327356
212480 152.55557247236 -13287.3566525109 -13134.8010800385 9496.45353452559 9535.66976347204 9531.89965933903 9421.79118076569 68.2191494487035 66393.2692340544 40.4925087468438
212490 153.019085779132 -13287.3376025777 -13134.3185167986 10468.7380410651 10498.1222319311 10505.8536102635 10402.2382810006 103.454747786166 66315.7847746018 40.4767503146071
212500 153.694410947624 -13288.3897093697 -13134.6952984221 9570.64518114876 9599.53609829431 9572.16986710006 9540.22957805189 94.6476603504035 66382.4292853925 40.4903049059452
212510 154.728665229531 -13288.9400178717 -13134.2113526422 10366.8263768568 10418.7006255828 10275.5978358326 10406.180669155 66.620788396955 66316.6598215771 40.4769283461385
212520 155.802628384708 -13290.2147548013 -13134.4121264166 9705.42305433109 9788.62763343068 9532.26274682939 9795.37878273318 24.1080367617664 66361.8506856314 40.4861204658572
212530 156.1795601849 -13290.2359905873 -13134.0564304024 10207.491346456 10271.1012599145 10024.2800932559 10327.0926861977 -10.75522423361 66318.0903677151 40.4772193926484
212540 154.91557551393 -13289.0618245501 -13134.1462490362 9929.09397824565 9938.69237457244 9810.18499069972 10038.4045694648 -18.3947668830947 66344.1564113351 40.4825218310376
212550 153.402194899565 -13287.5203766981 -13134.1181817985 9931.03960102063 9874.35220766704 9911.77890650883 10006.987688886 -9.86405999236961 66352.1156895016 40.4841406561923
212560 153.542133402175 -13287.4306947754 -13133.8885613732 10180.5569173633 10091.9237551678 10197.1334174139 10252.6135795082 5.78033436298127 66335.6637262005 40.4807943742871
212570 155.192891027233 -13289.1383721648 -13133.9454811376 9676.78805669455 9607.47171454511 9662.38806336723 9760.50439217131 -28.8025722705804 66372.9659832609 40.4883807512038
212580 156.608353603205 -13289.962321031 -13133.3539674278 10451.7589699714 10398.4075219216 10411.9729950232 10544.8963929694 -117.762795769341 66310.525262261 40.4756802144451
212590 155.882038087687 -13289.5273939142 -13133.6453558265 9434.59632120721 9386.79661823979 9394.23280793858 9522.75953744324 -165.460897758528 66390.7617755485 40.4919989835055
212600 153.74643474552 -13286.5850558839 -13132.8386211384 10679.0667737468 10652.0429023765 10630.6617562404 10754.4956626235 -156.332016886226 66298.3473945938 40.4732022887939
212610 151.74487955569 -13285.0277749464 -13133.2828953907 9209.79963692909 9219.25946233737 9143.73836234003 9266.40108610986 -119.164956274319 66415.4660967958 40.4970207830962
212620 152.40343907319 -13284.4957635146 -13132.0923244414 10872.8407414877 10894.0377348498 10812.683561714 10911.8009278993 -65.5095831664259 66287.7880685026 40.4710534547794
212630 154.62175426397 -13287.0825628021 -13132.4608085381 9042.89669167215 9066.14357365381 8978.3365610045 9084.20994035813 -19.2529109657595 66427.6998188961 40.499507146143
212640 157.458847904076 -13288.3778494195 -13130.9190015154 11030.2443487704 11066.0238517478 10936.9074501461 11087.8017444173 8.66850591484163 66272.1821756877 40.4678772212112
212650 158.638578446733 -13290.0058468982 -13131.3672684515 8919.3993109348 8972.07265252771 8795.25156321722 8990.87371705948 15.8261816375219 66435.6608194741 40.5011249638184
212660 158.812920199769 -13288.6004224378 -13129.787502238 11124.2074976583 11195.0484779909 10963.2072777416 11214.3667372424 33.1613707905208 66265.8265504399 40.4665835316815
212670 157.428801946059 -13287.8864983414 -13130.4576963953 8861.28196792501 8958.35202402825 8674.23716809157 8951.25671165522 52.8629334221726 66444.9911486856 40.5030208890671
212680 156.372348100452 -13285.353406596 -13128.9810584956 11146.8505581798 11272.2345794003 10950.7403516282 11217.576743511 62.4788932390324 66271.660887095 40.4677711158671
212690 155.514328008323 -13285.2554672354 -13129.7411392271 8846.40543619041 8967.70478375204 8671.96219436831 8899.54933045087 50.7397810051175 66451.0266924616 40.5042472185465
212700 156.30290360555 -13284.5814097036 -13128.278506098 11143.6936505632 11244.0165292251 11003.6671465153 11183.3972759492 26.7505989041728 66270.965449788 40.4676295626711
212710 157.284000610922 -13286.3350898554 -13129.0510892445 8881.15710170848 8965.36780927396 8773.4312658509 8904.6722300006 -22.6390503505212 66444.1519610903 40.5028503732002
212720 158.143917093873 -13285.8689467789 -13127.725029685 11101.8769202785 11156.7265332604 11032.1515177403 11116.7527098348 -82.1580771032463 66272.9411809719 40.4680317114482
212730 157.291926558971 -13285.8930837874 -13128.6011572284 8946.33323493915 8939.71277784848 8939.56800104041 8959.71892592857 -101.580126485001 66444.3718099733 40.5028950447844
212740 156.714477517676 -13284.2024308538 -13127.4879533361 11011.3297826369 10938.8690497579 11049.0052222911 11046.1150758617 -63.9896229063443 66289.1227790368 40.4713250823818
212750 156.848057494125 -13285.1924801492 -13128.3444226551 9024.512968486 8961.04038422042 9055.47428653244 9057.02423470512 6.42528143672773 66443.4812471482 40.5027140887315
212760 158.434481358323 -13285.7804921204 -13127.3460107621 10922.4145019964 10943.9867435498 10896.5856204591 10926.6711419802 40.4049982490391 66294.30399461 40.4723794795842
212770 159.406753325679 -13287.6001993937 -13128.193446068 9127.40827046169 9241.42717182863 9023.98841266156 9116.80922689488 33.9702865773356 66430.1915488634 40.5000135241256
212780 159.56638330782 -13287.0115694865 -13127.4451861786 10827.6591863131 11007.6570001676 10657.9734353532 10817.3471234186 66.2915167485608 66296.2940273666 40.4727844442653
212790 158.143594391936 -13286.5458629074 -13128.4022685154 9235.60398049333 9419.86912189077 9079.01171316132 9207.93110642789 114.207847767594 66421.0468302088 40.4981550407243
212800 157.05169251594 -13285.0036513196 -13127.9519588037 10704.6181780176 10811.1757418726 10645.6495968034 10657.0291953769 157.740564686226 66309.1105048917 40.4753923583122
212810 156.554163034427 -13285.4596170959 -13128.9054540615 9348.469488033 9277.48639981878 9443.21488684392 9324.70717743632 137.942635607011 66413.7766340136 40.4966773952602
212820 156.392178091783 -13285.0355033282 -13128.6433252365 10603.6193652287 10389.6605897853 10781.8705625015 10639.3269433991 34.1839546246445 66316.5466152653 40.4769053139854
212830 155.356552029791 -13284.9565163011 -13129.5999642713 9453.81284426288 9233.81611969109 9589.43589681651 9538.18651628105 -92.4426582728699 66408.6042013854 40.4956260482645
212840 154.962041293567 -13284.4690945121 -13129.5070532186 10471.2872653012 10318.5371580931 10505.2943634139 10590.0302743965 -151.84829181314 66328.9920133369 40.479437209447
212850 155.703972878361 -13286.0272390451 -13130.3232661668 9574.03051553055 9534.28236434167 9519.52053365683 9668.28864859315 -111.61051460349 66392.323978068 40.4923165789309
212860 157.423612748709 -13287.7691445845 -13130.3455318358 10368.9281271778 10444.7792345459 10235.3979005276 10426.6072464597 -28.3492346573749 66323.7847665011 40.4783778841495
212870 158.145768293754 -13289.2893117897 -13131.1435434959 9691.22063647255 9831.28400121208 9505.94704948884 9736.43085871672 19.5105555899502 66369.9917245642 40.4877759632172
212880 157.148470540839 -13288.5833338185 -13131.4348632777 10276.1610511276 10387.2436994275 10072.4302106433 10368.809243312 -10.0290868031277 66326.1149939492 40.4788519359189
212890 154.875051612173 -13287.1602671821 -13132.2852155699 9780.05477875219 9832.10637692732 9584.22376584413 9923.83419348513 -95.5927620478559 66370.0510506073 40.4877880267958
212900 153.462356556564 -13286.1203683696 -13132.658011813 10155.1153120345 10210.7026149812 9978.46498862121 10276.1783325011 -169.024257231039 66345.0832166154 40.4827103391761
212910 154.204460259349 -13287.4240785591 -13133.2196182997 9869.48934879292 9966.19747892663 9734.78338037611 9907.48718707604 -193.385033300195 66363.7171733887 40.4865000320234
212920 156.304189302055 -13289.7377907521 -13133.43360145 10081.6165319244 10164.356078624 10031.0230874326 10049.4704297165 -164.196567380171 66338.3355912432 40.4813378615618
212930 157.098704316848 -13290.8859284976 -13133.7872241807 9979.38013344705 9992.92245820124 10006.1258010074 9939.09214113247 -129.200505881081 66341.2367848071 40.4819279803008
212940 155.800790369612 -13289.9029180772 -13134.1021277076 9991.06512666607 9940.57322579932 10046.7691179644 9985.8530362345 -132.681960303153 66343.2855076751 40.482344691444
212950 153.959801967526 -13288.3114986857 -13134.3516967182 10044.2265885021 9945.27302571599 10088.919491587 10098.4872482032 -162.282735780596 66343.8289553327 40.4824552274998
212960 152.871211576325 -13287.4721579482 -13134.6009463718 9902.19176966386 9749.3428599558 9943.29216995968 10013.9402790761 -150.415654726797 66355.9998711141 40.4849306068207
212970 152.95216433859 -13287.5344958738 -13134.5823315352 10132.8613187314 9946.99457268702 10214.277530748 10237.3118527592 -101.622811457551 66337.1198668707 40.4810905714177
212980 153.560106245464 -13288.3146229979 -13134.7545167524 9827.79712647876 9658.51731010068 9968.28800834939 9856.5860609862 -80.7328545763718 66357.882471932 40.4853134721875
212990 153.804384032833 -13288.3783021156 -13134.5739180827 10220.0797824043 10098.3438963751 10389.8562581057 10172.039192732 -85.236814011347 66327.780575334 40.4791907680562
213000 153.287928602602 -13288.0858308603 -13134.7979022577 9741.45246581773 9655.44558213539 9879.6773687902 9689.2344465276 -84.3714251651109 66366.7126131198 40.4871091653035
213010 153.131106859258 -13287.6185614703 -13134.487454611 10285.0955949712 10215.0872953051 10337.258678465 10302.9408111435 -83.4851642751966 66324.9453026386 40.478613980177
213020 154.030976999421 -13288.7177134046 -13134.6867364052 9669.48919193896 9606.19209303165 9607.80650776458 9794.46897502064 -65.5113943943113 66369.573629739 40.4876909460545
213030 155.813473285291 -13290.0449508325 -13134.2314775472 10363.0970246055 10259.6193525902 10243.3362933785 10586.3354278479 5.92571658127773 66311.0772203152 40.4757925184653
213040 156.908807866924 -13291.4133557853 -13134.5045479183 9618.20675385922 9440.09853627401 9520.51292736636 9894.00879793729 64.637145123307 66366.4901281131 40.4870639228194
213050 156.268282687202 -13290.3772266378 -13134.1089439506 10435.555624398 10167.7257647528 10417.17697974 10721.7641287011 108.049745347973 66309.0864625511 40.4753874664591
213060 153.875059713532 -13288.4627385298 -13134.5876788162 9519.52036018113 9200.73885958478 9581.63611261136 9776.18610834725 125.716226697889 66388.3628991582 40.4915112827687
213070 152.787538512465 -13286.8815447389 -13134.0940062265 10500.1039671389 10230.826137958 10572.9770526396 10696.5087108191 110.291636508851 66315.1535982211 40.4766218984746
213080 153.769575306678 -13288.2662870484 -13134.4967117417 9440.49259478424 9295.58251810158 9463.71420942297 9562.18105682816 73.9821179374004 66391.925816097 40.4922356331636
213090 155.83853899218 -13289.6184148755 -13133.7798758833 10609.1581842624 10558.4028934287 10595.816551642 10673.2551077166 48.0318279929526 66293.201962223 40.4721552163749
213100 156.816215942847 -13291.0800935599 -13134.263877617 9355.40266038399 9342.12639466716 9363.89221435445 9360.18937213036 93.9575816312331 66385.3014518034 40.4908888617588
213110 156.352044790197 -13289.9008354582 -13133.548790668 10721.7862119051 10723.2925912551 10787.8210108448 10654.2450336154 184.536401162728 66280.3207139888 40.4695337024926
213120 154.336669807883 -13288.6276210914 -13134.2909512835 9232.16627794641 9260.61988597941 9282.15657847968 9153.72236938013 239.419099971589 66405.5183975925 40.4949988027766
213130 153.336401622422 -13286.86455324 -13133.5281516176 10804.9894165534 10880.9239320252 10753.7387597532 10780.3055578817 211.51121820588 66291.6753007067 40.4718445371784
213140 153.526359263226 -13287.7831431408 -13134.2567838776 9118.22998032727 9198.66551415743 9001.20872290326 9154.81570392112 123.890927943361 66422.2137029105 40.498392194042
213150 154.436069697872 -13287.6667296618 -13133.2306599639 10951.6255894074 10992.2823961225 10871.1252340242 10991.4691380755 26.0237259456809 66277.2765329004 40.4689141195155
213160 154.363477945445 -13288.3937448049 -13134.0302668595 8993.82245759238 8977.99813338207 8999.32195947056 9004.14727992451 -36.998363650286 66428.5914638879 40.4996883507773
213170 154.41411075735 -13287.2765219059 -13132.8624111485 11064.1946229253 11005.1257088734 11138.285725359 11049.1724345434 -58.3073839333924 66268.2844468576 40.4670838470837
213180 154.062469878978 -13287.7911993979 -13133.728729519 8886.73625210121 8792.53562107754 9016.2111770805 8851.46195814558 -19.5007447568562 66438.0599097231 40.5016124765146
213190 154.650368715711 -13287.0524866028 -13132.4021178871 11152.9586620533 11016.2212122013 11312.6608062822 11129.9939676764 61.2445932073837 66261.6329709434 40.4657298819512
213200 155.351147383082 -13288.6184436723 -13133.2672962892 8825.80933442846 8641.54153484002 9024.24186184361 8811.64460660175 132.741106919562 66440.5303911126 40.502114484148
213210 156.93613411655 -13288.788122488 -13131.8519883715 11188.5405362208 11023.3290438343 11420.3577439503 11121.9348208778 145.132906997378 66256.1511097198 40.4646139338368
213220 157.218778350138 -13289.9642651646 -13132.7454868144 8830.82763426239 8770.44739445409 9034.71396989789 8687.3215384352 77.671027580929 66439.4349003547 40.5018918793831
213230 156.508016238898 -13287.9217860785 -13131.4137698396 11143.8519582626 11193.0577728161 11254.3032000493 10984.1949019225 -39.5739809235766 66262.3362444442 40.4658730436048
213240 154.984061672913 -13287.2807209047 -13132.2966592318 8902.59778329316 9005.59466506187 8888.74009170991 8813.45859310769 -137.490644305152 66438.6581599003 40.5017340435007
213250 155.113250128215 -13286.1455541643 -13131.0323040361 11017.5765677785 11126.0002313635 10910.9949304977 11015.7345414742 -170.764033581309 66273.3329631393 40.4681114555169
213260 155.926110602354 -13287.623104922 -13131.6969943196 9068.09244229846 9159.8606689019 8914.72981665646 9129.68684133704 -160.563998082405 66419.9406791464 40.4979302258098
213270 156.886720760643 -13287.4479144001 -13130.5611936395 10837.130628374 10881.4515843708 10718.2152425924 10911.7250581588 -160.218303991121 66280.2473014771 40.469518761048
213280 156.323107989979 -13287.4046043621 -13131.0814963722 9303.11307562268 9325.88142047337 9252.02360768635 9331.43419870833 -133.37401855595 66405.440331687 40.4949829342159
213290 155.977549255527 -13286.2472719814 -13130.2697227259 10550.4885222345 10601.5094807361 10529.7275928899 10520.2284930774 -75.2340540689679 66315.9457912063 40.4767830741462
213300 156.27964206355 -13286.7663094837 -13130.4866674202 9569.5767465897 9677.24911154195 9526.47978625649 9505.00134197066 -11.2763954105759 66393.3697970729 40.4925291909184
213310 156.879056417107 -13286.7299586486 -13129.8509022315 10288.2389275342 10431.2059993712 10226.5311806678 10206.9796025636 -3.06501995793152 66335.3779381113 40.480736240925
213320 156.665712965767 -13286.4580147739 -13129.7923018081 9845.68274816601 9985.14538731733 9809.40670108264 9742.49615609806 -67.1415144585706 66369.1469793796 40.4876041888053
213330 156.430086323942 -13285.8669363172 -13129.4368499933 10024.9840877581 10120.6044524375 10034.1465490788 9920.20126175786 -143.05652329328 66355.2120761373 40.4847703904562
213340 156.874249393103 -13286.0026748756 -13129.1284254825 10085.6671103905 10112.1935350329 10120.4023841068 10024.4054120319 -194.265766381611 66348.9716126286 40.4835012027774
213350 157.632211349804 -13286.6177338041 -13128.9855224543 9810.36638276127 9779.28670356491 9826.15162813892 9825.66081657999 -200.421635332986 66368.898069704 40.487553574077
213360 158.044663077433 -13286.560663455 -13128.5160003776 10281.0704212335 10224.3257672169 10220.5927556681 10398.2927408156 -147.417465869798 66333.2560174137 40.4803046068525
213370 157.712042769943 -13286.333352876 -13128.621310106 9644.12720660239 9584.82319732439 9512.55738151276 9835.00104097002 -53.4336913149321 66384.5435655423 40.4907347734065
213380 156.841864487104 -13284.9185425333 -13128.0766780462 10419.1412832505 10372.5061724452 10244.1041108794 10640.813566427 60.1196256484919 66327.3137553783 40.4790958026274
213390 155.359870247403 -13283.7144238672 -13128.3545536198 9537.437832377 9556.42276817993 9334.46515874495 9721.42557020612 134.247867105011 66399.4625222976 40.4937677799951
213400 155.041684944342 -13282.7720383091 -13127.7303533648 10488.3591053694 10621.8864886096 10282.7203945357 10560.470432963 159.58662727472 66329.6967304932 40.4795805678387
213410 156.544512593327 -13284.547531234 -13128.0030186407 9475.36433286967 9698.90131448687 9279.10985257921 9448.08183154292 166.966113528571 66407.1686508556 40.4953342490465
213420 159.030391941921 -13286.2883642537 -13127.2579723118 10536.7037487374 10827.6545532715 10339.2536306993 10443.2030622414 156.378434457798 66321.0765241449 40.4778269166494
213430 159.594032846652 -13287.2002855151 -13127.6062526684 9466.17200970429 9770.6434465371 9274.96895534275 9352.90362723301 133.289342409748 66402.61290292 40.4944081906198
213440 158.476263126964 -13285.486563768 -13127.0103006411 10540.6856370403 10820.3690074382 10371.0640468669 10430.6238568159 68.7147675711608 66321.2103215514 40.4778541368782
213450 157.179333152277 -13284.7037668108 -13127.5244336586 9456.89958280051 9621.4059205483 9358.97609768965 9390.31673016359 22.6796840339473 66407.4528209348 40.4953920116152
213460 157.53897270194 -13284.5634467491 -13127.0244740472 10528.4510736013 10547.8429411623 10535.7799942461 10501.7302853957 38.5657402536987 66323.6912188816 40.4783588529795
213470 158.654415977317 -13286.2454727513 -13127.591056774 9473.16630951987 9427.56454727529 9546.40829965388 9445.52608163044 44.9579682701881 66401.4846924956 40.4941788498846
213480 159.636930388025 -13286.8821527599 -13127.2452223719 10536.0905028966 10522.2069830128 10589.8920472234 10496.1724784534 21.4152115076003 66318.5562394188 40.4773141739612
213490 159.270091254399 -13287.3405102638 -13128.0704190094 9469.18559947932 9503.91713736242 9436.37579261534 9467.2638684602 -21.3584351789614 66404.0205256071 40.4946943261719
213500 158.37965334462 -13286.3694904809 -13127.9898371363 10523.4181397928 10589.0471376008 10432.1846053361 10549.0226764414 -28.7462666029528 66324.4791899618 40.4785191559283
213510 157.091211859923 -13286.1071990324 -13129.0159871725 9472.23811866443 9569.02290727812 9370.04854136358 9477.64290735159 -28.6038358109251 66405.0463338601 40.4949028455628
213520 156.39229786514 -13285.4766421026 -13129.0843442375 10517.244684328 10670.1748248471 10403.3609914824 10478.1982366546 -52.9892869039352 66320.3600546296 40.4776811548746
213530 156.230638842179 -13286.4239264984 -13130.1932876562 9486.73983452942 9691.21183490256 9348.42799348651 9420.57967519917 -84.1677175902845 66395.615709225 40.4929857708361
213540 156.418408030235 -13286.7479254536 -13130.3295174234 10511.5970584231 10715.2870041256 10410.5114087765 10408.992762367 -79.1929834961195 66312.6088744529 40.4761041528627
213550 155.821939624855 -13287.2806956526 -13131.4587560278 9504.02644012319 9692.31239893845 9486.29748409895 9333.46943733216 -60.3565464731003 66390.4425238138 40.4919340790856
213560 154.884520232006 -13286.4725499104 -13131.5880296784 10488.7694307847 10679.4289013743 10553.0294306287 10233.8499603511 -93.0225896359695 66315.1757989092 40.4766264153344
213570 153.798131807007 -13286.3841352245 -13132.5860034175 9517.9652280205 9690.63875403734 9636.09550615426 9227.16142386989 -116.765186351436 66390.9962902658 40.4920466606132
213580 153.695154133947 -13286.2531508383 -13132.5579967043 10462.2953354036 10596.5126070843 10578.0229025047 10212.3504966219 -73.105855554722 66316.6596111445 40.4769283033254
213590 154.286123856985 -13287.6119674264 -13133.3258435694 9541.76266653245 9615.55426449485 9611.50503966663 9398.22869543587 21.1238384909738 66382.5167543758 40.4903226899898
213600 155.686863269678 -13288.8374143481 -13133.1505510785 10448.6287315668 10467.3361878689 10442.2085641849 10436.3414426466 115.875989378654 66306.1933815832 40.4747988076873
213610 156.903750404158 -13290.7315531083 -13133.8278027042 9570.48024301971 9533.24912894441 9486.33524693057 9691.85635318416 151.508065579043 66369.6298434321 40.4877023768044
213620 157.77672890518 -13291.4673928016 -13133.6906638964 10416.7827867464 10362.2546225146 10273.1022425641 10614.9914951604 162.743035488485 66301.4909159434 40.4738419546363
213630 157.342917197964 -13291.7408998949 -13134.397982697 9620.56448631594 9582.69043032214 9475.54361135841 9803.45941726728 126.996345682458 66364.938331863 40.4867483611379
213640 155.516828758544 -13289.9242841266 -13134.407455368 10360.9519879257 10342.2222318169 10282.9006447303 10457.7330872298 71.0554084214094 66314.5130053835 40.4764915656816
213650 152.781720467332 -13287.8791558881 -13135.0974354208 9665.57779547532 9645.08253080711 9656.55967641957 9695.09117919927 9.22406888627564 66377.6137349364 40.4893257923283
213660 150.92996820646 -13285.9948153626 -13135.0648471561 10288.1506887761 10255.3083165848 10314.0440922322 10295.0996575113 -40.3469533214961 66335.4408761034 40.4807490434221
213670 150.669990687822 -13286.1425180311 -13135.4725273433 9727.39811682138 9726.95603146743 9733.85543939353 9721.38287960318 -24.68851283744 66378.7371136559 40.4895542056332
213680 152.141442149693 -13287.3862490357 -13135.244806886 10220.3196159518 10289.4905044676 10183.2904218235 10188.1779215644 15.1053572664144 66334.3845573555 40.4805341718514
213690 153.962103556758 -13289.3406765068 -13135.37857295 9823.32556542313 9942.09693944666 9786.77237853474 9741.10737828799 47.240360242751 66356.7077322542 40.4850745657055
213700 155.241750850847 -13290.3930145899 -13135.1512637391 10138.4765217754 10290.8815081977 10136.0000045028 9988.54805262548 83.0600034246369 66325.4267163762 40.4787119167508
213710 155.417151879507 -13290.6315454747 -13135.2143935952 9925.04945687941 10084.1505866415 9910.27351469303 9780.72426930374 88.8907866753263 66340.1357389782 40.4817040235448
213720 154.854580205504 -13290.0165978225 -13135.1620176169 10030.5878472737 10123.0579050348 9980.16996811238 9988.53566867388 32.7126907168116 66335.3727630576 40.4807351882439
213730 154.263522214212 -13289.4380820502 -13135.174559836 10028.4384709328 10024.7809259476 9956.72188632387 10103.812600527 -34.8170104035294 66342.1265665497 40.4821089633571
213740 154.039551380176 -13289.2663573903 -13135.2268060101 9895.98796753523 9858.15042287277 9828.92641723069 10000.8870625022 -39.6905438937821 66357.2225205514 40.4851792584056
213750 153.832513864793 -13288.8771866625 -13135.0446727977 10170.0928534896 10207.949508527 10088.7703888366 10213.5586631052 8.44244584743398 66338.5476297227 40.4813809919384
213760 153.056535521667 -13288.2317079498 -13135.1751724282 9759.59281980476 9918.0073680891 9641.50262848904 9719.26846283614 84.3902462756486 66374.340802783 40.4886603019271
213770 152.709918336466 -13287.4995834213 -13134.7896650848 10294.819905606 10549.0883073304 10160.6586027145 10174.7128067731 139.910847158541 66334.6880530913 40.4805959078116
213780 153.47870425872 -13288.3672945916 -13134.8885903328 9612.61314699011 9901.26866825696 9526.32097958875 9410.24979312462 133.837548518471 66381.1027167229 40.4900351883493
213790 154.779292145249 -13288.966774977 -13134.1874828317 10474.7658320116 10722.4825273617 10464.2919155801 10237.5230530929 86.1385083479154 66305.6463795322 40.4746875065769
213800 155.297944217307 -13289.701340262 -13134.4033960447 9460.40711914048 9610.5142927116 9479.11762200456 9291.58944270527 41.7120197174192 66381.4299496898 40.4901017216046
213810 155.006593379724 -13288.593632801 -13133.5870394213 10637.1902017723 10697.9501772906 10612.1009989129 10601.5194291133 10.7739748184674 66293.9504214382 40.4723075278369
213820 153.752115305961 -13287.7512329407 -13133.9991176348 9277.42732089776 9285.69528516895 9183.55430885162 9363.03236867271 17.381772808186 66406.2047055529 40.4951383089751
213830 153.741559444838 -13286.7003283025 -13132.9587688577 10797.2542035577 10780.3059717635 10671.3706913413 10940.0859475683 89.6091242751001 66292.9173636173 40.4720973002534
213840 155.058676478965 -13288.4504589314 -13133.3917824525 9098.8339932146 9072.05320291355 9024.30625725081 9200.14251947945 169.043068010048 66423.243304443 40.4986014462831
213850 157.116236425843 -13289.1621125973 -13132.0458761715 10995.5758562017 10967.52519863 11032.6300148442 10986.572355131 159.032343995861 66272.6572355825 40.4679739164807
213860 157.454628268534 -13290.0974982668 -13132.6428699983 8923.35386744432 8888.75928544679 9053.34642360286 8827.9558932833 94.7780453761988 66431.666223327 40.5003132066063
213870 156.667550578024 -13287.8650104614 -13131.1974598834 11176.1678933481 11139.7069639264 11364.2632712005 11024.5334449175 66.8772509086967 66258.8502868058 40.465163415778
213880 154.95513830072 -13287.0045755152 -13132.0494372145 8746.3257847297 8755.1928939816 8953.08836635133 8530.69609385618 68.7171601606258 66451.3613427825 40.5043152121615
213890 155.213544581026 -13285.6706743009 -13130.4571297199 11323.5528902338 11364.8960834545 11509.5264568782 11096.2361303686 100.907704891094 66254.0721324353 40.4641906981991
213900 156.555213328421 -13287.9376714844 -13131.382458156 8594.22141003513 8624.69555669974 8692.4941590808 8465.47451432487 158.067849673999 66461.9590775459 40.5064683216612
213910 158.136205834556 -13287.7337633084 -13129.5975574739 11490.9097983257 11468.9271122153 11488.7791589616 11515.0231238004 196.612804733981 66233.4904289379 40.4600002225474
213920 157.277768821478 -13288.0289737618 -13130.7512049404 8471.860636164 8392.82908114335 8431.54010606847 8591.21272128018 169.064381984612 66469.0851845952 40.5079159824359
213930 156.307112362179 -13285.3056155129 -13128.9985031507 11580.3519073637 11504.4251997667 11517.1235305942 11719.5069917301 95.2048642152941 66233.1821428527 40.4599374482905
213940 155.434032390885 -13285.7335654141 -13130.2995330233 8394.02692744077 8395.70229884129 8306.75906975853 8479.61941372251 22.8866578185622 66484.1233289341 40.5109706253168
213950 156.391251590104 -13284.8752249317 -13128.4839733416 11615.7136811996 11738.3774949812 11499.1044358237 11609.6591127939 -6.57873412466045 66235.8789215948 40.4604865689117
213960 157.34656134957 -13287.124842072 -13129.7782807224 8396.02280698722 8574.96652370523 8314.75805072883 8298.34384652759 -5.10132845375477 66484.4234253642 40.5110315781115
213970 158.78675410085 -13286.7727364254 -13127.9859823245 11579.5756983557 11731.2781629722 11607.309391121 11400.139540974 -3.94587400245102 66233.9515026055 40.4600941075658
213980 158.19004551488 -13287.493672572 -13129.3036270571 8496.93527264649 8538.37994892909 8656.90946724255 8295.51640176783 -27.5632015865615 66473.1195719393 40.5087355178979
213990 156.950465203519 -13284.7491854868 -13127.7987202833 11442.0505754759 11341.0459697921 11657.2925881903 11327.8131684454 -17.8440096921362 66252.0105539333 40.4637709958411
214000 155.316617044058 -13284.3942974311 -13129.077680387 8646.51133433883 8460.93013939237 8786.70789025328 8691.89597337086 21.3493633777042 66473.9144685057 40.508896987309
