# Fix print output for fix setl_out
300000 154.704573617181 -13288.2670045296 -13133.5624309124 17688.2964838556 17536.495220451 17846.2806171803 17682.1136139355 139.199086945792 65739.232051136 40.3591064272018
300010 152.446549111418 -13286.4104505008 -13133.9639013894 17297.9195820001 17155.0183898105 17490.9439922451 17247.7963639447 87.5874591565129 65777.164376777 40.3668674975303
300020 151.811927557554 -13285.4364066705 -13133.6244791129 17685.2870278989 17627.4835653584 17838.3443601452 17590.0331581931 30.0416464582848 65751.6316751468 40.3616437567328
300030 152.566760836013 -13286.3616920783 -13133.7949312422 17307.9502614729 17303.7635276386 17354.2452976339 17265.841959146 -26.9379704804766 65778.577281516 40.3671565245331
300040 153.919898891415 -13287.2049670041 -13133.2850681127 17688.5201838378 17704.3047958934 17607.0386740185 17754.2170816016 -34.7357966377548 65748.1659153584 40.3609345919756
300050 154.833216473094 -13288.1785257268 -13133.3453092537 17312.3924832717 17356.28541111 17126.3822466516 17454.5097920537 -23.4665531153781 65772.9019401644 40.3659955387367
300060 155.017125280779 -13287.8226203213 -13132.8054950405 17693.8942124818 17787.1062542877 17488.2500081009 17806.3263750569 -15.7781555241941 65744.2088198266 40.3601248594862
300070 154.759270928929 -13287.6615102563 -13132.9022393274 17313.9570196515 17421.8170738497 17220.7546449143 17299.2993401906 10.7022003914177 65774.9948485343 40.3664236858478
300080 154.970125059819 -13287.3526530314 -13132.3825279716 17675.0461002612 17741.8490185846 17754.2770561156 17529.0122260835 38.7111658897855 65750.9476529989 40.3615037938995
300090 155.560944126963 -13287.9581190916 -13132.3971749646 17323.5689653348 17264.8708962059 17510.1628126084 17195.67318719 47.7342024112419 65777.4626999883 40.3669285235487
300100 156.387513011563 -13288.2019384448 -13131.8144254332 17663.3462155072 17484.8415798271 17798.9212998385 17706.275766856 46.4621298105747 65750.0455902358 40.3613192146783
300110 156.26872202326 -13288.0567729842 -13131.7880509609 17360.301317811 17142.2482107644 17373.8125060759 17564.8432365926 67.6750462456869 65773.1838785516 40.3660532155159
300120 155.231650431203 -13286.5592310663 -13131.327580635 17619.129731919 17459.8040126493 17571.7558430277 17825.82934008 125.498364180846 65756.4750879412 40.3626347754952
300130 155.266370638385 -13286.489739047 -13131.2233684086 17390.8004986097 17342.217170366 17383.2833852011 17446.9009402622 195.105394885404 65773.8399213713 40.3661874230544
300140 156.856485135442 -13287.5652418597 -13130.7087567243 17574.383542322 17657.8437194314 17602.1028188108 17463.2040887239 216.88904362462 65755.5655313189 40.3624486733105
300150 157.565173033893 -13288.0176025073 -13130.4524294735 17485.0540819166 17710.8380031872 17463.155707024 17281.1685355388 175.835781358285 65760.7929262603 40.3635182145602
300160 155.733830433219 -13285.9885134845 -13130.2546830512 17492.0609416122 17780.7089981908 17400.6010519824 17294.8727746634 134.416312465304 65770.0737445789 40.3654169591932
300170 153.180298515723 -13283.2299166657 -13130.0496181499 17540.0988732007 17792.3754023871 17422.5636306475 17405.3575865675 131.468728596478 65780.803315827 40.3676118787712
300180 153.561479514667 -13283.3984895597 -13129.837010045 17356.5272444511 17509.9546372225 17307.2468746018 17252.3802215291 149.485437924721 65796.8661968 40.3708973731224
300190 156.929843839708 -13285.9167916873 -13128.9869478475 17705.7887915914 17773.5050080057 17734.8102503086 17609.0511164598 160.916443612638 65761.755417596 40.3637151370997
300200 159.471771814699 -13288.2569848439 -13128.7852130292 17235.0710456757 17310.0194142034 17286.4227507023 17108.7709721215 144.287141420871 65789.2694619985 40.3693436071017
300210 159.836747633599 -13287.6417155835 -13127.8049679499 17862.4765572607 17990.0381035888 17894.8265266489 17702.5650415445 100.12504694329 65742.6007272766 40.3597957894615
300220 159.229669686567 -13287.3035122546 -13128.073842568 17051.4182785713 17185.5133979586 17090.0748237571 16878.6666139983 92.104514775453 65805.2029489298 40.372602357825
300230 159.237427752874 -13286.1708772077 -13126.9334494548 18028.14092906 18109.6726228146 18102.9581185269 17871.7920458383 101.958430089798 65733.8989507189 40.3580150191172
300240 158.657764865142 -13286.2273259805 -13127.5695611154 16897.6032915679 16916.4241786831 16983.2245575647 16793.1611384559 46.1172139268738 65820.3447763872 40.3756987092252
300250 157.396821857883 -13283.6948501876 -13126.2980283297 18180.2286615667 18189.5837968231 18208.9825807093 18142.1196071677 -64.3087227282155 65728.1670514597 40.3568419318454
300260 156.11587800714 -13283.3947787658 -13127.2789007586 16745.3719733513 16808.8829623859 16684.0454385512 16743.1875191169 -143.269315475758 65840.0645053176 40.3797304835772
300270 156.185653330361 -13281.9448737441 -13125.7592204137 18306.7374031821 18446.9539991128 18227.5314176827 18245.7267927509 -153.180427628518 65723.4059050321 40.3558674664472
300280 156.16794094774 -13283.0234933149 -13126.8555523671 16647.5694735777 16830.8028585905 16597.2688661511 16514.6366959917 -125.815478268195 65847.3691707494 40.3812237461578
300290 156.213817668495 -13281.4040655044 -13125.1902478359 18399.7332632529 18529.8060225858 18391.9078154883 18277.4859516848 -88.9971541924805 65720.0490791351 40.3551803955042
300300 156.395667633688 -13282.8028104813 -13126.4071428476 16558.1642600845 16523.8295433894 16585.490658102 16565.1725787622 -46.5590282851144 65858.4722680481 40.3834932949839
300310 158.092920961613 -13282.6089084915 -13124.5159875299 18456.3686691478 18293.9128252658 18503.2619633704 18571.9312188072 -35.3866227155682 65714.1424778383 40.3539713829046
300320 159.705307882854 -13285.4391793486 -13125.7338714658 16538.6870259361 16375.8587218845 16601.9469075853 16638.2554483386 -66.3929586591539 65853.8339499851 40.382545222157
300330 161.016315867381 -13284.8857505604 -13123.869434693 18469.0097585464 18368.7646127164 18562.6925359073 18475.5721270154 -114.932821426787 65707.1763708238 40.3525454086965
300340 160.328117733741 -13285.6031929192 -13125.2750751855 16560.4401332589 16508.0077912907 16688.309704103 16485.0029043831 -119.528376704869 65852.4741320386 40.3822672667499
300350 158.831575977092 -13282.5737034335 -13123.7421274564 18415.4488550492 18408.2967549754 18560.3665603029 18277.6832498694 -136.061563710455 65720.7674868818 40.3553274402746
300360 157.56830270889 -13282.807467057 -13125.2391643481 16614.0556658824 16655.630015085 16768.3824570624 16418.1545254999 -168.386155621806 65860.4175562131 40.3838908988933
300370 158.429904305004 -13282.2888623316 -13123.8589580266 18311.1565714079 18372.9424314671 18460.2800424779 18100.2472402785 -245.571732169609 65731.3903469682 40.3575016180796
300380 159.475696910838 -13284.649601454 -13125.1739045432 16761.4751117822 16794.8615487048 16889.149199006 16600.4145876357 -317.812838964102 65841.510775821 40.3800261474508
300390 159.16276309438 -13283.3913030815 -13124.2285399872 18167.2269195991 18139.5503579455 18246.6719602317 18115.45844062 -313.862388200826 65734.6416707574 40.3581670187909
300400 157.196266434209 -13282.7843512821 -13125.5880848478 16937.261978361 16859.0665572099 16943.9978027807 17008.7215750923 -217.84177019936 65828.1145550227 40.3772873664461
300410 156.235041801081 -13281.4718030111 -13125.23676121 17946.2323180911 17868.9172013556 17880.7086822105 18089.0710707071 -79.9152923296949 65756.5067735224 40.3626412585745
300420 156.996521959417 -13283.3566093687 -13126.3600874093 17158.0879180651 17093.4741119626 17099.6990368059 17281.0906054268 18.996015001576 65813.4844015791 40.3742958904296
300430 159.176731367927 -13285.5774824307 -13126.4007510628 17699.9914389395 17638.8529428487 17731.4603959213 17729.6609780486 49.6712188764851 65764.1431853895 40.3642036581859
300440 160.434055285791 -13287.6528268501 -13127.2187715644 17449.0099043178 17402.8069281619 17556.7187337607 17387.5040510308 29.4045517348577 65775.5598330997 40.3665392634118
300450 159.632625556825 -13287.6370897749 -13128.0044642181 17423.1472925198 17424.8817118188 17517.6001814275 17326.9599843133 10.3073618492018 65775.8795250632 40.3666046617519
300460 157.562296395256 -13286.1593333054 -13128.5970369102 17725.9308696007 17729.3889551197 17734.9183447243 17713.4853089581 40.9800223689395 65756.5542172118 40.3626509658631
300470 155.632180394069 -13285.5082610725 -13129.8760806785 17114.9948302844 17041.6878761078 17061.735725303 17241.5608894425 73.1463439434748 65805.2826933848 40.3726186660079
300480 154.87060314437 -13284.6250899764 -13129.754486832 18023.0001168982 17915.2701314745 17940.011033546 18213.719185674 65.5876922821354 65736.0716699915 40.3584596687948
300490 154.402123208819 -13285.6140235475 -13131.2119003387 16830.7379148979 16761.8587871304 16774.8968224059 16955.4581351574 71.6805318832982 65822.1626621919 40.3760704166564
300500 154.331187335007 -13284.731127549 -13130.3999402139 18306.5405728594 18298.0746834107 18300.8733988341 18320.6736363334 136.21540461199 65709.6500172469 40.3530517799564
300510 154.727408734843 -13286.8590113668 -13132.1316026319 16565.2265658148 16572.2808786848 16600.0923782775 16523.3064404823 154.95443480188 65837.2985437741 40.3791650206555
300520 156.390423953923 -13287.1415164725 -13130.7510925186 18539.2213824958 18526.4120228525 18574.329669787 18516.9224548481 96.0034879792123 65683.9096759013 40.3477819452313
300530 156.704464053979 -13289.4660537819 -13132.7615897279 16386.6045439706 16366.3307840844 16395.5623952086 16397.9204526188 9.88952570120898 65842.0215261103 40.3801305600848
300540 155.458828103463 -13286.663383192 -13131.2045550886 18712.1102456678 18673.4584089523 18726.1686133615 18736.7037146896 -73.0127229638911 65673.4892350942 40.345648170962
300550 153.343294487115 -13286.9264863328 -13133.5831918457 16227.0698559794 16154.1909261612 16256.6996780333 16270.3189637438 -62.5279125271716 65866.7182893421 40.3851786729209
300560 153.609450724705 -13285.3221228693 -13131.7126721446 18777.5184585637 18690.5494106641 18844.7378842818 18797.2680807451 10.1735004257021 65675.1189505571 40.3459818996531
300570 155.046996881677 -13288.9628951706 -13133.9158982889 16221.5541651243 16158.7253921164 16329.9422230896 16175.9948801669 84.7721586810757 65859.6310156992 40.383730136208
300580 156.696106016633 -13288.6620007557 -13131.965894739 18762.8175579404 18734.9423248957 18827.1342065141 18726.3761424113 89.3392606298599 65664.0478478586 40.3437146807643
300590 156.252500248144 -13290.4220236515 -13134.1695234034 16296.6068844571 16295.7327969513 16268.2431308198 16325.8447256004 14.1983241890686 65846.5445889749 40.3810551858415
300600 155.018103328096 -13287.5091967826 -13132.4910934545 18648.0683664951 18638.3569307653 18580.2277543929 18725.6204143271 -90.1028170854043 65671.8396040606 40.3453103583919
300610 152.935914313565 -13287.4794638584 -13134.5435495449 16433.2312257418 16426.530814923 16352.3587618513 16520.804100451 -172.435730006969 65839.4682426576 40.3796085871889
300620 152.650998449116 -13285.6889824636 -13133.0379840145 18464.7371298957 18505.3212271147 18350.2631068903 18538.627055682 -253.43888695846 65685.0783331449 40.3480212349255
300630 154.043271894811 -13288.6736068046 -13134.6303349098 16635.7670233528 16739.6418580575 16485.9288035458 16681.730408455 -274.741929130188 65818.1863251001 40.3752573566729
300640 156.115275472364 -13289.4997127474 -13133.3844372751 18264.1469643849 18392.3140129087 18090.5579563228 18309.5689239233 -250.555060386149 65693.0255019125 40.3496483909016
300650 156.005437167955 -13290.6972830118 -13134.6918458439 16851.8198517545 16945.3242661408 16682.6762788259 16927.459010297 -211.111770823319 65800.0094033522 40.3715402206008
300660 154.167866226085 -13288.090810411 -13133.9229441849 18059.6979037793 18096.1623816964 17906.2772697323 18176.6540599093 -170.522944002682 65715.3196446597 40.3542123410443
300670 152.190458160849 -13287.1496234022 -13134.9591652414 17020.2097259711 17009.6164963273 16900.5141739037 17150.4985076824 -126.534059438834 65797.6383754767 40.3710553007258
300680 152.500620411135 -13286.8166978151 -13134.316077404 17875.9952419748 17807.9428114061 17833.1768368722 17986.8660776461 -136.436964371922 65730.6395787775 40.3573479662568
300690 154.34389443481 -13289.1988206718 -13134.854926237 17192.7190937648 17041.2334031296 17254.832515133 17282.0913630319 -195.863544071502 65775.8023825435 40.3665888809782
300700 155.890039708858 -13290.2625056694 -13134.3724659606 17742.9377473061 17492.3178821836 17889.5422871973 17846.9530725374 -241.207962746529 65728.9231762424 40.3569966838221
300710 155.330178117663 -13290.0882965985 -13134.7581184808 17342.2602421031 17057.4291915775 17498.4165908128 17470.9349439188 -254.511212710364 65760.2695490647 40.3634111325129
300720 153.202473874739 -13287.8688189723 -13134.6663450976 17608.2193532231 17370.9111712197 17697.9410785545 17755.8058098951 -217.668356912598 65747.4449123617 40.360787057005
300730 151.465994698645 -13286.3662675503 -13134.9002728516 17438.8731798208 17311.0081273807 17434.4759023133 17571.1355097684 -151.848921789003 65767.8639639711 40.3649648806639
300740 151.946471160045 -13286.7661255959 -13134.8196544358 17487.2548893705 17501.2725283369 17405.5783990255 17554.913740749 -48.9232394175066 65765.425035815 40.3644659112058
300750 153.746940380132 -13288.3365225833 -13134.5895822032 17549.6280083167 17667.0787023041 17409.1484397008 17572.6568829451 32.5559255204671 65755.2604699931 40.3623862550647
300760 154.506943642369 -13288.9928161427 -13134.4858725003 17417.9148803187 17548.1159644663 17264.2955940691 17441.3330824208 11.6249569409793 65760.746212541 40.363508657039
300770 153.777239610667 -13287.9090950275 -13134.1318554168 17632.708384541 17674.2669592566 17543.5999303534 17680.258264013 -65.3776125194998 65746.039396564 40.3604994507559
300780 152.986212730052 -13287.1658928805 -13134.1796801504 17328.2254612729 17261.9122126789 17292.0068042614 17430.7573668784 -119.106837845059 65772.0339855133 40.3658179782386
300790 153.758711998311 -13287.3437335045 -13133.5850215062 17687.935679914 17572.7805246217 17648.3584021253 17842.6681129949 -113.991338254916 65744.7729394817 40.3602402961409
300800 155.555744376426 -13289.0628069412 -13133.5070625648 17270.1302934888 17149.2142753735 17240.7456483397 17420.4309567532 -82.0132674706461 65769.820589919 40.3653651691417
300810 156.636932382482 -13289.3085431388 -13132.6716107563 17775.9603698163 17649.5845586117 17827.2205009757 17851.0760498615 -42.603744093874 65727.6242587532 40.3567308406611
300820 155.943698810878 -13288.7519313886 -13132.8082325778 17219.9558377308 17092.9911415183 17343.2143307719 17223.6620409024 -32.1501692516168 65774.3665484943 40.3662951552087
300830 154.839798815443 -13286.8979774265 -13132.0581786111 17803.5145302438 17687.5330807653 17947.1862247003 17775.8242852658 -74.1502674188609 65740.3591010288 40.3593370681002
300840 154.616665569065 -13286.8748976141 -13132.258232045 17165.5772760039 17053.0948013553 17295.8021051088 17147.8349215476 -106.78290357866 65795.0781178973 40.3705316667296
300850 155.346575836073 -13286.655735602 -13131.3091597659 17836.1609457557 17800.937522153 17877.071549247 17830.4737658672 -83.1126991126852 65746.9000021476 40.3606755542391
300860 155.439650146679 -13286.8619494834 -13131.4222993367 17151.3364377579 17273.0920647059 17048.8821890421 17132.0350595257 -33.7069674170403 65797.0043854425 40.3709256358444
300870 155.065953560657 -13285.4837706525 -13130.4178170918 17859.2156862434 18141.1178864501 17618.3231171714 17818.2060551087 -29.7804760453511 65744.8558436114 40.3602572608822
300880 154.669185602277 -13285.2350130803 -13130.5658274781 17122.9372524108 17478.3749404459 16839.4945310629 17050.9422857237 -76.1993325826314 65798.2785243216 40.3711862243741
300890 155.012082002499 -13284.5014265949 -13129.4893445924 17893.2117997114 18203.8248951065 17676.7887930786 17799.021710949 -164.725853520258 65739.7811726112 40.359218800436
300900 155.78033463848 -13285.4933214673 -13129.7129868288 17100.8727184257 17302.0466519139 16992.3039535028 17008.2675498604 -229.167298106457 65799.5305508174 40.3714422871737
300910 156.869275277325 -13285.5358342514 -13128.666558974 17903.780346594 17995.0077515147 17836.4159845419 17879.9173037253 -217.735023433349 65740.3930845507 40.3593440224897
300920 157.592292984429 -13286.5950606363 -13129.0027676519 17084.4492388496 17099.0114021715 17012.1293849796 17142.2069293977 -174.050687087115 65803.108364286 40.3721739989395
300930 158.527042420868 -13286.5507476226 -13128.0237052017 17919.9088234165 17912.8881437989 17873.7070277069 17973.1312987436 -192.379040930882 65739.0649925256 40.3590722398947
300940 159.175300421516 -13287.6715797044 -13128.4962792828 17076.9547380253 17100.2658603415 17074.3473819888 17056.2509717455 -247.655259786567 65800.1696100549 40.3715729854699
300950 159.322866649165 -13287.0226530288 -13127.6997863797 17935.8102045566 17980.0830411232 17974.1355946428 17853.2119779038 -289.363177449128 65736.653087114 40.358578654864
300960 158.493935589591 -13286.9161836752 -13128.4222480856 17061.2852471855 17093.5803822447 17077.8148634719 17012.4604958397 -263.247272054509 65804.1175811428 40.3723803927876
300970 157.318263007959 -13285.1261968528 -13127.8079338449 17937.7213306493 17957.4433503215 17916.7491877388 17938.9714538876 -181.150464603262 65742.8239270943 40.3598414640001
300980 156.155968167873 -13284.8149757918 -13128.659007624 17074.0956731302 17116.2839988856 17026.0286743073 17079.9743461976 -78.9551226713443 65812.1415148898 40.3740212837194
300990 155.676462065875 -13283.8258167991 -13128.1493547332 17870.0993905642 17954.9866889483 17794.0052002772 17861.3062824673 9.10679181163946 65754.981072354 40.3623290876669
301000 155.515542166689 -13284.3543984427 -13128.838856276 17203.9124560812 17288.2916551716 17131.5094793774 17191.9362336945 54.564034856086 65807.2272473976 40.3730163340023
301010 156.548193273876 -13285.1125469978 -13128.5643537239 17664.2931368695 17669.394954687 17623.101197017 17700.3832589044 -6.26176422958858 65770.5892417853 40.3655224185312
301020 158.332021081385 -13287.1173258782 -13128.7853047968 17458.9517517283 17364.3904667739 17416.2566503815 17596.2081380294 -119.56827366552 65776.2663843636 40.3666838000112
301030 159.016462816124 -13287.9702571397 -13128.9537943236 17415.591897369 17285.7350428639 17297.2738641929 17663.7667850502 -153.293024983696 65772.6139640927 40.3659366266445
301040 157.163936621675 -13286.1542106339 -13128.9902740122 17766.3852723336 17649.9067545475 17576.0651918596 18073.1838705938 -68.4136071759584 65751.1796902277 40.3615512728627
301050 154.142850496543 -13284.1036256539 -13129.9607751573 17058.0488688473 17002.1063416777 16891.4245975001 17280.6156673641 46.9094053909409 65812.8017670797 40.3741562990636
301060 152.854970963487 -13282.2610870095 -13129.406116046 18086.9831266668 18148.2130150913 17983.5155814456 18129.2207834635 119.55958138327 65738.6790139762 40.3589932520222
301070 153.623389373953 -13284.2773441989 -13130.6539548249 16737.0774652631 16909.7432125585 16695.8422419417 16605.6469412891 121.053199031299 65834.7961682601 40.3786534306386
301080 155.815892176116 -13285.186629039 -13129.3707368629 18413.7735109627 18617.2536186316 18407.8323618822 18216.2345523744 82.5320303280371 65702.1506175207 40.3515165656773
301090 157.13411052234 -13288.207260633 -13131.0731501107 16465.3025404511 16588.3429289603 16475.449700687 16332.1149917059 40.0836524494061 65843.2886400626 40.3803895937405
301100 157.305551830269 -13286.771738787 -13129.4661869567 18659.2571081808 18633.2062146549 18694.4299338741 18650.1351760134 42.2242417709316 65679.0951446308 40.3467961106728
301110 155.969928658831 -13287.6243925164 -13131.6544638576 16252.3555326936 16109.9590336419 16292.6362699301 16354.4712945087 68.5051416436232 65860.5403710658 40.3839160011662
301120 155.506786182985 -13285.2751793506 -13129.7683931676 18814.3325396897 18676.9139736883 18814.6383646158 18951.4452807648 71.177316868386 65669.4636158149 40.3448237919537
301130 155.171957655004 -13287.3046569244 -13132.1326992694 16144.5033277495 16090.1346576296 16076.8220920877 16266.5532335312 21.035270565424 65869.1845196712 40.385682710529
301140 155.976010689777 -13286.0218932756 -13130.0458825858 18872.7262022831 18904.9296586498 18755.0520292117 18958.1969189877 -16.6658892207013 65663.2994888261 40.3435614173019
301150 156.222496238936 -13288.6347138448 -13132.4122176058 16136.9438699117 16172.4743223733 16026.8711964686 16211.4860908931 -48.762509716649 65866.0114340252 40.3850342065341
301160 156.263589240175 -13286.6135363994 -13130.3499471593 18851.4616010424 18827.571016188 18769.3257228479 18957.4880640912 -130.266737818616 65663.693916037 40.3436421958934
301170 155.078845225256 -13287.7706103367 -13132.6917651114 16201.5116838697 16145.2639514383 16131.6307496702 16327.6403505008 -184.126219556921 65865.3829302731 40.3849057526943
301180 154.696139744575 -13285.4613189714 -13130.7651792268 18731.6975243853 18712.23265367 18662.1010177201 18820.7589017657 -157.462021585442 65678.5177988521 40.3466778887808
301190 154.508801262317 -13287.3165280925 -13132.8077268302 16343.8676216445 16380.9536063466 16252.7531708493 16397.8960877378 -66.4516893312078 65857.5940671539 40.383313794021
301200 155.286144113648 -13286.320704556 -13131.0345604423 18563.3966963881 18620.5613050568 18410.6842608308 18658.9445232767 13.9889662574612 65689.4103776604 40.3489082226865
301210 155.40470550763 -13288.1192565425 -13132.7145510349 16538.8079487661 16571.9868848768 16326.5748602294 16717.8621011921 3.85243348523275 65838.0551577473 40.3793197015842
301220 155.466048016971 -13286.7457883211 -13131.2797403041 18371.6704361901 18392.4742600464 18157.4679569069 18565.069091617 -78.9156046626629 65701.7064863372 40.3514256431985
301230 154.8251737853 -13287.5317457689 -13132.7065719836 16735.3389090646 16776.443628732 16575.9218821444 16853.6512163173 -197.109234720501 65827.57979249 40.3771780295816
301240 154.439288696982 -13286.0570242477 -13131.6177355507 18150.5905162958 18203.886269566 18104.9003582841 18142.9849210372 -277.948645726485 65723.9874146888 40.3559864867419
301250 154.195706986269 -13286.8268790526 -13132.6311720663 16953.4399831489 16987.0937203003 17018.9224882634 16854.3037408831 -263.635200706086 65814.4352390948 40.3744903248005
301260 154.740382755525 -13286.5668299582 -13131.8264472027 17930.344289375 17937.7046166363 18056.5626638991 17796.7655875897 -170.067459030378 65740.0203321774 40.3592677422962
301270 155.409264457922 -13287.8003064493 -13132.3910419914 17162.8814480289 17179.314791003 17298.9285610556 17010.400992028 -37.8705367816059 65791.4461557716 40.3697888201812
301280 155.942975657362 -13287.8243781381 -13131.8814024807 17752.5573066021 17790.7873360029 17857.8831386963 17609.001445107 18.9635016081868 65744.1544964602 40.3601137431791
301290 155.299909982557 -13287.5553953307 -13132.2554853481 17349.9789897717 17411.6439823687 17438.203658333 17200.0893286133 24.4206910989521 65776.4969052587 40.3667309566008
301300 153.811243309958 -13285.9807637518 -13132.1695204418 17574.4968951401 17668.2745665132 17647.5192321662 17407.6968867411 33.7110493775346 65766.4167305915 40.3646687991153
301310 152.966963406937 -13285.2618823409 -13132.294918934 17484.6754420312 17613.1065127362 17519.5912130175 17321.3286003399 7.268657098117 65778.2064821759 40.3670806733784
301320 153.999876491365 -13286.2651846708 -13132.2653081794 17422.4933580505 17575.0209622226 17404.5531944439 17287.9059174848 -56.6026096697538 65779.1576830951 40.3672752515992
301330 155.903408379538 -13287.8421143129 -13131.9387059333 17627.5422802892 17788.7182619107 17567.6412104425 17526.2673685146 -86.7766754486791 65754.4859865124 40.3622277880265
301340 156.67374697398 -13288.7267677145 -13132.0530207406 17337.3561273756 17467.3960470239 17280.7321315479 17263.9402035552 -17.4350637667055 65769.4039948698 40.3652799423784
301350 155.841699642371 -13287.5794904636 -13131.7377908212 17727.9358694622 17792.7326974375 17697.5974560075 17693.4774549418 31.7817162697553 65742.3909293643 40.3597528573301
301360 154.622775598385 -13286.8227477316 -13132.1999721332 17227.6516133375 17245.1658125851 17211.8359894955 17225.9530379317 -15.7971787456095 65785.1139401947 40.3684936244166
301370 154.692684866365 -13286.4403145296 -13131.7476296632 17795.5428790123 17818.4059703818 17794.49061102 17773.732055635 -86.0648697731353 65744.7089616637 40.3602272042969
301380 155.28893642115 -13287.5082007599 -13132.2192643387 17174.8017019592 17236.3140610012 17206.4724303983 17081.6186144782 -118.689869093991 65789.5673442855 40.3694045354484
301390 155.489016334528 -13287.1533234117 -13131.6643070772 17856.8737166564 17934.354627244 17932.8924175828 17703.3741051422 -91.7948880128376 65740.2484577837 40.359314426045
301400 154.743295702129 -13287.0343551207 -13132.2910594186 17126.2569900285 17163.7646391457 17237.3745365955 16977.6317943443 -26.5909926380135 65798.6178499854 40.3712556231301
301410 154.190826411608 -13285.8838165302 -13131.6929901186 17877.1893556447 17815.3491937943 18016.3785763009 17799.840296839 -3.06310194278615 65745.5680314375 40.3604029958842
301420 154.503143011518 -13286.7832136998 -13132.2800706883 17107.7339647394 16930.7230015858 17273.1866486343 17119.2922439982 -47.9931713883507 65802.6358953905 40.3720773741114
301430 155.895427187982 -13287.4417623782 -13131.5463351903 17872.728204649 17632.3685302532 18041.6970211179 17944.1190625759 -95.3496243762616 65740.0365920716 40.3592710697334
301440 157.176689497867 -13289.2117800416 -13132.0350905437 17140.9336086384 16945.2638654772 17246.0520507629 17231.4849096751 -148.103899651662 65788.4808876765 40.3691823125359
301450 157.517343934891 -13288.9413078102 -13131.4239638754 17856.7117432871 17807.1108774642 17849.8894623635 17913.1348900338 -199.581394544628 65732.7569805292 40.3577813095817
301460 156.201088410782 -13288.2747465738 -13132.073658163 17175.4334440545 17291.1433791507 17039.7871281311 17195.3698248818 -175.12540869465 65788.0270944174 40.3690894933236
301470 154.616035112958 -13286.3158744531 -13131.6998393401 17803.0659587407 18011.1196511343 17540.167202286 17857.911022802 -71.3778517995206 65746.6736822208 40.3606292431298
301480 153.682827189639 -13285.9963526698 -13132.3135254801 17216.7866110549 17400.3461047999 16912.0247503249 17337.9889780399 1.30682411136451 65795.2867358745 40.3705743346109
301490 153.988250740203 -13285.9680627679 -13131.9798120277 17746.5030792381 17830.2027269293 17501.1232189945 17908.1832917904 3.89492392048593 65758.2928177749 40.3630066916665
301500 154.783465947321 -13287.1930903523 -13132.409624405 17270.6513490492 17255.3416226711 17138.5481561022 17418.0642683744 -49.6370111242409 65792.1113818784 40.3699248811664
301510 155.431593845022 -13287.5060556535 -13132.0744618085 17687.7761642437 17614.2931852964 17673.4674316896 17775.567875745 -95.6881967985454 65755.6027062872 40.3624562796246
301520 155.622715052917 -13288.0000840006 -13132.3773689477 17343.3836249533 17265.4761828645 17402.0832294561 17362.5914625393 -89.034048991406 65775.8688206884 40.3666024719964
301530 155.730742877076 -13287.9537675012 -13132.2230246241 17634.9329832778 17601.3618175888 17702.0171880559 17601.4199441888 -41.8663935868442 65751.9605784464 40.3617110557252
301540 155.511554423516 -13288.0775117182 -13132.5659572947 17394.9061867326 17427.1789476364 17392.8513311608 17364.6882814006 8.39887517701759 65770.829322811 40.3655715336162
301550 154.889525330073 -13287.4860878656 -13132.5965625355 17582.3109304903 17662.5265061983 17485.2524769264 17599.1538083461 26.7447194816974 65758.5494991849 40.3630592093518
301560 153.962224206716 -13286.8695026361 -13132.9072784294 17433.0729517153 17512.326164653 17297.7515977118 17489.1410927812 8.23594262308897 65770.4353509301 40.3654909359203
301570 153.304680982128 -13286.3011923832 -13132.9965114011 17551.6385565158 17617.4710486018 17449.1359314263 17588.3086895195 -26.1971052686791 65762.2109506115 40.363808336976
301580 153.291676150738 -13286.5286059865 -13133.2369298358 17459.1103862818 17502.3559946848 17412.6553128419 17462.3198513188 -50.7785581352486 65769.2776385413 40.365254092406
301590 153.707825982943 -13287.0157757991 -13133.3079498162 17515.4238186937 17521.7561266584 17523.1894531334 17501.3258762894 -33.2959065254471 65762.5909347309 40.3638860795803
301600 153.949163244016 -13287.3613600979 -13133.4121968539 17497.9217695969 17484.9429549809 17515.2747332657 17493.5476205441 35.7226535512266 65760.3238396827 40.3634222403036
301610 154.123907624048 -13287.6243475343 -13133.5004399102 17487.8908924913 17467.2306557894 17482.8005820481 17513.6414396362 124.823807955147 65757.7129220391 40.3628880429848
301620 154.691921680576 -13288.2367991141 -13133.5448774335 17525.0526502598 17503.964399469 17489.3878091599 17581.8057421505 201.981276716995 65751.7925955465 40.3616766837056
301630 155.396523808028 -13289.0814917698 -13133.6849679617 17466.2311384215 17493.02219713 17413.0802673252 17492.5909508094 234.538047796955 65754.432390621 40.362216821727
301640 155.42538500461 -13289.1765615547 -13133.7511765501 17549.8346488501 17673.7059175696 17488.1820137763 17487.6160152042 167.151228371786 65748.9589995145 40.3610968752809
301650 154.327723622921 -13288.3424332812 -13134.0147096583 17444.9132472869 17681.6387919537 17361.203558928 17291.8973909791 36.5359028080997 65760.2662368719 40.3634104548423
301660 153.174907851022 -13287.2615267845 -13134.0866189335 17559.0642192118 17852.7671414278 17443.711739511 17380.7137766964 -67.6110541363412 65754.5899618024 40.3622490624793
301670 153.394162753612 -13287.7043566269 -13134.3101938733 17419.9548448357 17687.5110685435 17275.6486117689 17296.7048541946 -88.6927741235002 65765.1075341556 40.3644009540467
301680 154.951818864281 -13289.1701935175 -13134.2183746533 17577.5934625563 17801.1594885914 17430.0506959139 17501.5702031638 -67.1420531843596 65748.789937608 40.361062281426
301690 156.383078480419 -13290.7727463066 -13134.3896678262 17418.6711179942 17606.7633565894 17270.2826897286 17378.9673076646 -12.0993918190595 65756.1722036826 40.3625728032688
301700 156.425865286081 -13290.7891048623 -13134.3632395762 17601.1295162593 17746.7041472757 17472.1067498491 17584.5776516532 65.2867023544498 65742.5151416489 40.3597782756022
301710 154.764353361665 -13289.494059372 -13134.7297060103 17396.7858811895 17505.6400554468 17346.7642809192 17337.9533072026 112.283185683597 65761.8036057433 40.3637249961845
301720 152.916897931002 -13287.6882492832 -13134.7713513522 17604.8678889206 17670.5318654841 17639.1597282648 17504.9120730128 88.1153658982751 65750.9945163635 40.3615133829903
301730 152.217366043079 -13287.3259266626 -13135.1085606195 17379.0449055708 17423.734747727 17440.5893927282 17272.8105762571 43.0837109006979 65769.9208886483 40.3653856881414
301740 152.555670911402 -13287.5343877803 -13134.9787168689 17616.5202760693 17676.4051178376 17671.3006545016 17501.8550558688 3.7574911748521 65750.2842364157 40.361368046396
301750 152.889928811533 -13288.0746350981 -13135.1847062865 17383.8216759803 17477.3621553661 17388.9883114973 17285.1145610776 -9.43362571820366 65765.4878078295 40.3644787536076
301760 152.628932157178 -13287.6164518479 -13134.9875196907 17626.5904194656 17731.7921388265 17577.6238692599 17570.3552503104 -10.3309167876167 65747.7465947879 40.3608487887907
301770 152.12161435904 -13287.2929860038 -13135.1713716448 17365.7452543978 17453.0071626917 17313.8518287009 17330.376771801 -26.2724710085453 65769.5926585388 40.3653185391224
301780 152.421297068603 -13287.2582141254 -13134.8369170568 17627.2064597892 17686.9104429227 17641.6859956111 17553.0229408338 -32.6292037412478 65749.7837771309 40.3612656424147
301790 153.351246191944 -13288.1924287805 -13134.8411825885 17365.3109596801 17436.3549680036 17428.5408370715 17231.0370739653 -34.3657772264369 65766.9330318119 40.3647744268519
301800 154.222139432069 -13288.5874504762 -13134.3653110441 17651.7252066778 17752.1547289753 17711.7413322591 17491.2795587989 -37.6958808489915 65745.1593641284 40.3603193704174
301810 154.601602451259 -13288.9548102072 -13134.353207756 17334.3312108062 17463.9957408975 17356.920594644 17182.0772968772 -25.6298066011977 65769.6710517287 40.3653345767506
301820 154.738746501434 -13288.495501841 -13133.7567553395 17673.3415398622 17801.3601753357 17661.2173783001 17557.4470659509 29.0942236529573 65743.8062706003 40.360042484828
301830 154.40115630727 -13288.0987191121 -13133.6975628049 17324.8791632956 17455.8772401098 17256.558488409 17262.2017613681 102.898493808461 65770.0236038277 40.365406701474
301840 153.720632468525 -13286.7810476293 -13133.0604151608 17679.5430969026 17806.7850486419 17566.8205794706 17665.0236625952 118.331126823103 65746.6738180982 40.360629270934
301850 153.353365373431 -13286.3303104585 -13132.9769450851 17326.3353173296 17437.5552610293 17209.4013357306 17332.049355229 84.8998629873399 65778.3172884117 40.3671033400638
301860 154.321348561778 -13286.5864661982 -13132.2651176364 17641.7381140778 17732.7532223838 17571.3200116401 17621.1411082096 40.5657886216592 65756.7960527559 40.3627004469215
301870 155.936300276139 -13287.9002266011 -13131.963926325 17379.6752412205 17430.9199100371 17378.1900916901 17329.9157219344 -31.3264435730184 65775.2637052198 40.3664786853103
301880 156.791010821328 -13288.0829636681 -13131.2919528468 17589.0777571363 17598.0522928029 17653.175829717 17516.005148889 -86.8195295329336 65758.6976084921 40.3630895128398
301890 156.715963123551 -13287.6762498235 -13130.9602867 17455.2912726123 17491.8344735104 17534.1343139485 17339.905030378 -67.0862032430621 65769.4399983576 40.3652873079644
301900 156.62756503664 -13287.174067864 -13130.5465028274 17491.3735655988 17574.5650280549 17533.4119937796 17366.1436749619 -9.51610439714527 65768.0970334613 40.365012562668
301910 156.745320195336 -13286.8871078763 -13130.1417876809 17558.4645888503 17674.0646925072 17529.3777870587 17471.951286985 -4.47544261934451 65763.050001715 40.3639800016925
301920 156.476410280428 -13286.4853609545 -13130.0089506741 17397.8784660509 17527.2817787581 17303.6315917146 17362.7220276798 -72.7215176086426 65778.2915283088 40.3670980705418
301930 155.480086627169 -13285.0918962484 -13129.6118096213 17663.3008010072 17821.5821194064 17518.6101156276 17649.7101679877 -151.614907124491 65765.6573975899 40.364513449599
301940 154.536543102402 -13284.3034079701 -13129.7668648677 17261.4437090249 17472.4466872778 17091.5152447704 17220.3691950265 -192.865845558061 65801.3463296005 40.3718136420727
301950 155.399500260152 -13284.5140600373 -13129.1145597771 17777.6224299079 17996.0151131104 17614.440191663 17722.4119849501 -165.301521455627 65762.6920501933 40.3639067671822
301960 157.857844856562 -13287.1853343815 -13129.327489525 17148.3777431054 17333.1370236997 17011.7778415973 17100.2183640192 -90.7634148152254 65801.578331116 40.3718610894855
301970 159.659956925889 -13288.1287881875 -13128.4688312616 17936.6844898391 18040.9436339406 17871.2756731116 17897.8341624651 -6.36857903085621 65736.5193440841 40.3585512846324
301980 158.479686777182 -13287.6783109988 -13129.1986242216 17018.2059678501 17027.7670611679 17051.0633924041 16975.7874499782 34.6192437712599 65808.6953510701 40.3733165610709
301990 156.062507519061 -13284.5135456025 -13128.4510380834 18042.2363408018 18014.4063423399 18131.430642097 17980.8720379685 25.7812841725379 65739.5856822424 40.3591787949971
302000 154.707852623758 -13284.1697720954 -13129.4619194716 16869.3152988653 16867.4430979337 16969.7477576116 16770.7550410506 -40.2519428251136 65829.3037045802 40.3775304963236
302010 155.418246609759 -13283.7918231502 -13128.3735765405 18194.448498646 18222.5039924329 18287.5956431012 18073.2458604037 -114.820478980396 65727.1000251732 40.3566235473175
302020 156.229702102539 -13285.7895075549 -13129.5598054524 16749.9449055417 16797.298998536 16806.4225343831 16646.1131837059 -107.594697459634 65832.6739130291 40.3782195429162
302030 157.017009398544 -13285.336860934 -13128.3198515354 18304.3894989008 18394.4642911369 18278.6478004889 18240.0564050767 -20.4221255697304 65713.9579050326 40.3539336018303
302040 156.961667457999 -13286.6894133254 -13129.7277458674 16642.6615678724 16801.4409996405 16518.7079520321 16607.8357519446 85.1316790004171 65834.1450359697 40.3785203098914
302050 156.546224877448 -13284.9564675945 -13128.4102427171 18425.1501138407 18628.2000710068 18276.8098459844 18370.440424531 117.993125212344 65701.2232414056 40.3513267128927
302060 156.041179972253 -13286.2019662949 -13130.1607863226 16526.3304650024 16695.6580086573 16463.7618090155 16419.5715773344 91.5681586639743 65846.2248872651 40.3809898323069
302070 157.365043889682 -13286.1050665045 -13128.7400226148 18497.6328425599 18593.1898795896 18573.5817928196 18326.1268552706 59.5728570345834 65697.7856087084 40.3506229438579
302080 158.068737232378 -13288.6830204101 -13130.6142831777 16489.5886712889 16501.2344621928 16671.207747902 16296.3238037721 -2.78983193366688 65845.5636823108 40.3808546678894
302090 156.969722138021 -13286.2701312021 -13129.300409064 18527.564131065 18467.837257205 18749.8756903057 18364.9794456843 -13.8363242839546 65694.612947101 40.3499733992201
302100 153.980110647401 -13285.3797371163 -13131.3996264689 16486.1441775035 16411.2408143803 16693.6454871896 16353.5462309405 -5.30272707205513 65851.3981101911 40.3820473183522
302110 152.519538334242 -13282.7096635306 -13130.1901251964 18463.3839929286 18406.6687775908 18641.1978206735 18342.2853805216 -28.7547606017346 65704.6931449773 40.3520370636846
302120 153.214643333017 -13285.2512501546 -13132.0366068216 16574.5713083691 16547.9113082797 16693.8454526432 16481.9571641843 -79.0746112347621 65839.2210907563 40.37955806071
302130 155.67112191215 -13286.5103369948 -13130.8392150826 18355.6786551371 18363.4563268948 18400.3810122534 18303.1986262631 -209.07543675346 65695.5926934428 40.3501739866581
302140 156.891159834519 -13289.3967432446 -13132.5055834101 16756.9370093237 16783.5476332335 16779.2992484608 16707.9641462768 -354.645780880066 65809.274881619 40.3734350737866
302150 156.630212892455 -13288.499799323 -13131.8695864306 18139.307672479 18151.7838111579 18192.6395229147 18073.4996833645 -401.081448136123 65705.4664648181 40.3521953725611
302160 154.939248626232 -13288.3309050187 -13133.3916563925 16993.7122108176 16975.1625272766 17064.0914425857 16941.8826625905 -314.527257337179 65793.1149166439 40.3701301358505
302170 153.867367013599 -13287.173100027 -13133.3057330134 17851.9202290283 17788.2225635293 17919.8608611986 17847.677262357 -199.677923072028 65730.2264946356 40.3572634241747
302180 153.788538402373 -13288.1535637381 -13134.3650253358 17303.6563727517 17208.7981328724 17381.2526150492 17320.9183703337 -136.352073743434 65772.0543712477 40.365822148637
302190 153.988858743797 -13288.7447429669 -13134.7558842231 17519.8785128312 17446.0433193824 17582.5918204215 17531.0003986896 -144.960872732959 65754.0467441272 40.3621379141042
302200 153.32008997643 -13288.5088598577 -13135.1887698813 17655.8923084981 17646.0928982903 17665.938011918 17655.6460152859 -215.810690764933 65743.0238974634 40.3598823848881
302210 151.957184541649 -13288.0421255099 -13136.0849409683 17174.9338594935 17225.1662160672 17120.0906324787 17179.5447299346 -272.486882818889 65780.559918893 40.3675620903599
302220 151.27187970412 -13287.0917292421 -13135.819849538 17982.8421953846 18059.0788081983 17900.9026066608 17988.5451712947 -233.40895607565 65721.4272630704 40.3554624833061
302230 152.226992966906 -13289.1984400703 -13136.9714471034 16844.3712425384 16957.8225101552 16763.9195380839 16811.3716793761 -112.046861606759 65802.2506607685 40.3719985892618
302240 154.504557778633 -13290.4009184068 -13135.8963606282 18288.0637216576 18451.2470189231 18202.9492011814 18209.9949448681 12.6590607627337 65686.3047832776 40.3482723550138
302250 154.861521696239 -13292.2252739218 -13137.3637522255 16628.164835528 16853.5649542759 16539.0804909021 16491.8490614059 80.713619068114 65807.7433291599 40.373121873185
302260 153.404721950041 -13289.4336540023 -13136.0289320523 18471.3314260007 18745.5509907783 18392.1298530767 18276.3134341471 39.6357886332004 65676.0263615598 40.3461677144125
302270 151.408022557185 -13289.2088162014 -13137.8007936442 16466.2898213494 16694.9945223265 16438.8207908086 16265.0541509131 -36.6293978912829 65833.2041673236 40.3783279524417
302280 151.721008886819 -13287.8162226707 -13136.0952137838 18539.2744078553 18639.0291389248 18572.6613909464 18406.1326936946 -61.9150259440722 65678.6616428778 40.346707343487
302290 153.094107382455 -13290.7558353663 -13137.6617279838 16453.9677068466 16430.6099096633 16512.3347116961 16418.9584991804 -3.20151340952562 65828.4100854095 40.3773477899576
302300 153.902794418746 -13289.7189253964 -13135.8161309776 18527.3632551231 18462.620851036 18562.8745788672 18556.594335466 132.522306178349 65667.3152459624 40.3443838282142
302310 152.328130145288 -13289.6814199311 -13137.3532897858 16541.8524426239 16516.543401178 16540.9015274355 16568.1123992581 259.950159199593 65816.8176416014 40.37497748807
302320 151.217577921003 -13286.9743132664 -13135.7567353454 18394.3176748555 18465.8589082881 18358.300593227 18358.7935230513 277.765966059498 65682.1563271942 40.3474229310722
302330 151.542656213302 -13288.5407912987 -13136.9981350854 16671.8217806912 16814.2571965656 16628.6623705551 16572.5457749528 184.729208955766 65811.503178403 40.3738907490711
302340 153.499327242702 -13288.9795959582 -13135.4802687155 18250.1771510941 18402.6690743008 18231.1590905591 18116.7032884224 41.9261625699708 65691.8582098839 40.3494094000218
302350 154.599747618293 -13291.0338871778 -13136.4341395595 16838.9814353233 16923.9327757141 16906.5979289898 16686.413601266 -57.3283839879701 65799.4633488436 40.3714285431976
302360 154.136837444652 -13289.3869509817 -13135.2501135371 18100.7744290586 18124.2554631643 18225.094517895 17952.9733061167 -90.6579654146711 65710.6611275586 40.3532587570517
302370 152.269442856861 -13288.3082543302 -13136.0388114734 16960.3055527206 17010.6976319864 17038.0065282951 16832.2124978803 -62.3445764994522 65802.8729623157 40.3721258568336
302380 151.596338347572 -13286.5728754631 -13134.9765371155 17957.1645414971 18064.3798953218 17956.8615593282 17850.2521698413 -48.0063692745981 65728.8097249267 40.3569734644296
302390 152.693374691323 -13288.0001940678 -13135.3068193764 17083.4312224288 17180.5578537533 17091.2442463496 16978.4915671836 -89.1176468742348 65786.7211439383 40.3688223708549
302400 155.019711097537 -13289.2588387661 -13134.2391276686 17868.0451913785 17887.5243827998 17930.8556508819 17785.7555404538 -161.939688986221 65719.7072019036 40.3551104191857
302410 156.289965229791 -13290.7218341995 -13134.4318689697 17204.1474672675 17109.7398091009 17311.3802100073 17191.3223826942 -228.837740493788 65767.2632805394 40.3648419906587
302420 155.755217031297 -13289.5130315696 -13133.7578145383 17767.0402313149 17567.8290641265 17888.6430463199 17844.6485834984 -240.361581370401 65732.415697684 40.3577114639274
302430 154.596535529338 -13288.5787754753 -13133.9822399459 17260.2048154583 17032.4397055966 17351.5535710864 17396.6211696919 -199.797110496507 65777.6295841803 40.3669626618704
302440 154.441948248728 -13287.819694367 -13133.3777461182 17687.0505643266 17511.9103351818 17725.427981507 17823.8133762911 -149.956493944662 65746.4495295497 40.3605833753942
302450 154.740717287349 -13288.1183430745 -13133.3776257871 17352.1016778457 17262.1936888729 17342.2803085015 17451.8310361628 -122.454015149067 65770.9399571469 40.3655941668298
302460 154.86631057971 -13287.7671827936 -13132.9008722139 17605.6699883824 17583.8620598305 17631.3530925095 17601.7948128072 -133.676541193474 65751.8147017968 40.3616812070054
302470 154.294550907994 -13287.0697193539 -13132.7751684459 17441.3872435363 17457.3593154394 17563.6801597828 17303.1222553866 -180.469943754183 65764.7433313744 40.364326442122
302480 153.593308336712 -13286.0571490591 -13132.4638407224 17517.9486813204 17544.3756664467 17685.6558482374 17323.8145292771 -220.183018172478 65761.4656889807 40.3636558597867
302490 153.787692555906 -13285.9766374693 -13132.1889449134 17518.0259607573 17545.4184985391 17619.1755417378 17389.4838419951 -168.204616809273 65763.4754874676 40.3640670529133
302500 155.057962619119 -13286.989557498 -13131.9315948789 17427.0006680818 17477.1718482667 17388.7440454799 17415.0861104988 -63.8922288012314 65768.7352344395 40.3651431270214
302510 156.216033755222 -13287.655638117 -13131.4396043618 17619.3645505894 17726.2742446961 17474.0465696367 17657.7728374354 -4.86033557224091 65752.0835976021 40.361736227398
302520 155.833669347501 -13287.2246094032 -13131.3909400557 17348.9225039359 17466.9663972313 17200.1767629253 17379.6243516512 31.8729668949106 65773.7531752724 40.3661696773426
302530 154.495499968877 -13285.3847099763 -13130.8892100074 17695.2894599093 17720.2530782904 17644.4400324787 17721.1752689586 82.8715158728462 65752.1174816296 40.3617431606026
302540 153.824612221897 -13284.8507740507 -13131.0261618288 17253.2733337615 17170.4157728037 17327.1829093755 17262.2213191054 139.210229279266 65789.059248201 40.3693006102111
302550 154.869844261785 -13285.1876985266 -13130.3178542648 17785.7195150069 17639.6275185723 17958.2299166708 17759.3011097777 170.850392726923 65750.0491309544 40.36131993918
302560 156.374764809347 -13286.9153111647 -13130.5405463554 17170.4208853228 17043.2930142206 17353.2547141627 17114.7149275851 159.448204181838 65796.2765415384 40.3707767747589
302570 157.315621770343 -13287.0421557208 -13129.7265339505 17875.701531498 17817.7936909531 18005.5806894941 17803.7302140468 83.6398509706045 65745.0691229399 40.3603009043437
302580 157.369903366534 -13287.5689755329 -13130.1990721664 17078.5668908483 17078.6263572746 17142.8025677647 17014.2717475058 -21.2774966232128 65807.2850348213 40.3730281516096
302590 157.340814670723 -13286.661091149 -13129.3202764782 17949.2777769476 17993.7741340535 17987.2492626885 17866.809934101 -144.760607418129 65741.2847323389 40.3595264884767
302600 157.304576366341 -13287.2427841175 -13129.9382077512 17016.6206128866 17068.9425881729 17090.2261173175 16890.6931331696 -215.934854014822 65807.9400410537 40.3731621007983
302610 157.043179826279 -13286.0828497008 -13129.0396698745 18019.6158786398 18073.7943350434 18129.5096087666 17855.5436921095 -181.3713712957 65731.5967256488 40.3575438552267
302620 155.854580657376 -13285.7417236136 -13129.8871429563 16954.0207856292 17045.8131936321 17044.2213810903 16772.0277821651 -68.4305183812163 65811.7952839733 40.3739504824023
302630 155.486731920032 -13284.4714533286 -13128.9847214086 18070.7117868174 18232.5518511459 18101.4739077002 17878.109601606 5.32927339567853 65730.0969209335 40.3572369054595
302640 155.689306567847 -13285.6267508297 -13129.9374442619 16903.6406382405 17106.6975545877 16880.0830737471 16724.1412863866 -6.0658273679955 65817.3488025088 40.3750861003911
302650 156.18739617429 -13285.1563775703 -13128.968981396 18117.6968145002 18286.9148783991 18052.5396142751 18013.6359508263 -72.9444500155089 65727.5432940194 40.3567142698847
302660 156.493318012514 -13286.5225014882 -13130.0291834756 16863.0535651738 16956.0757734865 16758.5994863423 16874.4854356925 -112.924484493075 65821.2979045513 40.3758935984598
302670 156.99808586572 -13286.0206002138 -13129.0225143481 18137.0942081726 18145.639102647 18035.2128808917 18230.4306409791 -76.9289081737579 65722.690231204 40.3557209851818
302680 156.485036599382 -13286.6289072534 -13130.143870654 16871.7662642742 16795.7261963132 16831.2615001477 16988.3110963616 -2.81419453828168 65814.677580763 40.374539880339
302690 155.785334684459 -13285.0656860431 -13129.2803513586 18121.2161641694 18028.2163648146 18156.5117709651 18178.9203567284 36.7545813549353 65720.9117563983 40.3553569694455
302700 155.349614581562 -13285.8243730407 -13130.4747584592 16902.4026436985 16851.9233442272 16984.0701761883 16871.2144106799 -16.4758428106899 65811.8624187941 40.3739642109292
302710 155.696043510549 -13285.4727687684 -13129.7767252578 18058.2785095256 18098.6148671227 18113.7182909833 17962.5023704708 -84.9398000114664 65725.5495304488 40.3563062087873
302720 155.509003283786 -13286.4691317728 -13130.960128489 16996.0802824251 17132.8514677025 17012.7257526906 16842.6636268823 -125.922607591416 65806.1475101814 40.3727955249893
302730 155.111836571686 -13285.6924788953 -13130.5806423236 17933.8424060103 18149.3792983622 17907.6899072867 17744.4580123819 -133.514197343322 65737.1262258221 40.3586754814138
302740 154.519684135041 -13286.1839452442 -13131.6642611092 17137.6390057183 17398.0251934226 17060.2360094873 16954.6558142452 -120.952100344289 65795.1969212438 40.37055596516
302750 154.243490026012 -13285.8884560256 -13131.6449659996 17770.6738028164 18031.8219325146 17671.876260174 17608.3232157605 -114.050504338129 65745.8280563119 40.3604562045146
302760 154.182551281125 -13286.7492844812 -13132.5667332 17330.3607185347 17534.260793074 17267.4459472669 17189.3754152631 -83.239568341666 65776.6258588075 40.3667573359818
302770 154.380314089225 -13287.3609982486 -13132.9806841594 17547.0438497936 17664.7859331356 17535.193031221 17441.1525850242 -38.7041080935378 65756.3791165092 40.3626151390932
302780 154.353250214113 -13287.9242719759 -13133.5710217618 17573.4630132652 17643.8046024513 17581.6342468543 17494.9501904901 -17.0247897515315 65749.1982506352 40.3611458313206
302790 154.271306905646 -13288.6861289613 -13134.4148220556 17307.8819180667 17350.6746762127 17324.5629632392 17248.4081147482 -2.83161633126005 65765.4511064733 40.364471244951
302800 154.167200973427 -13288.7873625345 -13134.6201615611 17821.2404659019 17825.6403633559 17866.0550080923 17772.0260262576 46.8925842862798 65725.9224494588 40.3563825342823
302810 153.235080669956 -13289.0819323438 -13135.8468516739 17064.8520172528 17002.0798230303 17138.3747470587 17054.1014816693 52.1295261360569 65785.3830385018 40.3685486676618
302820 152.209991326721 -13287.7733436669 -13135.5633523401 18043.4169598022 17928.4908727673 18135.9886504478 18065.7713561916 -57.3710407523706 65715.3490103221 40.3542183519614
302830 152.288084694516 -13289.1959220714 -13136.9078373769 16821.3007844892 16719.0830475714 16923.7811762074 16821.0381296888 -190.063902473617 65804.0617135402 40.3723689674198
302840 154.307468805725 -13290.2179443521 -13135.9104755464 18279.2999965477 18215.9191061798 18391.9749196061 18230.0059638573 -212.440666665462 65686.1938643885 40.3482496440998
302850 155.648345722338 -13293.0720133637 -13137.4236676414 16648.9542102716 16603.749729208 16777.0287109221 16566.0841906847 -126.796933763297 65802.983773779 40.3721485189233
302860 155.567318139759 -13291.7623203376 -13136.1950021979 18445.4478452966 18383.2229472257 18601.568592872 18351.5519957921 -35.2855826736892 65670.4755672523 40.3450310257296
302870 154.046570365641 -13292.077913731 -13138.0313433654 16485.6342694358 16421.1886783882 16654.9120659885 16380.8020639306 16.4041301677599 65820.203445818 40.3756698107411
302880 152.601112908899 -13289.123949571 -13136.5228366621 18575.6982001231 18529.3974211213 18733.5791599231 18464.1180193249 3.0687107469443 65667.6677707718 40.3444560222766
302890 150.754778676113 -13289.2036622821 -13138.448883606 16379.2580033401 16368.8141065057 16506.5791427088 16262.3807608059 -49.5300702576569 65835.3277296421 40.3787621050595
302900 149.743980540551 -13286.3736169682 -13136.6296364277 18658.4381386814 18666.6117564613 18746.184773119 18562.5178864639 -68.9120723497733 65668.1526501227 40.3445553209937
302910 148.929515678 -13287.4132516887 -13138.4837360107 16323.5114776069 16318.3682076856 16356.9745278644 16295.1916972707 -42.907601044883 65846.3659592417 40.3810186703155
302920 150.192701499981 -13286.5677735466 -13136.3750720466 18669.9780187158 18611.8672333801 18654.6303245282 18743.4364982391 -61.2868963551512 65671.2483634885 40.3451892823665
302930 152.620581881394 -13290.5692625002 -13137.9486806188 16331.4930004279 16209.6518917771 16301.7658109445 16483.0612985621 -79.1953488819891 65840.4252802242 40.3798042378938
302940 155.519504647425 -13291.1861542903 -13135.6666496429 18653.3834820829 18488.4142936308 18653.8290560693 18817.9070965484 -77.0510792025256 65659.5695891747 40.342797518817
302950 155.818124930695 -13293.0358830759 -13137.2177581453 16412.680429202 16237.7117752138 16470.7510533912 16529.5784590008 -56.5787088398013 65827.7759913336 40.3772181442154
302960 154.045328289446 -13289.3428456872 -13135.2975173977 18549.2551308323 18435.9574943986 18652.3453958294 18559.462502269 -8.69482458112314 65675.2776288367 40.3460143930638
302970 151.394966360534 -13288.1769987545 -13136.782032394 16503.6685726549 16470.6016206218 16638.8432306649 16401.560866678 11.5420295700785 65834.7887777312 40.3786519196867
302980 150.861634223871 -13285.7986541012 -13134.9370198773 18405.2409924539 18413.2300231062 18553.9829150303 18248.5100392251 -47.4344963327954 65693.4251192509 40.3497302077372
302990 151.792430927703 -13287.749524579 -13135.9570936513 16679.8039879087 16728.2656699405 16777.866944654 16533.2793491318 -111.30779684739 65819.4271475323 40.375511076873
303000 153.480564672686 -13287.7536907155 -13134.2731260428 18235.4236293983 18364.8810565941 18234.8931703967 18106.4966612043 -86.5663153255226 65701.3203441401 40.3513465918845
303010 154.234358378525 -13289.2417399222 -13135.0073815437 16865.5263668381 17058.7115413252 16774.5354927263 16763.3320664628 40.9404143506259 65804.6775308454 40.3724949065855
303020 154.973165931831 -13288.6637985024 -13133.6906325705 18026.6666950004 18205.2234268308 17929.1510777212 17945.6255804493 226.46869663045 65718.2110640117 40.3548041829461
303030 155.698341387229 -13289.8338818178 -13134.1355404306 17079.5314541315 17159.5398958158 17034.4354711373 17044.6189954413 329.574644209653 65789.5702659572 40.3694051330413
303040 156.337116318349 -13289.5882969015 -13133.2511805832 17808.6263652082 17751.6721218278 17872.5858714194 17801.6211023773 288.614236713302 65734.7349866556 40.358186116062
303050 155.959155589987 -13289.4174705598 -13133.4583149698 17308.8839398199 17137.665387085 17481.5482370422 17307.4381953326 158.65849595662 65774.8497415265 40.3663940015416
303060 154.623132208793 -13287.7067473696 -13133.0836151609 17574.4722317818 17335.3296545448 17834.4427078014 17553.6443329993 51.6329532481533 65757.6524486371 40.3628756698765
303070 153.003013811725 -13285.9506518181 -13132.9476380064 17527.2262162844 17297.5571445614 17788.0135864142 17496.1079178776 50.8747010878857 65761.182585292 40.363597937739
303080 152.307121495354 -13285.1977261087 -13132.8906046133 17365.7686763485 17228.6747233057 17530.0469223466 17338.5843833934 129.894260991156 65773.5267349598 40.3661233542115
303090 153.338801069721 -13285.6901873863 -13132.3513863166 17722.5348287686 17730.9964221811 17758.0380127521 17678.5700513726 216.770242544613 65744.2522062957 40.3601337377482
303100 155.423460777987 -13287.928430157 -13132.504969379 17182.7003495581 17315.977407208 17146.7524984634 17085.3711430029 259.367070712505 65779.5621167559 40.367357982219
303110 156.659125500889 -13288.3476678632 -13131.6885423623 17922.0358156328 18077.302543079 17916.5466965108 17772.2582073085 233.362252321044 65723.5649962434 40.3559000284575
303120 155.625776993528 -13287.9750536366 -13132.3492766431 17017.9748529827 17057.2911459918 17148.8183099821 16847.8151029741 171.629701051375 65798.6543502894 40.3712630881442
303130 154.263132054468 -13285.7314442877 -13131.4683122332 18034.4148573704 17921.8545327812 18308.5167794909 17872.8732598389 167.888584706792 65730.7203754262 40.3573645021125
303140 154.078575434828 -13286.3485475005 -13132.2699720657 16894.1950474647 16711.0355726714 17182.1984904625 16789.3510792603 211.520048934703 65816.6623161364 40.3749457268509
303150 155.351666354236 -13286.4130995181 -13131.0614331639 18132.4949631634 17980.6931962198 18287.0710600306 18129.7206332396 234.451276795923 65718.97160066 40.3549598535921
303160 155.950212919589 -13287.8929720212 -13131.9427591016 16861.6136730436 16797.8920284894 16828.0191598714 16958.9298307701 184.435971344018 65811.654879433 40.3739217707812
303170 155.829057786724 -13286.6160551021 -13130.7869973154 18144.1780731151 18167.9674438554 17994.0863061999 18270.4804692899 72.7491530010978 65715.6355905418 40.354277012554
303180 155.217851279134 -13286.965780938 -13131.7479296589 16859.6264385772 16944.1927204904 16683.9813763629 16950.7052188783 -34.5589790376743 65811.5891182894 40.3739083231319
303190 155.495933642465 -13286.1236321303 -13130.6276984879 18119.7789993245 18252.8927174915 17980.5043365242 18125.9399439579 -54.6615649491998 65716.1050789677 40.3543731125699
303200 156.131848229701 -13287.6727646139 -13131.5409163842 16909.0284368717 17063.563334948 16844.1537816094 16819.3681940577 9.53947415443577 65805.6922730375 40.3727024271091
303210 156.760691236991 -13287.3241562267 -13130.5634649897 18065.6431510517 18212.2245401127 18060.4571765855 17924.2477364569 84.3725036968534 65720.0142040374 40.3551732571899
303220 155.903215616863 -13287.3823791309 -13131.4791635141 16983.1092812658 17059.208723515 17033.8635194046 16856.2556008778 105.827883029905 65804.8580396856 40.3725318218214
303230 154.671198498213 -13285.4028636111 -13130.7316651129 17971.7647274334 17929.6461601 18091.4941587062 17894.153863494 57.5245336563398 65735.9916353828 40.3584432897873
303240 154.193930106503 -13285.6752963395 -13131.481366233 17052.069972357 16920.2823010591 17241.8873812756 16994.0402347362 -44.6004654007318 65804.7676553601 40.3725133376454
303250 155.320065718495 -13286.0304824076 -13130.7104166891 17890.694929995 17727.8340177475 18135.7829808979 17808.4677913396 -121.414114307394 65735.6006478402 40.3583632743627
303260 156.491540818816 -13287.7215914268 -13131.230050608 17156.4850622068 16988.0612383539 17415.0681955361 17066.3257527303 -82.6094777280795 65784.0985306577 40.3682859241134
303270 156.307894169442 -13287.0086611282 -13130.7007669588 17824.3621051708 17706.5255342984 18017.3188684528 17749.2419127612 67.0086711664479 65734.2904094053 40.3580951323435
303280 154.520608093332 -13285.8106322139 -13131.2900241205 17224.1252556778 17158.1837690159 17308.0398333737 17206.1521646438 185.209961462758 65784.9795100048 40.3684661270714
303290 153.35798523191 -13284.3411750365 -13130.9831898046 17725.4178628333 17640.6694800632 17735.4499640692 17800.1341443676 179.370516472929 65754.2588424588 40.3621813118535
303300 154.277242200191 -13285.6014456648 -13131.3242034646 17290.5055251951 17140.8105342855 17269.4190163561 17461.2870249436 77.6728232371747 65785.4481621688 40.3685619884885
303310 156.673775741883 -13287.6055399793 -13130.9317642374 17671.1702140806 17492.199363683 17660.0512547733 17861.2600237857 -21.8313599181576 65750.7530239487 40.3614639692319
303320 157.715471212279 -13288.8857915602 -13131.170320348 17385.4024801074 17217.3137462577 17428.3402154233 17510.5534786412 -19.7551290365886 65771.1807945658 40.3656434364802
303330 156.478328714229 -13287.6207005243 -13131.14237181 17588.0995679295 17452.0219378375 17690.0922183059 17622.1845476451 46.0757004059408 65762.2100631249 40.3638081554009
303340 154.541501450444 -13285.9834453613 -13131.4419439109 17433.0678922599 17325.324399236 17565.7066219152 17408.1726556286 79.0875818038871 65779.4533117967 40.3673357251986
303350 153.887866752637 -13285.3889887456 -13131.5011219929 17518.1148791085 17464.8352019462 17633.5627463405 17455.9466890387 23.357518584254 65773.1379767593 40.3660438252927
303360 154.755932731286 -13286.3501458534 -13131.5942131221 17511.0200828137 17530.2153005309 17587.704103777 17415.140844133 -87.1964231782969 65769.0484449689 40.36520720391
303370 156.054719544214 -13287.8156406488 -13131.7609211046 17460.1110595757 17545.2347157422 17484.385725405 17350.7127375798 -146.797957618547 65769.0698430718 40.3652115815455
303380 156.927330666508 -13288.8044853043 -13131.8771546378 17565.0715347463 17670.6811566572 17539.7065702567 17484.8268773251 -102.279420058576 65758.3613447481 40.3630207124772
303390 156.867005404829 -13289.1646155127 -13132.2976101079 17404.9439361352 17450.1340935605 17376.4919354676 17388.2057793775 -0.127071992052713 65766.5678909318 40.3646997243843
303400 155.750111775391 -13288.2840609328 -13132.5339491575 17633.3467167643 17607.307326912 17626.6597258561 17666.0730975249 86.5774537905171 65748.0629794646 40.3609135288225
303410 154.269426993701 -13287.5871364739 -13133.3177094802 17336.8002379651 17267.1850954746 17325.3423366783 17417.8732817423 79.4293161044184 65771.9148538785 40.3657936069443
303420 153.571705325811 -13287.1682968993 -13133.5965915735 17684.4710867066 17572.367009863 17647.8590952553 17833.1871550016 7.83471506178345 65745.4374492229 40.3603762749231
303430 153.373245300683 -13287.8669242294 -13134.4936789287 17289.9636297154 17116.3895036808 17211.2578882237 17542.2434972418 -25.2761410639177 65774.6445474988 40.3663520252562
303440 153.269145105296 -13287.9564115715 -13134.6872664662 17742.9146930113 17535.4730057964 17627.3831460283 18065.8879272093 32.7209897876587 65740.9604808598 40.3594601341418
303450 152.748143148535 -13288.4062583153 -13135.6581151668 17226.7207388967 17046.2278600316 17154.8945285532 17479.0398281055 159.822743320847 65781.93474387 40.3678433180562
303460 152.197936002016 -13287.8546089403 -13135.6566729383 17799.1326818356 17732.028901015 17813.096830196 17852.2723142959 235.892944436877 65739.4330596779 40.3591475620341
303470 152.097713193064 -13288.6547331169 -13136.5570199239 17163.7767873253 17233.4438597785 17242.6712325061 17015.2152696913 165.989677859591 65786.1765299929 40.3687109730738
303480 152.902276213457 -13289.1760893351 -13136.2738131217 17862.881433171 17983.7346391877 17963.7282742822 17641.1813860432 2.34483279641345 65731.0319827695 40.3574282755972
303490 153.636908733365 -13290.7483979598 -13137.1114892264 17097.0371079421 17201.703714197 17161.7223458512 16927.6852637782 -105.798208761918 65783.4853915879 40.3681605065189
303500 153.88688306562 -13290.479532567 -13136.5926495014 17952.8634267503 18021.4744760194 17994.7247184769 17842.3910857546 -89.0848694983062 65715.1958851845 40.3541870084466
303510 152.969318795677 -13290.521207369 -13137.5518885733 17003.7001779533 17061.7926211632 17043.9671253753 16905.3407873213 19.5619448767958 65785.3536882423 40.3685426641623
303520 152.046057980571 -13288.8910162985 -13136.844958318 18055.1192557016 18126.188811113 18082.3858771528 17956.7830788389 133.302789043308 65707.2394046882 40.3525583122899
303530 151.477079167902 -13289.3740205171 -13137.8969413492 16880.533352221 16965.0502713374 16863.4989486155 16813.05083671 191.354238766394 65795.8106781651 40.3706814942373
303540 152.084348272607 -13288.9244721104 -13136.8401238378 18175.3363598832 18234.8888573247 18128.1644541836 18162.9557681413 145.499297594741 65697.5697838683 40.3505787583185
303550 152.861217232544 -13290.7885506621 -13137.9273334296 16782.6265366776 16762.7346117987 16782.1788535712 16802.9661446629 19.1929078027351 65800.9232723894 40.3717271209276
303560 153.297925503518 -13289.9603795785 -13136.6624540749 18259.0655717223 18131.9529089809 18358.0551878754 18287.1886183105 -96.6348879657377 65693.0756632768 40.3496586608549
303570 152.97602604991 -13290.7979384297 -13137.8219123798 16714.1269739468 16547.1187032516 16836.2087239725 16759.0534946162 -153.089023354152 65810.8712768096 40.3737615294752
303580 153.642612622826 -13289.9923623542 -13136.3497497314 18266.8636751913 18174.1924045558 18340.9168923187 18285.4817286993 -178.029923621724 65691.5757844658 40.3493515759349
303590 154.086967228805 -13291.4032735576 -13137.3163063288 16777.3664715569 16855.1958278405 16787.0915742302 16689.8120126 -182.196955559409 65798.5323360221 40.3712381338692
303600 153.569475140182 -13289.527096709 -13135.9576215688 18184.4452479591 18433.3649431023 18144.8532814867 17975.1175192882 -206.741356182757 65695.4773038468 40.3501503625823
303610 152.343165332721 -13289.1551884418 -13136.8120231091 16890.4929463742 17217.8938768965 16809.9867488768 16643.5982133493 -237.564611197373 65799.1180340082 40.3713579201414
303620 152.946044564837 -13288.5408680148 -13135.5948234499 17991.1641731361 18236.4695744272 17910.50677793 17826.5161670511 -196.656279142231 65718.3756946853 40.3548378805211
303630 154.434828488821 -13290.3235363176 -13135.8887078288 17120.1526064604 17180.64856729 17088.8388599091 17090.9703921822 -111.127776661918 65781.0860270588 40.3676697090214
303640 154.504946258461 -13289.4509993317 -13134.9460530732 17771.2750831824 17651.9166808183 17815.1727042127 17846.7358645161 -59.967579696456 65733.6477733521 40.3579636147276
303650 152.467258073688 -13287.3737017535 -13134.9064436798 17368.3310977879 17140.770715357 17491.6118043634 17472.6107736432 -65.07752098178 65771.4094831925 40.3656902206631
303660 151.247184135228 -13285.6240127374 -13134.3768286022 17456.3458498641 17216.3206216414 17614.4442361495 17538.2726918014 -135.314920422057 65768.0414510529 40.3650011914746
303670 152.666304488351 -13286.2533022204 -13133.586997732 17682.7887163553 17501.0236637956 17808.7398454293 17738.602639841 -233.346088262675 65746.1404350323 40.3605201260747
303680 155.176790536055 -13288.5443438941 -13133.367553358 17175.3185203645 17103.4996747051 17194.2306657843 17228.2252206042 -303.878764745229 65779.3377650607 40.3673120890611
303690 156.549896462345 -13288.7231726526 -13132.1732761902 17986.0441531014 18032.9323154195 17860.6712765947 18064.52886729 -270.365962196188 65719.4084975599 40.3550492794071
303700 155.750813424346 -13288.4525471212 -13132.7017336969 16889.3159008756 17044.5435814286 16652.6179955018 16970.7861256964 -149.079721754608 65809.3610776034 40.3734527006154
303710 154.627140632007 -13285.9449198763 -13131.3177792443 18227.7627195577 18429.5602136967 17972.031859316 18281.6960856604 -36.7769320393841 65717.9929525249 40.3547595385168
303720 154.096777505868 -13286.4083283652 -13132.3115508593 16632.5834012266 16809.0931027845 16461.1756698237 16627.4814310716 -7.80532239441903 65839.1595907369 40.3795454879388
303730 155.099551352204 -13285.5625791801 -13130.4630278279 18463.9883896949 18557.0250347255 18433.3711146208 18401.5690197385 -88.4187828530644 65696.5037145875 40.3503605019188
303740 156.087581044164 -13287.8827855643 -13131.7952045202 16453.3222119242 16474.7291503323 16556.4670684362 16328.7704170042 -190.488543500981 65841.2435298261 40.3799715141617
303750 157.232328860062 -13287.0375964914 -13129.8052676314 18626.968219952 18607.8745855393 18783.4380218749 18489.5920524419 -224.563851473044 65676.204958366 40.3462042863072
303760 157.336512143901 -13288.9084651001 -13131.5719529562 16333.3795610774 16303.9311476144 16449.8971465898 16246.3103890281 -159.69271702746 65848.9612918711 40.3815492022435
303770 156.93359821008 -13286.5444455146 -13129.6108473045 18701.1738730336 18686.6579009385 18717.9525353425 18698.9111828198 -44.338172395925 65675.0230713474 40.3459622659227
303780 155.337052317092 -13286.9408958965 -13131.6038435794 16298.04288787 16295.3976281829 16218.3043428398 16380.4266925873 73.9942631455944 65859.2338563574 40.3836489594807
303790 154.679590506584 -13284.3380550729 -13129.6584645664 18666.7054148315 18689.1564977681 18532.6131865561 18778.3465601702 143.366524083682 65681.9801044772 40.3473868475083
303800 154.508704601873 -13285.9674113572 -13131.4587067553 16363.9985690159 16409.3127549981 16230.4429531534 16452.2399988962 122.645464019259 65848.0856508233 40.3813702072723
303810 155.046437270862 -13284.6346383866 -13129.5882011158 18608.7781457024 18639.7420405685 18520.9447447348 18665.6476518038 79.2957699796713 65678.6962343166 40.346714426713
303820 154.499413006027 -13285.8573280224 -13131.3579150164 16465.5425310814 16463.4530734306 16416.4025615827 16516.7719582309 60.0542119209104 65842.7739396713 40.3802843749353
303830 154.342016166569 -13284.1044022814 -13129.7623861148 18463.131154925 18440.0083955197 18407.063915835 18542.3211534204 60.8743476421363 65699.4853895311 40.3509709343973
303840 154.80687260136 -13286.0750981685 -13131.2682255672 16607.5185521156 16560.5114122292 16545.806251457 16716.2379926606 90.697978309054 65841.2132906831 40.3799653323429
303850 156.463454806644 -13286.2787994797 -13129.815344673 18288.888091445 18235.861872031 18213.5025484841 18417.2998538199 102.786938727364 65712.1584437769 40.3535652579494
303860 157.422386960378 -13288.3712513714 -13130.948864411 16804.647089783 16777.1913538436 16692.8663076595 16943.883607846 19.8743340556647 65817.3584724236 40.3750880776996
303870 157.559528374043 -13287.4389586098 -13129.8794302358 18111.8753743405 18105.7891359134 17976.2207312106 18253.6162558977 -89.9930530743904 65716.821273912 40.3545197102873
303880 156.555794882375 -13287.4489506169 -13130.8931557345 16990.0135751827 17002.3378737145 16890.7557544396 17076.947097394 -150.446310295578 65802.6940857367 40.3720892746705
303890 155.798125322569 -13286.0797560132 -13130.2816306906 17912.4173631616 17929.4889353392 17912.8562185787 17894.9069355669 -144.072099378349 65736.9147824123 40.3586322101525
303900 155.844017312705 -13286.8661355295 -13131.0221182168 17173.0581026853 17194.8945458673 17281.4117646641 17042.8679975246 -77.7418615648311 65793.4055165064 40.3701895723484
303910 156.801899856632 -13287.4978868107 -13130.6959869541 17743.6217524678 17741.1332206659 17892.5401929273 17597.1918438102 -19.8658935299278 65750.2500605471 40.3613610533461
303920 156.96937853701 -13288.194117017 -13131.22473848 17333.5514104273 17315.1991854683 17442.0286560751 17243.4263897385 -0.315350063514427 65781.8861648826 40.367833381035
303930 155.942555405064 -13287.1986949793 -13131.2561395742 17602.8835999496 17612.4547456245 17615.5298140758 17580.6662401483 -44.2754533273586 65764.028605345 40.3641802161564
303940 154.303961324651 -13285.9570218048 -13131.6530604801 17451.2815942637 17508.5205989284 17378.7481989132 17466.5759849497 -101.406762235431 65777.4819121564 40.3669324536493
303950 153.173585452255 -13285.0360557371 -13131.8624702849 17484.9247145183 17607.7778036136 17362.7824121655 17484.2139277759 -119.991853340089 65774.1710581382 40.3662551637974
303960 153.327080769053 -13285.3137677862 -13131.9866870172 17547.7341044728 17700.4325878006 17431.0669276201 17511.7027979977 -102.221891660634 65765.0843345532 40.3643962076688
303970 154.422503945349 -13286.6565717079 -13132.2340677626 17413.2593935492 17507.5518540781 17368.0374907183 17364.1888358512 -99.9985513392508 65769.1348031428 40.3652248711063
303980 155.654540359861 -13287.8813827978 -13132.2268424379 17619.7203939998 17593.5994349297 17658.5088253113 17607.0529217585 -111.375025207908 65749.5283350381 40.3612133736521
303990 156.77342358095 -13289.423895525 -13132.6504719441 17358.3524361772 17217.9428673108 17478.539075906 17378.5753653148 -130.644484717842 65766.5897168863 40.3647041896622
304000 157.491722587097 -13290.1638543451 -13132.672131758 17659.9870731508 17486.014686361 17787.3422882257 17706.6042448657 -143.748259908692 65741.3178244449 40.3595332603832
