# Fix print output for fix setl_out
120000 154.552605935289 -13289.9301398519 -13135.3775339166 3121.25618848982 3180.79917863247 3223.27959990181 2959.68978693519 -104.547274751947 66894.0029993495 40.5940511961928
120010 154.553029544649 -13290.0849288117 -13135.5318992671 1895.66040009851 1932.65446093209 1962.21366436606 1792.11307499739 -40.2678815069779 66995.5507495706 40.6145819375586
120020 153.850970771533 -13289.2213245033 -13135.3703537318 3098.22343825709 3167.88932789773 3100.26204984567 3026.51893702785 -14.1722390683311 66902.3360027771 40.5957367300594
120030 153.052605116201 -13288.534673908 -13135.4820687918 1893.64587020297 1991.31823024154 1844.82935872844 1844.79002163892 8.6051062247829 66999.8224138433 40.6154451201108
120040 152.859650939216 -13288.1087455723 -13135.249094633 3111.82753805128 3190.06859555228 3027.91258230821 3117.50143629336 65.7742323295256 66902.117067343 40.595692447326
120050 152.46900125393 -13287.7455839098 -13135.2765826559 1884.26684576504 1913.27714410803 1785.99265614683 1953.53073704027 99.1565619023945 67002.5154838861 40.6159892945534
120060 152.211006687411 -13287.1472099125 -13134.9362032251 3123.33414920517 3108.75383437932 3040.8883203332 3220.360292903 84.2236599857365 66904.5691753307 40.596188414718
120070 151.639316646429 -13286.4767723457 -13134.8374556993 1863.73197836891 1833.77469735226 1822.75334156156 1934.6678961929 12.5929646654861 67006.5245927686 40.6167993670044
120080 152.117296363491 -13286.4504421896 -13134.3331458261 3145.70066652251 3144.81894757782 3146.24907200661 3146.0339799831 -78.7641707764677 66902.2202375462 40.5957133149451
120090 153.511033186281 -13287.5821335011 -13134.0711003148 1836.55585790981 1901.51394059857 1859.96412868897 1748.18950444189 -126.952628564461 67005.6660146772 40.6166258871667
120100 155.995113997715 -13289.4089707151 -13133.4138567174 3176.86645552052 3292.38723154668 3202.72954493043 3035.48259008444 -148.202380030187 66893.7181784069 40.5939935823968
120110 157.704012599964 -13290.7962322027 -13133.0922196028 1819.96049971091 1929.92569717708 1826.74519718349 1703.21060477218 -147.404481254296 67001.4421879105 40.6157724210509
120120 157.60320963165 -13290.0747669756 -13132.471557344 3216.0103245937 3292.97235296462 3194.22526903186 3160.83335178463 -144.051770105926 66893.7077138664 40.5939914656185
120130 154.884291362173 -13287.1454132819 -13132.2611219198 1767.49164468135 1834.01214480455 1717.99576285056 1750.46702638894 -119.806685291059 67021.6151478403 40.6198482444307
120140 152.087047590091 -13283.7778180916 -13131.6907705016 3249.42099642295 3340.7698494713 3185.6456711473 3221.84746865025 -127.347252009874 66913.0669461094 40.5979070940417
120150 151.189374828561 -13282.6352173008 -13131.4458424722 1693.57215822168 1796.53569821533 1641.66087071133 1642.51990573838 -131.892363249162 67042.6417105308 40.6240956626271
120160 153.445033804075 -13284.1773964458 -13130.7323626417 3331.12508001276 3422.20021442442 3286.4415731517 3284.73345246216 -114.082315298492 66907.1377308971 40.5967079219935
120170 155.712511182181 -13286.1393065261 -13130.4267953439 1630.34980359872 1681.26582442435 1580.17600162247 1629.60758474933 -101.616857251348 67036.7658823173 40.6229088200686
120180 156.361841661006 -13286.0963968208 -13129.7345551598 3441.06148838988 3436.31707074031 3410.46003547814 3476.40735895118 -137.548143423219 66889.1988256255 40.5930793824068
120190 154.826484551786 -13284.42014126 -13129.5936567082 1516.29364866921 1469.34523493743 1543.30048231875 1536.23522875146 -157.839642914382 67048.5814616148 40.6252953463131
120200 154.62183511205 -13283.6383428749 -13129.0165077629 3502.55052623734 3428.64722414521 3583.89345222469 3495.11090234212 -118.315339105323 66890.8024768862 40.593403782678
120210 156.379679168324 -13285.3651237986 -13128.9854446303 1466.90875879951 1404.23998790007 1544.48772108468 1451.99856741377 -46.748481573148 67050.0449601452 40.6255909261556
120220 159.069115485243 -13287.5758391985 -13128.5067237133 3549.88619484928 3479.2346997322 3605.2546419981 3565.16924281752 -9.62071797493917 66878.2520417492 40.5908648349775
120230 159.197861284899 -13287.8637449292 -13128.6658836443 1481.07114508935 1378.75652101647 1491.2028229209 1573.25409133067 -9.69515869749119 67046.2655385631 40.6248275952227
120240 157.667426666275 -13286.0858866108 -13128.4184599445 3472.48167953249 3365.66176960736 3441.91244426058 3609.87082472953 12.3361461671306 66890.7579046679 40.5933947662991
120250 155.663205563856 -13284.3620984259 -13128.6988928621 1579.76356687981 1480.13925275122 1537.66516539824 1721.48628248998 44.9863455644876 67046.2960202447 40.624833751732
120260 155.511305685797 -13284.0359767464 -13128.5246710606 3324.51951234096 3237.43717489548 3336.86508039959 3399.2562817278 56.4016754233449 66903.5101897096 40.5959742240323
120270 155.793144812769 -13284.5627885112 -13128.7696436985 1776.0444497521 1710.86767598411 1855.62132181681 1761.64435145537 20.2687879943473 67026.3532727402 40.6208054350263
120280 155.991605319341 -13284.6514364717 -13128.6598311524 3113.25457182276 3099.99244777075 3239.80827942428 2999.96298827324 -37.9663025740077 66918.5131423743 40.5990085140464
120290 155.432742136076 -13284.2997416427 -13128.8669995066 1989.52191514 2023.18335234414 2134.1889025175 1811.19349055838 -94.0052346651321 67008.6905853511 40.6172370096507
120300 155.577899335968 -13284.3960184278 -13128.8181190919 2893.13151451005 2954.9348008271 3012.21730209444 2712.24244060862 -126.872371565545 66934.9116011559 40.6023245211421
120310 157.081358026282 -13286.0588293933 -13128.977471367 2192.57637687586 2294.6027397579 2216.52477327558 2066.6016175941 -118.490944204045 66988.2721090251 40.613111045607
120320 159.293869518042 -13288.3082122867 -13129.0143427687 2713.23999645001 2854.23358455694 2613.56423684025 2671.92216795283 -89.3691128971002 66941.8896413948 40.6037354181984
120330 159.204892505102 -13288.4458290027 -13129.2409364976 2380.51780941352 2524.37675914821 2212.09716814651 2405.07950094584 -82.625584687831 66968.6968376617 40.6091546808258
120340 156.111969432486 -13285.5931497667 -13129.4811803342 2560.870829076 2652.33968399293 2410.10453488295 2620.16826835212 -93.4955849867156 66961.3607278655 40.6076717785618
120350 152.815094590279 -13282.563325737 -13129.7482311468 2489.53811474046 2500.13549178477 2417.27479139554 2551.20406104106 -144.655262180072 66975.581691143 40.6105462687991
120360 152.427038422086 -13282.3818829581 -13129.954844536 2421.32232248813 2372.36687767318 2441.0214113538 2450.57867843741 -193.685618382742 66980.0506610511 40.6114494998384
120370 154.654416356175 -13284.723666047 -13130.0692496908 2621.4861558413 2579.36536247349 2711.88376641143 2573.20933863898 -178.78258561157 66955.3624749579 40.6064592267458
120380 156.85834786252 -13287.088410995 -13130.2300631324 2334.25304911244 2322.87589505921 2461.51689853073 2218.36635374737 -74.7871429389591 66972.016456465 40.609825664397
120390 157.304818439159 -13287.6529911333 -13130.3481726941 2720.79649782177 2699.18613898281 2850.80874155762 2612.39461292489 59.7293521686388 66940.0669822342 40.6033669023489
120400 156.233801186841 -13286.8519584965 -13130.6181573097 2234.47774167262 2191.91080887935 2329.58317471403 2181.9392414245 94.9872846397673 66980.4475234779 40.6115297084299
120410 155.416042323316 -13286.1921497052 -13130.7761073819 2796.75621890726 2777.15349755101 2802.41676858178 2810.69839058899 34.175969927937 66935.7540392984 40.6024948597717
120420 155.14712944452 -13286.2342867258 -13131.0871572813 2156.40546413563 2155.14508884317 2085.83470584975 2228.23659771396 -53.116915648232 66985.2023652296 40.6124906696012
120430 155.284856144078 -13286.5141555287 -13131.2292993846 2888.34482434237 2870.13581886832 2811.29661429735 2983.60203986145 -105.716861009893 66924.2280733084 40.6001642177728
120440 155.125193085153 -13286.7008874357 -13131.5756943506 2078.56333512503 2035.60576815742 2013.06449810133 2187.01973911633 -110.131690994394 66991.4320632192 40.6137496327739
120450 154.601799522995 -13286.312322719 -13131.710523196 2958.07616642154 2901.55807297521 2868.5223375633 3104.14808872612 -92.2134934096307 66923.7551730445 40.6000685878634
120460 153.458111941814 -13285.5276132594 -13132.0695013175 2010.66506462242 1950.36691415943 1909.7919225321 2171.83635717575 -92.8428675421759 67004.9808365064 40.6164874425548
120470 153.513244446472 -13285.6619094271 -13132.1486649807 2998.91770305141 2948.82473456165 2908.75653434414 3139.17184024845 -136.510491250904 66926.4448092014 40.6006124801844
120480 155.332670445403 -13287.7792349294 -13132.446564484 1954.67433366133 1888.93068589566 1863.40490927844 2111.68740580987 -170.897621647358 67003.121025876 40.6161116512177
120490 157.503471840488 -13289.9926335804 -13132.4891617399 3085.04654422213 2978.3430521363 2978.86909515659 3297.92748537348 -178.000719930038 66903.553702349 40.5959830249537
120500 156.522573039428 -13289.40289912 -13132.8803260806 1907.99895146969 1787.04489436191 1820.18739636927 2116.76456367791 -173.135793577193 66998.0799683224 40.6150930255759
120510 153.569415622417 -13286.5769789342 -13133.0075633118 3117.78563121068 3024.27649017295 3111.6030703909 3217.47733306819 -187.721943701938 66904.4165836618 40.5961575516298
120520 151.198727226652 -13284.6234799746 -13133.424752748 1850.58674651769 1818.68421453035 1900.72520195366 1832.35082306904 -224.648592369415 67008.7764111918 40.6172543507199
120530 151.422556040415 -13284.8731611629 -13133.4506051225 3158.2976724032 3188.2251406542 3213.88686175753 3072.78101479788 -248.890355666877 66901.0027716807 40.595467064049
120540 153.036210573203 -13286.7802715427 -13133.7440609695 1816.00219130728 1872.79768291515 1836.77614352819 1738.4327474785 -231.729129281508 67003.1946853039 40.6161265348948
120550 155.016357078354 -13288.6844464235 -13133.6680893452 3217.5305512669 3245.61267889175 3199.979199352 3206.99977555694 -213.097389115399 66885.2949512554 40.5922896516878
120560 155.35215608918 -13289.3168174857 -13133.9646613965 1782.66546852119 1729.02323076884 1752.9589883222 1866.01418647253 -205.797157593684 67003.1259893857 40.6161126541484
120570 155.190821594912 -13289.1114255348 -13133.9206039398 3230.57943185265 3097.88557671239 3217.73812946284 3376.11458938273 -171.817446386787 66891.3370670705 40.5935119229932
120580 155.076042200801 -13289.3406239921 -13134.2645817913 1742.73160920869 1598.61654051096 1732.12952238854 1897.44876472658 -90.7262184377863 67012.1597069304 40.6179379321759
120590 155.276088678387 -13289.5306074041 -13134.2545187257 3279.32136602805 3207.10359544941 3254.73841362708 3376.12208900766 25.3240598812163 66886.7375716051 40.5925814888404
120600 153.995512941961 -13288.675531447 -13134.680018505 1718.50638015596 1738.9243434122 1686.69747009328 1729.89732696242 143.197403156223 67016.0957914452 40.6187331734531
120610 152.490567377249 -13287.2268198144 -13134.7362524372 3290.50761134378 3396.83555011635 3219.36784396127 3255.31943995371 251.194072826334 66893.7301030046 40.5939959945167
120620 151.612167949368 -13286.8011007942 -13135.1889328448 1680.42189211894 1812.25448656864 1572.40441485198 1656.6067749362 255.82360244909 67022.9867600256 40.6201253406014
120630 152.4186826958 -13287.6347371472 -13135.2160544514 3327.67363269836 3404.96274839898 3222.46193787315 3355.59621182295 161.928689119502 66885.3386308869 40.5922984879891
120640 153.001935306737 -13288.6613372117 -13135.6594019049 1672.63311348024 1666.6648053269 1663.67311648586 1687.56141862797 52.9286773635273 67015.6236101362 40.6186377762135
120650 152.936123369568 -13288.6325663667 -13135.6964429972 3348.35688736155 3287.52716922247 3458.60897249664 3298.93452036555 17.3358832747472 66880.939935346 40.5914086214388
120660 151.68048306129 -13287.8430270899 -13136.1625440286 1642.71676897641 1554.62684867546 1813.91607032805 1559.60738792572 50.618423779369 67021.8638330827 40.6198984846618
120670 151.510462710934 -13287.6778910238 -13136.1674283128 3355.6158295225 3241.16633360025 3491.56156543815 3334.11958952909 90.2718884027102 66884.2102640531 40.5920702204204
120680 152.353333710961 -13288.9131435003 -13136.5598097893 1625.67448374126 1494.42250200576 1685.75640284847 1696.84454636956 82.5988715973373 67018.7611863849 40.6192716686175
120690 153.790302903139 -13290.2733313328 -13136.4830284296 3393.98345077588 3272.93035922185 3366.1651713577 3542.85482174808 49.6410362366953 66870.8286555019 40.5893629375842
120700 153.479260454593 -13290.3287073493 -13136.8494468947 1617.02257904195 1526.13861330147 1516.7691985381 1808.15992528629 15.482127586437 67014.7138875269 40.6184539789716
120710 152.021328671799 -13288.7768662958 -13136.755537624 3404.08311312348 3343.79432240929 3298.81929442994 3569.63572253122 -3.45471154562278 66876.8902472605 40.5905893254283
120720 150.19329487121 -13287.2565235449 -13137.0632286737 1566.98453952758 1594.26352182374 1503.93578435205 1602.75431240696 26.5919026116517 67030.1253391887 40.6215674313434
120730 150.581967906497 -13287.3867521403 -13136.8047842338 3431.17866510388 3585.96129906694 3400.95333690849 3306.62135933621 72.4773262684632 66876.3859190807 40.5904872920282
120740 152.330274172989 -13289.2503201515 -13136.9200459785 1554.23691732616 1807.27596883906 1497.35049946374 1358.08428367568 57.995880836096 67019.6209973951 40.6194453749401
120750 154.294251499837 -13290.7881111348 -13136.493859635 3485.0701910042 3756.18098444794 3370.14068876989 3328.88889979478 -16.648833691031 66859.3601188909 40.5870424079985
120760 153.969276687661 -13290.5033186706 -13136.5340419829 1519.54134279504 1701.49480880028 1352.3404602686 1504.78875931625 -109.357177309132 67021.7926490442 40.619884103835
120770 152.645808987564 -13288.6942906481 -13136.0484816605 3504.32314100008 3526.64544542546 3294.3873187985 3691.93665877627 -149.546220467857 66871.0011567253 40.5893978392441
120780 151.397875808968 -13287.3987788657 -13136.0009030567 1459.02655747358 1360.56942656293 1211.89927713209 1804.61096872573 -150.220799962021 67041.6100990162 40.6238872952421
120790 152.27054002702 -13287.6115700672 -13135.3410300402 3557.09301137391 3441.86315041327 3296.10933377261 3933.30654993585 -159.141222941707 66872.8545807843 40.5897728332384
120800 153.478221869082 -13288.6161621768 -13135.1379403077 1427.35345651811 1366.19491612642 1199.63536007398 1716.23009335394 -149.942203073007 67043.1788371415 40.6242041519109
120810 154.830477769403 -13289.1834418937 -13134.3529641243 3593.45229374633 3559.22810696959 3493.43892525965 3727.68984900975 -120.399115279797 66867.9140557643 40.5887732262072
120820 155.195508324799 -13289.3076963251 -13134.1121880003 1388.20879097217 1292.76054280509 1509.42278594718 1362.44304416425 -111.880308474115 67043.8320045488 40.6243360784314
120830 155.406221479563 -13288.7346219746 -13133.3284004951 3639.46012806245 3446.38482031113 3970.5868703121 3501.40869356413 -152.736310233723 66861.3323166419 40.5874414789566
120840 154.668357866906 -13287.8163289987 -13133.1479711318 1349.63819419428 1124.75620733903 1764.78370519085 1159.37467005297 -208.318240754891 67047.7991279 40.6251373381885
120850 154.893087881381 -13287.3021257399 -13132.4090378585 3652.39599531547 3479.64965893374 4008.44304078929 3469.09528622338 -275.833558773615 66861.0526532163 40.5873848900018
120860 154.897942489811 -13287.1740564734 -13132.2761139836 1356.97666221263 1319.90825560479 1551.89195982979 1199.12977120332 -303.203739710727 67045.1579441256 40.6246038886002
120870 154.678562001185 -13286.28076173 -13131.6021997289 3653.65906413195 3745.15323631452 3686.52784186071 3529.29611422062 -276.787859041448 66864.2779504511 40.5880375084804
120880 153.441682031839 -13284.9693942083 -13131.5277121765 1360.88277468894 1481.93169171842 1287.19109288367 1313.52553946472 -245.968316268999 67056.4366095739 40.6268817842734
120890 153.278323940308 -13284.1668622609 -13130.8885383206 3612.90017466647 3693.45810770298 3482.12971082611 3663.1127054703 -231.271620659435 66880.829350172 40.5913862492928
120900 153.588776939294 -13284.3858766506 -13130.7970997113 1412.73417455128 1461.70667104267 1268.87977566003 1507.61607695114 -188.420393785626 67060.855686917 40.6277742135873
120910 155.0769411924 -13285.2385849532 -13130.1616437608 3534.024128204 3563.04594962612 3435.03744236386 3603.98899262201 -147.612156056104 66889.2487374675 40.5930894790786
120920 156.013620553201 -13286.0868903497 -13130.0732697965 1520.88121080582 1502.82740544677 1564.10501938552 1495.71120758518 -192.03270250385 67049.4693474042 40.625474671326
120930 156.315154557602 -13285.8530804787 -13129.5379259211 3428.00535568308 3322.24590045275 3656.97542942733 3304.79473716915 -302.035359860466 66895.5281912962 40.5943597103926
120940 155.288499338614 -13284.805015255 -13129.5165159164 1654.74080408683 1478.99035013322 1987.07374896243 1498.15831316483 -343.11415404203 67043.9719913938 40.6243643528131
120950 155.070903137384 -13284.1680654824 -13129.097162345 3248.63240407158 3002.11906529173 3589.55995808103 3154.21818884199 -253.48199878414 66917.7114617035 40.5988463886552
120960 155.269090110281 -13284.3362242208 -13129.0671341105 1832.53318375754 1504.97377579421 2117.76885707919 1874.85691839922 -83.9694522073594 67031.0842619786 40.6217611390772
120970 155.985170896386 -13284.7031778052 -13128.7180069088 3075.05221705895 2726.54425171855 3252.59548921257 3246.01691024572 6.92836206545046 66930.0340957756 40.6013382751405
120980 156.580727345103 -13285.2671621866 -13128.6864348415 2008.09709081325 1764.4614858862 2029.14292040842 2230.68686614513 -23.4074194114527 67014.6579428098 40.6184426760382
120990 157.489567021088 -13285.9312201226 -13128.4416531015 2898.93904534208 2844.28121213812 2753.49059577741 3099.04532811071 -106.055344360663 66939.8910446226 40.6033313299034
121000 157.732653231067 -13286.1843210478 -13128.4516678167 2177.38242722543 2282.6220902537 1931.12845511253 2318.39673631007 -163.64097891152 66994.0433622051 40.6142773284408
121010 157.690707086355 -13286.0456835047 -13128.3549764183 2757.70237255874 2952.13185362792 2524.23045888257 2796.74480516573 -205.722073005128 66946.386130963 40.6046445160545
121020 157.554344171452 -13285.9993523797 -13128.4450082083 2301.86560051174 2474.31641506341 2202.18337429614 2229.09701217566 -237.229280578702 66984.3003682223 40.6123083780493
121030 157.209418273254 -13285.6948520655 -13128.4854337922 2643.58767872609 2702.3384420414 2719.6949605651 2508.72963357175 -218.386352939791 66957.8712046667 40.6069663773537
121040 155.851548610209 -13284.491625685 -13128.6400770748 2406.08852691413 2304.0119555513 2613.77344724501 2300.48017794607 -168.877502346268 66980.1168216425 40.6114628713652
121050 154.174955345333 -13282.9374354379 -13128.7624800925 2550.96403187091 2320.1114885966 2815.02593062479 2517.75467639133 -131.503230525636 66971.4095966704 40.6097030034897
121060 153.937992355912 -13282.8325367469 -13128.894544391 2472.59001442846 2170.50526611367 2714.33437613174 2532.93040103998 -77.8562673453765 66978.5867813254 40.6111536370649
121070 156.063166386299 -13285.0548840395 -13128.9917176532 2475.01388558235 2152.13027005693 2643.57089630735 2629.34049038278 16.4726294178534 66972.4706416155 40.6099174656151
121080 158.805071392933 -13287.9127268265 -13129.1076554336 2555.02331166792 2310.1297967954 2616.12143704157 2738.81870116679 41.3415374698759 66958.1214188493 40.6070169585429
121090 159.619618320535 -13288.9534740287 -13129.3338557081 2427.86956510884 2330.60664706493 2390.99258497538 2562.00946328623 -50.4457690283683 66964.207310161 40.6082471922051
121100 158.218441906506 -13287.8517597913 -13129.6333178848 2601.83066649313 2636.16070066618 2531.14479776798 2638.18650104523 -201.197331333996 66951.3617987136 40.6056504464555
121110 156.099832401332 -13286.1646528135 -13130.0648204122 2375.39823733988 2462.35316299747 2330.96002820959 2332.88152081257 -297.857618239588 66971.8120935918 40.6097843578457
121120 154.780177711842 -13285.2514008603 -13130.4712231485 2631.01588265 2730.61267135871 2616.95743030885 2545.47754628245 -299.822616520209 66951.2049125771 40.6056187295572
121130 154.573991464812 -13285.5276031399 -13130.9536116751 2343.35412537402 2444.70355662942 2340.43253257319 2244.92628691944 -217.645320750027 66970.9251120498 40.6096050770058
121140 154.775426786378 -13286.1396356515 -13131.3642088651 2686.92741633818 2769.37688722778 2724.33943030976 2567.06593147701 -134.473534377545 66940.8611275815 40.603527468105
121150 154.174739740478 -13286.0488130864 -13131.8740733459 2300.88078005951 2339.35706565183 2398.25757209108 2165.02770243561 -69.7242301434807 66975.0782635399 40.6104445176798
121160 153.072841069805 -13285.3340419961 -13132.2612009263 2710.07402426954 2699.08747909306 2815.93599528262 2615.19859843294 11.3343881713567 66944.9865534003 40.6043615545748
121170 152.295527747317 -13285.0033055152 -13132.7077777679 2267.14684661432 2227.14794851297 2302.0965392081 2272.19605212189 58.6447055962062 66982.5683394994 40.6119583343798
121180 152.883519733765 -13285.8552389425 -13132.9717192088 2737.23371674957 2680.99491358911 2652.9415352754 2877.76470138421 37.6216084562526 66942.0097931017 40.6037597109356
121190 154.29658452168 -13287.5998671846 -13133.303282663 2244.34008475312 2167.11303974409 2095.49650693564 2470.41070757962 -38.5344891107556 66977.0104615574 40.6108350443645
121200 155.44775654427 -13288.9310825331 -13133.4833259889 2774.33278183185 2644.25043121972 2695.788655687 2982.95925858884 -71.2453107551315 66929.2774307814 40.6011852709495
121210 155.215562535835 -13289.0144890819 -13133.7989265461 2221.92451087308 2056.08061133516 2261.98369906297 2347.70922222111 -68.002502830052 66973.1828616324 40.6100614207522
121220 154.636965455113 -13288.6031138063 -13133.9661483512 2789.97607984865 2625.51324800606 2894.78690281308 2849.62808872681 -36.4120890239744 66929.3289276499 40.6011956840972
121230 154.738721139573 -13288.9945067054 -13134.2557855658 2175.89749644246 2054.48195077424 2253.56464744387 2219.64589110927 4.90941133634802 66976.161442645 40.6106634456202
121240 155.042170143209 -13289.4056146623 -13134.3634445191 2852.57293684655 2817.29053286842 2840.0838835827 2900.34439408852 -26.2066409374812 66917.5034411297 40.5988043200514
121250 153.836400464806 -13288.4733722133 -13134.6369717485 2141.35642516512 2193.53722152828 2057.80870382231 2172.72335014476 -104.401786298324 66977.523337603 40.6109387031731
121260 151.986641005555 -13286.6777057469 -13134.6910647414 2883.19585668018 2990.96519374727 2796.31891510398 2862.3034611893 -151.391599331175 66923.7843695598 40.6000744919969
121270 150.529166424164 -13285.3971289043 -13134.8679624801 2080.80985241546 2224.93982897544 2039.53148863074 1977.9582396402 -113.543094115963 66992.9506371243 40.6140565103972
121280 150.628807043156 -13285.3719031659 -13134.7430961227 2943.03808751789 3067.68220797621 2948.31661426353 2813.11544031392 -67.441017044715 66925.6057430233 40.6004428076271
121290 151.982593478685 -13286.7441510124 -13134.7615575338 2011.56612547632 2083.61061074449 2046.09605475714 1904.99171092732 -76.6193964400763 66999.7628200685 40.6154330781465
121300 154.223992915843 -13288.707982518 -13134.4839896021 3012.8783295659 3041.36942914265 3072.40252169823 2924.86303785683 -103.700982019295 66912.0202682126 40.5976954106564
121310 155.538803250647 -13290.0029024676 -13134.4640992169 1963.14284502114 1946.65964253034 2041.74867004313 1901.02022248996 -102.648022943173 66990.4314210976 40.613547417706
121320 155.686621815657 -13289.892082413 -13134.2054605973 3089.75173005291 3018.37684614534 3150.67953569559 3100.1988083178 -69.0933915127305 66897.9643965337 40.5948524936618
121330 154.792756660519 -13289.0701204914 -13134.2773638309 1873.638126869 1789.29621092654 1848.29387023888 1983.32429944158 -26.2866902160148 66999.0340638722 40.615285819636
121340 154.178364205539 -13288.2235371083 -13134.0451729027 3175.21351627203 3134.12323568989 3053.82260766297 3337.69470546322 -1.44016019890303 66898.414770861 40.5949435917917
121350 153.717525928054 -13287.8686353778 -13134.1511094497 1759.84256819468 1779.46823105452 1614.99971926238 1885.05975426715 -23.6134415390701 67015.2276659759 40.6185577812151
121360 153.994716693736 -13287.8662503444 -13133.8715336506 3296.69881495743 3353.92778338558 3171.30062355323 3364.8680379335 -65.4834831814986 66889.9137585533 40.593224005785
121370 153.660667711585 -13287.6485892125 -13133.9879215009 1636.03449412156 1724.8860341751 1530.92378787137 1652.2936603182 -93.5538606004364 67021.8844188959 40.6199026434716
121380 153.302050109451 -13286.9625431226 -13133.6604930131 3460.28912420597 3589.83821226214 3330.18003238288 3460.84912797291 -75.0916801532517 66875.534987495 40.5903151342293
121390 152.577460818805 -13286.3789388013 -13133.8014779825 1438.00582155668 1592.36602300619 1284.20221343478 1437.44922822908 -24.8509646660059 67040.4733887716 40.6236576972866
121400 152.954689426677 -13286.3326019716 -13133.377912545 3683.78603351091 3805.65167542418 3520.05061779238 3725.65580731617 -0.0211138247140862 66860.6895718048 40.5873114214623
121410 153.537204454707 -13287.0663040673 -13133.5290996126 1177.73901799625 1218.66671553407 1036.6942485102 1277.85608994449 -3.86152619536288 67063.727999955 40.6283542540016
121420 155.44293134493 -13288.4411670223 -13132.9982356774 3977.10567357859 3924.87511368984 3864.75147712376 4141.69042992217 -9.15749436666719 66836.0424065294 40.5823235123885
121430 156.839245670363 -13290.0676199199 -13133.2283742496 866.328665069982 757.337859474277 792.696763856779 1048.95137187889 -16.0733662035737 67083.0867676116 40.6322631688343
121440 157.492209416499 -13290.1727993462 -13132.6805899297 4330.49509371323 4244.65998087454 4270.39168818044 4476.4336120847 -10.8939710239986 66804.0570370147 40.5758487238009
121450 155.211077038368 -13288.3108783463 -13133.0998013079 524.460723409057 572.131787576521 414.58421761244 586.666165038213 19.5489923136148 67115.1453234495 40.6387347664323
121460 153.062553778282 -13285.5983437064 -13132.5357899281 4618.80242423209 4820.47075796317 4467.63192970231 4568.30458503079 53.1135374419807 66789.8491487544 40.5729719623938
121470 151.304510889653 -13284.2966717741 -13132.9921608845 300.980230578258 537.031246970203 188.424993130106 177.484451634464 45.9323816965967 67139.7916441903 40.6437086696565
121480 152.857617847996 -13285.1417070562 -13132.2840892082 4739.5673332911 4932.10192944018 4654.05960257461 4632.54046785852 -14.9150019049702 66779.7250470015 40.5709218222486
121490 154.28173632758 -13286.9356587953 -13132.6539224678 300.259436031959 393.664857555037 227.262961996473 279.850488544363 -109.283296723467 67133.720637019 40.6424835855029
121500 155.655815759959 -13287.5665524429 -13131.9107366829 4663.49080522862 4686.21834867249 4581.70235805951 4722.55170895386 -235.017962897978 66781.664824597 40.5713146450858
121510 154.847616333153 -13287.1081203984 -13132.2605040653 443.888889752428 431.11554923581 349.127068557618 551.42405146385 -313.567695630052 67123.7703177272 40.6404755252408
121520 154.585890458181 -13286.1600917373 -13131.5742012792 4465.32160448324 4437.08483609452 4330.65103447827 4628.22894287694 -302.499902089773 66801.3566584128 40.5753019923851
121530 154.029429153493 -13285.8906178538 -13131.8611887003 657.50570249663 618.290368157675 529.372558218573 824.854181113639 -179.220866952465 67110.3012767326 40.6377570404411
121540 155.021087831822 -13286.2193924242 -13131.1983045924 4236.79937699097 4186.71226796333 4159.45133958284 4364.23452342675 -65.0943768812412 66822.3388416288 40.5795497569111
121550 155.24128611167 -13286.640149193 -13131.3988630813 883.939901753823 870.711154788307 879.383155478423 901.72539499474 -52.4370903186508 67092.9731441289 40.6342591320475
121560 155.540858736456 -13286.324990707 -13130.7841319706 4012.38750871766 4063.76405466482 4051.82595484832 3921.57251663984 -98.9074425678607 66841.2605240623 40.5833796183229
121570 154.59811904811 -13285.5284848979 -13130.9303658498 1112.17886838223 1182.3330469896 1155.67041902912 998.533139127982 -107.704586363649 67077.2111100498 40.6310768378406
121580 155.060574596492 -13285.4266358262 -13130.3660612297 3767.81379853686 3766.66532133536 3792.94519667927 3743.83087759595 -88.2079446590786 66864.2704347242 40.5880359877451
121590 156.421536383707 -13286.8494008533 -13130.4278644696 1323.85097074539 1217.59134945833 1329.3741491216 1424.58741365622 -26.6144026924222 67054.7394525358 40.6265390342778
121600 157.971335569646 -13287.8836856867 -13129.9123501171 3591.29060619932 3447.17452956345 3572.21813558232 3754.47915345219 50.0908924491588 66866.4019323565 40.5884672713129
121610 156.838474420744 -13286.8383571347 -13129.9998827139 1538.11193942222 1451.15391954602 1485.12889490027 1678.05300382038 92.6882162989312 67036.5677510359 40.6228687988613
121620 155.21770117133 -13284.8591480266 -13129.6414468552 3364.26361561995 3395.46960064279 3304.62049936067 3392.7007468564 102.177454627312 66899.0544250396 40.5950729752389
121630 154.894535749924 -13284.6007365479 -13129.7062007979 1709.14464889216 1829.25489867504 1680.66876467628 1617.51028332517 90.8856121947381 67035.8511322051 40.6227240459429
121640 156.535585905603 -13285.8942729112 -13129.3586870056 3195.93511175461 3360.2386574542 3154.54609241593 3073.0205853937 50.9150179921235 66914.0636466786 40.5981086678052
121650 157.466538789113 -13286.8425495458 -13129.3760107567 1881.87719008765 2030.77192157524 1777.56001057442 1837.2996381133 25.7781756436353 67015.9879286951 40.6187113814216
121660 157.50464813735 -13286.6209571358 -13129.1163089985 3048.9601101304 3155.40713141153 2881.71389713467 3109.759301845 24.9777920872061 66919.5374441796 40.5992156586445
121670 156.494327848109 -13285.6703402937 -13129.1760124456 2030.10034290418 2091.06039514799 1857.21202582873 2142.02860773583 59.1823845271404 67002.9666395004 40.61608045576
121680 155.515051597967 -13284.5397937544 -13129.0247421564 2910.01936323901 2909.86799292262 2779.49251439093 3040.69758240348 96.1708779899878 66936.0221761544 40.6025490759921
121690 155.194840621603 -13284.2755697013 -13129.0807290797 2139.18141486018 2054.02252403138 2070.40948214139 2293.11223840777 117.662728255005 67000.8630446857 40.6156553966186
121700 156.37967731648 -13285.3309424463 -13128.9512651299 2796.19838144396 2661.22366130553 2765.68120779129 2961.69027523507 102.698244558105 66947.1767583148 40.6048043604615
121710 157.471054556628 -13286.4612736895 -13128.9902191329 2253.09815389425 2144.00757840008 2238.00881859611 2377.27806468656 30.3825284854784 66988.1020730669 40.6130766829
121720 156.667350360535 -13285.6188740786 -13128.9515237181 2712.53726559216 2678.37387725956 2714.13227246948 2745.10564704744 -42.8162268027716 66952.6844184086 40.6059178320019
121730 154.27133198026 -13283.3283995932 -13129.0570676129 2331.66598626359 2368.15184051157 2357.17551119149 2269.6706070877 -60.5725053690154 66989.1904804537 40.6132966390409
121740 153.212947417353 -13282.2844737204 -13129.0715263031 2601.64919200131 2693.24810576725 2635.15488676477 2476.54458347191 -9.75870775210078 66967.8239790656 40.6089782491225
121750 154.884972327222 -13283.9945689983 -13129.1095966711 2421.57579849594 2545.6392477393 2427.40195278619 2291.68619496233 34.8595437797622 66974.822780343 40.6103928800675
121760 157.580851603502 -13286.689729119 -13129.1088775155 2552.5191476567 2647.51628204138 2528.21067275457 2481.83048817414 42.8562394725394 66957.3980776484 40.6068707336411
121770 158.343523715412 -13287.5425682011 -13129.1990444857 2505.10713331502 2508.03393128869 2478.96723304862 2528.32023560776 -34.6634230988149 66961.947698238 40.6077904312212
121780 156.976979860299 -13286.3616814956 -13129.3847016353 2471.74020403708 2387.96029657772 2464.2998928073 2562.96042272621 -160.846199848654 66973.7255147858 40.6101711020576
121790 155.250163498251 -13284.8658996931 -13129.6157361949 2540.40852730879 2427.14961703673 2536.01937127811 2658.05659361152 -250.109599530657 66974.6132496593 40.6103505301619
121800 154.254211246214 -13284.1527709702 -13129.898559724 2412.79677442898 2317.00962671355 2403.61554928373 2517.76514728965 -222.749933865778 66984.917778416 40.6124331554275
121810 154.565222893687 -13284.7133141316 -13130.1480912379 2594.49142580882 2526.33180923293 2637.48484340918 2619.65762478435 -92.5557307893859 66962.2941866575 40.6078604715219
121820 155.686219415187 -13286.1454682563 -13130.4592488411 2379.81735300604 2323.12930412138 2478.9013168272 2337.42143806953 50.4690235243602 66968.8979264426 40.609195326867
121830 156.427408934686 -13287.1843721627 -13130.756963228 2662.73321436765 2633.1750597073 2757.92722190119 2597.09736149445 109.877203680015 66940.4676148977 40.6034479051688
121840 156.026471939416 -13287.2163522226 -13131.1898802832 2327.61869710114 2349.58199868333 2397.38739918827 2235.88669343183 61.3212035187691 66969.1834208576 40.609253033665
121850 155.150327531166 -13286.721084375 -13131.5707568439 2696.49009599406 2771.25034536308 2719.8898765208 2598.33006609831 2.03941468188078 66943.8655961421 40.6041349206863
121860 154.632509458485 -13286.6941016873 -13132.0615922288 2262.15675306485 2338.3096884878 2223.98215094756 2224.17841975919 29.0402028470935 66980.7028979897 40.6115813211854
121870 154.975552085359 -13287.4008234272 -13132.4252713419 2748.95339421833 2771.54240792322 2687.95125463453 2787.36652009724 85.3871379708586 66936.9541184727 40.6027375099468
121880 154.775580942663 -13287.6843159608 -13132.9087350181 2237.41558172667 2220.41972036303 2186.24400093362 2305.58302388336 88.3428727029637 66973.6061026775 40.6101469664781
121890 153.167487069248 -13286.4158484925 -13133.2483614232 2803.94481411803 2792.66781271574 2765.31332095593 2853.85330868243 37.1116705251606 66929.5250903576 40.6012353499798
121900 150.771201804917 -13284.4665740191 -13133.6953722142 2171.01219839037 2168.42017443175 2145.66940350501 2198.94701723435 -23.2003850292478 66988.0418160489 40.6130645054956
121910 150.104362031436 -13283.9825316947 -13133.8781696633 2829.19058777935 2817.29041657879 2818.90052449987 2851.38082225938 -35.3895400749049 66937.583175065 40.6028647009732
121920 151.922420249093 -13286.0438606428 -13134.1214403937 2126.39398955032 2091.78631965253 2140.0366332815 2147.35901571695 14.8546184289665 66987.2291659857 40.6129002754728
121930 154.987298321893 -13289.1049016335 -13134.1176033116 2903.42243563968 2863.61632592776 2912.70174950822 2933.94923148307 81.5486716112426 66914.4117152233 40.5981790610794
121940 156.497620017028 -13290.8109219332 -13134.3133019162 2082.98822752061 2043.56992268326 2073.57775947319 2131.81700040538 107.576178366075 66974.2613206641 40.6102793988073
121950 155.792192078052 -13290.1206674062 -13134.3284753281 2958.80775216174 2960.32749859779 2910.2850528337 3005.81070505373 89.2541598803157 66902.2949046152 40.5957284173925
121960 153.682374504248 -13288.2754716297 -13134.5930971255 2016.35643235295 2069.50005174075 1933.05377079516 2046.51547452293 25.516746915953 66982.6634703725 40.6119775605224
121970 152.620549424859 -13287.2100413314 -13134.5894919065 3015.21388336013 3098.20777389925 2910.07546476397 3037.35841141717 -53.8740253498338 66908.024327444 40.596887238896
121980 153.449273750321 -13288.2484235696 -13134.7991498192 1918.85250782676 2009.5446926813 1810.42249268521 1936.59033811378 -86.4142978555313 66996.3512034217 40.6147436894396
121990 155.627954872148 -13290.3122548557 -13134.6842999836 3133.31485186133 3213.52644877959 3068.06765964194 3118.35044716247 -74.1170212906135 66892.9992355783 40.5938481533694
122000 156.01642421513 -13290.9163569431 -13134.899932728 1824.37160770781 1850.64991878168 1857.44509985735 1765.01980448439 -29.7483121512613 66996.9553149094 40.6148657645429
122010 154.669326704133 -13289.4659279367 -13134.7966012326 3253.09592300812 3179.15200976497 3427.5854894332 3152.55026982618 24.3191880715662 66885.8363256861 40.5923991703716
122020 152.73788750069 -13287.808152646 -13135.0702651453 1655.06379701764 1500.72683500231 1921.97041312784 1542.49414292279 11.3963345942126 67019.1716890896 40.6193546020456
122030 151.920754669312 -13286.7935406911 -13134.8727860218 3442.65284103423 3322.72348486213 3706.75506892941 3298.47996931115 -77.9027028317542 66877.4666782798 40.5907059457211
122040 151.384140885407 -13286.4710947567 -13135.0869538712 1444.63045931567 1432.44775231524 1591.95011416469 1309.49351146707 -181.564587033807 67039.7434332624 40.623510256152
122050 151.897830964628 -13286.5863619461 -13134.6885309815 3676.07418142183 3754.10026088145 3663.86945610283 3610.25282728119 -245.866320306412 66859.3786106302 40.5870461498078
122060 152.59445402959 -13287.3932694468 -13134.7988154173 1193.00971912698 1287.32496442539 1071.22632464738 1220.47786830817 -197.604265962051 67056.0450059422 40.6268026983262
122070 154.541684612551 -13288.7183313277 -13134.1766467151 3940.00534128608 3989.84186556432 3814.05252280707 4016.12163548686 -91.3785172807254 66829.172705211 40.5809330550666
122080 155.968003255068 -13290.1973412622 -13134.2293380071 948.542394070375 926.753341419767 907.957249445398 1010.91659134596 -51.3004246890301 67065.1926186505 40.6286500155397
122090 156.99762165068 -13290.4825353057 -13133.4849136551 4186.23120179473 4120.17023953937 4235.55615543581 4202.96721040903 -104.703370619774 66801.9240376078 40.5754168678815
122100 155.462597066913 -13289.0527608309 -13133.590163764 747.839535330338 693.342264678284 817.147496837818 733.028844474915 -151.681813295809 67083.8817356408 40.6324236723936
122110 154.005851788294 -13286.8042583133 -13132.798406525 4338.03146959418 4311.72834497701 4384.81020913265 4317.55585467288 -119.401948405253 66804.4388399357 40.5759260242361
122120 152.386901066827 -13285.2601011436 -13132.8732000767 620.89228708605 629.647417391 631.341221589336 601.688222277816 -32.7873562843321 67113.5290962444 40.6384085511613
122130 152.654237405529 -13284.5722099241 -13131.9179725186 4399.78419594964 4472.30226566453 4355.01702574009 4372.03329644429 31.3853678190584 66815.7216158454 40.578210220304
122140 152.864899062012 -13284.6910050555 -13131.8261059935 609.463013290782 712.835306681067 523.860672427848 591.69306076343 29.0793663633253 67124.2205252115 40.6405663852806
122150 154.228309146954 -13284.9428627656 -13130.7145536186 4358.272180208 4463.08378523356 4253.25062776046 4358.48212762997 -70.1393744934335 66819.7830472955 40.5790323934694
122160 154.589719620298 -13285.1058112814 -13130.5160916611 709.931392089209 810.337212694075 572.009792071792 747.44717150176 -156.455288116943 67111.6182260421 40.6380228591256
122170 155.264883460677 -13284.7041643952 -13129.4392809345 4233.00261191423 4347.01457490353 4062.63555353792 4289.35770730123 -165.248040523397 66825.9809812749 40.5802870038878
122180 155.283958166865 -13284.5736818819 -13129.289723715 859.268257399332 975.220700269234 695.215941918343 907.368130010418 -136.803263747931 67097.0846156069 40.6350891404031
122190 157.160832540554 -13285.5470922427 -13128.3862597022 4034.06837229913 4107.73597543488 3917.5083790506 4076.96076241192 -81.158603187357 66836.3116400515 40.58237800448
122200 158.945067335359 -13287.3039699741 -13128.3589026387 1088.64047016163 1117.86258442123 1019.54596537997 1128.51286068369 -17.1279180106811 67067.2696304855 40.6290694348763
122210 159.914170451585 -13287.6728793078 -13127.7587088562 3841.80103939406 3844.05708994109 3797.67213562757 3883.67389261353 28.3122387206867 66848.1243039671 40.5847687096771
122220 158.103712366059 -13286.0660387422 -13127.9623263762 1276.81038336703 1277.43349702704 1255.92737735003 1297.07027572403 8.43127733090937 67065.6265407601 40.6287376398885
122230 156.708155439308 -13284.3349453856 -13127.6267899463 3612.96349993676 3654.34414661616 3609.57103313131 3574.97532006279 -17.7140975727824 66884.8091173562 40.5921913682105
122240 156.150226563556 -13284.0336582998 -13127.8834317362 1466.71209534036 1560.74891859966 1481.38614417991 1358.00122324151 12.9044468609455 67058.1248971343 40.6272227372924
122250 156.362987670066 -13284.0025651239 -13127.6395774538 3452.6062288152 3545.69633706779 3500.73321756945 3311.38913180835 101.772709418351 66895.8559738407 40.5944260132839
122260 155.429507152201 -13283.3286476622 -13127.89914051 1635.26336802957 1682.87816471796 1720.81023469303 1502.10170467773 161.819445679898 67043.4872008184 40.6242664352034
122270 154.759278852451 -13282.4889030667 -13127.7296242143 3291.17490730965 3311.61867696479 3386.44411563168 3175.46192933248 151.803317317378 66913.1062510148 40.5979150431447
122280 154.989545755496 -13282.9370153792 -13127.9474696237 1763.16337953206 1770.52279630284 1853.31337470719 1665.65396758615 77.477247912604 67035.966336839 40.6227473166917
122290 156.920132122103 -13284.7112820067 -13127.7911498846 3170.57240908335 3178.18479175833 3268.66762924705 3064.86480624467 -17.9805753531333 66918.8893929254 40.5990846034571
122300 158.51135639469 -13286.5188851634 -13128.0075287687 1875.62228002675 1850.52977372987 2001.47076016655 1774.86630618383 -67.5913582345239 67017.2949556188 40.6189754447985
122310 159.09266719836 -13287.0641596611 -13127.9714924627 3091.8884105214 3040.43674714244 3222.16565243035 3013.06283199141 -62.7237852308576 66914.1809671327 40.5981323946846
122320 157.892896177916 -13286.2065815032 -13128.3136853253 1957.02594341433 1896.96495044345 2072.98813887263 1901.12474092689 -10.2857184448125 67007.1178338268 40.6169192333511
122330 156.629251303141 -13285.0625762997 -13128.4333249966 2999.70933950329 2960.38146552254 3094.8554590195 2943.89109396782 24.0861704977919 66925.4226441987 40.6004057819374
122340 156.081293013446 -13284.9086326633 -13128.8273396499 2029.41586813247 2041.6364235147 2120.15502090287 1926.45615997983 24.9134654802536 67003.7793600523 40.6162446743089
122350 156.118655371764 -13285.1184096527 -13128.999754281 2941.32598415407 3000.58538206732 3049.89653845577 2773.49603193913 -14.3484324199329 66930.7181724849 40.6014766003614
122360 155.403299016067 -13284.8114511613 -13129.4081521452 2098.76662168011 2208.60212381302 2209.75450092138 1877.94324030593 -88.9640118162009 67003.5681251264 40.6162019922466
122370 154.806605242862 -13284.4195875274 -13129.6129822846 2851.73165465497 2990.6559713988 2924.17379065805 2640.36520190805 -142.695686481054 66946.0411801815 40.6045747755316
122380 154.814940649282 -13284.7906087954 -13129.9756681461 2163.75148539319 2278.1260241027 2203.1964243659 2009.93200771096 -143.032780774634 66997.9165783794 40.6150600091913
122390 155.77282818056 -13285.9259416851 -13130.1531135046 2800.7032885751 2849.23636505658 2835.74813454883 2717.1253661199 -124.842548182539 66939.3797168084 40.6032279452837
122400 156.541702267989 -13287.038117087 -13130.496414819 2242.6453788834 2249.83799283498 2246.15512366769 2231.94302014752 -119.097562117706 66980.5090839973 40.6115421502005
122410 156.227218237131 -13286.9603619119 -13130.7331436748 2733.92456088317 2765.90049174679 2684.36712642689 2751.50606447583 -149.855646752996 66941.7742958129 40.6037120971549
122420 154.645970866514 -13285.7436701235 -13131.097699257 2302.30308954126 2406.19880609387 2199.84208927216 2300.86837325775 -201.058016973278 66981.7445830446 40.6117918507668
122430 153.766330106116 -13285.1067388772 -13131.3404087711 2640.1715171502 2812.82488046197 2506.21953708528 2601.47013390335 -188.17426891399 66955.5407730876 40.6064952709054
122440 154.660840048261 -13286.2762281652 -13131.6153881169 2378.5939028621 2576.1309020494 2232.0082164947 2327.64259004221 -105.195598522527 66969.775998102 40.6093728103894
122450 156.311945742922 -13288.1219401913 -13131.8099944484 2596.46750390092 2726.26616036852 2495.31731614887 2567.81903518537 -21.9871945007581 66944.3105592385 40.6042248831318
122460 156.2026942691 -13288.277071664 -13132.0743773949 2462.76058484598 2444.37299290975 2449.32675149719 2494.58201013099 17.0718985766091 66954.7683223175 40.6063391143533
122470 153.787480024117 -13286.1240971646 -13132.3366171405 2511.03817899267 2333.79591069159 2569.89658902978 2629.42203725663 4.80157803279475 66960.0330762564 40.6074033989246
122480 151.206032219866 -13283.7617819622 -13132.5557497424 2504.99599856816 2257.40298199845 2585.46399695422 2672.1210167518 -37.8585888396107 66968.5381788039 40.6091226110803
122490 151.055977032885 -13283.7431320112 -13132.6871549783 2422.6501157606 2242.96601690974 2448.0458488955 2576.93848147656 -86.5619506163333 66971.3609559119 40.6096931719947
122500 153.478093431598 -13286.17936674 -13132.7012733084 2611.72044565653 2609.66446778744 2525.0832604698 2700.41360871236 -135.833410023412 66944.6404520942 40.6042915804686
122510 155.993504082357 -13288.7288608847 -13132.7353568023 2365.84785927229 2525.66742561813 2184.26744717263 2387.60870502611 -171.991478332789 66956.0504779626 40.6065983108024
122520 156.703453529559 -13289.4306229382 -13132.7271694086 2690.36733886277 2865.64201446489 2504.61209915575 2700.84790296768 -166.65506917409 66930.4788556368 40.6014282088841
122530 155.891570012773 -13288.7396915754 -13132.8481215626 2264.2465595456 2321.36196648959 2154.53502810891 2316.8426840383 -105.919389814795 66968.940263526 40.6092038844441
122540 155.240106918618 -13288.1028262175 -13132.8627192989 2781.54336922964 2687.33089531514 2782.92797879639 2874.37123357739 -14.3627916230469 66932.1777695192 40.6017717382078
122550 155.300178653068 -13288.321614041 -13133.0214353879 2156.1120639404 1971.35731952762 2253.08058601488 2243.8982862787 55.5433810381538 66984.6994113864 40.6123890239706
122560 155.911840090066 -13288.9186922189 -13133.0068521288 2882.49249483884 2709.95733666033 3041.89578460835 2895.62436324782 95.1264045983556 66924.0401344647 40.6001262128266
122570 155.871297950703 -13289.0671669805 -13133.1958690298 2074.6317547016 2001.41286474798 2226.77345011533 1995.70894924148 73.7155039269005 66986.4861910565 40.6127501250703
122580 154.785076568228 -13287.9724040007 -13133.1873274325 2992.00193622014 3019.2404382335 3088.04890378307 2868.71646664384 19.769015490251 66915.6892538905 40.59843742801
122590 152.78934237845 -13286.2115370336 -13133.4221946551 1946.11959972606 1999.77204521848 1977.14305677029 1861.44369718942 -55.7161915080458 67006.3411815053 40.6167623079999
122600 151.887876289401 -13285.2154017175 -13133.3275254281 3097.45160038872 3069.83129807173 3096.94984801756 3125.57365507686 -110.048785348588 66916.4255631404 40.598586336264
122610 152.250003285346 -13285.7167574863 -13133.466754201 1825.71690723246 1684.2828280428 1821.76156329743 1971.10633035714 -87.8436471545653 67015.2754210423 40.6185674294773
122620 153.849856513044 -13287.0642030159 -13133.2143465028 3252.30283787123 3063.86746209934 3262.99472930871 3430.04632220565 7.65830182631673 66895.7058375486 40.5943956441821
122630 155.069259234972 -13288.3824732261 -13133.3132139911 1674.41682437917 1561.09998006901 1673.47197924569 1788.67851382283 93.1041981259931 67020.4355219134 40.6196099307306
122640 155.710202215214 -13288.705660283 -13132.9954580678 3424.48878463888 3391.4304535344 3395.27335906058 3486.76254132168 135.932264877671 66880.7928663575 40.5913788683593
122650 154.743202979334 -13287.8951115053 -13133.151908526 1475.65949938745 1479.76690054879 1424.16805709873 1523.04354051484 155.292388212111 67041.1942102999 40.6238032924303
122660 153.550233080745 -13286.3260608707 -13132.7758277899 3643.32363408396 3681.68180339431 3576.1868451984 3672.10225365918 175.695571748159 66870.260714962 40.5892480274387
122670 152.259391603937 -13285.1967828239 -13132.9373912199 1218.72976519954 1296.53348505778 1143.72061822943 1215.93519231142 127.801992095076 67069.695697474 40.6295593293567
122680 152.766900902641 -13285.1369533998 -13132.3700524972 3939.25381246361 4055.1988029379 3883.19415197094 3879.36848248198 78.4391376380237 66851.9953183945 40.5855520834039
122690 153.702747817653 -13286.1339251365 -13132.4311773188 883.740472944522 1008.26322577171 868.588422925975 774.369770135886 37.9691955533653 67098.1129511317 40.6352967315997
122700 155.598661859894 -13287.1610462953 -13131.5623844354 4314.09578051333 4395.4002783327 4325.8626971257 4221.02436608158 30.5094874431313 66819.2014209527 40.5789146543728
122710 156.714815883384 -13288.1930721723 -13131.4782562889 500.391369603839 502.06859778388 488.206135649969 510.89937537767 63.3800460611888 67123.0129834279 40.6403226805199
122720 158.581052631998 -13288.8338358826 -13130.2527832506 4702.06421568161 4644.9169132936 4621.27445814526 4840.00127560598 88.9656635277019 66779.8324894403 40.5709435805315
122730 158.679464583964 -13288.6870521838 -13130.0075875998 173.447248822716 102.365753328762 15.6749162941493 402.301076845234 67.8023583100602 67144.7207205524 40.644703266335
122740 159.11849432362 -13287.6288911583 -13128.5103968347 4958.24237741132 4908.82609730236 4777.73283756146 5188.16819737015 15.6866281221605 66762.816075969 40.5674972775975
122750 157.911610650269 -13286.1338196191 -13128.2222089688 18.8388527307364 -0.599280919171249 -81.4117564483523 138.527595559738 -2.81370799897296 67165.7504740706 40.6489461358764
122760 157.140038640526 -13283.8747461063 -13126.7347074658 4969.71341129304 5018.30054667059 4994.30115727674 4896.53852993179 3.89854045375409 66770.514394326 40.5690564763872
122770 154.620855624165 -13281.198664579 -13126.5778089549 169.242490177574 285.502649565636 317.11780131326 -94.8929803461785 25.5786686324588 67164.4502867513 40.6486838415524
122780 153.694189637239 -13279.0369030099 -13125.3427133727 4668.9769553486 4810.92552987255 4873.03665049523 4322.96868567802 17.9933027969862 66807.0790927527 40.5764605660197
122790 154.431085336018 -13279.7059924474 -13125.2749071114 523.860368955391 629.521758986611 685.115406526027 256.943941353531 3.30662833467208 67138.5424067671 40.6434565888583
122800 158.276218251687 -13282.583777387 -13124.3075591353 4258.31810672636 4314.55817656326 4315.77847621567 4144.61766740015 53.7190172293968 66826.5728051963 40.5804067991797
122810 160.362796273626 -13284.7351160155 -13124.3723197419 979.949895359928 973.892235365424 924.400640161214 1041.55681055315 114.379328933033 67086.2135849913 40.6328944640378
122820 160.66831918809 -13284.5019229537 -13123.8336037656 3870.07226793524 3803.44924798629 3774.24593892468 4032.52161689475 110.375816632459 66857.9495352236 40.5867569739089
122830 158.661617920241 -13282.7817400606 -13124.1201221404 1288.96377635721 1193.62064568165 1220.06157633825 1453.20910705173 43.8788217908026 67074.703743831 40.6305705642631
122840 157.697480335314 -13281.5623828665 -13123.8649025312 3586.47050181394 3461.20829914913 3565.94585187677 3732.2573544159 -16.8748920386576 66895.5335443585 40.5943607931961
122850 158.274500406641 -13282.4785753444 -13124.2040749378 1492.54062515723 1353.89269864528 1484.16533131743 1639.56384550898 -5.06289873585657 67064.6637153516 40.6285432105903
122860 160.079571214969 -13284.1663442899 -13124.086773075 3434.11707071857 3331.75389998831 3409.05348517594 3561.54382699147 51.8169848886559 66903.3892843862 40.5959497695489
122870 160.11919332951 -13284.6492856623 -13124.5300923327 1638.8253903376 1591.57607500341 1594.13903643582 1730.76105957356 112.998866754849 67046.2460874687 40.624823666605
122880 158.697529506328 -13283.3242389272 -13124.6267094209 3318.93031956763 3299.50514464907 3284.62000823987 3372.66580581397 198.056754424567 66913.3041679501 40.5979550702159
122890 156.302520584017 -13281.4869585923 -13125.1844380083 1719.78773738896 1719.63987821056 1693.70453873056 1746.01879522575 203.757247737671 67044.8762282319 40.6245469885795
122900 155.809944250385 -13281.1640201653 -13125.3540759149 3235.99465202159 3247.7584368852 3173.36784722598 3286.8576719536 89.51003389627 66922.5878546413 40.599832530763
122910 157.015011401781 -13282.9070031021 -13125.8919917003 1785.55495609796 1771.54495027149 1700.05418469884 1885.06573332356 -78.9840421055113 67034.5927855808 40.6224698646023
122920 158.517319614162 -13284.6111938369 -13126.0938742228 3195.6880690874 3117.35823563428 3144.9109738734 3324.79499775453 -195.669127142567 66915.8272740265 40.5984653407365
122930 157.879096723788 -13284.5738544135 -13126.6947576897 1844.19464607938 1700.86355497728 1861.43863929974 1970.28174396112 -197.586683699241 67024.6010608082 40.6204514604241
122940 156.634702188671 -13283.6308052082 -13126.9961030196 3132.14683610294 2949.87645347104 3180.63167470948 3265.93238012828 -89.1165279433323 66923.9756856278 40.6001131799825
122950 155.779387627074 -13283.3906464732 -13127.6112588461 1889.25559874683 1725.23279703455 1935.75675924105 2006.77723996489 59.7976578351389 67025.9618947571 40.6207263710012
122960 156.09903656808 -13283.9997710366 -13127.9007344686 3087.22196536812 3021.93112084618 3108.8007889672 3130.93398629098 124.878710952518 66930.3615422001 40.6014044872755
122970 156.672432218665 -13285.1432208097 -13128.470788591 1931.31220282808 1960.52965185003 1927.68236998901 1905.72458664521 76.0220454664135 67023.5535808038 40.6202398499027
122980 157.568156045852 -13286.3178082064 -13128.7496521606 3035.4931616823 3101.81296311553 3002.03165118625 3002.63487074513 14.0784389577383 66931.2069970439 40.6015754436186
122990 157.364496434114 -13286.6736496519 -13129.3091532178 1990.38806170936 2072.65145950891 1902.84287575559 1995.66984986358 -15.9504464459627 67011.2600050657 40.617756153236
123000 155.743709580512 -13285.3556786753 -13129.6119690948 2993.82052676066 3126.689361256 2848.74144444878 3006.03077457719 0.360047233776586 66928.2067319951 40.6009687644455
123010 152.955722644422 -13283.0830208398 -13130.1272981954 2031.09881698612 2210.65260147666 1861.99044230181 2020.65340717988 33.0079034885143 67006.0508755667 40.6167036503459
123020 151.816021250725 -13282.1412970205 -13130.3252757698 2935.76138851267 3125.22728185175 2787.01473605771 2895.04214762854 65.6800696877477 66931.8143145478 40.6016982461895
123030 153.489841028662 -13284.1458624782 -13130.6560214496 2078.62186044018 2198.38074012739 1998.92518079023 2038.55966040291 107.645999180965 66994.8216703808 40.6144346076062
123040 156.741821826143 -13287.473438509 -13130.7316166828 2902.21551486626 2924.39141155432 2913.73093330297 2868.5241997415 151.231540253016 66922.7852829734 40.5998724552468
123050 158.351240575917 -13289.3859181138 -13131.0346775379 2136.11188976266 2066.80030648529 2234.43461242232 2107.10075038039 172.272675524562 66983.9391903381 40.6122353843583
123060 157.65960780915 -13288.8681642426 -13131.2085564334 2848.20849477232 2715.05313583932 2999.51400801084 2830.05834046678 153.109517555733 66931.3397984858 40.6016022967834
123070 155.824135758038 -13287.410650122 -13131.586514364 2167.57522103465 2055.76287088156 2301.23641558402 2145.72637663838 120.069628861054 66991.2359721619 40.6137100058115
123080 155.057625189719 -13286.8522552513 -13131.7946300615 2788.54243983337 2738.71376888589 2853.22311748175 2773.69043313247 108.603928391389 66941.0019524743 40.6035559409156
123090 155.093495237506 -13287.2242321239 -13132.1307368864 2230.33435109037 2246.67110099422 2218.19708451905 2226.13486775786 108.007433322351 66980.4061624013 40.6115213490902
123100 155.184940121728 -13287.5011492178 -13132.3162090961 2746.95368078526 2794.50764664782 2700.2857995714 2746.06759613655 72.0402289875124 66933.5433604425 40.6020478636616
123110 154.929147998217 -13287.549630211 -13132.6204822128 2283.65716236836 2335.83357136601 2229.7226305808 2285.41528515826 9.69851261553864 66968.2204058476 40.6090583794192
123120 154.984815765015 -13287.7878720023 -13132.8030562373 2683.7062173573 2746.06214471354 2641.57193072339 2663.48457663496 -69.1212481375056 66933.4985135013 40.6020387955722
123130 154.967122489433 -13288.0383258448 -13133.0712033554 2360.19153586326 2446.15826975366 2357.46109964494 2276.95523819119 -125.992123321728 66959.9393369746 40.6073844497573
123140 154.472067790901 -13287.7354491865 -13133.2633813956 2599.17850104274 2676.18731349176 2645.12194202891 2476.22624760754 -122.71239579386 66943.8140847665 40.604124506113
123150 153.467384475192 -13286.9503902953 -13133.4830058201 2438.47774640279 2456.84138165725 2550.60282816147 2307.98902938965 -76.0763974155818 66960.1713361214 40.607431347787
123160 152.608285780226 -13286.24550243 -13133.6372166497 2504.3187183358 2426.24376606552 2701.92336169642 2384.78902724547 -45.204295487985 66956.6918596297 40.6067279692095
123170 152.381350643365 -13286.1221037521 -13133.7407531087 2546.30817650395 2395.98843714349 2779.20693384765 2463.72915852072 -41.3268092281719 66953.6891639888 40.6061209526222
123180 152.738039997557 -13286.5545388543 -13133.8164988568 2387.51600925789 2227.83050680517 2600.19890061701 2334.51862035149 -57.6462407640737 66966.3502174218 40.6086803528593
123190 153.161151104695 -13286.9513798363 -13133.7902287316 2688.0055503144 2582.97800070229 2832.11224663397 2648.92640360692 -80.3579765367951 66944.165945212 40.6041956451745
123200 153.422192585965 -13287.2448910824 -13133.8226984964 2216.40088965767 2199.19490848691 2272.60199366444 2177.40576682165 -105.67874928563 66983.5596925332 40.6121586879468
123210 154.163885827028 -13287.8406872578 -13133.6768014308 2867.12709443205 2923.68437155503 2825.21589487175 2852.48101686938 -157.965353217881 66929.6865325446 40.6012679949993
123220 154.992537532754 -13288.6853590378 -13133.6928215051 2031.82280039071 2119.01727203518 1905.4277264935 2071.02340264345 -217.57636890817 66994.6962503358 40.6144092630235
123230 155.593565837425 -13289.0634515615 -13133.469885724 3068.44486462118 3124.00739525432 2942.15878637274 3139.16841223647 -188.476828661563 66908.7241344155 40.5970287759086
123240 155.087186502398 -13288.6259729678 -13133.5387864654 1828.44925887151 1815.84613176324 1805.86954479658 1863.63210005471 -86.9942722030799 67009.3410011707 40.6173684254805
123250 154.310891730948 -13287.5747567893 -13133.2638650584 3277.1388382305 3235.41753237015 3361.69595212414 3234.30303019721 2.4682051302888 66894.9385064675 40.5942404301306
123260 153.556150775602 -13286.9145946197 -13133.3584438441 1615.71615979734 1597.88008067912 1718.75519243053 1530.51320628236 38.1116022410826 67031.0446984986 40.6217531470709
123270 154.065277767132 -13287.0325621244 -13132.9672843573 3463.64735438756 3471.10701870018 3517.17522885539 3402.6598156071 47.6768623864696 66882.3752360267 40.5916989904623
123280 154.255315880914 -13287.2709116249 -13133.015595744 1468.46039403807 1484.12691684753 1466.044040938 1455.21022432869 57.9385164397371 67043.3488565453 40.6242384924521
123290 154.534455139982 -13287.0366911672 -13132.5022360272 3573.1432120086 3559.90706635263 3583.40154715758 3576.12102251558 60.9564081914203 66873.3136137123 40.5898657059979
123300 154.102705489633 -13286.5773260777 -13132.4746205881 1408.14195024109 1373.11575338895 1470.60513485176 1380.70496248254 48.6599604593082 67048.3796354002 40.6252545835426
123310 153.920201886133 -13285.7518146178 -13131.8316127317 3598.93817283094 3558.15439285984 3716.11484855679 3522.54527707618 21.405673817782 66874.5346598818 40.5901127492289
123320 153.56149802134 -13285.2164245092 -13131.6549264879 1426.71550701346 1394.08872850416 1585.57246317541 1300.48532936082 -16.5578442065778 67053.7126257482 40.626331658275
123330 154.772123729124 -13285.6060193252 -13130.833895596 3512.8000158883 3500.99333709764 3688.22010664333 3349.18660392392 -55.2547401858517 66885.7217294008 40.592375987881
123340 156.307204111981 -13286.7388916512 -13130.4316875392 1550.67320008244 1589.76560264372 1680.30818325297 1381.94581435063 -104.842476937015 67040.9726124249 40.6237585330924
123350 158.119781692941 -13287.641730367 -13129.5219486741 3381.65342672879 3444.53819755674 3465.23147560047 3235.19060702916 -163.089415524511 66891.8037438894 40.5936063248883
123360 158.428540627995 -13287.5156473253 -13129.0871066973 1698.77022658963 1725.55498937663 1787.26486289339 1583.49082749886 -153.594163016142 67029.1868334164 40.6213778461718
123370 157.727873372881 -13286.0451884788 -13128.3173151059 3244.33326133798 3235.22606554797 3346.86157023448 3150.91214823148 -62.8791277333631 66908.8728868408 40.5970588611832
123380 156.159701627217 -13284.1610922946 -13128.0013906674 1814.75400307992 1787.54177595042 1875.66956140926 1781.05067188007 52.6904275399205 67030.3912334262 40.6216211436425
123390 155.752494415935 -13283.1408551772 -13127.3883607613 3129.25883204816 3111.43652999272 3100.53891817799 3175.80104797376 76.2216398646359 66926.9124019706 40.6007070342811
123400 156.397074527027 -13283.532825148 -13127.1357506209 1893.46102970485 1903.60205602563 1784.86238622578 1991.91864686314 30.059025123488 67023.2730888792 40.6201831849218
123410 157.684172242968 -13284.3251543254 -13126.6409820824 3095.54658031279 3131.01707467459 2969.22055215983 3186.40211410394 -5.33096518672869 66925.1876788121 40.6003582678497
123420 157.756909667853 -13284.2865009062 -13126.5295912384 1921.81186222329 1944.47894255003 1850.7475001721 1970.20914394772 -22.2225984200732 67022.112326801 40.6199486860765
123430 157.168831039025 -13283.3734701814 -13126.2046391424 3072.82458206214 3069.41034334403 3061.81647642892 3087.24692641346 -47.38922371596 66933.0678549174 40.6019517158368
123440 156.485200519145 -13282.7150525457 -13126.2298520266 1931.03627659374 1935.26695595023 1929.55899676159 1928.2828770694 -105.215464281032 67029.704951102 40.6214825100307
123450 156.835677359409 -13282.8418467301 -13126.0061693707 3052.09861946105 3067.12421230068 3044.37709699673 3044.79454908574 -173.629104773782 66940.0494248666 40.6033633524655
123460 157.488286639993 -13283.5865623516 -13126.0982757116 1937.31417768194 1934.41037008108 1936.71223151617 1940.81993144857 -194.088744446316 67025.5292257842 40.6206389652394
123470 157.988233179247 -13283.9453718744 -13125.9571386951 3063.55923887148 3006.46323594714 3079.19028526811 3105.0241953992 -130.651136261822 66928.603835739 40.6010490632493
123480 156.946559246713 -13283.0997592596 -13126.1532000129 1944.05670238311 1828.47968001041 2013.62288937432 1990.06753776459 -25.7271100918698 67015.0744245112 40.6185268208287
123490 155.666511201321 -13281.7716702898 -13126.1051590884 3076.77622387168 2944.69229777553 3192.36941483909 3093.2669590004 53.1008149164018 66926.2655696164 40.600576235202
123500 155.444380968368 -13281.7984088774 -13126.3540279091 1903.88670688007 1815.18387150715 2014.61431203015 1881.86193710289 122.443845014447 67023.6758922861 40.6202645592199
123510 156.858707044759 -13283.1619916468 -13126.303284602 3101.55188925267 3082.24920745774 3152.77708287422 3069.62937742604 157.138332726475 66926.1721027134 40.6005573347407
123520 157.715210585955 -13284.2977729862 -13126.5825624002 1895.4949728109 1921.56569567921 1889.80310086013 1875.11612189337 118.596657711021 67023.4700272731 40.6202229704343
123530 158.042294682339 -13284.6411973685 -13126.5989026861 3104.51279470645 3134.20952118539 3086.16639777898 3093.16246515498 44.9852661130053 66925.3749357642 40.6003961344712
123540 157.833114893708 -13284.7952307016 -13126.9621158079 1884.08237690759 1905.59533650197 1872.31728250947 1874.33451171133 -47.16030546265 67020.1036422718 40.6195428823061
123550 157.697925210467 -13284.7539004876 -13127.0559752772 3136.71474644032 3166.10544648872 3126.74083955188 3117.29795328035 -43.1793775460425 66917.3141512107 40.5987660393265
123560 157.226608301647 -13284.7301746228 -13127.5035663211 1857.48913066942 1903.446132521 1853.05385648837 1815.96740299888 66.8420104210677 67021.7686801579 40.6198792615618
123570 157.451879448959 -13285.0988332016 -13127.6469537527 3143.28873192782 3202.46192056078 3143.96590005113 3083.43837517156 175.380831215695 66917.8386151043 40.5988721032132
123580 157.386521620076 -13285.5185087939 -13128.1319871738 1849.06354133311 1895.01103682425 1871.07059067934 1781.10899649575 212.088951278046 67020.7143659088 40.6196662643873
123590 156.677159463605 -13284.9778992359 -13128.3007397723 3172.84433296465 3185.10758016479 3245.39313080111 3088.03228792805 199.895480986868 66914.3719037776 40.5981710096374
123600 154.925824115446 -13283.7252773684 -13128.7994532529 1816.14688064075 1800.69518212526 1929.48730896485 1718.25815083213 143.170372365969 67028.4159670361 40.6212221240851
123610 154.67930086296 -13283.5882926878 -13128.9089918249 3174.66828015784 3144.8163563834 3285.15661344671 3094.0318706434 89.7853624347713 66919.0347977025 40.59911400869
123620 156.07169350799 -13285.3833593514 -13129.3116658434 1804.6749629584 1794.36230378688 1848.30494943861 1771.35763564969 49.3843868543534 67021.6887174268 40.6198631072195
123630 157.745993767997 -13287.0984794248 -13129.3524856568 3225.39134434697 3260.54440899564 3169.11709727194 3246.51252677332 19.2831189094287 66900.7293619786 40.5954117623882
123640 157.083345152371 -13286.8626404637 -13129.7792953114 1776.70209647745 1899.6472679828 1631.49893592485 1798.96008552469 10.0995788993419 67018.8332140703 40.6192862203193
123650 155.442965250675 -13285.2885287017 -13129.8455634511 3238.17380880057 3456.02484326834 3076.03999904632 3182.45658408706 15.4218728158864 66906.2053871441 40.5965193508678
123660 154.241924934174 -13284.4905513095 -13130.2486263753 1724.32105229524 2002.94893926948 1620.98548220084 1549.0287354154 -1.70348696369374 67029.7313401186 40.6214878408057
123670 155.123113630381 -13285.3367112694 -13130.213597639 3291.85530110183 3557.56514327488 3252.80288109578 3065.19787893485 -89.1548521597519 66899.1589850995 40.5950941246213
123680 156.311561859738 -13286.8695864882 -13130.5580246285 1697.00146093395 1889.68567602031 1655.92923301119 1545.38947377035 -177.772978716364 67023.7945140734 40.6202885231176
123690 156.996200499996 -13287.5002515401 -13130.5040510401 3330.88246487712 3444.4709527854 3223.58212356994 3324.59431827604 -197.646083516156 66891.4043127645 40.5935255258407
123700 156.123695180572 -13287.0080237971 -13130.8843286166 1653.97810706645 1746.90473206784 1475.27260830104 1739.75698083047 -153.868373473042 67029.1613628326 40.6213727008991
123710 155.508105658002 -13286.3483350485 -13130.8402293905 3349.92346502841 3457.38606399288 3178.67353073165 3413.71080036071 -102.941109223783 66893.2198539195 40.5938927805486
123720 155.443825353488 -13286.6556587836 -13131.2118334301 1630.25172485702 1704.83721332187 1556.56808734488 1629.34987390432 -71.2737220258871 67027.973390054 40.6211327189315
123730 156.18401145555 -13287.3202274554 -13131.1362159999 3382.42609910177 3372.80540496605 3464.09190271116 3310.38098962808 -59.2489890466506 66881.3091025806 40.5914833063466
123740 155.192170106449 -13286.7081184244 -13131.5159483179 1647.67096329697 1578.68025806597 1838.02295741975 1526.30967440519 -98.8188644455689 67023.1453553888 40.6201573801487
123750 153.393962243241 -13284.8633621083 -13131.469399865 3332.98626961289 3275.61305968837 3500.38955614009 3222.9561930102 -144.464817398023 66896.1756504036 40.5944906763123
123760 152.190285926862 -13283.9790160926 -13131.7887301657 1684.63385799661 1661.16657125711 1733.98300043506 1658.75200229766 -139.400936307992 67036.107153167 40.622775760836
123770 152.907511461838 -13284.548065184 -13131.6405537222 3242.54074942926 3265.40816445393 3132.26894429016 3329.94513954369 -118.298208004524 66909.8775250218 40.5972620487401
123780 154.165735564951 -13285.9851450803 -13131.8194095153 1810.77747372417 1901.0692992538 1597.980791532 1933.28233038672 -88.7607361992021 67018.2269932107 40.6191637456273
123790 156.260715434083 -13287.8914112781 -13131.630695844 3117.43596880526 3299.71949188248 2878.10674587526 3174.48166865803 -63.2933736437669 66906.1993605359 40.5965181319508
123800 157.229774479631 -13289.0131157283 -13131.7833412486 1973.08461414465 2225.02002338471 1777.86341836252 1916.37040068672 -67.6570929139776 66994.4832662747 40.6143662236414
123810 156.282392828452 -13288.004478561 -13131.7220857325 2957.11114885824 3252.764192998 2822.6155857271 2795.95366784963 -107.845042853581 66920.2846585173 40.5993667664988
123820 153.911987642596 -13285.8156541384 -13131.9036664958 2118.0107300348 2424.89320113792 2060.89614720333 1868.24284176314 -161.67698079426 66995.5142838467 40.6145745687091
123830 152.879423000979 -13284.751854622 -13131.872431621 2765.75929724658 3022.96261168202 2797.65757602619 2476.65770403153 -200.370004619408 66943.5783603544 40.6040768472679
123840 153.585311925157 -13285.5205952015 -13131.9352832764 2302.89457101862 2414.06483245251 2434.98404093525 2059.6348396681 -168.545036312708 66974.8682751461 40.6104020753707
123850 154.926863169536 -13286.7904706428 -13131.8636074733 2631.67745667343 2555.4155193518 2850.13874241627 2489.47810825222 -75.5099859349682 66943.2384743221 40.6040081287925
123860 155.485419416518 -13287.3488234863 -13131.8634040698 2447.79421129803 2227.40765629967 2661.58845557368 2454.38652202074 48.5492658434876 66960.1754582167 40.607432181057
123870 155.248628616872 -13287.0961316974 -13131.8475030805 2499.72820984594 2236.6607419352 2613.44766510529 2649.07622249734 131.089361226605 66961.5588124116 40.6077118202825
123880 155.298947459761 -13287.1286869287 -13131.8297394689 2529.49220300319 2308.78213651558 2496.73617091363 2782.95830158035 139.748166663893 66962.6383153144 40.6079300345734
123890 156.47204138981 -13288.2987097848 -13131.826668395 2417.48910444934 2292.41114011995 2290.53784096896 2669.51833225912 116.783907026232 66968.6854776181 40.6091523846197
123900 157.857265234374 -13289.6713236702 -13131.8140584358 2599.57932642387 2563.19090849757 2487.54435255878 2748.00271821525 82.2391075691049 66947.3713051428 40.6048436926067
123910 157.311980047874 -13289.2258540109 -13131.913873963 2405.7612101448 2415.56010660461 2369.80434826213 2431.91917556765 40.5719097598878 66962.8939316878 40.60798170537
123920 154.47637260613 -13286.5013059743 -13132.0249333681 2622.49144829021 2630.7325211199 2685.54921674843 2551.19260700229 -35.4116692859396 66953.6171789001 40.6061064000945
123930 151.602456793917 -13283.8045804001 -13132.2021236062 2345.43307023638 2310.67504540958 2498.60552200071 2227.01864329886 -75.6007653695819 66981.2244446755 40.6116867285627
123940 151.491691804602 -13283.7417285648 -13132.2500367602 2649.79942593862 2571.9900806202 2850.21184626194 2527.19635093372 -33.3652297542711 66954.1307755931 40.6062102287324
123950 153.758040481886 -13286.0748827092 -13132.3168422273 2332.67057776926 2218.09176957513 2525.78175309448 2254.13821063816 52.8105661419383 66974.4423126851 40.6103159806712
123960 156.309493226677 -13288.5908022618 -13132.2813090351 2688.43245720342 2558.26970476278 2822.35034139139 2684.67732545609 56.2289263498984 66942.0380270088 40.6037654193721
123970 157.278937918539 -13289.6487585803 -13132.3698206617 2302.03039429446 2210.99588503102 2342.60248678796 2352.49281106441 -31.5111788420823 66972.694048505 40.6099626211105
123980 156.275856593443 -13288.6913825359 -13132.4155259424 2722.24871668915 2706.21996819242 2692.68504073318 2767.84114114185 -92.9515312033689 66941.1562980002 40.6035871473621
123990 153.832520412562 -13286.4562262231 -13132.6237058105 2267.09347865341 2339.01125427028 2201.64708429948 2260.62209739049 -62.4023667758785 66984.9124223277 40.612432072976
124000 151.992095251809 -13284.7051195776 -13132.7130243258 2736.44412066029 2879.58875682283 2662.74246842559 2667.00113673245 15.8371310442954 66952.1521314936 40.6058102233914
