# Fix print output for fix setl_out
240000 155.80688965703 -13290.5899688096 -13134.7830791526 11823.3491977857 11826.3065268125 11751.2777270973 11892.4633394473 71.3390917150341 66191.1111681241 40.4513689861527
240010 155.150581913919 -13289.1348693599 -13133.984287446 13193.4302328205 13369.190350077 13073.4388603053 13137.6614880792 47.2616813122896 66087.8953151143 40.4303319486493
240020 153.112057836767 -13287.9724486297 -13134.860390793 11818.9729573295 12068.110989011 11760.2107042412 11628.5971787362 14.5980400005022 66199.6929924928 40.4531171138409
240030 151.9322524592 -13286.0142443984 -13134.0819919392 13162.6980247461 13383.4295747952 13212.2369624416 12892.4275370016 -27.1572781497931 66104.0044299739 40.4336166850686
240040 152.018305016306 -13286.8089769313 -13134.790671915 11833.2917132125 11969.9113826892 11961.1328180809 11568.8309388674 -9.48995815954787 66206.6989591479 40.4545441254549
240050 153.205316965358 -13287.031021491 -13133.8257045257 13150.7037142312 13193.9044630799 13300.1606267047 12958.046052909 32.9092403099229 66103.0253269354 40.4334170558492
240060 153.897197725532 -13288.2674423681 -13134.3702446426 11874.4152142076 11861.8469935906 11960.9959058921 11800.4027431399 49.4074765212086 66199.0923316809 40.4529947634463
240070 154.906749180279 -13288.3017352686 -13133.3949860884 13100.5421964973 13052.3452046709 13102.6105954698 13146.6707893513 44.2812044948308 66105.0630770639 40.4338325302987
240080 156.124371699738 -13289.9525257348 -13133.828154035 11929.4715229449 11861.481770867 11887.9045174179 12039.0282805498 51.158650478209 66194.0692294392 40.4519715637757
240090 157.118783175379 -13290.0353108912 -13132.9165277159 13050.2129540027 12962.1014529079 13006.8233407655 13181.7140683347 80.2476217479598 66110.4912324062 40.4349392287704
240100 156.202007883598 -13289.5624808939 -13133.3604730103 11990.1933693794 11906.5650853137 11972.88470408 12091.1303187447 83.0635174078098 66198.7075672472 40.452916389241
240110 154.532086764111 -13287.1275374724 -13132.5954507083 12952.6549099482 12904.456550802 12962.7554394169 12990.7527396257 51.6469575098759 66131.1709105171 40.4391548700907
240120 153.870220959114 -13286.7066965572 -13132.8364755981 12072.6166009131 12073.5585576313 12091.5514812335 12052.7397638745 -15.7396370275544 66196.4641798533 40.4524594186485
240130 155.458358339356 -13287.4303241739 -13131.9719658345 12870.5869112877 12883.3863676278 12902.6997750282 12825.6745912072 -91.0372838913609 66126.7926490283 40.4382624160007
240140 157.510415135625 -13289.4895861508 -13131.9791710152 12207.8271115397 12174.4291795408 12283.2739185493 12165.778236529 -89.3915487863049 66172.3073525665 40.4475380985512
240150 158.76417616678 -13290.094959572 -13131.3307834052 12729.419877848 12621.8438601029 12804.7446786786 12761.6710947626 -12.9421613064883 66133.3248401785 40.4395939073773
240160 158.612282362398 -13289.8854468677 -13131.2731645053 12355.1248209685 12215.415725259 12350.268182885 12499.6905547614 50.1771261712864 66165.9838607043 40.4462496551127
240170 157.919224340727 -13288.849802834 -13130.9305784933 12535.7373949717 12426.3386149348 12483.8450261941 12697.0285437861 35.6180556924207 66156.8475870054 40.4443879481602
240180 157.330149384755 -13288.0097196708 -13130.6795702861 12577.8528481683 12550.3527811977 12540.7154722381 12642.490291069 -13.3441906657996 66156.5539328544 40.4443281071389
240190 156.837660280249 -13287.4769223797 -13130.6392620994 12267.0314759077 12331.1726777328 12254.8992488195 12215.0225011708 -4.38885197985706 66181.4483963424 40.4494004873536
240200 156.418938093754 -13286.4423429546 -13130.0234048609 12898.2193237645 13045.9108428752 12893.386626359 12755.3605020593 50.7758631083214 66132.4602247502 40.4394176732358
240210 155.498978412307 -13285.8688475046 -13130.3698690923 11912.399927132 12101.4985099143 11887.6331966344 11748.0680748474 122.753247713239 66208.5396721761 40.4549190347289
240220 154.774600983016 -13284.0601365886 -13129.2855356056 13302.7036730442 13502.3088519304 13228.5618252214 13177.2403419808 130.164170194013 66105.9443833633 40.4340122161468
240230 154.338152590267 -13284.3980462738 -13130.0598936835 11457.7210382385 11632.8924207916 11310.5684191645 11429.7022747595 107.389887164999 66248.5302696359 40.4630624493301
240240 155.344491508786 -13283.6044172102 -13128.2599257014 13754.2031134126 13897.4791111965 13556.5072869654 13808.622942076 97.6092498100715 66070.1821202065 40.4267195153481
240250 156.545762396444 -13285.9089966361 -13129.3632342397 11052.8102414352 11164.7975736126 10841.4983669384 11152.1347837544 116.811227117863 66272.5963931357 40.4679615324327
240260 158.106693322467 -13285.1215931589 -13127.0148998365 14117.9134139188 14200.0904857528 13923.5660835278 14230.0836724758 168.955616227674 66036.0123913693 40.4197491080045
240270 157.9480992668 -13286.4637143711 -13128.5156151043 10782.719278208 10850.9822861219 10635.237220185 10861.9383283172 210.181016130396 66292.14101995 40.4719393126415
240280 158.012597875305 -13283.9922771864 -13125.9796793111 14289.9624453933 14325.3552917199 14209.144333089 14335.387711371 272.996062575433 66027.7276547299 40.4180587122687
240290 157.763621325525 -13285.4716378247 -13127.7080164991 10700.9894192156 10674.132676881 10693.0948740014 10735.7407067644 285.663746471441 66304.8728403267 40.4745301098287
240300 158.927074275902 -13284.1192525404 -13125.1921782645 14282.2761034928 14176.7647245947 14341.807513989 14328.2560718947 209.853293223837 66032.7732455317 40.4190882180947
240310 159.499074753557 -13286.4726841688 -13126.9736094153 10790.9051469749 10599.0238606925 10898.7866462876 10874.9049339445 100.739922825122 66303.0750364994 40.4741642949714
240320 160.649238109265 -13285.3932145319 -13124.7439764226 14120.1749293176 13820.2979971633 14265.6082272014 14274.6185635882 62.0627474336436 66048.6213044755 40.4223215259514
240330 160.257362048875 -13286.717176666 -13126.4598146171 10985.6106834976 10649.4705875896 11112.1326096115 11195.2288532916 105.289626219755 66286.4844834381 40.4707881580171
240340 159.108777590315 -13283.7880664238 -13124.6792888335 13937.5857682255 13660.774990093 13993.143415018 14158.8388995655 173.132870547992 66063.0971293999 40.4252744198166
240350 156.736059155173 -13283.1629541359 -13126.4268949808 11165.9543128536 11019.2528852416 11164.5136828954 11314.0963704237 172.369508202634 66281.804619142 40.4698357152208
240360 156.140461646191 -13281.1337074554 -13124.9932458092 13733.0798824531 13709.5276971434 13683.8380250597 13805.8739251562 105.964285349592 66087.6060501545 40.4302729610675
240370 156.782503379654 -13283.2867385045 -13126.5042351248 11341.8187142545 11396.8755275468 11236.0175159412 11392.5630992754 28.2648125433354 66266.9297110417 40.4668080863036
240380 158.63203249728 -13283.9104626606 -13125.2784301633 13575.6839358348 13646.2331203737 13457.9559921764 13622.8626949541 -19.2717207548985 66089.3430289251 40.4306271672229
240390 159.528614460161 -13286.2432703909 -13126.7146559308 11507.5985965636 11517.9879106415 11437.9322301753 11566.8756488741 -37.5231506006885 66241.3554062546 40.4616016499978
240400 160.078324468196 -13286.0020245402 -13125.923700072 13431.2593102285 13358.5965613779 13425.1222509203 13510.0591183875 -76.209181778667 66092.3515213952 40.4312406468258
240410 159.57556266017 -13287.0708014784 -13127.4952388182 11638.5132308769 11522.969771586 11667.7167489973 11724.8531720475 -113.543760745865 66227.9944230682 40.4588810779967
240420 159.047599219681 -13286.194619064 -13127.1470198444 13293.9126871775 13186.2352866751 13341.9129041999 13353.5898706575 -128.449951381293 66100.4281032489 40.4328874986246
240430 158.126813225651 -13286.9271710016 -13128.800357776 11780.779347036 11736.2496151536 11833.5012865211 11772.5871394333 -99.5842766020206 66216.2701353195 40.4564934695441
240440 157.787597456032 -13286.5693478156 -13128.7817503596 13134.3500487557 13210.4719793371 13110.5561250025 13082.0220419276 -87.8525425737301 66111.7505978469 40.435195980968
240450 157.172173183349 -13287.4214694251 -13130.2492962418 11945.2299573507 12115.0339627956 11761.5004821638 11959.1554270927 -131.370177064862 66199.5298156916 40.4530838759441
240460 156.292687117361 -13286.6406582635 -13130.3479711461 12988.9526442064 13163.175847655 12666.2658924633 13137.4161925008 -199.059230036745 66121.5389741077 40.437191467786
240470 154.909763805043 -13286.4164640756 -13131.5067002705 12091.8811746521 12203.9551958076 11762.3883641853 12309.2999639635 -231.899157662824 66194.9034258288 40.4521414921257
240480 154.28316577944 -13285.8395506442 -13131.5563848648 12809.0458280816 12881.043961896 12585.8029870037 12960.2905353451 -225.032421899176 66142.6932433945 40.4415033659572
240490 154.41973869424 -13286.6203290567 -13132.2005903624 12266.1079627565 12318.7046189895 12233.6548930343 12245.9643762457 -216.745099889005 66181.2675479378 40.4493636431101
240500 154.72332391934 -13286.9257488069 -13132.2024248876 12648.0477356974 12665.7539171778 12821.3448576551 12457.0444322592 -201.312703200628 66148.3135656469 40.4426488078925
240510 154.630626085527 -13287.1439415577 -13132.5133154722 12438.9782307258 12408.9194887794 12737.1037102704 12170.9114931276 -207.513218506212 66161.8050018722 40.4453981464466
240520 154.696954552801 -13287.3345414507 -13132.6375868979 12465.7077789204 12401.3629521403 12778.960313205 12216.8000714159 -232.320528807581 66156.667960027 40.4443513436864
240530 155.159700078619 -13287.8065109253 -13132.6468108467 12618.0267216961 12536.9598921131 12875.7511907945 12441.3690821805 -256.319270697523 66139.7789647747 40.4409093999229
240540 155.45787318408 -13288.395938657 -13132.9380654729 12305.3369896614 12229.2109102882 12462.8392974673 12223.9607612287 -227.255527824676 66160.9476143351 40.4452234357249
240550 155.367482014984 -13288.1444086266 -13132.7769266116 12780.6317974254 12719.4265553774 12833.6374804567 12788.831356442 -128.415307193234 66124.4431617676 40.4377834860349
240560 155.138283855402 -13288.4179194493 -13133.2796355939 12131.0625971482 12108.5396995004 12116.2640376432 12168.3840543011 25.1044266096462 66173.2914781332 40.4477386117297
240570 155.379058631437 -13288.2860988359 -13132.9070402045 12948.5615242267 12975.7173852263 12915.7238506136 12954.2433368402 151.876576745071 66110.1337452671 40.4348663457502
240580 155.295949367921 -13288.9084907923 -13133.6125414244 11976.5275285043 12010.1379946607 11969.0766797463 11950.367911106 150.3733727463 66184.9369090563 40.4501111888771
240590 155.198602998634 -13288.2773413793 -13133.0787383806 13102.1324869159 13081.3501122057 13159.3344126337 13065.7129359083 73.6859299666401 66100.6487379087 40.4329324851534
240600 154.663782186271 -13288.6489066618 -13133.9851244755 11826.1510304717 11729.2316685165 11960.5301620868 11788.6912608119 18.1970356096908 66200.6806211603 40.4533182852646
240610 154.008108115566 -13287.2878233744 -13133.2797152588 13242.5916162288 13141.7858242512 13363.8213228759 13222.1677015594 -4.18603221219975 66095.4174695517 40.4318658234064
240620 153.200032918161 -13287.5203042745 -13134.3202713564 11690.9966701153 11694.5278361604 11697.7636312753 11680.6985429101 -24.883757900752 66216.587068131 40.4565580154618
240630 154.100997259715 -13287.4829184915 -13133.3819212318 13354.3140455221 13453.568287536 13283.3402981507 13326.0335508797 -72.9589579910923 66088.1359325335 40.4303810157807
240640 155.605985509199 -13290.0455873814 -13134.4396018722 11590.9732182487 11684.4272920208 11555.0668939623 11533.425468763 -112.005828478417 66217.7037561196 40.4567854363163
240650 156.855658308982 -13290.2002670138 -13133.3446087048 13466.74001436 13485.008458805 13516.3995155718 13398.8120687031 -82.6642440302401 66069.5730568457 40.4265952913359
240660 156.447074951776 -13291.0612097085 -13134.6141347567 11503.0761017235 11474.8722254131 11576.7382673614 11457.6178123959 -13.7717950285993 66220.1751358502 40.4572887399646
240670 156.25826739325 -13289.7911474942 -13133.532880101 13528.0536834325 13534.3325503602 13509.6160495566 13540.2124503808 16.8583691453606 66065.1253151031 40.4256881108087
240680 156.033785468191 -13290.9557285099 -13134.9219430417 11440.6303227443 11520.9965490378 11277.677918844 11523.2165003512 25.0316489440334 66222.7176983494 40.4578065271216
240690 155.968428598091 -13289.782688689 -13133.8142600909 13596.2940139594 13683.4376188317 13332.2904963618 13773.1539266846 71.4737707610301 66056.5307095211 40.4239350027418
240700 154.319777823803 -13289.6851303788 -13135.365352555 11393.892430163 11442.7778528847 11139.7326517254 11599.1667858789 97.786991266518 66228.1676485221 40.4589163526163
240710 152.593768135714 -13286.8689684272 -13134.2752002915 13623.493764847 13641.7180989742 13481.6440846233 13747.1191109434 74.8897143475419 66061.9557134615 40.4250416003844
240720 151.261253494247 -13287.0753095203 -13135.8140560261 11359.5705766947 11400.4717185178 11365.6017342196 11312.6382773465 0.340484444670983 66237.8623352772 40.460890423957
240730 152.073098513477 -13286.6236814198 -13134.5505829063 13637.8815591788 13690.9835531789 13755.5537998641 13467.1073244935 -51.4116818416265 66062.413651639 40.4251350082917
240740 153.231319731012 -13289.1642157832 -13135.9328960522 11371.3975845645 11399.7599047768 11548.8611402443 11165.5717086724 -34.5795405469324 66232.6958737362 40.45983843213
240750 154.146852902726 -13288.7366029373 -13134.5897500346 13621.7125770899 13594.1436218068 13821.8758732594 13449.1182362035 67.2045686914544 66058.1659751938 40.4242685722218
240760 153.523655816507 -13289.4372840275 -13135.913628211 11413.7962918208 11351.9241516826 11570.8064889875 11318.6582347924 184.695781421692 66228.1773423621 40.4589183266115
240770 153.076147112088 -13287.7037674466 -13134.6276203345 13549.5684875132 13459.6199590287 13627.5571978406 13561.5283056702 212.710155552225 66067.4416961306 40.4261605749221
240780 152.914496192546 -13288.6975117047 -13135.7830155121 11490.9398679397 11393.2668867482 11483.9492964424 11595.6034206283 123.955342204594 66225.4062487022 40.4583540299616
240790 154.450801782976 -13288.9102900592 -13134.4594882762 13433.4312732073 13396.6335559258 13343.2766184745 13560.3836452217 55.2504101475632 66072.1685579465 40.4271246620874
240800 156.072200136675 -13291.3845354015 -13135.3123352648 11646.7313155212 11684.0064634135 11545.8013534063 11710.3861297437 69.3476006560762 66200.7917099358 40.4533409129628
240810 156.836721118597 -13291.0002778905 -13134.1635567719 13281.2556005575 13307.6252493317 13277.6731897027 13258.468362638 108.961088480961 66073.6135455708 40.427419371495
240820 155.280075657768 -13290.1992683648 -13134.919192707 11844.3024118359 11799.2673423724 11970.7948317402 11762.8450613951 132.851957455433 66189.1809270107 40.4509757729597
240830 153.031193421298 -13287.1703699744 -13134.1391765531 13029.2941904931 12936.2074037182 13220.3021444671 12931.3730232942 168.758220807429 66108.3432804439 40.4345013091297
240840 151.107744830522 -13285.6521794808 -13134.5444346502 12097.2307990924 12019.8335440962 12274.9418572532 11996.9169959277 209.560559282134 66188.6466590662 40.4508669348409
240850 150.943559386578 -13284.8118180618 -13133.8682586753 12725.9722566097 12694.1870668874 12840.5260222555 12643.2036806861 261.151704287214 66142.8833361286 40.4415421086019
240860 152.517918177519 -13286.106549596 -13133.5886314185 12423.4064136085 12415.6317623208 12471.4399129567 12383.1475655479 237.263044965273 66163.5474683866 40.4457532059519
240870 155.039182744099 -13288.0471358234 -13133.0079530793 12410.7669226266 12395.9925064827 12450.8227292573 12385.4855321397 142.773566692142 66159.3627336773 40.4449004790237
240880 156.954162849192 -13289.1566006832 -13132.202437834 12754.4838805749 12736.7549106395 12839.4134871325 12687.2832439527 67.5065007498114 66131.5745105489 40.439237136949
240890 157.674095481083 -13289.7035994347 -13132.0295039536 12105.0992354208 12101.486453104 12190.8208173098 12022.9904358488 52.2322182905533 66183.2373291315 40.4497649429959
240900 158.597128886672 -13289.5681570019 -13130.9710281152 13000.0528112867 13013.9457192895 13009.3422251235 12976.8704894471 60.0548818295105 66114.6410564006 40.4357852587377
240910 159.564881127388 -13290.7223002955 -13131.1574191681 11898.4981500256 11915.2602549867 11826.8528853449 11953.3813097452 70.3408677675436 66195.3796115016 40.4522384919601
240920 159.346891714918 -13289.3974563312 -13130.0505646163 13197.1507514511 13215.6023306851 13113.4087925454 13262.4411311229 81.8881203315754 66096.7648080181 40.4321405526793
240930 156.741924227576 -13287.475352558 -13130.7334283304 11758.3310263956 11799.4354954273 11720.9755413542 11754.5820424055 90.1876223351234 66214.7646064653 40.4561868536638
240940 154.197508289997 -13283.8983775034 -13129.7008692134 13277.9039451139 13353.3106542697 13278.128165828 13202.2730152438 105.444970372821 66107.8224327249 40.434395118433
240950 153.060473500897 -13283.5556466904 -13130.4951731895 11690.0629981923 11786.7061410927 11715.809521872 11567.6733316121 95.3732528002998 66234.8367365982 40.4602743599906
240960 154.292023135099 -13283.5844565141 -13129.292433379 13290.7846512947 13378.9732177696 13354.731930011 13138.6488061034 56.883264375132 66109.5642543668 40.434750239725
240970 156.229233192836 -13286.1693204566 -13129.9400872637 11712.8721285055 11755.4076926429 11818.325402803 11564.8832900708 17.5236708268641 66223.1547149842 40.4578955232455
240980 158.346588821989 -13287.0949581261 -13128.7483693041 13270.0784807888 13266.2521069819 13394.0946672355 13149.8886681489 20.6797626894574 66097.0268298617 40.432193979853
240990 158.889132834875 -13288.3669007105 -13129.4777678756 11767.2082846731 11733.0852089145 11875.8871153331 11692.6525297716 36.2898705606223 66208.9684758903 40.4550063708045
241000 158.058932692934 -13286.6299776759 -13128.5710449829 13226.1990812464 13138.7903586173 13314.9639725501 13224.8429125718 3.38456299387607 66101.32241615 40.4330698448457
241010 156.389879725343 -13285.8625899743 -13129.472710249 11802.7132913604 11638.8571925886 11907.8868579642 11861.3958235285 -46.3207244359935 66217.7282232814 40.4567904191861
241020 156.202269948554 -13284.9177728786 -13128.71550293 13155.3713864861 12947.8637069409 13333.6147373632 13184.6357151542 -100.604109009648 66117.6625178042 40.4364012256976
241030 156.721339882092 -13286.2507970548 -13129.5294571727 11870.5613787806 11697.3830488178 12130.639382349 11783.661705175 -87.1155298369578 66215.7816096158 40.4563939769496
241040 157.431686653228 -13286.3092675683 -13128.877580915 13104.3301758856 13045.3291601391 13393.2796948864 12874.3816726313 -26.3704230152372 66121.5647665546 40.437196725649
241050 157.728421901175 -13287.4437276278 -13129.7153057266 11912.1897184013 11976.9317902933 12166.3905541747 11593.2468107359 -9.35364843061857 66211.6928176974 40.4555612390047
241060 157.990741630287 -13287.1981527815 -13129.2074111512 13063.5352400661 13199.6566883862 13256.4769644668 12734.4720673454 -58.3437028135354 66121.2614999004 40.4371349038004
241070 157.233314223512 -13287.3596959502 -13130.1263817267 11972.6316193073 12113.1209783539 12113.6328186173 11691.1410609507 -142.686739708537 66204.6747143078 40.454131827112
241080 156.115999418198 -13285.970065643 -13129.8540662248 12999.118891011 13068.6626249354 13126.67162663 12802.0224214676 -157.064118668361 66127.3286135674 40.4383716678146
241090 154.712779099588 -13285.5203716733 -13130.8075925737 12024.9421127379 11976.8223125269 12144.9220568237 11953.0819688632 -102.428684755198 66201.3504514122 40.453454722759
241100 154.010773326782 -13284.6573362064 -13130.6465628797 12942.206690008 12795.1921176614 13032.8813836279 12998.5465687348 -52.6630149863271 66129.5758164466 40.4388297345866
241110 154.2482392369 -13285.7969319284 -13131.5486926915 12084.7113129824 11918.7144125947 12117.9575433642 12217.4619829883 -58.0995065372112 66192.227410681 40.4515963746189
241120 155.696246346236 -13287.1722816269 -13131.4760352807 12879.5574793336 12762.8524337023 12859.4014644056 13016.4185398929 -86.8304808141364 66126.9050893731 40.4382853360578
241130 157.243272194929 -13289.6051136834 -13132.3618414885 12149.5683286701 12141.8361946247 12112.5205582403 12194.3482331453 -83.8038900138021 66177.1461751953 40.4485239776903
241140 158.17342377266 -13290.6774538939 -13132.5040301212 12824.3685338458 12910.5084145816 12827.7860328009 12734.8111541551 -63.2521974778134 66120.9826968849 40.4370780687736
241150 157.187091224848 -13290.7300531513 -13133.5429619265 12228.2471724239 12306.3284017724 12304.3062324929 12074.1068830064 -43.3123157337506 66167.8345596287 40.4466267528724
241160 154.802610974666 -13288.8091269756 -13134.0065160009 12744.7203186841 12742.9222908884 12905.0376235889 12586.201041575 -56.2025058707779 66135.218014988 40.4399797869125
241170 152.621369405425 -13287.6327143025 -13135.011344897 12281.4477057239 12211.0868775393 12504.0487315914 12129.207508041 -73.8594379479852 66177.7097878092 40.448638807028
241180 152.404781385862 -13287.7612523646 -13135.3564709788 12653.7274718403 12585.5885797901 12864.1973818729 12511.3964538578 -76.96947462091 66149.2387216497 40.4428373518017
241190 153.462664436376 -13289.374182936 -13135.9115184997 12379.3610490036 12400.0773013106 12534.7565813164 12203.2492643837 -53.8127999201124 66163.2459680291 40.4456917701712
241200 154.17299285613 -13290.2494107743 -13136.0764179182 12582.765256303 12714.3441037303 12666.6141961796 12367.3374689992 7.01096806838169 66141.1265698657 40.4411840606798
241210 153.673387810996 -13290.0491745408 -13136.3757867298 12476.8867110719 12667.9481360263 12513.5834001814 12249.1285970081 45.9512239797248 66147.323989196 40.4424471333509
241220 152.926250038985 -13289.4750542729 -13136.5488042339 12469.1440047069 12655.2526717189 12483.799416679 12268.3799257227 45.8923746616455 66147.8514499224 40.4425546294901
241230 153.118324176123 -13289.6870415085 -13136.5687173324 12578.3810951715 12732.9118110272 12585.0869352487 12417.1445392387 44.4825796302904 66138.2185722649 40.4405913654543
241240 154.089037033387 -13290.8024058361 -13136.7133688027 12361.3141217529 12458.007768409 12382.6590550981 12243.2755417516 36.4424496175658 66151.4372285796 40.4432853936078
241250 154.354828827074 -13290.8687935651 -13136.513964738 12718.835308175 12745.9085546924 12773.1275465304 12637.4698233023 -2.4734033210785 66123.923357529 40.4376775252871
241260 152.855598405045 -13289.7120314333 -13136.8564330283 12210.581518242 12193.0538768622 12293.3698628486 12145.3208150153 -47.7054617416701 66168.3772803594 40.4467373361236
241270 151.305792763107 -13287.770123989 -13136.4643312259 12866.4824327756 12852.9305998015 12983.9631962053 12762.5535023201 -39.9473688255678 66124.3325191562 40.4377609318716
241280 151.300767390371 -13288.1659981579 -13136.8652307675 11997.4641917667 11987.6995986633 12159.9838495444 11844.7091270926 0.476680934124539 66189.5456766576 40.4510500774096
241290 153.007158848708 -13288.9648829084 -13135.9577240597 13134.6262777209 13127.259893793 13306.6307366347 12969.988202735 -16.8786837661128 66094.1159166374 40.4316004264988
241300 154.065236938761 -13290.613665115 -13136.5484281762 11726.0253224758 11728.4787050937 11862.8998801027 11586.6973822312 -105.499009379146 66195.2846641349 40.4522191510566
241310 153.638149042307 -13288.9604320151 -13135.3222829728 13488.4865121722 13504.7879894896 13562.6057884424 13398.0657585845 -230.565344421899 66065.2094624865 40.4257052742487
241320 151.855767813993 -13288.3290759031 -13136.4733080891 11293.0376650888 11282.1603231161 11309.0549246141 11287.8977475361 -326.038174331406 66242.2617114019 40.4617861791859
241330 151.962256401124 -13286.634735048 -13134.6724786469 13917.5410956901 13838.3689356888 13939.7557165872 13974.4986347944 -347.277444840759 66047.775619515 40.4221490030705
241340 153.594625022572 -13289.7594015505 -13136.1647765279 10848.2376674322 10687.8054373559 10942.7676483012 10914.1399166396 -272.800394125489 66281.6531010331 40.4698048776092
241350 156.759741948118 -13290.434634989 -13133.6748930408 14338.3832323712 14135.7141239219 14499.4974760499 14379.9380971418 -181.886647455481 66007.2362433685 40.413877091455
241360 158.120844326722 -13293.6926744342 -13135.5718301075 10543.0225613209 10371.5485918494 10670.3705571683 10587.148534945 -92.9825723108002 66290.5671761204 40.4716190282405
241370 157.793880389997 -13290.7101448186 -13132.9162644286 14593.3258971375 14478.8147426049 14649.133144016 14652.0298047916 -86.7303572402214 65981.0163701914 40.4085252182864
241380 154.303205435675 -13289.6258151664 -13135.3226097307 10387.9385754371 10292.5839307214 10391.1700326159 10480.061762974 -204.876209287741 66312.507282145 40.4760834827719
241390 151.893158019954 -13284.59800457 -13132.70484655 14609.0980597546 14472.9275302805 14597.0381647777 14757.3284842057 -326.656763823019 66000.3068129002 40.4124628275679
241400 150.966361611167 -13285.9603562412 -13134.99399463 10435.950162554 10230.9088196004 10480.4919533783 10596.4497146833 -320.105751601047 66323.3923074944 40.4782980428308
241410 153.402910257351 -13285.6672158795 -13132.2643056222 14477.6654923537 14262.4857938209 14604.4469934267 14566.0636898134 -215.964210883169 66012.0030682964 40.4148499203472
241420 155.845710830356 -13290.0248763069 -13134.1791654766 10635.857951675 10515.9887544262 10820.4908531636 10571.0942474352 -122.029642964741 66300.1159815754 40.4735621758047
241430 157.85557973336 -13289.5123475664 -13131.656767833 14254.0088235293 14228.9101953669 14467.4856988447 14065.6305763765 -119.190483840938 66017.6092814759 40.4159939943536
241440 156.655737128179 -13290.0450262684 -13133.3892891403 10910.4292236001 10933.8942810632 11106.4345989784 10690.9587907586 -148.504089458248 66273.6045553017 40.4681667357048
241450 154.982972594474 -13286.3654946848 -13131.3825220904 13951.2636337106 13946.2635304821 14122.0999499125 13785.4274207372 -224.025130964807 66045.3719823577 40.421658644099
241460 154.20577362119 -13287.0274582001 -13132.8216845789 11189.7695167554 11115.7747360033 11335.3689641334 11118.1648501296 -261.57748982788 66258.3376394332 40.4650590553134
241470 155.77966234931 -13286.881519362 -13131.1018570127 13663.3413891665 13501.5696038712 13807.5507948081 13680.9037688203 -217.151668975189 66067.7174910423 40.4262168271072
241480 156.423705814882 -13288.6097697007 -13132.1860638859 11493.3208665236 11273.0689897668 11653.0965698921 11553.7970399118 -106.510490227061 66235.2846318134 40.4603655603485
241490 155.909331764127 -13286.8170960838 -13130.9077643197 13377.5982119513 13174.3123021004 13536.9151076387 13421.5672261147 -8.31452170083086 66096.6689832422 40.4321210136358
241500 154.640892817732 -13286.3732662206 -13131.7323734029 11748.3092084449 11641.134732394 11861.9457565224 11741.8471364182 6.56617279659142 66226.2607123731 40.4585280318892
241510 155.253995960784 -13285.971753675 -13130.7177577142 13102.660465948 13091.7314506704 13163.0927116648 13053.1572355088 -28.9668354410305 66120.6453721039 40.4370093036548
241520 156.873857908593 -13288.0053321952 -13131.1314742866 12011.3676643386 12013.7165895119 12066.1557872426 11954.2306162614 -57.5177153239358 66197.429311216 40.4526560139805
241530 157.743245853966 -13288.1563629615 -13130.4131171076 12889.5665058545 12826.1548319564 12988.2094271908 12854.3352584163 -54.594411989501 66126.0584755874 40.4381127600295
241540 156.870277993063 -13287.5775934419 -13130.7073154488 12221.0998312561 12082.9011245459 12375.90170158 12204.4966676424 -56.2174492284337 66178.5797124238 40.4488160424973
241550 156.216561143128 -13286.5721074748 -13130.3555463316 12669.1447280302 12491.2649821682 12848.9657761072 12667.2034258153 -42.6649249121987 66143.8933748148 40.4417479625153
241560 156.345004919382 -13286.7781631779 -13130.4331582585 12426.3429208042 12268.6107680751 12551.8609420752 12458.5570522624 30.4322918282429 66161.327096295 40.4453007633322
241570 156.323772668238 -13286.6945242517 -13130.3707515835 12497.0759876328 12434.8778738383 12512.5066278327 12543.8434612275 135.164125093538 66158.0944877527 40.4446420403797
241580 155.841881080491 -13286.1782235512 -13130.3363424707 12577.0646138996 12631.3757282506 12509.4730992073 12590.3450142408 163.551706234618 66156.0042843589 40.4442160989586
241590 155.528274783087 -13286.0084248698 -13130.4801500867 12335.9271608133 12414.0422065036 12292.1848528732 12301.554423063 94.8768888894573 66174.5941291608 40.4480040206348
241600 155.401922530241 -13285.6395880091 -13130.2376654788 12737.3971901033 12731.8040805394 12812.8678297774 12667.5196599931 -10.6472951753109 66142.3169022552 40.4414266639585
241610 155.101837847131 -13285.6844111108 -13130.5825732636 12202.3964780077 12049.9501971206 12419.3755086663 12137.8637282362 -77.1207790623492 66184.451833339 40.4500123677276
241620 155.524745704963 -13285.7459686297 -13130.2212229247 12845.2617461865 12579.721359497 13136.9686757955 12819.0952032669 -85.4628354935174 66135.3640014704 40.4400095425467
241630 156.316234309639 -13286.9981067129 -13130.6818724032 12096.3728289217 11861.0814753424 12343.0211432143 12085.0158682085 -69.8629985835054 66189.718535905 40.4510852910873
241640 156.855008149494 -13287.0825433478 -13130.2275351983 12959.3240286801 12866.5473736855 13062.6052381504 12948.8194742045 -71.7837901329575 66122.0297289365 40.4372915093064
241650 156.248179474016 -13287.2014826342 -13130.9533031602 12013.1713403624 12074.0553400713 11932.0184506208 12033.4402303952 -91.3995166780128 66198.5103949159 40.452876226303
241660 155.518287959558 -13286.083964795 -13130.5656768355 13010.5071816479 13156.0269834914 12776.6787232924 13098.8158381598 -87.1636357631535 66125.2269353735 40.4379432552046
241670 155.681947957158 -13287.1061070206 -13131.4241590634 11938.6172707006 12060.4945902256 11656.974731706 12098.3824901703 -65.8093159957093 66204.5039447879 40.4540970443788
241680 157.076024233247 -13288.0660946457 -13130.9900704124 13082.2835294284 13122.3875604883 12866.6699765599 13257.7930512369 12.6242698244427 66108.9252900201 40.4346199688769
241690 157.359640662495 -13289.4137576145 -13132.054116952 11912.5136226908 11860.8484589484 11848.8075137677 12027.8848953562 86.2686433631444 66192.9952155475 40.4517527817666
241700 156.422964847104 -13288.294798525 -13131.8718336779 13120.8241947862 12983.1266198014 13257.2122113018 13122.1337532554 129.397153872792 66103.9800584093 40.4336117159767
241710 154.928881795753 -13288.1666403114 -13133.2377585157 11852.1513970341 11662.4762837971 12131.1115605466 11762.8663467586 99.2921730362067 66203.9236812057 40.4539788544952
241720 154.552576425504 -13287.620216083 -13133.0676396575 13158.8044864045 12979.7328023653 13491.5315768889 13005.1490799592 4.67351470774783 66103.4476769592 40.4335031689945
241730 154.113938662974 -13288.5911077772 -13134.4771691142 11843.5240132285 11729.2823835426 12114.6078285259 11686.6818276172 -67.5256321818344 66206.1042030233 40.4544229863541
241740 153.128280358578 -13287.4215705753 -13134.2932902168 13158.3009983798 13117.2925335324 13302.6593755166 13054.9510860905 -52.1918347041244 66109.5066225699 40.4347384898972
241750 151.97051569566 -13287.5638380717 -13135.5933223761 11826.0048757911 11830.7368931417 11834.8632941432 11812.4144400885 53.4332827700671 66212.1584978766 40.4556560828208
241760 152.44555205701 -13287.6128590491 -13135.1673069921 13154.9620010303 13182.6821709618 13103.1287827241 13179.075049405 141.295565228206 66104.837101618 40.4337864568548
241770 153.644300609595 -13289.8666266298 -13136.2223260202 11856.5143756661 11897.5021527706 11825.1847818369 11846.8561923908 133.928768282171 66196.834356943 40.4525348232086
241780 155.151430293216 -13290.8552884042 -13135.703858111 13139.8706494174 13204.6181043471 13185.9430636267 13029.0507802784 73.6724868895388 66093.0988884958 40.431393044012
241790 155.639021738519 -13292.3415213825 -13136.702499644 11872.4324704246 11943.122284771 11991.3352133012 11682.8399132017 26.5757473845301 66185.8132286092 40.4502897142262
241800 155.460421232803 -13291.6661837654 -13136.2057625326 13130.7257970052 13158.8829731717 13286.1903247554 12947.1040930884 10.1537562134141 66087.5076445802 40.4302528939351
241810 154.224608498598 -13291.4539872912 -13137.2293787926 11884.081415777 11851.3334601236 12039.5265217677 11761.3842654397 -5.62963448616371 66185.2380623979 40.4501725405393
241820 152.925785770175 -13289.6863845588 -13136.7605987886 13103.2099258975 12997.2003644684 13288.7434269388 13023.6859862854 -15.5677283366339 66095.4567200936 40.4318738268475
241830 152.206123941459 -13289.8805322527 -13137.6744083112 11907.6665377471 11770.6577235276 12144.111353978 11808.2305357357 -30.7344144716422 66189.4779096635 40.4510362723745
241840 152.545355448433 -13289.6560315156 -13137.1106760672 13071.512162479 12974.5507128945 13320.5853917207 12919.4003828218 -52.6719067584437 66101.4261695514 40.4330909995729
241850 152.238758494414 -13290.1043533737 -13137.8655948793 11955.8559867931 11957.9381063222 12156.6304729149 11752.9993811421 -98.8680265068172 66189.4443917118 40.4510294443199
241860 151.541449726076 -13288.8202941744 -13137.2788444484 13004.4684485243 13101.6235822934 13150.0688190688 12761.7129442108 -134.39931788876 66112.5756405492 40.4353641841708
241870 150.878671783545 -13288.6776582325 -13137.798986449 12027.8713174974 12167.0752311915 12108.3211549578 11808.2175663428 -109.969475873422 66186.5052932387 40.4504307017271
241880 151.289698591965 -13288.3920561564 -13137.1023575645 12903.3936108314 13026.6583221722 12923.8605933593 12759.6619169625 -65.4337675620881 66115.0196726223 40.4358624459525
241890 152.358484850238 -13289.6343105583 -13137.275825708 12173.2656940145 12246.1494588671 12197.3180228161 12076.3296003603 -19.6750044307497 66164.2154459133 40.4458893169692
241900 154.138345705889 -13290.7547146284 -13136.6163689225 12734.236391053 12763.5068305362 12843.8661104108 12595.3362322119 21.8583128440631 66115.0632266934 40.4358713251555
241910 155.429794005113 -13291.9266952709 -13136.4969012658 12400.160332293 12400.4150298509 12601.6896867893 12198.3762802389 65.9561578340948 66138.088534471 40.4405648613197
241920 155.042233737785 -13291.2490917429 -13136.2068580051 12481.460599125 12458.9908250098 12724.5399081773 12260.8510641878 117.578334771937 66139.4408237008 40.4408404814594
241930 153.334184194721 -13289.2068763712 -13135.8726921764 12669.2411409061 12663.180443157 12848.371808765 12496.1711707962 145.704649470496 66137.9554270485 40.4405377315015
241940 152.638696974273 -13288.5590480937 -13135.9203511194 12120.7823519276 12154.9990175873 12191.3965708495 12015.9514673459 145.492311277088 66188.1458865123 40.4507649196864
241950 154.068284505379 -13289.0179436861 -13134.9496591807 13036.5442122636 13061.0049476339 13069.1458501533 12979.4818390035 130.667247352522 66114.3940944228 40.4357349112716
241960 155.348185116381 -13290.5661234394 -13135.217938323 11788.7731765543 11758.6697946359 11854.1777453996 11753.4719896273 153.674972244004 66203.9434469437 40.4539828804533
241970 155.5079297552 -13289.3386860397 -13133.8307562845 13385.3939365934 13313.2547099486 13504.399923152 13338.5271766797 193.952218068086 66079.9597819314 40.4287136538939
241980 154.304727794557 -13288.8878988538 -13134.5831710592 11471.5393349408 11401.0746125967 11630.4747279866 11383.0686642391 180.309454613749 66228.2487267538 40.4589328628927
241990 153.424363833666 -13286.3289493349 -13132.9045855013 13660.0732277292 13624.6543683161 13853.1102100368 13502.4551048346 100.449007471098 66064.8969852809 40.4256415385778
242000 152.440965347141 -13286.4169478465 -13133.9759824994 11247.0981097606 11214.3464335312 11449.3626527848 11077.5852429658 -20.9750398612756 66254.7522110516 40.4643291487415
242010 153.055571277811 -13285.0957036757 -13132.0401323978 13808.7882589622 13666.8695233069 14054.581657621 13704.9135959588 -79.9640576727052 66062.0738440235 40.4250656960987
242020 154.443675018063 -13287.6322830186 -13133.1886080005 11154.6056498491 10904.1768249137 11434.3029404046 11125.3371842289 -39.7266227571867 66264.816586961 40.4663779456791
242030 156.684059809337 -13287.8376588777 -13131.1535990683 13847.9336481305 13560.031112401 14137.8741797287 13845.8956522619 41.0721076930203 66055.0498626121 40.4236329276056
242040 157.402556483566 -13289.7960638821 -13132.3935073986 11178.4500802803 10916.9848483048 11424.8756726931 11193.4897198431 63.9834391509355 66255.9563716206 40.46457428967
242050 157.811231769576 -13288.3992012651 -13130.5879694956 13787.1205091985 13559.9714048189 13997.8038269687 13803.5862958079 26.7104877409801 66054.8035144594 40.4235826750779
242060 157.163920297588 -13289.0899014451 -13131.9259811475 11269.7769616436 11069.92755799 11462.7133824913 11276.6899444495 -51.5960101076518 66245.7937408019 40.4625053055901
242070 156.698944327604 -13287.0892167091 -13130.3902723815 13678.5644925643 13525.4556673723 13839.5670512174 13670.6707591031 -154.86847544973 66060.1789778418 40.424679186776
242080 155.470818844464 -13287.2053865668 -13131.7345677224 11401.7549341546 11342.4181622429 11522.819198581 11340.0274416401 -232.718690498891 66238.3161853436 40.4609828340239
242090 154.948377190739 -13285.4128046583 -13130.4644274676 13532.0272360787 13551.5474150527 13641.6745617033 13402.8597314801 -247.430096792493 66079.4167328324 40.428602905054
242100 154.728538877057 -13286.3815811999 -13131.6530423229 11533.3349997528 11603.5029420867 11656.3122295741 11340.1898275976 -201.311518485569 66235.2619245782 40.4603609367145
242110 155.263381683583 -13285.7915733021 -13130.5281916185 13409.9353769852 13455.3902149962 13596.0591363356 13178.3567796239 -183.038907059712 66094.7104692809 40.4317216609057
242120 155.266549180353 -13286.8438713882 -13131.5773222078 11648.1372706509 11588.4114192753 11908.257017493 11447.7433751844 -219.535070364651 66232.1518002242 40.4597276450211
242130 155.682197085964 -13286.2673190284 -13130.5851219425 13283.1314781776 13146.2362174646 13557.7088913664 13145.4493257017 -278.510032196307 66107.0059893996 40.4342286604321
242140 156.14962596423 -13287.6110870428 -13131.4614610786 11770.372651103 11646.8520877368 11935.9811610476 11728.2847045246 -270.413080142354 66219.6076924226 40.4571731795727
242150 157.025464814175 -13287.6424676185 -13130.6170028043 13177.2702575465 13182.0154291371 13170.3351002402 13179.4602432622 -184.138218870605 66108.8018798741 40.434594808152
242160 156.754474175668 -13288.1894234587 -13131.434949283 11879.5089939187 12005.2405589026 11745.8990904435 11887.38733241 -85.7941515637714 66206.7727686896 40.4545591588291
242170 156.157272551388 -13286.9698713439 -13130.8125987925 13077.9171455407 13201.5286260195 12947.5370928197 13084.685717783 -57.1302657842153 66116.5294858345 40.4361702435601
242180 155.717409750101 -13287.3029511771 -13131.585541427 11963.7315932896 11993.9863160931 11963.3969156084 11933.8115481673 -135.231842745944 66203.1445137974 40.453820150178
242190 156.198660407398 -13287.2732694988 -13131.0746090914 12977.6551170783 12940.4551146678 13139.0557379778 12853.4544985892 -260.879372444555 66123.9023239808 40.4376732376411
242200 156.252837360074 -13287.9734463723 -13131.7206090122 12073.7090120531 12051.7558245804 12295.6482427057 11873.7229688731 -324.445964583723 66190.8282656086 40.451311356006
242210 155.896374478831 -13287.2642169928 -13131.3678425139 12873.5488034646 12896.6826063392 13051.5195766865 12672.4442273683 -276.247282709561 66127.679004453 40.438443091698
242220 155.512125946788 -13287.4320689168 -13131.91994297 12182.9163575821 12260.238267279 12258.3749750584 12030.1358304089 -158.18176573275 66178.9597932741 40.4488934783838
242230 155.634800490697 -13287.3654365152 -13131.7306360245 12762.5674755936 12869.0706980809 12741.0934676775 12677.5382610223 -56.6542947585463 66134.4485495733 40.4398229502203
242240 155.445456293092 -13287.6357229375 -13132.1902666444 12303.2084927711 12402.9261762282 12207.0364759119 12299.6628261731 -18.1444918628458 66172.3731473486 40.4475515041392
242250 155.008617182179 -13287.2081178453 -13132.1995006632 12637.7594081821 12712.0377463536 12504.7337674326 12696.5067107601 -69.9544787269186 66151.7687638597 40.4433529575394
242260 154.455988419305 -13286.9803457543 -13132.524357335 12418.2830860032 12476.3083144499 12332.555073061 12445.9858704988 -169.983795554954 66172.4736411624 40.4475719795857
242270 154.357172023757 -13286.9925666395 -13132.6353946157 12502.0278653459 12547.5046781125 12529.934981254 12428.6439366714 -232.292396833896 66167.124204148 40.4464820119219
242280 154.571797406395 -13287.2868701806 -13132.7150727742 12556.3977068457 12584.4654585488 12651.0008759463 12433.7267860419 -185.430400929041 66159.352799692 40.4448984547243
242290 154.882960248515 -13287.7973168111 -13132.9143565626 12374.6318621302 12382.0439812801 12448.2040382928 12293.6475668177 -69.3677440058568 66168.3756750574 40.4467370090327
242300 155.78073866591 -13288.6046601374 -13132.8239214715 12694.4579792851 12672.2174912648 12716.3947063101 12694.7617402804 34.9667240229856 66139.7898928898 40.4409116272405
242310 156.703793978381 -13289.9150331956 -13133.2112392172 12234.2398575893 12179.3847854008 12270.7653186302 12252.5694687369 82.9968502789613 66170.2224809954 40.447113304498
242320 156.95923253207 -13289.9795871597 -13133.0203546276 12849.6837207723 12762.1857449319 12976.0728844558 12810.7925329291 44.6824656053039 66121.2673734056 40.4371361011344
242330 156.128640484629 -13289.8678025374 -13133.7391620528 12085.3393898251 11968.354228128 12315.5969762864 11972.0669650609 -40.9202267368038 66182.8143863623 40.4496787783177
242340 155.043471356262 -13288.5543839924 -13133.5109126362 12984.456832952 12857.8953859125 13249.4011839337 12846.0739290099 -80.717452468604 66118.6097227791 40.4365943227514
242350 153.99664400021 -13288.4446807087 -13134.4480367085 11941.231280511 11819.4692778873 12177.6325083798 11826.592055266 24.6265277102445 66200.9582890066 40.4533748434447
242360 153.332674334998 -13287.3809839794 -13134.0483096444 13124.7304179955 13034.1160103571 13322.8893241403 13017.1859194891 185.838333890281 66111.5431370695 40.4351536852798
242370 152.402873195012 -13287.5346258914 -13135.1317526964 11798.7380419428 11796.2329831593 11927.1525004352 11672.8286422339 197.117794961674 66213.187779691 40.4558657122719
242380 152.316760504222 -13286.8212616033 -13134.5045010991 13264.0985689256 13352.5302562568 13311.3445059262 13128.4209445939 40.9763241819047 66097.957135682 40.432383671335
242390 152.655761529516 -13288.3254096386 -13135.6696481091 11661.4669421829 11787.3713535258 11645.6395000839 11551.389972939 -121.386564998701 66215.0515604598 40.4562452950488
242400 153.764540825148 -13288.5818477437 -13134.8173069186 13412.6249213194 13522.2669806435 13393.6659250997 13321.941858215 -176.634589587057 66074.1669750407 40.427532243899
242410 154.374330039122 -13290.5531109892 -13136.1787809501 11539.4706852484 11602.6209637043 11541.779231509 11474.0118605319 -165.504769912445 66214.8636949951 40.4562070341683
242420 154.914150966434 -13290.2267283944 -13135.312577428 13534.3398770579 13515.7452123774 13580.3343777794 13506.9400410169 -143.334036514797 66064.5747579317 40.4255758139692
242430 154.414199588459 -13291.4121160089 -13136.9979164204 11411.1650404149 11293.5110413472 11526.92510512 11413.0589747777 -146.615146861319 66233.0915567968 40.4599190028139
242440 153.913743166127 -13290.0433357699 -13136.1295926038 13624.9192464929 13462.4442273463 13778.7472526756 13633.5662594569 -152.880955540233 66065.4787051296 40.4257601912468
242450 152.737616284146 -13290.7331396198 -13137.9955233357 11334.7893582692 11194.9058400847 11472.5300723639 11336.9321623591 -171.30407809944 66240.1457511822 40.4613553543148
242460 151.99679730885 -13289.1142917497 -13137.1174944409 13704.992072678 13654.4100505781 13762.0201443465 13698.5460231093 -225.206514693121 66058.0420425085 40.42424329202
242470 150.842622661617 -13289.9459967436 -13139.103374082 11259.5561537168 11353.6566628098 11215.0164456302 11209.9953527105 -258.96482196957 66241.9474042143 40.4617221845396
242480 150.798193532905 -13288.8891320288 -13138.0909384959 13777.6059658529 13996.905973415 13655.0824223914 13680.8295017522 -247.010900044727 66045.3804698513 40.4216603756286
242490 151.462779889046 -13291.5330720781 -13140.0702921891 11191.8480124459 11477.5770888522 11021.8889228997 11076.0780255858 -212.686032576468 66238.0500106606 40.4609286372774
242500 153.636019104006 -13292.5147561992 -13138.8787370952 13848.1094016772 14133.1608784735 13638.6429143899 13772.5244121681 -186.133271871716 66029.8198710701 40.418485615898
242510 154.539042742079 -13295.430653778 -13140.891611036 11123.5679081393 11334.6941509873 10927.1631719467 11108.846401484 -215.86481823635 66233.7226237679 40.4600475027165
242520 153.59572897267 -13293.2196690859 -13139.6239401132 13944.5093891757 14033.6871029012 13813.3110838605 13986.5299807653 -258.159764131749 66018.184174007 40.416111310455
242530 149.965367038927 -13291.7611928181 -13141.7958257792 11022.5433946449 11006.9165412536 10966.8941111507 11093.8195315304 -218.973014594414 66249.3732130263 40.4632340653455
242540 147.991861592531 -13288.3443756176 -13140.3525140251 13990.9818242209 13894.9839109111 14026.9271013091 14051.0344604426 -148.803011957466 66029.0078615945 40.4183199315253
242550 148.720914848081 -13290.9894345106 -13142.2685196625 10988.860390075 10845.8795120062 11080.4821973717 11040.2194608472 -85.1137740054081 66256.1095707509 40.4646054774713
242560 152.208738573336 -13292.6471852882 -13140.4384467148 13956.3071472965 13804.2535263201 14019.4090754329 14045.2588401366 -55.7081578344137 66018.672592272 40.4162109795514
242570 154.148303891113 -13296.1560846935 -13142.0077808024 11174.8968203182 11073.1410310899 11146.5579597152 11304.9914701496 -61.7417978217932 66221.8354953392 40.4576268699564
242580 153.790501633188 -13294.2504707735 -13140.4599691403 13666.8118683015 13619.021800544 13575.2277549617 13806.1860493989 -101.351476538537 66029.5336941476 40.4184272238232
242590 150.769750466471 -13292.4499716399 -13141.6802211735 11589.3840079327 11590.3208897217 11476.8044856674 11701.026648409 -143.231578299495 66197.3758934317 40.4526451329344
242600 148.574900796594 -13289.2581282916 -13140.683227495 13124.5973453909 13163.5376908234 13053.3202766168 13156.9340687323 -131.858933889466 66089.4660035475 40.4306522440749
242610 148.601664260977 -13289.6032987064 -13141.0016344454 12115.241627537 12151.0856880573 12121.8799338424 12072.7592607112 -60.4361531983011 66169.0840904455 40.4468813528543
242620 150.859979247166 -13291.0667816059 -13140.2068023587 12623.8151323891 12639.1821674313 12663.3794215244 12568.8838082116 8.88893403663527 66125.2973911958 40.4379576172853
242630 153.043329857182 -13292.6913022633 -13139.6479724061 12570.3171549183 12571.0092394138 12588.9511367024 12550.9910886386 27.9084809410068 66125.0608500637 40.4379093994723
242640 153.317560966066 -13292.5141486879 -13139.1965877218 12292.7357835671 12291.883003244 12264.0562400166 12322.2681074406 2.7096096381293 66146.7223144406 40.4423245117451
242650 152.19282971094 -13290.4748278714 -13138.2819981605 12826.0906898547 12828.4723394592 12789.1799404536 12860.6197896512 5.94057661062137 66111.9303030078 40.4352326179589
242660 151.610248421165 -13289.7312270061 -13138.1209785849 12071.7181704105 12054.8415477022 12045.6122402688 12114.7007232603 64.7946325305582 66173.5065467057 40.4477824311609
242670 152.768645739416 -13289.7179059153 -13136.9492601759 13000.5962423927 12950.9304055253 12979.2072537153 13071.6510679375 101.703274579225 66103.6598525922 40.4335464294459
242680 153.968840497705 -13291.0009265484 -13137.0320860507 11934.929540224 11865.4127283869 11952.5808643009 11986.7950279842 69.9965920682169 66187.020183959 40.4505355946973
242690 154.350966598839 -13290.2091968028 -13135.858230204 13119.8818089679 13013.571390306 13238.0217276831 13108.0523089147 23.6447610521015 66097.5770344432 40.4323061680391
242700 153.447713710078 -13289.7119171409 -13136.2642034308 11838.0629502673 11722.1080370345 12052.6635463328 11739.4172674345 -8.55152282253597 66198.6777921246 40.4529103242146
242710 152.912984612428 -13288.0702047611 -13135.1572201487 13199.4048014292 13140.5812038586 13441.4890420212 13016.1441584077 -25.8744883578247 66098.2643213778 40.4324463068092
242720 153.209729689416 -13288.9468755822 -13135.7371458928 11752.4419054858 11807.1105329786 11905.8766100266 11544.3385734523 -15.4594847725812 66209.6122481218 40.4551374896238
242730 154.752288131536 -13289.2862914405 -13134.534003309 13271.680718162 13380.6141745221 13296.0543328808 13138.3736470832 -23.1338296735363 66089.0857899732 40.4305747112334
242740 155.2593130427 -13290.4719626532 -13135.2126496105 11720.3368752263 11838.9897177128 11632.6486796008 11689.3722283651 -35.7612743157116 66205.5889246135 40.4543180345772
242750 154.538770081724 -13288.637773453 -13134.0990033713 13306.7466112998 13428.0300102782 13168.5231215567 13323.6867020646 -55.1397449684646 66088.2190061872 40.43039795628
242760 153.028521273611 -13287.949530514 -13134.9210092404 11682.4979157433 11774.7648737431 11549.3830243949 11723.3458490917 -82.166950549224 66217.3447665396 40.4567123260057
242770 152.823408269711 -13286.5915813056 -13133.7681730359 13319.1421171885 13330.0674294467 13239.980418124 13387.3785039948 -63.0129206532777 66095.7860666661 40.431940982633
242780 153.39942085233 -13287.9219452347 -13134.5225243824 11668.9182754303 11579.5754101011 11656.0381042872 11771.1413119024 -13.1026512769069 66222.2411093755 40.4577094718541
242790 154.997557819157 -13288.2522110807 -13133.2546532615 13320.7571740546 13193.1968231646 13346.7836133343 13422.2910856648 62.4395863936242 66091.8924817861 40.431147042531
242800 155.907962155225 -13289.8588138914 -13133.9508517361 11697.837713224 11653.2751729618 11716.2827872607 11723.9551794494 130.415902726993 66212.5926162501 40.4557444981291
242810 155.942141744149 -13288.7110574082 -13132.7689156641 13300.3210569613 13388.2570600568 13311.4250619624 13201.2810488648 182.342384063242 66089.6947145829 40.4306988824992
242820 154.744627892144 -13288.2826933963 -13133.5380655041 11722.8149976937 11878.6932861621 11768.1297139633 11521.6219929558 171.328871490723 66214.2682984429 40.4560857745949
242830 154.266559160297 -13286.7254255542 -13132.4588663939 13248.948385203 13330.0848533953 13358.1509843788 13058.6093178349 107.425574071821 66101.8926531223 40.4331861126408
242840 154.770222368878 -13287.9040912695 -13133.1338689006 11773.5487343125 11691.1531243967 11978.571721327 11650.9213572138 40.3689387634253 66215.8366565734 40.4564051877754
242850 156.087109479766 -13288.1415058459 -13132.0543963661 13184.2560709051 12982.2950372697 13441.4368988348 13129.0362766109 5.93205103034557 66105.4940179672 40.433920393233
242860 156.414229002316 -13289.0344641513 -13132.620235149 11863.7388575194 11676.3047263463 12072.5494343159 11842.362411896 -7.40777759032647 66203.8996666232 40.4539739631158
242870 156.509068179434 -13288.2252090144 -13131.716140835 13096.9266916418 12984.5607094215 13182.7390234114 13123.4803420925 -8.6988738620595 66110.6057306226 40.4349625721443
242880 156.456404077744 -13288.7050549373 -13132.2486508596 11938.5907186421 11856.1282297221 11903.4322373621 12056.2116888422 -34.6264486494562 66197.9334265259 40.452758700503
242890 156.650561422698 -13288.1118572785 -13131.4612958558 13017.3251777355 12934.988763772 12943.3069380881 13173.6798313465 -32.8858575056491 66112.7043964701 40.4353904337868
242900 155.636931832024 -13287.5973482801 -13131.9604164481 12052.0587377749 11986.5361118406 12000.0645761546 12169.5755253294 -3.74829395183055 66188.9809656606 40.450935038005
242910 154.124120042093 -13285.5527239882 -13131.4286039461 12898.173338926 12840.5753481442 12929.4806113354 12924.4640572985 31.7394850968707 66131.9172718594 40.4393070026275
242920 154.079403265539 -13285.8875301313 -13131.8081268657 12132.2843446202 12043.5556132552 12282.4449653523 12070.8524552533 84.0775726759722 66194.357498872 40.4520302853002
242930 156.471373164881 -13287.7024280927 -13131.2310549279 12783.3844625649 12629.9259722189 13026.5012535216 12693.7261619543 155.318497111696 66136.788590612 40.4402999065383
242940 158.583196078492 -13289.930763503 -13131.3475674245 12295.7111691852 12082.1021215949 12550.9428328189 12254.0885531419 213.3534247002 66164.9621156383 40.446041461686
242950 158.177410063683 -13289.2686079689 -13131.0911979053 12660.2612130034 12443.3517090823 12856.5850499541 12680.8468799737 236.022572108757 66137.9194755266 40.4405304038929
242960 155.678320288282 -13286.9779167138 -13131.2995964256 12415.838516211 12262.3038334064 12531.2859634411 12453.9257517855 189.957985216507 66163.4613649763 40.4457356609495
242970 154.048483425198 -13285.372822057 -13131.3243386318 12485.9021394174 12432.0833451688 12533.2640557736 12492.3590173099 109.467210235784 66162.9203561437 40.4456254210506
242980 154.612260457487 -13285.8757825993 -13131.2635221418 12587.2442133927 12617.7915069197 12593.0038987909 12550.9372344675 60.733564553607 66153.1954002492 40.4436436907295
242990 155.52400852678 -13286.9342885356 -13131.4102800089 12336.0611275547 12415.7546101759 12331.6774425651 12260.7513299231 87.7829155728839 66171.275559307 40.447327871062
243000 154.816224683267 -13286.0180019413 -13131.201777258 12769.805399581 12859.0593710072 12766.4853308988 12683.8714968369 109.456496487482 66143.4403873627 40.4416556403308
243010 153.087043800654 -13284.7358739711 -13131.6488301705 12116.0015524005 12168.0341041747 12080.274874656 12099.6956783709 83.934282488213 66200.1170254282 40.4532034859301
243020 153.335662069121 -13284.4426433078 -13131.1069812387 12970.6291104301 12950.8560525484 12912.1437314066 13048.8875473351 32.503157153457 66135.014021861 40.4399382080248
243030 156.122396511839 -13287.7298310394 -13131.6074345276 11892.2727504075 11819.560582605 11857.7164675567 11999.5412010608 46.0232966395838 66208.4000531696 40.4548905979159
243040 159.418321568124 -13290.0788867325 -13130.6605651644 13249.0993504927 13150.0730060546 13271.7670562823 13325.4579891413 118.224467690395 66093.7615108771 40.4315281597647
243050 159.594742420588 -13291.2189715659 -13131.6242291453 11643.3041610429 11532.236083924 11729.9630131464 11667.7133860584 160.434173331929 66214.7021275769 40.4561741291181
243060 157.402990433851 -13288.0756323486 -13130.6726419148 13505.2398486837 13358.5070070732 13652.2842676374 13504.9282713404 138.239952559011 66078.1349428683 40.4283414958028
243070 155.113364527025 -13287.3017596617 -13132.1883951347 11327.1903939845 11118.308267569 11546.4031949332 11316.8597194514 85.9234921295085 66249.005010461 40.463159102653
243080 155.378483069765 -13286.2701462098 -13130.89166314 13813.4431242094 13590.8090299342 14101.8375546452 13747.6827880487 2.72186740126941 66055.1670600257 40.423656834647
243090 155.53594360322 -13288.2915632447 -13132.7556196415 11054.1691082602 10889.6046772625 11350.1776418503 10922.7250056678 -78.9004535312659 66262.2098863474 40.4658473216323
243100 155.080251399473 -13286.3251190056 -13131.2448676062 14113.8313802517 14033.6162900904 14364.9997034361 13942.8781472287 -105.651280374911 66031.4314803748 40.4188144485258
243110 153.237046036636 -13286.8563473968 -13133.6193013602 10759.8891451869 10773.421313188 10884.56458745 10621.6815349225 -102.09741625814 66294.6746144092 40.4724549000266
243120 153.411730113869 -13285.2393227443 -13131.8275926305 14339.8619885467 14459.395434777 14297.6524127648 14262.5381180982 -92.4227671813988 66023.9691093998 40.4172917820017
243130 154.500729325667 -13288.8655522793 -13134.3648229536 10574.1670101058 10740.4618439788 10415.4797506094 10566.5594357291 -31.1817464995669 66307.762728763 40.4751181268288
243140 156.435201065081 -13288.7533472287 -13132.3181461636 14488.3179992949 14623.1735637282 14323.1635971747 14518.6168369818 55.070901929064 66000.7993988789 40.4125633652976
243150 156.010875689929 -13291.0750723315 -13135.0641966415 10526.2182062011 10569.8194286204 10431.3564144749 10577.4787755082 57.6794726890766 66301.5022018715 40.4738442511399
243160 155.145243562042 -13288.3066936814 -13133.1614501193 14465.6184496754 14415.7502380842 14480.277469195 14500.827641747 -20.9861795783921 66000.7519890367 40.4125536888809
243170 153.640041027309 -13289.5845105785 -13135.9444695512 10608.2562918718 10492.6165782635 10711.1980169768 10620.9542803753 -134.634739349962 66298.4615873319 40.4732255258896
243180 153.984749703727 -13288.169675822 -13134.1849261182 14283.5346126044 14155.2849660112 14424.0874639546 14271.2314078475 -186.919707879377 66015.4269014975 40.4155486382887
243190 153.777103415686 -13290.4069038215 -13136.6298004058 10868.3598794 10767.1119874257 10979.3085156861 10858.6591350884 -95.7184437337877 66273.4730696813 40.468139972986
243200 153.344766769836 -13288.5185230033 -13135.1737562335 13979.586748328 13932.8918964719 14041.9207507332 13963.9475977788 57.7883627782152 66035.1955462958 40.4195824473806
243210 151.824360662566 -13289.016453273 -13137.1920926104 11200.3593622292 11216.9804325097 11208.4347998834 11175.6628542943 166.144933039686 66248.2176187257 40.462998795927
243220 152.124167085676 -13288.135794995 -13136.0116279094 13599.8019313427 13672.8923333155 13561.0951063555 13565.4183543571 152.629433337305 66060.027051747 40.4246481970105
243230 153.306854727426 -13290.6959689103 -13137.3891141829 11582.5031376638 11719.0308807214 11505.4693027628 11523.0092295074 48.6814960941741 66207.1174620596 40.4546293651114
243240 154.526940467898 -13291.0757873578 -13136.5488468899 13268.1124443906 13448.9277886273 13223.6042727762 13131.8052717683 -37.8937812075247 66075.3158613436 40.4277665582107
243250 154.395093092714 -13291.9786259643 -13137.5835328715 11899.5000035244 12095.9669075303 11908.0866268346 11694.4464762084 -32.7040290133147 66186.2236360695 40.4503733226087
243260 153.912563707105 -13291.0634001349 -13137.1508364278 12966.7984853503 13131.9656382447 13001.4433117261 12766.9865060802 66.2169384075529 66110.7382232401 40.434989584101
243270 153.316316125718 -13291.1116216143 -13137.7953054885 12123.7207302728 12188.2323027898 12199.932954765 11982.9969332636 171.91783278909 66176.7314898402 40.4484394900862
243280 153.129855530504 -13290.60922577 -13137.4793702395 12783.0293640543 12791.1575501339 12913.2448159648 12644.6857260643 229.221487151029 66123.8846435898 40.4376696335286
243290 152.543034974546 -13290.3587946918 -13137.8157597173 12296.2027987218 12307.4868942933 12470.2337112169 12110.8877906552 224.506100726932 66159.5125977004 40.4449310175631
243300 151.85282210689 -13289.4698467029 -13137.617024596 12635.60659999 12682.8472173798 12807.7775870638 12416.1949955266 149.466158765939 66133.013209685 40.4395303880627
243310 151.62002904232 -13289.3038062207 -13137.6837771784 12426.1437773601 12505.5192983962 12553.9102186956 12219.0018149885 48.4135031872011 66148.6457792547 40.4427165121924
243320 152.318815945267 -13289.8167698061 -13137.4979538608 12510.1140068878 12551.0161080286 12596.6896549473 12382.6362576875 -19.2374685248413 66141.1099818901 40.4411806798412
243330 153.520942467401 -13290.7884758647 -13137.2675333973 12542.2007954373 12485.3409374787 12623.5432805271 12517.7181683061 -11.741637513919 66136.1836270402 40.440176601575
243340 154.199409493725 -13291.3063659707 -13137.1069564769 12420.5799047676 12233.1507442013 12531.9534987401 12496.6354713613 38.7511345445197 66146.9918321983 40.4423794396862
243350 153.98469892286 -13290.7089644046 -13136.7242654818 12627.0492179186 12375.7941206322 12745.9963427394 12759.3571903841 84.1981084611552 66135.3800853286 40.4400128208297
243360 153.317109673281 -13289.907655614 -13136.5905459407 12320.132568904 12117.988696536 12412.633865018 12429.775145158 49.3423521846404 66162.5666720229 40.4455533514741
243370 152.891892670559 -13288.8340200282 -13135.9421273576 12724.6879824802 12644.0886089199 12782.9245955384 12747.0507429824 -55.7935453429752 66133.6348346222 40.4396570930197
243380 153.132144519858 -13288.8610691508 -13135.728924631 12213.4264463048 12261.0516604834 12224.2884337178 12154.9392447132 -151.378162950365 66172.3925765708 40.4475554628123
243390 154.544795502175 -13289.2637335652 -13134.7189380631 12826.2460250282 12948.5004123786 12779.5195986176 12750.7180640885 -168.04969836947 66120.6828937889 40.4370169526245
243400 156.012687180214 -13290.4488476317 -13134.4361604515 12144.1502382655 12298.2894557815 12076.0838555555 12058.0774034595 -107.378572170093 66170.0551425388 40.4470792087826
243410 156.563743510427 -13289.9037190231 -13133.3399755127 12915.6263514495 13043.8241019279 12889.1100563167 12813.9448961038 -5.6026464374766 66115.9973018332 40.4360617505666
243420 155.517440632289 -13288.8146598716 -13133.2972192393 12046.2502167972 12126.6901933063 12070.2858141823 11941.7746429029 111.222890367739 66191.8521826691 40.4515199376445
243430 154.230498217121 -13286.4411870212 -13132.2106888041 12981.8223614813 13074.884320786 13015.4012825997 12855.1814810581 154.547661705941 66127.7377003907 40.4384550562877
243440 153.388474072574 -13285.6843361037 -13132.2958620312 11963.6810769409 12123.593702533 11988.3024511958 11779.1470770939 76.7687097714456 66207.6796740012 40.4547438745086
243450 153.580513119875 -13284.7121084764 -13131.1315953566 13073.04878989 13289.4700396211 13096.6059194004 12833.0704106486 -88.1465799496214 66121.705746813 40.4372254648478
243460 154.240164062701 -13285.6238317404 -13131.3836676777 11882.3259543113 12081.5815257861 11891.371679821 11674.0246573268 -208.386901500135 66210.191180195 40.4552554015481
243470 155.833208363786 -13286.0469509599 -13130.2137425961 13148.8135754776 13279.0870151395 13129.7060249669 13037.6476863264 -223.264547822084 66107.317012209 40.4342920725091
243480 157.151727245022 -13287.8333554846 -13130.6816282395 11826.4921394471 11858.8391700887 11805.9038872431 11814.7333610093 -136.589190234305 66203.2035207192 40.4538321690164
243490 157.855406411874 -13287.514722149 -13129.6593157371 13220.480646374 13165.2972257974 13233.7933880616 13262.3513252631 -19.7773441210935 66095.9421644912 40.4319728118587
243500 157.14841185174 -13287.6185326862 -13130.4701208345 11762.340555854 11694.3505159896 11814.5294532312 11778.1416983413 61.6993877164234 66212.8251614683 40.455791859608
243510 156.426439394512 -13286.012279444 -13129.5858400495 13266.6957455299 13248.2242967852 13345.7528367216 13206.1101030829 50.9665172293867 66105.1778118181 40.4338559231773
243520 156.097363058851 -13286.6507141342 -13130.5533510753 11694.8880946897 11739.2254959621 11763.1344729799 11582.3043151271 -9.26655634560575 66230.7495329314 40.4594421051857
243530 157.034922033225 -13286.6314394695 -13129.5965174362 13312.4260326124 13392.3666391425 13350.5811145424 13194.3303441524 -54.4867550006796 66106.5367615035 40.4341329927458
243540 157.50286455817 -13288.0968658089 -13130.5940012508 11670.4141021692 11758.4974743662 11667.2468470514 11585.4979850902 -86.8140977348176 66228.1364790635 40.4589100054544
243550 156.957825100811 -13286.61847418 -13129.6606490792 13351.9859251053 13402.6691833507 13318.1837047523 13335.104887213 -80.2398235613161 66097.090782616 40.4322070200227
243560 155.063153016754 -13285.8661674016 -13130.8030143848 11653.2357907131 11606.0851823993 11652.1902811597 11701.4319085804 -52.8345253306374 66228.7791361874 40.4590408719009
243570 154.510647821052 -13284.4388163859 -13129.9281685648 13337.3172940938 13195.6662594125 13433.1149543642 13383.1706685047 -15.4796361910373 66102.1805525581 40.4332448133028
243580 155.318042877338 -13286.3281276133 -13131.010084736 11667.9049652414 11508.627941445 11816.4754533009 11678.6115009782 9.97337433869562 66227.8826245102 40.4588583119588
243590 157.162566438836 -13287.2749628138 -13130.1123963749 13310.9900213855 13196.2962325622 13418.5191347235 13318.1546968708 36.7819446859423 66099.2362107625 40.4326444747599
243600 157.688240433612 -13288.8816894626 -13131.193449029 11734.4129606983 11657.5401884485 11783.7811232109 11761.9175704355 58.8030622974571 66219.0794340514 40.4570655986613
243610 156.758681943723 -13287.283194179 -13130.5245122353 13214.556211586 13160.8282144967 13258.4346165507 13224.4058037107 47.174169781606 66108.2571870548 40.4344837564044
243620 155.04315946876 -13286.6215154554 -13131.5783559866 11847.6720272172 11817.721258341 11922.3913730075 11802.9034503031 -27.5589591509437 66214.6856926751 40.4561707819597
243630 155.022783730831 -13286.0970898319 -13131.0743061011 13044.2625185447 13019.907460054 13172.6369111887 12940.2431843913 -103.14908544181 66120.9613043749 40.4370737078247
243640 156.270266342225 -13288.1196275361 -13131.8493611938 12065.9392117024 12036.9104967247 12225.1407395498 11935.7663988327 -132.923882056925 66190.0252407814 40.4511477707102
243650 157.383820223943 -13289.0116333685 -13131.6278131446 12810.2778085827 12775.8240308405 12971.9762320257 12683.0331628818 -124.974138469539 66128.5417982395 40.4386189630135
243660 156.686225151089 -13288.9002454269 -13132.2140202758 12348.1365846536 12324.6494920811 12474.1287266711 12245.6315352085 -125.207416613038 66164.6486741869 40.4459775936126
243670 155.26516267304 -13287.7603455159 -13132.4951828429 12485.8878137321 12490.9701841904 12549.132904828 12417.5603521779 -118.514387256383 66157.3968457274 40.4444998759609
243680 154.977572819486 -13287.7105198981 -13132.7329470787 12662.277938087 12738.2416396906 12679.7687947114 12568.8233798591 -97.107665020571 66144.2169136459 40.4418139018578
243690 155.531668786331 -13288.8702772797 -13133.3386084934 12160.13809304 12316.945868267 12139.9856839396 12023.4827269133 4.05401870311002 66178.4579721574 40.4487912396447
243700 155.384099695535 -13288.5391306905 -13133.155030995 13011.9295385702 13189.3530618301 12999.2746656238 12847.1608882566 112.734518530547 66110.323806231 40.4349050946372
243710 154.055286491941 -13288.2765208173 -13134.2212343254 11838.0724827658 11936.9968004375 11896.0603386559 11681.1603092039 185.862687251271 66202.7485883226 40.4537395058219
243720 153.291357328238 -13286.9735262743 -13133.6821689461 13283.2809258467 13266.0806048229 13424.5692862301 13159.1928864871 218.791688323381 66093.125481569 40.4313984666399
243730 153.091366734239 -13288.0331809571 -13134.9418142229 11611.43665097 11512.3503345846 11753.0671528449 11568.8924654807 196.71691835027 66219.1903137042 40.4570881795797
243740 153.85824976936 -13287.9244733195 -13134.0662235502 13450.92216963 13341.161413799 13527.750281898 13483.8548131929 160.307111600028 66076.5100820594 40.4280101155554
243750 154.717732952502 -13290.11495054 -13135.3972175875 11523.555721874 11469.7814410437 11513.1136360001 11587.7720885781 106.887617022119 66220.2048596993 40.4572947932364
243760 155.896785636247 -13290.3238361211 -13134.4270504849 13458.0040116483 13502.5977556437 13362.1012065513 13509.3130727501 50.0057925821124 66069.0886870437 40.4264964991643
243770 155.43658511084 -13291.190242399 -13135.7536572882 11622.2056825871 11731.5273655128 11490.8092863381 11644.2803959105 -1.75522263949391 66210.9406601607 40.4554080481849
243780 154.547741129162 -13289.5642870958 -13135.0165459667 13294.3665686025 13410.9488884404 13201.6798393847 13270.4709779824 0.984574908059412 66087.9102215511 40.4303349883999
243790 153.659230695265 -13289.8050565147 -13136.1458258195 11790.5918395019 11887.5359048328 11771.6477804368 11712.591833236 44.14507201821 66205.3732106812 40.4542740978561
243800 153.714185631716 -13289.2402652881 -13135.5260796564 13123.1719147644 13171.5236064868 13175.7214387511 13022.2706990554 85.1104058454337 66102.1628114312 40.4332411960172
243810 154.116970098144 -13290.4771235667 -13136.3601534686 11922.4817757992 11938.0375104949 11996.7851927766 11832.6226241261 102.111234533864 66188.6022651714 40.4508578911351
243820 154.557815118582 -13290.3534181765 -13135.7956030579 13043.6811154346 13069.5443358429 13073.1459465874 12988.3530638736 112.152978833073 66097.6204762787 40.4323150259191
243830 153.330573228562 -13289.8921935602 -13136.5616203317 11999.299263354 12042.9434397481 11989.7520461651 11965.2023041488 119.732938654043 66178.7535755184 40.448851464584
243840 151.525016752075 -13287.6354906732 -13136.1104739211 12978.7646039282 13053.4886930437 12971.852840723 12910.9522780178 120.2962481518 66108.1485101431 40.4344615993275
243850 150.886576000493 -13287.6035999313 -13136.7170239308 12027.1264992682 12078.181163412 12078.4419114155 11924.7564229772 130.757150358384 66181.3141787549 40.4493731432123
243860 152.818316267305 -13288.9177744276 -13136.0994581603 12949.03977498 12870.440521504 13118.4920903761 12858.1867130599 148.429537573903 66107.2686869894 40.4342822198604
243870 155.130614791512 -13291.6370815452 -13136.5064667537 12076.2811866541 11874.7830661551 12336.1329483923 12017.927545415 158.017697094016 66171.2076270723 40.447314029818
243880 156.203717269603 -13292.1146245804 -13135.9109073108 12913.7356250907 12712.4531847939 13142.2002547173 12886.553435761 156.366377023755 66108.7046341485 40.4345749817782
243890 155.646315393766 -13291.9533931318 -13136.3070777381 12105.0754591095 12023.665796077 12188.5116410371 12103.0489402145 136.196495890006 66172.9300619828 40.4476649743035
243900 154.665555115194 -13290.4236072193 -13135.7580521041 12877.7692620752 12946.7252360392 12840.2928103321 12846.2897398543 119.944297965052 66116.9373071083 40.4362533831153
243910 153.840078834358 -13289.917883247 -13136.0778044126 12135.7431353079 12271.9552948051 12082.4213770188 12052.8527341 164.524530992044 66176.6485344237 40.4484225887854
243920 153.869068966402 -13289.3165464719 -13135.4474775055 12836.5773700904 12934.3314955644 12831.8868268424 12743.5137878644 215.329996777605 66122.6309173394 40.4374140622948
243930 154.059264727757 -13289.5906763296 -13135.5314116018 12184.4612538927 12226.3239181014 12198.8017183235 12128.2581252533 196.333187624925 66171.051635583 40.4472822463987
243940 154.070759545578 -13288.8335002219 -13134.7627406763 12790.5170957377 12811.4177294467 12796.1784877746 12763.9550699916 93.7932141577041 66123.4645820989 40.4375840046425
243950 153.409926229976 -13287.9865020166 -13134.5765757867 12248.6096488439 12315.8653987272 12250.1165879691 12179.8469598354 -16.1314845480511 66165.5288598384 40.44615694322
243960 152.452597225169 -13286.148743477 -13133.6961462519 12729.1598491208 12849.265313781 12747.4752062108 12590.7390273707 -79.3516748827078 66134.9939407581 40.4399341149905
243970 152.084207995446 -13285.3216370024 -13133.2374290069 12299.5112191282 12440.0288067578 12325.5264785136 12132.9783721132 -72.2040275513787 66174.7064062052 40.4480268963816
243980 153.840285407618 -13286.0369815395 -13132.1966961319 12640.9455349771 12768.2678672032 12649.1893364248 12505.3794013032 -48.8031157868395 66150.595847657 40.4431139266703
243990 157.062119744648 -13288.5268218461 -13131.4647021014 12385.8041655133 12457.622555696 12353.8152280496 12345.9747127945 -54.9930821711278 66165.5107360687 40.4461532502754
244000 159.99311821584 -13290.5653029979 -13130.572184782 12581.5339307031 12581.3758591983 12500.2584273761 12662.9675055348 -58.6991027577574 66145.5117506564 40.4420777960079
