# Fix print output for fix setl_out
511000 919.71798950527 -12409.738996966 -11490.0210074607 76968.4692728755 76411.1718624105 77842.6377451905 76651.5982110253 -435.306960485341 66430.125 40.5
511010 917.629881460749 -12407.5280658716 -11489.8981844109 77112.8877036652 75963.8762171182 78356.384899432 77018.4019944455 -435.712355121304 66430.125 40.5
511020 923.837025470821 -12413.3822732192 -11489.5452477484 77147.3260137794 76423.9454839289 77912.7220010384 77105.3105563708 -542.800644888586 66430.125 40.5
511030 932.805626605252 -12421.8629877407 -11489.0573611355 76891.5224344637 77258.9636299813 76666.0483621447 76749.5553112652 -626.384630840614 66430.125 40.5
511040 933.838413100213 -12422.4108053846 -11488.5723922844 76711.4681718604 77736.5668076661 75658.0262723532 76739.811435562 -813.932382909907 66430.125 40.5
511050 930.070358967675 -12418.1960759433 -11488.1257169756 76640.9250366696 77714.0322039687 75147.550337459 77061.1925685812 -863.470463599038 66430.125 40.5
511060 933.192640962026 -12420.8555487993 -11487.6629078373 76550.7245424031 77151.0493163051 75291.0988592467 77210.0254516574 -526.815402194195 66430.125 40.5
511070 949.510912158582 -12436.773273836 -11487.2623616774 75771.196495944 75764.0080423759 75028.9804833036 76520.6009621525 -204.891563015748 66430.125 40.5
511080 963.750082557645 -12450.978756534 -11487.2286739763 75280.9154701483 75278.706457281 74769.4649786193 75794.5749745444 -65.5196520810369 66430.125 40.5
511090 956.770339599746 -12444.6216620961 -11487.8513224964 75412.4670591304 75815.8431177111 75040.96537814 75380.5926815401 374.32163720023 66430.125 40.5
511100 934.578995468315 -12423.6453845532 -11489.0663890849 76238.6265658222 76672.394712096 76240.2462924179 75803.2386929526 918.557248860448 66430.125 40.5
511110 915.003116923191 -12405.5088891974 -11490.5057722742 76916.3329405478 77064.1120225263 77150.9373758264 76533.9494232908 1157.05505565913 66430.125 40.5
511120 909.64835338599 -12401.4785137493 -11491.8301603633 77052.7351287375 76964.5843332484 77278.9189558468 76914.7020971174 1394.77046519406 66430.125 40.5
511130 918.205151200205 -12411.157632438 -11492.9524812378 76603.7257221241 76292.1308487816 76556.0119386068 76963.0343789837 1404.11708861728 66430.125 40.5
511140 925.19508052124 -12419.1850696461 -11493.9899891248 76017.9662707208 75282.3442270357 75583.30871072 77188.2458744068 1217.68375485214 66430.125 40.5
511150 923.020681317811 -12418.0903109525 -11495.0696296347 76193.6303343581 75006.1817321482 75883.2897524471 77691.4195184789 921.112804423977 66430.125 40.5
511160 918.640606498309 -12414.8129437358 -11496.1723372375 76772.294830041 75413.8619001964 77181.7846167615 77721.2379731653 810.331644043889 66430.125 40.5
511170 923.739638645028 -12421.0003408174 -11497.2607021724 76908.8837410172 75602.5454231515 77828.0930536342 77296.0127462658 811.403338682925 66430.125 40.5
511180 933.078134956107 -12431.5126192279 -11498.4344842718 76802.0820928644 76087.1859361767 77521.6162629084 76797.444079508 1009.15822362683 66430.125 40.5
511190 930.977285981976 -12430.8319773828 -11499.8546914008 76679.309467822 76808.2364112645 76843.5408129213 76386.1511792801 1085.34768378426 66430.125 40.5
511200 919.067668672934 -12420.5581485905 -11501.4904799175 76805.18954596 77134.0645791818 76900.0431442839 76381.4609144141 1121.10266448362 66430.125 40.5
511210 917.546066651086 -12420.7181874698 -11503.1721208187 76654.3629759521 76860.9317399338 76976.8606776487 76125.2965102738 1126.03876904768 66430.125 40.5
511220 929.838459468747 -12434.7307707909 -11504.8923113222 76190.6780948682 76233.411078596 76754.5210789586 75584.10212705 901.29235327676 66430.125 40.5
511230 931.420339114036 -12438.2242996016 -11506.8039604876 75848.8006625629 75411.5644084571 76677.720915738 75457.1166634936 535.571959865692 66430.125 40.5
511240 916.629076972698 -12425.5147085198 -11508.8856315471 75943.1679929091 75098.4502147464 76786.1307284172 75944.9230355636 564.071033273972 66430.125 40.5
511250 908.40486956312 -12419.2888918261 -11510.884022263 76226.796370595 75411.4617966577 76898.1018163797 76370.8254987475 571.585044122576 66430.125 40.5
511260 916.551967785253 -12429.1960759327 -11512.6441081474 75928.7177212199 75351.8790748893 76420.8936790769 76013.3804096935 361.987115896054 66430.125 40.5
511270 927.649849421719 -12441.9236353308 -11514.2737859091 75462.3382514921 75152.5083804149 75958.4401226377 75276.0662514236 526.435844874705 66430.125 40.5
511280 927.751987438835 -12443.679451023 -11515.9274635841 75420.8816922931 75347.3687012911 75960.2154531454 74955.0609224427 639.495858475387 66430.125 40.5
511290 921.344897727498 -12438.9559593038 -11517.6110615763 75823.9236032643 75803.672669494 76192.332147741 75475.765992558 373.340940715362 66430.125 40.5
511300 913.95679797055 -12433.1514612274 -11519.1946632569 76137.3139353233 76001.1931455952 76139.5781673326 76271.170493042 -501.593756849246 66430.125 40.5
511310 906.056172355457 -12426.5663398924 -11520.510167537 76489.149550499 76154.4027282236 76234.4893828717 77078.5565404016 -1343.66803516156 66430.125 40.5
511320 900.843434397329 -12422.2519175282 -11521.4084831309 76667.4057528425 76324.5099811977 76279.1697908464 77398.5374864835 -1703.98348286326 66430.125 40.5
511330 901.736884867586 -12423.5057585137 -11521.7688736461 76289.1540297914 76258.8886429873 75671.511260272 76937.062186115 -1012.02494853092 66430.125 40.5
511340 913.158413580453 -12434.7738146439 -11521.6154010634 75692.1290324291 75698.1917413555 75025.5032580413 76352.6920978906 12.1212847121573 66430.125 40.5
511350 918.38352941611 -12439.4567742944 -11521.0732448783 75414.14277765 75563.9248673338 74890.9559041251 75787.5475614913 129.065829809431 66430.125 40.5
511360 913.915587106882 -12434.1190134369 -11520.20342633 75412.5226906963 75886.5836834023 75047.8923548524 75303.0920338343 -291.550884335486 66430.125 40.5
511370 920.820261055782 -12439.7953338658 -11518.97507281 75207.3968092215 76093.849630917 74877.9454507679 74650.3953459796 -383.115671400571 66430.125 40.5
511380 930.565563302642 -12448.0085641927 -11517.44300089 75237.0443277202 76177.3690053748 74965.327963581 74568.4360142049 -73.7416941827357 66430.125 40.5
511390 925.800416978294 -12441.5330433954 -11515.7326264171 75382.1640012296 76195.9509318299 75189.1720402106 74761.3690316483 221.964274639529 66430.125 40.5
511400 917.130518296083 -12430.9370021806 -11513.8064838846 75626.5579310484 76356.2753963821 75617.4881416718 74905.9102550915 312.641502072245 66430.125 40.5
511410 917.817313968391 -12429.3283430573 -11511.5110290889 75882.1523798313 76282.0363177535 75963.8749195791 75400.5459021613 446.432071268222 66430.125 40.5
511420 922.253700636022 -12431.0751610404 -11508.8214604044 75868.6845483138 75490.6643664975 75950.53947316 76164.8498052839 631.496448314281 66430.125 40.5
511430 920.134063967419 -12425.9429491745 -11505.8088852071 76194.8168663645 75464.0873634069 76419.4743886509 76700.8888470356 1041.1542077162 66430.125 40.5
511440 922.722129059976 -12425.2762406544 -11502.5541115944 76294.8996365471 75441.8740982687 76766.8556687699 76675.9691426027 1063.35731021915 66430.125 40.5
511450 930.268138705153 -12429.4267397147 -11499.1586010096 76353.6795616746 75887.7319393123 76463.83744912 76709.4692965917 654.104178087736 66430.125 40.5
511460 937.585308652952 -12433.4399205595 -11495.8546119065 76384.6364260509 76237.7977980898 76164.2034798255 76751.9080002373 476.713403951482 66430.125 40.5
511470 939.456753473603 -12432.3215700438 -11492.8648165702 76288.345067356 76258.3218386579 75863.6787164601 76743.0346469498 505.078109825176 66430.125 40.5
511480 937.884602883967 -12428.1830634126 -11490.2984605286 76517.0160490054 76239.6137997302 76354.7413440664 76956.6930032197 367.000715272715 66430.125 40.5
511490 933.218757209784 -12421.345748156 -11488.1269909462 76876.7780044098 76377.6609368667 77076.5993719977 77176.073704365 282.204544063899 66430.125 40.5
511500 927.680955359722 -12413.9213465758 -11486.2403912161 77092.9886895777 76562.3763708238 77145.9144510255 77570.6752468837 493.478351032583 66430.125 40.5
511510 929.302665763045 -12413.8411609667 -11484.5384952036 76900.7788905512 76458.5562796672 76792.3812922564 77451.3990997298 728.043449242313 66430.125 40.5
511520 932.771189209895 -12415.778811078 -11483.0076218681 76732.0652428137 76306.2695069709 76668.0453767857 77221.8808446846 829.795016722949 66430.125 40.5
511530 932.12100117262 -12413.7964997523 -11481.6754985797 76593.1993671739 76314.4186123024 76279.1773912731 77186.0020979461 345.058508695006 66430.125 40.5
511540 933.455967717598 -12413.9889551845 -11480.5329874669 76581.0401094912 76700.8396160699 75962.8115554466 77079.469156957 -195.383058198239 66430.125 40.5
511550 936.88385506149 -12416.464770066 -11479.5809150046 76660.4974164403 77047.5257646925 75861.5020335292 77072.4644510991 -432.566010760318 66430.125 40.5
511560 935.736201423368 -12414.5666364809 -11478.8304350576 76780.6001401931 77036.0294905645 75811.8482688154 77493.9226611993 -403.807791827471 66430.125 40.5
511570 933.92783112629 -12412.180131338 -11478.2523002117 76995.6855533922 77284.7403269508 75730.8017243055 77971.5146089204 -265.06506204417 66430.125 40.5
511580 936.593392801871 -12414.3998327064 -11477.8064399045 77018.1054800377 77548.92888774 75549.9771938329 77955.4103585403 -351.386491098564 66430.125 40.5
511590 938.331247060107 -12415.854229775 -11477.5229827149 77097.7507174195 77852.6160631594 75544.3113599005 77896.3247291985 -497.613225477097 66430.125 40.5
511600 928.422040342346 -12405.7927429162 -11477.3707025738 77131.066191581 77943.5528750792 75665.6091974757 77784.0365021881 -185.042244233946 66430.125 40.5
511610 920.296615070802 -12397.4919417227 -11477.1953266519 77302.3971425098 78211.9567197271 75719.3699257357 77975.8647820666 228.522134482058 66430.125 40.5
511620 927.613294806592 -12404.487367 -11476.8740721935 76972.3450743914 77600.0638210597 75256.5573291662 78060.4140729482 666.202345155001 66430.125 40.5
511630 942.756023811048 -12419.2828292297 -11476.5268054187 76355.4235788593 76304.6832303652 74995.5235842372 77766.0639219755 679.929477709642 66430.125 40.5
511640 950.222691272009 -12426.6412894389 -11476.4185981669 76456.4658032108 75984.9318750973 75739.8652914154 77644.6002431198 480.313471386938 66430.125 40.5
511650 944.071721334274 -12420.7473686209 -11476.6756472867 76923.6438305887 76646.0884958591 76540.5386214442 77584.3043744629 301.024558585053 66430.125 40.5
511660 933.279336196731 -12410.4610628504 -11477.1817266537 76977.1854051989 77248.2668298489 76536.9211039904 77146.3682817575 119.216995129674 66430.125 40.5
511670 931.814880914301 -12409.5782814889 -11477.7634005746 76883.1475139104 77277.2068219305 76295.4634525444 77076.7722672563 5.25934761411741 66430.125 40.5
511680 938.542684453182 -12416.9313235247 -11478.3886390715 76797.7056071275 77428.0608494681 76070.1965940488 76894.8593778656 -3.22762810701375 66430.125 40.5
511690 944.413298899823 -12423.5930824644 -11479.1797835646 76608.6057051439 77743.3095634561 75667.8097935745 76414.697758401 95.3753408080638 66430.125 40.5
511700 941.243644665898 -12421.4960989455 -11480.2524542796 76890.6455455504 78148.8195742681 75783.8227912315 76739.2942711517 369.532296354502 66430.125 40.5
511710 921.899302580923 -12403.3942336964 -11481.4949311154 77442.1021282304 78370.6182401698 76524.639191467 77431.0489530545 809.512332878432 66430.125 40.5
511720 906.19547223285 -12388.7740475383 -11482.5785753055 77947.1178866808 78534.839796567 77374.1029534888 77932.4109099864 1069.59840421011 66430.125 40.5
511730 912.598557872795 -12395.8763863691 -11483.2778284963 78034.8059422002 78376.6782729702 77836.7235237856 77891.0160298447 730.893585203049 66430.125 40.5
511740 923.847239488197 -12407.5128398059 -11483.6656003177 77716.9611842699 78009.983496759 77944.4714418441 77196.4286142067 524.643139452477 66430.125 40.5
511750 921.736927585751 -12405.6259323881 -11483.8890048024 77669.7944879624 78034.8503523615 77617.5785939516 77356.9545175741 601.217983351175 66430.125 40.5
511760 919.85016332181 -12403.8052468463 -11483.9550835245 77638.8807668749 78255.6593276716 76834.5527638005 77826.4302091528 560.618917642192 66430.125 40.5
511770 932.229521501449 -12416.0788405362 -11483.8493190348 77263.4244907115 77881.3675600561 75614.0739603485 78294.8319517301 170.228848521033 66430.125 40.5
511780 949.171509895142 -12432.9587673345 -11483.7872574394 76621.6972111321 77196.0021614141 74682.6305030466 77986.4589689355 -86.3088541943149 66430.125 40.5
511790 945.233893904197 -12429.2807665588 -11484.0468726547 76329.6960241054 77180.8443710999 74568.2669471421 77239.9767540743 405.495311171564 66430.125 40.5
511800 932.02509538056 -12416.6977581521 -11484.6726627716 76559.1870221647 77861.2359990934 75267.9862007163 76548.3388666845 1078.11149400344 66430.125 40.5
511810 932.186809094378 -12417.7259729295 -11485.5391638351 76437.3122327916 78178.931733885 75513.1715212589 75619.833443231 1023.818939199 66430.125 40.5
511820 940.765116399646 -12427.4690365231 -11486.7039201234 76114.8568301368 77924.4158773581 75380.8676630039 75039.2869500483 306.301546278001 66430.125 40.5
511830 943.940677915063 -12432.3587006677 -11488.4180227526 75858.965335833 77226.8663516055 75354.9599612706 74995.069694623 -142.804369082192 66430.125 40.5
511840 936.600213700202 -12427.4501160704 -11490.8499023702 75667.0130172125 76733.2126605908 75283.4567611652 74984.3696298814 152.846031668349 66430.125 40.5
511850 930.503336430621 -12424.4607302684 -11493.9573938378 75759.9595925721 76842.8350468774 75356.8912310526 75080.1524997863 662.963352179258 66430.125 40.5
511860 933.297078277985 -12430.9210442233 -11497.6239659454 75614.1108911088 76701.6235679302 75234.4506738379 74906.2584315581 944.249669067175 66430.125 40.5
511870 940.183216658299 -12441.9749526779 -11501.7917360196 75225.9587195459 75920.5562466359 75448.2750737033 74309.0448382987 601.179611737021 66430.125 40.5
511880 943.429686348695 -12449.7837950127 -11506.354108664 74671.3303669284 75212.7877937228 75530.2899494244 73270.913357638 368.861142085059 66430.125 40.5
511890 947.459448355032 -12458.5943517125 -11511.1349033575 74313.5562468022 74881.4857552487 75179.0742978686 72880.1086872894 291.578505448068 66430.125 40.5
511900 943.000157362071 -12458.8946413851 -11515.894484023 74420.3569961375 75439.3895222006 74483.2771844625 73338.4042817495 153.506672707956 66430.125 40.5
511910 919.986103370333 -12440.1757281078 -11520.1896247375 74659.1426013718 75911.2421851129 73939.2442016905 74126.9414173121 -67.8324479524898 66430.125 40.5
511920 899.976707375252 -12423.545534266 -11523.5688268908 75143.4481792416 75554.8866433413 74625.7111911859 75249.7467031975 74.5481531878315 66430.125 40.5
511930 895.304481239399 -12421.1717772288 -11525.8672959894 75687.8256289101 74988.5630106131 75983.2209717928 76091.6929043244 506.374709546637 66430.125 40.5
511940 900.81797172592 -12428.0462393998 -11527.2282676739 75838.4164549284 74865.2465049201 76465.7022086946 76184.3006511706 924.408291738772 66430.125 40.5
511950 905.503863388044 -12433.3868710368 -11527.8830076487 75944.1129091202 75257.6705643194 76169.9786397324 76404.6895233089 663.334150689302 66430.125 40.5
511960 908.452379746793 -12436.4530679449 -11528.0006881981 75777.671757707 75578.0733150996 75565.5970255339 76189.3449324873 -253.666324051605 66430.125 40.5
511970 917.057194642372 -12444.7771660796 -11527.7199714372 75271.0654281927 75465.4630840452 74838.4220278309 75509.3111727019 -1233.18218973371 66430.125 40.5
511980 922.304495863643 -12449.4900246798 -11527.1855288161 74750.6900143132 75023.7103213275 74364.0897043399 74864.2700172722 -1658.46437194619 66430.125 40.5
511990 916.118146204055 -12442.5953464277 -11526.4772002237 74647.0001065086 74827.6638245493 74796.3443323848 74316.9921625916 -1651.27996290378 66430.125 40.5
512000 910.839958296192 -12436.3535576996 -11525.5135994034 74941.7784969778 74939.2855160603 76004.9265496254 73881.1234252478 -1579.2039921066 66430.125 40.5
512010 919.146095576236 -12443.3718264129 -11524.2257308366 75082.9892912405 74677.5073983771 76934.0256179901 73637.4348573544 -1635.7276182403 66430.125 40.5
512020 926.192762319656 -12448.9012815943 -11522.7085192746 74797.1812961393 73627.9505069916 76896.0347415108 73867.5586399154 -1371.98639751408 66430.125 40.5
512030 919.240915114743 -12440.3038680756 -11521.0629529608 74812.9473612683 73113.0392449625 76855.7095042554 74470.0933345869 -635.059850429941 66430.125 40.5
512040 916.356839393162 -12435.5938249952 -11519.2369856021 74836.8978702012 73296.1981474801 76364.5167337994 74849.9787293241 195.172980821015 66430.125 40.5
512050 923.792135967073 -12440.9615911457 -11517.1694551787 74976.3113571269 73821.9084961495 75960.7217663023 75146.3038089289 709.793534038911 66430.125 40.5
512060 927.133281390512 -12442.1003128545 -11514.9670314639 75269.5322159446 74181.4159594854 76085.1124259483 75542.0682623999 861.005506381682 66430.125 40.5
512070 918.69447413021 -12431.3905040626 -11512.6960299324 75615.6005704563 74470.5755095016 76427.9276411553 75948.2985607119 790.297715761803 66430.125 40.5
512080 917.961923766277 -12428.2457407799 -11510.2838170136 75694.8180522956 74421.0696144661 76503.8178086112 76159.5667338096 562.820547258114 66430.125 40.5
512090 932.346729375155 -12440.0829666311 -11507.7362372559 75514.493128063 74367.6269608603 76346.5441608595 75829.3082624693 512.83531876528 66430.125 40.5
512100 938.987846731017 -12444.2538989752 -11505.2660522442 75395.331786435 74946.1509122065 75857.3566873559 75382.4877597424 1010.54676123246 66430.125 40.5
512110 933.446615302421 -12436.498335266 -11503.0517199636 75506.4693306403 75519.287340407 75408.1639585872 75591.9566929268 1279.19779885982 66430.125 40.5
512120 928.551285178385 -12429.587045737 -11501.0357605586 75864.0319423557 76072.8287906166 75448.5638981128 76070.7031383375 1166.16198918508 66430.125 40.5
512130 926.029488476822 -12425.1409132915 -11499.1114248147 76121.6110366022 76837.2869708471 75537.1621892821 75990.3839496774 598.382963804187 66430.125 40.5
512140 918.421954369502 -12415.6206779996 -11497.1987236301 76590.9624819554 78044.7984707433 75607.18103483 76120.9079402928 -148.990389761881 66430.125 40.5
512150 908.887114112749 -12404.0572509831 -11495.1701368703 77026.0927624286 78407.5599536592 76151.6083829952 76519.1099506313 -402.522971608237 66430.125 40.5
512160 912.330060281634 -12405.2241380845 -11492.8940778028 76992.0713522627 77620.7676043005 76506.1807337849 76849.2657187028 -114.628346998418 66430.125 40.5
512170 926.762681089525 -12417.2026931654 -11490.4400120759 76685.3006420399 76437.0120327223 76547.5067152116 77071.3831781859 397.865427081729 66430.125 40.5
512180 931.824337199196 -12419.8594137751 -11488.0350765759 76316.952669945 75720.5503815985 76068.7081153257 77161.5995129107 731.224027828678 66430.125 40.5
512190 933.597669962094 -12419.4540687066 -11485.8563987445 76342.8822827527 76154.6474716197 75592.4021558964 77281.597220742 684.726067415115 66430.125 40.5
512200 937.678414686687 -12421.6166459905 -11483.9382313038 76654.2159266865 77404.496068649 75507.0865205224 77051.065190888 596.705099517166 66430.125 40.5
512210 942.391499177217 -12424.7211731606 -11482.3296739834 76602.1724253552 78103.16485056 75632.0623373352 76071.2900881703 900.970913528931 66430.125 40.5
512220 946.394009476138 -12427.4895186043 -11481.0955091282 76366.9667272216 77799.0295962897 75647.1422841633 75654.7283012117 1069.98671146794 66430.125 40.5
512230 945.965514851665 -12426.2328550359 -11480.2673401843 76396.1522180393 77081.179298768 76080.640126505 76026.6372288448 1045.71360518094 66430.125 40.5
512240 941.131398943812 -12420.9272066446 -11479.7958077008 76807.6118232566 76926.0645766479 77077.1158945316 76419.6549985904 1117.55088061252 66430.125 40.5
512250 938.109782145134 -12417.6889664398 -11479.5791842947 76846.8949252502 76801.5017515529 77208.2819108448 76530.901113353 923.607335994498 66430.125 40.5
512260 936.403888542145 -12415.9255302336 -11479.5216416915 76846.4945412527 76938.8822871166 76850.6226793841 76749.9786572573 401.441401833562 66430.125 40.5
512270 936.867091836088 -12416.4707644023 -11479.6036725662 76892.2229407746 77037.0934577114 76907.6647735976 76731.9105910147 -19.3459320190791 66430.125 40.5
512280 932.468156005821 -12412.2472442673 -11479.7790882615 77005.5167933294 77123.7838296541 77144.8237588556 76747.9427914784 -358.380522765877 66430.125 40.5
512290 932.249067905157 -12412.2526668246 -11480.0035989194 77044.4899254311 77123.7109824178 77218.4418245609 76791.3169693145 -367.337120406638 66430.125 40.5
512300 937.271087250475 -12417.5445976486 -11480.2735103981 77072.3889070678 77289.3381360757 76958.1082820184 76969.7203031093 -410.358117377335 66430.125 40.5
512310 939.033318755477 -12419.6962366369 -11480.6629178814 76963.9874463801 77397.9004350182 76292.4962889811 77201.5656151409 -684.783798230862 66430.125 40.5
512320 936.343349775166 -12417.5595128432 -11481.216163068 77047.5219327425 77411.2908429137 76446.7586969424 77284.5162583713 -857.812279232897 66430.125 40.5
512330 926.464549265511 -12408.3342153267 -11481.8696660612 77680.790527815 77513.6346593461 77765.2064807349 77763.5304433641 -754.880294477363 66430.125 40.5
512340 912.074670479098 -12394.4844557889 -11482.4097853098 78128.6566707329 77018.5840443343 78939.484949344 78427.9010185205 -209.10996530185 66430.125 40.5
512350 914.389247209183 -12397.0257795326 -11482.6365323234 78179.1876032698 76518.6857987894 79059.9957300315 78958.8812809886 578.567293562497 66430.125 40.5
512360 933.781646794991 -12416.3803658447 -11482.5987190497 77855.2398526217 76274.1715056536 78463.0481062538 78828.4999459578 1084.98935608705 66430.125 40.5
512370 944.149789853339 -12426.7508624913 -11482.6010726379 77474.2279833024 76299.0681131419 78029.2039855721 78094.4118511933 978.434541222569 66430.125 40.5
512380 932.102859761949 -12414.9198112286 -11482.8169514667 77570.8413199835 76564.4620280414 78635.7476467888 77512.3142851203 258.035782264304 66430.125 40.5
512390 917.745428214059 -12400.833817376 -11483.0883891619 77859.6599563328 76989.6925911937 79494.0235553673 77095.2637224375 -342.351294201088 66430.125 40.5
512400 914.907317433727 -12398.0702854784 -11483.1629680447 78073.1594276862 77391.7955015739 79440.9304460535 77386.7523354313 -492.65910939092 66430.125 40.5
512410 914.831452279572 -12397.7464818361 -11482.9150295565 78210.6340618983 77572.6525331488 78814.5455069426 78244.7041456035 -417.375169948724 66430.125 40.5
512420 918.769128052122 -12401.0668670112 -11482.2977389591 78075.0361676991 77429.2335568004 78033.7302673848 78762.144678912 -584.164231239953 66430.125 40.5
512430 933.177089551952 -12414.5248479456 -11481.3477583937 77767.5942286747 77562.1925711449 77306.6070300194 78433.9830848597 -758.847344957014 66430.125 40.5
512440 942.080232925831 -12422.2984130754 -11480.2181801496 77412.3346409972 77660.147905133 77268.9180011309 77307.9380167277 -541.667991513502 66430.125 40.5
512450 937.581567661935 -12416.6248380126 -11479.0432703507 77340.6996789093 77790.338118227 77944.223903994 76287.5370145071 -510.262330286041 66430.125 40.5
512460 931.275586967331 -12409.0259283268 -11477.7503413595 77411.7685633424 78080.7922813458 78325.1533002105 75829.3601084709 -974.449967033002 66430.125 40.5
512470 932.134689290312 -12408.3297832185 -11476.1950939282 77659.187994471 78418.3660114046 78278.4832944958 76280.7146775127 -1221.81968473105 66430.125 40.5
512480 931.024109607538 -12405.3027950979 -11474.2786854904 77751.630697022 78300.7435661591 77894.7471591544 77059.4013657523 -1065.46263349497 66430.125 40.5
512490 932.522234755617 -12404.4861687397 -11471.963933984 77495.9491366816 77742.5630065299 77127.8964225861 77617.3879809288 -896.243849063791 66430.125 40.5
512500 944.63455373187 -12413.9287013173 -11469.2941475854 77085.6952804944 77064.4503910728 76732.246981284 77460.3884691264 -752.395126558993 66430.125 40.5
512510 952.466028689096 -12418.9528168951 -11466.486788206 76775.1635793841 76791.9516769999 76974.1630958627 76559.3759652896 -836.03073827584 66430.125 40.5
512520 949.268791493751 -12413.0782536035 -11463.8094621098 76642.3813097823 76999.0612559745 77210.8947090453 75717.1879643272 -1284.52690759049 66430.125 40.5
512530 944.273627687343 -12405.6004916436 -11461.3268639562 76898.0004721829 77328.4970476487 77373.0420377281 75992.462331172 -1664.82329062228 66430.125 40.5
512540 947.320739503133 -12406.3390624157 -11459.0183229126 76991.5020045403 76770.0744162654 77270.6886944365 76933.742902919 -1511.52575936625 66430.125 40.5
512550 953.284834632284 -12410.2381222738 -11456.9532876415 77357.9974725237 76546.3900009736 77134.9395863651 78392.6628302323 -469.040802889459 66430.125 40.5
512560 952.114902164497 -12407.3770533028 -11455.2621511383 77647.5301920442 76542.7641251119 77144.3249841628 79255.5014668578 503.015723667424 66430.125 40.5
512570 942.703582767051 -12396.6608881252 -11453.9573053581 78035.3480166185 76911.7872844657 78012.9022885936 79181.3544767962 1144.14003449292 66430.125 40.5
512580 931.097744185547 -12383.9692300856 -11452.8714859001 78737.6956665543 77960.8519521202 79211.2437770378 79040.9912705049 1151.00149224333 66430.125 40.5
512590 925.765502956692 -12377.5496858692 -11451.7841829125 78929.1229360611 78217.3965863955 79376.6852831296 79193.2869386581 688.040141221503 66430.125 40.5
512600 934.367651575805 -12384.9554423575 -11450.5877907817 78742.4466425547 77973.1269912699 78946.6278509806 79307.5850854136 569.009289536187 66430.125 40.5
512610 953.282271730816 -12402.7207118355 -11449.4384401047 78210.2306418327 77604.0894909082 78258.0322410534 78768.5701935366 402.272736854089 66430.125 40.5
512620 962.403437709162 -12411.0690372053 -11448.6655994961 78071.4363107535 77964.4095852646 77737.2700693983 78512.6292775977 120.188397031661 66430.125 40.5
512630 956.428698906557 -12404.9204302889 -11448.4917313823 78180.2787484831 78327.2939133135 77847.1269608803 78366.4153712554 -159.646021020131 66430.125 40.5
512640 944.762466202247 -12393.6157076948 -11448.8532414925 78498.8208877193 78320.1998937193 78472.4555457936 78703.807223645 -516.544206665693 66430.125 40.5
512650 933.737131307548 -12383.2657788546 -11449.5286475471 78620.7605816445 77773.3659030506 78898.5795756019 79190.336266281 -505.867760836189 66430.125 40.5
512660 931.577279665358 -12381.9182579539 -11450.3409782885 78728.9427177052 77425.2114541037 79390.2178785618 79371.3988204501 -650.447964581149 66430.125 40.5
512670 936.503948203294 -12387.7682985372 -11451.2643503339 78803.2257354882 77424.2482863376 79839.1798732358 79146.2490468912 -749.80972032233 66430.125 40.5
512680 936.609288174753 -12388.9787456756 -11452.3694575009 79039.3649273722 78091.8463857662 80049.1881697587 78977.0602265917 -231.18169513486 66430.125 40.5
512690 933.823128539652 -12387.5149021607 -11453.691773621 79062.8463605085 78893.2178614661 79591.0583511926 78704.2628688669 322.950104785994 66430.125 40.5
512700 932.487453163471 -12387.6907718855 -11455.203318722 78989.5233357256 79434.5815937396 79067.0214389099 78466.9669745274 309.756766357355 66430.125 40.5
512710 935.972919476345 -12392.8741569331 -11456.9012374568 78863.4321191262 79671.8655390287 78752.5550447116 78165.8757736383 -125.833694006174 66430.125 40.5
512720 944.598506316324 -12403.5036513051 -11458.9051449888 78488.242074979 79168.0244625699 78495.3240481867 77801.3777141803 -678.980544538304 66430.125 40.5
512730 943.807991623009 -12405.1608638014 -11461.3528721784 78222.7500166306 78473.3673763012 78189.1299747234 78005.7526988671 -1154.80045728476 66430.125 40.5
512740 933.475138415381 -12397.6801129004 -11464.2049744851 78302.8494001704 78110.1749982619 77896.3947539041 78901.9784483451 -1231.57869673767 66430.125 40.5
512750 926.537955215605 -12393.797420416 -11467.2594652004 78411.9465375786 77751.8027009513 77480.3766804678 80003.6602313167 -731.550454340102 66430.125 40.5
512760 925.791574922239 -12396.106002855 -11470.3144279328 78264.5487255795 77131.5822852675 77364.0753329442 80297.9885585267 -67.1818086156043 66430.125 40.5
512770 934.176660539415 -12407.5173975483 -11473.3407370089 78096.6771898382 76325.2023934314 78004.3382202731 79960.4909558101 567.269189066314 66430.125 40.5
512780 940.193618568105 -12416.6114848746 -11476.4178663065 77537.2588489341 75510.9118183512 78139.8993253583 78960.9654030928 587.102853439617 66430.125 40.5
512790 932.993533898212 -12412.5278928506 -11479.5343589524 77307.3590760019 75490.6658620644 78150.3716006884 78281.0397652528 175.123403167362 66430.125 40.5
512800 918.471255884994 -12400.9256061755 -11482.4543502905 77773.8389828448 76666.0742255029 78077.167528636 78578.2751943956 -386.984230842093 66430.125 40.5
512810 908.851356535613 -12393.7323217589 -11484.8809652233 78083.2391137119 78072.2662283789 77573.4867453166 78603.9643674401 -696.950987891482 66430.125 40.5
512820 911.613085424223 -12398.2918733485 -11486.6787879243 77805.4428507641 78652.9261683059 76987.1074554682 77776.2949285181 -766.100667175297 66430.125 40.5
512830 926.836330732766 -12414.8316384757 -11487.9953077429 77034.0266971905 78511.1698314921 76041.87572882 76549.0345312594 -476.102077426516 66430.125 40.5
512840 934.478537765491 -12423.5861993874 -11489.1076616219 76890.9821561121 78590.2760163938 75905.7130907156 76176.9573612271 -551.18431651276 66430.125 40.5
512850 923.575913490019 -12413.6970932283 -11490.1211797383 76884.9926263318 78440.6384848723 76238.4725171911 75975.8668769319 -643.966284838698 66430.125 40.5
512860 915.284360589697 -12406.17326211 -11490.8889015203 76997.3206087302 78435.0379438283 76652.6639703771 75904.2599119852 -752.434164713461 66430.125 40.5
512870 928.965012022207 -12420.3298193195 -11491.3648072973 76926.3853874835 78154.9934167212 76696.0717945195 75928.0909512097 -880.568495536986 66430.125 40.5
512880 943.398392481596 -12435.1890493264 -11491.7906568449 76549.2733443328 77386.4586556982 76246.1332536326 76015.2281236676 -1010.03413862556 66430.125 40.5
512890 931.710911223105 -12424.045103178 -11492.3341919549 76431.2128565253 76768.8545379821 75991.0581936019 76533.7258379919 -913.479040949685 66430.125 40.5
512900 919.396383115254 -12412.2533019862 -11492.8569188709 76675.1204266152 76679.2137582824 75866.8398190002 77479.307702563 -697.646160173632 66430.125 40.5
512910 923.308752093917 -12416.4849565332 -11493.1762044393 76946.0657528779 77057.2870485323 75584.8480621021 78196.0621479993 -273.172297823197 66430.125 40.5
512920 929.013374273132 -12422.3453715392 -11493.3319972661 76927.8891097924 77191.9247529681 75416.9446990756 78174.7978773335 -71.6175235564643 66430.125 40.5
512930 929.575302130295 -12423.0051379593 -11493.429835829 76827.8052270232 77000.3132108839 75992.790807192 77490.3116629938 111.621667892595 66430.125 40.5
512940 930.628540587761 -12424.1426396607 -11493.514099073 76762.6949677891 76623.8165564848 76627.2015135305 77037.0668333519 309.760337668439 66430.125 40.5
512950 931.89726148514 -12425.4946331943 -11493.5973717092 76650.781364428 75903.5164880509 77214.8192549618 76834.0083502714 407.237359274778 66430.125 40.5
512960 931.430885074208 -12425.1291891035 -11493.6983040293 76411.0150910126 75009.7347253087 77358.7217165632 76864.588831166 358.252113356339 66430.125 40.5
512970 930.363031517715 -12424.1801160342 -11493.8170845165 76434.3266450576 74432.4204791274 77336.9556875948 77533.6037684505 671.582770665184 66430.125 40.5
512980 925.632830341605 -12419.5589738133 -11493.9261434717 77008.7277029694 74299.6269723486 77810.7639969092 78915.7921396503 944.65518306127 66430.125 40.5
512990 915.368773507483 -12409.2781497238 -11493.9093762163 77708.272993934 74896.4305704138 78167.9276008167 80060.4608105713 722.708859018573 66430.125 40.5
513000 915.977898592517 -12409.6010030008 -11493.6231044083 77510.3697570059 75090.8475569235 77692.5197231317 79747.7419909624 393.91671843456 66430.125 40.5
513010 932.488464878105 -12425.5954452068 -11493.1069803287 76815.9083442846 74855.9569312814 77019.3608063591 78572.4072952133 370.794496111783 66430.125 40.5
513020 943.656460943585 -12436.2659761581 -11492.6095152145 76361.1669800539 74834.0601771138 76477.3580354676 77772.0827275803 259.837383647616 66430.125 40.5
513030 939.363431569363 -12431.7088341203 -11492.345402551 76263.4388890477 75171.5893363973 76220.8161446139 77397.911186132 -34.2463980995954 66430.125 40.5
513040 924.159378803275 -12416.39470404 -11492.2353252367 76465.7461785393 75985.6713280227 76174.9650948344 77236.6021127609 -275.633394990977 66430.125 40.5
513050 912.372498945644 -12404.38002835 -11492.0075294044 77047.7063650115 77045.0394520473 76509.0975882482 77588.9820547389 -631.282002139869 66430.125 40.5
513060 915.434039599424 -12406.8912853607 -11491.4572457612 77351.0934412077 77164.0619174405 76912.7830589617 77976.4353472209 -759.656926688174 66430.125 40.5
513070 923.288728568961 -12413.8704703361 -11490.5817417671 77111.0376239423 76249.3603386024 77040.2098860618 78043.5426471628 -798.17014690142 66430.125 40.5
513080 922.702437376282 -12412.1646156338 -11489.4621782575 76696.7560060799 75468.9340908527 76861.2479240957 77760.0860032913 -904.1088769975 66430.125 40.5
513090 923.002085246168 -12411.099063609 -11488.0969783628 76656.1330889134 76159.4628433356 76677.9960361754 77130.9403872293 -808.493863775873 66430.125 40.5
513100 931.15057543197 -12417.6054401166 -11486.4548646846 76731.7001663788 77321.5795019581 76675.2221229318 76198.2988742466 -594.075170622046 66430.125 40.5
513110 937.925608589064 -12422.5186379639 -11484.5930293748 76761.6547753904 78041.7277268277 77154.7206160252 75088.5159833184 -193.582110701649 66430.125 40.5
513120 936.259951908721 -12418.8394810294 -11482.5795291206 77085.495309958 78576.9480755571 77876.7472161305 74802.7906381864 360.721834814364 66430.125 40.5
513130 932.396607292725 -12412.7329586767 -11480.336351384 77154.2564968017 78289.0417607654 78242.2850658825 74931.4426637572 569.617811973825 66430.125 40.5
513140 940.586546071219 -12418.3155994077 -11477.7290533365 76969.2026713044 77371.9695825523 77893.7120801741 75641.9263511866 195.519121549769 66430.125 40.5
513150 953.904273262819 -12428.6750006358 -11474.7707273729 76580.2110274387 76348.6837502277 76757.7920074752 76634.1573246133 -401.811543327745 66430.125 40.5
513160 954.174962259966 -12425.8122254827 -11471.6372632227 76687.2266953983 76160.6513249157 76148.770933907 77752.2578273724 -557.548644755411 66430.125 40.5
513170 947.993775186668 -12416.397539668 -11468.4037644813 77077.7101374834 76412.3306049142 76445.0578278827 78375.7419796532 -620.119467647418 66430.125 40.5
513180 949.434744049793 -12414.4493521432 -11465.0146080934 77282.3778403787 76908.3313182123 76377.3415801485 78561.4606227754 -542.419930530583 66430.125 40.5
513190 948.661142798413 -12410.1560359081 -11461.4948931097 77384.282369347 77524.3586344899 76110.8720703933 78517.6164031577 -326.508940755748 66430.125 40.5
513200 937.970806572691 -12395.8856665098 -11457.9148599371 77750.746972643 78455.3311830767 76517.8057765608 78279.1039582916 -131.548882721775 66430.125 40.5
513210 930.793440234661 -12385.0240677393 -11454.2306275047 78355.825246912 78901.4212311377 77655.7807368696 78510.2737727288 186.411202974581 66430.125 40.5
513220 931.638594211687 -12382.0358749833 -11450.3972807716 78749.4576483631 78683.0919295361 78509.8552967325 79055.4257188207 294.608996469857 66430.125 40.5
513230 935.025539279146 -12381.5461680255 -11446.5206287464 78770.8747731438 78018.0842483296 78667.8112051259 79626.7288659758 233.793434445342 66430.125 40.5
513240 948.397460804333 -12391.2543995609 -11442.8569387566 78908.627935898 78246.3222722004 78851.256867812 79628.3046676817 241.494096417663 66430.125 40.5
513250 960.587799653702 -12400.3286421094 -11439.7408424557 78992.762359448 79010.3250689366 78935.9385866571 79032.0234227503 183.618852210002 66430.125 40.5
513260 951.64961007909 -12389.073848378 -11437.4242382989 79478.7977861886 79933.7314379536 79441.1214470849 79061.5404735273 278.182078018074 66430.125 40.5
513270 934.766921666487 -12370.5272041372 -11435.7602824707 79972.5036892658 80545.2980629596 80067.5587021261 79304.6543027118 253.94823538904 66430.125 40.5
513280 932.025035394839 -12366.4423573809 -11434.417321986 80053.2005903764 80436.3893583906 79821.9402466892 79901.2721660494 10.8318820293519 66430.125 40.5
513290 936.337768547465 -12369.6011410803 -11433.2633725328 80031.496789663 80329.6941544213 79327.9612110456 80436.8350035222 -115.811987412057 66430.125 40.5
513300 934.518701475739 -12366.8336592262 -11432.3149577505 79952.4122050477 80466.0799662344 79101.2067983422 80289.9498505666 -191.546257808788 66430.125 40.5
513310 933.602066538053 -12365.1492234123 -11431.5471568743 80000.6540220011 80471.1641766315 79541.3737219571 79989.4241674145 -56.7769183474627 66430.125 40.5
513320 943.442499236977 -12374.386853511 -11430.944354274 79811.833428029 79922.6686514452 79703.948214757 79808.8834178849 144.578541327388 66430.125 40.5
513330 959.516016292028 -12390.1863818908 -11430.6703655988 79240.5629838026 79476.086529797 78856.0223326017 79389.5800890091 112.597969814122 66430.125 40.5
513340 963.125091005076 -12394.0906523182 -11430.9655613131 79092.7000956924 79762.513236598 78278.8000190569 79236.7870314224 -43.7172696560009 66430.125 40.5
513350 948.343148554219 -12380.1686524031 -11431.8255038489 79492.2880143112 80182.3068316381 78633.1974367857 79661.3597745098 -190.647803235114 66430.125 40.5
513360 931.67226128698 -12364.6164510812 -11432.9441897942 80068.2561494454 80531.7857482824 79458.3168625061 80214.6658375477 -86.2354964736566 66430.125 40.5
513370 926.08270125857 -12360.093628566 -11434.0109273075 80106.0336041641 79975.8538051416 80180.1808342946 80162.066173056 183.394343918922 66430.125 40.5
513380 930.685877109243 -12365.6059360822 -11434.920058973 79873.5598520753 79322.6154981391 80406.7841494465 79891.2799086404 439.038595138399 66430.125 40.5
513390 943.730149321239 -12379.5331903347 -11435.8030410134 79542.2047130452 78789.5844666467 80085.5422112123 79751.4874612767 633.905812186272 66430.125 40.5
513400 951.119698147501 -12387.9993248763 -11436.8796267288 79266.6801164483 78831.0698476892 78988.7789197384 79980.1915819173 871.177587017474 66430.125 40.5
513410 943.892044880036 -12382.1371522707 -11438.2451073907 79365.7915031438 79186.8285095713 78709.373680763 80201.1723190971 906.764048357744 66430.125 40.5
513420 934.154920291793 -12373.9047406878 -11439.749820396 79494.4582924716 79282.0290064904 79083.7274051673 80117.6184657572 1142.12489115517 66430.125 40.5
513430 937.151567950077 -12378.3990984788 -11441.2475305287 79538.9364259955 78862.9670905401 79469.0259477407 80284.8162397058 1556.73192879328 66430.125 40.5
513440 945.73710027433 -12388.5260377107 -11442.7889374364 79381.7193870737 78165.5269565303 79498.9042356751 80480.7269690157 1390.57272744099 66430.125 40.5
513450 945.871070712557 -12390.3483172205 -11444.4772465079 79344.5146115947 78285.1987920458 79253.6459227951 80494.6991199432 949.973850390678 66430.125 40.5
513460 943.997996055524 -12390.3161728275 -11446.3181767719 79472.3262046253 79045.2014987566 79458.215076744 79913.5620383752 719.480801685647 66430.125 40.5
513470 943.179948888329 -12391.436376453 -11448.2564275647 79790.5042553485 79729.8052526435 79972.9365956024 79668.7709177994 750.153744483894 66430.125 40.5
513480 938.049845874701 -12388.2660408264 -11450.2161949517 79373.7402395 79438.3944170812 79238.7857664532 79444.0405349655 876.726930500002 66430.125 40.5
513490 931.724154600342 -12383.8020080857 -11452.0778534853 78900.2500172667 78758.117589466 78252.846271022 79689.7861913122 905.420281647194 66430.125 40.5
513500 932.229586398069 -12385.9748836605 -11453.7452972624 79003.8739739356 78854.1562582977 78305.2456613164 79852.2200021928 925.728005392997 66430.125 40.5
513510 939.926273455958 -12395.1800499053 -11455.2537764494 78705.8159168181 78605.2084073277 78524.8535680031 78987.3857751237 916.120975409252 66430.125 40.5
513520 949.549551825775 -12406.3020491665 -11456.7524973408 78185.1614616815 78627.4297586639 77969.886637326 77958.1679890548 926.034062428562 66430.125 40.5
513530 954.589151719548 -12413.017307197 -11458.4281554775 77874.4263880722 78793.0993737629 77577.2449576169 77252.9348328368 1023.70404113135 66430.125 40.5
513540 940.844133552993 -12401.1097253612 -11460.2655918082 78169.5492948336 79259.809886769 78083.4325378913 77165.4054598406 834.350343103078 66430.125 40.5
513550 921.508828296779 -12383.4765534303 -11461.9677251335 78633.5802775363 79883.725474279 78781.4982304288 77235.5171279009 744.578322515034 66430.125 40.5
513560 925.698705020881 -12389.0113468039 -11463.312641783 78329.8054085411 79596.5498634075 78588.154538284 76804.7118239317 679.225790917309 66430.125 40.5
513570 944.098710010075 -12408.5269377908 -11464.4282277808 77704.4347449784 78619.6321508766 77691.3507572128 76802.3213268456 782.069528020891 66430.125 40.5
513580 953.62107148354 -12419.2777396745 -11465.656668191 77620.3396645055 77937.3723384885 77539.5790890533 77384.0675659746 1053.21411308756 66430.125 40.5
513590 943.878102373324 -12411.0068044474 -11467.1287020741 78098.6345753693 77504.8527803667 78461.947781952 78329.1031637893 1318.24641288282 66430.125 40.5
513600 926.179853637786 -12394.8234755686 -11468.6436219308 78746.1393473402 77195.0681066648 80093.3458052261 78950.0041301296 1382.648286348 66430.125 40.5
513610 916.523020787223 -12386.4376306777 -11469.9146098905 78940.7019020824 77019.1708948122 80725.7494777378 79077.1853336971 1132.96119840233 66430.125 40.5
513620 913.984988936405 -12384.787428758 -11470.8024398216 78750.7330403816 77318.7831738606 79909.4094309679 79024.0065163164 847.922927855045 66430.125 40.5
513630 914.498285665021 -12385.7974673709 -11471.2991817059 78746.8768970458 78422.8399273009 78737.8015588195 79079.9892050171 652.07602789779 66430.125 40.5
513640 919.253440364754 -12390.7246545161 -11471.4712141513 78862.8754163221 79718.0347062532 77872.6089897947 78997.9825529182 885.227829687221 66430.125 40.5
513650 922.009263786684 -12393.4213301116 -11471.4120663249 78888.0607427366 79897.7444416155 77961.7754290914 78804.6623575028 796.058750726434 66430.125 40.5
513660 920.933992324943 -12392.1143842435 -11471.1803919186 78806.2743642862 79446.9602488484 78349.9908760422 78621.8719679682 416.544846381758 66430.125 40.5
513670 920.316662224573 -12391.1001901009 -11470.7835278763 78569.8268314835 78869.3770760637 78546.9407255362 78293.1626928505 74.1670791440741 66430.125 40.5
513680 918.555780267311 -12388.7473100021 -11470.1915297348 78158.3739312506 78021.748479521 78288.9015271762 78164.4717870545 -239.263496032682 66430.125 40.5
513690 921.747111113392 -12391.1381939008 -11469.3910827874 77982.1805095084 77255.6769863189 77875.888485621 78814.9760565851 -492.588128134574 66430.125 40.5
513700 932.683561586551 -12401.1346253757 -11468.4510637892 77901.1222490829 76750.1820123023 77469.1364189898 79484.0483159567 -670.390308790535 66430.125 40.5
513710 939.440534392092 -12406.9770867851 -11467.536552393 77637.9039198554 76290.8943076242 76925.1499946989 79697.6674572429 -739.279443051754 66430.125 40.5
513720 938.423799823655 -12405.2067082083 -11466.7829083847 77353.4496648836 76228.2474390618 76821.3952223366 79010.7063332525 -455.98136927719 66430.125 40.5
513730 935.343520940198 -12401.5284631083 -11466.1849421681 77243.9188452804 76278.3227037226 77152.9372063501 78300.4966257685 51.8805407901637 66430.125 40.5
513740 936.701028755155 -12402.3869975304 -11465.6859687753 77140.5674193921 75834.0125769344 77402.6207106485 78185.0689705936 565.257827727708 66430.125 40.5
513750 943.633667509256 -12408.9593190192 -11465.3256515099 77226.5784620257 75491.279612233 77478.9336563223 78709.5221175218 895.433547327501 66430.125 40.5
513760 944.793673645731 -12409.9885756059 -11465.1949019602 77454.733541558 75585.9285017899 77602.3008087565 79175.9713141276 1439.43235099206 66430.125 40.5
513770 942.663398129164 -12408.0147806971 -11465.3513825679 77707.5976769393 76026.4946193734 77875.8038317868 79220.4945796576 1647.61730083783 66430.125 40.5
513780 942.288417078306 -12408.0775915643 -11465.789174486 78048.9223206752 77010.696720293 77994.6141927854 79141.4560489474 1628.19308340016 66430.125 40.5
513790 937.46134344138 -12403.9572209655 -11466.4958775242 78164.6667943952 77739.0816038093 78005.2252888442 78749.6934905321 1132.03412268091 66430.125 40.5
513800 928.334249291957 -12395.7358706666 -11467.4016213746 78322.1056553342 78041.6885407641 78523.2209396112 78401.4074856274 437.944361672388 66430.125 40.5
513810 923.247033924751 -12391.6143817705 -11468.3673478457 78356.1667103965 77567.6036489729 79249.4193591972 78251.4771230193 280.633383934595 66430.125 40.5
513820 926.862304638259 -12396.1941008848 -11469.3317962466 78055.1269576667 76565.5239167751 79178.06675804 78421.7901981849 698.767944533981 66430.125 40.5
513830 933.736062142858 -12404.1112340229 -11470.37517188 77824.0965039945 76091.1142064628 78737.8774946777 78643.2978108429 1121.97068282206 66430.125 40.5
513840 934.877819014992 -12406.5305529072 -11471.6527338922 77572.0713952191 76099.184695726 77996.7274509565 78620.3020389748 1275.84287916453 66430.125 40.5
513850 928.89552202359 -12402.1206088825 -11473.2250868589 77953.3774505302 77087.418527301 77611.6282414442 79161.0855828453 1156.53751130995 66430.125 40.5
513860 929.015186248453 -12404.0927418551 -11475.0775556066 78280.1989622122 77832.3542507488 77261.3081966437 79746.9344392443 1077.82988726719 66430.125 40.5
513870 933.954564400702 -12411.2337530309 -11477.2791886302 78184.9248067618 77939.8303555618 77051.9126238716 79563.0314408519 1188.99499865695 66430.125 40.5
513880 926.56177179654 -12406.4609170457 -11479.8991452492 78574.3725080481 78294.7336249666 77745.8316751087 79682.5522240689 882.489572136335 66430.125 40.5
513890 910.965482306873 -12393.746639658 -11482.7811573511 78506.0069573349 78448.9229916931 78162.2982133909 78906.7996669207 237.485562119254 66430.125 40.5
513900 907.989257735722 -12393.6236505991 -11485.6343928634 78077.4081651355 78430.8981231368 77920.742292883 77880.5840793868 -239.973882972173 66430.125 40.5
513910 921.443690130576 -12409.8358758787 -11488.3921857481 77496.5810004452 78038.6304339453 77461.4059460652 76989.7066213251 -462.939802868616 66430.125 40.5
513920 928.948391570375 -12420.1475986861 -11491.1992071157 77282.7090293131 77670.7956517287 77485.8812167712 76691.4502194396 -1100.82619247788 66430.125 40.5
513930 920.452209793002 -12414.5386397887 -11494.0864299957 77486.815079726 77687.1729120271 77564.6260223754 77208.6463047754 -1809.48053514793 66430.125 40.5
513940 914.031665246994 -12410.8926361525 -11496.8609709055 77513.9940940877 77355.8829763082 77569.1385305771 77616.9607753779 -1952.45016259077 66430.125 40.5
513950 919.050445376323 -12418.4548937354 -11499.4044483591 77260.3343873648 76252.1942151406 77366.003674579 78162.8052723746 -1737.49185568763 66430.125 40.5
513960 920.569223350753 -12422.2937319494 -11501.7245085987 76755.490792713 75007.2711744349 76586.2865566746 78672.9146470296 -1177.22910881641 66430.125 40.5
513970 916.631111674278 -12420.4631132406 -11503.8320015663 76625.8776021828 74617.236316775 76004.5256192877 79255.8708704857 -237.929767918519 66430.125 40.5
513980 908.192070938958 -12413.8101471217 -11505.6180761827 76963.8488844874 75298.8588955004 76202.4455954661 79390.2421624959 332.181753237698 66430.125 40.5
513990 905.098158681417 -12412.045785926 -11506.9476272446 76976.8049882902 75988.3087102247 76416.5716125931 78525.5346420528 350.094570372074 66430.125 40.5
514000 915.715881041694 -12423.5342592702 -11507.8183782285 76738.0795776062 76588.5659480831 76443.6164551074 77182.0563296281 104.098331686655 66430.125 40.5
514010 926.108744740796 -12434.5182523506 -11508.4095076098 76325.7000317372 76670.7711666016 76397.132122226 75909.1968063841 132.919973412001 66430.125 40.5
514020 923.205365948969 -12432.0790035142 -11508.8736375652 76176.2285168631 76945.4663360843 76595.9374635436 74987.2817509614 202.739839347137 66430.125 40.5
514030 918.193717350825 -12427.3995019639 -11509.205784613 76142.8915107565 77182.2436365121 76550.8484057892 74695.5824899683 146.157855717561 66430.125 40.5
514040 915.964709637904 -12425.2739193609 -11509.309209723 76054.4034222881 77069.2755823422 76191.4376826837 74902.4970018384 -143.622258845989 66430.125 40.5
514050 916.026534492575 -12425.1541533484 -11509.1276188559 76211.843574463 76762.908621262 76356.6122187209 75516.009883406 -233.7685606725 66430.125 40.5
514060 916.550677504917 -12425.1974656421 -11508.6467881372 76316.837463955 75988.7369527105 76588.788268909 76372.9871702456 -263.424821025272 66430.125 40.5
514070 914.882629949535 -12422.7192997227 -11507.8366697732 76535.0722252129 75709.4197414689 76654.4140686949 77241.3828654749 -170.963863644989 66430.125 40.5
514080 915.462036761441 -12422.1052973747 -11506.6432606133 76644.2108649085 76128.677365528 76146.1449407328 77657.8102884646 279.632252247374 66430.125 40.5
514090 919.553878127048 -12424.5700006761 -11505.0161225491 76394.5543784586 76566.2928614509 75211.3084532 77406.0618207248 1013.67487626441 66430.125 40.5
514100 928.441970094434 -12431.4123681005 -11502.970398006 75934.0410336073 76843.8019808888 74372.3701890652 76585.950930868 1592.22498529572 66430.125 40.5
514110 939.694556701823 -12440.309828297 -11500.6152715952 75552.2053848581 76684.6532940957 74464.1819107592 75507.7809497192 1190.34154139673 66430.125 40.5
514120 942.852425948624 -12440.973977353 -11498.1215514044 75496.8379992033 76434.5745199456 75031.8228014461 75024.1166762184 292.707563897737 66430.125 40.5
514130 933.600701006662 -12429.1579567144 -11495.5572557077 75840.8181895517 76209.0008407198 75768.5689095649 75544.8848183704 -243.924547965756 66430.125 40.5
514140 923.765910165724 -12416.5522548457 -11492.78634468 76146.6964843884 76050.5641606496 76174.3493022394 76215.1759902761 -147.303971658594 66430.125 40.5
514150 923.237799661772 -12412.8480448433 -11489.6102451816 76304.6724732044 76087.0648705493 76263.2857875297 76563.666761534 -107.258954614394 66430.125 40.5
514160 927.978213651624 -12413.9626665945 -11485.9844529428 76339.8993075052 75819.7303137319 76715.3487122177 76484.6188965661 -107.177256604744 66430.125 40.5
514170 933.90736462097 -12415.9651329378 -11482.0577683169 76155.1163804258 75463.441121702 77015.7678865768 75986.1401329986 348.557242157295 66430.125 40.5
514180 943.342392380566 -12421.4463183841 -11478.1039260035 76128.1854459012 75713.8418079088 77179.4768744867 75491.2376553079 1053.53094670606 66430.125 40.5
514190 946.539891219398 -12420.9880546189 -11474.4481633995 76676.0597420303 76413.0314272947 77866.2888421285 75748.8589566678 1370.13155644356 66430.125 40.5
514200 941.731821164921 -12413.032330625 -11471.30050946 77230.8139244206 77330.5551716995 78208.5123255971 76153.3742759652 1196.71776614479 66430.125 40.5
514210 942.205633251329 -12410.8841212778 -11468.6784880265 77500.1804219967 77833.3732158743 78574.3072701029 76092.8607800129 646.825400735751 66430.125 40.5
514220 951.270041504692 -12417.8550681491 -11466.5850266444 76923.2858090586 76900.8349567048 78049.6974184839 75819.3250519871 221.263834436416 66430.125 40.5
514230 958.753411614981 -12423.9038875498 -11465.1504759348 76643.819754182 75918.921593199 77952.3102439993 76060.2274253475 19.0785731615647 66430.125 40.5
514240 948.434541737206 -12412.8483795799 -11464.4138378427 77189.334659936 76495.9207310735 78333.8846387275 76738.1986100069 456.392515320413 66430.125 40.5
514250 924.768816856886 -12388.8587433724 -11464.0899265155 78386.4035150509 78427.4481239414 78974.2120536354 77757.5503675759 886.778168013905 66430.125 40.5
514260 912.182280459377 -12375.9152023179 -11463.7329218585 79091.2943561819 79631.367034699 79494.3023008469 78148.2137329999 981.950295320128 66430.125 40.5
514270 923.29249756998 -12386.4489444563 -11463.1564468863 78538.5470807784 78817.2797521424 79185.1842927462 77613.1771974465 683.052405037592 66430.125 40.5
514280 941.007527278021 -12403.543615162 -11462.536087884 77800.987164595 77581.6994960975 78630.719458268 77190.5425394196 366.3256936625 66430.125 40.5
514290 945.979131888311 -12408.1472053351 -11462.1680734468 77580.6409344503 76986.9960847637 78831.8846770131 76923.0420415743 151.402228024991 66430.125 40.5
514300 938.352496615171 -12400.4597209967 -11462.1072243815 77726.6618565552 77367.1616779845 79113.2482330496 76699.5756586314 -671.588015354571 66430.125 40.5
514310 937.677813193486 -12399.8949919027 -11462.2171787092 77646.2121700209 77449.8343500884 79282.2742372673 76206.527922707 -1443.09146598997 66430.125 40.5
514320 953.643034871378 -12416.1502537294 -11462.5072188581 77045.2377916764 76729.020425222 78921.1526295159 75485.5403202914 -1618.84445857966 66430.125 40.5
514330 967.031451840873 -12430.2583771283 -11463.2269252874 76836.517465193 76004.1172730694 79043.0813986577 75462.3537238518 -1293.70574326596 66430.125 40.5
514340 957.497008596854 -12422.0252800908 -11464.528271494 76854.9971489763 75708.0980497428 78886.0887090426 75970.8046881434 -830.658833332644 66430.125 40.5
514350 937.760602189291 -12403.9445626946 -11466.1839605053 77606.5302669922 76866.8279008114 79060.7259156304 76892.0369845348 -687.475869600388 66430.125 40.5
514360 928.539095152207 -12396.3720942411 -11467.8329990889 78126.0613777579 78181.798511765 78979.6676928939 77216.7179286147 -63.2908339583848 66430.125 40.5
514370 929.583255971574 -12398.8917027889 -11469.3084468173 78119.6947046618 79125.6380707522 78563.5987801227 76669.8472631107 581.215592006835 66430.125 40.5
514380 931.786010852706 -12402.4312388294 -11470.6452279767 78098.8722899911 79649.1176769998 78119.5317018749 76527.9674910986 980.926911895938 66430.125 40.5
514390 928.451749484299 -12400.3229234238 -11471.8711739395 77839.928022187 79265.1200180894 77763.0301684414 76491.6338800304 1374.70468062487 66430.125 40.5
514400 928.404785623883 -12401.3714443086 -11472.9666586847 77328.1844078099 78299.7600479213 77078.5901847269 76606.2029907817 1455.41523275571 66430.125 40.5
514410 937.026829179602 -12411.0002131794 -11473.9733839998 76773.5816705013 77584.6480807832 76239.589238203 76496.5076925178 1111.21419717592 66430.125 40.5
514420 944.574345053892 -12419.6280204752 -11475.0536754213 76873.1871412069 77704.1411708275 76144.7102237866 76770.7100290065 411.86759394688 66430.125 40.5
514430 940.903132553241 -12417.2207985355 -11476.3176659822 77297.7574907273 77718.3581254499 76719.2004133707 77455.7139333612 -117.584507577805 66430.125 40.5
514440 932.574126372715 -12410.2637844588 -11477.6896580861 77640.1798727759 77459.7659587725 77817.6190051801 77643.154654375 -180.857070323069 66430.125 40.5
514450 931.574454160311 -12410.6259808677 -11479.0515267074 77565.1938409831 77224.4060498608 78234.7471604535 77236.428312635 3.74734133607138 66430.125 40.5
514460 931.321644188877 -12411.6800067778 -11480.3583625889 77261.3916268546 77347.0593784919 77567.734980077 76869.3805219951 -156.75408233271 66430.125 40.5
514470 929.917367470565 -12411.5213780641 -11481.6040105935 77248.9207913636 77464.238640547 77158.5376560841 77123.9860774597 -874.868974136465 66430.125 40.5
514480 936.00433355477 -12418.8144333522 -11482.8100997975 76933.7624331867 76964.7151352658 76627.786131133 77208.7860331612 -1592.14751211096 66430.125 40.5
514490 942.056188061877 -12426.1402495492 -11484.0840614873 76665.454699349 76322.6104358718 76604.5705399102 77069.183122265 -1918.67821081433 66430.125 40.5
514500 936.652106092918 -12422.1528956971 -11485.5007896042 76572.5406971746 75966.0609953877 76944.9232589487 76806.6378371875 -2081.03270035609 66430.125 40.5
514510 925.259387791272 -12412.2093027685 -11486.9499149773 76965.3653107829 76231.0010069162 77783.7388866755 76881.3560387569 -2216.85330404598 66430.125 40.5
514520 921.329807807783 -12409.5788092697 -11488.2490014619 77278.4603987878 76338.6164696147 78333.0156373253 77163.7490894234 -2057.37141460549 66430.125 40.5
514530 924.396352021801 -12413.7311456979 -11489.3347936761 77568.2102112419 76769.4509202405 78962.4044360556 76972.7752774295 -1569.32112946187 66430.125 40.5
514540 925.242053663684 -12415.49349197 -11490.2514383063 77582.0296086285 77325.8292966318 78742.972298321 76677.2872309327 -840.322410512239 66430.125 40.5
514550 924.473939794864 -12415.5034836684 -11491.0295438736 77508.9919142984 77553.6497003519 77950.1460280958 77023.1800144474 -205.328420990067 66430.125 40.5
514560 922.862023228737 -12414.5332335042 -11491.6712102755 77357.1968755534 77269.5121425358 77454.3863186033 77347.6921655212 -190.543567270753 66430.125 40.5
514570 916.573955396077 -12408.6951483348 -11492.1211929387 77250.9291721817 77233.1800626254 77725.0347838644 76794.5726700551 -511.216687376712 66430.125 40.5
514580 916.578665417281 -12408.8799847008 -11492.3013192835 76961.2540957585 77186.2722978133 77771.8754743497 75925.6145151127 -614.94877258336 66430.125 40.5
514590 930.307094446082 -12422.5629793283 -11492.2558848822 76629.0959297292 77143.9799110697 77064.306282191 75679.0015959267 -368.306593857184 66430.125 40.5
514600 938.213109181199 -12430.4018776869 -11492.1887685057 76309.3195447801 76980.1175342697 76346.6676096549 75601.1734904157 250.147911570461 66430.125 40.5
514610 930.179929499995 -12422.4049068202 -11492.2249773202 76367.7967659795 77068.593400116 76181.6994847496 75853.097413073 1147.1247987289 66430.125 40.5
514620 924.6179198563 -12416.8923555496 -11492.2744356933 76296.3168338585 77122.0170599366 75752.0734388888 76014.8600027499 1742.32751766612 66430.125 40.5
514630 929.280209399706 -12421.5182433581 -11492.2380339584 76310.4033838664 77271.7775931758 75138.7317607329 76520.7007976906 1841.17265737052 66430.125 40.5
514640 932.474178480069 -12424.6518519833 -11492.1776735033 76734.7134514311 77482.9664039295 75429.6219491208 77291.5520012428 1179.09893937872 66430.125 40.5
514650 921.192024140039 -12413.2921805688 -11492.1001564287 77392.7325302319 77993.8731093862 76154.2228579704 78030.1016233393 759.001178694783 66430.125 40.5
514660 911.615295780846 -12403.4483210375 -11491.8330252567 77556.2083468668 78199.4377249033 76410.1014434266 78059.0858722706 822.600645590121 66430.125 40.5
514670 918.073733495519 -12409.2636489139 -11491.1899154184 77375.9958122597 77746.080975278 76641.4449979472 77740.4614635539 1248.82908613089 66430.125 40.5
514680 926.897242571747 -12417.050546743 -11490.1533041712 77127.0732669093 77024.5987382793 76807.9138471763 77548.7072152722 1525.46384331703 66430.125 40.5
514690 926.417321701201 -12415.1860800716 -11488.7687583704 77166.4905461056 76465.36394649 77249.6157479869 77784.4919438399 1343.82270479018 66430.125 40.5
514700 923.859808067516 -12410.8031598897 -11486.9433518222 77409.8808861536 76352.2987238604 77780.8071622345 78096.536772366 919.290752798542 66430.125 40.5
514710 925.890337764698 -12410.3501664335 -11484.4598286689 77326.7912845352 76287.2511331881 77953.506845281 77739.6158751366 637.08338243828 66430.125 40.5
514720 934.073016605455 -12415.2425399281 -11481.1695233226 77085.1541958556 76794.912190119 77419.7248069754 77040.8255904725 572.015656908549 66430.125 40.5
514730 939.912204853437 -12417.0231161694 -11477.110911316 77049.435427567 77697.6947590976 76806.806327498 76643.8051961053 688.539371585229 66430.125 40.5
514740 936.377174522354 -12408.8677330365 -11472.4905585142 77270.6569122395 78246.483308444 76780.087897411 76785.3995308636 849.44148997717 66430.125 40.5
514750 934.678095744078 -12402.2393494767 -11467.5612537327 77256.8999934155 78329.677341593 76875.1709303897 76565.8517082639 928.937150378376 66430.125 40.5
514760 944.220721474693 -12406.8596808542 -11462.6389593796 77377.2631218095 78653.0917380157 76955.961764803 76522.7358626099 796.513585319384 66430.125 40.5
514770 952.447476623739 -12410.6345415283 -11458.1870649045 77678.53909835 79395.990651602 76906.1933075931 76733.433335855 360.972263272095 66430.125 40.5
514780 941.741231592367 -12396.2721931997 -11454.5309616074 78287.5012870438 80258.0253922942 77254.2885922074 77350.1898766299 -101.765204605892 66430.125 40.5
514790 931.129461999072 -12382.7136778874 -11451.5842158883 78784.1828151123 80462.2024546538 77907.1907518355 77983.1552388476 -326.617076361337 66430.125 40.5
514800 937.029437288754 -12386.1358283048 -11449.106391016 78992.9416934234 80299.6342325459 78552.2419339765 78126.9489137479 -391.789196292315 66430.125 40.5
514810 942.595989683062 -12389.6589473851 -11447.062957702 79024.0645733077 79859.0413361808 79166.692844945 78046.4595387974 -296.992858707682 66430.125 40.5
514820 942.307617253191 -12387.7900882038 -11445.4824709506 79141.2606212844 79191.1695079621 79778.6410403384 78453.9713155526 -570.626069925749 66430.125 40.5
514830 949.14490785636 -12393.4976077617 -11444.3526999054 78920.0570363828 78335.7530024938 79546.2344480032 78878.1836586513 -1021.45621680272 66430.125 40.5
514840 948.670619301855 -12392.347453983 -11443.6768346812 78676.1289288165 78127.1830180384 79197.9025451966 78703.3012232145 -832.103694546501 66430.125 40.5
514850 937.146240063791 -12380.5177836267 -11443.3715435629 78514.970237655 78565.3282157799 79005.5691214575 77974.0133757277 -440.101923592143 66430.125 40.5
514860 939.621507713367 -12382.8853162147 -11443.2638085013 78127.7397024509 78643.7354557158 78496.2086687894 77243.2749828476 -378.539627891361 66430.125 40.5
514870 957.669882812123 -12401.0651828039 -11443.3952999918 77622.2810118178 77984.3209167812 77909.1799162566 76973.3422024156 -166.418755658534 66430.125 40.5
514880 964.65038981365 -12408.697526776 -11444.0471369623 77365.2998199537 77295.3530667644 77627.6976208282 77172.8487722685 201.957056340659 66430.125 40.5
514890 946.999821122074 -12392.2911252398 -11445.2913041177 77764.4799278345 77873.5062829092 77736.2947151607 77683.6387854337 307.816467640702 66430.125 40.5
514900 930.500015306553 -12377.3103585189 -11446.8103432124 78245.7421683209 78761.0249246584 78229.0877127861 77747.1138675182 397.721250699425 66430.125 40.5
514910 937.150395487617 -12385.5217258982 -11448.3713304105 78510.8214877402 78893.4228067327 78946.779843315 77692.2618131731 476.781891740643 66430.125 40.5
514920 943.699995982576 -12393.7403207231 -11450.0403247405 78545.0908389938 78478.4867827143 80001.6661865003 77155.1195477665 181.64591091082 66430.125 40.5
514930 937.32183623245 -12389.2156797363 -11451.8938435039 78536.3071092286 77886.5304396213 81350.0144727682 76372.3764152963 -65.9356351466649 66430.125 40.5
514940 935.819902628542 -12389.6800358072 -11453.8601331787 78650.2003092227 77267.6644904447 82361.6623262511 76321.2741109723 -79.6610518925631 66430.125 40.5
514950 944.595925121975 -12400.5243100094 -11455.9283848874 78310.0724858678 76813.9371965198 81639.6160392444 76476.6642218391 32.2710874035001 66430.125 40.5
514960 954.01872737492 -12412.2683533819 -11458.249626007 77808.3392540228 76819.4890448997 79695.3134478084 76910.2152693604 553.114170913592 66430.125 40.5
514970 954.371537809639 -12415.3302210671 -11460.9586832574 77748.8393367002 77423.1945300474 78252.3508315337 77570.9726485195 1309.95010178285 66430.125 40.5
514980 943.98756295135 -12407.9602253027 -11463.9726623513 78164.3078876812 78007.1767153877 78036.3559072012 78449.3910404548 1208.1808504243 66430.125 40.5
514990 932.810802786496 -12399.822680853 -11467.0118780665 78412.522759333 77910.8127236923 78460.1536031875 78866.6019511193 657.10433730834 66430.125 40.5
515000 925.254784436579 -12395.0695584239 -11469.8147739873 78614.9657735499 78144.740728345 79105.8473686936 78594.3092236111 141.069224080348 66430.125 40.5
