# Fix print output for fix setl_out
271000 521.308333665192 -12941.412701466 -12420.1043678008 36869.4724952831 37022.5996355787 37088.2995670116 36497.518283259 -446.361473198321 66430.125 40.5
271010 517.104070850352 -12937.2415483353 -12420.1374774849 37074.8155652486 37186.8739411719 37373.0552351359 36664.5175194381 -498.697145786312 66430.125 40.5
271020 509.944418566087 -12930.110105183 -12420.1656866169 37432.9240793113 37354.1369903328 37681.3712803543 37263.2639672468 -336.291452597503 66430.125 40.5
271030 508.975562094922 -12929.0498762565 -12420.0743141616 37546.7503246511 37249.0273441328 37762.1810167061 37629.0426131143 -191.183696541216 66430.125 40.5
271040 513.049606764781 -12932.8856344869 -12419.8360277222 37458.3437524858 37201.312456639 37640.7192318363 37532.9995689822 -175.728571743333 66430.125 40.5
271050 512.576574764051 -12932.0682702307 -12419.4916954666 37557.1330706898 37592.4320813868 37673.5233347744 37405.4437959083 -235.257516597182 66430.125 40.5
271060 507.472727595329 -12926.4996823446 -12419.0269547493 37866.4714190136 38185.9262652877 37875.6185666982 37537.8694250547 -251.164586374119 66430.125 40.5
271070 507.25364330371 -12925.6150364082 -12418.3613931045 38031.6524278592 38350.9396735893 37963.1469209981 37780.8706889901 -218.766860437157 66430.125 40.5
271080 513.250283226671 -12930.7120365678 -12417.4617533412 37825.8357099849 37774.3550411553 37861.4147586197 37841.7373301797 -231.963041542229 66430.125 40.5
271090 518.476877626071 -12934.8744730315 -12416.3975954054 37600.9272671028 37175.2299233675 37885.9484378113 37741.6034401295 -250.733824384407 66430.125 40.5
271100 518.999229863042 -12934.2605408478 -12415.2613109847 37459.3964998854 37036.8735882734 37748.0013961154 37593.3145152675 -196.842545524443 66430.125 40.5
271110 515.887117463306 -12929.9591096142 -12414.0719921509 37580.2734627137 37401.042512024 37622.0955913879 37717.6822847293 12.6586143707854 66430.125 40.5
271120 512.802038273236 -12925.5757122005 -12412.7736739273 37792.6338194868 38029.1144731462 37498.2549234959 37850.5320618182 379.951360018253 66430.125 40.5
271130 513.804314262013 -12925.1050804249 -12411.3007661629 37846.4727738079 38302.908382875 37408.5114855846 37827.9984529641 752.422755422057 66430.125 40.5
271140 520.318587061548 -12929.987647063 -12409.6690600014 37766.1389248725 38096.7775463039 37272.4333948691 37929.2058334444 818.048960786439 66430.125 40.5
271150 524.2135249626 -12932.2080978227 -12407.9945728601 37778.5800823418 37756.0172039579 37309.038611102 38270.6844319656 728.781868354786 66430.125 40.5
271160 519.44037027356 -12925.8244855794 -12406.3841153059 38074.9513067085 37828.4027619312 37579.8811842829 38816.5699739114 649.8129086386 66430.125 40.5
271170 514.107358135585 -12918.9217562937 -12404.8143981581 38383.5203616082 38121.1536259488 37812.7989444472 39216.6085144285 627.047795680717 66430.125 40.5
271180 514.154391232406 -12917.3653558189 -12403.2109645865 38574.9591035728 38489.9116346367 37867.84433346 39367.1213426217 530.76786558591 66430.125 40.5
271190 515.980326418453 -12917.557584963 -12401.5772585445 38624.7946359262 38498.3470089016 37914.5220789566 39461.5148199204 406.758950151637 66430.125 40.5
271200 518.093034495216 -12918.0770019799 -12399.9839674847 38629.3836044812 38203.1933285886 38197.4280550642 39487.5294297909 464.014407010627 66430.125 40.5
271210 521.392557709524 -12919.9077047126 -12398.515147003 38541.6121908245 37950.8613325014 38471.5110502542 39202.4641897178 565.246981636466 66430.125 40.5
271220 523.193869238166 -12920.446466516 -12397.2525972779 38473.1070439472 38052.4845869298 38684.9195413973 38681.9170035145 569.241206832253 66430.125 40.5
271230 521.804250503294 -12918.0405463832 -12396.2362958799 38579.5676478659 38554.9146123261 38979.9428698841 38203.8454613873 643.616720115617 66430.125 40.5
271240 521.703531704302 -12917.149841765 -12395.4463100607 38630.1744439054 38910.8831808662 39017.4838681944 37962.1562826556 781.137416192448 66430.125 40.5
271250 524.141401540275 -12919.0038703344 -12394.8624687941 38567.3901491414 39062.3646620006 38756.0164371968 37883.7893482269 862.443780880799 66430.125 40.5
271260 526.661017752863 -12921.15889085 -12394.4978730971 38531.7213319071 38985.5801591832 38635.0447119137 37974.5391246243 892.741964839943 66430.125 40.5
271270 529.133244886887 -12923.5076532561 -12394.3744083692 38467.6046632318 38741.2434896891 38607.613679073 38053.9568209333 829.670290227669 66430.125 40.5
271280 530.266882885298 -12924.7672868829 -12394.5004039976 38386.1809210678 38473.1552276588 38557.8025177408 38127.5850178039 588.092156828169 66430.125 40.5
271290 526.94832341616 -12921.7945012262 -12394.8461778101 38457.0486867756 38520.7340069021 38583.8150572891 38266.5969961354 153.790047831327 66430.125 40.5
271300 520.573907553087 -12915.8792681684 -12395.3053606153 38653.0102673193 38845.948445985 38690.3102478302 38422.7721081429 -78.7134223174406 66430.125 40.5
271310 519.257260681124 -12915.0271328992 -12395.769872218 38642.0748653269 39006.1304925389 38477.8312069029 38442.2628965387 -11.4029151567905 66430.125 40.5
271320 521.500788434305 -12917.7196735179 -12396.2188850836 38554.750320104 39031.9308017199 38312.7251296215 38319.5950289707 141.17809996963 66430.125 40.5
271330 520.347941775738 -12917.0219442595 -12396.6740024838 38621.6860905772 38998.643417254 38670.5987780908 38195.8160763868 23.1164544942109 66430.125 40.5
271340 519.625327567537 -12916.7588164322 -12397.1334888646 38649.3633999575 38733.4553274465 39173.880694515 38040.7541779111 -87.867194815445 66430.125 40.5
271350 522.67866379869 -12920.2797091668 -12397.6010453681 38420.3211635619 38387.8866184122 39045.6514716448 37827.4254006288 16.5620509753799 66430.125 40.5
271360 526.60925553645 -12924.7421977452 -12398.1329422088 38129.712145876 38246.881464442 38427.2119263094 37715.0430468767 84.4341031963838 66430.125 40.5
271370 528.376500475781 -12927.1768158247 -12398.8003153489 38082.1805063824 38509.9872518532 38050.4291069403 37686.1251603537 -41.4295856571608 66430.125 40.5
271380 526.356577953463 -12925.9812686421 -12399.6246906886 38129.5638393483 38809.67848871 37935.5412484525 37643.4717808823 -183.398483863389 66430.125 40.5
271390 521.437426056054 -12921.9925454746 -12400.5551194185 38197.2745357258 38932.2131835444 37971.1112202798 37688.4992033532 -352.206188684451 66430.125 40.5
271400 515.99788940857 -12917.4875634277 -12401.4896740191 38306.2446269972 38940.2850785962 38039.3025067442 37939.1462956513 -390.908547052866 66430.125 40.5
271410 513.62919865251 -12915.9643909598 -12402.3351923073 38359.5720079219 38740.3279106881 38106.5696751761 38231.8184379014 -153.596132116219 66430.125 40.5
271420 516.633829395626 -12919.7093247639 -12403.0754953683 38247.3976016593 38423.0878702482 37877.8237797136 38441.281155016 125.347770715526 66430.125 40.5
271430 520.113785647097 -12923.8831021855 -12403.7693165384 38061.6708092208 38241.7735168397 37350.1134347985 38593.1254760242 158.783804037047 66430.125 40.5
271440 520.548801547766 -12925.0257046535 -12404.4769031057 37929.1661862352 38288.9147809206 36859.9347627919 38638.649014993 -37.8300954332229 66430.125 40.5
271450 521.801473688201 -12927.0280118339 -12405.2265381457 37863.5749704395 38496.62105743 36588.9822372917 38505.1216165967 -161.503234516176 66430.125 40.5
271460 523.552481903498 -12929.5959991205 -12406.043517217 37751.0427069709 38608.6192953502 36521.1967510012 38123.3120745613 -66.7500624115853 66430.125 40.5
271470 522.309958408202 -12929.2586875511 -12406.9487291429 37752.9136647102 38619.1286093747 36887.2495537557 37752.3628310002 87.8455904047973 66430.125 40.5
271480 519.200983703361 -12927.1116090838 -12407.9106253805 37788.1602526716 38414.5175960771 37465.834317436 37484.1288445016 221.120191785238 66430.125 40.5
271490 519.281094346774 -12928.1644556313 -12408.8833612845 37722.4241149974 37951.266532141 37926.7769018364 37289.2289110149 322.814250940034 66430.125 40.5
271500 521.02163134743 -12930.8935820858 -12409.8719507384 37708.8381264214 37741.1213633219 38056.0114492124 37329.38156673 251.059847994378 66430.125 40.5
271510 517.028085124333 -12927.9044384793 -12410.8763533549 37917.3712214429 38153.3711533776 37792.2009907035 37806.5415202476 187.612104138289 66430.125 40.5
271520 509.350358441722 -12921.162675406 -12411.8123169642 38232.9753635983 38777.504194596 37377.5504754169 38543.8714207821 215.887071637767 66430.125 40.5
271530 506.278062041681 -12918.8343972399 -12412.5563351982 38263.0242412582 38854.1739891637 37119.6941503428 38815.2045842681 364.414614568458 66430.125 40.5
271540 511.923267673478 -12925.0049030249 -12413.0816353514 37889.4253225562 38356.9522366518 36918.7183740828 38392.605356934 759.011788114342 66430.125 40.5
271550 521.773837773099 -12935.2778920093 -12413.5040542362 37257.3818145563 37618.8635512245 36572.6620482026 37580.6198442419 1121.55312223355 66430.125 40.5
271560 528.118380197773 -12942.1227021444 -12414.0043219466 36828.2694039769 37248.7427044224 36299.2767161552 36936.788791353 1050.23158909036 66430.125 40.5
271570 528.343649882338 -12943.0469924555 -12414.7033425732 36809.1592919637 37275.3699174651 36505.9814425183 36646.1265159077 583.842662546601 66430.125 40.5
271580 522.730146967165 -12938.3248949891 -12415.5947480219 37159.6956892466 37630.4485469943 37153.7647722952 36694.8737484505 136.18190390567 66430.125 40.5
271590 513.006003245192 -12929.5504933498 -12416.5444901046 37633.9374699759 38048.2973062243 37785.2241878752 37068.2909158282 -119.457672269195 66430.125 40.5
271600 505.710969823497 -12923.0833777 -12417.3724078765 38026.8492284145 38332.6987321507 38082.2715779466 37665.5773751462 -245.587517375732 66430.125 40.5
271610 504.194824021646 -12922.1563283882 -12417.9615043665 38128.034034465 38369.5718176744 37872.5250324463 38142.0052532742 -356.158305139912 66430.125 40.5
271620 505.211633652633 -12923.4956577135 -12418.2840240609 38025.5193445822 38332.5137542283 37430.6917025799 38313.3525769382 -279.987279869481 66430.125 40.5
271630 508.181415012596 -12926.5574371268 -12418.3760221142 37909.7710251169 38395.5925478882 36934.3858133014 38399.3347141611 -79.1020307194132 66430.125 40.5
271640 511.230972491442 -12929.5303883791 -12418.2994158876 37856.6966582875 38451.5761545797 36698.8855034975 38419.6283167853 67.9438547162609 66430.125 40.5
271650 510.425100991456 -12928.5266398501 -12418.1015388586 37878.5077792072 38383.3959362538 36839.6176656683 38412.5097356997 62.9581396074405 66430.125 40.5
271660 507.776981734097 -12925.552436787 -12417.7754550529 37948.5284628735 38260.7334828328 37366.0026731849 38218.8492326029 -223.783555812056 66430.125 40.5
271670 508.157613338502 -12925.4415401074 -12417.2839267689 37966.2191582661 38054.8181375649 37979.4752886682 37864.3640485654 -510.083769667298 66430.125 40.5
271680 511.514167292667 -12928.1419374903 -12416.6277701976 37921.6940565118 37924.6409907086 38290.3521339906 37550.0890448363 -531.007074894655 66430.125 40.5
271690 514.238203404293 -12930.0927091287 -12415.8545057244 37795.4276742139 37994.2948600831 38164.8404253321 37227.1477372263 -298.520215698034 66430.125 40.5
271700 516.870999424203 -12931.8918419588 -12415.0208425346 37611.5046797521 38118.9352709602 37783.0859089505 36932.4928593456 43.3218406315691 66430.125 40.5
271710 519.920914104052 -12934.1015314023 -12414.1806172982 37584.3023678346 38194.783730973 37506.7088473482 37051.4145251825 342.70520715555 66430.125 40.5
271720 519.880346267198 -12933.2599759617 -12413.3796296945 37682.2404799057 38135.6728347458 37502.0558186834 37408.9927862877 314.67502733507 66430.125 40.5
271730 516.676678756335 -12929.296252346 -12412.6195735897 37867.6046975357 38180.9436458011 37592.7485360254 37829.1219107808 29.4020781022026 66430.125 40.5
271740 514.445693602035 -12926.2871706875 -12411.8414770854 37930.0641073617 38279.4791006943 37431.8186815679 38078.894539823 -202.813959858958 66430.125 40.5
271750 516.644304911909 -12927.6421731251 -12410.9978682132 37814.7768116593 38280.2244430165 37225.6388610769 37938.4671308846 -328.144648340764 66430.125 40.5
271760 520.220084082153 -12930.3249555943 -12410.1048715122 37737.3675838555 38523.6372251618 37084.824042669 37603.6414837359 -356.303536468608 66430.125 40.5
271770 520.430546857164 -12929.6353432043 -12409.2047963472 37756.186667067 38650.924533745 37155.956453784 37461.6790136721 -333.997078498953 66430.125 40.5
271780 520.051800643091 -12928.3533942258 -12408.3015935827 37904.2964243656 38668.0597826689 37331.7333432116 37713.0961472162 -270.724080078985 66430.125 40.5
271790 521.112527801841 -12928.4784053452 -12407.3658775434 38087.8688197673 38467.9887148071 37679.9999370992 38115.6178073957 -167.975003812375 66430.125 40.5
271800 521.868538232731 -12928.2400974017 -12406.3715591689 38029.9174817273 37918.3870684354 37973.643926144 38197.7214506027 -182.512272211402 66430.125 40.5
271810 522.835170760141 -12928.1292261854 -12405.2940554252 37986.717587079 37612.8110991917 38209.1649933164 38138.176668729 -362.877364291745 66430.125 40.5
271820 519.819414664205 -12923.8945181686 -12404.0751035044 38228.5708747253 37930.6725206688 38421.4941096509 38333.545993856 -496.842417707933 66430.125 40.5
271830 510.974943733606 -12913.5328627764 -12402.5579190428 38664.3444528957 38580.346168456 38650.2681112678 38762.4190789634 -444.325703364236 66430.125 40.5
271840 507.841193405078 -12908.3129368423 -12400.4717434372 38926.6708648134 38900.5677996275 38861.8699893083 39017.5748055045 -236.289781694731 66430.125 40.5
271850 516.788634630096 -12914.397556445 -12397.6089218149 38762.5734798961 38702.4079622399 38856.411328374 38728.9011490743 75.8358568198065 66430.125 40.5
271860 528.209960659675 -12922.3527008016 -12394.142740142 38525.98836879 38649.9966107765 38721.9847873757 38205.9837082179 258.940847343413 66430.125 40.5
271870 532.596372002659 -12923.2482149346 -12390.651842932 38436.9495750017 38906.058044836 38504.3017699107 37900.4889102583 229.967377613437 66430.125 40.5
271880 533.440960371891 -12921.1165260105 -12387.6755656386 38520.1648262426 39068.8955173785 38438.7893722775 38052.8095890717 -136.459295599462 66430.125 40.5
271890 533.387109326073 -12918.8128928356 -12385.4257835096 38754.4127483439 39128.5405557888 38627.1010349693 38507.5966542736 -520.852064374089 66430.125 40.5
271900 529.984178330847 -12913.8497609873 -12383.8655826565 39060.7615681619 39275.2797590218 38826.5668376862 39080.4381077777 -497.363097707905 66430.125 40.5
271910 529.088828655474 -12911.929911277 -12382.8410826215 39131.4154840241 39267.4366873183 38719.2971222684 39407.5126424855 -128.923504883123 66430.125 40.5
271920 534.140411327507 -12916.3774961531 -12382.2370848256 38951.2687996908 38972.6807842623 38430.6030618813 39450.5225529288 395.130172677686 66430.125 40.5
271930 536.559369601286 -12918.6075805136 -12382.0482109123 38912.0802173941 38923.8793873933 38270.0201086063 39542.3411561827 753.919946900942 66430.125 40.5
271940 529.162577114409 -12911.4002304075 -12382.2376532931 39180.7710892859 39132.6640404533 38572.4774071271 39837.1718202773 801.549428897799 66430.125 40.5
271950 518.789716897581 -12901.4179545859 -12382.6282376883 39604.9427738005 39542.5782778139 39096.402070384 40175.8479732035 586.496693437402 66430.125 40.5
271960 517.083088529224 -12900.1205402817 -12383.0374517525 39684.223225939 39440.6917831191 39497.6894919442 40114.2884027536 266.709993369423 66430.125 40.5
271970 524.346667293519 -12907.7919377312 -12383.4452704377 39454.0607568843 38938.0023029373 39634.8280239606 39789.3519437551 84.696861334817 66430.125 40.5
271980 531.608754260621 -12915.5922622705 -12383.9835080099 39115.0475289027 38582.1338706835 39428.7884327094 39334.2202833151 83.0187550830739 66430.125 40.5
271990 532.149674585367 -12916.9321775804 -12384.782502995 38998.9346448174 38862.9826723106 39073.33492491 39060.4863372315 91.7081812742046 66430.125 40.5
272000 527.194773699799 -12913.0357711729 -12385.8409974731 39115.6759360699 39500.4399897932 38846.8480314951 38999.7397869214 -13.2215343054327 66430.125 40.5
272010 524.058373689001 -12911.1217380469 -12387.0633643579 39200.4492575126 39648.5418430751 38898.3664612431 39054.4394682196 -132.231344438626 66430.125 40.5
272020 527.217404104778 -12915.616299637 -12388.3988955323 39038.0855470778 39047.5138064863 38942.770269718 39123.9725650292 -108.197750396559 66430.125 40.5
272030 532.748933351982 -12922.6521919471 -12389.9032585952 38594.1670496775 38075.8914540575 38788.8226607727 38917.7870342023 35.1664893798701 66430.125 40.5
272040 532.215738438458 -12923.850776267 -12391.6350378286 38337.678562844 37579.5820227148 38769.043198175 38664.4104676422 99.4803056112832 66430.125 40.5
272050 526.524169796873 -12920.0404156002 -12393.5162458033 38238.0960866583 37526.2815794869 38859.0587294712 38328.9479510166 34.5507706533026 66430.125 40.5
272060 526.468797746995 -12921.8884975197 -12395.4196997727 38072.8986932141 37382.4251850124 38924.7957153617 37911.4751792682 -62.7783590986023 66430.125 40.5
272070 530.20743010296 -12927.5281370841 -12397.3207069811 37974.2523283314 37143.3808259998 38956.1120470335 37823.264111961 -40.8604806503537 66430.125 40.5
272080 526.377317167049 -12925.5847639817 -12399.2074468146 38184.8490652544 37353.1159897004 38933.1181990454 38268.3130070174 114.258404939866 66430.125 40.5
272090 517.767345135375 -12918.7326568639 -12400.9653117285 38507.9996812557 37956.4985059317 38797.7337092972 38769.7668285383 212.725552073099 66430.125 40.5
272100 513.107218985624 -12915.570808056 -12402.4635890704 38759.428634192 38467.737940278 38800.5101536025 39010.0378086954 280.776757383807 66430.125 40.5
272110 512.976056604343 -12916.6436718346 -12403.6676152302 38770.7863720453 38609.1322276165 38844.6666405404 38858.5602479791 158.083693070577 66430.125 40.5
272120 515.117587143872 -12919.7566842401 -12404.6390970962 38675.3354789801 38574.3988161346 38882.5205150137 38569.087105792 -146.331225815197 66430.125 40.5
272130 514.765304148505 -12920.218133441 -12405.4528292925 38682.8501626275 38712.0174388297 38758.3461717024 38578.1868773503 -466.853709890529 66430.125 40.5
272140 511.381128414445 -12917.5028943661 -12406.1217659517 38641.3508202454 38737.8125408229 38735.7731821981 38450.4667377151 -597.474652715203 66430.125 40.5
272150 513.323924081281 -12919.9643508362 -12406.6404267549 38342.6943244725 38364.6075746874 38717.7791711904 37945.6962275397 -431.19205969066 66430.125 40.5
272160 520.711001252452 -12927.7843605246 -12407.0733592721 37902.9357301202 37698.1555349317 38697.8681660692 37312.7834893598 -160.401537705604 66430.125 40.5
272170 524.941129132401 -12932.4961588588 -12407.5550297264 37716.9555002731 37359.8745508334 38747.6128296744 37043.3791203116 49.8131945981198 66430.125 40.5
272180 521.252927990198 -12929.4106751264 -12408.1577471362 37860.9776551472 37410.860927607 38856.5278258102 37315.5442120245 13.8246875578335 66430.125 40.5
272190 512.780873998202 -12921.586615345 -12408.8057413468 38167.8461297491 37752.601528861 38787.7680637448 37963.1687966413 -218.490361677437 66430.125 40.5
272200 508.646906745443 -12918.0063393359 -12409.3594325904 38210.2745114722 38131.8221082377 38314.6794281918 38184.321997987 -337.843740181899 66430.125 40.5
272210 513.015581834264 -12922.778336849 -12409.7627550147 37918.5908248085 38239.2499418099 37803.4295698821 37713.0929627333 -198.412078002352 66430.125 40.5
272220 521.484509715959 -12931.5840013596 -12410.0994916436 37547.1017233869 37981.2173256047 37383.2870675196 37276.8007770364 161.211795051605 66430.125 40.5
272230 526.901611016814 -12937.4316680982 -12410.5300570813 37394.7698392189 37856.9745181491 36995.1521654509 37332.1828340568 373.593686893605 66430.125 40.5
272240 523.681361115367 -12934.8278076879 -12411.1464465725 37493.6047758163 37860.3933768198 36936.5048744571 37683.9160761719 331.243562238628 66430.125 40.5
272250 516.397515510947 -12928.2915669342 -12411.8940514233 37772.9569163664 38012.6236116368 37246.7059290968 38059.5412083657 113.770123886528 66430.125 40.5
272260 512.153840129573 -12924.8013643484 -12412.6475242189 38026.3873022352 38127.1420328758 37708.3198977744 38243.6999760553 9.7056309304468 66430.125 40.5
272270 511.621872291286 -12924.9469765637 -12413.3251042724 38054.6588713564 38015.8194837513 37999.037579219 38149.1195510989 46.7143219429288 66430.125 40.5
272280 513.292647464493 -12927.2095573125 -12413.916909848 37864.4531239563 37895.5605356952 37958.7856535479 37739.0131826259 153.217219000442 66430.125 40.5
272290 516.058068155985 -12930.5173978101 -12414.4593296541 37596.7657301639 37736.3250616507 37585.488386236 37468.4837426049 179.164132508788 66430.125 40.5
272300 517.612204788568 -12932.6165127116 -12415.004307923 37569.5878902594 37564.0085578739 37424.7973824244 37719.9577304799 178.504857878429 66430.125 40.5
272310 516.037308111439 -12931.6158641776 -12415.5785560661 37711.0132123478 37453.2481463277 37413.188183839 38266.6033068768 204.200795578184 66430.125 40.5
272320 513.090107958037 -12929.2482296241 -12416.158121666 37780.2076115241 37514.3914608273 37373.7965706237 38452.4348031212 135.892975290758 66430.125 40.5
272330 511.027333301249 -12927.7216601584 -12416.6943268571 37885.1458175618 37739.1020999486 37510.1251525327 38406.210200204 40.3498299901161 66430.125 40.5
272340 509.065214980689 -12926.2069199256 -12417.1417049449 37929.4270897359 37730.1024149663 37736.2221742798 38321.9566799614 -134.050102683872 66430.125 40.5
272350 508.30610274232 -12925.7668954923 -12417.46079275 37801.3616663683 37482.499520743 37835.9120842145 38085.6733941474 -287.112868423787 66430.125 40.5
272360 511.475831287048 -12929.1160776567 -12417.6402463696 37664.1497005071 37364.4869703167 37813.1029760204 37814.8591551843 -291.480379488786 66430.125 40.5
272370 517.838338454027 -12935.5728277568 -12417.7344893027 37426.914347045 37417.6893265592 37442.2761279925 37420.7775865833 -157.690825406998 66430.125 40.5
272380 521.26802228982 -12939.1201202354 -12417.8520979455 37303.4750585553 37733.5740341668 37110.703282318 37066.1478591811 -199.318887995767 66430.125 40.5
272390 517.48968733962 -12935.5464564833 -12418.0567691437 37375.7639128224 38194.751729862 37085.4300205362 36847.1099880691 -307.03893792912 66430.125 40.5
272400 511.626691844257 -12929.923231429 -12418.2965395847 37514.7850246812 38402.7794734841 37128.8711409021 37012.7044596573 -289.178038166094 66430.125 40.5
272410 510.872110294293 -12929.3476203341 -12418.4755100398 37507.3973735867 38126.0912616952 37139.9788745846 37256.1219844804 -95.0445585834054 66430.125 40.5
272420 515.790893199828 -12934.3584653608 -12418.567572161 37235.5312993773 37490.6375615299 36939.853582788 37276.1027538141 123.688467847808 66430.125 40.5
272430 521.49070918291 -12940.1452629683 -12418.6545537854 37092.9333789208 36977.568103478 36891.7194354963 37409.5125977881 119.88160252245 66430.125 40.5
272440 520.863890797839 -12939.7032453674 -12418.8393545695 37197.0390712208 36726.4822469764 37301.2009045397 37563.4340621462 -48.6626784551824 66430.125 40.5
272450 513.911488398928 -12933.0392405065 -12419.1277521076 37552.2597579973 36943.2777754986 37896.0825470718 37817.4189514216 -134.452581532755 66430.125 40.5
272460 507.023216290911 -12926.4273796062 -12419.4041633153 37868.2957039225 37382.5010271586 38272.378876496 37950.0072081128 -213.352615495686 66430.125 40.5
272470 505.139920323722 -12924.6740328984 -12419.5341125747 38051.2025250764 37937.7003147027 38244.8840274047 37971.0232331218 -341.508194344566 66430.125 40.5
272480 506.369021534257 -12925.8111321059 -12419.4421105716 38026.2640253831 38326.035383149 37865.2455885744 37887.5111044259 -417.595892316253 66430.125 40.5
272490 507.595658304777 -12926.7039526746 -12419.1082943699 37921.9356061245 38428.6720731658 37646.6532917654 37690.4814534423 -351.912990121375 66430.125 40.5
272500 508.473867350129 -12927.0011697288 -12418.5273023786 37842.0919988429 38134.5807250124 37732.8189415289 37658.8763299875 -124.285612201779 66430.125 40.5
272510 508.08376195624 -12925.7685344478 -12417.6847724916 37869.8332969598 37721.2943881775 38125.787673532 37762.4178291698 88.868481686724 66430.125 40.5
272520 508.445087128565 -12925.0018529624 -12416.5567658338 37928.3992866338 37520.653427655 38271.0368119819 37993.5076202647 109.401307095406 66430.125 40.5
272530 513.968209201775 -12929.1217446251 -12415.1535354233 37861.685248863 37605.4144111018 37982.1630147016 37997.4783207858 -75.9316602182923 66430.125 40.5
272540 520.632810301793 -12934.205362731 -12413.5725524292 37794.9782203692 38010.6281313395 37669.8519214777 37704.4546082903 -403.859569270701 66430.125 40.5
272550 521.9726698356 -12933.9402885033 -12411.9676186677 37810.3828907413 38368.5570498014 37633.7190137738 37428.8726086487 -519.598017030537 66430.125 40.5
272560 519.306935565365 -12929.7335732343 -12410.4266376689 37925.926220939 38517.1665798289 38000.3675046264 37260.2445783616 -220.795913235926 66430.125 40.5
272570 516.40582430548 -12925.3438480519 -12408.9380237464 38060.1405291752 38526.3001517573 38373.9769792318 37280.1444565366 115.849757622364 66430.125 40.5
272580 515.179059932621 -12922.6441661502 -12407.4651062176 38142.1410944663 38449.5252867201 38470.3371158704 37506.5608808083 195.182302535265 66430.125 40.5
272590 516.668947682748 -12922.6661218389 -12405.9971741562 38200.9371956816 38292.0312936935 38440.1198842063 37870.660409145 138.208220029791 66430.125 40.5
272600 520.479538309145 -12925.0524680842 -12404.5729297751 38234.8714482734 38183.9837063461 38501.8910279658 38018.7396105081 267.614590118081 66430.125 40.5
272610 524.535247107327 -12927.8075137755 -12403.2722666681 38151.768941836 38000.3182058273 38470.2848965375 37984.7037231432 371.720277506654 66430.125 40.5
272620 525.035957103109 -12927.2073373881 -12402.171380285 38047.0764685454 37740.0552680057 38377.2748200474 38023.899317583 283.511849052297 66430.125 40.5
272630 521.12362108224 -12922.3981747363 -12401.2745536541 38157.6287626766 37815.452136497 38402.6793512036 38254.7548003292 381.164897532242 66430.125 40.5
272640 519.011195041362 -12919.5212152752 -12400.5100202338 38229.5628744087 38174.8948368749 38227.9906745102 38285.8031118409 676.350612374022 66430.125 40.5
272650 522.9978337023 -12922.8327866943 -12399.834952992 38147.7102091718 38549.6401434641 37734.3255914106 38159.1648926407 891.695745693316 66430.125 40.5
272660 526.486337910799 -12925.7837166695 -12399.2973787587 38186.7704570536 38989.1007336535 37387.3381960585 38183.8724414488 870.555127211503 66430.125 40.5
272670 522.812329667925 -12921.7569085717 -12398.9445789038 38413.7067611237 39222.8015807471 37515.7722122313 38502.5464903928 789.77428818762 66430.125 40.5
272680 516.491479173188 -12915.2047433131 -12398.7132641399 38745.9413940829 39249.7999447391 38014.3982442838 38973.6259932258 670.782128483136 66430.125 40.5
272690 514.335808137044 -12912.8260519531 -12398.4902438161 38810.8638334326 38917.6196953133 38296.3628441473 39218.6089608373 477.690925528209 66430.125 40.5
272700 516.368035918507 -12914.5891798985 -12398.22114398 38701.1529969813 38469.0883240111 38522.6380358104 39111.7326311225 238.175340808708 66430.125 40.5
272710 521.145392492297 -12919.0885731036 -12397.9431806113 38470.1623050271 38043.8306863332 38663.6497517193 38703.0064770289 119.361257716793 66430.125 40.5
272720 523.936097205364 -12921.6791789565 -12397.7430817512 38387.7654492863 37983.6616779221 38858.0332541703 38321.6014157664 127.519384449251 66430.125 40.5
272730 518.593008922135 -12916.2483609177 -12397.6553519956 38558.4106336474 38306.0890311294 39172.2380644235 38196.9048053893 331.726196021781 66430.125 40.5
272740 512.643992412594 -12910.2386283529 -12397.5946359403 38776.6973533084 38668.5339542633 39415.9417238214 38245.6163818406 503.831636364531 66430.125 40.5
272750 517.922177267814 -12915.3995734761 -12397.4773962083 38552.705427294 38544.3162619188 39073.0021321632 38040.7978878001 396.138948193946 66430.125 40.5
272760 529.295321694268 -12926.6821511338 -12397.3868294395 38091.07676229 38022.8466401071 38335.9184097807 37914.4652369821 94.1827748915266 66430.125 40.5
272770 533.045564528646 -12930.5730970089 -12397.5275324802 37883.22601191 37735.2885538751 37613.349413768 38301.040068087 -100.886707573195 66430.125 40.5
272780 527.902637575009 -12925.9056653459 -12398.0030277709 37961.7756036545 37903.6083136153 37251.7721756936 38729.9463216545 -7.8081408216281 66430.125 40.5
272790 525.054731879583 -12923.8345739287 -12398.7798420491 37980.8651222768 38065.8865857004 37073.7802740996 38802.9285070305 273.384461667262 66430.125 40.5
272800 528.082920460394 -12927.9313368914 -12399.8484164311 37885.287222996 38166.9131976437 37125.1047872892 38363.843684055 458.609818673247 66430.125 40.5
272810 531.489348211525 -12932.7974728609 -12401.3081246493 37753.2541520627 38269.9256550903 37400.1041738218 37589.7326272762 509.576926378112 66430.125 40.5
272820 529.487622510998 -12932.7355396204 -12403.2479171094 37772.0143505018 38516.4509668651 37801.1367987386 36998.4552859018 453.622148633295 66430.125 40.5
272830 522.176325460947 -12927.7792541036 -12405.6029286427 38028.7937518046 38859.1997033934 38214.2145976647 37012.9669543558 484.527734208635 66430.125 40.5
272840 512.025072032796 -12920.1448860215 -12408.1198139887 38337.8983101951 39053.3093520927 38353.7210378874 37606.6645406053 597.689480561917 66430.125 40.5
272850 502.920759774781 -12913.3697643584 -12410.4490045836 38463.8613770336 38937.5112733484 38185.2765553379 38268.7963024146 578.90661954261 66430.125 40.5
272860 502.170827316218 -12914.5222898701 -12412.3514625538 38343.2335507285 38512.4468936065 37920.4862354038 38596.7675231752 359.515664263858 66430.125 40.5
272870 508.853086472313 -12922.6654855291 -12413.8123990568 38050.5183798768 38019.8890075062 37696.2722589459 38435.3938731782 100.941622563232 66430.125 40.5
272880 513.311026675961 -12928.2579820566 -12414.9469553806 37873.9924832688 37778.5152578425 37667.2711900052 38176.1910019586 -102.606476834238 66430.125 40.5
272890 513.944852842456 -12929.7937990304 -12415.848946188 37690.0416054531 37510.8530836368 37794.8006689227 37764.4710637998 -106.443168740007 66430.125 40.5
272900 517.538517891341 -12934.1232568945 -12416.5847390032 37431.3670301304 37266.2449052768 37847.5895689987 37180.2666161156 78.7628888756382 66430.125 40.5
272910 520.139550389844 -12937.370301765 -12417.2307513752 37281.1239162576 37053.6739064627 37953.344614785 36836.3532275252 156.87889212772 66430.125 40.5
272920 517.463679604852 -12935.2914106603 -12417.8277310555 37250.0071961055 37069.1205585237 37962.2644476672 36718.6365821257 15.0167055905357 66430.125 40.5
272930 515.303996713198 -12933.6572906033 -12418.3532938901 37172.6507363003 37188.7586739936 37648.8555221146 36680.3380127928 -140.706772311047 66430.125 40.5
272940 516.553363339996 -12935.3414483162 -12418.7880849762 37063.952045881 37373.8874068323 37280.1573704631 36537.8113603475 -184.823351860142 66430.125 40.5
272950 518.677969532692 -12937.8491747212 -12419.1712051885 37083.8355112097 37401.6219099244 37185.1740026768 36664.7106210279 -182.08909459702 66430.125 40.5
272960 515.046596604919 -12934.5788006724 -12419.5322040675 37377.8647811323 37351.73889256 37486.0402808303 37295.8151700065 -305.5297394635 66430.125 40.5
272970 505.864969064093 -12925.663009329 -12419.7980402649 37806.6463550865 37496.1772546169 37858.893396338 38064.8684143046 -424.685447432269 66430.125 40.5
272980 502.183095013881 -12922.0275450885 -12419.8444500746 37933.4064746404 37531.2417521087 37978.5303210385 38290.4473507741 -289.554647806077 66430.125 40.5
272990 507.497195041646 -12927.1313063745 -12419.6341113328 37745.5501753324 37264.2595917222 37969.2094276573 38003.1815066177 24.0260262003863 66430.125 40.5
273000 512.992524164752 -12932.2468738972 -12419.2543497324 37454.6653966652 36985.1215097814 37729.3747818767 37649.4998983376 215.01757209808 66430.125 40.5
273010 512.547498262926 -12931.3481661029 -12418.8006678399 37449.5421829727 37149.950294523 37602.7412386946 37595.9350157005 210.390667524215 66430.125 40.5
273020 511.67650719546 -12929.9611439628 -12418.2846367673 37401.2342198025 37507.301985956 37274.697376429 37421.7032970224 154.471722651284 66430.125 40.5
273030 516.99960203165 -12934.7050477611 -12417.7054457294 37210.7184379701 37712.5897880605 36870.102153587 37049.4633722627 42.7698444433374 66430.125 40.5
273040 524.25700132882 -12941.4094179116 -12417.1524165828 37061.2289472425 37466.8253916959 36699.3831575957 37017.4782924359 43.561163039223 66430.125 40.5
273050 522.410287215667 -12939.1425398678 -12416.7322526521 37255.8972015262 37270.1861772834 36966.3301175974 37531.1753096979 187.012926723679 66430.125 40.5
273060 514.645953135197 -12931.0635563905 -12416.4176032553 37579.7755383454 37188.2634474272 37460.1417929876 38090.9213746214 339.891846572949 66430.125 40.5
273070 512.47992997266 -12928.5712186357 -12416.0912886631 37652.1555286466 37087.4450758005 37601.8703551219 38267.1511550173 376.547260988042 66430.125 40.5
273080 512.270494818987 -12927.94986818 -12415.679373361 37615.964268884 37254.3255095349 37521.6998281463 38071.8674689708 134.83532238519 66430.125 40.5
273090 511.566620754918 -12926.7357488098 -12415.1691280549 37630.071327816 37535.0447366186 37565.458511857 37789.7107349726 17.903966134699 66430.125 40.5
273100 513.620562220701 -12928.1810337405 -12414.5604715198 37794.8617614805 37945.1191000442 37637.8136259035 37801.6525584936 223.779430454614 66430.125 40.5
273110 514.201960286133 -12928.0711606915 -12413.8692004053 37951.4313363182 38377.1083438118 37622.2850248317 37854.9006403111 758.504667607318 66430.125 40.5
273120 512.143280526439 -12925.2433647019 -12413.1000841755 38119.4402086203 38826.6972187593 37672.5079880704 37859.1154190314 1162.05386806347 66430.125 40.5
273130 512.867846862409 -12925.0970404202 -12412.2291935578 38200.8412280272 39055.5627153446 37689.1395130393 37857.8214556977 1111.29313979581 66430.125 40.5
273140 514.729114308344 -12925.9798256267 -12411.2507113184 38152.7083108877 38738.1623998846 37623.5098608753 38096.4526719034 639.520291465203 66430.125 40.5
273150 514.073956584561 -12924.2573505031 -12410.1833939185 38141.7775293394 38141.7829526365 37737.322853399 38546.2267819827 163.885489742142 66430.125 40.5
273160 514.645613608716 -12923.6744426939 -12409.0288290852 38179.7564131913 37864.1057327412 37959.2023913737 38715.9611154589 -142.561578708693 66430.125 40.5
273170 518.712940493819 -12926.5088072679 -12407.7958667741 38050.6070186988 37971.3154659182 37909.4087490878 38271.0968410904 -248.97358121398 66430.125 40.5
273180 521.893906333467 -12928.4470697648 -12406.5531634313 38003.7258162725 38393.5897938891 37823.5039073414 37794.0837475869 -219.693926904428 66430.125 40.5
273190 519.065973140429 -12924.4287675304 -12405.36279439 38172.9805148359 38704.9905740159 37966.0417314984 37847.9092389933 -274.038708812862 66430.125 40.5
273200 513.030438912929 -12917.2201125294 -12404.1896736165 38433.8676359984 38904.7912888538 38282.8938438642 38113.9177752771 -412.355856174511 66430.125 40.5
273210 511.696399832811 -12914.6332468532 -12402.9368470204 38548.2679101527 38922.014844219 38537.6852350424 38185.1036511968 -594.81977208774 66430.125 40.5
273220 517.369893255933 -12918.9384668341 -12401.5685735782 38407.6325338513 38507.1592107266 38595.5919756884 38120.146415139 -620.580781052853 66430.125 40.5
273230 525.933806522613 -12926.1188982763 -12400.1850917537 38179.8912582885 37785.5843928238 38490.3673663191 38263.7220157226 -490.123517000758 66430.125 40.5
273240 530.690493781758 -12929.6523138473 -12398.9618200655 38150.0880281895 37430.3246297117 38435.5477921187 38584.3916627381 -361.987868336271 66430.125 40.5
273250 528.391790314222 -12926.4016672025 -12398.0098768883 38304.9672858901 37577.1678884625 38477.3479144617 38860.3860547463 -352.138429171478 66430.125 40.5
273260 524.006885199714 -12921.3117089905 -12397.3048237907 38434.8622436719 37971.5120923587 38427.4488906415 38905.6257480156 -441.856444571599 66430.125 40.5
273270 522.907110216039 -12919.6751887097 -12396.7680784936 38477.9306576294 38429.3871117493 38285.3987534505 38719.0061076885 -403.674307588108 66430.125 40.5
273280 521.642532596316 -12917.9962481616 -12396.3537155653 38542.2584209106 38727.8697610328 38331.8137448855 38567.0917568134 -276.992854961 66430.125 40.5
273290 518.648989349029 -12914.6773667051 -12396.0283773561 38717.5395794029 38828.1151644816 38647.8668903023 38676.6366834247 -282.490843757743 66430.125 40.5
273300 516.774531759494 -12912.5171350844 -12395.7426033249 38886.4608559202 38804.8010140884 38907.7705762238 38946.8109774483 -387.237512422013 66430.125 40.5
273310 515.197115581848 -12910.6415438691 -12395.4444282873 38944.1714665327 38820.0830974803 38933.1356647616 39079.2956373561 -430.752969768487 66430.125 40.5
273320 515.467026081537 -12910.5664270571 -12395.0994009755 38937.3842057273 38998.3386032621 38827.5278364392 38986.2861774805 -326.693444172193 66430.125 40.5
273330 519.912466271672 -12914.6220012627 -12394.7095349911 38763.1015014903 39116.9134380053 38585.1533075519 38587.2377589137 -81.5179934559136 66430.125 40.5
273340 525.957530496519 -12920.2980352351 -12394.3405047386 38589.0621677799 39120.2153868741 38526.8544138011 38120.1167026647 138.341485231234 66430.125 40.5
273350 528.221680035437 -12922.3220275887 -12394.1003475533 38519.3055477909 39085.4637685497 38627.0637039353 37845.3891708877 215.781297583187 66430.125 40.5
273360 524.043213030213 -12918.0872910327 -12394.0440780025 38619.2019659284 39085.2411183932 38829.8619331061 37942.5028462858 -18.4242037664985 66430.125 40.5
273370 520.395927848434 -12914.5385210671 -12394.1425932187 38729.0859266545 39123.5375729924 38857.4636379734 38206.2565689977 -414.716963529284 66430.125 40.5
273380 524.918221173524 -12919.309001343 -12394.3907801694 38520.2413704324 38730.2331012684 38527.078869045 38303.4121409837 -623.32753948275 66430.125 40.5
273390 534.42446491587 -12929.3844182987 -12394.9599533829 38026.6728366736 38108.6344591871 37977.9711045815 37993.4129462521 -472.957383792358 66430.125 40.5
273400 537.962570676008 -12934.1488602435 -12396.1862895675 37776.4127698902 37729.3233241334 37840.9810803308 37758.9339052064 -284.6807714995 66430.125 40.5
273410 531.93654954645 -12930.2395958945 -12398.303046348 37892.455064593 37566.7472761422 38176.1820474706 37934.4358701662 -165.204730216123 66430.125 40.5
273420 521.225167999482 -12922.4057912239 -12401.1806232244 38333.7196245463 37650.9953331967 38891.5990407948 38458.5644996473 -192.553473841285 66430.125 40.5
273430 508.864856284528 -12913.1958868233 -12404.3310305388 38749.6471518592 37903.7063877981 39605.534708296 38739.7003594835 -365.119315330475 66430.125 40.5
273440 501.418171956505 -12908.6250206624 -12407.2068487059 38908.1692564823 38115.7075166365 39921.8542869821 38686.9459658282 -368.379018102939 66430.125 40.5
273450 504.852356775737 -12914.413109173 -12409.5607523973 38642.9241830058 38001.5784695149 39645.9864927751 38281.2075867274 -92.297027798964 66430.125 40.5
273460 513.734795835821 -12925.1971466108 -12411.4623507749 38085.9194582518 37635.2532165335 38957.6533816945 37664.8517765275 96.9477150792976 66430.125 40.5
273470 520.081815402651 -12933.191294972 -12413.1094795693 37664.5765070625 37557.5607915614 38182.8298954988 37253.3388341271 -29.442307093056 66430.125 40.5
273480 520.067205100964 -12934.7005690216 -12414.6333639207 37438.3638217607 37605.3521117699 37502.3016515623 37207.4377019499 -279.456229812176 66430.125 40.5
273490 519.647753589632 -12935.7193819551 -12416.0716283655 37256.0742899821 37563.1416099639 36999.5589003428 37205.5223596395 -304.260812246787 66430.125 40.5
273500 522.649667263416 -12940.1091243792 -12417.4594571158 37042.0225607029 37399.481154243 36709.4523517145 37017.1341761512 -219.008779924329 66430.125 40.5
273510 523.599891868472 -12942.4578423037 -12418.8579504352 36925.5456437591 37081.9930817195 36930.796562467 36763.8472870907 -89.0744897211736 66430.125 40.5
273520 518.297376645315 -12938.5679472841 -12420.2705706388 37044.2230485715 36859.9192867096 37538.3379142286 36734.4119447763 -141.276828613044 66430.125 40.5
273530 510.782621615043 -12932.3802594555 -12421.5976378405 37236.3577003316 36667.0270634621 38127.707116101 36914.3389214317 -513.76228004029 66430.125 40.5
273540 507.599324323522 -12930.3290469114 -12422.7297225879 37348.1158621796 36575.2642356949 38271.1636215065 37197.9197293374 -842.663248009535 66430.125 40.5
273550 507.933561164012 -12931.5667964371 -12423.6332352731 37425.8814894271 36842.8116368212 37987.5498330098 37447.2829984504 -962.246360886428 66430.125 40.5
273560 507.913605198039 -12932.2378973249 -12424.3242921269 37476.43486242 37290.0989163362 37666.726959789 37472.4787111348 -821.01726518528 66430.125 40.5
273570 507.922133652078 -12932.7421318345 -12424.8199981824 37520.8494704539 37633.1820685815 37536.8448652903 37392.52147749 -689.515152205094 66430.125 40.5
273580 510.086770769556 -12935.2265288525 -12425.1397580829 37476.0953507679 37662.4389828258 37531.8392738943 37234.0077955835 -584.444810249703 66430.125 40.5
273590 513.126988107294 -12938.4540367937 -12425.3270486864 37363.9815352566 37574.6618084142 37601.3236385391 36915.9591588166 -390.528672893848 66430.125 40.5
273600 514.395352781122 -12939.8304935941 -12425.435140813 37262.4768777865 37530.2950150219 37527.6642544513 36729.4713638863 -170.561244062674 66430.125 40.5
273610 513.25693656151 -12938.7485275926 -12425.4915910311 37293.6661697143 37550.6578388328 37485.0871350042 36845.2535353058 -226.87678002484 66430.125 40.5
273620 508.912061892346 -12934.3792432315 -12425.4671813391 37513.2860602006 37604.0402759517 37577.0334077496 37358.7844969005 -479.919401119424 66430.125 40.5
273630 504.477659018786 -12929.7603671815 -12425.2827081627 37845.100221729 37735.4455163063 37673.4238552821 38126.4312935985 -552.434356776683 66430.125 40.5
273640 504.211954822754 -12929.0698989726 -12424.8579441498 37916.895731148 37472.3395074082 37686.3018356296 38592.0458504061 -312.572734817623 66430.125 40.5
273650 507.554052995287 -12931.7262105692 -12424.1721575739 37806.9652335054 36970.0510307077 37815.1083559683 38635.7363138403 24.1257523672154 66430.125 40.5
273660 511.097929923785 -12934.3662836253 -12423.2683537015 37648.2500324753 36634.0766179117 38103.2040506384 38207.4694288757 277.518605858602 66430.125 40.5
273670 512.628575370209 -12934.841820736 -12422.2132453657 37598.5918872735 36748.5044323908 38421.7119448065 37625.5592846233 450.287363055699 66430.125 40.5
273680 510.22049008228 -12931.2576342538 -12421.0371441715 37829.2380956677 37394.1607446714 38683.2033612992 37410.3501810325 748.219538718468 66430.125 40.5
273690 507.379325787501 -12927.0943221262 -12419.7149963387 38043.6528059066 37971.1829630796 38738.6587892754 37421.1166653648 916.025508467252 66430.125 40.5
273700 509.005447502473 -12927.2237627253 -12418.2183152228 38132.9772728414 38153.2285409572 38696.0137565697 37549.6895209972 710.049863682893 66430.125 40.5
273710 511.111946050922 -12927.6874428802 -12416.5754968293 38111.8416501678 38024.84486175 38624.6639681957 37686.0161205577 400.848266156144 66430.125 40.5
273720 511.769741489902 -12926.6301334334 -12414.8603919435 38127.0105497989 37979.6586110823 38550.2558159508 37851.1172223638 83.8965323226347 66430.125 40.5
273730 513.063881564318 -12926.1964003251 -12413.1325187608 38199.6354253486 37866.4735961826 38635.0210404178 38097.4116394453 145.117533100461 66430.125 40.5
273740 514.766490208364 -12926.2144041626 -12411.4479139543 38194.5511893779 37656.7423390131 38625.8474835976 38301.063745523 337.201777787235 66430.125 40.5
273750 513.500401690214 -12923.3561932382 -12409.855791548 38379.8779167247 37707.4080314191 38720.3774632639 38711.8482554909 289.960406507455 66430.125 40.5
273760 510.416962655095 -12918.7664032979 -12408.3494406428 38546.0843456511 37891.8017187097 38737.6403127173 39008.8110055264 7.16407705517249 66430.125 40.5
273770 513.405627076841 -12920.3035774333 -12406.8979503565 38575.4444808901 37969.5975713136 38685.3064694249 39071.4294019318 -246.931528833812 66430.125 40.5
273780 521.143842423252 -12926.6837899992 -12405.5399475759 38319.8230652158 37819.8713036259 38339.0352048028 38800.5626872187 -308.833073688161 66430.125 40.5
273790 526.253410256871 -12930.6459596967 -12404.3925494398 38055.0564269247 37779.4962524933 38029.9038092558 38355.7692190251 -318.617269756089 66430.125 40.5
273800 526.558556024372 -12930.0955251664 -12403.536969142 37988.2724228092 38048.3401482787 38052.4922604027 37863.9848597462 -278.700549884294 66430.125 40.5
273810 522.992301421366 -12925.9398208302 -12402.9475194088 38172.2879931979 38518.9122099666 38360.0160329342 37637.9357366929 -336.045182571059 66430.125 40.5
273820 519.329780814719 -12921.8604196653 -12402.5306388505 38323.595832664 38751.5533325579 38609.5944446813 37609.639720753 -561.783522001932 66430.125 40.5
273830 518.867525629078 -12921.0706016533 -12402.2030760242 38422.5988296113 38832.4833807687 38723.5678138234 37711.7452942418 -767.089225849859 66430.125 40.5
273840 518.919449187064 -12920.8559015278 -12401.9364523407 38487.6582111561 38718.880153723 38686.6409909823 38057.453488763 -667.374052292483 66430.125 40.5
273850 515.507587040394 -12917.2184630433 -12401.7108760029 38676.3986519727 38667.1316706262 38785.4931867496 38576.5710985423 -311.669739879397 66430.125 40.5
273860 512.206489305962 -12913.6724250275 -12401.4659357216 38855.2442287946 38690.6274918947 38829.0134417174 39046.0917527717 18.2963609819726 66430.125 40.5
273870 515.1078695094 -12916.2602906251 -12401.1524211157 38851.4821738555 38659.5973995312 38565.4557470986 39329.3933749367 82.0430519578738 66430.125 40.5
273880 522.627017790057 -12923.4425324139 -12400.8155146238 38615.1005181097 38444.9483397459 38117.5936510623 39282.7595635209 -53.603760786128 66430.125 40.5
273890 528.605953370933 -12929.1953349612 -12400.5893815903 38397.8822766335 38215.625718468 37950.7977452906 39027.2233661419 -88.8004239793029 66430.125 40.5
273900 528.818997672621 -12929.4047906184 -12400.5857929458 38357.7823910849 38033.4492638977 38131.525667764 38908.3722415929 180.764144917532 66430.125 40.5
273910 525.968155707324 -12926.7918671886 -12400.8237114812 38320.0997940995 37801.7773753783 38276.9706811714 38881.5513257488 451.215631290862 66430.125 40.5
273920 521.533992267423 -12922.7852770665 -12401.2512847991 38428.2950921238 37800.4057352686 38603.9356493834 38880.5438917196 473.710583393488 66430.125 40.5
273930 514.252726763718 -12916.0203873161 -12401.7676605523 38680.8251490921 38041.5127189813 38993.9354638121 39007.0272644828 431.05386723674 66430.125 40.5
273940 511.089234309153 -12913.3381517036 -12402.2489173944 38676.2071985551 38150.680036752 39009.7870205795 38868.1545383339 538.707597047785 66430.125 40.5
273950 518.878129749581 -12921.5462198768 -12402.6680901272 38403.6648682366 38026.0068386552 38777.8803477364 38407.1074183182 810.815752996248 66430.125 40.5
273960 528.176457509112 -12931.3406211157 -12403.1641636066 38166.2200423459 37894.2825283376 38658.1594937724 37946.2181049277 1043.22829293748 66430.125 40.5
273970 526.83675593979 -12930.7365241161 -12403.8997681763 38149.1288807242 38123.8625988343 38678.052627421 37645.4714159171 1082.69051019188 66430.125 40.5
273980 519.133671986329 -12924.010693176 -12404.8770211896 38398.3958428548 38611.4644075059 38764.7856400175 37818.937481041 930.790623577157 66430.125 40.5
273990 513.600414133674 -12919.5725799135 -12405.9721657799 38610.9771703025 38981.1670820801 38671.4537360242 38180.3106928033 685.088320540369 66430.125 40.5
274000 512.461608886243 -12919.546402257 -12407.0847933707 38518.5450639776 38893.6147159584 38307.3459679968 38354.6745079778 495.644869441515 66430.125 40.5
274010 515.472700918266 -12923.676878674 -12408.2041777558 38236.2952043012 38415.0187604873 38030.3413875796 38263.5254648369 429.454514122354 66430.125 40.5
274020 519.06589051232 -12928.4596586562 -12409.3937681438 37931.0507347971 37970.7616167457 37929.1631262772 37893.2274613686 131.932404328388 66430.125 40.5
274030 517.415837383289 -12928.1260239283 -12410.710186545 37908.1101518236 38066.1959188927 38200.6765360678 37457.4580005103 -451.989410642909 66430.125 40.5
274040 511.787114016845 -12923.8951519022 -12412.1080378854 38041.7632685755 38321.6810862783 38617.4098506637 37186.1988687845 -911.5633296111 66430.125 40.5
274050 511.882926118878 -12925.3892729248 -12413.5063468059 37995.8973263598 38139.5759174417 38708.4332278289 37139.6828338087 -1046.9881158028 66430.125 40.5
274060 516.291714489109 -12931.1992082298 -12414.9074937406 37677.0871154491 37591.5898104831 38220.5630145214 37219.1085213426 -996.467799408776 66430.125 40.5
274070 516.401297474851 -12932.7577294535 -12416.3564319787 37451.6529410543 37457.5873766448 37397.5267515399 37499.8446949782 -994.806600800063 66430.125 40.5
274080 515.304335382391 -12933.1546064959 -12417.8502711135 37437.130983703 37678.1085207566 37034.3039043185 37598.9805260339 -953.638384577772 66430.125 40.5
274090 517.173300798596 -12936.547056413 -12419.3737556144 37443.1560105436 37852.1943763221 37229.4787326262 37247.7949226826 -704.004590342641 66430.125 40.5
274100 517.065715071126 -12937.9890090534 -12420.9232939823 37363.7316711486 37919.1498656597 37385.5600856601 36786.4850621259 -328.399110741668 66430.125 40.5
274110 514.570992536391 -12937.0386692557 -12422.4676767193 37313.4930110746 37899.2159889246 37439.9737804537 36601.2892638455 20.4168473238036 66430.125 40.5
274120 512.297543255553 -12936.2339390565 -12423.9363958009 37264.8388820443 37891.7160267024 37386.5975489679 36516.2030704625 107.140866779596 66430.125 40.5
274130 510.916690095407 -12936.1802004549 -12425.2635103595 37172.1563071297 37856.4727368557 37273.8883291055 36386.1078554281 70.7700118253682 66430.125 40.5
274140 508.79523029902 -12935.2015283097 -12426.4062980107 37138.1166207241 37757.2139337582 37225.7555646633 36431.380363751 38.9538147902296 66430.125 40.5
274150 503.893716644685 -12931.1971830248 -12427.3034663801 37338.0948491374 37673.9950472421 37525.606979843 36814.6825203271 114.141784558819 66430.125 40.5
274160 501.741649281507 -12929.629199625 -12427.8875503435 37456.7538981087 37331.4332636927 37849.9634662558 37188.8649643776 225.750685162115 66430.125 40.5
274170 507.100467303171 -12935.2630526183 -12428.1625853151 37287.381063996 36661.8570598772 37878.9734982845 37321.3126338264 253.538705017171 66430.125 40.5
274180 513.922388655329 -12942.1593692496 -12428.2369805943 37062.0163095724 36182.6296316637 37673.3269464901 37330.0923505633 91.6823188790717 66430.125 40.5
274190 513.623862774965 -12941.8554236747 -12428.2315608997 37113.3767119074 36391.7641365533 37503.5217714182 37444.8442277505 -247.739405314605 66430.125 40.5
274200 505.878885093997 -12934.0257180489 -12428.1468329549 37455.0841236299 37095.4831720737 37705.649236693 37564.1199621231 -444.99739246293 66430.125 40.5
274210 498.780857448694 -12926.6516735866 -12427.8708161379 37810.2651561162 37936.4117809738 38118.2527076752 37376.1309796995 -379.537566617635 66430.125 40.5
274220 499.47889579248 -12926.7990481523 -12427.3201523599 37856.5628513208 38327.6943073661 38322.3575870875 36919.6366595087 -110.368514939409 66430.125 40.5
274230 506.345047426957 -12932.8829644772 -12426.5379170503 37619.1836014507 38171.0157705109 38104.3946981418 36582.1403356995 -42.021509015196 66430.125 40.5
274240 514.211443933725 -12939.8897638749 -12425.6783199412 37223.7926697216 37538.5643143633 37678.6445800192 36454.1691147822 -293.386621678886 66430.125 40.5
274250 517.831478117424 -12942.7340378614 -12424.902559744 37060.8180216907 36924.7106087291 37492.4800741935 36765.2633821497 -509.811292848009 66430.125 40.5
274260 515.305922543232 -12939.5806696612 -12424.2747471179 37182.0022112086 36677.1105460983 37539.8892627653 37329.0068247623 -540.52706233012 66430.125 40.5
274270 510.60011635298 -12934.338409394 -12423.738293041 37422.9247587534 36661.6834136414 37646.9683182383 37960.1225443804 -347.365676498695 66430.125 40.5
274280 508.902102437825 -12932.1075127 -12423.2054102622 37549.4928086235 36653.4849081764 37659.5696032779 38335.423914416 -61.7979903170236 66430.125 40.5
274290 510.306248289481 -12932.9458143526 -12422.6395660632 37596.649930507 36940.1040871393 37484.0189730427 38365.826731339 56.3211779944779 66430.125 40.5
274300 511.184805987903 -12933.2391059624 -12422.0542999745 37643.3609709983 37550.4017837613 37194.8709184401 38184.8102107936 -88.3009412451136 66430.125 40.5
274310 509.533533973186 -12930.9913560392 -12421.457822066 37726.5932566923 38023.7244211305 37222.9640182669 37933.0913306795 -294.029986017889 66430.125 40.5
274320 506.366059654325 -12927.1772338066 -12420.8111741523 37807.5491518535 38103.1476784838 37749.3288478262 37570.1709292504 -433.139050363625 66430.125 40.5
274330 506.768052836225 -12926.8315843053 -12420.0635314691 37680.6727586349 37852.3219533583 38153.0243341227 37036.6719884238 -359.560654665761 66430.125 40.5
274340 513.6359577184 -12932.86004531 -12419.2240875916 37396.612378393 37606.5480268985 38004.2007742829 36579.0883339977 -112.672472811392 66430.125 40.5
274350 522.11241968613 -12940.5148519341 -12418.402432248 37021.5042966566 37232.3792484568 37465.8956946126 36366.2379469005 80.5440895683925 66430.125 40.5
274360 523.838988597268 -12941.5701890669 -12417.7312004696 37075.5797052655 37081.1642250334 37436.7738960012 36708.8009947618 13.1180735248571 66430.125 40.5
274370 517.43372615664 -12934.6602317897 -12417.226505633 37467.0115983297 37265.2972130686 37934.7046073377 37201.0329745829 -211.84505274866 66430.125 40.5
274380 511.170879854318 -12927.940010087 -12416.7691302326 37816.8434661375 37335.6567425882 38442.973482622 37671.9001732023 -274.032452471367 66430.125 40.5
274390 512.435342615242 -12928.6791840647 -12416.2438414495 37779.0172986044 36916.3117045045 38564.6599327625 37856.0802585463 -65.8008257081505 66430.125 40.5
274400 517.991753690774 -12933.6512596264 -12415.6595059357 37533.5983418549 36302.213298058 38503.2071020121 37795.3746254945 199.164788088914 66430.125 40.5
274410 517.998006759041 -12933.0895562481 -12415.091549489 37526.0213844068 36132.7623266012 38534.2360558632 37911.0657707558 355.225989790094 66430.125 40.5
274420 512.2909524762 -12926.8346257087 -12414.5436732325 37856.4834007756 36603.4771964288 38722.8711390896 38243.1018668083 423.53640355987 66430.125 40.5
274430 509.491390948586 -12923.4155775156 -12413.924186567 38135.5213971639 37427.9674397282 38668.6526003361 38309.9441514274 479.403228324466 66430.125 40.5
274440 514.513530092863 -12927.6977205342 -12413.1841904413 38074.4994260275 37967.9141309359 38367.5735328392 37888.0106143073 636.244792029388 66430.125 40.5
274450 519.003491063686 -12931.3934182347 -12412.3899271711 37956.6004578905 38229.518552606 38348.5231596839 37291.7596613817 969.431560975261 66430.125 40.5
274460 514.436784102378 -12926.0428784827 -12411.6060943803 38041.65858848 38558.4636877288 38599.4245574638 36967.0875202474 1244.43489704273 66430.125 40.5
274470 508.494894679967 -12919.2742625848 -12410.7793679048 38299.0425723843 38864.8272094095 38817.7985615472 37214.5019461962 1229.95559786194 66430.125 40.5
274480 509.045564771723 -12918.8481856876 -12409.8026209159 38331.5591269984 38685.9998629832 38573.1377660693 37735.5397519427 985.450623412145 66430.125 40.5
274490 516.224060456169 -12924.8970420359 -12408.6729815797 38060.6099987829 38018.1320279387 37928.6862204488 38235.0117479613 816.010147833153 66430.125 40.5
274500 524.620360713795 -12932.130316611 -12407.5099558972 37629.8382695043 37311.1548935842 37288.8687401837 38289.4911747451 623.566863739899 66430.125 40.5
274510 530.878887240482 -12937.3683245924 -12406.489437352 37441.0845442902 37212.997312832 37080.4310509228 38029.8252691158 355.07470495536 66430.125 40.5
274520 531.793660769783 -12937.5396839455 -12405.7460231757 37600.1425346373 37690.2498145868 37281.5992039598 37828.5785853653 -4.41698357759632 66430.125 40.5
274530 524.600729160093 -12929.8924054286 -12405.2916762685 38061.2933567352 38390.0917231684 37925.3364667633 37868.4518802739 -243.545995079145 66430.125 40.5
274540 514.71530292776 -12919.7085695152 -12404.9932665875 38599.102399396 39013.5033703414 38728.546521027 38055.2573068196 -164.797247908721 66430.125 40.5
274550 508.094089381765 -12912.7569661733 -12404.6628767915 38986.6152774272 39435.41532048 39304.9359890742 38219.4945227275 198.461680042779 66430.125 40.5
274560 505.244478320615 -12909.3998225289 -12404.1553442083 39249.6951304393 39591.0210285594 39514.7673594982 38643.2970032601 575.335676412758 66430.125 40.5
274570 508.113493301808 -12911.5234906172 -12403.4099973154 39233.9818990028 39337.2569737061 39160.1392040011 39204.5495193012 733.418129546914 66430.125 40.5
274580 515.599931470436 -12918.0588190541 -12402.4588875837 38864.026273239 38868.6838791836 38425.9797995172 39297.4151410163 602.622837169441 66430.125 40.5
274590 522.80356915067 -12924.2236632573 -12401.4200941067 38366.8785713929 38447.5217721011 37813.4867456318 38839.6271964459 344.385682220982 66430.125 40.5
274600 527.530013463285 -12927.9675967869 -12400.4375833236 38107.1055527235 38193.6811724227 37812.8184298658 38314.8170558819 360.668701343108 66430.125 40.5
274610 529.742449329715 -12929.3572613639 -12399.6148120342 37998.4241295222 38028.6274032021 37964.7052624256 38001.9397229389 729.271344019349 66430.125 40.5
274620 531.470832225017 -12930.4836997302 -12399.0128675052 37919.3024741053 37967.2301854572 37787.5816827374 38003.0955541214 1003.85841119452 66430.125 40.5
274630 532.181139072713 -12930.8573019569 -12398.6761628842 37891.0997188441 38032.2065533217 37409.5849072485 38231.507695962 892.428167689662 66430.125 40.5
274640 529.478308021601 -12928.1052798113 -12398.6269717897 37904.7677442826 37870.2056274718 37420.3797815006 38423.7178238755 456.562489415564 66430.125 40.5
274650 524.936344787099 -12923.7803495391 -12398.844004752 38099.3211044301 37943.4514564096 37827.6187413735 38526.8931155071 -19.5509538462933 66430.125 40.5
274660 519.077210419106 -12918.3405894277 -12399.2633790086 38446.4488438944 38271.0905264057 38416.6155052564 38651.6405000212 -188.665869481264 66430.125 40.5
274670 512.846731753919 -12912.6396482696 -12399.7929165157 38812.1470544351 38573.803920814 39089.6878352034 38772.949407288 44.6208492452069 66430.125 40.5
274680 511.7173865721 -12912.064710343 -12400.3473237709 38813.0932685191 38598.6105209646 39323.7618973594 38516.9073872333 98.4302179185054 66430.125 40.5
274690 518.500891505171 -12919.4395428766 -12400.9386513714 38432.6754490909 38192.4393416134 38978.6917426612 38126.8952629981 -141.058671291551 66430.125 40.5
274700 524.883257218388 -12926.5988239688 -12401.7155667504 38125.4131492081 37941.6673096726 38541.4896882563 37893.0824496954 -407.477717502447 66430.125 40.5
274710 521.976202392264 -12924.8099728092 -12402.833770417 38191.6998729427 38174.6917569373 38305.7780140883 38094.6298478025 -346.855871506763 66430.125 40.5
274720 515.643197717174 -12919.9446513527 -12404.3014536355 38394.110112805 38354.9898126556 38313.2498332119 38514.0906925474 29.6329155631008 66430.125 40.5
274730 515.851343195647 -12921.8977413403 -12406.0463981447 38332.7189631083 38213.5955442172 38189.9749147614 38594.5864303463 384.427067688151 66430.125 40.5
274740 520.048923903032 -12928.1022020962 -12408.0532781931 38156.4957201181 38035.423666032 38010.7330928505 38423.3304014718 630.174830645364 66430.125 40.5
274750 521.559920383451 -12931.8898152743 -12410.3298948908 38012.2969528159 37968.0109815862 37840.0658816228 38228.8139952387 681.402288667674 66430.125 40.5
274760 518.238571873833 -12931.018137036 -12412.7795651621 37860.139412206 37842.8523662648 37680.5220482863 38057.043822067 636.905622252916 66430.125 40.5
274770 513.977954799347 -12929.17086588 -12415.1929110807 37621.0632920308 37552.6450111573 37516.816121792 37793.7287431432 724.270370479881 66430.125 40.5
274780 514.526005422395 -12931.9241581526 -12417.3981527302 37321.0758097439 37336.2854994132 37245.7732387527 37381.1686910658 709.426040853341 66430.125 40.5
274790 517.531560171068 -12936.8874640293 -12419.3559038582 37119.7420786924 37232.1048571584 36842.8738951891 37284.2474837297 569.852307299453 66430.125 40.5
274800 516.280392105078 -12937.3601339775 -12421.0797418724 37282.3959390106 37382.8602790467 36799.720770561 37664.606767424 461.336172947319 66430.125 40.5
274810 511.36210503853 -12933.9090351688 -12422.5469301303 37556.9715405786 37482.8476891428 37234.978742618 37953.0881899751 390.629969217868 66430.125 40.5
274820 507.035401267655 -12930.7441831118 -12423.7087818441 37779.7306579617 37531.0300046429 37862.4057671416 37945.7562021006 381.015070754611 66430.125 40.5
274830 504.816031443409 -12929.3560071147 -12424.5399756713 37843.8850339576 37611.302951441 38209.7301462842 37710.6220041475 398.897670298151 66430.125 40.5
274840 505.716647679035 -12930.7765764709 -12425.0599287919 37786.1673155275 37781.8861012332 38103.1514861789 37473.4643591704 454.15598697229 66430.125 40.5
274850 508.254741035617 -12933.5866312657 -12425.3318902301 37624.3732659183 37947.2796668915 37768.2557338294 37157.5843970341 480.949128874284 66430.125 40.5
274860 506.628697756994 -12932.0331447763 -12425.4044470193 37677.1828809396 38322.3238811596 37692.9205833382 37016.3041783211 332.930422148811 66430.125 40.5
274870 503.928080602682 -12929.2009380424 -12425.2728574398 37750.2685952332 38638.1868745715 37590.1990048037 37022.4199063244 201.435365694752 66430.125 40.5
274880 505.590213963233 -12930.5027983584 -12424.9125843952 37735.3709903205 38567.9023611711 37377.7973964202 37260.4132133701 212.325702271987 66430.125 40.5
274890 509.044860697311 -12933.3923617432 -12424.3475010459 37634.3226386963 38150.4329943309 37328.4251990867 37424.1097226713 194.667662799314 66430.125 40.5
274900 509.509780074064 -12933.1421951488 -12423.6324150747 37591.714064553 37652.2489247599 37702.5402877618 37420.3529811372 56.2363371872773 66430.125 40.5
274910 507.009225749042 -12929.7874873792 -12422.7782616302 37652.5073699532 37387.1928011861 38052.3102164514 37518.0190922221 -82.4383702952664 66430.125 40.5
274920 507.229334367541 -12928.984655899 -12421.7553215315 37613.7024268751 37296.9892577804 37905.1847431741 37638.9332796709 -63.7919300121458 66430.125 40.5
274930 512.187278542044 -12932.753326669 -12420.5660481269 37375.485451434 37029.5079096016 37469.5484888163 37627.3999558842 12.217265830846 66430.125 40.5
274940 519.053846675941 -12938.3552091097 -12419.3013624338 37177.6609255645 36846.8359983475 37236.6357858664 37449.5109924796 13.287434552552 66430.125 40.5
274950 522.332987865717 -12940.4271139907 -12418.094126125 37099.0959506087 36949.6411677159 37164.0256731538 37183.6210109564 9.60971062120898 66430.125 40.5
274960 519.457727108813 -12936.4777005309 -12417.019973422 37297.3891284787 37503.1268781685 37190.6633429334 37198.3771643342 126.733349273326 66430.125 40.5
274970 513.958698320696 -12929.9957918189 -12416.0370934982 37622.0627393092 38063.087352667 37142.3063794983 37660.7944857624 253.069884325836 66430.125 40.5
274980 510.539476175622 -12925.5863556803 -12415.0468795047 37920.4053492332 38341.549737128 37140.4257820329 38279.2405285386 298.160513003616 66430.125 40.5
274990 510.097733792973 -12924.0769785444 -12413.9792447515 38066.3457921819 38323.9451195387 37284.3887156897 38590.7035413174 225.351465571764 66430.125 40.5
275000 511.1424268691 -12923.9668348423 -12412.8244079732 38029.3043058074 38266.8427697548 37365.641960496 38455.4281871715 295.93746746367 66430.125 40.5
