# Fix print output for fix setl_out
1000 2.24952267480795 -13438.0533780835 -13435.8038554087 94.3161944518014 94.3452995424912 94.8729627880778 93.7303210248351 -0.532449975112467 66430.125 40.5
1010 2.16651291875159 -13437.9498109266 -13435.7832980078 96.6505326125325 96.2677913606621 96.9456257707839 96.7381807061516 -0.10516412206236 66430.125 40.5
1020 2.09746165812804 -13437.8374960553 -13435.7400343972 98.5523070675891 97.8177624306187 98.4805761796164 99.3585825925324 0.323604303279793 66430.125 40.5
1030 2.03784044981856 -13437.7396961913 -13435.7018557415 99.3614984801859 98.746930878377 99.0633320241252 100.274232538056 0.571884788344834 66430.125 40.5
1040 2.01538731425464 -13437.6734852056 -13435.6580978913 99.6737474700033 99.5656974362065 99.4203463975024 100.035198576301 0.567117448353771 66430.125 40.5
1050 2.04181437329442 -13437.6495846736 -13435.6077703003 100.091794586443 100.359956579488 100.095308626452 99.8201185533892 0.35762367059448 66430.125 40.5
1060 2.11618924872951 -13437.6692548323 -13435.5530655836 100.849989684855 100.939152114149 101.045428870336 100.56538807008 0.0941934235229951 66430.125 40.5
1070 2.22619360123412 -13437.7193690311 -13435.4931754299 101.847471893793 101.299455547963 101.8944502307 102.348509902717 -0.0182434637890449 66430.125 40.5
1080 2.34454118140359 -13437.7720929979 -13435.4275518165 102.951221490257 101.802964548905 102.535291504181 104.515408417685 0.200843578136049 66430.125 40.5
1090 2.43910187177261 -13437.795629966 -13435.3565280942 104.274370720603 103.017606961494 103.441762815748 106.363742384565 0.825294485332099 66430.125 40.5
1100 2.48953359922469 -13437.7707739862 -13435.2812403869 106.055805542822 105.297438981488 105.276182442598 107.593795204381 1.76305166700765 66430.125 40.5
1110 2.49701370065947 -13437.7001953355 -13435.2031816348 108.378803573277 108.492416966387 108.248121917853 108.395871835589 2.73775406328675 66430.125 40.5
1120 2.4797525614056 -13437.6033317698 -13435.1235792084 110.993935287263 112.024880969717 111.747328502734 109.20959638934 3.36501492366746 66430.125 40.5
1130 2.46035895529228 -13437.5033661046 -13435.0430071493 113.36275459869 115.175302701337 114.561182036905 110.351779057829 3.34426330970407 66430.125 40.5
1140 2.45698828056622 -13437.4183443269 -13434.9613560464 115.0121403146 117.378559271962 115.751927291896 111.905934379943 2.7018184661261 66430.125 40.5
1150 2.48193856027487 -13437.3599197458 -13434.8779811856 115.917631578533 118.420860571141 115.415258526125 113.916775638333 1.85110815299842 66430.125 40.5
1160 2.54090734914549 -13437.3327890404 -13434.7918816913 116.564890532838 118.504216676163 114.745865374049 116.444589548303 1.31864455259629 66430.125 40.5
1170 2.62826405998115 -13437.3302507246 -13434.7019866646 117.714412177044 118.389063900003 115.345905712217 119.408266918913 1.35327959596986 66430.125 40.5
1180 2.7249967675523 -13437.3326067648 -13434.6076099972 119.924069594911 119.144956481889 118.159681581564 122.467570721279 1.74411085124167 66430.125 40.5
1190 2.80846974361356 -13437.3172843319 -13434.5088145883 123.223764841147 121.69137519666 122.740048885242 125.239870441539 2.00356698125983 66430.125 40.5
1200 2.86866480168205 -13437.2749562031 -13434.4062914015 127.054060533511 126.069521650043 127.564118972084 127.528540978405 1.73728426120513 66430.125 40.5
1210 2.91228218245625 -13437.2130817264 -13434.3007995439 130.532905462442 131.209507464395 130.969688615925 129.419520307006 0.930252920331459 66430.125 40.5
1220 2.94684388048339 -13437.1396367605 -13434.19279288 132.978413433998 135.452930097532 132.262493679578 131.219816524884 -0.0721346689801196 66430.125 40.5
1230 2.96431354162501 -13437.0470231776 -13434.082709636 134.479146964598 137.784297555582 132.270932890266 133.382210447945 -0.891376950260802 66430.125 40.5
1240 2.95092104012441 -13436.922387869 -13433.9714668288 135.826852519143 138.679801122166 132.664876461192 136.13587997407 -1.43604716080593 66430.125 40.5
1250 2.91941002244643 -13436.7795396869 -13433.8601296645 137.839628711804 139.472314777279 134.673183786405 139.373387571728 -1.86523706707459 66430.125 40.5
1260 2.9240149358976 -13436.672540591 -13433.7485256551 140.595638460291 141.042095054092 138.083377075456 142.661443251324 -2.27734337204418 66430.125 40.5
1270 3.02589817220192 -13436.660012992 -13433.6341148198 143.260639831036 143.098065721886 141.411041817746 145.272811953475 -2.52885511600898 66430.125 40.5
1280 3.22992767268306 -13436.7427688604 -13433.5128411878 145.161699298028 145.072470812155 143.463425549203 146.949201532727 -2.46660917883664 66430.125 40.5
1290 3.45747816753022 -13436.839479877 -13433.3820017095 146.693712741125 146.950774809049 144.736934817552 148.393428596773 -2.17152329052678 66430.125 40.5
1300 3.59809972407701 -13436.8408799483 -13433.2427802242 149.057983475637 149.36567776327 147.087937927297 150.720334736343 -1.98808663478371 66430.125 40.5
1310 3.60538013754256 -13436.705113263 -13433.0997331255 153.083352811711 152.960311083087 152.016691865715 154.273055486329 -2.20089075448492 66430.125 40.5
1320 3.54569930594675 -13436.5028210379 -13432.957121732 158.207973436585 157.438415956425 158.957457363326 158.228046990004 -2.76839025361112 66430.125 40.5
1330 3.54143685328716 -13436.3566724253 -13432.815235572 162.883889224939 161.83751048947 165.322610958685 161.491546226663 -3.32824157769018 66430.125 40.5
1340 3.65446197981697 -13436.3247945391 -13432.6703325592 166.128516043045 165.599362492445 168.723457896382 164.06272774031 -3.47756440054397 66430.125 40.5
1350 3.82576523112695 -13436.3442821971 -13432.518516966 168.464405126767 169.048929065211 169.111201920784 167.233084394305 -3.02780123455538 66430.125 40.5
1360 3.93756660155382 -13436.2973253237 -13432.3597587221 171.277382358055 172.812701339868 168.887471071764 172.131974662532 -2.02543776640587 66430.125 40.5
1370 3.93693545876021 -13436.1348011095 -13432.1978656508 175.352773156969 176.836902088679 170.773420434291 178.447996947936 -0.621579896237102 66430.125 40.5
1380 3.89119717119342 -13435.9275988447 -13432.0364016735 180.04116951731 180.141300593111 175.519345771991 184.462862186829 1.0087291584691 66430.125 40.5
1390 3.91601544158327 -13435.7908686062 -13431.8748531646 183.933508501061 181.860608483468 181.546315100126 188.393601919589 2.59877947703121 66430.125 40.5
1400 4.0545341847902 -13435.7636148809 -13431.7090806961 186.415876122724 182.450578445591 186.794157219961 190.002892702622 3.66227072632472 66430.125 40.5
1410 4.23837451831601 -13435.7738550863 -13431.535480568 188.306305743598 183.56389920624 190.442904069862 190.912113954691 3.6779811564 66430.125 40.5
1420 4.36826602322592 -13435.7225525651 -13431.3542865419 191.107199873174 186.908168504257 193.267010806512 193.146420308754 2.62040616750153 66430.125 40.5
1430 4.41852178265872 -13435.5871235848 -13431.1686018021 195.472486747986 192.559645442001 196.455496159411 197.402318642545 1.23542093331206 66430.125 40.5
1440 4.44830750599112 -13435.4290126375 -13430.9807051315 200.74433654506 199.002574575058 200.383969361474 202.846465698648 0.689707024529026 66430.125 40.5
1450 4.51747314300498 -13435.307517204 -13430.790044061 206.024084395193 205.020116373928 204.60066395067 208.451472860982 1.5576784313779 66430.125 40.5
1460 4.61793947461205 -13435.2127993181 -13430.5948598435 211.128154327652 210.867981604687 208.920451283897 213.596030094373 3.15121915895534 66430.125 40.5
1470 4.70644104939029 -13435.1011730358 -13430.3947319864 216.450159438938 217.660292773311 213.515550464472 218.17463507903 4.01450823774089 66430.125 40.5
1480 4.79145997739343 -13434.9817234457 -13430.1902634683 221.944659133727 225.524388344846 218.239856463774 222.069732592559 3.10539718268682 66430.125 40.5
1490 4.9511338568576 -13434.9312548659 -13429.9801210091 226.506379440935 232.417973546769 222.547369847941 224.553794928096 0.915030841340132 66430.125 40.5
1500 5.23985359405647 -13434.9995748741 -13429.75972128 228.967668793854 235.840923811328 225.618896400357 225.443186169878 -0.743116316875511 66430.125 40.5
1510 5.5861914837478 -13435.1107962523 -13429.5246047685 229.583074598437 235.513707224417 227.208002892169 226.027513678724 -0.600959771117194 66430.125 40.5
1520 5.81761341794819 -13435.0934468313 -13429.2758334134 230.174021898867 233.588212750985 228.671970926392 228.261882019225 1.01175818403614 66430.125 40.5
1530 5.81512096011574 -13434.8363944927 -13429.0212735326 233.411242212186 233.63117386902 232.808394684642 233.794158082896 2.39653655489145 66430.125 40.5
1540 5.64547851176594 -13434.4156086225 -13428.7701301107 240.743236381212 238.465874590385 241.178943341484 242.584891211767 2.04364592626119 66430.125 40.5
1550 5.51835354363836 -13434.0436206561 -13428.5252671125 251.104294801886 248.278566352252 252.178925823398 252.855392230008 0.147984814464367 66430.125 40.5
1560 5.59179126825248 -13433.8727143483 -13428.2809230801 261.726265880858 260.341752136993 262.653954394331 262.183091111251 -1.69711804518727 66430.125 40.5
1570 5.82122281949539 -13433.849850975 -13428.0286281555 270.664038795288 271.345653789794 270.851011963414 269.795450632655 -2.02716159409002 66430.125 40.5
1580 6.01934410025091 -13433.7848610031 -13427.7655169029 277.394223410925 279.2440465443 277.232830091667 275.705793596807 -0.807580134810745 66430.125 40.5
1590 6.07091804097099 -13433.5670110919 -13427.4960930509 282.31601831487 283.963286361138 282.646120209243 280.338648374229 0.717950011491762 66430.125 40.5
1600 6.06954251946085 -13433.2949883511 -13427.2254458317 285.899842301502 286.597277242764 286.975288874026 284.126960787716 1.45409771347771 66430.125 40.5
1610 6.22170911166276 -13433.1731201207 -13426.951411009 288.767673974139 288.57059876981 289.420847172028 288.311575980579 1.01125254966324 66430.125 40.5
1620 6.6172903642042 -13433.2818591968 -13426.6645688326 291.58169237667 290.706483361992 290.208679198077 293.829914569942 0.240737637210856 66430.125 40.5
1630 7.11327743414595 -13433.4699799097 -13426.3567024755 295.268370626816 293.937229877734 291.011773008466 300.856108994246 -0.122369971114096 66430.125 40.5
1640 7.45653514519779 -13433.4856399433 -13426.0291047981 300.891787689004 298.876215612009 295.107583049059 308.691564405943 -0.244684557751361 66430.125 40.5
1650 7.52050143193391 -13433.2125532237 -13425.6920517917 308.966056634444 305.908844174979 304.550974128004 316.438351600349 -0.479180750145357 66430.125 40.5
1660 7.41885646059475 -13432.7747976176 -13425.355941157 318.787897033923 314.933688050888 317.462297603226 323.967705447656 -1.00472797557115 66430.125 40.5
1670 7.38843845220718 -13432.4111572239 -13425.0227187717 329.57348189291 326.192294796559 330.675143350258 331.853007531912 -1.09678132542907 66430.125 40.5
1680 7.56279480777504 -13432.2483280759 -13424.6855332681 340.18214374827 338.792613752356 340.842800042995 340.911017449458 -0.672624603179 66430.125 40.5
1690 7.85803757029786 -13432.194544811 -13424.3365072407 349.28033723802 350.71050309657 346.72867360184 350.401835015649 0.158257697683406 66430.125 40.5
1700 8.07443944990998 -13432.049208059 -13423.9747686091 356.555793217369 360.13052715 351.169817653796 358.367034848311 1.00523456453453 66430.125 40.5
1710 8.10601548492516 -13431.7128563782 -13423.6068408933 362.116772505212 366.017173897896 356.400379861408 363.932763756332 1.19452001811149 66430.125 40.5
1720 8.04837692459393 -13431.287772303 -13423.2393953784 367.188800970521 370.310305809558 363.614587112485 367.64150998952 1.04675762573719 66430.125 40.5
1730 8.10890405967939 -13430.980663776 -13422.8717597163 373.270018755762 375.837157681215 371.800026886007 372.172871700065 1.49006701137832 66430.125 40.5
1740 8.41587487479872 -13430.911121832 -13422.4952469572 380.988311181882 383.848236650872 379.095031154216 380.021665740557 2.65793459044901 66430.125 40.5
1750 8.91155110900984 -13431.0112273782 -13422.0996762692 389.098324084161 392.923366489006 385.017089928801 389.354515834675 3.66662975917199 66430.125 40.5
1760 9.41313187573754 -13431.0939715111 -13421.6808396353 397.557541127703 402.097322920971 392.460774991226 398.114525470912 2.86429160030851 66430.125 40.5
1770 9.76630368338064 -13431.0088371956 -13421.2425335122 407.939553922376 411.507593654283 404.974962544098 407.336105568745 0.631695583861117 66430.125 40.5
1780 9.94468197643208 -13430.7371381162 -13420.7924561398 419.766819483764 421.101881123533 421.453762148194 416.744815179567 -0.411248229763143 66430.125 40.5
1790 10.0226883560369 -13430.3593996762 -13420.3367113201 431.674952226313 431.542075465455 436.976308728477 426.506472485009 1.94964655762864 66430.125 40.5
1800 10.0840808076863 -13429.9616019342 -13419.8775211265 442.459155335983 442.892412616005 447.603009327975 436.882044063968 6.51417217125579 66430.125 40.5
1810 10.1697619967239 -13429.5841361622 -13419.4143741654 451.618570913471 453.835006782337 453.393236814708 447.627469143368 10.3400848200912 66430.125 40.5
1820 10.2994572681325 -13429.2451617001 -13418.9457044319 458.971585685996 462.754049087312 457.191765122378 456.968942848297 11.2487399026781 66430.125 40.5
1830 10.5113461978111 -13428.9801907496 -13418.4688445517 465.233356338998 469.527200647429 462.010690568218 464.162177801348 9.76669092151598 66430.125 40.5
1840 10.8500344434279 -13428.8292722048 -13417.9792377614 473.819029794118 477.108311135899 471.892954209186 472.45582403727 7.66075633266404 66430.125 40.5
1850 11.3169617492784 -13428.7882007157 -13417.4712389664 487.6644559704 487.810364394702 488.140597970421 487.042405546079 6.72680720661081 66430.125 40.5
1860 11.8408723998755 -13428.7817202301 -13416.9408478302 505.191741575071 501.377125859648 507.500645429684 506.697453435882 5.41166742435565 66430.125 40.5
1870 12.3009985221581 -13428.6895038903 -13416.3885053681 522.239074472778 517.178440522395 524.49626345961 525.042519436329 2.03059676164823 66430.125 40.5
1880 12.5980494775713 -13428.4176488359 -13415.8195993584 534.706361984941 532.321354205723 535.335212750705 536.462518998393 -2.08316135286859 66430.125 40.5
1890 12.7153709799532 -13427.9572353125 -13415.2418643326 542.114549563811 545.741067230308 539.334788038975 541.267793422149 -4.95363493140656 66430.125 40.5
1900 12.7186475869994 -13427.3802314302 -13414.6615838432 547.058086454158 556.240577600137 541.67543075603 543.258251006308 -5.47160147056404 66430.125 40.5
1910 12.7027967951422 -13426.7840497042 -13414.0812529091 555.958644011315 565.549172241304 550.985691223553 551.341068569087 -3.21947564431059 66430.125 40.5
1920 12.7500536025631 -13426.2496128812 -13413.4995592786 572.438546092927 576.533820518093 570.249038754733 570.532779005954 -1.65686312137899 66430.125 40.5
1930 12.9325225320599 -13425.8446126812 -13412.9120901492 594.106208371356 590.735350062199 595.254567674303 596.328707377567 -2.58864374328064 66430.125 40.5
1940 13.3238157236753 -13425.6352917198 -13412.3114759962 613.899547748434 607.785127542614 615.577013270972 618.336502431718 -4.36458958513661 66430.125 40.5
1950 13.9483873722271 -13425.6365819529 -13411.6881945806 625.500748871583 622.692411441605 625.113673667026 628.696161506118 -5.88659317150965 66430.125 40.5
1960 14.6908659579532 -13425.7256654792 -13411.0347995212 629.306731646157 632.823397890903 623.616718337693 631.480078709877 -8.66060106344306 66430.125 40.5
1970 15.3051070732457 -13425.6572559344 -13410.3521488611 632.298175833164 640.192942669748 620.655165714204 636.046419115539 -12.2736906428519 66430.125 40.5
1980 15.5912162743149 -13425.2423452049 -13409.6511289306 645.158824310708 652.154336049341 631.36916694912 651.952969933663 -13.9280600821331 66430.125 40.5
1990 15.6139288030171 -13424.5591191266 -13408.9451903236 669.512898057702 671.901511647061 660.181581845787 676.455600680258 -13.0162899639018 66430.125 40.5
2000 15.696534853129 -13423.9348934492 -13408.2383585961 696.002991067508 695.240323227403 693.96617216774 698.80247780738 -7.43141334415469 66430.125 40.5
2010 16.1164052177322 -13423.6372041249 -13407.5207989071 716.932332291973 715.939680765883 719.478996750236 715.378319359799 -0.534056718877742 66430.125 40.5
2020 16.7953114029548 -13423.5740190679 -13406.7787076649 730.318744212455 729.783544321403 731.948471651596 729.224216664367 4.50693379091577 66430.125 40.5
2030 17.3275202114603 -13423.3376789581 -13406.0101587466 740.923280185435 738.911912473375 738.086166368949 745.771761713981 4.84427545560696 66430.125 40.5
2040 17.391047890081 -13422.6210395928 -13405.2299917027 755.786299098734 748.35792296513 751.177958739202 767.823015591869 2.99771861435488 66430.125 40.5
2050 17.1724953656655 -13421.6278712281 -13404.4553758625 775.998902151106 762.748170476537 773.808912367441 791.43962360934 3.81964139829784 66430.125 40.5
2060 17.2836397408341 -13420.9682571187 -13403.6846173778 793.004606800009 779.145113184363 795.776218919086 804.092488296577 7.83055876099449 66430.125 40.5
2070 18.1490165175447 -13421.0417030671 -13402.8926865496 800.944459794133 793.647306971932 804.935795725559 804.25027668491 11.6426615468727 66430.125 40.5
2080 19.489520665288 -13421.542419212 -13402.0528985467 806.040667082048 806.938098917621 805.855020710641 805.328881617882 13.3602156445107 66430.125 40.5
2090 20.526783356356 -13421.6913042491 -13401.1645208927 823.274650508026 828.16098483 821.806031587014 819.856935107063 12.5042829095724 66430.125 40.5
2100 20.7497459496674 -13421.0046986997 -13400.25495275 859.802859344057 864.305529881544 860.831955665249 854.271092485379 9.67738166263186 66430.125 40.5
2110 20.4440858042391 -13419.7971332541 -13399.3530474498 908.35707540675 911.064821933113 913.595335975776 900.411068311361 10.019297654247 66430.125 40.5
2120 20.3816154391522 -13418.8434354712 -13398.461820032 946.085052377451 946.152935445799 955.658643890788 936.443577795766 12.0488273964185 66430.125 40.5
2130 20.9564891140387 -13418.5156849777 -13397.5591958637 956.188400893255 952.746475396304 966.110736118984 949.707991164479 13.8995188195361 66430.125 40.5
2140 21.7369093642542 -13418.363661415 -13396.6267520508 953.79824822178 947.624424449265 958.6215556366 955.148764579475 16.3641207058467 66430.125 40.5
2150 22.0099898415249 -13417.6835474636 -13395.6735576221 962.350195376517 955.501922491207 959.565402120526 971.983261517819 14.7236086857694 66430.125 40.5
2160 21.7273970704728 -13416.4518191816 -13394.7244221111 991.846767189692 985.970938481558 987.792365848649 1001.77699723887 6.16413100210736 66430.125 40.5
2170 21.7261035054098 -13415.510799409 -13393.7846959036 1027.59856905295 1024.01621689973 1029.89760646724 1028.88188379188 -4.23086267286733 66430.125 40.5
2180 22.8809266997075 -13415.7033753743 -13392.8224486746 1048.74638945947 1048.01363241375 1057.79420869507 1040.43132726958 -8.17372731754876 66430.125 40.5
2190 25.0308292066737 -13416.8245678031 -13391.7937385965 1057.79978109483 1057.98538366308 1070.80665544718 1044.60730417423 -4.10484110090077 66430.125 40.5
2200 26.9409701466771 -13417.6310934109 -13390.6901232642 1070.79950913451 1064.94537217156 1082.01110682887 1065.44204840311 -1.44201636500438 66430.125 40.5
2210 27.4257747961544 -13416.9792998067 -13389.5535250106 1102.64393767027 1089.08345184621 1107.36093697754 1111.48742418704 -8.98796190709508 66430.125 40.5
2220 26.4971674909373 -13414.9374546968 -13388.4402872058 1152.86711979826 1138.18258228116 1151.35796429399 1169.06081281962 -24.0425670848082 66430.125 40.5
2230 25.3748125119056 -13412.7481553042 -13387.3733427923 1198.84852436812 1189.72930215443 1199.25581941644 1207.56045153348 -38.7981168881539 66430.125 40.5
2240 25.2498376094124 -13411.577239846 -13386.3274022366 1223.53873922475 1223.72221873751 1229.47964466882 1217.41435426792 -48.7292461482777 66430.125 40.5
2250 26.1718804662064 -13411.4307487318 -13385.2588682656 1231.45164950078 1238.21601339913 1239.95232731992 1216.18660778328 -48.8398527561206 66430.125 40.5
2260 27.2454866952485 -13411.3943632311 -13384.1488765358 1239.13283738123 1241.43661489479 1250.7237083275 1225.2381889214 -38.5181985476418 66430.125 40.5
2270 27.7546340062683 -13410.7681551662 -13383.0135211599 1261.25391349609 1249.48141356134 1278.17416057319 1256.10616635373 -23.9930188616369 66430.125 40.5
2280 28.0031353934694 -13409.8760719145 -13381.872936521 1294.39639749671 1269.97458622354 1311.91820623143 1301.29640003516 -15.383033787821 66430.125 40.5
2290 28.955241266054 -13409.6729970166 -13380.7177557506 1321.76141509284 1292.41383531293 1332.14985222964 1340.72055773595 -16.1733056878517 66430.125 40.5
2300 31.0319174123132 -13410.5450636711 -13379.5131462588 1332.40152502294 1305.06179161189 1337.83851687648 1354.30426658046 -21.1390610841428 66430.125 40.5
2310 33.4135006425618 -13411.6532904335 -13378.2397897909 1338.53319894555 1320.42619869235 1339.05707842352 1356.11631972078 -26.0115845909108 66430.125 40.5
2320 34.6850854089248 -13411.6102168035 -13376.9251313946 1367.29460246797 1361.36045222956 1363.25421024888 1377.26914492547 -30.1210519602891 66430.125 40.5
2330 34.1867056511238 -13409.8119128173 -13375.6252071662 1425.88250893249 1427.70482365869 1424.81740555764 1425.12529758114 -25.8333262073959 66430.125 40.5
2340 32.6539065755716 -13407.0320150156 -13374.37810844 1504.76315679274 1508.20787687605 1508.09473734494 1497.98685615724 -13.5608465393623 66430.125 40.5
2350 31.5445527240988 -13404.7215754853 -13373.1770227612 1574.45742732432 1576.80852976917 1577.3563296753 1569.20742252849 -4.76801925800749 66430.125 40.5
2360 31.779208884145 -13403.7595590771 -13371.9803501929 1614.89567860538 1611.02655659986 1620.49682538069 1613.16365383559 -1.59935469759957 66430.125 40.5
2370 33.1647500892245 -13403.9106674297 -13370.7459173405 1627.73039274457 1610.92251712991 1641.37704589828 1630.89161520552 -1.5090563933945 66430.125 40.5
2380 34.8881537146379 -13404.3479511989 -13369.4597974842 1628.0223620811 1593.47860171155 1653.57876120719 1637.00972332454 -1.80672009175673 66430.125 40.5
2390 36.3122651909065 -13404.4483399697 -13368.1360747788 1630.6396380381 1590.25215319654 1663.66198416726 1638.00477675049 -1.95730502945002 66430.125 40.5
2400 37.3342524711449 -13404.1302871081 -13366.796034637 1646.93323054067 1618.04309503566 1674.95760516297 1647.79899142339 3.96054770244367 66430.125 40.5
2410 38.1828357547717 -13403.63436912 -13365.4515333652 1679.91200497697 1666.94337424286 1697.81230960722 1674.98033108082 14.229448919176 66430.125 40.5
2420 39.0429201030761 -13403.1473061516 -13364.1043860485 1719.0802245719 1707.91104578569 1730.8749538224 1718.4546741076 19.9786203728843 66430.125 40.5
2430 39.8814677522095 -13402.6360285424 -13362.7545607902 1757.82738927314 1734.35140117523 1772.81999465391 1766.31077199028 23.7517656130986 66430.125 40.5
2440 40.5030292843312 -13401.9093901221 -13361.4063608378 1790.04549323377 1750.84501891807 1812.92069658931 1806.37076419392 26.7179829405081 66430.125 40.5
2450 40.7232708656049 -13400.7916512204 -13360.0683803548 1824.40042901077 1775.74668657506 1852.80952608039 1844.64507437686 19.3814542249955 66430.125 40.5
2460 40.5104328850644 -13399.2591249966 -13358.7486921115 1876.26881752053 1825.0734674026 1906.49296407056 1897.24002108842 2.78296976186853 66430.125 40.5
2470 40.0989545850438 -13397.5480176421 -13357.4490630571 1939.1958720385 1888.27416471505 1970.07278683388 1959.24066456658 -5.71602011627694 66430.125 40.5
2480 39.9712032597135 -13396.1318644635 -13356.1606612038 2001.38758623787 1946.81289461562 2034.01087595157 2023.33898814641 3.47823940246345 66430.125 40.5
2490 40.678662987835 -13395.542937609 -13354.8642746212 2040.25935583787 1987.6902845929 2065.9736370874 2067.11414583331 23.2524163256455 66430.125 40.5
2500 42.5146633854415 -13396.0521973052 -13353.5375339198 2044.45898075948 2004.73781568682 2061.48124450879 2067.15788208282 40.9416916946359 66430.125 40.5
2510 45.1413144574308 -13397.3123353034 -13352.1710208459 2023.19372187476 2004.49670947272 2033.36003601483 2031.72442013673 48.7234877707238 66430.125 40.5
2520 47.5003469035577 -13398.2855311373 -13350.7851842338 2011.58444964172 2010.55773287821 2019.04768363156 2005.14793241538 43.9416674389006 66430.125 40.5
2530 48.336692229814 -13397.7645003033 -13349.4278080735 2047.48437627312 2048.82676942012 2053.32427531061 2040.30208408863 28.4508602717039 66430.125 40.5
2540 47.2827324389346 -13395.4250828722 -13348.1423504332 2143.96866795731 2130.0929823658 2146.15806722207 2155.65495428407 10.6776430007181 66430.125 40.5
2550 45.4152560097691 -13392.3486174996 -13346.9333614899 2247.88233546346 2205.42423696538 2249.52365943555 2288.69910998945 -5.66595125664639 66430.125 40.5
2560 44.3950278800354 -13390.159373292 -13345.764345412 2305.5360562203 2229.61045908136 2309.21957773829 2377.77813184126 -17.4876656060535 66430.125 40.5
2570 45.049937681278 -13389.6361212469 -13344.5861835656 2312.0923441203 2218.40707479867 2322.49859785067 2395.37135971155 -20.4770602754063 66430.125 40.5
2580 46.8945060857181 -13390.266180452 -13343.3716743662 2297.7097396201 2220.95998708792 2311.19455653301 2360.97467523936 -13.5245225458359 66430.125 40.5
2590 48.8398445694087 -13390.9719225147 -13342.1320779453 2307.68212254515 2277.1556280819 2316.36345051866 2329.5272890349 -1.3055189540659 66430.125 40.5
2600 50.2485634926914 -13391.1504062742 -13340.9018427816 2348.17839994551 2364.31293849928 2353.69361081779 2326.52865051947 4.60888049273295 66430.125 40.5
2610 51.272273139232 -13390.982128116 -13339.7098549768 2385.40473407982 2437.20626382207 2376.19401366067 2342.8139247567 1.75009568466308 66430.125 40.5
2620 52.1786178210658 -13390.7482577145 -13338.5696398934 2406.56638667985 2469.64500527229 2367.19316975088 2382.86098501637 -6.98340062004497 66430.125 40.5
2630 52.9164924696414 -13390.4059196832 -13337.4894272136 2422.15381605806 2468.29834774949 2354.03949912215 2444.12360130252 -28.5260869716705 66430.125 40.5
2640 53.387847356946 -13389.865010337 -13336.47716298 2439.64297328182 2451.33024699581 2376.18302554984 2491.41564729981 -67.0859508884563 66430.125 40.5
2650 53.6348690590429 -13389.1720949015 -13335.5372258424 2474.19111074934 2448.70453391172 2463.72600542542 2510.14279291087 -90.4260948578577 66430.125 40.5
2660 53.7890831953888 -13388.458135805 -13334.6690526096 2525.38562849158 2476.07545899112 2580.73639574007 2519.34503074354 -75.6859163383787 66430.125 40.5
2670 53.7820731093979 -13387.6521209592 -13333.8700478498 2565.02432801535 2510.08129430226 2660.88384100316 2524.10784874064 -49.2040522512576 66430.125 40.5
2680 53.2775824911552 -13386.4150650708 -13333.1374825797 2598.18807188753 2548.8386573397 2689.67843668078 2556.04712164211 -28.8327579991836 66430.125 40.5
2690 52.3518921179523 -13384.8144609676 -13332.4625688496 2642.38191545798 2603.01578520975 2698.91599037832 2625.21397078586 -12.1396941567432 66430.125 40.5
2700 51.8576134078511 -13383.6829574313 -13331.8253440234 2683.11630266749 2656.01769111611 2697.40422252001 2695.92699436635 -11.1392519700342 66430.125 40.5
2710 52.6764704280899 -13383.8816779944 -13331.2052075663 2696.88819478871 2674.87919896689 2683.24481152844 2732.54057387079 -29.0377117838018 66430.125 40.5
2720 54.6734700272612 -13385.2756657173 -13330.6021956901 2684.86785680137 2673.91684660639 2659.29312740054 2721.39359639718 -39.1325450095075 66430.125 40.5
2730 56.6437435492158 -13386.692685543 -13330.0489419938 2664.37117114596 2674.03743241501 2640.15804697429 2678.9180340486 -19.4137562604459 66430.125 40.5
2740 57.3574559614529 -13386.9511196888 -13329.5936637273 2653.13235672727 2679.11590013648 2644.0281455562 2636.25302448913 6.40286075305267 66430.125 40.5
2750 56.4764661241833 -13385.7393027713 -13329.2628366471 2650.07685382831 2668.20743315285 2672.25092792809 2609.772200404 20.306274679685 66430.125 40.5
2760 54.7451059448182 -13383.7869562825 -13329.0418503376 2681.26766532503 2665.63300513273 2735.80366458016 2642.36632626221 24.2535840253951 66430.125 40.5
2770 53.6149619842029 -13382.5075068326 -13328.8925448484 2722.40975819798 2661.61292510295 2799.07116568283 2706.54518380814 23.0844877035603 66430.125 40.5
2780 54.159608991501 -13382.947948724 -13328.7883397325 2736.62211373744 2648.47119085838 2808.14072657693 2753.25442377702 23.5119347973581 66430.125 40.5
2790 56.0136374875404 -13384.7511753367 -13328.7375378492 2718.92768559365 2637.72255284826 2757.02114204484 2762.03936188783 29.1777788858317 66430.125 40.5
2800 57.6526719335783 -13386.4324137322 -13328.7797417986 2693.19608372673 2653.53801122614 2674.85279913007 2751.19744082398 45.3161068183106 66430.125 40.5
2810 57.6855193558336 -13386.6373124928 -13328.951793137 2671.26472730594 2683.42444832428 2599.90764023454 2730.46209335902 67.280366206837 66430.125 40.5
2820 55.9572188520164 -13385.205502185 -13329.248283333 2673.03774833274 2711.59000819603 2581.66757454651 2725.85566225568 77.42762680497 66430.125 40.5
2830 53.6143455073403 -13383.2353183022 -13329.6209727948 2699.13450954494 2728.81033467978 2626.83422596706 2741.75896798798 54.3469392916945 66430.125 40.5
2840 52.254354404577 -13382.2735979244 -13330.0192435198 2711.84269684766 2722.26239208798 2678.40881826577 2734.85688018924 3.44623393268498 66430.125 40.5
2850 52.8345614307657 -13383.2615177194 -13330.4269562886 2692.99296271724 2688.9481162308 2688.27775856462 2701.75301335632 -33.6766881272402 66430.125 40.5
2860 55.0416945571747 -13385.9119404967 -13330.8702459395 2644.26806947095 2629.4442848818 2650.83394542343 2652.52597810763 -32.5669801167329 66430.125 40.5
2870 57.4609935139224 -13388.8636343038 -13331.4026407899 2591.56691940332 2571.16856027658 2604.57631759366 2598.95588033972 2.32474596903257 66430.125 40.5
2880 58.3955794676043 -13390.4652642052 -13332.0696847376 2556.01930026844 2534.51580692272 2579.68982637087 2553.85226751174 41.5389847747623 66430.125 40.5
2890 56.8980012388473 -13389.7603455806 -13332.8623443418 2555.35084125943 2527.21311872352 2594.47227155815 2544.36713349661 58.3214814901934 66430.125 40.5
2900 53.4876017319328 -13387.1916277773 -13333.7040260453 2581.74536389416 2551.65813364329 2621.49277803746 2572.08518000174 44.4938195419453 66430.125 40.5
2910 49.9608476893426 -13384.4611356404 -13334.5002879511 2620.4403668023 2598.50090866255 2641.55843979327 2621.26175195108 3.10890228212642 66430.125 40.5
2920 48.3409654366024 -13383.5443403668 -13335.2033749302 2617.98268111686 2606.60402337492 2606.83811024691 2640.50590972876 -39.0403492693854 66430.125 40.5
2930 49.4524408421644 -13385.2809207743 -13335.8284799321 2559.01596216474 2558.43033934306 2518.20333443165 2600.41421271951 -50.1834758138667 66430.125 40.5
2940 52.2059801466067 -13388.6332361034 -13336.4272559568 2475.64420208066 2480.1816077901 2420.68509733389 2526.06590111799 -21.7019737116257 66430.125 40.5
2950 54.5061502898668 -13391.5621097094 -13337.0559594196 2423.75509910288 2421.1629465057 2383.34772671103 2466.75462409191 8.85107625827023 66430.125 40.5
2960 54.9560578275296 -13392.6998411528 -13337.7437833252 2401.85513104719 2391.73940095193 2397.68897569924 2416.13701649038 15.8977551369256 66430.125 40.5
2970 53.7002154181871 -13392.1748684178 -13338.4746529996 2387.82557989379 2375.23837763751 2421.06857648132 2367.16978556255 17.1754611824861 66430.125 40.5
2980 51.8253972590443 -13391.030578154 -13339.205180895 2360.26555663185 2345.39029701769 2418.67816530525 2316.72820757262 8.12229879289437 66430.125 40.5
2990 50.2103197657038 -13390.1069613486 -13339.8966415829 2333.45356865081 2309.04900498441 2405.50419955063 2285.80750141738 -19.8980732264 66430.125 40.5
3000 49.0754536889476 -13389.6020975976 -13340.5266439086 2328.71183181179 2299.82300312185 2391.95092751015 2294.36156480338 -48.6258800079868 66430.125 40.5
3010 48.3530026041295 -13389.4374085554 -13341.0844059512 2354.0576918117 2338.08769145184 2379.87133361417 2344.21405036908 -50.1722212869327 66430.125 40.5
3020 48.06741635663 -13389.6339020723 -13341.5664857156 2384.42882924157 2391.32978466351 2362.58210202943 2399.37460103175 -29.6768862363974 66430.125 40.5
3030 48.2945564893591 -13390.2710265419 -13341.9764700525 2379.56592637641 2403.57501968237 2330.31967678293 2404.80308266393 -13.4568872462719 66430.125 40.5
3040 48.8787225957218 -13391.2026442953 -13342.3239216995 2341.28319274226 2369.15145995807 2292.5399908682 2362.15812740051 -17.1850283351925 66430.125 40.5
3050 49.3649021932179 -13391.9849807028 -13342.6200785096 2288.32667576527 2308.84071761892 2253.54803631457 2302.59127336232 -40.5183155590059 66430.125 40.5
3060 49.2992895669045 -13392.1702597873 -13342.8709702204 2251.52071383633 2258.29430259329 2239.79940776043 2256.46843115527 -68.9339683496601 66430.125 40.5
3070 48.6566560875818 -13391.7293844682 -13343.0727283806 2247.15865328318 2248.53868781297 2251.07336437117 2241.86390766539 -81.8313715687747 66430.125 40.5
3080 47.954869717631 -13391.1691962629 -13343.2143265452 2270.26509242952 2271.39441528485 2272.23238919148 2267.16847281223 -78.9159846380009 66430.125 40.5
3090 47.8594511560811 -13391.1461374888 -13343.2866863328 2291.66531169886 2288.51302724726 2280.86552358484 2305.61738426447 -61.7079551453815 66430.125 40.5
3100 48.5073393194832 -13391.79707901 -13343.2897396905 2300.38579399337 2278.96885159547 2288.98045528993 2333.20807509472 -37.0585927954061 66430.125 40.5
3110 49.3227617550465 -13392.5556463296 -13343.2328845746 2306.80551734415 2259.82593594221 2309.59892691087 2350.99168917938 -14.9509918735923 66430.125 40.5
3120 49.6101208851214 -13392.7388269154 -13343.1287060303 2319.11927033988 2252.90677108121 2339.53804633896 2364.91299359948 -3.87755429078309 66430.125 40.5
3130 49.2464889607234 -13392.2298890296 -13342.9834000688 2327.11136207365 2266.72330357677 2348.29726149105 2366.31352115314 -1.93121229251758 66430.125 40.5
3140 48.7288248000037 -13391.5220125526 -13342.7931877526 2320.22823766015 2283.65342342261 2324.31704826965 2352.71424128818 -5.85750547009475 66430.125 40.5
3150 48.5602201329315 -13391.1103011588 -13342.5500810258 2300.25745180384 2279.7614081811 2288.58077380695 2332.43017342345 -7.07530912904981 66430.125 40.5
3160 48.7614871147252 -13391.011162677 -13342.2496755623 2283.76330829167 2267.71355425279 2268.71487770355 2314.86149291866 -6.37342614826008 66430.125 40.5
3170 49.058307600385 -13390.9523915667 -13341.8940839663 2288.7258230234 2274.17819798821 2272.82483713427 2319.17443394772 -3.12990220571912 66430.125 40.5
3180 49.3261559966392 -13390.8151240607 -13341.4889680641 2321.01184095842 2312.20412823424 2300.81850910595 2350.01288553506 6.01073438454216 66430.125 40.5
3190 49.851491735691 -13390.8916509185 -13341.0401591828 2367.36253170987 2370.43152264403 2338.35629725919 2393.29977522639 14.4855604082774 66430.125 40.5
3200 50.8919954621377 -13391.4472410112 -13340.555245549 2388.74435825346 2397.18413935265 2359.71024391858 2409.33869148913 12.2114438242964 66430.125 40.5
3210 52.078749576623 -13392.1289566287 -13340.050207052 2383.36743829225 2376.38057102369 2374.883805607 2398.83793824606 8.9836036799922 66430.125 40.5
3220 52.4826712338243 -13392.0320684147 -13339.5493971808 2380.28371321477 2337.03295174216 2401.77190140616 2402.04628649597 12.6047597427554 66430.125 40.5
3230 51.3968699835087 -13390.4668416483 -13339.0699716648 2401.44731181812 2332.19947236626 2444.95818730103 2427.18427578706 21.7867164692998 66430.125 40.5
3240 49.2373447319452 -13387.8405985543 -13338.6032538224 2450.3158924476 2384.78296181339 2494.13333571149 2472.03137981792 33.070363831854 66430.125 40.5
3250 47.5564895120741 -13385.672824789 -13338.1163352769 2499.07017985606 2467.41317650373 2516.82131158438 2512.97605148006 33.9853976378616 66430.125 40.5
3260 47.9550113038135 -13385.5276054416 -13337.5725941378 2505.44877397084 2516.7708101093 2482.28407667152 2517.29143513169 31.4240675618156 66430.125 40.5
3270 50.6849789107096 -13387.6407958933 -13336.9558169826 2463.01331642289 2496.17232286283 2411.9461551901 2480.92147121575 22.2339264754122 66430.125 40.5
3280 54.1799488325046 -13390.4738629933 -13336.2939141608 2417.48314367101 2442.29149140646 2368.55531296385 2441.60262664271 7.41262684593226 66430.125 40.5
3290 56.2931915057016 -13391.9517502691 -13335.6585587634 2410.78756748303 2417.09589455467 2387.05846795425 2428.20833994015 -5.9282367109137 66430.125 40.5
3300 55.9141673963975 -13391.030562082 -13335.1163946856 2450.61551286751 2447.25341208264 2462.14688586887 2442.44624065103 -12.9377326401724 66430.125 40.5
3310 53.7327347925191 -13388.4110278849 -13334.6782930923 2519.54370878216 2524.12646221518 2557.51511367278 2476.98955045853 -13.2646442694985 66430.125 40.5
3320 51.6240108746879 -13385.9276701318 -13334.3036592571 2572.22201706641 2596.92253392381 2608.83860534637 2510.90491192905 -11.6441274590049 66430.125 40.5
3330 51.0368124821083 -13384.9805484856 -13333.9437360035 2570.6407976396 2603.74361798341 2581.03690274904 2527.14187218636 -5.09781387365695 66430.125 40.5
3340 51.9392643731542 -13385.5142228126 -13333.5749584394 2536.07438560062 2554.64257870477 2515.74382529819 2537.8367527989 -3.73015652037876 66430.125 40.5
3350 53.1568565538193 -13386.3625694153 -13333.2057128615 2521.13883365017 2510.00712217818 2486.2965471732 2567.11283159914 -7.18787854857609 66430.125 40.5
3360 53.7532698567042 -13386.6136474967 -13332.86037764 2553.65163393292 2519.90717221642 2530.03373484738 2611.01399473496 -6.42770896524673 66430.125 40.5
3370 53.9239837017535 -13386.4803322578 -13332.5563485561 2610.43936839324 2568.76116046536 2609.03542221044 2653.52152250392 2.79593082332538 66430.125 40.5
3380 54.3266900171214 -13386.6262807662 -13332.2995907491 2631.46289196831 2603.40496245929 2642.02915482481 2648.95455862082 11.9769097695554 66430.125 40.5
3390 54.9919406345584 -13387.0893400403 -13332.0973994058 2612.81033953174 2617.18813194792 2615.60242065814 2605.64046598916 5.56814095182648 66430.125 40.5
3400 55.3322366791134 -13387.2952368057 -13331.9630001266 2590.32770559002 2629.0435025159 2578.40186657348 2563.53774768067 -15.1435602925005 66430.125 40.5
3410 55.0327077959315 -13386.9374271779 -13331.9047193819 2584.91665268847 2629.34378633873 2564.14073603381 2561.26543569288 -32.3121540304955 66430.125 40.5
3420 54.3935718539506 -13386.3104181298 -13331.9168462758 2608.40283601195 2631.06115848976 2579.42998051544 2614.71736903064 -46.7319214293975 66430.125 40.5
3430 54.0612554636505 -13386.0475107939 -13331.9862553303 2638.88347277568 2626.10306408389 2609.79328537221 2680.75406887095 -49.6255373127429 66430.125 40.5
3440 54.3819513264677 -13386.489316807 -13332.1073654806 2639.75353343155 2596.58511024652 2616.74509824645 2705.93039180168 -39.024794071046 66430.125 40.5
3450 54.7332216561982 -13387.0197334975 -13332.2865118413 2611.88845922533 2547.89422704861 2593.55256949872 2694.21858112867 -21.0231395909553 66430.125 40.5
3460 54.1811378170948 -13386.70807931 -13332.5269414929 2599.03664915097 2535.06789747006 2575.10015471055 2686.94189527231 -12.4722589535795 66430.125 40.5
3470 52.7537948844544 -13385.564918052 -13332.8111231675 2620.79061497151 2574.89015548554 2592.01939360392 2695.46229582507 -6.2792596461537 66430.125 40.5
3480 51.6166474090878 -13384.7253034461 -13333.108656037 2640.88659847736 2628.31247569039 2616.09098841608 2678.25633132561 -13.0691625561864 66430.125 40.5
3490 51.9094894875288 -13385.3137449149 -13333.4042554274 2621.55910934107 2636.71362464046 2608.31973427498 2619.64396910778 -34.3526898893295 66430.125 40.5
3500 53.3689584723544 -13387.0805060629 -13333.7115475906 2566.28228374077 2589.03246848156 2558.89347080054 2550.92091194021 -54.650575700645 66430.125 40.5
3510 54.5456207527114 -13388.6055805096 -13334.0599597569 2507.18120103203 2522.14000149757 2490.06035690324 2509.34324469527 -55.1152643094663 66430.125 40.5
3520 54.4492151338748 -13388.9157490358 -13334.466533902 2488.9034809779 2489.76865717803 2448.08137548254 2528.86041027312 -33.5097027203073 66430.125 40.5
3530 53.4889201237365 -13388.4093894006 -13334.9204692769 2494.92196227339 2487.68919120678 2439.68196419463 2557.39473141874 -6.21428344557116 66430.125 40.5
3540 52.7731045514429 -13388.17286713 -13335.3997625785 2485.06400709561 2485.88461108438 2433.84402664112 2535.46338356134 4.04156937070803 66430.125 40.5
3550 52.7616246619683 -13388.6561137283 -13335.8944890664 2455.07943250416 2472.75357996972 2416.05921863217 2476.4254989106 4.96580889380767 66430.125 40.5
3560 52.8063401251659 -13389.2125189178 -13336.4061787927 2428.03801498032 2458.27067261093 2398.94600849693 2426.8973638331 8.6973377852148 66430.125 40.5
3570 51.9923466032258 -13388.920781824 -13336.9284352208 2432.91125908673 2456.41589359529 2411.75669301906 2430.56119064584 11.3702818091559 66430.125 40.5
3580 50.2549425432686 -13387.6892917613 -13337.434349218 2460.30101811445 2472.14173955563 2442.29870824553 2466.4626065422 9.56302982766803 66430.125 40.5
3590 48.586679532712 -13386.4755146852 -13337.8888351525 2485.92394158739 2505.81802961304 2462.21472383639 2489.73907131273 6.46498026989826 66430.125 40.5
3600 48.2265149140189 -13386.5000697636 -13338.2735548496 2486.96003726393 2530.69517255441 2461.40866370902 2468.77627552835 5.92265673470917 66430.125 40.5
3610 49.5005342689847 -13388.0981617615 -13338.5976274925 2459.86401148195 2520.83629496563 2453.67322381135 2405.08251566888 4.26188012069588 66430.125 40.5
3620 51.4037318686495 -13390.2938452741 -13338.8901134054 2417.86367169815 2470.3169848058 2444.3938979181 2338.88013237056 2.21183474516851 66430.125 40.5
3630 52.5053537327412 -13391.6882961098 -13339.1829423771 2390.37471305365 2411.56033698113 2441.58773640089 2317.97606577892 -3.39116708974203 66430.125 40.5
3640 52.2284312533616 -13391.7185171145 -13339.4900858612 2387.53017892103 2374.52457781142 2437.52390077663 2350.54205817506 -15.1007478680532 66430.125 40.5
3650 51.1842063977751 -13390.9848371389 -13339.8006307411 2392.88990410333 2362.59105083366 2411.6126175014 2404.46604397492 -12.9751410135758 66430.125 40.5
3660 50.4034063989542 -13390.498255782 -13340.094849383 2381.60123014203 2359.41675663901 2349.97195672562 2435.41497706145 6.08734394897038 66430.125 40.5
3670 50.3274727141737 -13390.6896027633 -13340.3621300491 2364.21131650482 2362.48604462057 2296.59934156349 2433.54856333041 26.8457826645413 66430.125 40.5
3680 50.6026175340923 -13391.2060992916 -13340.6034817575 2355.29098839436 2368.04426859995 2286.60766554632 2411.2210310368 33.6408553290606 66430.125 40.5
3690 50.6288825092031 -13391.4520898293 -13340.8232073201 2363.8760941549 2375.92738329009 2325.93437242988 2389.76652674474 18.8828446186155 66430.125 40.5
3700 50.1183691895473 -13391.1378846608 -13341.0195154712 2380.14017680058 2387.17577646771 2386.42736869515 2366.8173852389 -4.82234980500646 66430.125 40.5
3710 49.3152503186146 -13390.4971425182 -13341.1818921996 2390.92382033449 2399.8162523658 2430.21638375141 2342.73882488625 -27.1146580985593 66430.125 40.5
3720 48.7731939071687 -13390.0705801263 -13341.2973862192 2380.20882293863 2394.6738382884 2430.53364697498 2315.41898355252 -29.6452336512338 66430.125 40.5
3730 48.796946210742 -13390.1552838317 -13341.3583376209 2355.31492798831 2374.8731185205 2397.33901044121 2293.73265500323 -16.8422478338361 66430.125 40.5
3740 49.2986551863793 -13390.6642639881 -13341.3656088017 2335.48272309814 2354.94371458473 2355.61049472663 2295.89395998305 -4.50613433872484 66430.125 40.5
3750 49.9646118132221 -13391.2919669464 -13341.3273551332 2324.04150170745 2340.6938295072 2320.79268990516 2310.63798571 2.94585880247027 66430.125 40.5
3760 50.398050653855 -13391.6525995971 -13341.2545489433 2324.51165059548 2342.62249750467 2301.38062495276 2329.53182932902 10.396430171042 66430.125 40.5
3770 50.4497875452711 -13391.6050375074 -13341.1552499622 2343.52588401388 2365.09091099324 2312.86144064573 2352.62530040268 19.0022742451896 66430.125 40.5
3780 50.3483425419029 -13391.3799274684 -13341.0315849265 2362.21615770875 2379.81610969076 2340.3586120582 2366.4737513773 27.3819751914565 66430.125 40.5
3790 50.3584258484863 -13391.240883005 -13340.8824571565 2364.94334666453 2378.56661113753 2358.34614609608 2357.91728275999 20.2153881587116 66430.125 40.5
3800 50.3587091755622 -13391.0663216331 -13340.7076124575 2361.23639361615 2370.81365650196 2364.72533073809 2348.17019360839 -8.50706869037096 66430.125 40.5
3810 49.960397716114 -13390.4672873223 -13340.5068896062 2377.77821657256 2374.92575796607 2389.82943076977 2368.57946098184 -42.3111209174672 66430.125 40.5
3820 49.1177802186158 -13389.3925527838 -13340.2747725652 2410.799884454 2405.82844676655 2417.87039350163 2408.70081309383 -58.7367823591389 66430.125 40.5
3830 48.5002221645834 -13388.4991695867 -13339.9989474221 2446.81755959678 2449.6512870531 2434.11309701548 2456.68829472176 -44.9690405688843 66430.125 40.5
3840 48.8910730218609 -13388.5587008643 -13339.6676278425 2455.45238768538 2457.40401584929 2428.71693334029 2480.23621386656 -20.8508052182941 66430.125 40.5
3850 50.2786043478388 -13389.559662407 -13339.2810580592 2427.42044679094 2408.80373942955 2412.17219977803 2461.28540116525 -15.3495867555711 66430.125 40.5
3860 51.8302531866831 -13390.6887482738 -13338.8584950871 2381.15366995909 2338.3525466031 2390.77600665007 2414.33245662409 -26.2290439272206 66430.125 40.5
3870 52.6109820276663 -13391.0417933104 -13338.4308112828 2354.09495751947 2302.40344722892 2381.40362853902 2378.47779679047 -34.5954898200614 66430.125 40.5
3880 52.4506871150075 -13390.4715891747 -13338.0209020597 2375.63127201838 2329.24846519275 2411.57797195464 2386.06737890775 -32.1700708388807 66430.125 40.5
3890 52.0647226594343 -13389.6965587144 -13337.631836055 2422.15233583684 2388.50375004832 2458.0789612937 2419.87429616849 -17.0449216718751 66430.125 40.5
3900 52.1399962107165 -13389.3958485752 -13337.2558523645 2452.89814390084 2421.85823106215 2493.97727609495 2442.85892454542 4.70188639519293 66430.125 40.5
3910 52.5290556547233 -13389.4196015139 -13336.8905458591 2466.57254886666 2424.68275271294 2511.79389476282 2463.24099912423 24.4744935492218 66430.125 40.5
3920 52.3877446116088 -13388.9297093274 -13336.5419647158 2480.28502601977 2410.51308369447 2524.77099516239 2505.57099920244 27.5995116213888 66430.125 40.5
3930 51.2090307200572 -13387.4199785061 -13336.210947786 2517.1490626415 2416.87673221652 2555.2341862292 2579.33626947876 28.7156360651597 66430.125 40.5
3940 49.727356614132 -13385.6077664047 -13335.8804097906 2553.99278256728 2453.50018659525 2578.46396810191 2630.01419300469 37.2282576669158 66430.125 40.5
3950 49.4477817547455 -13384.9711749002 -13335.5233931455 2556.54517914804 2496.61503324425 2562.64610849073 2610.37439570914 47.9454244659839 66430.125 40.5
3960 51.1023212487266 -13386.2274653816 -13335.1251441329 2522.61647594759 2508.23934587907 2520.59240034864 2539.01768161506 48.0221636819129 66430.125 40.5
3970 53.7250166269779 -13388.4280867976 -13334.7030701706 2492.29956280185 2500.06133123858 2499.87422704013 2476.96313012683 34.5791535813498 66430.125 40.5
3980 55.4630942493493 -13389.7697511128 -13334.3066568635 2500.22952909909 2506.56296153065 2518.50367510434 2475.62195066226 22.3869914023625 66430.125 40.5
3990 55.3407792165556 -13389.3235697153 -13333.9827904988 2546.07926625491 2537.90389163353 2564.78310345817 2535.55080367302 26.94951061515 66430.125 40.5
4000 54.0262866732642 -13387.7654945421 -13333.7392078689 2592.23329010051 2568.84877132128 2614.84930343642 2593.00179554383 30.8914966272679 66430.125 40.5
4010 52.9862434373057 -13386.5373428098 -13333.5510993725 2605.497268421 2569.28721237208 2645.83011868836 2601.37447420254 22.7938991225094 66430.125 40.5
4020 53.0153186800781 -13386.4097356852 -13333.3944170052 2585.16994356603 2548.44362577886 2641.72980018254 2565.33640473668 -2.79082413819088 66430.125 40.5
4030 53.5932208146141 -13386.8585848349 -13333.2653640203 2557.79633998363 2540.07559761946 2603.24800092382 2530.06542140762 -41.480359490204 66430.125 40.5
4040 53.6930938509505 -13386.8664694527 -13333.1733756018 2567.43382527763 2574.40283843685 2579.50747499808 2548.39116239797 -92.6976037615923 66430.125 40.5
4050 53.0683672210182 -13386.1896118607 -13333.1212446397 2604.22555199471 2628.08664134229 2584.64095643683 2599.949058205 -127.247986868497 66430.125 40.5
4060 52.3952790928038 -13385.4931457743 -13333.0978666815 2622.87743337587 2649.15262458217 2596.7733477858 2622.70632775964 -126.432208462664 66430.125 40.5
4070 52.333430850417 -13385.4239000826 -13333.0904692322 2602.93171236934 2631.42248440483 2592.3803335349 2584.99231916829 -97.8072667240511 66430.125 40.5
4080 52.9195388108019 -13386.0170045772 -13333.0974657664 2571.79617606494 2603.47472257042 2573.13513971018 2538.77866591423 -64.7714955066723 66430.125 40.5
4090 53.8039726494924 -13386.9344894212 -13333.1305167717 2541.42553076276 2553.13184720102 2558.10729368286 2513.0374514044 -52.0552773492206 66430.125 40.5
4100 54.5938837491268 -13387.8019821147 -13333.2080983656 2521.07295958661 2492.32182736219 2557.19951140579 2513.69753999186 -53.672672945362 66430.125 40.5
4110 55.1168594921733 -13388.4645552521 -13333.3476957599 2512.24243958181 2452.99275980139 2558.18857386012 2525.54598508391 -53.3555328765433 66430.125 40.5
4120 55.2878015745129 -13388.848578106 -13333.5607765315 2515.61226792648 2449.62337186878 2555.55148227806 2541.6619496326 -46.3104444700757 66430.125 40.5
4130 54.8404851971034 -13388.6888319983 -13333.8483468012 2529.09469655958 2472.86691484367 2554.8065901408 2559.61058469427 -29.6824777532271 66430.125 40.5
4140 53.5882704622525 -13387.782565439 -13334.1942949768 2563.35412922472 2530.41404135407 2568.93750107306 2590.71084524703 -13.911847386966 66430.125 40.5
4150 51.9249150182306 -13386.490979511 -13334.5660644928 2598.88466506082 2597.19950902843 2576.43439319052 2623.02009296351 -10.5822904897422 66430.125 40.5
4160 50.7154593355122 -13385.6457732425 -13334.930313907 2606.2768056624 2622.95502814694 2554.66487601652 2641.21051282373 -13.5940410266855 66430.125 40.5
4170 50.5725651797269 -13385.8430397102 -13335.2704745305 2572.178191098 2586.54850631834 2505.99736216825 2623.98870480742 -18.8856396477854 66430.125 40.5
4180 51.3852812008285 -13386.9763746616 -13335.5910934608 2525.59310944395 2529.30153560364 2466.94870402274 2580.52908870547 -25.1154986944494 66430.125 40.5
4190 52.5407183556771 -13388.4518161707 -13335.911097815 2486.59044181942 2472.13537798735 2453.63871732285 2533.99723014807 -12.2269985336401 66430.125 40.5
4200 53.4012349622717 -13389.6537788451 -13336.2525438828 2454.82663000668 2423.85290649751 2452.038941378 2488.58804214453 19.1141013285503 66430.125 40.5
4210 53.6614876896469 -13390.2910565175 -13336.6295688279 2449.21097024882 2399.10416524422 2477.45390815688 2471.07483734537 44.0618724847021 66430.125 40.5
4220 53.4155876332981 -13390.4590402962 -13337.0434526629 2466.97278234957 2392.47334006462 2525.01722173666 2483.42778524745 50.1082068529215 66430.125 40.5
4230 52.861524440916 -13390.3470373524 -13337.4855129115 2474.6579159638 2380.89143356326 2549.40722159262 2493.67509273553 32.1111387333143 66430.125 40.5
4240 51.9875945167421 -13389.9280988268 -13337.9405043101 2463.9033953783 2372.57579256066 2534.54676828414 2484.58762529011 -7.4990411488607 66430.125 40.5
4250 50.7466234096252 -13389.1331747609 -13338.3865513513 2448.17487396609 2379.50285178747 2492.57117459382 2472.450595517 -46.3374478750329 66430.125 40.5
4260 49.4645672601711 -13388.2629236895 -13338.7983564293 2442.87179975658 2403.05488697509 2458.1624606116 2467.39805168306 -73.8819831129374 66430.125 40.5
4270 48.7732384930831 -13387.9304035334 -13339.1571650403 2443.07332208404 2434.01809801458 2435.81322931406 2459.38863892348 -82.7506715500011 66430.125 40.5
4280 49.0308506772137 -13388.4899728021 -13339.4591221249 2426.29738379514 2443.0294364898 2407.89148852943 2427.97122636618 -68.8740770421258 66430.125 40.5
4290 49.8364923251931 -13389.5503062333 -13339.7138139081 2396.90606542371 2424.10552267969 2386.67912127179 2379.93355231965 -46.7655307437827 66430.125 40.5
4300 50.4318016418794 -13390.3666266524 -13339.9348250105 2388.31835070884 2410.22951244892 2393.93545062541 2360.79008905218 -40.30142826224 66430.125 40.5
4310 50.6681614469271 -13390.7996192839 -13340.1314578369 2386.56278975535 2397.68900821406 2402.99660845394 2359.00275259804 -55.1070755752756 66430.125 40.5
4320 50.9682766682535 -13391.2772380587 -13340.3089613905 2373.87416908335 2378.67473208078 2400.78673559074 2342.16103957854 -67.2922605597383 66430.125 40.5
4330 51.4690450680256 -13391.9433043971 -13340.474259329 2360.6547531643 2363.46454959048 2395.7380167494 2322.76169315302 -63.602337948089 66430.125 40.5
4340 51.6635233169738 -13392.2994241047 -13340.6359007877 2354.51956547332 2356.06131443862 2391.35465111302 2316.14273086833 -41.3349126292722 66430.125 40.5
4350 50.9162171831856 -13391.7101893831 -13340.7939721999 2357.4550291677 2369.65686191256 2387.03626876371 2315.67195682681 -13.7115057152983 66430.125 40.5
4360 49.3037901208383 -13390.2349336226 -13340.9311435017 2372.68483317017 2397.30632858281 2395.85619495467 2324.89197597303 -1.32318076794933 66430.125 40.5
4370 47.7507458282054 -13388.7696573554 -13341.0189115272 2384.02627843573 2410.75658524645 2402.0101185113 2339.31213154944 -16.7828536046909 66430.125 40.5
4380 47.324472423771 -13388.3591388315 -13341.0346664077 2377.08871598833 2392.44315104982 2388.97927958534 2349.84371732984 -46.8268037230428 66430.125 40.5
4390 48.3276779622794 -13389.3002550402 -13340.9725770779 2362.13607543896 2363.07516586065 2362.27039212094 2361.06266833531 -76.8155483224273 66430.125 40.5
4400 50.1181546684563 -13390.9641972096 -13340.8460425412 2348.95600484552 2334.48875324474 2343.32580611207 2369.05345517975 -82.1781308815002 66430.125 40.5
4410 51.6574744635716 -13392.3410232082 -13340.6835487446 2338.71697746988 2315.83710006712 2332.12346869878 2368.19036364374 -55.1262947500229 66430.125 40.5
4420 52.2003880553317 -13392.7154042188 -13340.5150161634 2343.4481454222 2319.32322704499 2339.99750437165 2371.02370484996 -15.0070715902458 66430.125 40.5
4430 51.6469818501482 -13392.0017153917 -13340.3547335416 2353.34199192673 2329.24983666898 2349.7895053578 2380.98663375342 13.2276858266582 66430.125 40.5
4440 50.4401536326507 -13390.6355969828 -13340.1954433502 2360.49129107119 2343.1774155856 2344.68793330384 2393.60852432412 6.64853055150843 66430.125 40.5
4450 49.1957998149111 -13389.2120425212 -13340.0162427063 2379.33953546802 2362.8261946149 2355.10533768273 2420.08707410644 -22.2118483957739 66430.125 40.5
4460 48.4840160682977 -13388.2789573991 -13339.7949413308 2398.63357493105 2376.48223313706 2380.53504861071 2438.88344304537 -42.2186488590458 66430.125 40.5
4470 48.664641215327 -13388.1817523194 -13339.5171111041 2409.67234706224 2388.26342315624 2408.00703979781 2432.74657823268 -51.401688068034 66430.125 40.5
4480 49.758844356011 -13388.9401451885 -13339.1813008325 2413.44316486962 2397.85017552295 2428.16825964325 2414.31105944265 -56.8561495567499 66430.125 40.5
4490 51.3686017846308 -13390.1704964209 -13338.8018946362 2405.19284483869 2388.3224080925 2432.82667664463 2394.42944977895 -55.7528668221151 66430.125 40.5
4500 52.705553064823 -13391.1126449569 -13338.4070918921 2401.72099299393 2369.01408617266 2433.06654118918 2403.08235161995 -51.3263770234904 66430.125 40.5
4510 53.0966746108572 -13391.123855661 -13338.0271810501 2406.92124789909 2352.28308928762 2434.12519147707 2434.35546293259 -44.5427935248806 66430.125 40.5
4520 52.5017713858562 -13390.1789725166 -13337.6772011308 2428.6834755682 2353.29331382145 2452.75519576659 2480.00191711657 -42.4019450575527 66430.125 40.5
4530 51.4494081238961 -13388.7998629128 -13337.3504547889 2449.8765388761 2379.67739578868 2467.42127957776 2502.53094126188 -41.936127710313 66430.125 40.5
4540 50.5229534399225 -13387.5504965406 -13337.0275431006 2463.72181468253 2423.68863762092 2475.51159398235 2491.96521244431 -30.1477093225886 66430.125 40.5
4550 50.0489981099358 -13386.7381943069 -13336.689196197 2486.83175494154 2487.98017367077 2486.87490595776 2485.64018519609 -11.8246608314427 66430.125 40.5
4560 50.2012063737198 -13386.5247050157 -13336.323498642 2511.45133964768 2542.40454262519 2503.44626837359 2488.50320794424 -4.46752120301236 66430.125 40.5
4570 51.1779496505584 -13387.1070922203 -13335.9291425698 2520.60160425681 2567.50648888934 2516.41387607821 2477.88444780289 -18.1928123909018 66430.125 40.5
4580 52.8986372907496 -13388.4177028495 -13335.5190655588 2514.84609600724 2562.14242123914 2527.89426980622 2454.50159697637 -35.6608839019805 66430.125 40.5
4590 54.680738040763 -13389.8042734331 -13335.1235353923 2515.70122175856 2560.36255251285 2540.89044241228 2445.85067035056 -35.0248854274378 66430.125 40.5
4600 55.6216490858624 -13390.4037817439 -13334.782132658 2528.63900020344 2576.46517602094 2543.77308586231 2465.67873872709 -23.8830780481527 66430.125 40.5
4610 55.1884525250887 -13389.7100714422 -13334.5216189171 2555.72133606249 2615.90615181958 2541.38061235147 2509.87724401642 -21.2501390525054 66430.125 40.5
4620 53.6067968468156 -13387.9443854612 -13334.3375886144 2598.06768056495 2658.85994903871 2561.65312758975 2573.68996506639 -37.0990721886448 66430.125 40.5
4630 51.8416637884945 -13386.0400738391 -13334.1984100506 2621.27391986552 2658.49554121265 2587.01088037238 2618.31533801153 -60.9249331889799 66430.125 40.5
4640 50.9475365940868 -13385.0155118803 -13334.0679752862 2606.88491778561 2602.13107830194 2607.93362707038 2610.59004798452 -73.1578809353012 66430.125 40.5
4650 51.3168350419498 -13385.2430495974 -13333.9262145555 2562.99422865675 2527.49139395933 2604.99485048863 2556.49644152229 -67.5052215745051 66430.125 40.5
4660 52.5344862318062 -13386.3109175851 -13333.7764313533 2519.73488377213 2493.57082829358 2565.94100945976 2499.69281356305 -42.8519396954074 66430.125 40.5
4670 53.7351395396372 -13387.37536767 -13333.6402281304 2508.98856038789 2518.82643471114 2522.36851331809 2485.77073313442 -16.8085840868027 66430.125 40.5
4680 54.3033579804329 -13387.8461492715 -13333.5427912911 2539.59613649914 2575.66002732074 2505.09427983242 2538.03410234427 -0.317941649511056 66430.125 40.5
4690 54.3319067441801 -13387.8306148499 -13333.4987081057 2574.85449742207 2598.59486342163 2508.60029232696 2617.36833651763 1.75685789691958 66430.125 40.5
4700 54.1118940234564 -13387.6218373332 -13333.5099433097 2595.87903691891 2570.23941493046 2542.30369370234 2675.09400212394 -6.89430024282291 66430.125 40.5
4710 53.6393115822045 -13387.21057148 -13333.5712598978 2604.26266433015 2529.6026291473 2597.24849393336 2685.93686990978 -20.0792967004537 66430.125 40.5
4720 52.8325924007783 -13386.5036624714 -13333.6710700706 2599.95890423493 2521.34967902201 2630.45800290386 2648.06903077891 -34.1069819863226 66430.125 40.5
4730 52.0708434498192 -13385.8629772626 -13333.7921338128 2589.44673397414 2553.78038715391 2627.91031017223 2586.64950459628 -34.6589219637862 66430.125 40.5
4740 52.1830166153311 -13386.1046636995 -13333.9216470842 2576.51386036673 2602.96025626327 2602.97901116132 2523.60231367561 -26.96783569992 66430.125 40.5
4750 53.5300483171918 -13387.5962750873 -13334.0662267701 2546.66105628478 2597.59638010941 2571.08047358665 2471.30631515828 -18.9738029036836 66430.125 40.5
4760 55.1623636134186 -13389.4171276102 -13334.2547639967 2510.99619382218 2534.63295169106 2537.9360059256 2460.41962384987 -8.25998095726322 66430.125 40.5
4770 55.6253372385583 -13390.1437999276 -13334.518462689 2501.00048191777 2463.4539594491 2525.16480676378 2514.38267954041 1.57039986382275 66430.125 40.5
4780 54.4160755628596 -13389.2749682018 -13334.858892639 2521.65154360949 2418.65139780513 2542.61027428427 2603.69295873908 9.20544040493304 66430.125 40.5
4790 52.3566675683447 -13387.5974289685 -13335.2407614001 2543.7415497769 2420.13129034994 2547.57543244394 2663.51792653681 13.2157041178619 66430.125 40.5
4800 50.8297389076317 -13386.4505193572 -13335.6207804495 2548.26441391897 2461.16232461644 2527.35007840398 2656.28083873648 12.1762289162247 66430.125 40.5
4810 50.7140882778807 -13386.6921080874 -13335.9780198095 2523.37775624065 2495.19205503512 2491.83347207165 2583.10774161519 4.39674908117398 66430.125 40.5
4820 51.7855794803597 -13388.1055241077 -13336.3199446273 2476.55257586626 2492.71393360056 2452.22503070545 2484.71876329277 -13.2703503917978 66430.125 40.5
4830 53.0015590296231 -13389.6717568767 -13336.6701978471 2442.52071886509 2479.66990111891 2424.65487144634 2423.23738403002 -41.1030506367025 66430.125 40.5
4840 53.353636957877 -13390.4023328605 -13337.0486959026 2429.73921872511 2464.72466260121 2410.59114395164 2413.90184962248 -60.1566869505847 66430.125 40.5
4850 52.5513702152973 -13390.0053274165 -13337.4539572012 2433.09523442469 2446.87785070988 2417.40345458958 2435.00439797462 -65.5116625005935 66430.125 40.5
4860 51.1439177916582 -13389.0067678139 -13337.8628500223 2439.95004094272 2422.39276261135 2443.10655209655 2454.35080812026 -58.0965667776143 66430.125 40.5
4870 49.9456469326979 -13388.1931996676 -13338.2475527349 2445.83474063808 2396.50664386815 2466.02244251541 2474.9751355307 -42.1851656867051 66430.125 40.5
4880 49.3790388317777 -13387.9696940393 -13338.5906552075 2443.30208189512 2381.49115138659 2469.14010405967 2479.27499023911 -30.1916665186286 66430.125 40.5
4890 49.2788787693923 -13388.1653530968 -13338.8864743275 2439.99266180895 2384.1985163238 2460.32989374216 2475.4495753609 -35.349891161127 66430.125 40.5
4900 49.3103967270812 -13388.4453738056 -13339.1349770786 2437.62355106812 2405.78596899567 2442.22235870805 2464.86232550064 -47.4741795409899 66430.125 40.5
4910 49.4294627414534 -13388.7671362499 -13339.3376735085 2432.20404617585 2435.48310455184 2409.42845548451 2451.70057849122 -56.9930565345209 66430.125 40.5
4920 49.832998116963 -13389.3310923839 -13339.4980942669 2417.88184689186 2454.52137635291 2362.4597661318 2436.66439819086 -53.1098734045751 66430.125 40.5
4930 50.6974512787866 -13390.3227352898 -13339.625284011 2400.3298456934 2449.59771755658 2323.86164231399 2427.53017720963 -36.2095749851582 66430.125 40.5
4940 51.8712716045439 -13391.6075163461 -13339.7362447416 2379.05698677229 2405.85898304076 2312.43128741851 2418.8806898576 -15.3908889799812 66430.125 40.5
4950 52.7719060175297 -13392.6247605787 -13339.8528545611 2356.53198419027 2342.51484767313 2320.09061443984 2406.99049045786 -1.49631707366362 66430.125 40.5
4960 52.7098455080804 -13392.7004392047 -13339.9905936966 2351.92476991766 2310.05191953541 2349.47240747753 2396.24998274005 7.51593733585758 66430.125 40.5
4970 51.4412377089662 -13391.5855619947 -13340.1443242857 2377.28699938355 2327.87702907921 2406.96749031949 2397.01647875194 7.82403973728014 66430.125 40.5
4980 49.5727383384688 -13389.8596966114 -13340.286958273 2414.43881884691 2382.10217688043 2450.45872780901 2410.75555185129 -6.87282853749157 66430.125 40.5
4990 48.1509703675062 -13388.5366492683 -13340.3856789008 2433.23460290876 2429.03567830243 2447.30300485064 2423.36512557322 -19.2642690784502 66430.125 40.5
5000 47.8989980188351 -13388.3181418204 -13340.4191438015 2425.98618591354 2437.23600172584 2416.35066269148 2424.37189332329 -17.9638267854368 66430.125 40.5
