# Fix print output for fix setl_out
241000 464.074780254513 -12990.6455201651 -12526.5707399106 32831.9140645506 32237.1777081928 33083.0606395212 33175.5038459379 -988.390904128236 66430.125 40.5
241010 461.949000049569 -12988.5019579279 -12526.5529578783 33081.4961265852 32796.6574505088 32917.563858601 33530.2670706458 -679.842994447507 66430.125 40.5
241020 459.526049465684 -12985.9940603538 -12526.4680108881 33205.3807016072 33120.6517588441 32844.2786653846 33651.2116805929 -244.877121067396 66430.125 40.5
241030 457.907745351151 -12984.1807963679 -12526.2730510168 33291.948061621 33180.0401837606 33056.4777330651 33639.3262680373 -85.4067601734109 66430.125 40.5
241040 454.977354455858 -12980.9008783683 -12525.9235239124 33361.6318638446 33194.6251771387 33307.9438994856 33582.3265149094 -174.275679835133 66430.125 40.5
241050 450.359960881053 -12975.7125899778 -12525.3526290967 33608.64474844 33430.076590916 33581.3646718389 33814.4929825651 -331.105148093671 66430.125 40.5
241060 448.606799250167 -12973.0794146327 -12524.4726153825 33770.4258221151 33662.5486113364 33561.5303836415 34087.1984713673 -303.028635757986 66430.125 40.5
241070 451.973029900017 -12975.2071824838 -12523.2341525838 33695.8885050879 33818.8508904177 33333.6975304639 33935.1170943822 -91.7537708834936 66430.125 40.5
241080 456.669731747032 -12978.3433437683 -12521.6736120213 33611.8781236222 33868.3121329562 33310.7872766383 33656.534961272 71.5934468234072 66430.125 40.5
241090 461.76604875798 -12981.6734448904 -12519.9073961325 33474.2399681183 33583.1007063908 33397.5027108389 33442.1164871254 -62.1099633029526 66430.125 40.5
241100 468.411004620007 -12986.5068391568 -12518.0958345368 33177.0237270031 32927.3940329858 33410.6315632006 33193.0455848229 -394.46008824022 66430.125 40.5
241110 473.351928501785 -12989.7793241637 -12516.4273956619 32984.3885127245 32556.2989371535 33418.715000948 32978.151600072 -721.139601923958 66430.125 40.5
241120 473.603651098554 -12988.6521458876 -12515.0484947891 33141.4022434133 32812.90574458 33511.7645487082 33099.5364369518 -761.167589682676 66430.125 40.5
241130 470.193337645211 -12984.1745478554 -12513.9812102102 33384.8299861532 33273.5190188474 33542.3520581336 33338.6188814785 -540.887374070481 66430.125 40.5
241140 467.049676385528 -12980.2004003103 -12513.1507239248 33572.2668643341 33706.182214504 33519.8444129132 33490.773965585 -358.887839734152 66430.125 40.5
241150 467.105969044834 -12979.5863708775 -12512.4804018327 33620.4998911272 33972.7810721207 33463.5641592745 33425.1544419863 -347.051965987925 66430.125 40.5
241160 468.271321273603 -12980.2124835487 -12511.9411622751 33637.3824995502 34042.3356270438 33433.8912005243 33435.9206710826 -432.046925307099 66430.125 40.5
241170 468.627007023965 -12980.1618962661 -12511.5348892422 33761.5244878142 33949.1519767187 33605.7443811283 33729.6771055956 -378.209115374308 66430.125 40.5
241180 467.566007724747 -12978.8142024527 -12511.2481947279 33932.1942579756 33844.6560282438 33889.1479843554 34062.7787613275 -155.463713295043 66430.125 40.5
241190 465.901939695935 -12976.9451263769 -12511.0431866809 33943.0664447295 33680.6230860078 33985.108162888 34163.4680852927 138.508489587376 66430.125 40.5
241200 466.062258452317 -12976.9448268777 -12510.8825684254 33804.307814397 33426.6704329193 33846.6338334024 34139.6191768693 301.453218418986 66430.125 40.5
241210 468.288710464178 -12979.0525831019 -12510.7638726378 33594.9481476284 33259.470258404 33717.5360584793 33807.838126002 332.975000685711 66430.125 40.5
241220 468.873832707604 -12979.5869124886 -12510.713079781 33548.6820627045 33393.9087032094 33821.9471735774 33430.1903113267 278.215250732172 66430.125 40.5
241230 466.727199621584 -12977.4550878138 -12510.7278881922 33662.1590705578 33673.7283473526 33984.9536717119 33327.7951926087 109.348945677482 66430.125 40.5
241240 466.067965234065 -12976.8433877951 -12510.7754225611 33812.2986063147 33880.8145094873 34090.801678536 33465.2796309207 -83.5823443490087 66430.125 40.5
241250 467.867273481479 -12978.7093979108 -12510.8421244293 33751.4458062302 33704.576854769 33980.6599721131 33569.1005918084 -145.702707441965 66430.125 40.5
241260 469.678806218897 -12980.6326382314 -12510.9538320125 33717.0362351883 33675.1375144819 33782.8077145393 33693.1634765436 -29.5628160898712 66430.125 40.5
241270 470.540806989069 -12981.6854212497 -12511.1446142606 33759.8850942712 33960.76311694 33482.7719688968 33836.1201969767 -21.5990594314269 66430.125 40.5
241280 469.769808675014 -12981.1973071835 -12511.4274985085 33836.8918283586 34151.6432307543 33302.2753073894 34056.7569469321 -250.575739519239 66430.125 40.5
241290 465.880424133962 -12977.6595718402 -12511.7791477062 33992.3274221066 34211.2624871322 33576.3830677859 34189.3367114016 -648.903128068452 66430.125 40.5
241300 459.258734567616 -12971.3761133015 -12512.1173787339 34228.2684178357 34307.0543259986 34239.498636332 34138.2522911766 -932.874137802344 66430.125 40.5
241310 454.530208686417 -12966.8576657113 -12512.3274570249 34349.6243423106 34446.3061996135 34692.7089305286 33909.8578967899 -854.534864269329 66430.125 40.5
241320 456.656519877198 -12968.9947372169 -12512.3382173397 34225.7410379437 34393.2640980743 34699.0402361157 33584.9187796412 -533.214392086398 66430.125 40.5
241330 466.027853334099 -12978.2251854125 -12512.1973320784 33895.0682072015 34157.4849745276 34218.0525981039 33309.6670489729 -54.2246941907483 66430.125 40.5
241340 476.55509349245 -12988.6273325519 -12512.0722390595 33355.778302412 33462.120085681 33443.4805687942 33161.7342527608 334.338062021328 66430.125 40.5
241350 482.176145339063 -12994.3440682735 -12512.1679229344 32988.1899845909 32762.3313577815 33022.8591783589 33179.3794176325 488.494592380395 66430.125 40.5
241360 480.272492808078 -12992.8768738892 -12512.6043810811 33032.7201262783 32516.0909362535 33161.6773204949 33420.3921220864 406.575299892223 66430.125 40.5
241370 471.863482086797 -12985.2052839743 -12513.3418018875 33332.9870074255 32646.685458707 33725.3210384607 33626.9545251089 330.57776262151 66430.125 40.5
241380 463.069540685112 -12977.2912277252 -12514.2216870401 33634.9964269924 32928.5987470984 34230.9735660803 33745.4169677983 489.362944227562 66430.125 40.5
241390 458.822884465999 -12973.906886775 -12515.084002309 33809.9951391721 33208.9505510799 34383.7221275142 33837.3127389224 791.70912728393 66430.125 40.5
241400 458.150818416413 -12974.0010438545 -12515.8502254381 33863.2851566009 33427.6957458324 34380.7506332245 33781.4090907457 984.948924556402 66430.125 40.5
241410 457.351038069744 -12973.8499629592 -12516.4989248895 33902.7454924082 33605.6476737147 34543.6487783056 33558.9400252045 875.574973519209 66430.125 40.5
241420 456.865119289616 -12973.8812063909 -12517.0160871013 33820.2622599452 33597.2023051615 34529.3180632626 33334.2664114113 575.611535951185 66430.125 40.5
241430 460.737490372644 -12978.1456155825 -12517.4081252098 33529.2981577031 33243.8124954984 34101.3002789679 33242.781698643 434.317235579111 66430.125 40.5
241440 467.478990646022 -12985.2330137115 -12517.7540230654 33212.2819136806 32717.1598898162 33646.7267158848 33272.9591353407 483.165632053413 66430.125 40.5
241450 469.471360411896 -12987.6410401208 -12518.1696797089 33074.0285786853 32247.8510897779 33454.5935279333 33519.6411183448 491.992983436165 66430.125 40.5
241460 467.361263489645 -12986.0788619249 -12518.7175984352 33124.2176788968 32075.505186005 33456.7750102104 33840.372840475 498.63280852755 66430.125 40.5
241470 467.083996392489 -12986.4895190328 -12519.4055226403 33184.4075631772 32258.6884691727 33509.7216387536 33784.8125816052 655.598477428509 66430.125 40.5
241480 468.556509801584 -12988.8233317229 -12520.2668219214 33167.9327629437 32753.3403605079 33382.5611422673 33367.8967860558 841.614706337665 66430.125 40.5
241490 467.516163135142 -12988.8880490565 -12521.3718859214 33142.0489484666 33328.4021729284 33108.8292730005 32988.9153994707 896.044921310848 66430.125 40.5
241500 462.850173401193 -12985.5947088911 -12522.7445354899 33119.9733606864 33481.5936032852 32994.9622820024 32883.3641967716 760.374544593172 66430.125 40.5
241510 458.306167177589 -12982.649892529 -12524.3437253514 33215.8182291861 33342.0282184945 33182.5366361826 33122.8898328811 426.329043728791 66430.125 40.5
241520 452.768586347105 -12978.8333787689 -12526.0647924218 33447.7721175504 33318.3378592984 33586.6396374329 33438.3388559198 130.853406267051 66430.125 40.5
241530 449.013441943929 -12976.7764797668 -12527.7630378229 33618.6731268075 33328.1688082699 34026.1122214533 33501.7383506992 43.0538057674235 66430.125 40.5
241540 451.642806202368 -12980.98510693 -12529.3423007276 33518.1502848627 33161.2989451473 34289.1552460483 33103.9966633924 183.342537803672 66430.125 40.5
241550 455.210122179882 -12986.001168271 -12530.7910460911 33269.9616000295 32875.2628195714 34344.9215396342 32589.700440883 420.459864315952 66430.125 40.5
241560 455.654150296862 -12987.7769419087 -12532.1227916118 33081.6792064724 32685.6493358892 34422.7781272915 32136.6101562364 618.550629765914 66430.125 40.5
241570 455.737360561783 -12989.0624444523 -12533.3250838906 32971.6884091633 32696.1837467373 34401.7898682823 31817.0916124705 594.726161467804 66430.125 40.5
241580 457.245972611115 -12991.6334172122 -12534.3874446011 32806.4214738757 32703.0591017612 34052.273910462 31663.9314094038 472.933311750565 66430.125 40.5
241590 458.424047777133 -12993.7502079871 -12535.3261602099 32736.7345859974 32771.2797659073 33733.1780296606 31705.7459624244 404.128655990698 66430.125 40.5
241600 456.666869869353 -12992.8127908252 -12536.1459209559 32732.972331589 32800.3708118059 33354.5167233487 32044.0294596125 407.298041021633 66430.125 40.5
241610 454.113668670229 -12990.9260782276 -12536.8124095573 32800.3849089098 32785.5716621866 32905.964089523 32709.6189750197 354.266336457049 66430.125 40.5
241620 454.908522234442 -12992.1986147868 -12537.2900925524 32758.746797736 32613.0311541784 32392.7909753427 33270.4182636869 206.588004769646 66430.125 40.5
241630 457.285663253288 -12994.8743148899 -12537.5886516366 32678.7301175722 32354.9265107246 32262.7070316789 33418.5568103132 172.309802816932 66430.125 40.5
241640 456.38509432809 -12994.1200996413 -12537.7350053132 32625.3857746394 32158.5141657876 32443.8707983998 33273.7723597308 152.845725927361 66430.125 40.5
241650 451.698144547327 -12989.3999396083 -12537.701795061 32755.3795126825 32303.8343476054 32780.9068769468 33181.3973134954 134.952181963376 66430.125 40.5
241660 448.229634167933 -12985.6233900651 -12537.3937558972 32897.8756416234 32702.6112461309 33000.4029482327 32990.6127305065 239.328592950087 66430.125 40.5
241670 451.691482728389 -12988.4155835763 -12536.7241008479 32855.8212708214 32969.0205814695 33109.9166603941 32488.5265706006 440.617286531703 66430.125 40.5
241680 459.715573500364 -12995.407742519 -12535.6921690187 32652.9957074965 32850.2760638525 33060.9561852745 32047.7548733625 515.360058658426 66430.125 40.5
241690 464.214560537929 -12998.598150886 -12534.3835903481 32524.512603424 32622.2628928648 32945.7828223788 32005.4920950284 339.37111601683 66430.125 40.5
241700 462.03288427013 -12994.909648433 -12532.8767641629 32686.0022634112 32613.2330163063 33013.347186546 32431.4265873811 161.579399927827 66430.125 40.5
241710 455.835861352623 -12986.9893348786 -12531.153473526 32956.6324740914 32618.2810760375 33211.1739171105 33040.4424291261 103.83522030486 66430.125 40.5
241720 451.875429471101 -12981.0122252742 -12529.1367958031 33169.5767824079 32527.3907438375 33487.6427790303 33493.6968243558 312.995359622572 66430.125 40.5
241730 454.120905478952 -12980.9422032186 -12526.8212977396 33261.0667895582 32576.4743726628 33600.7760573723 33605.9499386396 536.528514386778 66430.125 40.5
241740 458.28888172107 -12982.656443984 -12524.367562263 33339.5212819755 32912.3665663249 33686.8173093341 33419.3799702674 572.557969488776 66430.125 40.5
241750 461.046075389397 -12983.0897077811 -12522.0436323918 33331.7961776017 33103.1387542796 33729.3152734093 33162.9345051162 361.155810353007 66430.125 40.5
241760 464.655713454418 -12984.7170053826 -12520.0612919282 33215.2545619928 33005.822006938 33700.6009500314 32939.3407290089 99.8626589864904 66430.125 40.5
241770 467.488968523 -12986.00107003 -12518.512101507 33205.9731244916 32897.0113957455 33785.212191415 32935.6957863143 75.0131526190321 66430.125 40.5
241780 465.000719717023 -12982.3699093681 -12517.3691896511 33404.1371563533 33034.0714994889 34074.5137220169 33103.8262475539 240.313802489946 66430.125 40.5
241790 460.694071764214 -12977.1897632111 -12516.4956914469 33679.3588936476 33271.3338671737 34285.7005481328 33481.0422656364 401.250860475891 66430.125 40.5
241800 460.748113657712 -12976.491200098 -12515.7430864403 33754.6399943796 33353.6691780128 34286.7587390114 33623.4920661148 336.293816549324 66430.125 40.5
241810 464.368073383165 -12979.4187098892 -12515.0506365061 33639.7279828499 33461.4095013756 34013.1154951839 33444.6589519902 147.65344638703 66430.125 40.5
241820 467.722052162487 -12982.1592321664 -12514.4371800039 33542.1365390602 33672.0795864848 33777.5433004466 33176.7867302492 53.2167908622401 66430.125 40.5
241830 469.833544042967 -12983.7710712676 -12513.9375272247 33435.3595036355 33842.5578393671 33553.0012033465 32910.5194681928 209.27903590928 66430.125 40.5
241840 470.282794312563 -12983.8501311819 -12513.5673368693 33333.727534075 33904.8379500183 33290.3758567528 32805.968795454 433.7191670564 66430.125 40.5
241850 468.837989906454 -12982.1538463317 -12513.3158564252 33312.2570769653 33835.0174182067 33116.9211105087 32984.8327021807 545.802113028961 66430.125 40.5
241860 466.684154379151 -12979.8312703208 -12513.1471159417 33501.8903548663 33907.2774595209 33187.1893986119 33411.204206466 340.395611683245 66430.125 40.5
241870 463.994250709636 -12977.0071247581 -12513.0128740485 33753.7717746541 33976.3742505545 33469.7266733548 33815.2144000529 151.80847322481 66430.125 40.5
241880 460.191819551829 -12973.0428036315 -12512.8509840797 34022.8777896844 34090.2551424726 33852.0001214532 34126.3781051273 73.1969936979063 66430.125 40.5
241890 459.016763776376 -12971.6120859183 -12512.5953221419 34175.0199461382 34130.7405723898 34217.5794350074 34176.7398310173 -29.9153080248799 66430.125 40.5
241900 463.878903545765 -12976.1082216278 -12512.229318082 34019.0105009246 33848.7592033677 34363.208589566 33845.0637098401 -102.280033752077 66430.125 40.5
241910 471.077019055057 -12982.908057298 -12511.831038243 33685.6994481256 33436.3229993443 34176.1393006456 33444.6360443871 -136.290635248578 66430.125 40.5
241920 474.680560292852 -12986.2127495752 -12511.5321892823 33465.1263921687 33129.6803769693 33871.3335841591 33394.3652153775 -280.767228393304 66430.125 40.5
241930 471.90104632133 -12983.3078187403 -12511.4067724189 33514.6958096067 33198.3594785204 33766.295563485 33579.4323868149 -462.350682739625 66430.125 40.5
241940 465.154884142405 -12976.5598391681 -12511.4049550257 33807.7659787145 33499.5522360637 34132.1353738409 33791.6103262391 -337.921138153559 66430.125 40.5
241950 462.197403707487 -12973.6076971551 -12511.4102934477 33912.9481423819 33679.1830951323 34380.1187291278 33679.5426028858 18.6975006703743 66430.125 40.5
241960 467.345875117051 -12978.7247820507 -12511.3789069336 33626.9052433172 33662.757105802 34080.6102036215 33137.3484205281 327.596976426262 66430.125 40.5
241970 473.298873898971 -12984.6859882437 -12511.3871143448 33403.3616754695 33581.1947007498 33795.6787186952 32833.2116069634 380.804242887058 66430.125 40.5
241980 474.716570504415 -12986.2671198549 -12511.5505493505 33240.4888218122 33348.8384594102 33467.0466475596 32905.5813584668 273.903472515951 66430.125 40.5
241990 473.077670235666 -12984.9950481102 -12511.9173778745 33280.2429785268 33364.7921833812 33183.642170622 33292.2945815773 183.927853901056 66430.125 40.5
242000 469.651876808594 -12982.118565936 -12512.4666891275 33484.2434256734 33758.5806596636 33079.8684515655 33614.2811657912 10.8237620880569 66430.125 40.5
242010 463.629312951648 -12976.7565941071 -12513.1272811555 33811.0056542976 34336.2502032487 33200.9011953195 33895.8655643246 -102.315899172978 66430.125 40.5
242020 457.343723103785 -12971.1243745725 -12513.7806514687 34123.282800572 34827.6724402468 33535.5558256659 34006.6201358033 -118.046361889116 66430.125 40.5
242030 456.71536149254 -12971.0357860595 -12514.320424567 34197.7145924273 34818.467741685 33830.773869866 33943.9021657308 -37.7348950717653 66430.125 40.5
242040 462.121985690558 -12976.8620751784 -12514.7400894878 33929.7424076565 34178.2708398905 33871.376822977 33739.579560102 22.9507364913925 66430.125 40.5
242050 466.181691537878 -12981.3000867227 -12515.1183951848 33604.979676208 33390.6287255498 33812.6841099227 33611.6261931515 82.0533976871974 66430.125 40.5
242060 467.384390199084 -12982.9184620884 -12515.5340718893 33381.6807523709 32910.0907868595 33767.9359054955 33467.0155647578 188.470238265704 66430.125 40.5
242070 470.150958462795 -12986.1854012115 -12516.0344427487 33209.940866166 32860.0424554743 33583.578863838 33186.2012791857 361.564694192471 66430.125 40.5
242080 472.783846503375 -12989.4662170232 -12516.6823705198 33008.0484250258 32777.6853058967 33390.5072967347 32855.952672446 562.372910149523 66430.125 40.5
242090 470.402790387733 -12987.9249972771 -12517.5222068894 33097.9825480207 32826.4098802715 33692.7781281361 32774.7596356546 639.997102938443 66430.125 40.5
242100 466.112000891859 -12984.6328956509 -12518.5208947591 33327.5509274422 33013.3947278482 34055.4674327667 32913.7906217116 464.77999487814 66430.125 40.5
242110 464.381912669314 -12983.9892389149 -12519.6073262456 33379.8583452711 33063.7527918488 33972.3142888332 33103.5079551314 159.487016044148 66430.125 40.5
242120 463.849377079922 -12984.592915364 -12520.7435382841 33503.724912468 33287.6996829099 33827.1250813615 33396.3499731326 -118.075005403992 66430.125 40.5
242130 460.32391460089 -12982.2148536278 -12521.8909390269 33635.0067178328 33589.7369671865 33688.1045771169 33627.1786091951 -215.586245951249 66430.125 40.5
242140 456.545973605709 -12979.520039471 -12522.9740658653 33624.6523285543 33605.9565244686 33540.4104814947 33727.5899796995 -154.563117949967 66430.125 40.5
242150 456.487506362397 -12980.4141563129 -12523.9266499505 33467.4985256026 33327.9116894551 33473.4832043631 33601.1006829898 -72.8054822986657 66430.125 40.5
242160 458.014982517096 -12982.7543442792 -12524.7393617621 33289.3482817188 33004.2728487265 33500.1307546927 33363.6412417372 -53.4729363620663 66430.125 40.5
242170 457.114190776733 -12982.5418565107 -12525.427665734 33337.0177635835 32955.9992175225 33673.3554618684 33381.6986113596 -158.054234347802 66430.125 40.5
242180 453.40721973049 -12979.3703939935 -12525.963174263 33502.6956649402 33012.544992196 33900.5176955932 33595.0243070314 -235.233339615636 66430.125 40.5
242190 453.456083871865 -12979.7493147772 -12526.2932309053 33515.7592037158 32944.6582534897 33837.4618359238 33765.157521734 -341.392340398212 66430.125 40.5
242200 459.281227770653 -12985.7035918279 -12526.4223640572 33272.1780440929 32596.4239648602 33557.5367218144 33662.5734456041 -475.866569968135 66430.125 40.5
242210 464.870893340491 -12991.3051850167 -12526.4342916762 32963.6666279336 32190.1953758378 33339.6264312506 33361.1780767124 -445.44914566589 66430.125 40.5
242220 467.744683565164 -12994.1764473412 -12526.431763776 32765.0022200341 32076.6684170311 33269.5651086168 32948.7731344544 -117.252031267697 66430.125 40.5
242230 469.05038556197 -12995.5317822524 -12526.4813966905 32660.2415324133 32219.6002702191 33090.7402697884 32670.3840572323 170.927289497227 66430.125 40.5
242240 468.33491528682 -12994.9500324112 -12526.6151171244 32732.1621534298 32738.3341619864 32783.3841745061 32674.768123797 135.191110716818 66430.125 40.5
242250 464.443887141249 -12991.2697398291 -12526.8258526879 32926.7233205853 33346.9921670197 32658.5556010874 32774.6221936488 -134.998619832382 66430.125 40.5
242260 458.500987307805 -12985.5447966639 -12527.0438093561 33220.2019886511 33809.0484346283 32859.2440572664 32992.3134740585 -331.147028297019 66430.125 40.5
242270 454.562791377855 -12981.7225453932 -12527.1597540154 33452.3590569205 33998.7811624722 33175.9130437197 33182.3829645697 -346.570366578277 66430.125 40.5
242280 454.441043949975 -12981.521619814 -12527.080575864 33573.8531292499 33934.034402592 33578.1314532199 33209.3935319379 -376.50645629518 66430.125 40.5
242290 455.774543657136 -12982.5297372271 -12526.75519357 33574.6798002408 33584.5623679228 33912.1402400753 33227.3367927242 -501.434123112942 66430.125 40.5
242300 456.104356209989 -12982.2598486917 -12526.1554924817 33545.0266110264 33190.8421307865 33987.7631453036 33456.474556989 -692.394815834809 66430.125 40.5
242310 455.421607669327 -12980.6552730691 -12525.2336653998 33533.5367995669 32982.6285465956 33918.1638664408 33699.8179856643 -743.597451818172 66430.125 40.5
242320 457.672318314118 -12981.614414509 -12523.9420961949 33397.8799931132 32770.5733501648 33838.733412322 33584.3332168526 -552.91133817036 66430.125 40.5
242330 461.469667239597 -12983.7563198021 -12522.2866525625 33250.5513922387 32603.7192356379 33833.2141521059 33314.7207889724 -280.119281983753 66430.125 40.5
242340 462.356315970244 -12982.7093268987 -12520.3530109285 33357.6411616482 32813.6837851109 33912.0372478488 33347.2024519849 -150.74842022898 66430.125 40.5
242350 462.699448572729 -12980.9530032342 -12518.2535546615 33538.5457359893 33079.7240860202 34063.8773952233 33472.0357267244 -170.485829738958 66430.125 40.5
242360 466.395118168728 -12982.5002775281 -12516.1051593594 33510.2147192789 33171.5749816662 33986.2019906742 33372.8671854963 -276.908095080528 66430.125 40.5
242370 472.769026548546 -12986.843255976 -12514.0742294275 33365.130934012 33192.4477039015 33767.0563306552 33135.8887674793 -243.044147459296 66430.125 40.5
242380 475.36530131495 -12987.7045765389 -12512.3392752239 33311.4067157949 33214.1844446362 33612.6524029105 33107.3832998381 -110.877168482556 66430.125 40.5
242390 472.290441099613 -12983.2656940116 -12510.975252912 33557.6030330325 33612.9370393453 33591.2956679007 33468.5763918516 18.175293239131 66430.125 40.5
242400 467.407766477083 -12977.3197192193 -12509.9119527422 33860.4507070461 34111.5420002858 33538.9147103068 33930.8954105456 -40.4062755140505 66430.125 40.5
242410 463.044175077279 -12972.0623107485 -12509.0181356712 34121.2207603403 34351.5736506858 33706.0320356513 34306.0565946837 -176.41863772413 66430.125 40.5
242420 461.50104200982 -12969.6881100298 -12508.18706802 34292.1324898402 34175.3606069642 34074.4219127432 34626.6149498132 -273.593070991413 66430.125 40.5
242430 464.148846731391 -12971.5222271712 -12507.3733804398 34208.3484446186 33782.8775506904 34123.6608547997 34718.5069283658 -153.415612704582 66430.125 40.5
242440 469.794156045052 -12976.4081676355 -12506.6140115904 33975.5301019637 33475.7164918135 33874.927348746 34575.9464653317 50.4202243600075 66430.125 40.5
242450 472.365478535136 -12978.3573584395 -12505.9918799043 33950.6496120035 33439.4733203887 33865.5909946817 34546.8845209401 152.35523485584 66430.125 40.5
242460 468.620328238336 -12974.1559052875 -12505.5355770492 34082.8576856055 33743.6877650642 34121.5339988326 34383.3512929196 154.527111140718 66430.125 40.5
242470 464.719301144341 -12969.8971805379 -12505.1778793936 34292.1903698982 34132.7174062529 34462.3144980101 34281.5392054317 88.4440910474175 66430.125 40.5
242480 465.020860597664 -12969.8620998384 -12504.8412392408 34403.0036817881 34290.9764642062 34564.2316046779 34353.8029764802 -1.89808584062915 66430.125 40.5
242490 467.360569512525 -12971.8753968405 -12504.514827328 34431.3509150272 34397.9965924926 34371.8919407518 34524.1642118372 17.6084201823435 66430.125 40.5
242500 469.020524446875 -12973.2586398033 -12504.2381153564 34395.5454670742 34516.8452038099 33945.8751059708 34723.916091442 92.0481581663024 66430.125 40.5
242510 467.893099108212 -12971.9263100221 -12504.0332109139 34386.1348090901 34778.30693212 33549.9076882688 34830.1898068816 157.811346790762 66430.125 40.5
242520 467.0048875182 -12970.8880097846 -12503.8831222664 34328.0281136909 34831.5588580968 33411.8666816389 34740.658801337 85.1220028309824 66430.125 40.5
242530 470.204894427412 -12973.9874502543 -12503.7825558269 34125.2359569199 34505.428429939 33309.3120168041 34560.9674240165 -47.6964327586784 66430.125 40.5
242540 473.928682714299 -12977.711006552 -12503.7823238377 33976.2548950449 34191.7257161931 33330.5564659441 34406.4825029974 -98.0632647877283 66430.125 40.5
242550 474.554970237284 -12978.5068150378 -12503.9518448005 33910.9904262736 34006.6657742563 33554.1265546323 34172.1789499322 -32.8008554967783 66430.125 40.5
242560 473.213357302527 -12977.5307771712 -12504.3174198686 33999.2765928284 33929.3184323176 33984.2865707662 34084.2247754014 64.4458207752309 66430.125 40.5
242570 470.997631496714 -12975.8593533815 -12504.8617218848 34112.0256439888 33873.0153080767 34326.3927189633 34136.6689049264 208.511811625975 66430.125 40.5
242580 468.170633593933 -12973.7169045392 -12505.5462709453 34153.5358116171 33886.4732949529 34445.340046337 34128.7940935614 245.255500538446 66430.125 40.5
242590 465.904379481201 -12972.2296506307 -12506.3252711495 34197.694697682 34085.1968992406 34272.9506270578 34234.9365667475 -108.385894202931 66430.125 40.5
242600 466.002725567862 -12973.1688554027 -12507.1661298348 34085.3052652364 34091.0213226859 33797.4633853673 34367.4310876561 -655.330848756614 66430.125 40.5
242610 469.070804279602 -12977.1555486108 -12508.0847443312 33841.0295351531 33798.5519802801 33382.974394304 34341.5622308751 -871.932851922281 66430.125 40.5
242620 472.734043532113 -12981.88376484 -12509.1497213079 33607.8914160422 33444.493574236 33127.5939343109 34251.5867395796 -509.343896463546 66430.125 40.5
242630 473.686188394682 -12984.1215528618 -12510.4353644672 33522.4296433787 33422.7733028754 33027.7040041029 34116.8116231577 65.7776415040992 66430.125 40.5
242640 470.007436855655 -12981.9568902466 -12511.9494533909 33663.7226459092 33861.1692398409 33131.902330055 33998.0963678317 347.259278531045 66430.125 40.5
242650 462.22113038319 -12975.7990300322 -12513.577899649 33949.8499860074 34362.0602764201 33411.398735713 34076.0909458891 100.997570023935 66430.125 40.5
242660 457.247639974521 -12972.3859103451 -12515.1382703706 34005.9422883367 34394.7322317484 33630.2897340928 33992.8048991689 -380.882785154558 66430.125 40.5
242670 460.623831452782 -12977.1611963283 -12516.5373648756 33714.0683409588 33795.9042163989 33747.577452934 33598.7233535434 -585.88301318269 66430.125 40.5
242680 466.804919736507 -12984.6173970275 -12517.812477291 33272.9933329683 32972.0449774773 33718.0053564616 33128.9296649659 -233.057138859485 66430.125 40.5
242690 470.668897762177 -12989.7273216495 -12519.0584238874 32926.0041539048 32465.8907888948 33383.6461468516 32928.475525968 250.609796601677 66430.125 40.5
242700 468.68349008782 -12988.9943842708 -12520.3108941829 32940.3294441949 32415.3287777078 33160.8609550797 33244.7985997973 494.978141339982 66430.125 40.5
242710 461.637094268402 -12983.1226396549 -12521.4855453865 33216.5365874294 32605.4541993357 33373.9510373995 33670.2045255529 406.334517206763 66430.125 40.5
242720 457.39927031665 -12979.8550042207 -12522.455733904 33375.5642838193 32793.6307941465 33556.6082449786 33776.4538123327 140.440603457396 66430.125 40.5
242730 458.108378364559 -12981.2745932298 -12523.1662148652 33272.7761633155 32991.1914359487 33357.0980687103 33470.0389852876 -92.6699501910105 66430.125 40.5
242740 459.481765798253 -12983.1328883056 -12523.6511225074 33176.8806468938 33231.3198123276 32986.9639451087 33312.358183245 -183.029018464118 66430.125 40.5
242750 458.231143156592 -12982.1823743807 -12523.9512312241 33226.6506599013 33380.3527467126 32742.9928751241 33556.606357867 -147.565978632481 66430.125 40.5
242760 457.368293704955 -12981.4462695865 -12524.0779758815 33347.5114462012 33316.8777049141 32670.577255783 34055.0793779064 96.4965849508213 66430.125 40.5
242770 460.26737151553 -12984.3214267547 -12524.0540552391 33300.4708933415 33050.2722638832 32695.1556682409 34155.9847479003 344.585699457892 66430.125 40.5
242780 464.432376362307 -12988.3774865381 -12523.9451101758 33132.0892713735 32791.7757318337 32805.8823751071 33798.6097071798 365.809119784907 66430.125 40.5
242790 466.944365760567 -12990.7791203217 -12523.8347545611 33000.0417176282 32704.1590988308 32960.792489374 33335.1735646798 206.349041271441 66430.125 40.5
242800 465.967647430885 -12989.7330594715 -12523.7654120406 33118.8461908701 33006.8485424564 33237.8739387693 33111.8160913847 237.295156997679 66430.125 40.5
242810 462.131204463393 -12985.8422526595 -12523.7110481961 33283.5254017482 33337.7507942422 33454.5526982359 33058.2727127665 453.89549148629 66430.125 40.5
242820 459.110856964467 -12982.7189810406 -12523.6081240762 33344.3849279162 33280.6820590646 33551.7847327419 33200.6879919423 573.179241902951 66430.125 40.5
242830 459.333884512754 -12982.7418889035 -12523.4080043908 33322.1167942847 32977.0075461933 33580.6071003634 33408.7357362976 576.594630123715 66430.125 40.5
242840 463.064013393876 -12986.1909206198 -12523.1269072259 33213.3714490003 32712.0154300973 33441.5916105561 33486.5073063475 683.445851216265 66430.125 40.5
242850 465.906792105436 -12988.7317618527 -12522.8249697473 33122.3014146045 32637.3619760667 33243.2632224887 33486.2790452582 794.847775214587 66430.125 40.5
242860 466.033340299419 -12988.5879932381 -12522.5546529387 33069.021641531 32679.2216876264 33080.6376535915 33447.205583375 715.709518623453 66430.125 40.5
242870 463.960331721418 -12986.27750885 -12522.3171771286 33155.1137810842 32930.9447162257 33101.3715324286 33433.0250945985 513.230225604098 66430.125 40.5
242880 460.57246707719 -12982.6385625753 -12522.0660954981 33248.9132710324 33184.5715390805 33239.3255943722 33322.8426796444 374.955110590243 66430.125 40.5
242890 459.317336225697 -12981.0649576958 -12521.7476214701 33360.3363923909 33416.3463950783 33510.7724576144 33153.8903244799 487.824860215254 66430.125 40.5
242900 459.027397849027 -12980.3619245115 -12521.3345266624 33404.3074240864 33423.8593682187 33911.1681610842 32877.8947429564 733.19096315136 66430.125 40.5
242910 456.215390983913 -12977.02453007 -12520.8091390861 33497.0537700365 33256.455941351 34485.7402622138 32748.9651065447 807.677542819783 66430.125 40.5
242920 453.949133554851 -12974.0817951039 -12520.1326615491 33670.8378900482 33199.1418049555 34913.8166174566 32899.5552477326 663.2278712194 66430.125 40.5
242930 455.785228620134 -12975.0574289381 -12519.272200318 33778.4882636231 33178.9247515899 34914.4034479495 33242.1365913299 394.582375381121 66430.125 40.5
242940 461.143574063384 -12979.4010367787 -12518.2574627153 33688.614023248 33101.0867626119 34429.3446989515 33535.4106081805 214.236098101255 66430.125 40.5
242950 468.07538661612 -12985.2709435034 -12517.1955568873 33421.3443713453 32916.9787929741 33659.2053633869 33687.8489576748 268.08092216151 66430.125 40.5
242960 472.518511199717 -12988.7419006706 -12516.2233894708 33194.4181161139 32879.7076850696 33019.2875055754 33684.2591576967 491.27494774291 66430.125 40.5
242970 472.293973985463 -12987.7254741611 -12515.4315001756 33220.4832700938 33114.5466818561 33028.4945925828 33518.4085358427 481.677642986833 66430.125 40.5
242980 470.266932642475 -12985.0907514136 -12514.8238187711 33398.1353576458 33350.4754890392 33460.3061375366 33383.6244463615 125.464540551946 66430.125 40.5
242990 468.17040205723 -12982.5229371165 -12514.3525350593 33488.1639750344 33435.6473206775 33763.7969434036 33265.0476610223 -418.99415949177 66430.125 40.5
243000 465.463062131146 -12979.4272788181 -12513.964216687 33588.045689984 33497.7131400167 33878.235146257 33388.1887836784 -749.588520867542 66430.125 40.5
243010 462.192442548087 -12975.7922842932 -12513.5998417451 33744.1296627091 33490.5343671175 34039.7206052356 33702.1340157743 -768.866711757011 66430.125 40.5
243020 460.242033064902 -12973.4380941413 -12513.1960610764 33781.2843107889 33350.6364700646 34114.2184408261 33878.998021476 -630.404787801433 66430.125 40.5
243030 462.614774137841 -12975.3397131522 -12512.7249390143 33627.1133145548 33125.9540465357 34039.8020309253 33715.5838662034 -539.847286902868 66430.125 40.5
243040 466.658101266471 -12978.8825903398 -12512.2244890734 33476.7480312994 32954.3626828379 33989.3429140398 33486.5384970206 -476.090626114846 66430.125 40.5
243050 467.63559306232 -12979.3924769379 -12511.7568838756 33497.0911382605 33042.2745688917 33981.461967171 33467.536878719 -404.951913460817 66430.125 40.5
243060 468.673179354073 -12980.0308200743 -12511.3576407202 33587.7607184115 33264.3077854226 33875.1585237908 33623.8158460211 -250.129762951141 66430.125 40.5
243070 470.627305551707 -12981.6720963093 -12511.0447907576 33575.8535652405 33417.8570003225 33593.1167322288 33716.5869631701 -45.8466364104061 66430.125 40.5
243080 470.059136049205 -12980.9014325227 -12510.8422964735 33545.4745181901 33551.6099665818 33384.2443894262 33700.5691985622 53.8701698664995 66430.125 40.5
243090 467.017857546784 -12977.7512943534 -12510.7334368066 33576.091657513 33659.2359347531 33335.5918659211 33733.4471718647 -41.1120997168768 66430.125 40.5
243100 466.835273077073 -12977.5058184701 -12510.670545393 33489.249237154 33505.1516015626 33202.2057772408 33760.3903326586 -215.969490713391 66430.125 40.5
243110 471.154008152149 -12981.8094382001 -12510.6554300479 33336.3374926594 33026.2063800542 33161.0006986376 33821.8053992863 -296.93541269829 66430.125 40.5
243120 473.89368500718 -12984.6496877552 -12510.756002748 33328.5206407481 32567.2710806969 33369.5884086203 34048.702432927 -230.725829089338 66430.125 40.5
243130 470.522526188305 -12981.5415011161 -12511.0189749278 33596.9692500074 32624.1714838229 33949.6128500129 34217.1234161863 -130.040148650783 66430.125 40.5
243140 462.428148824278 -12973.8037859042 -12511.3756370799 33974.1757021668 33156.4486029085 34541.1549470534 34224.9235565385 -38.9429961310872 66430.125 40.5
243150 457.34739716361 -12969.0338846444 -12511.6864874808 34217.1321335009 33668.0965072798 34821.0096296298 34162.2902635931 100.568668347039 66430.125 40.5
243160 460.357985266009 -12972.2288384172 -12511.8708531512 34041.2560217875 33624.9981514202 34644.1526097774 33854.6173041648 187.126439745708 66430.125 40.5
243170 467.328992016145 -12979.3064080958 -12511.9774160797 33650.9465927396 33328.2030506626 34182.7714333914 33441.8652941648 301.362357171164 66430.125 40.5
243180 470.503031248731 -12982.6292119896 -12512.1261807409 33345.6373970493 33086.2988085314 33769.7245982137 33180.8887844027 566.72709931812 66430.125 40.5
243190 468.515773212813 -12980.9108085899 -12512.3950353771 33397.6346376535 33113.63397334 33677.2212286501 33402.0487109703 798.311444992728 66430.125 40.5
243200 465.585779883453 -12978.3677192361 -12512.7819393527 33595.9452238071 33228.3718070974 34018.298156028 33541.1657082959 687.266053853361 66430.125 40.5
243210 465.784705305186 -12979.0585740915 -12513.2738687863 33626.8243442737 33347.426937288 34246.8680618079 33286.1780337252 309.717492648167 66430.125 40.5
243220 470.243785060781 -12984.1856474693 -12513.9418624085 33374.0816192725 33209.6728112294 34013.0390193417 32899.5330272464 6.71945947183738 66430.125 40.5
243230 472.94256984847 -12987.8999308513 -12514.9573610029 33165.6072562916 32949.7379249186 33797.093184063 32749.9906598932 -49.9135590999143 66430.125 40.5
243240 469.702547859358 -12986.1998349232 -12516.4972870638 33211.0440432674 32717.4327681754 33971.7592817253 32943.9400799016 67.8117458530071 66430.125 40.5
243250 463.45774173183 -12982.0534822354 -12518.5957405036 33394.0552381469 32685.6927138541 34179.2161915539 33317.2568090327 191.959457356537 66430.125 40.5
243260 458.227570767812 -12979.3197378678 -12521.0921670999 33515.8536476408 32914.914822637 33988.2312857385 33644.4148345468 275.565567388679 66430.125 40.5
243270 454.485811167474 -12978.1827912857 -12523.6969801183 33512.8786428079 33410.7894931488 33512.5206377253 33615.3257975496 343.387915272764 66430.125 40.5
243280 451.397218667882 -12977.4972556161 -12526.1000369482 33425.7643357136 33810.5809280799 33120.363448712 33346.3486303489 369.860074147934 66430.125 40.5
243290 452.174979376708 -12980.2824263985 -12528.1074470218 33207.3929493976 33663.4207454556 32917.8110487128 33040.9470540243 361.536276402162 66430.125 40.5
243300 456.377052819593 -12986.0843428515 -12529.7072900319 33014.2325131394 33250.1752878052 32977.4237218901 32815.0985297232 273.553980895082 66430.125 40.5
243310 456.624678299576 -12987.591705467 -12530.9670271675 32950.6793635912 32948.3765089383 33267.7022066324 32635.9593752028 147.69433058077 66430.125 40.5
243320 452.748397116689 -12984.6620930081 -12531.9136958914 33084.1165380966 32977.0377510184 33478.3722882909 32796.9395749805 31.0419962661752 66430.125 40.5
243330 451.798480766192 -12984.3365520887 -12532.5380713225 33102.7679218445 33058.4511668332 33228.2478464601 33021.6047522401 6.57831269264719 66430.125 40.5
243340 455.97715928956 -12988.8518645632 -12532.8747052736 32960.5046261611 32916.6073555963 32877.1710124252 33087.7355104619 -30.8892725314843 66430.125 40.5
243350 460.04260456869 -12993.0570338701 -12533.0144293014 32791.5618887973 32735.5209046278 32722.3969783686 32916.7677833957 -187.46362601993 66430.125 40.5
243360 460.303240132061 -12993.3409635143 -12533.0377233822 32730.92183704 32863.8391789935 32561.854002508 32767.0723296186 -361.743379458444 66430.125 40.5
243370 457.617603855123 -12990.5775777573 -12532.9599739022 32886.4475788457 33232.4619163611 32595.1124544406 32831.7683657353 -273.209294823684 66430.125 40.5
243380 454.256524871937 -12986.9899370209 -12532.7334121489 32984.7823302893 33296.7487946084 32762.2731876019 32895.3250086576 220.645489580783 66430.125 40.5
243390 454.798474839261 -12987.1060417907 -12532.3075669515 32837.4386496778 32954.6932914298 32817.1753728071 32740.4472847965 804.453629371489 66430.125 40.5
243400 459.244064174337 -12990.9323734578 -12531.6883092835 32583.8428507653 32513.8829755036 32722.3362823957 32515.3092943966 1051.89626652654 66430.125 40.5
243410 462.303047308497 -12993.2439981919 -12530.9409508834 32454.8872514323 32331.7393466739 32604.9766754139 32427.945732209 790.249205434828 66430.125 40.5
243420 462.218950619287 -12992.3430803519 -12530.1241297326 32448.8553538104 32317.5299939949 32510.8973039342 32518.1387635019 352.71275104651 66430.125 40.5
243430 461.080622128769 -12990.3289025533 -12529.2482804246 32608.2503501289 32337.4175730237 32642.1720402082 32845.1614371548 143.356328082836 66430.125 40.5
243440 459.319181883573 -12987.6115326464 -12528.2923507628 32968.499691325 32497.5055095763 33143.7282380503 33264.2653263485 220.72752861331 66430.125 40.5
243450 457.204709237084 -12984.429402403 -12527.2246931659 33214.5841306273 32646.5803526083 33539.5211448598 33457.6508944139 392.541059084992 66430.125 40.5
243460 456.393565631159 -12982.4113144899 -12526.0177488588 33280.7708455599 32807.8421367077 33716.5378125764 33317.9325873957 519.723527148458 66430.125 40.5
243470 456.328898420869 -12980.9937912545 -12524.6648928337 33327.5284817576 32992.6716597671 33838.3064411618 33151.6073443439 580.297001316825 66430.125 40.5
243480 457.350828034362 -12980.5378875345 -12523.1870595001 33259.3865529941 33183.6409513722 33648.357064995 32946.161642615 542.214994215197 66430.125 40.5
243490 461.885735044038 -12983.5306714988 -12521.6449364547 33150.1625443043 33417.8744446347 33218.7893264563 32813.8238618218 424.571902124432 66430.125 40.5
243500 466.224442762291 -12986.3687591985 -12520.1443164362 33051.7407893635 33500.5183995108 32848.3926466939 32806.311321886 239.519478190356 66430.125 40.5
243510 467.048518778823 -12985.8439783848 -12518.795459606 32990.5673944355 33387.7598892947 32703.5400374078 32880.4022566041 130.009220191059 66430.125 40.5
243520 465.221666042468 -12982.8520875188 -12517.6304214764 33031.2315134115 33139.7218247258 32958.2360468059 32995.7366687028 191.84472097749 66430.125 40.5
243530 464.025329175729 -12980.639274825 -12516.6139456492 33207.9051305734 33053.2037487858 33414.0319695266 33156.479673408 358.709254533747 66430.125 40.5
243540 464.677330202143 -12980.3901335262 -12515.712803324 33355.3802828067 33031.838521814 33787.0079965865 33247.2943300197 443.612724627555 66430.125 40.5
243550 462.76943973623 -12977.678587312 -12514.9091475758 33623.581696117 33122.4702522044 34129.8384696906 33618.436366456 417.822157315536 66430.125 40.5
243560 458.58547346417 -12972.7399375837 -12514.1544641195 33812.7570900728 33231.605223886 34250.7766018146 33955.8894445179 426.787272844791 66430.125 40.5
243570 460.085041033159 -12973.4687771593 -12513.3837361262 33814.2361673062 33336.1101128983 34202.1853129846 33904.4130760357 468.034346204868 66430.125 40.5
243580 468.373555663838 -12980.9937355931 -12512.6201799292 33577.2505111643 33410.2794349233 34003.6779006251 33317.7941979445 492.087234932698 66430.125 40.5
243590 473.150173887161 -12985.132745901 -12511.9825720138 33437.8222428776 33721.8368201159 33797.7047280115 32793.9251805055 491.344829026135 66430.125 40.5
243600 469.057308515224 -12980.5959249552 -12511.53861644 33651.1223480645 34147.0244494763 33898.4461833972 32907.89641132 545.276938766076 66430.125 40.5
243610 463.259223226015 -12974.4705645926 -12511.2113413666 33932.0011222088 34422.2846264578 34166.794326852 33206.9244133167 533.455029489914 66430.125 40.5
243620 462.539818421545 -12973.4297881365 -12510.8899697149 33884.8857099432 34228.1410419277 34133.8357352574 33292.6803526445 311.332018703287 66430.125 40.5
243630 464.862748240161 -12975.4083080968 -12510.5455598567 33752.5268344166 33951.0270758701 33973.2713836231 33333.2820437567 117.562429794122 66430.125 40.5
243640 466.207806769608 -12976.417454765 -12510.2096479954 33652.9199513662 33593.0162394807 33936.0370007051 33429.7066139127 154.80688272834 66430.125 40.5
243650 466.353654738389 -12976.2594545658 -12509.9057998274 33533.3276403114 32997.4495958865 34081.1751904682 33521.3581345795 335.356180202819 66430.125 40.5
243660 467.965744944923 -12977.6077291167 -12509.6419841717 33438.2884429527 32489.936118196 34234.8219724677 33590.1072381943 347.395231616436 66430.125 40.5
243670 470.210799613578 -12979.6566366843 -12509.4458370707 33501.5087550257 32518.5204852653 34403.0022532712 33583.0035265406 161.593442807608 66430.125 40.5
243680 469.081234645119 -12978.4206959927 -12509.3394613476 33628.3994831562 32942.6525304475 34472.7694009797 33469.7765180414 -104.851886085961 66430.125 40.5
243690 468.697714936799 -12978.0128416698 -12509.315126733 33630.2798546276 33423.3600929828 34228.1753597801 33239.3041111198 -283.885366383634 66430.125 40.5
243700 471.559742846448 -12980.9345092963 -12509.3747664498 33519.8588064239 33708.8323538193 33837.0771347828 33013.6669306696 -370.723659389854 66430.125 40.5
243710 471.53257409886 -12981.0873784199 -12509.554804321 33394.5462243072 33777.7657623532 33528.4069418876 32877.4659686809 -515.124650443416 66430.125 40.5
243720 467.637646190371 -12977.4875456241 -12509.8498994337 33502.7534087113 33950.9572596382 33486.0172599394 33071.2857065564 -629.384226676882 66430.125 40.5
243730 467.083209683362 -12977.2983004869 -12510.2150908035 33574.148031816 33895.4988020396 33385.6671520787 33441.2781413296 -621.909679041516 66430.125 40.5
243740 468.566627287606 -12979.2042208299 -12510.6375935423 33571.196716044 33648.2646312017 33289.4442315526 33775.8812853779 -493.785197880708 66430.125 40.5
243750 467.026344581518 -12978.1646482119 -12511.1383036304 33653.6450788889 33443.6965894943 33522.8585274647 33994.3801197078 -237.081459987419 66430.125 40.5
243760 463.684657402679 -12975.3786278343 -12511.6939704316 33912.2438670845 33629.0724187988 34112.4297348288 33995.2294476258 -0.75688372968982 66430.125 40.5
243770 464.092707159617 -12976.3613292177 -12512.2686220581 33995.6918011334 33814.805040887 34429.054612099 33743.2157504142 237.576906500464 66430.125 40.5
243780 464.663369186234 -12977.5327507457 -12512.8693815594 33954.4222678703 34024.1886242235 34254.695469085 33584.3827103024 259.565969314632 66430.125 40.5
243790 459.617872783577 -12973.1066522987 -12513.4887795151 34039.9373578434 34327.2892588137 34067.7775940354 33724.745220681 40.9657640147956 66430.125 40.5
243800 457.31415802807 -12971.3709743892 -12514.0568163612 33929.0088993811 34229.105260581 33857.0094653585 33700.9119722037 -303.71393546474 66430.125 40.5
243810 465.998034333844 -12980.5676405365 -12514.5696062027 33403.8073956552 33588.6232486729 33440.6377126027 33182.1612256901 -535.016956417065 66430.125 40.5
243820 475.741867977672 -12990.9272342286 -12515.1853662509 32903.9063504771 33025.5627951477 32994.3509175815 32691.8053387022 -463.970426621936 66430.125 40.5
243830 475.256652082636 -12991.3647576253 -12516.1081055426 32929.4893045809 32949.3711167883 32931.0509612607 32908.0458356935 -16.8913934508351 66430.125 40.5
243840 467.631581480905 -12985.0149556382 -12517.3833741573 33233.1265136391 33130.1622503499 33158.117406341 33411.0998842264 390.68546101428 66430.125 40.5
243850 461.72634700034 -12980.6418763421 -12518.9155293417 33448.7810700273 33359.2043286545 33446.3570874427 33540.7817939847 534.084626656536 66430.125 40.5
243860 458.38267040383 -12978.9745385709 -12520.5918681671 33492.4763186821 33565.4677708501 33675.3037182643 33236.6574669318 342.435282425325 66430.125 40.5
243870 455.301495374297 -12977.610178686 -12522.3086833117 33533.4951267683 33929.180342219 33659.3950585564 33011.9099795296 -61.71272516423 66430.125 40.5
243880 454.229702147234 -12978.198610158 -12523.9689080108 33472.8532260128 34008.2918494863 33393.9442146809 33016.3236138712 -325.62861121588 66430.125 40.5
243890 455.177980151449 -12980.6877088793 -12525.5097287278 33405.8835422772 33689.0342653254 33186.9916171912 33341.6247443151 -328.723300093888 66430.125 40.5
243900 455.111645915466 -12982.0101951191 -12526.8985492036 33401.3725247606 33199.7943043987 33158.920547503 33845.40272238 -122.545357300306 66430.125 40.5
243910 455.05524689983 -12983.1613454824 -12528.1060985826 33238.2666223747 32717.5520723569 33054.4179791704 33942.8298155968 32.0291643074758 66430.125 40.5
243920 458.157855335791 -12987.2923343889 -12529.1344790531 32963.6612976723 32508.2897517902 32833.9129054745 33548.7812357522 6.73918215121945 66430.125 40.5
243930 461.318618075007 -12991.3493173398 -12530.0306992648 32687.1765769405 32543.7946005867 32466.4968275472 33051.2383026877 -115.051885666848 66430.125 40.5
243940 460.582390846279 -12991.4225000961 -12530.8401092498 32618.145360613 32749.9967643535 32151.5276352914 32952.9116821942 -97.9227602708948 66430.125 40.5
243950 457.5466364216 -12989.0906835316 -12531.54404711 32712.0645248511 32958.8480588062 32040.3746393511 33136.9708763958 -3.38254577436044 66430.125 40.5
243960 457.897921293479 -12990.0062491351 -12532.1083278416 32679.1788433931 32993.358421694 32010.0191210493 33034.1589874361 93.9437872273449 66430.125 40.5
243970 459.388556068077 -12991.9243990614 -12532.5358429933 32719.6033881696 33105.6936029694 32192.6220625298 32860.4944990096 81.5396453788278 66430.125 40.5
243980 457.967720405643 -12990.8101732974 -12532.8424528918 32795.4547966588 33109.0224810975 32532.6067702554 32744.7351386234 -29.9920246039832 66430.125 40.5
243990 456.24305185519 -12989.2544668609 -12533.0114150057 32857.50563065 32956.7367808037 32868.8437588094 32746.9363523367 -183.215429899191 66430.125 40.5
244000 456.913582323826 -12989.9283239064 -12533.0147415826 32753.1235564487 32674.3542852802 32882.8160572091 32702.2003268569 -254.035704612391 66430.125 40.5
244010 458.040849275124 -12990.8928638206 -12532.8520145455 32703.6437076198 32320.6725008991 32971.811017985 32818.4476039752 -192.178554317975 66430.125 40.5
244020 456.133693836672 -12988.6516091403 -12532.5179153036 32780.0553016935 32110.4870026068 33164.3594385715 33065.3194639021 42.5086294084848 66430.125 40.5
244030 454.079157635453 -12986.0422466134 -12531.963088978 32897.4565217486 32173.1553900021 33276.8568504892 33242.3573247544 385.424209425704 66430.125 40.5
244040 456.207384017894 -12987.3272356532 -12531.1198516353 32913.2099684612 32244.0328351653 33216.0281545804 33279.568915638 464.769875315697 66430.125 40.5
244050 459.906921188084 -12989.8621622422 -12529.9552410542 32845.8071374225 32364.7665199411 32945.3718697916 33227.2830225348 331.283776264882 66430.125 40.5
244060 461.867171308237 -12990.3418157197 -12528.4746444114 32814.153039243 32698.7114386075 32695.721016006 33048.0266631155 238.853852545509 66430.125 40.5
244070 462.426967006423 -12989.1119259591 -12526.6849589527 32902.7301258533 33096.445863137 32625.7069110284 32986.0376033945 202.435497103272 66430.125 40.5
244080 461.364037539216 -12985.9576840263 -12524.5936464871 33077.4111819994 33309.2613211302 32824.5480027282 33098.4242221397 110.851289270652 66430.125 40.5
244090 459.261315489621 -12981.5004182816 -12522.239102792 33364.8476929263 33484.4879803105 33324.3862442218 33285.6688542465 59.145994086413 66430.125 40.5
244100 458.979329533657 -12978.7012686952 -12519.7219391615 33598.0369072401 33560.1028279218 33720.201098192 33513.8067956066 -25.5174334137831 66430.125 40.5
244110 459.394450891693 -12976.6164396917 -12517.2219888 33847.131492805 33791.3710653138 33904.8497236922 33845.173689409 -96.7552121681537 66430.125 40.5
244120 459.80611450597 -12974.754947013 -12514.948832507 34030.0863767481 34148.0695412562 33939.7854160291 34002.4041729591 -126.257991709165 66430.125 40.5
244130 462.968711494864 -12976.0157171669 -12513.047005672 34138.8890915419 34395.9834156512 33993.3861978746 34027.2976611 12.3539513018928 66430.125 40.5
244140 466.554379663914 -12978.1262313254 -12511.5718516614 34026.3110960351 34259.3361103242 33808.9585127083 34010.6386650728 281.321614092447 66430.125 40.5
244150 466.718467777431 -12977.2150417418 -12510.4965739644 33920.375279878 34137.0375512055 33496.7483018401 34127.3399865883 465.340922506891 66430.125 40.5
244160 465.189535831483 -12974.9036721017 -12509.7141362702 33947.9146824579 34138.1979128057 33377.9277202555 34327.6184143124 485.278526646539 66430.125 40.5
244170 465.713705516438 -12974.8201937901 -12509.1064882736 33948.7205362695 34099.0218800288 33410.2106865618 34336.929042218 372.766512619924 66430.125 40.5
244180 469.771037468276 -12978.3931596557 -12508.6221221874 33767.3340749271 33847.2391331596 33399.2870454142 34055.4760462076 260.285814890968 66430.125 40.5
244190 474.486513380085 -12982.7784900544 -12508.2919766743 33641.0662934583 33553.4156001288 33532.8703153884 33836.9129648576 267.600993316137 66430.125 40.5
244200 474.68097031683 -12982.8438958557 -12508.1629255389 33644.7713919151 33353.141714834 33712.7529767377 33868.4194841735 318.443140380066 66430.125 40.5
244210 470.683501170784 -12978.9040600828 -12508.220558912 33750.0781699096 33403.3119146748 33718.2663130784 34128.6562819757 351.146030008268 66430.125 40.5
244220 465.801296781378 -12974.1831798389 -12508.3818830575 33924.0108508828 33692.2862937393 33461.8195612454 34617.9266976636 335.744693146863 66430.125 40.5
244230 462.56802532617 -12971.1196587835 -12508.5516334573 33965.3783061287 33850.110107865 33044.4537648337 35001.5710456875 325.940368048918 66430.125 40.5
244240 461.477911185012 -12970.1501405112 -12508.6722293262 34029.6108978579 33992.2496086383 32941.2678460814 35155.3152388541 362.03812484009 66430.125 40.5
244250 460.254321460933 -12968.9669487934 -12508.7126273325 34124.7215047885 34192.6171554455 33107.4322447809 35074.115114139 349.427926753138 66430.125 40.5
244260 462.200412798434 -12970.8586700503 -12508.6582572519 34141.3761499443 34307.1314011359 33322.8730538961 34794.1239948009 151.874858959076 66430.125 40.5
244270 470.631169942041 -12979.1947827501 -12508.5636128081 33917.4020975918 34145.7575276793 33311.9438539832 34294.5049111129 -129.532084151066 66430.125 40.5
244280 477.214446424781 -12985.7855317769 -12508.5710853521 33650.1977612147 33830.3119560863 33300.1293783047 33820.1519492529 -362.742744438521 66430.125 40.5
244290 475.539416152675 -12984.3433771226 -12508.8039609699 33703.9145819805 33791.1333277175 33550.1355369569 33770.4748812671 -486.813583069741 66430.125 40.5
244300 470.227072620877 -12979.475366007 -12509.2482933861 33809.2211654995 33774.656564035 33628.1127524283 34024.8941800351 -362.04326701978 66430.125 40.5
244310 467.586313005437 -12977.4022838871 -12509.8159708817 33717.6788665197 33652.7046356597 33278.9983087862 34221.3336551132 -151.856994794217 66430.125 40.5
244320 467.831692622001 -12978.288817184 -12510.457124562 33533.7004470194 33589.5016315418 32910.9172054948 34100.6825040216 -154.041192726042 66430.125 40.5
244330 468.317468613541 -12979.4878969596 -12511.1704283461 33408.6673190827 33655.3070022987 32768.1010206946 33802.5939342549 -295.537708287541 66430.125 40.5
244340 469.240758811427 -12981.2132506254 -12511.972491814 33311.4812074785 33775.6364704847 32788.5107111881 33370.2964407626 -387.124836974316 66430.125 40.5
244350 469.903352778947 -12982.7863679333 -12512.8830151544 33265.191099608 33898.6506633637 32862.5338389148 33034.3887965456 -351.315553202416 66430.125 40.5
244360 468.301133075222 -12982.2040436398 -12513.9029105645 33334.2402166222 33917.077387471 32958.0937396018 33127.5495227937 -244.959503447845 66430.125 40.5
244370 465.82775245759 -12980.8258580783 -12514.9981056207 33539.2460865048 33873.7233164703 33178.2827783036 33565.7321647405 -127.09429898533 66430.125 40.5
244380 463.448136195299 -12979.5593121713 -12516.111175976 33662.4686112581 33749.8632392661 33428.4010400657 33809.1415544424 -103.139352111071 66430.125 40.5
244390 461.070365877165 -12978.2558496806 -12517.1854838035 33724.483163634 33598.3077366104 33675.7260518009 33899.4157024906 -214.145239939902 66430.125 40.5
244400 459.020098843612 -12977.1878301734 -12518.1677313298 33724.4841892849 33432.4518257819 33771.377825294 33969.6229167789 -340.95815112076 66430.125 40.5
244410 458.35673965216 -12977.3785616247 -12519.0218219725 33578.5729269155 33333.6729622252 33501.5380489564 33900.507769565 -298.907036913702 66430.125 40.5
244420 458.694027034089 -12978.4321057008 -12519.7380786667 33451.4782396319 33293.1897316542 33277.1139686818 33784.1310185598 -109.292277272121 66430.125 40.5
244430 458.460874510328 -12978.780293733 -12520.3194192226 33319.6007258017 33172.2508644128 33171.9005046771 33614.6508083152 60.6474590985593 66430.125 40.5
244440 458.847890551549 -12979.615488855 -12520.7675983035 33288.2698409744 33173.7476033982 33196.8018293595 33494.2600901654 194.262724349263 66430.125 40.5
244450 461.791738332573 -12982.8940463331 -12521.1023080005 33232.5652655171 33162.6608070663 33256.203006031 33278.831983454 213.741021530847 66430.125 40.5
244460 465.539172365765 -12986.9149837019 -12521.3758113362 33022.6660697909 33241.0059832721 32939.4276800963 32887.5645460044 120.166136395405 66430.125 40.5
244470 468.814237028476 -12990.4791259855 -12521.6648889571 32844.3312717157 33383.8851732552 32517.12238934 32631.9862525518 3.50863658154175 66430.125 40.5
244480 469.46806094477 -12991.5031986238 -12522.035137679 32807.2813508804 33363.1304974342 32269.5789627 32789.1345925069 -59.1373440878299 66430.125 40.5
244490 466.07526951894 -12988.5699413918 -12522.4946718728 32827.5731757941 33016.8166884665 32232.1031062908 33233.799732625 -34.0194918009399 66430.125 40.5
244500 462.750920263822 -12985.7455939373 -12522.9946736735 32879.9345212007 32646.7148185289 32287.887614098 33705.2011309753 85.6697710138935 66430.125 40.5
244510 461.531457814903 -12985.008888342 -12523.477430527 32900.2915661496 32355.7887640047 32442.6942531909 33902.3916812533 104.703680085376 66430.125 40.5
244520 460.91437000387 -12984.8321168586 -12523.9177468547 32983.7181546106 32380.4703192206 32708.1746715119 33862.5094730992 98.0053433570515 66430.125 40.5
244530 459.723013003276 -12984.0219476759 -12524.2989346726 33113.1524983619 32676.7756493949 33033.5695320372 33629.1123136535 121.81933092191 66430.125 40.5
244540 459.838130582068 -12984.4421608198 -12524.6040302377 33150.3032431759 32948.9923465588 33238.1218868124 33263.7954961565 152.134726596366 66430.125 40.5
244550 462.235772920488 -12987.0716727887 -12524.8358998682 33087.2894251502 33005.8698640763 33260.1378765202 32995.8605348542 198.551985506974 66430.125 40.5
244560 463.948185299565 -12988.9814525039 -12525.0332672043 33039.7800504708 32967.9738979257 33207.2936300087 32944.0726234778 139.774095373676 66430.125 40.5
244570 461.954791250079 -12987.1700107004 -12525.2152194503 33007.4906568556 32944.0754964047 33050.8541738589 33027.5423003034 -13.2812037766292 66430.125 40.5
244580 460.692077313549 -12986.0533651075 -12525.3612877939 32987.7215344759 33020.3999191206 32868.2444473642 33074.5202369428 -218.875755070248 66430.125 40.5
244590 460.586696063413 -12986.0283681533 -12525.4416720899 32922.5355309565 33203.1706604265 32602.5381793323 32961.8977531108 -344.545673439982 66430.125 40.5
244600 457.315274400118 -12982.7379777472 -12525.422703347 33052.5592633389 33544.4590953586 32604.0280218149 33009.1906728433 -365.442024918629 66430.125 40.5
244610 454.549809012913 -12979.782165037 -12525.2323560241 33197.8150432375 33688.7202275343 32819.5026006427 33085.2223015353 -266.589831647258 66430.125 40.5
244620 457.422894563291 -12982.2179474157 -12524.7950528524 33209.5674348886 33503.5429963205 32926.6384518342 33198.5208565111 -39.2302805704202 66430.125 40.5
244630 461.972305939184 -12986.0734700399 -12524.1011641007 33151.2661126496 33245.6332485134 32915.3134554675 33292.8516339681 204.84670508268 66430.125 40.5
244640 463.427575303922 -12986.6214916499 -12523.193916346 33181.8694103094 33017.6136220931 33030.2019135148 33497.7926953202 347.007755957115 66430.125 40.5
244650 462.140341252433 -12984.2359730844 -12522.095631832 33294.5929466905 32927.9226739707 33272.7914747565 33683.0646913443 231.122225825037 66430.125 40.5
244660 460.630640331996 -12981.4142694116 -12520.7836290796 33367.5837901249 32971.7552122188 33482.8118171769 33648.1843409792 135.708902689227 66430.125 40.5
244670 461.908169444986 -12981.1532483974 -12519.2450789524 33358.8126148126 33093.8085409007 33663.602613006 33319.0266905313 87.2537294186143 66430.125 40.5
244680 464.51975013904 -12982.0410872476 -12517.5213371085 33304.0861778128 33249.4457978543 33806.8640952357 32855.9486403485 94.7388920604142 66430.125 40.5
244690 466.267995003376 -12981.9811617237 -12515.7131667204 33306.7876017869 33467.2671419076 33897.4478860898 32555.6477773635 123.465780905168 66430.125 40.5
244700 466.887746567652 -12980.8123980486 -12513.9246514809 33445.6779048125 33807.6679934754 33817.6089725053 32711.7567484569 238.318407486575 66430.125 40.5
244710 467.209960935308 -12979.4381115509 -12512.2281506156 33615.7483330443 34018.3209689334 33717.7084791988 33111.2155510006 342.969426169968 66430.125 40.5
244720 468.708866096669 -12979.3790443747 -12510.670178278 33715.7254533792 33965.5361833454 33596.4250530378 33585.2151237543 389.439714295653 66430.125 40.5
244730 471.433918511454 -12980.7330550763 -12509.2991365648 33755.9641156719 33860.8888751477 33461.8268246323 33945.1766472357 367.581849082115 66430.125 40.5
244740 469.510438264943 -12977.661978378 -12508.151540113 33883.7047751928 33990.0842162507 33493.9521314366 34167.077977891 433.92585439192 66430.125 40.5
244750 462.22942131336 -12969.4074819144 -12507.1780606011 34194.6815710256 34424.9688225087 33740.6897148725 34418.3861756954 572.988197272358 66430.125 40.5
244760 460.179997326993 -12966.4331709902 -12506.2531736632 34280.200770363 34555.9322185742 33864.991084906 34419.6790076087 787.124044718441 66430.125 40.5
244770 467.325505981511 -12972.6550002837 -12505.3294943022 34113.5456938681 34231.2099112648 33898.6520502656 34210.775120074 847.508734398217 66430.125 40.5
244780 473.315791819101 -12977.8177937885 -12504.5020019694 33908.3428046149 33584.173971339 34019.7973109741 34121.0571315316 640.029955040671 66430.125 40.5
244790 471.413600871102 -12975.2806904002 -12503.8670895291 34036.8428726784 33339.59604936 34357.5589920919 34413.3735765832 314.26259487923 66430.125 40.5
244800 468.622394038739 -12972.0205862511 -12503.3981922124 34180.3926148866 33463.8459893577 34401.3846663424 34675.9471889598 50.8405126187932 66430.125 40.5
244810 471.103938717504 -12974.1464975186 -12503.0425588011 34079.2478316145 33595.7871207484 34100.7193876889 34541.236986406 -143.267282092004 66430.125 40.5
244820 473.294975411856 -12976.1109566068 -12502.815981195 33987.1324303635 33653.4244330818 33890.2313682771 34417.7414897316 -376.615747961906 66430.125 40.5
244830 471.038125301812 -12973.7843126035 -12502.7461873017 34106.1187172435 33704.525473689 34018.1142121135 34595.7164659281 -488.154719667157 66430.125 40.5
244840 467.335314950186 -12970.1264305632 -12502.791115613 34260.4509426793 33841.2341250257 34210.9352083332 34729.1834946791 -452.822545559799 66430.125 40.5
244850 466.152876138673 -12969.0387218145 -12502.8858456758 34386.5392370107 34126.9513669908 34407.8179907427 34624.8483532986 -318.314395866311 66430.125 40.5
244860 467.130148456739 -12970.1309544325 -12503.0008059758 34432.0055941408 34443.7867734046 34482.3844213086 34369.8455877093 -292.064936687946 66430.125 40.5
244870 470.432649464895 -12973.5916855565 -12503.1590360916 34247.3563452697 34407.2495896882 34245.9670985287 34088.852347592 -369.790179490885 66430.125 40.5
244880 475.552417020577 -12978.9881529981 -12503.4357359775 33901.3676491665 34199.5573106646 33679.7865921083 33824.7590447265 -585.388304012666 66430.125 40.5
244890 476.396023623592 -12980.3229300528 -12503.9269064292 33786.2646831336 34149.7102530134 33340.352864243 33868.7309321444 -830.62359001306 66430.125 40.5
244900 469.348597176392 -12973.9827469713 -12504.6341497949 34057.7774662282 34329.1641696719 33594.1478112961 34250.0204177166 -933.34386139003 66430.125 40.5
244910 464.181106960208 -12969.6261442657 -12505.4450373055 34199.7694828272 34327.290914025 33922.5380676196 34349.479466837 -942.681923991563 66430.125 40.5
244920 468.236174126466 -12974.5293599366 -12506.2931858101 34041.570910674 34151.8368867425 33980.5624773721 33992.3133679075 -1000.62976956251 66430.125 40.5
244930 474.39765388478 -12981.6490566369 -12507.2514027521 33722.514288617 33787.9299343732 33860.3984062398 33519.2145252379 -1056.29121268178 66430.125 40.5
244940 474.667607500073 -12983.0979808031 -12508.430373303 33542.9584596887 33508.2982402843 33878.6378098865 33241.9393288954 -944.154677902601 66430.125 40.5
244950 468.760748284435 -12978.5826361152 -12509.8218878307 33541.1275295122 33314.8144338083 33992.6411281208 33315.9270266075 -765.313917935808 66430.125 40.5
244960 462.572938637009 -12973.8663521446 -12511.2934135076 33739.074886178 33399.8669062962 34163.686089904 33653.6716623336 -734.104232381027 66430.125 40.5
244970 461.423708231417 -12974.1396331702 -12512.7159249388 33856.0777856141 33538.316210985 34054.3300840898 33975.5870617675 -936.885718350404 66430.125 40.5
244980 464.64186316113 -12978.6940837692 -12514.0522206081 33691.6377810297 33508.922389219 33503.7181489381 34062.2728049319 -1032.16281658832 66430.125 40.5
244990 467.864445101195 -12983.2046483793 -12515.3402032781 33438.128771417 33419.1589987937 32963.2959660573 33931.9313493999 -842.189347078651 66430.125 40.5
245000 467.013256928645 -12983.6192104735 -12516.6059535448 33445.0238015061 33563.1113909626 32957.0719083425 33814.8881052132 -350.977099802961 66430.125 40.5
