# Fix print output for fix setl_out
451000 836.190023099655 -12569.597302327 -11733.4072792274 66543.1215475474 67038.6543277594 66659.8961623788 65930.8141525039 -669.922389495214 66430.125 40.5
451010 816.485412271191 -12549.8978445483 -11733.4124322771 67248.1171284566 67739.3344791872 67127.757784533 66877.2591216497 -598.889929433839 66430.125 40.5
451020 814.316726882236 -12547.5749281423 -11733.2582012601 67585.379320209 68151.1765016162 67351.9511812552 67253.0102777556 32.1139160889016 66430.125 40.5
451030 826.934855453389 -12559.8124358053 -11732.8775803519 67094.7959538684 67506.8709793942 66993.0762583646 66784.4406238463 266.333944314842 66430.125 40.5
451040 836.012101464469 -12568.4734144321 -11732.4613129676 66225.1827358548 66424.4921515154 66035.7693141475 66215.2867419017 195.677926815225 66430.125 40.5
451050 834.616066305622 -12566.7943354661 -11732.1782691604 66051.305903171 66134.1269123823 65241.703236957 66778.0875601738 137.653768757639 66430.125 40.5
451060 833.285548671294 -12565.3289538067 -11732.0434051354 65983.9659425869 66090.3469119908 64697.9344563306 67163.6164594394 68.9263667686035 66430.125 40.5
451070 838.335178192398 -12570.3876101991 -11732.0524320067 65856.5832350435 65898.4623364195 64654.8978521618 67016.3895165492 228.850190445877 66430.125 40.5
451080 841.363560573827 -12573.6573103522 -11732.2937497784 65812.5327967464 65727.1513870506 65031.6910319951 66678.7559711933 280.341969887088 66430.125 40.5
451090 837.092857275067 -12569.9294217789 -11732.8365645038 65730.9673939882 65550.9332219539 65316.5750677401 66325.3938922705 127.743506525718 66430.125 40.5
451100 834.226610904267 -12567.8931494371 -11733.6665385328 66013.2927468299 66083.1742702706 65783.422908537 66173.2810616821 178.061041452093 66430.125 40.5
451110 833.568695257335 -12568.3370044368 -11734.7683091795 66161.9305083853 66671.6110070124 66113.6207490463 65700.5597690972 352.742908253531 66430.125 40.5
451120 830.252815392329 -12566.4000902101 -11736.1472748177 66151.1444729929 67042.2081677725 66205.770323405 65205.454927801 242.143241613522 66430.125 40.5
451130 827.818200045498 -12565.6285593312 -11737.8103592857 66153.6928680159 67068.6866523891 66375.6425784099 65016.7493732489 -50.3415019555266 66430.125 40.5
451140 825.367154893424 -12565.100889811 -11739.7337349176 66081.5420911783 66917.0060200034 66346.7521110332 64980.8681424984 -257.400084126686 66430.125 40.5
451150 826.972862264929 -12568.8957965588 -11741.9229342939 66072.2983903208 66754.0981698956 66240.9857084409 65221.811292626 -396.278785510038 66430.125 40.5
451160 831.983851217153 -12576.4309218189 -11744.4470706017 66044.9930944783 66562.5542758044 66136.5803038977 65435.8447037327 -480.989017052371 66430.125 40.5
451170 831.903969512319 -12579.27080717 -11747.3668376577 65716.8464197168 66123.9227137731 65545.3882222062 65481.228323171 -361.366380452517 66430.125 40.5
451180 828.945622887885 -12579.5987102875 -11750.6530873996 65543.6195314701 65844.1756859469 65359.1723601328 65427.5105483306 22.0190506282398 66430.125 40.5
451190 824.384008788712 -12578.5102628484 -11754.1262540597 65386.7223651023 65822.808236071 65418.0132208861 64919.3456383498 672.880287435529 66430.125 40.5
451200 823.782547567783 -12581.3722659549 -11757.5897183872 65191.6999166489 65554.7414891479 65306.5520805637 64713.8061802353 1175.5817101868 66430.125 40.5
451210 822.681651139722 -12583.5548138936 -11760.8731627539 64824.0504934407 65206.8430109081 64484.7930324209 64780.5154369933 1062.13838035487 66430.125 40.5
451220 819.641852563972 -12583.4629212637 -11763.8210686997 64563.090231484 65102.0776078587 63672.5895119692 64914.6035746241 411.381721579781 66430.125 40.5
451230 824.229197334388 -12590.5954445834 -11766.3662472491 64567.3460642383 65187.1496475982 63632.6209095232 64882.2676355934 -319.469165696641 66430.125 40.5
451240 833.097437498328 -12601.6856491444 -11768.5882116461 64319.964988848 64817.5231756911 63681.2834335559 64461.088357297 -835.16719838668 66430.125 40.5
451250 837.045391552608 -12607.6814988474 -11770.6361072948 64090.3712306742 64361.8236097356 63820.477634058 64088.8124482291 -755.10508498921 66430.125 40.5
451260 832.535067554711 -12605.0971380657 -11772.562070511 63971.2181676252 63934.4183536076 63962.8165422635 64016.4196070044 -279.52286790196 66430.125 40.5
451270 823.759179645771 -12598.0338436036 -11774.2746639578 63766.2587614718 63655.5176251865 63931.9532430557 63711.3054161731 162.288675264644 66430.125 40.5
451280 820.197399054776 -12595.8770141007 -11775.6796150459 63687.4442598358 63905.1954690279 63776.9557005876 63380.1816098917 272.698483911917 66430.125 40.5
451290 820.239266540131 -12596.9960860119 -11776.7568194718 63786.7813380498 64308.6279633986 63499.9901563591 63551.7258943918 475.101849137439 66430.125 40.5
451300 819.838890883626 -12597.4030602092 -11777.5641693256 64032.0761364844 64559.0237888919 63456.6623027203 64080.542317841 763.598349649897 66430.125 40.5
451310 816.436061250855 -12594.5589094379 -11778.122848187 64189.7263883046 64653.1579391113 63573.137471525 64342.8837542776 963.382559642884 66430.125 40.5
451320 814.149646614625 -12592.5772767176 -11778.427630103 64243.5344536434 65047.8718817484 63737.9817277798 63944.7497514021 997.067593227451 66430.125 40.5
451330 812.23909740056 -12590.7026827565 -11778.463585356 64394.8847195822 65464.7536295752 64064.6929493422 63655.2075798292 529.410043167599 66430.125 40.5
451340 806.026741126109 -12584.232742559 -11778.2060014329 64791.4311960026 65471.7013781876 64608.8198894445 64293.7723203756 -92.4891140863038 66430.125 40.5
451350 798.156681045738 -12575.7175104832 -11777.5608294374 65122.0613154854 65050.8441678695 65298.8042427572 65016.5355358295 -633.178716096135 66430.125 40.5
451360 799.065471362117 -12575.5050982539 -11776.4396268917 65220.0641757028 64899.7801339013 65629.2253764035 65131.1870168034 -762.015143866918 66430.125 40.5
451370 805.339289538614 -12580.1860527865 -11774.8467632479 65175.6353315852 65216.6187889436 65128.4025625787 65181.8846432333 -832.711385242048 66430.125 40.5
451380 814.264215736838 -12587.1728131444 -11772.9085974076 64747.9851342071 65428.2203761735 64058.239739593 64757.4952868548 -514.733845147945 66430.125 40.5
451390 824.063910122717 -12594.8784415755 -11770.8145314528 64193.4674898413 65267.2714741766 63236.5593524989 64076.5716428483 -170.413685086569 66430.125 40.5
451400 829.100272820421 -12597.8664632533 -11768.7661904329 64254.530214932 65489.9977327309 63611.4676072586 63662.1253048066 -176.665337024324 66430.125 40.5
451410 828.57958365996 -12595.4613242057 -11766.8817405457 64738.1517674602 65794.3758993715 64488.1337605652 63931.9456424439 -290.555578804496 66430.125 40.5
451420 824.875693351881 -12590.0415079601 -11765.1658146082 65128.9356195948 65942.9506362179 65062.2818962559 64381.5743263105 -253.992445317389 66430.125 40.5
451430 820.690712275483 -12584.2311435257 -11763.5404312502 65370.927248948 65971.5073955824 65272.7416466121 64868.5327046494 -231.13936450983 66430.125 40.5
451440 819.806899707452 -12581.7450291919 -11761.9381294844 65342.890243351 65728.962351564 65301.9131942239 64997.795184265 -236.188839536564 66430.125 40.5
451450 816.256501911059 -12576.5694186074 -11760.3129166963 65551.3705551762 65838.0740291768 65823.7433407554 64992.2942955963 -288.822049489304 66430.125 40.5
451460 811.589035105665 -12570.2076834974 -11758.6186483917 65960.1755172245 66303.3007807779 66478.6862311889 65098.5395397068 -464.518440510442 66430.125 40.5
451470 809.672172484817 -12566.4604351351 -11756.7882626503 66027.6353356389 66540.225813066 66344.6677992867 65198.0123945641 -698.543336579388 66430.125 40.5
451480 808.60481018885 -12563.3954918886 -11754.7906816997 66010.7684671418 66744.7128715973 65949.347731717 65338.2447981112 -809.646069626513 66430.125 40.5
451490 813.66677091932 -12566.3145767849 -11752.6478058656 65899.8609574637 66862.6145028308 65640.0545183387 65196.9138512217 -707.789429593572 66430.125 40.5
451500 827.400460406045 -12577.8891541884 -11750.4886937824 65549.3142054759 66564.8601405809 65328.2704245008 64754.8120513459 -464.8332263447 66430.125 40.5
451510 835.02939740553 -12583.5807986949 -11748.5514012894 65553.7414562461 66556.6909501726 65320.0538047842 64784.4796137815 -207.858724101749 66430.125 40.5
451520 825.307058470037 -12572.2569995933 -11746.9499411233 65861.1942109298 66297.3911890408 65935.4050102567 65350.7864334918 -732.433741331257 66430.125 40.5
451530 815.963604161262 -12561.492155065 -11745.5285509037 66323.2145681928 66093.5179336124 66922.2400200194 65953.8857509466 -1469.06729841689 66430.125 40.5
451540 823.151354128335 -12567.273108145 -11744.1217540167 66253.9605369808 65710.389023016 66980.0810419187 66071.4115460079 -1892.49517896123 66430.125 40.5
451550 834.039255575692 -12576.8366356945 -11742.7973801188 66114.3621085558 65472.9328156988 66724.3860789311 66145.7674310377 -1659.94464014369 66430.125 40.5
451560 832.875168849494 -12574.5927873051 -11741.7176184556 66182.2136490636 65728.2362014961 66291.1352580189 66527.2694876757 -1051.4191254687 66430.125 40.5
451570 819.675811278758 -12560.5133136395 -11740.8375023608 66710.2433735203 66541.6957238114 66182.6267547282 67406.4076420214 -582.331715069874 66430.125 40.5
451580 810.275600620422 -12550.1933747223 -11739.9177741018 67034.1995259388 66773.7390822241 66433.3434466349 67895.5160489573 -380.925124350668 66430.125 40.5
451590 818.78751102646 -12557.5975366433 -11738.8100256169 66496.8677630269 65873.6111288887 66507.9806309679 67109.011529224 -57.2615549977415 66430.125 40.5
451600 834.805224583478 -12572.438248583 -11737.6330239996 65835.9153731736 64874.0825719927 66634.3863857816 65999.2771617464 103.017206650591 66430.125 40.5
451610 844.542316798985 -12581.196901033 -11736.654584234 65377.5149083027 63916.2625988957 66369.1832774152 65847.0988485974 85.6216523399834 66430.125 40.5
451620 850.262328511273 -12586.3460690735 -11736.0837405623 65287.7827941603 63359.5115308281 65851.3928147597 66652.444036893 -162.926087964825 66430.125 40.5
451630 849.236563941614 -12585.2295695599 -11735.9930056183 65320.5661511304 63308.9589085967 65487.1293044195 67165.610240375 -190.884231216611 66430.125 40.5
451640 841.580878840557 -12577.9152203183 -11736.3343414778 65600.3710896512 64132.717547003 65488.023878736 67180.3718432147 85.5299876330396 66430.125 40.5
451650 832.897555292555 -12569.8458511473 -11736.9482958548 65988.4770392352 65331.6743772779 65619.221231767 67014.5355086608 161.410658461494 66430.125 40.5
451660 826.857812393856 -12564.5118064786 -11737.6539940847 66230.9244996216 66416.13843731 65396.4037878626 66880.2312736922 -67.6372221273839 66430.125 40.5
451670 828.557571057701 -12566.9134292114 -11738.3558581537 66166.7298227552 66699.5241557595 64929.7099428311 66870.9553696749 -477.084312297037 66430.125 40.5
451680 835.384958111479 -12574.4752100679 -11739.0902519564 65897.8335637985 66102.2276764459 64793.6164696597 66797.6565452899 -913.766860425922 66430.125 40.5
451690 841.261961492052 -12581.2493120456 -11739.9873505535 65635.1194435597 65402.7801593867 65185.1831377282 66317.3950335641 -1145.0300627663 66430.125 40.5
451700 843.724443215334 -12584.8907883644 -11741.166345149 65524.8186218602 65242.0117400401 65650.8201209424 65681.6240045982 -1159.68900370343 66430.125 40.5
451710 843.053069808435 -12585.7378794472 -11742.6848096388 65504.9434833217 65555.0678750253 65755.613657222 65204.1489177179 -592.540648722169 66430.125 40.5
451720 837.95515670405 -12582.4698232008 -11744.5146664967 65752.4698103542 66101.7316153374 65756.6276980302 65399.050117695 117.390845383086 66430.125 40.5
451730 827.578963526699 -12574.1077021542 -11746.5287386275 66187.1791324293 66986.7051854602 65667.8894012366 65906.9428105913 426.215598573877 66430.125 40.5
451740 815.341549973566 -12563.8345971893 -11748.4930472157 66647.4079584401 67384.7812481376 65653.8028042282 66903.6398229546 283.414121135067 66430.125 40.5
451750 808.51954957947 -12558.6992070884 -11750.1796575089 66779.1127671487 67048.4813727776 65595.8062080375 67693.0507206311 -155.277977036115 66430.125 40.5
451760 811.384701360582 -12562.860027005 -11751.4753256444 66396.4316147192 66223.17639739 65285.1232816765 67680.9951650911 -668.870817955565 66430.125 40.5
451770 823.531296969746 -12576.0065431807 -11752.4752462109 65767.1352379799 65288.780498648 64849.9802957369 67162.6449195547 -1023.87498308899 66430.125 40.5
451780 829.079999467445 -12582.4569173659 -11753.3769178985 65464.0381466122 64617.5598858319 64941.3436134629 66833.2109405417 -1114.45393587738 66430.125 40.5
451790 820.557378103237 -12574.8148664378 -11754.2574883345 65569.6173190607 64313.2991087501 65420.9135554267 66974.6392930054 -704.446730688568 66430.125 40.5
451800 811.739379690062 -12566.7251406194 -11754.9857609294 65803.1786411425 64612.068716835 65952.5452446267 66844.9219619658 -277.483526424174 66430.125 40.5
451810 816.610818754892 -12572.0475680349 -11755.43674928 65586.7455561423 64746.3532935597 66068.5018097658 65945.3815651014 -130.262672753488 66430.125 40.5
451820 833.089580540021 -12588.8070326518 -11755.7174521118 64944.6899490186 64506.4020973139 65575.7481844974 64751.9195652443 -498.196696219282 66430.125 40.5
451830 843.362423575856 -12599.4699105956 -11756.1074870198 64569.380678091 64736.3744905321 65238.2132284917 63733.5543152492 -717.799505139011 66430.125 40.5
451840 838.266209629171 -12595.0741335444 -11756.8079239152 64718.7909307972 65326.3419310161 65427.6266065952 63402.4042547804 -540.496766061389 66430.125 40.5
451850 822.903491291723 -12580.6256792132 -11757.7221879215 65107.7542054913 65805.7156932434 65863.5976735855 63653.9492496449 -303.351051015571 66430.125 40.5
451860 812.668926630985 -12571.2660594653 -11758.5971328343 65413.9393386988 65855.7562300525 66133.9405029028 64252.1212831409 -298.217539932721 66430.125 40.5
451870 815.511471564917 -12574.7704730077 -11759.2590014428 65145.2953539202 65144.6569589761 65654.6832343147 64636.5458684698 -684.454202972169 66430.125 40.5
451880 827.999898217727 -12587.7715051154 -11759.7716068977 64725.435498511 64551.805763204 64909.2237773201 64715.2769550087 -1012.58732917736 66430.125 40.5
451890 834.979228187534 -12595.3397703653 -11760.3605421778 64491.505059211 64345.0118032685 64376.3992424277 64753.1041319367 -758.704209040897 66430.125 40.5
451900 825.61890491647 -12586.7855841304 -11761.1666792139 64739.0855437474 64509.6167192783 64473.6347733027 65234.0051386614 -133.377642444467 66430.125 40.5
451910 811.791061802967 -12573.88680721 -11762.095745407 65331.5045419915 64654.8674067417 65081.4667564232 66258.1794628095 572.256284149741 66430.125 40.5
451920 808.962420705077 -12571.9192323035 -11762.9568115984 65520.0385239125 64497.1633208662 65315.7606981109 66747.1915527604 659.956269706101 66430.125 40.5
451930 817.543388013397 -12581.2526209568 -11763.7092329434 65071.0098851524 64314.031286679 65194.3714934162 65704.6268753622 -239.422902954759 66430.125 40.5
451940 826.29970475056 -12590.7994463011 -11764.4997415506 64446.8872144041 64083.4125973167 65210.1935100864 64047.0555358092 -1168.5742267005 66430.125 40.5
451950 825.896756541428 -12591.4230943519 -11765.5263378105 64087.1110989378 63836.4068081482 65502.7655754728 62922.1609131924 -1094.11241501096 66430.125 40.5
451960 815.618850890311 -12582.4312611205 -11766.8124102302 64443.5612916671 64263.2810888118 65767.7290504986 63299.6737356908 -48.1809751816691 66430.125 40.5
451970 808.903518000643 -12577.0972195856 -11768.1937015849 64723.4667003832 64676.0986108799 65302.4059649235 64191.8955253463 692.537192365393 66430.125 40.5
451980 813.83845165143 -12583.3477854209 -11769.5093337694 64631.0787707296 64581.4723660625 64373.1223418157 64938.6416043106 792.494226637145 66430.125 40.5
451990 825.436388921505 -12596.2349300119 -11770.7985410904 64195.3725702471 64033.8903903668 63472.1558142331 65080.0715061414 368.343702159996 66430.125 40.5
452000 830.36922932579 -12602.5903748206 -11772.2211454949 63925.6394474465 63322.8621302642 63567.5126900812 64886.5435219941 -441.677761228649 66430.125 40.5
452010 820.252080812425 -12594.0613194103 -11773.8092385979 64129.2926127279 63342.7477738263 64200.1797303743 64844.9503339832 -1011.17718412683 66430.125 40.5
452020 808.130909038764 -12583.478631589 -11775.3477225502 64572.7525383881 63705.0988066267 64954.2973778453 65058.8614306924 -1116.3686922993 66430.125 40.5
452030 811.365132885108 -12588.0024140299 -11776.6372811448 64660.6113041747 63645.3644979636 65130.7807881739 65205.6886263868 -702.119663002878 66430.125 40.5
452040 820.044138989982 -12597.7380196604 -11777.6938806704 64483.3584711167 63579.7144122229 64461.2712556586 65409.0897454687 -147.261400262686 66430.125 40.5
452050 819.983761280683 -12598.6151970109 -11778.6314357302 64427.5022698847 63780.9292797177 63858.1603268986 65643.4172030379 -270.179417072813 66430.125 40.5
452060 811.22628488818 -12590.667527436 -11779.4412425478 64570.9564474453 64300.2142647876 63715.7232194856 65696.9318580627 -775.686844907387 66430.125 40.5
452070 800.220525570948 -12580.172205775 -11779.951680204 64982.3476212548 65082.1857248282 64122.4617200058 65742.3954189304 -918.640368171725 66430.125 40.5
452080 796.894367803604 -12576.860307206 -11779.9659394024 65068.1974473643 65315.0783511745 64567.0428263514 65322.471164567 -702.363659551264 66430.125 40.5
452090 802.369888350906 -12581.7841815821 -11779.4142932312 64703.3081953541 65020.8225657767 64733.1914289902 64355.9105912954 -580.023141669615 66430.125 40.5
452100 803.563547183025 -12581.8867910094 -11778.3232438264 64407.1787802677 64458.1011011786 65005.2518552394 63758.1833843853 -501.721191616915 66430.125 40.5
452110 804.123042922368 -12580.8422536595 -11776.7192107371 64111.0262736041 63633.398460503 64903.2230015367 63796.4573587726 -249.998852613328 66430.125 40.5
452120 815.53902703962 -12590.1773369369 -11774.6383098972 63740.5063274571 62940.7272207347 64277.7492152293 64003.0425464073 82.8473746019831 66430.125 40.5
452130 829.670153219547 -12601.9346098253 -11772.2644566057 63239.8631046612 62379.7006222987 63501.867393196 63838.0212984888 311.097330093108 66430.125 40.5
452140 833.27029080766 -12603.157100463 -11769.8868096553 63228.4873232054 62570.3194501044 63266.7425825637 63848.399936948 368.781772022299 66430.125 40.5
452150 828.916058234817 -12596.5657988483 -11767.6497406134 63545.971370894 63306.9112621957 63643.7157256819 63687.2871248046 227.361519033484 66430.125 40.5
452160 827.467791767933 -12592.9881880521 -11765.5203962842 63790.9508628289 63860.0366755838 64066.8212946826 63445.9946182201 -129.933973490947 66430.125 40.5
452170 831.520470278367 -12594.9944587793 -11763.4739885009 63913.4669204186 63922.7958099296 64243.0499377572 63574.555013569 -376.621531978744 66430.125 40.5
452180 833.791865138248 -12595.3580797365 -11761.5662145982 63932.7223417545 63374.5954729731 64363.8348238414 64059.736728449 -367.427539543145 66430.125 40.5
452190 832.21024335645 -12592.0565303595 -11759.8462870031 64001.0534365937 63112.2171581186 64423.175720913 64467.7674307496 64.9481684975317 66430.125 40.5
452200 831.850415488239 -12590.1458049118 -11758.2953894236 64202.7049113476 63600.8663374874 64324.2619818215 64682.9864147338 403.213097303175 66430.125 40.5
452210 833.861455532489 -12590.7576128477 -11756.8961573152 64327.6119401574 64248.2701483374 64187.7377882838 64546.827883851 289.455561870305 66430.125 40.5
452220 832.30137163541 -12587.9654211651 -11755.6640495297 64731.9314555865 64728.328537327 64721.7512148007 64745.7146146319 181.873567445392 66430.125 40.5
452230 822.701004774004 -12577.2457752248 -11754.5447704507 65425.6814756151 64763.9238327726 66062.1173734983 65451.0032205744 560.422276344071 66430.125 40.5
452240 817.155977905844 -12570.5263851189 -11753.3704072131 65468.9352774585 64056.8126075853 66840.5694251261 65509.4237996641 644.063797003157 66430.125 40.5
452250 830.105480285766 -12582.1755201672 -11752.0700398814 65031.965218796 63771.5472705748 66501.5019326375 64822.8464531758 159.034168648211 66430.125 40.5
452260 844.355988868141 -12595.1757919534 -11750.8198030853 64893.173289471 64454.1658312624 66046.4744848765 64178.8795522741 -512.98566378377 66430.125 40.5
452270 840.903120121972 -12590.7758477876 -11749.8727276656 65072.7596700515 65362.6363680077 65816.415883821 64039.2267583258 -1064.47235956769 66430.125 40.5
452280 824.749459226742 -12573.9274900904 -11749.1780308636 65616.0458369562 66016.369151931 66142.4467090648 64689.3216498728 -1255.13032111572 66430.125 40.5
452290 817.080803391775 -12565.555334535 -11748.4745311433 65811.3040507364 65784.2002083957 66410.0616983392 65239.6502454743 -900.898065439971 66430.125 40.5
452300 821.675885268487 -12569.2709754819 -11747.5950902134 65852.109863694 65577.0659114757 66251.9442265539 65727.3194530523 14.3423205697931 66430.125 40.5
452310 824.735665165203 -12571.3042998538 -11746.5686346886 65850.5680307598 65759.1404881919 65657.0919292817 66135.4716748056 928.623922096948 66430.125 40.5
452320 822.334374401744 -12567.7854509708 -11745.451076569 66076.9135941502 66026.5174451984 65673.972434331 66530.2509029212 1189.32271626218 66430.125 40.5
452330 819.161624693689 -12563.3693470302 -11744.2077223365 66296.8788324971 65830.271506794 66605.768903906 66454.5960867912 962.634986439643 66430.125 40.5
452340 818.122634271736 -12560.8808300451 -11742.7581957734 66349.7302438562 65536.9968070634 67288.5785047382 66223.6154197671 497.889695491242 66430.125 40.5
452350 826.105591265852 -12567.1947680491 -11741.0891767833 66058.8809270383 65163.5603474824 66892.8531002159 66120.2293334167 -33.7271572704963 66430.125 40.5
452360 835.473594715858 -12574.8042134359 -11739.33061872 66025.0106049732 65086.1706039497 66457.5167932075 66531.3444177625 -422.729332172461 66430.125 40.5
452370 825.861750811011 -12563.468029324 -11737.606278513 66468.5536591985 65407.9747051024 66256.7809387632 67740.9053337298 -680.809140703157 66430.125 40.5
452380 813.299153140804 -12549.1116130256 -11735.8124598848 66940.7253012611 66061.7972150012 66322.0906679493 68438.2880208328 -826.670076267152 66430.125 40.5
452390 823.18265067783 -12556.9363085299 -11733.753657852 66886.3721116346 66674.9662016008 65910.2175519183 68073.9325813848 -944.04140788419 66430.125 40.5
452400 841.877872189832 -12573.404465279 -11731.5265930892 66271.3555366993 66895.7264817357 64734.0214120209 67184.3187163412 -661.096928083253 66430.125 40.5
452410 850.55165521773 -12580.0396431537 -11729.487987936 65930.4709683684 66854.9935629549 64275.0986456445 66661.3206965058 102.221449460173 66430.125 40.5
452420 848.101202731775 -12575.9741286517 -11727.8729259199 66134.6322508818 66742.4865061736 64692.0368314703 66969.3734150016 449.388779699953 66430.125 40.5
452430 843.082250033288 -12569.752893038 -11726.6706430047 66393.8712783251 66094.4794446861 65489.2025257539 67597.9318645353 496.062606464533 66430.125 40.5
452440 843.789000301795 -12569.5910797583 -11725.8020794565 66379.1307855706 65634.6536751549 65652.9191416438 67849.8195399132 163.682388125416 66430.125 40.5
452450 843.886581385471 -12569.1301981438 -11725.2436167583 66217.6337991158 65613.4273037915 65509.0934139634 67530.3806795925 -237.341742373742 66430.125 40.5
452460 841.103438613842 -12566.1100617402 -11725.0066231264 66159.6829630001 66008.0947815319 65670.6829945735 66800.271112895 -452.073142808385 66430.125 40.5
452470 835.702197270395 -12560.7457322308 -11725.0435349604 66395.3535897457 67059.8664937451 66069.3791929796 66056.8150825123 -324.403854708583 66430.125 40.5
452480 831.204237735063 -12556.4691884925 -11725.2649507574 66686.8525465375 67495.5127095258 66843.6565135792 65721.3884165075 -543.813238017241 66430.125 40.5
452490 833.608218705517 -12559.2342997381 -11725.6260810326 66728.7840033336 67762.3874831525 66795.3957608774 65628.5687659709 -972.13945011637 66430.125 40.5
452500 835.705846549072 -12561.8869944107 -11726.1811478616 66691.5924210009 68145.7354573724 66248.433975208 65680.6078304223 -1298.65228632084 66430.125 40.5
452510 830.839557538321 -12557.840250852 -11727.0006933137 66633.7544212386 68196.4955467984 65590.1223562207 66114.6453606969 -1196.94619463425 66430.125 40.5
452520 827.330844322794 -12555.4115605527 -11728.0807162299 66599.8261892051 67658.4090961524 65607.7598694693 66533.3096019934 -813.19412268592 66430.125 40.5
452530 834.168937876087 -12563.6466483586 -11729.4777104826 66188.2132050038 66345.3861892752 65908.8084949649 66310.4449307712 -244.450729695083 66430.125 40.5
452540 838.186375141044 -12569.599501991 -11731.41312685 65897.9641209839 65252.2240665948 66394.0386608591 66047.6296354976 144.666139060795 66430.125 40.5
452550 828.65431462405 -12562.697136714 -11734.04282209 66190.0638867943 65234.7636488167 66976.7815161774 66358.6464953888 306.154737569682 66430.125 40.5
452560 820.709871200969 -12557.9915550395 -11737.2816838385 66341.444823744 65304.2553415911 67085.9414336591 66634.1376959819 171.029426647786 66430.125 40.5
452570 825.329412743179 -12566.2956698383 -11740.9662570951 66246.4382505128 65094.2011362978 66954.8493316728 66690.2642835677 153.413336418614 66430.125 40.5
452580 835.238327938242 -12580.289313104 -11745.0509851658 65793.659585681 64478.9054910685 66622.7615917045 66279.31167427 270.783318862503 66430.125 40.5
452590 833.658260461669 -12583.0779371701 -11749.4196767084 65502.5466692812 63940.2254022773 66621.8866441288 65945.5279614374 492.46036791942 66430.125 40.5
452600 822.22595450105 -12575.9046530496 -11753.6786985485 65370.4113557018 63872.4208422977 66382.3727305406 65856.440494267 753.166119732683 66430.125 40.5
452610 817.932172252231 -12575.3377598278 -11757.4055875756 65208.1165719671 64562.0222503061 65580.766699799 65481.560765796 636.229783856825 66430.125 40.5
452620 824.764739435937 -12585.2624105269 -11760.497671091 64818.0044711915 65287.6136109125 64281.24584158 64885.153961082 582.004006680298 66430.125 40.5
452630 827.724868082808 -12590.7985085211 -11763.0736404382 64474.5833855309 65535.5775712256 63428.7878062331 64459.384779134 463.837887071443 66430.125 40.5
452640 823.024889705694 -12588.260670235 -11765.2357805293 64481.8736830296 65609.3796136713 63426.2127589066 64410.028676511 206.314500746853 66430.125 40.5
452650 816.433091139014 -12583.4112454511 -11766.9781543121 64656.2382213811 65492.250603144 63843.5171704405 64632.9468905589 9.16638293942796 66430.125 40.5
452660 814.931712386366 -12583.2248355236 -11768.2931231372 64923.1948418216 65374.2449421495 64560.8015233985 64834.5380599167 -134.42327003391 66430.125 40.5
452670 816.610110141641 -12585.8437279643 -11769.2336178227 65035.5992000841 65096.6917724053 65104.3477297235 64905.7580981237 89.6344707954392 66430.125 40.5
452680 818.716477335048 -12588.5972328757 -11769.8807555407 64913.1379671494 64553.6374422951 65354.481552652 64831.2949065012 215.418989174715 66430.125 40.5
452690 825.026784981342 -12595.3633864626 -11770.3366014813 64802.013423136 64193.3630920628 65318.8777502176 64893.7994271276 335.945608381729 66430.125 40.5
452700 830.105036696686 -12600.8335646722 -11770.7285279755 64580.6753087746 63923.0741015905 64956.3057868512 64862.6460378819 157.940528353281 66430.125 40.5
452710 827.755808987116 -12598.8986919249 -11771.1428829377 64494.0284789774 64203.2779475136 64626.704235372 64652.1032540466 -100.002215862409 66430.125 40.5
452720 820.562590923449 -12592.1090767186 -11771.5464857952 64604.9172213035 64699.1070712918 64700.0014978269 64415.6430947918 -288.539116247705 66430.125 40.5
452730 814.401602993199 -12586.217642455 -11771.8160394618 64755.3640205568 64635.3282962613 65235.9024437173 64394.8613216918 -450.924815640398 66430.125 40.5
452740 812.229618533564 -12584.0720892416 -11771.842470708 64656.651858952 63949.5906445252 65834.7128858668 64185.652046464 -687.824848957218 66430.125 40.5
452750 814.314384158424 -12585.8956957534 -11771.5813115949 64373.4015316551 63608.5311665895 65996.600226691 63515.0732016849 -820.906471440038 66430.125 40.5
452760 820.236007584172 -12591.3098610489 -11771.0738534648 64196.7598414381 63978.752333761 65551.4123522855 63060.1148382677 -798.792496562144 66430.125 40.5
452770 825.830743236527 -12596.2389672878 -11770.4082240513 63997.9376844535 64486.9146167561 64774.5251670031 62732.3732696013 -290.771044906091 66430.125 40.5
452780 830.615195276944 -12600.3184118003 -11769.7032165233 63923.2291154317 64828.4945707515 64331.9313197199 62609.2614558238 393.668981663198 66430.125 40.5
452790 827.724287495846 -12596.749013874 -11769.0247263782 64251.9691487905 65046.3854178337 64446.5157395481 63263.0062889896 1074.31336309524 66430.125 40.5
452800 821.315088956787 -12589.6406374941 -11768.3255485373 64684.5008467515 64841.9522238939 64789.7584713212 64421.7918450393 1279.8868447769 66430.125 40.5
452810 822.117118024234 -12589.6279731864 -11767.5108551621 64913.1015875095 64592.1117828004 65142.0486226744 65005.1443570536 731.905893659939 66430.125 40.5
452820 824.151045816289 -12590.7001635081 -11766.5491176918 64965.8214435729 64372.716669637 65618.3503474808 64906.397313601 -247.249970443665 66430.125 40.5
452830 822.492297572627 -12587.9572668567 -11765.4649692841 65166.2150679693 64446.4914612357 65949.1271351994 65103.0266074728 -759.898067166902 66430.125 40.5
452840 818.941539747031 -12583.163119952 -11764.221580205 65289.4573557554 64486.2421389503 65657.1189464123 65725.0109819035 -528.01519884678 66430.125 40.5
452850 817.612485789969 -12580.3661112957 -11762.7536255057 65385.3105690621 64422.1434552475 65453.9765555463 66279.8116963926 -32.8183322369521 66430.125 40.5
452860 816.334760060276 -12577.3382762962 -11761.003516236 65373.8640343444 64333.6913030899 65596.2235591406 66191.6772408027 184.959317734664 66430.125 40.5
452870 813.671439363851 -12572.6107424913 -11758.9393031274 65623.6069158953 64752.2784792903 66298.2610322941 65820.2812361016 301.943114281259 66430.125 40.5
452880 813.223532566168 -12569.7422099779 -11756.5186774117 65918.7542702349 65463.4475741442 66739.3500076167 65553.4652289437 319.644612880205 66430.125 40.5
452890 819.367162629202 -12573.1294670971 -11753.7623044679 65756.5713144596 65941.1107191631 66483.0230453335 64845.580178882 597.875305600631 66430.125 40.5
452900 826.273829178327 -12577.0856573933 -11750.811828215 65627.9905352612 66201.4973201263 66099.1165182141 64583.3577674434 795.515327889851 66430.125 40.5
452910 832.031270395704 -12579.9212819188 -11747.8900115231 65406.6972803925 66042.8477061523 65591.6378333861 64585.6063016389 653.200837803175 66430.125 40.5
452920 836.116347267717 -12581.3096005251 -11745.1932532574 65233.190890325 65381.2766706769 65723.4927983397 64594.8032019585 318.033147515983 66430.125 40.5
452930 836.495663200591 -12579.3528839073 -11742.8572207067 65239.3679379988 65040.6723534668 66444.192181878 64233.2392786516 303.533419611606 66430.125 40.5
452940 832.608397101388 -12573.5081123707 -11740.8997152693 65549.3017219351 65325.7806596798 67257.0783861068 64065.0461200187 692.638534516461 66430.125 40.5
452950 832.292444517271 -12571.5558949701 -11739.2634504528 65923.4253043055 65716.8187962534 67603.243540527 64450.2135761362 1184.07017342326 66430.125 40.5
452960 833.796546890689 -12571.7049788364 -11737.9084319457 66109.2666152222 65851.0959309008 67189.777758763 65286.9261560027 1131.35624658465 66430.125 40.5
452970 829.876991510105 -12566.6895970633 -11736.8126055532 66084.1585884689 65700.4001442446 66556.7446487238 65995.3309724384 776.785489862099 66430.125 40.5
452980 822.703023343653 -12558.5959133221 -11735.8928899784 66411.6987028432 66178.0707240144 66568.4435871818 66488.5817973335 621.00692555563 66430.125 40.5
452990 817.321300200956 -12552.3152642849 -11734.993964084 66816.76837427 66972.7716501574 66673.2072197714 66804.3262528813 673.848034550951 66430.125 40.5
453000 822.916861477578 -12556.9556394591 -11734.0387779815 66844.2681951365 67237.2356227261 66299.9962810468 66995.5726816367 753.341295149546 66430.125 40.5
453010 834.669093485126 -12567.7803368884 -11733.1112434032 66486.1944646378 66806.9979346965 65366.4924008917 67285.0930583253 1056.41480200807 66430.125 40.5
453020 841.805242506353 -12574.2064732228 -11732.4012307164 66258.8214251354 66100.6535891601 65075.4774360272 67600.3332502189 936.884730752329 66430.125 40.5
453030 843.406557260974 -12575.4426640982 -11732.0361068372 66285.2532765102 65350.977007496 65691.5176175094 67813.265204525 258.962506395149 66430.125 40.5
453040 841.472097114305 -12573.4846416716 -11732.0125445573 66469.4613174604 65385.3385428434 66441.5786723296 67581.4667372082 -440.856559453325 66430.125 40.5
453050 841.146503739827 -12573.4285977636 -11732.2820940238 66470.7739303237 65700.8366141372 66881.7800793506 66829.7050974834 -934.739404771415 66430.125 40.5
453060 839.310465805728 -12572.1127179672 -11732.8022521615 66507.9850646735 65958.3599689157 67252.1898674135 66313.4053576912 -1047.95716492623 66430.125 40.5
453070 834.38208849877 -12567.8850958716 -11733.5030073728 66486.7152433502 65961.8724485678 67465.1405344859 66033.1327469969 -955.345943650489 66430.125 40.5
453080 834.7029549734 -12569.0221566328 -11734.3192016594 66542.6541583915 65870.6786836038 67155.8601948907 66601.4235966799 -650.454811066409 66430.125 40.5
453090 835.714397226601 -12570.9379902442 -11735.2235930176 66391.9578687002 65679.3213416979 66416.1054715115 67080.4467928912 -254.119433338418 66430.125 40.5
453100 836.72328513362 -12572.9718126645 -11736.2485275309 66273.1777647175 65776.8450433397 65857.5683740739 67185.119876739 149.352268550061 66430.125 40.5
453110 831.516860173767 -12568.9014445751 -11737.3845844013 66511.2539957054 65924.6066192622 66095.1360457695 67514.0193220846 231.736770860919 66430.125 40.5
453120 819.692965156277 -12558.1918327811 -11738.4988676248 66738.0290611938 65838.0237757924 66526.8366305849 67849.2267772042 78.4136325898984 66430.125 40.5
453130 816.756058169622 -12556.1726840543 -11739.4166258847 66810.3459942168 65400.8873748594 66812.3464109283 68217.8041968628 -281.687791906639 66430.125 40.5
453140 825.846391095094 -12565.9668691153 -11740.1204780202 66402.0665658504 64844.7246859385 66730.4406814716 67631.034330141 -799.815319946388 66430.125 40.5
453150 833.000884223514 -12573.7593637079 -11740.7584794844 65918.9142008449 64595.6666335082 66694.0542512278 66467.0217177986 -961.091399009093 66430.125 40.5
453160 831.29497079152 -12572.7557106117 -11741.4607398202 65793.0565318316 64554.1639704491 66768.1641073406 66056.8415177051 -935.371414331824 66430.125 40.5
453170 824.126746274647 -12566.3195522006 -11742.1928059259 65936.8165647257 64284.7409183456 66959.2556823949 66566.4530934364 -658.070704386543 66430.125 40.5
453180 820.118206565063 -12562.9541317161 -11742.8359251511 66054.5145524006 63996.2174215544 67278.9028687836 66888.4233668639 -115.241312234271 66430.125 40.5
453190 823.524677271092 -12566.8596869587 -11743.3350096876 65854.8557544538 63692.4208763905 67326.6792157163 66545.4671712545 -112.093731895045 66430.125 40.5
453200 829.114990093401 -12572.8657893651 -11743.7507992717 65690.2200318016 63428.3157646634 67434.3845291933 66207.9598015482 -511.94838088181 66430.125 40.5
453210 830.717229356089 -12574.9069468221 -11744.189717466 65582.9377497849 63542.1924582931 67345.1332482734 65861.4875427883 -731.604118188658 66430.125 40.5
453220 825.097772032392 -12569.7537002252 -11744.6559281928 65654.5126821333 64217.8695031592 67008.5674432615 65737.1010999793 -920.271529642815 66430.125 40.5
453230 825.985769728407 -12571.068952906 -11745.0831831776 65622.9779191387 64537.1382304458 66614.7016239894 65717.0939029809 -798.884595917327 66430.125 40.5
453240 839.056354064457 -12584.5877628285 -11745.5314087641 65342.3695568029 64539.6791554256 66009.1901210639 65478.2393939192 -395.5855296305 66430.125 40.5
453250 843.857513895044 -12590.0468789321 -11746.1893650371 65115.1037563841 64395.716639885 65390.4386762333 65559.155953034 -67.7174948100875 66430.125 40.5
453260 835.57932626619 -12582.7233104293 -11747.1439841631 65212.3879330767 64387.0299505143 65157.8035905724 66092.3302581434 336.520670154891 66430.125 40.5
453270 825.522602766382 -12573.78214254 -11748.2595397736 65496.9701063611 64692.1441744922 65283.8738402266 66514.8923043646 408.71515857368 66430.125 40.5
453280 817.520417588516 -12566.8520970947 -11749.3316795062 65754.0750795153 65253.1039364267 65387.8928329975 66621.2284691215 53.2939594291285 66430.125 40.5
453290 816.078852335188 -12566.2946678868 -11750.2158155516 65552.7675319561 65546.1710278136 64934.8319106217 66177.2996574329 -77.1646012977992 66430.125 40.5
453300 828.086874432724 -12579.024137262 -11750.9372628292 64966.1823476336 64998.627695973 64473.1858423734 65426.7335045543 181.945025619942 66430.125 40.5
453310 840.210718214729 -12591.9192074085 -11751.7084891938 64620.1804887533 64206.7689121993 64600.3858849357 65053.3866691248 667.857549745352 66430.125 40.5
453320 838.560110380139 -12591.3054501794 -11752.7453397993 64728.5233577266 64089.1083322045 64947.2111801012 65149.250560874 908.380097411173 66430.125 40.5
453330 827.125034307731 -12581.1719251185 -11754.0468908108 65141.3452512506 64777.1945742485 65228.5562210505 65418.2849584529 681.364342433692 66430.125 40.5
453340 815.443472211135 -12570.8691266857 -11755.4256544745 65593.0399419494 65471.2535846184 65756.2781658082 65551.5880754215 773.364485735392 66430.125 40.5
453350 811.712498914966 -12568.410331958 -11756.697833043 65592.2466857884 65309.3222388439 66052.9663984772 65414.451420044 882.148199405483 66430.125 40.5
453360 818.280016159703 -12576.1186211547 -11757.838604995 65385.8636220744 64953.906966985 65857.5046775892 65346.1792216489 513.601799355234 66430.125 40.5
453370 826.221552479221 -12585.2221584843 -11759.000606005 65231.1826394535 65090.3666846108 65135.7852455153 65467.3959882344 126.129047413955 66430.125 40.5
453380 824.213925706985 -12584.5909022162 -11760.3769765092 65078.8029387528 65649.0667371741 64250.1008845294 65337.2411945548 155.113822789529 66430.125 40.5
453390 814.197873465345 -12576.2428586721 -11762.0449852068 65243.7254746325 66259.8671069594 64327.3660477297 65143.9432692083 304.66767417617 66430.125 40.5
453400 807.650238545614 -12571.6104044858 -11763.9601659402 65494.5087825067 66436.8379661706 65312.9280454278 64733.7603359218 344.757821738954 66430.125 40.5
453410 813.170652078065 -12579.3103590336 -11766.1397069556 65324.38152687 65645.385309154 66162.5566532369 64165.202618219 479.915477296071 66430.125 40.5
453420 822.613727468796 -12591.3745052585 -11768.7607777897 64757.6430152989 64484.1750773082 66203.4696351443 63585.2843334443 395.555348012913 66430.125 40.5
453430 824.716564358742 -12596.7258561502 -11772.0092917914 64291.2779435827 63949.2311966957 65651.6647519057 63272.9378821468 267.27416388549 66430.125 40.5
453440 819.717811255578 -12595.5606975554 -11775.8428862998 64119.1499854887 64033.7532804881 65257.6478535658 63066.0488224122 54.713243570128 66430.125 40.5
453450 810.302930510132 -12590.2078797328 -11779.9049492226 64123.4162050887 64386.9991063245 64777.6705529902 63205.5789559515 -24.5902225446841 66430.125 40.5
453460 805.94370596909 -12589.700715243 -11783.757009274 63924.8172339191 64092.8526063712 64281.0906686563 63400.5084267298 45.85952245135 66430.125 40.5
453470 806.818532363242 -12593.9412302646 -11787.1226979014 63833.9411450827 63684.091796209 64187.375071431 63630.356567608 38.0884476185021 66430.125 40.5
453480 807.552187054461 -12597.4558208072 -11789.9036337527 63766.0861221852 63293.5250917422 64201.4401508216 63803.2931239918 107.471202285669 66430.125 40.5
453490 811.783289340485 -12603.9091940707 -11792.1259047302 63260.9593483546 62740.426804445 64018.5121551973 63023.9390854214 147.033003623009 66430.125 40.5
453500 818.366264425485 -12612.2803077225 -11793.914043297 62827.1986022595 62570.2346764983 63651.5394693585 62259.8216609217 294.943436001916 66430.125 40.5
453510 819.817425680321 -12615.2165828477 -11795.3991571674 62851.083021659 63052.2573977535 63603.8170326253 61897.1746345982 373.828819293009 66430.125 40.5
453520 816.514312294739 -12613.1562279667 -11796.641915672 62972.5022959192 63606.1969379298 63529.0352873951 61782.2746624326 84.6731797889064 66430.125 40.5
453530 808.925686812985 -12606.5226407248 -11797.5969539118 63161.2681555581 64013.2901405613 63479.9116965587 61990.6026295544 -381.646069925764 66430.125 40.5
453540 799.175624672856 -12597.3223495094 -11798.1467248366 63486.9001847186 64093.4985681313 63698.5422011173 62668.6597849072 -751.306741671165 66430.125 40.5
453550 794.527579604893 -12592.678179349 -11798.1505997441 63666.8962644795 63691.37475165 64014.0356312057 63295.2784105829 -845.142365110075 66430.125 40.5
453560 799.805811039401 -12597.3630292649 -11797.5572182255 63402.8509524035 62775.8246231775 63825.0820270173 63607.6462070157 -411.849128363732 66430.125 40.5
453570 810.079737389275 -12606.5269259388 -11796.4471885495 63155.681696839 62402.1815885156 63024.4928041452 64040.3706978563 245.335100593246 66430.125 40.5
453580 815.607394048562 -12610.6040219771 -11794.9966279285 63103.5095549162 62736.8214389581 62121.5281796222 64452.1790461682 558.729937594049 66430.125 40.5
453590 806.644817920061 -12599.9329631947 -11793.2881452747 63430.9237958474 63450.2277335473 62074.9909693634 64767.5526846314 423.651556021634 66430.125 40.5
453600 797.265834270441 -12588.4885018936 -11791.2226676232 63677.1306506378 63772.3328547135 62697.9144120955 64561.1446851044 430.064915380412 66430.125 40.5
453610 802.664487009235 -12591.3467699404 -11788.6822829312 63972.5866437702 64184.3942039231 63403.9533507211 64329.4123766663 558.46837203655 66430.125 40.5
453620 810.880341792609 -12596.6282165305 -11785.7478747379 64111.8554720375 64606.1353478392 63674.834449672 64054.5966186012 762.59042804621 66430.125 40.5
453630 811.705231037039 -12594.3589057187 -11782.6536746817 64204.6433829575 64712.9912514383 63823.6760915963 64077.2628058379 808.128949254369 66430.125 40.5
453640 813.807043011955 -12593.379045063 -11779.5720020511 64322.2422976968 64243.0069290967 64388.4094674781 64335.3104965157 639.031852355228 66430.125 40.5
453650 819.505093836281 -12596.1204521634 -11776.6153583271 64192.5033157594 63711.6065000812 64846.6035437735 64019.2999034236 297.139649781092 66430.125 40.5
453660 823.568465808172 -12597.4944518354 -11773.9259860272 63999.6869162205 63326.1018399275 64909.5960972081 63763.3628115258 -229.351082193982 66430.125 40.5
453670 822.366157224296 -12593.944187415 -11771.5780301907 64208.8564721423 63313.629360657 65214.0760242286 64098.8640315413 -771.367667042726 66430.125 40.5
453680 818.711665337416 -12588.2298233954 -11769.518158058 64534.4302912181 63563.914996083 65366.4296913666 64672.9461862047 -931.148533564604 66430.125 40.5
453690 822.643135359158 -12590.2949216526 -11767.6517862934 64619.2403556694 63299.1348077409 65372.3951203085 65186.1911389586 -1057.70353351674 66430.125 40.5
453700 831.108734976595 -12597.0988185489 -11765.9900835723 64362.8236106696 63030.8631530308 64749.5332198205 65308.0744591575 -1310.34088521814 66430.125 40.5
453710 826.736557087514 -12591.3202940514 -11764.5837369638 64449.5654008141 63652.6504641878 64394.2465832837 65301.7991549709 -1355.77373943767 66430.125 40.5
453720 815.950573705343 -12579.289207064 -11763.3386333587 64758.5741652603 64707.150505298 64576.6065465821 64991.9654439007 -1113.30028916145 66430.125 40.5
453730 811.866551438047 -12573.9079084455 -11762.0413570075 64999.7568805186 65427.1969598778 65173.4369992085 64398.6366824696 -778.533886466122 66430.125 40.5
453740 815.988933760788 -12576.5860489139 -11760.5971151532 65168.8294656912 65630.9784118188 65954.7471807122 63920.7628045427 -337.869213549917 66430.125 40.5
453750 819.023296034423 -12578.0649389648 -11759.0416429304 65288.5654481885 65504.6821052187 66394.0276220639 63966.9866172829 -7.72807296826609 66430.125 40.5
453760 816.448583443973 -12573.8726547176 -11757.4240712736 65578.3338196904 65397.0282154977 66598.9780717802 64738.9951717933 189.971486312876 66430.125 40.5
453770 815.036554647954 -12570.7497381735 -11755.7131835255 65618.7570173839 65332.9404423965 65989.1221813272 65534.2084284279 158.320362676238 66430.125 40.5
453780 822.513322634456 -12576.405666215 -11753.8923435806 65588.4513692369 65747.3025609245 65077.3550570077 65940.6964897785 -288.947554409344 66430.125 40.5
453790 832.27984783986 -12584.3590954106 -11752.0792475708 65421.6665589045 65807.543789621 64690.841334638 65766.6145524544 -750.416691352315 66430.125 40.5
453800 832.312928269741 -12582.7440247998 -11750.4310965301 65322.5197706943 65750.7085174097 64551.4698769712 65665.3809177019 -747.742915228945 66430.125 40.5
453810 823.2012953077 -12572.1637120361 -11748.9624167284 65614.0270256884 65808.0914694696 65032.2265719265 66001.763035669 -261.101495964601 66430.125 40.5
453820 814.433967966232 -12561.9346574306 -11747.5006894644 65908.6414526435 65451.2670221611 65896.8521961393 66377.80513963 121.75194985392 66430.125 40.5
453830 817.578386719601 -12563.4801025717 -11745.9017158521 66040.349584494 64968.3368530415 66617.0412003284 66535.670700112 73.2439123453454 66430.125 40.5
453840 826.00232218034 -12570.178038927 -11744.1757167467 65963.3989715269 64732.0097509684 66587.7783150727 66570.4088485397 39.6336147931849 66430.125 40.5
453850 835.13965990562 -12577.6290305718 -11742.4893706662 65901.579158984 64591.0824174315 66484.9519537645 66628.7031057561 184.436371869535 66430.125 40.5
453860 837.79141981825 -12578.802723538 -11741.0113037198 65924.3211991085 64736.5507621166 66552.8450103589 66483.5678248502 131.436361881973 66430.125 40.5
453870 829.282456541484 -12569.0540854413 -11739.7716288999 66348.1148803308 65611.6705436447 66728.4312676483 66704.2428296993 -206.454773568296 66430.125 40.5
453880 824.150888008409 -12562.7942136755 -11738.6433256671 66531.0602598303 66490.7927199359 66802.0058638969 66300.3821956581 -549.591599982729 66430.125 40.5
453890 828.251537347049 -12565.7709955749 -11737.5194582278 66473.5668766079 67250.7419123195 66848.5017946257 65321.4569228786 -798.572751366056 66430.125 40.5
453900 831.508490451593 -12567.9454079848 -11736.4369175332 66438.1204289194 67794.3519877889 67084.1611831914 64435.8481157779 -893.032154586421 66430.125 40.5
453910 828.450267828909 -12563.8891881976 -11735.4389203687 66489.7242404752 67732.7765786744 67427.5711640735 64308.8249786778 -757.661945285441 66430.125 40.5
453920 828.633134012844 -12563.1307778054 -11734.4976437926 66511.327992072 67225.9823028137 67419.3397098478 64888.6619635545 -607.074199843385 66430.125 40.5
453930 834.593166207223 -12568.2036463368 -11733.6104801296 66225.3533917278 66733.1881597917 66968.9140996443 64973.9579157474 -637.233811018119 66430.125 40.5
453940 837.573628120344 -12570.4346358077 -11732.8610076874 66096.0303601032 66629.6642138244 66997.4166067893 64661.0102596959 -1003.10470534002 66430.125 40.5
453950 834.171220421263 -12566.4744700137 -11732.3032495924 66354.5087051293 66659.5311176054 67710.5579439585 64693.4370538241 -1347.59149625563 66430.125 40.5
453960 829.868929804679 -12561.7480822788 -11731.8791524741 66363.3459818751 66475.7073487237 67921.7710436186 64692.5595532829 -1237.72539956719 66430.125 40.5
453970 832.373068355027 -12563.8994931978 -11731.5264248428 66177.1673246803 66512.9609370959 67467.2383363104 64551.3027006346 -993.421309360231 66430.125 40.5
453980 834.684979428953 -12565.952776833 -11731.2677974041 66078.8399917648 66662.4245762897 66923.2624744802 64650.8329245246 -664.069892319838 66430.125 40.5
453990 831.270106004023 -12562.3957778838 -11731.1256718798 66222.3971161185 66774.722772703 66748.3872290155 65144.0813466371 -440.559854153241 66430.125 40.5
454000 832.50124910811 -12563.5920044578 -11731.0907553496 66307.6961308584 66726.2626098744 66900.265572354 65296.5602103468 -289.052107736186 66430.125 40.5
454010 833.048466314227 -12564.2100671374 -11731.1616008232 66180.43302883 66677.2157406016 66879.8017129355 64984.2816329527 -255.096025657151 66430.125 40.5
454020 829.895585009727 -12561.2414706867 -11731.345885677 65987.7183420477 66913.7220048004 66668.8180526001 64380.6149687425 -197.71762182985 66430.125 40.5
454030 832.469850338366 -12564.1068059417 -11731.6369556034 66041.1818273241 67345.0332244638 66606.9862856974 64171.525971811 17.3943243664406 66430.125 40.5
454040 839.666478557197 -12571.7621288942 -11732.095650337 65616.4365781336 66793.5432552126 66109.7964567427 63945.9700224457 226.172158439159 66430.125 40.5
454050 846.334454989434 -12579.2456311143 -11732.9111761249 65337.422631882 65950.8128719726 65729.8962945915 64331.5587290819 307.988988390028 66430.125 40.5
454060 846.947311705616 -12581.2403829715 -11734.2930712659 65392.8752217007 65551.1131430203 65582.5879781287 65044.9245439531 397.328907629819 66430.125 40.5
454070 840.926882200187 -12577.2848947307 -11736.3580125306 65409.8977190935 65343.1258067603 65735.1408547251 65151.4264957953 200.96282390871 66430.125 40.5
454080 833.315555204151 -12572.414206481 -11739.0986512769 65746.5768453462 65382.2214903537 66606.4581971249 65251.0508485601 -279.04938287154 66430.125 40.5
454090 823.57443536059 -12565.9396486347 -11742.3652132741 66191.604635956 65593.6025253834 67716.7127336313 65264.4986488532 -740.29068518357 66430.125 40.5
454100 817.252255777346 -12563.1587536121 -11745.9064978348 66291.4659606342 65710.4860988352 68215.0651189536 64948.8466641139 -951.280805142761 66430.125 40.5
454110 819.232709007244 -12568.7269125929 -11749.4942035856 65832.3236901747 65555.7034007143 67491.1799396302 64450.0877301796 -739.381193686271 66430.125 40.5
454120 823.289626125921 -12576.2868500931 -11752.9972239672 65369.9506140016 65350.198191996 66269.561632322 64490.0920176867 -239.623986276398 66430.125 40.5
454130 824.407757618162 -12580.7402181051 -11756.3324604869 65101.8483627163 65060.418417173 65290.7540136652 64954.3726573106 120.257828368037 66430.125 40.5
454140 821.142102861031 -12580.5193267539 -11759.3772238929 65136.8496084089 64751.1216428595 65135.6753719814 65523.7518103858 415.13711608893 66430.125 40.5
454150 817.828261908076 -12579.8439855156 -11762.0157236075 65182.6056846995 64656.4620093429 65428.7818437657 65462.5732009899 564.009942758135 66430.125 40.5
454160 814.33365091971 -12578.4917760024 -11764.1581250827 65061.0961214869 65111.4166483605 65221.7027488032 64850.1689672971 212.1687107665 66430.125 40.5
454170 815.84556868753 -12581.6496219516 -11765.8040532641 64966.6665804691 65661.6354864947 64726.7440804521 64511.6201744606 -309.459887300872 66430.125 40.5
454180 822.076545671341 -12589.1335968707 -11767.0570511994 64942.8084583857 65836.4221816786 64111.7984541527 64880.2047393259 -520.079941711714 66430.125 40.5
454190 822.401765842656 -12590.4508441884 -11768.0490783457 64976.3667329809 65497.6835831799 63649.2469802126 65782.1696355503 -561.044572286107 66430.125 40.5
454200 816.94564279633 -12585.7576467324 -11768.812003936 64965.4864937599 65005.0889843512 63606.1512266154 66285.219270313 -341.191433175855 66430.125 40.5
454210 817.868569034608 -12587.1887240397 -11769.3201550051 64978.151458215 65009.7306591809 63991.317268867 65933.4064465971 40.7232189308661 66430.125 40.5
454220 822.432829454807 -12592.0570227874 -11769.6241933326 64958.2199254975 65227.5410995447 64847.5506464738 64799.5680304741 175.236035968948 66430.125 40.5
454230 816.67486737974 -12586.4550112077 -11769.7801438279 64939.1377338196 65318.2519486133 65773.4594754296 63725.7017774158 -287.93762119272 66430.125 40.5
454240 805.132658594009 -12574.840288252 -11769.707629658 65289.1374889363 65665.5695733711 66208.5265907123 63993.3163027255 -809.818965528459 66430.125 40.5
454250 803.34642518243 -12572.6005791689 -11769.2541539865 65666.2731283674 65766.7946943257 66362.0064458691 64870.0182449075 -928.176971184645 66430.125 40.5
454260 814.762484887603 -12583.1657276572 -11768.4032427696 65457.3333998006 65335.0279002518 65847.1507549982 65189.8215441519 -750.010027288192 66430.125 40.5
454270 827.725266880562 -12595.0791534028 -11767.3538865223 64927.7316600464 64704.3330224314 65097.9809357013 64980.8810220065 -495.587696257592 66430.125 40.5
454280 825.152619653685 -12591.4658022393 -11766.3131825856 64660.7091461717 64242.1317111432 64517.5279100307 65222.4678173413 -310.843030258043 66430.125 40.5
454290 813.069547038115 -12578.332867304 -11765.2633202659 65012.4650541631 64420.6659464757 64432.5191304089 66184.2100856048 -203.000741701397 66430.125 40.5
454300 809.826996461328 -12573.8471808335 -11764.0201843722 65353.3208172727 64725.1300167105 64679.0931123677 66655.7393227398 -33.2932114064436 66430.125 40.5
454310 816.617715583388 -12579.1234989546 -11762.5057833712 65359.269869876 64645.5624128837 64889.4567933279 66542.7904034165 242.499175942127 66430.125 40.5
454320 824.16497120433 -12584.9884158053 -11760.8234446009 65174.935264569 64340.9208397339 65134.6230037155 66049.2619502575 354.880082614492 66430.125 40.5
454330 827.643813430985 -12586.7766257444 -11759.1328123134 64977.524178592 64196.7293031405 65268.327974771 65467.5152578646 406.809218671681 66430.125 40.5
454340 825.444480896761 -12582.9577726222 -11757.5132917255 65069.5911454224 64502.8244339639 65106.8697789659 65599.0792233374 252.851493314156 66430.125 40.5
454350 820.982392527532 -12576.923723354 -11755.9413308265 65311.7274390205 65480.234882372 64609.4428640785 65845.5045706109 194.912156424432 66430.125 40.5
454360 818.827033217855 -12573.1728368827 -11754.3458036649 65574.529382118 66476.8556277113 64581.9422448958 65664.7902737469 285.841215891345 66430.125 40.5
454370 819.700978212698 -12572.3894596192 -11752.6884814065 65700.8959778536 66893.9520596479 64820.6264787195 65388.1093951934 608.777673682167 66430.125 40.5
454380 821.755545865264 -12572.7523747615 -11750.9968288962 65893.2528012104 66791.6672761715 65177.4655240048 65710.6256034548 936.739716175324 66430.125 40.5
454390 822.70963582742 -12572.0189353228 -11749.3092994954 65853.0479272834 66185.8668598519 64897.3003398762 66475.9765821221 921.697786681522 66430.125 40.5
454400 829.481604858343 -12577.1656237458 -11747.6840188875 65278.8888904273 65394.8855693981 64088.693793089 66353.0873087949 670.200663987368 66430.125 40.5
454410 838.533630737559 -12584.7798654203 -11746.2462346828 65033.7655497716 65214.4240512786 64120.5238032452 65766.3487947909 340.448193427012 66430.125 40.5
454420 838.472439794785 -12583.6040742025 -11745.1316344077 65237.9245883853 65469.4275550383 65167.0708351719 65077.2753749457 95.0917480218126 66430.125 40.5
454430 832.991715067993 -12577.3322312935 -11744.3405162255 65521.2270904023 65764.1284858895 66240.4584537416 64559.0943315758 319.593596033284 66430.125 40.5
454440 828.760153354941 -12572.5117140447 -11743.7515606897 65548.6711536934 65930.0933909211 66314.3311803038 64401.5888898552 350.878079411741 66430.125 40.5
454450 828.508679571731 -12571.7706011437 -11743.261921572 65456.0039813648 66147.9810452875 65500.5097110997 64719.521187707 -139.670894828913 66430.125 40.5
454460 833.308799810384 -12576.1756177876 -11742.8668179772 65327.0403753243 66118.3760084822 64682.2789396449 65180.4661778457 -513.890320219723 66430.125 40.5
454470 834.726090768509 -12577.3502061735 -11742.624115405 65412.6889595116 66013.6909328495 64506.129814618 65718.2461310672 -842.405169375351 66430.125 40.5
454480 828.625153017892 -12571.1540614773 -11742.5289084594 65807.3983074572 66556.107010754 64824.4271706503 66041.6607409672 -1154.63172365931 66430.125 40.5
454490 823.872329680321 -12566.3559599247 -11742.4836302444 66323.1084900727 67630.0100780848 65326.5939731907 66012.7214189425 -1026.54409224508 66430.125 40.5
454500 821.769053233775 -12564.1537470556 -11742.3846938218 66452.0239914721 67944.0017379796 65382.4406994242 66029.6295370125 -455.527625634866 66430.125 40.5
454510 823.687052126481 -12565.8844116979 -11742.1973595714 66093.9481246801 67013.194530123 65214.3406390035 66054.3092049138 107.550962714086 66430.125 40.5
454520 831.793633186172 -12573.7838681588 -11741.9902349726 65737.5352665649 66128.5620179974 65045.2206476086 66038.8231340886 558.135986955126 66430.125 40.5
454530 832.592558059993 -12574.4676217524 -11741.8750636924 65755.8477418022 65872.1834620096 65200.264755711 66195.0950076859 611.534345836622 66430.125 40.5
454540 823.748736002017 -12565.5877387273 -11741.8390027253 66126.0075182246 66072.2710522849 65907.1214285828 66398.6300738059 269.61882527737 66430.125 40.5
454550 823.630966561916 -12565.4042995907 -11741.7733330287 66179.2292779136 65979.1505920726 66275.5285769266 66283.0086647418 -51.4448855345419 66430.125 40.5
454560 832.765074070135 -12574.439204671 -11741.6741306009 65919.8901710052 65577.8197290984 66278.0547046362 65903.7960792808 -159.582688125994 66430.125 40.5
454570 836.934287465815 -12578.6134813665 -11741.6791939007 65701.0330734293 65324.7360744229 66173.6326067135 65604.7305391515 -306.197560484486 66430.125 40.5
454580 831.351681690635 -12573.198046168 -11741.8463644773 65815.2396146424 65379.9852397364 66301.0629985328 65764.6706056581 -513.144584166602 66430.125 40.5
454590 825.033223978699 -12567.116747623 -11742.0835236443 66033.0272128765 65605.7923898112 66353.2421590683 66140.0470897501 -583.27211209987 66430.125 40.5
454600 824.210532347481 -12566.4827007305 -11742.272168383 66018.9635928165 65438.9456586512 66510.5910361125 66107.3540836858 -493.72415921727 66430.125 40.5
454610 829.52341617013 -12571.9336981075 -11742.4102819373 65735.2930015155 65048.4809944553 66666.8496613318 65490.5483487594 -283.257344151106 66430.125 40.5
454620 833.335956639032 -12575.9168328049 -11742.5808761658 65637.9074099184 64908.4482769195 66665.5657236915 65339.7082291441 -159.80423546005 66430.125 40.5
454630 832.585601480453 -12575.4356183337 -11742.8500168532 65638.9450981983 64917.7494627002 66521.6810112105 65477.4048206841 -16.7721409462029 66430.125 40.5
454640 828.96596859968 -12572.1698954649 -11743.2039268652 65907.1178559643 65265.5428954524 66463.1030068126 65992.7076656281 256.104050990407 66430.125 40.5
454650 823.155608039982 -12566.715532581 -11743.559924541 66136.0675143353 65408.4008669505 66626.7717282993 66373.0299477559 118.791179948718 66430.125 40.5
454660 820.657430435563 -12564.4702128072 -11743.8127823716 66201.3548661531 65505.8304960004 66732.2361134949 66365.997988964 -350.727795548965 66430.125 40.5
454670 830.761400391882 -12574.7260444002 -11743.9646440083 65907.821410681 65371.5212534655 66396.6840540136 65955.2589245639 -576.873026458909 66430.125 40.5
454680 843.584328143485 -12587.7799772427 -11744.1956490992 65551.5619279888 64965.3876439255 66141.1017425305 65548.1963975103 -210.087843339343 66430.125 40.5
454690 840.694422835819 -12585.3887752821 -11744.6943524462 65342.9701901874 64785.4296594074 65975.4959872357 65267.9849239192 68.9528736634673 66430.125 40.5
454700 827.423001677693 -12572.8169811591 -11745.3939794814 65426.0332118463 65288.3942985968 66001.369839586 64988.3354973561 172.391186562334 66430.125 40.5
454710 822.216655128876 -12568.2891529919 -11746.072497863 65514.5652161004 66004.79068083 66074.874517752 64464.0304497193 34.3698644059109 66430.125 40.5
454720 828.227843689178 -12574.8680756843 -11746.6402319952 65549.0697417651 66454.2566389907 65857.4467448279 64335.5058414766 -224.707381519883 66430.125 40.5
454730 836.013370340818 -12583.2203158756 -11747.2069455348 65431.2168305945 66140.8404633456 65598.8900641518 64553.9199642863 -336.532139738895 66430.125 40.5
454740 833.268797284528 -12581.1495864727 -11747.8807891882 65501.9140027312 65420.2075509263 66011.1759196567 65074.3585376107 -171.051139529288 66430.125 40.5
454750 823.87892555252 -12572.4766859613 -11748.5977604087 65716.6826061792 65018.3436847893 66698.7222884137 65432.9818453346 4.3660716862182 66430.125 40.5
454760 822.942806247007 -12572.165364535 -11749.222558288 65741.4026764676 64912.98156984 66957.550594119 65353.6758654439 55.2675469628938 66430.125 40.5
454770 829.746276392994 -12579.4860198305 -11749.7397434375 65607.7545779805 64768.4918723947 66641.7597550057 65413.012106541 -134.663775729264 66430.125 40.5
454780 833.135599767594 -12583.3915515083 -11750.2559517407 65449.5463130585 64619.138158299 66068.5529885602 65660.9477923164 -544.490062194901 66430.125 40.5
454790 829.503981783054 -12580.3269622431 -11750.82298046 65727.0650198614 65068.7088488118 65949.6166940827 66162.8695166898 -784.397537862399 66430.125 40.5
454800 823.225034232216 -12574.5965339515 -11751.3714997193 66192.2148630778 65555.4489118965 66439.4486340826 66581.7470432543 -765.431323675082 66430.125 40.5
454810 817.934641354048 -12569.7187171956 -11751.7840758416 66500.2952390062 65778.6831961181 67101.8667399538 66620.3357809468 -425.213538121796 66430.125 40.5
454820 816.194287542634 -12568.177325196 -11751.9830376534 66456.4711855407 65932.8514046399 67511.464390493 65925.0977614891 48.8735492605384 66430.125 40.5
454830 817.785957970295 -12569.7476410428 -11751.9616830725 66204.3278466585 66142.7195150049 67222.7988635395 65247.4651614309 407.611559045562 66430.125 40.5
454840 822.072828346108 -12573.8492972452 -11751.7764688991 65966.1325594301 66183.9725428494 66592.2829106896 65122.1422247512 262.6949868105 66430.125 40.5
454850 827.422597912567 -12578.9597949459 -11751.5371970333 65743.5888473075 66028.6109855017 65909.4445387734 65292.7110176475 -359.290153828385 66430.125 40.5
454860 826.022996691999 -12577.3490028442 -11751.3260061522 65673.7592496877 66028.1949335133 65593.4771570202 65399.6056585295 -699.587669832598 66430.125 40.5
454870 818.916199767864 -12570.0325528509 -11751.1163530831 65905.8799709965 66426.3336822816 65973.5742542862 65317.7319764218 -295.466534931228 66430.125 40.5
454880 816.131992090365 -12566.9339502187 -11750.8019581283 65886.3088946518 66228.3259811031 66406.7189021589 65023.8818006934 229.575749011717 66430.125 40.5
454890 824.203081928306 -12574.5752158917 -11750.3721339634 65540.134223546 65505.9072743733 66234.6101695746 64879.8852266902 495.165420909938 66430.125 40.5
454900 834.827692594335 -12584.7939670163 -11749.9662744219 65181.00191504 65063.6319433787 65831.6203911111 64647.7534106302 218.476067201193 66430.125 40.5
454910 837.445009768584 -12587.1900122951 -11749.7450025265 64948.6893638004 64820.7066362684 65583.720254054 64441.6412010789 -377.022075192597 66430.125 40.5
454920 833.866660309215 -12583.6083112137 -11749.7416509045 65296.1149067835 65094.4115183062 65942.2958331654 64851.6373688787 -522.906841216518 66430.125 40.5
454930 828.194326241668 -12578.0545402432 -11749.8602140015 65469.633084842 65329.511632492 66012.690889797 65066.696732237 -52.6623036880443 66430.125 40.5
454940 825.274981170333 -12575.2656274914 -11749.9906463211 65704.0842399172 65696.8920765936 65804.9961817756 65610.3644613823 563.543155260566 66430.125 40.5
454950 825.437180522684 -12575.5265914319 -11750.0894109092 65735.5324601363 65825.8140653463 65607.7777987264 65773.0055163361 1008.57458103692 66430.125 40.5
454960 818.597496207904 -12568.7217799131 -11750.1242837052 65934.1129576991 66215.1594042112 65793.6082081557 65793.5712607303 1151.16646041314 66430.125 40.5
454970 808.055009320521 -12558.036039906 -11749.9810305855 66347.368754521 66424.8196451753 66475.321054772 66141.9655636158 1190.41173059927 66430.125 40.5
454980 806.21175839072 -12555.7258657502 -11749.5141073595 66508.8613218541 65888.2775640974 67358.9706314454 66279.3357700194 1052.81012768844 66430.125 40.5
454990 813.5252590282 -12562.21604908 -11748.6907900518 66306.5144812761 65144.7036254013 67675.6432785884 66099.1965398386 1214.23449942767 66430.125 40.5
455000 824.808133805341 -12572.4474517207 -11747.6393179154 65708.9231222427 64451.8508743808 67055.4632571928 65619.4552351545 1393.01809850519 66430.125 40.5
