# Fix print output for fix setl_out
151000 306.572745637087 -13141.8134214466 -12835.2406758095 20312.4026091681 20172.3609380752 20304.1033542452 20460.7435351839 -81.9262949469051 66430.125 40.5
151010 304.848273209264 -13140.0476836049 -12835.1994103956 20460.520180401 20349.2781109242 20435.4675095317 20596.8149207472 -127.109222224782 66430.125 40.5
151020 302.677092749172 -13137.7300158267 -12835.0529230775 20609.3460009804 20596.6263049492 20558.2774559585 20673.1342420334 -74.053583544777 66430.125 40.5
151030 302.947636732081 -13137.7100493283 -12834.7624125962 20599.8782835532 20766.8052239635 20493.4925046738 20539.3371220223 -7.47378236269294 66430.125 40.5
151040 306.072656976093 -13140.3998097762 -12834.3271528001 20434.8438162825 20767.0762027196 20270.8895218855 20266.5657242425 99.558215009225 66430.125 40.5
151050 308.102054374917 -13141.8901112992 -12833.7880569243 20324.0686632791 20676.6991494178 20176.6303829538 20118.8764574658 146.404720622441 66430.125 40.5
151060 306.752145239639 -13139.9298327298 -12833.1776874902 20361.5246819543 20542.1285021413 20347.4976621057 20194.9478816158 68.8225483251331 66430.125 40.5
151070 305.673243359673 -13138.1562192598 -12832.4829759001 20407.9827174444 20428.6366720239 20502.8572243768 20292.4542559326 -48.809040743457 66430.125 40.5
151080 307.938097066364 -13139.6232699179 -12831.6851728515 20326.3879328548 20380.5963220286 20331.5097470964 20267.0577294394 -133.909935277204 66430.125 40.5
151090 311.774073695108 -13142.5945224395 -12830.8204487444 20222.2954587138 20381.8866236323 20016.010974883 20268.9887776261 -68.3398034995268 66430.125 40.5
151100 313.005418777036 -13142.9717960279 -12829.9663772509 20313.6874823701 20429.4555179979 20061.0688093212 20450.5381197911 158.1881268072 66430.125 40.5
151110 309.26439739958 -13138.4252651718 -12829.1608677722 20648.8634336013 20644.6291141704 20593.3832376278 20708.5779490057 347.063158009106 66430.125 40.5
151120 304.766184237253 -13133.1236627518 -12828.3574785146 20961.186554652 20842.759680361 21192.355648088 20848.4443355071 359.45017558648 66430.125 40.5
151130 305.327999268024 -13132.8181080388 -12827.4901087708 21019.2977680134 20892.2892702512 21433.557279996 20732.0467537928 249.929171455659 66430.125 40.5
151140 309.049887773002 -13135.6190705318 -12826.5691827588 20889.7241093464 20912.6084920597 21266.1964956875 20490.3673402921 215.341600281886 66430.125 40.5
151150 309.523189264478 -13135.1933100655 -12825.670120801 20827.4220422091 21038.6655573823 21055.5009221751 20388.0996470697 342.717658149504 66430.125 40.5
151160 306.860571717773 -13131.694124795 -12824.8335530772 20926.3600781248 21314.3501329434 20893.7146933144 20571.0154081166 388.669103457869 66430.125 40.5
151170 306.481025036588 -13130.5232322158 -12824.0422071792 21006.9627359595 21544.2485488596 20644.7179627399 20831.9216962791 289.391046133755 66430.125 40.5
151180 309.135396454463 -13132.4311631492 -12823.2957666948 20910.3969291385 21444.0336025442 20374.7983137808 20912.3588710904 241.498540969267 66430.125 40.5
151190 311.701809048654 -13134.3449641703 -12822.6431551216 20846.2435485854 21311.2150106946 20372.7820342049 20854.7336008565 299.178289548917 66430.125 40.5
151200 312.122015807344 -13134.2470975448 -12822.1250817375 20863.2206090117 21220.8799711082 20644.7294095269 20724.0524464001 371.429659683562 66430.125 40.5
151210 312.113441017046 -13133.8509768091 -12821.737535792 20840.3299176484 21093.5018545083 20894.5851524178 20532.9027460192 339.925873126524 66430.125 40.5
151220 313.850752396059 -13135.3152672671 -12821.464514871 20764.5524152555 20918.0152650406 21035.5572377834 20340.0847429424 201.180567807184 66430.125 40.5
151230 314.920698974944 -13136.2286580233 -12821.3079590483 20770.9713002888 20770.6941914882 21203.4528859098 20338.7668234684 128.51666158666 66430.125 40.5
151240 313.349309956771 -13134.6069761774 -12821.2576662206 20877.1915666641 20745.816317931 21291.6454860993 20594.112895962 147.129696115509 66430.125 40.5
151250 312.473945918117 -13133.7514524987 -12821.2775065806 20943.6506082479 20749.481193017 21185.715143777 20895.7554879497 161.103975387871 66430.125 40.5
151260 314.030108632744 -13135.3745262117 -12821.344417579 20866.4868312287 20757.8538453775 20819.8878727241 21021.7187755844 93.4863021068977 66430.125 40.5
151270 316.57239222687 -13138.0537048404 -12821.4813126135 20719.534011582 20804.8310545146 20376.7000419424 20977.0709382889 -89.0592056892306 66430.125 40.5
151280 316.917719601465 -13138.6458953642 -12821.7281757627 20721.5449757063 20868.4657455471 20270.4554734644 21025.7137081073 -272.080220348461 66430.125 40.5
151290 311.607578784046 -13133.6765960238 -12822.0690172397 20924.6640963962 20978.0515236536 20584.5973598019 21211.343405733 -453.406883643058 66430.125 40.5
151300 304.240182509427 -13126.6373917009 -12822.3972091914 21190.2011003907 21129.5545657631 21060.6506321846 21380.3981032246 -554.7160592206 66430.125 40.5
151310 302.959894836929 -13125.5634468872 -12822.6035520503 21167.7599483628 21050.9976058928 21293.7869103423 21158.4953288532 -559.940117027041 66430.125 40.5
151320 308.387722925599 -13131.0655122069 -12822.6777892813 20846.0335119751 20732.7891949234 21189.8617857269 20615.4495552749 -457.27358757204 66430.125 40.5
151330 314.83702072307 -13137.554902571 -12822.717881848 20528.0882486107 20463.5464947475 20942.691691665 20178.0265594196 -283.50563718088 66430.125 40.5
151340 316.766025892545 -13139.6079657991 -12822.8419399065 20487.2965897669 20445.4614687076 20891.2111028172 20125.217197776 -131.845560343085 66430.125 40.5
151350 313.243401738971 -13136.3261540454 -12823.0827523065 20670.9286764646 20668.4876265854 21024.5520524588 20319.7463503497 -83.1300617100005 66430.125 40.5
151360 309.718064476723 -13133.1004785413 -12823.3824140646 20866.7592658997 20953.6304764445 21116.4118855453 20530.2354357094 -227.336635148332 66430.125 40.5
151370 309.915904040215 -13133.5990366891 -12823.6831326489 20871.0082553469 21040.0303181834 20982.8080764509 20590.1863714064 -432.734625003652 66430.125 40.5
151380 311.806123282116 -13135.7913505232 -12823.9852272411 20720.8018538534 20909.7157817995 20684.7095199307 20567.9802598301 -439.128567829725 66430.125 40.5
151390 312.646806493728 -13136.972051232 -12824.3252447383 20661.7555524561 20813.6412618604 20587.5107298346 20584.1146656734 -180.178634894011 66430.125 40.5
151400 310.723457352289 -13135.4387962136 -12824.7153388613 20750.1853725101 20810.4728398372 20770.012716828 20670.0705608651 139.708862615405 66430.125 40.5
151410 307.703817680818 -13132.8245352692 -12825.1207175884 20872.3369251744 20854.8717359808 21050.2630874424 20711.8759520998 282.622610018954 66430.125 40.5
151420 307.172363828155 -13132.6662492476 -12825.4938854194 20845.8962167356 20792.1135146258 21152.9787914834 20592.5963440977 263.139301444221 66430.125 40.5
151430 310.11720555563 -13135.9486712345 -12825.8314656789 20632.9728388282 20646.2455875687 20969.6486045115 20283.0243244043 136.493385126556 66430.125 40.5
151440 313.471204262114 -13139.6611109074 -12826.1899066453 20383.4423019526 20556.6457786143 20688.7516163356 19904.929510908 -92.7924579109386 66430.125 40.5
151450 313.187382892066 -13139.8165526521 -12826.62916976 20367.3058303905 20661.117159564 20595.4655430148 19845.3347885928 -213.081853645631 66430.125 40.5
151460 309.576077781107 -13136.7244669197 -12827.1483891386 20564.6079111079 20896.5118025469 20659.1173694609 20138.1945613161 -173.113474098075 66430.125 40.5
151470 306.236500614254 -13133.9221986227 -12827.6856980085 20765.1840940866 21145.9470315034 20663.7646888652 20485.8405618913 63.2077436690589 66430.125 40.5
151480 306.485528429975 -13134.6746926758 -12828.1891642459 20783.1232851848 21167.1708103556 20541.8618218435 20640.3372233554 291.517491506899 66430.125 40.5
151490 309.565911804463 -13138.2346276699 -12828.6687158655 20607.9049919012 20892.0549514259 20331.3151103436 20600.3449139342 288.09585623429 66430.125 40.5
151500 311.339972282917 -13140.5192761306 -12829.1793038477 20449.2930628893 20586.3692716001 20177.0271145933 20584.4828024744 172.959887337673 66430.125 40.5
151510 310.041308781924 -13139.798939619 -12829.7576308371 20435.8569012803 20447.429171836 20285.4798552599 20574.661676745 58.6206693516452 66430.125 40.5
151520 307.643337780779 -13138.0330851611 -12830.3897473803 20531.1411640165 20450.6472647354 20617.3168499404 20525.4593773735 22.9552327334468 66430.125 40.5
151530 306.703334140154 -13137.7440692764 -12831.0407351362 20551.4087434269 20455.9052011516 20787.845399749 20410.4756293802 44.6692833612128 66430.125 40.5
151540 307.872296652852 -13139.5754158734 -12831.7031192205 20431.0072280422 20430.4017166523 20610.7434394579 20251.8765280165 83.3022832150449 66430.125 40.5
151550 308.357782404656 -13140.7566220842 -12832.3988396796 20353.5975530999 20478.172982837 20411.2484673578 20171.371209105 -35.0544926443742 66430.125 40.5
151560 306.118676913135 -13139.2504885118 -12833.1318115987 20420.1282864469 20543.1518897521 20456.6712386914 20260.5617308971 -228.421460212182 66430.125 40.5
151570 303.847374404477 -13137.7142495457 -12833.8668751412 20527.1066039334 20552.7090628041 20656.2987505499 20372.3119984462 -317.651910169438 66430.125 40.5
151580 303.659864481608 -13138.2249732877 -12834.5651088061 20551.843429657 20450.9910166837 20791.6809063755 20412.8583659118 -180.187347305938 66430.125 40.5
151590 304.957697639306 -13140.1771440085 -12835.2194463692 20469.5077720682 20181.9629899514 20734.0288225582 20492.531503695 -23.6308344262559 66430.125 40.5
151600 306.331499891401 -13142.1837894151 -12835.8522895237 20364.307641576 20027.519520345 20444.8763016808 20620.5271027022 55.5409255119804 66430.125 40.5
151610 305.792823866276 -13142.2759155146 -12836.4830916483 20297.6037399499 20069.2574675034 20155.2715352389 20668.2822171075 99.607975978699 66430.125 40.5
151620 303.637620021068 -13140.7356876555 -12837.0980676344 20298.5428524182 20251.4965120067 20017.8678457811 20626.2641994668 155.121278887092 66430.125 40.5
151630 302.668036690145 -13140.3291745604 -12837.6611378702 20289.3268838415 20391.1520975308 20060.5133639379 20416.3151900559 138.518107405806 66430.125 40.5
151640 303.60520360597 -13141.7567775168 -12838.1515739109 20262.8607029142 20335.3739395896 20274.7811380488 20178.4270311043 6.65100084845749 66430.125 40.5
151650 304.956071102729 -13143.5338718686 -12838.5778007659 20273.870671875 20130.5877292162 20497.3082909365 20193.7159954723 -137.344070501271 66430.125 40.5
151660 305.512941211888 -13144.4706589531 -12838.9577177412 20256.8412736828 19881.9487286312 20494.5467518677 20394.0283405496 -164.050997447688 66430.125 40.5
151670 305.374469347254 -13144.6730670483 -12839.2985977011 20175.7791023226 19753.3597762622 20276.5138245792 20497.4637061265 -82.9873604145548 66430.125 40.5
151680 304.453539663245 -13144.0474145707 -12839.5938749075 20151.3760638019 19882.3932291285 20132.0286971443 20439.706265133 -30.7129813272565 66430.125 40.5
151690 301.876800531119 -13141.687415012 -12839.8106144809 20226.3085688051 20148.4215543637 20175.8736404846 20354.6305115671 -55.7695514582765 66430.125 40.5
151700 300.324244629243 -13140.2149258357 -12839.8906812064 20313.3697140371 20272.5958343661 20328.2862140709 20339.2270936744 -153.917079320192 66430.125 40.5
151710 302.98032948305 -13142.7701864406 -12839.7898569576 20218.1024498625 20097.2639020945 20325.9176262836 20231.1258212094 -310.242547014669 66430.125 40.5
151720 307.564775156893 -13147.0857732055 -12839.5209980486 20111.0443645389 19941.0370970419 20256.6010070595 20135.4949895154 -387.201005186579 66430.125 40.5
151730 309.048006873407 -13148.1865963659 -12839.1385894925 20144.0945278565 20017.7769722958 20264.3655452639 20150.14106601 -403.964947236878 66430.125 40.5
151740 306.091884686586 -13144.7544018136 -12838.662517127 20295.9072361887 20237.0510146533 20347.7194121622 20302.9512817506 -413.201433053355 66430.125 40.5
151750 302.110739870496 -13140.1520487528 -12838.0413088823 20457.5647507738 20414.5573595965 20402.1707089961 20555.9661837288 -536.036505508424 66430.125 40.5
151760 299.846661405857 -13137.0385601895 -12837.1918987837 20534.157020277 20549.4100909698 20364.586864195 20688.474105666 -653.704742096808 66430.125 40.5
151770 300.187229087174 -13136.2513872512 -12836.064158164 20529.3862200609 20660.3195810817 20275.4096574058 20652.4294216954 -678.970574561904 66430.125 40.5
151780 303.280868301887 -13137.9644312741 -12834.6835629722 20496.8686342448 20582.2537888545 20325.0671831082 20583.2849307717 -593.088987252056 66430.125 40.5
151790 307.110208705508 -13140.2736946861 -12833.1634859806 20480.3307394412 20392.9398540535 20467.3028162203 20580.7495480499 -430.52188448993 66430.125 40.5
151800 309.259762723742 -13140.9242819117 -12831.664519188 20498.3365173115 20418.0525664475 20460.4368707842 20616.520114703 -221.009065294706 66430.125 40.5
151810 309.192421683665 -13139.4985914227 -12830.3061697391 20599.3045951234 20681.7567936723 20403.9487331218 20712.208258576 -78.3519122128522 66430.125 40.5
151820 307.913292837678 -13137.034713422 -12829.1214205843 20730.0696375558 21018.2398572992 20392.3642419107 20779.6048134576 -56.9993067323551 66430.125 40.5
151830 307.558613569302 -13135.6416248056 -12828.0830112363 20792.0786424725 21257.0911772292 20491.1921675766 20627.9525826118 -99.8400782188639 66430.125 40.5
151840 310.068466967649 -13137.2332880155 -12827.1648210479 20723.5231323851 21262.268090957 20662.0732989031 20246.2280072952 -140.089623273022 66430.125 40.5
151850 313.13797654248 -13139.5167710694 -12826.3787945269 20627.9607384028 21073.9176960477 20797.1317841164 20012.8327350445 -166.020525584707 66430.125 40.5
151860 312.537223601941 -13138.2807771803 -12825.7435535783 20644.509854508 20865.4529121971 20853.0147662423 20215.0618850845 -178.181622563991 66430.125 40.5
151870 308.794031966993 -13134.0185883099 -12825.2245563429 20806.1690187121 20866.2919584166 20837.8734093904 20714.3416883294 -263.447214945649 66430.125 40.5
151880 305.731545151259 -13130.4693263234 -12824.7377811722 21001.6629283886 20994.6263222421 20872.9829915877 21137.3794713359 -389.56297321152 66430.125 40.5
151890 306.086935874036 -13130.3022071275 -12824.2152712535 21032.0835967643 20973.9611892159 20948.1169030915 21174.1726979855 -492.253977890428 66430.125 40.5
151900 309.924868834542 -13133.578036513 -12823.6531676785 20956.6006403589 20825.6438012929 21042.3024497944 21001.8556699893 -507.424989071645 66430.125 40.5
151910 314.744996277882 -13137.8579409029 -12823.112944625 20830.4337852937 20697.4363367435 20983.2315092394 20810.6335098982 -396.343188314632 66430.125 40.5
151920 317.137946780588 -13139.8165677684 -12822.6786209878 20709.7137769694 20610.9232148988 20889.5126448843 20628.7054711252 -153.345697211131 66430.125 40.5
151930 315.270498279541 -13137.6597918021 -12822.3892935226 20735.8744827534 20666.7331191137 21007.5461102034 20533.3442189432 79.24554289729 66430.125 40.5
151940 311.709515552201 -13133.9167023584 -12822.2071868062 20804.9322540079 20777.6734572241 21094.3142854552 20542.8090193445 131.359149044828 66430.125 40.5
151950 311.223109611818 -13133.2923228524 -12822.0692132406 20868.3326996278 20918.6158675622 21005.6494555802 20680.7327757411 37.2742493874779 66430.125 40.5
151960 313.460326700069 -13135.4214127719 -12821.9610860718 20824.4431134136 21012.8810886247 20730.3788281105 20730.0694235056 -60.7189462735864 66430.125 40.5
151970 313.758968725033 -13135.6714376541 -12821.912468929 20813.4709014737 21035.716020545 20662.7302423827 20741.9664414934 -85.3850207769863 66430.125 40.5
151980 311.078529294335 -13133.0063295397 -12821.9278002453 20905.6999917254 21030.7866674106 20844.4099325212 20841.9033752445 -74.8698043040407 66430.125 40.5
151990 309.27086640133 -13131.236309148 -12821.9654427466 20984.9045467585 20998.7141767679 21049.8244609009 20906.1750026067 -102.941753400228 66430.125 40.5
152000 310.21625463566 -13132.2122820322 -12821.9960273965 20980.5626813221 20917.5284336188 21170.1719847666 20853.987625581 -185.506524135153 66430.125 40.5
152010 310.949298262587 -13132.974745332 -12822.0254470694 20916.5354373072 20722.8749720523 21241.5254397754 20785.205900094 -287.169514506026 66430.125 40.5
152020 311.129063741835 -13133.2001221023 -12822.0710583604 20902.2384012135 20620.8888846977 21322.9664523322 20762.8598666104 -224.252609028769 66430.125 40.5
152030 311.743318568603 -13133.8854423574 -12822.1421237888 20913.4318359811 20747.0317337662 21365.978152393 20627.285621784 6.70526992056408 66430.125 40.5
152040 311.938915473095 -13134.1878685352 -12822.2489530621 20952.8568151594 21030.3772601634 21381.588435068 20446.6047502469 187.986832200262 66430.125 40.5
152050 311.855234749195 -13134.25348919 -12822.3982544408 20955.2929565629 21205.9473692418 21248.1630087251 20411.7684917218 205.045944945038 66430.125 40.5
152060 312.73091971096 -13135.3296241279 -12822.5987044169 20873.3632048195 21129.1270940572 20988.30391114 20502.6586092612 102.63727901006 66430.125 40.5
152070 313.177076607626 -13136.0455472975 -12822.8684706899 20808.6537685833 21054.6852785362 20747.1150223235 20624.1610048901 -37.9443959565053 66430.125 40.5
152080 312.231869128688 -13135.4513183239 -12823.2194491952 20774.3428150779 21001.4884286084 20687.7962716226 20633.7437450028 -204.017007257626 66430.125 40.5
152090 311.194066033131 -13134.8393377097 -12823.6452716766 20776.5309283135 20875.4229687751 20798.9051363562 20655.2646798093 -278.167442495103 66430.125 40.5
152100 310.487352657618 -13134.6168643465 -12824.1295116889 20827.2629888618 20654.2360153806 21043.8745837875 20783.6783674172 -239.647116312187 66430.125 40.5
152110 311.043971968586 -13135.7104999155 -12824.666527947 20863.6104508158 20461.9961458948 21265.6653425982 20863.1698639545 -190.628260497585 66430.125 40.5
152120 313.257333772284 -13138.5346899574 -12825.2773561851 20778.7262964974 20364.9504711467 21237.5550411601 20733.6733771853 -221.884747440409 66430.125 40.5
152130 314.893379125644 -13140.9023406083 -12826.0089614827 20616.6468266021 20443.759306727 20927.5277184715 20478.6534546076 -357.24472488853 66430.125 40.5
152140 312.944461740473 -13139.8308704994 -12826.8864087589 20578.8295303694 20743.5073875339 20649.477140113 20343.5040634612 -462.164797888668 66430.125 40.5
152150 308.04473262177 -13135.8988459267 -12827.8541133049 20679.5681147439 21052.5856937183 20629.4447174976 20356.6739330159 -493.323653048664 66430.125 40.5
152160 305.20180782988 -13134.0135794334 -12828.8117716035 20717.4103020545 21075.8065452377 20693.3818432603 20383.0425176655 -415.840185449091 66430.125 40.5
152170 305.37678860096 -13135.0732224676 -12829.6964338667 20648.2289899464 20852.8299159121 20708.5208650684 20383.3361888586 -229.810403426338 66430.125 40.5
152180 304.999443321222 -13135.4864981788 -12830.4870548576 20595.5671046467 20670.6234316107 20749.5777712005 20366.5001111288 -23.4927180979845 66430.125 40.5
152190 304.365763896809 -13135.5341670234 -12831.1684031266 20629.4362306579 20638.6500532896 20916.6438844543 20333.0147542298 131.008369795312 66430.125 40.5
152200 306.25176294898 -13137.9900642204 -12831.7383012714 20581.6029205036 20651.9328156229 20973.9785988114 20118.8973470764 163.53314254081 66430.125 40.5
152210 309.343110281329 -13141.5768917025 -12832.2337814211 20419.7125658317 20568.2795892866 20890.7529156562 19800.1051925523 64.3383930742371 66430.125 40.5
152220 310.116382961551 -13142.8214561916 -12832.70507323 20359.9012481384 20526.476028807 20799.9340269505 19753.2936886577 -21.2615351817337 66430.125 40.5
152230 308.385905706974 -13141.5512140271 -12833.1653083201 20380.6220826202 20554.3288841816 20664.6618858242 19922.8754778548 -20.2978044506691 66430.125 40.5
152240 306.557162511505 -13140.1434520528 -12833.5862895413 20393.1675016613 20639.3523589344 20495.6754714003 20044.4746746494 -56.5594678552904 66430.125 40.5
152250 306.127300012167 -13140.0659843949 -12833.9386843828 20393.979858095 20674.4410416592 20372.6821573462 20134.8163752795 -92.3440976323132 66430.125 40.5
152260 306.395937347807 -13140.6102358267 -12834.2142984789 20411.3138692781 20641.3651676702 20344.3688272645 20248.2076128995 -57.5075636538805 66430.125 40.5
152270 306.88309458613 -13141.3022724125 -12834.4191778264 20448.6928356567 20522.9047593637 20384.9813845404 20438.1923630661 27.845875019875 66430.125 40.5
152280 307.465851989107 -13142.0322336331 -12834.566381644 20462.4460417615 20385.9222472108 20434.4962092169 20566.9196688567 92.9389497815403 66430.125 40.5
152290 306.132215137602 -13140.792685681 -12834.6604705434 20533.542786907 20374.786115965 20675.8836563422 20549.9585884138 100.282699742767 66430.125 40.5
152300 302.564086174156 -13137.2346220942 -12834.6705359201 20641.9916807157 20436.6928510031 20988.3947420093 20500.8874491347 55.6087032663234 66430.125 40.5
152310 300.575839538427 -13135.1082503824 -12834.532410844 20673.4793889361 20440.4515851465 21094.5421609132 20485.4444207487 -26.7314852810715 66430.125 40.5
152320 302.511593295961 -13136.7081013887 -12834.1965080928 20568.2199981586 20361.7567249789 20916.3893338557 20426.5139356411 -61.3410981896368 66430.125 40.5
152330 305.582988004538 -13139.2414300966 -12833.6584420921 20523.9441322805 20391.0950986062 20709.2863157574 20471.450982478 -69.1410151401439 66430.125 40.5
152340 307.335945877311 -13140.2750123738 -12832.9390664964 20606.933888939 20595.6330083435 20557.4164681166 20667.752190357 2.55525444337125 66430.125 40.5
152350 307.86188787873 -13139.9094951707 -12832.0476072919 20685.6434881693 20815.2708022414 20497.5866452508 20744.0730170157 54.6197046416252 66430.125 40.5
152360 306.448090063445 -13137.4165890281 -12830.9684989647 20821.0291073749 21025.9163214986 20667.4601580226 20769.7108426036 39.2185545009241 66430.125 40.5
152370 304.538636982645 -13134.2072677978 -12829.6686308151 20939.5520451461 21148.1542062138 20909.2518726661 20761.2500565584 36.6991720795052 66430.125 40.5
152380 306.053879083048 -13134.1894329706 -12828.1355538875 20866.5682498063 20981.8204009898 20904.8897132973 20712.9946351317 -27.9688796574697 66430.125 40.5
152390 310.293981024042 -13136.7451392452 -12826.4511582212 20699.6886191393 20623.4515524862 20712.1121179225 20763.5021870091 -98.3667352267738 66430.125 40.5
152400 313.755311113038 -13138.5675577681 -12824.8122466551 20624.4262768828 20402.0524087139 20605.2141939404 20866.0122279942 -147.191772631226 66430.125 40.5
152410 314.205305697913 -13137.6175024904 -12823.4121967925 20769.452396683 20570.6574728159 20760.5635447592 20977.1361724739 -48.5653616634261 66430.125 40.5
152420 311.950129604942 -13134.2717822019 -12822.321652597 20988.1220508762 20980.6682268977 20996.4710720494 20987.2268536816 80.671446262885 66430.125 40.5
152430 311.028499710913 -13132.5249591204 -12821.4964594095 21106.8841926658 21318.9419910561 21093.4247031402 20908.2858838012 114.060143610137 66430.125 40.5
152440 314.074717561864 -13134.9555687225 -12820.8808511607 21037.4597911934 21397.8244839276 21012.8449234225 20701.7099662302 131.937938197065 66430.125 40.5
152450 317.811695434999 -13138.2838191568 -12820.4721237218 20879.3765312545 21261.8693312169 20899.1915140798 20477.0687484669 168.984992313221 66430.125 40.5
152460 317.795678879981 -13138.0747568546 -12820.2790779746 20811.8373642496 21138.0182544151 20865.2375567882 20432.2562815454 217.73910777615 66430.125 40.5
152470 314.449979968049 -13134.7053593319 -12820.2553793639 20856.7638545021 21132.8711758702 20782.8067124346 20654.6136752014 207.007587531341 66430.125 40.5
152480 311.885461890789 -13132.2037180625 -12820.3182561717 20943.9005395548 21096.0809939763 20722.8999002074 21012.7207244807 205.573228271723 66430.125 40.5
152490 311.789702951367 -13132.2022247411 -12820.4125217897 20962.4417882654 20928.0764392971 20699.8039604499 21259.4449650492 254.554616646966 66430.125 40.5
152500 312.195572869721 -13132.724788983 -12820.5292161133 20945.8401672159 20796.4812876084 20701.965609294 21339.0736047453 263.433732374366 66430.125 40.5
152510 312.024770981269 -13132.6988870028 -12820.6741160215 20964.6761946893 20862.8926422337 20761.8008699459 21269.3350718881 72.2357245221278 66430.125 40.5
152520 312.293757971357 -13133.1434983908 -12820.8497404195 20977.472050303 20982.3046795774 20855.6848359901 21094.4266353414 -231.250837373179 66430.125 40.5
152530 312.780955638249 -13133.8428423805 -12821.0618867423 20964.5622037466 21011.3808075074 20973.9399952386 20908.3658084937 -527.418290326536 66430.125 40.5
152540 312.505191784147 -13133.8239612289 -12821.3187694447 20953.6706743782 20920.0482342452 21104.0406063272 20836.9231825621 -667.444646914613 66430.125 40.5
152550 311.572617845058 -13133.1887278602 -12821.6161100151 20977.9460971241 20835.7221887524 21100.5953949547 20997.5207076651 -560.353236609826 66430.125 40.5
152560 311.138506490887 -13133.0791131679 -12821.940606677 21035.4213834059 20846.2011714358 20974.6188961006 21285.4440826812 -364.937470745789 66430.125 40.5
152570 311.377911933647 -13133.6650558624 -12822.2871439288 21001.5742983968 20846.4844155986 20774.2527089119 21383.9857706799 -176.843340097474 66430.125 40.5
152580 311.52957932429 -13134.1882230119 -12822.6586436876 20933.7510100174 20860.628401016 20664.1522336979 21276.4723953384 -142.207922596497 66430.125 40.5
152590 312.416793381959 -13135.4819360045 -12823.0651426225 20848.6097083594 20814.713806106 20617.723915966 21113.3914030062 -309.594221531427 66430.125 40.5
152600 313.564711061513 -13137.0920216459 -12823.5273105844 20768.0500544893 20707.168966691 20598.4435132074 20998.5376835696 -558.521472530157 66430.125 40.5
152610 312.976802518324 -13137.0384490454 -12824.061646527 20743.6895640694 20576.4728018103 20627.1857746205 21027.4101157775 -612.817331353866 66430.125 40.5
152620 311.391691650524 -13136.0492487088 -12824.6575570583 20725.9864229821 20506.7079281208 20673.2238709874 20998.027469838 -341.316301537571 66430.125 40.5
152630 310.802548285676 -13136.0922155861 -12825.2896673004 20694.265125808 20654.0187833104 20624.8233382572 20803.9532558564 18.642080280108 66430.125 40.5
152640 310.550283848042 -13136.4934318458 -12825.9431479977 20652.4274567775 20882.0031541051 20501.8055358743 20573.473680353 246.962491209827 66430.125 40.5
152650 308.937575170972 -13135.5423656108 -12826.6047904399 20697.6528677244 21082.5516799467 20488.3741134701 20522.0328097563 229.206846643727 66430.125 40.5
152660 305.934995645828 -13133.1700730925 -12827.2350774466 20842.4342514611 21175.9563665546 20624.9161642515 20726.430223577 -66.8384169339136 66430.125 40.5
152670 304.44562869922 -13132.2268606239 -12827.7812319247 20945.9317638242 21089.1174759046 20770.8687862921 20977.8090292759 -368.638429839469 66430.125 40.5
152680 306.438453221224 -13134.6649124734 -12828.2264592522 20840.3338930723 20826.045557813 20705.9262318736 20989.0298895303 -404.07321534879 66430.125 40.5
152690 309.121378319044 -13137.7268869373 -12828.6055086182 20673.0224306694 20626.9656989075 20590.2957247122 20801.8058683885 -276.519768462699 66430.125 40.5
152700 309.824546573685 -13138.787306493 -12828.9627599193 20577.9935796175 20568.1875468398 20581.0870836635 20584.7061083491 -194.934797930718 66430.125 40.5
152710 310.07625910056 -13139.396915043 -12829.3206559424 20579.2136796865 20584.4097426809 20674.9817470237 20478.2495493548 -214.951551854636 66430.125 40.5
152720 310.818051406287 -13140.5063260155 -12829.6882746092 20532.0798438146 20558.1080948425 20626.1027083093 20412.0287282919 -282.984117599687 66430.125 40.5
152730 311.031706599928 -13141.1137306294 -12830.0820240295 20487.2267860772 20630.3733059023 20467.1029895839 20364.2040627454 -327.437125892221 66430.125 40.5
152740 308.908849397955 -13139.4091431345 -12830.5002937365 20571.848894504 20910.8461591293 20372.6541306367 20432.0463937459 -309.430843906744 66430.125 40.5
152750 306.648566099447 -13137.5551701841 -12830.9066040846 20635.0496041918 21121.8981270577 20295.6262422661 20487.6244432516 -199.284058410495 66430.125 40.5
152760 308.283342751621 -13139.5591612897 -12831.2758185381 20517.5362582791 21007.7874876588 20161.9643712368 20382.8569159417 -52.3120133148273 66430.125 40.5
152770 311.026487015631 -13142.6637626299 -12831.6372756143 20324.8087868184 20708.5500232918 20063.0612827714 20202.8150543921 61.9132424108911 66430.125 40.5
152780 309.406283809863 -13141.4381851695 -12832.0319013597 20369.6886986516 20568.8735745602 20238.6062396471 20301.5862817475 77.2552018727364 66430.125 40.5
152790 304.587124442532 -13137.0186419055 -12832.431517463 20588.855030552 20621.2710969948 20538.6473885535 20606.6466061077 103.515760542849 66430.125 40.5
152800 302.861863224332 -13135.6256858491 -12832.7638226247 20696.7067042233 20646.2541282596 20692.0590390345 20751.8069453757 231.800541224637 66430.125 40.5
152810 304.479144825549 -13137.4744473686 -12832.995302543 20594.6233681544 20531.1036517488 20610.5241878066 20642.2422649079 363.125862878575 66430.125 40.5
152820 304.502989454134 -13137.633335622 -12833.1303461679 20607.0895734415 20546.8385960322 20655.415262805 20619.0148614873 332.037650177331 66430.125 40.5
152830 304.377038078093 -13137.5434322205 -12833.1663941425 20643.3663561755 20595.2470889713 20699.1692610881 20635.6827184672 182.416601022005 66430.125 40.5
152840 306.528120908411 -13139.6235226772 -12833.0954017688 20511.206165296 20516.612868828 20511.379364337 20505.626262723 37.1300368171621 66430.125 40.5
152850 307.27714984792 -13140.2001509881 -12832.9230011402 20464.906101155 20561.6241321101 20341.4740249499 20491.6201464048 -37.5847492332696 66430.125 40.5
152860 306.300584313478 -13138.943061342 -12832.6424770285 20550.973921073 20783.82302477 20315.0810384444 20554.0177000046 -109.780792166266 66430.125 40.5
152870 307.888511008946 -13140.1130813456 -12832.2245703367 20569.3469616657 20945.5195252942 20242.0476145635 20520.4737451393 -209.535348949319 66430.125 40.5
152880 310.860061892592 -13142.5239331588 -12831.6638712662 20490.9497903727 20917.4529362164 20177.695951234 20377.7004836677 -271.692371602095 66430.125 40.5
152890 310.905193636545 -13141.8945315642 -12830.9893379277 20520.1853098284 20779.1935333726 20391.204904803 20390.1574913097 -254.849546474307 66430.125 40.5
152900 308.839054824075 -13139.0480471343 -12830.2089923103 20608.1547789656 20612.722598742 20654.5152137976 20557.2265243572 -169.2712325811 66430.125 40.5
152910 307.713137757063 -13137.0090806323 -12829.2959428752 20708.9640807624 20558.7608235768 20719.7208644555 20848.4105542551 -117.548215096083 66430.125 40.5
152920 307.432364466402 -13135.6651780643 -12828.2328135979 20784.0147774696 20656.8588247035 20556.0629920222 21139.1225156831 -136.709083160366 66430.125 40.5
152930 307.171970007223 -13134.2121088873 -12827.0401388801 20904.4912879832 20912.4885820544 20458.4297832921 21342.5554986031 -223.898712663126 66430.125 40.5
152940 304.991030457395 -13130.7433571915 -12825.7523267341 21173.2097119292 21368.1788930998 20630.1459397621 21521.3043029257 -362.055765668724 66430.125 40.5
152950 302.568665058252 -13126.9595142889 -12824.3908492306 21367.1345614501 21614.078699692 20938.5207938505 21548.8041908077 -434.879059266031 66430.125 40.5
152960 306.108854442509 -13129.0900572819 -12822.9812028394 21273.0228270694 21415.8369002539 21007.3511042641 21395.8804766902 -353.577933206694 66430.125 40.5
152970 314.909520483447 -13136.5353487591 -12821.6258282756 20856.1528689291 20881.7017673755 20678.1888959421 21008.5679434698 -188.610861948031 66430.125 40.5
152980 320.689270498145 -13141.1920113765 -12820.5027408783 20560.0634391308 20536.5617543586 20310.0499990355 20833.5785639981 -30.9183547565483 66430.125 40.5
152990 319.372837713034 -13139.0901672012 -12819.7173294881 20651.1223107545 20689.3038185299 20238.9490014351 21025.1141122986 77.1490653953793 66430.125 40.5
153000 314.208805687292 -13133.4214353806 -12819.2126296933 21017.6956087297 21145.1003905941 20516.0414027605 21391.9450328344 119.948791359439 66430.125 40.5
153010 310.559518764051 -13129.4110167636 -12818.8514979995 21303.1368980545 21409.3215783696 20860.050575252 21640.0385405418 28.2912119037542 66430.125 40.5
153020 312.894368921426 -13131.4444215524 -12818.550052631 21271.6986319649 21253.0886355352 20994.445470877 21567.5617894826 -122.31697644074 66430.125 40.5
153030 317.615590867316 -13135.9469699608 -12818.3313790934 21064.1343725971 20968.6504795627 20874.2675064919 21349.4851317369 -225.673800481319 66430.125 40.5
153040 316.817575124125 -13135.0747724628 -12818.2571973386 20988.0340793618 20915.4039520588 20780.7679135891 21267.9303724374 -210.960673923062 66430.125 40.5
153050 311.029846412083 -13129.3370350519 -12818.3071886398 21147.0244236976 21220.4153325312 20908.0444907291 21312.6134478323 -105.99772230195 66430.125 40.5
153060 306.693046255753 -13125.0678095609 -12818.3747633052 21263.0930735749 21498.5524832462 21050.8849674518 21239.8417700268 8.39173121607964 66430.125 40.5
153070 309.091253797703 -13127.4802454544 -12818.3889916567 21179.9582340855 21490.6065554676 21008.5406039029 21040.7275428862 133.598278659123 66430.125 40.5
153080 315.980752258358 -13134.3764960583 -12818.3957437999 20949.2064069174 21311.2906336948 20825.9131202794 20710.4154667778 238.510385657336 66430.125 40.5
153090 318.526483851237 -13137.0362198919 -12818.5097360407 20872.987264871 21250.7765165289 20773.9035662217 20594.2817118624 236.350098990841 66430.125 40.5
153100 314.174507201858 -13132.9520352993 -12818.7775280974 21090.462297306 21480.0805659095 20945.9655305399 20845.3407954687 63.6586817138943 66430.125 40.5
153110 309.376506329195 -13128.5044751896 -12819.1279688604 21329.6946572183 21695.8122767978 21108.9790795767 21184.2926152803 -94.8941558293658 66430.125 40.5
153120 309.845038405572 -13129.3269609725 -12819.4819225669 21314.2127207795 21587.429615388 21079.9485101765 21275.2600367739 -146.231324057933 66430.125 40.5
153130 314.592621596328 -13134.4473077532 -12819.8546861569 21084.1867061506 21156.7393594068 20879.2791726413 21216.5415864037 -114.378348354333 66430.125 40.5
153140 317.075387450376 -13137.4058656133 -12820.3304781629 20859.6193945804 20690.2676456711 20755.6360719195 21132.9544661505 -50.3143815512093 66430.125 40.5
153150 313.453854459601 -13134.4009749627 -12820.9471205031 20901.1242951022 20626.4901885734 20834.3003481676 21242.5823485654 27.9162294109785 66430.125 40.5
153160 308.188806474464 -13129.826363266 -12821.6375567915 21062.6595463066 20854.7714038986 20952.4094183531 21380.7978166682 -2.32125875257652 66430.125 40.5
153170 306.758041922692 -13129.0686200566 -12822.3105781339 21142.4905455764 21066.0464083483 20983.8614405395 21377.5637878413 -138.713787241355 66430.125 40.5
153180 309.00181828053 -13131.9397820375 -12822.937963757 21084.5420825866 21051.6301560614 21013.7817726812 21188.2143190171 -196.160660060532 66430.125 40.5
153190 313.046478004776 -13136.611296611 -12823.5648186062 20928.2156091652 20939.8437450665 21032.8626763741 20811.940406055 -131.136825922036 66430.125 40.5
153200 315.753517418885 -13140.0208059826 -12824.2672885637 20755.5041366212 20855.2226315914 20910.153754657 20501.1360236152 -47.0269546247151 66430.125 40.5
153210 314.194555540526 -13139.2766679804 -12825.0821124399 20660.3908526073 20884.8787925868 20701.1173091189 20395.1764561162 11.1999002463903 66430.125 40.5
153220 310.756878092341 -13136.7254338081 -12825.9685557157 20683.8828819713 20952.6754456758 20598.5995028847 20500.3736973535 19.9268397977344 66430.125 40.5
153230 309.068838508518 -13135.9234692519 -12826.8546307434 20603.749844022 20773.8827055603 20461.5441974703 20575.8226290354 -34.640778362093 66430.125 40.5
153240 309.549335544738 -13137.2477927345 -12827.6984571898 20510.7312951551 20495.0032481638 20404.0127061173 20633.1779311841 -197.851134880047 66430.125 40.5
153250 310.709089829679 -13139.2098602384 -12828.5007704087 20451.0994014006 20303.4136897614 20421.6714069328 20628.2131075075 -342.937098997698 66430.125 40.5
153260 310.283882548624 -13139.5516151767 -12829.2677326281 20474.8139169613 20309.4617256282 20573.2920158805 20541.6880093751 -377.49043278983 66430.125 40.5
153270 308.374127197407 -13138.3542555206 -12829.9801283232 20567.4017790114 20517.5089792908 20779.1019412136 20405.5944165297 -262.039756511444 66430.125 40.5
153280 306.787830146679 -13137.3893830242 -12830.6015528775 20638.665289779 20711.5709743165 20876.9233702987 20327.5015247217 -85.2820974638908 66430.125 40.5
153290 306.294127384062 -13137.4012521878 -12831.1071248038 20666.5222917082 20749.7085507453 20780.6833701621 20469.1749542171 -73.0951567007721 66430.125 40.5
153300 306.285460305641 -13137.7803390385 -12831.4948787329 20648.0424717572 20687.5621209846 20566.4436089987 20690.1216852885 -328.419031896657 66430.125 40.5
153310 306.174385523968 -13137.9466838359 -12831.772298312 20627.6214792624 20656.921302769 20402.3559639464 20823.5871710718 -564.227672042801 66430.125 40.5
153320 306.593525068676 -13138.5441630089 -12831.9506379402 20597.5773490415 20593.070947467 20416.6712823767 20782.9898172807 -502.580163800434 66430.125 40.5
153330 307.197504735872 -13139.2442055837 -12832.0467008479 20593.5680854917 20476.4444543131 20647.7322116371 20656.527590525 -188.951932468072 66430.125 40.5
153340 306.921260791753 -13138.9969700784 -12832.0757092866 20639.3631079868 20490.8513660676 20877.0000107118 20550.2379471809 132.665034213924 66430.125 40.5
153350 305.997533123641 -13138.0373683405 -12832.0398352168 20661.1403341292 20585.3364036604 20896.3752383859 20501.7093603412 256.327687635956 66430.125 40.5
153360 305.182792363791 -13137.1117334813 -12831.9289411175 20618.1071038353 20596.2421853177 20714.6020598369 20543.4770663512 253.707727117364 66430.125 40.5
153370 305.632544668302 -13137.3691305288 -12831.7365858605 20544.7406622878 20488.2878452191 20494.1626663899 20651.7714752544 192.803355529749 66430.125 40.5
153380 308.401945633062 -13139.8826684328 -12831.4807227998 20403.0218446776 20216.4954512172 20238.313561237 20754.2565215784 151.53968923718 66430.125 40.5
153390 312.04970714339 -13143.2661307787 -12831.2164236353 20228.6082298842 19933.3082476682 20065.3227701254 20687.193671859 161.005948116234 66430.125 40.5
153400 312.584125020292 -13143.5884120754 -12831.0042870551 20242.6254848449 19998.8205134792 20107.5183649326 20621.537576123 244.007154685394 66430.125 40.5
153410 308.77996839278 -13139.6282117135 -12830.8482433207 20465.2949714871 20380.5561886134 20373.4436042975 20641.8851215505 340.490724256534 66430.125 40.5
153420 304.061568440541 -13134.7418890531 -12830.6803206126 20730.3589853951 20744.7803523593 20730.0156668221 20716.280937004 422.832007812029 66430.125 40.5
153430 302.420219794089 -13132.8416445169 -12830.4214247228 20816.4707508797 20850.6888036024 20885.3373973969 20713.3860516396 381.038771859742 66430.125 40.5
153440 305.363273626086 -13135.4156333519 -12830.0523597258 20683.6692026187 20688.1708017101 20732.2498193667 20630.5869867793 259.22303356251 66430.125 40.5
153450 309.878807188082 -13139.5068788886 -12829.6280717005 20452.721077132 20388.5902936537 20465.3978156278 20504.1751221146 156.999178870002 66430.125 40.5
153460 311.696498592995 -13140.927566106 -12829.231067513 20324.6795645111 20167.2795241224 20370.4274907463 20436.3316786645 134.550908271402 66430.125 40.5
153470 310.010181666857 -13138.9072977785 -12828.8971161116 20434.9278405638 20235.8480774149 20537.2316129073 20531.7038313691 214.665684229539 66430.125 40.5
153480 307.5008955585 -13136.0983446046 -12828.5974490461 20675.0909696807 20439.3419754804 20831.0828563947 20754.8480771668 251.218403521167 66430.125 40.5
153490 306.729049344976 -13135.017079522 -12828.288030177 20823.6880748785 20579.7596250855 20936.4950377684 20954.8095617814 153.720621499783 66430.125 40.5
153500 307.339688401775 -13135.2931757418 -12827.9534873401 20839.2929343054 20543.1721552192 20946.6066286846 21028.1000190125 -10.4529302291559 66430.125 40.5
153510 307.951905541739 -13135.5555997929 -12827.6036942512 20771.5015017288 20359.9688317001 21000.8414798158 20953.6941936704 -123.054184427992 66430.125 40.5
153520 309.295707879618 -13136.5516780973 -12827.2559702176 20622.1314808221 20213.0412483368 20987.2803226254 20666.0728715041 -58.3868959280211 66430.125 40.5
153530 311.440384064784 -13138.3780392569 -12826.9376551922 20544.304377478 20386.3053522892 20788.3966965907 20458.211083554 121.997384070239 66430.125 40.5
153540 311.899243900942 -13138.5764475782 -12826.6772036772 20524.7743251373 20702.4672709298 20427.4226085923 20444.4330958897 284.212851061176 66430.125 40.5
153550 310.721455111602 -13137.1995300837 -12826.4780749721 20575.9971178763 20976.424906762 20244.1762392144 20507.3902076525 376.896493292536 66430.125 40.5
153560 310.059661971588 -13136.3757316212 -12826.3160696496 20621.9043244944 21015.4173689683 20288.3798849629 20561.9157195521 361.10145144929 66430.125 40.5
153570 310.653909740294 -13136.8295871224 -12826.1756773821 20583.6680297739 20773.7448836079 20466.2788813815 20510.9803243324 296.905812069574 66430.125 40.5
153580 310.703813031739 -13136.7631348646 -12826.0593218329 20614.3108848608 20551.4717534199 20789.7109698157 20501.7499313467 294.485809948684 66430.125 40.5
153590 308.945444671359 -13134.9068593837 -12825.9614147123 20751.4479409218 20547.8835495261 21109.4090332193 20597.05124002 365.247225477038 66430.125 40.5
153600 306.298972180701 -13132.1484652519 -12825.8494930712 20964.2872247742 20779.9305341021 21318.2937338752 20794.6374063453 406.366033235066 66430.125 40.5
153610 304.708874108717 -13130.3852333576 -12825.6763592489 21035.7018761859 20907.7214129429 21254.736395211 20944.6478204037 362.163996809113 66430.125 40.5
153620 307.192971161954 -13132.6184453855 -12825.4254742235 20873.9620580461 20733.8960641652 20895.2538758357 20992.7362341375 182.566987107201 66430.125 40.5
153630 312.715660328955 -13137.86076692 -12825.1451065911 20613.4980199025 20435.0410289673 20461.4472834895 20944.0057472508 18.3270979503917 66430.125 40.5
153640 315.637869192062 -13140.5651812115 -12824.9273120194 20494.2139230628 20289.0290855271 20385.8256987376 20807.7869849238 4.98944583135156 66430.125 40.5
153650 313.467847437237 -13138.2873547829 -12824.8195073457 20579.3569968408 20352.4679766041 20666.2912649824 20719.3117489359 204.974256678884 66430.125 40.5
153660 309.916261921607 -13134.6980877372 -12824.7818258156 20720.4395231155 20488.6688044275 20907.4868887119 20765.1628762073 430.622555436588 66430.125 40.5
153670 308.883281242482 -13133.633366137 -12824.7500848945 20809.2244613485 20688.1133710135 20909.3651091623 20830.1949038698 469.955573710916 66430.125 40.5
153680 309.362419988164 -13134.0616591628 -12824.6992391747 20851.7614090942 20857.3255248724 20884.3870112062 20813.5716912041 311.973603427521 66430.125 40.5
153690 308.822298986184 -13133.4526979388 -12824.6303989526 20875.0854532479 20918.919509277 21013.2445662598 20693.0922842067 90.1235708758936 66430.125 40.5
153700 308.528861938627 -13133.0667466413 -12824.5378847027 20899.0941177602 20951.179678658 21290.8174385468 20455.2852360758 15.6091804073516 66430.125 40.5
153710 310.937393346079 -13135.3615655333 -12824.4241721872 20799.1728423367 20924.691925533 21231.4347978645 20241.3918036125 104.59321363104 66430.125 40.5
153720 314.504614148004 -13138.837352722 -12824.332738574 20642.8071549022 20815.2940595732 20839.2757367101 20273.8516684232 303.264824933247 66430.125 40.5
153730 315.020895362065 -13139.3421373312 -12824.3212419691 20660.6328832068 20807.2417044284 20502.9615321065 20671.6954130855 524.322565468345 66430.125 40.5
153740 312.077687873845 -13136.4782871463 -12824.4005992724 20833.3120396302 20906.6823273374 20505.1700635757 21088.0837279774 683.915139646976 66430.125 40.5
153750 308.272159588665 -13132.7875739337 -12824.515414345 20976.5608436643 20890.0252437259 20791.351749974 21248.3055372931 772.212382137523 66430.125 40.5
153760 306.882748294889 -13131.4809616641 -12824.5982133692 20994.8182701525 20769.1934696889 21089.0667628687 21126.1945779 855.228251608814 66430.125 40.5
153770 309.541675448579 -13134.1679568247 -12824.6262813761 20839.9864682676 20601.025190339 21141.1103500563 20777.8238644074 969.210174755681 66430.125 40.5
153780 314.439954239864 -13139.0904536602 -12824.6504994204 20594.2009603102 20463.2498155989 20976.1346177957 20343.218447536 1044.01431505267 66430.125 40.5
153790 315.750361412919 -13140.50718385 -12824.7568224371 20521.1703844461 20541.0135346589 20887.1128729084 20135.384745771 956.152265589158 66430.125 40.5
153800 311.451632817988 -13136.4217379528 -12824.9701051348 20651.4937394965 20806.034143158 20869.15874259 20279.2883327414 742.135227524287 66430.125 40.5
153810 308.150070093257 -13133.3848902882 -12825.234820195 20819.9129586781 21113.6736368309 20860.5775520264 20485.487687177 494.736715133674 66430.125 40.5
153820 308.621943987137 -13134.1233411916 -12825.5013972045 20827.7236224496 21171.9794689197 20681.1720831779 20630.0193152512 312.411941059786 66430.125 40.5
153830 308.925849881035 -13134.6989217347 -12825.7730718536 20867.0275236758 21031.1314728341 20650.3379067254 20919.613191468 259.510407597533 66430.125 40.5
153840 307.953035862271 -13134.0166873544 -12826.0636514922 20900.8845992031 20795.697893672 20785.663867239 21121.2920366984 397.015334530038 66430.125 40.5
153850 308.205394308316 -13134.5826178324 -12826.3772235241 20883.2686091233 20670.8940140567 20891.0137731773 21087.898040136 575.625017306845 66430.125 40.5
153860 309.22329466852 -13135.9549554639 -12826.7316607954 20769.1482651499 20714.9674240428 20756.6849578465 20835.7924135604 510.356745966689 66430.125 40.5
153870 309.696235293969 -13136.8579627485 -12827.1617274545 20644.2817187891 20837.2142613621 20504.5687374139 20591.0621575913 350.154563010647 66430.125 40.5
153880 310.871071255057 -13138.5820163307 -12827.7109450757 20543.9596934365 20923.3988616351 20283.3885727482 20425.0916459263 389.785067746719 66430.125 40.5
153890 311.25033158284 -13139.6752277629 -12828.42489618 20493.9082861985 20903.2999843504 20156.5333201293 20421.8915541159 627.977005092953 66430.125 40.5
153900 309.290746819429 -13138.6101618671 -12829.3194150477 20579.2483034572 20923.8393753028 20210.9999062021 20602.9056288667 732.750715204557 66430.125 40.5
153910 307.147922425591 -13137.5035618014 -12830.3556393758 20675.9363695678 20991.0322717866 20319.0846010414 20717.6922358753 558.665820433304 66430.125 40.5
153920 305.236723662683 -13136.6963617031 -12831.4596380404 20677.0878229764 20924.4686149253 20392.3420392083 20714.4528147956 274.1289403416 66430.125 40.5
153930 302.853830528322 -13135.396393617 -12832.5425630887 20679.1629652851 20850.1307770835 20504.9517989169 20682.4063198548 54.9490561246756 66430.125 40.5
153940 301.749430124295 -13135.2723037344 -12833.5228736101 20659.1499078243 20749.2715414275 20646.3071960717 20581.8709859738 -44.6782303735398 66430.125 40.5
153950 303.03336860316 -13137.3942597126 -12834.3608911094 20489.7019904966 20542.0538223488 20628.5564765943 20298.4956725467 -45.6081457161435 66430.125 40.5
153960 304.963699441215 -13140.0309115639 -12835.0672121227 20329.211504162 20420.3252690237 20499.2392210081 20068.0700224542 53.5950347103664 66430.125 40.5
153970 305.5143612371 -13141.1810666212 -12835.6667053841 20259.9454277091 20403.8284534586 20319.2311911391 20056.7766385296 280.375851060561 66430.125 40.5
153980 305.634749796495 -13141.806079488 -12836.1713296915 20247.9351545303 20390.3448966013 20178.4615257551 20174.9990412346 529.104349079165 66430.125 40.5
153990 306.501740479094 -13143.091669279 -12836.5899287999 20286.015434355 20323.7421233363 20172.4707551074 20361.8334246213 501.755381519974 66430.125 40.5
154000 306.944205248142 -13143.8799065459 -12836.9357012978 20325.4928763367 20261.5578100393 20231.2007029957 20483.7201159751 258.388759152072 66430.125 40.5
154010 306.951415919437 -13144.1703122394 -12837.21889632 20344.7492455544 20263.5353413854 20277.2422135372 20493.4701817407 86.2279275083222 66430.125 40.5
154020 307.166507786859 -13144.6115167755 -12837.4450089887 20307.8389005072 20326.4968914115 20266.4550994877 20330.5647106226 176.766065443261 66430.125 40.5
154030 305.965324136477 -13143.5777772702 -12837.6124531337 20314.2027665472 20468.4533121489 20340.6808369014 20133.4741505914 361.893306653952 66430.125 40.5
154040 303.146180040971 -13140.8403679213 -12837.6941878804 20356.8324042353 20613.6561795465 20464.0672034704 19992.7738296889 412.884962788624 66430.125 40.5
154050 301.94677710533 -13139.5909215401 -12837.6441444347 20335.3744892081 20623.2561510602 20436.085289285 19946.7820272791 343.293532143612 66430.125 40.5
154060 303.312002026664 -13140.7466663487 -12837.434664322 20220.0368679949 20487.1492190313 20250.2034019059 19922.7579830475 238.383274134388 66430.125 40.5
154070 304.979702155332 -13142.0545616464 -12837.0748594911 20192.0689573196 20336.7536963197 20171.5999547094 20067.8532209297 195.092033252684 66430.125 40.5
154080 304.966541030373 -13141.5510835636 -12836.5845425332 20241.4340421268 20240.2404290812 20254.4249777852 20229.6367195139 231.584164755848 66430.125 40.5
154090 303.725982534552 -13139.6843896876 -12835.9584071531 20368.2393397113 20254.9212122326 20516.2612469502 20333.5355599512 266.015166840962 66430.125 40.5
154100 304.704454480762 -13139.8809471188 -12835.176492638 20423.7258343851 20242.0851456123 20688.714963227 20340.3773943158 226.070335260127 66430.125 40.5
154110 308.300831086363 -13142.5549947963 -12834.2541637099 20380.9160454954 20186.6202034262 20616.5523056143 20339.5756274457 106.097838743804 66430.125 40.5
154120 309.239704427205 -13142.4940180025 -12833.2543135753 20393.340726892 20336.6105136111 20438.1712418299 20405.2404252349 -20.6189411878359 66430.125 40.5
154130 306.748200810816 -13138.9734324536 -12832.2252316428 20519.822684526 20592.5859328856 20401.1876985657 20565.6944221267 -114.10334225383 66430.125 40.5
154140 306.077052654538 -13137.2395585592 -12831.1625059047 20567.9029916657 20636.1771357523 20389.7201424258 20677.811696819 -165.987023254695 66430.125 40.5
154150 309.164400152268 -13139.2402819323 -12830.0758817801 20505.3735388373 20554.8423346969 20286.8788191322 20674.3994626828 -215.956317719845 66430.125 40.5
154160 312.006854683224 -13141.0460133916 -12829.0391587083 20473.36944342 20531.9449169923 20159.6994787244 20728.4639345434 -398.172880819529 66430.125 40.5
154170 310.954793649761 -13139.0790395698 -12828.1242459201 20586.3101648991 20609.6155128503 20272.7506812504 20876.5643005967 -548.596365937631 66430.125 40.5
154180 309.177174031135 -13136.5114104406 -12827.3342364094 20749.3343751789 20773.8029725627 20570.5419142807 20903.6582386934 -566.046634375511 66430.125 40.5
154190 309.744575484047 -13136.3810499841 -12826.6364745001 20838.9214030386 20939.8537905553 20823.4534373989 20753.4569811617 -396.363861175762 66430.125 40.5
154200 310.87381821679 -13136.8993121042 -12826.0254938874 20849.5361802726 20980.3493153652 20945.6916781991 20622.5675472535 -142.718916511036 66430.125 40.5
154210 310.404239315551 -13135.9122895017 -12825.5080501861 20861.7827983571 20918.8318365283 20985.5237182622 20680.9928402807 55.1328141476977 66430.125 40.5
154220 309.035493677153 -13134.1022412886 -12825.0667476115 20908.1729597884 20836.4955339381 21013.2517293538 20874.7716160731 259.271282767319 66430.125 40.5
154230 308.174422733331 -13132.8411999288 -12824.6667771955 20906.6064664281 20795.2918715507 20940.1579745202 20984.3695532135 366.998428051117 66430.125 40.5
154240 308.127215931074 -13132.4099446634 -12824.2827287323 20892.841316794 20802.8563540422 20845.7579511138 21029.9096452262 344.894766393778 66430.125 40.5
154250 309.051033610182 -13132.9591214097 -12823.9080877996 20862.5373640274 20836.794425679 20742.1314274969 21008.6862389064 259.934454424177 66430.125 40.5
154260 310.603809356912 -13134.1599250836 -12823.5561157267 20890.0341788192 21007.627663724 20667.5475197251 20994.9273530085 168.887191962218 66430.125 40.5
154270 310.267639598595 -13133.5109996183 -12823.2433600197 20927.2118379746 21115.829381167 20589.6582805931 21076.1478521637 134.391048390746 66430.125 40.5
154280 308.060275991319 -13131.014912373 -12822.9546363817 21060.2136095642 21225.7523211154 20680.8931787111 21273.9953288663 91.5237178337309 66430.125 40.5
154290 309.032962480931 -13131.6915396757 -12822.6585771948 21044.7912014448 21082.8163603365 20813.4744280001 21238.082815998 22.1576601099266 66430.125 40.5
154300 314.155584999738 -13136.5273258703 -12822.3717408706 20845.3323208936 20688.9357819428 20890.6685053 20956.3926754379 -61.927886412489 66430.125 40.5
154310 317.972636153064 -13140.1470930621 -12822.174456909 20666.7058587487 20397.8924740295 20848.1408580091 20754.0842442076 -115.507060963633 66430.125 40.5
154320 316.851051542191 -13138.9826040486 -12822.1315525065 20757.3219893943 20568.2575108318 20890.1282084901 20813.580248861 -167.195478475608 66430.125 40.5
154330 312.09955155951 -13134.3152471871 -12822.2156956276 21065.854077318 21063.2094434648 21048.4994118906 21085.8533765985 -303.963548186147 66430.125 40.5
154340 307.925308311355 -13130.2617536048 -12822.3364452935 21287.5874804166 21436.6199119095 21224.3455391416 21201.7969901985 -350.944249969372 66430.125 40.5
154350 306.723104901393 -13129.1407869297 -12822.4176820283 21337.5629652859 21545.925317209 21382.1792770105 21084.5843016382 -314.250756993708 66430.125 40.5
154360 307.411959083731 -13129.8435974506 -12822.4316383668 21234.0685572587 21438.9482819984 21341.0056546054 20922.2517351725 -209.248292064422 66430.125 40.5
154370 309.961552967046 -13132.3560307508 -12822.3944777837 21053.6071829154 21176.0240447778 21057.6562699771 20927.1412339914 -26.3458260346441 66430.125 40.5
154380 314.015596168532 -13136.3731927077 -12822.3575965392 20803.8106145743 20789.7886457789 20626.7540589686 20994.8891389753 130.282541367664 66430.125 40.5
154390 316.770641735919 -13139.1672015064 -12822.3965597705 20624.2866578898 20616.0448913821 20304.0132456992 20952.8018365882 146.931102246684 66430.125 40.5
154400 316.121990904571 -13138.6871671452 -12822.5651762406 20661.5509112716 20816.6346604334 20337.2051312246 20830.8129421566 15.2593721647789 66430.125 40.5
154410 313.157178384083 -13136.0164347232 -12822.8592563391 20844.4028594644 21074.3369168249 20716.8644625541 20742.0071990144 -108.043501755808 66430.125 40.5
154420 309.725640294339 -13132.9513837455 -12823.2257434511 21031.0903417748 21145.6935958358 21226.7983036625 20720.779125826 -97.2740333819316 66430.125 40.5
154430 307.907630449313 -13131.5138043233 -12823.606173874 21095.3472542317 21079.8028412032 21462.7343947804 20743.5045267117 8.20484382559905 66430.125 40.5
154440 308.463974694378 -13132.4367807596 -12823.9728060653 21035.0724122867 20973.7543865352 21305.9950177953 20825.4678325295 73.1898905677248 66430.125 40.5
154450 309.462341708811 -13133.7996985115 -12824.3373568027 20958.4492061678 20944.2946293878 20972.4789212919 20958.5740678235 105.330811321394 66430.125 40.5
154460 309.117496072039 -13133.8344906049 -12824.7169945329 20992.3229869212 21005.2850541239 20873.7601278494 21097.9237787902 91.2036289019286 66430.125 40.5
154470 309.490677899991 -13134.6119918473 -12825.1213139473 20954.6005347736 20961.9099914253 20840.9623633809 21060.9292495146 115.396106715272 66430.125 40.5
154480 310.894735959782 -13136.4652104439 -12825.5704744841 20893.4552779588 20963.2773374906 20799.6762058 20917.4122905859 191.188997922043 66430.125 40.5
154490 310.9419432362 -13137.0381691127 -12826.0962258765 20850.1509972116 21024.1073262596 20702.9885853562 20823.3570800191 306.539271374393 66430.125 40.5
154500 310.885550622329 -13137.6083468845 -12826.7227962622 20754.9079876574 20919.1361645007 20630.0407093888 20715.5470890826 353.922756039858 66430.125 40.5
154510 312.090564439282 -13139.5698473643 -12827.479282925 20586.0721510365 20576.7545164466 20618.7621915345 20562.6997451284 274.984211429943 66430.125 40.5
154520 311.319761375987 -13139.7191332139 -12828.3993718379 20535.7356053048 20338.8522740253 20790.5471059817 20477.8074359076 170.082087127973 66430.125 40.5
154530 307.731338721883 -13137.1999215467 -12829.4685828248 20697.2886634481 20388.8951553719 21070.3046976181 20632.6661373542 99.5147237654403 66430.125 40.5
154540 305.348216501461 -13135.9649254281 -12830.6167089266 20810.4117324001 20441.3050113769 21090.3304232706 20899.5997625527 92.5502961256206 66430.125 40.5
154550 305.979338121835 -13137.7590242458 -12831.7796861239 20692.6378530444 20279.3998346221 20780.8914879371 21017.6222365741 65.5545918597723 66430.125 40.5
154560 307.881531095184 -13140.8182903973 -12832.9367593021 20475.0054755444 20089.6491785397 20445.4912391557 20889.8760089379 -36.2767097849236 66430.125 40.5
154570 308.632660230403 -13142.7160170056 -12834.0833567752 20301.7444852552 20063.5957806284 20210.7466801625 20630.8909949745 -149.640257252611 66430.125 40.5
154580 307.420433005514 -13142.6106837005 -12835.190250695 20258.9788880527 20244.2561241779 20132.1567914245 20400.5237485559 -216.580724798634 66430.125 40.5
154590 305.677147194074 -13141.8791783453 -12836.2020311513 20281.9670818985 20426.1451617137 20149.311527972 20270.4445560098 -228.797021449665 66430.125 40.5
154600 304.970537554989 -13142.0413396415 -12837.0708020865 20357.8680601302 20532.0667499111 20286.7137283636 20254.8237021159 -267.600655131532 66430.125 40.5
154610 304.822198640269 -13142.6018446602 -12837.77964602 20387.6909739081 20527.6556223226 20488.1206422259 20147.2966571758 -419.704887446669 66430.125 40.5
154620 303.256019839461 -13141.5794720931 -12838.3234522536 20379.9372590805 20440.8727328311 20654.6213177732 20044.3177266373 -436.105619568724 66430.125 40.5
154630 300.708850978935 -13139.392054715 -12838.6832037361 20399.1043276974 20334.4452524301 20618.4283299687 20244.4394006932 -173.862178303384 66430.125 40.5
154640 299.982308420258 -13138.819907461 -12838.8375990407 20329.679109214 20193.2610794299 20250.1806752033 20545.5955730089 40.7615776869174 66430.125 40.5
154650 302.095072826439 -13140.8926722051 -12838.7975993786 20170.2118742283 20053.1219022712 19845.019840356 20612.4938800578 -39.6464546806504 66430.125 40.5
154660 304.390672529835 -13143.0012421969 -12838.610569667 20094.55954314 20034.8392896728 19694.1761089491 20554.6632307981 -304.644535949676 66430.125 40.5
154670 304.631850495038 -13142.9547866436 -12838.3229361486 20186.5766555041 20033.5491978038 19964.7485172909 20561.4322514178 -500.594279941984 66430.125 40.5
154680 304.942267066858 -13142.8983730643 -12837.9561059975 20249.464085502 19959.3376444388 20290.1812655916 20498.8733464756 -428.202335543281 66430.125 40.5
154690 306.355323635875 -13143.8808098338 -12837.525486198 20250.6559666462 19948.1496063136 20369.6769590088 20434.1413346161 -216.878193703638 66430.125 40.5
154700 306.197419870367 -13143.2525733772 -12837.0551535068 20321.8539697054 20160.4438442184 20365.7522729976 20439.3657919003 -70.0791054559417 66430.125 40.5
154710 303.213788289171 -13139.7618242741 -12836.5480359849 20529.3967196793 20640.6888266932 20451.6637563215 20495.8375760232 -73.7642083014088 66430.125 40.5
154720 299.548137177036 -13135.5119021622 -12835.9637649852 20750.7327682623 21116.4906409474 20563.8156048634 20571.8920589762 -118.169362093033 66430.125 40.5
154730 298.993342536902 -13134.2507577853 -12835.2574152484 20815.0611957224 21203.9180125417 20612.7993567689 20628.4662178565 -104.807591602865 66430.125 40.5
154740 302.936145666589 -13137.3746126831 -12834.4384670165 20650.4241698017 20808.7081010053 20588.9248360206 20553.6395723792 -9.30198508224663 66430.125 40.5
154750 308.934166567927 -13142.5286002013 -12833.5944336334 20388.5342328118 20144.7332405554 20569.3405210064 20451.5289368738 36.8075818468055 66430.125 40.5
154760 312.937980029253 -13145.7832024063 -12832.8452223771 20193.4756621799 19649.1461428247 20539.7550981067 20391.5257456083 -40.7413381883478 66430.125 40.5
154770 313.13068775677 -13145.3932335473 -12832.2625457905 20157.3991023623 19556.4334252825 20498.4140404945 20417.3498413099 -265.217533204584 66430.125 40.5
154780 311.252061181493 -13143.0853806881 -12831.8333195066 20184.4644801561 19736.691757208 20430.1716880981 20386.5299951622 -399.488847971004 66430.125 40.5
154790 309.187937185155 -13140.688187616 -12831.5002504309 20290.7123973914 20023.3175003706 20484.4249964468 20364.3946953568 -283.581496695234 66430.125 40.5
154800 306.603918731312 -13137.8066269731 -12831.2027082418 20452.154916151 20291.8919998458 20602.989015457 20461.5837331502 -103.554323297467 66430.125 40.5
154810 303.678221822362 -13134.5621870346 -12830.8839652122 20614.6546844632 20487.8370122764 20726.7087871708 20629.4182539423 -26.5834458640591 66430.125 40.5
154820 301.72890699441 -13132.221187829 -12830.4922808346 20776.0644941222 20649.2793929693 20903.2524903259 20775.6615990714 -87.7506964642987 66430.125 40.5
154830 301.946392624217 -13131.9446634113 -12829.9982707871 20871.6022034962 20797.2220913349 21047.9079384787 20769.676580675 -131.970189538108 66430.125 40.5
154840 303.562365477083 -13132.9697842411 -12829.4074187641 20855.2631537343 20892.9681278072 21086.4625418131 20586.3587915826 -140.450890241452 66430.125 40.5
154850 305.514765326121 -13134.262564897 -12828.7477995709 20742.2023519509 20826.3447863465 20980.0858672768 20420.1764022294 -134.355968792389 66430.125 40.5
154860 309.7370433836 -13137.8027403448 -12828.0656969612 20554.8433614576 20610.6281420646 20695.5149235098 20358.3870187984 -59.0408208698128 66430.125 40.5
154870 314.779714939714 -13142.2133159545 -12827.4336010148 20366.6323715224 20380.1031911785 20398.663006227 20321.1309171618 91.6802801578452 66430.125 40.5
154880 316.312786851089 -13143.2451255081 -12826.932338657 20344.0668459998 20327.6612223776 20288.3971405393 20416.1421750824 200.576061262492 66430.125 40.5
154890 313.573859524643 -13140.1563851665 -12826.5825256419 20492.1236168535 20438.0514528611 20345.0334395017 20693.2859581977 127.664708676897 66430.125 40.5
154900 309.289101101827 -13135.612280243 -12826.3231791411 20692.2723478506 20695.4124998738 20471.2240992496 20910.1804444282 -93.9467153797289 66430.125 40.5
154910 306.704278695877 -13132.7732459715 -12826.0689672756 20881.5120638204 20975.7579495046 20648.9610988716 21019.817143085 -294.566301990967 66430.125 40.5
154920 306.589623183099 -13132.3546345786 -12825.7650113955 20894.7075571454 20960.1173842861 20736.8623165662 20987.1429705839 -345.291681012397 66430.125 40.5
154930 308.287943492259 -13133.6928168849 -12825.4048733926 20771.1093820955 20701.0588260936 20791.431337601 20820.8379825919 -275.709320734174 66430.125 40.5
154940 310.778551189187 -13135.7951335859 -12825.0165823968 20601.366420737 20399.5506262113 20777.1165010604 20627.4321349392 -201.537402634274 66430.125 40.5
154950 313.054826844982 -13137.7021085275 -12824.6472816825 20525.540864657 20304.8618940945 20705.6014282515 20566.1592716249 -173.722088491956 66430.125 40.5
154960 313.2628080668 -13137.5983768159 -12824.3355687491 20555.8238191822 20480.4945444675 20545.2139378794 20641.7629751997 -147.455472164794 66430.125 40.5
154970 311.26033622961 -13135.3447960418 -12824.0844598122 20674.5534458843 20727.4878565777 20444.71744597 20851.4550351051 -84.6448377531412 66430.125 40.5
154980 309.096873722154 -13132.9546497139 -12823.8577759918 20817.7647668901 20809.5811969825 20605.6421113684 21038.0709923195 21.1578765357081 66430.125 40.5
154990 308.629041167878 -13132.2410512336 -12823.6120100657 20842.3079606782 20629.0906752109 20856.4639619367 21041.3692448871 94.907699363239 66430.125 40.5
155000 310.996582033666 -13134.3345408967 -12823.337958863 20789.46684995 20437.9676368222 21018.9549311296 20911.4779818982 51.6936092905627 66430.125 40.5
