# Fix print output for fix setl_out
31000 93.3815838400839 -13348.1796167247 -13254.7980328846 4914.94575356791 4946.01239188398 4949.70122085122 4849.12364796853 -59.9434549957818 66430.125 40.5
31010 92.3024827090575 -13347.0064153721 -13254.7039326631 4938.41734970587 4974.50906635616 5011.48373902827 4829.25924373318 -89.133409262875 66430.125 40.5
31020 92.2995468877283 -13346.7138415557 -13254.414294668 4939.48659687758 4994.5219965004 4993.01958497784 4830.9182091545 -118.380299861131 66430.125 40.5
31030 93.6150970812709 -13347.5498472312 -13253.93475015 4921.89433968733 5005.17028679482 4920.8776659388 4839.63506632837 -116.293243914545 66430.125 40.5
31040 95.4522361176121 -13348.7742642649 -13253.3220281473 4909.08828847881 5007.1749919918 4843.66629773227 4876.42357571235 -92.2443147562013 66430.125 40.5
31050 96.4839778637914 -13349.1669635256 -13252.6829856618 4922.64208987226 5005.47326619215 4825.3204179723 4937.13258545233 -67.7996096425842 66430.125 40.5
31060 96.0971878839612 -13348.2025799986 -13252.1053921146 4981.52716184926 5025.94779501729 4892.30794158959 5026.3257489409 -37.5597669881884 66430.125 40.5
31070 94.9551375988456 -13346.5543856809 -13251.5992480821 5058.17125255027 5052.62338370093 5018.53871083937 5103.35166311051 -19.6675360791971 66430.125 40.5
31080 94.2178265565953 -13345.3400574306 -13251.122230874 5114.45940463753 5073.20517024719 5147.5623939556 5122.61064970979 -22.747949154057 66430.125 40.5
31090 94.4361938456573 -13345.0674834374 -13250.6312895917 5132.14812631469 5093.60100387253 5225.15464532476 5077.68872974678 -29.030954451415 66430.125 40.5
31100 95.1738384946794 -13345.2793666748 -13250.1055281801 5120.76582837363 5114.30390245382 5213.09580690681 5034.89777576025 -55.4733758284869 66430.125 40.5
31110 95.6961029941989 -13345.2401867767 -13249.5440837825 5124.58778487141 5151.60133261719 5173.0678350433 5049.09418695374 -81.9415416760543 66430.125 40.5
31120 95.7499797425981 -13344.702980925 -13248.9530011824 5164.33147764871 5206.72490046745 5174.85244244335 5111.41709003534 -83.1237928098539 66430.125 40.5
31130 95.8133749087203 -13344.1499432448 -13248.3365683361 5198.14786542007 5257.56891631893 5190.24024200135 5146.63443793995 -63.8242961591438 66430.125 40.5
31140 96.3656379590502 -13344.0646102685 -13247.6989723095 5219.10023077423 5304.37698790233 5207.59897884864 5145.32472557171 -25.7512362995831 66430.125 40.5
31150 97.260952854884 -13344.310947559 -13247.0499947041 5221.11603239356 5327.68939248428 5208.0259278842 5127.63277681219 6.19411434399227 66430.125 40.5
31160 98.2054967987849 -13344.608836416 -13246.4033396172 5208.62865550177 5318.1713553281 5197.59268841503 5110.12192276219 14.8296637202324 66430.125 40.5
31170 99.027502798524 -13344.7976507367 -13245.7701479382 5190.70482130976 5261.08656734031 5210.87464410927 5100.1532524797 -7.63576988481262 66430.125 40.5
31180 99.4260280504934 -13344.5820732718 -13245.1560452213 5195.48442984341 5211.47540897056 5257.96166484608 5117.01621571359 -41.8114689159151 66430.125 40.5
31190 99.1687598279488 -13343.7279047926 -13244.5591449646 5252.55370329411 5241.81000240583 5328.73691487802 5187.1141925985 -51.876157517007 66430.125 40.5
31200 98.677176451453 -13342.6459875415 -13243.9688110901 5335.75071609101 5333.05684834761 5389.95977755207 5284.23552237334 -29.4324629215253 66430.125 40.5
31210 98.8667364580847 -13342.2390569507 -13243.3723204926 5370.20095456539 5393.74604835917 5387.55431465722 5329.30250067977 -5.3023717877694 66430.125 40.5
31220 99.8951862088598 -13342.6631937937 -13242.7680075848 5348.32448659787 5421.6290788561 5327.80031117145 5295.54406976606 -12.683531240185 66430.125 40.5
31230 100.743904819463 -13342.9131467337 -13242.1692419143 5321.06067017539 5453.24656672281 5268.02942357258 5241.90602023078 -31.4369014102441 66430.125 40.5
31240 100.716422713158 -13342.3060536247 -13241.5896309116 5344.23336848906 5542.64255905694 5266.64288701934 5223.41465939089 -56.2080175057831 66430.125 40.5
31250 100.266381307394 -13341.2937651614 -13241.027383854 5394.12610711495 5630.5860201552 5299.17274225626 5252.61955893338 -67.4275752441694 66430.125 40.5
31260 100.185950637335 -13340.6563888396 -13240.4704382023 5422.32375103143 5650.07188497589 5323.73303153217 5293.16633658623 -58.890206593 66430.125 40.5
31270 100.750596821681 -13340.6626848465 -13239.9120880248 5429.55525922238 5607.88234162731 5349.56736200187 5331.21607403796 -35.7792281124181 66430.125 40.5
31280 101.634005870975 -13340.9921938233 -13239.3581879523 5412.33487668301 5517.92679169923 5378.74675375687 5340.33108459294 -5.29992376747626 66430.125 40.5
31290 102.133047136139 -13340.9543567293 -13238.8213095932 5407.42821500455 5411.33384867863 5438.1491265503 5372.8016697847 15.024505017283 66430.125 40.5
31300 101.887797379793 -13340.1957359733 -13238.3079385935 5436.78130320545 5354.56665001874 5537.05110415104 5418.72615544656 14.1820343499729 66430.125 40.5
31310 101.504393886909 -13339.3159621791 -13237.8115682922 5485.65237972486 5402.76681453517 5614.0635947359 5440.12672990352 -6.96813284609817 66430.125 40.5
31320 101.831005264774 -13339.1523936287 -13237.3213883639 5520.34646161285 5520.68642788191 5613.6210261613 5426.73193079533 -24.3156472542687 66430.125 40.5
31330 102.869337810368 -13339.7067753704 -13236.8374375601 5516.01533275622 5594.34682762229 5556.54419921757 5397.15497142879 -3.3366116485671 66430.125 40.5
31340 103.848518535444 -13340.2228411326 -13236.3743225971 5487.02912093683 5579.2210211811 5498.13406998935 5383.73227164004 32.4504396646462 66430.125 40.5
31350 103.723327718725 -13339.6700269176 -13235.9466991988 5487.46470729901 5555.20871676121 5486.75660133769 5420.42880379814 46.6321123270702 66430.125 40.5
31360 102.428584945086 -13337.9791275114 -13235.5505425664 5533.21282390285 5572.09141968875 5525.47438478175 5502.07266723805 34.2454154338797 66430.125 40.5
31370 101.267044306093 -13336.4284534912 -13235.1614091851 5586.05014879813 5605.54794263298 5568.84058481201 5583.76191894941 4.49568448392938 66430.125 40.5
31380 101.246788396648 -13336.0020142419 -13234.7552258453 5599.79076107387 5602.07963153227 5590.49759499341 5606.79505669592 -16.0428970930378 66430.125 40.5
31390 102.188540019902 -13336.5161939001 -13234.3276538802 5594.34041420903 5587.40865372313 5608.37303131134 5587.23955759261 -42.5037823001636 66430.125 40.5
31400 103.633005290104 -13337.5284202063 -13233.8954149162 5606.84280319891 5599.81201150017 5654.93710344334 5565.7792946532 -81.5915027329519 66430.125 40.5
31410 105.186290942564 -13338.6723266335 -13233.4860356909 5623.43765634398 5650.38221670098 5694.12824656444 5525.80250576652 -129.839755861454 66430.125 40.5
31420 106.159768098097 -13339.2874239916 -13233.1276558935 5633.45914921804 5711.63408857755 5707.87518222733 5480.86817684925 -172.347918228914 66430.125 40.5
31430 105.893785268022 -13338.72975177 -13232.835966502 5669.7441799869 5756.69127177573 5743.12589561362 5509.41537257135 -163.867498113931 66430.125 40.5
31440 104.681036359983 -13337.284108352 -13232.603071992 5722.54931935467 5769.686509578 5797.75833981465 5600.20310867136 -112.733444282043 66430.125 40.5
31450 103.696159910457 -13336.0997391779 -13232.4035792675 5737.3326420076 5730.27576189955 5808.06786697217 5673.65429715109 -67.527114944069 66430.125 40.5
31460 103.722264965801 -13335.9381472515 -13232.2158822857 5722.52135575897 5697.70281988021 5764.67177112534 5705.18947627136 -67.8342944937871 66430.125 40.5
31470 104.329432683765 -13336.3658686757 -13232.036435992 5707.92589302287 5713.06309614402 5702.96441712536 5707.75016579921 -82.4454769972414 66430.125 40.5
31480 104.719136956679 -13336.5936534837 -13231.874516527 5718.77190768342 5788.11448724397 5648.05511635389 5720.14611945238 -51.0479006877739 66430.125 40.5
31490 104.802038696736 -13336.5403187326 -13231.7382800358 5737.20889124432 5872.89770605988 5608.76958193589 5729.95938573721 14.0313280518757 66430.125 40.5
31500 104.977808769436 -13336.6084084011 -13231.6305996316 5719.78652324375 5888.9875355104 5573.13791137706 5697.23412284379 53.617917617517 66430.125 40.5
31510 105.355938102477 -13336.9111749726 -13231.5552368701 5693.41504527079 5829.74260515267 5588.51320418741 5661.9893264723 30.8078791888126 66430.125 40.5
31520 105.586495805608 -13337.105185428 -13231.5186896224 5668.04767532787 5740.47625594816 5639.67389043188 5623.99287960358 -10.119546658946 66430.125 40.5
31530 105.680977870726 -13337.2076354309 -13231.5266575602 5648.73896430727 5678.94114909743 5687.37415046871 5579.90159335567 -50.1733215132295 66430.125 40.5
31540 105.791470247761 -13337.3740814761 -13231.5826112284 5620.6215128819 5657.45168499289 5672.10883739288 5532.30401625994 -69.8929916660246 66430.125 40.5
31550 105.564736665069 -13337.2532635015 -13231.6885268365 5621.26595331511 5692.2167518667 5638.25623938639 5533.32486869222 -51.1983621420689 66430.125 40.5
31560 104.583876830107 -13336.4216990579 -13231.8378222278 5673.9397320305 5781.51201816554 5641.8810387348 5598.42613919117 -16.9489344757084 66430.125 40.5
31570 103.41149019427 -13335.421856294 -13232.0103660998 5750.7348252878 5882.95012767323 5678.07199140098 5691.18235678919 9.9128826869931 66430.125 40.5
31580 103.240986311814 -13335.426910873 -13232.1859245612 5782.25856169516 5905.40286536527 5696.01478563823 5745.35803408198 35.6731499785941 66430.125 40.5
31590 104.34747776613 -13336.7108630874 -13232.3633853212 5764.82486315503 5859.49244948962 5690.71864905166 5744.2634909238 50.0426158112816 66430.125 40.5
31600 105.782441252503 -13338.3468825589 -13232.5644413064 5706.8863754802 5764.72806371948 5671.94791125045 5683.98315147066 55.5842304308667 66430.125 40.5
31610 106.257495895421 -13339.0718692399 -13232.8143733444 5648.05354942041 5666.82955539373 5683.23085817678 5594.10023469072 54.5249759363382 66430.125 40.5
31620 105.596031465349 -13338.7146480888 -13233.1186166234 5625.64018975253 5634.42364430792 5714.70220253267 5527.79472241701 58.7892395657321 66430.125 40.5
31630 104.720262996547 -13338.1808208378 -13233.4605578413 5613.39508204461 5655.42499814061 5702.75532841303 5482.00491958019 62.8848473882504 66430.125 40.5
31640 104.230691801956 -13338.0503955472 -13233.8197037453 5592.91686163541 5688.802845528 5648.35508468213 5441.5926546961 69.2482926452815 66430.125 40.5
31650 103.76239838795 -13337.9441331166 -13234.1817347287 5573.47938864317 5703.35567534534 5593.37017340135 5423.7123171828 61.3958362453694 66430.125 40.5
31660 103.020088874583 -13337.5529874209 -13234.5328985463 5577.83653067436 5719.11007824462 5564.757613518 5449.64190026047 40.5756305587556 66430.125 40.5
31670 102.667509965735 -13337.5277948888 -13234.860284923 5586.09095076567 5720.67432511043 5560.30761612158 5477.29091106498 1.58935039543606 66430.125 40.5
31680 103.160041925633 -13338.3223312685 -13235.1622893429 5594.56291000392 5674.14641079922 5590.89601770832 5518.64630150423 -18.0564141299218 66430.125 40.5
31690 103.826672401586 -13339.2771914911 -13235.4505190896 5594.17082574343 5598.86190831838 5609.51801257068 5574.13255634123 -17.4268729908672 66430.125 40.5
31700 103.757957763359 -13339.4945069844 -13235.736549221 5599.73516588968 5547.67659857004 5607.39797463346 5644.13092446553 -1.24660361924098 66430.125 40.5
31710 102.931077899734 -13338.9485005099 -13236.0174226102 5610.40460735727 5546.24359673001 5602.29812993365 5682.67209540814 -9.70947111446228 66430.125 40.5
31720 102.259520202246 -13338.5387577411 -13236.2792375388 5594.01871502599 5549.80429771062 5594.19645456953 5638.05539279783 -39.1701528852568 66430.125 40.5
31730 102.364420048835 -13338.8778125787 -13236.5133925298 5541.37719295416 5518.74030467276 5578.26744423217 5527.12382995756 -63.7660116300481 66430.125 40.5
31740 102.888403430912 -13339.6122274182 -13236.7238239873 5498.14329564 5497.54104550229 5582.59944196463 5414.28939945308 -34.4093569453646 66430.125 40.5
31750 103.37889674403 -13340.3008089052 -13236.9219121612 5479.20702893442 5497.46637649251 5578.30756925272 5361.84714105802 31.7697638091 66430.125 40.5
31760 103.484023980881 -13340.601811788 -13237.1177878071 5472.81115699736 5523.80997927373 5523.49035115274 5371.13314056561 78.9061355031296 66430.125 40.5
31770 102.721930987452 -13340.0335317991 -13237.3116008117 5483.57348605888 5578.39133132119 5456.90220536013 5415.42692149533 88.9136187937491 66430.125 40.5
31780 101.249519915715 -13338.7365124167 -13237.486992501 5517.12447352346 5648.11460095521 5429.67909363057 5473.57972598461 52.7329836740309 66430.125 40.5
31790 100.276158069143 -13337.8952155483 -13237.6190574792 5543.42312648315 5683.34352596931 5429.58957891505 5517.33627456509 -20.6663178083612 66430.125 40.5
31800 100.711851214449 -13338.4058001753 -13237.6939489608 5518.34521288096 5637.78294161178 5409.23053343533 5508.02216359576 -90.3441108487879 66430.125 40.5
31810 101.958038020004 -13339.6775197926 -13237.7194817726 5469.38091023673 5563.70732299227 5361.71729910194 5482.71810861596 -118.93172156453 66430.125 40.5
31820 102.597954931045 -13340.313421751 -13237.7154668199 5458.9044798759 5530.59968150596 5357.51276278328 5488.60099533846 -106.862632603916 66430.125 40.5
31830 102.105312309716 -13339.797864685 -13237.6925523752 5498.04257474956 5548.8267627509 5428.82741462992 5516.47354686785 -92.8908417861931 66430.125 40.5
31840 101.494282005778 -13339.1378723585 -13237.6435903527 5543.1073727636 5595.88801641887 5513.71305670203 5519.72104516989 -86.8468850247116 66430.125 40.5
31850 101.88615625826 -13339.4451409665 -13237.5589847082 5513.66762948515 5583.96964124348 5493.71551555365 5463.31773165833 -90.1479412659442 66430.125 40.5
31860 102.789539547443 -13340.2327358559 -13237.4431963084 5460.51198867056 5555.30130084057 5429.13053749968 5397.10412767142 -113.375575840271 66430.125 40.5
31870 102.912774162467 -13340.2224681691 -13237.3096940066 5437.11239002707 5548.732451111 5397.65212495959 5364.95259401062 -146.780819984661 66430.125 40.5
31880 102.128558466103 -13339.2908097359 -13237.1622512698 5444.1781641228 5566.76975350564 5389.09349370852 5376.67124515425 -155.548411994104 66430.125 40.5
31890 101.300804316109 -13338.2891593481 -13236.988355032 5483.26987350731 5596.96923489476 5412.2126206371 5440.62776499006 -117.749814006837 66430.125 40.5
31900 101.32866659858 -13338.1021003572 -13236.7734337586 5521.68053242863 5627.49719303574 5446.23974909922 5491.30465515095 -60.0129578429586 66430.125 40.5
31910 102.326136626867 -13338.8435277086 -13236.5173910817 5538.11514172971 5640.7079259712 5466.57682298467 5507.06067623326 7.30789005032711 66430.125 40.5
31920 103.330850105564 -13339.5686440695 -13236.2377939639 5527.72534818651 5639.44423434551 5439.13779474864 5504.59401546539 66.3671221219969 66430.125 40.5
31930 103.49084796236 -13339.4476643735 -13235.9568164111 5531.29194707015 5646.81597907682 5428.70022925861 5518.35963287503 70.9607098139841 66430.125 40.5
31940 102.816111854459 -13338.4983076113 -13235.6821957568 5559.72187293732 5670.8992148142 5456.94077180921 5551.32563218853 21.6073211747027 66430.125 40.5
31950 102.216851302557 -13337.6224779488 -13235.4056266462 5570.94831296578 5663.1795157262 5501.53665889006 5548.1287642811 -37.0364773995286 66430.125 40.5
31960 102.45566279911 -13337.5734075976 -13235.1177447985 5550.76434729276 5595.90698434563 5544.59840933637 5511.78764819627 -46.725274703681 66430.125 40.5
31970 103.224142858412 -13338.0463398716 -13234.8221970131 5534.058641615 5541.5784339851 5581.23747508007 5479.36001577984 25.8770394407992 66430.125 40.5
31980 103.842869998336 -13338.3765893891 -13234.5337193908 5555.07066153056 5555.42151251102 5594.38082624311 5515.40964583756 171.735425070498 66430.125 40.5
31990 104.241183620872 -13338.5072713221 -13234.2660877013 5584.84740270165 5628.02219487896 5545.7084133589 5580.81159986709 283.182205359367 66430.125 40.5
32000 104.742265297897 -13338.7699220252 -13234.0276567274 5592.28210075937 5714.05887039087 5470.34980586017 5592.43762602705 299.873253236752 66430.125 40.5
32010 105.394665881125 -13339.2212517486 -13233.8265858675 5580.6807167777 5761.9141471437 5427.48774183775 5552.64026135165 270.403121086742 66430.125 40.5
32020 105.632149904877 -13339.3043826908 -13233.6722327859 5588.27239547325 5777.80010831854 5468.57057270014 5518.44650540105 233.184352482774 66430.125 40.5
32030 104.895080881188 -13338.4608023548 -13233.5657214736 5608.71555391804 5759.36173424877 5561.60909541457 5505.17583209078 183.76620309984 66430.125 40.5
32040 103.56035735432 -13337.0516317025 -13233.4912743482 5640.75215357708 5732.38044023442 5638.22731763761 5551.64870285921 128.530174405669 66430.125 40.5
32050 102.58349496075 -13336.0062747394 -13233.4227797786 5643.29345054441 5690.53369396488 5639.7102537799 5599.63640388845 81.4189996807539 66430.125 40.5
32060 102.566627722274 -13335.9078379722 -13233.3412102499 5632.16599641137 5644.45704922528 5607.50572570203 5644.53521430679 61.8259419649615 66430.125 40.5
32070 103.169959927996 -13336.4134981971 -13233.2435382691 5613.56285745314 5589.94378931305 5585.86232893941 5664.88245410696 66.3270411393082 66430.125 40.5
32080 103.922338356842 -13337.0617610736 -13233.1394227167 5600.6210172709 5553.06557720225 5587.23837408291 5661.55910052753 92.4461256434982 66430.125 40.5
32090 104.796613566916 -13337.8402836058 -13233.0436700389 5576.81166756375 5552.54750489931 5559.76900315325 5618.11849463868 119.405316797925 66430.125 40.5
32100 105.845939653473 -13338.8203816798 -13232.9744420264 5544.62000512678 5595.74911738802 5522.3061551619 5515.80474283041 92.6703903369658 66430.125 40.5
32110 106.694268344708 -13339.6481577522 -13232.9538894075 5523.68899153885 5648.51260799127 5519.5894338023 5402.96493282297 1.8715133552216 66430.125 40.5
32120 106.586341133682 -13339.5862810031 -13232.9999398694 5529.92271477537 5700.66823355197 5552.63225767509 5336.46765309906 -121.366352033608 66430.125 40.5
32130 105.412962427616 -13338.5254922838 -13233.1125298562 5571.13399713652 5758.75712199686 5581.57570330094 5373.06916611175 -183.358665137488 66430.125 40.5
32140 103.910347955431 -13337.1813048319 -13233.2709568765 5616.78709989067 5783.823862339 5573.06947946969 5493.46795786331 -173.376555767386 66430.125 40.5
32150 102.783841996214 -13336.2309070453 -13233.4470650491 5648.62901791468 5769.15464708344 5544.06546793707 5632.66693872353 -138.119367860821 66430.125 40.5
32160 102.390802574273 -13336.0106144401 -13233.6198118658 5658.77547596737 5745.49134611679 5509.14028894668 5721.69479283865 -129.59686841146 66430.125 40.5
32170 102.794532265167 -13336.5771777582 -13233.782645493 5637.35821801732 5735.97082890046 5458.97784766354 5717.12597748796 -143.023773520835 66430.125 40.5
32180 103.596339623238 -13337.5400134881 -13233.9436738648 5596.22262044745 5704.90907708344 5427.65840884993 5656.10037540899 -155.589058992747 66430.125 40.5
32190 104.105752359025 -13338.2234057492 -13234.1176533902 5547.54573169822 5643.48603472239 5419.1224491818 5580.02871119047 -135.410123386327 66430.125 40.5
32200 104.119995541026 -13338.4349892198 -13234.3149936788 5526.98798810589 5611.29484556344 5435.58111767307 5534.08800108116 -94.7670103935013 66430.125 40.5
32210 104.054996588653 -13338.5925069065 -13234.5375103178 5511.79204839084 5610.6501313811 5450.27862675299 5474.44738703842 -54.5418134046393 66430.125 40.5
32220 104.347209628927 -13339.1333175911 -13234.7861079622 5492.44204817933 5625.83861243973 5443.95862656528 5407.52890553298 -33.8139332733549 66430.125 40.5
32230 104.651140365656 -13339.7173436298 -13235.0662032642 5488.84220946957 5666.00672000695 5444.3211599781 5356.19874842366 -52.0965342398816 66430.125 40.5
32240 104.164478207661 -13339.5429430189 -13235.3784648112 5499.80415776545 5711.21783136852 5437.48658162954 5350.7080602983 -76.0639025569404 66430.125 40.5
32250 102.918753647778 -13338.6248869214 -13235.7061332736 5531.670204208 5741.37679670622 5428.80756453089 5424.82625138689 -72.6664972712155 66430.125 40.5
32260 101.710657847004 -13337.7294922069 -13236.0188343599 5556.67448772863 5707.80400983845 5437.14840910169 5525.07104424574 -51.099819769017 66430.125 40.5
32270 101.220369128872 -13337.5109324138 -13236.2905632849 5572.68152490329 5621.16071359036 5496.75004021932 5600.13382090019 -26.0766108968186 66430.125 40.5
32280 101.54068151767 -13338.0527874958 -13236.5121059781 5559.94043313659 5502.34093723441 5574.25854027928 5603.22182189608 -17.1578914170737 66430.125 40.5
32290 102.264317950414 -13338.9547358268 -13236.6904178764 5523.89764483045 5426.98894376695 5627.23154762379 5517.47244310062 -15.5869218244813 66430.125 40.5
32300 102.783340873187 -13339.6227387118 -13236.8393978386 5479.38899543972 5413.05344536949 5626.27943070987 5398.83411023979 -6.16782996130866 66430.125 40.5
32310 102.823016119865 -13339.7917226907 -13236.9687065708 5463.45321835493 5476.01480029372 5575.00167020461 5339.34318456648 38.3995369898847 66430.125 40.5
32320 102.795621484481 -13339.8767669809 -13237.0811454964 5446.94366062402 5558.09564458987 5455.87510780877 5326.8602294734 96.8800741599248 66430.125 40.5
32330 102.95612674158 -13340.1341852568 -13237.1780585152 5427.47032708997 5627.28764525384 5333.5512782318 5321.57205778428 117.436009263001 66430.125 40.5
32340 102.930736241645 -13340.1931470238 -13237.2624107822 5431.85825625539 5683.56539757689 5270.01502678789 5341.9943444014 89.2457716429884 66430.125 40.5
32350 102.33835537639 -13339.6713851776 -13237.3330298012 5458.3421113917 5683.97260724237 5290.54403202721 5400.50969490551 25.5588989783529 66430.125 40.5
32360 101.45787963988 -13338.8373173275 -13237.3794376876 5487.26796754361 5623.1634555709 5368.34624552902 5470.29420153091 -24.5652557955192 66430.125 40.5
32370 101.111276721211 -13338.4993617311 -13237.3880850099 5504.93632371378 5516.89420108103 5460.08663188681 5537.82813817351 -58.4417687662504 66430.125 40.5
32380 101.709323864724 -13339.0641300379 -13237.3548061732 5507.28727816586 5418.75445589926 5548.51144880643 5554.5959297919 -90.1932480249656 66430.125 40.5
32390 102.607790706966 -13339.8977027516 -13237.2899120446 5500.78241077578 5375.26850867096 5620.75769107034 5506.32103258602 -98.9074623597089 66430.125 40.5
32400 102.773560131179 -13339.9816910665 -13237.2081309353 5503.91345828929 5423.53216886833 5656.29566759782 5431.91253840171 -64.1382662463442 66430.125 40.5
32410 102.155560582308 -13339.2683509947 -13237.1127904124 5532.70911172446 5538.25615413554 5654.60213233116 5405.26904870668 21.7240241924778 66430.125 40.5
32420 101.756221853793 -13338.7505113715 -13236.9942895177 5538.64656451524 5624.90436280686 5588.73544249719 5402.29988824168 89.2817925773541 66430.125 40.5
32430 102.144566140184 -13338.9893075479 -13236.8447414078 5499.85950134673 5643.14509941995 5463.95415188413 5392.47925273612 88.5777179476879 66430.125 40.5
32440 102.729552744425 -13339.3973517968 -13236.6677990523 5464.6377836739 5627.18856766925 5361.14511448658 5405.57966886588 64.1380125165398 66430.125 40.5
32450 102.78612992246 -13339.2581232793 -13236.4719933569 5479.80825290385 5644.32725635794 5360.60895704445 5434.48854530916 37.6766245901428 66430.125 40.5
32460 102.563441852985 -13338.8223517841 -13236.2589099311 5524.09121600612 5680.40613821457 5434.56393214788 5457.3035776559 7.99002529487867 66430.125 40.5
32470 102.934382734549 -13338.9599546311 -13236.0255718965 5535.18199182698 5673.07111311222 5487.55439544883 5444.92046691989 -8.22574481435037 66430.125 40.5
32480 103.922409184211 -13339.699278375 -13235.7768691907 5502.72809439318 5596.39464581388 5483.33946315872 5428.45017420692 -15.0681539179557 66430.125 40.5
32490 104.694708914326 -13340.2246543735 -13235.5299454592 5484.26805248485 5528.56791113582 5467.01143795284 5457.22480836588 -16.2308998144189 66430.125 40.5
32500 104.472047090402 -13339.7726206896 -13235.3005735992 5512.44511451908 5552.0503883335 5464.90182985676 5520.38312536697 -20.7505594625369 66430.125 40.5
32510 103.252981165678 -13338.3392854059 -13235.0863042402 5571.36990619263 5638.15112817574 5510.84656533239 5565.11202506977 -33.1160652400643 66430.125 40.5
32520 101.972335669826 -13336.8372594265 -13234.8649237567 5632.14934407281 5718.37957931759 5609.79159557247 5568.27685732838 -42.5250144401208 66430.125 40.5
32530 101.755322567729 -13336.3660803057 -13234.610757738 5653.93262675929 5744.19625990847 5691.57602557754 5526.02559479186 7.34379589018897 66430.125 40.5
32540 102.750970204522 -13337.0655472849 -13234.3145770804 5649.1467760344 5744.18166938 5714.01108387757 5489.24757484563 110.18802894702 66430.125 40.5
32550 103.928225158578 -13337.9182243481 -13233.9899991895 5642.78219109003 5741.19557916276 5680.95110640513 5506.19988770222 187.977574735743 66430.125 40.5
32560 104.481988418888 -13338.1434745518 -13233.6614861329 5642.16485761203 5745.42043746619 5628.74491539846 5552.32921997145 180.548949894075 66430.125 40.5
32570 104.635392289317 -13337.9823362501 -13233.3469439608 5627.34658391071 5743.65925780634 5584.48085570317 5553.89963822262 152.834509352608 66430.125 40.5
32580 104.993775143237 -13338.0493747522 -13233.0555996089 5619.41360937885 5727.89010802008 5583.0773905883 5547.27332952816 139.443286724041 66430.125 40.5
32590 105.736571685127 -13338.53495878 -13232.7983870949 5610.67120968023 5691.30324325387 5592.96890755525 5547.74147823156 125.00017541261 66430.125 40.5
32600 106.281287114425 -13338.8726338338 -13232.5913467194 5624.2934390364 5669.19697414315 5624.16132494852 5579.52201801751 102.198492818765 66430.125 40.5
32610 106.123052917116 -13338.5696447191 -13232.446591802 5659.11527977307 5701.95400708118 5666.90750545162 5608.48432678641 110.630935655749 66430.125 40.5
32620 105.312128404404 -13337.6732719595 -13232.3611435551 5693.70999155923 5758.38148190026 5699.43064125982 5623.31785151761 162.039261095538 66430.125 40.5
32630 104.236143294882 -13336.5536596615 -13232.3175163666 5719.25843405043 5790.0887621042 5717.74944339981 5649.9370966473 188.492651102832 66430.125 40.5
32640 103.487066914701 -13335.7806129619 -13232.2935460472 5716.14698411979 5773.86905695858 5707.48248014584 5667.08941525496 144.87634486898 66430.125 40.5
32650 103.529072158723 -13335.8039807608 -13232.2749086021 5667.99574504447 5711.20346688277 5662.10773888405 5630.6760293666 73.4694279134012 66430.125 40.5
32660 104.147004257674 -13336.4085620271 -13232.2615577695 5601.73822100025 5648.62923366192 5593.51574227297 5563.06968706584 38.2280741654612 66430.125 40.5
32670 104.802241498683 -13337.0665362755 -13232.2642947768 5558.84198417686 5624.59894100057 5537.30922669579 5514.61778483423 49.6637142765149 66430.125 40.5
32680 104.996676877232 -13337.2890901944 -13232.2924133172 5566.85330755501 5652.49186853758 5544.13991848946 5503.92813563799 57.8660761442283 66430.125 40.5
32690 104.711102427391 -13337.0550794739 -13232.3439770465 5604.72811990637 5713.54512886491 5592.85309320965 5507.78613764454 45.2607968793477 66430.125 40.5
32700 104.315447218826 -13336.7218541787 -13232.4064069598 5649.88376934104 5762.45404953339 5651.41077073704 5535.7864877527 21.5042718945917 66430.125 40.5
32710 104.145350214724 -13336.6116619983 -13232.4663117835 5678.6920201886 5752.94268112296 5685.26750705283 5597.86587239 -8.99956399212675 66430.125 40.5
32720 104.525096155019 -13337.0449373943 -13232.5198412393 5656.01268961435 5667.40821762554 5659.14587406602 5641.4839771515 -39.7147685215236 66430.125 40.5
32730 105.384915689492 -13337.9614950464 -13232.5765793569 5602.50778497206 5575.12336688168 5589.00472851172 5643.39525952277 -52.841713946352 66430.125 40.5
32740 105.776827222647 -13338.427951795 -13232.6511245724 5572.4852401688 5547.06231439481 5541.64593814395 5628.74746796763 -13.3190339750028 66430.125 40.5
32750 105.029552426418 -13337.7777804014 -13232.748227975 5573.95090797424 5583.63936646174 5530.82993511433 5607.38342234663 54.8727262017121 66430.125 40.5
32760 103.778793427888 -13336.6348302449 -13232.8560368171 5602.43575020783 5655.14483704032 5560.7316158879 5591.43079769526 111.048227002466 66430.125 40.5
32770 103.306856485001 -13336.2652609686 -13232.9584044836 5608.87535894619 5676.26893502005 5592.54590239326 5557.81123942525 119.209060987208 66430.125 40.5
32780 104.045770775514 -13337.0995099532 -13233.0537391777 5598.99813636582 5667.06469450184 5609.02247087086 5520.90724372478 65.5992125115011 66430.125 40.5
32790 105.11805391054 -13338.2763839289 -13233.1583300184 5594.45699245611 5673.44581510298 5627.0818998515 5482.84326241383 -14.8902434211859 66430.125 40.5
32800 105.644255258787 -13338.9380580377 -13233.2938027789 5595.83554795939 5692.11698401849 5641.12446057569 5454.26519928399 -61.9620048398261 66430.125 40.5
32810 105.293035520612 -13338.7637810153 -13233.4707454947 5588.0290008378 5690.59137337566 5632.26053658698 5441.23509255077 -33.2307133228899 66430.125 40.5
32820 104.084239952887 -13337.7646957552 -13233.6804558023 5592.58273054845 5676.39458351705 5630.38773900154 5470.96586912676 26.1604151150463 66430.125 40.5
32830 102.704069530588 -13336.602105713 -13233.8980361825 5623.35842532923 5653.18558546261 5680.39201151557 5536.49767900952 52.0977266484783 66430.125 40.5
32840 102.364268378364 -13336.464398586 -13234.1001302077 5614.59005523987 5586.31359296638 5698.27849059578 5559.17808215743 48.6992969864209 66430.125 40.5
32850 103.407863153498 -13337.6921337482 -13234.2842705948 5569.57346890782 5520.34410003792 5660.0125631346 5528.36374355095 50.9883388680738 66430.125 40.5
32860 104.675383342874 -13339.1458568976 -13234.4704735548 5519.95910585572 5532.92903893307 5581.91597869503 5445.03229993907 68.7814544427818 66430.125 40.5
32870 104.761647222581 -13339.4417739257 -13234.6801267031 5520.8404573562 5627.18992013904 5542.61135708921 5392.72009484034 88.1523950017248 66430.125 40.5
32880 103.61769658297 -13338.5296963406 -13234.9119997576 5569.21708983537 5753.69757880454 5538.10299763939 5415.8506930622 94.6436717997513 66430.125 40.5
32890 102.468506925961 -13337.6124070959 -13235.1439001699 5594.46698906888 5799.61406051505 5509.43041848881 5474.35648820278 70.8541425314753 66430.125 40.5
32900 102.279535352662 -13337.6356997538 -13235.3561644011 5588.28922908766 5757.9032135644 5464.05185635136 5542.91261734724 51.1448545999907 66430.125 40.5
32910 102.799927510017 -13338.3460753585 -13235.5461478485 5561.84955071219 5666.66508406736 5444.6008174002 5574.28275066901 67.8226702876662 66430.125 40.5
32920 103.235801729211 -13338.9592579604 -13235.7234562311 5528.79653462413 5599.04993214555 5432.30630735078 5555.03336437606 100.225975472829 66430.125 40.5
32930 103.067210801303 -13338.9624698966 -13235.8952590953 5535.33662540499 5627.53076244126 5449.65871249735 5528.82040127636 95.0149119553387 66430.125 40.5
32940 102.514003986197 -13338.5726801335 -13236.0586761473 5557.75595449702 5676.85345412045 5492.28873061204 5504.12567875856 41.6961599895847 66430.125 40.5
32950 102.09881858572 -13338.3029898275 -13236.2041712418 5545.54667721502 5671.44382071451 5497.82965834577 5467.36655258477 -14.1734054016475 66430.125 40.5
32960 102.225214731955 -13338.5509207294 -13236.3257059974 5516.63720273178 5607.39452169175 5488.40672749153 5454.11035901205 -36.7831393781736 66430.125 40.5
32970 102.797059660958 -13339.223699325 -13236.4266396641 5503.58041846693 5544.43643890837 5494.33333750884 5471.97147898357 -35.7614010628232 66430.125 40.5
32980 103.299103625713 -13339.8165139045 -13236.5174102788 5489.72414958169 5476.90596178428 5505.88343133001 5486.38305563079 -11.4699914129558 66430.125 40.5
32990 103.36747940607 -13339.9749442309 -13236.6074648248 5481.59377642347 5429.9559440377 5502.7814698242 5512.04391540851 59.1035905190787 66430.125 40.5
33000 103.014787001544 -13339.713036733 -13236.6982497314 5495.80172019334 5440.32192982174 5501.2062161155 5545.87701464278 138.780576311291 66430.125 40.5
33010 102.568580357701 -13339.352132151 -13236.7835517933 5529.75319306381 5520.28665051689 5499.79490401319 5569.17802466134 146.753980792071 66430.125 40.5
33020 102.436603174879 -13339.2923067473 -13236.8557035724 5555.94119049799 5612.5402179337 5500.05552546505 5555.22782809522 62.805764148909 66430.125 40.5
33030 102.679326183375 -13339.5920047475 -13236.9126785641 5532.09720870597 5652.08643975429 5470.65243758015 5473.55274878346 -37.5299100733339 66430.125 40.5
33040 102.691394757438 -13339.6487761639 -13236.9573814064 5480.09870394351 5623.29397488797 5427.0251109577 5389.97702598486 -86.0696699087725 66430.125 40.5
33050 102.023464060853 -13339.0114855189 -13236.9880214581 5471.38998261529 5583.51713154389 5452.65929218944 5377.99352411254 -85.3743262339246 66430.125 40.5
33060 101.302491560106 -13338.2948199519 -13236.9923283918 5508.6882835826 5554.89714483355 5536.4063279997 5434.76137791455 -41.502623744168 66430.125 40.5
33070 101.465785388616 -13338.4230739113 -13236.9572885226 5519.27713237727 5498.53177078102 5599.66533419354 5459.63429215724 -1.0797757184101 66430.125 40.5
33080 102.411785544107 -13339.2944003733 -13236.8826148292 5517.4358361129 5452.27567733109 5640.32146969364 5459.71036131396 -3.48631238287499 66430.125 40.5
33090 103.174524273117 -13339.9560243005 -13236.7815000273 5517.75812733848 5467.48774060037 5649.8205057051 5435.96613570997 -57.8408975654985 66430.125 40.5
33100 103.020218419575 -13339.6859992018 -13236.6657807823 5530.41589865467 5558.72871183574 5623.77610637374 5408.74287775453 -116.240000724059 66430.125 40.5
33110 102.491554729901 -13339.0249491062 -13236.5333943763 5552.74994121812 5677.83928013785 5580.19583496652 5400.21470855001 -111.467380725217 66430.125 40.5
33120 102.808333377244 -13339.1837589695 -13236.3754255923 5547.77255046798 5727.29324879524 5531.9103128939 5384.11408971481 -27.9355362426995 66430.125 40.5
33130 104.002073119054 -13340.1968820486 -13236.1948089295 5486.2924375473 5643.36860259132 5459.69396319208 5355.81474685849 66.6561268656918 66430.125 40.5
33140 104.822012378166 -13340.8328296409 -13236.0108172628 5440.60763052271 5535.28183293537 5416.34569668802 5370.19536194474 102.957879040781 66430.125 40.5
33150 104.373425700232 -13340.2137389429 -13235.8403132426 5461.62612590045 5481.46291570898 5451.18105677392 5452.23440521845 74.6176601800364 66430.125 40.5
33160 103.034300661466 -13338.71262714 -13235.6783264785 5517.795231339 5472.24004802949 5535.21638090825 5545.92926507926 13.3142325005863 66430.125 40.5
33170 101.763432450385 -13337.2641053117 -13235.5006728613 5574.62608173998 5494.36007473141 5625.39158800281 5604.12658248573 -28.5683550639117 66430.125 40.5
33180 101.182750627052 -13336.4637013873 -13235.2809507602 5611.41365673048 5527.8165620912 5671.0190719981 5635.40533610213 -15.2560152843478 66430.125 40.5
33190 101.613793749745 -13336.6185618817 -13235.004768132 5627.08147125633 5594.94658050724 5635.65563580812 5650.64219745362 65.6048630743446 66430.125 40.5
33200 103.000347211744 -13337.6785485447 -13234.6782013329 5621.33045180736 5679.48971657307 5525.77260506485 5658.72903378416 142.431324168311 66430.125 40.5
33210 104.691234219079 -13339.0208322581 -13234.329598039 5595.56295066475 5708.61462725881 5421.71652000777 5656.35770472767 145.053739079343 66430.125 40.5
33220 105.868958174653 -13339.8683986754 -13233.9994405008 5571.32752048991 5669.83861129661 5382.44708621492 5661.69686395822 93.6173814272393 66430.125 40.5
33230 106.005379411067 -13339.7255043633 -13233.7201249522 5568.95937181424 5591.38611532496 5430.33757660749 5685.15442351027 53.6881772970315 66430.125 40.5
33240 105.014280280655 -13338.5134302491 -13233.4991499685 5608.47349356517 5519.68051896125 5572.29715660865 5733.4428051256 42.4605473078165 66430.125 40.5
33250 103.590136110583 -13336.9087742556 -13233.318638145 5655.01972371871 5494.26224863369 5710.49715094626 5760.2997715762 59.4026310762493 66430.125 40.5
33260 102.720304805457 -13335.8712391569 -13233.1509343514 5679.86372368219 5515.26133658279 5771.7545427988 5752.57529166496 90.008307082754 66430.125 40.5
33270 102.819245041442 -13335.7969596852 -13232.9777146438 5692.66713487645 5570.56462554951 5785.27168084779 5722.16509823207 119.420379836801 66430.125 40.5
33280 103.702622400586 -13336.5018712627 -13232.7992488621 5686.9836467831 5617.15223692826 5785.17188629516 5658.62681712589 132.849002292532 66430.125 40.5
33290 104.782312370377 -13337.4136029527 -13232.6312905824 5662.43093451441 5653.68799771712 5746.53281058373 5587.07199524238 77.1761692209522 66430.125 40.5
33300 105.507556992004 -13338.0015987827 -13232.4940417907 5625.14577480189 5671.05432986134 5684.30193213957 5520.08106240477 -32.7754527070563 66430.125 40.5
33310 105.945548567907 -13338.3479414847 -13232.4023929168 5593.45615537562 5681.22840473456 5629.07770001186 5470.06236138045 -98.4776405050611 66430.125 40.5
33320 106.226232239802 -13338.5912612946 -13232.3650290548 5567.51569130758 5664.96115675936 5572.44496236466 5465.14095479873 -87.3973343912788 66430.125 40.5
33330 105.871203278137 -13338.2561035376 -13232.3849002594 5578.87241514225 5632.74461151081 5536.0919338775 5567.78070003843 -18.7394559377179 66430.125 40.5
33340 104.681058799869 -13337.1339746033 -13232.4529158034 5621.05019379373 5605.72549436934 5525.64482295683 5731.78026405502 36.8829148632849 66430.125 40.5
33350 103.349031341648 -13335.8947195496 -13232.5456882079 5677.83023183408 5614.15336396426 5550.27279050466 5869.06454103331 13.229263215159 66430.125 40.5
33360 102.844838087631 -13335.4846145472 -13232.6397764596 5692.60233240201 5633.4008016316 5562.98381423126 5881.42238134316 -67.7163358215203 66430.125 40.5
33370 103.256907142694 -13335.9836701404 -13232.7267629977 5673.18874832123 5658.8195613306 5571.43022847407 5789.31645515904 -140.031198992554 66430.125 40.5
33380 103.913799300265 -13336.7280402563 -13232.814240956 5638.9257390655 5660.82410133366 5601.68923026464 5654.26388559821 -182.657856562749 66430.125 40.5
33390 104.443375152289 -13337.359753809 -13232.9163786567 5611.74562804514 5655.13270567743 5655.08470151944 5525.01947693856 -199.02966824909 66430.125 40.5
33400 104.81550091065 -13337.8627462949 -13233.0472453842 5585.77023843284 5625.05676179784 5678.90512574985 5453.34882775083 -158.171458966207 66430.125 40.5
33410 104.790103326856 -13338.0079037963 -13233.2178004694 5566.97589711111 5567.28272073174 5670.10592166041 5463.53904894119 -71.5011041249503 66430.125 40.5
33420 104.404000627315 -13337.8373875676 -13233.4333869402 5582.20129559674 5519.83852353631 5677.87694641916 5548.88841683475 -10.987892451905 66430.125 40.5
33430 104.105749962613 -13337.8008615235 -13233.6951115609 5595.49129350442 5484.38468058712 5671.98769421082 5630.10150571532 -31.0744013389812 66430.125 40.5
33440 104.045386595426 -13338.0515072689 -13234.0061206734 5602.77053739737 5454.67740639212 5655.52483282463 5698.10937297536 -94.5408583191535 66430.125 40.5
33450 103.890266800984 -13338.2629654846 -13234.3726986836 5595.79689901246 5421.50667168535 5619.32730542117 5746.55671993087 -138.231992432749 66430.125 40.5
33460 103.146829751708 -13337.9402948687 -13234.793465117 5593.93287489911 5423.82651139108 5576.84686280861 5781.12525049763 -139.988620595321 66430.125 40.5
33470 102.00817069327 -13337.2556202753 -13235.2474495821 5609.43683790465 5478.83076087787 5559.90246320003 5789.57728963603 -97.9103254473573 66430.125 40.5
33480 101.499043434902 -13337.2007894221 -13235.7017459872 5589.00038544705 5516.58448533101 5520.81808067003 5729.5985903401 -42.5969264340578 66430.125 40.5
33490 102.090976090154 -13338.2237178374 -13236.1327417473 5524.48824050011 5491.06818652374 5486.81743380846 5595.57910116812 -1.96919051609793 66430.125 40.5
33500 103.130566189963 -13339.6656541524 -13236.5350879624 5452.56539370804 5432.52596794564 5480.85888228145 5444.31133089704 1.65791057417865 66430.125 40.5
33510 103.654671212245 -13340.5645537351 -13236.9098825229 5417.8449490607 5404.95283122542 5500.4905371095 5348.09147884718 5.80468826936742 66430.125 40.5
33520 103.363813503747 -13340.6131942954 -13237.2493807916 5425.05536602602 5431.81287626361 5520.58846076885 5322.7647610456 5.05706670004404 66430.125 40.5
33530 102.788948624833 -13340.3260095708 -13237.5370609459 5455.84981423156 5471.60764593978 5538.90587203178 5357.03592472312 -5.54162229002805 66430.125 40.5
33540 102.425432589637 -13340.1861462861 -13237.7607136964 5484.70427387558 5483.83051706312 5540.6850101809 5429.59729438273 -15.6928222646816 66430.125 40.5
33550 102.095212638466 -13340.0141584976 -13237.9189458592 5495.45440992393 5457.1759683048 5507.66230364823 5521.52495781875 15.8536614872948 66430.125 40.5
33560 101.755728153163 -13339.7727663237 -13238.0170381706 5510.09824072141 5439.59352202449 5480.94179054883 5609.7594095909 58.2979712976318 66430.125 40.5
33570 101.872820099735 -13339.9375935322 -13238.0647734325 5497.18566269911 5445.29230086462 5419.19814288934 5627.06654434337 86.840781899001 66430.125 40.5
33580 102.399869282776 -13340.4763417342 -13238.0764724514 5464.20576404228 5464.1616219668 5321.19971088755 5607.2559592725 79.5208615282283 66430.125 40.5
33590 102.914318285163 -13340.9825209801 -13238.0682026949 5437.28197034041 5473.59267351093 5256.48368836372 5581.76954914659 30.2562111603953 66430.125 40.5
33600 103.212705894559 -13341.2655822277 -13238.0528763332 5434.86251390782 5465.25601088033 5294.84643655981 5544.48509428331 -35.3738338031555 66430.125 40.5
33610 102.888780097516 -13340.9245634405 -13238.0357833429 5435.41632804377 5428.15727180592 5390.15061217654 5487.94110014886 -86.051962329778 66430.125 40.5
33620 101.619679071083 -13339.628856215 -13238.0091771439 5490.59619745884 5440.52889919969 5545.79880365134 5485.46088952549 -89.067560243092 66430.125 40.5
33630 100.084819647651 -13338.0362788875 -13237.9514592398 5564.82926959283 5510.47893739352 5669.14382514917 5514.86504623581 -18.6256048128021 66430.125 40.5
33640 99.4583745827626 -13337.2970801027 -13237.8387055199 5582.76369179279 5566.57118773347 5671.23522292904 5510.48466471586 60.7957937596219 66430.125 40.5
33650 100.252622307627 -13337.9141740171 -13237.6615517095 5531.4101326758 5571.74449488349 5562.00000708364 5460.48589606026 89.726483743271 66430.125 40.5
33660 101.820503925232 -13339.2530854745 -13237.4325815493 5471.99132555091 5543.42101450327 5437.79500704541 5434.75795510405 55.1625774753902 66430.125 40.5
33670 103.17444358372 -13340.3546011078 -13237.1801575241 5452.3589268287 5518.102891824 5378.8991330833 5460.07475557879 0.804225824535885 66430.125 40.5
33680 103.768316255798 -13340.7001490823 -13236.9318328265 5464.91673992611 5499.50414061225 5397.16795524562 5498.07812392045 -18.7393329859076 66430.125 40.5
33690 103.629721120533 -13340.3307364277 -13236.7010153071 5495.59564301332 5486.99142146283 5458.19565395633 5541.59985362082 27.3253223882327 66430.125 40.5
33700 103.276822787547 -13339.7629840461 -13236.4861612585 5510.04336986211 5437.54068826701 5515.29318128076 5577.29624003856 102.090609955751 66430.125 40.5
33710 103.099368458618 -13339.3796386982 -13236.2802702396 5517.48539866473 5404.97906105923 5589.27680353329 5558.20033140166 147.116600259996 66430.125 40.5
33720 102.81308425586 -13338.8905397741 -13236.0774555183 5541.76094086625 5454.21819660282 5674.21575289419 5496.84887310174 132.943350805707 66430.125 40.5
33730 102.357306975363 -13338.2289286143 -13235.871621639 5586.12170124567 5569.20247196625 5741.70578492926 5447.4568468415 69.4026700988374 66430.125 40.5
33740 102.150805959415 -13337.8058960756 -13235.6550901162 5604.28066124538 5666.48571734126 5749.03770291448 5397.31856348038 -8.82356878886045 66430.125 40.5
33750 102.380923427203 -13337.8048021501 -13235.4238787228 5605.17150990337 5705.66523368597 5718.09179083476 5391.75750518939 -44.4785938369909 66430.125 40.5
33760 102.910240899652 -13338.0925871255 -13235.1823462259 5613.6418143001 5697.80712839257 5673.18333483008 5469.93497967763 -11.0192240881506 66430.125 40.5
33770 103.444478321558 -13338.3854261435 -13234.9409478219 5625.13438810917 5652.15775777026 5632.67550227374 5590.56990428349 56.3837857606301 66430.125 40.5
33780 103.802468718787 -13338.5131303784 -13234.7106616597 5630.344318796 5583.21018510641 5611.32994840199 5696.49282287961 103.176229794554 66430.125 40.5
33790 104.150081047869 -13338.6492571944 -13234.4991761465 5626.37076783879 5507.11447921927 5625.14355749343 5746.85426680366 105.27493553925 66430.125 40.5
33800 104.723751150655 -13339.0370687376 -13234.313317587 5607.49413732079 5441.1203547416 5654.91313553385 5726.4489216869 94.1004643366866 66430.125 40.5
33810 105.200963865342 -13339.3629986862 -13234.1620348209 5586.74007582227 5388.93834391629 5691.15833580873 5680.1235477418 85.1663513033108 66430.125 40.5
33820 105.008978228872 -13339.0606854267 -13234.0517071978 5583.00408047587 5383.97228034229 5685.42857201656 5679.61138906875 79.760649798916 66430.125 40.5
33830 104.088100483299 -13338.064646316 -13233.9765458327 5610.80575241865 5450.89402783679 5655.52936700103 5725.99386241812 60.6137974026208 66430.125 40.5
33840 103.025908354551 -13336.9435432773 -13233.9176349227 5644.38264768876 5544.52290058659 5643.17385472615 5745.45118775353 24.0749785276078 66430.125 40.5
33850 102.688383816888 -13336.5430503048 -13233.854666488 5648.19688685411 5598.85699789076 5651.39637674595 5694.33728592563 1.34381007752729 66430.125 40.5
33860 103.435514869396 -13337.2166026963 -13233.7810878269 5610.40160185681 5606.62764223338 5632.19836003265 5592.37880330439 2.25416047861906 66430.125 40.5
33870 104.461887895575 -13338.1706542979 -13233.7087664023 5571.11367278613 5595.36383756755 5608.72017460694 5509.2570061839 44.6623949367577 66430.125 40.5
33880 104.602124864937 -13338.2570456366 -13233.6549207717 5583.82808116127 5617.51570910597 5629.97674117219 5503.99179320565 99.9740872528154 66430.125 40.5
33890 103.88857014379 -13337.5113890298 -13233.622818886 5649.09604543141 5663.48742864185 5700.21006840399 5583.5906392484 118.777337459938 66430.125 40.5
33900 103.451281056782 -13337.0525819357 -13233.6013008789 5703.10545784661 5663.42436749575 5769.25846745164 5676.63353859243 100.929126821654 66430.125 40.5
33910 103.915539568078 -13337.4983494797 -13233.5828099116 5689.15009162938 5579.49949733044 5780.92238646219 5707.02839109551 85.6139220664378 66430.125 40.5
33920 104.724224469909 -13338.2993473276 -13233.5751228577 5638.87860303209 5473.59314230554 5780.17630090426 5662.86636588647 80.2163277253749 66430.125 40.5
33930 104.850008550108 -13338.4432878748 -13233.5932793247 5613.09551394298 5452.51686414054 5802.31590707842 5584.45377060998 76.6824262402564 66430.125 40.5
33940 103.923751086661 -13337.5650423584 -13233.6412912718 5632.46648084717 5537.29401968925 5815.19854816857 5544.9068746837 78.7012111311952 66430.125 40.5
33950 102.614123410221 -13336.3185450511 -13233.7044216409 5667.43288853895 5665.50730872856 5762.84112504479 5573.95023184351 86.8506768399811 66430.125 40.5
33960 102.025703929133 -13335.7859077918 -13233.7602038627 5683.82659741448 5777.37156975465 5658.77643051534 5615.33179197344 79.5971161068528 66430.125 40.5
33970 102.971927625129 -13336.7708681558 -13233.7989405307 5664.93288706061 5837.85057447873 5544.94479114144 5612.00329556165 57.2299318512759 66430.125 40.5
33980 104.988239032604 -13338.8268070242 -13233.8385679916 5579.4606166521 5787.27964041407 5427.9089777186 5523.19323182361 39.9934956669874 66430.125 40.5
33990 106.242389397269 -13340.1621305912 -13233.9197411939 5515.46167494635 5717.63962413507 5395.74971384376 5432.99568686024 57.3756517747988 66430.125 40.5
34000 105.594357131845 -13339.6709908123 -13234.0766336805 5536.48311419014 5684.47671541228 5499.75682552206 5425.21580163609 74.5962034005375 66430.125 40.5
34010 104.071792833157 -13338.3842527448 -13234.3124599116 5586.00936951281 5647.56630539326 5642.38446064635 5468.07734249882 54.7454423664653 66430.125 40.5
34020 103.173505027419 -13337.7834448937 -13234.6099398663 5616.76955712175 5580.11342365278 5733.17840385792 5537.01684385456 6.02942396544776 66430.125 40.5
34030 103.135881230282 -13338.0916667096 -13234.9557854793 5608.49048497086 5523.16560268209 5739.53216926089 5562.7736829696 -23.6000659211888 66430.125 40.5
34040 103.13025974281 -13338.4744071575 -13235.3441474147 5580.99450109689 5499.38419351609 5707.55560811026 5536.04370166432 -17.5176801596192 66430.125 40.5
34050 102.416603173793 -13338.1769858993 -13235.7603827256 5556.4705006475 5524.31136205682 5656.28556182355 5488.81457806213 17.377953797159 66430.125 40.5
34060 101.319963536092 -13337.4919942433 -13236.1720307072 5552.14640468336 5573.17626173573 5610.75803235098 5472.50491996337 41.2334869042935 66430.125 40.5
34070 100.948720725969 -13337.4933943778 -13236.5446736518 5541.16877917985 5594.19129327725 5553.37952204472 5475.93552221756 21.7413760017302 66430.125 40.5
34080 101.904196489423 -13338.7701823704 -13236.8659858809 5501.05930733545 5570.38474627178 5463.66367834911 5469.12949738546 -9.90027120957853 66430.125 40.5
34090 103.522702104041 -13340.673835105 -13237.151133001 5457.1405296596 5542.85558906501 5365.27789431684 5463.28810559695 -29.1447101374349 66430.125 40.5
34100 104.457400866645 -13341.8838818262 -13237.4264809596 5439.37759280138 5546.44752534841 5318.94967320031 5452.73557985541 -31.8332102671708 66430.125 40.5
34110 103.726253517701 -13341.4282967959 -13237.7020432782 5467.82525979746 5592.08539443064 5359.70992070043 5451.68046426132 10.3922842899053 66430.125 40.5
34120 101.934624547739 -13339.8930601826 -13237.9584356349 5506.92096096546 5609.21289818138 5441.60269995859 5469.94728475641 108.581581689318 66430.125 40.5
34130 100.681565223837 -13338.8466373846 -13238.1650721608 5516.02433921092 5543.75611876385 5525.62907441239 5478.6878244565 186.494064574626 66430.125 40.5
34140 100.677673942436 -13338.9837309751 -13238.3060570326 5500.05139834643 5440.35077191654 5590.43084295889 5469.37258016386 185.433923685427 66430.125 40.5
34150 101.485722428405 -13339.8732143978 -13238.3874919694 5466.53305833474 5348.64607607998 5617.79967145563 5433.15342746861 124.587454021859 66430.125 40.5
34160 102.282290700835 -13340.709909482 -13238.4276187812 5453.42306207338 5305.35182608307 5637.52505902278 5417.3923011143 56.8927720612431 66430.125 40.5
34170 102.601193053419 -13341.0443805535 -13238.4431875001 5455.84647647923 5302.32117561089 5647.62826286685 5417.58999095995 15.0812654667382 66430.125 40.5
34180 102.506430890788 -13340.9486659576 -13238.4422350668 5459.20989768481 5330.55059474899 5629.38245448835 5417.6966438171 31.7852525705793 66430.125 40.5
34190 102.099833822978 -13340.523623372 -13238.423789549 5470.06946100673 5420.29899762541 5569.70777928014 5420.20160611465 86.6609718440022 66430.125 40.5
34200 101.494126860277 -13339.8750356696 -13238.3809088093 5467.11810064483 5532.03685607863 5488.35888356064 5380.95856229522 144.138510628122 66430.125 40.5
34210 100.828593413659 -13339.1313461091 -13238.3027526954 5467.27327342796 5636.51242312832 5449.06346053355 5316.24393662202 162.4173186115 66430.125 40.5
34220 100.397974799287 -13338.5755961954 -13238.1776213961 5479.65219560459 5687.77169509669 5480.95187057703 5270.23302114006 115.230559604395 66430.125 40.5
34230 100.575634173762 -13338.5740725235 -13237.9984383498 5474.02867514262 5634.43140945886 5537.46590449923 5250.18871146978 45.5789846896603 66430.125 40.5
34240 101.326189061425 -13339.0945602952 -13237.7683712338 5452.27881975032 5527.03568800467 5574.67399772732 5255.12677351896 13.2523439144202 66430.125 40.5
34250 102.199919551887 -13339.7020811663 -13237.5021616144 5459.06111567955 5469.65525339264 5590.38130572611 5317.14678791988 32.7308918171749 66430.125 40.5
34260 102.776534557779 -13339.9966070394 -13237.2200724816 5499.99485279008 5498.61630536073 5573.54368612525 5427.82456688424 83.5060147447617 66430.125 40.5
34270 102.999098388836 -13339.9383735698 -13236.9392751809 5512.21433376589 5532.77104628237 5508.61720909116 5495.25474592414 123.486223800928 66430.125 40.5
34280 102.981972876927 -13339.6522088569 -13236.6702359799 5520.3253452871 5552.88461546575 5489.54977702933 5518.54164336623 120.180129125422 66430.125 40.5
34290 102.700366124576 -13339.1168856851 -13236.4165195605 5531.63550672876 5565.88520097448 5505.81353008733 5523.20778912446 93.4775796171964 66430.125 40.5
34300 102.462190989885 -13338.6390258131 -13236.1768348232 5553.39096836425 5600.95379306843 5530.6650619202 5528.55405010413 64.3800337040153 66430.125 40.5
34310 102.701543784625 -13338.6515839574 -13235.9500401728 5552.90175967272 5630.80494159995 5530.51051767045 5497.38981974775 32.5329772684911 66430.125 40.5
34320 103.278009044293 -13339.0195396626 -13235.7415306183 5526.51663517837 5634.50332291928 5531.71742840193 5413.32915421391 0.979401502255324 66430.125 40.5
34330 103.49205278216 -13339.0528899122 -13235.56083713 5513.67146302475 5625.50822315015 5571.05309307442 5344.45307284966 1.30528443338976 66430.125 40.5
34340 102.806000594052 -13338.2147155411 -13235.4087149471 5551.36856126746 5629.62489552394 5644.72872048744 5379.75206779101 59.5701497423135 66430.125 40.5
34350 101.763949107954 -13337.0344653516 -13235.2705162436 5609.3862290161 5641.91002951259 5694.24153097818 5492.00712655752 142.614762394064 66430.125 40.5
34360 101.600587516027 -13336.7287176759 -13235.1281301599 5632.10558084755 5635.3152310282 5670.04642078836 5590.95509072608 174.701881504113 66430.125 40.5
34370 102.606720469053 -13337.5853840581 -13234.978663589 5604.26495597953 5607.65920121257 5594.97620277522 5610.15946395079 144.854689169949 66430.125 40.5
34380 103.712177041046 -13338.5492097406 -13234.8370326996 5580.3217750566 5602.67311334466 5548.80536608327 5589.48684574186 81.1464435018023 66430.125 40.5
34390 104.089445987707 -13338.8090574909 -13234.7196115032 5582.76184856868 5608.24945578701 5571.25249702536 5568.78359289366 49.036000215663 66430.125 40.5
34400 104.096568381754 -13338.7270888083 -13234.6305204266 5580.89610070374 5596.63444344355 5615.00154970152 5531.05230896615 65.5047991685712 66430.125 40.5
34410 104.368211958935 -13338.9349690767 -13234.5667571178 5562.83043061553 5572.33176881473 5636.77205097041 5479.38747206145 114.04594759565 66430.125 40.5
34420 104.851568805702 -13339.3808478028 -13234.5292789971 5552.14504988726 5584.35687043161 5649.03977525743 5423.03850397276 152.513593259679 66430.125 40.5
34430 105.025169057843 -13339.5483278521 -13234.5231587943 5574.91599643161 5642.3755129795 5684.34350070022 5398.02897561511 153.810599823717 66430.125 40.5
34440 104.490040485531 -13339.0380787548 -13234.5480382693 5614.41395565166 5711.77935638777 5709.38530234452 5422.0772082227 106.795849116191 66430.125 40.5
34450 103.434504103108 -13338.0257608527 -13234.5912567495 5652.25039470459 5773.11590995185 5663.82574042831 5519.80953373361 53.7787611089573 66430.125 40.5
34460 102.665652532301 -13337.2990806691 -13234.6334281367 5681.10361497707 5799.77696744664 5597.09359777027 5646.44027971432 31.1803689630423 66430.125 40.5
34470 102.737706001624 -13337.3994175936 -13234.6617115919 5673.6390506655 5738.49413298331 5546.24285435048 5736.18016466271 36.0585230040726 66430.125 40.5
34480 103.416790176422 -13338.0947273469 -13234.6779371705 5638.07804329879 5630.17179167923 5514.39599931988 5769.66633889725 60.3838655477445 66430.125 40.5
34490 104.002646539358 -13338.6969953694 -13234.6943488301 5618.44679708396 5563.89468445705 5530.99434779769 5760.45135899713 93.3643955790856 66430.125 40.5
34500 104.04513158166 -13338.7667610813 -13234.7216294997 5600.58398153517 5513.41991167328 5584.28776505984 5704.04426787238 103.758122685576 66430.125 40.5
34510 103.789707796783 -13338.5513654729 -13234.7616576761 5585.29412968771 5496.6791994322 5628.29141225433 5630.9117773766 77.0219935586582 66430.125 40.5
34520 103.676873402962 -13338.4875293015 -13234.8106558986 5564.83222862595 5519.12843125361 5623.04530943363 5552.32294519061 30.5087016200481 66430.125 40.5
34530 103.934786378593 -13338.802471483 -13234.8676851044 5546.94891176235 5559.56412096721 5568.55373018931 5512.72888413052 -12.7360339314793 66430.125 40.5
34540 104.295031811967 -13339.2335075867 -13234.9384757747 5545.72678381867 5595.25426020424 5528.10875580189 5513.81733544988 -25.7004968828804 66430.125 40.5
34550 104.089275699236 -13339.1187858948 -13235.0295101956 5584.4888218527 5655.29344567346 5532.29310590324 5565.8799139814 -24.9452287847006 66430.125 40.5
34560 103.194322928194 -13338.3316101326 -13235.1372872044 5651.95487252997 5735.18904547101 5539.88983694093 5680.78573517798 0.206629329189868 66430.125 40.5
34570 102.341457754868 -13337.5880003449 -13235.24654259 5684.54071198908 5763.89125702685 5521.99455575954 5767.73632318084 54.4428920016496 66430.125 40.5
34580 102.353265573202 -13337.6971431067 -13235.3438775335 5659.55003669421 5706.43551633857 5496.46209938315 5775.7524943609 118.647350545236 66430.125 40.5
34590 103.047303467561 -13338.4770679721 -13235.4297645046 5606.63871661278 5607.57380084783 5512.37521400245 5699.96713498807 136.741728581164 66430.125 40.5
34600 103.57971512534 -13339.0962949858 -13235.5165798605 5565.80274008585 5517.91594324515 5613.72414938262 5565.7681276298 92.1886000196779 66430.125 40.5
34610 103.509749314263 -13339.1252975896 -13235.6155482753 5546.06841099299 5470.32249461842 5735.12675219166 5432.75598616889 45.888278440206 66430.125 40.5
34620 103.128439905355 -13338.8572367058 -13235.7287968004 5536.96996933847 5469.64336441671 5781.76732859594 5359.49921500277 42.3347122518229 66430.125 40.5
34630 102.785007154897 -13338.6374440918 -13235.8524369369 5538.60469085081 5502.55292859854 5740.24717664393 5373.01396730997 66.6564639477653 66430.125 40.5
34640 102.502973174937 -13338.4848744793 -13235.9819013043 5528.41908858145 5539.80922515129 5648.26278406881 5397.18525652425 102.567117539632 66430.125 40.5
34650 102.379953770871 -13338.4936789771 -13236.1137252062 5523.5266655561 5583.74658474869 5571.82477588775 5415.00863603184 137.387527085778 66430.125 40.5
34660 102.673805057675 -13338.9220535685 -13236.2482485108 5526.21387317956 5623.11958234467 5522.97325730883 5432.54877988518 149.752121552931 66430.125 40.5
34670 103.246521633948 -13339.6398677872 -13236.3933461533 5528.71956103709 5640.81709393298 5492.71343591703 5452.62815326125 118.59816310957 66430.125 40.5
34680 103.490698446751 -13340.0528043846 -13236.5621059378 5529.78113609144 5656.54251230621 5465.11927591568 5467.68162005242 67.2589673364593 66430.125 40.5
34690 103.012647100169 -13339.7740775543 -13236.7614304542 5553.5643067554 5709.10461555573 5459.66279968487 5491.92550502559 41.998227052245 66430.125 40.5
34700 102.291683439933 -13339.2766337932 -13236.9849503533 5576.28499036399 5741.20434322974 5476.89277470188 5510.75785316035 39.2067696876892 66430.125 40.5
34710 101.981860238158 -13339.202171471 -13237.2203112329 5554.53849402036 5695.71887479526 5492.918507937 5474.97809932883 34.2533928972893 66430.125 40.5
34720 101.873853881291 -13339.332597186 -13237.4587433047 5514.52985870374 5608.13952944472 5510.52934044994 5424.92070621655 11.7269950007719 66430.125 40.5
34730 101.453181158511 -13339.1455117317 -13237.6923305732 5503.68804144854 5555.05691438102 5526.60740630591 5429.39980365871 -11.1808880937152 66430.125 40.5
34740 100.955045732907 -13338.8639743057 -13237.9089285728 5508.19842068166 5539.73433780317 5518.93681858282 5465.92410565899 -19.6695123769687 66430.125 40.5
34750 100.909752435982 -13339.0060689666 -13238.0963165307 5496.58102066092 5528.97433960229 5458.56038784113 5502.20833453935 -44.066184126503 66430.125 40.5
34760 101.347744618697 -13339.5984229384 -13238.2506783197 5465.32779455816 5524.34290057573 5359.74852322262 5511.89195987614 -79.9721750416159 66430.125 40.5
34770 101.747790092264 -13340.1241930104 -13238.3764029182 5430.28057299945 5531.15163300838 5281.09171720458 5478.59836878539 -67.0910944809768 66430.125 40.5
34780 101.684006701857 -13340.1615848145 -13238.4775781127 5436.77255176572 5558.2170017385 5293.21003923874 5458.89061431994 2.31284031939991 66430.125 40.5
34790 101.40037534206 -13339.9519050925 -13238.5515297504 5463.4101994844 5566.57491987175 5360.05214718902 5463.60353139244 71.513802247278 66430.125 40.5
34800 101.385033290473 -13339.977153028 -13238.5921197376 5476.35104173949 5529.29209629316 5427.02351770092 5472.73751122439 97.5537408104251 66430.125 40.5
34810 101.612052692237 -13340.208026376 -13238.5959736838 5468.78353086986 5448.85722021514 5493.56019543048 5463.93317696397 86.5230709609058 66430.125 40.5
34820 101.762897831995 -13340.3264430134 -13238.5635451814 5452.28263720325 5371.14749022305 5561.43879213148 5424.26162925522 74.6657425112483 66430.125 40.5
34830 101.585993270339 -13340.0794917389 -13238.4934984686 5449.7878136813 5349.25343615505 5626.24375969101 5373.86624519783 75.3206194319557 66430.125 40.5
34840 101.266639021131 -13339.6455175982 -13238.378878577 5472.50074168261 5399.38689079843 5656.76254813361 5361.35278611577 95.975752577817 66430.125 40.5
34850 101.375451720722 -13339.5853898519 -13238.2099381312 5499.58575488728 5488.04839231216 5609.77346149204 5400.93541085763 117.216598362937 66430.125 40.5
34860 102.215932045968 -13340.1996912194 -13237.9837591734 5508.01844147445 5554.39941855457 5503.14645530119 5466.50945056757 124.039006968657 66430.125 40.5
34870 103.216493623767 -13340.9278090356 -13237.7113154119 5498.87984927349 5604.32594677683 5386.25659551926 5506.0570055244 110.809589352512 66430.125 40.5
34880 103.499474132376 -13340.9111187665 -13237.4116446342 5501.00180675609 5663.08718436986 5334.44029271311 5505.47794318529 104.690585236242 66430.125 40.5
34890 102.975954438593 -13340.0728378491 -13237.0968834105 5508.82210827487 5690.41494930546 5363.99683840379 5472.05453711537 123.517094988558 66430.125 40.5
34900 102.310290529531 -13339.0755929903 -13236.7653024608 5503.72637010831 5644.45204427978 5436.29417289717 5430.43289314799 146.726420418819 66430.125 40.5
34910 102.263499457986 -13338.6752545483 -13236.4117550903 5495.28037363924 5561.81213679215 5523.04914153977 5400.9798425858 181.572117876017 66430.125 40.5
34920 102.92441905101 -13338.966580334 -13236.042161283 5496.80933241413 5492.60027310399 5610.50811001392 5387.31961412449 227.805808050657 66430.125 40.5
34930 103.604613658139 -13339.2815303379 -13235.6769166797 5529.56219518878 5496.96474961536 5709.75169916444 5381.97013678655 226.516187483678 66430.125 40.5
34940 103.543444351071 -13338.8815232792 -13235.3380789281 5587.44469935107 5563.9831092798 5783.71661124055 5414.63437753287 159.785907658951 66430.125 40.5
34950 102.702425619728 -13337.7338400252 -13235.0314144054 5652.49805870337 5652.00277219683 5808.34756975512 5497.14383415818 87.784977536243 66430.125 40.5
34960 102.238508820323 -13336.9850430181 -13234.7465341978 5690.68488452218 5714.85078250114 5757.49604068109 5599.7078303843 62.0065605799071 66430.125 40.5
34970 103.018087827943 -13337.4941233386 -13234.4760355107 5652.32405345425 5719.98970763628 5615.82728124448 5621.155171482 82.3957639400771 66430.125 40.5
34980 104.416937585595 -13338.6483567936 -13234.231419208 5587.96087363335 5706.18997637234 5497.26334564177 5560.42929888595 89.3888113802474 66430.125 40.5
34990 105.198703164577 -13339.2330682367 -13234.0343650722 5556.28797671469 5695.66464975674 5498.91244228168 5474.28683810565 53.7972077993136 66430.125 40.5
35000 104.888508735289 -13338.7826850707 -13233.8941763355 5552.09728382453 5684.87161113141 5568.16669175748 5403.25354858471 1.49821112642132 66430.125 40.5
