# Fix print output for fix setl_out
211000 409.97684984401 -13039.9451800555 -12629.9683302115 28441.8627377645 28463.4117904083 27971.1021552578 28891.0742676273 -338.759234122081 66430.125 40.5
211010 412.015387842991 -13041.95682957 -12629.941441727 28360.4478018376 28230.7200384975 28003.2543121789 28847.3690548363 -204.479978412186 66430.125 40.5
211020 412.143564022926 -13042.02458031 -12629.8810162871 28455.5282731339 28161.0520057428 28359.1475970467 28846.3852166124 -179.733558624588 66430.125 40.5
211030 406.823686767218 -13036.5982221139 -12629.7745353467 28730.4303247426 28402.2184900142 28986.5737084363 28802.4987757774 -378.446664151615 66430.125 40.5
211040 401.994192739914 -13031.5277009837 -12629.5335082438 29016.2911298292 28710.1490761599 29600.4637970853 28738.2605162425 -686.183715143533 66430.125 40.5
211050 404.276427933734 -13033.3508493337 -12629.0744213999 28994.2955861866 28671.1596205122 29750.8786947905 28560.8484432569 -804.77485649512 66430.125 40.5
211060 410.381702110737 -13038.7892163325 -12628.4075142218 28797.1917403214 28483.0270798919 29512.9685492105 28395.5795918618 -623.995647290197 66430.125 40.5
211070 413.22614384939 -13040.8478403066 -12627.6216964572 28699.7812242679 28460.0370501474 29308.55901457 28330.7476080864 -284.976994473741 66430.125 40.5
211080 410.771811707945 -13037.541303028 -12626.7694913201 28761.6214191982 28584.4763032769 29205.2476137884 28495.1403405292 -120.398306172336 66430.125 40.5
211090 408.471013593094 -13034.2935135691 -12625.822499976 28846.9312938313 28801.2813030995 29107.9858075435 28631.5267708509 -230.425803912921 66430.125 40.5
211100 409.549939146172 -13034.2812212747 -12624.7312821285 28838.1358496332 29072.688117589 28899.9731386059 28541.7462927045 -552.845612436503 66430.125 40.5
211110 412.925546631536 -13036.4316894047 -12623.5061427731 28809.8234361848 29306.9503138396 28646.6423231436 28475.8776715711 -691.202064455373 66430.125 40.5
211120 416.014222475632 -13038.229834097 -12622.2156116214 28775.6514358934 29469.1504302636 28420.4514519446 28437.352425472 -456.643889826269 66430.125 40.5
211130 417.482806068636 -13038.426180253 -12620.9433741844 28809.3548647637 29562.3820332608 28408.7759089709 28456.9066520596 44.9197329002026 66430.125 40.5
211140 416.862576988283 -13036.6109936884 -12619.7484167001 29005.6963504028 29497.3831251777 28805.6757178695 28714.0302081612 302.528894181413 66430.125 40.5
211150 413.420354647057 -13032.0554341858 -12618.6350795387 29251.8830050517 29172.0620375264 29443.6077571876 29139.9792204412 158.2749910302 66430.125 40.5
211160 411.109359259658 -13028.6742222931 -12617.5648630334 29436.9034165221 28873.3784959044 29915.0781592535 29522.2535944086 -250.074404237541 66430.125 40.5
211170 412.545082909415 -13029.0539846267 -12616.5089017173 29424.598223531 28736.7296541154 29927.3479787185 29609.7170377591 -635.721817862021 66430.125 40.5
211180 414.374469533917 -13029.8663816385 -12615.4919121046 29292.3598706032 28911.3818933856 29613.6396897156 29352.0580287084 -736.710354368276 66430.125 40.5
211190 415.537224874387 -13030.1057973669 -12614.5685724926 29283.1545309438 29319.5172593367 29319.9775862373 29209.9687472574 -569.575261316851 66430.125 40.5
211200 415.224238456454 -13028.9919962877 -12613.7677578313 29429.4788050082 29651.597122849 29264.6197042542 29372.2195879215 -279.224284366439 66430.125 40.5
211210 413.934683983078 -13027.0209559563 -12613.0862719732 29603.7692671214 29829.4490414883 29378.0591473844 29603.7996124915 -37.7377133037691 66430.125 40.5
211220 414.117694523056 -13026.622072069 -12612.5043775459 29685.6230765261 29830.4150709064 29456.0360069572 29770.4181517146 14.8249067122109 66430.125 40.5
211230 415.372944598133 -13027.3891821558 -12612.0162375577 29586.7268902771 29583.042082065 29372.3503348174 29804.788253949 -190.180977099599 66430.125 40.5
211240 415.984200471403 -13027.619414253 -12611.6352137816 29590.8627029844 29398.1507979034 29385.6133919196 29988.8239191301 -555.761112203762 66430.125 40.5
211250 414.261296375341 -13025.6150283085 -12611.3537319331 29655.3107125407 29192.9985998027 29476.1505846785 30296.7829531409 -860.360325540654 66430.125 40.5
211260 412.949924038674 -13024.0810285704 -12611.1311045318 29646.92908176 29048.1984538893 29490.5814070373 30402.0073843533 -959.341954984337 66430.125 40.5
211270 416.608471503772 -13027.5563210835 -12610.9478495797 29480.0879280316 28989.6646142575 29339.3136339359 30111.2855359014 -761.099691560124 66430.125 40.5
211280 423.412262881239 -13034.2720556405 -12610.8597927592 29184.6803117399 28893.1944153507 29081.5378593799 29579.3086604891 -473.294275468886 66430.125 40.5
211290 426.839201064362 -13037.8085911151 -12610.9693900507 29082.5693221861 28803.4182044999 29090.1119595679 29354.1778024906 -425.574053964234 66430.125 40.5
211300 421.360102242246 -13032.6516054959 -12611.2915032536 29315.9702459417 28827.2486392173 29505.8361706668 29614.8259279411 -598.601221304363 66430.125 40.5
211310 412.455807715267 -13024.1533596233 -12611.697551908 29551.2252330054 28820.2788983298 29997.1228647308 29836.2739359556 -756.176052168571 66430.125 40.5
211320 410.287565852025 -13022.3279707766 -12612.0404049246 29604.1254636154 28844.1074590807 30149.50387771 29818.7650540555 -714.654486320704 66430.125 40.5
211330 416.135168912085 -13028.4384041239 -12612.3032352119 29338.20533445 28677.4332671372 29797.6823599141 29539.5003762987 -673.661910340636 66430.125 40.5
211340 421.188048239553 -13033.7804785619 -12612.5924303224 29238.6211189622 28799.1562923993 29627.8789516956 29288.8281127919 -660.486363981841 66430.125 40.5
211350 417.771245918425 -13030.7504613866 -12612.9792154682 29384.0477942237 29317.1489362496 29708.7553677509 29126.2390786704 -542.392103293233 66430.125 40.5
211360 411.955634864395 -13025.3592408024 -12613.403605938 29610.6281019626 29877.2329303327 29794.9574154692 29159.6939600859 -282.096834444665 66430.125 40.5
211370 412.98606026574 -13026.7711201218 -12613.785059856 29557.9400508024 29861.6018221506 29670.5194272964 29141.6989029603 -75.1103502656064 66430.125 40.5
211380 418.097370981615 -13032.2435127145 -12614.1461417329 29408.2005926677 29477.3678541099 29565.7488249404 29181.4850989528 -16.6884584292428 66430.125 40.5
211390 419.437484991119 -13034.0091048314 -12614.5716198403 29359.7516382028 29185.6979923071 29521.3193340057 29372.2375882955 -146.213033193905 66430.125 40.5
211400 415.165289282221 -13030.2417733331 -12615.0764840509 29385.2724230065 29085.4806518703 29502.8289715442 29567.5076456049 -319.744568163088 66430.125 40.5
211410 411.772156965045 -13027.3657715527 -12615.5936145876 29458.5530340014 29253.2215608425 29485.0845667153 29637.3529744465 -374.129644912854 66430.125 40.5
211420 412.284576296741 -13028.3550488168 -12616.0704725201 29397.537113071 29287.246493847 29433.8922074362 29471.4726379298 -225.037397931319 66430.125 40.5
211430 413.302392915215 -13029.8101098609 -12616.5077169457 29280.6823936873 29094.1638912671 29504.0261554185 29243.8571343762 -122.994764102435 66430.125 40.5
211440 414.904263222144 -13031.8396504104 -12616.9353871882 29162.5559521421 28848.5733815989 29593.9898472831 29045.1046275443 -83.7042468393266 66430.125 40.5
211450 416.449599796241 -13033.8382716864 -12617.3886718902 29053.5118727793 28745.4151598213 29524.8795288579 28890.2409296586 -19.1513242824117 66430.125 40.5
211460 416.347016867726 -13034.2363088302 -12617.8892919624 28988.3393837616 28943.5488552469 29258.0514660885 28763.4178299494 187.767655384354 66430.125 40.5
211470 417.908377285803 -13036.3623065041 -12618.4539292183 28890.5767031325 29218.7396387847 28780.4500373687 28672.5404332442 360.555740133289 66430.125 40.5
211480 420.283406937608 -13039.4010197434 -12619.1176128058 28764.3122299197 29226.8243732791 28379.5344088591 28686.5779076208 286.788522818725 66430.125 40.5
211490 418.632560936934 -13038.5451642257 -12619.9126032888 28840.0534879448 29204.9398286495 28384.3993582222 28930.8212769627 40.3126600061214 66430.125 40.5
211500 413.77945833708 -13034.5758203554 -12620.7963620184 28945.9824723481 29076.8915421527 28673.3624115737 29087.6934633179 -154.074541532924 66430.125 40.5
211510 412.774755840938 -13034.4662244806 -12621.6914686397 28895.3013407325 28741.1550154681 28966.907712878 28977.8412938515 -95.6217975404595 66430.125 40.5
211520 416.255305785224 -13038.8439039736 -12622.5885981884 28711.9397783441 28297.530870917 29044.1011359477 28794.1873281677 99.7511162333097 66430.125 40.5
211530 416.33922995479 -13039.8681331924 -12623.5289032376 28660.0888177971 28137.1709671745 29160.12722249 28682.9682637267 293.654498317155 66430.125 40.5
211540 410.873092446879 -13035.3650300425 -12624.4919375956 28928.4453684109 28452.889461077 29518.4695546829 28813.9770894727 319.038703085017 66430.125 40.5
211550 404.880978618822 -13030.2509232464 -12625.3699446276 29247.5803693856 28918.9146047445 29790.8135545297 29033.0129488827 238.350043743367 66430.125 40.5
211560 402.521163162877 -13028.5793055759 -12626.058142413 29394.8977383667 29116.8167385962 29885.9152589156 29181.9612175883 145.159031013981 66430.125 40.5
211570 403.431776522549 -13029.9535511398 -12626.5217746173 29347.7823128523 29090.8385926181 29745.05021505 29207.4581308888 44.4551965840658 66430.125 40.5
211580 404.829268632942 -13031.6048457359 -12626.7755771029 29196.0568349756 29064.6832434198 29361.4397555944 29162.0475059125 -86.9068747700518 66430.125 40.5
211590 407.986385480383 -13034.8471990337 -12626.8608135533 28962.222253006 28896.4728085883 28904.3468068779 29085.8471435519 -163.982257382395 66430.125 40.5
211600 412.224909606357 -13039.0660926217 -12626.8411830153 28687.7882406429 28557.4649490249 28479.7372334016 29026.1625395021 -111.926425305768 66430.125 40.5
211610 413.473136446113 -13040.2605465797 -12626.7874101336 28634.5184239792 28274.7199416181 28404.5538371572 29224.2814931624 -6.68772430963918 66430.125 40.5
211620 411.450196966996 -13038.1739264941 -12626.7237295271 28729.1879041691 28191.2629862654 28597.9573701997 29398.3433560424 -45.8234634687587 66430.125 40.5
211630 409.820578020077 -13036.4418162491 -12626.6212382291 28889.8432523774 28388.4927483728 28890.7551665784 29390.2818421809 -213.26518960321 66430.125 40.5
211640 409.858210151352 -13036.3062713266 -12626.4480611752 28946.8838806643 28690.5969202642 28989.5477081951 29160.5070135337 -252.880538132637 66430.125 40.5
211650 408.714144698268 -13034.9027503833 -12626.188605685 28959.6577908912 28920.0422588989 29014.9267717117 28944.004342063 -68.1194450737166 66430.125 40.5
211660 405.859476529439 -13031.6683779625 -12625.8089014331 29017.949919107 29269.0870292447 28896.3561528905 28888.4065751859 201.959294519564 66430.125 40.5
211670 405.647101503069 -13030.8924016448 -12625.2453001418 29027.7482483525 29505.9743378478 28683.0658297702 28894.2045774395 300.553684694014 66430.125 40.5
211680 410.557843108212 -13035.016797171 -12624.4589540628 28949.1111427728 29378.381070309 28576.378701993 28892.5736560165 299.445729114041 66430.125 40.5
211690 416.885903429771 -13040.3661333697 -12623.4802299399 28850.701232527 29071.1330601277 28531.3159624916 28949.6546749617 398.984133188038 66430.125 40.5
211700 419.09312459362 -13041.4681261983 -12622.3750016047 28896.8264307642 28864.8903443126 28601.6235526571 29223.9653953228 563.372032473938 66430.125 40.5
211710 417.043083765458 -13038.2011417266 -12621.1580579611 29066.4296738553 28828.0912155986 28733.7901961938 29637.4076097735 668.708110067635 66430.125 40.5
211720 414.599618112455 -13034.3561679052 -12619.7565497927 29236.0366683175 28710.548169307 28907.4967248649 30090.0651107806 752.003550669491 66430.125 40.5
211730 414.386778593617 -13032.460588555 -12618.0738099614 29317.440240191 28547.8877632036 29149.9996357181 30254.4333216513 798.278856210271 66430.125 40.5
211740 413.571840908957 -13029.6352038774 -12616.0633629685 29465.1967974185 28624.9249270842 29502.0036925772 30268.6617725941 645.009375025657 66430.125 40.5
211750 410.344086828842 -13024.0989560328 -12613.754869204 29667.6792790188 29000.9135602266 29767.2601565905 30234.8641202393 442.196170305991 66430.125 40.5
211760 410.375186551739 -13021.6291659974 -12611.2539794456 29765.2730331367 29433.2566248345 29753.3775373959 30109.1849371797 380.259415485254 66430.125 40.5
211770 415.166460755235 -13023.942152483 -12608.7756917277 29670.5707871063 29628.844792949 29465.2001891558 29917.667379214 428.699410889455 66430.125 40.5
211780 420.301260489302 -13026.9181091287 -12606.6168486394 29527.4826899649 29572.7162968652 29274.0056018989 29735.7261711306 575.215449559171 66430.125 40.5
211790 424.616052356837 -13029.6033781652 -12604.9873258084 29419.7411673549 29389.3436952557 29344.7548852459 29525.124921563 814.754652386857 66430.125 40.5
211800 426.876120836487 -13030.7988521669 -12603.9227313304 29376.8820601943 29234.8586954884 29651.6070871889 29244.1803979055 889.186746524595 66430.125 40.5
211810 425.967799703442 -13029.3087687021 -12603.3409689987 29504.3161319358 29255.7027095359 30070.8231503984 29186.4225358733 750.792645316995 66430.125 40.5
211820 422.949451056277 -13026.0611151963 -12603.1116641401 29729.8228134153 29402.0789030481 30370.6438502887 29416.7456869092 596.87600728535 66430.125 40.5
211830 418.694612260635 -13021.7878028619 -12603.0931906013 29908.7287060976 29558.5057075407 30351.2199971689 29816.4604135831 506.326316999546 66430.125 40.5
211840 417.675524455011 -13020.8572621738 -12603.1817377188 29906.6591245711 29484.828799244 30049.9854941634 30185.163080306 379.690934848883 66430.125 40.5
211850 420.958586964398 -13024.31088092 -12603.3522939556 29852.7884069522 29406.7001536919 29717.3791252367 30434.2859419281 189.7996215172 66430.125 40.5
211860 422.528730096834 -13026.1790209453 -12603.6502908485 29871.8174138717 29587.9347763072 29540.2782152581 30487.2392500499 96.6451331821991 66430.125 40.5
211870 419.05504224507 -13023.1420063973 -12604.0869641523 29991.2473774058 30126.4151891986 29534.63774273 30312.6892002889 108.835242046833 66430.125 40.5
211880 416.396384817626 -13021.0084043361 -12604.6120195185 30120.5713683618 30576.9808523562 29692.7442752738 30091.9889774553 -4.28529942493759 66430.125 40.5
211890 415.953535456527 -13021.1326792948 -12605.1791438383 30136.0726612803 30548.7478429315 29970.4444206752 29889.0257202341 -308.036811426397 66430.125 40.5
211900 414.904775748004 -13020.6744469021 -12605.769671154 30089.6448167738 30191.0618487472 30193.3452149642 29884.5273866099 -574.881532730471 66430.125 40.5
211910 416.226570673889 -13022.6069906897 -12606.3804200158 29987.3450205176 29858.513803219 30141.4243250014 29962.0969333323 -594.086595860857 66430.125 40.5
211920 421.04518618317 -13028.0985446382 -12607.053358455 29739.9916830306 29579.6090228245 29772.8817260178 29867.4843002495 -420.187188913042 66430.125 40.5
211930 423.86729698133 -13031.7394217004 -12607.8721247191 29533.9824214794 29551.0467085724 29363.3005919665 29687.5999638992 -177.010445925239 66430.125 40.5
211940 421.974221212211 -13030.8552980675 -12608.8810768553 29511.3368405544 29661.712648553 29202.5378286754 29669.7600444347 -150.944525173055 66430.125 40.5
211950 417.963484150993 -13027.9933761517 -12610.0298920007 29579.8685083224 29646.3845677219 29255.9294833865 29837.2914738589 -289.006389624044 66430.125 40.5
211960 416.831668058057 -13028.0655209371 -12611.2338528791 29553.5484186812 29468.3460016285 29310.2560835091 29882.0431709059 -353.087829967371 66430.125 40.5
211970 421.051900643129 -13033.5310133778 -12612.4791127346 29261.1233761223 29196.0051981442 28988.1320367285 29599.2328934941 -305.888683550969 66430.125 40.5
211980 424.674783719706 -13038.4998650833 -12613.8250813636 28931.7967941315 29028.2487286654 28548.3188418083 29218.8228119209 -310.660992298149 66430.125 40.5
211990 421.656597869342 -13036.9454769992 -12615.2888791299 28945.3526828661 29100.4303385753 28433.2674135312 29302.3602964917 -409.150058408634 66430.125 40.5
212000 414.775096792791 -13031.5377921945 -12616.7626954017 29168.3635339039 29273.2578095904 28618.2787253058 29613.5540668157 -546.734865535944 66430.125 40.5
212010 409.908675127678 -13028.0093361809 -12618.1006610533 29371.4703926786 29434.1859333176 28884.1610388695 29796.0642058488 -521.487513398461 66430.125 40.5
212020 407.714719235296 -13026.932092473 -12619.2173732377 29498.6754357185 29551.9909327211 29077.3623987652 29866.6729756691 -293.642407539304 66430.125 40.5
212030 407.446345912648 -13027.5436537039 -12620.0973077913 29545.6847002255 29670.3401581992 29114.4952049327 29852.2187375447 -77.9712106093578 66430.125 40.5
212040 409.896868724298 -13030.674622631 -12620.7777539067 29447.6734312054 29602.4230405735 29102.1262795364 29638.4709735065 -1.30889010611032 66430.125 40.5
212050 412.444744205372 -13033.7744772881 -12621.3297330827 29384.743869912 29500.770850578 29224.9840258937 29428.4767332645 -110.864966949301 66430.125 40.5
212060 410.909519124224 -13032.7123150315 -12621.8027959073 29464.7137402713 29557.4055807271 29378.1090624111 29458.6265776758 -293.347958363198 66430.125 40.5
212070 407.22171133683 -13029.4045115518 -12622.1828002149 29594.5164778162 29635.6078469569 29522.4891606656 29625.4524258261 -330.279618207347 66430.125 40.5
212080 405.025376712208 -13027.4472789393 -12622.4219022271 29636.3496297464 29511.4835517852 29675.2863385992 29722.2789988549 -125.91945601083 66430.125 40.5
212090 405.08136235443 -13027.568674112 -12622.4873117576 29489.1033579959 29079.5967684076 29726.7146130139 29660.9986925663 154.655396518006 66430.125 40.5
212100 408.770165973487 -13031.1677155406 -12622.3975495671 29178.1500622806 28546.2508124586 29577.1942935447 29411.0050808386 213.026631108608 66430.125 40.5
212110 413.110546920779 -13035.3271994212 -12622.2166525005 28922.4763612744 28181.5700092043 29401.4682111191 29184.3908634999 194.087004442864 66430.125 40.5
212120 415.226812569268 -13037.247682026 -12622.0208694567 28791.0663219689 28170.3458773371 29244.6647818993 28958.1883066704 207.904372831494 66430.125 40.5
212130 416.254604742213 -13038.1139259965 -12621.8593212543 28792.2386064107 28539.5238768758 29137.2415976467 28699.9503447097 241.480919335273 66430.125 40.5
212140 416.390916627725 -13038.1406400306 -12621.7497234029 28830.06445348 29073.3136052036 29149.1050218903 28267.774733346 158.527136541839 66430.125 40.5
212150 415.907426122287 -13037.6047667055 -12621.6973405832 28986.6346926037 29582.902837205 29346.7689516533 28030.2322889529 58.8640680103803 66430.125 40.5
212160 413.599861120326 -13035.2877733399 -12621.6879122196 29192.327104816 29831.802495146 29653.9895248182 28091.1892944838 95.0740580752886 66430.125 40.5
212170 409.989851332545 -13031.6636864113 -12621.6738350787 29329.54890844 29792.6477000157 29849.4259102402 28346.573115064 141.501802033104 66430.125 40.5
212180 409.60300064228 -13031.1990140097 -12621.5960133674 29301.077444712 29613.8880305934 29748.9574647782 28540.3868387643 205.97373576225 66430.125 40.5
212190 413.595423681167 -13035.0408744206 -12621.4454507394 29097.64663342 29331.5613701605 29322.2562814371 28639.1222486622 259.933242451971 66430.125 40.5
212200 416.567949473516 -13037.8491710931 -12621.2812216195 28972.0825407337 29082.8258828779 29013.5003692325 28819.9213700907 300.503645797965 66430.125 40.5
212210 414.486125161636 -13035.6374301593 -12621.1513049977 29075.5193743125 29038.1249147151 29090.0278059349 29098.4054022875 301.883436712629 66430.125 40.5
212220 411.240099932839 -13032.2696477816 -12621.0295478488 29242.4518442979 29105.0690819352 29281.8837579066 29340.4026930518 287.229175350456 66430.125 40.5
212230 410.678101516228 -13031.536725382 -12620.8586238657 29353.0875571229 29343.8233895582 29271.3939419925 29444.0453398181 187.301006435073 66430.125 40.5
212240 410.789829077312 -13031.3950784267 -12620.6052493494 29412.7426297919 29481.265240609 29250.240142145 29506.7225066217 -54.1928204070479 66430.125 40.5
212250 411.355835381951 -13031.6128412864 -12620.2570059044 29337.5149223882 29308.688890762 29353.5544961575 29350.301380245 -177.249554326147 66430.125 40.5
212260 414.765818120668 -13034.5856482933 -12619.8198301727 29068.2665513264 28976.360035524 29320.3265141147 28908.1131043404 -110.073811488294 66430.125 40.5
212270 417.109176405596 -13036.4449934598 -12619.3358170542 28923.2397887625 28821.5607735655 29279.5900964345 28668.5684962873 17.6536454154183 66430.125 40.5
212280 413.209300873975 -13032.0370973597 -12618.8277964857 29206.6388879881 29155.8587635273 29498.9219564651 28965.1359439719 18.2935414435751 66430.125 40.5
212290 410.248442498935 -13028.4871310204 -12618.2386885215 29457.0411034271 29582.7548817883 29497.7790237545 29290.5894047384 -128.972756426022 66430.125 40.5
212300 414.104145598569 -13031.6080066292 -12617.5038610307 29411.8551958928 29721.7357833312 29180.6998094623 29333.1299948847 -272.348766701162 66430.125 40.5
212310 417.579779209469 -13034.2272544363 -12616.6474752268 29335.9070854859 29614.847263601 29078.6284625364 29314.2455303204 -151.441809328042 66430.125 40.5
212320 416.43883210891 -13032.170152379 -12615.7313202701 29347.4625497951 29356.6826226385 29200.0835158255 29485.6215109213 135.787533770633 66430.125 40.5
212330 415.790268460531 -13030.5515520794 -12614.7612836189 29264.2797558601 28958.3124914373 29315.3018220835 29519.2249540597 292.619877117866 66430.125 40.5
212340 418.238507584978 -13031.9720005255 -12613.7334929405 29105.8911280935 28680.1867646397 29335.8766207631 29301.6099988776 125.426721900184 66430.125 40.5
212350 418.995678909761 -13031.682363703 -12612.6866847933 29126.860573627 28817.4717669516 29463.9374105805 29099.172543349 -195.483855552404 66430.125 40.5
212360 417.628973778753 -13029.2883591912 -12611.6593854124 29301.2186067334 29213.6648445592 29724.3977374734 28965.5932381676 -539.033079973132 66430.125 40.5
212370 417.75568797136 -13028.4115459069 -12610.6558579355 29520.0268362704 29564.7945625817 30109.1881176968 28886.0978285327 -552.096300212812 66430.125 40.5
212380 417.012152452819 -13026.6880747262 -12609.6759222734 29612.3962741715 29673.8686622502 30244.9211886997 28918.3989715647 -231.427503703811 66430.125 40.5
212390 414.858864505529 -13023.5758654869 -12608.7170009814 29768.2111618443 29744.9061853913 30290.9216096552 29268.8056904864 82.1631554254979 66430.125 40.5
212400 415.20714836494 -13022.9637175865 -12607.7565692216 29795.8048763465 29642.2091317707 30241.7135546946 29503.4919425743 165.022185946675 66430.125 40.5
212410 418.474814967133 -13025.2750175052 -12606.8002025381 29638.0981249848 29425.1699190113 30024.7502615846 29464.3741943586 82.2789120583423 66430.125 40.5
212420 421.949507139154 -13027.8601823975 -12605.9106752584 29483.5102303194 29265.2100869655 29786.9542467944 29398.3663571983 19.6400581899111 66430.125 40.5
212430 423.382063855612 -13028.5487139734 -12605.1666501178 29534.050227858 29446.0066033173 29670.4733853903 29485.6706948662 32.9070530432855 66430.125 40.5
212440 420.875819923969 -13025.4750273718 -12604.5992074478 29752.9603347235 29939.9999213643 29700.2586066038 29618.6224762022 -6.00002799513544 66430.125 40.5
212450 417.104233319299 -13021.2715782585 -12604.1673449392 30030.4618674312 30480.0313377031 29929.8110336514 29681.5432309392 -106.490180296706 66430.125 40.5
212460 417.685597908071 -13021.4933461639 -12603.8077482558 30037.4017245359 30605.1243497041 30093.6914588511 29413.3893650524 -68.6640902619285 66430.125 40.5
212470 423.150801479493 -13026.6796279644 -12603.5288264849 29813.404528768 30201.4326225829 30091.0093977887 29147.7715659322 84.0169154767276 66430.125 40.5
212480 428.218472141418 -13031.6510054543 -12603.4325333129 29583.3002088899 29730.6251793387 29903.947539045 29115.327908286 220.570782502989 66430.125 40.5
212490 427.94729806267 -13031.577618288 -12603.6303202253 29553.9838797423 29643.5048416098 29824.747751812 29193.6990458052 206.991707532273 66430.125 40.5
212500 422.492705738098 -13026.6313010753 -12604.1385953372 29792.2501810239 29760.1366075192 30116.4620704709 29500.1518650815 71.5583654626883 66430.125 40.5
212510 416.32344108225 -13021.1989851673 -12604.8755440851 30050.964000971 29815.9517466223 30341.366384906 29995.5738713847 -175.528144929605 66430.125 40.5
212520 412.621446281472 -13018.3570421232 -12605.7355958417 30174.413414722 29770.9329472971 30393.8050426077 30358.5022542612 -310.587885966144 66430.125 40.5
212530 413.491456735178 -13020.1564781822 -12606.665021447 30042.7150366876 29565.4477675576 30145.0154229419 30417.6819195632 -177.734080066616 66430.125 40.5
212540 417.929142741738 -13025.627541862 -12607.6983991203 29709.0249807941 29278.3456177325 29620.6854039764 30228.0439206734 21.665467028718 66430.125 40.5
212550 420.163006880094 -13029.08301312 -12608.9200062399 29495.6631353518 29210.4724267082 29203.9302463646 30072.5867329826 157.874021796394 66430.125 40.5
212560 417.960599396887 -13028.3195505933 -12610.3589511964 29516.8255340299 29428.8977717033 29088.8205761665 30032.7582542198 171.230672875786 66430.125 40.5
212570 417.048928124038 -13029.012867646 -12611.963939522 29486.2825292191 29664.5669946317 29044.7778475337 29749.502745492 161.434195871321 66430.125 40.5
212580 420.14280514124 -13033.8354396337 -12613.6926344924 29249.7817198659 29689.6789181623 28808.3907745677 29251.2754668677 184.245231160929 66430.125 40.5
212590 421.19506834397 -13036.721347577 -12615.526279233 29031.4635948456 29474.3027331718 28609.0349401112 29011.0531112538 309.707784033648 66430.125 40.5
212600 414.964383011098 -13032.3171408845 -12617.3527578734 29125.3961318889 29358.1185872223 28853.3998609184 29164.6699475261 448.636507005744 66430.125 40.5
212610 406.994091085891 -13025.9478468445 -12618.9537557586 29339.0715021237 29350.7665578565 29305.2494765103 29361.1984720043 395.816763619727 66430.125 40.5
212620 406.107289721583 -13026.2909487217 -12620.1836590001 29374.4121530183 29348.9117074668 29493.0929104193 29281.231841169 201.406768422497 66430.125 40.5
212630 411.977749093411 -13033.0563765345 -12621.0786274411 29181.9358474464 29184.8254555167 29325.0977782848 29035.8843085377 73.7337554493588 66430.125 40.5
212640 417.592903926063 -13039.3797052479 -12621.7868013218 28919.9377467139 28821.9787214721 29123.9387636622 28813.8957550074 114.266927230696 66430.125 40.5
212650 417.403382131343 -13039.8277349193 -12622.424352788 28871.6434032404 28581.4640116451 29144.1998584337 28889.2663396423 79.8389006381977 66430.125 40.5
212660 413.804759771496 -13036.8105503964 -12623.0057906249 28954.1217021216 28567.7084121812 29151.717503119 29142.9391910645 -87.2610039309445 66430.125 40.5
212670 411.675359175175 -13035.1720380137 -12623.4966788386 28997.3706692856 28791.5532761439 29055.9633393483 29144.5953923645 -202.953171872333 66430.125 40.5
212680 410.695174185205 -13034.5761031504 -12623.8809289652 29035.3187636017 29102.696174197 28968.4215627097 29034.8385538985 -179.377738635139 66430.125 40.5
212690 409.541044295198 -13033.6992143228 -12624.1581700276 29049.1374348852 29294.1834232995 28904.3094918798 28948.9193894762 -6.96722189043292 66430.125 40.5
212700 410.33156751383 -13034.6654355418 -12624.3338680279 28945.9185510181 29156.0687275537 28741.7370238965 28939.9499016042 168.505959519231 66430.125 40.5
212710 413.852253788941 -13038.2943771298 -12624.4421233409 28760.7177468355 28763.1433326751 28540.0584823612 28978.9514254701 199.823408481228 66430.125 40.5
212720 416.565770331141 -13041.1153480989 -12624.5495777677 28625.9080993267 28427.5047906069 28413.3766865577 29036.8428208155 52.1445369833957 66430.125 40.5
212730 414.579630403824 -13039.2789971069 -12624.6993667031 28775.8010427498 28556.7664106377 28565.7069719677 29204.9297456441 -57.5054683377937 66430.125 40.5
212740 409.003016898123 -13033.8565014251 -12624.8534845269 29063.5494063922 28900.0836565104 28843.2367392188 29447.3278234476 -99.9468449658067 66430.125 40.5
212750 404.326599924329 -13029.244198281 -12624.9175983566 29350.3821458782 29153.6433679655 29168.8526153798 29728.6504542892 -191.568152998192 66430.125 40.5
212760 402.131933858702 -13026.937874767 -12624.8059409083 29499.4179276695 29326.3073446638 29286.3046738206 29885.641764524 -350.904273324969 66430.125 40.5
212770 403.382384181943 -13027.8606614355 -12624.4782772535 29432.1866417989 29374.9750320603 29101.6613534439 29819.9235398925 -524.551758249426 66430.125 40.5
212780 408.896840111187 -13032.8550483186 -12623.9582082074 29166.3795237711 29248.4907434398 28787.8851418062 29462.7626860673 -650.182617598567 66430.125 40.5
212790 414.665293097215 -13037.9998493249 -12623.3345562276 28955.187968401 29079.2073764525 28685.1209528058 29101.2355759445 -632.960358341157 66430.125 40.5
212800 416.208056064011 -13038.9169396771 -12622.7088836131 28901.2344360133 28971.0830972029 28789.1885520582 28943.4316587787 -509.753899615945 66430.125 40.5
212810 415.109510473409 -13037.2345976546 -12622.1250871812 28962.3538529627 28949.1264398076 28887.6358696032 29050.2992494773 -310.320732423169 66430.125 40.5
212820 413.791476199318 -13035.3590120214 -12621.5675358221 29055.8130704999 29112.1654796563 28862.5986314437 29192.6751003998 -33.3614543523353 66430.125 40.5
212830 412.368752052632 -13033.3722997191 -12621.0035476664 29192.2476179757 29391.4465030775 28897.1222427923 29288.1741080573 231.508494714037 66430.125 40.5
212840 412.804442104787 -13033.2099481083 -12620.4055060035 29207.2302977932 29475.0672335289 28908.6428717636 29237.980788087 394.151013760124 66430.125 40.5
212850 416.727645631447 -13036.5113415003 -12619.7836958689 29135.7775261367 29362.2607879105 28885.3711251343 29159.7006653653 333.991752612165 66430.125 40.5
212860 419.211600017954 -13038.4101121013 -12619.1985120833 29152.8894514143 29266.7598146538 29036.2829515654 29155.6255880238 67.9915423408874 66430.125 40.5
212870 416.145965596601 -13034.8366411838 -12618.6906755872 29262.7704978287 29317.0943864103 29181.9433300362 29289.2737770395 -187.370232472223 66430.125 40.5
212880 412.597628804018 -13030.8199869538 -12618.2223581498 29340.512224645 29542.6460416483 29017.1921021248 29461.698530162 -275.730012808965 66430.125 40.5
212890 410.954245390984 -13028.6747325021 -12617.7204871111 29339.9863697297 29704.500079806 28753.0052593433 29562.4537700399 -169.517208363841 66430.125 40.5
212900 409.343039364534 -13026.4786279738 -12617.1355886092 29405.0878493918 29792.7685626998 28628.6430565909 29793.8519288846 -61.2527906530858 66430.125 40.5
212910 408.257984321388 -13024.687119382 -12616.4291350606 29506.3277572166 29834.8755344345 28637.0753935552 30047.03234366 -24.2318486335849 66430.125 40.5
212920 409.132676820979 -13024.6997740997 -12615.5670972787 29470.8928844895 29731.9266514013 28603.2847430266 30077.4672590405 -29.7462113747953 66430.125 40.5
212930 413.998376153849 -13028.5536603104 -12614.5552841566 29350.9762593305 29571.8003722006 28652.1882471131 29828.9401586778 3.43049820481943 66430.125 40.5
212940 420.668401443128 -13034.1443719009 -12613.4759704578 29200.5663460893 29462.5481866354 28778.9610703409 29360.1897812918 181.148717519119 66430.125 40.5
212950 422.160932801224 -13034.6100778926 -12612.4491450914 29234.6603211391 29523.1577960146 29056.3796764605 29124.4434909421 316.272960280542 66430.125 40.5
212960 420.049340537668 -13031.5853733142 -12611.5360327765 29473.2196588015 29721.0681040525 29380.841809632 29317.74906272 118.521609766753 66430.125 40.5
212970 419.525435245804 -13030.2446218457 -12610.7191865999 29632.9200552217 29845.9860431364 29465.28285829 29587.4912642387 -298.788164007505 66430.125 40.5
212980 418.565904833502 -13028.540638366 -12609.9747335325 29619.0619831144 29820.57607183 29403.8689413482 29632.740936165 -453.862813488272 66430.125 40.5
212990 416.570299746081 -13025.8502646064 -12609.2799648604 29630.517593191 29910.7576277006 29441.130767961 29539.6643839113 -161.774477759581 66430.125 40.5
213000 418.200298513513 -13026.8079180783 -12608.6076195648 29580.214061057 29885.6948535043 29374.9797607109 29479.9675689559 282.771408357868 66430.125 40.5
213010 421.845629675416 -13029.8202042193 -12607.9745745439 29506.9492109826 29703.2254235252 29199.6959884422 29617.9262209804 453.816339842963 66430.125 40.5
213020 421.956636704623 -13029.3941046532 -12607.4374679485 29597.136555034 29591.9672330283 29160.3399498622 30039.1024822116 268.210411895651 66430.125 40.5
213030 418.84444670568 -13025.8552939157 -12607.01084721 29834.065094772 29720.6325488593 29167.8957202297 30613.6670152269 -84.9845655801688 66430.125 40.5
213040 416.523298929616 -13023.1686207128 -12606.6453217832 30007.021721904 29923.6652440546 29186.2660388692 30911.1338827883 -167.60669424382 66430.125 40.5
213050 417.230458540379 -13023.523401738 -12606.2929431976 29964.5135019634 29890.8596368292 29293.928787255 30708.7520818061 -9.02923682806884 66430.125 40.5
213060 419.108773743636 -13025.0633565076 -12605.9545827639 29837.2930927526 29604.3614531473 29500.5879713648 30406.9298537458 227.062370317811 66430.125 40.5
213070 419.884432150553 -13025.5439011442 -12605.6594689936 29770.0624682288 29292.9208777079 29752.2602807434 30265.0062462352 350.790710128155 66430.125 40.5
213080 421.402104606182 -13026.8457518897 -12605.4436472836 29705.0397885708 29123.609718209 29824.3764095509 30167.1332379526 475.53585711912 66430.125 40.5
213090 422.48094294275 -13027.834773922 -12605.3538309792 29663.1644832568 29144.1956738551 29790.0235664513 30055.2742094641 679.343238154352 66430.125 40.5
213100 420.487668127689 -13025.9227920317 -12605.435123904 29847.4916515273 29575.6945176972 29888.4247704541 30078.3556664305 823.098155587131 66430.125 40.5
213110 417.804272228787 -13023.495012915 -12605.6907406862 29994.1314686636 29997.7478643829 29991.2960758766 29993.3504657313 727.24368308623 66430.125 40.5
213120 417.524689215322 -13023.6318325246 -12606.1071433093 29920.6273993589 30105.9200583107 29969.5631291421 29686.3990106239 502.965927956652 66430.125 40.5
213130 417.059218921254 -13023.7479469383 -12606.688728017 29894.4017293718 30196.021041003 30073.4606624023 29413.7234847099 415.455440966025 66430.125 40.5
213140 415.422362569434 -13022.8574595926 -12607.4350970231 29956.9647642819 30316.1905488326 30211.4392424807 29343.2645015323 410.689813754571 66430.125 40.5
213150 415.723798742808 -13024.0527243747 -12608.3289256319 29939.2928734243 30348.140667403 30077.2375044542 29392.5004484156 377.699546713263 66430.125 40.5
213160 418.225135370473 -13027.6020575886 -12609.3769222181 29799.1680080837 30263.8391373288 29731.7160973451 29401.9487895771 367.219431421937 66430.125 40.5
213170 419.64859680393 -13030.2578112585 -12610.6092144546 29604.6181050125 30020.941264604 29411.0762996191 29381.8367508146 378.933044399438 66430.125 40.5
213180 418.346230945113 -13030.3695152487 -12612.0232843035 29469.086462117 29670.2303997 29373.9601342797 29363.0688523713 293.983128912572 66430.125 40.5
213190 416.213833943948 -13029.7670343259 -12613.5532003819 29350.1722531641 29243.54674194 29481.901588625 29325.0684289273 55.078498316658 66430.125 40.5
213200 415.993478549508 -13031.1152571572 -12615.1217786077 29297.2849390942 28939.0789545289 29563.6424962349 29389.1333665188 -180.751512639233 66430.125 40.5
213210 415.986724256917 -13032.6674784138 -12616.6807541568 29349.997080104 28909.043693062 29571.8848355691 29569.0627116809 -244.467972042868 66430.125 40.5
213220 412.441249477114 -13030.6167001081 -12618.175450631 29559.3445595486 29298.2673817307 29670.9183336733 29708.8479632418 -129.419352096123 66430.125 40.5
213230 407.223618273263 -13026.7312784099 -12619.5076601366 29656.3013653568 29692.0376674074 29639.1754086827 29637.6910199804 7.57053351253818 66430.125 40.5
213240 406.620923665444 -13027.229181535 -12620.6082578696 29513.6154466741 29674.6199111426 29453.5664155738 29412.6600133059 22.8228577561602 66430.125 40.5
213250 410.269559341943 -13031.7647080022 -12621.4951486603 29269.5762316069 29295.2318415959 29257.9424139565 29255.5544392684 29.8199670139312 66430.125 40.5
213260 414.745030369307 -13037.0028882845 -12622.2578579152 29001.4380767528 28829.6539102055 29046.6211029448 29128.0392171081 84.135238450021 66430.125 40.5
213270 417.072039569959 -13040.0670715945 -12622.9950320245 28809.2425485648 28608.2830567307 28881.7360461144 28937.7085428491 104.884832087704 66430.125 40.5
213280 414.06840812232 -13037.8087248989 -12623.7403167766 28881.2134637239 28667.2229725416 28983.2282363623 28993.1891822679 138.804480068624 66430.125 40.5
213290 409.476634092658 -13033.9182446631 -12624.4416105705 29053.0563014498 28680.3494385614 29258.9513357424 29219.8681300457 204.202990572106 66430.125 40.5
213300 410.221912968561 -13035.2631495382 -12625.0412365696 28997.002505626 28451.5003102652 29349.5207234337 29189.9864831791 178.362357940006 66430.125 40.5
213310 415.239495140958 -13040.8108096598 -12625.5713145189 28723.9576135005 28088.0743259254 29256.1989380072 28827.599576569 -23.7218293763456 66430.125 40.5
213320 415.155732827925 -13041.264907587 -12626.1091747591 28650.4158830825 28080.300152903 29302.0917023002 28568.8557940442 -227.00039443356 66430.125 40.5
213330 407.254982033992 -13033.8910980922 -12626.6361160582 28974.6262791132 28631.7810748553 29491.6872676515 28800.4104948329 -252.246351062241 66430.125 40.5
213340 402.113848623112 -13029.1441558442 -12627.0303072211 29240.0281164674 29157.9539780915 29383.0752303227 29179.055140988 -56.9575279703465 66430.125 40.5
213350 406.494701783836 -13033.7189511988 -12627.224249415 29033.5530645367 28955.3023947879 28827.9741127013 29317.3826861209 188.27330131337 66430.125 40.5
213360 413.781151680847 -13041.0677877319 -12627.2866360511 28704.07105415 28486.6848619379 28310.5023047993 29315.025995713 193.985069529595 66430.125 40.5
213370 416.268606032587 -13043.6089587497 -12627.3403527172 28558.7725874702 28341.1919344293 28199.4714900817 29135.6543378995 18.1692992319084 66430.125 40.5
213380 414.12540746171 -13041.5669442325 -12627.4415367708 28645.3045758204 28467.3950122591 28549.9741230034 28918.5445921986 -199.525915679049 66430.125 40.5
213390 410.639391787093 -13038.1930761159 -12627.5536843288 28823.2425308962 28700.7123193211 29096.3554575437 28672.6598158237 -204.496319854982 66430.125 40.5
213400 409.643630959023 -13037.2627506896 -12627.6191197306 28817.3994232711 28640.3721142706 29265.3650453431 28546.4611101996 77.3937270253314 66430.125 40.5
213410 410.367459790318 -13037.9818463481 -12627.6143865578 28769.0907774422 28509.1271392691 29184.2243683278 28613.9208247298 449.117584008994 66430.125 40.5
213420 408.905778959979 -13036.4413376321 -12627.5355586722 28822.8714882132 28537.5730883131 29080.9025372274 28850.1388390992 616.878673166857 66430.125 40.5
213430 406.69511547236 -13034.0526224844 -12627.3575070121 28993.9960453779 28870.3638710379 28955.4477114299 29156.1765536659 593.760462698527 66430.125 40.5
213440 405.41947478911 -13032.4496481967 -12627.0301734076 29182.6673271122 29403.4261462023 28805.6894329987 29338.8864021357 482.765679696671 66430.125 40.5
213450 405.329019018918 -13031.8365116839 -12626.507492665 29203.4972598159 29646.1155276681 28748.0828643736 29216.2933874059 285.256870303396 66430.125 40.5
213460 408.972455802393 -13034.7460220319 -12625.7735662295 29083.3985442802 29412.3406470845 28830.0013195585 29007.8536661978 134.683786920286 66430.125 40.5
213470 415.180851466416 -13040.0517914886 -12624.8709400222 28877.0450142278 28911.7810928478 28871.8868525121 28847.4670973236 158.631449052392 66430.125 40.5
213480 417.947366622707 -13041.844136323 -12623.8967697003 28842.1385877736 28654.9317148046 28937.6983449556 28933.7857035606 324.564442055713 66430.125 40.5
213490 414.943906229946 -13037.8582246285 -12622.9143183985 29061.946303298 28887.0921930005 29073.5110232803 29225.2356936134 453.089588322066 66430.125 40.5
213500 411.175523914393 -13033.0638263769 -12621.8883024625 29265.2813593412 29214.2742326372 29066.2257507726 29515.3440946138 544.697722630969 66430.125 40.5
213510 412.625435321135 -13033.3820261192 -12620.7565907981 29199.0369194247 29207.1441311394 28815.6426855843 29574.3239415504 515.894629290264 66430.125 40.5
213520 416.659695866655 -13036.1904568149 -12619.5307609483 29061.3807407565 29043.5588900763 28594.7243885627 29545.8589436304 359.640337891827 66430.125 40.5
213530 416.804794940558 -13035.0936053882 -12618.2888104477 29098.524536199 29103.2991106676 28673.564769843 29518.7097280863 301.901781655515 66430.125 40.5
213540 412.986271544497 -13030.05397881 -12617.0677072655 29429.6949682474 29503.3809513235 29195.421290192 29590.2826632267 414.414172841981 66430.125 40.5
213550 409.869760607596 -13025.6965763843 -12615.8268157767 29732.7432335169 29813.1450360083 29720.6546226006 29664.4300419418 578.749820192915 66430.125 40.5
213560 410.406835121553 -13024.9318443216 -12614.5250092 29873.5687386805 29876.9064327829 30043.8851192863 29699.9146639724 468.442377963686 66430.125 40.5
213570 412.788496573248 -13025.9722735286 -12613.1837769554 29846.9922014443 29809.5128167535 30016.5677793321 29714.8960082473 146.008811525251 66430.125 40.5
213580 414.516989566927 -13026.3919730808 -12611.8749835139 29840.1012168889 29839.6678320326 29919.2353429416 29761.4004756925 -139.937851777494 66430.125 40.5
213590 414.901334630586 -13025.5659857866 -12610.664651156 29980.129922578 30052.1829725111 29962.5059102315 29925.7008849915 -358.703779550657 66430.125 40.5
213600 414.858347241353 -13024.4422128656 -12609.5838656243 30006.1582998119 30162.1643887331 29904.2386931357 29952.071817567 -431.773034475449 66430.125 40.5
213610 416.036853787694 -13024.6795920372 -12608.6427382495 29939.5905697491 30085.4240232481 29720.389750803 30012.9579351963 -387.788016782512 66430.125 40.5
213620 419.09948611051 -13026.9601499004 -12607.8606637899 29791.3397086929 29858.984430594 29391.5709738235 30123.4637216613 -347.846111342672 66430.125 40.5
213630 424.372573196756 -13031.6588648997 -12607.286291703 29492.3175488796 29453.8616196587 29001.2493975299 30021.8416294503 -278.638055680018 66430.125 40.5
213640 428.608578930204 -13035.6049408325 -12606.9963619023 29357.8054581568 29301.6356859733 28927.058812365 29844.7218761322 -211.001940418478 66430.125 40.5
213650 425.018393173336 -13032.0336538678 -12607.0152606945 29508.4848043624 29589.3666796212 29144.3967814593 29791.6909520067 -270.968188745362 66430.125 40.5
213660 416.654867456634 -13023.8890849195 -12607.2342174629 29920.0213083771 30136.5966230855 29580.1993599544 30043.2679420912 -488.68180692321 66430.125 40.5
213670 412.68149707035 -13020.1720430207 -12607.4905459503 30138.6473782286 30273.7633457257 29913.0894504925 30229.0893384676 -650.990785872092 66430.125 40.5
213680 414.575291194811 -13022.2862306697 -12607.7109394749 30053.9036318395 29928.3540276343 30010.539791641 30222.8170762433 -537.353601736562 66430.125 40.5
213690 417.447921305361 -13025.3737126032 -12607.9257912978 29859.5710293255 29531.0434338103 29919.4019346942 30128.2677194718 -201.366760551949 66430.125 40.5
213700 417.754725546264 -13025.938329541 -12608.1836039948 29776.8572797993 29458.4135042556 29792.6065892694 30079.551745873 100.836130558218 66430.125 40.5
213710 415.982826607414 -13024.4710500852 -12608.4882234778 29861.3892945145 29656.1745620563 29741.2118790498 30186.7814424374 258.590038874417 66430.125 40.5
213720 414.488700689122 -13023.2936683379 -12608.8049676488 29868.6076197461 29649.0662070003 29840.560619622 30116.1960326159 279.412613484283 66430.125 40.5
213730 416.072682959222 -13025.1893855791 -12609.1167026198 29722.3325313946 29379.6996820705 30052.4774394396 29734.8204726737 319.353184790365 66430.125 40.5
213740 419.658672961327 -13029.1157132459 -12609.4570402846 29515.684846045 28993.758386508 30121.2332572757 29432.0628943513 348.589056484128 66430.125 40.5
213750 421.843392925849 -13031.7297279027 -12609.8863349769 29397.0630708772 28688.3874722001 29834.3025225242 29668.4992179073 293.070124629075 66430.125 40.5
213760 422.007485450493 -13032.4498038035 -12610.442318353 29429.0721095046 28650.8972906935 29370.3116222515 30266.0074155689 195.107265293115 66430.125 40.5
213770 420.99918743446 -13032.1207505703 -12611.1215631358 29419.7057830765 28794.9718166068 28915.1513557308 30548.9941768921 103.413850139951 66430.125 40.5
213780 419.063217100125 -13030.9571159124 -12611.8938988123 29345.7683272756 29019.8555710015 28624.7292584597 30392.7201523655 37.7239850609857 66430.125 40.5
213790 416.554134136146 -13029.2632034213 -12612.7090692851 29332.3119551499 29284.3348407077 28768.606459835 29943.994564907 -73.8527111728019 66430.125 40.5
213800 415.599517396644 -13029.1200372569 -12613.5205198603 29374.9099862882 29447.5591143923 29203.236353549 29473.9344909233 -75.424221914732 66430.125 40.5
213810 416.224921025918 -13030.5354350086 -12614.3105139827 29374.0275372831 29428.1327326469 29494.1049163182 29199.8449628841 119.106466794036 66430.125 40.5
213820 416.676453927204 -13031.763164572 -12615.0867106448 29405.498337086 29339.5504555323 29615.8155492694 29261.1290064562 338.806645974005 66430.125 40.5
213830 416.486069942542 -13032.3414213515 -12615.8553514089 29409.2964006834 29232.3325751489 29650.7223357428 29344.8342911586 440.823055630432 66430.125 40.5
213840 416.081552567865 -13032.6947823252 -12616.6132297573 29362.1004774931 29136.5559907076 29598.6072265754 29351.1382151962 269.965238592977 66430.125 40.5
213850 414.884113680069 -13032.2304140903 -12617.3463004102 29342.8549309715 29117.5377093988 29478.3857686379 29432.641314878 -12.006453633115 66430.125 40.5
213860 414.244738453515 -13032.2789814153 -12618.0342429618 29218.4381440357 29035.322098341 29206.5527600813 29413.4395736848 -120.293409221986 66430.125 40.5
213870 416.001617883346 -13034.680918056 -12618.6793001726 29093.3184217696 29026.0499218769 29014.0110276961 29239.8943157357 3.63428966588035 66430.125 40.5
213880 416.883206701813 -13036.1941830183 -12619.3109763164 28999.6949043837 28951.145235404 29043.2797703749 29004.6597073722 215.780065151914 66430.125 40.5
213890 414.759000554316 -13034.6924673457 -12619.9334667914 29062.7689382046 28995.9790198732 29241.8071812642 28950.5206134765 341.833018800065 66430.125 40.5
213900 413.544577581985 -13034.0676453861 -12620.5230678041 29184.7528824111 29098.7882430136 29357.5608920613 29097.9095121584 200.69024281301 66430.125 40.5
213910 412.387904426274 -13033.4434817116 -12621.0555772853 29258.6631587514 29114.9804054348 29325.2056377929 29335.8034330264 -147.546215606445 66430.125 40.5
213920 409.704969086561 -13031.212082228 -12621.5071131414 29341.6969026299 29135.7877732069 29264.1711020422 29625.1318326406 -367.077521457203 66430.125 40.5
213930 407.937877930549 -13029.7839487788 -12621.8460708482 29435.6227595679 29159.1791084235 29305.7020358127 29841.9871344675 -317.301764185201 66430.125 40.5
213940 408.243610836291 -13030.2942106061 -12622.0505997698 29380.684806024 29134.3003252806 29306.2580657524 29701.4960270389 -156.511611664788 66430.125 40.5
213950 411.714015227845 -13033.8621833285 -12622.1481681007 29192.1058142621 29048.8472232284 29087.7169540743 29439.7532654837 -72.5179099213955 66430.125 40.5
213960 414.532306616633 -13036.7383875334 -12622.2060809167 29126.4498354121 29127.6271992753 28846.2945369067 29405.4277700541 -78.8880114261339 66430.125 40.5
213970 411.971720363775 -13034.2335942709 -12622.2618739071 29219.4427376351 29361.9039152398 28717.6230931172 29578.8012045484 -153.312377978478 66430.125 40.5
213980 408.778524396759 -13031.0623775322 -12622.2838531355 29368.2074484105 29558.5950138584 28821.247123002 29724.780208371 -246.313798667203 66430.125 40.5
213990 408.432660468655 -13030.6566537639 -12622.2239932953 29392.250214899 29527.9444270462 28997.8568001273 29650.9494175234 -363.7777186742 66430.125 40.5
214000 407.816423249799 -13029.8798551141 -12622.0634318643 29358.2564784908 29461.4428991329 29227.442418226 29385.8841181134 -424.196297104174 66430.125 40.5
214010 408.045359646192 -13029.8451552585 -12621.7997956123 29267.6585989558 29353.2032085738 29344.6478523035 29105.12473599 -400.693127409518 66430.125 40.5
214020 411.837001141741 -13033.2870599358 -12621.4500587941 29087.4912386343 29080.1131773854 29175.3863614279 29006.9741770898 -296.606710890057 66430.125 40.5
214030 415.827849806975 -13036.9052609603 -12621.0774111534 28984.4837093012 28922.7389857251 28867.04660596 29163.6655362185 -195.966625201286 66430.125 40.5
214040 415.440363951555 -13036.1879198652 -12620.7475559136 29034.0375936248 29100.5117227391 28603.4789541651 29398.1221039701 -187.985137681065 66430.125 40.5
214050 412.388926706519 -13032.8487687825 -12620.459842076 29204.9796958146 29439.7670357525 28621.594463693 29553.5775879982 -317.207361243878 66430.125 40.5
214060 410.694665576042 -13030.8549826955 -12620.1603171195 29281.4009482559 29516.4714655551 28884.8740188075 29442.857360405 -534.395933353014 66430.125 40.5
214070 413.316955967215 -13033.1339733649 -12619.8170173977 29133.0776842056 29237.6430248527 28965.3215102729 29196.2685174912 -614.072099073538 66430.125 40.5
214080 419.649291796628 -13039.1298572834 -12619.4805654868 28914.0318521451 28826.6308776928 28865.9457963442 29049.5188823984 -427.939599224428 66430.125 40.5
214090 422.64246853492 -13041.8972233796 -12619.2547548447 28734.1745883369 28370.5621317984 28813.5745051665 29018.3871280457 -146.372416401075 66430.125 40.5
214100 419.55761661269 -13038.7552027989 -12619.1975861862 28712.0834081203 28147.9825235226 28973.120058257 29015.1476425813 -30.7997804144079 66430.125 40.5
214110 414.347864410184 -13033.6083492392 -12619.260484829 28931.264449634 28433.39767431 29241.2059549168 29119.1897196751 -127.375898866834 66430.125 40.5
214120 410.665214713229 -13030.0123352044 -12619.3471204912 29184.5387073131 28906.916553466 29339.2032236598 29307.4963448136 -397.89984448641 66430.125 40.5
214130 409.26051979261 -13028.6455360661 -12619.3850162735 29336.060907668 29216.1299144151 29230.1348180005 29561.9179905885 -582.582447323116 66430.125 40.5
214140 409.064681981457 -13028.4038499796 -12619.3391679982 29482.3612944813 29359.7578116074 29301.4435824034 29785.8824894331 -563.900404386545 66430.125 40.5
214150 409.786425928306 -13028.9821128321 -12619.1956869038 29474.547688692 29302.5645804796 29385.5616347116 29735.5168508849 -472.41225375219 66430.125 40.5
214160 410.650700558117 -13029.6040804056 -12618.9533798475 29439.1421753021 29326.8889834419 29475.2607496198 29515.2767928446 -340.954101837381 66430.125 40.5
214170 409.180508865776 -13027.7712658129 -12618.5907569471 29511.5828207892 29584.5850216529 29557.3081106179 29392.8553300966 -153.20975884511 66430.125 40.5
214180 409.269467791991 -13027.3200146237 -12618.0505468317 29478.5553399686 29775.4910746724 29377.9229659314 29282.2519793021 114.44233071254 66430.125 40.5
214190 414.950340357021 -13032.2272990217 -12617.2769586647 29270.9424596073 29627.4819381125 29047.5036756929 29137.8417650164 273.908128956188 66430.125 40.5
214200 421.686963810733 -13037.9730126242 -12616.2860488134 28947.3452120583 29149.3569122644 28766.5084021653 28926.1703217452 240.041629842058 66430.125 40.5
214210 424.177411069622 -13039.3437645495 -12615.1663534799 28863.8272205992 28743.0959776483 28850.203242571 28998.1824415782 194.780018616477 66430.125 40.5
214220 420.648459053258 -13034.6302200287 -12613.9817609755 29137.2077934932 28623.8140571636 29309.7724158713 29478.0369074446 278.907534308567 66430.125 40.5
214230 413.455739475096 -13026.1573050794 -12612.7015656043 29596.8014985921 28746.1524190879 29948.6458414674 30095.6062352209 352.532550953053 66430.125 40.5
214240 410.203310998929 -13021.4285245223 -12611.2252135234 29841.3715403139 28919.6163872468 30392.0472487615 30212.4509849332 294.50463780814 66430.125 40.5
214250 416.728285495803 -13026.2507682962 -12609.5224828004 29684.7077610227 28958.3570330419 30385.9126624475 29709.8535875787 162.273241385875 66430.125 40.5
214260 424.734536068731 -13032.4798174085 -12607.7452813398 29389.3022954476 28837.1994021361 30185.4539151152 29145.2535690915 -58.02825416723 66430.125 40.5
214270 423.10713992566 -13029.2333329273 -12606.1261930016 29483.280303601 28998.6278956483 30203.247605848 29247.9654093067 -298.120743344471 66430.125 40.5
214280 416.691190014355 -13021.4282383611 -12604.7370483467 29868.4457616709 29444.7319986635 30396.8483941845 29763.7568921646 -478.71901886058 66430.125 40.5
214290 414.470521347084 -13017.9620027414 -12603.4914813943 30172.0415085613 29757.4796612805 30542.3336960392 30216.3111683642 -597.164943471844 66430.125 40.5
214300 416.955236103159 -13019.2887646654 -12602.3335285622 30133.2481773834 29753.7502424341 30403.0232334209 30242.9710562952 -789.979394995474 66430.125 40.5
214310 422.2096932138 -13023.513118813 -12601.3034255992 29886.0881774377 29651.2460522693 29937.1261658695 30069.8923141745 -1076.75808149484 66430.125 40.5
214320 427.674983989388 -13028.1724141634 -12600.497430174 29612.9426402957 29532.9514355418 29337.6537243317 29968.2227610137 -1145.83959223803 66430.125 40.5
214330 429.288137628581 -13029.2921048229 -12600.0039671943 29517.9782664931 29445.8095956776 29140.8086735042 29967.3165302974 -851.809159002344 66430.125 40.5
214340 427.981819935148 -13027.8279552757 -12599.8461353406 29574.679165331 29442.2683359649 29387.2772939908 29894.4918660373 -501.809645016628 66430.125 40.5
214350 426.951236000727 -13026.9454064106 -12599.9941704099 29637.544077997 29434.9511831404 29715.6957022921 29761.9853485584 -325.562626592838 66430.125 40.5
214360 424.263640895954 -13024.6714124995 -12600.4077716036 29792.7982962922 29528.6675236819 30049.2261764528 29800.501188742 -305.388950771496 66430.125 40.5
214370 419.314316238035 -13020.3347675226 -12601.0204512846 30015.0543602244 29728.3531864824 30172.4739018939 30144.335992297 -284.24672190289 66430.125 40.5
214380 415.679000922931 -13017.4199037847 -12601.7409028617 30164.2757473416 29818.156620503 30056.7004677239 30617.9701537979 -80.549029961093 66430.125 40.5
214390 414.652446768884 -13017.1504302539 -12602.497983485 30178.6003857862 29733.5367509662 29845.9277529955 30956.336653397 207.664537291978 66430.125 40.5
214400 416.126483367158 -13019.4037206051 -12603.2772372379 30106.5578228445 29656.9413417008 29705.512863455 30957.2192633777 295.043511480356 66430.125 40.5
214410 417.817805810861 -13021.9227167777 -12604.1049109669 30015.1946569293 29780.7207973632 29648.0676855702 30616.7954878546 142.31481616252 66430.125 40.5
214420 417.573220972274 -13022.5777558734 -12605.0045349011 30003.7027739758 29978.7101888748 29886.2025164883 30146.1956165643 -73.0238129641076 66430.125 40.5
214430 417.20026348188 -13023.1704636235 -12605.9702001416 29964.3768531046 30023.8792422176 30264.4196478563 29604.8316692399 -37.0581014857959 66430.125 40.5
214440 418.530428683077 -13025.5257738927 -12606.9953452096 29839.3370840001 29842.3710352639 30458.3252072694 29217.315009467 120.101193439046 66430.125 40.5
214450 420.090808658333 -13028.1835204283 -12608.09271177 29628.211550681 29589.5858387029 30252.192006056 29042.8568072841 212.306751678556 66430.125 40.5
214460 420.88830870236 -13030.1649751154 -12609.2766664131 29494.04830748 29329.7016459286 29933.5239799894 29218.9192965219 128.352307694586 66430.125 40.5
214470 420.551344120254 -13031.0879587464 -12610.5366146261 29392.3807935014 29072.0338616038 29536.2374031965 29568.8711157038 -54.5445609886063 66430.125 40.5
214480 419.867011892111 -13031.7036045481 -12611.836592656 29370.096662418 28939.0456713466 29324.8264702083 29846.417845699 -196.892205210542 66430.125 40.5
214490 419.274013212953 -13032.4090665094 -12613.1350532965 29302.8790550926 28714.0784312188 29275.9705623416 29918.5881717173 -194.667269219684 66430.125 40.5
214500 416.620396699887 -13031.0003737358 -12614.379977036 29226.9317572264 28505.4682283279 29346.4755790907 29828.8514642607 -14.2800946229614 66430.125 40.5
214510 412.899363837785 -13028.3945641059 -12615.4952002681 29267.0639600358 28516.6387269346 29545.0609192867 29739.492233886 170.474533855179 66430.125 40.5
214520 414.068915564621 -13030.5066648006 -12616.437749236 29154.0944072604 28565.7314713294 29593.7390400434 29302.8127104084 59.729941543038 66430.125 40.5
214530 419.119332488707 -13036.3824613562 -12617.2631288675 28998.3311046592 28710.4606737413 29454.4602883084 28830.072351928 -359.955276731203 66430.125 40.5
214540 418.403683651328 -13036.4535885287 -12618.0499048773 29073.2529668997 28966.6975110977 29443.2400087309 28809.8213808705 -667.772691608078 66430.125 40.5
214550 412.021635385695 -13030.8005092425 -12618.7788738568 29309.3790107105 29208.9130724834 29581.3520024151 29137.8719572329 -662.189697285784 66430.125 40.5
214560 409.476353373169 -13028.8492371788 -12619.3728838057 29411.7237201328 29212.3199592188 29585.4749791718 29437.3762220078 -402.768688733175 66430.125 40.5
214570 413.195189832886 -13033.0223025834 -12619.8271127505 29212.8788160768 28881.0392315593 29205.2801731142 29552.317043557 -156.86693590586 66430.125 40.5
214580 416.570141641596 -13036.790143719 -12620.2200020774 29018.7477219034 28544.8662045214 28881.1238085278 29630.253152661 -60.3668833204152 66430.125 40.5
214590 415.712798298354 -13036.3301787623 -12620.617380464 29032.390311385 28483.3503523944 28867.8601259459 29745.9604558148 -73.2499596487451 66430.125 40.5
214600 412.893786516024 -13033.9090805732 -12621.0152940572 29179.4835790972 28668.4060969282 29002.3330186676 29867.7116216958 -69.4575717967446 66430.125 40.5
214610 409.610742871313 -13030.9744292525 -12621.3636863812 29298.2294140958 28915.4084311647 29080.049849846 29899.2299612768 -84.0190565522768 66430.125 40.5
214620 408.482916486377 -13030.0970576927 -12621.6141412064 29313.6506164882 29019.8198503092 29191.5808936706 29729.5511054847 -108.508505996913 66430.125 40.5
214630 411.494024884116 -13033.2604233501 -12621.766398466 29120.4416460234 28842.2593901632 29147.5013293807 29371.5642185263 -193.111977256983 66430.125 40.5
214640 414.610735397685 -13036.4814865905 -12621.8707511928 28854.2483999987 28609.89136126 28998.7609368734 28954.0929018625 -193.441389819163 66430.125 40.5
214650 415.928106890717 -13037.9173696576 -12621.9892627669 28765.8243423099 28664.94605149 28810.8898487151 28821.6371267247 -85.0477107635756 66430.125 40.5
214660 415.672044335889 -13037.8252237888 -12622.1531794529 28863.1752065215 28863.8744624146 28692.2313624341 29033.4197947157 18.8396757886062 66430.125 40.5
214670 412.374214487375 -13034.7241124122 -12622.3498979248 29089.7141728837 29091.0729168067 28904.9948472386 29273.0747546058 22.8402733742961 66430.125 40.5
214680 407.667577504459 -13030.1824971409 -12622.5149196365 29273.7319243267 29179.804643226 29307.4179363069 29333.9731934473 -114.577464895642 66430.125 40.5
214690 407.611409418295 -13030.1877331768 -12622.5763237585 29168.8725897822 28958.6160201948 29371.3551579804 29176.6465911714 -323.274750085092 66430.125 40.5
214700 412.595631890024 -13035.1321340161 -12622.5365021261 28892.335937708 28593.8364126753 29072.2249428969 29010.9464575518 -392.875627824169 66430.125 40.5
214710 414.764354311218 -13037.2308273194 -12622.4664730082 28754.6660929188 28445.1343766229 28820.0466064268 28998.8172957068 -321.397878460618 66430.125 40.5
214720 411.518901405852 -13033.9207574619 -12622.4018560561 28873.4236795835 28700.5453756361 28768.5907238358 29151.1349392786 -198.216323948418 66430.125 40.5
214730 408.975889041212 -13031.2748588422 -12622.2989698009 29050.366678407 29098.6854969308 28850.2427351103 29202.1718031798 -49.1252696265486 66430.125 40.5
214740 410.195985034204 -13032.3031180642 -12622.10713303 29057.8806283254 29410.7207528162 28899.2380225106 28863.6831096493 -64.1294854779311 66430.125 40.5
214750 413.420659028421 -13035.2541423422 -12621.8334833138 28924.0638116788 29530.4852387058 28930.0518422638 28311.6543540669 -137.945997767435 66430.125 40.5
214760 416.427834655814 -13037.9590176565 -12621.5311830007 28906.3663189782 29524.6905073753 29077.0963785011 28117.3120710583 -256.625287446274 66430.125 40.5
214770 416.732286340267 -13037.9855642864 -12621.2532779462 28968.188411503 29364.2668780577 29101.0887754401 28439.2095810112 -271.280790744247 66430.125 40.5
214780 413.134940650241 -13034.1379896122 -12621.003048962 29130.6738292601 29201.9786927615 29234.5550002765 28955.4877947423 -243.307544296508 66430.125 40.5
214790 408.945071395758 -13029.6592995998 -12620.714228204 29306.6472113499 29067.6444600908 29451.4778202985 29400.8193536605 -324.536386532416 66430.125 40.5
214800 409.039154546447 -13029.3423628372 -12620.3032082908 29307.6880120427 28981.9270146076 29477.3364615475 29463.8005599729 -486.780599403869 66430.125 40.5
214810 412.618087304619 -13032.3573325127 -12619.7392452081 29243.6467966752 29022.6239657094 29360.6143276244 29347.7020966918 -692.811771069439 66430.125 40.5
214820 415.157450163236 -13034.2100837835 -12619.0526336202 29183.6999862206 29160.9870347902 29132.5446131887 29257.568310683 -783.078771281256 66430.125 40.5
214830 416.745571965087 -13035.0261909036 -12618.2806189385 29109.827551791 29263.8729166421 28839.9563986961 29225.6533400348 -675.018071754212 66430.125 40.5
214840 420.598401910123 -13038.0597712898 -12617.4613693797 28983.2539651112 29172.9525076248 28522.6553122332 29254.1540754756 -585.347209287133 66430.125 40.5
214850 421.676790806046 -13038.332695727 -12616.655904921 29055.9702041039 29113.5747160924 28481.5578001572 29572.778096062 -557.600072183048 66430.125 40.5
214860 415.744877333024 -13031.635939283 -12615.89106195 29378.0856890589 29241.1388139232 28894.0361951165 29999.082058137 -646.727925852942 66430.125 40.5
214870 410.058408126614 -13025.1394795045 -12615.0810713779 29641.5017336123 29413.6351331104 29341.6405833696 30169.229484357 -675.467527368256 66430.125 40.5
214880 412.054157071011 -13026.174300377 -12614.120143306 29647.1249039638 29504.9598464968 29441.3254514023 29995.0894139922 -538.618008249248 66430.125 40.5
214890 417.011122339193 -13030.0200810062 -12613.008958667 29538.6113751204 29605.452568578 29259.4880376724 29750.8935191108 -299.519159438641 66430.125 40.5
214900 417.805836485537 -13029.6424561942 -12611.8366197087 29575.7856409883 29963.2023841155 29108.2548577679 29655.8996810815 -172.785973363669 66430.125 40.5
214910 416.152845519187 -13026.8101638072 -12610.657318288 29653.9361073264 30358.272660731 29020.7087802157 29582.8268810326 -318.595125392027 66430.125 40.5
214920 416.928752246412 -13026.4025302862 -12609.4737780398 29724.9060360709 30422.0892822151 29158.3580739149 29594.2707520826 -409.661187796903 66430.125 40.5
214930 418.886783243199 -13027.1923546586 -12608.3055714154 29782.0418780369 30162.3947465699 29490.4001748057 29693.3307127351 -308.492762556429 66430.125 40.5
214940 420.12604464843 -13027.3348247379 -12607.2087800894 29835.4299458669 29850.0799640222 29911.2836980485 29744.9261755301 -49.276943777196 66430.125 40.5
214950 419.458657742562 -13025.6800629804 -12606.2214052379 29843.6652690036 29638.1668182895 30118.0619484395 29774.7670402817 300.140225680573 66430.125 40.5
214960 419.409184817467 -13024.7559152506 -12605.3467304331 29789.3953358292 29604.5912188214 29990.4419645313 29773.152824135 540.898891021491 66430.125 40.5
214970 422.981271206246 -13027.578205205 -12604.5969339987 29665.9632768416 29633.7935709721 29686.7075702138 29677.3886893388 474.158332709395 66430.125 40.5
214980 425.480577932356 -13029.5065912054 -12604.026013273 29571.3264830639 29450.1883154266 29622.4071350755 29641.3839986896 178.829905519711 66430.125 40.5
214990 424.012973891604 -13027.6967498091 -12603.6837759175 29695.4685249195 29246.8179812048 30001.5542202574 29838.0333732962 -141.680243257986 66430.125 40.5
215000 421.330551860367 -13024.8820938139 -12603.5515419535 29764.0644559732 29091.2719546811 30163.3446081242 30037.5768051145 -356.930461488879 66430.125 40.5
