# Fix print output for fix setl_out
361000 668.040877164699 -12767.9780003392 -12099.9371231745 50714.6499018501 50682.3607623412 50693.2362421782 50768.3527010309 -156.343718319041 66430.125 40.5
361010 679.241096454737 -12779.1839788949 -12099.9428824402 50212.130799999 50174.4597612742 50163.4396332114 50298.4930055115 -522.952243272918 66430.125 40.5
361020 682.549678325418 -12782.6285874158 -12100.0789090904 50124.6684703786 50004.8075447138 50221.340963822 50147.8569026 -699.998114617523 66430.125 40.5
361030 670.833640490967 -12771.2263873664 -12100.3927468755 50709.5870950472 50445.6056621528 51198.0835214988 50485.0721014901 -697.390504043605 66430.125 40.5
361040 655.145987476284 -12755.8230997382 -12100.677112262 51266.7676379261 50980.1042400725 52058.582017644 50761.6166560618 -596.768623239756 66430.125 40.5
361050 650.859696330814 -12751.5261941399 -12100.6664978091 51442.211354997 51438.1658122874 52015.9399454328 50872.5283072708 -276.711965149745 66430.125 40.5
361060 658.900419811986 -12759.1613595646 -12100.2609397526 51141.5200636892 51435.6933456912 50831.6322509762 51157.2345944002 90.5187712447139 66430.125 40.5
361070 667.883179860518 -12767.4334093914 -12099.5502295309 50760.5517520054 51066.7773350611 49527.8611605156 51687.0167604394 359.094923757435 66430.125 40.5
361080 670.409655857926 -12769.0829569878 -12098.6733011299 50723.4603233279 50906.359346177 49143.2908975746 52120.7307262322 390.519969480039 66430.125 40.5
361090 668.644783639008 -12766.3219400863 -12097.6771564473 50808.4036263618 50950.0756196145 49394.222141386 52080.9131180848 223.813229029199 66430.125 40.5
361100 667.987465392732 -12764.5086422429 -12096.5211768501 50834.6591674085 51019.237306042 49979.1853457246 51505.5548504591 -16.3321566941764 66430.125 40.5
361110 671.550101253312 -12766.7199163455 -12095.1698150922 50772.0961271171 51122.4129123063 50564.0666696504 50629.8087993945 37.3313135145681 66430.125 40.5
361120 677.012116623508 -12770.6652949872 -12093.6531783637 50711.7202328499 51178.2694807821 50816.9396616815 50139.9515560862 246.061691305623 66430.125 40.5
361130 679.593833497948 -12771.6505297939 -12092.056696296 50718.2367906446 51167.6379807305 50758.6021785097 50228.4702126935 217.716505244041 66430.125 40.5
361140 675.918257214959 -12766.3487628099 -12090.430505595 50949.8982076382 51358.4132161145 50748.8692697992 50742.4121370007 -1.56923904061481 66430.125 40.5
361150 668.585469424753 -12757.298602714 -12088.7131332892 51387.803511361 51893.5413867716 50726.6311362242 51543.2380110871 -238.115666585724 66430.125 40.5
361160 665.017371670482 -12751.7956185903 -12086.7782469199 51795.1684081662 52439.111713672 50746.0749973362 52200.3185134905 -442.170165070383 66430.125 40.5
361170 663.189972611627 -12747.7106353377 -12084.5206627261 52001.0863637105 52724.0571823817 50733.9550325893 52545.2468761606 -427.598123336984 66430.125 40.5
361180 662.968054489004 -12744.8878836898 -12081.9198292008 52082.6941459702 52763.1946356135 50700.4379662608 52784.4498360364 -431.650553480249 66430.125 40.5
361190 670.807393519991 -12749.8480670542 -12079.0406735342 51906.1566727943 52375.8989297038 50577.5745244037 52764.9965642755 -443.051459978055 66430.125 40.5
361200 683.924824889699 -12760.0496406212 -12076.1248157315 51464.2665102452 51651.7465841147 50535.540117132 52205.5128294889 -476.358599738914 66430.125 40.5
361210 687.557409032968 -12761.0857729762 -12073.5283639432 51562.1611986671 51582.2580322588 51066.872929089 52037.3526346536 -217.407202343826 66430.125 40.5
361220 679.824976686329 -12751.2638161091 -12071.4388394228 52046.5814434206 52144.6697576734 51829.1390315616 52165.9355410269 400.756774859517 66430.125 40.5
361230 675.92632694593 -12745.6854638428 -12069.7591368968 52248.2222278931 52518.5700978877 52013.0819526871 52213.0146331045 852.492406917443 66430.125 40.5
361240 684.993296935522 -12753.4018419725 -12068.408545037 52059.6131105443 52416.3294188309 51610.1036096921 52152.40630311 852.160018471804 66430.125 40.5
361250 693.574894240804 -12761.0520706967 -12067.4771764559 51871.4423325227 52162.4533455858 51418.9484087579 52032.9252432244 442.045561452427 66430.125 40.5
361260 692.185755688487 -12759.2526629355 -12067.066907247 51952.3656344668 51994.2230336828 51771.0069243455 52091.866945372 170.114374257124 66430.125 40.5
361270 682.640393090471 -12749.7273199541 -12067.0869268636 52262.6696322065 52020.9860501021 52342.1136281835 52424.9092183338 129.938326365519 66430.125 40.5
361280 671.43926921372 -12738.7285451747 -12067.289275961 52549.8016346056 51953.8011319246 53020.073073046 52675.5306988463 306.709870764002 66430.125 40.5
361290 671.248502089538 -12738.7265797112 -12067.4780776217 52446.1551589653 51682.359583168 53209.8241943734 52446.2816993545 366.925952052488 66430.125 40.5
361300 680.207331046597 -12747.8642102775 -12067.6568792309 52179.34550592 51538.4750743602 52710.8386842729 52288.7227591269 424.426286486988 66430.125 40.5
361310 684.310496990339 -12752.2653974179 -12067.9549004276 52020.8548503787 51754.5815689302 51909.3263529508 52398.6566292551 538.764041314214 66430.125 40.5
361320 682.59300280106 -12751.0355664892 -12068.4425636881 52040.1381897223 52139.6181318732 51461.0742753174 52519.7221619765 575.417790795832 66430.125 40.5
361330 680.810630123386 -12749.8997588222 -12069.0891286989 52186.24857816 52393.0380744824 51464.3120809892 52701.3955790084 558.166101624858 66430.125 40.5
361340 678.533109827201 -12748.3740527134 -12069.8409428862 52422.8101357646 52361.809180756 51832.9944536247 53073.6267729132 414.992360408913 66430.125 40.5
361350 675.528540187047 -12746.1719262397 -12070.6433860526 52469.5465447109 51859.5121005524 52023.340046622 53525.7874869583 109.528879934984 66430.125 40.5
361360 675.611926600211 -12747.0647004068 -12071.4527738066 52301.7370688158 51478.2463893417 51912.265286388 53514.6995307177 -63.1548654153066 66430.125 40.5
361370 679.557700363856 -12751.8443687833 -12072.2866684195 52082.2881898578 51521.7372835031 51640.9200934652 53084.207192605 47.1246182328899 66430.125 40.5
361380 681.57082053579 -12754.7786544088 -12073.207833873 52013.4079257769 51771.6832714689 51530.1579973919 52738.3825084697 358.493536343631 66430.125 40.5
361390 679.623537450418 -12753.8650014622 -12074.2414640118 52041.7255892849 52017.088974558 51794.1012921594 52313.9865011373 414.56982830435 66430.125 40.5
361400 678.756171525706 -12754.1193761366 -12075.3632046109 52130.5812740972 52122.7918268262 52458.4416438166 51810.5103516486 319.560734785011 66430.125 40.5
361410 677.871480050474 -12754.4217726399 -12076.5502925895 52093.6774413922 52324.0513731236 52695.8509336996 51261.1300173534 285.766788591213 66430.125 40.5
361420 673.831003584943 -12751.5843984037 -12077.7533948188 51892.7229982934 52344.197354084 52511.7263578594 50822.2452829369 320.683921824105 66430.125 40.5
361430 674.75335315914 -12753.6866531655 -12078.9333000064 51756.9142488789 52430.5503331823 51961.2354781901 50878.9569352642 446.381844965406 66430.125 40.5
361440 677.53211533901 -12757.6331145238 -12080.1009991848 51612.7357862225 52552.0253638639 51055.6970689246 51230.4849258789 521.62389882948 66430.125 40.5
361450 674.686530511326 -12755.9684308664 -12081.2819003551 51532.1414944175 52769.8891087535 50219.1668877212 51607.3684867779 463.190623860168 66430.125 40.5
361460 670.909240540122 -12753.3306534037 -12082.4214128636 51385.4439995164 52753.1510999612 49660.7603696507 51742.4205289373 383.457170294319 66430.125 40.5
361470 674.406375325747 -12757.8955027813 -12083.4891274555 51264.6319592318 52526.2045636613 49566.5039023291 51701.1874117052 351.594749149285 66430.125 40.5
361480 677.73987121379 -12762.270875313 -12084.5310040992 51258.8230338551 52294.8015777617 49907.8253858309 51573.8421379726 225.546015224636 66430.125 40.5
361490 676.760248378323 -12762.360143352 -12085.5998949737 51303.6940491157 51925.6885600748 50506.2556709224 51479.1379163499 -12.9866453668774 66430.125 40.5
361500 674.666383304692 -12761.3485071302 -12086.6821238255 51311.8425136357 51668.6835000886 51123.0867567279 51143.7572840905 -259.782707646432 66430.125 40.5
361510 673.173378768995 -12760.9068872278 -12087.7335084588 51239.3565463794 51292.7452918294 51699.9907896542 50725.3335576547 -440.403218018118 66430.125 40.5
361520 672.739195022771 -12761.4688108391 -12088.7296158164 51023.4155900929 50897.519974403 51756.4759526998 50416.2508431758 -337.053372540981 66430.125 40.5
361530 672.728604050818 -12762.3875412902 -12089.6589372394 50952.6638394293 50854.9860266026 51683.2812612758 50319.7242304093 -56.5189595162847 66430.125 40.5
361540 674.759597784486 -12765.2942815341 -12090.5346837496 50907.702604 51137.6151519562 51433.9281479009 50151.5645121429 253.465792730581 66430.125 40.5
361550 677.323967469808 -12768.7233539632 -12091.3993864934 50751.958291199 51237.6082874243 50911.9192220697 50106.347364103 454.308651267164 66430.125 40.5
361560 676.319675420889 -12768.6082781046 -12092.2886026837 50696.3166229582 51015.5000155962 50712.6823050021 50360.7675482764 317.73575712669 66430.125 40.5
361570 671.666787697879 -12764.8377408506 -12093.1709531527 50888.8720637079 50835.7409356532 51011.7325846114 50819.142670859 -39.6559201601353 66430.125 40.5
361580 667.991077926523 -12761.959660481 -12093.9685825544 50935.2126396078 50792.4857050869 50958.0318338331 51055.1203799034 -376.87708659169 66430.125 40.5
361590 667.141640205439 -12761.7636095029 -12094.6219692974 50955.3869825831 51085.5412972439 50872.2689129975 50908.3507375078 -391.154443466952 66430.125 40.5
361600 668.642063074486 -12763.7714246719 -12095.1293615974 50878.3538425221 51164.4829309781 50887.7514384547 50582.8271581335 -232.411365541172 66430.125 40.5
361610 670.242461523427 -12765.7749653674 -12095.532503844 50787.9333207477 50870.249483014 50923.5326926569 50570.0177865721 -80.5717820000847 66430.125 40.5
361620 667.240394041979 -12763.0909662708 -12095.8505722289 50890.9809701911 50615.3432239346 51061.504295502 50996.0953911366 -205.621923038945 66430.125 40.5
361630 663.007850427553 -12759.0523313806 -12096.0444809531 50909.3306179475 50407.0992191197 51018.010112453 51302.8825222699 -458.942694933102 66430.125 40.5
361640 664.181511831773 -12760.2484915271 -12096.0669796953 51020.1883216511 50760.9262749348 50750.2168916082 51549.4217984103 -458.379917212829 66430.125 40.5
361650 668.452555205152 -12764.4013005969 -12095.9487453918 51063.5287424093 51175.8826629199 50486.8401322775 51527.8634320304 57.3981455033142 66430.125 40.5
361660 669.764297814139 -12765.5260084501 -12095.761710636 50942.4343479103 51274.6463159089 50258.520703304 51294.1360245179 525.144508917281 66430.125 40.5
361670 669.576394018398 -12765.1207994882 -12095.5444054698 50767.5835262985 51184.9745204133 50226.5367212409 50891.2393372415 536.860899203949 66430.125 40.5
361680 671.550478736754 -12766.8553736708 -12095.304894934 50644.6318450687 51121.9357575639 50291.7655318187 50520.1942458234 284.091926445623 66430.125 40.5
361690 674.284431384414 -12769.3697921923 -12095.0853608079 50562.8703382168 51016.7085252622 50419.773980509 50252.1285088792 59.826180677507 66430.125 40.5
361700 669.707406918374 -12764.6118008352 -12094.9043939168 50733.1564274878 50976.7862759633 50950.1449196057 50272.5380868942 -28.8235997222227 66430.125 40.5
361710 661.673361028847 -12756.358132541 -12094.6847715121 51217.6015800035 51450.8263077782 51748.7864625339 50453.1919696984 4.76104644836374 66430.125 40.5
361720 661.496694706288 -12755.8032636631 -12094.3065689568 51462.7730181791 51861.5302040261 51977.6459717618 50549.1428787492 251.60542499517 66430.125 40.5
361730 671.731476223386 -12765.5152755298 -12093.7837993064 51256.964685049 51601.9642789354 51473.2637684989 50695.6660077125 407.114972991422 66430.125 40.5
361740 680.701646296844 -12773.9939034127 -12093.2922571158 50944.4943530024 51053.1796342321 50918.627914121 50861.6755106542 297.010243526535 66430.125 40.5
361750 676.32951152261 -12769.3012436243 -12092.9717321017 51047.923524366 51049.0342964638 50993.3733921491 51101.362884485 24.0218126171992 66430.125 40.5
361760 665.677833349254 -12758.4262615446 -12092.7484281954 51430.9879660525 51486.4727682814 51551.7246610261 51254.7664688501 -237.302665364542 66430.125 40.5
361770 662.569413331966 -12755.0196157588 -12092.4502024269 51574.674014488 51779.0678529294 51921.0741396041 51023.8800509306 -197.581689978625 66430.125 40.5
361780 666.648393879003 -12758.6649713648 -12092.0165774858 51463.873991848 51849.6461777093 51761.477517864 50780.4982799707 -122.323252463927 66430.125 40.5
361790 669.594295352025 -12761.10664582 -12091.512350468 51402.582652262 52031.7772189412 51364.8466507657 50811.1240870791 -179.406773118847 66430.125 40.5
361800 668.364389554825 -12759.3625373292 -12090.9981477744 51532.0481177322 52255.1780745475 51400.0708079958 50940.8954706532 -264.17681211758 66430.125 40.5
361810 666.362107367563 -12756.8290855716 -12090.466978204 51709.4887404035 52121.6282432029 52152.8069528035 50854.0310252041 -263.820199884684 66430.125 40.5
361820 666.209196814184 -12756.0971710822 -12089.887974268 51706.6450703672 51589.9973809536 52833.3843383468 50696.5534918013 -162.432966166485 66430.125 40.5
361830 669.218784969367 -12758.4894527071 -12089.2706677378 51422.9472500051 50835.2469180365 52680.909714434 50752.6851175449 -325.538719072031 66430.125 40.5
361840 672.74016299571 -12761.4111301386 -12088.6709671429 51156.1916648979 50189.6951927892 52233.8660905579 51045.0137113464 -711.348693346378 66430.125 40.5
361850 673.988720883523 -12762.1386050294 -12088.1498841458 51008.2624315263 49919.8997520891 51561.7406838481 51543.1468586416 -968.075412455609 66430.125 40.5
361860 674.185711229966 -12761.9180103794 -12087.7322991494 51241.2345315377 50347.0653664667 51148.3012206426 52228.3370075037 -1066.01468627609 66430.125 40.5
361870 672.902061056188 -12760.3120924024 -12087.4100313462 51596.7686903278 51176.6160297876 51040.5490320882 52573.1410091075 -1118.43616207278 66430.125 40.5
361880 668.267433792864 -12755.4075737262 -12087.1401399334 51820.7175919139 51933.8844874128 51039.9091144435 52488.3591738854 -961.57137742873 66430.125 40.5
361890 664.008662841607 -12750.8462655557 -12086.8376027141 51831.1398810478 52339.990249405 50921.4868872936 52231.9425064449 -681.473217733153 66430.125 40.5
361900 666.174497010135 -12752.6199001818 -12086.4454031717 51686.8009766198 52206.6049336989 50881.1602945555 51972.6377016051 -449.582715560399 66430.125 40.5
361910 673.587177141756 -12759.5957108914 -12086.0085337497 51339.4032941447 51412.2991692106 50956.2090182656 51649.7016949578 -345.767397086923 66430.125 40.5
361920 681.715797426437 -12767.3755744429 -12085.6597770165 50985.8513451728 50524.7156027988 51145.3619192368 51287.4765134827 -393.163162148015 66430.125 40.5
361930 684.180652929515 -12769.7165324929 -12085.5358795634 51016.4785322836 50215.1150297209 51653.8445283053 51180.4760388247 -495.653031892792 66430.125 40.5
361940 675.325243101683 -12760.9497247867 -12085.624481685 51371.0734350456 50457.9429961338 52181.5225271575 51473.7547818454 -565.122745683667 66430.125 40.5
361950 666.943862689784 -12752.7066898334 -12085.7628271436 51446.9103874429 50639.7579322578 52129.4693156031 51571.5039144677 -442.277491942345 66430.125 40.5
361960 670.082568856295 -12755.9027738818 -12085.8202050255 51372.8021777294 50974.3478101531 51736.6579137737 51407.4008092613 -273.615444136435 66430.125 40.5
361970 678.541894735108 -12764.3962737042 -12085.8543789691 51253.6558806492 51001.3540743173 51385.065599779 51374.5479678514 19.2104692268325 66430.125 40.5
361980 677.756665004293 -12763.7416093629 -12085.9849443586 51495.1798006574 51202.1447760826 51516.9787796423 51766.4158462474 151.962409678909 66430.125 40.5
361990 669.101217092588 -12755.2904090773 -12086.1891919847 51813.6238932007 51549.9020889662 51756.8196459292 52134.1499447067 -129.306968921047 66430.125 40.5
362000 666.297959999565 -12752.6387173049 -12086.3407573053 51926.0097394339 51907.2397040426 51830.6624291064 52040.1270851527 -625.975297159156 66430.125 40.5
362010 670.007931367022 -12756.3955138904 -12086.3875825233 51685.835734444 51927.1849266984 51551.8479843397 51578.4742922939 -824.882480933818 66430.125 40.5
362020 674.022322797148 -12760.4133197232 -12086.3909969261 51404.2217342945 51621.6936716994 51522.914876195 51068.0566549891 -581.625477122526 66430.125 40.5
362030 676.060338659581 -12762.4914771967 -12086.4311385372 51153.4432853856 51280.4652921453 51542.7784977442 50637.0860662673 -210.220461801821 66430.125 40.5
362040 675.375930515542 -12761.9197020147 -12086.5437714991 51106.8598337361 51369.5864303507 51604.3029216341 50346.6901492235 -58.2906859160245 66430.125 40.5
362050 673.040837386891 -12759.7577077406 -12086.7168703537 51101.2494211292 51607.7951545867 51567.3917138129 50128.561394988 -78.9197241769563 66430.125 40.5
362060 670.184413140009 -12757.0841687338 -12086.8997555938 51203.4227861902 51686.6932137451 51690.4304235438 50233.1447212817 -160.586211445009 66430.125 40.5
362070 671.268416659701 -12758.3193810638 -12087.0509644041 51242.8574948287 51349.8960575182 51900.8342914756 50477.8421354925 -516.711244607211 66430.125 40.5
362080 678.42764553499 -12765.6330126563 -12087.2053671213 50960.6836434316 50635.6777569568 51635.3586578686 50611.0145154695 -692.602873790318 66430.125 40.5
362090 683.750076029242 -12771.2401492362 -12087.490073207 50755.8219304191 50084.4744103208 51209.1769362657 50973.8144446708 -396.22497475612 66430.125 40.5
362100 679.431743195077 -12767.417975879 -12087.986232684 50893.766416666 50276.6047881615 50859.8775881196 51544.8168737168 37.2062709950011 66430.125 40.5
362110 673.789600377033 -12762.4253230512 -12088.6357226742 51159.6259027534 51000.7418945914 50593.9942705661 51884.1415431029 390.460235415602 66430.125 40.5
362120 675.347926078823 -12764.7120953696 -12089.3641692908 50959.6132217609 51207.8357921568 50104.3559659435 51566.6479071825 651.723788625566 66430.125 40.5
362130 678.095798664698 -12768.2843917114 -12090.1885930467 50736.9554171998 50978.024749813 49961.3322291219 51271.5092726643 749.362861326716 66430.125 40.5
362140 677.334722052148 -12768.5056602836 -12091.1709382315 50786.7505246256 50883.190615676 50386.1954006914 51090.8655575094 813.833901062085 66430.125 40.5
362150 674.025542695578 -12766.3404882416 -12092.3149455461 51085.3113332392 51096.9471081863 50906.1930457943 51252.793845737 738.313641183482 66430.125 40.5
362160 668.175147148672 -12761.7459828256 -12093.5708356769 51415.270964414 51471.7337294553 51290.1904892007 51483.888674586 741.47341820411 66430.125 40.5
362170 659.270058236663 -12754.0856160572 -12094.8155578205 51687.7766516721 51876.0546565981 51543.7314595277 51643.5438388905 573.945600140117 66430.125 40.5
362180 657.547371540358 -12753.4688540028 -12095.9214824625 51772.5443700084 51842.8710310091 51649.1848970861 51825.57718193 202.128521637132 66430.125 40.5
362190 665.961960370994 -12762.8431672997 -12096.8812069287 51369.8102001211 51333.6291948554 51276.653992773 51499.1474127348 -132.227669604696 66430.125 40.5
362200 673.907344984539 -12771.7530189351 -12097.8456739506 51008.5993838119 51210.4365613519 50817.5312795738 50997.83031051 -114.281417707849 66430.125 40.5
362210 672.533105580794 -12771.5119468859 -12098.9788413051 50936.7287443521 51480.2075646811 50633.3157492765 50696.6629190988 192.781239214547 66430.125 40.5
362220 665.040201369566 -12765.3434182464 -12100.3032168768 50977.2813717889 51571.7496630284 50791.8446626225 50568.2497897158 388.620093170849 66430.125 40.5
362230 659.593579768338 -12761.3326483662 -12101.7390685979 51069.9901068024 51334.2999150165 51315.0980925389 50560.5723128516 206.610924112327 66430.125 40.5
362240 657.657706607111 -12760.871862931 -12103.2141563239 51124.6078546073 51152.9460262554 51706.1791165645 50514.698421002 -243.234237581826 66430.125 40.5
362250 658.873109100435 -12763.5825786322 -12104.7094695317 50919.4914412308 50905.6471950106 51445.1327582314 50407.6943704505 -793.866911660931 66430.125 40.5
362260 663.236888463178 -12769.5082389293 -12106.2713504661 50658.6095628435 50633.6380702621 50811.6312065653 50530.5594117032 -1340.85953101201 66430.125 40.5
362270 665.511683056471 -12773.495320177 -12107.9836371206 50652.8655219179 50642.3048551236 50610.7340680081 50705.5576426221 -1503.77220599435 66430.125 40.5
362280 660.87419643894 -12770.7403040988 -12109.8661076599 50616.1400543415 50339.4222694743 50755.6568723663 50753.3410211838 -1501.86048860621 66430.125 40.5
362290 655.27967187605 -12767.0955771116 -12111.8159052355 50781.4230855854 50224.823724149 51484.3611100005 50635.0844226068 -1449.0148827906 66430.125 40.5
362300 654.825678120739 -12768.5276500492 -12113.7019719285 50802.9163554592 50296.3844638004 51825.1623970971 50287.2022054802 -1475.66821935253 66430.125 40.5
362310 656.357372315109 -12771.8119450656 -12115.4545727505 50627.8444357533 50336.1558486944 51471.583766952 50075.7936916135 -1604.60467012503 66430.125 40.5
362320 658.254483702632 -12775.3071362419 -12117.0526525393 50298.2992936883 50204.9640794875 50800.2348557513 49889.6989458262 -1615.13620531974 66430.125 40.5
362330 661.974038187185 -12780.4839484143 -12118.5099102271 49808.7981066285 50012.555871399 49905.5855887041 49508.2528597825 -1141.31129058844 66430.125 40.5
362340 666.685743518044 -12786.5616488844 -12119.8759053663 49376.3575017279 49949.2602659779 49192.4758957643 48987.3363434417 -435.384225207092 66430.125 40.5
362350 667.952912702996 -12789.1734837314 -12121.2205710284 49316.9185023838 49910.6353923445 49191.6151045827 48848.5050102242 -14.5750710154332 66430.125 40.5
362360 661.522261948068 -12784.0514106976 -12122.5291487495 49737.7419046736 50091.2398069546 49983.9409028379 49138.0450042282 -92.3448550603572 66430.125 40.5
362370 653.783541563183 -12777.4629867232 -12123.6794451601 50127.6843519023 50073.046610728 50806.7084266824 49503.2980182965 -367.787067412788 66430.125 40.5
362380 651.157020460802 -12775.6851231475 -12124.5281026867 50075.0034674616 49788.5249043491 50837.3440884353 49599.1414096004 -441.261958526559 66430.125 40.5
362390 653.786133042028 -12778.8042995763 -12125.0181665343 49710.4881657691 49491.4429489378 50108.1214697989 49531.9000785704 -427.910718298901 66430.125 40.5
362400 657.431588975255 -12782.6056497887 -12125.1740608134 49401.4615524215 49424.2305381484 49366.7515645398 49413.4025545765 -266.447110701209 66430.125 40.5
362410 658.825486073513 -12783.8653239174 -12125.0398378438 49429.5515738277 49458.9716882449 49290.0254765187 49539.6575567196 63.8912922856366 66430.125 40.5
362420 657.858040001984 -12782.4779708854 -12124.6199308834 49595.8637325828 49556.9439768276 49553.250041145 49677.3971797756 301.728163533977 66430.125 40.5
362430 657.635684804675 -12781.5149187447 -12123.87923394 49678.5636663137 49700.2625022747 49709.9626625086 49625.4658341577 -40.190154992875 66430.125 40.5
362440 659.158987849372 -12781.939650917 -12122.7806630676 49611.448860129 49639.8837619378 49702.336046268 49492.1267721812 -569.926845757736 66430.125 40.5
362450 659.539013830728 -12780.849764891 -12121.3107510603 49700.3865483229 49763.1647353833 49748.8666187474 49589.1282908382 -1043.72935348509 66430.125 40.5
362460 657.640463872995 -12777.0932633388 -12119.4527994658 49787.1852801804 50171.8097368412 49451.0937939188 49738.6523097812 -1000.13365288736 66430.125 40.5
362470 657.376983827537 -12774.5564043777 -12117.1794205502 50028.7513936274 50931.9799114411 49208.9654666749 49945.3088027661 -432.603138751729 66430.125 40.5
362480 661.014679709695 -12775.5347273855 -12114.5200476758 50173.0251887876 51265.8216756957 49177.9189705616 50075.3349201054 296.57160045116 66430.125 40.5
362490 664.090159682336 -12775.7010165734 -12111.6108568911 50345.6731112038 50925.6459490564 49872.7005579007 50238.6728266543 622.07961047465 66430.125 40.5
362500 665.686062773 -12774.3412656848 -12108.6552029118 50422.7430789883 50267.4430747878 50608.6784651915 50392.1076969854 464.586318063584 66430.125 40.5
362510 668.077615726952 -12773.9175690071 -12105.8399532801 50535.9711362885 50024.464188289 50969.3878363323 50614.0613842443 151.427346196811 66430.125 40.5
362520 668.474166512365 -12771.7874449928 -12103.3132784804 50761.6353549119 50581.8745944649 51018.2202193323 50684.8112509385 50.9574161401624 66430.125 40.5
362530 661.407516066082 -12762.5198400298 -12101.1123239637 50939.9214855592 51335.0572364405 51125.009897505 50359.6973227319 189.211308666534 66430.125 40.5
362540 657.242613506543 -12756.3819929615 -12099.139379455 51064.7047658357 51611.9969082788 51305.1237320648 50276.9936571636 270.448765527531 66430.125 40.5
362550 665.212802737373 -12762.5196350107 -12097.3068322734 50909.1800012803 51149.491981637 51260.4237440889 50317.624278115 187.798389281205 66430.125 40.5
362560 675.136101444378 -12770.8157594675 -12095.6796580231 50654.9028653516 50751.8017193713 50839.7359836193 50373.1708930643 44.4720919058648 66430.125 40.5
362570 677.174852976229 -12771.5471306496 -12094.3722776733 50710.5833603009 51049.4218588359 50429.6344787577 50652.693743309 25.9392240062939 66430.125 40.5
362580 672.024803969407 -12765.384927139 -12093.3601231696 51012.0587909716 51673.6986217246 50185.9989481436 51176.4788030467 8.51162302863314 66430.125 40.5
362590 666.76090252068 -12759.2506372827 -12092.489734762 51393.2003594019 51994.8634079654 50522.505058102 51662.2326121384 178.247471483411 66430.125 40.5
362600 671.122359725718 -12762.7731715416 -12091.6508118159 51283.6075288474 51611.1555697552 50797.4051428169 51442.2618739701 291.898238562574 66430.125 40.5
362610 679.318626702508 -12770.1963659632 -12090.8777392607 50987.2183771606 51255.0470417695 50927.6412082057 50778.9668815068 199.86526563884 66430.125 40.5
362620 679.378422445643 -12769.6570575153 -12090.2786350697 50880.4248755313 51538.9272523866 50837.2622595755 50265.0851146317 164.841122501593 66430.125 40.5
362630 672.038406833145 -12761.8825987824 -12089.8441919492 51115.7599321847 52069.2881915454 50806.9553646487 50471.0362403598 88.8494444241863 66430.125 40.5
362640 666.82539636877 -12756.2669584507 -12089.4415620819 51428.4273288026 52153.316054518 51160.4464718009 50971.519460089 6.47439327432359 66430.125 40.5
362650 668.238823379832 -12757.2021064411 -12088.9632830612 51433.8456569422 51522.3788024308 51446.0974755381 51333.0606928578 -96.8426125329118 66430.125 40.5
362660 675.274277969499 -12763.704629436 -12088.4303514665 51061.0251518928 50499.105169821 51399.9457822823 51284.024503575 -195.513072595851 66430.125 40.5
362670 680.477796432817 -12768.4392980699 -12087.9615016371 50811.3795723287 49946.454808858 51205.5642809359 51282.1196271921 -58.8578869306554 66430.125 40.5
362680 676.409541425749 -12764.0414665213 -12087.6319250955 50992.6659132727 50194.2054127113 51230.5556780929 51553.2366490138 -47.1266600986292 66430.125 40.5
362690 671.667686353326 -12759.0595746094 -12087.3918882561 51263.4024501588 50704.4727545828 51289.4883275988 51796.2462682948 -114.990881953569 66430.125 40.5
362700 673.250908144943 -12760.420284736 -12087.169376591 51397.7560940341 51017.9951977984 51552.4327938149 51622.8402904891 -270.685412239754 66430.125 40.5
362710 672.398922484081 -12759.348565942 -12086.9496434579 51462.2336562718 51213.4515473275 51828.7837611524 51344.4656603354 -315.562540698873 66430.125 40.5
362720 670.954574787769 -12757.6823733801 -12086.7277985924 51375.2243013389 51175.8942404683 51792.6050572386 51157.1736063099 -173.534369331974 66430.125 40.5
362730 674.978451468744 -12761.4746392154 -12086.4961877467 51237.0615723473 51162.9083686446 51546.0913770001 51002.1849713972 -175.077436572989 66430.125 40.5
362740 677.777369978176 -12764.0864319175 -12086.3090619393 51274.9944965685 51256.3039184758 51624.0909775518 50944.5885936778 -101.639615643116 66430.125 40.5
362750 673.771949182003 -12759.9847353501 -12086.2127861681 51667.0760926 51367.6953876008 52238.525687593 51395.0072026063 -132.44971761227 66430.125 40.5
362760 666.520353601823 -12752.6595534723 -12086.1391998705 51829.8447851928 51184.539640758 52727.6720875822 51577.3226272382 -189.830559572948 66430.125 40.5
362770 664.263342530374 -12750.2269194879 -12085.9635769576 51649.476808153 50917.9728321619 52499.6316717491 51530.8259205479 -334.701244815624 66430.125 40.5
362780 668.487086074887 -12754.1206258964 -12085.6335398215 51324.9218592216 50817.9108421656 51851.9496404284 51304.9050950709 -597.829113692371 66430.125 40.5
362790 672.21485712346 -12757.4049730717 -12085.1901159482 51305.6259458895 51079.3295314 51751.2849681932 51086.2633380753 -645.28986207225 66430.125 40.5
362800 673.970954847102 -12758.6763908824 -12084.7054360353 51358.8328804868 51260.291726463 51847.0202724986 50969.186642499 -674.69639370896 66430.125 40.5
362810 673.664764556829 -12757.874044905 -12084.2092803482 51699.397725853 51539.3960662865 52156.3655033048 51402.4316079675 -770.115148490717 66430.125 40.5
362820 671.038667054315 -12754.7304434649 -12083.6917764106 51976.5997808617 51815.1215462473 52350.6441783837 51764.0336179541 -692.494301701084 66430.125 40.5
362830 668.471877702288 -12751.5682416842 -12083.0963639819 52001.103070912 52051.6409716662 52283.6421612288 51668.0260798411 -555.040553477051 66430.125 40.5
362840 670.195083030062 -12752.5663096884 -12082.3712266583 51790.3567675204 52067.6796624388 52004.4711754099 51298.9194647125 -267.751279257938 66430.125 40.5
362850 674.014835483173 -12755.5343352494 -12081.5194997662 51571.7513204488 51947.2855996368 51720.6129130062 51047.3554487033 190.738000431828 66430.125 40.5
362860 675.070121294311 -12755.6654541127 -12080.5953328184 51490.5972418627 51829.2352437496 51482.4617237745 51160.094758064 513.715764131035 66430.125 40.5
362870 671.972325653545 -12751.5770679302 -12079.6047422767 51644.4342298207 51934.8997526408 51366.1703988938 51632.2325379276 557.011767185838 66430.125 40.5
362880 674.255196095903 -12752.7709228227 -12078.5157267268 51571.129024881 51933.037007379 50992.0323379591 51788.3177293051 347.686654923991 66430.125 40.5
362890 680.179319110231 -12757.5277319379 -12077.3484128277 51520.3731501499 51944.9941492651 50799.7669244037 51816.358376781 -44.443375148449 66430.125 40.5
362900 679.395577195727 -12755.5863634314 -12076.1907862357 51703.6625295616 52304.7383416826 50885.4791304283 51920.770116574 -274.720662352491 66430.125 40.5
362910 674.726903474958 -12749.7834020077 -12075.0564985327 51936.8039632978 52393.2332048739 51529.3089187596 51887.8697662597 -209.187194600996 66430.125 40.5
362920 676.504185142945 -12750.3916267869 -12073.8874416439 51868.6994317136 52080.4832361302 52060.6319296035 51464.9831294071 -18.6820604225944 66430.125 40.5
362930 681.612017205724 -12754.3080694338 -12072.6960522281 51640.1445856114 51580.7748947508 52122.7120728183 51216.946789265 160.967606194429 66430.125 40.5
362940 682.226017031952 -12753.7849570621 -12071.5589400302 51695.9592275649 51606.9851414207 51976.2018027175 51504.6907385565 309.725382124534 66430.125 40.5
362950 686.020007416311 -12756.5653775317 -12070.5453701153 51812.1365703594 51741.0041456643 51658.521492652 52036.8840727621 307.840326344011 66430.125 40.5
362960 691.686030854433 -12761.4219781451 -12069.7359472907 51625.0766342958 51492.9851668673 51490.8712615172 51891.373474503 248.769019687044 66430.125 40.5
362970 690.562111230548 -12759.8063201636 -12069.244208933 51585.6027591334 51412.2876053526 51794.7081530773 51549.8125189704 294.698396424535 66430.125 40.5
362980 686.726772444967 -12755.8294226684 -12069.1026502235 51820.2178128861 51700.9978268566 52099.7219981383 51659.9336136635 291.043908389364 66430.125 40.5
362990 684.561927304928 -12753.835347372 -12069.2734200671 51953.4594927951 52006.1148579364 51937.3351026471 51916.9285178017 302.121215052669 66430.125 40.5
363000 681.376556350679 -12751.1056590231 -12069.7291026725 52111.1764445299 52470.4650816468 51679.3316992015 52183.7325527415 42.3835772587923 66430.125 40.5
363010 677.496043821156 -12747.9292325945 -12070.4331887734 52244.0009100509 52920.5654672722 51527.2739361998 52284.1633266808 -230.9279705539 66430.125 40.5
363020 675.78843331895 -12747.1303111795 -12071.3418778605 52222.1324592444 52931.0651676765 51496.8766423296 52238.4555677271 -413.028396681158 66430.125 40.5
363030 677.306002273172 -12749.752665548 -12072.4466632748 52018.4726186097 52418.7819598116 51715.2626599836 51921.3732360338 -606.000450910525 66430.125 40.5
363040 680.445983059299 -12754.2477808548 -12073.8017977955 51843.009500911 51862.1035108578 52100.7303376788 51566.1946541966 -679.774635265718 66430.125 40.5
363050 679.608912132034 -12755.0824498846 -12075.4735377526 51816.0087467702 51553.4917383184 52398.1942215945 51496.3402803976 -521.894884770762 66430.125 40.5
363060 674.197820804284 -12751.6258443733 -12077.428023569 51828.3416434435 51643.6878503343 52314.9554407026 51526.3816392935 -235.126641727816 66430.125 40.5
363070 674.051343164379 -12753.6265561905 -12079.5752130261 51713.1719472918 51684.6267174516 52070.5765687974 51384.3125556263 -116.598392037137 66430.125 40.5
363080 678.255963703857 -12760.1450233955 -12081.8890596916 51578.9263382977 51467.1283590331 51946.9368652241 51322.7137906359 -233.484312275664 66430.125 40.5
363090 676.242838420596 -12760.6032742005 -12084.3604357799 51613.2127423915 51196.6948225235 52151.0632602422 51491.880144409 -370.435019353437 66430.125 40.5
363100 667.598547646843 -12754.4450466194 -12086.8464989725 51836.7825656476 51215.9792694083 52423.0571880986 51871.311239436 -191.717184075451 66430.125 40.5
363110 663.12265098617 -12752.2572862712 -12089.1346352851 51840.7986970318 51357.8557802615 52344.8209342166 51819.7193766172 47.8449339845841 66430.125 40.5
363120 666.090921432409 -12757.2188511082 -12091.1279296758 51690.3274573823 51475.933822549 51999.4243983483 51595.6241512496 285.96982908061 66430.125 40.5
363130 667.826409739315 -12760.682368455 -12092.8559587157 51533.9352770199 51309.537893415 51756.0970662712 51536.1708713733 139.632805200985 66430.125 40.5
363140 663.713849793655 -12758.044630275 -12094.3307804813 51447.332620491 51201.8660749647 51669.1371747503 51470.994611758 -125.358739434423 66430.125 40.5
363150 659.973615805325 -12755.4786413914 -12095.5050255861 51261.5952113225 51028.342778297 51605.2369449211 51151.2059107493 -204.998952409543 66430.125 40.5
363160 663.306958076883 -12759.6646487631 -12096.3576906862 50806.566036199 50474.4835473718 51484.8517615122 50460.362799713 -141.576741492823 66430.125 40.5
363170 674.507945656527 -12771.5079440701 -12096.9999984136 50185.7024577613 49744.1824013113 50804.3589670812 50008.5660048914 108.385928029821 66430.125 40.5
363180 684.64105148083 -12782.2902608203 -12097.6492093395 49821.1036055964 49500.3205804752 50109.8782442094 49853.1119921046 518.942978995146 66430.125 40.5
363190 685.697801802784 -12784.1772493117 -12098.4794475089 49659.7772602143 49464.9643377551 49901.8326820429 49612.534760845 784.144646498528 66430.125 40.5
363200 680.878210027783 -12780.384145384 -12099.5059353562 49740.7956953522 49458.3587877636 50316.4844411603 49447.5438571327 840.397806157076 66430.125 40.5
363210 675.572730162449 -12776.2040585374 -12100.631328375 49959.9632957677 49570.5901875677 50739.9754598043 49569.3242399312 578.861001889569 66430.125 40.5
363220 668.959369034258 -12770.6975931685 -12101.7382241342 50390.53214116 50157.7562848899 51063.806865692 49950.0332728983 41.6015056387097 66430.125 40.5
363230 660.931000611076 -12763.6176761575 -12102.6866755464 50744.9985397814 50728.6096577195 51282.5559589777 50223.830002647 -180.660377958748 66430.125 40.5
363240 659.656222363154 -12763.0341331393 -12103.3779107761 50862.8592632468 50949.1325538191 51200.2120806446 50439.2331552766 91.586248543552 66430.125 40.5
363250 661.059781364391 -12764.860438784 -12103.8006574196 50942.7921055631 51048.6416581495 50980.8696036202 50798.8650549195 506.561663840922 66430.125 40.5
363260 656.572003190923 -12760.5404249672 -12103.9684217762 51094.0247416449 50791.1754650641 51241.5715239103 51249.3272359602 550.391458424605 66430.125 40.5
363270 650.413707715584 -12754.2472963581 -12103.8335886425 51385.3664078073 50515.2623680239 51839.3710266455 51801.4658287525 542.185069569769 66430.125 40.5
363280 646.893993594868 -12750.1926100902 -12103.2986164954 51588.207568854 50520.7551627509 52281.7230786268 51962.1444651843 316.556124274997 66430.125 40.5
363290 651.550515354414 -12753.8748739375 -12102.3243585831 51493.5916893283 50843.5046504035 52237.8771800313 51399.3932375499 147.308750351099 66430.125 40.5
363300 663.492902926828 -12764.4971099402 -12101.0042070134 51053.9218584612 50994.8168455842 51687.3344303635 50479.6142994359 8.66086336366916 66430.125 40.5
363310 670.56097303527 -12770.0976356103 -12099.536662575 50733.4949804364 50970.5880846855 51153.8475750663 50076.0492815573 51.9687482497976 66430.125 40.5
363320 673.314361766493 -12771.4076989351 -12098.0933371686 50521.7124628986 50639.5512079267 50964.8324266526 49960.7537541165 42.8446735636344 66430.125 40.5
363330 678.642862147223 -12775.4161173157 -12096.7732551685 50387.9540244601 50330.2703693398 50832.4781346892 50001.1135693514 -204.25675072849 66430.125 40.5
363340 677.825072075463 -12773.4714862033 -12095.6464141279 50650.2375507456 50360.0889784132 50906.4511931863 50684.1724806372 -508.151651597336 66430.125 40.5
363350 671.620690676007 -12766.3170211843 -12094.6963305083 50855.1052084855 50288.2732171303 50815.5418260861 51461.5005822401 -566.614831950957 66430.125 40.5
363360 673.422393923916 -12767.2703250726 -12093.8479311487 50763.5454621086 50078.7411867924 50473.3581459468 51738.5370535867 -226.367757450619 66430.125 40.5
363370 675.364379000726 -12768.4545970278 -12093.0902180271 50613.1899804221 49836.4241815396 50181.4967347431 51821.6490249837 311.88149014994 66430.125 40.5
363380 670.256269465411 -12762.6924470941 -12092.4361776287 50955.5741702368 50194.9219592589 50601.6920616428 52070.1084898087 742.826371886333 66430.125 40.5
363390 666.239799587873 -12758.0595955112 -12091.8197959234 51281.8630288461 50895.9626395485 50990.7420550826 51958.8843919072 915.373832091952 66430.125 40.5
363400 664.736317349165 -12755.8878734779 -12091.1515561287 51380.4371816132 51462.5547441738 51133.0169308027 51545.739869863 835.363216981129 66430.125 40.5
363410 667.446059583159 -12757.8633314459 -12090.4172718627 51146.1045490691 51323.3587147071 51050.2105720633 51064.7443604369 643.732656765103 66430.125 40.5
363420 674.015384660838 -12763.6941063471 -12089.6787216863 51017.5348848073 51049.0878869212 51091.0188746218 50912.4978928791 253.362092796477 66430.125 40.5
363430 676.754701975762 -12765.7954255002 -12089.0407235244 51002.7562081069 50920.5522718343 51173.6917324714 50914.024620015 -220.270840599149 66430.125 40.5
363440 675.824515083851 -12764.370968436 -12088.5464533522 50983.3935800577 51085.4772424704 51086.4047150978 50778.2987826051 -485.479187670587 66430.125 40.5
363450 682.124363403577 -12770.3301383376 -12088.205774934 50730.0442571601 50792.809385002 50785.4741595883 50611.8492268901 -291.831454876252 66430.125 40.5
363460 690.053407878125 -12778.1694442436 -12088.1160363655 50445.6390738874 50066.8818505265 50625.5511698265 50644.4842013092 31.1319391186543 66430.125 40.5
363470 680.819584524648 -12769.1540652332 -12088.3344807085 50887.0531907056 49955.7155535297 51077.6175971369 51627.8264214501 340.250631359121 66430.125 40.5
363480 660.229708729441 -12748.882048637 -12088.6523399076 51704.8485391845 50408.4102108334 52034.1069127541 52672.028493966 423.294835173159 66430.125 40.5
363490 649.916953400487 -12738.6491840429 -12088.7322306425 52207.884273886 50973.6453298122 52518.625812848 53131.3816789979 335.315323550889 66430.125 40.5
363500 655.962296207544 -12744.3977266036 -12088.4354303961 52009.6793856973 51297.195114439 51959.8563252513 52771.9867174017 162.712900860886 66430.125 40.5
363510 670.020936214941 -12757.9127183985 -12087.8917821835 51388.0807746637 51386.6620064388 50931.9476710636 51845.6326464887 -146.326050361526 66430.125 40.5
363520 682.170738194433 -12769.5463684992 -12087.3756303047 50971.9422906527 51524.3964957736 50188.6950130773 51202.7353631072 -700.998217002486 66430.125 40.5
363530 683.306595563252 -12770.3965936242 -12087.0899980609 50863.1800021608 51477.4049712073 50014.3397013612 51097.795333914 -1211.59899465156 66430.125 40.5
363540 676.724788448986 -12763.7645381004 -12087.0397496514 51007.5583752548 51294.0887227721 50581.9261237257 51146.6602792666 -1027.95224895711 66430.125 40.5
363550 670.296171627351 -12757.3834606428 -12087.0872890154 51161.8504308913 50980.1866745489 51417.7223504562 51087.6422676688 -278.014438466979 66430.125 40.5
363560 668.128607381293 -12755.2330147274 -12087.1044073461 51301.7047365685 50931.1955804163 51836.3420875014 51137.5765417878 204.642594643429 66430.125 40.5
363570 670.935751289004 -12757.9960381488 -12087.0602868598 51351.4865241272 51052.4917485359 51638.7710324499 51363.1967913958 179.647161072436 66430.125 40.5
363580 672.843895680099 -12759.8423693625 -12086.9984736824 51384.455940277 51125.7654178385 51398.4276349776 51629.1747680147 -1.05909310740776 66430.125 40.5
363590 671.141891814071 -12758.0848947693 -12086.9430029552 51446.5488771314 51265.6689765363 51362.8591533731 51711.1185014848 -449.323977874192 66430.125 40.5
363600 673.196151824884 -12760.0853402002 -12086.8891883754 51458.431198512 51333.2684312846 51240.3847046733 51801.6404595782 -769.668195240991 66430.125 40.5
363610 678.651331922262 -12765.5276357287 -12086.8763038064 51146.1401323652 51124.9313843142 50588.0498646666 51725.4391481147 -707.625565490419 66430.125 40.5
363620 679.768149511255 -12766.7444176652 -12086.976268154 50848.2594111738 50985.5021249883 49787.8478044641 51771.4283040691 -241.252568500558 66430.125 40.5
363630 678.79169903629 -12766.0138720397 -12087.2221730034 50965.316383808 51032.442503046 49665.5816623781 52197.9249859998 193.703156766322 66430.125 40.5
363640 677.148214715251 -12764.7349254962 -12087.5867107809 51186.4288675765 51034.2877238718 50138.0794332029 52386.919445655 126.955436419568 66430.125 40.5
363650 674.897520969549 -12762.9276853793 -12088.0301644098 51303.5665463515 51213.0737541517 50667.9699062721 52029.6559786307 -286.967364845013 66430.125 40.5
363660 673.666105929769 -12762.1773257636 -12088.5112198339 51393.3266671899 51314.5827363595 50957.0826753399 51908.3145898702 -573.148126446928 66430.125 40.5
363670 675.135797540886 -12764.1489993997 -12089.0132018588 51245.2089472157 51029.4603543167 50918.3096659984 51787.8568213321 -627.20988365711 66430.125 40.5
363680 676.678527181122 -12766.2479247813 -12089.5693976001 51030.4780261916 50745.3949406797 50829.6725094754 51516.3666284196 -483.729350460222 66430.125 40.5
363690 671.232117361279 -12761.4088971187 -12090.1767797574 51042.6350865705 50783.1381547007 50854.4327823665 51490.3343226443 -212.18433745065 66430.125 40.5
363700 665.236514258552 -12755.9849363372 -12090.7484220787 51280.3944070742 51211.3498196065 50841.8003985103 51788.0330031057 26.8132667010028 66430.125 40.5
363710 665.728599006618 -12756.928201131 -12091.1996021244 51378.8534993879 51570.4412395761 50801.5718489948 51764.5474095928 158.098372358105 66430.125 40.5
363720 665.054299097456 -12756.572387207 -12091.5180881096 51415.1839033445 51831.6584857623 50950.0445055504 51463.8487187208 -198.359207963516 66430.125 40.5
363730 659.601798940654 -12751.2783840071 -12091.6765850665 51669.8001832238 52051.250478501 51423.5586994082 51534.5913717623 -663.15076489593 66430.125 40.5
363740 660.402506217062 -12752.0111486906 -12091.6086424735 51630.5097354606 51782.2054884154 51663.6596556573 51445.6640623091 -786.257718436648 66430.125 40.5
363750 670.65461094719 -12761.9912280208 -12091.3366170736 51216.2498615649 51321.7528124484 51329.0150974979 50997.9816747485 -651.284170379485 66430.125 40.5
363760 677.367088359177 -12768.3764659172 -12091.009377558 50953.2514568008 51196.9106820452 50912.8192434931 50750.0244448639 -319.494114826611 66430.125 40.5
363770 674.429805336906 -12765.174856882 -12090.7450515451 51054.305379017 51432.9527850784 50806.287097754 50923.6762542185 127.752545774937 66430.125 40.5
363780 671.902255784008 -12762.4219573912 -12090.5197016072 51069.8183896361 51613.3887449209 50842.4831162244 50753.5833077631 390.118047814075 66430.125 40.5
363790 674.409641292088 -12764.7045541254 -12090.2949128333 51035.9356987154 51923.9737626757 50793.8678515781 50389.9654818925 359.274634459075 66430.125 40.5
363800 671.783979207027 -12761.854110283 -12090.070131076 51097.1392621407 51873.459270738 50944.2463881944 50473.7121274899 355.385087987641 66430.125 40.5
363810 665.947797039009 -12755.747142054 -12089.799345015 51296.854131136 51435.3128058142 51322.8954269152 51132.3541606785 567.502594063096 66430.125 40.5
363820 663.953639357786 -12753.31247878 -12089.3588394222 51452.0848875853 51147.9517601137 51351.6207502545 51856.6821523876 920.688519850712 66430.125 40.5
363830 667.249723605508 -12755.8921550039 -12088.6424313984 51320.7443736533 51153.5084887725 50920.0273690062 51888.6972631812 1269.80326480878 66430.125 40.5
363840 674.851606060713 -12762.4828742869 -12087.6312682261 51223.4520489157 51625.3801491379 50545.8476618138 51499.1283357954 1184.33039913713 66430.125 40.5
363850 677.999897689033 -12764.3652466814 -12086.3653489924 51254.679892138 52127.5836440853 50627.8706730267 51008.5853593021 874.963150738999 66430.125 40.5
363860 676.657636502932 -12761.5273776587 -12084.8697411558 51471.7706254818 52478.3032172227 50982.4533587121 50954.5553005107 558.151144355131 66430.125 40.5
363870 678.069132871355 -12761.1862286461 -12083.1170957747 51527.3526242769 52247.3712402732 51253.4250058814 51081.2616266761 431.665864825543 66430.125 40.5
363880 680.686747330916 -12761.8115507608 -12081.1248034299 51437.887612892 51643.0951484908 51443.4369998966 51227.1306902887 507.587441153915 66430.125 40.5
363890 677.86948102648 -12756.8429085894 -12078.9734275629 51637.0969776965 51399.4876407357 51738.4941205242 51773.3091718295 872.290618785734 66430.125 40.5
363900 670.405601167738 -12747.0983848958 -12076.6927837281 52034.3130802053 51523.0848358251 52117.8224031767 52462.0320016143 1224.00546077964 66430.125 40.5
363910 667.960268293017 -12742.1993073278 -12074.2390390347 52209.3397380918 51548.9323120986 52241.7444034139 52837.3424987627 1267.98131898346 66430.125 40.5
363920 673.497263634306 -12745.1204679626 -12071.6232043283 51975.4581746325 51134.0496735183 52258.6169055313 52533.7079448479 802.98650224302 66430.125 40.5
363930 682.998931034224 -12752.0173525286 -12069.0184214943 51797.1048798135 50773.105995148 52329.9438496431 52288.2647946495 126.531677574434 66430.125 40.5
363940 688.856442562714 -12755.5378257855 -12066.6813832228 51806.7565732366 50838.9540082874 52386.419004385 52194.8967070374 59.3022119549769 66430.125 40.5
363950 685.617358336266 -12750.3836916047 -12064.7663332685 52016.1437680134 51335.5532535915 52510.533011015 52202.3450394338 566.103781275926 66430.125 40.5
363960 680.650877039104 -12743.8911398708 -12063.2402628317 52206.5498693997 51905.0900414256 52277.6114757628 52436.9480910106 1199.31787493058 66430.125 40.5
363970 682.620122359664 -12744.6146256437 -12061.994503284 52334.3767207549 52227.4358927467 52065.7532472776 52709.9410222402 1332.14201950164 66430.125 40.5
363980 688.872989766256 -12749.9036208754 -12061.0306311092 52278.3858046317 52133.3713843794 51961.7625199943 52740.0235095212 847.671197840352 66430.125 40.5
363990 689.496167992102 -12749.9203475686 -12060.4241795765 52354.0258593589 52141.0887428165 52034.7504347033 52886.2384005569 -1.99477095488334 66430.125 40.5
364000 684.321629969381 -12744.4993591283 -12060.1777291589 52544.3154571618 52065.6797785184 52293.3381675712 53273.9284253957 -381.036149062135 66430.125 40.5
364010 681.415154687016 -12741.6087829156 -12060.1936282286 52558.4133010949 51963.8035900645 52345.8468333041 53365.5894799161 -225.643801798662 66430.125 40.5
364020 683.419380930273 -12743.8365184983 -12060.4171375681 52467.2516073119 52087.9796374144 52295.2800470537 53018.4951374678 206.661400999963 66430.125 40.5
364030 684.307164494063 -12745.1723399679 -12060.8651754739 52441.9375812786 52291.9140768567 52147.770077702 52886.128589277 578.339501926939 66430.125 40.5
364040 684.66020840934 -12746.2273687674 -12061.5671603581 52291.879246081 52240.6826023101 51664.4058764962 52970.5492594367 734.45533557803 66430.125 40.5
364050 685.620208477893 -12748.1690716055 -12062.5488631276 52201.4878120776 52097.9957056839 51513.5031693277 52992.9645612213 551.595134298525 66430.125 40.5
364060 682.783336360045 -12746.595500133 -12063.8121637729 52341.5253510437 52245.0298846647 51961.7346380152 52817.8115304514 54.391944223275 66430.125 40.5
364070 678.955115642403 -12744.2641548837 -12065.3090392413 52368.1956954254 52290.6072036373 52338.7150129502 52475.2648696888 -459.415441682383 66430.125 40.5
364080 677.876092165784 -12744.8448841744 -12066.9687920087 52133.7239861428 52085.3622315538 52394.7519882369 51921.0577386378 -650.920613833402 66430.125 40.5
364090 679.292076691752 -12748.0514859304 -12068.7594092386 52018.1355142083 52062.7498398061 52271.7768164944 51719.8798863245 -628.030178717693 66430.125 40.5
364100 681.402654351621 -12752.0951928769 -12070.6925385253 51932.1776569243 52061.4149547339 51858.5151314592 51876.6028845798 -485.494438072254 66430.125 40.5
364110 682.284515257178 -12755.0607583766 -12072.7762431194 51898.8547946192 52076.1823076348 51450.5130313382 52169.8690448847 -359.395548523737 66430.125 40.5
364120 680.250028587384 -12755.2261451575 -12074.9761165701 51842.2079248683 51958.0754332749 51357.4059625918 52211.1423787382 -116.237299435612 66430.125 40.5
364130 675.795115500238 -12752.975043326 -12077.1799278258 51742.6619992548 51898.9626959312 51443.4822970507 51885.5410047825 29.1973979535537 66430.125 40.5
364140 675.905018850802 -12755.1840120791 -12079.2789932283 51697.5889944858 51887.4875095374 51750.1564070578 51455.1230668621 18.9501650202313 66430.125 40.5
364150 678.410601201461 -12759.655886567 -12081.2452853655 51463.7590425092 51428.5454079468 51819.9096491618 51142.822070419 -99.4977856637377 66430.125 40.5
364160 675.928187988249 -12759.0047185959 -12083.0765306077 51372.0192521226 50963.4384310729 51765.5952890797 51387.0240362151 -120.611340163983 66430.125 40.5
364170 669.113025563498 -12753.8156693432 -12084.7026437797 51533.0180647555 50938.8106687196 51819.1282778173 51841.1152477297 -131.920035916854 66430.125 40.5
364180 666.308917592219 -12752.3385605139 -12086.0296429217 51590.7839960171 51168.2246021936 51568.6019875133 52035.5253983445 -359.243531978847 66430.125 40.5
364190 673.357294076519 -12760.4353451043 -12087.0780510278 51245.2026207526 51363.1991548916 50653.1346870509 51719.2740203153 -465.87239113802 66430.125 40.5
364200 684.924521719905 -12772.9529958098 -12088.0284740899 50623.7673043431 51235.3946085827 49546.3568383269 51089.5504661196 -371.783254709731 66430.125 40.5
364210 686.919270088476 -12776.0015348333 -12089.0822647448 50475.5874809965 51322.5873996049 49276.4090077295 50827.7660356549 -31.7376925485926 66430.125 40.5
364220 674.093036082447 -12764.3209419765 -12090.227905894 50907.2951330875 51924.5009594668 49974.661199647 50822.7232401487 227.726160754388 66430.125 40.5
364230 661.558970630536 -12752.8031006679 -12091.2441300373 51389.5444243911 52294.4119127469 50842.4033771627 51031.8179832636 430.447602964876 66430.125 40.5
364240 661.957377965628 -12753.9288386957 -12091.97146073 51429.0276639454 52032.7527300522 51032.6611864213 51221.6690753626 642.629200392617 66430.125 40.5
364250 670.973927196426 -12763.4245898508 -12092.4506626544 51017.4154633828 51627.1146479311 50437.1858104262 50987.9459317911 573.048213122496 66430.125 40.5
364260 682.846953260889 -12775.7282223308 -12092.8812690699 50407.5240556849 51252.7204462065 49737.1281036337 50232.7236172144 382.566544524695 66430.125 40.5
364270 689.604219042131 -12783.1011332229 -12093.4969141807 50037.0429556914 50877.0277433014 49563.2843130503 49670.8168107226 388.609252842981 66430.125 40.5
364280 681.318408640566 -12775.6940926754 -12094.3756840349 50227.9344034929 50821.2507624439 49862.1683471422 50000.3841008925 703.134933742057 66430.125 40.5
364290 667.623756226568 -12762.9769332778 -12095.3531770512 50801.404226229 51155.76070418 50367.9449301503 50880.5070443568 850.277459606733 66430.125 40.5
364300 664.061640104299 -12760.2766365558 -12096.2149964515 51222.5038516406 51237.4052899554 50890.380506407 51539.7257585596 782.594028887449 66430.125 40.5
364310 666.298689136969 -12763.1918338502 -12096.8931447132 51233.3078058958 50863.0265734275 51147.8874886407 51689.0093556193 654.609331687106 66430.125 40.5
364320 666.507298179248 -12763.9336879725 -12097.4263897932 51098.6270230036 50679.3990404544 51233.714308783 51382.7677197733 713.830891429576 66430.125 40.5
364330 664.868192098852 -12762.6983085222 -12097.8301164234 51038.0123799275 50874.2149264277 51134.3198187329 51105.5023946219 737.343551542726 66430.125 40.5
364340 664.778247686222 -12762.8701786617 -12098.0919309754 50874.4259061277 50981.5889892178 50713.3802597029 50928.3084694624 599.330374508467 66430.125 40.5
364350 665.155416327645 -12763.3653803487 -12098.209964021 50917.8417444662 51170.3006493539 50703.3089118904 50879.9156721542 357.135080770022 66430.125 40.5
364360 665.073557333352 -12763.2602691903 -12098.186711857 51006.2168458759 51356.8072056056 51081.5227451116 50580.3205869105 228.484195191164 66430.125 40.5
364370 666.607567247461 -12764.6440234556 -12098.0364562081 50994.9407597966 51454.8176761731 51350.1375583598 50179.867044857 -173.827335926882 66430.125 40.5
364380 664.83527019289 -12762.6006078222 -12097.7653376293 51081.7726806662 51650.1536169589 51403.4357466897 50191.7286783501 -624.456028262823 66430.125 40.5
364390 660.867796483498 -12758.2001316645 -12097.332335181 51380.7567618458 52028.3407175393 51479.8002163738 50634.1293516242 -820.635786179429 66430.125 40.5
364400 663.379975282421 -12760.0612507952 -12096.6812755127 51499.804922119 52243.4289134785 51489.5406133758 50766.4452395026 -656.577072599341 66430.125 40.5
364410 669.630159138423 -12765.4604239575 -12095.830264819 51312.4075593836 52114.2314007322 51308.3496669422 50514.6416104763 -397.098986207257 66430.125 40.5
364420 669.301230366668 -12764.1541841935 -12094.8529538268 51208.4865498019 51828.8825548332 51266.3350609719 50530.2420336006 -211.961305707955 66430.125 40.5
364430 664.703266026859 -12758.4505065963 -12093.7472405694 51231.1119554965 51518.9823550023 51356.717252012 50817.6362594751 -161.448177620731 66430.125 40.5
364440 667.990112759392 -12760.4314682529 -12092.4413554935 51120.3070912974 51284.5543658967 51318.8818112148 50757.4850967806 -110.563242550892 66430.125 40.5
364450 676.923887770542 -12767.878483181 -12090.9545954105 51021.2741969569 51397.194765478 51045.6684167547 50620.9594086381 192.177622466855 66430.125 40.5
364460 679.231877863762 -12768.6488356667 -12089.4169578029 51132.4553999405 51775.5150369971 50578.9107949967 51042.9403678276 538.403297094806 66430.125 40.5
364470 674.269435808619 -12762.1615851711 -12087.8921493625 51429.668294434 51779.730736672 50384.3783042712 52124.8958423587 372.070341072397 66430.125 40.5
364480 671.65363643885 -12757.968974009 -12086.3153375702 51561.5710433467 51185.8732546132 50589.5252080831 52909.3146673437 -41.6840539894465 66430.125 40.5
364490 672.633289376751 -12757.2537765433 -12084.6204871665 51632.5250286251 50810.7311166741 51184.9348664036 52901.9091027977 -138.713459985927 66430.125 40.5
364500 668.320095962632 -12751.1068671279 -12082.7867711653 51998.230485985 51276.5047244639 51961.4797821792 52756.7069513118 70.0848108732948 66430.125 40.5
364510 662.049561719146 -12742.8007032371 -12080.7511415179 52331.4897460745 52290.9360376165 52123.8351521848 52579.6980484221 225.307203110414 66430.125 40.5
364520 666.135658719464 -12744.5598652552 -12078.4242065357 52283.7060150753 53095.7726572729 51683.0835778977 52072.2618100553 178.707531831276 66430.125 40.5
364530 677.536065487373 -12753.4114066335 -12075.8753411462 51955.4202212389 53110.0334616633 51300.3294186445 51455.8977834089 -231.051539748062 66430.125 40.5
364540 682.888266000869 -12756.2475163743 -12073.3592503735 51841.300604916 52822.5627323613 51738.497307662 50962.8417747246 -778.200207999153 66430.125 40.5
364550 681.011861760265 -12752.1035386027 -12071.0916768424 51940.656174598 52357.1804744075 52393.8723272344 51070.9157221521 -791.217164215737 66430.125 40.5
364560 681.693949373888 -12750.8218948674 -12069.1279454935 52133.0118617233 52090.9692895632 52903.8321145295 51404.2341810774 -523.806568484214 66430.125 40.5
364570 687.832164276797 -12755.3364615041 -12067.5042972273 52036.0686196602 51769.8280484434 53019.6512200311 51318.7265905061 -342.463356940103 66430.125 40.5
364580 691.87344609756 -12758.1933148465 -12066.3198687489 52031.6281422454 51820.4455941904 52885.326406281 51389.1124262649 -155.99252394213 66430.125 40.5
364590 687.710734383591 -12753.3374643087 -12065.6267299251 52234.6257546 52331.3456308358 52971.2198318444 51401.3118011198 61.4237182988077 66430.125 40.5
364600 676.378226526305 -12741.6784779132 -12065.3002513869 52646.765995688 53253.9504642771 53260.0446141414 51426.3029086455 533.968216898359 66430.125 40.5
364610 667.022595195035 -12732.1194116881 -12065.096816493 52964.5435490555 53819.9284478278 53262.633475856 51811.0687234829 1087.67227198401 66430.125 40.5
364620 671.851448299018 -12736.7114602125 -12064.8600119135 52963.1743143742 53676.3750761462 52940.7751422815 52272.372724695 1418.97035095724 66430.125 40.5
364630 686.265836512909 -12750.9508785435 -12064.6850420306 52636.8306008383 52913.4483875829 52480.7472424702 52516.2961724619 1443.12911854402 66430.125 40.5
364640 688.678786602021 -12753.4487045214 -12064.7699179193 52425.0237054179 52104.1440964647 52428.9751287803 52741.9518910087 1345.55505107922 66430.125 40.5
364650 678.874957120078 -12743.9930017796 -12065.1180446595 52496.8685077171 51718.1177625131 52798.8271173446 52973.6606432935 1056.99060695997 66430.125 40.5
364660 676.533226558771 -12742.0915748085 -12065.5583482498 52378.9087279509 51568.7659634072 52774.1935809918 52793.7666394538 692.592243317822 66430.125 40.5
364670 686.470958365877 -12752.5244483919 -12066.053490026 51919.0214717187 51653.2153076268 51989.3897060954 52114.4594014338 359.200851845052 66430.125 40.5
364680 693.542777496895 -12760.2883011437 -12066.7455236468 51608.041466158 52088.3382438454 51324.5830909113 51411.2030637175 119.498791470443 66430.125 40.5
364690 689.070864635326 -12756.7800148685 -12067.7091502331 51768.7256913397 52666.4228852597 51306.4936634612 51333.2605252982 -88.6772987628723 66430.125 40.5
364700 681.149696147614 -12749.9812126 -12068.8315164524 52104.4018927539 52840.4987401663 51906.4907428313 51566.2161952641 52.2576465081085 66430.125 40.5
364710 677.091091843683 -12747.0463237722 -12069.9552319285 52386.9212187573 52564.9344949713 52645.4955734153 51950.3335878852 386.554406546597 66430.125 40.5
364720 677.190865129058 -12748.2020606906 -12071.0111955615 52416.2367659386 52229.3905859315 52979.0123263013 52040.3073855828 886.28649753392 66430.125 40.5
364730 680.32316040694 -12752.3503942805 -12072.0272338736 52233.0116005355 52116.4879007541 52685.5134144206 51897.0334864317 1019.25166631226 66430.125 40.5
364740 681.308353043651 -12754.3770899296 -12073.0687368859 52001.7796437168 52139.2259676633 52109.0485098715 51757.0644536155 825.564953120229 66430.125 40.5
364750 675.91898551 -12750.0568273275 -12074.1378418175 52005.4651238373 52599.2443937665 51460.1249654616 51957.0260122839 631.669513906503 66430.125 40.5
364760 670.494935987816 -12745.6431096246 -12075.1481736368 52168.9399486696 53191.8721467319 51043.2850323034 52271.6626669737 476.2171501257 66430.125 40.5
364770 672.861802447373 -12748.905981561 -12076.0441791136 52040.8227930251 53015.2491867854 50906.1133534386 52201.1058388513 93.9333674451922 66430.125 40.5
364780 680.20878135414 -12757.1014574791 -12076.8926761249 51836.8932508488 52490.5740546377 51067.2883186205 51952.817379288 -246.367433976884 66430.125 40.5
364790 684.567930814734 -12762.4012129319 -12077.8332821172 51639.7734489075 51974.6079199794 51196.5633934345 51748.1490333087 -227.905619026914 66430.125 40.5
364800 683.059509448931 -12761.9958820782 -12078.9363726293 51607.8304272015 51844.268884691 51325.4973188522 51653.7250780612 -114.243847671976 66430.125 40.5
364810 681.428605482811 -12761.6132030559 -12080.1845975731 51580.4855938197 51917.5938746713 51458.951369108 51364.9115376797 -209.015982301091 66430.125 40.5
364820 680.20488074033 -12761.7481223228 -12081.5432415825 51504.9145056072 51851.8966489258 51613.1318082255 51049.7150596705 -160.020063888677 66430.125 40.5
364830 675.117297700244 -12758.0791204548 -12082.9618227546 51559.4932644445 51701.0018286753 52002.0946778877 50975.3832867704 334.666895035388 66430.125 40.5
364840 667.728279319103 -12752.0602603709 -12084.3319810518 51670.8920439748 51609.336698692 52208.2039343098 51195.1354989225 889.552764172215 66430.125 40.5
364850 664.814545963296 -12750.3496987989 -12085.5351528356 51793.623424616 51488.5096939382 52144.0657889927 51748.2947909171 1107.98100275759 66430.125 40.5
364860 669.236267151573 -12755.7822407754 -12086.5459736238 51726.9230932219 51327.1015963003 51621.4343688055 52232.2333145598 903.757673182254 66430.125 40.5
364870 677.378666492733 -12764.8465286642 -12087.4678621715 51484.964804354 51249.6635591857 50924.7527399254 52280.478113951 586.185129870251 66430.125 40.5
364880 681.248162261042 -12769.6984407381 -12088.4502784771 51352.9105852033 51366.4246989881 50587.3423523915 52104.9647042303 349.460489408593 66430.125 40.5
364890 677.320692027103 -12766.8696103384 -12089.5489183113 51338.5775751803 51455.7626625948 50710.0049851728 51849.9650777732 295.493637930216 66430.125 40.5
364900 671.076966743943 -12761.7754803656 -12090.6985136217 51466.9589802559 51572.711933813 51202.9751045915 51625.1899023632 361.893336805815 66430.125 40.5
364910 664.603962617575 -12756.3701147511 -12091.7661521335 51544.0923417086 51596.6300962226 51656.7168289311 51378.930099972 483.270392596715 66430.125 40.5
364920 662.387158712807 -12755.0390371376 -12092.6518784247 51429.5306464366 51415.1236514721 51855.7473999218 51017.7208879159 585.191208538996 66430.125 40.5
364930 663.876577980868 -12757.2066456016 -12093.3300676208 51336.8559034051 51253.8166377688 51709.8927955356 51046.858276911 444.872671044923 66430.125 40.5
364940 663.813581327299 -12757.6342864915 -12093.8207051642 51312.3612405113 51159.8801033898 51254.8363101795 51522.3673079645 235.360581695478 66430.125 40.5
364950 664.442399782421 -12758.582435334 -12094.1400355516 51298.7106810392 51039.4534337251 50751.061401946 52105.6172074465 194.79017417281 66430.125 40.5
364960 669.344191516885 -12763.6638300283 -12094.3196385114 51161.7342257124 50755.3256509763 50395.6434539731 52334.2335721879 265.956615309222 66430.125 40.5
364970 675.232613629177 -12769.6832180408 -12094.4506044117 51026.28831293 50311.5574309308 50414.6425008902 52352.6650069691 387.864956273519 66430.125 40.5
364980 676.37615717361 -12771.0114306696 -12094.635273496 50994.5117280376 49974.2765491304 50734.9280970214 52274.3305379611 309.032675984843 66430.125 40.5
364990 673.899876789669 -12768.8003784855 -12094.9005016958 51021.7204611554 50043.096734654 51008.9638825391 52013.1007662731 79.736974317876 66430.125 40.5
365000 673.282335566943 -12768.5018378685 -12095.2195023016 51033.6350259278 50253.5633091552 51120.8717717227 51726.4699969054 -408.808453423144 66430.125 40.5
