# Fix print output for fix setl_out
391000 720.850228209654 -12702.1846730403 -11981.3344448306 56141.7702036537 55200.8626702608 56905.8333384411 56318.6146022593 135.971668285536 66430.125 40.5
391010 715.798391189192 -12697.0872581765 -11981.2888669874 56506.2868971532 55983.6434275739 56493.4031126042 57041.8141512816 -137.179055196962 66430.125 40.5
391020 712.380515248968 -12693.4695456885 -11981.0890304395 56805.1690347443 57152.0038980818 55781.6943264697 57481.8088796815 -581.753613688665 66430.125 40.5
391030 707.19892753072 -12687.8464942348 -11980.647566704 56843.926335595 57917.1141139917 55102.4827792657 57512.1821135275 -832.971640047552 66430.125 40.5
391040 708.508591246888 -12688.3925692762 -11979.8839780293 56747.7928950152 57967.1929825044 55108.16324125 57168.0224612912 -897.060003954786 66430.125 40.5
391050 718.008802368773 -12696.8138869472 -11978.8050845784 56372.1899237978 57187.2393223875 55436.3848032471 56492.9456457587 -682.865662470477 66430.125 40.5
391060 725.170226654129 -12702.7074629055 -11977.5372362514 56081.0736529513 56259.290779382 56009.2753907265 55974.6547887453 -291.709679095337 66430.125 40.5
391070 727.332199289344 -12703.5518987657 -11976.2196994764 56028.5922787511 55503.8028707594 56566.138179458 56015.835786036 -73.1696955406875 66430.125 40.5
391080 728.424080419083 -12703.3399108177 -11974.9158303986 56095.3620408723 55221.7194941448 56875.9736144208 56188.3930140513 152.353765501705 66430.125 40.5
391090 727.698634986045 -12701.3317549954 -11973.6331200094 56172.9595739287 55393.3589267139 56933.7547679187 56191.7650271535 185.950537604584 66430.125 40.5
391100 728.006372056701 -12700.3698140755 -11972.3634420188 56183.4708264898 55714.4925940074 56711.3164483357 56124.6034371264 -12.9564135132347 66430.125 40.5
391110 730.088562318675 -12701.1994102537 -11971.110847935 56157.7000917191 56031.1965267935 56481.752330012 55960.1514183518 -218.633998791673 66430.125 40.5
391120 728.177276796026 -12698.0665166911 -11969.8892398951 56330.5212292934 56578.69758192 56821.9621361819 55590.9039697782 -209.754653052225 66430.125 40.5
391130 722.785145161555 -12691.447135893 -11968.6619907315 56671.781287158 57420.791594131 57322.2076730489 55272.344594294 -103.375275285792 66430.125 40.5
391140 720.975426503266 -12688.297513548 -11967.3220870448 56797.5738048444 57769.8118970325 57375.4721106488 55247.437406852 -57.0632620155494 66430.125 40.5
391150 727.345342774043 -12693.1586844066 -11965.8133416325 56694.9581496593 57366.9054078871 57037.0764853222 55680.8925557684 -67.818093363941 66430.125 40.5
391160 735.387473792201 -12699.5937341847 -11964.2062603925 56520.5103552402 56630.6164887259 56521.1058252972 56409.8087516976 -68.4698147152198 66430.125 40.5
391170 737.083109029418 -12699.7176245598 -11962.6345155304 56448.1922129236 56028.1938047775 56341.2747002863 56975.108133707 21.3931330821882 66430.125 40.5
391180 735.779617499488 -12696.9342427479 -11961.1546252484 56445.584217892 55796.9977638761 56407.0371702867 57132.7177195132 113.131021470829 66430.125 40.5
391190 738.165796828714 -12697.9294586293 -11959.7636618006 56317.2969544327 55547.0026748321 56441.1198368675 56963.7683515985 207.719949246091 66430.125 40.5
391200 737.449040817483 -12695.9222330879 -11958.4731922704 56437.9897656702 55490.9895119443 56614.1557918053 57208.8239932609 137.076927359508 66430.125 40.5
391210 732.262551316322 -12689.5353279401 -11957.2727766238 56685.1035263498 55676.5927884103 56763.1152841703 57615.6025064687 -14.8699725357546 66430.125 40.5
391220 730.316432886628 -12686.3902803087 -11956.073847422 56782.6463263059 55893.9637157526 56924.1886512116 57529.7866119534 -36.3758687662091 66430.125 40.5
391230 734.425849125061 -12689.2401783255 -11954.8143292004 56533.1164702458 55711.7314350977 56770.9831566172 57116.6348190225 179.127143283278 66430.125 40.5
391240 740.575663769387 -12694.1174915916 -11953.5418278222 56331.2837666047 55737.5970310386 56529.4746808077 56726.7795879679 510.68244995408 66430.125 40.5
391250 741.72425327195 -12694.1015189077 -11952.3772656358 56663.0385525461 56250.72619061 56774.965001845 56963.4244651831 727.898561586484 66430.125 40.5
391260 732.540014885787 -12683.8969189622 -11951.3569040764 57231.4046183952 56971.7115686414 57246.6773108496 57475.8249756945 735.508847398883 66430.125 40.5
391270 725.024008928463 -12675.3714841412 -11950.3474752127 57576.7512038534 57601.8855107174 57574.7409833746 57553.6271174684 832.619531976924 66430.125 40.5
391280 733.853163665975 -12683.0843584638 -11949.2311947979 57394.9509771173 58012.5032965252 57505.891570685 56666.4580641419 640.023531309097 66430.125 40.5
391290 746.479988040144 -12694.6032798025 -11948.1232917624 57053.5185537533 58203.5802127739 57222.0863720961 55734.8890763899 137.509128779375 66430.125 40.5
391300 745.778597903027 -12693.051668766 -11947.273070863 57022.9849796144 58174.0762476828 57060.632825528 55834.2458656325 -160.631566786578 66430.125 40.5
391310 740.500754261283 -12687.2799691236 -11946.7792148623 57138.2569576437 58022.1042085904 57181.0513460334 56211.6153183073 -294.531864378564 66430.125 40.5
391320 741.668920057206 -12688.2793153263 -11946.6103952691 57163.8436779861 57743.9276116699 57238.5733484683 56509.0300738202 -170.669874944303 66430.125 40.5
391330 744.977225983779 -12691.7939426574 -11946.8167166736 56875.7359464538 57403.644567356 56870.8913427236 56352.6719292816 -106.839818389774 66430.125 40.5
391340 743.120108517545 -12690.6154833534 -11947.4953748358 56895.2461543157 57423.0664400945 56723.8148550219 56538.8571678309 -8.72167887777796 66430.125 40.5
391350 738.260212804793 -12686.9311446545 -11948.6709318497 57087.7483506175 57725.1800596658 56700.5355128353 56837.5294793515 -155.321810736851 66430.125 40.5
391360 732.706841922911 -12682.9766522494 -11950.2698103265 57159.2850952471 58012.8652898005 56647.1855050784 56817.8044908623 -285.193046727896 66430.125 40.5
391370 729.884270698933 -12682.0774755897 -11952.1932048907 57118.9530519667 57872.9622662678 56449.8833042409 57034.0135853913 -317.847951855409 66430.125 40.5
391380 731.727694470036 -12686.1123949121 -11954.384700442 56960.5962061357 57455.4961969753 55915.7852612018 57510.50716023 -422.46699609023 66430.125 40.5
391390 732.794076072232 -12689.6227985536 -11956.8287224813 56739.1115740345 57084.0724600933 55243.2774194839 57889.9848425262 -464.792901590457 66430.125 40.5
391400 731.024663586348 -12690.5033377509 -11959.4786741645 56751.4178436261 57142.094533569 55073.8354062489 58038.3235910604 -232.804902318289 66430.125 40.5
391410 728.067261540326 -12690.2851437098 -11962.2178821695 56611.2710215352 57051.9613533001 55400.2280433229 57381.6236679827 -8.87740086547084 66430.125 40.5
391420 728.601615151638 -12693.5246150195 -11964.9229998678 56359.8685099887 57023.3109787663 55802.7702516633 56253.5242995366 -104.219604128508 66430.125 40.5
391430 732.845207245192 -12700.4081826115 -11967.5629753663 56283.7060815689 57153.6403379076 56092.4490211083 55605.0288856909 -689.58456210968 66430.125 40.5
391440 733.23223393319 -12703.376801154 -11970.1445672209 56296.7572732416 57049.8005538596 56066.7766334561 55773.6946324091 -1190.58962029986 66430.125 40.5
391450 730.030000297943 -12702.6495180331 -11972.6195177352 56276.4928673879 56738.6252729895 55747.3504198908 56343.5029092833 -1384.33241876776 66430.125 40.5
391460 728.24194733135 -12703.1733258975 -11974.9313785661 56099.3326223164 56247.33453406 55714.4606727219 56336.2026601675 -1345.52685931297 66430.125 40.5
391470 725.037962159901 -12702.0690627431 -11977.0311005832 55836.6853769488 55625.5192399696 56024.8396232418 55859.697267635 -1223.31323298121 66430.125 40.5
391480 720.162621405752 -12699.0457335409 -11978.8831121352 55906.045546437 55499.5361292317 56594.8017826014 55623.7987274779 -1056.05997095096 66430.125 40.5
391490 714.2171963851 -12694.6496665741 -11980.432470189 56114.9003369 55857.211851246 56393.8585529552 56093.6306064988 -757.4100771789 66430.125 40.5
391500 708.995020127915 -12690.6137295169 -11981.618709389 56282.6442935734 56405.9402278814 55589.6116466444 56852.3810061945 -267.293652603205 66430.125 40.5
391510 709.941097389985 -12692.3660275379 -11982.4249301479 56153.2404051153 56238.2111460334 55128.244054208 57093.2660151046 -123.854573060226 66430.125 40.5
391520 717.683921023816 -12700.6105775173 -11982.9266564935 55895.8212981627 55430.4691303017 55440.857312652 56816.1374515343 -214.172577453015 66430.125 40.5
391530 723.835879414713 -12707.1189006134 -11983.2830211987 55662.2938671355 54630.4577786563 55886.9084444222 56469.5153783281 -316.577242201047 66430.125 40.5
391540 723.853840812345 -12707.458884567 -11983.6050437547 55519.4961000425 54523.2625031434 55928.7823608555 56106.4434361287 -288.224170847646 66430.125 40.5
391550 724.830454596069 -12708.7565584395 -11983.9261038434 55383.0372165389 55083.0820245829 55491.4334139585 55574.5962110753 -61.5685104714011 66430.125 40.5
391560 728.103840890571 -12712.3782317208 -11984.2743908303 55256.2396976095 55956.3683064511 54836.4412302725 54975.909556105 144.954646022375 66430.125 40.5
391570 727.470657163065 -12712.1684029642 -11984.6977458012 55453.9833347823 56845.8247909281 54667.4602399653 54848.6649734536 17.2212339400406 66430.125 40.5
391580 720.970432466201 -12706.1429452909 -11985.1725128247 55665.3907503421 57140.7128819076 54729.9303612092 55125.5290079096 -237.437460302427 66430.125 40.5
391590 717.287900282019 -12702.8906706425 -11985.6027703605 55722.782129652 56942.5420318435 54806.3512176921 55419.4531394202 -429.224579790736 66430.125 40.5
391600 719.165804109886 -12705.0943233204 -11985.9285192105 55625.6012232829 56839.6676595184 54567.5178643594 55469.6181459708 -441.005584650939 66430.125 40.5
391610 719.561348566079 -12705.7250168318 -11986.1636682657 55570.9683899373 56708.8557714347 54659.880584171 55344.1688142062 -334.23900241552 66430.125 40.5
391620 715.529200178202 -12701.8388408865 -11986.3096407083 55717.8504977217 56553.5028916976 55216.2112276033 55383.8373738643 -302.209459606195 66430.125 40.5
391630 712.164246686027 -12698.4607986266 -11986.2965519405 55803.0426449943 56314.403138298 55691.2275763248 55403.4972203602 -473.902545248684 66430.125 40.5
391640 715.497319926604 -12701.567567837 -11986.0702479104 55697.1307667679 55762.1323474935 55865.7173019268 55463.5426508834 -671.061581957415 66430.125 40.5
391650 720.214160254728 -12705.8813508857 -11985.667190631 55618.2497827025 55458.3908877147 55774.5260707896 55621.8323896032 -751.621172924594 66430.125 40.5
391660 718.490015415469 -12703.6263198265 -11985.136304411 55646.7399962016 55278.8153172583 55626.9624480067 56034.4422233398 -426.203050244149 66430.125 40.5
391670 720.27304700259 -12704.7398111754 -11984.4667641728 55508.9884082765 54951.3197403744 55395.3569076411 56180.288576814 41.2256668294482 66430.125 40.5
391680 732.450611522283 -12716.1504466551 -11983.6998351328 54938.2200131496 54319.400199435 54981.508969065 55513.7508709488 9.02276220007221 66430.125 40.5
391690 740.30687745951 -12723.3278350535 -11983.020957594 54703.104124751 53957.8124528497 55129.3173146142 55022.182606789 -437.104473203916 66430.125 40.5
391700 733.346999561023 -12715.9318897288 -11982.5848901678 54946.3299461887 53985.3077461919 55701.4439255117 55152.2381668625 -904.473114857313 66430.125 40.5
391710 721.156917436536 -12703.463758846 -11982.3068414094 55411.3275582285 54585.3746796888 55978.5405516581 55670.0674433384 -990.317304692605 66430.125 40.5
391720 715.714755638662 -12697.6800486326 -11981.965292994 55613.2454764605 55348.8928630602 55616.7744566024 55874.0691097191 -756.994525668756 66430.125 40.5
391730 720.432030001502 -12701.8649969597 -11981.4329669582 55517.3519997432 55869.3610720105 54904.6392354314 55778.0556917876 -454.029921845777 66430.125 40.5
391740 729.388207341472 -12710.1507085036 -11980.7625011622 55396.9502019649 56093.1558636417 54333.1688297991 55764.5259124538 -127.034639327102 66430.125 40.5
391750 729.108725126689 -12709.187877638 -11980.0791525113 55516.6076542022 56196.3670677842 54200.0828114079 56153.3730834146 61.2763795436255 66430.125 40.5
391760 719.635798536901 -12699.0190079895 -11979.3832094526 56033.7957648162 56556.4399865065 54982.9358194362 56562.0114885059 -74.5616784835091 66430.125 40.5
391770 717.367807302989 -12695.8969835404 -11978.5291762374 56104.1870637526 56614.0608140591 55530.4916406899 56168.0087365089 -334.301669591201 66430.125 40.5
391780 723.237863940125 -12700.6666189825 -11977.4287550423 56017.3557511452 56745.3964776377 55704.9358644888 55601.7349113092 -415.273049051103 66430.125 40.5
391790 722.808496463686 -12698.9249024613 -11976.1164059976 56079.6399480631 57070.085382398 55701.0667739895 55467.7676878019 -193.281427258538 66430.125 40.5
391800 717.84814045401 -12692.4399318971 -11974.5917914431 56351.8126528362 57300.4106963011 55962.3127157149 55792.7145464925 190.985386645747 66430.125 40.5
391810 720.363604074574 -12693.1469427767 -11972.7833387021 56402.7310338135 57031.3256586916 56199.9143492819 55976.9530934671 355.165727428487 66430.125 40.5
391820 727.499033773665 -12698.2064604685 -11970.7074266948 56270.9122840838 56509.3581913422 56252.060362493 56051.3182984161 338.70818707469 66430.125 40.5
391830 728.476865345155 -12696.9729670342 -11968.496101689 56447.2656107881 56253.7770831119 56778.4613756315 56309.558373621 453.349592877779 66430.125 40.5
391840 726.82893259067 -12693.07933461 -11966.2504020193 56714.5306390128 56001.3024248447 57376.0927992318 56766.1966929619 568.667268137043 66430.125 40.5
391850 727.113647878606 -12691.1129274755 -11963.9992795969 56846.3710144763 55898.677766934 57331.4717006911 57308.963575804 809.383172365896 66430.125 40.5
391860 725.327944643039 -12687.0977425899 -11961.7697979468 56985.6625299855 56217.018146161 56849.9476889073 57890.0217548881 807.314797776406 66430.125 40.5
391870 725.07393323684 -12684.6614919776 -11959.5875587407 56995.5554742204 56718.3978229544 56369.3003668351 57898.9682328716 601.501165719446 66430.125 40.5
391880 728.775922009707 -12686.2552427576 -11957.4793207479 56987.7161365539 57323.3514889365 55988.2644752904 57651.5324454349 536.843149322871 66430.125 40.5
391890 732.785810348084 -12688.3137300368 -11955.5279196888 56883.8988483781 57550.4637713329 55702.4818213116 57398.7509524896 627.353271274214 66430.125 40.5
391900 736.350505484495 -12690.1777153338 -11953.8272098493 56717.7845976829 57581.303449884 55715.3230227475 56856.7273204173 526.933816103098 66430.125 40.5
391910 742.22015228798 -12694.6786848838 -11952.4585325958 56544.5915970319 57615.4411272885 55782.6686819062 56235.6649819011 151.14612648511 66430.125 40.5
391920 747.392245267823 -12698.9184609582 -11951.5262156904 56634.4143252782 57662.3764827439 56128.7342010643 56112.1322920266 -253.891359870152 66430.125 40.5
391930 740.617846801269 -12691.7000421544 -11951.0821953531 57081.0032727064 58004.4332331749 56619.2527132027 56619.3238717414 -403.511632856713 66430.125 40.5
391940 723.543870851067 -12674.5079692205 -11950.9640983694 57786.0628626629 58595.3400243001 57150.0323521928 57612.8162114956 -260.525864286485 66430.125 40.5
391950 716.915635057244 -12667.7921680792 -11950.876533022 57869.0779124021 58367.2448160211 57059.0083879286 58180.9805332565 -30.5639623407033 66430.125 40.5
391960 728.027916703842 -12678.7325127955 -11950.7045960916 57435.5088942955 57703.2587282147 56458.5570771688 58144.7108775029 -61.7169472330002 66430.125 40.5
391970 740.887334089517 -12691.506038988 -11950.6187048984 56999.8771010341 56949.2179616412 56168.3684692016 57882.0448722594 -232.89704774203 66430.125 40.5
391980 743.676206313082 -12694.5291227258 -11950.8529164127 56709.6646317791 56381.076152142 56339.5392334015 57408.3785097939 -391.246241067418 66430.125 40.5
391990 742.328830233619 -12693.8247912466 -11951.495961013 56583.4544825908 56027.7539419621 56607.7205360964 57114.8889697139 -841.421148737805 66430.125 40.5
392000 744.608657603953 -12697.1630148278 -11952.5543572238 56649.861102712 55998.1301916937 56753.3553392793 57198.0977771629 -1269.88062996771 66430.125 40.5
392010 747.953581840972 -12702.0422406015 -11954.0886587605 56765.7885409972 56186.3753226072 56661.3946429258 57449.5956574586 -1344.13623932667 66430.125 40.5
392020 744.215295694759 -12700.3646171281 -11956.1493214333 56761.4258749183 56314.7030366628 56644.3605813212 57325.2140067708 -1019.33962683052 66430.125 40.5
392030 732.37927663581 -12690.9949519528 -11958.615675317 56761.8363990133 56461.7807975942 56963.3750825112 56860.3533169346 -647.451380302297 66430.125 40.5
392040 720.268508667534 -12681.458102337 -11961.1895936695 56979.5899389909 56844.5537741553 57304.8435868755 56789.3724559418 -543.10295259949 66430.125 40.5
392050 716.155088415319 -12679.7437098562 -11963.5886214409 57186.3003848141 57241.8850977732 57114.1083516536 57202.9077050154 -832.95020720488 66430.125 40.5
392060 717.980967916848 -12683.6813090532 -11965.7003411364 57258.0732536165 57242.2021562877 56586.1043432859 57945.913261276 -924.723350030038 66430.125 40.5
392070 715.60571176743 -12683.0987989305 -11967.4930871631 57306.8850135125 57062.8695238737 56352.7125147405 58505.0730019235 -538.186691448396 66430.125 40.5
392080 711.4386746516 -12680.3603239703 -11968.9216493187 57319.9635033752 56561.8717873774 56712.1552387033 58685.8634840449 124.074720114792 66430.125 40.5
392090 713.40331823727 -12683.353042374 -11969.9497241367 57009.8350130556 55999.440929259 56989.2789397674 58040.7851701403 590.00406800554 66430.125 40.5
392100 724.512074226677 -12695.1897234297 -11970.677649203 56382.7640291639 55538.725660816 56679.8715213867 56929.694905289 821.487812240057 66430.125 40.5
392110 736.308673764856 -12707.6416693552 -11971.3329955903 55946.1599888084 55890.6382311522 56219.170610607 55728.6711246661 710.068930297534 66430.125 40.5
392120 736.979919704603 -12709.0834962191 -11972.1035765145 55773.4268569032 56615.8817330682 55995.5861684081 54708.8126692333 718.327237276279 66430.125 40.5
392130 729.443679495202 -12702.4149551246 -11972.9712756294 55869.0220923715 57303.7757590697 55898.2822531129 54405.008264932 1050.05988759379 66430.125 40.5
392140 726.841674603971 -12700.6574748502 -11973.8158002463 55838.0972413683 57365.2076783415 55517.5274840622 54631.5565617011 1167.7421840112 66430.125 40.5
392150 730.505121463942 -12705.1092266348 -11974.6041051708 55750.9944222231 56928.6917394749 55226.0655102031 55098.2260169913 1169.73832502893 66430.125 40.5
392160 729.957592977023 -12705.3447089611 -11975.3871159841 55730.9428028837 56645.4376833818 55071.0988105751 55476.2919146942 1335.93313499998 66430.125 40.5
392170 723.188917705544 -12699.330223818 -11976.1413061125 55932.4706285871 56647.7230062672 55230.2761131951 55919.4127662991 1515.40547486247 66430.125 40.5
392180 722.507271457407 -12699.3044155647 -11976.7971441072 56014.7099303211 56441.4527280569 55395.2464576519 56207.4306052546 1675.66405435647 66430.125 40.5
392190 726.929226741704 -12704.2912651989 -11977.3620384572 55819.2923327585 56026.0782078293 55460.7804025295 55971.0183879167 1722.8880847282 66430.125 40.5
392200 727.440497690096 -12705.3521382655 -11977.9116405754 55647.4873919601 55802.8378437131 55702.872387312 55436.751944855 1479.3502317062 66430.125 40.5
392210 724.621948626559 -12703.0879071203 -11978.4659584937 55758.5617425782 56064.0448167864 55980.3627908907 55231.2776200576 1017.44440606858 66430.125 40.5
392220 723.41316808878 -12702.4074143585 -11978.9942462697 55916.6289955276 56613.2603740453 56055.7749297919 55080.8516827455 551.461915675003 66430.125 40.5
392230 722.298231615722 -12701.7720929909 -11979.4738613751 55883.58718577 57178.859704744 55696.0107508851 54775.8911016808 501.356969557574 66430.125 40.5
392240 721.90197856365 -12701.7898493511 -11979.8878707875 55732.119909172 57397.82335246 55181.1604961404 54617.3758789155 643.904251632442 66430.125 40.5
392250 726.574498013488 -12706.8438797051 -11980.2693816916 55580.3231978366 57192.0571420702 55049.7258940707 54499.186557369 1014.05040681356 66430.125 40.5
392260 726.120828930697 -12706.8006225428 -11980.6797936121 55613.8666048744 56772.2147558363 55641.3078273461 54428.0772314407 1268.43678040079 66430.125 40.5
392270 715.817452565891 -12696.9048474044 -11981.0873948385 55974.3337819455 56686.4273162074 56725.198921826 54511.375107803 1211.32586756093 66430.125 40.5
392280 708.916603677431 -12690.2547721813 -11981.3381685039 56450.9254397835 57033.9969736404 57316.7617677489 55002.0175779611 875.507802656177 66430.125 40.5
392290 711.184388523365 -12692.507673296 -11981.3232847727 56528.2707110479 57028.85605367 57262.3957737097 55293.5603057638 639.072483854621 66430.125 40.5
392300 714.485057407691 -12695.5428343071 -11981.0577768994 56387.5365991538 56887.8808516743 57055.5108084659 55219.2181373211 574.024096758486 66430.125 40.5
392310 716.602172820378 -12697.2012155944 -11980.599042774 56152.4216528227 56513.7830462664 56756.4071067995 55187.0748054023 414.754696946131 66430.125 40.5
392320 723.004452468508 -12703.0101052955 -11980.005652827 55802.1440361987 55947.4643211618 56314.7964512091 55144.1713362252 143.814428637358 66430.125 40.5
392330 730.898155578946 -12710.2856229863 -11979.3874674073 55559.6981773126 55397.206774541 55744.8892153816 55536.9985420151 -17.371072602357 66430.125 40.5
392340 732.183049856161 -12711.0562797434 -11978.8732298872 55364.5668221599 55209.6486601815 55202.2563239131 55681.7954823849 98.167429608766 66430.125 40.5
392350 728.588218936342 -12707.0972838684 -11978.5090649321 55395.2031001587 55448.6219376939 55157.5322022495 55579.4551605326 336.307829785645 66430.125 40.5
392360 722.765613211571 -12700.990351301 -11978.2247380894 55575.442962945 55541.0816766035 55770.3756970523 55414.871515179 120.036035817927 66430.125 40.5
392370 719.101196785397 -12697.0077039768 -11977.9065071914 55783.1863795685 55587.5041804387 56642.4190155997 55119.635942667 -305.966218000231 66430.125 40.5
392380 724.288230646015 -12701.7783809622 -11977.4901503161 55622.9713966849 55634.3140544001 56726.5033266744 54508.0968089802 -489.953857441864 66430.125 40.5
392390 735.443295690104 -12712.5000870129 -11977.0567913227 55304.7362168307 55706.6354287334 56132.2326266245 54075.3405951341 -533.459375970073 66430.125 40.5
392400 740.916656839396 -12717.7232448526 -11976.8065880132 55207.5322196138 55985.9426000557 55487.4654907699 54149.1885680158 -669.186896521515 66430.125 40.5
392410 732.88376037209 -12709.7441552049 -11976.8603948328 55475.3295355227 56168.9271702657 55469.4971097988 54787.5643265038 -779.189649341891 66430.125 40.5
392420 719.468075341316 -12696.5782782723 -11977.110202931 56076.7959071814 56578.4530598247 55844.4842498773 55807.4504118422 -811.35394115923 66430.125 40.5
392430 715.906365573793 -12693.2503239307 -11977.3439583569 56274.9357556313 56795.8098995524 55699.4906012933 56329.5067660481 -400.309175497174 66430.125 40.5
392440 723.827996266304 -12701.3131063841 -11977.4851101177 55939.0716370205 56843.137933825 55108.2751893361 55865.8017879006 186.408556360746 66430.125 40.5
392450 730.333897029881 -12707.9857871013 -11977.6518900714 55610.2522541833 56891.7159787679 54782.8323088813 55156.2084749008 649.157297737244 66430.125 40.5
392460 725.778288468052 -12703.7470972538 -11977.9688087858 55721.6100252498 56936.3593221698 55212.5732238485 55015.897529731 729.872123882902 66430.125 40.5
392470 716.156920483664 -12694.5448690961 -11978.3879486124 56175.8033654936 56955.1345378636 56077.5499367357 55494.7256218814 707.51145241451 66430.125 40.5
392480 712.939291348734 -12691.6920370367 -11978.752745688 56410.6171466359 56705.5249237175 56468.1579665332 56058.1685496569 871.104565893183 66430.125 40.5
392490 717.195728019217 -12696.1763403397 -11978.9806123205 56476.4197854107 56129.9614681942 56638.059041361 56661.238846677 873.661168551448 66430.125 40.5
392500 719.887865340434 -12698.9903021693 -11979.1024368289 56493.9030112517 55621.308251134 56811.7312893094 57048.6694933117 745.373776154386 66430.125 40.5
392510 718.913955517421 -12698.0580024348 -11979.1440469174 56435.6239022337 55490.5078353451 56829.2517685247 56987.1121028312 753.096601194764 66430.125 40.5
392520 724.075686534411 -12703.1940450553 -11979.1183585209 56057.5691287638 55421.6418661859 56373.6651911828 56377.4003289226 873.862893343983 66430.125 40.5
392530 729.954224148754 -12709.0579124489 -11979.1036883002 55896.0356915267 55285.794365077 56199.8644974525 56202.4482120506 921.568868687736 66430.125 40.5
392540 724.423284137822 -12703.6007444103 -11979.1774602725 55996.083581457 55102.9898320621 56501.3334717692 56383.9274405397 992.342909458258 66430.125 40.5
392550 717.579067904915 -12696.8522862785 -11979.2732183735 56061.8749891225 55411.1548329753 56477.8831597478 56296.5869746446 1186.427478114 66430.125 40.5
392560 721.535455852637 -12700.8253891686 -11979.289933316 56035.3489280091 56189.0508967855 56055.7253757556 55861.2705114861 1344.77582038084 66430.125 40.5
392570 727.633839010506 -12706.900385189 -11979.2665461785 55795.0990883475 56516.5048065266 55455.7355313496 55413.0569271662 1277.33628651163 66430.125 40.5
392580 726.357368232952 -12705.6499436937 -11979.2925754608 55689.3281351208 56310.7984299424 55177.376155982 55579.8098194379 1033.91541718256 66430.125 40.5
392590 725.986494298662 -12705.3725067554 -11979.3860124568 55607.4787553513 56018.2543335972 54921.1453497453 55883.0365827113 702.633769141974 66430.125 40.5
392600 729.69080852351 -12709.2407039805 -11979.549895457 55422.762976522 55780.7846733543 54740.0537344344 55747.4505217774 462.695497985369 66430.125 40.5
392610 730.841274698697 -12710.6843238053 -11979.8430491066 55364.8405238009 55909.6164008468 54809.5478319181 55375.3573386377 412.1846509181 66430.125 40.5
392620 728.459196104802 -12708.7548615699 -11980.2956654651 55500.3709774684 56123.0262645295 55170.9458416743 55207.1408262013 500.842809002144 66430.125 40.5
392630 726.667185551597 -12707.5552985231 -11980.8881129715 55699.5188502764 56041.389243519 55491.0737357016 55566.0935716087 556.976362856555 66430.125 40.5
392640 722.313432736405 -12703.8884872321 -11981.5750544957 55935.0264495125 56084.3196685638 55746.4430829797 55974.3165969938 309.264214506665 66430.125 40.5
392650 714.396840731583 -12696.6548712539 -11982.2580305223 56152.3143359104 56535.3768300617 56075.0048986411 55846.5612790284 -45.6867071195603 66430.125 40.5
392660 712.281528197227 -12695.0879960476 -11982.8064678504 56220.7014926961 56835.3943718204 56486.1427307224 55340.5673755455 -205.150231773842 66430.125 40.5
392670 718.648210848336 -12701.8316635469 -11983.1834526986 55835.564095932 56047.0434413191 56466.0888223297 54993.5600241472 -212.132649645412 66430.125 40.5
392680 724.200488701451 -12707.6809227374 -11983.480434036 55670.3597727049 55154.6405928636 56549.832045985 55306.6066792659 -306.000048000067 66430.125 40.5
392690 722.150925759868 -12705.9366296664 -11983.7857039065 55783.9776644807 54867.0020371915 56688.8002369382 55796.1307193124 -353.760594618713 66430.125 40.5
392700 717.357887387801 -12701.4304851047 -11984.0725977169 55910.8282839808 55044.6407980187 56646.5307267593 56041.3133271645 -175.765070085929 66430.125 40.5
392710 717.207326305636 -12701.4742470054 -11984.2669206998 55896.9422616451 55553.9725504043 56293.3591413605 55843.4950931705 -14.6229291259079 66430.125 40.5
392720 719.280839885118 -12703.6243272921 -11984.3434874069 55764.2878355431 55922.2036306844 55811.0158351079 55559.644040837 -217.88344923614 66430.125 40.5
392730 720.57057062088 -12704.9052063896 -11984.3346357688 55868.2726050159 56370.2254424482 55659.0628541828 55575.5295184165 -625.631803426031 66430.125 40.5
392740 718.435934670462 -12702.6872549986 -11984.2513203282 56240.1519114461 56652.0672701566 56063.2704082029 56005.1180559789 -1039.99666244531 66430.125 40.5
392750 713.869043981562 -12697.917223849 -11984.0481798675 56403.3462633025 56865.7404324095 56358.9230149994 55985.3753424984 -1224.94121139738 66430.125 40.5
392760 711.419975129716 -12695.05386126 -11983.6338861302 56383.7645551203 56966.8929703903 56621.2160886599 55563.1846063107 -982.898221133824 66430.125 40.5
392770 713.596649763892 -12696.540696623 -11982.9440468591 56248.4003774549 56851.0058715125 56854.2146078271 55039.980653025 -453.754721070637 66430.125 40.5
392780 718.374643852568 -12700.3665963051 -11981.9919524526 56101.2330827237 56648.9162565747 56633.0067969839 55021.7761946126 -398.303188380698 66430.125 40.5
392790 719.358227026996 -12700.1907236281 -11980.8324966011 56278.370980926 56711.8739316202 56411.1977862407 55712.0412249171 -663.181208398825 66430.125 40.5
392800 717.396294114322 -12696.8772932683 -11979.480999154 56330.9923591621 56478.1985717425 56263.5391984441 56251.2393072996 -783.094106433934 66430.125 40.5
392810 721.450375319987 -12699.3715193465 -11977.9211440265 56263.8290645873 56134.7789825845 56352.2314286646 56304.4767825128 -678.130968096371 66430.125 40.5
392820 730.328104539794 -12706.5435531214 -11976.2154485816 55863.4535234918 55277.0658961747 56292.2183268168 56021.0763474838 -447.777872864989 66430.125 40.5
392830 733.263027350456 -12707.7843088773 -11974.5212815269 55807.2514141658 54845.3123823282 56483.6304010049 56092.8114591641 77.7546776282822 66430.125 40.5
392840 728.715737155322 -12701.6493322938 -11972.9335951385 56082.7007791163 55177.4220276421 56644.4482424728 56426.2320672339 688.213622978634 66430.125 40.5
392850 725.753245495781 -12697.1559985084 -11971.4027530127 56380.1276579579 55966.8407177016 56633.3702698963 56540.1719862757 984.706757354743 66430.125 40.5
392860 729.830700003267 -12699.7228617998 -11969.8921617965 56451.7315760969 56678.1542158561 56364.7078793162 56312.3326331182 796.364471460871 66430.125 40.5
392870 730.287848372609 -12698.7261314381 -11968.4382830655 56405.3690731298 56876.9373128267 56257.3506185088 56081.819288054 235.257162119553 66430.125 40.5
392880 725.613388993357 -12692.6865276203 -11967.0731386269 56545.6072743783 56694.7228862158 56732.3653789684 56209.7335579508 68.2784646664446 66430.125 40.5
392890 721.780048301906 -12687.5058768607 -11965.7258285588 56874.2592002012 56748.5852259032 57351.5603403995 56522.6320343008 153.86476408143 66430.125 40.5
392900 722.454003658069 -12686.7729712847 -11964.3189676266 57086.272167033 57105.5291502526 57491.2398736475 56662.0474771987 230.029774769595 66430.125 40.5
392910 727.796945391892 -12690.6576847227 -11962.8607393308 57027.1344988761 57107.9810171402 57339.5869337629 56633.8355457251 295.398906140909 66430.125 40.5
392920 731.350092921435 -12692.7871246712 -11961.4370317497 56937.8972248459 56889.7581624596 57408.7201059905 56515.2134060876 482.873652914733 66430.125 40.5
392930 730.754586992847 -12690.8760413258 -11960.1214543329 57006.3920345495 56875.4755898638 57685.8658219759 56457.8346918088 648.930326889681 66430.125 40.5
392940 732.187240702779 -12691.1209842865 -11958.9337435837 56955.2176084822 56697.0409763556 57812.9179177921 56355.6939312989 593.88329355129 66430.125 40.5
392950 734.359869037311 -12692.249014257 -11957.8891452197 56849.5978578338 56226.0372523526 57920.2312415275 56402.5250796214 603.306899665187 66430.125 40.5
392960 734.256381685871 -12691.27333199 -11957.0169503041 56521.6254281034 55542.1109882447 57786.5213062314 56236.2439898341 708.769456749976 66430.125 40.5
392970 736.656985767617 -12692.9995417499 -11956.3425559823 56385.7025388426 55448.2690893577 57488.770456968 56220.0680702021 797.817647544041 66430.125 40.5
392980 737.928129937158 -12693.8307950495 -11955.9026651124 56560.5478130047 56103.8732965809 57092.8011877825 56484.9689546509 631.743632942673 66430.125 40.5
392990 733.398140794405 -12689.1088788375 -11955.710738043 56641.8761942209 56736.0091769678 56593.8237314407 56595.7956742541 378.5313350003 66430.125 40.5
393000 732.111799179769 -12687.8335042243 -11955.7217050445 56636.3102359099 57123.0621919288 56280.32447475 56505.5440410509 327.785426958012 66430.125 40.5
393010 738.559068478093 -12694.4995166715 -11955.9404481934 56363.494609174 56922.1386293778 55889.7676698494 56278.5775282949 466.262533931299 66430.125 40.5
393020 743.190968811617 -12699.6974529151 -11956.5064841034 56279.922352222 56460.9878629916 55918.7126078486 56460.0665858258 759.20307916629 66430.125 40.5
393030 738.249988629047 -12695.8023579226 -11957.5523692935 56385.314468879 55873.8930117362 56285.9501000536 56996.1002948473 1117.16529961612 66430.125 40.5
393040 728.318456387177 -12687.3837956702 -11959.065339283 56660.1071872525 55515.9903749554 56646.5438711434 57817.7873156588 1353.90413183059 66430.125 40.5
393050 722.032930373321 -12682.9598122265 -11960.9268818531 56848.6297337701 55352.0364397582 56899.4562975188 58294.3964640332 1331.8262270908 66430.125 40.5
393060 723.783637793412 -12686.8694466259 -11963.0858088325 56842.9543690236 55276.6029316723 56734.69406466 58517.5661107386 858.855463975382 66430.125 40.5
393070 726.918095370247 -12692.5079628475 -11965.5898674772 56581.468687759 55227.8159085965 56245.1250563791 58271.4650983014 403.353166764961 66430.125 40.5
393080 727.170235875476 -12695.6504534888 -11968.4802176133 56238.7008383197 55259.6446715961 55932.3463086011 57524.1115347619 123.395774822782 66430.125 40.5
393090 725.944842251252 -12697.6516192108 -11971.7067769596 56122.5714741352 55335.2988835585 56199.8523140735 56832.5632247736 -24.2856005514039 66430.125 40.5
393100 721.111355184033 -12696.1971478103 -11975.0857926262 56368.7173456856 55512.1399061122 56957.3048817019 56636.7072492427 -305.717917230476 66430.125 40.5
393110 714.061143659753 -12692.3928221423 -11978.3316784826 56599.9935356417 55682.9003004847 57423.8532619421 56693.2270444983 -590.138511349829 66430.125 40.5
393120 709.827068566333 -12690.9900419847 -11981.1629734184 56526.3585161672 55362.8407217684 57470.7438613327 56745.4909654004 -548.78576011207 66430.125 40.5
393130 713.607317201958 -12697.0708826522 -11983.4635654503 56186.6287226058 55138.1957993147 56611.4745794333 56810.2157890695 -225.489568795172 66430.125 40.5
393140 722.387135847039 -12707.7098990573 -11985.3227632103 55677.7386683972 54866.8765952657 55571.5642298467 56594.7751800791 159.050666272078 66430.125 40.5
393150 724.811038903225 -12711.7088571275 -11986.8978182243 55539.1279367275 54916.9294488233 55165.0815386594 56535.3728226997 292.133729075866 66430.125 40.5
393160 718.614363955892 -12706.8470309947 -11988.2326670388 55676.00523454 55201.8805178786 55263.9111308752 56562.2240548663 285.28002573923 66430.125 40.5
393170 713.845676439388 -12703.11848297 -11989.2728065307 55589.8917679856 55220.2733968504 55363.8420780834 56185.5598290231 306.581315944658 66430.125 40.5
393180 715.05192597764 -12705.0456527925 -11989.9937268148 55235.6839470706 54926.1603249062 55457.0795620088 55323.8119542968 477.702818621074 66430.125 40.5
393190 719.516123803648 -12709.9819538084 -11990.4658300047 54896.3550029283 54783.0223816697 55316.1526639796 54589.8899631357 601.599763029755 66430.125 40.5
393200 723.609953838713 -12714.4116310645 -11990.8016772258 54751.8989637103 54915.5864472461 55038.0278315716 54302.0826123133 487.132575686531 66430.125 40.5
393210 726.678637402737 -12717.7779229322 -11991.0992855295 54577.7525856075 54806.5711651939 54747.8979567006 54178.7886349279 45.9904741384566 66430.125 40.5
393220 727.338470651661 -12718.7630148096 -11991.4245441579 54563.1493368129 54380.2182802511 55055.2505265008 54253.9792036869 -430.01668854806 66430.125 40.5
393230 722.703393352048 -12714.4803522242 -11991.7769588721 54769.282962666 54016.8313171022 55545.1629204077 54745.8546504883 -685.109117461688 66430.125 40.5
393240 716.890274369379 -12708.9653476781 -11992.0750733087 55081.1888269894 54257.4033827925 55630.221369195 55355.9417289806 -692.886210325535 66430.125 40.5
393250 717.554339622824 -12709.7968930413 -11992.2425534184 55119.7480859636 54628.9146134622 55081.3569725072 55648.9726719214 -418.686970403667 66430.125 40.5
393260 720.927412984959 -12713.2191391608 -11992.2917261759 55150.9160463344 55199.7990627666 54336.6289477997 55916.320128437 253.728720953622 66430.125 40.5
393270 717.548824084373 -12709.8196297963 -11992.270805712 55588.2070758278 56029.0272786787 54277.2007018939 56458.3932469108 1184.55206654495 66430.125 40.5
393280 706.148034471593 -12698.2525395211 -11992.1045050495 56108.3830315903 56531.5448261262 54892.6859979755 56900.9182706692 1451.37613817142 66430.125 40.5
393290 699.295524820095 -12690.9175609055 -11991.6220360854 56427.5462387891 56410.5305703833 55787.3920791223 57084.7160668618 1003.57929276613 66430.125 40.5
393300 701.95233763999 -12692.6517719035 -11990.6994342635 56512.2604534453 56025.6383670499 56479.6068213927 57031.5361718932 493.653150379374 66430.125 40.5
393310 709.920848338013 -12699.2800201272 -11989.3591717892 56295.4887713188 55669.9870501973 56584.1296340998 56632.3496296595 49.2801782439536 66430.125 40.5
393320 720.479466572413 -12708.2320952689 -11987.7526286965 55823.5321289484 55583.2148892913 56019.7309571289 55867.650540425 111.020433782478 66430.125 40.5
393330 727.490859673654 -12713.5649129999 -11986.0740533262 55282.8898312908 55633.8522011029 55182.0637780175 55032.7535147519 479.967612547215 66430.125 40.5
393340 729.034013535114 -12713.5183866882 -11984.4843731531 55006.1722166345 55272.2267937358 54789.0919038856 54957.1979522822 776.239507052335 66430.125 40.5
393350 728.91218122946 -12711.9508300853 -11983.0386488558 54979.7584428096 54784.1337334551 54922.0672243681 55233.0743706055 635.624897316949 66430.125 40.5
393360 729.855983383614 -12711.6012016995 -11981.7452183159 55137.3189967935 54581.3664876302 55286.6896720739 55543.9008306766 331.567105877489 66430.125 40.5
393370 728.830084379578 -12709.4371328905 -11980.6070485109 55378.0986796131 54733.3060782977 55608.0916648796 55792.8982956621 121.558763981276 66430.125 40.5
393380 725.405994206338 -12705.0104527955 -11979.6044585892 55690.7910786019 55384.959969648 56054.8414014634 55632.5718646941 312.171520299311 66430.125 40.5
393390 720.910275884761 -12699.5807583157 -11978.6704824309 55938.1377875618 56102.8472186486 56609.3750235282 55102.1911205086 647.42214477908 66430.125 40.5
393400 716.541588124057 -12694.2471261693 -11977.7055380452 56206.5032041284 56543.860567153 57075.9010306884 54999.7480145439 766.309048916259 66430.125 40.5
393410 718.276797463297 -12694.9206787581 -11976.6438812948 56229.9402455099 56559.6747272033 56932.8119039315 55197.3341053949 676.618328697625 66430.125 40.5
393420 724.482207065822 -12699.9913285751 -11975.5091215093 56088.9765614016 56311.0925029304 56465.1962560057 55490.6409252688 570.319413880814 66430.125 40.5
393430 726.717240478663 -12701.1137659362 -11974.3965254576 55975.013113151 56225.0773804111 55963.8966532919 55736.0653057501 527.395491876461 66430.125 40.5
393440 723.969853603053 -12697.3277259761 -11973.357872373 55938.9650246623 56375.2234482448 55564.3529598626 55877.3186658797 418.795715268995 66430.125 40.5
393450 723.294775278069 -12695.6551978664 -11972.3604225883 55918.4501927396 56615.99328845 55417.2686708827 55722.088618886 347.825242387386 66430.125 40.5
393460 728.310395243341 -12699.7002997471 -11971.3899045038 55759.9978724926 56657.6023739563 55096.2156388879 55526.1756046336 241.23119872623 66430.125 40.5
393470 734.899159127488 -12705.4371148722 -11970.5379557447 55910.2512598125 56663.9570485738 55156.3774850942 55910.4192457695 -167.790501761909 66430.125 40.5
393480 730.556600382462 -12700.4530788611 -11969.8964784787 56244.9373374263 56456.9482342809 55636.8938148949 56640.9699631032 -629.059868147826 66430.125 40.5
393490 717.815536973685 -12687.1932149931 -11969.3776780195 56667.1113378242 56341.2707830502 56506.9089311252 57153.1542992973 -933.200602172399 66430.125 40.5
393500 717.934387021319 -12686.7255330678 -11968.7911460465 56722.6883958002 56098.8757996145 57221.2098826221 56847.9795051639 -938.101254342573 66430.125 40.5
393510 733.530375728562 -12701.6628067356 -11968.132431007 56202.1210233834 55736.240653292 57231.0111902578 55639.1112266005 -513.835765035005 66430.125 40.5
393520 743.687396646002 -12711.3230822317 -11967.6356855857 55814.5321484573 55762.6711420337 56777.9919567562 54902.933346582 -60.9592155954534 66430.125 40.5
393530 739.231407228202 -12706.7434584278 -11967.5120511996 56058.5664136986 56647.7247578536 56311.3773140252 55216.5971692171 407.726508754713 66430.125 40.5
393540 724.978058866352 -12692.6586435281 -11967.6805846618 56627.8632800859 57581.3976055252 56304.6342344616 55997.5580002709 528.46758027078 66430.125 40.5
393550 716.23339403341 -12684.1325647217 -11967.8991706883 56980.7435676241 57806.6252561336 56451.2139921593 56684.3914545794 544.534645837269 66430.125 40.5
393560 720.207030659021 -12688.2233030474 -11968.0162723884 56924.1021288181 57308.6054842587 56329.6762530734 57134.0246491222 851.988905420431 66430.125 40.5
393570 726.653299037634 -12694.7258526269 -11968.0725535893 56718.7044048212 56776.1565335781 56240.1152013443 57139.8414795413 1070.67907883985 66430.125 40.5
393580 726.390745266579 -12694.5731127867 -11968.1823675202 56858.2288372819 56764.5406360689 56696.2864569982 57113.8594187787 911.795968201642 66430.125 40.5
393590 720.079038601263 -12688.4403486652 -11968.3613100639 57178.1756093196 57199.0555153459 57370.2989136621 56965.1723989507 457.767104989389 66430.125 40.5
393600 715.700329343556 -12684.2176889562 -11968.5173596127 57317.3003893583 57471.5893307894 57755.992393307 56724.3194439783 137.854479964134 66430.125 40.5
393610 717.711669142252 -12686.2707691915 -11968.5591000493 57137.9264972607 57369.8305786794 57458.7961010583 56585.1528120444 107.911718759397 66430.125 40.5
393620 725.84824409185 -12694.3372439757 -11968.4889998839 56624.5698091548 56942.3225813004 56789.6379083066 56141.7489378574 398.68045004036 66430.125 40.5
393630 733.911635611797 -12702.3528733924 -11968.4412377806 56457.3771615562 57043.1811688175 56468.3096762988 55860.6406395524 716.105160463396 66430.125 40.5
393640 729.860593626982 -12698.4319828409 -11968.5713892139 56639.034290786 57405.6141902807 56464.5292382928 56046.9594437844 863.274072762252 66430.125 40.5
393650 719.824822573442 -12688.6860268875 -11968.8612043141 56989.7948869969 57924.3356688844 56692.2027089891 56352.8462831172 1059.11833590801 66430.125 40.5
393660 722.488732361957 -12691.6638946297 -11969.1751622677 56914.039328964 57731.4728409953 56760.0368368859 56250.608309011 1377.3292284225 66430.125 40.5
393670 736.01424628477 -12705.5737529647 -11969.55950668 56514.7016745694 57170.195004434 56320.1331215185 56053.7768977557 1628.08298593552 66430.125 40.5
393680 737.690351022518 -12707.9177240699 -11970.2273730474 56351.4887766998 57125.8642903334 55742.1590145001 56186.4430252659 1564.8854838054 66430.125 40.5
393690 723.006162125423 -12694.2048215593 -11971.1986594339 56568.79444921 57465.5716108209 55602.8035725098 56638.0081642994 1387.20840907105 66430.125 40.5
393700 714.11396506578 -12686.3545715641 -11972.2406064983 56771.0719825322 57679.6541627346 55852.1314098169 56781.4303750452 950.10742599001 66430.125 40.5
393710 717.334857022141 -12690.5189020613 -11973.1840450391 56555.6406430824 57479.2183388438 56070.5351902163 56117.1684001871 328.268295578218 66430.125 40.5
393720 719.759242150944 -12693.7950880739 -11974.035845923 56343.7262271327 57214.2710845027 56302.8839981942 55514.0235987014 -168.234202235264 66430.125 40.5
393730 718.721464992997 -12693.5488983823 -11974.8274333893 56228.5915646439 57007.0030632954 56549.7778433173 55128.9937873192 -335.996856677985 66430.125 40.5
393740 721.02324927568 -12696.5859639552 -11975.5627146795 55921.0971292527 56484.6194950903 56385.3209196649 54893.3509730029 -262.824616405669 66430.125 40.5
393750 725.158508349948 -12701.4353858685 -11976.2768775186 55801.9237050159 56263.2928375125 56188.7885025503 54953.689774985 -61.805049452881 66430.125 40.5
393760 725.667010031774 -12702.7018594805 -11977.0348494487 55984.1157704231 56764.6490926407 55950.736502332 55236.9617162966 -83.2733805165458 66430.125 40.5
393770 722.434012697674 -12700.2791910282 -11977.8451783305 56304.9535689381 57480.4323714579 55815.8081051028 55618.6202302536 -292.676160662022 66430.125 40.5
393780 718.858906983327 -12697.5129412593 -11978.654034276 56543.3304514947 57727.3558874842 55778.9402118242 56123.6952551756 -360.371026530024 66430.125 40.5
393790 715.342731073061 -12694.7223026302 -11979.3795715571 56648.1221141493 57330.0575991337 56026.913104874 56587.3956384403 -328.484257285679 66430.125 40.5
393800 716.349506234695 -12696.3139134445 -11979.9644072098 56375.8961512863 56433.5942569349 56143.832137258 56550.2620596662 -327.82941086358 66430.125 40.5
393810 725.174065114245 -12705.6207602365 -11980.4466951223 55800.3249158083 55848.4139228322 55726.6243243942 55825.9365001984 -390.493418490745 66430.125 40.5
393820 733.182278438484 -12714.157803021 -11980.9755245826 55321.6102694245 55770.6412508031 55132.1055853232 55062.0839721471 -775.635852597844 66430.125 40.5
393830 735.244592073624 -12716.9505306958 -11981.7059386222 55186.1874300388 55674.0514691832 55137.2479158264 54747.262905107 -882.163460892653 66430.125 40.5
393840 732.060259592228 -12714.7537589503 -11982.6934993581 55161.2771947269 55318.7312334823 55629.2569838076 54535.8433668907 -555.16716804123 66430.125 40.5
393850 723.292614925045 -12707.1507624882 -11983.8581475632 55382.1587331957 55299.1151887817 56475.049940394 54372.3110704115 -36.4646916172399 66430.125 40.5
393860 715.757392681844 -12700.7958656391 -11985.0384729572 55678.6383395356 55844.1930004407 56835.6776869191 54356.044331247 156.836992059976 66430.125 40.5
393870 713.70323251697 -12699.8011847499 -11986.097952233 55871.9579966634 56456.6408308334 56712.1336349506 54447.0995242062 -151.118671133437 66430.125 40.5
393880 715.459678957527 -12702.4508565771 -11986.9911776196 55716.0456992875 56492.9766852236 56014.9429297859 54640.2174828528 -729.503073812353 66430.125 40.5
393890 717.514007704599 -12705.2596116567 -11987.7456039521 55604.3063483233 56200.1139435408 55460.7456242955 55152.0594771335 -942.682647793398 66430.125 40.5
393900 717.314159250264 -12705.7052552496 -11988.3910959993 55580.8583776862 55746.1993337448 55094.9580045461 55901.4177947677 -752.051277834325 66430.125 40.5
393910 716.964998243719 -12705.8952577182 -11988.9302594745 55603.0877408381 55280.0010562933 55122.434260344 56406.8279058771 -451.847211580233 66430.125 40.5
393920 716.877560493121 -12706.2364653989 -11989.3589049057 55748.0602080015 55255.018903744 55562.0491814442 56427.1125388162 -178.761175675014 66430.125 40.5
393930 713.890953421577 -12703.543925948 -11989.6529725265 55854.8938873271 55379.8175170923 55871.1866780097 56313.6774668791 -270.407738043351 66430.125 40.5
393940 713.229895681142 -12702.9971067477 -11989.7672110665 55957.2374561278 55586.9444234056 55956.4583335038 56328.309611474 -794.724723641621 66430.125 40.5
393950 718.898455310827 -12708.5960554015 -11989.6976000907 55811.7575588655 55456.0257600722 55772.2201798887 56207.0267366357 -1175.28047970607 66430.125 40.5
393960 721.929036638958 -12711.4445881733 -11989.5155515344 55534.2031751173 55123.6970547842 55816.4894145739 55662.4230559939 -1319.23023818919 66430.125 40.5
393970 718.533716901472 -12707.7973358648 -11989.2636189633 55574.5212319013 55285.7356099561 56184.2571957124 55253.5708900354 -1244.6801016934 66430.125 40.5
393980 717.902115847055 -12706.8051507293 -11988.9030348822 55577.6849036202 55406.5739532391 56186.0237509663 55140.4570066553 -1235.92089990458 66430.125 40.5
393990 723.311944303285 -12711.7231938191 -11988.4112495158 55292.6867900243 55272.0094851428 55633.4115551928 54972.6393297371 -1293.99755028845 66430.125 40.5
394000 730.797732026849 -12718.6754399899 -11987.877707963 54843.3239283735 54912.9054264841 54827.5977105699 54789.4686480665 -1240.71894597445 66430.125 40.5
394010 730.668026730438 -12718.1000383426 -11987.4320116122 54859.4976303983 54875.328491923 54558.6342766386 55144.5301226334 -1046.52088151173 66430.125 40.5
394020 718.658039552225 -12705.7211472567 -11987.0631077044 55244.8425545995 55181.3939788376 54733.656752907 55819.476932054 -748.305169561675 66430.125 40.5
394030 710.209216684003 -12696.7832746991 -11986.5740580151 55620.4050180537 55454.5002247592 55222.4736589277 56184.2411704742 -321.027834241268 66430.125 40.5
394040 718.158389205801 -12703.9781911967 -11985.8198019909 55571.1957335415 55274.0235488872 55427.0649604458 56012.4986912915 102.910048069226 66430.125 40.5
394050 727.124365880449 -12711.9854994759 -11984.8611335955 55443.2177345198 55209.2816933601 55623.701750739 55496.6697594602 110.418379822763 66430.125 40.5
394060 724.831086432977 -12708.6749978387 -11983.8439114057 55575.7477987768 55502.1268304709 55967.3504363141 55257.7661295456 -186.289921724312 66430.125 40.5
394070 718.765199251142 -12701.5218973049 -11982.7566980537 55873.8260134032 55889.0017407333 56081.2830014563 55651.1932980198 -334.76263494333 66430.125 40.5
394080 720.712725745368 -12702.2122748789 -11981.4995491335 55910.7823390695 56105.711374546 55716.4766587867 55910.1589838757 -307.33105233439 66430.125 40.5
394090 728.361502166802 -12708.4359230365 -11980.0744208697 55632.3526225583 56191.7787952475 55056.4006551277 55648.8784172997 -155.76036028075 66430.125 40.5
394100 730.190553041922 -12708.7897531465 -11978.5992001046 55536.2913943894 56502.432425288 54718.0952677019 55388.3464901781 345.167985815234 66430.125 40.5
394110 723.761906468721 -12700.8910250958 -11977.1291186271 55730.5526706493 56877.7795386546 54721.1045048676 55592.7739684258 562.263506367732 66430.125 40.5
394120 718.093993663645 -12693.6702314852 -11975.5762378216 56116.8614768084 57039.2088028054 55132.8137147392 56178.5619128805 492.365710947 66430.125 40.5
394130 718.902616198798 -12692.7327539899 -11973.8301377911 56274.7667468615 56973.1222454997 55497.6725007059 56353.505494379 473.36812789894 66430.125 40.5
394140 724.552640834541 -12696.443427401 -11971.8907865665 56218.8556207297 56748.4503661551 55313.1102645816 56595.0062314524 492.742252823857 66430.125 40.5
394150 727.875085204224 -12697.7467338953 -11969.8716486911 56412.3161512825 56700.9659637094 55225.6683154293 57310.3141747089 428.169061947751 66430.125 40.5
394160 721.927266912705 -12689.7718534002 -11967.8445864875 56614.5732106068 56585.9338777769 55460.1495297669 57797.6362242767 537.712830409204 66430.125 40.5
394170 721.922503461662 -12687.7075653643 -11965.7850619026 56580.6296982822 56054.3251813945 55740.9706108369 57946.5933026151 733.007028908436 66430.125 40.5
394180 732.980028309236 -12696.6874216024 -11963.7073932932 56308.1978605722 55549.583376509 55785.6943319247 57589.3158732828 659.556813652674 66430.125 40.5
394190 739.172504182311 -12700.9722298599 -11961.7997256776 55989.9599688767 55390.5357050319 55439.4067359271 57139.9374656711 298.784009129264 66430.125 40.5
394200 734.345920257266 -12694.5633147862 -11960.2173945289 56225.3135639839 56171.5342580378 55464.615042153 57039.791391761 -84.811329463415 66430.125 40.5
394210 727.314677513139 -12686.2220190979 -11958.9073415847 56615.7620686341 57323.5151678421 55661.4639661278 56862.3070719324 -164.70932626251 66430.125 40.5
394220 725.294268856505 -12683.0200733031 -11957.7258044466 56638.5588638186 57513.4512168206 56054.306343617 56347.9190310182 -22.0892018708099 66430.125 40.5
394230 731.561658796975 -12688.1916893848 -11956.6300305878 56316.5475060375 56519.3725119036 56521.3936081173 55908.8763980916 263.994219404393 66430.125 40.5
394240 738.658478141073 -12694.379835805 -11955.7213576639 56347.5234973808 55844.4528335814 57055.6293676353 56142.4882909256 512.531086603793 66430.125 40.5
394250 734.042589536895 -12689.144098873 -11955.1015093361 56802.6717708921 56048.8122797241 57346.3303801528 57012.8726527993 273.040577230357 66430.125 40.5
394260 722.197946772811 -12676.8791851936 -11954.6812384208 57273.6848405317 56578.9048968785 57064.3653952804 58177.7842294363 -105.443905502837 66430.125 40.5
394270 723.741201121785 -12678.0170800272 -11954.2758789054 57192.7614464557 56371.3093561551 56428.5072006849 58778.467782527 -5.4206543399901 66430.125 40.5
394280 742.504062152473 -12696.4228084676 -11953.9187463152 56646.5960845328 55612.0061125769 55973.3559138961 58354.4262271253 466.907149532448 66430.125 40.5
394290 756.099690561026 -12710.0304368625 -11953.9307463015 56227.9126534508 55104.0255905457 55974.287738382 57605.4246314247 774.964728421574 66430.125 40.5
394300 746.874410875375 -12701.4322131346 -11954.5578022593 56555.1901479874 55686.867950599 56439.9412066199 57538.7612867433 522.908606815656 66430.125 40.5
394310 726.370928592143 -12682.0171470738 -11955.6462184816 57335.3418736455 56817.447485233 57144.4585945242 58044.1195411792 303.833449398983 66430.125 40.5
394320 713.07875211734 -12669.895145553 -11956.8163934357 57944.0625138538 57568.3035904679 57575.7199345125 58688.164016581 347.146289394842 66430.125 40.5
394330 719.464127634363 -12677.3242083211 -11957.8600806867 57698.3056060623 57410.23727454 57046.6486279319 58638.030915715 272.625610336396 66430.125 40.5
394340 739.896269093316 -12698.8396929207 -11958.9434238274 56920.0349298698 56761.9888701243 56023.2018026493 57974.9141168358 96.0913911017677 66430.125 40.5
394350 745.363863101896 -12705.7844123466 -11960.4205492447 56416.0945775738 56443.1984002094 55346.8551763049 57458.2301562072 -40.3305707961137 66430.125 40.5
394360 728.505375141234 -12690.8988583455 -11962.3934832043 56622.5294023169 56879.9025427036 55462.5637214307 57525.1219428163 -50.9566963299081 66430.125 40.5
394370 715.189353298547 -12679.7838882809 -11964.5945349823 56833.2064547764 57048.5520411776 55864.3800353118 57586.6872878397 -68.2287474025871 66430.125 40.5
394380 722.787681258694 -12689.6339475901 -11966.8462663314 56368.8186161678 56388.1013253367 55438.36875863 57279.9857645367 -190.259888267902 66430.125 40.5
394390 736.692852987871 -12705.9893574002 -11969.2965044124 55570.8311609092 55369.6490567362 54674.6022321325 56668.2421938589 -272.886662374897 66430.125 40.5
394400 736.098374500939 -12708.2399996364 -11972.1416251354 55296.1191287487 55167.6882132377 54534.2829494175 56186.3862235909 -242.346270975791 66430.125 40.5
394410 725.07906490845 -12700.3514443902 -11975.2723794818 55586.5891819342 55847.2344009084 54986.9079395405 55925.6252053537 -80.1005173746389 66430.125 40.5
394420 722.249846716377 -12700.6408956047 -11978.3910488883 55638.3551747286 56146.3354674714 55281.2290633266 55487.5009933878 -211.501238512548 66430.125 40.5
394430 728.616686802748 -12709.9468983341 -11981.3302115313 55468.1970886743 55862.3501252114 55341.4332177883 55200.8079230231 -329.316672198803 66430.125 40.5
394440 729.365475367801 -12713.3818722891 -11984.0163969213 55361.7601437627 55424.1722232834 55439.2259791487 55221.8822288559 -323.566042240341 66430.125 40.5
394450 723.30412210709 -12709.6279066341 -11986.323784527 55403.9205904519 55408.5989907624 55546.9985940748 55256.1641865185 -201.049714108812 66430.125 40.5
394460 716.863883034334 -12704.9653183886 -11988.1014353543 55576.9445183146 55770.5874826409 55450.0598789913 55510.1861933115 113.505530041322 66430.125 40.5
394470 714.832832127807 -12704.1410108057 -11989.3081786779 55567.9070665091 55861.9329795757 55135.7978641845 55705.9903557672 219.989738775701 66430.125 40.5
394480 716.610595436647 -12706.6700354008 -11990.0594399642 55434.9385243977 55466.3171805564 54984.0834931938 55854.4148994429 213.494056197862 66430.125 40.5
394490 712.804538456116 -12703.2787159303 -11990.4741774742 55651.4200717861 55331.5511935773 55261.4526286393 56361.2563931417 178.277346156292 66430.125 40.5
394500 710.026950366363 -12700.6239197439 -11990.5969693775 55757.069416624 55335.9936799878 55270.990409222 56664.2241606621 89.9527319517791 66430.125 40.5
394510 717.495433188571 -12707.9824203123 -11990.4869871237 55695.1796751392 55172.0407608435 55321.8210218477 56591.6772427264 19.9744499453336 66430.125 40.5
394520 723.938134979903 -12714.2111717846 -11990.2730368047 55550.5022737068 54912.6303495676 55530.9447822734 56207.9316892793 117.183804394018 66430.125 40.5
394530 724.214835949116 -12714.2833617519 -11990.0685258028 55453.7390284839 54845.5277528253 55550.5139353357 55965.1753972905 397.950503896521 66430.125 40.5
394540 725.55056452032 -12715.455619969 -11989.9050554486 55220.8562290986 54603.306604219 55246.408109048 55812.8539740288 578.995037142185 66430.125 40.5
394550 725.086397902414 -12714.8722202736 -11989.7858223712 55127.1884090326 54507.0392377842 55235.7118116234 55638.8141776901 705.39788316928 66430.125 40.5
394560 719.5697050096 -12709.2558110644 -11989.6861060548 55349.4699893191 54605.9548253909 55644.9187946 55797.5363479663 785.359448268975 66430.125 40.5
394570 711.904811610675 -12701.4103758753 -11989.5055642646 55634.2990560277 54819.4409887037 56114.8053472348 55968.6508321448 837.406598186334 66430.125 40.5
394580 705.787563115067 -12694.887843919 -11989.1002808039 55663.4015309901 54665.357973391 56345.4452586115 55979.4013609679 985.11605777098 66430.125 40.5
394590 706.660794638203 -12695.0207794415 -11988.3599848033 55551.1378573103 54686.6297056662 56142.3360130379 55824.4478532267 1117.69715219103 66430.125 40.5
394600 719.495310632189 -12706.7941998705 -11987.2988892383 55219.0906666503 54871.4960990494 55267.0676543611 55518.7082465404 893.209384618356 66430.125 40.5
394610 738.974821277234 -12725.1224792216 -11986.1476579443 54575.8515133166 54641.3594110723 54076.6683609749 55009.5267679025 531.283329215457 66430.125 40.5
394620 744.204338340145 -12729.4449747064 -11985.2406363663 54512.6004210367 54703.2675840071 53662.0459406785 55172.4877384245 282.039460486417 66430.125 40.5
394630 731.052426529221 -12715.754150162 -11984.7017236328 54955.533804149 54701.4000523846 54147.7478330262 56017.4535270362 455.998713924202 66430.125 40.5
394640 716.830367702914 -12701.1475738324 -11984.3172061295 55504.2059101175 54597.7807865903 55251.8176365989 56663.0193071633 676.037293392289 66430.125 40.5
394650 714.016021644889 -12697.8411956891 -11983.8251740442 55770.9374629584 54529.3707614645 56034.839000557 56748.6026268537 533.83080016336 66430.125 40.5
394660 717.102091327405 -12700.2390169663 -11983.1369256389 55927.897164411 54732.0521575573 56569.1512949412 56482.4880407343 201.818157109197 66430.125 40.5
394670 716.564283692735 -12698.8362191136 -11982.2719354209 56072.4077702289 55165.9278077706 57072.6265912884 55978.6689116278 -178.147226972012 66430.125 40.5
394680 716.071364345538 -12697.3043452085 -11981.2329808629 56039.9018276179 55485.306111871 57033.539318264 55600.8600527186 -425.053533713067 66430.125 40.5
394690 720.123248874393 -12700.1432955799 -11980.0200467055 56058.5461213212 55900.1923374794 56703.8096145841 55571.6364119 -541.193812877061 66430.125 40.5
394700 722.270423353518 -12700.9427057649 -11978.6722824114 56001.6566394784 56114.722724776 56295.949750438 55594.2974432213 -394.813540856891 66430.125 40.5
394710 724.571022914519 -12701.8200903657 -11977.2490674512 55920.4683940242 56011.7749412762 56167.5704544278 55582.0597863687 -440.354364442004 66430.125 40.5
394720 730.026922546624 -12705.8346301855 -11975.8077076388 55571.0593586604 55418.9446099527 55986.5574581681 55307.6760078604 -694.126883605217 66430.125 40.5
394730 734.007240695505 -12708.4519772093 -11974.4447365138 55458.8942099264 54945.7505131539 56082.2524645875 55348.6796520377 -887.773248502192 66430.125 40.5
394740 733.098390067539 -12706.3477137513 -11973.2493236838 55645.2087085578 54847.7239103134 56256.6838829985 55831.2183323613 -634.495290977122 66430.125 40.5
394750 727.268439294344 -12699.4763293331 -11972.2078900388 56064.586490904 55126.5671237808 56402.8102030698 56664.3821458615 -136.657156119866 66430.125 40.5
394760 723.857958185637 -12695.0796778284 -11971.2217196427 56168.0668486794 55171.320563636 56028.7374342945 57304.1425481076 4.00319821774686 66430.125 40.5
394770 728.788640115387 -12699.0219611891 -11970.2333210737 56011.0162635156 54983.4932883375 55434.5185836998 57615.0369185094 -176.269223027052 66430.125 40.5
394780 734.262496891754 -12703.5694146566 -11969.3069177648 56073.2131448369 55233.9455346139 55535.8322563206 57449.8616435762 -285.286890783671 66430.125 40.5
394790 731.577234376006 -12700.1098665004 -11968.5326321244 56327.509185903 56087.7687654905 55970.0758667838 56924.6829254346 -105.017594944481 66430.125 40.5
394800 726.897969379406 -12694.7776267628 -11967.8796573834 56550.6908605769 56655.1728160827 56376.6338115612 56620.265954087 245.987266730858 66430.125 40.5
394810 729.970793985475 -12697.2630488171 -11967.2922548316 56567.9177257008 56567.9927648702 56694.4717225593 56441.288689673 200.714391484957 66430.125 40.5
394820 731.221142454651 -12698.0024903822 -11966.7813479275 56649.3497123472 56214.4275580063 57213.3644101851 56520.2571688504 -162.686619518712 66430.125 40.5
394830 728.554707788279 -12694.922972973 -11966.3682651847 56604.0750659993 55967.5436080217 57166.1153547828 56678.5662351934 -515.674842456782 66430.125 40.5
394840 734.15314761029 -12700.2064177456 -11966.0532701353 56197.9660600022 55479.3245457691 56456.4966275136 56658.0770067239 -429.96469418983 66430.125 40.5
394850 742.123497603621 -12708.0603832275 -11965.9368856238 55874.0065916591 54996.4382245894 55844.4958377628 56781.0857126249 53.8076002943907 66430.125 40.5
394860 736.686442004002 -12702.8526643021 -11966.1662222981 56100.5878048843 55092.3898208367 55824.9330305551 57384.4405632612 458.643810327624 66430.125 40.5
394870 719.146861257398 -12685.8158859735 -11966.6690247161 56781.2306661473 55816.5753410799 56121.7283794045 58405.3882779576 524.154671949196 66430.125 40.5
394880 707.19681944829 -12674.3601254193 -11967.163305971 57397.8385403964 56719.756354169 56448.4839813693 59025.275285651 156.854794286215 66430.125 40.5
394890 711.227971843402 -12678.6543934144 -11967.426421571 57380.2308881763 56956.5024788088 56386.8962242827 58797.2939614372 -191.162969477212 66430.125 40.5
394900 725.116551066744 -12692.6094512465 -11967.4929001797 56890.840969631 56330.6136667585 56510.9124361771 57830.9968059574 -314.158368756234 66430.125 40.5
394910 733.528847591446 -12701.1085090508 -11967.5796614594 56388.352548867 55455.3738623327 56805.0763610209 56904.6074232472 -241.699113439653 66430.125 40.5
394920 732.06768847336 -12699.9359426367 -11967.8682541634 56057.8986350192 54724.5096078623 56934.1313970955 56515.0549000998 41.8969171612561 66430.125 40.5
394930 731.446323333125 -12699.8514294168 -11968.4051060837 55848.8935923991 54432.4596487615 56878.5470156695 56235.6741127663 73.1855325111396 66430.125 40.5
394940 735.401242814375 -12704.6385875037 -11969.2373446894 55855.6619520759 54659.8883608567 56895.4370836224 56011.6604117485 -4.26978272469286 66430.125 40.5
394950 733.341433133409 -12703.791947046 -11970.4505139126 55907.381265711 55180.7989692801 56749.8479159891 55791.4969118637 13.4604309006153 66430.125 40.5
394960 725.77419914857 -12697.8077354045 -11972.0335362559 55951.6156523932 55590.9946218007 56675.6271192963 55588.2252160826 42.0069477959647 66430.125 40.5
394970 723.212961248796 -12697.0977464689 -11973.8847852201 55918.4929028522 55849.9425753082 56338.6796361712 55566.8564970772 238.561419540498 66430.125 40.5
394980 723.946054298204 -12699.8789362761 -11975.9328819779 55866.1098417154 56229.4855948311 55868.3666953906 55500.4772349245 627.52854456197 66430.125 40.5
394990 722.119216716141 -12700.2632887717 -11978.1440720555 55873.7044435956 56506.1059023022 55697.1779131532 55417.8295153316 777.749602762417 66430.125 40.5
395000 716.608080640576 -12697.0254777606 -11980.41739712 55856.2989464669 56489.1604710547 55629.4340569833 55450.3023113627 693.162825480262 66430.125 40.5
