# Fix print output for fix setl_out
421000 783.382458460892 -12651.128709435 -11867.7462509742 60085.0447563268 59616.1780043828 60874.9567068742 59763.9995577235 -203.256531454974 66430.125 40.5
421010 791.653815216368 -12659.531028599 -11867.8772133826 59776.6643035976 59131.4881063251 60577.3691869203 59621.1356175476 46.3219096386425 66430.125 40.5
421020 783.972901764995 -12652.2648281597 -11868.2919263948 59902.8881500025 59174.157658352 60814.4237225835 59720.0830690719 -80.5576809641894 66430.125 40.5
421030 769.649102475164 -12638.5200514719 -11868.8709489967 60463.6852632436 59579.8843870832 61396.9725270722 60414.1988755753 -467.027150736484 66430.125 40.5
421040 764.287466900707 -12633.6550152814 -11869.3675483806 60765.3348037728 59770.5935942572 61750.3907953881 60775.0200216731 -841.443367735676 66430.125 40.5
421050 771.66197864475 -12641.3587101677 -11869.696731523 60684.2146624915 59646.1027151672 61726.2802079373 60680.2610643701 -897.718129191564 66430.125 40.5
421060 779.276283042681 -12649.2371275515 -11869.9608445088 60345.3924138496 59366.7309832494 61172.8671776108 60496.5790806885 -783.093236419229 66430.125 40.5
421070 780.809892022838 -12651.1162486757 -11870.3063566529 60075.0845745194 59334.2763204785 60535.7393048495 60355.2380982301 -779.005245850698 66430.125 40.5
421080 778.729638288645 -12649.5187362797 -11870.789097991 60163.1596984078 59634.4023783817 60649.4822901149 60205.5944267268 -770.909380958322 66430.125 40.5
421090 774.859643247473 -12646.2418486927 -11871.3822054453 60495.7097153354 60366.1205594006 61144.1091844303 59976.8994021754 -484.06870920347 66430.125 40.5
421100 771.633227597199 -12643.6585043398 -11872.0252767426 60821.9157034307 61232.6824753341 61307.8756530526 59925.1889819052 -357.863015606106 66430.125 40.5
421110 772.512947313498 -12645.196533563 -11872.6835862495 60797.8949781666 61304.4959004595 61231.3573493035 59857.8316847368 -394.619898474927 66430.125 40.5
421120 773.600632069397 -12646.9748023803 -11873.3741703109 60542.6864080544 60742.2892006266 61204.4758220312 59681.2942015054 -804.101488189057 66430.125 40.5
421130 771.395433902434 -12645.5223582551 -11874.1269243527 60507.8342488975 60659.2599095343 61108.3482765219 59755.8945606362 -1068.86792725053 66430.125 40.5
421140 766.560695387053 -12641.4783118483 -11874.9176164612 60682.6880161751 61016.4139761655 60885.3749542045 60146.2751181552 -971.545034857364 66430.125 40.5
421150 760.970714736241 -12636.6286764095 -11875.6579616733 60748.6320492766 61221.3429016316 60739.5499988999 60285.0032472982 -712.799939030757 66430.125 40.5
421160 759.037472673802 -12635.2736625374 -11876.2361898636 60688.4719900451 60780.7351886573 61113.8998615647 60170.7809199133 -648.978696073342 66430.125 40.5
421170 764.830685776695 -12641.4293207013 -11876.5986349246 60261.8124922923 59931.9472934163 61133.5989841804 59719.8911992803 -958.498236892723 66430.125 40.5
421180 775.987495314618 -12652.8119295109 -11876.8244341963 59920.5149678009 59133.6305367174 60961.6814629394 59666.232903746 -1302.20820788422 66430.125 40.5
421190 780.548679370908 -12657.6423288678 -11877.0936494969 59829.2680739213 58821.5949059545 60793.7828984293 59872.4264173802 -1142.87273419465 66430.125 40.5
421200 772.40842046046 -12649.8884149031 -11877.4799944426 60088.7855687577 59187.669025252 60868.5250204799 60210.1626605412 -487.410853587295 66430.125 40.5
421210 768.59089615815 -12646.4834801854 -11877.8925840273 60189.5761034648 59935.7488727358 60906.780302603 59726.1991350555 134.435370209279 66430.125 40.5
421220 774.284774037756 -12652.5496221804 -11878.2648481426 59902.6291011098 60471.5407157788 60683.3527468412 58552.9938407094 298.770158917842 66430.125 40.5
421230 775.089002963303 -12653.7370200645 -11878.6480171012 59684.9248639613 60553.8703006519 60578.4394812704 57922.4648099615 164.118568466368 66430.125 40.5
421240 768.491686409511 -12647.5507373148 -11879.0590509053 59926.5994718002 60834.6119729532 60864.6506953124 58080.5357471349 -315.37207083041 66430.125 40.5
421250 761.656037321173 -12641.0374918036 -11879.3814544824 60286.0420124048 60941.6028330665 61130.1352885043 58786.3879156436 -553.329087695283 66430.125 40.5
421260 757.455606055405 -12636.91608281 -11879.4604767546 60452.1698986223 60956.9632082465 61020.2163762237 59379.3301113967 -640.827865313478 66430.125 40.5
421270 758.383244713861 -12637.5704446182 -11879.1871999043 60427.1596234298 61307.5563397019 60340.3819267676 59633.5406038201 -608.474858585038 66430.125 40.5
421280 766.675726657593 -12645.2289284112 -11878.5532017536 60048.271899169 61287.9387057668 59414.788237655 59442.0887540851 -628.704327487833 66430.125 40.5
421290 776.491171779081 -12654.1630478803 -11877.6718761012 59593.7882434087 60813.3144315927 58762.8116860141 59205.2386126195 -736.271356192405 66430.125 40.5
421300 782.072921339995 -12658.7908423206 -11876.7179209806 59579.2415007784 60159.6486499816 58867.7710902092 59710.3047621444 -893.647791621255 66430.125 40.5
421310 782.020575235917 -12657.8409542971 -11875.8203790611 59686.8198320119 59625.2846569344 59381.2554078039 60053.9194312976 -834.075328354838 66430.125 40.5
421320 774.610682440522 -12649.5890474429 -11874.9783650024 59894.1455970934 59664.8402462311 60055.7471839663 59961.8493610829 -742.262950791523 66430.125 40.5
421330 769.092543771426 -12643.1686816189 -11874.0761378475 60130.5322597169 59770.1554588205 60710.220714956 59911.2206053741 -673.877244486334 66430.125 40.5
421340 775.061978859694 -12648.0868519697 -11873.02487311 60023.1124277807 59771.7573657915 60731.612345049 59565.9675725016 -642.367623856156 66430.125 40.5
421350 783.390652817954 -12655.2861773976 -11871.8955245796 59887.2044834722 60003.9943410723 60428.5860286033 59229.033080741 -504.790692486929 66430.125 40.5
421360 784.199222876374 -12655.0364488304 -11870.837225954 59954.8250616554 60015.0801139974 60392.2813947201 59457.1136762487 -325.335592401265 66430.125 40.5
421370 779.56975649009 -12649.4717872193 -11869.9020307292 60259.3949791782 60093.8536654583 60447.9902993414 60236.3409727347 38.691140378939 66430.125 40.5
421380 772.054994465412 -12641.0629751662 -11869.0079807008 60682.1565004827 60315.0502803331 60585.2295427504 61146.1896783645 80.9042528962693 66430.125 40.5
421390 763.59636671678 -12631.600361574 -11868.0039948572 61044.4944619909 60705.1072676808 60812.7178713386 61615.6582469532 -218.579298798583 66430.125 40.5
421400 759.769946093776 -12626.5020706278 -11866.732124534 61304.5246775768 61080.2440381553 61194.0589457324 61639.2710488426 -443.473354542357 66430.125 40.5
421410 761.692382983269 -12626.7919278991 -11865.0995449159 61331.3732727035 60992.2730488267 61689.6139905065 61312.2327787774 -423.955435346219 66430.125 40.5
421420 764.58290134736 -12627.7009557813 -11863.1180544339 61316.3903793468 61209.1863214475 61997.5068677452 60742.4779488475 -142.147397375286 66430.125 40.5
421430 769.639370554627 -12630.4970434973 -11860.8576729427 61009.3974374979 61396.6052613413 61458.6294949455 60172.9575562069 200.466297493659 66430.125 40.5
421440 779.059638227385 -12637.514443996 -11858.4548057686 60659.5823268432 61329.1752945876 60624.1438679744 60025.4278179675 319.209219756021 66430.125 40.5
421450 786.130727612755 -12642.2464246842 -11856.1156970714 60399.0810349416 60958.2749611923 60143.8204398483 60095.1477037841 312.501796422922 66430.125 40.5
421460 785.219575089954 -12639.2365895247 -11854.0170144348 60497.1335312305 60660.6834086253 60546.9194896289 60283.7976954373 142.603842060503 66430.125 40.5
421470 780.853102234081 -12633.0381596573 -11852.1850574233 60861.0125923878 60612.7034121511 61128.0174671431 60842.3168978691 -16.8998247278342 66430.125 40.5
421480 781.634375651354 -12632.1882616307 -11850.5538859794 60904.598746298 60598.9345571597 61117.3284108144 60997.5332709198 72.8191127780668 66430.125 40.5
421490 785.94751602102 -12635.0682364564 -11849.1207204354 60804.4936144749 60619.4417242734 61015.0253007497 60779.0138184016 284.51156542679 66430.125 40.5
421500 785.993338078192 -12633.9286525574 -11847.9353144792 61013.4857175973 60930.2182029242 61200.8550795132 60909.3838703545 108.239046927371 66430.125 40.5
421510 783.971205517374 -12630.9724766227 -11847.0012711053 61262.1814753817 61052.2843708267 61513.5118083802 61220.7482469382 -30.3225539884165 66430.125 40.5
421520 785.645997148211 -12631.9303932784 -11846.2843961301 61381.0452887427 60732.0184444292 61757.1575374195 61653.9598843794 20.0821730683927 66430.125 40.5
421530 787.127082581405 -12632.9190588465 -11845.7919762651 61601.9512629256 60159.5741933219 62239.4550930393 62406.8245024158 147.637997907367 66430.125 40.5
421540 782.036093582881 -12627.5579430587 -11845.5218494758 61875.2003831267 59751.0849974201 62913.1282907565 62961.3878612035 525.766765637312 66430.125 40.5
421550 775.982695815591 -12621.3688855083 -11845.3861896927 62055.7694275842 59903.7931332834 63026.3169683694 63237.1981810998 687.999123009286 66430.125 40.5
421560 777.904038291632 -12623.1897981112 -11845.2857598196 62005.7276578405 60556.8192519403 62673.794009631 62786.5697119503 506.380428416814 66430.125 40.5
421570 785.196372218352 -12630.4488190974 -11845.2524468791 61732.3701083777 60816.8006447992 62513.9599753825 61866.3497049514 90.7061945767056 66430.125 40.5
421580 786.664816608364 -12632.0631846966 -11845.3983680882 61475.2789963768 60933.9272159202 62467.9610002885 61023.9487729215 -388.670983172404 66430.125 40.5
421590 783.392499743444 -12629.1588714429 -11845.7663716994 61289.2148350034 61328.8530076176 62099.0188674343 60439.7726299582 -483.912238002248 66430.125 40.5
421600 785.200339753554 -12631.5432007837 -11846.3428610301 61144.5084753439 61623.0808004138 61742.7794807669 60067.665144851 -39.9005237607746 66430.125 40.5
421610 787.367671414552 -12634.5345666144 -11847.1668951999 61203.2587686219 61638.2354731499 61932.7728798045 60038.7679529111 201.368880786342 66430.125 40.5
421620 780.463907730583 -12628.7418448543 -11848.2779371237 61609.3140576642 61609.5640629316 62592.0970321595 60626.2810779014 240.583867171545 66430.125 40.5
421630 767.768403007319 -12617.3262366203 -11849.557833613 61979.4381014127 61491.092115345 63062.3203726946 61384.9018161986 107.12688760157 66430.125 40.5
421640 766.049769092576 -12616.8721731232 -11850.8224040306 61932.1736237534 61273.0911970307 62986.5222566591 61536.9074175703 90.0782086848363 66430.125 40.5
421650 780.472971923937 -12632.572918796 -11852.0999468721 61451.2176911718 61154.7861393567 62249.1207990618 60949.7461350971 167.785483291719 66430.125 40.5
421660 790.565039630259 -12644.2143466733 -11853.649307043 60871.7321655373 61178.2999040352 61269.2156672579 60167.6809253188 -110.201678909675 66430.125 40.5
421670 788.6016100853 -12644.3184745296 -11855.7168644443 60671.227296148 61467.5440267547 60766.5914185889 59779.5464431006 -514.172043570392 66430.125 40.5
421680 782.98241310174 -12641.3225306919 -11858.3401175902 60650.0113637984 61748.1940969935 60510.2401614906 59691.599832911 -863.66109763156 66430.125 40.5
421690 781.409712444638 -12642.8521301668 -11861.4424177221 60425.0442911679 61465.8580527518 60320.4310872394 59488.8437335125 -1124.00391856532 66430.125 40.5
421700 785.938270463524 -12650.9148917496 -11864.9766212861 59738.6563472355 60435.0826117422 59818.8756737905 58962.0107561737 -1160.6589287944 66430.125 40.5
421710 788.552848372118 -12657.4390872237 -11868.8862388516 59414.5890657397 59537.1261406993 59902.7521380489 58803.888918471 -820.195088422742 66430.125 40.5
421720 783.801922694189 -12656.7553125628 -11872.9533898686 59704.3422842974 59101.9824156898 60577.9675627473 59433.076874455 -623.84948390484 66430.125 40.5
421730 771.493703670083 -12648.2358776663 -11876.7421739962 60201.6677299837 59237.7043238053 60865.8190927908 60501.4797733552 -656.063918155421 66430.125 40.5
421740 761.435362395404 -12641.2639598141 -11879.8285974187 60399.5945182336 59608.6001318751 60290.2340334003 61299.9493894253 -774.285740330969 66430.125 40.5
421750 759.826862080089 -12641.8828423399 -11882.0559802598 60436.7293201798 59821.5913284159 59976.3143235813 61512.2823085422 -920.283721833634 66430.125 40.5
421760 762.672727729179 -12646.2126750153 -11883.5399472861 60423.0536014155 59587.197041176 60305.7534119476 61376.2103511232 -1116.30365119034 66430.125 40.5
421770 761.355217396519 -12645.8311581212 -11884.4759407247 60445.2235465079 58984.2912253321 61118.7223983469 61232.6570158446 -1148.50711430531 66430.125 40.5
421780 751.499026626434 -12636.4429390362 -11884.9439124098 60633.6404461693 58617.0894644657 62012.8937211085 61270.9381529337 -1121.93443375346 66430.125 40.5
421790 745.837511406177 -12630.7414617796 -11884.9039503734 60755.6941580922 58741.7409673813 62383.0325163066 61142.3089905887 -874.146073083309 66430.125 40.5
421800 756.19395848909 -12640.5792387993 -11884.3852803102 60545.1867293906 58912.1023783858 62151.2689662322 60572.1888435537 -836.252931670421 66430.125 40.5
421810 768.430178168089 -12652.0018314326 -11883.5716532645 60239.1722616308 59036.7376387912 61656.403117313 60024.3760287883 -657.921004249881 66430.125 40.5
421820 769.290779529109 -12651.9628396654 -11882.6720601363 60363.1004040226 59703.1252524872 61340.4967982472 60045.6791613332 -396.431744565569 66430.125 40.5
421830 763.622671754418 -12645.3426282606 -11881.7199565062 60568.0186325818 60520.5291210626 60973.27609238 60210.2506843027 -356.688590484833 66430.125 40.5
421840 761.811929924176 -12642.43204677 -11880.6201168458 60454.9684835693 60707.2192542442 60342.1385971149 60315.5475993489 -575.269772121191 66430.125 40.5
421850 768.263167636882 -12647.6005845816 -11879.3374169447 60147.6442604571 60347.9943667948 59644.4519120104 60450.4865025661 -959.636309960918 66430.125 40.5
421860 775.738452707332 -12653.7021449982 -11877.9636922909 59744.9623751137 59904.2796815636 58993.7414049859 60336.8660387916 -1098.07061724422 66430.125 40.5
421870 776.819966814272 -12653.4457577152 -11876.6257909009 59647.5664146791 59786.860762869 58882.1119597253 60273.7265214429 -747.843999693476 66430.125 40.5
421880 771.926163963067 -12647.2787333813 -11875.3525694183 60005.2906287391 60104.1566603831 59468.480676047 60443.2345497873 -451.495702547564 66430.125 40.5
421890 765.462396367645 -12639.5142878981 -11874.0518915304 60337.3362645997 60610.0219305961 60050.5374885112 60351.4493746917 -508.977513683633 66430.125 40.5
421900 764.885023051402 -12637.4891125054 -11872.604089454 60371.3687056733 60862.8831988409 60234.3754631336 60016.8474550456 -592.511103096987 66430.125 40.5
421910 775.374937511917 -12646.3818182563 -11871.0068807444 60192.6633230804 60734.1407601063 60060.6491773308 59783.2000318041 -689.170930504195 66430.125 40.5
421920 785.479237469586 -12654.8966315582 -11869.4173940886 59813.1251036888 60366.943835106 59712.4710006578 59359.9604753027 -837.971419659233 66430.125 40.5
421930 788.235020320292 -12656.2720048646 -11868.0369845443 59733.5995839269 60250.7536015354 59523.9907228157 59426.0544274296 -706.425155049169 66430.125 40.5
421940 786.358326431968 -12653.2966904326 -11866.9383640006 60064.25269568 60467.618949648 59639.5009826672 60085.6381547247 -77.3126442200614 66430.125 40.5
421950 780.66161672835 -12646.7369123914 -11866.075295663 60571.1029590195 60980.6383749055 59893.6735336209 60838.9969685321 748.033668210713 66430.125 40.5
421960 773.363666475726 -12638.6926455097 -11865.3289790339 60873.8598314871 60940.7991158145 60427.8680217554 61252.9123568913 1273.86849780451 66430.125 40.5
421970 768.483898032301 -12633.0376565109 -11864.5537584786 61049.3051931482 60842.0185886261 61184.0779742326 61121.819016586 1185.41780240358 66430.125 40.5
421980 769.440330881825 -12633.096443364 -11863.6561124822 61105.1087923613 60717.7014169 61804.7675067875 60792.8574533965 724.334522964931 66430.125 40.5
421990 773.457075226673 -12636.0849203225 -11862.6278450959 60972.9792780661 60641.8453524667 61987.1419615811 60289.9505201506 288.92699566471 66430.125 40.5
422000 778.777853455142 -12640.3199462342 -11861.542092779 60700.4783786326 60945.1370294835 61529.5017346383 59626.7963717759 310.684114642752 66430.125 40.5
422010 782.880543297745 -12643.3771513661 -11860.4966080683 60742.5150470727 61135.8188948671 61025.8955885689 60065.830657782 594.731282175292 66430.125 40.5
422020 781.835232739338 -12641.3985750147 -11859.5633422753 60822.859136589 61029.1054523368 60621.3766826884 60818.0952747417 778.635548553128 66430.125 40.5
422030 777.271404710292 -12635.9970943655 -11858.7256896552 60797.5181871681 60837.2739110147 60476.4354090106 61078.845241479 606.378036611254 66430.125 40.5
422040 774.919408622206 -12632.831049723 -11857.9116411008 61001.2907345455 60939.2347667825 61029.6270948846 61035.0103419695 171.633068318436 66430.125 40.5
422050 772.300096447385 -12629.3531077493 -11857.0530113019 61314.3477358197 61450.2315709382 61445.9127538424 61046.8988826784 -590.519035577573 66430.125 40.5
422060 766.754172397285 -12622.8255002806 -11856.0713278833 61497.7692682747 61798.3081237863 61668.1207480452 61026.8789329927 -1298.11757881958 66430.125 40.5
422070 766.774843018781 -12621.6467445075 -11854.8719014887 61571.780224249 62017.6385278792 61691.8349718576 61005.8671730102 -1327.25232543079 66430.125 40.5
422080 775.500792724088 -12628.9279803471 -11853.4271876231 61438.2510803927 62136.4205875298 61306.967854502 60871.3647991462 -1026.91072112085 66430.125 40.5
422090 783.477999244672 -12635.3299430607 -11851.851943816 61316.6878090571 62438.1082739614 60757.2765213562 60754.6786318538 -484.978176629408 66430.125 40.5
422100 785.474316382235 -12635.7677905921 -11850.2934742099 61090.0902250383 62459.1737454755 60334.3174439264 60476.7794857129 -181.330191345914 66430.125 40.5
422110 786.389881591872 -12635.2073127517 -11848.8174311598 61061.4091752964 62479.2716610623 60256.0558041541 60448.9000606726 -97.4005277356142 66430.125 40.5
422120 790.368053592015 -12637.8275836181 -11847.4595300261 61168.4615393508 62316.0228381785 60484.5569569298 60704.8048229442 -156.968323178587 66430.125 40.5
422130 789.696371148128 -12635.9682216832 -11846.2718505351 61293.6202263771 62025.4209513657 60332.2657028719 61523.1740248938 -200.139277139398 66430.125 40.5
422140 780.990402009095 -12626.2375302449 -11845.2471282358 61698.373664736 62128.6937776069 60299.9058922738 62666.5213243274 -299.174535722022 66430.125 40.5
422150 773.997903313638 -12618.2361357031 -11844.2382323895 62259.014702105 62383.1158980321 60699.3021185409 63694.6260897421 -384.806625789195 66430.125 40.5
422160 776.350529613331 -12619.4359403997 -11843.0854107864 62256.4700394016 62205.6309179102 60704.1970581207 63859.5821421738 -302.382722568022 66430.125 40.5
422170 787.805500509591 -12629.5962184465 -11841.7907179369 61842.5882392595 61656.5050689089 60493.5495505786 63377.710098291 7.94362732900744 66430.125 40.5
422180 798.46175310519 -12638.9885844079 -11840.5268313027 61301.3694419613 60787.7774102114 60484.4883848856 62631.8425307869 515.564939823703 66430.125 40.5
422190 800.666080488712 -12640.1844080951 -11839.5183276064 60933.2600509532 60307.1442874398 60617.4119337812 61875.2239316387 904.357432109994 66430.125 40.5
422200 799.019067776281 -12637.9103599326 -11838.8912921563 61024.2820748055 60636.7740436591 60876.0111343848 61560.0610463726 968.363483448069 66430.125 40.5
422210 794.367711330146 -12633.0438429302 -11838.6761316 61305.7043432775 61153.4599329213 61157.423938049 61606.2291588623 786.317032784757 66430.125 40.5
422220 784.653318566318 -12623.4805307939 -11838.8272122276 61676.2849244719 61681.964556111 61632.8641940346 61714.02602327 436.604571283218 66430.125 40.5
422230 779.089605533449 -12618.3178888299 -11839.2282832965 61878.3982931014 62332.8393807908 61888.4049116807 61413.9505868326 52.7695434814834 66430.125 40.5
422240 783.276107365549 -12623.101212779 -11839.8251054135 61809.7391929361 62563.1038775695 62029.0744511744 60837.0392500644 -108.144032151754 66430.125 40.5
422250 789.601815715788 -12630.3194785549 -11840.7176628391 61560.5794242303 62013.1581042921 62133.593362358 60534.9868060406 -167.610320087013 66430.125 40.5
422260 790.320826310504 -12632.3936621846 -11842.0728358741 61493.8794719348 61304.1056108613 62148.9393801454 61028.5934247976 29.4282657484537 66430.125 40.5
422270 784.53927138325 -12628.4867562513 -11843.947484868 61634.7865737134 60982.0313382965 62051.7291506844 61870.5992321593 138.546754923618 66430.125 40.5
422280 776.607616379003 -12622.8368118217 -11846.2291954427 61742.5069367733 61026.5940152116 62030.8705119886 62170.0562831196 141.347948628348 66430.125 40.5
422290 776.340167420477 -12625.0916409744 -11848.751473554 61574.9032113916 61145.4205620966 61818.4475791013 61760.8414929769 60.5169561782596 66430.125 40.5
422300 788.368508176948 -12639.8698956557 -11851.5013874788 61112.1283153612 61119.8702175312 61077.4909847544 61139.023743798 -62.3923694783574 66430.125 40.5
422310 797.003182164454 -12651.6307706264 -11854.627588462 60653.6757202767 60880.2676060233 60475.5115793366 60605.2479754703 -312.960914057549 66430.125 40.5
422320 786.105966038322 -12644.1911331018 -11858.0851670635 60774.0709009487 61067.6759071642 60638.3895091995 60616.1472864824 -568.320629548003 66430.125 40.5
422330 770.19327603644 -12631.6863405093 -11861.4930644729 60978.6830272558 61599.2609276499 60634.3787646921 60702.4093894255 -594.258402257772 66430.125 40.5
422340 766.300360637107 -12630.7868930851 -11864.486532448 61038.8520473822 61954.8452708779 60317.3790178047 60844.3318534641 -521.819976470927 66430.125 40.5
422350 773.597680271136 -12640.6106906636 -11867.0130103925 60569.8154969124 61250.443173433 59672.1242971391 60786.8790201651 -591.76353099318 66430.125 40.5
422360 781.539439946955 -12650.7674471214 -11869.2280071745 59923.2356252752 60075.5172167153 59226.8617180291 60467.3279410814 -864.242467728144 66430.125 40.5
422370 783.005501338768 -12654.3065830253 -11871.3010816865 59751.1214304671 59441.9947252509 59665.235183254 60146.1343828963 -1426.13524042845 66430.125 40.5
422380 776.790819666702 -12650.0444195411 -11873.2535998744 59838.0162935546 59597.7588296577 60250.4496915972 59665.840359409 -1675.6484779122 66430.125 40.5
422390 771.44041258182 -12646.451404507 -11875.0109919251 60259.2489457655 60198.2079635084 61029.8368558839 59549.7020179043 -1738.25433764664 66430.125 40.5
422400 771.6765303663 -12648.2015392885 -11876.5250089222 60520.3652658718 60469.223122493 61606.2418306937 59485.6308444288 -1552.26628629405 66430.125 40.5
422410 775.364628586501 -12653.2136656651 -11877.8490370786 60291.7649012795 60281.7190839579 61135.3489575935 59458.2266622872 -1194.1945475073 66430.125 40.5
422420 774.350330327599 -12653.4130859176 -11879.06275559 60000.8188543438 60013.5196161461 60166.581783356 59822.3551635294 -813.039460907741 66430.125 40.5
422430 766.729217958971 -12646.8729455721 -11880.1437276131 60009.9033539999 60045.1692601339 59649.6997469318 60334.8410549339 -787.915982354436 66430.125 40.5
422440 764.502957203513 -12645.5161191166 -11881.013161913 59955.4746126754 60204.688968849 59133.216332397 60528.5185367802 -451.662747940901 66430.125 40.5
422450 764.469916546257 -12646.1167928876 -11881.6468763413 60055.6715558258 60330.4156774286 59099.7605151487 60736.8384749 -183.569462197174 66430.125 40.5
422460 755.235134440711 -12637.2456582838 -11882.0105238431 60711.7641316644 60900.4805584463 60115.1501793713 61119.6616571756 -110.286068942193 66430.125 40.5
422470 748.556371897592 -12630.5316938023 -11881.9753219048 60920.242546072 61134.5927728681 60842.066868349 60784.0679969988 -58.9300680560372 66430.125 40.5
422480 758.590051207167 -12640.0624113779 -11881.4723601707 60630.3597859597 60827.1130355637 60987.5012660009 60076.4650563146 -290.215516333163 66430.125 40.5
422490 772.005703314534 -12652.6407052516 -11880.6350019371 60102.7770616702 60313.3416715114 60819.4699074562 59175.519606043 -666.123400606041 66430.125 40.5
422500 773.498590013683 -12653.1739499216 -11879.6753599079 59875.1465482758 59694.9191528757 61227.3746136687 58703.1458782829 -1086.18055333444 66430.125 40.5
422510 771.26654674168 -12649.9323563183 -11878.6658095766 59989.2980159896 59190.9590833035 61680.4694732397 59096.4654914258 -1297.43697990471 66430.125 40.5
422520 774.219408415254 -12651.7976008821 -11877.5781924668 59988.2454482914 59135.6079606324 61195.2924313205 59633.8359529214 -1001.59574925465 66430.125 40.5
422530 778.285966123519 -12654.7271587111 -11876.4411925876 59779.6686625063 59497.7584798811 59974.4134372577 59866.83407038 -540.45437258659 66430.125 40.5
422540 780.734900901537 -12656.0599475159 -11875.3250466144 59639.9711852668 59967.4524201367 59068.4447355321 59884.0164001315 -363.75687206368 66430.125 40.5
422550 783.413655198902 -12657.7113901481 -11874.2977349492 59549.1676636194 60207.9224265053 58478.4772168756 59961.1033474775 -365.247349054084 66430.125 40.5
422560 780.099275792121 -12653.4851044124 -11873.3858286203 59645.0509586995 60163.4731372473 58302.1849094864 60469.494829365 -531.503401253727 66430.125 40.5
422570 773.53254433569 -12646.0648571892 -11872.5323128535 59966.211413546 60288.2582434823 58856.7559511405 60753.6200460152 -400.421692459363 66430.125 40.5
422580 773.973602123881 -12645.6089693057 -11871.6353671818 60217.4786883817 60546.1821748445 59823.3531243748 60282.9007659259 -42.6453466571244 66430.125 40.5
422590 777.545679549787 -12648.2171048323 -11870.6714252825 60305.4513414463 60592.7362689169 60794.2837606588 59529.3339947631 140.490817618799 66430.125 40.5
422600 775.430423746583 -12645.1061043752 -11869.6756806286 60539.5767157892 60719.5062805072 61605.4228717492 59293.800995111 -248.014061636301 66430.125 40.5
422610 769.914241682772 -12638.5291654567 -11868.6149237739 60616.3493260443 60533.1471759393 61949.9251266464 59365.9756755472 -865.502129710197 66430.125 40.5
422620 768.935759118042 -12636.3234456522 -11867.3876865342 60504.1825172368 60082.83030855 61903.2273925889 59526.4898505715 -1067.09860649525 66430.125 40.5
422630 774.317784842686 -12640.2686918976 -11865.9509070549 60334.9858633529 59871.2685867482 61750.3738109529 59383.3151923575 -1028.91863023548 66430.125 40.5
422640 777.635718463347 -12641.9969130958 -11864.3611946325 60289.1469981323 59892.2594796826 61634.9869905767 59340.1945241377 -1065.83004740238 66430.125 40.5
422650 775.443296255322 -12638.1135346108 -11862.6702383555 60459.3174796991 60107.3334730488 61476.5982662635 59794.020699785 -1038.81547219729 66430.125 40.5
422660 776.998589552234 -12637.8593755044 -11860.8607859522 60330.7614486229 60209.1929445532 61058.9746705452 59724.1167307702 -758.257526019038 66430.125 40.5
422670 787.706745039491 -12646.6637464392 -11858.9570013997 59998.1676349433 59968.022079279 60546.4799476508 59480.0008779002 -324.801440627811 66430.125 40.5
422680 797.802733566674 -12654.9488447068 -11857.1461111401 59869.18725606 59725.1452380164 60334.2700724984 59548.1464576651 65.9711882777513 66430.125 40.5
422690 794.005175193149 -12649.6353921099 -11855.6302169168 60216.9530205566 59768.2455036287 60782.8223111722 60099.791246869 66.8826212658996 66430.125 40.5
422700 780.893684994306 -12635.2839708052 -11854.3902858109 60855.1680114919 60278.9603846535 61530.2852221034 60756.2584277189 -298.888511563067 66430.125 40.5
422710 771.487034618808 -12624.6776203708 -11853.190585752 61316.9322651809 60963.3515624955 61758.840792421 61228.6044406264 -596.488566343945 66430.125 40.5
422720 775.661957173268 -12627.4948687683 -11851.8329115951 61365.4171477187 61436.7053099449 61538.6264246646 61120.9197085466 -898.923535429581 66430.125 40.5
422730 788.573711865319 -12638.9161070195 -11850.3423951541 61142.5058409391 61396.0895857114 61356.6857623984 60674.7421747077 -958.43516488822 66430.125 40.5
422740 795.383303179753 -12644.3051217939 -11848.9218186141 61030.5465109712 60894.2338041435 61726.5805755748 60470.8251531953 -542.67112236684 66430.125 40.5
422750 789.182796291755 -12636.9061421935 -11847.7233459017 61398.3112294318 60670.5185878719 62424.7225801157 61099.6925203079 6.11716128782733 66430.125 40.5
422760 779.046146321611 -12625.7125460059 -11846.6663996842 61899.6583850931 60862.7029851287 62952.4002733809 61883.8718967697 298.757656397264 66430.125 40.5
422770 778.530428912267 -12624.0984499701 -11845.5680210578 62082.9135068041 61184.227835195 63040.6931404402 62023.8195447772 119.60154371548 66430.125 40.5
422780 785.836565150673 -12630.2059660103 -11844.3694008596 61892.5002860476 61367.6221188229 62880.614848886 61429.2638904338 -191.701049492911 66430.125 40.5
422790 786.971773524665 -12630.1252580774 -11843.1534845527 61920.4663736152 61806.0220306038 62761.995159547 61193.3819306949 -198.691348926978 66430.125 40.5
422800 778.162676030654 -12620.1025358406 -11841.9398598099 62214.0255732818 62377.9453625308 62638.0134753385 61626.1178819761 -243.143605280834 66430.125 40.5
422810 773.668319713188 -12614.258146882 -11840.5898271688 62428.7063080864 62602.4657149971 62557.1054682737 62126.5477409885 -279.906063748605 66430.125 40.5
422820 778.095009198055 -12617.0708913264 -11838.9758821284 62417.2843544069 62257.1315595521 62631.8501927478 62362.8713109208 -624.935124845907 66430.125 40.5
422830 779.853079720856 -12616.958769336 -11837.1056896151 62460.5444113961 62070.5120957557 62707.9562725335 62603.1648658991 -972.741117572932 66430.125 40.5
422840 775.099547692943 -12610.1113808637 -11835.0118331708 62816.0485182746 62540.1996138173 62852.3484968935 63055.597444113 -1170.80637297899 66430.125 40.5
422850 775.740270135856 -12608.3928113946 -11832.6525412588 62889.4341206427 62698.4177694768 62687.5356349661 63282.3489574852 -1381.83843752582 66430.125 40.5
422860 786.041804430815 -12616.1017183837 -11830.0599139529 62594.1699766268 62353.4099026683 62157.6878907608 63271.4121364513 -1739.52875727305 66430.125 40.5
422870 791.655753604503 -12619.0939767595 -11827.438223155 62335.0735250362 61628.1829174643 61915.4975624932 63461.5400951513 -2052.35236601681 66430.125 40.5
422880 791.419959214057 -12616.4264895792 -11825.0065303652 62317.2676934832 61160.885972068 62314.7677267572 63476.1493816243 -2049.07946874689 66430.125 40.5
422890 794.33415294691 -12617.18846439 -11822.8543114431 62274.4375416856 61250.1315958049 62870.9024498308 62702.278579421 -1928.42651150524 66430.125 40.5
422900 799.273890721273 -12620.3350551142 -11821.061164393 62239.5115822336 61627.5907624428 63521.7598951866 61569.1840890712 -1789.9991610055 66430.125 40.5
422910 798.908582305494 -12618.6325539358 -11819.7239716304 62334.4678579012 61646.2468051237 63935.0837186413 61422.0730499386 -1530.84044757043 66430.125 40.5
422920 796.781871058984 -12615.6393398093 -11818.8574687503 62424.3435041752 61470.0538406044 63950.640205096 61852.3364668251 -1263.64057102476 66430.125 40.5
422930 799.759010894662 -12618.2060131895 -11818.4470022949 62260.9692451691 61259.7658224115 63240.219706641 62282.9222064548 -1192.30432240342 66430.125 40.5
422940 802.227061480723 -12620.7536625955 -11818.5266011148 62230.5382151949 61617.5652757768 62631.3257437501 62442.7236260577 -1215.43370404977 66430.125 40.5
422950 804.085129064129 -12623.2581390533 -11819.1730099892 61984.0949535776 61770.6256489438 62217.6236248396 61964.0355869493 -985.635816617136 66430.125 40.5
422960 806.297481664863 -12626.7693379093 -11820.4718562444 61787.1558253915 61886.5179974673 61763.286502391 61711.6629763161 -471.146628191933 66430.125 40.5
422970 799.663442910341 -12622.1117827911 -11822.4483398808 61788.4186568063 62238.5800304295 61134.5562223359 61992.1197176534 39.7853957823325 66430.125 40.5
422980 789.33759032571 -12614.308770701 -11824.9711803753 61996.3199374162 62801.9287927995 60812.748160602 62374.2828588471 383.641479392564 66430.125 40.5
422990 783.520406869997 -12611.3319593687 -11827.8115524987 62318.0728296061 63339.4835263526 60984.639998947 62630.0949635188 781.926876263386 66430.125 40.5
423000 779.808519763938 -12610.5665683571 -11830.7580485932 62152.0576647148 63043.9682062757 60872.0399974654 62540.1647904034 935.168563683518 66430.125 40.5
423010 782.963529283632 -12616.6303962591 -11833.6668669754 61762.0109902883 62173.5844612957 60714.3750426706 62398.0734668986 592.954261861313 66430.125 40.5
423020 794.23552361513 -12630.7898954253 -11836.5543718101 61247.764996616 60948.0987526612 60725.2844899119 62069.911747275 -93.9167764506807 66430.125 40.5
423030 798.923519704508 -12638.4201454428 -11839.4966257383 60857.842869588 60241.578840667 61021.274916019 61310.6748520779 -711.0731390273 66430.125 40.5
423040 793.463551513561 -12635.8914347727 -11842.4278832591 60893.7697031919 60179.6650727179 61488.0900129629 61013.554023895 -705.209902249232 66430.125 40.5
423050 788.814252902808 -12633.9812423305 -11845.1669894277 61010.5487378896 60344.2728253908 61867.771492459 60819.601895819 -410.563461089144 66430.125 40.5
423060 788.845673873532 -12636.4585608543 -11847.6128869808 61083.1244817259 60607.4449567138 61944.7614121581 60697.1670763057 -441.090691202835 66430.125 40.5
423070 786.936749062947 -12636.72515579 -11849.788406727 61120.4178686272 60908.266943417 61681.9517327814 60771.0349296832 -794.233487744825 66430.125 40.5
423080 777.678955941887 -12629.3605739291 -11851.6816179872 61359.8153785973 61641.9932446851 61383.7630679736 61053.6898231334 -712.059964268976 66430.125 40.5
423090 772.484121307287 -12625.7231666679 -11853.2390453606 61444.0407078389 61917.3272949119 60934.7928926671 61480.0019359378 -33.0731263146222 66430.125 40.5
423100 778.404718483898 -12632.9188736753 -11854.5141551914 61377.4979849564 61794.5782539514 60941.4221859854 61396.4935149325 510.62436734535 66430.125 40.5
423110 782.322466893508 -12637.9842036538 -11855.6617367603 61310.0729900691 61502.7919027634 61291.862549445 61135.564517999 631.453779762318 66430.125 40.5
423120 779.055065983877 -12635.8355667129 -11856.7805007291 61135.421755065 61072.5797038954 61366.1228572072 60967.5627040926 460.340858183932 66430.125 40.5
423130 779.152592691569 -12637.0208813943 -11857.8682887027 60930.8392624093 60618.4981658169 61245.5603519328 60928.4592694782 63.0753090701818 66430.125 40.5
423140 787.749961271166 -12646.7326408415 -11858.9826795703 60655.3646062222 60087.001187167 60875.8596165191 61003.2330149805 79.2308104638734 66430.125 40.5
423150 792.804337729522 -12653.0881188863 -11860.2837811568 60476.1985732564 60098.5966930102 60522.0314571402 60807.9675696188 357.811342054714 66430.125 40.5
423160 784.518279140217 -12646.3422903085 -11861.8240111683 60540.1068467887 60559.6377667428 60378.73226091 60681.9505127135 27.5762408236752 66430.125 40.5
423170 773.848952096829 -12637.3067545404 -11863.4578024436 60849.5025581976 61201.7539821576 60641.4601441842 60705.293548251 -362.124621003472 66430.125 40.5
423180 771.233946939318 -12636.2404537584 -11865.0065068191 60948.7858280553 61468.4468882972 60714.2928781787 60663.6177176899 -480.594403062273 66430.125 40.5
423190 775.873877106537 -12642.3161179033 -11866.4422407967 60770.1294514264 61210.7155713671 60626.6566144577 60473.0161684544 -382.394519432537 66430.125 40.5
423200 778.05576227425 -12645.8999978331 -11867.8442355588 60527.9687953904 60840.4367635856 60608.8908001861 60134.5788223995 -68.2742709246273 66430.125 40.5
423210 774.146226469999 -12643.3877396725 -11869.2415132025 60391.3309516795 60553.1789417415 60781.0069014276 59839.8070118693 330.752799440288 66430.125 40.5
423220 771.907200086846 -12642.4888053767 -11870.5816052899 60320.8707066943 60437.1537305065 61106.0182142741 59419.4401753025 582.835993072998 66430.125 40.5
423230 776.178143280176 -12648.0316112292 -11871.853467949 60198.2478461449 60038.0318260452 61305.0816246792 59251.6300877102 430.08458961852 66430.125 40.5
423240 777.378875869179 -12650.5006345079 -11873.1217586387 60245.9641306657 59558.5582164274 61749.3580066766 59429.9761688931 219.176428326356 66430.125 40.5
423250 769.145950720841 -12643.5236081319 -11874.377657411 60511.3443324616 59269.1098059367 62136.411301394 60128.5118900539 110.447809748952 66430.125 40.5
423260 764.083494110895 -12639.5738189289 -11875.490324818 60309.8601221765 58704.6617132625 61602.8069314894 60622.1117217775 -23.7029545814645 66430.125 40.5
423270 772.620078991196 -12649.0492451563 -11876.4291661652 59924.1010316338 58597.3069164882 60581.7323843144 60593.263794099 -321.930455020095 66430.125 40.5
423280 776.615596898342 -12653.9207879412 -11877.3051910428 59895.2697675353 59318.5650486894 59958.5415231665 60408.7027307501 -592.543815113338 66430.125 40.5
423290 768.510217447236 -12646.6792215802 -11878.1690041329 60035.0947031395 60228.6096593614 59672.2915427502 60204.382907307 -564.925084641931 66430.125 40.5
423300 764.502650519236 -12643.41926309 -11878.9166125707 60155.1926324739 60489.4305275742 59335.1568266667 60640.9905431809 -471.676216615525 66430.125 40.5
423310 769.553427092324 -12649.0465269487 -11879.4930998564 59988.0003691948 59869.9520120441 58932.4390756843 61161.610019856 -847.71590995545 66430.125 40.5
423320 773.511442822515 -12653.4687656284 -11879.9573228059 59674.575335782 59247.5913025718 58774.6692654682 61001.4654393061 -1247.43610405381 66430.125 40.5
423330 775.249140439829 -12655.6477673198 -11880.39862688 59583.9306159122 59021.6257121924 58939.8885869801 60790.2775485642 -1338.87575107328 66430.125 40.5
423340 774.916544029958 -12655.77051705 -11880.8539730201 59826.2432498395 59353.2565577514 59529.1610768836 60596.3121148836 -936.804688001528 66430.125 40.5
423350 773.081030504849 -12654.3982093948 -11881.31717889 59995.0669055625 59791.9860959276 60116.5776511284 60076.6369696313 -299.730030011115 66430.125 40.5
423360 771.802062617408 -12653.5737847894 -11881.771722172 60124.3126776166 60219.092789748 60351.2250197687 59802.620223333 223.228992665512 66430.125 40.5
423370 765.507573963182 -12647.6766541241 -11882.1690801609 60176.0600013858 60595.2174900279 60133.2857384565 59799.6767756731 338.350070617322 66430.125 40.5
423380 756.823307571311 -12639.2024541234 -11882.3791465521 60238.7593888579 61112.0426050748 59587.8003174516 60016.4352440473 362.384446975247 66430.125 40.5
423390 758.71593856991 -12640.9771233306 -11882.2611847607 60297.2313647265 61638.6557904086 59266.6675782849 59986.3707254859 91.9049650219212 66430.125 40.5
423400 769.423441453139 -12651.2301946158 -11881.8067531627 60135.2073389886 61635.9850342634 59328.7136326287 59440.9233500737 -314.541899513047 66430.125 40.5
423410 775.492555715614 -12656.641496865 -11881.1489411494 59985.7495601848 61114.0615266787 59819.4430779595 59023.7440759162 -301.570170812071 66430.125 40.5
423420 770.804520499115 -12651.1799377575 -11880.3754172583 59951.4912515729 60474.5890784189 60192.3973889931 59187.4872873066 53.7309010835112 66430.125 40.5
423430 765.147557974854 -12644.5564659843 -11879.4089080094 59958.100185014 60135.5985464117 60252.1639178681 59486.5380907622 425.349595240389 66430.125 40.5
423440 766.441906087775 -12644.5607834369 -11878.1188773491 60253.9487962778 60249.2315710452 60498.0482510169 60014.5665667713 466.872155400175 66430.125 40.5
423450 768.005818077999 -12644.4498119753 -11876.4439938973 60415.0337914893 60267.9574315197 60589.8585904398 60387.2853525083 431.838925776474 66430.125 40.5
423460 767.269085351502 -12641.6429478564 -11874.3738625049 60598.133068011 60282.6990376351 60478.5160271004 61033.1841392975 515.642875905135 66430.125 40.5
423470 768.690895399745 -12640.5914090364 -11871.9005136367 60787.3912458962 60508.7745771673 60358.6596604416 61494.7395000798 139.345502553208 66430.125 40.5
423480 769.547876449373 -12638.5917260886 -11869.0438496392 60701.1170960721 60643.9884554388 59941.9032405136 61517.4595922639 -471.176616634921 66430.125 40.5
423490 772.737140053638 -12638.6385443257 -11865.9014042721 60669.0967991001 60331.2131614966 60022.9418720515 61653.1353637522 -690.218381918602 66430.125 40.5
423500 780.800417901231 -12643.4503225905 -11862.6499046893 60716.5179117848 59778.6193119575 60735.8065386943 61635.1278847026 -502.384261488485 66430.125 40.5
423510 784.093915389058 -12643.643992564 -11859.5500771749 60848.4638143267 59652.2118049564 61466.9495557879 61426.2300822359 -288.956290203431 66430.125 40.5
423520 778.246630791566 -12635.0336990256 -11856.787068234 61315.9825936212 60470.5515355556 62022.8998143333 61454.4964309748 -127.882976396536 66430.125 40.5
423530 771.96877371338 -12626.3061392047 -11854.3373654913 61636.4701011553 61583.6889452149 61809.8324030226 61515.8889552286 -116.908964291047 66430.125 40.5
423540 775.727089700488 -12627.8418269234 -11852.1147372229 61747.6568814044 62148.3615236584 61293.9811790464 61800.6279415084 -378.903558837389 66430.125 40.5
423550 784.924859984123 -12635.0864217163 -11850.1615617322 61306.148226985 61730.9540589046 60567.4510536298 61620.0395684207 -779.556185927007 66430.125 40.5
423560 787.633659848167 -12636.2358799328 -11848.6022200847 60813.2707731821 61306.4235740753 59953.1285433791 61180.260202092 -705.264592422267 66430.125 40.5
423570 786.706135959583 -12634.1746550764 -11847.4685191168 60617.5215457607 61437.7347236457 59530.0039633756 60884.825950261 -164.625305393714 66430.125 40.5
423580 787.811317470749 -12634.5136879122 -11846.7023704415 60811.9938747836 61505.1715749889 59767.033653188 61163.7763961739 306.920479783447 66430.125 40.5
423590 786.746172083098 -12633.0048119662 -11846.2586398831 61335.918345419 61430.5937744261 61035.8555972298 61541.3056646012 251.52422436393 66430.125 40.5
423600 780.571888130344 -12626.6343092805 -11846.0624211501 61805.512473083 61449.9701934571 62281.363186902 61685.2040388898 245.500760451597 66430.125 40.5
423610 777.298227482905 -12623.2892068189 -11845.990979336 61783.934804451 61419.6547856209 62722.4904168074 61209.6592109246 601.543446425729 66430.125 40.5
423620 780.780235268121 -12626.7651365765 -11845.9849013084 61644.0875029847 61924.1883926301 62556.2686636278 60451.8054526962 931.71385433939 66430.125 40.5
423630 782.837432979591 -12628.9122864481 -11846.0748534685 61708.3746571373 62641.9352952989 62152.6945912512 60330.4940848618 913.806880211255 66430.125 40.5
423640 783.724524486734 -12630.027692988 -11846.3031685013 61685.9147758029 62787.1114401157 61845.2619015041 60425.370985789 528.879656957909 66430.125 40.5
423650 786.256995576879 -12632.9512941735 -11846.6942985966 61367.2734312177 62262.7447573358 61530.3070520996 60308.7684842176 247.188490422288 66430.125 40.5
423660 788.087791734079 -12635.3711796386 -11847.2833879045 60952.216249646 61510.5981466775 60930.4749781631 60415.5756240976 317.31013445802 66430.125 40.5
423670 789.218451869938 -12637.3299802132 -11848.1115283433 60922.7746453431 61737.1227032441 60047.2134770513 60983.9877557338 483.498502811989 66430.125 40.5
423680 786.064189320635 -12635.2574245488 -11849.1932352282 61130.8991764761 62294.3594380788 59414.390042897 61683.9480484525 605.785904153327 66430.125 40.5
423690 776.204803995857 -12626.6310463479 -11850.4262423521 61360.3484472237 62438.4881033648 59603.818740799 62038.7384975072 624.024865374369 66430.125 40.5
423700 772.869309136204 -12624.5276688535 -11851.6583597173 61224.3071552508 61988.7095152559 59790.2592784642 61893.9526720323 319.032023693612 66430.125 40.5
423710 781.154916051342 -12634.0129001938 -11852.8579841424 60966.3014430122 61434.4510846274 60039.0262203304 61425.4270240788 56.8172687291321 66430.125 40.5
423720 788.562287150987 -12642.7251453505 -11854.1628581996 60807.5120191227 61077.2761434477 60154.6865432895 61190.5733706308 61.6073153437104 66430.125 40.5
423730 785.424136109242 -12641.1153083773 -11855.6911722681 60997.4475506512 61159.7559011821 60441.5647419128 61391.0220088586 358.316391439995 66430.125 40.5
423740 776.653163366635 -12634.0165933218 -11857.3634299551 61441.1083795449 61345.4594577888 61165.4086608554 61812.4570199906 504.088059794718 66430.125 40.5
423750 773.254316841065 -12632.2891254667 -11859.0348086256 61588.7773959194 61231.5902614136 61750.8851778349 61783.8567485096 297.861179047883 66430.125 40.5
423760 772.13239893992 -12632.7437420442 -11860.6113431043 61188.6811981591 60816.323312819 61674.3972678088 61075.3230138496 -280.943302377059 66430.125 40.5
423770 773.570023818497 -12635.6410876323 -11862.0710638138 60640.1751486809 60211.9402703005 61319.2594927099 60389.3256830323 -867.805926738622 66430.125 40.5
423780 780.214537434528 -12643.6850334216 -11863.470495987 60356.0538288717 59701.8722877159 61301.5225404755 60064.7666584237 -868.400406951492 66430.125 40.5
423790 781.552757627578 -12646.456134803 -11864.9033771754 60373.542060366 59549.7810631916 61634.0940107198 59936.7511071867 -456.896054968463 66430.125 40.5
423800 772.07876736175 -12638.4275659737 -11866.3487986119 60852.9095609536 59862.1281602502 62409.0921426135 60287.5083799972 -66.284323021074 66430.125 40.5
423810 763.03893584381 -12630.6746644602 -11867.6357286164 61222.8411445597 60235.3168990312 62774.0639726413 60659.1425620065 210.467691912184 66430.125 40.5
423820 763.341118708561 -12631.9719590904 -11868.6308403818 61080.0397169373 60477.3167171918 62214.0110230118 60548.7914106082 222.370669117947 66430.125 40.5
423830 766.94358540011 -12636.2837302235 -11869.3401448233 60611.9780127301 60698.9286054226 60930.2004016274 60206.8050311404 104.372781369874 66430.125 40.5
423840 766.910807245629 -12636.7410874727 -11869.8302802271 60393.8618422383 61114.0248287582 60065.5184184202 60002.0422795365 -64.6435185011976 66430.125 40.5
423850 766.574446397378 -12636.6916705444 -11870.117224147 60367.5898309152 61329.5989342185 59896.265489598 59876.9050689289 -154.666545611575 66430.125 40.5
423860 774.495426346256 -12644.7408146328 -11870.2453882866 60257.4422695907 61192.3390473687 59742.7754402029 59837.2123212006 -329.27340131496 66430.125 40.5
423870 782.698877279324 -12653.0547113706 -11870.3558340913 60066.0348242076 60606.3735596452 59730.9685651526 59860.7623478249 -643.471431613646 66430.125 40.5
423880 779.320652575591 -12649.8809012651 -11870.5602486895 60179.1970718943 60209.5818242931 60332.2453779933 59995.7640133966 -619.653191295733 66430.125 40.5
423890 774.047422231879 -12644.8757216157 -11870.8282993838 60431.2644326879 60138.667891914 61138.3680843967 60016.757321753 25.499645633399 66430.125 40.5
423900 772.45084370906 -12643.5069249295 -11871.0560812205 60505.0987174983 60155.4154169643 61311.9328402714 60047.9478952592 487.805695279089 66430.125 40.5
423910 774.269203567642 -12645.4837526603 -11871.2145490926 60393.0758386381 60067.5936042304 61070.4061945562 60041.2277171277 237.700495104823 66430.125 40.5
423920 777.775932241831 -12649.1193695456 -11871.3434373038 60206.3830104064 59808.2457479631 60698.3952900835 60112.5079931727 -297.398509620919 66430.125 40.5
423930 778.070000643155 -12649.5679076711 -11871.4979070279 60139.594445749 60041.2630306634 60302.4220611342 60075.0982454493 -458.245076638648 66430.125 40.5
423940 774.789207575828 -12646.4633940954 -11871.6741865196 60136.4406856133 60394.1437927866 60175.2217788162 59839.9564852371 -261.914488647685 66430.125 40.5
423950 774.481857887602 -12646.3051506584 -11871.8232927708 60041.5646081975 60591.9119097444 60085.6718365689 59447.1100782791 3.67545322335168 66430.125 40.5
423960 779.146543780338 -12651.1061143231 -11871.9595705428 59863.3749824338 60567.2143518641 60133.0000390665 58889.9105563709 64.8880844985968 66430.125 40.5
423970 777.191680821087 -12649.3199770388 -11872.1282962177 59888.5139343021 60640.7334463128 60267.1379587742 58757.6703978192 -206.60791094988 66430.125 40.5
423980 768.349762542347 -12640.6269750695 -11872.2772125272 59980.395829068 60767.9327317753 60079.606532914 59093.6482225149 -496.723319766986 66430.125 40.5
423990 767.684877892386 -12639.9791451446 -11872.2942672522 60105.3681202794 60868.7281493714 59761.9536502564 59685.4225612105 -458.787662093681 66430.125 40.5
424000 775.342122408843 -12647.5436046804 -11872.2014822716 60038.5475918077 60300.7454623288 59391.229571661 60423.6677414333 135.167757931372 66430.125 40.5
424010 774.149899268848 -12646.2417552225 -11872.0918559536 60052.915878422 59708.8940416078 59459.3430450101 60990.5105486482 770.397348992252 66430.125 40.5
424020 767.663279404275 -12639.6259717479 -11871.9626923437 60413.004148325 59642.1548779528 60170.5546394055 61426.3029276167 1110.4039750068 66430.125 40.5
424030 769.071733026856 -12640.8150800344 -11871.7433470075 60600.2987540537 59875.2868015678 60722.7525075564 61202.856953037 1046.30958768002 66430.125 40.5
424040 773.816517812618 -12645.2665628363 -11871.4500450237 60296.7723008776 60141.2298663596 60354.860665892 60394.2263703813 594.392779415015 66430.125 40.5
424050 774.156894009902 -12645.31773743 -11871.1608434201 60163.3342133709 60913.6882739415 59854.0261702324 59722.2881959389 -31.6406414483512 66430.125 40.5
424060 769.562178134679 -12640.4394595803 -11870.8772814456 60515.9869775787 62010.8006621302 59684.3318014608 59852.828469145 -358.948763933687 66430.125 40.5
424070 765.980171961919 -12636.5003601112 -11870.5201881493 60727.1316133965 62571.6944599377 59552.3379118587 60057.3624683931 -467.105558654202 66430.125 40.5
424080 770.187089437547 -12640.2360474248 -11870.0489579872 60560.1604229987 62228.0320747681 59378.5419093037 60073.9072849242 -633.141955885644 66430.125 40.5
424090 774.57188592624 -12644.101127389 -11869.5292414628 60652.9827772204 61542.3113086684 59890.6766087806 60525.9604142121 -893.857276723033 66430.125 40.5
424100 768.1466881268 -12637.1431972749 -11868.9965091481 60894.1835257458 60817.4005242006 60726.8824359892 61138.2676170476 -1063.65656371693 66430.125 40.5
424110 763.200901988757 -12631.5733839576 -11868.3724819688 61139.7210496884 60492.2909188534 61451.1483367616 61475.7238934503 -1054.85181517889 66430.125 40.5
424120 769.552239424165 -12637.1378354752 -11867.585596051 60992.5445854647 60574.2028676212 61303.5947409025 61099.8361478704 -927.147691402641 66430.125 40.5
424130 778.052067117524 -12644.769591152 -11866.7175240345 60557.6256736349 60351.849728678 60733.8214440663 60587.2058481604 -715.437324754294 66430.125 40.5
424140 780.662374877262 -12646.5827680962 -11865.9203932189 60509.7288176869 60390.2903402337 60723.2566625105 60415.6394503164 -700.714176918583 66430.125 40.5
424150 776.17587426108 -12641.4133864965 -11865.2375122354 60687.2156297928 60861.648970231 61075.0491647724 60124.9487543749 -778.99075848825 66430.125 40.5
424160 771.589267025086 -12636.1793874401 -11864.590120415 60868.9166629476 61525.2573176845 61221.816780416 59859.6758907424 -642.609194865818 66430.125 40.5
424170 775.406240360925 -12639.3158950532 -11863.9096546922 60815.6937280079 61717.8752847828 61018.3919475077 59710.8139517331 -303.762059120548 66430.125 40.5
424180 780.40714955174 -12643.637649694 -11863.2305001422 60623.6183908891 61433.7538294283 60550.1652313495 59886.9361118895 -108.526354401674 66430.125 40.5
424190 781.177680062861 -12643.8167722507 -11862.6390921878 60311.4665671784 61189.5332952421 59840.2593097892 59904.6070965037 -8.57836484597211 66430.125 40.5
424200 780.369544524114 -12642.5290129534 -11862.1594684293 60494.0035929872 61534.0680101069 59681.7874091131 60266.1553597416 150.988570472876 66430.125 40.5
424210 780.541575116375 -12642.3237439507 -11861.7821688343 60579.8990371153 61720.3288549178 59606.3367547833 60413.031501645 619.788489473574 66430.125 40.5
424220 781.155802342259 -12642.6497511474 -11861.4939488051 60611.8781531944 61507.2704328388 60043.0176394512 60285.3463872933 1223.59018319772 66430.125 40.5
424230 784.357854225347 -12645.6869384397 -11861.3290842144 60481.6359770837 61087.4073937232 60244.607857509 60112.8926800189 1760.53000711058 66430.125 40.5
424240 783.879482811895 -12645.2090913177 -11861.3296085058 60490.4400538808 61067.5941179978 60039.6703396265 60364.0557040181 1933.067421675 66430.125 40.5
424250 778.975372549159 -12640.469058567 -11861.4936860178 60606.4546994075 61409.8600978544 59679.0938098363 60730.4101905316 1948.41913127224 66430.125 40.5
424260 776.123475669231 -12637.8819622161 -11861.7584865468 60771.1716844195 61653.4648612195 59565.8953908651 61094.1548011738 1751.51034315628 66430.125 40.5
424270 774.530362830417 -12636.5920908626 -11862.0617280322 60638.8593437395 61214.8620949699 59486.7212501157 61214.994686133 1340.57515510491 66430.125 40.5
424280 776.216773650582 -12638.6042451704 -11862.3874715198 60453.0989841315 60552.3707521675 59520.5774310215 61286.3487692056 1049.24729501012 66430.125 40.5
424290 782.267131273184 -12645.0617907892 -11862.794659516 60390.8332891434 60187.829894021 59942.4834840962 61042.1864893131 835.583438446226 66430.125 40.5
424300 783.327439597961 -12646.7302162927 -11863.4027766947 60521.4476986757 60367.152958041 60427.0705802152 60770.1195577707 821.884833891795 66430.125 40.5
424310 775.246086298755 -12639.4999017371 -11864.2538154384 60763.4570528483 61058.9793323026 60737.1948667618 60494.1969594806 1199.59382824029 66430.125 40.5
424320 770.825554065769 -12636.0955907284 -11865.2700366627 60920.9612129278 61829.0606773133 60528.8009382996 60405.0220231706 1648.11345596693 66430.125 40.5
424330 776.364161443915 -12642.7905242405 -11866.4263627966 60555.6483791332 61817.6837708892 59723.7953909987 60125.4659755116 1787.68838493798 66430.125 40.5
424340 779.062308975964 -12646.8924413412 -11867.8301323652 60253.9177505869 61458.6601873219 59119.3647484208 60183.728316018 1380.34919758043 66430.125 40.5
424350 773.769578541559 -12643.3314284659 -11869.5618499244 60391.2090948525 61288.3227017764 59293.012907392 60592.2916753891 1091.62410625072 66430.125 40.5
424360 767.424059015015 -12638.980268602 -11871.556209587 60619.2853234189 61293.2379961765 59791.81352017 60772.8044539102 944.345340506724 66430.125 40.5
424370 765.698989217517 -12639.3925734341 -11873.6935842165 60461.4076820703 61150.4505656438 59848.5246743828 60385.2478061842 923.469538291373 66430.125 40.5
424380 769.635318794842 -12645.5595667017 -11875.9242479069 59956.5754887782 60689.6734345196 59622.4399707661 59557.6130610489 1033.92840473333 66430.125 40.5
424390 772.74752280012 -12651.0235160284 -11878.2759932283 59626.292733776 60337.7162444673 59672.6056373638 58868.5563194968 1081.35354249362 66430.125 40.5
424400 769.558057102536 -12650.2848361279 -11880.7267790254 59695.9037880093 60357.3832409912 60177.6987223617 58552.6294006751 1224.12860849161 66430.125 40.5
424410 766.975818052529 -12650.1520842428 -11883.1762661903 59677.5410176368 60410.6639563244 60454.6653325348 58167.293764051 1237.28717866874 66430.125 40.5
424420 768.086416141128 -12653.6158727017 -11885.5294565605 59600.5114143979 60623.2060861189 60374.8019867881 57803.5261702867 1187.05391531851 66430.125 40.5
424430 768.993642081073 -12656.7491430251 -11887.755500944 59473.6948542592 60671.1537453355 59841.4186183548 57908.5121990874 1063.60040928085 66430.125 40.5
424440 765.938505301503 -12655.7647446343 -11889.8262393328 59425.8753137316 60608.746746397 59157.3308966219 58511.548298176 946.539750573872 66430.125 40.5
424450 756.805243138958 -12648.4500498908 -11891.6448067519 59592.7014143555 60618.6518353316 58816.0837108415 59343.3686968932 872.610909898683 66430.125 40.5
424460 746.518748878249 -12639.5398553307 -11893.0211064524 59860.2750428961 60672.0343343365 58942.5666598895 59966.2241344623 648.452217681282 66430.125 40.5
424470 750.90395663664 -12644.7447970093 -11893.8408403727 59687.0918754954 60393.6638961835 58722.3096206895 59945.3021096131 220.088193869459 66430.125 40.5
424480 768.803401048298 -12663.0279458342 -11894.2245447859 59089.6486170225 59927.2801640671 58099.8322365028 59241.8334504976 -280.007816064529 66430.125 40.5
424490 776.872368342718 -12671.3224243506 -11894.4500560079 58711.4262797274 59800.2741469203 57939.9633148261 58394.041377436 -537.991406128568 66430.125 40.5
424500 767.838261742659 -12662.4957731443 -11894.6575114017 58832.2681363533 59872.7086305265 58656.2524745845 57967.843303949 -699.772192133962 66430.125 40.5
424510 760.898305785012 -12655.6194092631 -11894.7211034781 59021.6713084325 59576.9762910967 59323.7466472976 58164.2909869032 -596.992407126208 66430.125 40.5
424520 769.333916836098 -12663.8874589133 -11894.5535420772 58878.9812335312 58773.7286009705 59318.0256832126 58545.1894164105 -215.00400387252 66430.125 40.5
424530 773.349311389873 -12667.5886105449 -11894.239299155 58954.7820203738 58522.3008631692 59171.5170045537 59170.5281933986 143.065180930965 66430.125 40.5
424540 761.65632827499 -12655.4755436071 -11893.8192153321 59391.7619053543 59282.7840411859 59007.415308997 59885.0863658801 291.37593823014 66430.125 40.5
424550 753.793912619187 -12646.9193247411 -11893.1254121219 59858.5932378877 59928.742550678 59051.337419563 60595.6997434222 135.47644366233 66430.125 40.5
424560 760.331569102751 -12652.3287964773 -11891.9972273746 60108.8732426233 60123.4555862667 59233.4647286713 60969.6994129321 63.6090035034575 66430.125 40.5
424570 767.120795198088 -12657.57504671 -11890.4542515119 60187.42362529 60065.3060276785 59518.1596055758 60978.8052426156 213.901900453418 66430.125 40.5
424580 767.408595463944 -12656.0059907973 -11888.5973953333 60172.0450482151 60246.5091096284 59693.8803176213 60575.7457173956 497.768128543338 66430.125 40.5
424590 765.618784355486 -12652.0596608826 -11886.4408765271 60126.7455646617 60337.1769374397 59846.5957987997 60196.4639577456 492.98127139365 66430.125 40.5
424600 764.11559766201 -12648.0708834552 -11883.9552857932 60064.0992555636 60349.8952248498 60099.184530234 59743.218011607 454.406123398769 66430.125 40.5
424610 761.617527162435 -12642.7393103045 -11881.1217831421 60038.582622247 60481.2111765535 60289.2732223304 59345.2634678571 588.847932641078 66430.125 40.5
424620 763.845144080262 -12641.8274700794 -11877.9823259991 59951.3836078656 60511.9766928522 60061.21853202 59280.9555987245 494.070583130049 66430.125 40.5
424630 769.16066663164 -12643.8408866241 -11874.6802199925 60289.3618249108 61006.0841576032 60096.9525534717 59765.0487636576 276.811408221299 66430.125 40.5
424640 771.676046441375 -12643.1403770964 -11871.464330655 60655.3736541668 61306.8031149816 60645.681664217 60013.6361833017 107.232724409351 66430.125 40.5
424650 773.084880033821 -12641.6321890094 -11868.5473089756 60782.4262098125 61141.7754305292 61197.2091220468 60008.2940768617 -171.316248033294 66430.125 40.5
424660 779.730836594278 -12645.7934116325 -11866.0625750382 60551.8644108576 60668.5001149346 60945.8842987562 60041.2088188822 -464.450596347422 66430.125 40.5
424670 785.991683246188 -12650.112376217 -11864.1206929708 60237.017930413 60025.1278831973 60240.728143127 60445.1977649148 -794.555212844809 66430.125 40.5
424680 782.634814070899 -12645.37833044 -11862.7435163691 60311.5133934168 59748.669185592 60098.6187980965 61087.2521965619 -881.363061717683 66430.125 40.5
424690 777.174789855813 -12638.9614973574 -11861.7867075016 60412.5894203731 59782.8999680178 60487.7081201399 60967.1601729614 -906.140101984928 66430.125 40.5
424700 779.227017063113 -12640.3057929587 -11861.0787758956 60385.5437296521 60009.9250622175 60988.6542761791 60158.0518505599 -902.545362793047 66430.125 40.5
424710 782.542435216164 -12643.1164885577 -11860.5740533415 60414.2965614655 60339.9608636587 61016.8678571948 59886.060963543 -710.72736475712 66430.125 40.5
424720 777.692469388316 -12637.9519866898 -11860.2595173015 60853.3014652572 60691.6263536087 61288.9573930014 60579.3206491617 -717.217076899693 66430.125 40.5
424730 768.584989313651 -12628.6036825872 -11860.0186932735 61400.7365188221 61152.8198215727 61715.140862147 61334.2488727466 -980.646782858278 66430.125 40.5
424740 765.718925129546 -12625.4137781204 -11859.6948529909 61587.4545543863 61739.4111552806 61546.3878847505 61476.5646231279 -1119.31506443101 66430.125 40.5
424750 770.236609985449 -12629.4715248701 -11859.2349148847 61524.7848202344 62311.5338782795 61042.5017729748 61220.3188094488 -1162.67201979582 66430.125 40.5
424760 774.876228427059 -12633.5753973985 -11858.6991689714 61286.1359170697 62418.9513325068 60815.9082331247 60623.5481855776 -1195.65092190959 66430.125 40.5
424770 779.131855362998 -12637.3115445223 -11858.1796891593 61001.8030007275 61866.2323372742 60866.6272695278 60272.5493953804 -858.577529183439 66430.125 40.5
424780 783.257882349588 -12641.0098453394 -11857.7519629898 60718.677254389 60855.0626535881 61131.3654973675 60169.6036122113 -396.954394177546 66430.125 40.5
424790 785.964239906617 -12643.4575275935 -11857.4932876869 60852.2715892905 60769.2188180929 61490.6033837027 60296.9925660758 -148.078569241231 66430.125 40.5
424800 782.979008669904 -12640.4185329701 -11857.4395243002 61218.7196091943 61410.2803873082 61859.3655049077 60386.5129353669 -83.5690459957626 66430.125 40.5
424810 775.015595331012 -12632.5328970434 -11857.5173017124 61525.7659446671 62133.7957308893 62057.7026910517 60385.7994120603 -150.723663080049 66430.125 40.5
424820 776.115581105501 -12633.734610275 -11857.6190291695 61518.0119040917 62695.4181683509 61612.2697276817 60246.3478162424 -211.024906475679 66430.125 40.5
424830 784.630347295749 -12642.3907603102 -11857.7604130145 61219.4079131945 62727.615212483 60861.898270523 60068.7102565776 -120.886566046563 66430.125 40.5
424840 786.590424237262 -12644.6620389894 -11858.0716147521 60816.0942742984 62379.9290084692 60276.4320720129 59791.9217424131 128.19125145517 66430.125 40.5
424850 781.422944477006 -12640.0298846383 -11858.6069401613 60769.9018782205 62113.458387763 60345.1388082287 59851.1084386698 258.0928798144 66430.125 40.5
424860 773.874196107198 -12633.161179398 -11859.2869832908 61321.2324532949 62457.1158571969 61131.5825417867 60374.9989609011 243.444693612182 66430.125 40.5
424870 763.251939954234 -12623.1996427171 -11859.9477027629 61930.0166500002 62709.2087096972 62156.8125945847 60924.0286457189 225.63170746222 66430.125 40.5
424880 756.017323912586 -12616.4091551576 -11860.391831245 62187.0561145921 62560.0358695136 62707.6142072186 61293.518267044 164.985899581828 66430.125 40.5
424890 762.82112315241 -12623.3303927258 -11860.5092695734 61746.9612812431 61450.2146047693 62661.9061924801 61128.76304648 60.9725150571396 66430.125 40.5
424900 776.165614730463 -12636.5636741245 -11860.398059394 61135.0786951792 60406.6055071792 62400.0923139775 60598.5382643808 -286.424271553788 66430.125 40.5
424910 778.917960576157 -12639.1728653664 -11860.2549047903 61013.1495035277 60464.5024972423 62313.4971603383 60261.4488530024 -431.665066388703 66430.125 40.5
424920 774.397127776662 -12634.5477887936 -11860.1506610169 61165.8649471987 61156.4817615795 62301.4937644999 60039.6193155166 0.393958726419265 66430.125 40.5
424930 776.929462624837 -12636.9761626803 -11860.0467000555 61152.81479137 61297.4872757143 61937.6721645311 60223.2849338647 471.874466538504 66430.125 40.5
424940 785.270664072998 -12645.2465679128 -11859.9759038398 60734.2624938597 60695.4771869121 61008.1860921292 60499.1242025378 630.796958139908 66430.125 40.5
424950 791.445640699729 -12651.5440686609 -11860.0984279612 60239.5595815993 60000.5918268524 60057.3903634982 60660.6965544473 775.48992041603 66430.125 40.5
424960 791.092676927225 -12651.6658366385 -11860.5731597113 60192.3025060478 60072.5140094843 59975.9038590865 60528.4896495726 792.893274060143 66430.125 40.5
424970 783.943182936647 -12645.3803607461 -11861.4371778095 60514.8978731439 60589.6536495273 60382.393697158 60572.6462727464 621.234072817151 66430.125 40.5
424980 774.512071365496 -12637.1021426535 -11862.590071288 60984.9319832168 60926.1826560582 61274.5879318272 60754.0253617649 558.264264501865 66430.125 40.5
424990 769.760843223696 -12633.6558144378 -11863.8949712141 61224.2925439017 60935.4685067083 62164.9148831548 60572.494241842 443.392204740785 66430.125 40.5
425000 766.706823012776 -12631.9649973655 -11865.2581743527 61263.3952276401 61049.7096826065 62541.8802722871 60198.5957280267 338.0581312336 66430.125 40.5
