# Fix print output for fix setl_out
181000 356.934533606058 -13088.2698806858 -12731.3353470798 24612.2186906572 25021.4052533867 24200.3919690442 24614.8588495407 9.32680207872047 66430.125 40.5
181010 354.306048582691 -13085.5822484894 -12731.2761999067 24675.3738777684 24925.6079277161 24581.1380705054 24519.3756350837 191.618834739565 66430.125 40.5
181020 354.070366298966 -13085.1430773428 -12731.0727110438 24679.9612420109 24657.9783342283 24922.1304274098 24459.7749643948 388.8032882473 66430.125 40.5
181030 356.321266743507 -13087.035919986 -12730.7146532425 24666.4682048316 24510.2316435847 25103.8868014799 24385.2861694303 422.380191830947 66430.125 40.5
181040 360.469131400835 -13090.7074513605 -12730.2383199597 24613.8502632319 24496.4128706224 24979.0038000711 24366.1341190024 277.521672243045 66430.125 40.5
181050 362.838286743908 -13092.5481892713 -12729.7099025274 24561.5377880629 24565.3980823116 24630.342316771 24488.8729651062 23.4931349569767 66430.125 40.5
181060 360.521676527053 -13089.6909881492 -12729.1693116222 24658.7008994755 24745.8362327947 24461.0252663939 24769.2411992378 -180.558948796514 66430.125 40.5
181070 355.820162597255 -13084.4004968006 -12728.5803342033 24866.9437304695 24924.8050283991 24493.9071696196 25182.1189933898 -193.715965544549 66430.125 40.5
181080 352.916903807021 -13080.7705496933 -12727.8536458863 24943.1905220598 24838.6374728098 24473.2638379354 25517.6702554342 -111.744183500228 66430.125 40.5
181090 354.867984521287 -13081.7931463009 -12726.9251617797 24881.4509366535 24586.9870271585 24448.130460326 25609.2353224761 -25.3551016823041 66430.125 40.5
181100 361.24845948702 -13087.0648578993 -12725.8163984123 24686.5195333175 24383.4772162453 24360.3316769307 25315.7497067764 42.5022513671446 66430.125 40.5
181110 368.170537771528 -13092.8174805772 -12724.6469428057 24536.8984130938 24329.4060257906 24351.8057258034 24929.4834876875 105.565815833933 66430.125 40.5
181120 371.25304736196 -13094.8293193726 -12723.5762720106 24521.5001838195 24448.0885024668 24525.3038429194 24591.1082060723 163.858797104055 66430.125 40.5
181130 368.25613194074 -13090.9494406883 -12722.6933087476 24714.4239104133 24747.4800014812 24892.351233353 24503.4404964056 166.506034545333 66430.125 40.5
181140 362.065789453034 -13084.0252793768 -12721.9594899238 24986.8362370771 25183.32460929 25070.6819980949 24706.5021038465 82.1638127372625 66430.125 40.5
181150 358.410823675115 -13079.6759669658 -12721.2651432907 25150.9778992737 25461.5169070106 25015.1282182334 24976.288572577 64.8689255853504 66430.125 40.5
181160 359.020363724292 -13079.5586022862 -12720.5382385619 25150.8539371636 25447.34354014 24946.4551075339 25058.763163817 125.978239660433 66430.125 40.5
181170 360.133758104545 -13079.9117094229 -12719.7779513184 25112.0346370712 25357.7181289944 24921.1736185381 25057.2121636812 357.77648669629 66430.125 40.5
181180 360.683329485927 -13079.6968961516 -12719.0135666657 25133.8832227872 25389.5363183688 24901.7974342915 25110.3159157012 728.486845394401 66430.125 40.5
181190 362.600323171841 -13080.8725304346 -12718.2722072628 25120.743367086 25495.5097375104 24715.9877707234 25150.7325930242 929.775040968247 66430.125 40.5
181200 364.610725649264 -13082.2039712436 -12717.5932455944 25138.6638231424 25568.8081020026 24607.2025092896 25239.9808581351 795.794684474875 66430.125 40.5
181210 364.57940009714 -13081.5920905794 -12717.0126904823 25234.9676142887 25583.5713089827 24761.0482979506 25360.2832359329 506.607703390391 66430.125 40.5
181220 364.753724869275 -13081.294023484 -12716.5402986147 25261.1450535001 25581.2492000201 24947.974870845 25254.2110896351 313.004541960389 66430.125 40.5
181230 365.769942799336 -13081.9459690169 -12716.1760262176 25199.6393631898 25545.5139707153 25019.2527871167 25034.1513317373 246.149657115145 66430.125 40.5
181240 365.432694335727 -13081.3557039049 -12715.9230095692 25248.0915629285 25486.6838485969 25114.638009804 25142.9528303845 201.130712652948 66430.125 40.5
181250 364.466672012103 -13080.2353623366 -12715.7686903245 25384.3792970596 25468.7118675636 25161.1009830707 25523.3250405446 163.910093772183 66430.125 40.5
181260 363.839173778279 -13079.5266368108 -12715.6874630325 25467.2279747074 25466.1222588186 25138.971318874 25796.5903464296 106.693295706286 66430.125 40.5
181270 362.637044407241 -13078.2886438678 -12715.6515994606 25487.712424782 25435.2380255882 25193.3396755484 25834.5595732094 59.1644928961225 66430.125 40.5
181280 362.550955111675 -13078.1892095877 -12715.638254476 25416.901833917 25259.097431327 25309.2135834792 25682.3944869447 138.368303952244 66430.125 40.5
181290 364.257366456221 -13079.9041257992 -12715.646759343 25336.5449483886 25052.8860521412 25421.178956754 25535.5698362705 246.033258139816 66430.125 40.5
181300 364.834328500878 -13080.5291626889 -12715.6948341881 25343.7234652386 25050.9737190365 25541.1588837005 25439.0377929786 325.611089594208 66430.125 40.5
181310 363.765729565374 -13079.550985115 -12715.7852555497 25397.322322473 25109.9905614291 25573.2381840606 25508.7382219292 286.771269043403 66430.125 40.5
181320 362.811733002773 -13078.7080041817 -12715.896271179 25471.0916707971 25142.2768486416 25569.4576944227 25701.5404693271 217.775879335565 66430.125 40.5
181330 362.511954978405 -13078.5196432436 -12716.0076882652 25530.9532358199 25199.7968617755 25546.6156953143 25846.4471503698 219.751007137419 66430.125 40.5
181340 363.349242776018 -13079.4647130187 -12716.1154702427 25449.7135563503 25248.3305146109 25375.5304513497 25725.2797030902 283.197213163225 66430.125 40.5
181350 365.731581926251 -13081.9745751914 -12716.2429932651 25262.3801122384 25306.5507962973 25120.5783535881 25360.01118683 437.205367928332 66430.125 40.5
181360 366.891641283807 -13083.3164842004 -12716.4248429166 25132.697999176 25375.0976411679 24991.6595675135 25031.3367888467 438.855540092819 66430.125 40.5
181370 366.581314583826 -13083.2592718219 -12716.6779572381 25098.6541876464 25386.4946691999 25033.3336305378 24876.1342632015 110.896314546148 66430.125 40.5
181380 367.041122431924 -13084.0424711822 -12717.0013487503 25043.7348009297 25151.4952035804 25049.9146725911 24929.7945266178 -331.100225846598 66430.125 40.5
181390 367.104179623017 -13084.501259957 -12717.3970803339 24960.7907325267 24681.6484555178 24999.4609152764 25201.2628267859 -472.067909911669 66430.125 40.5
181400 364.877559666294 -13082.7341515161 -12717.8565918499 25018.1951361883 24504.2194469602 24954.8229642493 25595.5429973555 -298.391942445818 66430.125 40.5
181410 361.809263399921 -13080.146069126 -12718.336805726 25138.2662227271 24608.1143632938 25063.0317081786 25743.6525967089 -66.4232083346739 66430.125 40.5
181420 360.399802992673 -13079.1869916359 -12718.7871886433 25220.259202246 24792.2803667928 25194.8543475084 25673.6428924367 62.2233464041905 66430.125 40.5
181430 361.592159147496 -13080.7818671729 -12719.1897080254 25182.4854011277 24794.3122241694 25185.2680555434 25567.8759236704 102.22500391228 66430.125 40.5
181440 364.211991452096 -13083.7889173519 -12719.5769258998 25059.7377846792 24869.1235834209 24967.0774284347 25343.0123421821 154.576405390832 66430.125 40.5
181450 363.829335799337 -13083.8164431707 -12719.9871073714 25008.7309147931 25130.5546578597 24762.4787416593 25133.1593448603 136.915931048524 66430.125 40.5
181460 361.972919206552 -13082.3867323963 -12720.4138131897 24951.1563767467 25346.3247818563 24455.737318794 25051.4070295899 -72.3200215303166 66430.125 40.5
181470 364.379685855825 -13085.2281322993 -12720.8484464435 24800.2801335946 25308.6077655247 24045.2804071085 25046.9522281507 -343.266408631288 66430.125 40.5
181480 367.052120918798 -13088.3807400392 -12721.3286191204 24738.1283711631 25159.6074899145 23973.709667415 25081.0679561597 -359.07683052217 66430.125 40.5
181490 365.708795801549 -13087.6014065927 -12721.8926107912 24818.4115776274 25060.4248638384 24246.6805834889 25148.1292855548 -46.0516929527961 66430.125 40.5
181500 363.41769109211 -13085.9394615449 -12722.5217704528 24942.7634145067 25023.3932010367 24525.088329656 25279.8087128274 213.084424496193 66430.125 40.5
181510 362.955708508812 -13086.132536179 -12723.1768276702 24900.7908485051 24901.3485734323 24475.9023961916 25325.1215758914 178.510798188519 66430.125 40.5
181520 363.653304220155 -13087.5016656865 -12723.8483614663 24833.2838666678 24758.4666124417 24422.3809561327 25319.0040314291 -48.6684690814869 66430.125 40.5
181530 363.376615592701 -13087.9206496968 -12724.5440341041 24776.7958602052 24719.8064607366 24486.2872076323 25124.2939122466 -214.074265476678 66430.125 40.5
181540 361.189865378902 -13086.4409798913 -12725.2511145124 24796.1435389911 24880.6627149344 24629.9188054608 24877.8490965781 -245.584455350017 66430.125 40.5
181550 358.211358050416 -13084.1362147498 -12725.9248566994 24901.9023429979 25041.0707478587 24752.2907353249 24912.3455458102 -137.030409134895 66430.125 40.5
181560 356.384863494277 -13082.895726908 -12726.5108634137 24964.9572795879 25054.5681080671 24727.979289855 25112.3244408416 34.3483059000929 66430.125 40.5
181570 356.878237792131 -13083.8608704161 -12726.982632624 24916.4768441406 24839.3884923421 24598.5906303177 25311.4514097621 133.155502980633 66430.125 40.5
181580 358.472984343004 -13085.8248001236 -12727.3518157806 24842.6336452684 24548.2966605645 24537.7243952265 25441.8798800142 34.039942084455 66430.125 40.5
181590 359.714231794668 -13087.3630291938 -12727.6487973991 24714.9111863328 24399.5242114321 24468.1892107783 25277.020136788 -170.303695615581 66430.125 40.5
181600 360.91990429884 -13088.8228732569 -12727.902968958 24603.7873424401 24446.793965521 24444.5914756382 24919.976586161 -276.085569306924 66430.125 40.5
181610 361.753181002623 -13089.8940278453 -12728.1408468427 24536.4383764209 24591.023289647 24395.9070545716 24622.384785044 -223.383112383467 66430.125 40.5
181620 360.54693080498 -13088.9201899124 -12728.3732591075 24545.4141862382 24726.7863999035 24228.1242929818 24681.3318658292 -132.52932208752 66430.125 40.5
181630 358.447062850858 -13087.0282726057 -12728.5812097548 24637.2433396478 24830.4512294277 24091.9370147114 24989.3417748042 -61.7988687044705 66430.125 40.5
181640 357.585954883461 -13086.3182825284 -12728.7323276449 24733.1411024478 24955.9268777526 24122.6365934238 25120.8598361672 -121.563257472901 66430.125 40.5
181650 357.4015235398 -13086.2057625494 -12728.8042390096 24767.5117791966 24981.3970730579 24269.8790883605 25051.2591761715 -275.410850276697 66430.125 40.5
181660 358.567686282416 -13087.359485455 -12728.7917991726 24664.1472276328 24766.5939158294 24399.1700231608 24826.677743908 -432.93830845932 66430.125 40.5
181670 361.801232124914 -13090.5197040595 -12728.7184719345 24509.811669857 24506.4190465241 24413.4277415544 24609.5882214924 -476.87174348646 66430.125 40.5
181680 362.138504407359 -13090.7640725891 -12728.6255681817 24514.6262780077 24548.6139686376 24557.8338532266 24437.4310121587 -405.377868174494 66430.125 40.5
181690 357.557995036291 -13086.0656847735 -12728.5076897372 24759.0961433413 24963.2796026649 24938.7402917371 24375.2685356218 -279.790935413269 66430.125 40.5
181700 354.36092836917 -13082.6417006879 -12728.2807723187 25004.05111224 25289.2890286378 25153.0488763435 24569.8154317387 -180.873570209865 66430.125 40.5
181710 356.127325998259 -13083.9723478209 -12727.8450218226 25001.6238228754 25207.9439250374 24895.11556083 24901.811982759 -213.648977582398 66430.125 40.5
181720 359.951429192501 -13087.1003697965 -12727.148940604 24885.9799832214 24991.935244635 24509.880711945 25156.1239930842 -363.839292360554 66430.125 40.5
181730 363.339481779571 -13089.5282671127 -12726.1887853331 24763.5701144102 24875.1044031036 24309.4604300056 25106.1455101213 -654.611707325648 66430.125 40.5
181740 365.61811385078 -13090.6078182025 -12724.9897043517 24661.1381247598 24884.0421313133 24198.758498652 24900.6137443142 -832.216576293311 66430.125 40.5
181750 364.985050031023 -13088.579063175 -12723.594013144 24678.8568473136 25077.7822453303 24146.4826194457 24812.3056771647 -803.799411080304 66430.125 40.5
181760 363.118944087524 -13085.1641841005 -12722.0452400129 24852.7735916053 25231.7225031343 24431.4860923752 24895.1121793064 -667.508303135642 66430.125 40.5
181770 363.305511355843 -13083.6946712696 -12720.3891599138 25071.333730159 25259.314262961 24925.354444139 25029.3324833771 -602.823095430663 66430.125 40.5
181780 363.523790545299 -13082.2304499266 -12718.7066593813 25236.1195289779 25434.3670778528 25201.8801434005 25072.1113656803 -561.61025478142 66430.125 40.5
181790 361.71082090369 -13078.8012212849 -12717.0904003812 25355.52916914 25729.2026179648 25208.2984117738 25129.0864776813 -330.698142756782 66430.125 40.5
181800 360.679721994666 -13076.2645064496 -12715.5847844549 25449.2047799166 25871.543082334 25095.1984121159 25380.8728452999 -105.293249579903 66430.125 40.5
181810 363.018622269464 -13077.2268384722 -12714.2082162027 25451.0493990335 25776.0347891804 24907.8270759114 25669.2863320088 -82.6093612863871 66430.125 40.5
181820 366.5933018153 -13079.5977343526 -12713.0044325373 25387.9425192667 25611.0191014843 24722.2480677766 25830.5603885392 -278.470995089214 66430.125 40.5
181830 369.139185727723 -13081.167862683 -12712.0286769553 25339.4413293723 25341.3280218559 24742.7949054809 25934.2010607803 -602.495296658644 66430.125 40.5
181840 369.861930082304 -13081.1687994702 -12711.3068693879 25397.6687644708 25220.2297629982 24908.1128265922 26064.6637038219 -797.61413887686 66430.125 40.5
181850 366.442742027798 -13077.2535990431 -12710.8108570153 25586.7679527259 25442.5084750765 25155.1680288305 26162.6273542708 -832.73769063494 66430.125 40.5
181860 360.973489112633 -13071.4210345695 -12710.4475454569 25801.1529232596 25823.6705044486 25428.9839470252 26150.8043183051 -726.091540214187 66430.125 40.5
181870 359.948766963179 -13070.0592774892 -12710.110510526 25879.1976324334 26010.5242329154 25635.569934228 25991.4987301568 -595.563279393205 66430.125 40.5
181880 364.416017689626 -13074.1861195417 -12709.7701018521 25687.2616093474 25798.1863874774 25570.0126832778 25693.5857572872 -505.528572521904 66430.125 40.5
181890 369.505739457198 -13078.9982969759 -12709.4925575187 25339.8681351436 25404.7840393737 25293.3225225336 25321.4978435235 -456.662997972983 66430.125 40.5
181900 372.643485823732 -13082.0142511214 -12709.3707652977 25084.5842422772 25068.8229912662 25007.6408319367 25177.2889036287 -400.69640285821 66430.125 40.5
181910 374.924593320343 -13084.3987059708 -12709.4741126505 25030.2314682769 24867.5207950564 24780.0113963902 25443.1622133841 -294.599002314518 66430.125 40.5
181920 374.877954662135 -13084.7188432332 -12709.8408885711 25002.0914057302 24703.6552109071 24658.79297749 25643.8260287935 -251.434803915055 66430.125 40.5
181930 372.033057740384 -13082.4987355675 -12710.4656778271 25136.434644507 24805.9364414551 24976.2117221711 25627.1557698948 -245.117870625855 66430.125 40.5
181940 367.730091730032 -13079.0180828646 -12711.2879911346 25357.9286753766 25062.6776377894 25505.6182310586 25505.4901572818 -189.78150209829 66430.125 40.5
181950 362.894812978641 -13075.1016499867 -12712.206837008 25570.9773511433 25349.5457391981 25853.4727053256 25509.9136089063 -203.566710396441 66430.125 40.5
181960 360.546154414116 -13073.6736802181 -12713.127525804 25720.2212959881 25426.1804406265 25993.7813572528 25740.7020900849 -412.064310295764 66430.125 40.5
181970 361.148725148833 -13075.1534529035 -12714.0047277546 25583.949435004 25152.6594803448 25794.6814621654 25804.5073625018 -669.578866534767 66430.125 40.5
181980 362.763047906596 -13077.6051974846 -12714.842149578 25372.9188440924 25016.731448117 25501.1368177832 25600.8882663771 -728.152222426408 66430.125 40.5
181990 365.326134671708 -13080.9998282017 -12715.67369353 25190.6882198347 25112.8785336594 25228.24209839 25230.9440274545 -496.590314942695 66430.125 40.5
182000 368.059833533532 -13084.6061495305 -12716.5463159969 25000.8392093466 25130.5964476575 25013.281240154 24858.6399402283 -216.623459722043 66430.125 40.5
182010 368.800930987342 -13086.3019574066 -12717.5010264193 24884.1917670285 25010.0317360519 24965.5278316234 24677.0157334102 -132.573598160477 66430.125 40.5
182020 365.940805000638 -13084.4648009356 -12718.5239959349 24944.6261659642 24979.1265616668 25061.8546822241 24792.8972540017 -209.571906196026 66430.125 40.5
182030 362.317804572906 -13081.8586348518 -12719.5408302789 25082.741673548 25119.9562565958 25062.1494124871 25066.1193515609 -378.652359597164 66430.125 40.5
182040 361.690362339875 -13082.1722165443 -12720.4818542044 25052.671890444 25207.1307361257 24754.6055543606 25196.2793808456 -472.084399269815 66430.125 40.5
182050 363.845671692164 -13085.1834478263 -12721.3377761341 24876.3960995925 25143.0637384226 24372.6524489109 25113.4721114442 -382.147590199693 66430.125 40.5
182060 366.100848973268 -13088.2505145745 -12722.1496656012 24709.0821309109 25034.2713777056 24207.191605587 24885.7834094402 -137.55282733314 66430.125 40.5
182070 365.569741779586 -13088.5202440076 -12722.950502228 24670.163355495 25003.5124844426 24317.581805562 24689.3957764806 54.1691419228249 66430.125 40.5
182080 361.704285491785 -13085.4215847309 -12723.7172992391 24814.8690599119 25060.9309823186 24649.2448210277 24734.4313763893 -37.2655086981531 66430.125 40.5
182090 357.668063370335 -13082.0492503281 -12724.3811869577 24911.2781696543 25088.9144486187 24831.0129810893 24813.907079255 -322.677053194232 66430.125 40.5
182100 356.971627152138 -13081.8652908683 -12724.8936637162 24936.923592645 25124.3037565911 24705.0166921938 24981.4503291501 -532.94101962694 66430.125 40.5
182110 357.968468555305 -13083.230591929 -12725.2621233737 24880.9194549825 25044.6651730931 24377.5178292325 25220.5753626219 -448.048854651735 66430.125 40.5
182120 356.995880995 -13082.5069275957 -12725.5110466007 24918.5116940472 25024.964001234 24239.828866245 25490.7422146626 -197.633932352238 66430.125 40.5
182130 356.010565505296 -13081.6519334472 -12725.6413679419 24993.2924923966 25002.715304333 24324.6991758177 25652.4629970392 3.50413802894837 66430.125 40.5
182140 359.305794815876 -13084.9672668469 -12725.6614720311 24848.6431188057 24859.5211980455 24273.5483498382 25412.8598085333 117.032779277241 66430.125 40.5
182150 365.281849849631 -13090.9229289044 -12725.6410790548 24625.137062161 24700.2024129061 24197.4935491168 24977.71522446 155.753042237186 66430.125 40.5
182160 366.759047869632 -13092.4387721143 -12725.6797242446 24573.8466376307 24720.2538300526 24308.247288157 24693.0387946824 102.385122147554 66430.125 40.5
182170 360.791257858563 -13086.5833951535 -12725.792137295 24812.2005643847 24883.9967597821 24729.9394381961 24822.6654951758 -46.5299466589106 66430.125 40.5
182180 353.828684985637 -13079.7023724357 -12725.8736874501 25077.1840095221 24960.5391080929 25153.4945588839 25117.5183615896 -178.973536199947 66430.125 40.5
182190 353.471753590696 -13079.2855514468 -12725.8137978561 25071.6698867004 24823.3043739885 25229.9875033096 25161.7177828032 -204.798681755653 66430.125 40.5
182200 359.321276683217 -13084.9293848748 -12725.6081081916 24837.1201528225 24582.8337538813 25028.9678759882 24899.5588285981 -242.962904630527 66430.125 40.5
182210 364.548489102149 -13089.899430074 -12725.3509409718 24652.7589427475 24542.807844727 24729.2814559788 24686.1875275366 -299.005033243914 66430.125 40.5
182220 364.890607094043 -13090.028832714 -12725.13822562 24749.3529885911 24882.9818862064 24574.3465344034 24790.7305451634 -319.575544230525 66430.125 40.5
182230 362.08081949622 -13087.0619289587 -12724.9811094625 24881.7807690527 25190.8328332648 24410.2936215696 25044.2158523237 -262.750011003094 66430.125 40.5
182240 361.218888830491 -13086.0555856192 -12724.8366967887 24924.0317006427 25177.2517885383 24299.2696803392 25295.5736330504 -238.190910378028 66430.125 40.5
182250 363.102734328927 -13087.7890669247 -12724.6863325958 24811.0119788349 24854.1755349377 24208.1097981374 25370.7506034297 -242.408976799351 66430.125 40.5
182260 363.980029812158 -13088.5340538934 -12724.5540240813 24801.5506128007 24698.2716269087 24381.6947995926 25324.6854119007 -241.002169020339 66430.125 40.5
182270 361.762378831297 -13086.2169299784 -12724.4545511471 24995.2532522975 24806.050709302 24787.2044884868 25392.5045591039 -200.323944494244 66430.125 40.5
182280 357.139693470043 -13081.4823336113 -12724.3426401413 25243.8809739953 25046.1581437118 25106.617476454 25578.8673018202 -56.1194323236911 66430.125 40.5
182290 354.89420862521 -13079.0278176217 -12724.1336089965 25314.9950740102 25214.1501828268 25103.4856652603 25627.3493739436 160.845138031933 66430.125 40.5
182300 359.466262655742 -13083.2493749442 -12723.7831122885 25079.8140346067 25127.2310646567 24746.1695143116 25366.0415248518 251.168943691813 66430.125 40.5
182310 366.430854324928 -13089.7781329227 -12723.3472785978 24694.1764078606 24825.9353598596 24226.8251840994 25029.7686796227 140.726587822235 66430.125 40.5
182320 366.868047010581 -13089.8005782312 -12722.9325312206 24615.2384743193 24738.2064721747 24180.4989420357 24927.0100087475 -45.020951478852 66430.125 40.5
182330 360.809643054274 -13083.3622383977 -12722.5525953435 24850.3499429566 24866.0439493055 24660.8317464449 25024.1741331195 -150.103576918232 66430.125 40.5
182340 358.703703003717 -13080.81177721 -12722.1080742063 25011.0347818438 25035.1676377651 24961.6781446079 25036.2585631583 -99.25821624955 66430.125 40.5
182350 365.334338338157 -13086.8685625057 -12721.5342241676 24824.3663762247 25000.7397135573 24714.0676419479 24758.2917731689 -36.6899854613167 66430.125 40.5
182360 372.281643720539 -13093.1833646134 -12720.9017208928 24580.7632323973 24906.4118869898 24353.4325324859 24482.4452777163 -98.066367763514 66430.125 40.5
182370 371.101157688607 -13091.4381277229 -12720.3369700343 24675.8313217959 24984.7356525515 24371.8728819133 24670.8854309228 -228.005362282455 66430.125 40.5
182380 363.253715720143 -13083.1016260414 -12719.8479103213 25091.483592191 25263.9640520471 24774.4896373592 25235.9970871666 -303.439444902231 66430.125 40.5
182390 356.880796386128 -13076.1834463495 -12719.3026499634 25381.9959873959 25438.6204185611 25091.5058099089 25615.8617337177 -309.869427763362 66430.125 40.5
182400 356.159258596377 -13074.7141899165 -12718.5549313201 25402.9960094653 25318.4499327473 25193.7440829196 25696.7940127289 -270.088665233059 66430.125 40.5
182410 358.44719870961 -13075.9862814274 -12717.5390827178 25282.3118322096 25034.406715267 25234.0825935028 25578.446187859 -108.706570411041 66430.125 40.5
182420 361.44208858609 -13077.7203044101 -12716.278215824 25253.4334575263 24832.7969145731 25292.7953407736 25634.7081172323 112.347773198914 66430.125 40.5
182430 364.890986088231 -13079.7443137119 -12714.8533276237 25248.1945638222 24780.1843961295 25167.6502215237 25796.7490738134 192.538042473187 66430.125 40.5
182440 368.699438470655 -13082.0852639232 -12713.3858254525 25215.3336748919 24879.3869513696 24916.6065344671 25850.0075388389 54.070138999749 66430.125 40.5
182450 371.493985734977 -13083.5071845287 -12712.0131987937 25164.208758029 25044.4362265548 24684.0904863898 25764.0995611423 -258.401530167162 66430.125 40.5
182460 371.414423844382 -13082.2541003152 -12710.8396764708 25213.8921671326 25256.8808812919 24689.5771482297 25695.2184718762 -615.50844656586 66430.125 40.5
182470 368.534160359521 -13078.4233862177 -12709.8892258582 25433.257133771 25449.9027633543 25011.7319804088 25838.1366575499 -709.644003769678 66430.125 40.5
182480 366.230447903853 -13075.3453909082 -12709.1149430044 25634.0895969371 25513.603732434 25416.6894765772 25971.9755818 -410.014553025193 66430.125 40.5
182490 366.675653681634 -13075.1417703013 -12708.4661166196 25770.7629680055 25496.1813695834 25816.8829264271 25999.2246080062 12.1783333049792 66430.125 40.5
182500 368.07599048943 -13076.010969769 -12707.9349792796 25796.7976875894 25494.9386864684 26033.945146347 25861.5092299528 252.300089122808 66430.125 40.5
182510 368.836973824633 -13076.3772468207 -12707.5402729961 25721.521324369 25571.2687530094 26066.214571881 25527.0806482167 301.269281560529 66430.125 40.5
182520 369.123492170194 -13076.4177603525 -12707.2942681823 25665.6041210747 25807.5277650207 25942.8939004766 25246.3906977269 138.814241307188 66430.125 40.5
182530 369.244000838893 -13076.4434571225 -12707.1994562836 25614.3069515354 25988.6063798344 25673.2506012113 25181.0638735606 -142.556541731611 66430.125 40.5
182540 369.070407005815 -13076.3254614882 -12707.2550544824 25562.6493003056 25940.7309647603 25436.4531220143 25310.7638141421 -216.931800330478 66430.125 40.5
182550 368.993273352649 -13076.4525250178 -12707.4592516652 25574.3511278977 25920.0528851041 25292.8478082618 25510.1526903273 10.1645986901702 66430.125 40.5
182560 369.60128681332 -13077.4167311346 -12707.8154443213 25550.6774258941 25942.7287789295 25154.7765713341 25554.5269274188 295.760960780509 66430.125 40.5
182570 370.879234076937 -13079.2257598562 -12708.3465257793 25518.685148566 25982.2133623917 25083.7154469854 25490.126636321 382.522771773029 66430.125 40.5
182580 370.156962568256 -13079.2322478069 -12709.0752852387 25562.0575790136 25968.4670852801 25164.2128949942 25553.4927567666 248.315070932656 66430.125 40.5
182590 367.466881505383 -13077.4512484842 -12709.9843669788 25607.5495664518 25824.5252382918 25328.8095803007 25669.3138807629 49.9734884267617 66430.125 40.5
182600 366.256420944037 -13077.2833779423 -12711.0269569983 25619.1136224623 25699.9088014298 25444.8081088599 25712.6239570972 -150.2470522663 66430.125 40.5
182610 366.002273064687 -13078.1688470952 -12712.1665740305 25571.1190088705 25623.9529325066 25472.3256231761 25617.0784709289 -183.759448633691 66430.125 40.5
182620 363.997042736552 -13077.3610976961 -12713.3640549596 25504.750148236 25485.465552106 25491.7506756591 25537.034216943 -87.0593587129941 66430.125 40.5
182630 361.307250816118 -13075.8551767907 -12714.5479259746 25464.7122558201 25339.2097804098 25491.1469380995 25563.7800489512 -20.4109777910577 66430.125 40.5
182640 362.191685558066 -13077.8452272732 -12715.6535417152 25257.2668473787 25147.6033616518 25195.2977877425 25428.8993927419 -38.8939559985803 66430.125 40.5
182650 367.305022724256 -13084.0014282021 -12716.6964054779 24930.187444128 24991.2407162864 24754.017970723 25045.3036453744 -154.142058008304 66430.125 40.5
182660 370.422061504997 -13088.1678322383 -12717.7457707333 24765.3791234541 25110.2970337589 24537.4166966222 24648.4236399814 -305.486193122496 66430.125 40.5
182670 367.112509046275 -13085.9241556699 -12718.8116466237 24850.5306108448 25417.6767661749 24636.2512157351 24497.6638506243 -464.098490725833 66430.125 40.5
182680 361.695578332217 -13081.4958012448 -12719.8002229125 24947.2915799517 25508.2620295476 24827.583550334 24506.0291599735 -590.679806666965 66430.125 40.5
182690 361.717271677629 -13082.3486666763 -12720.6313949986 24848.2747861163 25218.339989608 24929.5549204167 24396.929448324 -558.656078466914 66430.125 40.5
182700 365.850048902407 -13087.1839943563 -12721.3339454539 24708.4199192752 24696.8392886394 25046.890982968 24381.5294862183 -418.031423133669 66430.125 40.5
182710 366.258895392955 -13088.2404786787 -12721.9815832857 24746.4281320633 24290.4984615381 25174.7593338779 24774.0266007739 -285.479399286591 66430.125 40.5
182720 361.648992354245 -13084.232776314 -12722.5837839598 24978.1983535413 24319.4449058911 25275.3412188387 25339.8089358941 -218.200758273615 66430.125 40.5
182730 356.182725537799 -13079.2575302311 -12723.0748046933 25165.6426631622 24681.6425622026 25189.6001023278 25625.6853249561 -94.3876388781971 66430.125 40.5
182740 353.395591624584 -13076.7832377464 -12723.3876461218 25202.5010893304 25066.3804712542 24975.5181804186 25565.6046163185 28.9000000467164 66430.125 40.5
182750 355.367586629727 -13078.8812676171 -12723.5136809874 25137.4114025139 25220.2534512686 24822.3167645008 25369.6639917723 10.8233445676088 66430.125 40.5
182760 360.117836435932 -13083.6313059075 -12723.5134694716 24998.753183044 25007.1601468446 24842.4875631363 25146.6118391512 -35.7497446271891 66430.125 40.5
182770 362.450797438522 -13085.9254405276 -12723.4746430891 24916.6230143567 24778.3578999179 24884.2576767937 25087.2534663584 99.8009631472025 66430.125 40.5
182780 360.964226243507 -13084.4039023681 -12723.4396761246 24908.7537000608 24761.4309064841 24849.5841938417 25115.2459998567 394.200550824557 66430.125 40.5
182790 360.341339107799 -13083.7326036818 -12723.391264574 24879.8818562928 24803.8397367167 24748.9020421756 25086.903789986 563.001739368987 66430.125 40.5
182800 364.335465714994 -13087.6669282757 -12723.3314625607 24736.5281784438 24686.9359742155 24703.685423329 24818.9631377869 435.706644395915 66430.125 40.5
182810 367.439706391728 -13090.7611323022 -12723.3214259105 24666.170880223 24572.0540014118 24939.646459645 24486.8121796124 76.5400206828964 66430.125 40.5
182820 364.415586016573 -13087.8203910268 -12723.4048050102 24812.282626366 24645.7199639802 25355.1487196441 24435.9791954737 -118.949790673772 66430.125 40.5
182830 360.029980150495 -13083.5648606577 -12723.5348805072 25009.9701405866 24845.4541825624 25520.5667705049 24663.8894686925 -69.9221909558134 66430.125 40.5
182840 359.904754835716 -13083.5465994353 -12723.6418445996 25062.1683046855 24992.1079137218 25378.7562851414 24815.6407151933 40.0431037841693 66430.125 40.5
182850 361.884767346081 -13085.6004551278 -12723.7156877817 24986.2132147929 25076.5952063929 25059.2646888053 24822.7797491805 43.8963152914333 66430.125 40.5
182860 362.267629203129 -13086.0510282652 -12723.783399062 24836.3095639425 25059.1376080211 24679.076360145 24770.7147236613 -43.3201676475275 66430.125 40.5
182870 363.379124636379 -13087.2431893646 -12723.8640647282 24727.802863717 24952.2430887992 24410.3802126604 24820.7852896913 -59.7409657257821 66430.125 40.5
182880 366.446608211313 -13090.4351164243 -12723.9885082129 24568.8427910256 24583.4569521919 24280.1588918322 24842.9125290528 123.411358390112 66430.125 40.5
182890 367.22356561166 -13091.4327257569 -12724.2091601452 24597.416107825 24361.3868748951 24449.7018043041 24981.1596442758 372.201747485854 66430.125 40.5
182900 363.299554485859 -13087.8407059974 -12724.5411515116 24897.743827305 24687.1391889792 24927.5283099467 25078.5639829891 458.13076566078 66430.125 40.5
182910 357.165018659513 -13082.079688546 -12724.9146698865 25169.0537053416 25338.1675773899 25317.3402740495 24851.6532645854 247.394602530128 66430.125 40.5
182920 353.251015395334 -13078.4722293463 -12725.2212139509 25225.7102108149 25699.8842291835 25507.4705125715 24469.7758906898 -101.125376829928 66430.125 40.5
182930 353.298509003848 -13078.6829687117 -12725.3844597079 25122.2102744211 25511.3963992546 25499.8083644702 24355.4260595386 -404.443857692874 66430.125 40.5
182940 356.509292204507 -13081.9056493021 -12725.3963570976 24932.8476199803 24868.3149056879 25339.3510768253 24590.8768774277 -440.44385402783 66430.125 40.5
182950 358.987272747331 -13084.2828520656 -12725.2955793183 24836.7569355344 24347.5783946731 25309.9050945125 24852.7873174177 -172.640084686662 66430.125 40.5
182960 358.061391792022 -13083.1715342419 -12725.1101424499 24896.5627307484 24203.8842966342 25356.9638689177 25128.8400266932 293.475367154672 66430.125 40.5
182970 357.471740356655 -13082.2942137108 -12724.8224733541 24946.2097673367 24400.9207512731 25146.3864937774 25291.3220569595 607.314582078112 66430.125 40.5
182980 360.631562123885 -13085.0413595386 -12724.4097974147 24841.6820318131 24616.6237336436 24610.0197853915 25298.4025764041 629.867813709185 66430.125 40.5
182990 365.771635112523 -13089.6761552062 -12723.9045200936 24695.4204701703 24672.6376175049 24096.0351842056 25317.5886088003 452.102912604219 66430.125 40.5
183000 369.239847316423 -13092.6328744056 -12723.3930270892 24635.6178069835 24528.4432669796 24038.7190346376 25339.6911193331 290.148345441727 66430.125 40.5
183010 368.034772273986 -13090.9834092981 -12722.9486370241 24749.996663678 24449.9349635687 24532.5576774968 25267.4973499685 155.613660153393 66430.125 40.5
183020 362.43856109562 -13085.0003819396 -12722.561820844 25056.162480955 24685.4004572163 25330.763734436 25152.3232512126 32.0657157367627 66430.125 40.5
183030 357.083613685457 -13079.2175023544 -12722.133888669 25232.5729972673 25020.3314815612 25789.1562630564 24888.2312471845 -149.263944830108 66430.125 40.5
183040 357.593735038406 -13079.1495463652 -12721.5558113268 25104.8491704936 25096.2019948276 25632.4156050842 24585.9299115689 -304.391246080012 66430.125 40.5
183050 363.605244908199 -13084.4139854966 -12720.8087405884 24902.0725072194 25017.735956593 25152.5184597013 24535.9631053638 -394.32291104348 66430.125 40.5
183060 366.803091691657 -13086.776323054 -12719.9732313623 24884.3457283406 24814.2381824227 24936.4199304956 24902.3790721034 -235.590462327115 66430.125 40.5
183070 364.443612705618 -13083.5694913784 -12719.1258786728 25116.7880395018 24695.7244313694 25170.6178327413 25484.0218543947 152.230989057867 66430.125 40.5
183080 362.643048269259 -13080.9020133503 -12718.258965081 25294.9016286774 24696.6512339483 25423.1889773649 25764.864674719 396.879678781621 66430.125 40.5
183090 364.469189325668 -13081.8116909301 -12717.3425016045 25185.6460090689 24677.8542868966 25337.5823066311 25541.501433679 274.425562181163 66430.125 40.5
183100 369.129399535979 -13085.5424374362 -12716.4130379003 24965.7791284902 24731.2475257539 24990.0060808778 25176.0837788389 -23.3745442446661 66430.125 40.5
183110 373.473928617877 -13089.0461577828 -12715.5722291649 24795.573267685 24833.3813578275 24772.8847667075 24780.4536785201 -204.488379166319 66430.125 40.5
183120 373.206443170576 -13088.1273550371 -12714.9209118666 24866.3100484089 25085.9767350258 24922.7496330313 24590.2037771697 -181.315537758441 66430.125 40.5
183130 367.58579709597 -13082.0564052131 -12714.4706081172 25198.3820978662 25468.1115409782 25304.4186121993 24822.6161404211 -149.28360945734 66430.125 40.5
183140 361.410994066936 -13075.5365655811 -12714.1255715142 25529.8823833485 25780.8867299212 25653.6308940117 25155.1295261128 -268.791442806155 66430.125 40.5
183150 359.43113262782 -13073.2006968409 -12713.7695642131 25626.5677665386 25847.2456096415 25794.8652665169 25237.5924234574 -479.804067153985 66430.125 40.5
183160 361.296356724131 -13074.6474312889 -12713.3510745647 25564.39420203 25777.2181669992 25675.2246032243 25240.7398358664 -645.313478213955 66430.125 40.5
183170 364.237191403879 -13077.1300774765 -12712.8928860727 25458.4367446129 25595.4781649952 25397.1429734839 25382.6890953594 -631.797300209052 66430.125 40.5
183180 366.318667196203 -13078.7659201538 -12712.4472529576 25354.3826011699 25258.2626197132 25326.9042452818 25477.9809385146 -352.766303127928 66430.125 40.5
183190 367.3223458385 -13079.3823983043 -12712.0600524658 25327.0496975826 24930.1058328072 25514.2309758526 25536.8122840882 67.5011991131434 66430.125 40.5
183200 367.446907688113 -13079.2029052673 -12711.7559975792 25297.3009625816 24781.668788283 25632.5680028538 25477.6660966079 302.49923340224 66430.125 40.5
183210 367.216127623162 -13078.7598478306 -12711.5437202075 25305.6273102302 24908.3656451251 25604.4702014937 25404.0460840716 278.166604183793 66430.125 40.5
183220 367.849559542792 -13079.2770087241 -12711.4274491813 25331.8422587385 25182.8598720493 25470.2421556959 25342.4247484704 22.215444491332 66430.125 40.5
183230 369.861051964446 -13081.2941789959 -12711.4331270314 25321.6443019084 25353.312527434 25351.2640609784 25260.3563173127 -351.19810297179 66430.125 40.5
183240 370.284638727152 -13081.8939604419 -12711.6093217147 25377.2046369647 25445.2086352291 25361.0982943288 25325.3069813361 -576.047057783029 66430.125 40.5
183250 367.529850531495 -13079.5078467599 -12711.9779962284 25456.8798831479 25516.1799707087 25393.5112783072 25460.9484004279 -448.395906942497 66430.125 40.5
183260 366.417360092118 -13078.9388216896 -12712.5214615974 25455.7921550247 25519.1083673399 25357.1349063593 25491.1331913749 -32.1296635717817 66430.125 40.5
183270 368.844807257126 -13082.096454749 -12713.2516474919 25314.3266961497 25353.3948524457 25250.7167068334 25338.8685291698 285.738660068122 66430.125 40.5
183280 369.118449454734 -13083.3393137995 -12714.2208643448 25232.3471803242 25209.2357053616 25240.2286068935 25247.5772287173 312.299812919078 66430.125 40.5
183290 365.696064598884 -13081.1354738935 -12715.4394092946 25310.5971653688 25174.1177008213 25367.4231847838 25390.2506105014 204.470462016019 66430.125 40.5
183300 360.948546163137 -13077.7753203663 -12716.8267742032 25514.1306345592 25257.3630347875 25699.5814012723 25585.4474676179 192.575146368718 66430.125 40.5
183310 355.367881372055 -13073.6047395096 -12718.2368581375 25694.0022408672 25347.4479387062 26042.9186116146 25691.6401722807 166.483131021068 66430.125 40.5
183320 352.395837779598 -13071.9137826815 -12719.5179449019 25703.4859700393 25304.8963274578 26142.7676683833 25662.7939142768 136.592124284184 66430.125 40.5
183330 357.130844744804 -13077.7437826184 -12720.6129378736 25342.1813157139 25003.9958288555 25744.7596934532 25277.788424833 136.431207965631 66430.125 40.5
183340 366.49084658784 -13088.1029795553 -12721.6121329674 24817.580351789 24663.6842521214 25037.1579092146 24751.8988940308 124.323888939204 66430.125 40.5
183350 370.314453745016 -13092.972112812 -12722.657659067 24546.3970026228 24588.0537521992 24604.8192356578 24446.3180200114 59.9017445715628 66430.125 40.5
183360 365.155681983392 -13088.9327338137 -12723.7770518303 24721.7121515259 24951.4993772398 24697.2052087523 24516.4318685855 28.3578853148452 66430.125 40.5
183370 356.897252668405 -13081.7358198929 -12724.8385672245 25040.9401519604 25423.0004905801 24967.421161331 24732.3988039702 124.300772171453 66430.125 40.5
183380 353.312025019478 -13079.0067169832 -12725.6946919638 25137.0674576826 25578.2410959917 25020.6004747209 24812.3608023353 317.309770873797 66430.125 40.5
183390 356.775675838537 -13083.0918297586 -12726.3161539201 25024.3903571462 25339.543012194 24961.2828070003 24772.3452522443 585.196498994281 66430.125 40.5
183400 362.246633642654 -13089.0308105398 -12726.7841768971 24842.3224320085 25008.3485790521 24895.9230653873 24622.6956515863 785.242607670905 66430.125 40.5
183410 365.566427307095 -13092.7751374495 -12727.2087101425 24642.1354007148 24734.1551934545 24853.5934761273 24338.6575325626 756.543280074281 66430.125 40.5
183420 365.965889991167 -13093.6243393732 -12727.6584493821 24551.8271990973 24664.9248305221 24861.7543314192 24128.8024353507 571.372465624298 66430.125 40.5
183430 363.198722803111 -13091.3294674931 -12728.13074469 24572.3924947405 24761.4826287562 24766.5935907401 24189.1012647251 384.31409425066 66430.125 40.5
183440 360.592532744857 -13089.172809828 -12728.5802770831 24588.1266391918 24756.002650533 24632.9937577658 24375.3835092765 312.274311508797 66430.125 40.5
183450 359.707121573168 -13088.6730018212 -12728.9658802481 24534.1252392014 24575.3401176118 24479.8179476375 24547.2176523548 348.110542602606 66430.125 40.5
183460 359.555073066727 -13088.8320734396 -12729.2770003729 24489.6169361438 24349.6778841407 24316.2789227519 24802.8940015387 318.05629047268 66430.125 40.5
183470 358.934974804654 -13088.4528153933 -12729.5178405887 24523.435130877 24266.1258204358 24268.6909234162 25035.4886487789 163.820425458817 66430.125 40.5
183480 357.238452671418 -13086.9175981069 -12729.6791454355 24638.6989946136 24409.9740358487 24441.2920797211 25064.830868271 33.3995760959216 66430.125 40.5
183490 356.63771257698 -13086.3829161806 -12729.7452036036 24741.3097461073 24680.1899492623 24754.7499447978 24788.9893442619 144.419788480712 66430.125 40.5
183500 357.023414709986 -13086.7330085431 -12729.7095938331 24719.4959846799 24808.1810730737 24877.0688416302 24473.2380393357 381.728300183328 66430.125 40.5
183510 357.320548787301 -13086.9017995923 -12729.581250805 24688.7202900774 24782.7740295181 24824.7497688166 24458.6370718974 560.310526903898 66430.125 40.5
183520 358.275934877422 -13087.6490391909 -12729.3731043134 24652.9253614643 24635.4238866317 24689.6862678243 24633.6659299369 542.425205762788 66430.125 40.5
183530 360.040475240211 -13089.1460566369 -12729.1055813967 24556.7008717919 24512.0755217637 24437.6891158376 24720.3379777744 387.470591878122 66430.125 40.5
183540 361.222004104248 -13090.0322705309 -12728.8102664266 24503.771976611 24558.9193335227 24297.1355555188 24655.2610407916 325.334211710744 66430.125 40.5
183550 360.12798228567 -13088.6341461155 -12728.5061638298 24587.1492542115 24621.9785620776 24508.1440236263 24631.3251769307 475.230192474208 66430.125 40.5
183560 356.97396021657 -13085.1445343957 -12728.1705741791 24711.0481370273 24443.5575057764 24959.1166856513 24730.4702196543 536.565453989239 66430.125 40.5
183570 355.506339792695 -13083.2571218245 -12727.7507820318 24744.5211277794 24100.5440147707 25260.1732303957 24872.8461381718 295.998936107988 66430.125 40.5
183580 358.451933825982 -13085.6751827477 -12727.2232489217 24653.4587481068 23899.4972009045 25232.8813791667 24827.9976642492 -112.770964414118 66430.125 40.5
183590 361.677857241213 -13088.3076948939 -12726.6298376527 24569.7177233894 23984.684158738 25029.6845931748 24694.7844182552 -336.496442316633 66430.125 40.5
183600 360.112480584903 -13086.1330196572 -12726.0205390723 24701.7728323302 24436.2734344684 24882.1927256106 24786.8523369116 -302.721407729121 66430.125 40.5
183610 357.126208353828 -13082.510767467 -12725.3845591132 24940.8567878158 24936.1609321112 24850.3565215972 25036.0529097389 -49.100020951517 66430.125 40.5
183620 356.436317186093 -13081.1085630365 -12724.6722458504 25083.3532947373 25289.4598471568 24802.7745783523 25157.8254587029 197.058085476813 66430.125 40.5
183630 357.265480057852 -13081.1292835185 -12723.8638034606 25125.2060290417 25566.6698035441 24696.2947493002 25112.6535342808 275.787460505069 66430.125 40.5
183640 358.866163371721 -13081.8444134566 -12722.9782500848 25150.0563289201 25759.0480924375 24660.190949063 25030.9299452599 91.776748233995 66430.125 40.5
183650 362.062267638884 -13084.1217058796 -12722.0594382407 25050.8839793245 25582.3158846928 24649.3451667595 24920.9908865213 -238.237747936155 66430.125 40.5
183660 366.442049695044 -13087.6248033442 -12721.1827536492 24914.3539427424 25113.0418109924 24646.7463234156 24983.2736938192 -386.326975141652 66430.125 40.5
183670 368.115387797141 -13088.551532792 -12720.4361449948 24868.0315766702 24646.6356577943 24842.1833377318 25115.2757344844 -297.77280504561 66430.125 40.5
183680 366.324080930792 -13086.1837040764 -12719.8596231456 24934.526418587 24447.6979369873 25165.7514974105 25190.1298213633 -65.0378369410342 66430.125 40.5
183690 364.730945637499 -13084.1562120225 -12719.425266385 25032.1856927648 24454.1238492911 25491.8543177558 25150.5789112475 25.4898204365854 66430.125 40.5
183700 364.851824333451 -13083.9462467458 -12719.0944224124 25051.1105711031 24562.6304499842 25539.101092579 25051.6001707463 -50.8558919167634 66430.125 40.5
183710 365.565763628236 -13084.4250718878 -12718.8593082595 24967.9117594353 24647.7978451663 25276.3895057878 24979.5479273517 -114.433924116503 66430.125 40.5
183720 364.349374094997 -13083.0698483167 -12718.7204742217 24984.1726198654 24777.1183738563 25130.4769490787 25044.9225366611 -75.9434165952466 66430.125 40.5
183730 360.436672095801 -13079.0739395016 -12718.6372674058 25202.5511471459 25007.1436290924 25304.9495924629 25295.5602198823 76.8927362767734 66430.125 40.5
183740 359.283727175349 -13077.8306835008 -12718.5469563254 25322.700312016 25184.9570114493 25331.777127152 25451.3667974466 205.156436366692 66430.125 40.5
183750 363.156306289061 -13081.5944284916 -12718.4381222026 25169.7959683728 25053.6093832304 25040.9620921927 25414.8164296953 152.689448942283 66430.125 40.5
183760 367.067777567928 -13085.4385485994 -12718.3707710315 25028.5553398916 24814.3539296371 24925.1180489068 25346.1940411308 37.0710409221596 66430.125 40.5
183770 368.206856451099 -13086.6111571714 -12718.4043007203 25003.1351440209 24609.1759617339 25106.0751998868 25294.154270442 61.0453323664963 66430.125 40.5
183780 368.585930687842 -13087.1351562958 -12718.549225608 24917.9950672388 24355.3571180409 25236.8878034242 25161.7402802513 156.874751775577 66430.125 40.5
183790 368.789913254192 -13087.5853771749 -12718.7954639207 24889.9481915284 24245.8643899439 25300.8797889822 25123.100395659 212.017677215596 66430.125 40.5
183800 366.330628071072 -13085.4513845359 -12719.1207564648 24981.6026152232 24377.4934024349 25398.9049233741 25168.4095198606 252.67679300638 66430.125 40.5
183810 361.045304079074 -13080.507762382 -12719.4624583029 25125.5969838624 24743.739987695 25372.0513761568 25260.9995877354 167.746415824163 66430.125 40.5
183820 357.023170666083 -13076.7568471475 -12719.7336764814 25278.4566008619 25205.8573155637 25265.5320742102 25363.9804128117 -70.4795682652909 66430.125 40.5
183830 357.51548649906 -13077.4023601613 -12719.8868736622 25316.0772387474 25430.211996996 25112.1650092973 25405.8547099489 -193.123698828284 66430.125 40.5
183840 360.957937337147 -13080.9064780005 -12719.9485406633 25209.4430061771 25425.3192877667 24987.8121676408 25215.1975631237 -108.937123981564 66430.125 40.5
183850 363.498151548085 -13083.482255503 -12719.984103955 25124.5571274667 25395.8174822054 25007.0964218359 24970.7574783588 -38.79661611622 66430.125 40.5
183860 364.336718611702 -13084.3817420035 -12720.0450233918 25055.1011708148 25249.0904442936 25094.1612306929 24822.051837458 15.0965637103169 66430.125 40.5
183870 364.316723277993 -13084.4669583059 -12720.1502350279 24982.730955301 24946.8646946904 25185.0182501222 24816.3099210905 63.8813461383655 66430.125 40.5
183880 363.235306353314 -13083.5299530295 -12720.2946466761 25028.0785160639 24689.9195524818 25354.0882351127 25040.2277605971 124.975616894499 66430.125 40.5
183890 362.338569710679 -13082.7959166148 -12720.4573469041 25054.4652820418 24574.0438557989 25416.5677437483 25172.7842465784 219.476795785501 66430.125 40.5
183900 364.655789196846 -13085.2890900663 -12720.6333008694 24948.0063396936 24548.7279825484 25260.6537970046 25034.637239528 311.739121009906 66430.125 40.5
183910 368.760575071955 -13089.630452433 -12720.869877361 24735.5920475504 24477.2220652263 25025.5233372398 24704.030740185 298.42485250164 66430.125 40.5
183920 369.030410875953 -13090.2661507796 -12721.2357399037 24701.8050646841 24566.2477328679 24884.7538402723 24654.4136209122 99.7867392821613 66430.125 40.5
183930 363.544624051005 -13085.2713692584 -12721.7267452074 24967.3206282305 24894.1690699135 24987.7593561823 25020.0334585957 -137.827188737786 66430.125 40.5
183940 356.532697575089 -13078.7708642758 -12722.2381667007 25220.0246975646 25249.4981627534 25029.3080438532 25381.2678860872 -247.32216736773 66430.125 40.5
183950 353.643998915836 -13076.2909488625 -12722.6469499466 25258.2570865071 25477.7167830014 24863.9294584547 25433.1250180654 -242.69883400307 66430.125 40.5
183960 357.218348119655 -13080.1318601422 -12722.9135120226 25065.1807362614 25435.5288713926 24613.7529736518 25146.2603637397 -194.349263812044 66430.125 40.5
183970 362.863262541201 -13085.963775689 -12723.1005131478 24800.0388701876 25133.9060799712 24478.8309362391 24787.3795943526 -102.000888932234 66430.125 40.5
183980 364.242450509395 -13087.5445384628 -12723.3020879534 24709.1862600714 24862.7884218697 24601.838312043 24662.9320463016 -21.8173331169135 66430.125 40.5
183990 361.494576431889 -13085.0420505078 -12723.5474740759 24837.0991256877 24824.5137412334 24833.3126298088 24853.4710060207 75.5526117647378 66430.125 40.5
184000 360.670731636043 -13084.4733347987 -12723.8026031627 24900.5951105614 24782.2206073746 24880.2142637176 25039.3504605919 123.279641894629 66430.125 40.5
184010 363.687944456783 -13087.7499162206 -12724.0619717639 24770.7100479954 24740.822540868 24680.1282993847 24891.1793037335 125.168261757394 66430.125 40.5
184020 365.242956670247 -13089.6179351925 -12724.3749785222 24673.7330669446 24839.9956593791 24542.7574285147 24638.4461129401 81.4058807877144 66430.125 40.5
184030 361.826965254601 -13086.5968800852 -12724.7699148306 24771.0321922981 25162.3501944778 24595.962801458 24554.7835809584 48.7689137359562 66430.125 40.5
184040 356.688152312602 -13081.8797952352 -12725.1916429226 24996.1115531813 25452.7746262007 24814.8516737805 24720.7083595626 102.909041324206 66430.125 40.5
184050 355.648873291117 -13081.2079905907 -12725.5591172996 25085.3486467474 25441.4209206713 25021.5835616708 24793.0414579001 193.318112457742 66430.125 40.5
184060 359.135144694382 -13084.990437942 -12725.8552932476 25003.1688126066 25190.1428374269 25081.1192819852 24738.2443184076 294.188518388104 66430.125 40.5
184070 362.164184313945 -13088.2961293515 -12726.1319450376 24858.7372769199 24918.1450968122 25003.3032917309 24654.7634422167 333.280996732647 66430.125 40.5
184080 362.711200472225 -13089.1646405491 -12726.4534400769 24799.4512127374 24866.9116256986 24859.4751217241 24671.9668907897 416.206972869989 66430.125 40.5
184090 361.061651391468 -13087.9059805449 -12726.8443291535 24819.2249370147 25011.3098391123 24738.7460754603 24707.6188964713 482.329348233318 66430.125 40.5
184100 358.124957678091 -13085.4076280276 -12727.2826703495 24889.1233783627 25165.4814021273 24762.8340927402 24739.0546402206 382.501222550308 66430.125 40.5
184110 356.256308633319 -13083.9824196229 -12727.7261109895 24948.5305508957 25229.334056974 24777.544152145 24838.713443568 98.4735485496442 66430.125 40.5
184120 355.720299392258 -13083.8555761506 -12728.1352767583 24941.2555887829 25188.477067578 24754.7246848296 24880.565013941 -235.214862383382 66430.125 40.5
184130 356.729555754066 -13085.2253358696 -12728.4957801155 24871.9281326897 25083.6934893405 24714.2589898707 24817.831918858 -394.82463235578 66430.125 40.5
184140 358.509715256347 -13087.3278004481 -12728.8180851918 24772.0320825566 24846.8067440337 24710.435036515 24758.8544671212 -403.528742851343 66430.125 40.5
184150 359.347617214137 -13088.4716266941 -12729.12400948 24607.5883532055 24471.3030015317 24667.4110103916 24684.0510476931 -245.968026993363 66430.125 40.5
184160 359.841077729875 -13089.2708140226 -12729.4297362927 24478.7522988102 24297.7081080339 24578.1256919226 24560.423096474 98.6384429913062 66430.125 40.5
184170 360.39873146705 -13090.1438653619 -12729.7451338948 24462.6544455026 24538.2952353331 24436.0282072218 24413.6398939529 405.545479768282 66430.125 40.5
184180 359.31899290125 -13089.3929563321 -12730.0739634309 24536.1802282819 24974.2566856451 24330.1235192697 24304.160479931 489.828598294237 66430.125 40.5
184190 355.793342966624 -13086.1784047746 -12730.385061808 24701.8277214587 25354.8370077872 24413.4093808233 24337.2367757655 298.156642131654 66430.125 40.5
184200 353.154420851874 -13083.7649852657 -12730.6105644138 24810.4944200125 25416.3232033977 24571.7269722763 24443.4330843635 125.64891509483 66430.125 40.5
184210 353.995778721158 -13084.6884936133 -12730.6927148922 24813.1279708435 25164.451854542 24763.0194733576 24511.912584631 124.189136873654 66430.125 40.5
184220 357.237963271802 -13087.8628703736 -12730.6249071018 24657.26664463 24691.1946055343 24851.0485881357 24429.5567402201 214.741189314467 66430.125 40.5
184230 361.524857603927 -13091.9812322241 -12730.4563746202 24461.7062026083 24238.7208212899 24712.2966253377 24434.1011611974 244.641209920397 66430.125 40.5
184240 363.273767545648 -13093.5315003499 -12730.2577328042 24411.0347732335 24106.3551001416 24562.5481190744 24564.2011004846 197.834449367669 66430.125 40.5
184250 359.837599859039 -13089.8918436681 -12730.0542438091 24570.5444475383 24317.1290527989 24668.9150624421 24725.589227374 88.5332130511515 66430.125 40.5
184260 356.487164763648 -13086.2818463843 -12729.7946816206 24711.433543999 24524.5935620318 24867.8401466179 24741.8669233472 -50.8622685033653 66430.125 40.5
184270 358.434682327887 -13087.8539791779 -12729.41929685 24592.7626407376 24468.4300084794 24855.1763518725 24454.6815618608 -168.380548360423 66430.125 40.5
184280 363.016744062844 -13091.9605442113 -12728.9438001485 24322.3487737821 24348.2454544667 24588.9212579922 24029.8796088873 -114.556180116865 66430.125 40.5
184290 365.087629578586 -13093.5307503289 -12728.4431207503 24203.8232497642 24421.3823659669 24360.3898800052 23829.6975033204 98.8054229158756 66430.125 40.5
184300 363.982149000195 -13091.9492118048 -12727.9670628047 24243.7814430153 24557.9911505312 24247.6718102294 23925.6813682851 336.517387003525 66430.125 40.5
184310 361.85449131423 -13089.3601801585 -12727.5056888442 24423.2375162981 24529.2161991475 24389.8721093419 24350.6242404049 385.247598292151 66430.125 40.5
184320 360.021862536331 -13087.0407658877 -12727.0189033513 24607.5541983904 24245.6868196452 24690.7275187338 24886.2482567921 208.243730742718 66430.125 40.5
184330 358.784896462553 -13085.2553083382 -12726.4704118756 24794.2297185784 24178.6200557002 24984.7542828639 25219.314817171 11.8395903333657 66430.125 40.5
184340 356.542871301313 -13082.3711013212 -12725.8282300199 25017.9964088093 24561.2839298962 25155.2132220502 25337.4920744814 -61.181086595864 66430.125 40.5
184350 353.214817297869 -13078.2608517439 -12725.046034446 25304.0979862969 25112.7262241509 25333.023392774 25466.5443419658 -25.4268523127922 66430.125 40.5
184360 353.256435014127 -13077.3283244018 -12724.0718893877 25377.7137091656 25302.9965607263 25384.676607595 25445.4679591754 87.0218979894842 66430.125 40.5
184370 358.645194780912 -13081.5531718176 -12722.9079770367 25179.1245669375 25087.2181471321 25365.7931467451 25084.3624069351 173.318456321683 66430.125 40.5
184380 365.04348726206 -13086.701125308 -12721.6576380459 24867.4288381993 24814.3487496526 25246.0940370235 24541.8437279218 68.2585844359269 66430.125 40.5
184390 367.790991714313 -13088.2651193899 -12720.4741276756 24741.5358966236 24767.4521946072 25205.4299590036 24251.72553626 -99.74186776794 66430.125 40.5
184400 365.837139346316 -13085.2806334403 -12719.4434940939 24867.9888811126 24898.0248250231 25256.5814797777 24449.360338537 -69.2838117102511 66430.125 40.5
184410 363.267708147086 -13081.8183651596 -12718.5506570125 25080.4447071786 24945.4191381576 25359.790489531 24936.1244938472 134.207206411368 66430.125 40.5
184420 363.397150492911 -13081.1442811203 -12717.7471306274 25170.5597297302 24829.6648806019 25252.5309007552 25429.4834078337 243.718627526443 66430.125 40.5
184430 365.319939343735 -13082.3424058805 -12717.0224665368 25209.0957014198 24758.4106822382 25019.2650638896 25849.6113581316 261.031563443294 66430.125 40.5
184440 366.933864068906 -13083.3400779179 -12716.406213849 25281.4859317496 24899.9869663317 24858.3495612694 26086.1212676476 302.475319033978 66430.125 40.5
184450 365.822072157651 -13081.7397271263 -12715.9176549686 25328.1586767236 25076.7629496016 24865.0549356185 26042.6581449507 426.574685169515 66430.125 40.5
184460 363.048564662143 -13078.5780266161 -12715.529461954 25351.982626651 25229.3334158119 24973.0210720927 25853.5933920485 519.449670737242 66430.125 40.5
184470 363.19684758893 -13078.3893817312 -12715.1925341423 25294.7837541429 25269.6482614141 25009.7748374765 25604.9281635381 545.857492320931 66430.125 40.5
184480 366.316510480141 -13081.2189070275 -12714.9023965474 25189.2623032414 25140.1659301933 25086.9511623258 25340.6698172052 480.202873456594 66430.125 40.5
184490 367.931387151513 -13082.6344600472 -12714.7030728957 25207.6286624157 24949.2437227553 25448.3345524872 25225.3077120047 338.695090641369 66430.125 40.5
184500 366.781308264645 -13081.404896593 -12714.6235883283 25301.7838590765 24807.1939893858 25833.0074021567 25265.1501856869 296.154434914669 66430.125 40.5
184510 364.452635707912 -13079.0975104327 -12714.6448747247 25401.7998842381 24827.4513058301 25912.0126807905 25465.9356660936 333.380835544203 66430.125 40.5
184520 361.515817560914 -13076.2306191189 -12714.714801558 25509.9786536637 24980.8015086275 25761.0057000403 25788.1287523231 324.085486112039 66430.125 40.5
184530 361.184904610833 -13075.9675767699 -12714.782672159 25516.2886916837 25089.0060535091 25552.7113443764 25907.1486771656 260.87078417837 66430.125 40.5
184540 365.320722881954 -13080.1757203714 -12714.8549974894 25369.8414202429 25066.447208098 25341.5973173901 25701.4797352406 190.027179373813 66430.125 40.5
184550 367.424482958896 -13082.4180944083 -12714.9936114494 25252.9545123584 25070.9503344421 25235.5225033041 25452.3906993288 87.3515045142214 66430.125 40.5
184560 365.115935568748 -13080.357044795 -12715.2411092262 25357.4470350013 25320.1155168964 25395.5013516366 25356.7242364711 -15.1501478928113 66430.125 40.5
184570 362.356974021833 -13077.9260667743 -12715.5690927525 25471.4098665738 25561.3068548723 25568.8107518347 25284.1119930144 -30.6500092651179 66430.125 40.5
184580 362.455125995796 -13078.3908329675 -12715.9357069717 25446.0726301279 25603.8872865368 25546.1979042104 25188.1326996365 -1.06017241502751 66430.125 40.5
184590 365.719775274646 -13082.0773935861 -12716.3576183115 25299.7655011871 25427.815578112 25497.2638126099 24974.2171128395 -9.54397764150306 66430.125 40.5
184600 367.87349909197 -13084.7771446519 -12716.9036455599 25115.5344581617 25153.9514745094 25429.9207125471 24762.7311874287 -19.5582194886949 66430.125 40.5
184610 366.603708113843 -13084.23593961 -12717.6322314962 25000.4683731234 24959.4565022072 25460.50316484 24581.4454523231 -89.1093863686521 66430.125 40.5
184620 364.373301268123 -13082.9221642943 -12718.5488630261 25016.4711077509 24919.0650723268 25607.9256417196 24522.4226092062 -242.1607218862 66430.125 40.5
184630 363.689402570942 -13083.3261682933 -12719.6367657223 25021.6743150336 24909.9093295482 25622.0568155428 24533.0568000098 -411.788914482386 66430.125 40.5
184640 364.317832053841 -13085.2186192978 -12720.900787244 24953.3202698039 24819.6948358243 25429.3305285352 24610.9354450524 -408.748124525454 66430.125 40.5
184650 362.859697933738 -13085.1968752696 -12722.3371773359 24932.4889659041 24813.5351923424 25246.6543415078 24737.2773638621 -283.912781890275 66430.125 40.5
184660 359.240749417178 -13083.1154391892 -12723.874689772 24910.406243668 24822.0120093953 25134.772664155 24774.4340574536 -222.383650744702 66430.125 40.5
184670 357.85369000638 -13083.2517214361 -12725.3980314297 24817.3671207653 24763.596077104 25065.5161188114 24622.9891663805 -286.045254843805 66430.125 40.5
184680 359.882107132714 -13086.712469405 -12726.8303622723 24558.1734904686 24601.1135372191 24830.3480381351 24243.0588960517 -336.381786531396 66430.125 40.5
184690 362.444418218901 -13090.6008413852 -12728.1564231663 24384.6348746158 24558.106119768 24566.5520723595 24029.24643172 -381.069986265909 66430.125 40.5
184700 362.776223898668 -13092.1478376315 -12729.3716137328 24382.5681017398 24649.3410661267 24427.8037741291 24070.5594649637 -443.197888610523 66430.125 40.5
184710 360.730492292358 -13091.176217878 -12730.4457255857 24548.8971498022 24823.9535648047 24490.3322528991 24332.4056317029 -502.698688273448 66430.125 40.5
184720 357.309182994446 -13088.6334295024 -12731.3242465079 24761.4477761083 24972.9037646391 24639.0127187241 24672.4268449617 -389.361288649584 66430.125 40.5
184730 354.500054759245 -13086.4626581575 -12731.9626033982 24803.6198380896 24985.6957843358 24661.9205320698 24763.2431978634 -43.5206268328098 66430.125 40.5
184740 353.536199295253 -13085.8904264336 -12732.3542271384 24769.9687348018 24920.8092753488 24676.4552106901 24712.6417183664 312.382580609999 66430.125 40.5
184750 354.177743675209 -13086.7042639428 -12732.5265202676 24654.7176091406 24617.9209261054 24715.9552827656 24630.2766185509 408.673555382373 66430.125 40.5
184760 357.122079351491 -13089.6615412917 -12732.5394619402 24535.392018716 24298.4894745195 24734.6720077963 24573.0145738322 244.998078884085 66430.125 40.5
184770 359.144922279624 -13091.6100788597 -12732.4651565801 24490.5629188546 24172.5307781575 24749.3362310247 24549.8217473817 45.1197869064599 66430.125 40.5
184780 356.930714556738 -13089.2708697342 -12732.3401551775 24660.2806959352 24406.1490865241 24851.5863324165 24723.1066688651 -4.73914873284067 66430.125 40.5
184790 354.443968770207 -13086.5848407548 -12732.1408719846 24757.9835890728 24731.8851684146 24719.3196140504 24822.7459847534 128.681942747288 66430.125 40.5
184800 355.721411045978 -13087.5621283343 -12731.8407172883 24763.1473615601 24910.7849965398 24556.5390324245 24822.118055716 193.51215228201 66430.125 40.5
184810 356.98065977541 -13088.4364304051 -12731.4557706297 24790.1790747988 25015.7106672306 24491.6060122138 24863.2205449521 125.577922684838 66430.125 40.5
184820 354.773947584328 -13085.7741584082 -12731.0002108239 24890.9930319111 25103.5874404693 24620.4937364621 24948.8979188018 30.7846638764994 66430.125 40.5
184830 354.539063573579 -13084.9925036474 -12730.4534400738 24886.5861642395 25112.5569495156 24613.443519363 24933.75802384 -47.1606469322811 66430.125 40.5
184840 359.299283226701 -13089.1168787448 -12729.8175955181 24738.5750505923 24923.4040067769 24413.170102109 24879.1510428911 -161.176237095807 66430.125 40.5
184850 363.401780515195 -13092.5636712204 -12729.1618907052 24560.6185477304 24608.5232177524 24178.2929116443 24895.0395137944 -249.682272420958 66430.125 40.5
184860 362.95625891718 -13091.5177686022 -12728.561509685 24583.7448645493 24491.3566598623 24247.1677202019 25012.7102135838 -291.356018165503 66430.125 40.5
184870 359.182971609161 -13087.1949536425 -12728.0119820334 24707.4914710517 24646.037895265 24571.0276735395 24905.4088443504 -248.236577063415 66430.125 40.5
184880 355.430400717268 -13082.874384981 -12727.4439842638 24847.7160512086 25003.675963571 24893.0772866216 24646.3949034333 -187.399541391308 66430.125 40.5
184890 354.273439266393 -13081.0612275727 -12726.7877883063 24935.8266626755 25336.4766226995 24993.3941688816 24477.6091964454 -244.654728801458 66430.125 40.5
184900 355.597565700731 -13081.6176282946 -12726.0200625938 24964.5516788465 25536.8159653668 24834.8949191602 24521.9441520123 -396.380159748163 66430.125 40.5
184910 356.993479206375 -13082.1556443492 -12725.1621651428 25011.4407624815 25573.0896216423 24644.1773475035 24817.0553182986 -426.193724885448 66430.125 40.5
184920 358.702989968327 -13082.9524286798 -12724.2494387115 25047.2095181867 25512.7869602111 24469.2177054216 25159.6238889275 -291.72613538929 66430.125 40.5
184930 363.644013894126 -13086.9767572284 -12723.3327433343 24893.2956389802 25301.1456935709 24276.8217849524 25101.9194384172 -110.895885021641 66430.125 40.5
184940 368.658799373324 -13091.1632599917 -12722.5044606184 24720.8568881714 25095.5092987096 24252.7804498809 24814.2809159236 -12.3569387777901 66430.125 40.5
184950 366.894906534235 -13088.741668819 -12721.8467622847 24800.474903367 25066.0919266271 24543.3558554857 24791.9769279883 -52.9775493363607 66430.125 40.5
184960 360.810067469964 -13082.1366342764 -12721.3265668065 25068.437787059 25152.9182982095 25033.79514734 25018.5999156276 -94.2337557809833 66430.125 40.5
184970 360.60388926214 -13081.4487553781 -12720.844866116 25096.0303764553 25069.571685932 25181.4223245128 25037.097118921 8.99813237494177 66430.125 40.5
184980 366.071145517999 -13086.4538058046 -12720.3826602866 24893.3577447978 24909.0258646871 24938.9390688419 24832.1083008643 94.0664825864132 66430.125 40.5
184990 368.503494263783 -13088.5189104381 -12720.0154161744 24793.0787937071 24983.2151189949 24694.717671958 24701.3035901683 115.568692533875 66430.125 40.5
185000 365.987614247519 -13085.7761461425 -12719.788531895 24973.6169734019 25282.2127884132 24787.8699314339 24850.7682003586 106.407973688358 66430.125 40.5
