# Fix print output for fix setl_out
91000 203.395658032388 -13244.3493933096 -13040.9537352772 12341.3917651379 12039.9062692946 12332.6945688133 12651.574457306 60.6460602824577 66430.125 40.5
91010 202.525662337615 -13243.4439794645 -13040.9183171269 12389.396822503 12065.290964016 12427.6286128757 12675.2708906172 178.93473339946 66430.125 40.5
91020 201.077375320554 -13241.8757902361 -13040.7984149155 12451.3361452477 12162.0148926773 12564.0013617181 12627.9921813477 295.146627236243 66430.125 40.5
91030 199.130322848244 -13239.6945160722 -13040.5641932239 12548.3122491109 12345.5600379101 12737.8622732757 12561.5144361469 341.770562229159 66430.125 40.5
91040 197.971152061969 -13238.1502453535 -13040.1790932916 12651.1037417755 12563.3318731684 12874.061415142 12515.9179370162 280.040199892889 66430.125 40.5
91050 198.719251112762 -13238.3377837457 -13039.618532633 12679.7396457162 12688.4361983034 12857.2706502417 12493.5120886034 179.664831495792 66430.125 40.5
91060 201.444931671282 -13240.339996771 -13038.8950650997 12611.5508195583 12708.9264392855 12657.8501703764 12467.8758490131 70.4277738098961 66430.125 40.5
91070 205.13018101925 -13243.2036181948 -13038.0734371755 12460.9113967776 12621.1214387778 12384.4659889825 12377.1467625723 -45.3110862765072 66430.125 40.5
91080 207.327966550819 -13244.5811283213 -13037.2531617705 12355.9154174637 12502.5914945613 12250.3853044434 12314.7694533864 -103.714015050528 66430.125 40.5
91090 206.603148380384 -13243.1165610305 -13036.5134126501 12427.2948665028 12525.4339920441 12348.7612745538 12407.6893329104 -125.674462804119 66430.125 40.5
91100 204.473107689064 -13240.3412506824 -13035.8681429933 12580.348585827 12649.6236216032 12505.5550150233 12585.8671208544 -133.866078041683 66430.125 40.5
91110 202.968232813809 -13238.2555805573 -13035.2873477435 12725.5945348514 12778.7990967331 12689.0635357328 12708.9209720883 -123.288671394918 66430.125 40.5
91120 202.41415201637 -13237.156811662 -13034.7426596457 12821.8077472036 12899.5234834453 12831.8292487909 12734.0705093746 -105.23317313395 66430.125 40.5
91130 202.211267205855 -13236.4330123799 -13034.2217451741 12836.587300233 12935.6419689139 12874.4775659866 12699.6423657985 -100.722535727814 66430.125 40.5
91140 202.52439315331 -13236.2432637899 -13033.7188706366 12793.728849193 12846.270951699 12853.8140159135 12681.1015799667 -85.9856050451267 66430.125 40.5
91150 204.397426429572 -13237.6339813443 -13033.2365549148 12702.4797594879 12680.9743278542 12731.0824666497 12695.3824839598 -35.3546619241279 66430.125 40.5
91160 207.427575519535 -13240.2243320556 -13032.7967565361 12600.6927137507 12541.7888174282 12503.1018969106 12757.1874269134 4.19435966492061 66430.125 40.5
91170 209.537595488855 -13241.9745006576 -13032.4369051687 12526.1777146129 12473.3375921413 12328.0161923923 12777.1793593052 -4.15735838579925 66430.125 40.5
91180 208.507890153861 -13240.6816844285 -13032.1737942747 12612.4933117414 12590.5164754443 12415.0275933897 12831.9358663903 -36.5915857533515 66430.125 40.5
91190 205.114148165454 -13237.0854320963 -13031.9712839308 12828.4431806324 12857.7657856573 12726.7147141518 12900.849042088 4.58755839207768 66430.125 40.5
91200 203.411395602839 -13235.1754985711 -13031.7641029683 12956.6248508609 13086.8622439344 12968.7164796012 12814.2958290469 151.912001474706 66430.125 40.5
91210 205.401726308574 -13236.9204755488 -13031.5187492402 12886.3211156552 13085.8668825786 12970.2901549079 12602.8063094791 261.787396979125 66430.125 40.5
91220 208.678178798837 -13239.9407397455 -13031.2625609467 12731.4447973327 12876.5894621065 12792.9416632544 12524.8032666373 271.116953039913 66430.125 40.5
91230 209.60330065354 -13240.6523139476 -13031.049013294 12662.5300673684 12692.3784363291 12666.7641937748 12628.4475720015 229.119742859235 66430.125 40.5
91240 207.049754730685 -13237.9417391055 -13030.8919843748 12773.498210789 12724.7793948655 12704.2144235743 12891.5008139271 187.111755383595 66430.125 40.5
91250 203.735885109406 -13234.480691454 -13030.7448063445 12921.2416926933 12821.8538576542 12827.6884795329 13114.182740893 150.891251982933 66430.125 40.5
91260 203.46797697982 -13234.0173959761 -13030.5494189963 12940.8953182227 12815.9566617341 12907.4929972902 13099.2362956437 168.635071291549 66430.125 40.5
91270 206.77145111025 -13237.0690154361 -13030.2975643258 12821.7250041805 12666.8407445733 12912.8709241668 12885.4633438014 282.710931682514 66430.125 40.5
91280 210.18740304244 -13240.2290741207 -13030.0416710782 12705.0582990832 12592.8592511397 12862.7032030982 12659.6124430116 375.088709250614 66430.125 40.5
91290 210.387538128477 -13240.2306005394 -13029.8430624109 12744.9432137482 12809.4127728059 12808.0628986557 12617.353969783 353.817293936729 66430.125 40.5
91300 208.307560733226 -13238.0192519717 -13029.7116912384 12861.5276389878 13097.7697778532 12773.6587456339 12713.1543934763 200.723955015387 66430.125 40.5
91310 206.959075631583 -13236.5728290777 -13029.6137534461 12905.5670881347 13165.1083677633 12738.1110627793 12813.4818338614 33.2053197644955 66430.125 40.5
91320 207.179764507863 -13236.7009360445 -13029.5211715367 12855.3659596008 13021.9662225332 12693.4909198814 12850.640736388 -11.8759154884366 66430.125 40.5
91330 208.068909163051 -13237.5037536014 -13029.4348444383 12791.7031411515 12835.2698562387 12657.7590755227 12882.0804916931 36.1298902503413 66430.125 40.5
91340 208.192060486844 -13237.5620128469 -13029.36995236 12794.1019504869 12716.1166523328 12679.8393425169 12986.349856611 83.7128608330785 66430.125 40.5
91350 206.637320418758 -13235.9639726045 -13029.3266521857 12866.8011856916 12684.2837956486 12774.8446445853 13141.2751168408 59.8157778164303 66430.125 40.5
91360 204.718840999282 -13233.9964546003 -13029.2776136011 12947.6952592315 12724.9939059965 12888.8594862538 13229.2323854444 6.89635395996086 66430.125 40.5
91370 204.513189457027 -13233.701236412 -13029.188046955 12971.7644634557 12774.4508458893 12988.4021485503 13152.4403959274 -63.8250739910503 66430.125 40.5
91380 206.328296008297 -13235.3778441768 -13029.0495481685 12899.9175396354 12772.7494096024 12980.0637311108 12946.9394781931 -87.1275228634627 66430.125 40.5
91390 208.492141318285 -13237.3806329331 -13028.8884916148 12818.6254555229 12764.4671660993 12921.9376984702 12769.4715019992 -9.08715724704873 66430.125 40.5
91400 209.476136916237 -13238.2200435018 -13028.7439065856 12809.3100626346 12776.4085726681 12883.7739372048 12767.7476780309 101.620589435814 66430.125 40.5
91410 209.44818662158 -13238.0873050458 -13028.6391184242 12875.406191872 12809.7260619955 12872.0025196142 12944.4899940064 124.416327405692 66430.125 40.5
91420 209.705217034774 -13238.2873654623 -13028.5821484276 12873.2470754985 12781.9025649675 12783.438457837 13054.4002036909 50.9969184926587 66430.125 40.5
91430 210.086403369256 -13238.6688442884 -13028.5824409192 12813.2198487992 12715.9345855279 12698.9483824894 13024.7765783802 -38.5835467400654 66430.125 40.5
91440 209.561643499462 -13238.2135682171 -13028.6519247176 12770.6038937461 12669.8577073037 12715.8163138931 12926.1376600415 -74.6793947637781 66430.125 40.5
91450 208.16804269935 -13236.9573239254 -13028.789281226 12787.9857326501 12640.6399143422 12835.5288377827 12887.7884458254 -44.1359826313602 66430.125 40.5
91460 206.595073584879 -13235.5705539776 -13028.9754803927 12866.9996139042 12631.5943836867 12975.1958475385 12994.2086104876 31.9597211121148 66430.125 40.5
91470 205.762133778344 -13234.9482614635 -13029.1861276851 12908.4600694884 12595.1509873291 13011.2761816292 13118.9530395068 140.30029207392 66430.125 40.5
91480 206.29231233403 -13235.7025693614 -13029.4102570273 12899.2353099427 12604.5008805963 12949.7588190948 13143.4462301369 210.495245930482 66430.125 40.5
91490 207.480792917607 -13237.1407295171 -13029.6599365995 12873.3216502351 12683.2843445162 12843.8900570146 13092.7905491744 175.512524590499 66430.125 40.5
91500 208.200382695562 -13238.1614514924 -13029.9610687968 12855.0379079955 12777.6611296999 12758.6498738729 13028.8027204138 53.3418148899894 66430.125 40.5
91510 207.712220033098 -13238.0448544302 -13030.3326343971 12829.9235399267 12831.3210181992 12715.709311377 12942.7402902039 -54.3055871227755 66430.125 40.5
91520 205.980070212266 -13236.7464267313 -13030.7663565191 12839.7153996601 12857.382827155 12768.3901771518 12893.3731946734 -86.8993386232068 66430.125 40.5
91530 204.457010813979 -13235.6870035631 -13031.2299927492 12843.503827666 12777.8728808594 12822.391613139 12930.2469889995 -31.5375307947691 66430.125 40.5
91540 204.72992838063 -13236.424642262 -13031.6947138813 12783.1312033186 12640.5392735451 12724.554705 12984.2996314108 32.8587432278258 66430.125 40.5
91550 206.749975018688 -13238.9151807563 -13032.1652057376 12665.3761452296 12545.7548565373 12473.8661553566 12976.507423795 53.8636720447256 66430.125 40.5
91560 208.131648681686 -13240.8041146192 -13032.6724659376 12585.3679444004 12559.0088498344 12297.9379398978 12899.157043469 76.2372606367909 66430.125 40.5
91570 207.32128029094 -13240.5537975577 -13033.2325172667 12588.3116223226 12686.8032232187 12309.8658094991 12768.2658342502 124.438794919844 66430.125 40.5
91580 205.471649649548 -13239.2946269748 -13033.8229773253 12680.6880996146 12855.3011909533 12490.0945061727 12696.6686017176 131.8877959818 66430.125 40.5
91590 203.781542446564 -13238.1803800975 -13034.3988376509 12784.9911398894 12931.7529681871 12730.551483892 12692.6689675892 107.461063996869 66430.125 40.5
91600 202.783841259361 -13237.704043742 -13034.9202024827 12801.0213851186 12884.6472027377 12843.6149594287 12674.8019931893 111.830357508897 66430.125 40.5
91610 202.663431547497 -13238.0283208163 -13035.3648892688 12729.4412363176 12709.0358814581 12799.3482978871 12679.9395296077 141.808753409013 66430.125 40.5
91620 203.146288589914 -13238.8758336309 -13035.729545041 12645.7243277729 12476.7695077832 12703.15287652 12757.2505990156 144.0927411499 66430.125 40.5
91630 203.975900130886 -13239.9995708037 -13036.0236706728 12579.0169150724 12300.753167117 12585.4865047462 12850.811073354 159.888766616899 66430.125 40.5
91640 205.03663166078 -13241.3016693899 -13036.2650377292 12556.2469984047 12295.1975078898 12446.1502767959 12927.3932105283 170.838210628652 66430.125 40.5
91650 205.898071796009 -13242.3726103783 -13036.4745385823 12515.7991235855 12345.555735447 12290.5863008926 12911.255334417 148.573234274075 66430.125 40.5
91660 205.963584278121 -13242.6325796283 -13036.6689953501 12495.1074281828 12403.7622773691 12210.1547867763 12871.4052204029 125.585384578698 66430.125 40.5
91670 204.680202867737 -13241.5276661698 -13036.847463302 12528.2462976058 12470.2917138345 12276.1734591396 12838.2737198433 147.79610948632 66430.125 40.5
91680 203.097313082812 -13240.0843667956 -13036.9870537128 12595.0407627518 12494.6081400742 12500.4510042634 12790.063143918 209.255371516152 66430.125 40.5
91690 203.03403967002 -13240.0965094805 -13037.0624698105 12587.9686235605 12485.1259467706 12684.2253401486 12594.5545837623 263.070711734076 66430.125 40.5
91700 204.46347573793 -13241.5331119741 -13037.0696362362 12495.4191949315 12475.2076652795 12690.2387263569 12320.8111931581 211.885508320576 66430.125 40.5
91710 206.223383295318 -13243.2535248227 -13037.0301415273 12421.5548128525 12474.5342783521 12635.3800279212 12154.7501322842 114.343592580163 66430.125 40.5
91720 207.173354836947 -13244.1478124034 -13036.9744575665 12377.9488266036 12447.7155897664 12556.5429459587 12129.5879440856 86.585980984973 66430.125 40.5
91730 206.136582560792 -13243.0539320225 -13036.9173494617 12428.1396956487 12427.9870748219 12549.2319894645 12307.2000226596 98.9004237814262 66430.125 40.5
91740 203.179391421268 -13240.0156599565 -13036.8362685353 12618.4746062906 12476.9513411008 12764.9163447927 12613.5561329784 38.4007632607761 66430.125 40.5
91750 200.570714750683 -13237.2428723022 -13036.6721575515 12750.2124598528 12504.5346053442 12957.6282154451 12788.4745587692 -61.7885789115713 66430.125 40.5
91760 200.569023809018 -13236.9308848869 -13036.3618610779 12741.4183648432 12523.1068386623 12900.2585568446 12800.8896990226 -16.9899889420394 66430.125 40.5
91770 202.779406335536 -13238.6518111047 -13035.8724047692 12652.0132511678 12535.7784759798 12670.7170960869 12749.5441814366 135.334364532361 66430.125 40.5
91780 204.995809382897 -13240.2076600598 -13035.2118506769 12590.1586551613 12547.5401374734 12479.3190322291 12743.6167957815 236.487035276805 66430.125 40.5
91790 205.399804162589 -13239.8127596405 -13034.412955478 12642.3198860311 12583.3519797271 12507.4641390007 12836.1435393654 201.842078146778 66430.125 40.5
91800 203.740351180959 -13237.2433909411 -13033.5030397601 12794.8065870863 12707.1585019165 12713.819138146 12963.4421211963 75.8162413754982 66430.125 40.5
91810 202.40851386292 -13234.9057965619 -13032.497282699 12920.3840745359 12835.6882626807 12951.7056107846 12973.7583501425 5.73137605445306 66430.125 40.5
91820 203.988673715646 -13235.4177225283 -13031.4290488127 12865.6149137132 12760.9594389097 13029.2823241418 12806.6029780882 31.6849267186639 66430.125 40.5
91830 208.204975811862 -13238.5960580574 -13030.3910822455 12719.9799087457 12560.0737832648 12943.647360403 12656.2185825692 95.7407183238016 66430.125 40.5
91840 211.290146882577 -13240.801692224 -13029.5115453414 12662.1244688201 12462.6623952405 12851.6776269181 12672.0333843016 193.464796057515 66430.125 40.5
91850 210.712920799557 -13239.5757502313 -13028.8628294318 12741.9168879307 12574.7662978542 12787.3564473796 12863.6279185584 251.962490643981 66430.125 40.5
91860 208.576039327365 -13236.9893362409 -13028.4132969135 12846.2623787514 12746.3181597229 12683.9190241742 13108.5499523571 208.642324146727 66430.125 40.5
91870 207.946335040797 -13236.0358521508 -13028.08951711 12851.5088667229 12773.7892883145 12545.5661513654 13235.1711604887 98.686709483131 66430.125 40.5
91880 208.739286776556 -13236.5859351371 -13027.8466483606 12808.1757322198 12646.5941457574 12576.4911806102 13201.4418702917 -12.0595688534999 66430.125 40.5
91890 209.753193475109 -13237.4304099644 -13027.6772164893 12819.2560577115 12568.3405762219 12822.4505586921 13066.9770382206 -77.617974558749 66430.125 40.5
91900 210.060694409457 -13237.6463270655 -13027.585632656 12844.4246455317 12591.6945300724 13044.4551226174 12897.1242839053 -70.927471147067 66430.125 40.5
91910 208.699198053214 -13236.2623843862 -13027.563186333 12895.8020389731 12749.4966199781 13149.4896476791 12788.4198492622 -27.2465352766209 66430.125 40.5
91920 206.493236357346 -13234.070575549 -13027.5773391916 12966.4173315264 12981.39303365 13160.6055555416 12757.2534053876 14.5005394903981 66430.125 40.5
91930 205.748172210112 -13233.3362798169 -13027.5881076068 12967.2963106456 13171.3425596667 13011.2016885754 12719.3446836946 -31.5176711470787 66430.125 40.5
91940 207.470752673419 -13235.0558864646 -13027.5851337912 12909.8771298091 13241.0477239332 12756.177512424 12732.4061530701 -128.567724520747 66430.125 40.5
91950 209.476653903049 -13237.0738887608 -13027.5972348577 12839.0518375892 13152.5641226152 12600.9851011759 12763.6062889765 -180.310045006715 66430.125 40.5
91960 209.264194707573 -13236.9216399622 -13027.6574452546 12842.3684171474 13055.6227253186 12638.5111421064 12832.9713840172 -168.254125139278 66430.125 40.5
91970 207.394922590211 -13235.1578656744 -13027.7629430841 12906.7236167853 13049.4058589228 12791.4827641432 12879.2822272898 -140.072552391724 66430.125 40.5
91980 206.299217990242 -13234.1817630764 -13027.8825450861 12941.3891440704 13025.827211905 12885.9821338069 12912.3580864994 -91.127329351297 66430.125 40.5
91990 207.235476322588 -13235.2350053076 -13027.999528985 12889.3370330659 12888.7913015711 12875.8195875579 12903.4002100688 -51.9233744535762 66430.125 40.5
92000 208.746390884063 -13236.8766833974 -13028.1302925133 12803.192003851 12716.0136348669 12788.6197130675 12904.9426636185 -47.2394020974235 66430.125 40.5
92010 208.87601414441 -13237.1769075843 -13028.3008934398 12795.222186602 12655.6227113754 12769.9919489769 12960.0518994538 -12.906378738802 66430.125 40.5
92020 208.067921383281 -13236.5851724167 -13028.5172510335 12832.9770949945 12669.4018382893 12803.5398239692 13025.9896227249 109.074072566365 66430.125 40.5
92030 207.898049342925 -13236.6680604679 -13028.7700111249 12849.5068483958 12694.6920694281 12818.4547576388 13035.3737181205 261.012237041981 66430.125 40.5
92040 208.516972655502 -13237.5760273281 -13029.0590546726 12821.6849750428 12693.2418070688 12764.6510064543 13007.1621116052 315.922273923446 66430.125 40.5
92050 208.697241316176 -13238.0939284946 -13029.3966871785 12808.4783738727 12669.6180857667 12736.9698522573 13018.8471835939 262.565003933512 66430.125 40.5
92060 207.397978554889 -13237.1828147607 -13029.7848362058 12858.6649625062 12693.0324634279 12831.8074352387 13051.154988852 162.72189171429 66430.125 40.5
92070 205.13060809427 -13235.3265778311 -13030.1959697369 12955.7069090074 12740.4116786727 13023.9307177883 13102.7783305612 107.10034192254 66430.125 40.5
92080 204.171162558868 -13234.7613234287 -13030.5901608699 12997.9938432722 12794.2920357657 13118.9322068618 13080.7572871891 161.576601535966 66430.125 40.5
92090 205.77659430099 -13236.7320590449 -13030.9554647439 12928.386438472 12789.2579793143 13042.528279482 12953.3730566197 268.104568530958 66430.125 40.5
92100 208.009455441601 -13239.3292505401 -13031.3197950985 12784.9367772871 12700.530389273 12827.5212910316 12826.7586515566 300.013158123501 66430.125 40.5
92110 209.194638405091 -13240.9189983873 -13031.7243599822 12666.6549886794 12585.4517917793 12591.9717121244 12822.5414621345 258.94303465716 66430.125 40.5
92120 209.469220032401 -13241.666079843 -13032.1968598106 12595.6233631366 12491.643311378 12429.3028467364 12865.9239312954 170.389166892169 66430.125 40.5
92130 208.140870255037 -13240.8792654881 -13032.7383952331 12571.6995646733 12501.9718131389 12385.1284277218 12827.9984531593 114.427664705905 66430.125 40.5
92140 204.946009730477 -13238.2571850677 -13033.3111753372 12658.3479382023 12666.6875767954 12544.350848971 12764.0053888405 99.3874003709 66430.125 40.5
92150 202.49641503664 -13236.3458810301 -13033.8494659935 12777.13427846 12825.7219675103 12792.4621620055 12713.2187058642 100.483210439111 66430.125 40.5
92160 203.353779863418 -13237.6677350272 -13034.3139551638 12751.4598400151 12750.3778741947 12842.7022374576 12661.2994083928 137.950326177379 66430.125 40.5
92170 205.509808891098 -13240.2282677188 -13034.7184588278 12696.6898574555 12562.4954759864 12814.240827543 12713.3332688371 173.413840885841 66430.125 40.5
92180 205.667223792748 -13240.7602105977 -13035.092986805 12718.1158105606 12479.9683878441 12856.8004602774 12817.5785835603 156.417360764956 66430.125 40.5
92190 204.335683281651 -13239.7759234839 -13035.4402402022 12768.1175455099 12510.613684666 12940.5958528426 12853.1430990211 93.9451153261214 66430.125 40.5
92200 203.571518874116 -13239.3109374267 -13035.7394185526 12749.2714068133 12566.0368942317 12940.451043012 12741.326283196 18.1408581858961 66430.125 40.5
92210 204.059252029514 -13240.0384350073 -13035.9791829778 12644.4228551287 12541.3259441382 12802.6544239533 12589.2881972945 -93.403590587315 66430.125 40.5
92220 204.980430028288 -13241.1498170283 -13036.169387 12517.3696378297 12429.7372350169 12642.3364444678 12480.0352340045 -150.791584332093 66430.125 40.5
92230 204.925773903586 -13241.2510844037 -13036.3253105001 12477.7085137264 12350.8101992848 12639.1390517699 12443.1762901244 -116.94991846639 66430.125 40.5
92240 203.841286775475 -13240.2860715347 -13036.4447847592 12512.8744215252 12340.6221970456 12762.0696849446 12435.9313825854 -69.9561240818845 66430.125 40.5
92250 203.656370177242 -13240.1699741425 -13036.5136039652 12501.6588569087 12276.983136841 12825.6031941915 12402.3902396937 -90.2090489331856 66430.125 40.5
92260 204.603951352724 -13241.1302604566 -13036.5263091039 12423.581805321 12155.8759755921 12756.9425902921 12357.9268500787 -149.716540567887 66430.125 40.5
92270 205.570903403154 -13242.0651530186 -13036.4942496155 12359.1898985184 12085.3998390319 12595.829319196 12396.3405373273 -170.123886336032 66430.125 40.5
92280 206.256542584956 -13242.6891341068 -13036.4325915219 12346.746105371 12129.9519910617 12401.1517478069 12509.1345772444 -93.9452531043491 66430.125 40.5
92290 206.25151055435 -13242.6009868675 -13036.3494763131 12377.0978023387 12244.3134378288 12286.8197025666 12600.1602666208 -49.0044143530437 66430.125 40.5
92300 205.040063266995 -13241.2766303719 -13036.2365671049 12465.4942035143 12421.5332811473 12304.8532173314 12670.0961120641 -51.0202068681135 66430.125 40.5
92310 203.368815360272 -13239.4286774562 -13036.0598620959 12560.0472137662 12555.2164362768 12406.0354459324 12718.8897590893 -37.4906988966306 66430.125 40.5
92320 202.686961872066 -13238.452802654 -13035.7658407819 12608.1504148542 12585.4832289394 12486.1768307283 12752.7911848949 -48.613206504422 66430.125 40.5
92330 203.088460499795 -13238.3880888764 -13035.2996283766 12625.3158571394 12540.8274424611 12523.8008205921 12811.3193083649 -91.270425763937 66430.125 40.5
92340 203.327701436439 -13237.9470675999 -13034.6193661635 12669.0931299096 12485.9924396193 12586.8104954301 12934.4764546794 -93.0750348126334 66430.125 40.5
92350 203.218854348462 -13236.9229942345 -13033.704139886 12748.3990569645 12488.0857944814 12732.1302343612 13024.9811420509 -34.2022914055523 66430.125 40.5
92360 204.171181440323 -13236.7458274391 -13032.5746459988 12789.0411513726 12512.1413576969 12866.8041108131 12988.1779856078 50.5517905102817 66430.125 40.5
92370 206.81540562539 -13238.1404115687 -13031.3250059433 12740.6090871544 12468.4352437395 12883.4082232611 12869.9837944625 61.1464768271777 66430.125 40.5
92380 209.777765286466 -13239.8934447266 -13030.1156794401 12674.0717908514 12431.7983995105 12826.7038947927 12763.7130782509 -39.0138988898084 66430.125 40.5
92390 211.174751382683 -13240.2670698098 -13029.0923184272 12619.974770014 12465.3234615069 12725.8542551041 12668.7465934311 -155.987925025551 66430.125 40.5
92400 210.985376239453 -13239.2951269667 -13028.3097507272 12599.0335197653 12561.5125393743 12579.431713646 12656.1563062757 -166.594288362192 66430.125 40.5
92410 209.817306612758 -13237.5568205419 -13027.7395139292 12629.9825482329 12696.6470600997 12467.5932137105 12725.7073708885 -115.637270037216 66430.125 40.5
92420 207.988482287728 -13235.3074149048 -13027.3189326171 12741.5549933534 12869.6781997517 12543.8904739587 12811.0963063497 -109.599615244253 66430.125 40.5
92430 206.4841767173 -13233.4679077346 -13026.9837310173 12893.4775338995 13027.9138761984 12763.4199794642 12889.0987460359 -172.438070148474 66430.125 40.5
92440 206.347783769424 -13233.0345236843 -13026.6867399149 13011.2915395717 13063.0065012041 13026.2218718359 12944.6462456752 -196.036729786133 66430.125 40.5
92450 207.953040347445 -13234.3668140573 -13026.4137737098 13009.0280546363 12947.0896650688 13162.1664209891 12917.828077851 -195.977122092294 66430.125 40.5
92460 210.174719578515 -13236.3596498629 -13026.1849302843 12929.2953041843 12816.8549346496 13139.7531716387 12831.2778062647 -161.357554061712 66430.125 40.5
92470 211.007323508954 -13237.0402504991 -13026.0329269902 12857.8752335905 12794.8681883561 13023.791095582 12754.9664168334 -119.59454202148 66430.125 40.5
92480 209.720539803141 -13235.6876290828 -13025.9670892796 12865.2446507002 12935.2083017426 12891.6117322091 12768.9139181488 -61.3628077367309 66430.125 40.5
92490 207.867804524489 -13233.8293424206 -13025.9615378961 12927.8126149633 13076.1396453976 12836.1433306604 12871.1548688319 -46.6878402524598 66430.125 40.5
92500 207.194447627514 -13233.1759396267 -13025.9814919992 12943.5184249473 13065.6193197146 12844.7192707831 12920.2166843442 -101.166302700387 66430.125 40.5
92510 207.794724904414 -13233.8070408202 -13026.0123159158 12914.0827066364 12976.4665019324 12875.0424635182 12890.7391544586 -185.204608566307 66430.125 40.5
92520 209.146395291177 -13235.2121226761 -13026.0657273849 12872.6232315413 12875.0093692654 12930.6997853993 12812.1605399592 -219.740989839507 66430.125 40.5
92530 210.343898732581 -13236.5132808507 -13026.1693821181 12865.0025591035 12823.4450082649 13016.4923333931 12755.0703356526 -180.863798274781 66430.125 40.5
92540 210.056440029192 -13236.4018800144 -13026.3454399852 12875.4813822043 12796.4661565367 13099.4265026438 12730.5514874325 -142.697928207441 66430.125 40.5
92550 208.276107613725 -13234.8653354496 -13026.5892278359 12893.6660629444 12777.0178514834 13158.8623427056 12745.1179946442 -72.3029263186461 66430.125 40.5
92560 206.450609470917 -13233.3193079541 -13026.8686984832 12945.4261978646 12821.8573876345 13170.0103758624 12844.4108300969 52.5429957697221 66430.125 40.5
92570 206.174513383591 -13233.3272942118 -13027.1527808282 12968.1995804971 12858.695986683 13077.6672962283 12968.23545858 157.860911437706 66430.125 40.5
92580 207.874286918988 -13235.3144210393 -13027.4401341203 12942.4860531458 12913.9624487405 12911.5539527383 13001.9417579587 153.794945361882 66430.125 40.5
92590 210.328084798987 -13238.0939614146 -13027.7658766156 12870.2790383794 13010.1540579219 12694.7913938679 12905.8916633484 29.3338697912965 66430.125 40.5
92600 211.644315925507 -13239.822295353 -13028.1779794275 12801.8270462622 13120.8382934307 12532.7187765131 12751.9240688429 -84.0128820150961 66430.125 40.5
92610 210.846671086722 -13239.5478848348 -13028.7012137481 12792.3124671102 13163.2499150489 12551.5555921485 12662.1318941333 -70.5859383715317 66430.125 40.5
92620 208.228395705948 -13237.5401463151 -13029.3117506092 12815.8974860689 13080.4756703368 12737.4726944744 12629.7440933955 62.0963343463239 66430.125 40.5
92630 205.077444433055 -13235.0244757784 -13029.9470313453 12858.6919832585 12925.504622121 12979.6724917306 12670.8988359239 167.53546269828 66430.125 40.5
92640 202.479715409794 -13233.0137445431 -13030.5340291333 12912.8782100033 12813.8490917313 13151.3725642514 12773.4129740274 147.226048726711 66430.125 40.5
92650 202.052614304118 -13233.0750770436 -13031.0224627394 12920.8275561051 12717.3087380691 13182.5901758102 12862.583754436 1.86598799022361 66430.125 40.5
92660 205.110173918316 -13236.525321283 -13031.4151473647 12777.8091755248 12541.7905673365 12999.3990495211 12792.2379097167 -158.321223034009 66430.125 40.5
92670 209.833502093365 -13241.6083691475 -13031.7748670541 12559.5741409134 12354.3785473362 12732.4133348772 12591.9305405267 -260.386997061097 66430.125 40.5
92680 211.948108364887 -13244.133011505 -13032.1849031401 12451.3806529603 12352.2776468543 12573.7835567764 12428.0807552502 -262.257392493452 66430.125 40.5
92690 209.3341381112 -13242.0054308554 -13032.6712927442 12566.9364012616 12575.0770695244 12663.7065652485 12462.0255690119 -146.141865418019 66430.125 40.5
92700 204.926109855303 -13238.1005553533 -13033.1744454979 12747.6410681675 12832.5155963032 12781.5476640955 12628.8599441037 11.393165326748 66430.125 40.5
92710 202.820682687175 -13236.4347408031 -13033.6140581159 12797.3260523406 12935.2597026877 12725.5348114284 12731.1836429058 97.2062638898327 66430.125 40.5
92720 203.726137526277 -13237.6846072063 -13033.95846968 12756.362413367 12918.8417179431 12598.9322564802 12751.3132656776 112.701334606144 66430.125 40.5
92730 205.463514434889 -13239.6909483544 -13034.2274339195 12696.0583101169 12814.7852386342 12514.4669392857 12758.9227524308 46.4974388370201 66430.125 40.5
92740 206.072245558727 -13240.5258395907 -13034.453594032 12668.1242856422 12685.44751416 12568.667879348 12750.2574634186 -108.88939923911 66430.125 40.5
92750 205.486104818146 -13240.1363682358 -13034.6502634176 12637.8516119416 12537.3557965084 12676.1301032152 12700.0689361011 -202.872701927637 66430.125 40.5
92760 204.896769067911 -13239.7081925247 -13034.8114234568 12594.705327138 12441.7548992841 12695.7693815906 12646.5917005394 -160.983944301697 66430.125 40.5
92770 204.623833261638 -13239.5532396466 -13034.929406385 12573.1714177658 12435.0325947665 12621.0779346571 12663.4037238738 9.45875523097983 66430.125 40.5
92780 203.866754644961 -13238.8651528045 -13034.9983981596 12628.655764593 12566.7924684167 12563.9953103813 12755.1795149809 197.785275919016 66430.125 40.5
92790 202.993248840253 -13238.0001744426 -13035.0069256023 12706.9260582633 12748.7806274655 12602.6445382654 12769.3530090588 240.465337639372 66430.125 40.5
92800 203.652264206349 -13238.598074514 -13034.9458103076 12682.3131392445 12784.0277439773 12672.4997509117 12590.4119228444 76.9575738310276 66430.125 40.5
92810 205.967103160618 -13240.797672211 -13034.8305690504 12579.4485723445 12627.1280672855 12742.1618360634 12369.0558136846 -150.708105384466 66430.125 40.5
92820 207.393500288768 -13242.0929444326 -13034.6994441439 12504.8450595806 12450.8987192725 12799.8935152441 12263.7429442251 -251.863712948536 66430.125 40.5
92830 206.327250452204 -13240.9037077036 -13034.5764572514 12511.1760389365 12477.9672473532 12748.8014080132 12306.759461443 -196.37182638917 66430.125 40.5
92840 204.576737409484 -13239.0229663941 -13034.4462289846 12546.2601562424 12635.2077981659 12601.3642303667 12402.2084401946 -53.1159213822484 66430.125 40.5
92850 204.427627704045 -13238.7067448978 -13034.2791171937 12520.9198391606 12688.1998797147 12409.4244623463 12465.1351754207 33.3030282891946 66430.125 40.5
92860 205.663689574836 -13239.7324879541 -13034.0687983793 12501.3158878303 12617.8505814254 12315.4773233103 12570.619758755 52.2655346904691 66430.125 40.5
92870 206.197685848286 -13240.0298350784 -13033.8321492301 12511.373132483 12504.7543449346 12383.9996051037 12645.3654474106 47.3085826408136 66430.125 40.5
92880 204.702119138929 -13238.2777165321 -13033.5755973932 12619.8259530567 12487.1255240756 12669.9309654059 12702.4213696886 73.6966635613278 66430.125 40.5
92890 202.646904161674 -13235.9194746292 -13033.2725704675 12730.2599064014 12551.2946693694 12959.8565794962 12679.6284703386 110.870749531531 66430.125 40.5
92900 202.656551795119 -13235.541205056 -13032.8846532608 12730.4112929531 12600.8611697653 13026.9822918201 12563.390417274 173.919920422184 66430.125 40.5
92910 205.139941874437 -13237.5415767691 -13032.4016348947 12663.2208219098 12656.2254783984 12876.1265519604 12457.3104353705 235.943826146126 66430.125 40.5
92920 208.466627435348 -13240.3255837585 -13031.8589563232 12594.5742145319 12703.6314006367 12643.4357251354 12436.6555178235 264.95031304194 66430.125 40.5
92930 210.796753181054 -13242.1164165869 -13031.3196634059 12582.3370645996 12756.1771176866 12440.6509816768 12550.1830944354 244.870724977712 66430.125 40.5
92940 210.572163413024 -13241.406109207 -13030.833945794 12630.6611154196 12795.9711786539 12334.0408289339 12761.9713386711 199.089053070599 66430.125 40.5
92950 208.004207791379 -13238.4082979903 -13030.404090199 12803.5360241249 12895.6950918896 12480.2892120776 13034.6237684074 167.830804254236 66430.125 40.5
92960 205.27166899561 -13235.2547424304 -13029.9830734348 12961.3368875225 12942.2599397557 12775.5070578523 13166.2436649594 168.542370972015 66430.125 40.5
92970 204.603198600743 -13234.1159482009 -13029.5127496002 13005.8890768265 12887.274237687 13046.2351691215 13084.1578236711 178.072021413123 66430.125 40.5
92980 206.250489755353 -13235.2147918207 -13028.9643020654 12924.3301611938 12779.4764513808 13128.5535160745 12864.9605161262 134.746099873308 66430.125 40.5
92990 208.636080280515 -13236.9850001586 -13028.3489198781 12811.6277547347 12708.471015631 13033.8509280063 12692.5613205667 65.6534697074826 66430.125 40.5
93000 210.580481179234 -13238.2839144447 -13027.7034332655 12740.8038752269 12690.6058483761 12883.2883812004 12648.517396104 -6.68272860095989 66430.125 40.5
93010 210.89419449229 -13237.9554752932 -13027.0612808009 12768.3726498843 12728.8207953338 12799.7804741443 12776.5166801746 -15.4125010095054 66430.125 40.5
93020 209.220490317191 -13235.6465756746 -13026.4260853574 12895.7300940639 12861.7404896389 12893.8444887606 12931.6053037923 35.2896507553118 66430.125 40.5
93030 207.493048801497 -13233.2547854871 -13025.7617366856 13025.0899035156 13034.2549167895 13080.2599224011 12960.7548713563 119.60007585339 66430.125 40.5
93040 207.534788303205 -13232.5515484235 -13025.0167601203 13084.3696825812 13141.0247671793 13251.8558316174 12860.2284489468 183.015700621317 66430.125 40.5
93050 208.841121665449 -13233.003459777 -13024.1623381115 13054.3563418678 13142.8988858678 13292.6485495286 12727.521590207 198.864449371506 66430.125 40.5
93060 209.847660626581 -13233.0536577959 -13023.2059971694 13030.8326612801 13142.1697724831 13252.2288318859 12698.0993794712 193.071730445289 66430.125 40.5
93070 210.035744004151 -13232.2136597651 -13022.177915761 13102.533156811 13208.851236085 13251.4799545808 12847.2682797671 218.547652830114 66430.125 40.5
93080 210.32145397593 -13231.4397424034 -13021.1182884275 13214.4214167259 13235.8980104227 13316.040974961 13091.3252647941 269.119110364011 66430.125 40.5
93090 211.936987373412 -13232.0222033088 -13020.0852159354 13258.1415740209 13129.6246125845 13387.2773164322 13257.522793046 283.793562343807 66430.125 40.5
93100 214.739968526716 -13233.9054772821 -13019.1655087554 13147.5692176126 12909.5533239296 13335.4680059929 13197.6863229153 210.949854623801 66430.125 40.5
93110 216.838488908125 -13235.2952043811 -13018.456715473 13032.1877584272 12799.6578393254 13249.6838942228 13047.2215417334 87.8596261827689 66430.125 40.5
93120 216.613530707746 -13234.6299149815 -13018.0163842738 13036.0260217228 12967.83717467 13228.9387482234 12911.3021422752 32.7181597342259 66430.125 40.5
93130 214.132461113739 -13231.9565564234 -13017.8240953096 13156.6499976265 13316.0606230547 13311.947772023 12841.941597802 50.1809920188408 66430.125 40.5
93140 211.65664285102 -13229.459322908 -13017.802680057 13262.348193273 13576.0718031312 13368.5512150738 12842.4215616142 66.2019694938272 66430.125 40.5
93150 211.216931873746 -13229.0972609095 -13017.8803290358 13299.4775484662 13621.3671797482 13362.6650557044 12914.4004099459 25.4538887094787 66430.125 40.5
93160 211.852097351974 -13229.877140054 -13018.025042702 13282.2186810128 13503.3711056951 13304.8765342407 13038.4084031026 15.1986027338687 66430.125 40.5
93170 211.99967415547 -13230.2268942481 -13018.2272200927 13277.4024758008 13364.1852890255 13304.1516887916 13163.8704495854 37.1276714245715 66430.125 40.5
93180 212.128434808474 -13230.6048670043 -13018.4764321958 13246.1949958405 13247.5191534397 13311.8734298575 13179.1924042243 35.1278663888134 66430.125 40.5
93190 213.057072190661 -13231.8267942383 -13018.7697220477 13180.3630034929 13166.0203226311 13253.5169843768 13121.5517034709 23.394842886948 66430.125 40.5
93200 213.967414273758 -13233.0842161057 -13019.1168018319 13092.5856841101 13096.8406577809 13114.797970592 13066.1184239575 9.78123322171058 66430.125 40.5
93210 214.384342213747 -13233.9162308717 -13019.531888658 13082.7648382919 13068.5095339589 13054.0009123115 13125.7840686053 13.9328240022617 66430.125 40.5
93220 213.686293351355 -13233.7039107189 -13020.0176173675 13178.641847326 13042.1801829744 13195.3206254582 13298.4247335454 -39.5269923059207 66430.125 40.5
93230 211.692815088113 -13232.2470274513 -13020.5542123632 13288.6501530118 13058.6893601829 13407.3595416995 13399.9015571531 -118.859477908832 66430.125 40.5
93240 209.91271552736 -13231.0195867905 -13021.1068712631 13314.7798205967 13124.6479749415 13459.7411117139 13359.9503751348 -172.538403080289 66430.125 40.5
93250 209.810854801234 -13231.4640201985 -13021.6531653973 13217.8441480136 13174.2725476678 13324.010143658 13155.2497527151 -144.478085842021 66430.125 40.5
93260 211.335221172486 -13233.539541721 -13022.2043205485 13066.9050492322 13087.7767590059 13206.475121391 12906.4632672996 -101.083047436 66430.125 40.5
93270 212.590056798892 -13235.3841549764 -13022.7940981775 12977.5067240197 12932.2747574226 13244.9606174329 12755.2847972037 -58.0446486446238 66430.125 40.5
93280 211.737730632194 -13235.1764680391 -13023.4387374069 12994.865558089 12845.051340549 13382.9056053457 12756.6397283722 -13.7933631675861 66430.125 40.5
93290 209.450281159806 -13233.5642139664 -13024.1139328066 13058.2160374996 12874.7524613536 13507.7545672127 12792.1410839326 28.6834514358079 66430.125 40.5
93300 207.557048962919 -13232.3297647073 -13024.7727157444 13056.3243744523 12947.9958776521 13509.2319813731 12711.7452643316 108.215131856428 66430.125 40.5
93310 207.5589872873 -13232.9470446778 -13025.3880573905 12969.1881819186 12957.701555586 13326.2665536232 12623.5964365465 150.486379236235 66430.125 40.5
93320 208.77870060507 -13234.7472741024 -13025.9685734973 12855.5893349075 12901.4194638958 13025.5994844689 12639.7490563578 132.459292045175 66430.125 40.5
93330 209.844324246732 -13236.3849188212 -13026.5405945745 12780.2236887872 12912.2240035443 12747.6772582372 12680.7698045801 34.519239969229 66430.125 40.5
93340 210.738544240449 -13237.86801293 -13027.1294686896 12747.0422265384 13012.6933108575 12593.1834407669 12635.2499279908 -67.3283284067722 66430.125 40.5
93350 211.242532945178 -13238.9942922837 -13027.7517593385 12730.8819697219 13142.5547891129 12569.5719666252 12480.5191534277 -100.850532535219 66430.125 40.5
93360 210.989378190024 -13239.4011939627 -13028.4118157727 12759.8054140759 13220.1563803051 12723.529439944 12335.7304219788 -92.2787854154865 66430.125 40.5
93370 210.007855836847 -13239.1053950859 -13029.0975392491 12793.48793633 13137.452835708 12966.2648765282 12276.7460967538 -43.3436469315795 66430.125 40.5
93380 208.200966874439 -13237.9817374217 -13029.7807705473 12807.0837026325 12943.6126322823 13174.7243076151 12302.914168 27.6048607074747 66430.125 40.5
93390 205.963665935877 -13236.3854199743 -13030.4217540384 12825.5235415611 12842.5247691251 13261.7054733408 12372.3403822173 70.8700523735154 66430.125 40.5
93400 204.281419869229 -13235.2658713487 -13030.9844514795 12854.404298829 12891.1260579657 13196.9731137932 12475.1137247282 75.0659132667081 66430.125 40.5
93410 203.512035432085 -13234.9615286941 -13031.449493262 12845.0321169289 12999.2301725838 12987.0615237921 12548.8046544108 72.9494677844291 66430.125 40.5
93420 203.633106910646 -13235.4504294066 -13031.8173224959 12834.0462209169 13158.3794845671 12755.240482698 12588.5186954856 58.4059473203806 66430.125 40.5
93430 204.432385147408 -13236.5354163378 -13032.1030311904 12843.1930448192 13260.0579783655 12640.603579703 12628.9175763892 62.4416496785166 66430.125 40.5
93440 205.675233399396 -13238.0060929946 -13032.3308595952 12776.8183628862 13168.37834181 12551.2681582084 12610.8085886403 93.9405054569435 66430.125 40.5
93450 207.134408211185 -13239.6646507244 -13032.5302425133 12689.6344239169 13017.035698729 12448.2863213241 12603.5812516976 132.067135969812 66430.125 40.5
93460 208.647393987433 -13241.3807417854 -13032.733347798 12622.9044269624 12902.7734123866 12377.8685945289 12588.0712739717 195.520417653567 66430.125 40.5
93470 209.850535714616 -13242.8229265182 -13032.9723908036 12538.270789 12835.2072116106 12345.8851125627 12433.7200428265 294.424876793992 66430.125 40.5
93480 209.847911929517 -13243.1183771475 -13033.2704652179 12496.9080485284 12816.849800385 12418.5996560433 12255.2746891568 328.674819288744 66430.125 40.5
93490 207.853547710491 -13241.4773678267 -13033.6238201162 12567.9297446779 12880.8141626238 12608.4003342946 12214.5747371155 259.977028059156 66430.125 40.5
93500 204.484111413242 -13238.4734395847 -13033.9893281714 12697.5080032272 12942.2300574279 12853.6334432139 12296.6605090397 214.845873367052 66430.125 40.5
93510 202.212915698583 -13236.5197898793 -13034.3068741808 12773.2074819524 12948.4511106153 13032.1220306442 12339.0493045977 191.046258918531 66430.125 40.5
93520 202.205872826506 -13236.7461751228 -13034.5403022963 12735.5904850513 12908.0223550932 13021.7506020085 12276.9984980521 130.555174725765 66430.125 40.5
93530 202.625858855096 -13237.3116714664 -13034.6858126113 12703.8510512441 12922.5801374317 12893.1702681703 12295.8027481304 7.57086802710296 66430.125 40.5
93540 202.516240058855 -13237.2648592262 -13034.7486191674 12708.1921822412 12927.4586675685 12763.4664608043 12433.6514183509 -116.127741443294 66430.125 40.5
93550 203.454242372008 -13238.1855816947 -13034.7313393227 12621.7674261817 12820.2414453819 12541.4942660785 12503.5665670849 -171.722902041232 66430.125 40.5
93560 205.828080060804 -13240.4794835154 -13034.6514034546 12468.8290886274 12615.0703052695 12305.1598833048 12486.2570773078 -144.620840392281 66430.125 40.5
93570 207.363744466922 -13241.9093241899 -13034.545579723 12435.5680911178 12472.775635943 12289.867266287 12544.0613711235 -123.792065411381 66430.125 40.5
93580 206.845116421629 -13241.286627716 -13034.4415112944 12516.3876263179 12463.6176244569 12498.723022003 12586.8222324939 -225.420743245167 66430.125 40.5
93590 205.185838089717 -13239.5181136702 -13034.3322755804 12613.8046354435 12505.0022350726 12804.9223813493 12531.4892899087 -373.609662970658 66430.125 40.5
93600 203.542953363248 -13237.728475467 -13034.1855221037 12707.6148617233 12534.4908116143 13137.9398505358 12450.4139230199 -421.054812792062 66430.125 40.5
93610 202.586755984952 -13236.5518538203 -13033.9650978353 12790.4541612781 12515.5226711071 13435.9482565764 12419.8915561508 -348.907377311101 66430.125 40.5
93620 203.002136287535 -13236.6475555579 -13033.6454192704 12768.8239297701 12509.6803116407 13495.0508331322 12301.7406445375 -220.121775073952 66430.125 40.5
93630 205.171733207975 -13238.3976361126 -13033.2259029046 12676.4766479489 12624.1324156249 13340.8201904331 12064.4773377889 -98.589617551502 66430.125 40.5
93640 207.695911659642 -13240.4328174348 -13032.7369057752 12562.9023258023 12805.7271390428 12964.9176841196 11918.0621542446 -48.6577256557264 66430.125 40.5
93650 208.769849345897 -13240.9960159565 -13032.2261666106 12536.4162227166 13020.7462337223 12580.9064973778 12007.5959370496 -28.6103417937165 66430.125 40.5
93660 207.604536618219 -13239.325711542 -13031.7211749238 12629.6517750412 13152.2209670296 12446.301802438 12290.432555656 -15.6872730731737 66430.125 40.5
93670 205.619950038169 -13236.8296143432 -13031.209664305 12766.9359590144 13119.4500767388 12621.2945789628 12560.0632213417 -21.4752611198245 66430.125 40.5
93680 205.112678197553 -13235.7735820873 -13030.6609038897 12865.2809675424 12977.8831821536 12897.9455846532 12720.0141358203 -31.900635034003 66430.125 40.5
93690 206.119909281914 -13236.1827632449 -13030.0628539629 12878.7800576105 12840.8287578111 13068.7376610638 12726.7737539564 -53.9940614660635 66430.125 40.5
93700 207.870392675565 -13237.3074594924 -13029.4370668168 12831.010134734 12801.4007799723 13114.2220726758 12577.407551554 -42.059191680781 66430.125 40.5
93710 210.306709481265 -13239.1354585213 -13028.82874904 12741.3331823372 12783.746679563 13066.8917951571 12373.3610722914 51.4488153987447 66430.125 40.5
93720 212.128365482546 -13240.4223631267 -13028.2939976442 12688.5336458151 12812.4695632772 13001.794662742 12251.3367114262 123.832068878583 66430.125 40.5
93730 211.428993662662 -13239.3015322287 -13027.872538566 12763.3587371957 12915.349296969 13030.635170056 12344.091744562 113.217479136343 66430.125 40.5
93740 208.958136033988 -13236.5142353056 -13027.5560992716 12914.8819574385 13045.9544397653 13107.8440287882 12590.8474037619 30.0721253158336 66430.125 40.5
93750 206.71004610877 -13234.0065936718 -13027.296547563 13052.72420817 13130.4808542616 13172.3541728248 12855.3375974234 -29.9524465645275 66430.125 40.5
93760 206.049765017333 -13233.0970500593 -13027.047285042 13070.3030769645 13102.5078504376 13124.5507377649 12983.8506426909 -12.2219026977316 66430.125 40.5
93770 207.206259073031 -13234.0010166438 -13026.7947575708 12986.3472168662 12994.8641500282 13043.0227476385 12921.1547529319 125.100787563952 66430.125 40.5
93780 207.599017031702 -13234.1510607317 -13026.5520437 12914.6205845167 12944.6106514867 13019.4943055529 12779.7567965106 296.149876723749 66430.125 40.5
93790 206.357561531171 -13232.6815084625 -13026.3239469314 12938.0901848719 12996.648174017 13111.6726902203 12705.9496903784 375.670163432736 66430.125 40.5
93800 206.586326932918 -13232.6818063753 -13026.0954794424 12940.4521139846 13028.0228141178 13119.375686243 12673.957841593 376.07802247161 66430.125 40.5
93810 209.419633389316 -13235.2899408485 -13025.8703074592 12857.2725277598 12970.8006387661 12969.8647221574 12631.1522223559 330.572832421183 66430.125 40.5
93820 212.248444978869 -13237.9446366778 -13025.696191699 12801.0050182951 12941.0276402182 12783.3051005363 12678.6823141307 245.296287963019 66430.125 40.5
93830 212.207986928142 -13237.8329063424 -13025.6249194142 12853.5686406545 13009.3280417447 12711.9669648567 12839.410915362 125.226744440589 66430.125 40.5
93840 209.898804634321 -13235.5574204189 -13025.6586157846 12967.9873728016 13079.3902905321 12803.4985573411 13021.0732705316 12.6871994078623 66430.125 40.5
93850 208.8815484649 -13234.6443437803 -13025.7627953154 13017.1114142146 13062.08476457 12941.0654311888 13048.1840468848 -7.92540344409904 66430.125 40.5
93860 209.952806910311 -13235.8770738426 -13025.9242669322 12917.1356533265 12916.6706712397 12940.800325072 12893.9359636679 94.8564959987325 66430.125 40.5
93870 209.925725029962 -13236.0876700403 -13026.1619450104 12870.4670399508 12833.6408231666 12976.7920560717 12800.9682406142 245.650523498351 66430.125 40.5
93880 208.041340518091 -13234.5245462646 -13026.4832057465 12953.7516598997 12850.9066565707 13132.9687133948 12877.3796097337 295.445273332506 66430.125 40.5
93890 207.349130628561 -13234.2255650729 -13026.8764344443 12990.5659077132 12839.1086162259 13199.3484652002 12933.2406417134 158.618362739733 66430.125 40.5
93900 208.290432023564 -13235.6416721547 -13027.3512401311 12938.0834191382 12832.4780869799 13100.2150503062 12881.5571201286 -120.824203664793 66430.125 40.5
93910 208.34164706168 -13236.2866649788 -13027.9450179171 12931.8794530801 12924.695398706 13044.8812445955 12826.0617159388 -339.094152905085 66430.125 40.5
93920 207.608499967016 -13236.2983667028 -13028.6898667358 12896.8465098051 13019.9246768864 12945.1046257358 12725.510226793 -298.445748081717 66430.125 40.5
93930 208.001893937561 -13237.6069451656 -13029.6050512281 12751.8169187412 12957.1250816907 12718.7459946953 12579.5796798378 -87.0047227681815 66430.125 40.5
93940 209.192335583261 -13239.8973380353 -13030.705002452 12571.0224567523 12780.9633694096 12483.6575884634 12448.446412384 16.3692614078427 66430.125 40.5
93950 209.06917016383 -13241.0325474749 -13031.9633773111 12474.3683297354 12627.8312689021 12382.3483046479 12412.9254156561 -66.2172009145255 66430.125 40.5
93960 206.344256719598 -13239.5978694338 -13033.2536127142 12549.3045961989 12612.8074737106 12498.5359054602 12536.570409426 -246.446574593343 66430.125 40.5
93970 202.789673734254 -13237.1727475078 -13034.3830737735 12694.5974144032 12704.7363081139 12729.3769141901 12649.6790209056 -338.245718090886 66430.125 40.5
93980 201.890207013371 -13237.1189109777 -13035.2287039643 12706.2900618795 12734.0091206467 12853.2753066113 12531.5857583803 -236.281714569192 66430.125 40.5
93990 204.062344382826 -13239.8667140604 -13035.8043696775 12564.5090843447 12632.9047920288 12779.342979864 12281.2794811412 -11.2450823234195 66430.125 40.5
94000 205.78654622566 -13241.9817235024 -13036.1951772767 12419.0455952444 12466.8785231365 12677.7145603028 12112.5437022939 150.090666913968 66430.125 40.5
94010 204.986732488311 -13241.4576648819 -13036.4709323936 12418.9051798099 12358.682081032 12710.7031871442 12187.3302712536 164.04610520468 66430.125 40.5
94020 203.018513387426 -13239.6707882036 -13036.6522748161 12523.6797210691 12364.2234292009 12774.2689766388 12432.5467573676 84.412150224984 66430.125 40.5
94030 202.195694133793 -13238.9308552276 -13036.7351610938 12622.5938214078 12450.2730555641 12744.9262408948 12672.5821677644 9.09394086010531 66430.125 40.5
94040 203.338759104754 -13240.0664611307 -13036.727702026 12637.7665509466 12522.5074414409 12651.313476526 12739.4787348729 5.80637539405792 66430.125 40.5
94050 204.922377335426 -13241.580179095 -13036.6578017595 12560.075715467 12486.2973420836 12581.3284051588 12612.6013991586 2.28843819685077 66430.125 40.5
94060 205.083982307698 -13241.6391091094 -13036.5551268017 12516.2473477427 12471.4419124274 12619.7960336099 12457.5040971909 -31.8015666823817 66430.125 40.5
94070 203.311654009381 -13239.7332491411 -13036.4215951317 12522.96489002 12535.419608093 12688.6226714988 12344.8523904683 -63.0712777088467 66430.125 40.5
94080 201.380567245154 -13237.6077244693 -13036.2271572242 12551.9470957376 12615.0067205073 12673.5759909381 12367.2585757674 -80.1167863288327 66430.125 40.5
94090 201.798062236684 -13237.7391879844 -13035.9411257477 12568.761124035 12657.8201103321 12593.6283143018 12454.8349474712 -56.9608886330025 66430.125 40.5
94100 204.218320981678 -13239.7852362321 -13035.5669152504 12535.1218022126 12639.7159672606 12490.3922987419 12475.2571406352 -15.0019586179364 66430.125 40.5
94110 205.921084443245 -13241.062910223 -13035.1418257797 12552.8945714207 12652.1269154635 12499.350816426 12507.2059823725 39.6804060381398 66430.125 40.5
94120 206.010667183758 -13240.711750256 -13034.7010830722 12619.1626288168 12624.453036332 12626.2056691568 12606.8291809616 74.7406889870208 66430.125 40.5
94130 205.634516712896 -13239.8878344056 -13034.2533176927 12656.6239116239 12505.0742098615 12761.0897783297 12703.7077466805 87.5462669083347 66430.125 40.5
94140 205.58840377515 -13239.3816432712 -13033.793239496 12657.6181446671 12428.0428821647 12826.5560822333 12718.2554696033 79.0170772571549 66430.125 40.5
94150 206.062546766908 -13239.3829592112 -13033.3204124443 12640.070465684 12436.321099354 12785.517321461 12698.3729762369 18.4174411531133 66430.125 40.5
94160 206.593361746132 -13239.4380694051 -13032.8447076589 12617.424047667 12494.5010234013 12680.5802629046 12677.1908566951 -85.7362524180397 66430.125 40.5
94170 206.075730821596 -13238.4505715094 -13032.3748406878 12649.4891966522 12610.9858126443 12617.4762251917 12720.0055521205 -171.262058232917 66430.125 40.5
94180 205.111032457106 -13237.0169834699 -13031.9059510128 12746.4445970467 12776.2901787541 12669.1770075732 12793.8666048128 -222.46841927751 66430.125 40.5
94190 204.88455883415 -13236.3076747377 -13031.4231159036 12774.4448383793 12839.620257449 12698.3128789 12785.401378789 -191.841047518669 66430.125 40.5
94200 205.817843594169 -13236.7392863156 -13030.9214427215 12722.9445020599 12769.8423414347 12716.213138207 12682.778026538 -75.1882792919191 66430.125 40.5
94210 208.206818688734 -13238.6281673626 -13030.4213486739 12658.4960798559 12672.0400991415 12785.7611636383 12517.6869767879 77.1409252089939 66430.125 40.5
94220 210.304394513159 -13240.2712097483 -13029.9668152351 12630.4939261915 12568.4606851161 12895.6802442664 12427.3408491919 174.110214154085 66430.125 40.5
94230 209.521062548337 -13239.1147762108 -13029.5937136624 12743.5974805545 12630.4684727995 13060.006435457 12540.3175334072 79.4188351112968 66430.125 40.5
94240 206.805990994931 -13236.0951304341 -13029.2891394391 12892.8768671989 12831.8761797419 13151.0864425177 12695.6679793372 -147.439827913146 66430.125 40.5
94250 205.094333602042 -13234.0978410821 -13029.00350748 12984.1597683998 13061.1049042272 13101.8166764282 12789.5577245441 -259.251610578209 66430.125 40.5
94260 205.193905842997 -13233.8928120299 -13028.6989061869 12987.9197820458 13153.7293501376 12963.5686639025 12846.4613320974 -181.522612983066 66430.125 40.5
94270 206.788575885873 -13235.1609288673 -13028.3723529815 12901.5284224744 13018.1314384321 12788.553329297 12897.9004996942 -35.8660301986261 66430.125 40.5
94280 209.642085820859 -13237.696951516 -13028.0548656951 12780.2295577038 12781.9783837248 12687.835350525 12870.8749388615 93.3599403982887 66430.125 40.5
94290 211.470860179366 -13239.2672564041 -13027.7963962248 12711.3929291641 12663.7764884328 12721.3995483684 12749.0027506913 148.996247728584 66430.125 40.5
94300 210.540543192738 -13238.1694690059 -13027.6289258132 12750.860895553 12771.9063120111 12856.1850881947 12624.4912864534 55.8661111501002 66430.125 40.5
94310 208.813317381006 -13236.3521124769 -13027.5387950959 12823.8903777884 13002.2835026264 12940.0283633947 12529.3592673442 -104.625099454292 66430.125 40.5
94320 208.758186355364 -13236.2539998799 -13027.4958135246 12844.5048859603 13166.7512364242 12897.1339704476 12469.6294510089 -187.359990947893 66430.125 40.5
94330 209.816102707285 -13237.3121263677 -13027.4960236604 12807.0410377375 13176.5934158062 12794.0252630006 12450.5044344056 -144.813213772061 66430.125 40.5
94340 209.827630690282 -13237.3829771143 -13027.555346424 12789.9289348824 13116.1982379042 12773.9360296453 12479.6525370976 -42.261541827776 66430.125 40.5
94350 208.558152862124 -13236.2345176457 -13027.6763647836 12803.7778965945 12997.8009971187 12846.2980606423 12567.2346320226 64.5766166409641 66430.125 40.5
94360 207.331668315259 -13235.1713408105 -13027.8396724952 12814.1154013086 12823.6790517028 12871.8706400066 12746.7965122164 142.25713846269 66430.125 40.5
94370 206.895178330453 -13234.9211034695 -13028.025925139 12815.2194483138 12726.5211383306 12781.1577223053 12937.9794843054 165.829365494874 66430.125 40.5
94380 206.774422658084 -13235.0021008538 -13028.2276781957 12823.6827026326 12787.9811723434 12650.7730759075 13032.2938596468 132.877583715371 66430.125 40.5
94390 206.894236895541 -13235.3410461141 -13028.4468092186 12831.3475529201 12895.3924420186 12581.0726538876 13017.577562854 144.758235045442 66430.125 40.5
94400 207.214614809646 -13235.9069086549 -13028.6922938452 12834.7983754828 12934.7952983962 12625.1164219896 12944.4834060628 244.818166681801 66430.125 40.5
94410 206.532222112298 -13235.5040879846 -13028.9718658723 12912.9883710778 12947.807028046 12809.3385560385 12981.8195291488 321.919681833517 66430.125 40.5
94420 205.109269081579 -13234.3872490585 -13029.2779799769 12984.8344109487 12924.3635790297 12974.5318986841 13055.6077551324 288.632563873082 66430.125 40.5
94430 204.972811540635 -13234.5678162442 -13029.5950047036 12953.7957513361 12846.640528494 13012.5308621779 13002.2158633365 185.440200220001 66430.125 40.5
94440 206.896449070002 -13236.8263145497 -13029.9298654797 12810.4842005872 12762.7294906462 12944.3692186306 12724.3538924848 69.9517822579781 66430.125 40.5
94450 209.476152201652 -13239.8063730261 -13030.3302208244 12646.9707758894 12727.6296488587 12822.3701742596 12390.9125045498 -34.6645015939711 66430.125 40.5
94460 209.883082479533 -13240.7405437881 -13030.8574613086 12596.6709620634 12843.8043054322 12735.0257935664 12211.1827871915 -134.948812217095 66430.125 40.5
94470 207.422027702389 -13238.9514123408 -13031.5293846384 12653.6200195321 13002.1625859288 12703.085895725 12255.6115769426 -204.125955930138 66430.125 40.5
94480 204.978110123683 -13237.2827120713 -13032.3046019476 12713.1211903478 13047.5100708025 12659.8099564223 12432.0435438186 -150.189256551991 66430.125 40.5
94490 204.468012598283 -13237.5954103058 -13033.1273977076 12676.194915288 12909.620913578 12596.7675470792 12522.1962852068 -34.3108985681897 66430.125 40.5
94500 204.845805832439 -13238.8068456354 -13033.961039803 12612.4463543811 12727.5010218735 12587.1360379035 12522.7020033663 62.455256064456 66430.125 40.5
94510 204.710587673403 -13239.4888102415 -13034.7782225681 12598.0951292815 12638.2443576275 12664.125778472 12491.9152517451 73.8238367766365 66430.125 40.5
94520 203.681872474084 -13239.2234618442 -13035.5415893701 12605.0835721922 12675.8403432142 12680.8497638287 12458.5606095337 11.3510449200005 66430.125 40.5
94530 202.861007252891 -13239.0709794557 -13036.2099722028 12614.9760212345 12765.8307862348 12609.354990717 12469.7422867516 -105.002219382499 66430.125 40.5
94540 203.575557771268 -13240.3399016568 -13036.7643438855 12561.6655280272 12755.4647255026 12477.393305114 12452.138553465 -231.687736906582 66430.125 40.5
94550 205.183103336995 -13242.4035855416 -13037.2204822046 12468.7194272495 12681.2663333171 12344.0445842711 12380.8473641604 -300.429574123894 66430.125 40.5
94560 205.401689941297 -13243.0072028927 -13037.6055129514 12396.2769277299 12578.3615095353 12320.7867338042 12289.6825398503 -320.271056896686 66430.125 40.5
94570 203.661979063335 -13241.5847472738 -13037.9227682104 12391.9806475543 12475.178845573 12450.8366664735 12249.9264306166 -267.570356129297 66430.125 40.5
94580 201.96217897672 -13240.111680851 -13038.1495018743 12426.8601068641 12393.6683190693 12634.8335268421 12252.0784746807 -161.882727589661 66430.125 40.5
94590 202.248087535989 -13240.5178793349 -13038.269791799 12385.9213754601 12292.5038105098 12682.6992195921 12182.5610962785 -30.7712624125404 66430.125 40.5
94600 203.970166000483 -13242.2694413336 -13038.2992753332 12333.0980995648 12208.9977252591 12663.3315193608 12126.9650540743 82.7976959381522 66430.125 40.5
94610 204.703933739372 -13242.974917205 -13038.2709834656 12329.1010095534 12177.7613514516 12683.0052830899 12126.5363941188 104.636731227077 66430.125 40.5
94620 203.641171236644 -13241.8419906142 -13038.2008193775 12387.1657982818 12206.3437409974 12769.8528557108 12185.3007981373 63.4077737536873 66430.125 40.5
94630 202.416573802444 -13240.4939455869 -13038.0773717844 12489.6731289368 12298.7838774794 12842.3181460542 12327.9173632767 -21.8559574855165 66430.125 40.5
94640 201.868984650052 -13239.7520390923 -13037.8830544422 12591.0102675799 12467.5957519569 12837.9780468201 12467.4570039626 -105.976378607769 66430.125 40.5
94650 201.303835322319 -13238.9118176431 -13037.6079823208 12676.7847202286 12714.7203495999 12804.0669430898 12511.5668679963 -92.5319834428673 66430.125 40.5
94660 201.490865340737 -13238.7399715433 -13037.2491062025 12679.4117278134 12883.1090183513 12713.2730730242 12441.8530920647 -12.9875233272094 66430.125 40.5
94670 203.573148948729 -13240.3921677382 -13036.8190187895 12585.372981933 12871.3342501574 12560.73903609 12324.0456595515 96.6356676349775 66430.125 40.5
94680 206.32201145922 -13242.680576277 -13036.3585648178 12440.2648270384 12723.5670096783 12444.6914326585 12152.5360387784 184.739428860973 66430.125 40.5
94690 207.955795708842 -13243.8799433034 -13035.9241475945 12382.6537598146 12602.7878081954 12480.4089451764 12064.7645260719 219.046635403247 66430.125 40.5
94700 207.522695049786 -13243.0732717424 -13035.5505766926 12439.2405353979 12591.4612904689 12607.9636741369 12118.2966415878 145.846415255334 66430.125 40.5
94710 205.390684297463 -13240.6201940427 -13035.2295097452 12578.2664865206 12688.4389174076 12738.9957051884 12307.3648369658 17.1544871769522 66430.125 40.5
94720 203.394405222761 -13238.316660367 -13034.9222551442 12729.9671283351 12823.2312230108 12847.3522758187 12519.3178861758 3.05170383303368 66430.125 40.5
94730 203.066751945721 -13237.661206223 -13034.5944542773 12767.6112791618 12914.2417733235 12801.6892336592 12586.9028305028 48.398146029817 66430.125 40.5
94740 204.029059929002 -13238.2712271486 -13034.2421672196 12745.6942108952 13000.0846178617 12708.0169807176 12528.9810341063 41.3502601867922 66430.125 40.5
94750 204.224074223361 -13238.1061503205 -13033.8820760971 12740.0910111137 13098.3672831896 12675.7941910819 12446.1115590695 -65.825858519157 66430.125 40.5
94760 203.226702591774 -13236.7481244834 -13033.5214218916 12748.2447176162 13165.1981772077 12696.3467105322 12383.1892651088 -220.612403087288 66430.125 40.5
94770 202.871639041348 -13236.0213788022 -13033.1497397609 12766.8966903387 13169.137754744 12768.6318005768 12362.9205156954 -328.455426424532 66430.125 40.5
94780 204.320139156756 -13237.0839691994 -13032.7638300426 12751.4977313846 13064.3504563441 12805.2732011485 12384.8695366611 -303.963977858754 66430.125 40.5
94790 207.09454414301 -13239.4834526551 -13032.3889085121 12665.9714646409 12878.2712482402 12713.6102148859 12406.0329307965 -177.027201258335 66430.125 40.5
94800 209.770625692874 -13241.8423366613 -13032.0717109684 12553.5491436545 12722.5805967725 12547.1062072641 12390.9606269271 -16.7558749867508 66430.125 40.5
94810 210.395054457661 -13242.2452461394 -13031.8501916817 12548.5986392264 12647.971239199 12487.9420386273 12509.8826398529 58.0194396333656 66430.125 40.5
94820 208.397891414791 -13240.1184206101 -13031.7205291953 12694.2378545389 12683.0863175878 12600.6531812173 12798.9740648118 34.8820887014337 66430.125 40.5
94830 206.043987650935 -13237.6812702773 -13031.6372826263 12836.3831334588 12743.3751930517 12748.1089556384 13017.6652516863 12.3973516580506 66430.125 40.5
94840 205.564343563908 -13237.1190696183 -13031.5547260544 12851.5898225387 12779.6590041004 12806.7908000583 12968.3196634574 37.1944647731143 66430.125 40.5
94850 206.324266791116 -13237.7841812729 -13031.4599144818 12810.7465336083 12873.6367200817 12835.7989629493 12722.8039177939 72.5412035145095 66430.125 40.5
94860 206.296701759148 -13237.6585725962 -13031.3618708371 12810.4383363832 13013.614888189 12916.5498656065 12501.1502553543 87.2704504339155 66430.125 40.5
94870 204.845319115715 -13236.1030148342 -13031.2576957185 12867.1608116297 13094.3849709918 13050.318141419 12456.7793224784 127.330918478013 66430.125 40.5
94880 203.821734289284 -13234.9448876835 -13031.1231533943 12928.9286198192 13064.8225103908 13128.5153607231 12593.4479883438 164.43155729541 66430.125 40.5
94890 205.565057171691 -13236.5099170688 -13030.9448598971 12834.1399918136 12804.7576243592 13012.5634855887 12685.0988654928 126.848731834647 66430.125 40.5
94900 209.014951456949 -13239.7678642491 -13030.7529127922 12670.5485866179 12546.9341032168 12782.5891878756 12682.1224687614 59.0822292642215 66430.125 40.5
94910 210.210062816565 -13240.8138562089 -13030.6037933924 12627.6751485529 12568.9255781695 12647.1751950306 12666.9246724586 21.5186939457658 66430.125 40.5
94920 207.884790378917 -13238.4028837558 -13030.5180933769 12736.1827838812 12804.7462035639 12732.2625006185 12671.5396474613 30.2361179353274 66430.125 40.5
94930 204.960454721836 -13235.417088727 -13030.4566340052 12879.5650024698 13022.1293260979 12946.0579453951 12670.5077359165 57.1850813566972 66430.125 40.5
94940 203.916662888059 -13234.2819831329 -13030.3653202448 12941.5793685335 13078.8531761782 13094.3065870903 12651.5783423319 84.4238693988236 66430.125 40.5
94950 204.872338277405 -13235.0931129837 -13030.2207747063 12915.2055239097 13051.856026531 12998.4470774234 12695.3134677746 77.680497837809 66430.125 40.5
94960 206.913919610033 -13236.9505485338 -13030.0366289237 12855.8719291968 13052.9024827813 12758.3104706155 12756.4028341937 71.2579019740152 66430.125 40.5
94970 208.982444365813 -13238.8320362547 -13029.8495918889 12801.6585851663 13070.8204535086 12566.9284579617 12767.2268440287 66.2647346619507 66430.125 40.5
94980 209.674539047221 -13239.3725490943 -13029.6980100471 12784.3692122426 13064.2967303605 12537.211240515 12751.5996658522 39.6055911933131 66430.125 40.5
94990 208.276272891832 -13237.8712568772 -13029.5949839854 12799.4452377647 12999.5275490492 12699.6560972202 12699.1520670245 -36.9448894075254 66430.125 40.5
95000 205.964437910845 -13235.4816751163 -13029.5172372055 12862.4384996861 12993.0852947401 12964.7747099159 12629.4554944023 -99.2161301459007 66430.125 40.5
