# Fix print output for fix setl_out
601000 1079.6843041998 -11807.1617067191 -10727.4774025193 113994.413227025 114193.300970559 114618.76691455 113171.171795965 -2171.29538710721 66430.125 40.5
601010 1074.52426381482 -11801.9080271049 -10727.3837632901 114852.248661801 115182.08670807 115147.735822327 114226.923455006 -2097.76376192034 66430.125 40.5
601020 1084.70217463022 -11811.8160511511 -10727.1138765209 115481.129627699 116058.789109068 115630.103758914 114754.496015115 -1224.7774064015 66430.125 40.5
601030 1092.16959842545 -11818.9780322717 -10726.8084338463 115193.393437412 115469.483446579 115641.917433601 114468.779432057 178.679533471178 66430.125 40.5
601040 1087.20495444209 -11813.7862275106 -10726.5812730685 114607.847697521 114318.722943175 115348.028518234 114156.791631153 1083.96933985712 66430.125 40.5
601050 1083.95171884943 -11810.3554665491 -10726.4037476997 114237.738538064 114163.214554369 115441.165068008 113108.835991814 1285.01877184177 66430.125 40.5
601060 1084.73697905714 -11810.9199782715 -10726.1829992144 113857.460265935 114404.18135766 115499.116783482 111669.082656663 961.108791659911 66430.125 40.5
601070 1091.59630576577 -11817.546659586 -10725.9503538202 113760.806464141 114565.157829641 115402.263688808 111314.997873973 371.285215630145 66430.125 40.5
601080 1098.85780683638 -11824.6838681448 -10725.8260613084 113873.627155851 114506.248673498 115329.97508713 111784.657706926 -69.8597486546292 66430.125 40.5
601090 1100.49195142591 -11826.4451140872 -10725.9531626613 113816.492640693 114414.987549547 114985.954106547 112048.536265987 -554.861339681347 66430.125 40.5
601100 1095.29455469315 -11821.7024201506 -10726.4078654574 113935.589791723 114890.854731105 114805.658631601 112110.256012464 -991.870015613744 66430.125 40.5
601110 1084.06582277839 -11811.1731920274 -10727.107369249 114352.945925373 115268.760222508 115848.743539235 111941.334014377 -890.709608999975 66430.125 40.5
601120 1080.36288870742 -11808.274176132 -10727.9112874245 114562.187233438 115146.027023428 116421.993981205 112118.540695679 -325.092810524981 66430.125 40.5
601130 1079.60928854737 -11808.3571442124 -10728.747855665 114515.187424658 114649.054112721 116442.707046398 112453.801114856 24.7936058407045 66430.125 40.5
601140 1077.2307362635 -11806.8092377416 -10729.5785014781 114110.613618898 113914.756325145 115912.990408021 112504.094123529 -114.441891500655 66430.125 40.5
601150 1088.39182567428 -11818.8506765188 -10730.4588508445 113959.950118918 113138.307868494 116033.104608225 112708.437880034 -628.527394800288 66430.125 40.5
601160 1094.67978657317 -11826.2482419525 -10731.5684553793 113666.283933003 112224.321126817 115941.645884683 112832.884787511 -298.577650892926 66430.125 40.5
601170 1084.82805605971 -11817.8586107016 -10733.0305546419 113261.647113524 111381.732257687 115394.306633373 113008.902449512 582.275755030232 66430.125 40.5
601180 1081.61884444194 -11816.4113969611 -10734.7925525191 113638.391832642 111169.389464429 115691.953372278 114053.83266122 1137.47434467923 66430.125 40.5
601190 1088.2204332249 -11825.0365188013 -10736.8160855764 114116.176697705 111486.972185562 116123.272123474 114738.285784079 932.342713246401 66430.125 40.5
601200 1092.22616324754 -11831.4552619153 -10739.2290986678 114684.301395228 112820.735310858 116269.263836392 114962.905038435 281.994153050437 66430.125 40.5
601210 1079.13019623592 -11821.181299656 -10742.05110342 115233.928007665 114944.972602746 115912.728966086 114844.082454164 150.663487343532 66430.125 40.5
601220 1058.05717739185 -11803.0358362839 -10744.978658892 115230.905727072 116291.230255981 115203.647765496 114197.839159739 -187.32498461339 66430.125 40.5
601230 1050.94572654377 -11798.5382049133 -10747.5924783696 115216.960517309 116298.904961342 115354.915784922 113997.060805664 -789.405295513641 66430.125 40.5
601240 1059.80760449708 -11809.5480151387 -10749.7404106416 115102.775673336 115753.44406305 115333.305183876 114221.577773082 -1033.13106937964 66430.125 40.5
601250 1065.88392021594 -11817.36980284 -10751.485882624 114889.346043254 114968.807971322 115432.128281225 114267.101877215 -691.25873598579 66430.125 40.5
601260 1067.33668880344 -11820.2563727239 -10752.9196839205 114476.421814257 114174.96041364 115818.682569404 113435.622459727 -537.071996844838 66430.125 40.5
601270 1069.18978373226 -11823.2593043092 -10754.0695205769 114010.777775511 113494.475034293 116193.270502635 112344.587789606 -951.268476245478 66430.125 40.5
601280 1072.3044142413 -11827.2620933846 -10754.9576791433 113697.289109215 113162.921289851 116353.346012346 111575.600025447 -822.338991708118 66430.125 40.5
601290 1076.83585466941 -11832.4643030934 -10755.628448424 113669.96132151 114049.977659474 115721.383502329 111238.522802729 -230.584060394318 66430.125 40.5
601300 1083.30699301571 -11839.4906821235 -10756.1836891078 113706.288028911 115347.020710215 114657.536224055 111114.307152463 -333.709110720702 66430.125 40.5
601310 1082.79622573681 -11839.5049021611 -10756.7086764243 113638.052055529 116281.748067358 113484.568899768 111147.839199461 -765.660696340615 66430.125 40.5
601320 1076.47778936813 -11833.6713476536 -10757.1935582855 113498.099365795 116703.223541399 112676.275829458 111114.798726529 -949.323442651703 66430.125 40.5
601330 1076.12313569729 -11833.6847066489 -10757.5615709516 113288.632669471 116727.789551946 112063.236219783 111074.872236684 -1055.67543554769 66430.125 40.5
601340 1073.48406088341 -11831.2434738328 -10757.7594129494 113361.786828678 115820.212639974 112272.119060779 111993.028785281 -1182.86069117526 66430.125 40.5
601350 1064.00212385048 -11821.691144942 -10757.6890210915 113653.198494534 114688.343676417 112702.519902771 113568.731904413 -1391.72691227039 66430.125 40.5
601360 1067.72152276259 -11824.9381070214 -10757.2165842588 113922.634198785 113736.78285724 113460.97778267 114570.141956447 -1436.83614363708 66430.125 40.5
601370 1079.48658591545 -11835.8412853339 -10756.3546994184 113880.012088809 112611.898718305 114387.8502972 114640.287250923 -1271.11709698581 66430.125 40.5
601380 1072.70921925564 -11827.9086662726 -10755.1994470169 114209.978167563 112283.215680434 115316.396962912 115030.321859344 -1443.82281376384 66430.125 40.5
601390 1060.65465637374 -11814.3083347382 -10753.6536783645 114486.378358793 112627.413165589 115951.848511107 114879.873399683 -1627.39954560567 66430.125 40.5
601400 1067.68652788683 -11819.1925637736 -10751.5060358868 114769.766876727 113565.315255463 116406.970613607 114337.014761112 -929.072875067516 66430.125 40.5
601410 1082.23908963722 -11830.993774675 -10748.7546850378 114435.998639722 113921.744279297 115903.85054663 113482.40109324 30.6748680564801 66430.125 40.5
601420 1088.07151659706 -11833.7216943291 -10745.650177732 114190.695470938 114157.702289718 115253.712245763 113160.671877333 410.645846262608 66430.125 40.5
601430 1083.34207483017 -11825.706378641 -10742.3643038108 114756.464948444 114710.375677517 115532.793470631 114026.225697185 557.390011675935 66430.125 40.5
601440 1081.75570770006 -11820.6701176021 -10738.9144099021 114822.31813678 114166.802994052 115450.614755089 114849.536661198 182.986465358388 66430.125 40.5
601450 1090.68878584255 -11826.0133291956 -10735.3245433531 114707.039867595 113605.85844713 115004.486016612 115510.775139043 -307.644130005095 66430.125 40.5
601460 1103.25253394304 -11835.0711257005 -10731.8185917574 114700.209231443 113620.783249609 114715.276235181 115764.56820954 -436.485269108069 66430.125 40.5
601470 1102.63444801401 -11831.308955707 -10728.674507693 114323.165052868 113324.177756058 114512.732806958 115132.584595587 -77.6068942954136 66430.125 40.5
601480 1095.46390364357 -11821.4364656716 -10725.9725620281 114243.518432131 113855.115527991 114964.503190989 113910.936577413 478.898218339524 66430.125 40.5
601490 1099.79281334304 -11823.4260621616 -10723.6332488186 114433.020558989 115047.526994694 115276.611732183 112974.922950089 990.648453148503 66430.125 40.5
601500 1105.46862333931 -11827.1522668742 -10721.6836435349 114872.62716894 116666.211593053 115358.943719131 112592.726194637 1730.65805833993 66430.125 40.5
601510 1096.07047215417 -11816.2397060234 -10720.1692338693 115117.955843512 117781.068974315 115184.748321014 112388.050235208 2422.4287287642 66430.125 40.5
601520 1085.52945371823 -11804.4740216094 -10718.9445678912 114737.578267469 117601.851553411 114268.416828916 112342.466420081 2475.23394359393 66430.125 40.5
601530 1083.18252004511 -11800.9919418298 -10717.8094217847 114274.104989089 116576.022378338 113773.842085273 112472.450503657 2015.89864695369 66430.125 40.5
601540 1083.43543791694 -11800.0983966733 -10716.6629587563 114260.824009541 115621.388804114 114345.348804742 112815.734419766 1092.60582566885 66430.125 40.5
601550 1090.24093375362 -11805.7728979263 -10715.5319641727 114677.998232232 115261.503890298 115015.817117651 113756.673688749 514.691469766882 66430.125 40.5
601560 1096.68974485039 -11811.2094005732 -10714.5196557228 114671.059900864 114753.648198347 115076.192353899 114183.339150346 228.251546191509 66430.125 40.5
601570 1093.56360224404 -11807.2874886248 -10713.7238863807 114735.162372881 114527.015006409 115151.336415571 114527.135696664 -26.3527513190546 66430.125 40.5
601580 1084.31959290011 -11797.4114373811 -10713.091844481 115160.559539329 114889.346174818 115278.306360455 115314.026082713 313.070166355018 66430.125 40.5
601590 1077.4464216091 -11789.8965398185 -10712.4501182094 115464.518026649 115295.757380063 115243.30261182 115854.494088064 988.812992443624 66430.125 40.5
601600 1084.33814900995 -11796.0097208527 -10711.6715718427 115129.098303159 115296.277489042 114690.23173865 115400.785681786 1210.34900387574 66430.125 40.5
601610 1106.8727319138 -11817.7804296572 -10710.9076977434 115030.772469791 115692.12495265 114765.736006638 114634.456450085 721.955748329833 66430.125 40.5
601620 1117.09023980561 -11827.6060024165 -10710.5157626109 115131.99538935 115308.253776959 115376.337673413 114711.394717679 339.208806288596 66430.125 40.5
601630 1104.95188326662 -11815.665269435 -10710.7133861684 115450.854449223 114729.922806907 116011.808037853 115610.832502909 475.086466638544 66430.125 40.5
601640 1087.01272424487 -11798.3137183748 -10711.3009941299 115707.28423616 113932.148662718 116461.205361598 116728.498684163 956.161963936549 66430.125 40.5
601650 1088.71506080657 -11800.7382511307 -10712.0231903242 115351.030973907 112822.230998799 116180.814178906 117050.047744017 1250.24559484576 66430.125 40.5
601660 1101.11764289159 -11814.0417075806 -10712.924064689 114906.718112886 112802.815668445 115509.075637824 116408.26303239 1335.07239293162 66430.125 40.5
601670 1097.8807281489 -11812.0756880846 -10714.1949599357 114694.58028315 113104.278180014 115157.504716766 115821.957952672 1070.21539528289 66430.125 40.5
601680 1093.46909583662 -11809.3937751663 -10715.9246793297 114876.565848165 113293.718917078 115854.45365089 115481.524976529 645.89282455282 66430.125 40.5
601690 1096.38367258338 -11814.5580977751 -10718.1744251917 114616.811478915 112744.19236695 116070.305813998 115035.936255798 472.551002819394 66430.125 40.5
601700 1087.65287056612 -11808.7025375224 -10721.0496669562 114060.523547504 112159.311277127 115838.368906798 114183.890458586 948.089177483582 66430.125 40.5
601710 1077.27631119173 -11801.8019471105 -10724.5256359188 113781.989363543 112619.705552191 115028.610166355 113697.652372083 1121.19001707664 66430.125 40.5
601720 1084.37663822202 -11812.9624895937 -10728.5858513716 113648.419647732 113551.550960671 113505.87509046 113887.832892063 1073.2448656373 66430.125 40.5
601730 1093.51868927107 -11826.9015481226 -10733.3828588515 113695.176786427 114362.595116921 112445.511443221 114277.42379914 802.980234854097 66430.125 40.5
601740 1083.00768081308 -11821.8842979779 -10738.8766171648 113575.124323344 114422.411288124 112745.519431614 113557.442250294 705.653051660844 66430.125 40.5
601750 1065.49383701038 -11810.0438898986 -10744.5500528882 113937.67002857 114691.284229016 113975.440456971 113146.285399724 609.605274979824 66430.125 40.5
601760 1058.43827038056 -11808.1570855661 -10749.7188151855 113955.780903255 114426.430765787 115155.859161808 112285.052782169 607.835582827531 66430.125 40.5
601770 1064.46025186763 -11818.4842702442 -10754.0240183765 113436.218098031 113549.522612523 115275.023866832 111484.107814738 779.541961623566 66430.125 40.5
601780 1078.42697351202 -11835.9235292488 -10757.4965557368 113275.368832914 113416.109047604 114787.410256877 111622.58719426 600.8335108857 66430.125 40.5
601790 1090.28426660775 -11850.68108536 -10760.3968187522 113092.174733843 113652.2019876 113663.349707042 111960.972506888 158.951420226575 66430.125 40.5
601800 1088.37342183886 -11851.2752626935 -10762.9018408547 113055.375436709 114128.678745225 112571.860460967 112465.587103933 -582.779045130676 66430.125 40.5
601810 1084.6416278487 -11849.6797256129 -10765.0380977642 113196.264520371 113897.142425808 112186.636246975 113505.014888331 -1371.44975994383 66430.125 40.5
601820 1088.61217104488 -11855.4569175677 -10766.8447465228 113195.039168714 112543.152586625 112526.617026725 114515.347892791 -1167.92599944464 66430.125 40.5
601830 1083.88274411162 -11852.2734049843 -10768.3906608727 112795.360656017 111146.785752796 113057.321979332 114181.974235924 -278.955835889826 66430.125 40.5
601840 1072.43744434753 -11842.0675436679 -10769.6300993204 112733.861046439 110576.725299514 113443.230841923 114181.626997879 671.635353077198 66430.125 40.5
601850 1074.4827283324 -11844.9843280707 -10770.5015997383 112645.957133187 110189.050596641 112952.383773084 114796.437029836 891.689318260269 66430.125 40.5
601860 1083.19741984254 -11854.2684728926 -10771.07105305 112532.735376818 109816.136315613 112705.115968171 115076.953846672 863.459993856428 66430.125 40.5
601870 1090.34506625513 -11861.8963071467 -10771.5512408916 112495.787978384 109584.83893472 113196.797955074 114705.727045358 712.723979920016 66430.125 40.5
601880 1083.06687561772 -11855.1069452315 -10772.0400696137 112706.034175404 109608.393530093 114085.811378862 114423.897617257 320.850080497906 66430.125 40.5
601890 1068.29839773749 -11840.7101780584 -10772.4117803209 112709.825672768 109768.449388159 114044.74592882 114316.281701325 29.1858126430153 66430.125 40.5
601900 1069.86681806314 -11842.3399396722 -10772.4731216091 112286.099977413 109282.082238108 113448.07936373 114128.138330403 -650.491218240517 66430.125 40.5
601910 1087.10416839801 -11859.3876796736 -10772.2835112756 111971.326587446 109018.476345696 113084.553854498 113810.949562144 -945.573175925893 66430.125 40.5
601920 1090.60032946117 -11862.6781496796 -10772.0778202184 111957.028649579 109447.338668515 112443.675081032 113980.072199191 -842.589572820249 66430.125 40.5
601930 1080.80837134926 -11852.7469572785 -10771.9385859292 112302.719203234 110144.739432335 111748.470090498 115014.948086869 -674.800887735156 66430.125 40.5
601940 1076.99124498995 -11848.7379057172 -10771.7466607272 112652.654750217 110571.903561242 111735.273259035 115650.787430374 -186.663038322371 66430.125 40.5
601950 1075.14263417608 -11846.5258564754 -10771.3832222993 112829.072178566 110871.638343303 112524.569983432 115091.008208964 385.51427074556 66430.125 40.5
601960 1071.45658548547 -11842.2635465386 -10770.8069610531 113090.029895334 111869.976884347 113312.882357672 114087.230443981 -109.100850963943 66430.125 40.5
601970 1068.22759991849 -11838.1675522222 -10769.9399523037 113312.769397663 113065.84301509 113330.451922575 113542.013255324 -932.698486122594 66430.125 40.5
601980 1071.21757569874 -11839.9450868881 -10768.7275111893 113458.897638685 113423.371173967 112921.18746487 114032.134277217 -1317.25125517845 66430.125 40.5
601990 1076.28175589796 -11843.4658310682 -10767.1840751703 113611.831227988 113033.346177816 112568.906200108 115233.241306039 -771.045133225171 66430.125 40.5
602000 1078.77035224322 -11844.1562044968 -10765.3858522536 113658.106536357 112850.822346996 112456.206131512 115667.291130562 -320.372652816555 66430.125 40.5
602010 1081.1315673394 -11844.5124923608 -10763.3809250214 113548.141212478 112560.508047569 112864.149311789 115219.766278077 -365.224501350602 66430.125 40.5
602020 1082.97262059388 -11844.1873091002 -10761.2146885063 113404.640900848 112619.647967834 113198.437520164 114395.837214545 -494.592918606114 66430.125 40.5
602030 1076.42287053848 -11835.3118659033 -10758.8889953648 113570.339110862 112755.805139291 113855.809540948 114099.402652347 -645.948844887209 66430.125 40.5
602040 1069.85894583939 -11826.1821294525 -10756.3231836131 113858.829173888 112557.133204447 114492.300131745 114527.054185472 -359.393717129567 66430.125 40.5
602050 1069.3170874158 -11822.705418958 -10753.3883315422 114009.410130822 112131.112725751 114762.656004241 115134.461662474 365.626570934121 66430.125 40.5
602060 1075.29755596506 -11825.3877837515 -10750.0902277864 113788.793748588 111691.517019636 114122.514024541 115552.350201588 1007.53290730805 66430.125 40.5
602070 1078.97786693364 -11825.5418073612 -10746.5639404276 113540.473207152 111442.061750679 113732.304872582 115447.052998195 1476.3092877046 66430.125 40.5
602080 1076.20797501755 -11819.1753779164 -10742.9674028989 113585.140198474 111663.39104851 113445.63203433 115646.397512582 1588.62583837998 66430.125 40.5
602090 1075.04307950989 -11814.4214567316 -10739.3783772217 113955.717101824 112396.09754932 113273.6884721 116197.365284052 1226.06893504985 66430.125 40.5
602100 1081.75538602651 -11817.6304356498 -10735.8750496233 114361.141374309 113272.330878221 113492.495653483 116318.597591222 765.153753516699 66430.125 40.5
602110 1091.60186971188 -11824.2494441525 -10732.6475744406 114472.881677563 113003.528911618 114577.536003301 115837.58011777 258.704948892451 66430.125 40.5
602120 1096.91596945008 -11826.8479805952 -10729.9320111451 114587.901241885 112011.906627877 116162.832679229 115588.964418549 -217.512271030814 66430.125 40.5
602130 1088.99142870013 -11816.789793127 -10727.7983644269 114931.055080511 112162.30530868 116878.018956023 115752.840976829 -133.257148008613 66430.125 40.5
602140 1078.58289102865 -11804.6568834474 -10726.0739924188 114986.178516295 112889.398031682 115967.15102634 116101.986490862 172.718519233892 66430.125 40.5
602150 1084.23258317598 -11808.8005127535 -10724.5679295776 114794.05847245 113634.328059446 114529.088310804 116218.7590471 -1.43437246802089 66430.125 40.5
602160 1090.00105486903 -11813.3003522566 -10723.2992973876 115158.790671521 114317.229375499 114372.909533803 116786.233105262 -108.07525644844 66430.125 40.5
602170 1074.43586389981 -11796.6892025067 -10722.2533386069 115076.215055876 114169.751923144 114864.264967712 116194.62827677 -420.81463682324 66430.125 40.5
602180 1062.58812041984 -11783.7613101423 -10721.1731897225 114891.276383443 113684.292632733 116005.581848498 114983.954669097 -763.950237972382 66430.125 40.5
602190 1089.06057377044 -11809.0043865748 -10719.9438128043 114862.33151438 113357.060938705 116633.097284706 114596.836319729 -1284.41339392015 66430.125 40.5
602200 1123.53292728369 -11842.4776728232 -10718.9447455396 114383.345472148 113249.87596805 115966.499616947 113933.660831446 -1414.96473989949 66430.125 40.5
602210 1126.61157691737 -11845.3107142959 -10718.6991373785 113835.506814063 113951.7726818 114853.712186855 112701.035573533 -1745.37116268772 66430.125 40.5
602220 1112.27835467258 -11831.5273648503 -10719.2490101777 113744.378474446 115151.118253833 114216.693237108 111865.323932396 -2440.75284368032 66430.125 40.5
602230 1107.22890513751 -11827.5312098479 -10720.3023047104 114049.940210796 115475.013676885 114757.396880127 111917.410075376 -2353.43873531822 66430.125 40.5
602240 1108.67481939047 -11830.4026149559 -10721.7277955655 114571.650892162 115110.089116548 115587.449477704 113017.414082235 -1688.78907750341 66430.125 40.5
602250 1097.31242303972 -11820.7705488897 -10723.4581258499 114929.181283626 114472.014202225 116362.391546983 113953.13810167 -746.240536288737 66430.125 40.5
602260 1082.22198345521 -11807.4877569525 -10725.2657734973 115067.054903538 114179.91750903 116863.464340275 114157.782861308 11.0590730122042 66430.125 40.5
602270 1085.89273944268 -11812.8498733531 -10726.9571339104 115262.68072506 114718.289980162 116428.310905185 114641.441289835 582.574843937956 66430.125 40.5
602280 1097.3629247249 -11825.9572806989 -10728.594355974 115139.794372787 115511.745884835 115191.556820447 114716.080413079 1287.70209649009 66430.125 40.5
602290 1102.18281857748 -11832.5489033238 -10730.3660847464 114353.617751592 115209.53137039 114116.363512703 113734.958371682 1769.34635218438 66430.125 40.5
602300 1108.21319612258 -11840.6324500411 -10732.4192539185 113699.448661954 113438.467750668 114070.618314994 113589.2599202 1740.35032807102 66430.125 40.5
602310 1110.5486428119 -11845.394989993 -10734.8463471811 113687.865618602 111947.462490394 114318.672108513 114797.462256898 1182.0661911915 66430.125 40.5
602320 1099.23084842724 -11836.8400841699 -10737.6092357427 114175.65100321 112142.752952055 114384.21447359 115999.985583983 341.313031806699 66430.125 40.5
602330 1085.02851383567 -11825.473689752 -10740.4451759163 114650.451451833 113526.982643056 114407.399039459 116016.972672983 -251.445096125591 66430.125 40.5
602340 1082.89735526255 -11826.0108181532 -10743.1134628907 114336.056552717 114510.303290156 113536.092204951 114961.774163042 -291.790626878897 66430.125 40.5
602350 1084.9987567633 -11830.5490687535 -10745.5503119902 113755.454773191 114756.494779596 112367.22653344 114142.643006537 304.779834572964 66430.125 40.5
602360 1082.07938509656 -11829.845112827 -10747.7657277305 113390.199958439 114522.902667983 111987.887941522 113659.809265812 919.932534595873 66430.125 40.5
602370 1083.15090585212 -11832.9087245948 -10749.7578187427 113451.410605775 114361.507062273 112359.771475759 113632.953279292 945.856001344246 66430.125 40.5
602380 1084.28467912292 -11835.8411603321 -10751.5564812092 113657.903559223 114204.565384048 112648.073256546 114121.072037077 863.686612481093 66430.125 40.5
602390 1075.18459925474 -11828.3270837661 -10753.1424845114 114061.020151147 114724.356044907 112321.105594844 115137.598813691 940.027752522509 66430.125 40.5
602400 1070.73812679053 -11825.1505784813 -10754.4124516907 114499.113760913 115364.953051238 111873.496327548 116258.891903955 920.074203556735 66430.125 40.5
602410 1076.73949218381 -11832.0792223678 -10755.339730184 114558.76550036 115616.896037176 111729.39226426 116330.008199643 759.767016610321 66430.125 40.5
602420 1079.95104722821 -11835.9786721254 -10756.0276248972 113991.665360974 115124.55860494 111959.549734224 114890.887743757 517.77095335706 66430.125 40.5
602430 1076.34463780375 -11832.8866467009 -10756.5420088971 113771.396424928 114369.797492371 112764.695876601 114179.695905812 -66.6195256690728 66430.125 40.5
602440 1074.04155955132 -11830.8982196926 -10756.8566601413 113876.3042799 113873.910735644 113495.912078683 114259.090025373 -682.69886374123 66430.125 40.5
602450 1077.48123244524 -11834.4263236395 -10756.9450911943 114035.742391309 113820.324521255 113525.97694195 114760.925710721 -313.009011292526 66430.125 40.5
602460 1084.98351562425 -11841.8726687717 -10756.8891531474 114088.851446461 113559.638115567 113330.71737903 115376.198844786 -333.720355855072 66430.125 40.5
602470 1087.90258279781 -11844.716243009 -10756.8136602112 114012.513896821 113656.115557933 112792.484707796 115588.941424735 -899.666528788168 66430.125 40.5
602480 1081.63281561621 -11838.4018500143 -10756.7690343981 113977.135570773 114591.760585303 112005.538478188 115334.107648827 -1678.25728295144 66430.125 40.5
602490 1064.96321145371 -11821.5837096583 -10756.6204982046 114252.053988337 115967.408770616 111950.248954012 114838.504240383 -1721.49167571514 66430.125 40.5
602500 1050.56535495287 -11806.6439236341 -10756.0785686813 113968.646952969 115555.987815316 112223.952542042 114126.000501548 -1578.0561509118 66430.125 40.5
602510 1054.6636769472 -11809.565468549 -10754.9017916018 113859.891940097 114802.636290745 113200.138820748 113576.900708799 -1376.43837375456 66430.125 40.5
602520 1077.83783655825 -11830.9902981613 -10753.1524616031 113895.166195437 115038.347591664 113762.341167011 112884.809827637 -725.045090605097 66430.125 40.5
602530 1094.23927866948 -11845.418840135 -10751.1795614655 113891.644417516 115607.099311113 113478.027998497 112589.805942938 -180.239888105067 66430.125 40.5
602540 1087.9091006009 -11837.1988661483 -10749.2897655473 113972.880374509 115714.812261822 113769.095628923 112434.733232783 -30.3711303333477 66430.125 40.5
602550 1075.68369816558 -11823.1228916476 -10747.439193482 114125.073534508 116132.204740487 114084.589973824 112158.425889214 -422.709747560253 66430.125 40.5
602560 1073.14857830335 -11818.5621217523 -10745.4135434489 114637.76956369 116639.004323835 114762.697018458 112511.607348777 -595.296835270362 66430.125 40.5
602570 1080.84157540238 -11823.969744299 -10743.1281688967 115128.178608594 116745.175206971 115431.422797558 113207.937821253 -538.637868533628 66430.125 40.5
602580 1088.78773329523 -11829.4872223423 -10740.6994890471 115442.232238916 116313.626810402 115697.524115111 114315.545791235 -736.676568776931 66430.125 40.5
602590 1084.43761312956 -11822.705829393 -10738.2682162634 115436.246967804 115872.848447488 115451.07989226 114984.812563665 -965.628661365932 66430.125 40.5
602600 1073.76056690363 -11809.5545019529 -10735.7939350493 115113.804398554 116056.694253669 114737.489057522 114547.229884472 -1080.60792333012 66430.125 40.5
602610 1075.93707027032 -11809.0677939303 -10733.1307236599 114752.900041998 116090.614458179 113986.136037119 114181.949630696 -1419.53832357329 66430.125 40.5
602620 1088.47131875508 -11818.7759303352 -10730.3046115802 114618.325977241 116150.359937836 113388.882208127 114315.735785761 -1380.6887834944 66430.125 40.5
602630 1089.24258437147 -11816.7729995078 -10727.5304151364 114712.095487741 116385.580414841 113254.399054362 114496.306994021 -814.980997860726 66430.125 40.5
602640 1081.62682187181 -11806.5134241343 -10724.8866022625 114690.448418749 116396.177572011 113551.96214435 114123.205539887 -561.910775533149 66430.125 40.5
602650 1098.00799711325 -11820.3889744617 -10722.3809773485 114592.254013392 116032.076910217 113699.820615648 114044.86451431 -615.697048255601 66430.125 40.5
602660 1120.51462046216 -11840.7786462837 -10720.2640258215 114146.225003102 115762.534193107 113320.752099633 113355.388716566 -821.542602312406 66430.125 40.5
602670 1119.07963526567 -11838.004964581 -10718.9253293153 114089.108801062 116209.706893469 113488.472126613 112569.147383103 -1079.03599184096 66430.125 40.5
602680 1108.03712916645 -11826.4019182489 -10718.3647890824 114319.611576917 115888.752967567 114617.346770366 112452.734992817 -1034.5583721196 66430.125 40.5
602690 1104.8882589936 -11823.2331942235 -10718.3449352299 114581.429635448 115332.276172143 115677.2879931 112734.724741101 -822.059489523375 66430.125 40.5
602700 1098.76910863225 -11817.4389168261 -10718.6698081938 114494.749528448 114724.026942493 115915.683562773 112844.538080078 -386.924510019379 66430.125 40.5
602710 1093.98217404927 -11813.1586734411 -10719.1764993918 114746.893248525 115205.806175625 115905.604190773 113129.269379175 175.754814159303 66430.125 40.5
602720 1096.53123242664 -11816.2995155122 -10719.7682830856 115018.577460874 115930.60209166 115508.898635458 113616.231655506 709.789429439141 66430.125 40.5
602730 1094.020161718 -11814.4315044112 -10720.4113426932 115161.21725928 116537.123167026 114619.018711156 114327.509899659 732.956490873941 66430.125 40.5
602740 1087.42795724252 -11808.4676455479 -10721.0396883054 115641.058324606 116966.6256285 114374.468104478 115582.081240839 587.699796788208 66430.125 40.5
602750 1085.05656219574 -11806.6193209647 -10721.562758769 115811.877255142 117233.945013794 114221.797826298 115979.888925333 918.434710034199 66430.125 40.5
602760 1086.28245435282 -11808.2522561351 -10721.9698017823 115429.305886161 116978.575755702 113620.289474753 115689.052428026 964.554635880005 66430.125 40.5
602770 1086.6690752462 -11808.9603632517 -10722.2912880055 115107.990981306 116164.109324967 113604.407396478 115555.456222473 1001.28805640023 66430.125 40.5
602780 1092.34137122657 -11814.9419635946 -10722.600592368 115240.988461766 115766.003426378 114295.695459629 115661.266499292 1122.93251753017 66430.125 40.5
602790 1094.71748518587 -11817.7122466944 -10722.9947615085 115508.446582278 115580.609661052 114752.507048752 116192.223037031 1052.56856588347 66430.125 40.5
602800 1082.74104306141 -11806.1975559179 -10723.4565128565 115397.880509996 115373.803072801 114462.376407868 116357.462049318 454.011405399829 66430.125 40.5
602810 1077.49423156197 -11801.3285684044 -10723.8343368425 115537.816854057 115909.910679168 114620.79377087 116082.746112134 -32.3979817373375 66430.125 40.5
602820 1090.58592243379 -11814.673307233 -10724.0873847992 115446.1329388 116369.762690029 114183.704133254 115784.931993118 -472.778369784103 66430.125 40.5
602830 1098.7193676781 -11823.1351762657 -10724.4158085876 114880.093439821 115777.854234187 113430.234980475 115432.1911048 -995.260858212235 66430.125 40.5
602840 1090.55627880311 -11815.4899394987 -10724.9336606956 114507.178403893 114876.953934327 114001.574346905 114643.006930447 -1292.38705141194 66430.125 40.5
602850 1084.06533520316 -11809.6260143386 -10725.5606791354 114434.661462805 114501.146424328 114971.384027846 113831.453936243 -1199.26264462811 66430.125 40.5
602860 1079.14087041631 -11805.279497269 -10726.1386268527 114433.512317101 114954.829118368 115056.139359466 113289.568473468 -939.622080105931 66430.125 40.5
602870 1081.05443775668 -11807.6515918385 -10726.5971540819 114147.270873369 115862.650863254 114356.861847258 112222.299909593 -469.739754890516 66430.125 40.5
602880 1092.15553135011 -11819.1604531106 -10727.0049217605 113937.439086704 116285.220629077 113845.83082364 111681.265807395 -200.749251908438 66430.125 40.5
602890 1095.40044622084 -11822.9429778852 -10727.5425316643 114185.144735595 116521.537931682 113561.218243651 112472.678031452 -162.262315442836 66430.125 40.5
602900 1080.39994222328 -11808.6207815436 -10728.2208393203 114066.583987833 116892.726398596 112610.66370418 112696.361860724 84.3652159690266 66430.125 40.5
602910 1073.61484750103 -11802.4499367346 -10728.8350892335 114386.813362111 117785.826737576 112583.488357586 112791.12499117 292.897566543584 66430.125 40.5
602920 1086.52305535947 -11815.8221554137 -10729.2991000543 114466.117802229 117891.871079485 112791.718061361 112714.764265839 438.983695938959 66430.125 40.5
602930 1093.71214909063 -11823.4984709505 -10729.7863218599 114426.706264743 118042.336943796 112744.227638669 112493.554211765 373.574377564137 66430.125 40.5
602940 1084.19425764325 -11814.6022643235 -10730.4080066803 114714.271963228 118144.76361257 113300.179196219 112697.873080896 534.762072363366 66430.125 40.5
602950 1075.39601416546 -11806.4421267279 -10731.0461125624 114988.252101662 117905.40983555 114010.064947309 113049.281522128 997.930631475703 66430.125 40.5
602960 1075.27311803042 -11806.814155591 -10731.5410375605 114815.094647348 117048.517617534 114664.158948379 112732.607376131 1204.86042515783 66430.125 40.5
602970 1076.06232956744 -11807.9129171713 -10731.8505876039 114651.810579886 115985.984845248 115882.895142684 112086.551751727 1024.0479178068 66430.125 40.5
602980 1076.87418216405 -11808.8679726283 -10731.9937904642 114722.810919271 115237.440142679 116768.270724689 112162.721890446 976.250103268855 66430.125 40.5
602990 1081.58312281676 -11813.5534950171 -10731.9703722004 114552.08407183 114356.986054941 117315.740514237 111983.525646311 1099.66818313767 66430.125 40.5
603000 1094.8743822808 -11826.7625197938 -10731.888137513 114104.677863064 113603.014259005 117010.050803022 111700.968527165 780.777656895485 66430.125 40.5
603010 1106.25369187847 -11838.2503547961 -10731.9966629176 113616.483658212 113092.67996948 116293.313556136 111463.457449021 401.10077339036 66430.125 40.5
603020 1099.50212233718 -11832.0114066005 -10732.5092842634 113924.306685614 113879.642903776 116077.469274683 111815.807878383 561.338322134841 66430.125 40.5
603030 1082.72562984247 -11816.0767040085 -10733.351074166 114471.326774883 115172.4519672 115325.506539165 112916.021818285 1314.79317733428 66430.125 40.5
603040 1076.65665211691 -11810.9132072214 -10734.2565551045 114583.694836454 115740.583986277 114619.133895345 113391.36662774 1945.57794865303 66430.125 40.5
603050 1087.80190942049 -11822.9543889951 -10735.1524795746 114685.986232966 116096.173718547 114172.753705761 113789.03127459 2031.98881738249 66430.125 40.5
603060 1094.84745497394 -11831.0542086436 -10736.2067536696 114637.914639045 115715.031941408 113924.582606384 114274.129369344 1928.60047581317 66430.125 40.5
603070 1085.98886416794 -11823.5309467967 -10737.5420826288 114494.892233833 115029.971261905 113986.230208805 114468.475230789 2321.62510461298 66430.125 40.5
603080 1080.60134419051 -11819.6770936525 -10739.075749462 114402.190590805 114453.596628964 114665.813768131 114087.16137532 2503.14008590696 66430.125 40.5
603090 1085.63256878706 -11826.3878276784 -10740.7552588914 114659.940364467 114158.726909147 115200.796454047 114620.297730209 2126.14585483072 66430.125 40.5
603100 1082.92466492183 -11825.5333938661 -10742.6087289443 114832.364647672 114044.746015089 115031.527209598 115420.820718328 1526.77470562162 66430.125 40.5
603110 1080.75160454701 -11825.3693179808 -10744.6177134338 114739.505262623 114061.225768838 114522.822220354 115634.467798677 842.164890719249 66430.125 40.5
603120 1093.13635395179 -11839.9625041271 -10746.8261501753 114477.471713103 114037.216230602 114528.459835175 114866.739073531 367.689069880035 66430.125 40.5
603130 1098.20710413419 -11847.6152611148 -10749.4081569806 114049.301485842 113661.158595751 114334.626581217 114152.119280559 -64.1039000277453 66430.125 40.5
603140 1087.78773202243 -11840.2116679254 -10752.4239359029 113590.690492976 113093.124702464 113819.841954713 113859.104821752 -855.948541615078 66430.125 40.5
603150 1077.34337366371 -11833.0186974067 -10755.675323743 113072.74361434 112564.797006317 112857.389719189 113796.044117514 -1476.10821297562 66430.125 40.5
603160 1071.44320953039 -11830.3385526337 -10758.8953431033 112847.084457149 112941.470408333 111994.284929952 113605.498033162 -1635.13059706895 66430.125 40.5
603170 1070.28152980555 -11832.2117430076 -10761.9302132021 112736.496322581 113769.942903938 111317.849397011 113121.696666794 -1765.08895317081 66430.125 40.5
603180 1070.13975949345 -11834.8355262093 -10764.6957667158 112843.827454552 114376.230465834 110831.424709971 113323.827187851 -1876.9977296748 66430.125 40.5
603190 1070.93760635317 -11838.1062861071 -10767.168679754 112631.646267576 113629.107624021 110583.618497899 113682.212680809 -1410.67076195998 66430.125 40.5
603200 1072.0660602101 -11841.4127638985 -10769.3467036884 112467.840133601 112828.3635413 110547.547525417 114027.609334086 -1030.91173612321 66430.125 40.5
603210 1073.09130640751 -11844.3464416421 -10771.2551352346 112734.889837834 112867.702751835 110891.541102581 114445.425659087 -1135.89847677262 66430.125 40.5
603220 1070.59617714279 -11843.4902477588 -10772.894070616 113233.601095733 114036.263499037 111454.925649125 114209.614139036 -1237.37462052383 66430.125 40.5
603230 1068.45813684451 -11842.6876746948 -10774.2295378503 113378.786771908 114838.832770917 111857.789059624 113439.738485184 -965.959345289661 66430.125 40.5
603240 1071.52442342501 -11846.7753557251 -10775.2509323 113109.897378224 114803.586924532 111921.945753223 112604.159456919 -845.592870699628 66430.125 40.5
603250 1074.95011507011 -11850.9516959315 -10776.0015808614 112822.088218365 114780.479871496 111034.541805894 112651.242977705 -788.501909035487 66430.125 40.5
603260 1075.96819061822 -11852.5270336108 -10776.5588429926 112448.936373598 114641.079758008 109599.873432426 113105.855930359 -567.308747365481 66430.125 40.5
603270 1072.73943626518 -11849.6585215392 -10776.919085274 112208.017072661 114755.69077849 108469.699875179 113398.660564313 -507.906103461032 66430.125 40.5
603280 1071.78390951931 -11848.8339708924 -10777.0500613731 112528.951477375 115157.647009508 108716.364965344 113712.842457272 -626.847863249788 66430.125 40.5
603290 1071.2349448376 -11848.141902701 -10776.9069578634 113090.124056323 115646.469733751 109208.683172069 114415.219263149 -1062.0843124582 66430.125 40.5
603300 1073.92929551905 -11850.3963877625 -10776.4670922435 113360.802629559 115562.357300232 109619.302065711 114900.748522735 -1580.48234455602 66430.125 40.5
603310 1076.15907615509 -11851.9191130082 -10775.7600368531 113330.233412845 115702.604977563 110223.366081674 114064.729179297 -2139.55145739671 66430.125 40.5
603320 1063.41480541638 -11838.1425175642 -10774.7277121479 113240.23169652 115716.499496224 111087.385042698 112916.810550639 -2805.67128495617 66430.125 40.5
603330 1053.35083334788 -11826.4937111356 -10773.1428777877 113299.401825036 115544.01491721 112021.046473923 112333.144083976 -3049.74218453343 66430.125 40.5
603340 1057.17893981304 -11827.9046334493 -10770.7256936362 113684.678704043 115670.969512301 112300.206455629 113082.860144198 -2756.96573953325 66430.125 40.5
603350 1063.67907744492 -11831.0303807066 -10767.3513032616 113842.643645043 115211.343361105 111917.54155626 114399.046017765 -2179.44153805435 66430.125 40.5
603360 1072.8292471943 -11835.906318483 -10763.0770712887 113991.219415993 114632.245234347 111882.152931009 115459.260082621 -1644.27169810506 66430.125 40.5
603370 1081.94718983922 -11840.071355686 -10758.1241658468 114036.59036122 114464.120829696 111890.139692732 115755.510561232 -1014.88282203447 66430.125 40.5
603380 1075.37094728159 -11828.2193405071 -10752.8483932255 114513.873340835 114824.052266943 112568.756128861 116148.811626701 -211.692185998532 66430.125 40.5
603390 1065.12199608267 -11812.6645882375 -10747.5425921549 115238.217829711 115533.358762692 113671.953836272 116509.34089017 58.4933798607334 66430.125 40.5
603400 1063.5650186277 -11805.9198360969 -10742.3548174692 115257.470381876 115773.311589783 113940.600885043 116058.498670802 117.790816822552 66430.125 40.5
603410 1079.33011107393 -11816.8830258264 -10737.5529147525 114799.444239402 116067.119915719 113069.176862614 115262.035939871 270.227789470486 66430.125 40.5
603420 1102.80723992532 -11836.3571568905 -10733.5499169652 114461.95186748 116300.568802306 112165.624181935 114919.662618199 863.072926814836 66430.125 40.5
603430 1109.27447460268 -11839.9568231602 -10730.6823485575 114603.237038758 116671.014871487 112312.05237255 114826.643872236 680.819153878572 66430.125 40.5
603440 1098.77068938642 -11827.632413878 -10728.8617244915 114861.18379395 117362.875677984 113170.800982819 114049.874721049 273.217601317596 66430.125 40.5
603450 1092.63845723581 -11820.3289374724 -10727.6904802366 114571.354617345 117287.801803905 113493.931851615 112932.330196515 271.443611446804 66430.125 40.5
603460 1098.23014631384 -11825.1217920918 -10726.891645778 114139.511686233 117011.17054371 113350.692981072 112056.671533916 431.276820059263 66430.125 40.5
603470 1108.95323941704 -11835.4144470578 -10726.4612076408 113814.577035146 116351.61086603 112930.200456318 112161.91978309 1148.97011999065 66430.125 40.5
603480 1110.59164479253 -11837.1215411293 -10726.5298963368 114172.524558884 115885.203352282 113521.055631778 113111.314692592 2104.05386622224 66430.125 40.5
603490 1091.53972636006 -11818.5434425089 -10727.0037161488 114594.15192636 115903.086925836 114301.894543173 113577.474310072 2234.45046532469 66430.125 40.5
603500 1079.47751442794 -11807.0564061219 -10727.578891694 114352.043368835 115107.967236151 114429.995303147 113518.167567208 2029.76361181246 66430.125 40.5
603510 1085.5049795252 -11813.5624581107 -10728.0574785855 114414.742441042 114240.847978701 114311.009718455 114692.369625971 1824.16011803714 66430.125 40.5
603520 1095.32183965248 -11823.8404714257 -10728.5186317732 114501.621282645 113811.883448827 113899.397938515 115793.582460594 1155.01236748992 66430.125 40.5
603530 1102.60084902548 -11831.7709625785 -10729.170113553 114610.405647503 114051.785195684 113708.666177588 116070.765569238 110.856693173385 66430.125 40.5
603540 1102.5616155004 -11832.7145407647 -10730.1529252643 114687.524390111 114349.010147759 113662.531619179 116051.031403397 -1082.09535577664 66430.125 40.5
603550 1094.08557710329 -11825.5355691777 -10731.4499920744 114689.103719805 114242.477086924 114003.954550723 115820.879521767 -1602.14964054243 66430.125 40.5
603560 1088.43421012419 -11821.3613853482 -10732.927175224 115032.782328374 114401.879733347 114916.008311525 115780.458940252 -1040.66136774511 66430.125 40.5
603570 1086.39050236588 -11820.8903543206 -10734.4998519547 115277.312748352 114613.965358467 115462.301149721 115755.671736868 -137.339701548131 66430.125 40.5
603580 1074.87853306728 -11810.9253819352 -10736.0468488679 115172.672652716 114773.064757719 115566.430890197 115178.522310234 0.0675773957834248 66430.125 40.5
603590 1069.8057466169 -11807.2180174177 -10737.4122708008 114881.534668153 114897.266308105 115645.322974514 114102.014721839 -564.77074969159 66430.125 40.5
603600 1076.42472549973 -11814.9559838247 -10738.531258325 114779.248119535 115412.545628064 115834.260797719 113090.937932823 -792.997468640387 66430.125 40.5
603610 1080.99939924375 -11820.4723183809 -10739.4729191371 114645.031119536 115354.863310761 115463.912129211 113116.317918637 -723.756173427221 66430.125 40.5
603620 1084.8728923633 -11825.2393902309 -10740.3664978676 114489.139866873 114424.853485926 115816.143655592 113226.422459102 -350.045057915982 66430.125 40.5
603630 1081.88079669622 -11823.1423775938 -10741.2615808976 114352.060564436 113585.666280338 116585.77550937 112884.739903599 -94.1088930769135 66430.125 40.5
603640 1071.26127336767 -11813.3446261424 -10742.0833527747 114384.172268331 113949.671800151 116136.773037375 113066.071967469 127.915960169995 66430.125 40.5
603650 1067.93764135295 -11810.6118102114 -10742.6741688585 114671.576521072 115015.279744058 115181.429847023 113818.019972135 440.656407986308 66430.125 40.5
603660 1076.25111703677 -11819.230660439 -10742.9795434023 114804.083049891 115179.684897233 115066.901881836 114165.662370603 177.214024065321 66430.125 40.5
603670 1077.90329656582 -11821.0053619906 -10743.1020654247 115029.543429475 115032.201316029 115538.976915662 114517.452056735 -286.254960086271 66430.125 40.5
603680 1059.90613189288 -11802.9100178113 -10743.0038859184 115416.508209019 115357.549201124 115899.876540673 114992.09888526 -494.476232104034 66430.125 40.5
603690 1050.6136181587 -11793.0231778018 -10742.4095596431 115184.281366923 115624.377196102 115100.958643685 114827.508260982 -931.254565831998 66430.125 40.5
603700 1068.55436239439 -11809.6869827509 -10741.1326203565 114701.681304136 115482.763231492 114043.09536033 114579.185320586 -1558.25799436102 66430.125 40.5
603710 1090.04636560151 -11829.4077083284 -10739.3613427269 114053.78684208 114750.598074877 113081.301564889 114329.460886474 -1998.23912164382 66430.125 40.5
603720 1088.0043654686 -11825.4326786598 -10737.4283131912 113689.309768949 113920.422442374 112931.524023198 114215.982841276 -2523.18870707509 66430.125 40.5
603730 1075.97648972002 -11811.3399398836 -10735.3634501636 114312.504146255 114028.589926442 113981.613414627 114927.309097695 -2732.5959565933 66430.125 40.5
603740 1082.07718790434 -11815.0821192769 -10733.0049313725 114779.050758646 114239.255285898 114514.277659813 115583.619330228 -2457.89581179943 66430.125 40.5
603750 1092.31957252828 -11822.6668620729 -10730.3472895446 114747.588955514 113951.925367696 114861.404852393 115429.436646451 -1937.13970477456 66430.125 40.5
603760 1095.75173876717 -11823.3481708479 -10727.5964320807 114552.465325629 113432.792361588 115171.397666459 115053.20594884 -1291.04418675627 66430.125 40.5
603770 1096.89517439253 -11821.7741214952 -10724.8789471027 114368.896496348 113229.866685031 115052.267337341 114824.55546667 -839.164321427563 66430.125 40.5
603780 1097.57856519131 -11819.8238690004 -10722.2453038091 114080.790777545 112813.570459559 114884.298195432 114544.503677645 -910.969082464409 66430.125 40.5
603790 1097.61711498318 -11817.3446264502 -10719.727511467 114236.465303035 113024.254636754 115524.413483531 114160.727788819 -717.369845292434 66430.125 40.5
603800 1099.44631239397 -11816.8061909807 -10717.3598785867 114741.623304991 113437.748618602 116838.594229785 113948.527066585 19.822563606511 66430.125 40.5
603810 1099.80147336061 -11814.9788195405 -10715.1773461799 114957.084566158 113349.921405464 117825.655515927 113695.676777082 988.728480550866 66430.125 40.5
603820 1095.29767931768 -11808.4882553729 -10713.1905760552 114974.432184187 113383.095514171 117811.890388845 113728.310649546 1867.85677943062 66430.125 40.5
603830 1088.71603113363 -11800.0456325267 -10711.3296013931 115242.050411962 113909.39677976 117462.549938598 114354.204517528 2632.24842561658 66430.125 40.5
603840 1083.39336451256 -11792.861239307 -10709.4678747945 115442.320506839 114187.531892841 117034.994561247 115104.435066429 2936.86394143313 66430.125 40.5
603850 1081.89406300707 -11789.3693032379 -10707.4752402309 115542.00342827 114449.304088023 116929.598236034 115247.107960752 2202.60245244628 66430.125 40.5
603860 1090.29729100568 -11795.6201667848 -10705.3228757791 115902.136357471 115093.195112876 117013.063983511 115600.149976025 1013.12175586254 66430.125 40.5
603870 1104.20673732318 -11807.3454794775 -10703.1387421544 115968.136214249 114824.293205586 116784.002263778 116296.113173383 219.158774947012 66430.125 40.5
603880 1112.11373916581 -11813.29051527 -10701.1767761042 115934.211463776 114081.243813382 116646.213339151 117075.177238795 525.736462162491 66430.125 40.5
603890 1108.68274322856 -11808.2999096857 -10699.6171664571 115986.182826092 113538.252642301 116669.260817821 117751.035018155 902.012141644524 66430.125 40.5
603900 1096.52036792348 -11794.9398491279 -10698.4194812044 116209.852384449 113548.781159549 116840.985389081 118239.790604717 924.611371910278 66430.125 40.5
603910 1084.27017094924 -11781.6243298441 -10697.3541588948 116103.198022937 113520.609138207 116404.214292246 118384.770638359 781.640692726532 66430.125 40.5
603920 1086.65864032308 -11782.8562639122 -10696.1976235891 116036.176800366 113474.424568739 116166.610636747 118467.495195612 356.769251891844 66430.125 40.5
603930 1097.93357735337 -11792.8609701306 -10694.9273927773 116297.487620685 113933.96279453 116452.357201168 118506.142866356 397.259495359088 66430.125 40.5
603940 1096.78355456439 -11790.4692563681 -10693.6857018037 116649.268975117 114443.158696005 116702.125805594 118802.522423751 1353.45629484213 66430.125 40.5
603950 1082.00280837324 -11774.4287906461 -10692.4259822729 116868.26764668 114930.805321565 116285.651530627 119388.346087846 1961.51363068253 66430.125 40.5
603960 1086.48104581316 -11777.4108498456 -10690.9298040325 116987.844602452 115167.61168762 115808.496482453 119987.425637283 1803.82493006154 66430.125 40.5
603970 1105.94396751014 -11795.1078446934 -10689.1638771832 116869.224743317 115100.733332413 115296.529719409 120210.411178128 1539.3014585079 66430.125 40.5
603980 1107.96457994113 -11795.323755573 -10687.3591756318 116317.548931939 114925.800731172 114261.277466037 119765.568598608 1422.10503215133 66430.125 40.5
603990 1099.99679420868 -11785.6546593551 -10685.6578651464 116045.543638145 114528.494885265 113831.489559171 119776.646469999 1177.89423906344 66430.125 40.5
604000 1096.30111289915 -11780.2503333171 -10683.9492204179 116403.374161754 115067.261282641 114467.810961649 119675.050240973 367.040597108831 66430.125 40.5
604010 1102.202039967 -11784.3560122912 -10682.1539723242 116502.269873338 115545.335037982 114893.096730499 119068.377851533 -1312.27111611424 66430.125 40.5
604020 1111.99468434922 -11792.3812274198 -10680.3865430706 116349.933049452 115474.085002928 115076.453007276 118499.261138152 -2570.55540213431 66430.125 40.5
604030 1117.88846871089 -11796.769294814 -10678.8808261031 116179.438799619 115099.669837617 115211.973356189 118226.673205052 -2673.9121649215 66430.125 40.5
604040 1117.8615262986 -11795.6960072487 -10677.8344809501 116114.59837934 115009.846292795 115102.849432952 118231.099412274 -1863.41947139193 66430.125 40.5
604050 1117.2673159843 -11794.6268216564 -10677.3595056721 116076.756462855 114850.482680035 115185.465182599 118194.321525931 -436.629310759893 66430.125 40.5
604060 1119.51011144414 -11797.0369335425 -10677.5268220984 115899.943099665 115541.771928612 115132.726637542 117025.33073284 844.706968595781 66430.125 40.5
604070 1120.27283820706 -11798.7315128965 -10678.4586746894 115767.609868551 116381.526519799 115237.297026334 115684.006059519 1896.02215488606 66430.125 40.5
604080 1116.14475808936 -11796.3655984076 -10680.2208403183 115949.824366557 116965.602287089 115533.523303102 115350.347509482 2430.30289985986 66430.125 40.5
604090 1115.849683599 -11798.6836733904 -10682.8339897914 116105.718559765 116935.473880251 115530.494585389 115851.187213654 2678.37668265959 66430.125 40.5
604100 1112.78498454957 -11799.0694064484 -10686.2844218989 116228.642424814 116649.3442017 115772.259027812 116264.32404493 2341.45329495381 66430.125 40.5
604110 1102.43765909383 -11792.8359705281 -10690.3983114342 115839.83217344 116077.506389473 115874.122015845 115567.868115003 2239.02018413441 66430.125 40.5
604120 1103.02565163815 -11797.9464226352 -10694.9207709971 115413.877370172 115692.99237596 116142.269446986 114406.37028757 2658.93106423998 66430.125 40.5
604130 1109.47352300741 -11809.1844111397 -10699.7108881323 115366.475776637 116110.423760923 116240.085230323 113748.918338665 2626.20477211911 66430.125 40.5
604140 1102.94870123772 -11807.5639673474 -10704.6152661097 115395.458445419 116038.940667588 116315.289144233 113832.145524436 1790.91816631807 66430.125 40.5
604150 1088.82673907195 -11798.1156909857 -10709.2889519138 115160.458052421 115601.500789526 116221.545945254 113658.327422484 858.503098006748 66430.125 40.5
604160 1081.7815999263 -11795.1800972984 -10713.3984973721 114762.646731758 115081.495717441 115262.732786759 113943.711691075 720.08071967073 66430.125 40.5
604170 1087.13071363072 -11804.0153987415 -10716.8846851108 114185.279476905 113848.224228962 114398.435248779 114309.178952973 944.971767890604 66430.125 40.5
604180 1097.37485063883 -11817.3247056767 -10719.9498550379 113954.545414159 112845.869366898 114688.335539516 114329.431336064 988.674552773107 66430.125 40.5
604190 1100.52508393838 -11823.3565802765 -10722.8314963381 114176.070926687 112691.964833231 115317.675844424 114518.572102407 821.146761705717 66430.125 40.5
604200 1092.07992713348 -11817.6794358107 -10725.5995086772 114577.671803069 113579.258597641 115924.61964186 114229.137169707 582.738516658472 66430.125 40.5
604210 1082.97561567202 -11811.1363476427 -10728.1607319707 115533.27441551 115548.877754737 116836.777569244 114214.167922548 1144.65627628792 66430.125 40.5
604220 1081.45735457143 -11811.8676486109 -10730.4102940395 116157.568335932 117169.980315823 117112.948514191 114189.776177781 1792.58557207654 66430.125 40.5
604230 1088.81529326831 -11821.2317972576 -10732.4165039893 115740.278125313 116845.526824137 116434.8007459 113940.506805902 2521.1972981826 66430.125 40.5
604240 1092.04528666167 -11826.3828583775 -10734.3375717158 114901.737910566 115641.797497127 115472.541462963 113590.874771609 2785.03703803067 66430.125 40.5
604250 1081.64112110335 -11817.854557857 -10736.2134367536 114605.908127248 115483.57696215 115050.169602187 113283.977817407 2142.30416180774 66430.125 40.5
604260 1073.33086146635 -11811.234800322 -10737.9039388557 114179.361383357 115448.322088752 114147.403822973 112942.358238345 1278.18413394011 66430.125 40.5
604270 1076.35079947681 -11815.6712277369 -10739.3204282601 114368.111793199 115982.88141935 113641.84693288 113479.607027368 420.719097238046 66430.125 40.5
604280 1076.68839528433 -11817.1907083031 -10740.5023130188 114809.16879579 116007.367907066 113985.540073031 114434.598407271 -227.059213788827 66430.125 40.5
604290 1073.98188903121 -11815.4334051171 -10741.4515160858 114546.565652526 115262.544954266 113782.996955474 114594.155047837 -347.825196272455 66430.125 40.5
604300 1086.69755865281 -11828.9211808596 -10742.2236222068 113959.889312089 114543.714913335 113297.023627509 114038.929395423 -461.683134188114 66430.125 40.5
604310 1098.49911921584 -11841.5229920834 -10743.0238728676 113692.640108807 114369.022281796 113182.293921631 113526.604122995 -854.723250336061 66430.125 40.5
604320 1089.35366359763 -11833.3864429592 -10744.0327793616 113732.572297108 114578.265584964 113059.067089943 113560.384216418 -1037.15908318874 66430.125 40.5
604330 1071.25375353474 -11816.3429040171 -10745.0891504824 114465.076466571 116179.589803867 113268.638970121 113947.000625725 -1424.30548040031 66430.125 40.5
604340 1069.90651962301 -11815.8263771006 -10745.9198574776 114872.767151606 117172.994855852 114018.345065897 113426.96153307 -1584.95797467123 66430.125 40.5
604350 1083.77019494578 -11830.2794990782 -10746.5093041325 114583.284730279 117424.180793624 114425.622159617 111900.051237596 -893.492846309959 66430.125 40.5
604360 1087.94311455931 -11834.9901158563 -10747.047001297 113992.647544398 116898.132547023 113967.98101712 111111.82906905 -111.691218681605 66430.125 40.5
604370 1078.38942458192 -11826.0043870929 -10747.614962511 113728.906714166 116125.090718097 113113.72850345 111947.900920951 -118.46222724724 66430.125 40.5
604380 1073.07645364934 -11821.151351556 -10748.0748979066 113659.051814177 115319.591082033 112215.666747914 113441.897612583 79.5312151920661 66430.125 40.5
604390 1080.88452761445 -11829.2371103596 -10748.3525827451 113972.895930083 115396.982373904 111703.289148938 114818.416267408 626.844425790512 66430.125 40.5
604400 1085.53192491399 -11834.0726496623 -10748.5407247483 114230.411041674 115400.876645116 111369.058870833 115921.297609072 1149.14947051318 66430.125 40.5
604410 1080.48006595899 -11829.1726696687 -10748.6926037097 113934.034086524 114879.233017368 111102.933448325 115819.935793878 1358.52771949602 66430.125 40.5
604420 1084.28592981083 -11833.0880114507 -10748.8020816398 113686.268418451 114964.130940913 110837.310396027 115257.363918412 1056.05042972712 66430.125 40.5
604430 1087.63705212712 -11836.5386697545 -10748.9016176274 113982.78367467 115480.197994126 111139.355477836 115328.797552047 298.941978909418 66430.125 40.5
604440 1071.97699579923 -11820.966247795 -10748.9892519958 114438.901015868 115826.434796626 111684.783237344 115805.485013635 -343.720845911311 66430.125 40.5
604450 1057.19436755169 -11805.9910331693 -10748.7966656176 114903.622742205 116007.286647825 112484.805177682 116218.776401109 -337.330556696902 66430.125 40.5
604460 1072.0377355444 -11820.1447284756 -10748.1069929312 115007.479426666 115571.119700411 113330.065938274 116121.252641311 490.029454265221 66430.125 40.5
604470 1088.99001031599 -11836.001639747 -10747.011629431 114627.699069169 114196.195309113 114265.620816544 115421.281081851 1549.9733327992 66430.125 40.5
604480 1091.21439987323 -11837.0111336166 -10745.7967337433 114447.94043386 113038.730949598 114682.400494253 115622.689857727 1964.52166484456 66430.125 40.5
604490 1087.21561697553 -11831.7430987348 -10744.5274817592 114177.589866489 111730.124555123 114241.355182115 116561.289862228 2252.8974034331 66430.125 40.5
604500 1092.57897264401 -11835.7435604665 -10743.1645878225 113872.532664067 110839.744432867 113606.441993892 117171.411565442 1994.29493455082 66430.125 40.5
604510 1102.57633951887 -11844.3573358705 -10741.7809963516 114036.445629435 111309.131393941 113519.147065696 117281.058428668 1049.223336406 66430.125 40.5
604520 1098.5551447408 -11839.0889655805 -10740.5338208397 114146.237812291 112031.894582152 113051.426376944 117355.392477777 290.161274192128 66430.125 40.5
604530 1080.13843433228 -11819.509865956 -10739.3714316237 114357.308458742 113415.298533829 112277.871853013 117378.754989382 -313.414012637812 66430.125 40.5
604540 1067.44700638919 -11805.4314833541 -10737.9844769649 114405.062807256 114628.015205902 111375.045512911 117212.127702954 -1046.81368502506 66430.125 40.5
604550 1077.97039490803 -11814.0685519327 -10736.0981570246 114257.404276229 114570.021806543 110991.142809792 117211.048212352 -1260.10164803242 66430.125 40.5
604560 1103.54551542971 -11837.3831122286 -10733.8375967989 114198.335806023 113934.319972501 111447.521143895 117213.166301673 -1073.86170170288 66430.125 40.5
604570 1105.13636116212 -11836.7177889589 -10731.5814277968 114548.767192448 114155.946230434 112564.117258279 116926.238088632 -823.742640768382 66430.125 40.5
604580 1090.03742033947 -11819.5301174457 -10729.4926971062 114946.204360181 114559.304095137 114186.276561049 116093.032424357 -679.788066854681 66430.125 40.5
604590 1087.49540503192 -11814.8833726953 -10727.3879676634 115175.948360703 114773.715569357 115344.569720076 115409.559792676 -748.667300561339 66430.125 40.5
604600 1089.1407904925 -11814.2807364978 -10725.1399460053 114903.085830555 114965.237598067 115334.240320879 114409.77957272 -1290.25958116798 66430.125 40.5
604610 1089.55390590009 -11812.3385456012 -10722.7846397011 114650.970160415 114739.976324337 115402.164039999 113810.77011691 -1874.21813407655 66430.125 40.5
604620 1092.36844264648 -11812.7336108951 -10720.3651682486 114700.547930084 114379.87752632 115514.934735222 114206.831528711 -1711.87936949656 66430.125 40.5
604630 1090.15506627975 -11808.0727192694 -10717.9176529896 115060.410318977 114465.698049525 116056.044328629 114659.488578776 -1142.31458658628 66430.125 40.5
604640 1090.60979171471 -11806.0598608479 -10715.4500691332 115211.02503946 114540.576850414 116685.466646142 114407.031621825 -433.464676762403 66430.125 40.5
604650 1097.23738997382 -11810.2443284681 -10713.0069384943 115329.048015846 114705.98826798 117675.094001045 113606.061778515 268.443650407979 66430.125 40.5
604660 1089.92529358575 -11800.5725923893 -10710.6472988035 115364.105394394 115518.370133581 117994.60981568 112579.336233921 685.082196541525 66430.125 40.5
604670 1080.85204515885 -11789.1730753875 -10708.3210302287 115589.83348238 116287.147283023 117911.638972703 112570.714191414 1098.39448980394 66430.125 40.5
604680 1088.77216959222 -11794.6464306255 -10705.8742610333 115516.075011038 115787.082074757 117429.299478537 113331.843479821 1466.70701760727 66430.125 40.5
604690 1113.94301088605 -11817.4076507178 -10703.4646398318 114972.042625291 114601.580945291 116450.88706227 113863.659868311 2097.29584572186 66430.125 40.5
604700 1121.74641700303 -11823.2336121071 -10701.4871951041 114757.45008994 114967.682579088 115497.007748858 113807.659941874 2311.84125468765 66430.125 40.5
604710 1112.35481083695 -11812.5369270828 -10700.1821162459 114563.775929813 115524.4756923 114497.799297231 113669.052799907 1764.10405226203 66430.125 40.5
604720 1107.63567150554 -11807.0717418784 -10699.4360703728 114684.300014013 115772.436660193 114090.960884508 114189.502497337 1452.40731675543 66430.125 40.5
604730 1109.0629353834 -11808.2149916231 -10699.1520562397 115270.779230766 115780.801825402 114567.463568749 115464.072298149 1572.47861309054 66430.125 40.5
604740 1103.97817482221 -11803.2893842381 -10699.3112094159 115643.923707068 115328.776554037 114897.876959112 116705.117608054 1335.70800532942 66430.125 40.5
604750 1098.25763409003 -11798.1312101288 -10699.8735760388 115878.343993837 115688.563332493 114945.478260831 117000.990388186 441.480576245121 66430.125 40.5
604760 1094.65054091862 -11795.4054822221 -10700.7549413035 115747.64842245 116719.525197931 114642.000349506 115881.419719914 -311.645105433426 66430.125 40.5
604770 1088.31916401969 -11790.2042230181 -10701.8850589984 114949.74340382 116873.485460644 113446.610896443 114529.133854372 -493.351596792244 66430.125 40.5
604780 1085.75269857811 -11788.9473438917 -10703.1946453136 114866.594724852 117067.935664119 112691.441555319 114840.406955117 -1027.20821424969 66430.125 40.5
604790 1094.59198996188 -11799.3004362857 -10704.7084463238 114888.312601107 116924.386777867 112184.270582228 115556.280443225 -1194.61962107054 66430.125 40.5
604800 1102.8867368494 -11809.5139362701 -10706.6271994207 114247.874138304 116002.522841761 111463.754322274 115277.345250876 -626.061960864132 66430.125 40.5
604810 1099.34345856475 -11808.4860002206 -10709.1425416558 114269.959751994 115851.162873144 112015.059495654 114943.656887183 -266.174077191916 66430.125 40.5
604820 1098.67561681241 -11811.0029008695 -10712.3272840571 114769.869158986 116240.038707349 113017.300247511 115052.268522097 -117.909415232332 66430.125 40.5
604830 1102.47282293903 -11818.6929790327 -10716.2201560937 114694.226232403 115833.77718752 113047.313430234 115201.588079457 243.021611385135 66430.125 40.5
604840 1103.56767162903 -11824.4412697061 -10720.8735980771 114233.58143451 114756.384388702 112911.408714727 115032.951200101 722.741053264393 66430.125 40.5
604850 1101.05637389487 -11827.2154550757 -10726.1590811808 113842.482259017 113879.416564899 113475.183700839 114172.846511312 1097.18031041325 66430.125 40.5
604860 1098.69519393245 -11830.4440501824 -10731.7488562499 114241.294532515 114171.496979627 114901.052490926 113651.334126991 1559.65754147221 66430.125 40.5
604870 1095.00623728846 -11832.2281748819 -10737.2219375934 114393.60254329 114420.677487683 115035.787027156 113724.343115031 1159.16406237264 66430.125 40.5
604880 1080.95079013671 -11823.0489920288 -10742.0982018921 114674.776523566 114725.892440905 114804.370665687 114494.066464106 790.392378143731 66430.125 40.5
604890 1066.34518320351 -11812.3037093278 -10745.9585261243 114662.672885894 114814.208090401 114794.366280265 114379.444287017 718.949632644488 66430.125 40.5
604900 1069.48892446121 -11818.2014765101 -10748.7125520489 114307.981381905 114775.683268873 114489.346474488 113658.914402353 1269.88077132433 66430.125 40.5
604910 1086.81633263435 -11837.4931484032 -10750.6768157688 114194.477874733 114869.589727363 114271.288787783 113442.555109053 1542.93431211205 66430.125 40.5
604920 1092.95524665476 -11845.2200138697 -10752.2647672149 113794.384597097 114253.22188419 113835.502839255 113294.429067847 1500.17747002155 66430.125 40.5
604930 1085.91027772212 -11839.5802249174 -10753.6699471953 113686.106512592 113230.695918036 113775.205811357 114052.417808382 1141.35529106703 66430.125 40.5
604940 1079.70366942388 -11834.5748950544 -10754.8712256305 113687.970855755 112491.929985872 113087.043966307 115484.938615087 1044.91375828769 66430.125 40.5
604950 1076.45779140988 -11832.263365847 -10755.8055744372 113527.686359339 111843.179912724 112125.925977871 116613.953187424 1136.92334160642 66430.125 40.5
604960 1077.21777812883 -11833.7000329278 -10756.482254799 113575.132328368 111642.153749023 111570.218226965 117513.025009117 1381.5393025116 66430.125 40.5
604970 1077.97701339074 -11834.9216800956 -10756.9446667049 113779.770283183 111522.416518993 111466.202341172 118350.691989383 959.790141738577 66430.125 40.5
604980 1073.66227651055 -11830.8847744954 -10757.2224979848 114178.779493771 111264.806344269 112528.579333786 118742.952803258 325.720163493325 66430.125 40.5
604990 1064.34590206236 -11821.5837988492 -10757.2378967868 114224.137576874 111310.051237635 113471.250336656 117891.11115633 29.7867034357336 66430.125 40.5
605000 1061.84885941441 -11818.7089285752 -10756.8600691608 114258.624659117 111572.985464317 114255.124619327 116947.763893706 -48.0953739160658 66430.125 40.5
