# Fix print output for fix setl_out
631000 1164.46127611138 -11768.7820563867 -10604.3207802753 117015.691051417 116839.542074022 116817.191378231 117390.339701998 1768.02230194477 66430.125 40.5
631010 1174.35576080136 -11779.0280403024 -10604.6722795011 116964.55549215 116598.50083068 116526.524732808 117768.640912963 1078.4996981143 66430.125 40.5
631020 1160.64988458327 -11766.365289478 -10605.7154048948 117053.267801396 116296.459110615 116590.969458261 118272.374835312 808.750334777016 66430.125 40.5
631030 1147.55743920205 -11754.818815605 -10607.261376403 117694.904776701 116354.977889541 117665.171880569 119064.564559995 436.01099137796 66430.125 40.5
631040 1145.81476598258 -11754.8900327495 -10609.0752667669 117936.889401749 116626.937211648 117875.655289725 119308.075703873 -69.7433575865246 66430.125 40.5
631050 1149.66194625022 -11760.7955512306 -10611.1336049804 118064.808457567 117272.079584136 117799.527485854 119122.81830271 -501.00449556301 66430.125 40.5
631060 1147.72311481644 -11761.1946483525 -10613.471533536 117926.505824259 117145.522525055 118030.552588639 118603.442359084 -557.134701273758 66430.125 40.5
631070 1146.7743077665 -11762.879763529 -10616.1054557625 117802.06560148 117395.696278275 118299.704023549 117710.796502615 -16.3242052268848 66430.125 40.5
631080 1140.95814526578 -11759.919693192 -10618.9615479262 117748.204933362 117806.798427448 118201.960111595 117235.856261043 -129.163311292454 66430.125 40.5
631090 1135.83963727458 -11757.7627399351 -10621.9231026605 117164.809861415 117403.754804333 117372.200340805 116718.474439105 -751.920547859514 66430.125 40.5
631100 1134.65040025432 -11759.5261737598 -10624.8757735055 116972.740500544 117740.106386533 116868.702621517 116309.412493582 -880.863491969389 66430.125 40.5
631110 1132.2007096557 -11759.9538087889 -10627.7530991332 116940.465147622 118077.808162735 116678.667010896 116064.920269234 -453.105691519999 66430.125 40.5
631120 1129.9157334154 -11760.3973500086 -10630.4816165932 117058.537404277 118300.590655431 116884.894244646 115990.127312754 -33.0431059405317 66430.125 40.5
631130 1128.57604778482 -11761.572663785 -10632.9966160002 117193.992240502 118227.854336982 117602.708032523 115751.414352 587.750629338207 66430.125 40.5
631140 1127.91115012532 -11763.1598147778 -10635.2486646525 116864.94006551 117192.520718861 117478.853910573 115923.445567097 1020.2680183697 66430.125 40.5
631150 1136.85672172823 -11774.1220006111 -10637.2652788829 116606.843641109 116574.870866533 116919.583302346 116326.076754447 1726.12503344341 66430.125 40.5
631160 1151.05233716159 -11790.2848239832 -10639.2324868216 116676.641563234 116763.639777144 116657.678456957 116608.6064556 2127.13541618538 66430.125 40.5
631170 1150.09783855426 -11791.440088236 -10641.3422496818 117025.626478557 117170.97486798 117098.704514572 116807.200053119 2313.18283960291 66430.125 40.5
631180 1136.30094694706 -11779.8255194437 -10643.5245724967 117358.870104728 116967.675013712 118012.934987105 117096.000313367 2500.4517792092 66430.125 40.5
631190 1128.74584910372 -11774.2841253478 -10645.5382762441 117611.826467505 116369.118436278 118851.06153361 117615.299432628 2341.02561735392 66430.125 40.5
631200 1132.04792346361 -11779.3020026033 -10647.2540791396 117608.668077227 116518.965121241 118715.000153908 117592.038956533 1837.54273476346 66430.125 40.5
631210 1135.7883338476 -11784.5061574426 -10648.717823595 117680.57176469 117236.207206011 118187.315680955 117618.192407105 978.897626988183 66430.125 40.5
631220 1131.78685848881 -11781.7671037585 -10649.9802452696 118057.280166233 118162.790703412 118055.053162942 117953.996632345 387.546059709599 66430.125 40.5
631230 1127.74270627291 -11778.7365179961 -10650.9938117232 118359.167481278 118614.538820735 118129.325569822 118333.638053278 241.927485116871 66430.125 40.5
631240 1128.31090648372 -11780.0286668958 -10651.7177604121 118322.836209342 118400.274357723 118051.808281995 118516.425988306 533.316181444525 66430.125 40.5
631250 1129.14072322923 -11781.3132014883 -10652.1724782591 117764.366996888 117801.40890849 117520.477874622 117971.214207553 1007.88604338086 66430.125 40.5
631260 1130.91502694889 -11783.3294912132 -10652.4144642643 116873.84886027 117349.116978072 116144.113307895 117128.316294843 1563.14352733826 66430.125 40.5
631270 1134.42154156255 -11786.940687648 -10652.5191460854 116141.377940274 116890.287735177 114913.840971943 116620.005113702 1927.51355647073 66430.125 40.5
631280 1131.90465105486 -11784.4457583454 -10652.5411072905 116014.595860083 117064.211109553 114385.7053982 116593.871072496 1860.11597547585 66430.125 40.5
631290 1119.68716372592 -11772.1273697944 -10652.4402060685 116329.624273735 117574.161815829 114555.621045118 116859.089960256 1744.17913704741 66430.125 40.5
631300 1108.63849370468 -11760.668573858 -10652.0300801533 116743.57248389 117270.25311867 115209.470966713 117750.993366287 1845.97148716185 66430.125 40.5
631310 1114.24741891624 -11765.4771470222 -10651.229728106 116898.817177365 116555.09610046 115542.604998409 118598.750433226 1978.93674358185 66430.125 40.5
631320 1122.8364241606 -11772.9797971527 -10650.1433729921 117139.378510333 116605.763792808 115566.734090429 119245.637647761 1331.49529062122 66430.125 40.5
631330 1122.44343608445 -11771.3764129185 -10648.932976834 117213.06704176 116728.140807361 115471.81643615 119439.243881768 586.251228210445 66430.125 40.5
631340 1117.49209129246 -11765.1204759391 -10647.6283846467 117112.045871028 116532.625476324 115723.673333901 119079.83880286 869.893358487292 66430.125 40.5
631350 1113.10245300895 -11759.2361962832 -10646.1337432742 117046.92745912 116421.968648646 116673.353355788 118045.460372925 1516.11874952531 66430.125 40.5
631360 1117.12684857327 -11761.5413412936 -10644.4144927203 117046.065999524 115796.892267294 118170.766787836 117170.538943442 1862.78025217011 66430.125 40.5
631370 1120.36663853763 -11762.8818334692 -10642.5151949316 117260.758994479 114740.665625675 119716.696069272 117324.915288489 2075.97102085064 66430.125 40.5
631380 1119.25557664283 -11759.7319436628 -10640.47636702 117071.281898177 113875.541995755 119911.605775609 117426.697923168 1954.15532998338 66430.125 40.5
631390 1127.6809662682 -11766.0248977927 -10638.3439315245 117339.786934982 114227.841292651 120430.055529483 117361.463982813 1444.80026336634 66430.125 40.5
631400 1134.75820873543 -11770.9757656161 -10636.2175568806 117741.364597982 115229.588197451 120337.012161372 117657.493435124 713.117404825942 66430.125 40.5
631410 1129.34461609861 -11763.5346051902 -10634.1899890916 117584.593339212 115660.700228487 118866.579141355 118226.500647795 117.10470546341 66430.125 40.5
631420 1124.59787009263 -11756.806410007 -10632.2085399144 117793.181748792 115876.302621691 118729.577327765 118773.665296919 46.0157268142225 66430.125 40.5
631430 1123.53364468309 -11753.6879089652 -10630.1542642821 118129.741919014 116159.222918404 119551.825231431 118678.177607208 472.289572026316 66430.125 40.5
631440 1120.8718499919 -11748.8542032257 -10627.9823532338 118064.290054098 116507.985229336 119432.034315173 118252.850617783 516.811240279791 66430.125 40.5
631450 1122.55340441785 -11748.2194281626 -10625.6660237448 118336.269900347 117587.285026772 119235.524770081 118185.99990419 171.694292603004 66430.125 40.5
631460 1131.54742233948 -11754.7913744964 -10623.243952157 118367.242483696 118661.16137206 119154.183033897 117286.383045132 -75.2992690430315 66430.125 40.5
631470 1136.90586966104 -11757.7579549343 -10620.8520852733 118346.077465188 119846.076384348 119019.702761771 116172.453249444 -566.195207961981 66430.125 40.5
631480 1133.76042556363 -11752.3641968141 -10618.6037712505 118493.432889023 120445.22065224 118857.324028638 116177.753986191 -922.999613374107 66430.125 40.5
631490 1127.19779808318 -11743.6338680556 -10616.4360699724 118431.925470982 120044.512260247 118236.091790317 117015.172362383 -1025.97914321515 66430.125 40.5
631500 1133.20104987934 -11747.463411041 -10614.2623611616 118361.119066426 119303.532228911 117970.855315252 117808.969655116 -1085.6209903871 66430.125 40.5
631510 1145.91728124806 -11758.0813507975 -10612.1640695494 118621.510694679 118766.479389566 118595.183507237 118502.869187233 -491.964958745019 66430.125 40.5
631520 1144.62011479545 -11754.935296928 -10610.3151821325 118998.178795703 118685.161250603 119195.315560152 119114.059576355 505.84830334912 66430.125 40.5
631530 1136.44973767992 -11745.16477477 -10608.7150370901 119326.939330315 118741.110421136 119405.017813385 119834.689756424 575.436720246812 66430.125 40.5
631540 1138.02343683143 -11745.2573529565 -10607.2339161251 119103.295852945 118316.195531454 118800.35809315 120193.333934232 -438.49358060597 66430.125 40.5
631550 1143.23603404134 -11749.0839400781 -10605.8479060367 118964.758876219 118119.925986732 118160.659875297 120613.690766627 -1236.04638721419 66430.125 40.5
631560 1143.60067517999 -11748.2156232545 -10604.6149480745 118738.225267222 118381.468134782 117868.770812314 119964.436854571 -1724.55051363833 66430.125 40.5
631570 1151.18901491523 -11754.7709732832 -10603.581958368 118082.620596472 117873.160279503 117619.493504535 118755.208005378 -2262.4468750357 66430.125 40.5
631580 1163.01824022123 -11765.904453098 -10602.8862128768 118096.401318201 118055.140427608 117597.958071338 118636.105455655 -2203.30776118377 66430.125 40.5
631590 1155.78967547569 -11758.4573919473 -10602.6677164716 118231.783633184 118596.754442124 117512.555631066 118586.04082636 -1498.54718463275 66430.125 40.5
631600 1137.16504348221 -11739.9492410264 -10602.7841975441 118353.591029107 118894.659931455 117693.782471121 118472.330684746 -466.506135364458 66430.125 40.5
631610 1140.43544460071 -11743.4081331943 -10602.9726885936 118267.345838382 118954.360647038 118068.704337916 117778.972530194 141.542856617744 66430.125 40.5
631620 1156.32958537004 -11759.5929931056 -10603.2634077356 118236.507446021 119009.495804795 118839.85300855 116860.17352472 249.506139843927 66430.125 40.5
631630 1156.49955106268 -11760.3975275359 -10603.8979764732 118825.255121903 120124.318107368 118948.079433591 117403.36782475 142.554447083452 66430.125 40.5
631640 1144.49339304872 -11749.4005860096 -10604.9071929609 118923.446146052 120304.338573247 118906.841155835 117559.158709074 -441.792975987554 66430.125 40.5
631650 1137.0590911629 -11743.1616950685 -10606.1026039056 118555.504722064 119410.139538816 119305.730870502 116950.643756875 -828.333394046306 66430.125 40.5
631660 1140.78968608707 -11748.168736297 -10607.37905021 118154.448377643 118285.113655884 119704.731512598 116473.499964449 -713.13378180724 66430.125 40.5
631670 1143.75066674401 -11752.5432858692 -10608.7926191252 117678.430190003 117745.322059032 119457.729062532 115832.239448445 -591.630106831956 66430.125 40.5
631680 1144.47721794336 -11754.8971565764 -10610.4199386331 117486.096938065 118121.43844785 119071.822059853 115265.030306491 -894.359683791203 66430.125 40.5
631690 1153.03876710948 -11765.40506365 -10612.3662965405 117407.458573023 118890.593871473 118567.447030002 114764.334817595 -1261.07512200117 66430.125 40.5
631700 1160.33138267106 -11775.1715230119 -10614.8401403408 117634.587204773 119909.473210324 118230.344138919 114763.944265076 -802.443500383027 66430.125 40.5
631710 1152.74075049676 -11770.7504552482 -10618.0097047514 118170.57598615 121118.420369203 117670.859818262 115722.447770983 0.147415268004276 66430.125 40.5
631720 1133.22090925934 -11754.9537011141 -10621.7327918548 118844.714543512 121435.451065348 117689.498798576 117409.193766612 566.802280053322 66430.125 40.5
631730 1119.76431923091 -11745.4101636271 -10625.6458443962 119302.118724119 121658.744516199 117578.97083932 118668.640816838 635.715643012483 66430.125 40.5
631740 1119.57987691832 -11749.0599188221 -10629.4800419038 119255.783738675 121581.546603304 117433.266424607 118752.538188115 465.260824502094 66430.125 40.5
631750 1120.7999908253 -11753.9441172486 -10633.1441264233 118806.685229754 121351.271227226 117352.551296013 117716.233166023 73.4836390303825 66430.125 40.5
631760 1116.5396431451 -11753.1107479894 -10636.5711048443 118550.866028652 121177.459208703 117124.580096343 117350.558780911 -89.900766323777 66430.125 40.5
631770 1112.41479767554 -11752.0390465206 -10639.624248845 118044.029398978 120315.992384175 116732.189976671 117083.905836088 -292.26589768155 66430.125 40.5
631780 1115.41500285396 -11757.6356527276 -10642.2206498736 117333.6074158 118950.692896321 116495.441446651 116554.687904429 -374.548039702451 66430.125 40.5
631790 1123.1558148641 -11767.5666050861 -10644.410790222 117049.323305372 118314.78594794 116692.999792188 116140.184175989 -68.9434174164246 66430.125 40.5
631800 1125.2677536638 -11771.5799367368 -10646.312183073 116762.147396611 118160.239766566 117025.194584508 115101.00783876 517.184906079311 66430.125 40.5
631810 1118.79012072596 -11766.7291110881 -10647.9389903622 116373.522032387 117936.544375665 116629.925635616 114554.09608588 1646.94536503236 66430.125 40.5
631820 1116.44179692135 -11765.6431306397 -10649.2013337183 116431.391036258 117777.031232475 116052.259192274 115464.882684024 2384.17524107001 66430.125 40.5
631830 1126.28175988143 -11776.3900552173 -10650.1082953359 116445.43686168 117413.87436775 115671.764811108 116250.671406182 1857.32276205246 66430.125 40.5
631840 1132.59920306427 -11783.4018955046 -10650.8026924403 116522.529136102 117235.161202634 115573.381830545 116759.044375128 100.647108303846 66430.125 40.5
631850 1125.26441665303 -11776.6559718948 -10651.3915552418 116823.236406097 117404.546928596 116067.223959819 116997.938329876 -1513.44690426717 66430.125 40.5
631860 1114.06122298289 -11765.7997096312 -10651.7384866483 116917.308445392 117418.988132711 116313.422943635 117019.514259829 -1917.8063351638 66430.125 40.5
631870 1121.73213164243 -11773.4372769944 -10651.705145352 116815.753360545 117273.538132703 116103.294509119 117070.427439813 -1280.72588332321 66430.125 40.5
631880 1134.35073152235 -11785.7076988628 -10651.3569673404 116828.826778281 116601.907494529 116392.405006183 117492.167834132 -816.820263723655 66430.125 40.5
631890 1128.40821126952 -11779.222328343 -10650.8141170735 116957.091819831 116262.563431433 116512.690971663 118096.021056396 -415.488668462765 66430.125 40.5
631900 1119.34772440821 -11769.3242757865 -10649.9765513783 117440.958767168 116923.808376063 116729.00519956 118670.062725881 15.2613489200761 66430.125 40.5
631910 1115.34741423679 -11763.8841837985 -10648.5367695617 117841.893195069 117725.812631698 117060.688140319 118739.178813189 843.910675903899 66430.125 40.5
631920 1109.64890068573 -11755.7267377262 -10646.0778370405 117685.560672746 117727.624534494 117902.904976683 117426.152507063 1472.48442438621 66430.125 40.5
631930 1118.43952827841 -11760.5768798586 -10642.1373515802 117879.833719761 118216.896561041 118934.561168712 116488.043429531 1583.75502719033 66430.125 40.5
631940 1137.3950696343 -11773.8428573618 -10636.4477877275 118053.385273668 118303.089523536 119090.738333975 116766.327963493 1318.620957452 66430.125 40.5
631950 1147.66837897152 -11777.0510011171 -10629.3826221456 118032.735748068 117852.589844894 118855.625632414 117389.991766895 948.720670053021 66430.125 40.5
631960 1154.5159323404 -11776.4128621995 -10621.8969298591 117484.275827567 116416.065005566 118098.168700236 117938.593776899 945.693291087186 66430.125 40.5
631970 1159.04669409002 -11774.0110207608 -10614.9643266707 117241.91599835 115219.929552737 118264.813159102 118241.005283211 1416.36935316176 66430.125 40.5
631980 1163.76810465072 -11773.0117527155 -10609.2436480648 117704.253724879 115065.459602408 119504.178202482 118543.123369747 1338.45648890155 66430.125 40.5
631990 1153.77478326378 -11758.6534518774 -10604.8786686136 118411.982351378 115907.237938404 121552.209571905 117776.499543824 352.243026944093 66430.125 40.5
632000 1135.24227916264 -11736.8030276924 -10601.5607485297 119015.132744088 116864.823313503 122973.150084685 117207.424834075 -436.06822229484 66430.125 40.5
632010 1136.2604960297 -11735.0693953611 -10598.8088993314 119028.943015305 117154.810811389 122773.063667659 117158.954566866 -244.739393927507 66430.125 40.5
632020 1148.25632356594 -11744.7034917126 -10596.4471681466 118703.785368499 117473.223804334 121628.857495361 117009.274805802 148.425213258481 66430.125 40.5
632030 1148.35680032634 -11742.8801212776 -10594.5233209512 117994.069309043 117438.43271475 120470.585986435 116073.189225943 331.067588661115 66430.125 40.5
632040 1145.19216011303 -11738.196286153 -10593.00412604 117660.805304248 117823.844480999 119740.073134353 115418.498297393 686.492222042918 66430.125 40.5
632050 1152.51585451545 -11744.3131757274 -10591.797321212 117350.343871123 118031.241201584 118618.556255163 115401.234156623 865.916175005887 66430.125 40.5
632060 1163.09515694565 -11754.0612069733 -10590.9660500276 117282.177806328 118538.436197986 117619.430317207 115688.666903792 451.579976088535 66430.125 40.5
632070 1162.43657254566 -11753.0975374759 -10590.6609649302 117961.30661111 119775.44742286 117792.482948391 116315.989462077 -98.6929011190251 66430.125 40.5
632080 1150.70891612245 -11741.5451592346 -10590.8362431122 118619.367884703 120273.524047484 118028.014907867 117556.564698757 -329.764587677863 66430.125 40.5
632090 1146.04885971757 -11737.3534904961 -10591.3046307786 118801.622152288 119702.775167526 117910.808865555 118791.282423784 -301.474468837868 66430.125 40.5
632100 1150.01424843967 -11741.9965412495 -10591.9822928098 118393.367362695 118786.245676523 117737.028156883 118656.828254679 443.465961435128 66430.125 40.5
632110 1147.42965929159 -11740.3159140827 -10592.8862547912 118323.467873075 117962.493838741 118648.746522371 118359.163258113 1246.31657571026 66430.125 40.5
632120 1145.16689953469 -11739.186813761 -10594.0199142263 118508.82863865 117691.567474595 119649.212789474 118185.705651883 1025.97214511182 66430.125 40.5
632130 1142.90105819819 -11738.233029028 -10595.3319708298 118827.089611324 118124.986304323 120066.227385707 118290.055143941 938.422368027385 66430.125 40.5
632140 1137.42983806339 -11734.1935888597 -10596.7637507963 118937.724156816 118800.577979617 119763.371253326 118249.223237504 1113.63931494662 66430.125 40.5
632150 1139.73660024406 -11737.9930519789 -10598.2564517348 118880.136864061 119065.864011773 118975.90347299 118598.643107419 873.441183548036 66430.125 40.5
632160 1147.88953773595 -11747.7624467556 -10599.8729090196 118861.018055943 119343.910982328 118727.685570662 118511.457614838 661.06456768265 66430.125 40.5
632170 1147.388486879 -11749.1081730813 -10601.7196862023 118729.99103252 119511.543095641 118611.832722984 118066.597278936 725.610630179126 66430.125 40.5
632180 1145.45384252097 -11749.2742273137 -10603.8203847927 118188.563291039 119410.321558407 117911.880104668 117243.488210043 1036.41376108891 66430.125 40.5
632190 1150.97076553177 -11757.1500546255 -10606.1792890937 117754.170732518 119852.315787247 117356.612362946 116053.584047361 1030.93240821969 66430.125 40.5
632200 1154.4541500212 -11763.3291092382 -10608.874959217 117404.864264221 120281.434349054 117435.975603991 114497.182839618 475.432814321571 66430.125 40.5
632210 1150.60528264367 -11762.5361491118 -10611.9308664682 117034.58078953 119905.160140816 117781.195174724 113417.387053052 206.725462014788 66430.125 40.5
632220 1148.92785123635 -11764.2011118415 -10615.2732606051 116659.908324032 119603.629528346 117487.789816262 112888.305627489 139.774401245516 66430.125 40.5
632230 1152.4661264493 -11771.278980847 -10618.8128543977 116493.093089913 119275.221842588 116821.466530964 113382.590896189 -295.113629064367 66430.125 40.5
632240 1162.66625154269 -11785.2719310864 -10622.6056795437 116419.826326718 118496.846844966 116517.56080109 114245.071334098 -1039.0079126115 66430.125 40.5
632250 1163.66015683745 -11790.3785297352 -10626.7183728977 116629.098051196 117993.593020776 116077.683558039 115816.017574774 -1624.06681108478 66430.125 40.5
632260 1142.26744765545 -11773.1927988387 -10630.9253511832 117115.196608206 118162.471874794 115709.871596876 117473.246352948 -1379.01075948963 66430.125 40.5
632270 1125.70996897149 -11760.4406373108 -10634.7306683393 117431.977811492 118755.124447527 115524.308766614 118016.500220336 -999.38276247899 66430.125 40.5
632280 1135.70752775681 -11773.6289338821 -10637.9214061253 117221.617976471 118569.321320902 114687.64811777 118407.884490742 -1442.30671693298 66430.125 40.5
632290 1146.11919477835 -11786.807002997 -10640.6878082186 116934.341792138 117979.579339823 113927.139274383 118896.306762207 -2002.85809719878 66430.125 40.5
632300 1137.10690997775 -11780.2802375181 -10643.1733275404 116989.753360686 118195.531750908 113846.285339299 118927.44299185 -2003.21338983009 66430.125 40.5
632310 1127.40977246911 -11772.7108573378 -10645.3010848687 117202.423667467 118919.206938281 114509.353373989 118178.71069013 -1999.50164055666 66430.125 40.5
632320 1128.46913128943 -11775.4434898629 -10646.9743585734 116773.648505312 119091.004587084 115220.818024321 116009.122904532 -1726.03390194115 66430.125 40.5
632330 1136.54176577258 -11784.8575584034 -10648.3157926309 116192.303714472 118771.619790076 115679.366468583 114125.924884758 -876.992177224575 66430.125 40.5
632340 1133.04347790964 -11782.5004370911 -10649.4569591814 116240.700171746 118132.32184248 116351.026988977 114238.751683781 202.707654277415 66430.125 40.5
632350 1122.73153807993 -11773.1162417405 -10650.3847036605 116542.811268065 117483.289152126 117328.785816658 114816.35883541 1015.25845133993 66430.125 40.5
632360 1120.11858780006 -11771.0844485186 -10650.9658607185 116685.146878627 116952.546947124 118042.798729966 115060.094958793 1206.38730723526 66430.125 40.5
632370 1127.88646978356 -11779.1082451365 -10651.2217753529 116569.243712528 116267.136818216 118352.375188452 115088.219130916 730.246627944314 66430.125 40.5
632380 1128.0979576669 -11779.3525393193 -10651.2545816524 116163.34627153 115736.613022822 119120.025086504 113633.400705265 418.183243551433 66430.125 40.5
632390 1116.9163013977 -11767.9948261813 -10651.0785247836 116388.709215766 115965.784288254 120131.678345703 113068.665013341 579.151206161778 66430.125 40.5
632400 1107.89529981816 -11758.4247959616 -10650.5294961434 116927.975635073 116934.919571464 120187.981665096 113661.025668659 1158.80309503611 66430.125 40.5
632410 1109.4621325922 -11758.9161497752 -10649.454017183 117163.268032603 117704.466190014 119710.291927772 114075.045980023 1535.47350132061 66430.125 40.5
632420 1119.51060704456 -11767.3781157609 -10647.8675087164 117251.17393674 117969.14032744 120019.267373678 113765.114109102 1574.28356401251 66430.125 40.5
632430 1132.79641031017 -11778.7487623956 -10645.9523520854 117124.616117528 117152.482789581 120494.695801275 113726.669761728 1400.83865634588 66430.125 40.5
632440 1136.69901985338 -11780.6310974805 -10643.9320776272 116829.444872429 116272.628194552 119762.744495098 114452.961927637 955.68815477509 66430.125 40.5
632450 1128.18629274638 -11770.0886164437 -10641.9023236973 116920.716683063 115639.332216286 119193.02389303 115929.793939873 507.815638499555 66430.125 40.5
632460 1116.98380459814 -11756.7154092891 -10639.7316046909 117464.062095535 115973.991570753 119216.649353545 117201.545362308 630.108006447085 66430.125 40.5
632470 1116.59047018592 -11753.8244657605 -10637.2339955746 117856.527145368 116987.769057468 118926.633664088 117655.178714549 1121.5339729486 66430.125 40.5
632480 1129.46794828134 -11763.868551253 -10634.4006029716 117616.896718569 117427.389464682 118145.08859085 117278.212100174 1182.03483160356 66430.125 40.5
632490 1142.36734827274 -11773.826014176 -10631.4586659032 117352.533852755 118204.018802164 117382.661798373 116470.920957728 891.020222369027 66430.125 40.5
632500 1145.36620054151 -11774.0532978366 -10628.687097295 117587.234524001 119068.595342606 117126.641549279 116566.46668012 247.319720324424 66430.125 40.5
632510 1139.92696252768 -11766.1342746963 -10626.2073121686 117617.199825963 119000.42776992 117001.286196057 116849.885511912 -287.853159892658 66430.125 40.5
632520 1126.84219212269 -11750.7555857971 -10623.9133936744 118011.260958839 118758.611339079 117966.607430326 117308.564107111 -415.098201686868 66430.125 40.5
632530 1119.43546559 -11741.0272105096 -10621.5917449196 117873.507832543 117645.018901547 119094.298555999 116881.206040084 -591.663466840034 66430.125 40.5
632540 1129.39680267787 -11748.5388419789 -10619.1420393011 117524.498395146 116374.998486719 119613.506030042 116584.990668677 -671.501831053125 66430.125 40.5
632550 1145.71073045533 -11762.4343881615 -10616.7236577061 117905.408542168 116698.449436495 119861.829034895 117155.947155114 -42.4558653916094 66430.125 40.5
632560 1152.41955218078 -11767.0672609697 -10614.6477087889 118585.618308641 117414.354442282 120395.032826485 117947.467657155 1062.97495298565 66430.125 40.5
632570 1139.6839142659 -11752.7069105908 -10613.022996325 119106.271711329 117540.209564642 121142.051016602 118636.554552742 2096.16194924209 66430.125 40.5
632580 1117.2441758702 -11728.8463188188 -10611.6021429486 119308.452540197 117017.716240371 121729.958728201 119177.682652018 2077.71559390897 66430.125 40.5
632590 1110.60336864332 -11720.6207994662 -10610.0174308228 119091.64202998 115830.817808168 122596.80430826 118847.303973511 1252.16723299526 66430.125 40.5
632600 1124.49349801327 -11732.6525645803 -10608.1590665671 119175.316787105 115214.579734506 122998.618551613 119312.752075196 480.143976761843 66430.125 40.5
632610 1139.99405151061 -11746.2482922148 -10606.2542407042 118986.087720599 115348.800565035 121893.718653091 119715.743943672 -73.0815539365015 66430.125 40.5
632620 1147.88404176388 -11752.4881574632 -10604.6041156993 118596.347201052 116231.348039392 120177.902163119 119379.791400646 -731.589164884096 66430.125 40.5
632630 1148.92634593173 -11752.2722281793 -10603.3458822476 118423.290988553 117272.848348188 119010.548181273 118986.476436199 -1219.73697944074 66430.125 40.5
632640 1145.79960415034 -11748.2672319076 -10602.4676277572 118369.971932144 117949.443109106 118237.176357075 118923.296330252 -1037.00726650893 66430.125 40.5
632650 1142.50023285509 -11744.3569786325 -10601.8567457774 118113.0349756 117650.552918758 118224.68515227 118463.866855773 -69.0689770693194 66430.125 40.5
632660 1143.18041021994 -11744.6265088668 -10601.4460986468 118065.322779208 116800.081076046 118613.35760252 118782.529659057 1015.23275908257 66430.125 40.5
632670 1140.10348057186 -11741.2774411706 -10601.1739605988 117831.611658709 115563.63275475 118559.376841532 119371.825379844 1897.80952353383 66430.125 40.5
632680 1138.84035020743 -11739.8348847257 -10600.9945345183 118178.067935739 115366.650472517 119023.370703569 120144.182631133 2157.85633575931 66430.125 40.5
632690 1141.57810521399 -11742.4618836001 -10600.8837783861 118839.4794785 116484.635815746 119976.064986696 120057.737633058 2021.76303546199 66430.125 40.5
632700 1140.13591424517 -11740.9889002291 -10600.8529859839 119061.995669802 117613.807269655 120314.969749656 119257.209990094 1807.08726946079 66430.125 40.5
632710 1131.62831278219 -11732.4941599112 -10600.865847129 119120.330608102 118194.332562286 120362.392686247 118804.266575773 1582.80147258664 66430.125 40.5
632720 1119.37997910016 -11720.1343348926 -10600.7543557925 119353.102079881 118429.157899726 119941.52295351 119688.625386409 1039.19162908131 66430.125 40.5
632730 1117.09566243829 -11717.4333181974 -10600.3376557591 119273.605428552 118194.936750332 119228.900808194 120396.978727132 417.681787771463 66430.125 40.5
632740 1127.20850446836 -11726.803033676 -10599.5945292076 118732.101891685 117743.21191981 117768.893823555 120684.199931689 362.126332148921 66430.125 40.5
632750 1136.58322286931 -11735.2790599336 -10598.6958370643 117915.766802991 117884.973606259 115765.253824406 120097.072978308 543.901760898022 66430.125 40.5
632760 1139.65608703542 -11737.4656561718 -10597.8095691364 117730.018404988 118802.587016132 114948.405549167 119439.062649665 546.480360779991 66430.125 40.5
632770 1143.25025637704 -11740.2797169168 -10597.0294605398 118038.558625998 119112.267394527 115308.705650947 119694.702832521 411.480151506601 66430.125 40.5
632780 1145.33822719051 -11741.7296575899 -10596.3914303993 118556.677944685 118349.766214834 117046.27769042 120273.989928802 310.311832554159 66430.125 40.5
632790 1148.85874701692 -11744.803186408 -10595.9444393911 118680.90195928 117071.019153597 118621.617378449 120350.069345794 563.897659805159 66430.125 40.5
632800 1155.37549063864 -11751.115051082 -10595.7395604434 118397.400976342 116552.307250745 118921.453624137 119718.442054144 1016.4467179834 66430.125 40.5
632810 1167.59823138734 -11763.5387066007 -10595.9404752134 117961.517482006 116943.922435437 117785.02613072 119155.60387986 620.995918848792 66430.125 40.5
632820 1167.60462525417 -11764.3271659738 -10596.7225407197 118100.313003544 118204.681528321 117056.47161058 119039.785871732 -200.525361703432 66430.125 40.5
632830 1152.7525465749 -11750.8217840618 -10598.0692374869 118641.700820971 119290.091875773 117777.476237441 118857.534349699 139.032170768535 66430.125 40.5
632840 1140.41147843209 -11740.1317545735 -10599.7202761414 118898.523512975 119379.888500008 118526.096089478 118789.585949439 746.95911506423 66430.125 40.5
632850 1136.41440553481 -11737.8586166604 -10601.4442111256 118648.327617821 119173.339612787 118298.345462711 118473.297777965 408.883894659016 66430.125 40.5
632860 1137.3471794473 -11740.5088857948 -10603.1617063475 118794.472095317 119312.323378951 118540.669965351 118530.422941648 41.369247833739 66430.125 40.5
632870 1143.84663960791 -11748.7525687342 -10604.9059291263 118478.934577151 118037.973468543 118745.91380603 118652.916456881 376.854880683961 66430.125 40.5
632880 1151.18225231494 -11758.0199946924 -10606.8377423775 118153.218071789 116635.833644421 118661.793640197 119162.02693075 530.06495030794 66430.125 40.5
632890 1142.31410597833 -11751.3377612632 -10609.0236552848 118584.24853823 116211.567996005 118999.059978785 120542.117639901 542.677348018172 66430.125 40.5
632900 1127.44140399018 -11738.7466376498 -10611.3052336596 119119.425348222 116738.56028746 119942.917869162 120676.797888043 788.070151150342 66430.125 40.5
632910 1126.40972751663 -11739.8616759488 -10613.4519484322 118891.24875764 117750.702841213 119775.085630339 119147.957801369 865.487452936871 66430.125 40.5
632920 1135.69088393127 -11751.1638154735 -10615.4729315422 118267.933842574 118976.782814709 118429.81654844 117397.202164572 489.309662140742 66430.125 40.5
632930 1130.62988894721 -11748.0832225003 -10617.4533335531 117641.154784668 119729.584988905 117117.428445629 116076.45091947 393.630814501807 66430.125 40.5
632940 1125.40741945721 -11744.7455890638 -10619.3381696065 117352.543257794 119725.826810604 116871.356749735 115460.446213045 116.031929644714 66430.125 40.5
632950 1140.34978837891 -11761.4979738314 -10621.1481854524 117500.204075554 119751.457927144 117317.85431623 115431.299983289 -645.425866213379 66430.125 40.5
632960 1152.15629660477 -11775.2743494471 -10623.1180528423 117776.516301365 120198.35557857 117526.424285767 115604.769039759 -1544.83177189326 66430.125 40.5
632970 1146.14397660319 -11771.6296221732 -10625.48564557 117491.788604747 120132.768653636 116844.944592247 115497.652568357 -1629.41827426671 66430.125 40.5
632980 1131.85074006586 -11760.0315749445 -10628.1808348786 117233.466108357 119667.212775434 116213.156224568 115820.02932507 -505.865901789006 66430.125 40.5
632990 1126.83241106604 -11757.8680800109 -10631.0356689448 117464.702294519 119272.845704465 116723.767106526 116397.494072567 971.804161549861 66430.125 40.5
633000 1123.74515623849 -11757.7250919371 -10633.9799356986 117462.489789285 118346.564223746 117915.899293005 116125.005851103 1836.2803398989 66430.125 40.5
633010 1114.56500955344 -11751.5371755373 -10636.9721659839 117439.237092033 117783.271917842 118675.154035911 115859.285322347 2271.91858554582 66430.125 40.5
633020 1107.38607287131 -11747.2991220522 -10639.9130491809 117665.168799252 118189.632457578 117806.391962886 116999.481977293 2653.28685378176 66430.125 40.5
633030 1110.05018464078 -11752.7936588802 -10642.7434742394 117965.828071403 118519.303899418 116799.640091505 118578.540223285 2229.67873295166 66430.125 40.5
633040 1123.7862828356 -11769.4182914757 -10645.6320086401 117653.840351954 117641.936978669 116681.926170611 118637.657906581 1023.17992509231 66430.125 40.5
633050 1133.00666810769 -11781.9235789972 -10648.9169108895 117311.767253165 116613.844043787 117422.150874689 117899.30684102 -424.852513717682 66430.125 40.5
633060 1130.58747998423 -11783.5120796131 -10652.9245996288 116663.483955711 115690.50034328 117180.98647558 117118.965048275 -1518.68483334947 66430.125 40.5
633070 1125.22914542935 -11782.9977696875 -10657.7686242582 115997.130328835 115497.100383022 115954.720817987 116539.569785496 -1851.7436865582 66430.125 40.5
633080 1125.93098825404 -11789.3315529078 -10663.4005646538 115935.310337367 116461.777831444 114503.679383291 116840.473797365 -1961.13823131584 66430.125 40.5
633090 1122.86807420784 -11792.4741282834 -10669.6060540755 116704.205326904 118233.906202402 113736.148020125 118142.561758184 -2202.87022859379 66430.125 40.5
633100 1103.57612954744 -11779.3536097958 -10675.7774802484 117186.086733758 119217.588607558 113469.208108802 118871.463484915 -2385.05960678061 66430.125 40.5
633110 1084.92608237213 -11765.9942167433 -10681.0681343712 117065.586348923 119024.290325127 113400.581765137 118771.886956506 -2331.99397995911 66430.125 40.5
633120 1088.88053673593 -11773.8877251661 -10685.0071884301 116560.458684147 117975.977643879 113309.964261973 118395.434146587 -2093.21384676563 66430.125 40.5
633130 1106.46381290603 -11794.1658243046 -10687.7020113986 116007.624335959 116448.637471929 113466.408586502 118107.826949445 -2052.13305542748 66430.125 40.5
633140 1114.09973528493 -11803.6076009138 -10689.5078656288 116131.148179948 116119.038314341 113980.36667238 118294.039553124 -1345.23594327195 66430.125 40.5
633150 1103.48656402093 -11794.0918737534 -10690.6053097325 116107.141882735 116143.374215695 114110.931583848 118067.119848663 -134.572627410199 66430.125 40.5
633160 1096.39040791595 -11787.3435636636 -10690.9531557476 116198.849894119 116330.631174349 114739.446561989 117526.471946018 804.039019588943 66430.125 40.5
633170 1106.93967784226 -11797.5173671 -10690.5776892578 116568.181332704 117251.170660007 115731.446806984 116721.926531119 1549.73399962388 66430.125 40.5
633180 1111.34676686355 -11801.0130463488 -10689.6662794853 116906.29908826 117616.355041478 116511.895335238 116590.646888063 1947.68664424071 66430.125 40.5
633190 1098.46715056935 -11786.7855916469 -10688.3184410776 117243.803140333 117906.33855386 116645.978638692 117179.092228446 1867.70383315087 66430.125 40.5
633200 1095.13012878353 -11781.5687092798 -10686.4385804962 117614.643059573 118780.301938197 115912.027425395 118151.599815126 1226.62036954299 66430.125 40.5
633210 1111.2735033693 -11795.2831688809 -10684.0096655116 117027.094700009 118150.645903008 115169.709221829 117760.928975191 215.815195542886 66430.125 40.5
633220 1125.52138426409 -11806.8352586876 -10681.3138744235 116212.11215205 116589.497416374 115240.165644158 116806.673395618 -750.475816359769 66430.125 40.5
633230 1123.42073693882 -11802.0650817201 -10678.6443447813 115864.646593498 114862.722844867 116391.419423543 116339.797512085 -1239.29562363818 66430.125 40.5
633240 1117.0264298049 -11793.0584686964 -10676.0320388915 116048.40827029 113689.797620057 118002.651236218 116452.775954596 -927.058039082382 66430.125 40.5
633250 1121.87684691436 -11795.2701819741 -10673.3933350597 115983.348053463 113262.974812815 118213.924460929 116473.144886645 -223.392279578392 66430.125 40.5
633260 1136.90796667585 -11807.7218055544 -10670.8138388786 115812.048119775 113019.400434902 118005.115115665 116411.628808758 210.183717080166 66430.125 40.5
633270 1139.57557242217 -11808.0808149043 -10668.5052424821 115704.409899644 112551.880059334 118207.86943366 116353.480205939 242.468339453292 66430.125 40.5
633280 1124.88591465713 -11791.3754014623 -10666.4894868052 116246.115901698 113120.742682175 118994.27975298 116623.325269938 200.990837521398 66430.125 40.5
633290 1117.93412847404 -11782.4691202812 -10664.5349918072 116653.11516063 113896.370695075 119030.501930003 117032.472856812 -79.6721235675569 66430.125 40.5
633300 1126.25523537386 -11788.7442789736 -10662.4890435997 116977.804151363 114694.759236338 118516.962205881 117721.69101187 -36.1328356174739 66430.125 40.5
633310 1131.73753617339 -11792.1674843032 -10660.4299481298 116840.726386358 114736.201665166 117704.979717319 118080.99777659 355.967832565956 66430.125 40.5
633320 1133.39902586462 -11791.8563495362 -10658.4573236715 116474.667272873 114534.554810183 116915.818399148 117973.628609288 765.139569673411 66430.125 40.5
633330 1140.07884728656 -11796.7102372937 -10656.6313900072 116228.744495252 115166.038881807 116079.598862829 117440.59574112 1064.08240450249 66430.125 40.5
633340 1141.55882810814 -11796.5551301029 -10654.9963019948 116286.845044883 115735.03479506 115969.569521294 117155.930818295 950.972974717213 66430.125 40.5
633350 1136.39462693687 -11789.9735924997 -10653.5789655628 116515.046420253 116043.220223519 116343.008808247 117158.910228994 306.814665377909 66430.125 40.5
633360 1122.34089860403 -11774.5744711444 -10652.2335725403 116639.329740483 115939.773389067 116687.649162284 117290.566670099 -212.905743908083 66430.125 40.5
633370 1110.18648305263 -11760.8882189971 -10650.7017359444 117084.778177271 116471.695812084 117343.219945952 117439.418773776 -808.693938471404 66430.125 40.5
633380 1116.45969680377 -11765.2664511402 -10648.8067543365 117250.128058858 117644.975341936 117281.519206961 116823.889627676 -1389.14202344849 66430.125 40.5
633390 1130.27749596694 -11776.8930498293 -10646.6155538624 116893.892213355 118407.190725567 116471.060045723 115803.425868776 -1529.86361558194 66430.125 40.5
633400 1134.39789504815 -11778.7497911585 -10644.3518961104 116918.195534995 118734.989144869 116289.795128897 115729.80233122 -909.704512364843 66430.125 40.5
633410 1134.21351007035 -11776.3785686362 -10642.1650585659 116854.267942165 118176.438630806 116216.795825544 116169.569370144 -165.677706838574 66430.125 40.5
633420 1126.66164444126 -11766.6831277129 -10640.0214832716 117149.965579381 117771.904083839 116722.501989899 116955.490664405 246.893697677528 66430.125 40.5
633430 1117.7679555272 -11755.5824367592 -10637.814481232 117491.230418915 117540.529917734 117682.085557165 117251.075781848 520.809235710065 66430.125 40.5
633440 1113.13432686648 -11748.5125248001 -10635.3781979336 117338.037584257 117115.723671479 118526.048841561 116372.340239732 599.060147531897 66430.125 40.5
633450 1120.17523726358 -11752.8340613685 -10632.6588241049 117056.248405983 117043.137258004 118572.977981143 115552.629978802 508.980501735739 66430.125 40.5
633460 1134.26825996941 -11764.0714711701 -10629.8032112007 116755.466325542 117412.312045006 117729.710139416 115124.376792203 107.415948098603 66430.125 40.5
633470 1137.8653525392 -11764.917161156 -10627.0518086168 116968.151135059 118350.861589589 117038.996556068 115514.595259521 -629.16889488705 66430.125 40.5
633480 1134.64725521904 -11759.1980252355 -10624.5507700165 117230.126216903 119192.06801688 116413.641618315 116084.669015513 -1372.04200175504 66430.125 40.5
633490 1127.96560667733 -11750.1896874423 -10622.224080765 117266.106657064 119856.622950041 115537.181117566 116404.515903586 -1692.63293413365 66430.125 40.5
633500 1128.52655287119 -11748.5027400359 -10619.9761871647 117343.759268509 120544.607705828 115122.081806737 116364.588292961 -1944.55262949399 66430.125 40.5
633510 1136.86177465011 -11754.6621986385 -10617.8004239883 117544.853529102 120338.144243282 115558.383201891 116738.033142134 -1771.94243508522 66430.125 40.5
633520 1144.19576909912 -11760.0254501589 -10615.8296810598 117438.875283544 118887.411646818 116166.399485278 117262.814718536 -1926.04820360314 66430.125 40.5
633530 1138.13860434296 -11752.2935162137 -10614.1549118708 117123.419261587 116676.568128404 117118.323058443 117575.366597915 -1934.86356396798 66430.125 40.5
633540 1124.90950811268 -11737.5702257961 -10612.6607176834 116923.211279014 115374.479613124 118190.03821613 117205.116007788 -1876.33919441968 66430.125 40.5
633550 1124.48070407674 -11735.6064521944 -10611.1257481177 117057.026815852 115497.085109244 119377.712552833 116296.282785479 -1711.62544303845 66430.125 40.5
633560 1137.0482472848 -11746.5849651918 -10609.536717907 117595.361518095 116432.854618135 120443.019209327 115910.210726822 -1039.30275933784 66430.125 40.5
633570 1140.51762617167 -11748.5525874819 -10608.0349613102 118250.178778454 117779.697352933 120279.525990586 116691.312991842 -396.152548841556 66430.125 40.5
633580 1140.71844732725 -11747.4444751691 -10606.7260278419 118912.481556023 119184.343796321 119664.356248608 117888.744623141 -58.2794109423975 66430.125 40.5
633590 1146.83421828474 -11752.4535613313 -10605.6193430466 118897.650488552 119952.609730318 118241.313455962 118499.028279377 -234.821048242319 66430.125 40.5
633600 1150.85754164481 -11755.6355431379 -10604.7780014931 118721.037641167 119601.99248173 117756.443404687 118804.677037083 -649.942351921027 66430.125 40.5
633610 1149.52462985115 -11753.7647469101 -10604.240117059 118227.716854988 118656.920106478 117735.595679639 118290.634778846 -1018.40280575802 66430.125 40.5
633620 1150.76608057446 -11754.7573063713 -10603.9912257969 118433.273555243 118660.566912931 118358.707989668 118280.545763131 -1284.96707915419 66430.125 40.5
633630 1156.06934989171 -11760.1106194826 -10604.0412695909 118952.575458611 118290.673355119 119363.156717758 119203.896302957 -952.807069762954 66430.125 40.5
633640 1157.51525504262 -11761.9754691354 -10604.4602140927 118883.062438887 117490.368329447 119374.984901948 119783.834085266 -389.619143818466 66430.125 40.5
633650 1145.32823256902 -11750.5436269935 -10605.2153944245 118639.664579683 116735.516080807 118997.075455843 120186.4022024 -105.454242676134 66430.125 40.5
633660 1132.40666112255 -11738.4934792805 -10606.086818158 118725.423737235 116344.44405841 119088.815334152 120743.011819142 162.216394728674 66430.125 40.5
633670 1137.07902868275 -11743.9612978231 -10606.8822691403 118688.737328682 116225.514113263 119433.62047429 120407.077398494 90.0748378264446 66430.125 40.5
633680 1153.05252596369 -11760.7534753483 -10607.7009493846 118403.382734901 116093.045528813 119791.470653129 119325.632022762 -90.9351808973037 66430.125 40.5
633690 1153.44874730797 -11762.2315494389 -10608.782802131 117862.288347504 115419.296527038 120060.765710827 118106.802804646 -865.556262945128 66430.125 40.5
633700 1137.09176199885 -11747.1983500206 -10610.1065880217 117715.212670076 116102.993894357 119667.893216846 117374.750899027 -1880.38236352288 66430.125 40.5
633710 1133.54152981134 -11744.9974963148 -10611.4559665035 118196.357165574 118716.175210353 119079.934101301 116792.962185069 -2383.04129682024 66430.125 40.5
633720 1141.07549334313 -11753.8495880402 -10612.774094697 118224.392427356 119986.201844337 118405.397699846 116281.577737885 -2239.60991415316 66430.125 40.5
633730 1135.76856551269 -11749.8821566346 -10614.1135911219 118134.550787869 119723.65474844 117903.027119528 116776.970495638 -1547.76270387707 66430.125 40.5
633740 1128.77723194747 -11744.2116363058 -10615.4344043583 118620.481308869 119632.79358932 118075.079177372 118153.571159914 -542.866038422978 66430.125 40.5
633750 1129.47390043092 -11746.1046442477 -10616.6307438168 118611.79551896 119591.698370995 117752.776642886 118490.911542999 268.602035623691 66430.125 40.5
633760 1133.01048122695 -11750.7211399304 -10617.7106587035 118641.089835293 120151.851156988 117142.889684359 118628.528664532 251.08436104504 66430.125 40.5
633770 1131.23086891953 -11749.9656406838 -10618.7347717643 118208.004121482 120090.76798281 116849.303049401 117683.941332235 31.0600724445604 66430.125 40.5
633780 1119.8722163061 -11739.5311222332 -10619.6589059271 117787.489411858 119485.701903409 117157.944902715 116718.821429448 301.17144083291 66430.125 40.5
633790 1114.19120853009 -11734.493533433 -10620.3023249029 117731.833388539 118787.141571866 117365.52195875 117042.836635001 524.670677092314 66430.125 40.5
633800 1125.52726661084 -11746.1248571178 -10620.597590507 117605.592369697 117968.104331164 116906.487742388 117942.18503554 531.92271918591 66430.125 40.5
633810 1133.2059544358 -11753.8696090403 -10620.6636546045 117605.987407445 117838.098430239 116244.313648282 118735.550143815 136.234890643272 66430.125 40.5
633820 1125.02546219673 -11745.6352608775 -10620.6097986807 117534.288131733 118052.099173668 115896.985184571 118653.780036959 -751.271914577702 66430.125 40.5
633830 1110.08146957193 -11730.3405325851 -10620.2590630131 118157.351981019 119147.611492037 116416.516637241 118907.927813781 -1309.87905492762 66430.125 40.5
633840 1108.65742488467 -11727.935197946 -10619.2777730613 118454.502900206 119409.24670072 116476.318925647 119477.943074251 -1516.47012908605 66430.125 40.5
633850 1118.468258956 -11735.8493503098 -10617.3810913538 118375.244742876 118287.91072274 116562.052609921 120275.770895967 -1493.56100490336 66430.125 40.5
633860 1127.52886140478 -11741.9826546312 -10614.4537932265 118438.073525555 117717.97496859 117066.467507034 120529.778101041 -1073.99754521603 66430.125 40.5
633870 1131.12560678639 -11741.5761578208 -10610.4505510344 118444.044506199 118096.453037008 117360.728317309 119874.95216428 -421.352970340376 66430.125 40.5
633880 1139.00428060206 -11744.4333869831 -10605.4291063811 118152.621249789 118523.693122907 116917.261757817 119016.908868642 -431.989604823846 66430.125 40.5
633890 1155.88369269082 -11755.6034086054 -10599.7197159146 118144.744767133 118875.983830774 116867.298144191 118690.952326434 -677.50410473456 66430.125 40.5
633900 1162.60355257254 -11756.5611126382 -10593.9575600656 118124.169031702 118751.643281775 117028.237737608 118592.626075723 -968.861398365551 66430.125 40.5
633910 1157.5181383771 -11746.2428498938 -10588.7247115167 118172.220506659 118344.21708647 117473.488704237 118698.95572927 -1223.69655272928 66430.125 40.5
633920 1159.05805931767 -11743.2791986891 -10584.2211393715 118278.212517508 118639.165812548 117597.217540375 118598.254199601 -1274.16137259443 66430.125 40.5
633930 1162.79922281788 -11743.2904732837 -10580.4912504659 118374.094774751 118560.542513029 118087.466174901 118474.275636325 -1180.36877805195 66430.125 40.5
633940 1168.05912607599 -11745.6548448305 -10577.5957187545 118420.267276693 117474.810171029 118788.686872284 118997.304786764 -860.624376301421 66430.125 40.5
633950 1171.01474105518 -11746.5866305421 -10575.5718894869 118661.820665423 117272.656749416 118984.552728531 119728.252518322 -398.637466865939 66430.125 40.5
633960 1156.18204845392 -11730.5154552821 -10574.3334068281 118862.316253785 117824.890562166 119117.060561321 119644.997637867 -56.6711371489984 66430.125 40.5
633970 1133.76960459871 -11707.3150438835 -10573.5454392848 119516.171630628 118865.954782495 120052.671057928 119629.889051459 208.875851334034 66430.125 40.5
633980 1127.29466146587 -11700.0940399422 -10572.7993784764 119875.115564375 119372.078563952 120713.490910676 119539.777218497 49.9372388253922 66430.125 40.5
633990 1135.22764093291 -11707.1283634974 -10571.9007225645 119731.291442134 118478.859383302 121157.493019315 119557.521923784 -362.766683864472 66430.125 40.5
634000 1155.97347306038 -11726.9937798623 -10571.0203068019 119074.254230392 117308.363500266 121061.229396468 118853.169794442 8.85075327384876 66430.125 40.5
634010 1175.58422689306 -11746.1145652899 -10570.5303383969 118373.407117817 116439.478354285 120573.105312155 118107.637687011 637.915979230199 66430.125 40.5
634020 1174.17400853323 -11744.9483151644 -10570.7743066312 118377.46399583 115941.368736899 120467.963423153 118723.059827439 1515.15461435073 66430.125 40.5
634030 1159.1687523459 -11730.9085299569 -10571.739777611 118292.215965356 115676.367421914 119854.526862133 119345.753612022 2084.67812629593 66430.125 40.5
634040 1150.62536557534 -11723.7987265603 -10573.1733609849 118103.091744439 115980.812330781 119207.862862545 119120.60003999 1655.37876388639 66430.125 40.5
634050 1151.84130530926 -11726.7556975195 -10574.9143922103 118321.907059645 116690.297524639 119372.706693872 118902.716960423 768.066818644055 66430.125 40.5
634060 1155.29770467628 -11732.2750774952 -10576.9773728189 118841.900480293 117488.936851061 120055.444766768 118981.31982305 -310.201385197468 66430.125 40.5
634070 1158.58561728943 -11738.0386188464 -10579.453001557 119078.826401552 118708.605300976 120122.091916791 118405.78198689 -941.402913387143 66430.125 40.5
634080 1156.59026700953 -11738.9526429623 -10582.3623759528 118888.894079516 119648.480271227 119181.311016281 117836.890951038 -699.094773860504 66430.125 40.5
634090 1156.01528646845 -11741.6868030243 -10585.6715165559 118555.466825539 120147.452637404 117575.779126926 117943.168712288 -12.0710249451188 66430.125 40.5
634100 1155.21367443827 -11744.5289462795 -10589.3152718412 118310.183885176 120278.742638296 116307.04919324 118344.759823992 -15.8624224332694 66430.125 40.5
634110 1150.19973124591 -11743.3618120231 -10593.1620807771 118252.752303571 119957.383001425 116296.273401236 118504.600508053 -483.409115315003 66430.125 40.5
634120 1148.19474363339 -11745.2353102252 -10597.0405665918 118361.993468497 119560.325254062 117511.341089616 118014.314061812 -975.954761616098 66430.125 40.5
634130 1143.21055794158 -11744.0031655223 -10600.7926075807 118372.572878107 119404.207066527 118239.668469711 117473.843098083 -797.591359862017 66430.125 40.5
634140 1133.76411587617 -11737.9631076724 -10604.1989917962 118138.898872882 119035.686027542 118284.350331113 117096.660259989 -80.2066309619491 66430.125 40.5
634150 1133.85550199306 -11740.9928318678 -10607.1373298748 118390.292372333 118896.472430017 118427.947512145 117846.457174837 779.38189926794 66430.125 40.5
634160 1132.67477301504 -11742.2702374801 -10609.595464465 118474.543814464 118723.427885509 118096.315467984 118603.8880899 1341.2390946565 66430.125 40.5
634170 1125.53245168066 -11737.0922885039 -10611.5598368233 118190.877449137 118425.974935653 117747.07599509 118399.581416667 1413.79900249778 66430.125 40.5
634180 1130.3743212316 -11743.4331903932 -10613.0588691616 118114.14462276 117509.505411802 118335.255230657 118497.673225821 1543.37495175934 66430.125 40.5
634190 1141.67719960881 -11755.9245863123 -10614.2473867035 118219.284690191 116276.873927828 119608.491647616 118772.488495128 1448.96757656145 66430.125 40.5
634200 1142.94760653886 -11758.2842946206 -10615.3366880817 118286.301618453 115361.903921822 120768.16707559 118728.833857946 656.017992358873 66430.125 40.5
634210 1136.90094322721 -11753.2766992533 -10616.3757560261 117908.109321604 114996.951237323 120743.130502659 117984.246224831 -555.276345110221 66430.125 40.5
634220 1138.20315918376 -11755.5029878895 -10617.2998287057 117349.385440829 114719.093490527 119454.951581348 117874.111250611 -1351.04466480645 66430.125 40.5
634230 1149.1614650605 -11767.3667253576 -10618.2052602971 117018.396019012 114515.515568605 118284.728341553 118254.944146878 -1929.06744218349 66430.125 40.5
634240 1146.74569859841 -11765.9527102774 -10619.207011679 116824.870104884 114796.116472868 117474.336427158 118204.157414626 -2075.49603214681 66430.125 40.5
634250 1134.52355614762 -11754.8219096834 -10620.2983535358 117527.307001376 116397.269459405 117339.533195007 118845.118349715 -1487.21428504875 66430.125 40.5
634260 1121.82761153843 -11743.0612366732 -10621.2336251348 117978.899101079 117648.296345204 117210.262565962 119078.138392073 -1209.80802394817 66430.125 40.5
634270 1125.53005318769 -11747.3928586126 -10621.8628054249 117922.818291556 118231.635505824 116870.904320185 118665.91504866 -1550.66726812768 66430.125 40.5
634280 1134.40061487538 -11756.6574487979 -10622.2568339225 117591.381481421 118387.127272375 116505.225493639 117881.791678249 -1922.00295797054 66430.125 40.5
634290 1129.68671260211 -11752.2137026386 -10622.5269900365 117399.974705645 118527.036145362 116287.721881919 117385.166089655 -1905.74302509907 66430.125 40.5
634300 1127.82115204379 -11750.4695892705 -10622.6484372267 117077.029222454 118001.558790399 116298.986685774 116930.54219119 -1361.38935503124 66430.125 40.5
634310 1141.63525370673 -11764.2776506118 -10622.6423969051 117014.632543634 117513.119858015 116698.837249512 116831.940523374 -847.059010448899 66430.125 40.5
634320 1149.7190209286 -11772.4184270246 -10622.699406096 117021.925793184 117486.003425842 116763.419566854 116816.354386856 -320.254633705551 66430.125 40.5
634330 1146.98614732753 -11769.9574936044 -10622.9713462768 116830.296258492 116900.501828094 116261.355844978 117329.031102403 298.48751967305 66430.125 40.5
634340 1148.91522012574 -11772.3929762651 -10623.4777561394 116713.230596761 116628.198105657 115983.745631961 117527.748052665 623.174476944417 66430.125 40.5
634350 1145.03075088047 -11769.2496223313 -10624.2188714509 116501.836413151 116625.061113295 115659.373242371 117221.074883788 1120.77654672992 66430.125 40.5
634360 1126.97666084644 -11752.0597106727 -10625.0830498263 116899.791412012 117370.3089949 115461.88797229 117867.177268846 1540.56481632431 66430.125 40.5
634370 1113.8549999029 -11739.6535579412 -10625.7985580383 117812.352416394 119173.235406241 115746.798731425 118517.023111514 1677.0734876696 66430.125 40.5
634380 1109.6761949168 -11735.7641310558 -10626.087936139 118333.572794235 120023.712717075 116095.635834936 118881.369830692 1373.27251169991 66430.125 40.5
634390 1114.72974673962 -11740.5855605056 -10625.855813766 117755.047096608 118655.967009647 116328.177764047 118280.996516131 612.060212327326 66430.125 40.5
634400 1127.35599171126 -11752.5134992515 -10625.1575075403 117154.304726774 116979.969560456 116559.936904505 117923.00771536 -178.632797101588 66430.125 40.5
634410 1140.33095527765 -11764.4918335665 -10624.1608782888 116815.347595976 115746.966975927 117015.066845609 117684.008966393 -375.29610357448 66430.125 40.5
634420 1150.69659519764 -11773.8093337671 -10623.1127385695 117415.715917563 116232.066565001 117999.106320175 118015.974867512 -131.878842635324 66430.125 40.5
634430 1148.81895184994 -11770.9798692628 -10622.1609174129 118092.071054611 117418.216652892 118918.004164831 117939.992346109 -51.3882522611529 66430.125 40.5
634440 1142.63935750508 -11763.9588954476 -10621.3195379425 118557.577265127 118862.045735827 119565.961498678 117244.724560876 -113.546182671313 66430.125 40.5
634450 1136.50342731349 -11756.9597962467 -10620.4563689332 118716.088465549 120478.31757531 119515.576167161 116154.371654177 -246.339714331381 66430.125 40.5
634460 1133.21008571239 -11752.6275558778 -10619.4174701654 118698.319817684 121287.195261573 119476.50215258 115331.2620389 -546.983632817105 66430.125 40.5
634470 1138.21025460474 -11756.3147632982 -10618.1045086935 118025.981361127 120162.879436183 118790.992431525 115124.072215673 -955.098645357983 66430.125 40.5
634480 1143.28140538904 -11759.7993933386 -10616.5179879496 117137.602443082 118849.120894044 117400.391744972 115163.294690231 -857.978522608613 66430.125 40.5
634490 1143.8581844774 -11758.5755020494 -10614.717317572 117067.829196262 119024.353069323 116458.961872479 115720.172646984 -253.399508954076 66430.125 40.5
634500 1140.65251285336 -11753.3482586728 -10612.6957458195 117336.609226898 119125.121883877 116213.785429448 116670.92036737 392.024984399817 66430.125 40.5
634510 1139.25619986601 -11749.6406943746 -10610.3844945086 117059.186353313 118372.290206629 115703.763862646 117101.504990663 939.39909397488 66430.125 40.5
634520 1147.25199947552 -11755.0298987056 -10607.7778992301 117377.248329954 118773.01722678 116035.075371593 117323.652391489 1443.34796491451 66430.125 40.5
634530 1149.65543511117 -11754.6444839106 -10604.9890487995 117304.500282956 119064.795498312 115888.01877179 116960.686578766 1836.38551570078 66430.125 40.5
634540 1143.41461609704 -11745.5325456433 -10602.1179295463 117296.005557695 119454.147162203 115518.000012167 116915.869498716 1593.52760371643 66430.125 40.5
634550 1149.08968566873 -11748.2637569972 -10599.1740713285 117916.863935507 119439.393458749 116980.409350497 117330.788997275 1285.85176976048 66430.125 40.5
634560 1158.09275785959 -11754.3487618469 -10596.2560039873 118603.657376263 118865.000511343 118747.543566004 118198.428051442 748.173078783054 66430.125 40.5
634570 1155.95968330557 -11749.5278415795 -10593.568158274 119085.387237757 118665.499913306 119247.427695347 119343.234104618 -99.120389440279 66430.125 40.5
634580 1150.37248715608 -11741.5335764897 -10591.1610893336 119737.992794816 119331.119085801 119410.45410622 120472.405192428 -743.53383946143 66430.125 40.5
634590 1148.64061407679 -11737.6042347185 -10588.9636206417 119563.58496581 119508.342064143 118997.907686155 120184.505147133 -882.945328134568 66430.125 40.5
634600 1148.36814814657 -11735.311428149 -10586.9432800025 119217.482360901 119397.882243344 118567.863038455 119686.701800904 -23.1174044537652 66430.125 40.5
634610 1144.42179938954 -11729.498991858 -10585.0771924685 119385.53207787 119759.723071606 118484.188466416 119912.684695587 1409.41281083274 66430.125 40.5
634620 1144.69247716433 -11728.014618731 -10583.3221415667 119248.949690941 119638.841975444 117766.138067837 120341.86902954 2237.90924445784 66430.125 40.5
634630 1153.45370292938 -11735.1358230391 -10581.6821201097 119471.337300083 119389.348702301 117947.048295035 121077.614902913 1880.86643028301 66430.125 40.5
634640 1165.92169442439 -11746.2399679087 -10580.3182734843 119549.399666684 119267.134222989 118524.324343053 120856.740434009 1275.76873182817 66430.125 40.5
634650 1175.63000526953 -11755.1078883612 -10579.4778830917 119144.227568903 118789.847985862 118272.327889054 120370.506831794 1309.89076727719 66430.125 40.5
634660 1179.23905698213 -11758.6489060243 -10579.4098490422 119010.075691519 118759.805872199 117857.829570569 120412.59163179 1750.25971518408 66430.125 40.5
634670 1170.52126891434 -11750.7112677972 -10580.1899988829 118678.969239037 118566.357042566 117585.551392613 119884.999281931 1570.9987639664 66430.125 40.5
634680 1158.95290946344 -11740.6617690201 -10581.7088595567 118481.374679375 118396.859765405 117827.034115346 119220.230157372 735.086660767289 66430.125 40.5
634690 1153.95031935685 -11737.749763855 -10583.7994444981 118615.42608856 118437.265081999 118516.993408106 118892.019775575 450.015632389901 66430.125 40.5
634700 1151.86703602454 -11738.2376557223 -10586.3706196978 118676.981941647 118459.327632465 118705.023129177 118866.5950633 683.742202668937 66430.125 40.5
634710 1150.50083639455 -11739.8901116133 -10589.3892752188 118661.731465367 118804.698731367 118539.741094636 118640.754570097 25.6634176848605 66430.125 40.5
634720 1152.20458110504 -11745.057965731 -10592.853384626 118832.396182445 118840.495888125 118880.302724886 118776.389934324 -668.986706307248 66430.125 40.5
634730 1146.11847275503 -11742.8139155304 -10596.6954427754 119013.685280611 118748.899967569 119669.312469602 118622.843404663 -631.511733618699 66430.125 40.5
634740 1135.51662978995 -11736.2204229115 -10600.7037931215 118935.168568309 118504.023984463 120431.589145236 117869.892575229 -222.610543086561 66430.125 40.5
634750 1131.91061412151 -11736.4993368487 -10604.5887227272 118551.150773477 118456.026900109 119865.251587973 117332.173832348 -13.2686563645888 66430.125 40.5
634760 1141.3417009091 -11749.5873602171 -10608.245659308 117900.10921409 117818.357047041 118883.432181823 116998.538413407 -172.060165561229 66430.125 40.5
634770 1150.04437076615 -11761.8088656485 -10611.7644948823 117439.287436277 117278.785690954 117831.360576129 117207.716041747 112.43673817709 66430.125 40.5
634780 1146.34012960658 -11761.5266085352 -10615.1864789286 116981.322755934 116263.693556941 117032.580385906 117647.694324954 859.089770911327 66430.125 40.5
634790 1142.61453018243 -11761.0149362806 -10618.4004060982 116648.737971878 114955.437830114 116781.179987956 118209.596097562 1654.6626090243 66430.125 40.5
634800 1145.83750268038 -11767.1693555455 -10621.3318528651 116190.334816392 114095.934795087 116320.950635638 118154.119018452 1321.26382104878 66430.125 40.5
634810 1147.44462578247 -11771.4716030618 -10624.0269772794 116334.99067003 114800.237122902 116184.465515223 118020.269371966 251.796678039267 66430.125 40.5
634820 1137.14201372155 -11763.600376233 -10626.4583625115 116672.87364825 115969.123104417 116682.941066753 117366.556773579 -257.740554097043 66430.125 40.5
634830 1127.63507095698 -11756.1184818112 -10628.4834108543 116577.384240747 115520.782721902 117013.212725096 117198.157275244 -782.215648901578 66430.125 40.5
634840 1136.37502109936 -11766.4529156728 -10630.0778945734 116602.789023807 115306.243416232 117390.310343328 117111.813311861 -1084.90424325869 66430.125 40.5
634850 1145.2010679509 -11776.6377208016 -10631.4366528507 117056.95131537 116399.637856325 117774.672493056 116996.54359673 -848.943031635078 66430.125 40.5
634860 1138.97823728686 -11771.6871590473 -10632.7089217604 117435.466483117 117369.368532486 117443.688879016 117493.34203785 -552.377709811148 66430.125 40.5
634870 1132.17804336902 -11766.0241907427 -10633.8461473737 117053.341763776 116855.863486902 116429.756198887 117874.405605538 -191.341166615858 66430.125 40.5
634880 1135.1446762139 -11769.9192185273 -10634.7745423134 116892.32481352 116291.175697135 116017.28446997 118368.514273456 335.357801539349 66430.125 40.5
634890 1149.45257033942 -11785.0675526387 -10635.6149822993 116766.907096895 115786.94152539 116243.713915353 118270.065849944 408.347719066529 66430.125 40.5
634900 1155.85644432111 -11792.4779130786 -10636.6214687575 116411.379959507 115338.092375272 116135.942886993 117760.104616256 -143.521381176983 66430.125 40.5
634910 1139.8595022648 -11777.6912309669 -10637.8317287021 116768.704879282 116401.255229202 116343.231514737 117561.627893908 -1021.63022896095 66430.125 40.5
634920 1123.83749587304 -11762.8582826252 -10639.0207867521 117665.07824719 118117.334777038 117145.003148182 117732.89681635 -1141.80224665598 66430.125 40.5
634930 1112.16050952333 -11752.0360488579 -10639.8755393346 117911.00077004 118133.900849195 117305.174360589 118293.927100336 -915.876388183934 66430.125 40.5
634940 1107.5028327205 -11747.714512203 -10640.2116794826 117975.098758616 118512.075669449 116597.742340771 118815.478265627 -581.205798637444 66430.125 40.5
634950 1116.88864655766 -11756.8935725518 -10640.0049259942 117866.659218403 119045.719884505 115528.047931333 119026.209839372 1.77844812034283 66430.125 40.5
634960 1131.30224147815 -11770.7087259199 -10639.4064844417 117148.514175034 118483.623957916 114359.33199077 118602.586576415 742.351199609354 66430.125 40.5
634970 1140.26947201535 -11778.9604303452 -10638.6909583298 116674.168617159 117869.876410841 114734.152962101 117418.476478536 1585.81228291117 66430.125 40.5
634980 1133.42816755793 -11771.4183139558 -10637.9901463978 116609.375848711 117655.33909429 115552.789291704 116619.999160139 2320.3885053654 66430.125 40.5
634990 1125.71937838372 -11762.9321107693 -10637.2127323856 116858.607717491 117701.52126823 115853.537722337 117020.764161908 2257.16257337617 66430.125 40.5
635000 1136.11728644375 -11772.3797649443 -10636.2624785006 117650.931971434 118396.957764239 116649.327668084 117906.51048198 1652.92815702045 66430.125 40.5
