# Fix print output for fix setl_out
571000 1036.68071215554 -11875.7158869306 -10839.035174775 111298.731779313 112922.026179229 111425.897456667 109548.271702043 437.587074433366 66430.125 40.5
571010 1036.91278721656 -11875.9729971318 -10839.0602099152 111087.354306038 112236.234739132 110703.088426505 110322.739752477 521.31346896311 66430.125 40.5
571020 1038.85203165613 -11878.0130582585 -10839.1610266023 111358.046068812 111492.55184926 110867.282500328 111714.303856849 -85.3322244099352 66430.125 40.5
571030 1035.31974695089 -11874.66124823 -10839.3415012792 111682.924200883 111477.939456337 110676.837047956 112893.996098356 -699.31622155733 66430.125 40.5
571040 1035.16607614779 -11874.7230254479 -10839.5569493001 111441.567514248 111381.462992278 110027.148900023 112916.090650444 -753.767963678387 66430.125 40.5
571050 1050.18452482936 -11890.0468713525 -10839.8623465231 111057.204836884 111120.01174282 110003.574948258 112048.027819575 -887.16381237311 66430.125 40.5
571060 1066.26787732612 -11906.813528986 -10840.5456516598 110912.42628788 110716.491026838 110556.386043693 111464.40179311 -1076.84494752579 66430.125 40.5
571070 1060.97035278696 -11902.8653049919 -10841.8949522049 110576.855980454 110100.513426916 110557.409351101 111072.645163344 -789.757576013216 66430.125 40.5
571080 1046.68027880277 -11890.5701735824 -10843.8898947796 110476.039451502 110089.001360049 110690.181195878 110648.93579858 31.2720066378783 66430.125 40.5
571090 1041.46682204227 -11887.8038790675 -10846.3370570253 110760.401062531 110925.685324596 110594.870160514 110760.647702482 296.980252805759 66430.125 40.5
571100 1038.03837629843 -11887.1681347193 -10849.1297584209 110591.493616851 111243.762029504 109545.588375824 110985.130445223 408.38357931122 66430.125 40.5
571110 1028.30623749886 -11880.4708214068 -10852.164583908 110797.293376305 111775.938320145 108839.70790589 111776.233902881 67.8338615978289 66430.125 40.5
571120 1019.91489851421 -11875.1658913362 -10855.250992822 111325.784357053 112623.413379207 108839.140796612 112514.798895341 -609.869131160589 66430.125 40.5
571130 1016.12908729218 -11874.3164421561 -10858.1873548639 111263.730977943 112447.074225469 108887.613171635 112456.505536725 -1195.84883008237 66430.125 40.5
571140 1016.35355301824 -11877.2251851171 -10860.8716320989 110621.354294422 111192.6537413 108404.884636313 112266.524505654 -1142.71386831173 66430.125 40.5
571150 1021.74992757479 -11885.0407318611 -10863.2908042863 110131.623818088 110640.032174907 107663.050255972 112091.789023384 -406.233036618195 66430.125 40.5
571160 1032.34205753708 -11897.9066449839 -10865.5645874468 109934.930932788 111249.057607079 107298.245668329 111257.489522957 -112.014832840541 66430.125 40.5
571170 1035.00808173082 -11902.8463196359 -10867.838237905 109774.216885299 111623.256957005 107629.752442422 110069.641256469 -60.0459916083215 66430.125 40.5
571180 1030.29694940543 -11900.4470634552 -10870.1501140498 109927.957745792 111388.786707646 108536.425522465 109858.661007265 444.811302809681 66430.125 40.5
571190 1028.24906533068 -11900.6704555261 -10872.4213901955 110028.765987109 110413.81816305 109222.476747025 110450.003051253 963.221450848855 66430.125 40.5
571200 1032.20525208233 -11906.8279797652 -10874.6227276829 109919.07124161 109652.333267993 109196.913341065 110907.967115771 1224.46942308672 66430.125 40.5
571210 1036.01293550664 -11912.8376647309 -10876.8247292242 109993.32909115 109955.382343615 108735.492223039 111289.112706796 1593.46042931354 66430.125 40.5
571220 1028.62503746342 -11907.6659745627 -10879.0409370993 109866.099140373 110425.381329543 108299.321278502 110873.594813075 1730.4210103222 66430.125 40.5
571230 1018.2262639046 -11899.3503324278 -10881.1240685232 109789.471570216 110538.348765837 108501.290238932 110328.775705878 1762.40896672224 66430.125 40.5
571240 1021.11520374539 -11904.0461407906 -10882.9309370452 109845.873998278 110309.321368947 109314.36623308 109913.934392806 1306.93390513259 66430.125 40.5
571250 1031.51384133807 -11916.0356520271 -10884.521810689 109708.642980242 110212.447892387 109749.561890353 109163.919157986 124.415588319698 66430.125 40.5
571260 1032.88592484237 -11918.935486889 -10886.0495620466 109764.479561541 110584.952757273 110171.74633296 108536.739594389 -923.188826254941 66430.125 40.5
571270 1026.02423741357 -11913.5765796121 -10887.5523421985 109873.738876847 111181.162233768 110146.938781423 108293.115615351 -1348.25404139065 66430.125 40.5
571280 1015.61414703008 -11904.5123655143 -10888.8982184842 109827.119344737 111583.15391072 109709.461204372 108188.742919117 -1221.27085100992 66430.125 40.5
571290 1009.26125348565 -11899.1700016684 -10889.9087481828 109594.106610519 111323.795216264 109372.747078222 108085.777537071 -696.128450030939 66430.125 40.5
571300 1012.05827594084 -11902.5492889016 -10890.4910129608 109414.282754295 110573.27829594 109394.516957802 108275.053009142 -180.604550262401 66430.125 40.5
571310 1017.59776090359 -11908.2676259295 -10890.6698650259 109353.220287 110208.371655825 109677.56281987 108173.726385306 126.078867272664 66430.125 40.5
571320 1020.87485859604 -11911.3985334508 -10890.5236748548 109412.584541132 110653.674865303 110212.330089657 107371.748668435 566.52939174681 66430.125 40.5
571330 1019.5950013643 -11909.6629969956 -10890.0679956313 109589.197868238 111438.032306986 110625.223957509 106704.337340217 809.009303782806 66430.125 40.5
571340 1019.7238522927 -11908.9548847291 -10889.2310324364 109522.062773138 111653.291742062 110357.471286627 106555.425290724 773.091751238179 66430.125 40.5
571350 1021.3266873107 -11909.2077884557 -10887.881101145 109292.34925239 111017.45851522 110700.055012543 106159.534229407 138.467068404609 66430.125 40.5
571360 1016.33442158654 -11902.1274176473 -10885.7929960607 109400.405170988 110109.876388131 111740.240069716 106351.099055119 -445.83666288791 66430.125 40.5
571370 1012.8568137652 -11895.4307102146 -10882.5738964494 109750.560751886 109461.521888367 112383.315401359 107406.844965933 -478.749804832028 66430.125 40.5
571380 1019.84150921689 -11897.6267571679 -10877.7852479511 110067.121374979 109338.812375455 112419.086415703 108443.465333778 -503.351944965242 66430.125 40.5
571390 1026.41321611903 -11897.7886875464 -10871.3754714273 110286.989067044 109089.097507071 112342.120749895 109429.748944166 -718.107559693631 66430.125 40.5
571400 1021.50101184559 -11885.4920318788 -10863.9910200332 110080.07337108 108435.327694321 111707.712730087 110097.179688832 -752.983729303557 66430.125 40.5
571410 1017.81010157931 -11874.4481338046 -10856.6380322253 110604.02209589 108901.155072281 111633.819075918 111277.09213947 -563.996398529537 66430.125 40.5
571420 1028.47173524036 -11878.6049755342 -10850.1332402938 111313.102290523 110101.655481913 112113.898740404 111723.75264925 -400.968408971705 66430.125 40.5
571430 1041.79814470383 -11886.7243474675 -10844.9262027637 111461.325337567 111019.852421383 112453.222610901 110910.900980418 -14.3357564086763 66430.125 40.5
571440 1048.04079217796 -11889.1255864587 -10841.0847942807 111381.626476973 111718.483248341 112740.32148637 109686.074696207 793.456217003742 66430.125 40.5
571450 1038.46691380493 -11876.7973619979 -10838.330448193 111521.086303828 112096.244618087 113325.514316177 109141.499977219 1383.7455875512 66430.125 40.5
571460 1018.44344560299 -11854.598278715 -10836.154833112 111830.796600229 112851.19069353 113333.958402041 109307.240705115 1346.59657453397 66430.125 40.5
571470 1018.61107249615 -11852.6916344713 -10834.0805619751 111931.833405632 113499.776008388 112351.865366641 109943.858841866 1240.18287745079 66430.125 40.5
571480 1040.91636032283 -11872.8965316095 -10831.9801712867 111927.202256002 113851.163204928 111507.881510889 110422.562052188 1354.415023719 66430.125 40.5
571490 1056.52658442166 -11886.652133283 -10830.1255488613 111745.793673219 113256.525349902 111319.059758153 110661.795911603 1495.77986568543 66430.125 40.5
571500 1050.45254147951 -11879.2179080456 -10828.7653665661 111666.621763481 112547.634856648 111719.597371469 110732.633062324 1432.85457024393 66430.125 40.5
571510 1036.28023911399 -11864.0629306407 -10827.7826915267 111718.614901001 112223.53128544 111507.237074805 111425.076342757 1015.20436827858 66430.125 40.5
571520 1034.87427023343 -11861.7999782312 -10826.9257079978 111845.433203403 112454.107217429 111138.756614252 111943.435778529 513.527828448093 66430.125 40.5
571530 1039.1557036806 -11865.2626219071 -10826.1069182265 111601.605422841 113177.299141832 110852.447207415 110775.069919277 319.980752348715 66430.125 40.5
571540 1037.92054963587 -11863.2921826537 -10825.3716330178 111585.126196009 113703.954864067 111287.322027958 109764.101696002 473.914749503517 66430.125 40.5
571550 1034.33623060249 -11859.0406196251 -10824.7043890226 111805.853859537 114021.304078406 111887.804395543 109508.453104662 467.530672075594 66430.125 40.5
571560 1040.49121776308 -11864.5587636821 -10824.0675459191 111783.532390445 113582.331913455 111725.873942879 110042.391315001 44.919850411917 66430.125 40.5
571570 1055.10490759419 -11878.6844112506 -10823.5795036564 111956.845260848 113034.661384773 111602.371741445 111233.502656327 -492.416509912401 66430.125 40.5
571580 1060.30470128393 -11883.7855004385 -10823.4807991546 111691.297216351 112223.395958167 110870.875932929 111979.619757958 -798.517621943108 66430.125 40.5
571590 1057.44925115937 -11881.3558156688 -10823.9065645094 111387.089690244 112021.428082067 110303.778591725 111836.06239694 -832.835132457038 66430.125 40.5
571600 1054.9944978659 -11879.8498443255 -10824.8553464595 111203.30131022 112528.762454511 110353.458117937 110727.683358213 -376.529211644649 66430.125 40.5
571610 1045.77867803256 -11872.0141161792 -10826.2354381466 110941.307848005 113313.453556341 110307.710466539 109202.759521135 283.376808912315 66430.125 40.5
571620 1036.89590341346 -11864.7872386163 -10827.8913352028 111329.605477503 114265.182350895 110442.16251261 109281.471569005 959.973457851195 66430.125 40.5
571630 1035.95367355372 -11865.6176064892 -10829.6639329354 111617.500296416 114558.129081206 109984.069745443 110310.302062597 1389.36494617921 66430.125 40.5
571640 1040.14822943601 -11871.6894713745 -10831.5412419385 111820.563504673 114286.288327279 109522.300067771 111653.102118969 1532.3248945902 66430.125 40.5
571650 1040.89531608615 -11874.460010735 -10833.5646946489 111771.086101368 113842.24865597 109204.04838198 112266.961266154 1626.8951085659 66430.125 40.5
571660 1041.70157777137 -11877.4682922678 -10835.7667144964 111515.773078117 114027.252933995 108615.157345947 111904.908954407 1428.71403053416 66430.125 40.5
571670 1043.46169782542 -11881.6205392473 -10838.1588414219 111405.055578252 114721.380673485 107905.722360145 111588.063701125 635.526334476997 66430.125 40.5
571680 1042.69899918481 -11883.4472959992 -10840.7482968144 111173.954341464 114770.864698922 107696.249662981 111054.748662488 -87.4438269016346 66430.125 40.5
571690 1037.7158393215 -11881.1934706567 -10843.4776313352 111096.785459375 114967.580416257 108373.361919987 109949.414041882 -527.099461785536 66430.125 40.5
571700 1033.37104797598 -11879.6057604937 -10846.2347125177 111167.046741042 115569.689680652 109403.583303648 108527.867238826 -941.345418725723 66430.125 40.5
571710 1031.71685887964 -11880.6377045393 -10848.9208456596 111005.036576837 115872.90776919 110050.898078648 107091.303882674 -1125.26629780625 66430.125 40.5
571720 1030.41714062048 -11881.8914513213 -10851.4743107008 111022.180818315 115966.491473502 110402.797755446 106697.253225995 -741.496797721598 66430.125 40.5
571730 1031.92978973236 -11885.8175878045 -10853.8877980722 111254.674133663 115703.365871768 110539.787924461 107520.868604761 -767.060981050107 66430.125 40.5
571740 1030.28858732743 -11886.4490023416 -10856.1604150142 111522.869579989 115012.725589059 110851.794363533 108704.088787375 -675.183517820133 66430.125 40.5
571750 1026.33285299963 -11884.5963803442 -10858.2635273445 111827.106450496 114929.411161246 111246.023119248 109305.885070994 -172.068293753809 66430.125 40.5
571760 1024.40973481159 -11884.5475335034 -10860.1377986918 111621.839231258 114748.124481182 110572.037333576 109545.355879016 124.91532335613 66430.125 40.5
571770 1024.79481986066 -11886.5603243816 -10861.765504521 110962.527072104 113693.384863388 110018.694178014 109175.502174909 193.178198514571 66430.125 40.5
571780 1027.86090623793 -11891.0325139663 -10863.1716077283 110631.956827087 113072.18305605 109905.336180157 108918.351245054 25.9531002513027 66430.125 40.5
571790 1033.06625654111 -11897.5051524404 -10864.4388958993 110903.138930561 113506.36702806 109900.101017382 109302.948746243 93.3204348164529 66430.125 40.5
571800 1034.90411764162 -11900.568845914 -10865.6647282724 111081.522648927 113657.479178556 109437.80400391 110149.284764315 38.1207129605411 66430.125 40.5
571810 1031.01488832665 -11897.8909326754 -10866.8760443487 111224.701350536 113833.948196503 109034.47421703 110805.681638076 -122.824579057584 66430.125 40.5
571820 1027.48000125084 -11895.5008943138 -10868.020893063 111112.974049745 113639.744027255 108688.748255577 111010.429866402 -362.591757203733 66430.125 40.5
571830 1025.65129791552 -11894.7068951173 -10869.0555972018 110927.39382196 113353.689644941 108599.361278629 110829.130542311 -800.593807714217 66430.125 40.5
571840 1013.83696998647 -11883.7267570711 -10869.8897870847 111096.537803103 113593.84763073 109027.496755115 110668.269023465 -1104.9084577499 66430.125 40.5
571850 1003.75145352015 -11874.0677207361 -10870.316267216 111056.989437145 113332.433899263 109595.427127799 110243.107284375 -1188.86183382685 66430.125 40.5
571860 1022.29823267217 -11892.5533155407 -10870.2550828685 111073.332572557 113159.142808268 109966.303970841 110094.550938562 -1099.08278180559 66430.125 40.5
571870 1045.992474885 -11915.9600134147 -10869.9675385297 110853.815099472 112672.648116859 109512.697382712 110376.099798845 -755.541472022551 66430.125 40.5
571880 1042.93213008859 -11912.7581720148 -10869.8260419262 110647.829074111 111852.539313324 109614.18004434 110476.767864669 -262.672471845491 66430.125 40.5
571890 1026.71703100156 -11896.5552598645 -10869.838228863 110749.287717006 110818.022645451 110717.483260113 110712.357245455 35.7761798302621 66430.125 40.5
571900 1021.39208511034 -11891.1434063226 -10869.7513212122 110954.546707747 110359.36269492 111817.541800253 110686.735628066 111.149518150269 66430.125 40.5
571910 1022.60718783565 -11892.0314879687 -10869.424300133 111245.562275323 110792.512210307 112136.99713153 110807.177484134 346.270396460337 66430.125 40.5
571920 1013.93045761424 -11882.7103582035 -10868.7799005893 111593.667170191 111351.000268282 111937.736820324 111492.264421966 722.973464089717 66430.125 40.5
571930 1007.6321635463 -11875.3008865772 -10867.6687230309 111821.578343032 111497.023931691 111552.01403603 112415.697061374 929.550731524644 66430.125 40.5
571940 1010.89395688764 -11876.7761427253 -10865.8821858376 111433.505192969 110650.911761738 110662.284092609 112987.319724561 761.737824979294 66430.125 40.5
571950 1024.12055606763 -11887.483080647 -10863.3625245793 110662.171101528 109333.941947683 109445.795455449 113206.775901451 453.319184059261 66430.125 40.5
571960 1040.84422563633 -11901.0982849994 -10860.2540593631 110111.255227145 108400.737766524 109012.629320822 112920.398594089 -303.928990734803 66430.125 40.5
571970 1044.14392475636 -11900.9855414414 -10856.841616685 110386.40046063 108718.27939038 109575.693686581 112865.228304929 -1041.94987070293 66430.125 40.5
571980 1029.97089578261 -11883.2317868634 -10853.2608910808 110783.470576227 109478.985147986 110395.244146015 112476.182434681 -1229.47357734552 66430.125 40.5
571990 1021.95316091157 -11871.3526158231 -10849.3994549115 111336.865913608 110467.22691972 111425.544700223 112117.826120882 -718.802776522109 66430.125 40.5
572000 1033.81899891414 -11878.9889463854 -10845.1699474713 111218.605074945 110297.927260241 111090.919314416 112266.968650179 270.606436083549 66430.125 40.5
572010 1052.58256677311 -11893.4493299996 -10840.8667632265 110908.762310732 110125.375046169 110185.084499337 112415.82738669 659.90112734136 66430.125 40.5
572020 1057.62294561228 -11894.6265629473 -10837.0036173351 110722.935881903 110709.494723886 110362.968412206 111096.344509616 417.445218131045 66430.125 40.5
572030 1046.94930827677 -11880.787276682 -10833.8379684053 110746.774868261 110997.380053006 111541.656766717 109701.287785061 212.034734549268 66430.125 40.5
572040 1033.85756317797 -11865.1056178488 -10831.2480546708 111052.454312877 110929.323547795 113358.490562283 108869.548828553 -177.762792674626 66430.125 40.5
572050 1021.13158076631 -11850.0724693982 -10828.9408886319 111690.617207732 111465.829832377 114285.923363685 109320.098427134 -518.268415751681 66430.125 40.5
572060 1021.4491817951 -11848.1449493445 -10826.6957675494 111852.889621291 112007.9356214 113708.815094616 109841.918147856 -661.875678495408 66430.125 40.5
572070 1042.75580751381 -11867.2943005999 -10824.5384930861 111318.751827309 111546.300994037 112370.428182555 110039.526305335 -1608.86901614688 66430.125 40.5
572080 1063.56108673732 -11886.3599335297 -10822.7988467923 110569.397505893 110017.567825682 111602.462896901 110088.161795097 -1989.4036122471 66430.125 40.5
572090 1060.956316458 -11882.7568487985 -10821.8005323405 110455.91380809 109450.169768344 112065.796880803 109851.774775122 -1623.27194955523 66430.125 40.5
572100 1041.18000010336 -11862.5819168802 -10821.4019167769 110782.028391113 109987.049144632 112331.107032113 110027.928996594 -1866.92922632631 66430.125 40.5
572110 1037.92518483942 -11859.1767058524 -10821.251521013 111129.185980733 110937.666276586 111530.230322474 110919.66134314 -2120.57214979559 66430.125 40.5
572120 1050.18482349734 -11871.4212447245 -10821.2364212271 111319.400055084 111802.2618404 110348.990366472 111806.947958381 -2449.35727229607 66430.125 40.5
572130 1057.47134737405 -11878.9908165453 -10821.5194691713 111195.96171861 112067.134335984 109553.003262213 111967.747557632 -2691.17409028412 66430.125 40.5
572140 1054.01401234666 -11876.2236626108 -10822.2096502641 111172.925190737 111896.154812252 109790.356167458 111832.2645925 -2195.66215650229 66430.125 40.5
572150 1045.30643878159 -11868.5068078865 -10823.2003691049 111180.306459135 111342.073871285 109829.295854946 112369.549651175 -1310.28207509739 66430.125 40.5
572160 1045.16065425123 -11869.5064487598 -10824.3457945086 111492.218102713 112017.889423259 109460.592766342 112998.172118537 -701.000130073787 66430.125 40.5
572170 1052.07167856025 -11877.7193890063 -10825.6477104461 111652.689763831 112751.433543417 109199.914960968 113006.720787107 -739.268814388073 66430.125 40.5
572180 1049.00491715428 -11876.184225796 -10827.1793086417 111526.150147992 112987.412255612 109493.188966184 112097.849222178 -891.767771825983 66430.125 40.5
572190 1035.22369468014 -11864.0613804453 -10828.8376857651 111162.252892356 112375.440078429 110796.237877428 110315.08072121 -745.326739269545 66430.125 40.5
572200 1031.37853115535 -11861.7983464973 -10830.419815342 111147.968282468 112047.406543302 112231.517205258 109164.981098843 -474.917014256141 66430.125 40.5
572210 1038.87210009289 -11870.7542386553 -10831.8821385624 111646.019495163 112666.119193765 113437.735702118 108834.203589605 -404.479683127887 66430.125 40.5
572220 1038.98793636998 -11872.3185061178 -10833.3305697479 111784.68713245 112983.479362541 113833.822151369 108536.759883439 -575.087067694604 66430.125 40.5
572230 1026.48538878697 -11861.2089118152 -10834.7235230283 111895.506294778 112393.499419426 114123.12778357 109169.891681339 125.405124800128 66430.125 40.5
572240 1022.81386314198 -11858.7198968825 -10835.9060337405 112407.829167057 112326.62872996 114726.46097 110170.397801211 1113.75331067614 66430.125 40.5
572250 1032.37659612635 -11869.2238756962 -10836.8472795699 112645.632190525 112600.429125865 114497.016308255 110839.451137456 1325.36453634638 66430.125 40.5
572260 1040.38908792512 -11878.0963558082 -10837.707267883 112340.339494322 112736.39190988 113014.935122246 111269.691450841 897.021213316066 66430.125 40.5
572270 1038.79075750878 -11877.4267112229 -10838.6359537141 112041.680222606 113141.969903775 111643.541026025 111339.529738019 402.890461771294 66430.125 40.5
572280 1031.55772172416 -11871.1504753903 -10839.5927536662 111675.72137156 113307.976254242 110526.386819316 111192.801041121 -167.435791900322 66430.125 40.5
572290 1033.43193652395 -11873.9287664379 -10840.4968299139 111656.417455034 113221.426659037 110309.12783587 111438.697870194 -738.908234911037 66430.125 40.5
572300 1039.16326842157 -11880.5435491044 -10841.3802806828 111999.252902871 112731.109085821 110967.281358425 112299.368264368 -1202.7012912166 66430.125 40.5
572310 1035.7882111037 -11878.0947281814 -10842.3065170777 111857.507105097 111679.554572033 110849.125241675 113043.841501582 -1043.60154294758 66430.125 40.5
572320 1032.48325142793 -11875.7334663032 -10843.2502148753 111805.065415647 110665.989034143 110503.702045908 114245.50516689 -926.06078141094 66430.125 40.5
572330 1033.98432470166 -11878.1539144894 -10844.1695897877 111980.099808964 109954.312122977 110529.044016021 115456.943287892 -971.606863556109 66430.125 40.5
572340 1031.45461503141 -11876.5118815026 -10845.0572664712 111824.95987234 109406.996726963 110617.194957723 115450.687932333 -898.252644591679 66430.125 40.5
572350 1028.41789428834 -11874.3033203732 -10845.8854260849 111562.62302226 109193.412626048 110975.595523869 114518.860916864 -569.881408604997 66430.125 40.5
572360 1032.39752175441 -11879.0196030401 -10846.6220812857 110780.610333135 108747.486672644 110988.763373722 112605.580953039 -346.006817617361 66430.125 40.5
572370 1042.53323747463 -11889.8956105997 -10847.3623731251 109895.219232281 107529.318055377 110742.294003621 111414.045637844 142.542009291594 66430.125 40.5
572380 1046.73903171695 -11895.0215326054 -10848.2825008885 109704.398355262 106888.922441776 110875.96413772 111348.308486289 600.501843400779 66430.125 40.5
572390 1044.0411658501 -11893.5174143224 -10849.4762484723 109753.351783825 106906.456730746 111253.944407072 111099.654213656 736.701465283493 66430.125 40.5
572400 1039.81748269732 -11890.7552776097 -10850.9377949124 109964.700140464 106977.123796154 112024.58389327 110892.392731969 601.10733156226 66430.125 40.5
572410 1031.47997256719 -11884.0601440989 -10852.5801715317 110219.602869788 107602.056516496 111968.032211431 111088.719881436 -322.380917681124 66430.125 40.5
572420 1025.19149530466 -11879.4743546474 -10854.2828593427 110185.32267675 108280.832769051 111117.189866485 111157.945394716 -1647.39286470571 66430.125 40.5
572430 1026.43310826206 -11882.4014904079 -10855.9683821458 109954.324243363 108822.470435056 109691.713360073 111348.78893496 -2608.58504873452 66430.125 40.5
572440 1034.3443202722 -11892.0582830214 -10857.7139627492 110059.60356582 109293.168147918 108930.585068957 111955.057480585 -3306.75403548367 66430.125 40.5
572450 1037.22480848399 -11896.9267979358 -10859.7019894518 110361.353918676 109558.136835279 109152.217354323 112373.707566427 -3703.06980954239 66430.125 40.5
572460 1027.29111376321 -11889.3329048955 -10862.0417911323 110559.380688818 109726.822193402 109526.216975915 112425.102897136 -3163.94861001099 66430.125 40.5
572470 1015.15183147917 -11879.7876120264 -10864.6357805472 110606.993015177 110122.264757148 109878.298980216 111820.415308168 -2169.26942517835 66430.125 40.5
572480 1016.54865387632 -11883.9457715811 -10867.3971177047 110562.461843322 110404.935558414 110455.315291648 110827.134679903 -1553.31227994709 66430.125 40.5
572490 1023.1796956021 -11893.602341617 -10870.4226460149 110481.228803813 109964.449919459 111101.910104433 110377.326387549 -1257.10024694412 66430.125 40.5
572500 1017.38848334873 -11891.2417775063 -10873.8532941575 110262.483616594 109932.730125869 111112.360910705 109742.359813207 -1538.77994793865 66430.125 40.5
572510 1000.45722731373 -11878.030268078 -10877.5730407643 110341.889313682 110089.044056581 111390.151227096 109546.472657367 -1714.26482828232 66430.125 40.5
572520 987.074390346358 -11868.3021910006 -10881.2278006542 110989.662966465 110154.790187223 112451.37166808 110362.827044093 -1245.60767727024 66430.125 40.5
572530 981.768422490136 -11866.2200553368 -10884.4516328467 111238.103145543 110084.68368938 112589.614070844 111040.011676405 -959.914873774402 66430.125 40.5
572540 992.118726944218 -11879.1901669691 -10887.0714400248 111108.465706304 110143.990557157 112213.414165373 110967.992396381 -1163.44627333393 66430.125 40.5
572550 1015.39706544436 -11904.6275270582 -10889.2304616138 110540.616157537 109995.428497441 111221.340141223 110405.079833946 -1462.51572708638 66430.125 40.5
572560 1024.64557153632 -11915.8842382516 -10891.2386667153 110213.000565064 109708.982075371 110535.867642821 110394.151977 -1307.21417779085 66430.125 40.5
572570 1014.94504868593 -11908.1541136683 -10893.2090649823 110148.846359827 109100.075227052 110866.988428761 110479.475423668 -732.60596126772 66430.125 40.5
572580 1006.85048729041 -11901.8627263757 -10895.0122390853 110177.720740271 108771.710574372 111437.373542862 110324.07810358 -112.136189154907 66430.125 40.5
572590 1001.17433359308 -11897.6184576941 -10896.444124101 110263.057394245 108815.347044305 111714.369186259 110259.45595217 413.632571244356 66430.125 40.5
572600 1000.5311939301 -11897.8994610353 -10897.3682671052 110049.817630119 108397.146419667 111626.195232869 110126.111237822 889.675763900472 66430.125 40.5
572610 1007.56210551754 -11905.3095354969 -10897.7474299794 109845.67933562 107855.931840143 111447.075281541 110234.030885176 1274.70505483325 66430.125 40.5
572620 1013.66818455371 -11911.2915300925 -10897.6233455388 109946.873173859 107989.543136418 111204.081525875 110646.994859283 1721.89490538645 66430.125 40.5
572630 1013.43133083231 -11910.4736731969 -10897.0423423646 110310.164524376 109205.826965226 110349.923129759 111374.743478142 1944.29570917827 66430.125 40.5
572640 1005.36390759023 -11901.3005770366 -10895.9366694464 110745.04263523 110786.640130311 109633.458999909 111815.028775472 2034.74828566898 66430.125 40.5
572650 995.732152521651 -11889.8035218871 -10894.0713693654 110772.735436327 111385.276341174 109785.477413913 111147.452553895 1615.5569867315 66430.125 40.5
572660 1002.18818355013 -11893.3991499215 -10891.2109663714 110357.635918324 111256.326183938 110185.048969806 109631.532601226 1067.04453528953 66430.125 40.5
572670 1019.54355570694 -11906.879981261 -10887.336425554 110082.308077512 111268.294566634 110142.786842 108835.842823903 513.772217122558 66430.125 40.5
572680 1027.67741161144 -11910.4584033135 -10882.780991702 109951.964447413 110988.866999684 109401.097784022 109465.928558534 475.948206656342 66430.125 40.5
572690 1021.09509303539 -11899.0402377409 -10877.9451447055 110122.300740503 110418.544154946 108719.201143238 111229.156923325 344.819952724326 66430.125 40.5
572700 1018.09141188638 -11891.1565878908 -10873.0651760044 110324.974643036 109672.472157405 108373.063934559 112929.387837145 -416.313413184273 66430.125 40.5
572710 1021.39048814017 -11889.7056143627 -10868.3151262226 110671.326597014 109215.995318223 108730.825876525 114067.158596295 -681.426751822985 66430.125 40.5
572720 1025.03902292081 -11888.9748991961 -10863.9358762753 111198.566207296 109221.205511886 109478.774436007 114895.718673994 -268.374299861365 66430.125 40.5
572730 1031.85408352682 -11891.965194857 -10860.1111113302 111449.052436638 109339.279401811 109952.897998189 115054.979909916 -175.827755410619 66430.125 40.5
572740 1036.39898052719 -11893.3234602764 -10856.9244797492 111219.714341979 109481.048079461 109591.718957106 114586.375989371 -457.402499509469 66430.125 40.5
572750 1034.3755934225 -11888.7192987062 -10854.3437052837 110809.942207151 110002.703553794 108686.080174919 113741.04289274 -1086.38352381804 66430.125 40.5
572760 1033.79286935916 -11886.0216999851 -10852.228830626 110508.447446591 110570.135197999 108493.613557157 112461.593584617 -1509.49075765243 66430.125 40.5
572770 1036.86576574599 -11887.3103373281 -10850.4445715821 110188.131367217 109988.990878679 109466.63297631 111108.770246663 -1295.28502396509 66430.125 40.5
572780 1039.36887782429 -11888.3168838088 -10848.9480059845 110409.470642426 109976.458014479 110858.14543805 110393.808474748 -985.109629635952 66430.125 40.5
572790 1038.49692607547 -11886.2084928043 -10847.7115667288 111304.430932913 111470.942173255 112291.545835596 110150.804789887 -770.051831912853 66430.125 40.5
572800 1035.99198003838 -11882.6635135643 -10846.6715335259 111634.438424127 112037.830609259 112630.841325665 110234.643337458 -287.176871129241 66430.125 40.5
572810 1038.5905286919 -11884.3414588953 -10845.7509302034 110892.980743937 110776.083032152 111342.510810209 110560.348389449 861.261255036944 66430.125 40.5
572820 1050.34400234119 -11895.3409555989 -10844.9969532577 110149.241981629 109180.497143449 109398.307002162 111868.921799277 1011.63412635824 66430.125 40.5
572830 1058.21740752754 -11902.808896842 -10844.5914893145 110201.839859151 108349.792808003 108545.313038979 113710.41373047 505.855806190492 66430.125 40.5
572840 1049.25012301297 -11893.8939679747 -10844.6438449617 111088.169157153 108904.193082865 108772.006857839 115588.307530755 -218.114446800271 66430.125 40.5
572850 1032.93416271918 -11877.908155092 -10844.9739923728 111541.107918723 109971.609916375 108451.248518516 116200.465321278 -527.4728596002 66430.125 40.5
572860 1029.71137895841 -11875.0499936185 -10845.3386146601 111514.636264554 110569.520727561 108244.559125119 115729.828940984 -237.026033902556 66430.125 40.5
572870 1028.55219344808 -11874.1726101344 -10845.6204166864 111285.383088031 110835.968862307 108533.170798123 114487.009603663 -253.129608693764 66430.125 40.5
572880 1025.76868629001 -11871.5476427221 -10845.778956432 111274.144436664 111221.089079833 109091.17638929 113510.167840868 -277.045370852851 66430.125 40.5
572890 1032.6345495249 -11878.4531868077 -10845.8186372828 111199.334358326 111392.885766126 109656.245063465 112548.872245389 -92.9195460210551 66430.125 40.5
572900 1040.28447583125 -11886.125517688 -10845.8410418567 111567.055095841 112589.496960084 110295.233497159 111816.434830282 -159.038935598897 66430.125 40.5
572910 1037.29901687948 -11883.2577903242 -10845.9587734448 111507.238485041 113892.861602837 110359.025329142 110269.828523143 -632.714595225135 66430.125 40.5
572920 1028.12345383387 -11874.2617102328 -10846.138256399 111676.032550101 114692.136159969 110427.006571738 109908.954918596 -783.246776989908 66430.125 40.5
572930 1024.29427190446 -11870.5259926303 -10846.2317207258 111857.950675202 114227.27582306 110646.978362265 110699.597840281 -642.043877475713 66430.125 40.5
572940 1028.18516952722 -11874.3305304247 -10846.1453608975 111653.64291736 113135.034410162 110517.892777046 111308.001564873 -667.443038552472 66430.125 40.5
572950 1038.32015214068 -11884.2787287792 -10845.9585766385 111605.712546367 111754.510749612 110849.117647353 112213.509242137 -921.128437471863 66430.125 40.5
572960 1040.05745014905 -11885.8892463191 -10845.83179617 111848.784357017 111027.166078956 111486.240188667 113032.946803428 -1302.47408244047 66430.125 40.5
572970 1027.56564309801 -11873.3325523241 -10845.7669092261 112046.131955699 111331.842502531 112188.355420557 112618.197944009 -1455.95002721094 66430.125 40.5
572980 1027.24438390844 -11872.8590117755 -10845.614627867 111931.327887924 112701.314007122 111742.568879021 111350.100777628 -1115.5063131765 66430.125 40.5
572990 1044.52317147349 -11889.8774567377 -10845.3542852643 111823.448304236 113726.899323238 111251.402270808 110492.043318663 -605.56940080131 66430.125 40.5
573000 1060.91983142047 -11906.2060374932 -10845.2862060727 111769.426115252 113724.005594031 111481.605600226 110102.667151498 241.301817040073 66430.125 40.5
573010 1057.3692820902 -11903.1040399505 -10845.7347578603 111950.006584407 113700.215487319 111804.523515372 110345.280750529 827.3900685264 66430.125 40.5
573020 1043.25964351743 -11889.96217161 -10846.7025280926 111967.892118084 113776.723960657 111292.212384214 110834.740009382 650.600872100732 66430.125 40.5
573030 1042.64060158381 -11890.6913502902 -10848.0507487064 111668.253097446 113499.765498838 110391.38409984 111113.609693661 414.372263504017 66430.125 40.5
573040 1040.78166527206 -11890.5166867261 -10849.735021454 111094.561755054 113192.472657001 109201.743038615 110889.469569547 698.219710836911 66430.125 40.5
573050 1031.97483705652 -11883.6958736368 -10851.7210365802 110609.847482165 113108.479333798 108400.395551785 110320.667560911 1209.3145184047 66430.125 40.5
573060 1028.50989734701 -11882.4178783055 -10853.9079809585 110788.935978423 113512.018720033 108261.07200526 110593.717209976 1448.31600336175 66430.125 40.5
573070 1023.5581724465 -11879.7555210059 -10856.1973485594 111078.33644643 114023.908042583 108503.93617402 110707.165122687 1709.27933290203 66430.125 40.5
573080 1010.45507169779 -11868.8841902049 -10858.4291185071 110938.023411229 114223.21411359 108218.940657602 110371.915462495 1698.44008918224 66430.125 40.5
573090 1000.4352164746 -11860.7995531509 -10860.3643366763 110755.376982928 113662.584600422 108086.406738136 110517.139610226 1659.72201624668 66430.125 40.5
573100 998.01090944962 -11859.7864047713 -10861.7754953217 110657.045430081 112854.616289897 108169.015309172 110947.504691174 1809.49621744379 66430.125 40.5
573110 1007.41346097632 -11870.0254592207 -10862.6119982444 110440.822446068 111794.906993387 108272.729345518 111254.8309993 1729.64965470843 66430.125 40.5
573120 1026.32938052287 -11889.3360345762 -10863.0066540533 110317.176710429 111385.378585673 108548.243814875 111017.907730739 1567.21645521984 66430.125 40.5
573130 1043.50188562604 -11906.7979251225 -10863.2960394965 110214.809382049 111422.793349606 108805.591375758 110416.043420785 1338.85080871955 66430.125 40.5
573140 1038.13828858202 -11901.8951615283 -10863.7568729462 110252.23804236 111431.343281498 109113.699439572 110211.671406009 1054.52868366573 66430.125 40.5
573150 1019.74106464599 -11884.0407356995 -10864.2996710535 110409.638425266 111432.498149671 108974.529361286 110821.887764843 728.137164489982 66430.125 40.5
573160 1024.45931109662 -11889.1614313231 -10864.7021202264 110675.870937678 111692.614987922 108825.558686731 111509.43913838 312.4003991013 66430.125 40.5
573170 1038.95223342478 -11903.9331372549 -10864.9809038301 110722.260598591 111958.256553517 108731.656458996 111476.868783259 277.27502029242 66430.125 40.5
573180 1036.10616834551 -11901.4446744692 -10865.3385061237 110423.104732319 111353.134677574 109058.221396619 110857.958122765 776.003195863599 66430.125 40.5
573190 1025.14188096605 -11890.9132652933 -10865.7713843272 110358.860255846 110846.014548989 109564.12511196 110666.441106589 1290.01678551153 66430.125 40.5
573200 1024.6037096398 -11890.7256927792 -10866.1219831394 110772.745274263 111170.475171648 109716.836519498 111430.924131642 1598.51117776153 66430.125 40.5
573210 1027.45786387835 -11893.7978591693 -10866.339995291 111187.250922986 111856.162401313 109725.629511904 111979.960855742 1832.10423604667 66430.125 40.5
573220 1021.94162961947 -11888.3520201468 -10866.4103905273 111028.80274197 111868.380196059 110000.53207531 111217.49595454 2334.77819883475 66430.125 40.5
573230 1019.62244686775 -11885.8832141412 -10866.2607672735 111039.143165061 111844.071632881 111070.820944108 110202.536918195 2641.44463057949 66430.125 40.5
573240 1023.86339061073 -11889.67099381 -10865.8076031992 111016.865505999 111343.625044751 112238.835748975 109468.135724272 2350.5721436464 66430.125 40.5
573250 1028.50580901989 -11893.5757647744 -10865.0699557545 110808.060619642 111047.44827386 112536.418254983 108840.315330083 1953.97788429055 66430.125 40.5
573260 1026.40472115569 -11890.5103023824 -10864.1055812267 110831.727625326 111672.189331617 112063.008326692 108759.985217669 1656.62643936668 66430.125 40.5
573270 1014.84781301681 -11877.6700440543 -10862.8222310375 110662.057918366 112390.567409111 110814.185308737 108781.421037251 1507.55810674126 66430.125 40.5
573280 1016.19782095069 -11877.2339268563 -10861.0361059056 110652.490632809 113354.980354512 109471.995976503 109130.495567413 1055.86207825626 66430.125 40.5
573290 1032.14038574156 -11890.8587148742 -10858.7183291327 111050.662471579 114324.336823824 108820.45704217 110007.193548742 608.949710620714 66430.125 40.5
573300 1033.81370156653 -11889.8690839891 -10856.0553824225 111066.482502351 114030.338428033 109331.284654134 109837.824424887 645.116297263872 66430.125 40.5
573310 1031.232314599 -11884.4201404122 -10853.1878258132 110916.457216772 113107.062118577 110486.05003608 109156.25949566 1206.93878611044 66430.125 40.5
573320 1041.02721939455 -11891.1902063469 -10850.1629869523 110880.238900697 112128.159591303 112012.798094654 108499.759016134 1594.01868228709 66430.125 40.5
573330 1044.81725464153 -11891.9379540998 -10847.1206994582 110825.734858546 111403.495405632 113214.171474988 107859.537695017 1532.24721094649 66430.125 40.5
573340 1044.02332062394 -11888.2677849171 -10844.2444642932 110770.507538653 111398.279463718 113104.681961316 107808.561190926 1113.50888819137 66430.125 40.5
573350 1046.89267618574 -11888.4823416698 -10841.5896654841 111116.234185475 112264.758959401 112754.369804602 108329.573792423 553.21193358599 66430.125 40.5
573360 1044.19904219911 -11883.3928738688 -10839.1938316697 111590.475598674 113928.012076627 112283.494783964 108559.91993543 104.466582624498 66430.125 40.5
573370 1033.83847357966 -11870.8692930017 -10837.0308194221 112151.829542568 115094.155318533 111764.324057554 109597.009251616 -44.3742316818669 66430.125 40.5
573380 1027.05796947919 -11861.9811460769 -10834.9231765977 112320.087297244 114590.543887178 111810.388581738 110559.329422817 -203.447612099437 66430.125 40.5
573390 1034.99752487392 -11867.7553718739 -10832.7578469999 111987.539195361 112885.564850621 112252.448042078 110824.604693383 -131.301282462192 66430.125 40.5
573400 1048.80000906236 -11879.4495973472 -10830.6495882849 111564.061478202 111417.371092644 112432.19950757 110842.613834393 441.052776076298 66430.125 40.5
573410 1050.83175568767 -11879.6685652338 -10828.8368095461 111502.988964112 110833.509761787 112774.78012537 110900.677005178 1368.3336286963 66430.125 40.5
573420 1042.48949105463 -11869.8605119458 -10827.3710208912 111569.319440482 110614.194227319 112990.445350271 111103.318743854 1607.35813195048 66430.125 40.5
573430 1045.12842262989 -11871.2762894686 -10826.1478668388 111382.454693489 110870.909001436 112385.051849242 110891.403229788 1249.01881349319 66430.125 40.5
573440 1054.94046745898 -11880.1238165043 -10825.1833490453 111574.459527325 111820.851742484 112038.087439069 110864.439400421 786.637752263694 66430.125 40.5
573450 1052.78754344485 -11877.3980749949 -10824.61053155 111658.871355942 112079.945021127 112051.458158283 110845.210888416 577.982207805202 66430.125 40.5
573460 1042.3412809921 -11866.7342987753 -10824.3930177832 111709.539078073 112015.167788135 112011.641530186 111101.807915898 424.909609898106 66430.125 40.5
573470 1042.85691515362 -11867.2428798299 -10824.3859646762 111765.529781548 111778.476768601 111595.442486956 111922.670089086 257.258504611084 66430.125 40.5
573480 1055.7181939551 -11880.3172545175 -10824.5990605624 111463.733946847 111616.781850545 110904.377576869 111870.042413128 -129.0932505867 66430.125 40.5
573490 1064.61168103354 -11889.8804931473 -10825.2688121137 111584.560073752 112669.697975204 110585.102566371 111498.879679681 -215.154066384996 66430.125 40.5
573500 1060.62254229139 -11887.2130080263 -10826.5904657349 111654.066893973 113057.071085772 110513.838349238 111391.291246909 -37.6127351217796 66430.125 40.5
573510 1048.7355650613 -11877.268160576 -10828.5325955147 111758.880600943 113094.910275128 110884.928554292 111296.802973408 346.857319825699 66430.125 40.5
573520 1036.07769098287 -11866.9676973625 -10830.8900063797 111921.555991632 113319.553595864 111175.404584675 111269.709794356 972.706844428654 66430.125 40.5
573530 1031.84524920304 -11865.2900037338 -10833.4447545307 112027.06783716 113741.437108526 111134.5386862 111205.227716753 1392.20155689817 66430.125 40.5
573540 1044.364822704 -11880.5502702887 -10836.1854475847 111886.781190194 113642.054275101 110807.85266451 111210.436630973 1639.54541394966 66430.125 40.5
573550 1058.57128507673 -11897.9449943669 -10839.3737092901 111944.354528798 113298.493145361 110852.695069473 111681.875371559 1758.24900547921 66430.125 40.5
573560 1045.25884374729 -11888.4027832357 -10843.1439394884 111945.345882914 112493.639901279 110778.337067556 112564.060679906 2195.96077692673 66430.125 40.5
573570 1015.38948075651 -11862.4792262581 -10847.0897455016 112037.89301573 111954.537364244 110613.187337819 113545.954345125 1940.77265543659 66430.125 40.5
573580 1004.90787126847 -11855.5233898456 -10850.6155185772 112384.982360843 111903.958452558 110998.268278171 114252.720351801 1180.77018972281 66430.125 40.5
573590 1013.72194414563 -11867.2238842522 -10853.5019401066 112545.750936971 111732.531349778 111674.618804744 114230.10265639 405.735317691711 66430.125 40.5
573600 1019.3921681025 -11875.2196298034 -10855.8274617009 112338.80491526 110969.498729948 112214.103170894 113832.812844938 321.811972947888 66430.125 40.5
573610 1022.2586180916 -11879.964564528 -10857.7059464364 112115.726994843 110504.64919617 112471.517007184 113371.014781175 842.90646993338 66430.125 40.5
573620 1023.33883634227 -11882.5471138178 -10859.2082774755 111871.256120491 111004.251014176 111814.725249247 112794.792098051 1238.69598189332 66430.125 40.5
573630 1020.07914043813 -11880.4211278205 -10860.3419873823 111689.86137124 111476.561542467 110719.729845083 112873.292726172 1692.58923361905 66430.125 40.5
573640 1022.11646790482 -11883.2331274771 -10861.1166595723 111538.59007502 111768.493083227 109422.226762643 113425.050379191 2151.24286348004 66430.125 40.5
573650 1025.58532450455 -11887.1776165316 -10861.592292027 111602.102094331 112884.745774808 108725.789459728 113195.771048458 2042.49580169222 66430.125 40.5
573660 1024.94732041177 -11886.7819807791 -10861.8346603673 111587.536063946 113699.068825845 108920.224613194 112143.314752797 1449.43249193007 66430.125 40.5
573670 1030.08137814487 -11891.9766857798 -10861.8953076349 111424.941789249 113394.777687171 109581.685754126 111298.361926449 1026.81716404713 66430.125 40.5
573680 1041.60547124221 -11903.5137373536 -10861.9082661114 110910.705587823 112078.983590069 109710.95275649 110942.180416911 919.729550527965 66430.125 40.5
573690 1043.5371225723 -11905.5742885263 -10862.037165954 110149.722046755 110817.103362564 109182.673303369 110449.389474333 545.532050280865 66430.125 40.5
573700 1035.33383450116 -11897.6373391646 -10862.3035046634 109892.331462299 110206.680814112 109464.955534219 110005.358038568 395.773661063989 66430.125 40.5
573710 1025.20309728905 -11887.7583141869 -10862.5552168978 110139.966102043 110167.223012737 109900.468160895 110352.207132497 144.20675525604 66430.125 40.5
573720 1016.20670544009 -11878.8105615463 -10862.6038561062 110473.261545762 110416.487123179 110415.842705731 110587.454808376 -197.128453367561 66430.125 40.5
573730 1016.08971351933 -11878.4282384261 -10862.3385249067 110426.570536901 110908.079926729 109884.437226047 110487.194457927 134.000113945171 66430.125 40.5
573740 1025.83080618476 -11887.652953585 -10861.8221474002 110482.843842066 111727.232753053 109519.021149626 110202.277623518 751.06294526799 66430.125 40.5
573750 1028.36578264611 -11889.5688750939 -10861.2030924478 110624.243848213 112305.38604623 109887.966955118 109679.378543289 1489.47193053614 66430.125 40.5
573760 1024.44152921129 -11884.9891695837 -10860.5476403724 110779.03614273 112273.763297376 110853.881585069 109209.463545744 2167.80731752632 66430.125 40.5
573770 1024.87393915024 -11884.6919490834 -10859.8180099332 110939.169239302 111748.51815895 112016.379526956 109052.610031999 2342.63640791362 66430.125 40.5
573780 1026.80975096997 -11885.825052476 -10859.015301506 111052.594068049 111634.355821547 112767.863716496 108755.562666104 2520.74014855945 66430.125 40.5
573790 1022.00235476682 -11880.1338750075 -10858.1315202407 111444.970316175 111909.566372603 113252.286824991 109173.057750932 2851.23335057052 66430.125 40.5
573800 1022.58943111753 -11879.7172058321 -10857.1277747146 111941.387128993 112591.393224351 112821.376164343 110411.391998287 3016.0039089424 66430.125 40.5
573810 1036.1360457956 -11892.167911396 -10856.0318656004 111986.812012316 112658.273565218 111990.843844165 111311.318627565 2639.27910410774 66430.125 40.5
573820 1046.82183169725 -11901.8705926762 -10855.0487609789 111580.821553942 112396.922925596 111444.871761358 110900.669974872 1458.91812724499 66430.125 40.5
573830 1039.33642335207 -11893.6811129978 -10854.3446896457 111346.970345472 112543.898455846 111193.712594035 110303.299986534 801.275240936352 66430.125 40.5
573840 1017.80266314122 -11871.5614137885 -10853.7587506473 111466.51469069 113158.066780613 111275.699059408 109965.77823205 911.912626203519 66430.125 40.5
573850 1005.89590322366 -11858.8229989773 -10852.9270957536 111388.573181335 113725.24996315 110805.281618333 109635.187962521 1073.40992160634 66430.125 40.5
573860 1018.63687420494 -11870.302973476 -10851.6660992711 111313.149698905 114042.960291072 110394.235200414 109502.253605229 924.705335285647 66430.125 40.5
573870 1038.57466594916 -11888.7203836946 -10850.1457177454 111048.88634404 113489.688817308 110304.859691547 109352.110523266 380.164367649286 66430.125 40.5
573880 1046.04623156832 -11894.7715528774 -10848.7253213091 110809.77288417 112238.795025905 110891.790963592 109298.732663013 -172.189758251222 66430.125 40.5
573890 1039.15890118566 -11886.7163124036 -10847.5574112179 110699.446868016 111402.592710291 111358.489964967 109337.257928791 -443.540420907716 66430.125 40.5
573900 1028.61871417873 -11875.1579947845 -10846.5392806057 110718.01741527 111264.926079069 111260.302041422 109628.824125319 -786.766400954934 66430.125 40.5
573910 1020.49876037868 -11865.9528024063 -10845.4540420276 111066.123178007 111469.315062543 111677.933577048 110051.120894429 -960.290938999794 66430.125 40.5
573920 1021.34679978774 -11865.4930527068 -10844.1462529191 111348.645507897 111294.021588394 112532.007918042 110219.907017256 -798.639291127803 66430.125 40.5
573930 1034.32035904495 -11876.9491603259 -10842.628801281 111249.897346119 111109.935598569 113279.395339372 109360.361100415 -151.532340796936 66430.125 40.5
573940 1049.08742192192 -11890.216723799 -10841.1293018771 111194.521216212 111095.89981144 113397.885672702 109089.778164492 344.098057128429 66430.125 40.5
573950 1045.18273331911 -11885.0547878244 -10839.8720545053 111452.943497788 111281.997317323 112940.281911275 110136.551264766 401.569593052743 66430.125 40.5
573960 1035.58744999133 -11874.4386206879 -10838.8511706966 111883.602041205 111342.735821578 112242.546656616 112065.523645421 232.137784383519 66430.125 40.5
573970 1037.00000440049 -11874.8936187133 -10837.8936143128 111957.165006084 111283.899204401 111865.930907649 112721.664906201 394.398960909277 66430.125 40.5
573980 1048.18784799223 -11885.1972735141 -10837.0094255219 112162.947985062 111322.066870478 112477.868364215 112688.908720492 554.014293556204 66430.125 40.5
573990 1055.25122411911 -11891.6225419706 -10836.3713178515 112176.364098109 111123.101073588 113376.649576355 112029.341644384 312.864035838099 66430.125 40.5
574000 1055.92648274996 -11892.0624311086 -10836.1359483587 111923.803750298 110620.248726443 113547.972550783 111603.189973669 343.829982186558 66430.125 40.5
574010 1054.45114497159 -11890.8079144017 -10836.3567694301 111579.24984855 110625.526806994 112723.691701489 111388.531037166 579.611714327263 66430.125 40.5
574020 1050.2343714379 -11887.2544889015 -10837.0201174636 111344.704367183 111461.494737875 111663.496405575 110909.121958101 437.875236722955 66430.125 40.5
574030 1044.61066712852 -11882.7067718562 -10838.0961047277 111297.002254988 112236.250782895 110860.819235693 110793.936746375 -212.13963704547 66430.125 40.5
574040 1037.50656431925 -11877.0293546075 -10839.5227902882 111340.981635598 112920.764389437 110658.07400845 110444.106508906 -953.175888222664 66430.125 40.5
574050 1033.02628672174 -11874.2671361286 -10841.2408494068 111244.560582513 113285.907763536 110545.264895631 109902.509088374 -1524.77238567448 66430.125 40.5
574060 1032.00617913959 -11875.2517307612 -10843.2455516216 111477.714440498 113630.839354159 110766.640813965 110035.663153371 -1387.46748323136 66430.125 40.5
574070 1031.62338472797 -11877.225604603 -10845.6022198751 111816.145803589 113875.183851066 110775.807159506 110797.446400196 -871.238964496824 66430.125 40.5
574080 1028.82107161739 -11877.2210977496 -10848.4000261323 111832.850042944 113650.983258366 110775.944908367 111071.6219621 -321.070490867196 66430.125 40.5
574090 1021.59430728141 -11873.2386097872 -10851.6443025058 111716.374340578 112999.733780395 110764.261819645 111385.127421695 -183.250261200008 66430.125 40.5
574100 1018.46844821938 -11873.7296346974 -10855.261186478 111374.924427197 112457.981791081 110180.704719749 111486.086770761 -314.134304595195 66430.125 40.5
574110 1020.81495595581 -11880.001872964 -10859.1869170082 111297.819313054 112236.351354371 109983.657952047 111673.448632744 -678.78549193831 66430.125 40.5
574120 1019.82109700196 -11883.164182832 -10863.34308583 110952.324075694 111525.263922029 109802.697130618 111529.011174436 -545.895780846944 66430.125 40.5
574130 1017.88566987995 -11885.4514839771 -10867.5658140971 110769.744806452 110765.414906135 110260.735204918 111283.084308304 -424.637277175631 66430.125 40.5
574140 1022.32260453359 -11894.0075611017 -10871.6849565681 110690.899398515 110520.638488839 110551.433734056 111000.625972649 -673.97047785359 66430.125 40.5
574150 1027.79326856129 -11903.42411577 -10875.6308472087 110498.981119193 110212.900814091 110763.358219767 110520.684323721 -639.327181980024 66430.125 40.5
574160 1025.6544609726 -11904.9813545059 -10879.3268935333 110702.126492509 109708.520271196 111511.418228014 110886.440978318 -317.916989110779 66430.125 40.5
574170 1019.27246683022 -11901.9102110653 -10882.6377442351 110614.621631489 108948.689728724 111711.155587489 111184.019578255 -191.86720877429 66430.125 40.5
574180 1010.92252557394 -11896.2985114543 -10885.3759858803 110480.91942525 108335.536602651 111698.081627257 111409.140045841 -374.719457479088 66430.125 40.5
574190 1004.7623334542 -11892.1892350238 -10887.4269015696 110732.672000891 108539.027138048 111720.722560892 111938.266303733 -327.813808528363 66430.125 40.5
574200 1000.33186014724 -11889.0461032145 -10888.7142430672 110791.911441954 109432.670027823 111496.6860742 111446.37822384 12.3981816379715 66430.125 40.5
574210 1007.67513482643 -11896.9668861524 -10889.291751326 110544.183692285 109581.284190537 111124.007197635 110927.259688683 -60.9790107097533 66430.125 40.5
574220 1019.1970663418 -11908.5396854198 -10889.342619078 109932.5903986 109060.331335807 110151.713088516 110585.726771478 -675.550278399099 66430.125 40.5
574230 1021.51239819218 -11910.6071747218 -10889.0947765296 109855.016460505 109118.659769847 110091.912630162 110354.476981507 -1060.75710160458 66430.125 40.5
574240 1010.23839755785 -11898.8423897494 -10888.6039921916 110172.354706096 108983.50481566 111487.968787891 110045.590514736 -735.473849254386 66430.125 40.5
574250 999.24886984187 -11886.9508035379 -10887.701933696 110477.170282309 109052.516779561 112837.50531455 109541.488752817 -480.266724995791 66430.125 40.5
574260 1010.79770461394 -11897.0937001265 -10886.2959955125 110309.416023246 108983.964903803 112958.779807883 108985.503358051 -330.529856811071 66430.125 40.5
574270 1027.94735200306 -11912.4892454236 -10884.5418934205 110334.333782143 109061.758696942 112352.31252914 109588.930120348 118.66121441889 66430.125 40.5
574280 1033.47692045647 -11916.245360185 -10882.7684397286 110204.473537365 108693.336090862 111362.160101898 110557.924419335 619.36768483725 66430.125 40.5
574290 1025.75101472734 -11906.8529419189 -10881.1019271916 110335.8442984 109467.148163488 109868.430524373 111671.954207341 441.735704610894 66430.125 40.5
574300 1019.04861583839 -11898.4906900504 -10879.442074212 110686.293544288 110835.71966478 108972.388680848 112250.772287235 60.934325264154 66430.125 40.5
574310 1019.16455479565 -11896.8421692954 -10877.6776144998 111096.804711166 111949.027066154 108663.146470769 112678.240596575 94.0681226133795 66430.125 40.5
574320 1015.06838581472 -11890.8513792771 -10875.7829934624 111033.689248609 112269.617411596 108004.007491444 112827.442842787 -56.2546512693309 66430.125 40.5
574330 1007.88262637054 -11881.5980927078 -10873.7154663373 111049.174536975 112099.171590444 108412.27572615 112636.076294331 -24.1932137013631 66430.125 40.5
574340 1014.98042882422 -11886.4102681659 -10871.4298393417 110913.677113402 111215.955156042 109243.976820394 112281.099363771 100.974605329011 66430.125 40.5
574350 1032.64199852276 -11901.7152386682 -10869.0732401454 111220.941765611 111210.508024899 109916.427297785 112535.889974148 641.113017244204 66430.125 40.5
574360 1035.70503284565 -11902.6285605447 -10866.9235276991 111197.695704357 110915.141338015 110009.937114762 112668.008660296 1193.34129981954 66430.125 40.5
574370 1027.71493832976 -11892.7980254631 -10865.0830871333 111224.523246704 110492.453221029 110751.803945023 112429.312574061 1275.5110439736 66430.125 40.5
574380 1024.26523999877 -11887.6784476986 -10863.4132076998 111531.354477695 110773.284363016 111634.868978979 112185.910091091 1160.50855279781 66430.125 40.5
574390 1026.1634988788 -11887.9861964422 -10861.8226975634 111536.199787942 110794.583811584 112065.648457485 111748.367094755 399.862979725286 66430.125 40.5
574400 1025.55554552626 -11885.8472594408 -10860.2917139145 111146.48494386 110308.231401063 111823.580079526 111307.64335099 34.4569206962 66430.125 40.5
574410 1029.2816443292 -11888.1119906151 -10858.8303462859 110792.942850286 109972.852827097 111538.39631312 110867.57941064 -143.202313478449 66430.125 40.5
574420 1038.12889686852 -11895.6164546402 -10857.4875577716 110957.908983138 110312.555539184 111936.577065857 110624.594344373 294.059817827775 66430.125 40.5
574430 1037.91320791021 -11894.2801430802 -10856.36693517 111347.384992904 110892.435209109 112394.155075402 110755.564694201 1032.03972058315 66430.125 40.5
574440 1028.10493989541 -11883.5246368025 -10855.4196969071 111365.482253832 110931.399441783 112370.500703802 110794.546615912 1225.96660494453 66430.125 40.5
574450 1026.81054464259 -11881.3118289699 -10854.5012843274 111036.869489706 111184.724468379 112068.228802762 109857.655197975 817.445240523312 66430.125 40.5
574460 1031.4652715854 -11885.0139823964 -10853.548710811 111035.074578728 112213.537992272 111794.267432921 109097.418310993 388.281404765056 66430.125 40.5
574470 1031.74060502404 -11884.3558137833 -10852.6152087593 111188.596397045 113338.16990407 111543.22583199 108684.393455075 290.855730962696 66430.125 40.5
574480 1027.0611041839 -11878.7485027606 -10851.6873985767 111287.752715299 113771.333121587 111441.734416465 108650.190607846 86.2384076114944 66430.125 40.5
574490 1032.44648367215 -11883.172359945 -10850.7258762729 111147.487857603 113344.056223133 111369.826073967 108728.581275709 -394.85248954002 66430.125 40.5
574500 1040.20113115152 -11890.0012233455 -10849.800092194 111097.343091071 112531.40088704 111478.746299391 109281.882086784 -495.015852764291 66430.125 40.5
574510 1030.27775242062 -11879.2718934038 -10848.9941409831 111224.793755978 112422.146452653 111396.067541173 109856.167274106 -663.897667235294 66430.125 40.5
574520 1010.9669495919 -11859.088985525 -10848.1220359331 111300.433688872 112431.250781486 111190.844088889 110279.206196241 -649.409257824338 66430.125 40.5
574530 1013.67397299622 -11860.594031485 -10846.9200584888 111156.647897807 112255.614499624 110890.755141377 110323.574052421 -848.598339017227 66430.125 40.5
574540 1027.8190753308 -11873.1900538313 -10845.3709785005 111040.184716483 112713.35113909 110447.091691544 109960.111318814 -1110.81314978637 66430.125 40.5
574550 1028.01994651924 -11871.7029467018 -10843.6830001826 111593.459761437 114040.472656689 110782.055664731 109957.850962891 -1038.69329065662 66430.125 40.5
574560 1020.01076378087 -11861.9064260855 -10841.8956623046 112324.744622485 114920.283109145 111337.676749101 110716.274009208 -956.823468814305 66430.125 40.5
574570 1025.94496523917 -11865.8767334686 -10839.9317682295 112241.198047426 114632.506884815 111173.344572572 110917.742684891 -1240.32860776035 66430.125 40.5
574580 1039.0458632819 -11876.9014559151 -10837.8555926332 111699.020389029 113336.656092584 111041.935419959 110718.469654543 -2445.44219444024 66430.125 40.5
574590 1041.15348396739 -11877.041138359 -10835.8876543916 111401.008526309 112365.804354877 110916.224902095 110920.996321954 -3627.76599505981 66430.125 40.5
574600 1037.30085861294 -11871.4051383806 -10834.1042797677 111144.806485323 111813.965955746 110452.996517076 111167.456983146 -4291.04324302275 66430.125 40.5
574610 1042.66407413176 -11875.1542695892 -10832.4901954574 110973.44580933 111234.970490277 109831.044909727 111854.322027985 -3939.82280040966 66430.125 40.5
574620 1043.48980915338 -11874.5550650125 -10831.0652558591 110739.757914544 110959.682779389 109412.651651179 111846.939313064 -3368.36258136604 66430.125 40.5
574630 1042.28111140054 -11872.1453984283 -10829.8642870278 110590.281949699 110584.174367927 109823.442217776 111363.229263396 -3246.82909543633 66430.125 40.5
574640 1052.54032593735 -11881.4375800187 -10828.8972540814 110233.406506698 109772.996120854 110354.21838605 110573.00501319 -3349.66010864195 66430.125 40.5
574650 1064.54641246548 -11892.8743834034 -10828.327970938 110320.493528396 109610.83435741 110963.121419887 110387.524807891 -3175.497014245 66430.125 40.5
574660 1062.7123046079 -11891.0596206296 -10828.3473160217 111171.392457874 110670.400460651 111672.721395642 111171.055517327 -2530.33163625737 66430.125 40.5
574670 1052.91299579862 -11881.8616195314 -10828.9486237328 111835.571052375 111412.145391742 112047.508368713 112047.059396671 -1258.50169676868 66430.125 40.5
574680 1042.77253127779 -11872.7018734447 -10829.9293421669 112503.60610521 111890.697902025 112583.244693263 113036.875720343 249.157845191702 66430.125 40.5
574690 1039.23956163069 -11870.360855007 -10831.1212933764 112421.174164606 111845.158942039 112352.455029184 113065.908522596 1361.24309056282 66430.125 40.5
574700 1039.07422068178 -11871.5298050204 -10832.4555843387 112118.44880314 111432.76017213 111533.545226789 113389.041010501 1571.80431034002 66430.125 40.5
574710 1035.81960131011 -11869.7465774873 -10833.9269761772 111398.041744497 110001.39876414 111095.973380546 113096.753088806 965.210020396759 66430.125 40.5
574720 1032.13941590381 -11867.6222896213 -10835.4828737175 110781.042551359 109296.670681721 111195.573681199 111850.883291158 64.1803112392575 66430.125 40.5
574730 1040.32031486432 -11877.4605139442 -10837.1401990799 110676.461350625 109490.00542766 111147.023928241 111392.354695974 -449.682441281336 66430.125 40.5
574740 1049.80936843596 -11888.8836966153 -10839.0743281793 111093.888853143 110213.873613765 110951.310388398 112116.482557266 26.2704221204049 66430.125 40.5
574750 1046.00361587138 -11887.4695319783 -10841.465916107 111323.327080324 110588.690135934 110338.571393302 113042.719711736 1254.89742116852 66430.125 40.5
574760 1040.84006895811 -11885.1802849634 -10844.3402160052 111153.511766406 110485.300915226 109383.968535563 113591.26584843 1868.0765647875 66430.125 40.5
574770 1043.00355777023 -11890.696533968 -10847.6929761977 110731.531345213 109891.353166676 108480.309701665 113822.931167297 1665.33896647437 66430.125 40.5
574780 1044.29921817012 -11895.8885131625 -10851.5892949924 110716.876912117 109188.648745849 108534.573950827 114427.408039675 1012.4589430444 66430.125 40.5
574790 1041.520000381 -11897.5565916049 -10856.0365912239 110817.7038536 108739.191694127 109011.094744159 114702.825122514 395.350941669927 66430.125 40.5
574800 1036.09446446073 -11896.9741409883 -10860.8796765276 110887.048496289 108979.198105046 109540.36901673 114141.57836709 112.324516331424 66430.125 40.5
574810 1025.99998986605 -11891.7565077443 -10865.7565178783 111305.068493802 110421.132035923 110359.798180189 113134.275265294 49.2031356737297 66430.125 40.5
574820 1017.07351488528 -11887.2632486918 -10870.1897338065 111648.814246675 112036.260478561 111099.271925491 111810.910335973 -255.587839015041 66430.125 40.5
574830 1016.96925847407 -11890.7956215959 -10873.8263631218 111305.019088572 112491.372935509 110848.403714375 110575.280615831 -479.542485882032 66430.125 40.5
574840 1023.83942279743 -11900.433904295 -10876.5944814976 110711.461962237 112014.346316962 110314.315999252 109805.723570496 94.1447003119293 66430.125 40.5
574850 1029.25595695162 -11907.8934569228 -10878.6374999711 110367.430965762 111542.397631786 110050.409052254 109509.486213245 307.086592533313 66430.125 40.5
574860 1023.3750822615 -11903.4577001572 -10880.0826178957 110159.725635625 111175.818240973 109767.87503877 109535.483627133 1.56941948190285 66430.125 40.5
574870 1015.44809497718 -11896.4136992422 -10880.965604265 110141.504876498 110360.981037875 110201.671847289 109861.86174433 -43.8272276693331 66430.125 40.5
574880 1016.30650608449 -11897.6424005412 -10881.3358944567 110141.965323992 109251.589686513 111209.078964889 109965.227320574 217.443426190507 66430.125 40.5
574890 1018.89419686325 -11900.2164655457 -10881.3222686824 109651.895043006 108185.268127466 110856.750865122 109913.666136429 246.392505781025 66430.125 40.5
574900 1016.17727903179 -11897.2007403393 -10881.0234613075 109643.837751563 108328.503426848 110226.964686632 110376.04514121 70.2175466363637 66430.125 40.5
574910 1016.36610039466 -11896.8374007451 -10880.4713003504 109950.02853389 109215.891317171 109698.061940974 110936.132343525 -128.058774083581 66430.125 40.5
574920 1018.01370018274 -11897.6901315734 -10879.6764313906 110001.809607992 109305.554246999 109407.078392584 111292.796184392 -204.985959770462 66430.125 40.5
574930 1013.09021169375 -11891.7451546402 -10878.6549429464 110478.382326398 109734.629136814 109630.78516188 112069.7326805 -222.055801271773 66430.125 40.5
574940 1004.00265325262 -11881.3135012793 -10877.3108480266 111060.474033762 110062.758215688 110144.38420706 112974.279678538 -2.76429385521584 66430.125 40.5
574950 1006.96521241359 -11882.5026147184 -10875.5374023048 111444.847815101 110642.760970685 110443.79106847 113247.991406149 315.835382063784 66430.125 40.5
574960 1015.61806058064 -11888.9705915111 -10873.3525309304 111343.309742896 111213.21094096 110254.271293166 112562.446994562 422.005096128156 66430.125 40.5
574970 1012.34503135833 -11883.216121796 -10870.8710904376 111498.967867807 111263.062175455 110843.153067926 112390.688360041 121.892530466154 66430.125 40.5
574980 1008.19087523667 -11876.2965748581 -10868.1056996214 111415.780365529 110638.675751251 111301.608022795 112307.057322541 -235.191495202935 66430.125 40.5
574990 1019.39198082851 -11884.4222017164 -10865.0302208879 110896.56817662 110081.848371459 110964.529541193 111643.326617207 -442.526040818519 66430.125 40.5
575000 1034.15122473423 -11895.9838534992 -10861.832628765 110681.908018617 110061.981073591 110657.424043259 111326.318939002 -736.83581990572 66430.125 40.5
