# Fix print output for fix setl_out
301000 565.553547392147 -12882.3210992992 -12316.7675519071 41716.6360610659 42427.7305269563 41498.1673712313 41224.0102850102 178.388725090689 66430.125 40.5
301010 560.088037875367 -12876.8062098962 -12316.7181720208 41953.0610830828 42407.9087641428 41924.6835723954 41526.5909127101 172.863236048148 66430.125 40.5
301020 555.901338971589 -12872.4021034708 -12316.5007644992 42213.3938192382 42204.1346699206 42428.5611189229 42007.4856688712 242.595118784896 66430.125 40.5
301030 556.358393311129 -12872.3961207008 -12316.0377273897 42138.3122648549 41762.7240664428 42394.0010726159 42258.2116555059 379.437691997728 66430.125 40.5
301040 561.157152309533 -12876.4894839443 -12315.3323316348 42052.7311531364 41553.8543002571 42336.5235314388 42267.8156277132 538.631129801224 66430.125 40.5
301050 560.181446561889 -12874.6086255529 -12314.427178991 42045.1469961542 41533.3250911184 42386.9201432717 42215.1957540727 696.837717115391 66430.125 40.5
301060 556.431536276155 -12869.7413746416 -12313.3098383654 42161.4858142694 41774.9547260734 42575.2518185449 42134.2508981898 716.538255145302 66430.125 40.5
301070 563.833154153356 -12875.7741688464 -12311.941014693 42092.0498195298 41972.8705615726 42670.4185131489 41632.860383868 667.452629000662 66430.125 40.5
301080 575.636481144181 -12886.0547003371 -12310.4182191929 41772.738929448 42000.4510535392 42299.6594414759 41018.1062933289 580.183218270857 66430.125 40.5
301090 575.245571797339 -12884.1922567639 -12308.9466849666 41805.8016726142 42263.2510733661 42007.4165192802 41146.7374251964 650.240460651903 66430.125 40.5
301100 566.649536378739 -12874.2319486721 -12307.5824122934 42254.1620677388 42766.1183090073 41950.2836488073 42046.0842454017 882.993139710765 66430.125 40.5
301110 563.449063020539 -12869.6514222005 -12306.20235918 42552.8146343628 43075.9337931821 41843.2411443544 42739.268965552 956.382238859389 66430.125 40.5
301120 568.750914371754 -12873.4886333896 -12304.7377190178 42410.534593008 42850.5676285775 41687.9126256101 42693.1235248364 804.26335435514 66430.125 40.5
301130 574.350249081957 -12877.6223912062 -12303.2721421243 42257.8367132697 42352.2985925061 41934.4821751327 42486.7293721704 484.004182177997 66430.125 40.5
301140 574.409422018299 -12876.3382132244 -12301.9287912061 42213.9740734556 41835.3363056559 42395.971765398 42410.6141493129 159.754243830307 66430.125 40.5
301150 570.835063830604 -12871.576463487 -12300.7413996564 42433.4489870506 41723.5051662365 42959.4867546118 42617.3550403035 -35.5880925649719 66430.125 40.5
301160 565.617095642632 -12865.2619651168 -12299.6448694742 42800.4457313273 42128.7788068583 43446.6468445128 42825.9115426108 -173.219756759918 66430.125 40.5
301170 565.084669928174 -12863.6389561765 -12298.5542862484 42885.7535377081 42609.9438844222 43364.5383652812 42682.7783634209 -381.50826832464 66430.125 40.5
301180 572.058002248148 -12869.5319834535 -12297.4739812053 42700.7442806837 42934.0904717312 42754.2728001561 42413.8695701637 -325.017313813975 66430.125 40.5
301190 574.295619944317 -12870.7977821154 -12296.5021621711 42609.9677681232 43023.6270457136 42467.5476681737 42338.7285904825 -133.32399084496 66430.125 40.5
301200 570.321495270814 -12866.0134577671 -12295.6919624963 42683.9810795828 42846.5633096167 42731.1422418635 42474.2376872683 18.7438946443366 66430.125 40.5
301210 571.639451051271 -12866.641761956 -12295.0023109048 42649.3081074253 42561.7283158878 42973.786129761 42412.409876627 -123.298645146994 66430.125 40.5
301220 578.33219199449 -12872.7772186622 -12294.4450266678 42359.8068480831 42091.2252365497 42805.9179360049 42182.2773716948 -500.489036293959 66430.125 40.5
301230 581.065254269138 -12875.1831768879 -12294.1179226188 42419.8673142003 42177.0819835765 42788.2544338141 42294.2655252105 -816.579757678598 66430.125 40.5
301240 575.458193944462 -12869.5018628005 -12294.0436688561 42786.9626526326 42788.7459290265 42865.9275758169 42706.2144530544 -753.196343199718 66430.125 40.5
301250 569.004326126945 -12863.107101766 -12294.102775639 43126.4429426242 43355.1157108461 42913.7319129658 43110.4812040608 -582.334425282926 66430.125 40.5
301260 570.756237011741 -12864.942674467 -12294.1864374552 43157.3622587393 43509.8998204716 42876.0045940137 43086.1823617325 -451.539158876 66430.125 40.5
301270 574.077397239544 -12868.3824370446 -12294.3050398051 43115.1994467819 43467.5108282351 43022.0856502942 42856.0018618165 -454.274403977676 66430.125 40.5
301280 570.873132826785 -12865.3566415072 -12294.4835086804 43172.3293077539 43357.1630917685 43287.7416461302 42872.083185363 -541.798364558163 66430.125 40.5
301290 567.861141735798 -12862.5393742984 -12294.6782325626 43179.3353850395 43187.9644327791 43351.9956539707 42998.0460683685 -632.204155715279 66430.125 40.5
301300 567.297404472315 -12862.1332020345 -12294.8357975622 43172.4877909271 43100.0348081791 43289.9367209504 43127.4918436517 -677.985479226145 66430.125 40.5
301310 565.460238443336 -12860.3924577656 -12294.9322193223 43195.2348347466 42824.5292679705 43330.1928191708 43430.9824170986 -550.504671624525 66430.125 40.5
301320 565.572930892467 -12860.5361581225 -12294.96322723 43288.9305495324 42589.9349601771 43521.6026936832 43755.2539947368 -220.480882383251 66430.125 40.5
301330 567.154397312781 -12862.0885441939 -12294.9341468811 43349.8630063647 42452.5031880073 43678.9395578723 43918.1462732146 197.177768818806 66430.125 40.5
301340 570.413947279822 -12865.3000886448 -12294.8861413649 43167.9776136278 42219.4704458662 43541.1939611742 43743.2684338431 437.537429238522 66430.125 40.5
301350 575.031189411714 -12869.917301674 -12294.8861122623 42838.4658272713 42067.5680050124 43056.7985287099 43391.0309480917 384.890289861745 66430.125 40.5
301360 577.998617370391 -12872.9993799241 -12295.0007625538 42672.2864111401 42107.0066763943 42723.7838188703 43186.0687381557 93.5461142891582 66430.125 40.5
301370 581.153571892206 -12876.43826278 -12295.2846908878 42517.7835239783 42098.4492760863 42571.1363643056 42883.7649315431 -107.886657193748 66430.125 40.5
301380 582.533648210449 -12878.3205015734 -12295.786853363 42483.9831938115 42242.4090104359 42728.6774935145 42480.863077484 -113.547967484314 66430.125 40.5
301390 574.388658693517 -12870.8654113914 -12296.4767526979 42702.9038396003 42651.5387604827 43176.6622484516 42280.5105098666 -123.198029746483 66430.125 40.5
301400 564.717728114877 -12861.9122444741 -12297.1945163593 42981.5845432179 43167.8012746561 43489.3541248787 42287.5982301187 -150.192901081088 66430.125 40.5
301410 567.168729492378 -12864.979200098 -12297.8104706056 43038.8889407607 43432.7376989087 43559.0451994574 42124.883923916 -57.5469259890684 66430.125 40.5
301420 575.442837962798 -12873.8212735572 -12298.3784355944 42756.1455906087 43060.7856190387 43347.794346198 41859.8568065893 80.0465067133922 66430.125 40.5
301430 575.751745142887 -12874.7770003715 -12299.0252552286 42658.6574921323 42573.5572737025 43349.2096578413 42053.2055448531 -19.3798791721147 66430.125 40.5
301440 569.263112176619 -12869.0183368076 -12299.755224631 42691.2486833666 42378.096922342 43270.0251934085 42425.6239343493 -277.858214119032 66430.125 40.5
301450 567.045029344584 -12867.5136423335 -12300.4686129889 42600.9594409177 42053.0510004896 43081.6302824736 42668.19703979 -399.774792016678 66430.125 40.5
301460 573.19595292599 -12874.3473657227 -12301.1514127967 42199.9045609512 41497.3554998416 42518.869116526 42583.4890664861 -312.404267681781 66430.125 40.5
301470 577.46563337475 -12879.370526403 -12301.9048930283 42091.639594996 41540.6471494721 42134.6771187224 42599.5945167933 -114.7476148994 66430.125 40.5
301480 571.988540927441 -12874.7724212937 -12302.7838803663 42382.007001876 42105.7101473219 42247.905154404 42792.4057039022 -21.2109955080805 66430.125 40.5
301490 563.300589145576 -12866.9864938738 -12303.6859047282 42672.3470566744 42407.5317696008 42770.6609495187 42838.8484509037 -162.324902281656 66430.125 40.5
301500 561.394074822657 -12865.8680664167 -12304.4739915941 42683.4752983057 42152.6011647948 43147.2673725049 42750.5573576175 -444.857300555079 66430.125 40.5
301510 565.017497646806 -12870.1360924839 -12305.118594837 42531.6073288546 42020.2503557218 43137.1398111528 42437.4318196893 -757.759272453128 66430.125 40.5
301520 567.698029402403 -12873.3790807288 -12305.6810513264 42318.6592483309 42043.3255225468 42912.8058874694 41999.8463349764 -839.476008633811 66430.125 40.5
301530 568.326069929893 -12874.5380935458 -12306.2120236159 42108.9430995592 42131.6410748874 42622.0129360822 41573.1752877081 -552.463643705151 66430.125 40.5
301540 572.187321719566 -12878.9370396016 -12306.749717882 41903.5332238257 42216.5648801365 42200.2480384612 41293.7867528792 -180.170059823067 66430.125 40.5
301550 577.477096955341 -12884.855173065 -12307.3780761097 41778.1660872291 42283.2987292152 41669.0740184029 41382.1255140692 66.0998271512219 66430.125 40.5
301560 575.500594490288 -12883.6749881917 -12308.1743937014 41920.0078654789 42396.9514351225 41406.4737592822 41956.5984020319 -16.5303044409555 66430.125 40.5
301570 568.267613397265 -12877.3753578598 -12309.1077444625 42258.7928560168 42617.987482978 41572.1651644164 42586.2259206561 -243.900241958914 66430.125 40.5
301580 562.086375780969 -12872.1311993074 -12310.0448235264 42342.7407460399 42782.4146186624 41617.703984884 42628.1036345732 -380.663569055216 66430.125 40.5
301590 562.119250460783 -12873.0057674044 -12310.8865169436 42256.5583611994 42892.7191643241 41589.5066530175 42287.4492662568 -417.018996886836 66430.125 40.5
301600 566.459193418162 -12878.1012430214 -12311.6420496032 42118.0801375153 42774.5046183486 41579.929677778 41999.8061164191 -341.304705958138 66430.125 40.5
301610 566.292744994787 -12878.6683827334 -12312.3756377386 42017.1456899085 42513.1585686987 41593.1876492929 41945.0908517337 -269.603306663258 66430.125 40.5
301620 560.629200856492 -12873.7062334942 -12313.0770326377 42083.0758186981 42251.9999657614 41814.157063362 42183.0704269708 -210.658669534914 66430.125 40.5
301630 559.32380503023 -12872.9966964922 -12313.672891462 42116.9704158572 42124.4253089035 41833.8420664489 42392.6438722192 -166.139979653778 66430.125 40.5
301640 564.42799346835 -12878.5780937362 -12314.1501002679 41921.1839165333 41884.4217387058 41437.2514957176 42441.8785151765 -114.969026329446 66430.125 40.5
301650 567.512161959659 -12882.0959204981 -12314.5837585384 41732.2987520438 41751.1526561629 41049.5694345523 42396.1741654163 5.20850635422448 66430.125 40.5
301660 566.126943677322 -12881.1665034135 -12315.0395597362 41610.6397786938 41834.8652659324 40882.3954988318 42114.6585713173 67.6351356002796 66430.125 40.5
301670 563.755599356994 -12879.2779591126 -12315.5223597556 41806.5556654217 42292.1991126196 41391.0622990373 41736.4055846081 177.116939881025 66430.125 40.5
301680 558.948059137104 -12874.930509036 -12315.9824498989 42136.2986464568 42610.3557990314 42324.3540376942 41474.1861026448 241.157090362842 66430.125 40.5
301690 555.275832853654 -12871.6111449332 -12316.3353120795 42381.4952326636 42574.6468360722 43062.3787831418 41507.4600787767 352.642595208788 66430.125 40.5
301700 558.211855082655 -12874.7180726616 -12316.506217579 42355.0460689022 42270.975543273 43144.6439137548 41649.5187496788 364.547770060253 66430.125 40.5
301710 564.700722105165 -12881.1971111354 -12316.4963890302 42045.1970218858 41844.8591145491 42539.7502554521 41750.9816956562 186.275313095823 66430.125 40.5
301720 569.944670782338 -12886.3336714877 -12316.3890007054 41782.8414967993 41625.8621437026 41953.3810143566 41769.2813323385 -9.4823804565142 66430.125 40.5
301730 570.457726256103 -12886.7267611848 -12316.2690349287 41594.5840911959 41517.4696400029 41497.1709544394 41769.1116791454 -130.584763445952 66430.125 40.5
301740 566.487416447832 -12882.63686654 -12316.1494500922 41583.6064041892 41610.6596477765 41315.88999086 41824.2695739311 -179.456763407838 66430.125 40.5
301750 563.452642091318 -12879.4190679212 -12315.9664258299 41779.178415412 41870.8665705771 41588.8935914512 41877.7750842077 -224.730004722784 66430.125 40.5
301760 563.475908231603 -12879.1256239088 -12315.6497156772 41858.1364266035 41902.6330269302 41967.6220243188 41704.1542285616 -246.85691813281 66430.125 40.5
301770 563.246201509898 -12878.4178018242 -12315.1716003143 41915.8475916604 41758.0219690856 42361.2663136143 41628.2544922813 -294.781440982642 66430.125 40.5
301780 560.615984000155 -12875.1293572548 -12314.5133732546 42027.0014911664 41842.720287942 42521.3536907691 41716.9304947881 -370.364416031925 66430.125 40.5
301790 557.339164346903 -12870.9547981523 -12313.6156338054 42199.9801848971 42221.086149705 42405.7948852774 41973.0595197088 -459.563603911052 66430.125 40.5
301800 561.413830845482 -12873.8430265595 -12312.429195714 42252.2946769148 42198.0192050029 42384.069743413 42174.7950823285 -504.852073842189 66430.125 40.5
301810 572.038934491728 -12883.0593536765 -12311.0204191848 42035.9470035937 41725.7103045498 42414.0519515713 41968.0787546601 -434.700139107794 66430.125 40.5
301820 575.825933060926 -12885.4005080924 -12309.5745750315 41819.0252053259 41204.1662101225 42517.8088469697 41735.1005588854 -139.321059845044 66430.125 40.5
301830 570.746474195448 -12878.9619688384 -12308.215494643 42036.5343848784 41456.6712493457 42795.741947768 41857.1899575215 198.695650449905 66430.125 40.5
301840 566.628025852398 -12873.5227221386 -12306.8946962862 42083.3241136316 41790.0334668185 42591.9903223515 41867.9485517247 282.765449191353 66430.125 40.5
301850 569.857006571099 -12875.4059764324 -12305.5489698613 42031.8469035416 41934.228769195 42247.4392906914 41913.8726507386 -70.4440060534557 66430.125 40.5
301860 573.029990196403 -12877.2509175088 -12304.2209273124 42125.7347149367 42088.864899081 42037.778590907 42250.560654822 -581.82051665217 66430.125 40.5
301870 566.239173693963 -12869.2001073349 -12302.9609336409 42600.4432344259 42443.6143521214 42299.6244411972 43058.090909959 -712.017444207004 66430.125 40.5
301880 555.983782759414 -12857.6618853991 -12301.6781026397 43206.2757718509 42832.7236596418 42936.6758877736 43849.4277681373 -523.368486038216 66430.125 40.5
301890 554.499604608699 -12854.7032191136 -12300.2036145049 43330.5017166445 42864.535486787 43220.7623008773 43906.2073622694 -196.104738838823 66430.125 40.5
301900 563.786448921977 -12862.2894703773 -12298.5030214554 42998.1116493638 42360.847955961 43204.3455783738 43429.1414137565 19.7262825680079 66430.125 40.5
301910 574.848918155641 -12871.5873685244 -12296.7384503688 42550.9043926959 41649.3238671608 42886.2504906466 43117.1388202803 20.4083955714973 66430.125 40.5
301920 579.357884237134 -12874.4987547425 -12295.1408705053 42396.59834794 41337.7411070552 42720.9506587004 43131.1032780644 -148.195101879771 66430.125 40.5
301930 576.791838170863 -12870.6171104386 -12293.8252722677 42585.8054800313 41594.6157820122 42993.4455232561 43169.3551348257 -187.991272327669 66430.125 40.5
301940 573.048775072825 -12865.794433194 -12292.7456581212 42789.683753223 42102.3497655494 43288.5070637903 42978.1944303293 -55.3579219886052 66430.125 40.5
301950 574.450074723273 -12866.2752653581 -12291.8251906349 42853.0881886594 42574.704693183 43215.3586328761 42769.2012399192 -49.3137090683868 66430.125 40.5
301960 577.282221099049 -12868.3442786292 -12291.0620575301 42802.7849215001 42925.4102725577 42868.8434550882 42614.1010368545 -314.884616040979 66430.125 40.5
301970 573.99747704367 -12864.475211133 -12290.4777340893 42962.7194865205 43415.6160293819 42835.0622389467 42637.4801912328 -587.115470268815 66430.125 40.5
301980 568.83203865981 -12858.8475826131 -12290.0155439533 43212.1814654888 43890.4194253699 42996.5259022225 42749.5990688739 -646.376764432324 66430.125 40.5
301990 569.283973269167 -12858.8663410787 -12289.5823678096 43232.4624027211 43833.3061665403 43003.6857870155 42860.3952546076 -662.982900904286 66430.125 40.5
302000 576.161352622653 -12865.3402062619 -12289.1788536392 43000.183602623 43219.0636635067 42866.1746009034 42915.312543459 -561.393032907978 66430.125 40.5
302010 583.995842270942 -12872.9218796671 -12288.9260373962 42685.891798865 42267.3278566804 42879.7943038419 42910.5532360727 -356.582169173167 66430.125 40.5
302020 585.366907627709 -12874.3422912119 -12288.9753835842 42613.9708317798 42023.2883000762 42956.0030391975 42862.6211560656 -271.452566560251 66430.125 40.5
302030 576.147337659896 -12865.4904999555 -12289.3431622956 43041.9192264632 42641.5555556382 43304.6931878541 43179.5089358972 -377.349410993744 66430.125 40.5
302040 564.314581144096 -12854.1740277686 -12289.8594466245 43583.9048270124 43402.8516681323 43915.4895956121 43433.3732172928 -623.799044560441 66430.125 40.5
302050 563.213278690487 -12853.5431652693 -12290.3298865788 43634.9637712291 43713.5389893961 43940.001711113 43251.3506131782 -884.209672368677 66430.125 40.5
302060 573.358543768951 -12864.1035740775 -12290.7450303085 43205.8642586461 43554.6686474045 43212.0675565832 42850.8565719506 -905.101295158599 66430.125 40.5
302070 581.465113170589 -12872.7446188075 -12291.2795056369 42755.7987691464 43250.8036058897 42434.175483664 42582.4172178855 -572.232004505641 66430.125 40.5
302080 580.037424871261 -12872.1275538042 -12292.090128933 42564.3036249299 43126.4401738233 41964.9747009417 42601.4960000246 -64.8066273828933 66430.125 40.5
302090 576.662515224054 -12869.8540365827 -12293.1915213586 42626.635431051 42952.9171048167 42104.7527602827 42822.2364280536 198.917354800596 66430.125 40.5
302100 576.125101655608 -12870.6709531546 -12294.545851499 42537.1390276575 42510.1793474769 42227.3135766095 42873.924158886 271.214435503378 66430.125 40.5
302110 574.455624598547 -12870.5872204777 -12296.1315958792 42497.2559417485 42132.7222330058 42600.5610794571 42758.4845127825 328.742554332315 66430.125 40.5
302120 570.654238140913 -12868.5624797167 -12297.9082415758 42615.0150684079 41940.5384109667 43267.0057612394 42637.5010330177 355.69475896833 66430.125 40.5
302130 565.075805685322 -12864.8382456388 -12299.7624399535 42869.6693157906 42098.4376755534 43896.0999837134 42614.470288105 221.514196115328 66430.125 40.5
302140 562.154710073864 -12863.7143536695 -12301.5596435956 42896.366507622 42240.4415635817 44020.6646994723 42427.9932598119 -184.123602006226 66430.125 40.5
302150 564.038637408318 -12867.267865559 -12303.2292281507 42688.4786825728 42219.3188987192 43863.0010211375 41983.1161278618 -438.52703242341 66430.125 40.5
302160 565.576111856726 -12870.3450987496 -12304.7689868929 42477.0771297856 42285.284226693 43502.5880866479 41643.3590760158 -204.599595149393 66430.125 40.5
302170 565.57009185714 -12871.7526371551 -12306.182545298 42377.4183033599 42499.8458830438 42870.5282151786 41761.8808118573 211.730471668567 66430.125 40.5
302180 568.08064423304 -12875.5560371707 -12307.4753929377 42214.8651653613 42711.9867546197 42030.8813718393 41901.7273696251 524.361312244667 66430.125 40.5
302190 571.312390563396 -12879.9989368036 -12308.6865462402 41951.4450045445 42668.959597559 41299.3937996406 41885.9816164338 464.600290350281 66430.125 40.5
302200 571.273962364459 -12881.1288132057 -12309.8548508413 41755.8187745096 42496.9143172561 41051.3818703211 41719.1601359516 184.531186933439 66430.125 40.5
302210 569.071266715091 -12880.0418646223 -12310.9705979073 41751.5168552805 42284.5783189168 41494.9145012752 41475.0577456497 26.3579103841589 66430.125 40.5
302220 566.019174006126 -12878.0055229914 -12311.9863489853 41869.224568404 41975.552044023 42216.4133119547 41415.7083492342 19.3468637520489 66430.125 40.5
302230 561.292234863576 -12874.1248058902 -12312.8325710266 42023.7662195142 41746.3139693694 42696.9660240529 41628.0186651203 55.9463457572942 66430.125 40.5
302240 558.959241148215 -12872.4053601878 -12313.4461190396 42167.0830103941 41671.9951205281 42865.7610730037 41963.4928376506 6.64578794745415 66430.125 40.5
302250 562.274842900932 -12876.1000338614 -12313.8251909605 42198.5475645413 41732.1847365499 42783.1454176051 42080.3125394689 -104.235427314265 66430.125 40.5
302260 566.069820848045 -12880.1133655005 -12314.0435446524 42110.9320979218 41739.0293200617 42661.2789913146 41932.487982389 -167.458535450078 66430.125 40.5
302270 566.382337908088 -12880.5616367384 -12314.1792988303 42099.2369853913 41814.9091144764 42688.1245270198 41794.6773146776 29.5788609656026 66430.125 40.5
302280 563.984076725563 -12878.2377292633 -12314.2536525378 42177.6284643537 42216.0338837501 42649.8997587394 41666.9517505716 413.443958495212 66430.125 40.5
302290 560.345324564483 -12874.5705815508 -12314.2252569863 42191.025517098 42487.2578672165 42496.1515267845 41589.6671572928 537.834071883519 66430.125 40.5
302300 560.668431620129 -12874.7274142354 -12314.0589826152 42110.9511035567 42343.5876545662 42479.0621629734 41510.2034931306 225.58901248783 66430.125 40.5
302310 564.213860435565 -12877.9871924226 -12313.7733319871 41883.0827327082 41990.750021885 42338.2671792372 41320.2309970022 -108.47892118263 66430.125 40.5
302320 566.236976760084 -12879.6740460079 -12313.4370692478 41728.7435246254 41852.7161717336 42056.9322672863 41276.5821348563 -109.500053957998 66430.125 40.5
302330 562.984540824106 -12876.0675682258 -12313.0830274017 41699.2281000748 41892.0451089638 41802.8005260045 41402.8386652559 200.08499400445 66430.125 40.5
302340 559.102157733314 -12871.7587614338 -12312.6566037005 41649.5030404041 41874.1892665037 41712.0098796684 41362.3099750402 492.418056131644 66430.125 40.5
302350 566.225126666708 -12878.3561422479 -12312.1310155812 41442.6762662536 41618.9265102596 41449.7687199852 41259.3335685161 467.201050337127 66430.125 40.5
302360 578.668017252444 -12890.2947185983 -12311.6267013458 41063.3836389734 41373.1100391404 40747.910023997 41069.1308537827 270.083217399618 66430.125 40.5
302370 581.295859506933 -12892.6335458601 -12311.3376863531 41026.4144728852 41631.7658111662 40466.6579554346 40980.8196520548 87.0894216835302 66430.125 40.5
302380 572.509292943899 -12883.8031091481 -12311.2938162042 41456.1727673655 42149.1616842313 41017.3980699718 41201.9585478934 20.595829576581 66430.125 40.5
302390 564.679737876418 -12876.0109306048 -12311.3311927283 41878.8535350126 42284.7270361888 41969.7252400889 41382.10832876 70.8209645628638 66430.125 40.5
302400 566.517408164381 -12877.8371271437 -12311.3197189794 42055.0492967226 41927.3722831255 42577.2858182398 41660.4897888025 230.820876786963 66430.125 40.5
302410 569.571905054394 -12880.8424247159 -12311.2705196615 42100.8515904319 41441.6131843551 42695.7319818806 42165.2096050599 421.041684121152 66430.125 40.5
302420 565.241803203727 -12876.4659720838 -12311.22416888 42284.9813948346 41473.592669182 42717.8289876768 42663.5225276451 615.460736973703 66430.125 40.5
302430 555.926194627535 -12867.0280285778 -12311.1018339503 42572.3578670535 42045.9148832278 42706.6871061542 42964.4716117786 669.493610903395 66430.125 40.5
302440 551.732457298729 -12862.4921498164 -12310.7596925176 42621.9366660974 42622.0425619682 42507.7467100653 42736.0207262588 602.889165378219 66430.125 40.5
302450 557.306617251223 -12867.4455047227 -12310.1388874715 42328.0289361976 42623.5874535061 42157.651873519 42202.8474815676 447.228942649963 66430.125 40.5
302460 565.732428401062 -12875.0605064214 -12309.3280780204 42015.0042548969 42268.9233858758 42073.4241408016 41702.6652380133 371.350295544598 66430.125 40.5
302470 569.529481567499 -12878.0063267928 -12308.4768452253 41836.178540267 41941.0183915158 42010.3006683598 41557.2165609254 280.444748921576 66430.125 40.5
302480 569.885859648913 -12877.563949476 -12307.6780898271 41909.8772135813 41981.0808060718 41909.9642352126 41838.5865994596 342.271167706844 66430.125 40.5
302490 569.111446953825 -12876.0542131398 -12306.942766186 41981.0853652667 41922.2862098835 41865.2635294088 42155.7063565079 479.314102865877 66430.125 40.5
302500 569.052567603894 -12875.3054080568 -12306.2528404529 42014.6740485783 41809.4790005562 42011.3571706532 42223.1859745256 685.182666511769 66430.125 40.5
302510 571.420062849655 -12877.0333855252 -12305.6133226756 41994.6455022312 41781.1605455612 42126.6167674816 42076.1591936508 763.885885698841 66430.125 40.5
302520 571.642412314738 -12876.6931249801 -12305.0507126654 41925.8877137176 41706.6422807714 42137.4016139948 41933.6192463866 780.35039036833 66430.125 40.5
302530 568.21902231918 -12872.7791976262 -12304.5601753071 42087.608788107 41874.4600004266 42380.3411382085 42008.025225686 888.029845638405 66430.125 40.5
302540 568.469211847881 -12872.5631852091 -12304.0939733612 42161.1725681529 42255.5510612044 42478.0021862741 41749.96445698 1009.43951797656 66430.125 40.5
302550 573.586620775382 -12877.2496954918 -12303.6630747164 42243.592318422 42960.752947705 42222.7321517944 41547.2918557667 958.305318648098 66430.125 40.5
302560 571.632636356265 -12874.9519880994 -12303.3193517431 42336.0296215791 43537.6706934276 41866.9134553769 41603.5047159328 993.540877346176 66430.125 40.5
302570 564.111617961068 -12867.1404251614 -12303.0288072003 42452.5546903155 43764.7428683558 41646.285100425 41946.6361021656 1264.29643669546 66430.125 40.5
302580 565.557259319826 -12868.2446804849 -12302.6874211651 42345.9891678395 43534.4193801391 41477.8000048404 42025.748118539 1481.9426170571 66430.125 40.5
302590 575.44274031558 -12877.7596438274 -12302.3169035118 42034.2849559563 43134.8379782475 41312.6973671701 41655.3195224513 1466.85856961894 66430.125 40.5
302600 578.157987576231 -12880.2203724472 -12302.062384871 42036.169358362 43073.3901804379 41378.9058784999 41656.2120161481 1244.57133120447 66430.125 40.5
302610 571.236487390032 -12873.2118534688 -12301.9753660788 42345.6078805567 43364.207742336 41564.9478509327 42107.6680484015 1017.02847380995 66430.125 40.5
302620 566.577718694518 -12868.5334187831 -12301.9557000886 42611.5283844826 43388.2657452845 41966.3297480933 42479.98966007 820.429287978746 66430.125 40.5
302630 567.170628358675 -12869.0782381167 -12301.907609758 42653.6596865842 42888.2724826509 42402.6824161462 42670.0241609555 549.915715191707 66430.125 40.5
302640 569.603221177464 -12871.434739282 -12301.8315181045 42537.2401691296 42355.8006974732 42510.8092801871 42745.1105297284 272.756749609423 66430.125 40.5
302650 570.511052674303 -12872.2806973389 -12301.7696446646 42424.8586941535 42041.1777745832 42403.0148824724 42830.383425405 77.5165960228621 66430.125 40.5
302660 568.000546003083 -12869.7337794561 -12301.733233453 42520.6252537581 42255.6150743709 42258.5757273507 43047.6849595527 8.91164423610451 66430.125 40.5
302670 565.926106855572 -12867.6080214157 -12301.6819145601 42768.3773414243 42535.9373859641 42630.3239750371 43138.8706632716 47.6085748509194 66430.125 40.5
302680 568.319612034793 -12869.8997974206 -12301.5801853858 42788.2977730674 42449.9415341613 43112.1049293371 42802.846855704 293.327783379575 66430.125 40.5
302690 572.693690130724 -12874.1522766402 -12301.4585865095 42567.0494567591 42259.9769759777 43336.7071797151 42104.4642145844 624.147222989519 66430.125 40.5
302700 573.212771117433 -12874.5993115202 -12301.3865404028 42501.0461365275 42320.269283141 43429.237154024 41753.6319724175 881.068105907403 66430.125 40.5
302710 568.808335572032 -12870.1937078129 -12301.3853722409 42673.8146875775 42571.7457827086 43335.9024494131 42113.7958306109 858.05863003295 66430.125 40.5
302720 565.245073059803 -12866.6397001366 -12301.3946270768 42715.2227986207 42643.2492859932 42938.7772951884 42563.6418146804 441.070172317031 66430.125 40.5
302730 568.052065238912 -12869.4036572034 -12301.3515919645 42665.9985192652 42564.0573781547 42671.4485049549 42762.4896746859 48.9040481277906 66430.125 40.5
302740 572.912581024495 -12874.1962604209 -12301.2836793964 42480.7779459679 42439.2863728688 42377.0869735371 42625.9604914977 181.411150948928 66430.125 40.5
302750 570.94907534387 -12872.2157150932 -12301.2666397493 42503.1101590231 42472.6268317582 42407.2558210097 42629.4478243015 657.510262423802 66430.125 40.5
302760 565.151332736711 -12866.4357598785 -12301.2844271418 42648.842002093 42681.411837829 42669.0991276637 42596.0150407863 1117.54586105823 66430.125 40.5
302770 566.725012355639 -12867.9847205605 -12301.2597082049 42592.8301088084 42884.5699667558 42602.7965948759 42291.1237647935 1267.48797269952 66430.125 40.5
302780 573.625200504036 -12874.8296380497 -12301.2044375457 42410.807789403 42944.8628530637 42311.2324099128 41976.3281052324 1008.91304982049 66430.125 40.5
302790 575.737286734112 -12876.9678895952 -12301.2306028611 42297.2962049636 42683.9649660992 42142.3355963075 42065.5880524843 628.635728475979 66430.125 40.5
302800 571.998034697186 -12873.3898703713 -12301.3918356741 42305.0503086549 42264.1280585912 42290.9735920478 42360.0492753256 591.899342677606 66430.125 40.5
302810 570.646560852309 -12872.2932312151 -12301.6466703628 42265.2752383703 41805.3103255367 42447.0914302557 42543.4239593185 842.603507437394 66430.125 40.5
302820 573.471236272405 -12875.4472001101 -12301.9759638377 42261.2715685597 41590.3682030286 42520.8746973513 42672.5718052992 1110.71971419162 66430.125 40.5
302830 573.568166672652 -12875.9853571385 -12302.4171904658 42316.4344728005 41623.9946782148 42571.3760083548 42753.9327318318 1130.48977260897 66430.125 40.5
302840 568.59413769283 -12871.5607755077 -12302.9666378149 42603.1415115876 41945.8952498942 42832.3530392358 43031.1762456328 916.93895937225 66430.125 40.5
302850 563.018554375183 -12866.5522541231 -12303.5336997479 42762.4619608706 42224.1395076429 42949.8333183357 43113.4130566332 650.187532504261 66430.125 40.5
302860 562.371176811523 -12866.3892210601 -12304.0180442486 42624.5601427889 42335.6214971921 42685.7261286597 42852.3328025149 511.401701370825 66430.125 40.5
302870 567.310371484578 -12871.723655984 -12304.4132844994 42277.1793759651 42043.8963805834 42210.8604778871 42576.7812694249 523.53427976714 66430.125 40.5
302880 570.871859229934 -12875.6627480064 -12304.7908887765 42087.5279403103 41659.637132843 41946.1742046827 42656.7724834053 538.602669462242 66430.125 40.5
302890 570.907745164479 -12876.1310151666 -12305.2232700021 42083.1008457753 41356.9904406226 42097.5922914395 42794.7198052636 447.808222360226 66430.125 40.5
302900 567.14392304663 -12872.853896796 -12305.7099737493 42317.4214341446 41469.9068443212 42665.5749653703 42816.7824927422 332.846061757128 66430.125 40.5
302910 560.916736019275 -12867.0872973359 -12306.1705613166 42670.9934658836 41969.9924469362 43309.6330553966 42733.3548953182 431.046076375535 66430.125 40.5
302920 558.498308775679 -12864.9993819019 -12306.5010731262 42863.317339532 42390.151777299 43633.2729109277 42566.5273303695 650.727686833266 66430.125 40.5
302930 560.804666943806 -12867.4577577916 -12306.6530908478 42901.3520713436 42646.4575995608 43664.5691553774 42393.0294590927 726.232997034939 66430.125 40.5
302940 564.401563338237 -12871.0551612896 -12306.6535979513 42678.7854910523 42536.6588819147 43282.8647210088 42216.8328702333 566.128597675913 66430.125 40.5
302950 568.255673609412 -12874.8211692069 -12306.5654955974 42325.2198706954 42251.5604717801 42676.8491457222 42047.2499945837 289.21927882008 66430.125 40.5
302960 574.13844786128 -12880.6107169574 -12306.4722690961 41965.2138536266 41919.1724866563 42038.3705431942 41938.0985310292 29.1282109261767 66430.125 40.5
302970 579.90553180241 -12886.3978768291 -12306.4923450267 41729.6565109114 41693.8981492228 41644.3215316737 41850.7498518376 -121.394848467674 66430.125 40.5
302980 578.968492399469 -12885.6999252281 -12306.7314328287 41826.4691216054 41803.9124323674 41856.5044956893 41818.9904367595 -226.080753922219 66430.125 40.5
302990 571.64170259657 -12878.8220394908 -12307.1803368942 42128.8171525935 42175.5846795603 42236.7908439016 41974.0759343187 -313.951349765798 66430.125 40.5
303000 564.407303718074 -12872.1154612585 -12307.7081575404 42317.8218916134 42378.5808177422 42550.5566233031 42024.328233795 -117.003369769512 66430.125 40.5
303010 563.03735983063 -12871.2270005045 -12308.1896406739 42347.5105441961 42441.8510686069 42636.9754355458 41963.7051284356 138.697250197474 66430.125 40.5
303020 564.782468398382 -12873.3772339924 -12308.594765594 42501.1483663944 42515.5785468584 42777.3688849457 42210.4976673792 178.558771017635 66430.125 40.5
303030 560.01470409304 -12868.9381798506 -12308.9234757576 42888.9292527531 42695.7273957037 43085.8607642226 42885.199598333 -45.342915455267 66430.125 40.5
303040 549.602068175518 -12858.6736935804 -12309.0716254049 43268.1855561686 42758.6589868748 43447.2072884489 43598.6903931821 -322.260604147587 66430.125 40.5
303050 547.727100368157 -12856.599404679 -12308.8723043108 43081.4368842494 42361.6205090853 43280.3527793476 43602.3373643152 -410.130987339192 66430.125 40.5
303060 558.84077583591 -12867.1168887367 -12308.2761129008 42510.0045906686 41726.6616962714 42664.1329725004 43139.219103234 -309.032209155902 66430.125 40.5
303070 570.825626837325 -12878.2498207118 -12307.4241938745 41972.7225410055 41344.7220111984 42031.0268060949 42542.4188057231 -64.8329636582973 66430.125 40.5
303080 576.214714244812 -12882.749138409 -12306.5344241642 41825.6465361881 41533.1393680741 41674.0521621912 42269.748078299 193.438052300907 66430.125 40.5
303090 578.920147669783 -12884.6666353147 -12305.7464876449 41762.5752639997 41750.5566570888 41499.8249049022 42037.3442300081 228.478055882065 66430.125 40.5
303100 580.937862365711 -12886.069463133 -12305.1316007673 41735.1657519943 41767.6105858185 41487.6159453339 41950.2707248305 262.320067625785 66430.125 40.5
303110 578.425684991053 -12883.1579274017 -12304.7322424106 41959.0332684143 41879.1548876672 41850.7283465565 42147.2165710193 486.473737340902 66430.125 40.5
303120 568.300898039766 -12872.7982034151 -12304.4973053754 42483.7264070021 42256.9675974488 42528.3426640125 42665.868959545 788.436815834457 66430.125 40.5
303130 557.004831997153 -12861.2465491862 -12304.241717189 43008.1605173285 42706.5363544197 43270.4359411132 43047.5092564527 1051.32320480434 66430.125 40.5
303140 555.21490067635 -12858.9756952582 -12303.7607945818 43115.4340720474 42726.0136827211 43591.8288377609 43028.4596956601 1108.73994005121 66430.125 40.5
303150 563.997123287465 -12866.9894586744 -12302.9923353869 42704.9377557171 42215.4383510999 43222.1133784133 42677.2615376383 1146.22546405829 66430.125 40.5
303160 573.007106007934 -12875.0602535801 -12302.0531475722 42348.1033343522 41823.4428494092 42770.7005630695 42450.166590578 1087.48571875703 66430.125 40.5
303170 574.050554059218 -12875.1499404347 -12301.0993863755 42297.094419415 42155.4526947281 42404.6658549445 42331.1647085723 884.392733382633 66430.125 40.5
303180 572.312833870917 -12872.5035716975 -12300.1907378266 42491.0634860395 42889.1181260194 42339.028118641 42245.044213458 658.020296139786 66430.125 40.5
303190 570.503736922107 -12869.8035390133 -12299.2998020912 42778.1936545022 43340.5824392316 42598.8444670104 42395.1540572648 313.829699198077 66430.125 40.5
303200 568.028282799001 -12866.4068798921 -12298.3785970931 42891.0956626767 43241.2988230423 42625.6960840725 42806.2920809154 21.9829947242881 66430.125 40.5
303210 569.44017507478 -12866.8335602551 -12297.3933851803 42922.8382820745 43038.0017113505 42497.0796017026 43233.4335331705 -173.944262503034 66430.125 40.5
303220 572.702756104629 -12869.0566436193 -12296.3538875146 42851.3053935778 42816.9603264753 42365.3835793209 43371.572274937 -420.190192675596 66430.125 40.5
303230 572.276156613077 -12867.5890129007 -12295.3128562876 42974.8808136267 42887.3243881388 42627.9386617565 43409.3793909848 -592.756512699055 66430.125 40.5
303240 567.087152233028 -12861.3499772794 -12294.2628250464 43269.7730491513 43225.2547289827 43137.2773965777 43446.7870218934 -695.444440978946 66430.125 40.5
303250 567.125888075148 -12860.2540970163 -12293.1282089412 43231.7834374836 43334.8204033295 43286.4124001594 43074.117508962 -640.990379668835 66430.125 40.5
303260 576.609532903288 -12868.5199816797 -12291.9104487764 42905.1303442237 43026.2158129236 43008.9200778348 42680.2551419127 -719.11362579148 66430.125 40.5
303270 580.572812448074 -12871.3140952233 -12290.7412827752 42779.7520820966 42592.3427398181 42742.0483673374 43004.8651391345 -894.231162752496 66430.125 40.5
303280 575.773836949586 -12865.5004465777 -12289.7266096282 43056.4419098741 42548.8659076952 42845.6398438925 43774.8199780348 -903.395446628468 66430.125 40.5
303290 572.328294107689 -12861.1438490963 -12288.8155549886 43313.1955376155 42713.0163672322 42952.1269383027 44274.4433073115 -811.873785619979 66430.125 40.5
303300 575.198285440306 -12863.1324474102 -12287.9341619699 43164.0845018132 42538.8586165861 42858.0453278808 44095.3495609728 -547.206584601546 66430.125 40.5
303310 583.31908563427 -12870.4533069427 -12287.1342213084 42797.9221681247 42231.5369671644 42596.4881800431 43565.7413571666 -218.442320697717 66430.125 40.5
303320 587.125158822205 -12873.6869443488 -12286.5617855266 42631.8280366799 42108.4847530186 42556.1966706014 43230.8026864196 31.3720230975131 66430.125 40.5
303330 582.648575363133 -12868.9583793493 -12286.3098039862 42785.7329229003 42263.8700480863 42862.4315654028 43230.8971552119 134.48959745131 66430.125 40.5
303340 577.323744449246 -12863.6688481985 -12286.3451037492 43084.8836628132 42670.9478271261 43170.7823310797 43412.9208302336 269.074061553974 66430.125 40.5
303350 571.55403447549 -12858.1253765933 -12286.5713421178 43421.2061585359 43322.4811612412 43264.0529415655 43677.0843728012 617.07891818396 66430.125 40.5
303360 565.33364894714 -12852.2176337305 -12286.8839847834 43652.0639606778 43847.597584969 43293.1419607777 43815.4523362867 1098.56253648096 66430.125 40.5
303370 563.715761389275 -12850.9019564363 -12287.186195047 43701.6544018323 44133.7874971435 43266.0044010532 43705.1713073003 1494.22991254149 66430.125 40.5
303380 567.244587842006 -12854.6921179843 -12287.4475301423 43562.0188900762 44103.4964359044 43202.071643226 43380.4885910983 1667.49866734856 66430.125 40.5
303390 571.714892541263 -12859.4384544226 -12287.7235618813 43359.2359516216 43955.4059287273 42984.6238262549 43137.6780998826 1455.18850903355 66430.125 40.5
303400 577.193290558866 -12865.3134747154 -12288.1201841566 43056.8128233408 43716.0773423583 42552.3876304381 42901.9734972261 971.509925686258 66430.125 40.5
303410 585.892090013684 -12874.6947659315 -12288.8026759178 42671.6774267815 43267.187586971 42110.020289057 42637.8244043165 428.40756468957 66430.125 40.5
303420 591.173971742203 -12881.1767400942 -12290.002768352 42284.3331194521 42475.2699680724 41938.9020879073 42438.8273023764 210.601107361204 66430.125 40.5
303430 585.759881363697 -12877.6414292757 -12291.881547912 42317.0347582983 41922.8605874374 42648.8604728352 42379.3832146224 372.29928995211 66430.125 40.5
303440 571.467933770774 -12865.7844160125 -12294.3164822417 42726.1621786396 42026.491036147 43603.0019726538 42548.9935271179 619.195659025843 66430.125 40.5
303450 558.760959313031 -12855.6906549834 -12296.9296956703 43082.3265963695 42347.3041823646 44093.5804845395 42806.0951222043 613.307942066251 66430.125 40.5
303460 558.15785078997 -12857.5440096241 -12299.3861588342 42878.1827617122 42241.394698586 43735.0034459129 42658.1501406376 399.939231190453 66430.125 40.5
303470 566.761287573434 -12868.3659770732 -12301.6046894998 42311.4300981875 41682.3894394987 43048.7393547673 42203.1615002964 292.899552360722 66430.125 40.5
303480 574.845490061722 -12878.5177932086 -12303.6723031469 41736.6727199665 40887.345357148 42194.7443734234 42127.9284293282 370.776191604314 66430.125 40.5
303490 578.948588260941 -12884.6491551818 -12305.7005669208 41448.2575912392 40552.4114987366 41443.0045752993 42349.3566996817 470.087185778151 66430.125 40.5
303500 575.69125475232 -12883.3888569081 -12307.6976021558 41559.9918959679 40886.1884604218 41247.4046798673 42546.3825476146 366.767965794177 66430.125 40.5
303510 569.560155415063 -12879.1188194341 -12309.5586640191 41787.1832472457 41364.5781468307 41428.6977674393 42568.2738274671 51.6528043648915 66430.125 40.5
303520 568.538000555279 -12879.7350409373 -12311.197040382 41724.7841343522 41547.9653139232 41493.0085149208 42133.3785742128 -239.567846993561 66430.125 40.5
303530 569.979363038823 -12882.5981612787 -12312.6187982398 41509.9678645071 41576.9908434241 41317.8008015957 41635.1119485016 -187.575056259575 66430.125 40.5
303540 569.042784859088 -12882.9179403371 -12313.875155478 41463.2648958224 41633.7888309892 41327.1262096634 41428.8796468145 212.797916947474 66430.125 40.5
303550 564.64416624215 -12879.6122485711 -12314.968082329 41535.7945481923 41756.9003345158 41637.928594839 41212.554715222 533.105703521554 66430.125 40.5
303560 560.420924232776 -12876.2771697749 -12315.8562455421 41725.3911158662 42017.6133064901 42005.8187306505 41152.7413104579 472.827075665795 66430.125 40.5
303570 559.052451260148 -12875.5559244303 -12316.5034731702 41825.2696778557 42025.2330967368 41972.6556546696 41477.9202821608 360.264584528086 66430.125 40.5
303580 561.094224708196 -12878.0176093721 -12316.9233846639 41700.8927534214 41541.432104921 41596.9129124539 41964.3332428894 271.973655683884 66430.125 40.5
303590 563.893639237149 -12881.0688634798 -12317.1752242427 41682.805585062 41190.6876862682 41542.4466665263 42315.2824023914 556.323599666361 66430.125 40.5
303600 563.150272536707 -12880.465924194 -12317.3156516573 41784.0225100169 41228.2647491865 41683.3725512873 42440.4302295768 980.088384546154 66430.125 40.5
303610 558.682717683633 -12876.0127357122 -12317.3300180286 41991.7799404264 41457.7369202056 41938.4479146635 42579.15498641 877.421058046284 66430.125 40.5
303620 557.737156474236 -12874.901195649 -12317.1640391748 42166.6232212638 41632.3304613368 42110.9702908293 42756.5689116253 321.906747530743 66430.125 40.5
303630 561.152090837772 -12877.9486607412 -12316.7965699034 42114.040985323 41735.7391425301 41936.8395859057 42669.5442275333 -58.7865883683486 66430.125 40.5
303640 566.576690953469 -12882.8588793994 -12316.282188446 41837.068415357 41759.1414760176 41387.1939861115 42364.8697839421 15.8451418312672 66430.125 40.5
303650 571.63410768889 -12887.3616405817 -12315.7275328928 41643.6935978965 41627.0350285098 41010.7168094026 42293.3289557772 306.585897501386 66430.125 40.5
303660 569.457672940268 -12884.666285082 -12315.2086121418 41830.5780740715 41744.0161051012 41094.3789212207 42653.3391958927 500.695888564629 66430.125 40.5
303670 561.039054624602 -12875.7290406732 -12314.6899860486 42246.5543288322 42004.093116253 41624.2581923209 43111.3116779228 363.238168858464 66430.125 40.5
303680 553.438551039716 -12867.4595239178 -12314.0209728781 42425.6686821074 42068.6544291613 42147.7191995826 43060.6324175783 96.0760664327813 66430.125 40.5
303690 552.109777429386 -12865.1643935967 -12313.0546161673 42359.4744499974 41968.5249680581 42434.7254114055 42675.1729705286 -122.711928130788 66430.125 40.5
303700 558.952977794811 -12870.6988076936 -12311.7458298988 42069.2662558834 41832.5169098312 42203.7826971315 42171.4991606876 -150.544522601389 66430.125 40.5
303710 570.992905718168 -12881.2002631699 -12310.2073574517 41620.7436742745 41851.0883337049 41422.5113157619 41588.6313733566 -120.884380985786 66430.125 40.5
303720 577.889191972115 -12886.5539277067 -12308.6647357346 41494.5380901433 41982.6012186579 41058.6298725063 41442.3831792659 27.2588061119509 66430.125 40.5
303730 574.231176242128 -12881.5104919287 -12307.2793156866 41727.2752791799 42104.1657426056 41528.7098523903 41548.9502425439 320.077165240447 66430.125 40.5
303740 569.540889141975 -12875.5737074457 -12306.0328183037 41888.8797072708 41920.3807069387 42110.513373642 41635.7450412316 591.631251921242 66430.125 40.5
303750 572.117599840922 -12876.9686727128 -12304.8510728719 41871.0819597983 41615.8595948576 42419.6545683945 41577.7317161427 632.232129937085 66430.125 40.5
303760 575.28384431996 -12879.0402917461 -12303.7564474262 41860.3691070975 41536.902612391 42411.163316612 41633.0413922893 469.112284044655 66430.125 40.5
303770 570.906167957315 -12873.7028691807 -12302.7967012234 42298.3631390427 41944.8745592603 42647.0370095109 42303.177848357 332.459575080171 66430.125 40.5
303780 562.36800416016 -12864.2705448684 -12301.9025407083 42807.3578173916 42323.7192091013 43037.4470804996 43060.907162574 315.239108529766 66430.125 40.5
303790 558.687734490246 -12859.6144771002 -12300.9267426099 43022.3243528512 42433.498349955 43240.505949179 43392.9687594195 439.679489710539 66430.125 40.5
303800 563.989180100277 -12863.7868514265 -12299.7976713262 42847.7167043317 42366.5681501059 42917.9097387464 43258.6722241427 545.45582768653 66430.125 40.5
303810 573.050262404451 -12871.648686757 -12298.5984243526 42534.1195854435 42251.574340646 42416.8523898348 42933.9320258496 431.266071625141 66430.125 40.5
303820 578.450948583367 -12875.9491539041 -12297.4982053207 42342.4158240818 42292.9308366981 42075.930778724 42658.3858568234 236.972174300208 66430.125 40.5
303830 578.504557145398 -12875.1233463082 -12296.6187891628 42373.6309368403 42509.2879470554 42042.0877601871 42569.5171032783 243.339125323766 66430.125 40.5
303840 574.855637471348 -12870.8174757711 -12295.9618382997 42630.9022212483 42778.5328024272 42389.4993928987 42724.6744684191 357.098908338845 66430.125 40.5
303850 571.964747245713 -12867.4253178683 -12295.4605706225 42773.9360646646 42683.3784823425 42714.5863163032 42923.8433953481 546.031792337755 66430.125 40.5
303860 570.9335589967 -12865.9817359773 -12295.0481769806 42800.1670700545 42476.6961035481 42834.6707266905 43089.1343799248 578.451426094052 66430.125 40.5
303870 569.965596961971 -12864.6579802601 -12294.6923832982 42770.4007353734 42315.7226498542 42689.2313858537 43306.2481704122 445.881913815651 66430.125 40.5
303880 569.629546325547 -12864.0027368918 -12294.3731905662 42844.8523505636 42392.5040921691 42532.0029826422 43610.0499768794 344.048295711429 66430.125 40.5
303890 571.906498537968 -12865.9922285427 -12294.0857300047 42751.3524204392 42417.6750822543 42262.2250796293 43574.157099434 163.454041159534 66430.125 40.5
303900 576.071472164366 -12869.9446667347 -12293.8731945704 42776.1520546066 42783.1143533537 42320.5532103451 43224.788600121 36.6487814880386 66430.125 40.5
303910 577.172089391664 -12870.9789928526 -12293.806903461 42914.462247325 43104.7402274351 42754.8128055254 42883.8337090146 85.5411815123007 66430.125 40.5
303920 571.407713917715 -12865.3027827031 -12293.8950687854 43146.6993719676 43201.8199267703 43355.5833396535 42882.6948494788 215.269124889028 66430.125 40.5
303930 563.920120358872 -12857.9567463624 -12294.0366260036 43531.9891326565 43395.5922642735 43898.947781733 43301.427351963 248.404954769904 66430.125 40.5
303940 561.461312408723 -12855.5634357298 -12294.1021233211 43691.5788033711 43592.1054216569 43949.6642673462 43532.9667211102 -187.951465591441 66430.125 40.5
303950 564.610809065191 -12858.6454155781 -12294.0346065129 43512.0347593683 43719.2674056434 43510.5291937147 43306.3076787467 -626.281729491342 66430.125 40.5
303960 571.415405433276 -12865.3021492568 -12293.8867438235 43098.2763131008 43704.9078114734 42732.0072543169 42857.9138735121 -516.066534012655 66430.125 40.5
303970 576.962948154253 -12870.7378346595 -12293.7748865052 42677.2306746341 43640.9366084266 41940.6732139514 42450.0822015244 -275.600148180495 66430.125 40.5
303980 577.818572930198 -12871.6366478208 -12293.8180748906 42576.9512923018 43545.5545292802 41738.202498936 42447.0968486891 -205.233154900714 66430.125 40.5
303990 573.554230490562 -12867.6174758441 -12294.0632453536 42742.9789062846 43118.6123431242 42069.3357318659 43040.9886438637 -297.96691829368 66430.125 40.5
304000 570.547854653976 -12865.0415253199 -12294.493670666 42844.5239503213 42409.2733590945 42461.4351102519 43662.8633816174 -478.756825638773 66430.125 40.5
304010 574.873104000291 -12870.0132701894 -12295.1401661891 42646.5327689443 41578.6158082598 42599.0900319776 43761.8924665954 -694.124771757181 66430.125 40.5
304020 581.307439149701 -12877.4980191563 -12296.1905800066 42248.3595936791 41059.7392216448 42636.7472085148 43048.5923508777 -666.404219235829 66430.125 40.5
304030 580.500449211475 -12878.3968708985 -12297.8964216871 42149.5870753854 41188.1386113644 43000.4052409473 42260.2173738444 -302.847146858527 66430.125 40.5
304040 575.610145542281 -12875.970442857 -12300.3602973147 42204.8673653521 41608.8958650118 43129.0653453575 41876.640885687 86.9171487633252 66430.125 40.5
304050 573.788392535218 -12877.2435198791 -12303.4551273439 42166.5024717082 41967.1502443829 42640.1486469388 41892.208523803 395.009428317033 66430.125 40.5
304060 573.627500661791 -12880.5427529275 -12306.9152522657 42062.7189539083 42204.3812649294 41976.1086152975 42007.6669814981 662.432133103396 66430.125 40.5
304070 568.712883041535 -12879.0790339101 -12310.3661508686 42034.5888872446 42387.1572807132 41568.8957981807 42147.7135828399 671.843410161658 66430.125 40.5
304080 561.694061826569 -12875.1173916207 -12313.4233297941 42134.4153478604 42519.3848817035 41499.4008928052 42384.4602690726 436.90693631485 66430.125 40.5
304090 558.831090731434 -12874.7248363998 -12315.8937456684 42230.4678431677 42421.359172347 41478.8250914495 42791.2192657066 232.203301060377 66430.125 40.5
304100 557.157688730281 -12874.9406548312 -12317.7829661009 42201.0157462681 42258.55845264 41276.9438258475 43067.5449603168 9.40462076522188 66430.125 40.5
304110 554.990707269959 -12874.1602965591 -12319.1695892892 42170.6044891602 41977.155845815 41465.8756525159 43068.7819691497 -79.1929052932351 66430.125 40.5
304120 554.84879490574 -12874.9785723766 -12320.1297774708 42137.7095520157 41522.6669184163 41779.9592848854 43110.5024527454 -97.0024104318143 66430.125 40.5
304130 557.7623777622 -12878.5057643347 -12320.7433865725 41954.9862045907 41186.1228896155 41669.4343347935 43009.4013893631 32.6592758144544 66430.125 40.5
304140 562.520207375439 -12883.6372942457 -12321.1170868703 41675.2364311701 41151.4529301767 41196.3170110438 42677.9393522898 432.588744737775 66430.125 40.5
304150 563.240198850616 -12884.5868996785 -12321.3467008279 41601.3893355828 41463.8967856017 40826.4704280496 42513.8007930972 747.416264203966 66430.125 40.5
304160 558.016930503681 -12879.4634244901 -12321.4464939864 41812.2142916283 41779.0618613661 40994.0357771289 42663.5452363898 908.284007261841 66430.125 40.5
304170 553.44703864999 -12874.787667811 -12321.340629161 42054.4775856815 41765.3209663399 41540.8845788144 42857.2272118903 929.933033839898 66430.125 40.5
304180 554.778899773572 -12875.7333926323 -12320.9544928588 41984.9411853826 41409.7587943067 41796.4444466795 42748.6203151616 866.886217680046 66430.125 40.5
304190 561.196037214889 -12881.500051943 -12320.3040147282 41634.3387597537 41236.9998080751 41490.7430167966 42175.2734543895 814.597758803546 66430.125 40.5
304200 567.162538291269 -12886.6530072912 -12319.4904689999 41433.5242695497 41467.3275827282 41347.6071355378 41485.6380903829 806.205780654308 66430.125 40.5
304210 568.40024729061 -12887.0242697394 -12318.6240224488 41604.0026131571 41975.289061704 41769.8378711171 41066.8809066504 866.809514290047 66430.125 40.5
304220 564.88311331042 -12882.6175109049 -12317.7343975945 41879.6685123273 42192.2347900754 42205.9312265112 41240.8395203952 891.802519552199 66430.125 40.5
304230 560.816579783954 -12877.5844191706 -12316.7678393866 42148.3436459344 42231.8270617677 42372.1189519145 41841.0849241209 970.211782083378 66430.125 40.5
304240 558.847477705634 -12874.4950520656 -12315.6475743599 42275.3562972383 42071.592133293 42237.0927147298 42517.3840436919 1042.69040341465 66430.125 40.5
304250 559.648488085276 -12873.9786705108 -12314.3301824255 42146.8808147042 41618.7545808705 41970.6283363862 42851.2595268559 992.847155936578 66430.125 40.5
304260 565.166778303629 -12878.0087274734 -12312.8419491698 41832.6948573795 41077.9293262538 41843.1988641806 42576.9563817043 887.660452091917 66430.125 40.5
304270 570.644213408473 -12881.9305883302 -12311.2863749217 41631.6018017657 41036.8368797904 41763.9527885473 42094.0157369595 733.413693592277 66430.125 40.5
304280 570.032879047559 -12879.8080413151 -12309.7751622675 41789.2636893005 41528.6378875754 41836.8111447477 42002.3420355784 604.333174638209 66430.125 40.5
304290 568.986924562449 -12877.327695089 -12308.3407705265 41994.1103174758 41768.4871157423 41934.941238135 42278.9025985502 624.623661018124 66430.125 40.5
304300 571.514504881029 -12878.4883157355 -12306.9738108545 42048.652654024 41665.9312487781 41908.7033026246 42571.3234106693 586.492967670128 66430.125 40.5
304310 573.846289324932 -12879.5520742624 -12305.7057849375 42040.2697961263 41514.3681764207 41922.6870253801 42683.7541865782 310.484649955939 66430.125 40.5
304320 574.559604613919 -12879.1458840629 -12304.586279449 42144.6282078569 41457.9877322274 42258.1962027772 42717.7006885662 153.656022436465 66430.125 40.5
304330 571.35722995777 -12874.9805621037 -12303.6233321459 42267.0873546664 41386.9750352344 42734.8588913405 42679.4281374243 290.971369588301 66430.125 40.5
304340 563.215761967444 -12865.9564151382 -12302.7406531708 42572.2491769007 41628.0508420824 43269.7501143105 42818.9465743091 488.093231275269 66430.125 40.5
304350 558.159534517321 -12859.9554208446 -12301.7958863273 42899.9197564033 41990.740155073 43704.1377450768 43004.8813690601 671.747494423537 66430.125 40.5
304360 562.854636764955 -12863.5572257796 -12300.7025890146 42927.4751742063 42111.5088055003 43755.6575866274 42915.259130491 683.613094353564 66430.125 40.5
304370 569.399811525772 -12868.917698376 -12299.5178868502 42855.2813379923 42154.6485551201 43762.9700921617 42648.2253666952 628.101286860195 66430.125 40.5
304380 568.578228522474 -12866.9307471069 -12298.3525185844 43002.6368446519 42623.8719559748 43958.8788891781 42425.1596888028 592.152763370036 66430.125 40.5
304390 565.805317984938 -12863.0322488707 -12297.2269308857 43146.890355214 43097.2806061375 44054.0668929498 42289.3235665546 562.331409433803 66430.125 40.5
304400 566.401809344913 -12862.4999681298 -12296.0981587849 43150.4175691161 43153.2296669271 43767.2563247891 42530.7667156319 708.519468479058 66430.125 40.5
304410 568.815860693527 -12863.7760803276 -12294.960219634 42995.0504892506 43099.7352256564 42954.3036839091 42931.1125581863 708.66791977653 66430.125 40.5
304420 575.037514365388 -12868.9083778802 -12293.8708635148 42625.3733152325 42972.1786289883 41871.6718982193 43032.2694184899 523.142882489999 66430.125 40.5
304430 582.378319751494 -12875.3246730899 -12292.9463533384 42338.4328768271 42767.8110274747 41464.9912855248 42782.4963174817 29.4243663916968 66430.125 40.5
304440 583.307677489914 -12875.6145529015 -12292.3068754116 42277.6282012362 42493.8297968541 41829.9932675337 42509.0615393207 -342.896497903237 66430.125 40.5
304450 578.937785596708 -12870.9144383182 -12291.9766527215 42461.870141725 42332.3159433214 42431.9965600208 42621.2979218328 -474.08527723204 66430.125 40.5
304460 573.073862247763 -12864.9353593664 -12291.8614971187 42809.3680255492 42374.0641399505 42928.543340361 43125.4965963361 -391.151780056034 66430.125 40.5
304470 570.812354368603 -12862.6556479853 -12291.8432936167 42871.660294136 42208.5648927333 43107.1147159345 43299.3012737401 -20.4244535021055 66430.125 40.5
304480 575.19170615088 -12867.0847617919 -12291.893055641 42699.1362627668 41991.0461434484 43079.7157143424 43026.6469305095 401.413385057215 66430.125 40.5
304490 576.426234558135 -12868.494692579 -12292.0684580209 42736.3599101654 42187.0502132368 43059.8591389308 42962.1703783285 684.870543203295 66430.125 40.5
304500 569.517639034756 -12861.8927295473 -12292.3750905126 43041.9436248446 42619.8979735636 43230.905067725 43275.0278332451 752.960752809467 66430.125 40.5
304510 566.020748623279 -12858.7364605619 -12292.7157119387 43272.3589267767 42823.8259633746 43417.238820447 43576.0119965085 657.977781285238 66430.125 40.5
304520 573.180647497354 -12866.2273038362 -12293.0466563389 42900.4298429181 42325.7256584939 43239.2394617748 43136.3244084856 428.847167655716 66430.125 40.5
304530 583.872452140782 -12877.3765972923 -12293.5041451515 42274.125807658 41762.3637564081 42723.1122935129 42336.9013730529 221.639724505766 66430.125 40.5
304540 587.791508734037 -12882.0947247298 -12294.3032159958 41887.4252264556 41530.9929591302 42204.7055584148 41926.5771618219 157.151581143655 66430.125 40.5
304550 583.193627306143 -12878.7542117315 -12295.5605844254 42088.239761868 41882.9642635037 42256.857513926 42124.8975081744 -4.70746469878343 66430.125 40.5
304560 572.858846969745 -12870.064130617 -12297.2052836472 42555.0441255572 42378.0357999112 42694.0839629216 42593.0126138389 -167.274106746451 66430.125 40.5
304570 564.069265663337 -12863.1178841802 -12299.0486185169 43002.3205644898 42797.4614315695 43021.2015771496 43188.2986847503 -221.354022367925 66430.125 40.5
304580 561.729135254223 -12862.6591072504 -12300.9299719962 43187.3811430025 42878.7904409706 42973.8971647717 43709.4558232652 -172.772782267797 66430.125 40.5
304590 561.447647057442 -12864.2191834271 -12302.7715363697 43038.7215241214 42823.811867937 42651.2555563147 43641.0971481126 -63.0276013980326 66430.125 40.5
304600 560.769750458389 -12865.3043628622 -12304.5346124038 42768.6196835252 42870.6775158238 42275.1341193252 43160.0474154268 -33.2567393843199 66430.125 40.5
304610 561.392425818496 -12867.5771856388 -12306.1847598203 42438.4822318217 42625.459851953 42015.6651960205 42674.3216474916 -169.937124447469 66430.125 40.5
304620 563.830371097444 -12871.5468484312 -12307.7164773338 42123.3177981746 42198.3460403545 41821.1544838729 42350.4528702965 -412.11348335493 66430.125 40.5
304630 567.216567047935 -12876.3760286658 -12309.1594616179 41871.6113444428 41645.1960200901 41646.9344965178 42322.7035167204 -630.859926287921 66430.125 40.5
304640 569.774599124561 -12880.3383128815 -12310.563713757 41696.8569162768 40936.0812026767 41619.9421311816 42534.547414972 -636.686990701743 66430.125 40.5
304650 568.389692023792 -12880.3373132637 -12311.9476212399 41597.1121059725 40557.8343802276 41685.3943793033 42548.1075583866 -424.81577270711 66430.125 40.5
304660 564.081992110891 -12877.3380420929 -12313.256049982 41641.9625581961 40719.7681540277 41780.2108635473 42425.9086570133 -3.28536612801324 66430.125 40.5
304670 561.98368497997 -12876.3901953226 -12314.4065103426 41701.8519398105 41205.397852202 41763.3453931007 42136.8125741287 302.682091580947 66430.125 40.5
304680 562.396346763142 -12877.7508325173 -12315.3544857542 41659.2137752958 41502.9368264455 41591.6688501374 41883.0356493046 264.447697807548 66430.125 40.5
304690 564.254864507279 -12880.3596238329 -12316.1047593257 41698.8213312458 41735.0822343518 41443.2799815809 41918.1017778048 26.6019702167537 66430.125 40.5
304700 569.247531361532 -12885.9588605945 -12316.711329233 41480.8157008502 41480.4916810265 41218.7060693012 41743.2493522229 -56.0076532263774 66430.125 40.5
304710 573.274883845156 -12890.5426327347 -12317.2677488896 41201.346985771 40999.1963103288 41064.0801553198 41540.7644916642 -18.9870152103852 66430.125 40.5
304720 568.93453980864 -12886.745692093 -12317.8111522844 41200.0252375402 40864.8393691072 41091.3106785152 41643.9256649984 149.593386933192 66430.125 40.5
304730 560.503648124383 -12878.764629986 -12318.2609818616 41533.0614374144 41129.2954635321 41404.536386342 42065.352462369 355.343664490381 66430.125 40.5
304740 553.653716540279 -12872.1369481682 -12318.483231628 42029.6369451435 41645.2874778699 41904.0821327356 42539.5412248248 531.817006148854 66430.125 40.5
304750 550.646413102701 -12869.0519578835 -12318.4055447808 42404.9047883891 42260.7931647589 42255.251919552 42698.6692808563 561.071432898093 66430.125 40.5
304760 550.87484621601 -12868.9158771195 -12318.0410309035 42557.7771273681 42768.9502739733 42303.5693472983 42600.8117608326 476.442361724908 66430.125 40.5
304770 552.511865578758 -12869.9624443988 -12317.45057882 42513.6439483017 42794.0165855486 42220.1280366808 42526.7872226758 329.527251047397 66430.125 40.5
304780 555.973448931193 -12872.6871927475 -12316.7137438163 42360.7042336791 42571.2386514226 41959.7603515116 42551.113698103 197.134660716463 66430.125 40.5
304790 559.582237178139 -12875.4841347158 -12315.9018975376 41987.9560464683 42369.5319575481 41230.6210426645 42363.7151391923 158.213731253169 66430.125 40.5
304800 564.73116575762 -12879.8156027192 -12315.0844369615 41670.1126255182 42507.88437503 40455.1871735822 42047.2663279422 127.459603196513 66430.125 40.5
304810 570.765802786469 -12885.1007926767 -12314.3349898902 41357.9799824891 42515.8048968496 39891.2342908709 41666.9007597467 235.078345880986 66430.125 40.5
304820 573.430226835818 -12887.1526411412 -12313.7224143054 41170.5741097593 42252.536402275 39913.3047442892 41345.8811827139 372.061109380041 66430.125 40.5
304830 573.5264175219 -12886.7963634552 -12313.2699459333 41158.8969375592 41970.1814707799 40102.1193081383 41404.3900337595 470.712824559982 66430.125 40.5
304840 573.335695431364 -12886.297801518 -12312.9621060867 41358.6355454388 41992.1812011885 40118.2454836959 41965.479951432 424.627450929719 66430.125 40.5
304850 570.695151335851 -12883.4556640302 -12312.7605126943 41511.5701540945 41985.4499572586 40076.7313180796 42472.5291869453 377.908958665993 66430.125 40.5
304860 566.782500892626 -12879.3990518983 -12312.6165510056 41778.8565751444 42217.7403957778 40411.924505876 42706.9048237793 543.966220166128 66430.125 40.5
304870 559.350884980578 -12871.7819380839 -12312.4310531033 42060.1206165782 42451.0968133624 41106.7013478907 42622.5636884816 698.176933559629 66430.125 40.5
304880 554.075425098284 -12866.1457956795 -12312.0703705812 42153.3292837953 42249.473005762 41779.2857465821 42431.2290990419 685.312855270892 66430.125 40.5
304890 560.585691811197 -12872.0585767557 -12311.4728849445 42142.3817006314 42012.7834501099 41986.5113146492 42427.8503371351 528.402338913463 66430.125 40.5
304900 566.810931471793 -12877.5214919956 -12310.7105605238 42208.254220071 42220.5170684385 41676.0311282399 42728.2144635346 601.685977778415 66430.125 40.5
304910 563.169205281697 -12873.0456758703 -12309.8764705886 42428.0602173834 42754.0850374357 41449.9215965983 43080.1740181162 830.664185727654 66430.125 40.5
304920 562.370989458302 -12871.3229998976 -12308.9520104393 42481.5441234305 43214.9518977219 41343.8129369775 42885.8675355921 791.040667228382 66430.125 40.5
304930 569.606818840754 -12877.5311035811 -12307.9242847403 42291.841547713 43300.3246815676 41429.3638696625 42145.8360919091 343.818516994548 66430.125 40.5
304940 572.615750477779 -12879.5043997168 -12306.888649239 42172.4398692989 43198.6206779258 41724.7761027102 41593.9228272607 -65.8460302896449 66430.125 40.5
304950 566.574611586069 -12872.4817879241 -12305.9071763381 42390.1810574432 43206.7855646221 42291.5163205849 41672.2412871226 10.8638919682136 66430.125 40.5
304960 561.094548787169 -12865.994688095 -12304.9001393078 42715.8087548168 43341.6588191456 42849.6874505413 41956.0799947636 410.358823817148 66430.125 40.5
304970 561.717669613775 -12865.4782530994 -12303.7605834857 42962.2948656213 43629.5713338103 43094.6420979063 42162.6711651475 767.047051527794 66430.125 40.5
304980 565.888424888218 -12868.373626832 -12302.4852019438 42981.5105472987 43648.5088874623 43065.9835212022 42230.0392332317 860.124179565335 66430.125 40.5
304990 568.912041072454 -12870.0610685068 -12301.1490274343 42887.3162232836 43358.6277688443 42836.3821058949 42466.9387951115 764.553611532176 66430.125 40.5
305000 568.965600900036 -12868.7874756037 -12299.8218747037 42904.4200946245 43017.7389253913 42609.8711835017 43085.6501749803 520.455818397941 66430.125 40.5
