# Fix print output for fix setl_out
61000 148.943010281542 -13294.8030070624 -13145.8599967808 8480.2324674023 8264.1546573943 8419.18318752712 8757.35955728548 -87.698145630973 66430.125 40.5
61010 147.913108464665 -13293.7102025762 -13145.7970941115 8479.60596666189 8289.79295523848 8367.63505807861 8781.38988666857 -136.315071177211 66430.125 40.5
61020 147.796381035305 -13293.394851118 -13145.5984700827 8493.64743730951 8360.12357689439 8396.69446613343 8724.1242689007 -76.5140058643587 66430.125 40.5
61030 148.75285527064 -13294.0118387603 -13145.2589834897 8511.96415575973 8438.27663924339 8472.83753084163 8624.77829719418 37.0043988299017 66430.125 40.5
61040 149.960541567076 -13294.7535198795 -13144.7929783125 8547.75211423337 8508.98363622336 8586.40958394834 8547.86312252841 108.17640865728 66430.125 40.5
61050 150.403929299699 -13294.634048063 -13144.2301187633 8631.0477447183 8616.16707286444 8698.06668816245 8578.90947312801 81.0142282873159 66430.125 40.5
61060 149.935565383585 -13293.5379465008 -13143.6023811172 8719.60933776343 8722.78080582298 8751.43068734148 8684.61652012584 -20.27879487526 66430.125 40.5
61070 149.325533003947 -13292.2629239154 -13142.9373909114 8745.30925391646 8743.01729414689 8734.29745276855 8758.61301483394 -155.927048616876 66430.125 40.5
61080 149.010534433012 -13291.2737843029 -13142.2632498699 8727.98361307444 8639.87918998167 8736.34328066614 8807.7283685755 -232.491853587467 66430.125 40.5
61090 148.702193509585 -13290.3107434388 -13141.6085499293 8738.68521317353 8544.3922626115 8790.2468641653 8881.41651274379 -231.013236198373 66430.125 40.5
61100 148.939917220885 -13289.9330265529 -13140.993109332 8763.23477181608 8544.02890179674 8809.00036856551 8936.67504508598 -180.662973456252 66430.125 40.5
61110 150.34314925151 -13290.7686954683 -13140.4255462168 8765.67073560533 8596.80644884299 8789.12879315246 8911.07696482053 -102.590873775163 66430.125 40.5
61120 152.433718951408 -13292.3475284695 -13139.913809518 8748.30996835257 8671.56073817274 8764.20162759813 8809.16753928683 -88.9070277017518 66430.125 40.5
61130 154.135697415386 -13293.6029929673 -13139.4672955519 8734.69951836655 8748.54283610296 8762.26111802779 8693.29460096892 -164.278840617704 66430.125 40.5
61140 154.491388634259 -13293.5776226807 -13139.0862340464 8758.36018185219 8819.64667661779 8805.42817219879 8650.00569673998 -226.09332212955 66430.125 40.5
61150 153.640954195267 -13292.3943352867 -13138.7533810914 8811.19881790891 8867.69909305682 8851.27903606576 8714.61832460416 -200.489638590646 66430.125 40.5
61160 152.194962599659 -13290.6311787245 -13138.4362161248 8862.39263874685 8850.98274342499 8877.33031392781 8858.86485888776 -109.393436760239 66430.125 40.5
61170 150.935266562441 -13289.0328739957 -13138.0976074333 8926.77532627098 8847.27472288718 8933.25705377037 8999.79420215539 -31.6924186196267 66430.125 40.5
61180 151.178419686196 -13288.889712303 -13137.7112926168 8930.79817640708 8806.38828114931 8997.02586033715 8988.98038773477 23.514161241044 66430.125 40.5
61190 152.793677093171 -13290.0709742456 -13137.2772971524 8901.33797498116 8742.32262841264 9107.26646442339 8854.42483210744 68.5697870136548 66430.125 40.5
61200 153.739760603396 -13290.5597874397 -13136.8200268363 8887.29838153659 8712.48031211026 9173.95277934267 8775.46205315684 107.199939628122 66430.125 40.5
61210 152.99270960759 -13289.3520729318 -13136.3593633242 8920.83166294558 8777.46464595538 9126.55607355407 8858.4742693273 88.8972119576653 66430.125 40.5
61220 151.930646927827 -13287.8186978361 -13135.8880509083 8975.32073045621 8916.73231124988 9012.0242397064 8997.20564041235 22.3175759934534 66430.125 40.5
61230 152.638260602251 -13288.0288680292 -13135.3906074269 8975.65194417879 9006.30104443419 8916.69931912468 9003.9554689775 -4.46930997169655 66430.125 40.5
61240 155.166838565971 -13290.0456235607 -13134.8787849948 8910.96695304161 8980.69908099382 8888.79838584979 8863.40339228122 69.3945379677825 66430.125 40.5
61250 156.75124498014 -13291.1462681527 -13134.3950231725 8907.62785801118 8993.07861121025 8977.19680833708 8752.6081544862 169.198783673813 66430.125 40.5
61260 155.560576959613 -13289.5297347211 -13133.9691577615 9018.42162331478 9103.01629573184 9135.37864661604 8816.86992759645 194.401824460122 66430.125 40.5
61270 153.62223042682 -13287.2047623411 -13133.5825319143 9126.02448815891 9198.25190253877 9168.69765409824 9011.12390783971 170.488906262825 66430.125 40.5
61280 153.920067604519 -13287.1187060891 -13133.1986384846 9110.1648370958 9125.91014841296 9044.05909621741 9160.52526665702 130.395970329114 66430.125 40.5
61290 156.245044348763 -13289.0594987952 -13132.8144544464 9016.84531810355 8959.99270364426 8919.61796466422 9170.92528600216 63.5875724332963 66430.125 40.5
61300 157.89682454202 -13290.3623183448 -13132.4654938027 8974.10804363609 8866.83122224831 8961.68382536286 9093.8090832971 35.2788279711346 66430.125 40.5
61310 157.046425920494 -13289.2273390101 -13132.1809130896 9008.42537143581 8884.71247293866 9132.22180984756 9008.34183152123 73.4305372690793 66430.125 40.5
61320 154.391959055342 -13286.3359989379 -13131.9440398826 9112.33452213299 8973.59295115214 9347.94750365401 9015.46311159281 158.614613372191 66430.125 40.5
61330 152.503080522386 -13284.2085747374 -13131.705494215 9202.35034624393 9048.15334864827 9459.33541870132 9099.56227138221 213.935386632289 66430.125 40.5
61340 153.083188845494 -13284.511163504 -13131.4279746585 9198.1962916567 9070.12850321673 9409.91495241088 9114.5454193425 183.308138068675 66430.125 40.5
61350 155.576111316612 -13286.6925522057 -13131.1164408891 9126.89381781026 9038.01988095819 9310.42638780094 9032.23518467164 107.38167283578 66430.125 40.5
61360 158.204912576329 -13289.0194081792 -13130.8144956028 9055.74502859702 8979.90816500845 9229.61066877177 8957.71625201084 31.6959373688652 66430.125 40.5
61370 159.295724271029 -13289.868919076 -13130.573194805 9025.17764162404 8940.31252371043 9171.2436797468 8963.97672141489 22.9232277597967 66430.125 40.5
61380 158.482797986242 -13288.8983600243 -13130.415562038 9090.80240309064 8995.47782479858 9159.99765948782 9116.93172498553 84.1944070737384 66430.125 40.5
61390 157.026866147809 -13287.3542638792 -13130.3273977314 9196.7867548735 9088.20632677037 9205.87259973025 9296.28133811987 186.541976261509 66430.125 40.5
61400 156.415133327521 -13286.6968613098 -13130.2817279823 9258.18739141765 9154.17303337912 9245.9032260498 9374.48591482403 267.168469818357 66430.125 40.5
61410 156.49935140937 -13286.7640351667 -13130.2646837574 9245.84262939074 9145.78340753777 9239.48645280589 9352.25802782855 280.12459392267 66430.125 40.5
61420 156.181066592115 -13286.4557036024 -13130.2746370103 9245.94495070058 9128.0884763806 9262.19676456537 9347.54961115578 209.218944837191 66430.125 40.5
61430 155.454439607184 -13285.7606180481 -13130.3061784409 9257.44073930098 9166.77467616896 9268.5323973679 9337.01514436609 104.71838772869 66430.125 40.5
61440 155.162154557235 -13285.5099249692 -13130.347770412 9246.08371328404 9233.42110672701 9210.41729157739 9294.41274154772 22.4718064717011 66430.125 40.5
61450 155.689351637812 -13286.0843608787 -13130.3950092409 9208.58765864627 9278.42690207902 9121.45520340075 9225.88087045902 -2.22623498074788 66430.125 40.5
61460 156.605291265266 -13287.0636537268 -13130.4583624615 9139.71698916822 9226.65775674039 9070.08407467917 9122.40913608509 -10.4894519257668 66430.125 40.5
61470 157.152988707275 -13287.7095440271 -13130.5565553198 9098.5797564939 9115.8975698612 9138.24238271542 9041.59931690507 0.0788011027563797 66430.125 40.5
61480 156.913940810374 -13287.6157500879 -13130.7018092776 9129.35271142621 9082.92177965606 9279.68573569479 9025.45061892777 28.7119815003179 66430.125 40.5
61490 156.441825572904 -13287.3360185088 -13130.8941929359 9141.58179862924 9083.44712566691 9358.59252694876 8982.70574327204 38.5958287720458 66430.125 40.5
61500 156.070984913485 -13287.19913577 -13131.1281508565 9118.77665811126 9093.04631625564 9330.02155919534 8933.26209888278 29.9029716949999 66430.125 40.5
61510 155.351236860053 -13286.747020474 -13131.3957836139 9095.55772088251 9086.43893755608 9267.02220417469 8933.21202091678 0.974232759393728 66430.125 40.5
61520 154.685192138617 -13286.3695945184 -13131.6844023798 9091.49725578615 9105.26087816152 9189.15050352339 8980.08038567353 -31.9240780081186 66430.125 40.5
61530 154.811111929668 -13286.7955211659 -13131.9844092363 9093.58219829155 9138.97651072004 9111.08087163628 9030.68921251833 2.14866522554667 66430.125 40.5
61540 155.299382808197 -13287.5966340302 -13132.297251222 9085.10913505332 9171.94422762582 9039.45734404768 9043.92583348647 101.953118857239 66430.125 40.5
61550 155.680460135565 -13288.3118184881 -13132.6313583525 9070.41317025516 9230.90421344398 9003.88949413954 8976.44580318196 179.631291109409 66430.125 40.5
61560 156.068438118621 -13289.0631995356 -13132.994761417 9031.09962205648 9275.64424043638 8962.25691966151 8855.39770607155 142.707251382791 66430.125 40.5
61570 156.399092447567 -13289.7935136062 -13133.3944211586 8978.5675978946 9229.68377589703 8928.43742460414 8777.58159318263 53.2487271845418 66430.125 40.5
61580 156.102154405434 -13289.9338010563 -13133.8316466508 8972.79500372592 9138.15792854478 8982.16288198961 8798.06420064337 -32.558097337046 66430.125 40.5
61590 155.152957624546 -13289.4457963005 -13134.292838676 8995.59090415833 9034.17445371886 9090.27262610328 8862.32563265285 -45.0581639396895 66430.125 40.5
61600 154.494511637513 -13289.248398553 -13134.7538869155 9003.24468124901 8943.07975034762 9168.31354528152 8898.34074811791 33.6436530732876 66430.125 40.5
61610 154.451457707256 -13289.6487836757 -13135.1973259685 8969.74928612737 8870.4447014335 9137.56092176998 8901.24223517862 157.626574366428 66430.125 40.5
61620 153.92563454111 -13289.5384663764 -13135.6128318353 8925.19054309193 8806.01391941049 9037.71192895191 8931.84578091338 228.577453357798 66430.125 40.5
61630 152.369577675063 -13288.3517124116 -13135.9821347365 8968.26588145593 8831.1818104858 9025.76948236684 9047.84635151514 228.314596270134 66430.125 40.5
61640 150.861531274263 -13287.1372389627 -13136.2757076884 9040.64363887233 8899.89042263397 9079.71571315682 9142.32478082618 175.155965800764 66430.125 40.5
61650 151.152441443118 -13287.6278099389 -13136.4753684958 8995.69650946897 8877.06972716626 9030.58852320179 9079.43127803887 122.19914236163 66430.125 40.5
61660 153.053228319755 -13289.6484775206 -13136.5952492008 8887.95587787814 8828.65096187452 8917.15917749043 8918.05749426948 149.928096330529 66430.125 40.5
61670 153.973054677777 -13290.6410055347 -13136.6679508569 8866.56601174525 8853.86794774832 8941.43150440679 8804.39858308063 214.883714351081 66430.125 40.5
61680 153.086841618762 -13289.7977718583 -13136.7109302395 8936.72791301979 8940.46482207966 9108.24916954148 8761.46974743822 233.228240453956 66430.125 40.5
61690 152.05245057547 -13288.7659747794 -13136.713524204 8997.88550563785 9028.5328605281 9221.77448743209 8743.34916895336 200.731856849955 66430.125 40.5
61700 152.26038763869 -13288.9212067572 -13136.6608191185 8984.72773780603 9049.45972578708 9182.81980107214 8721.90368655886 133.640564180582 66430.125 40.5
61710 153.608355389056 -13290.1659482612 -13136.5575928722 8929.98077662236 9005.95409953335 9042.80666800747 8741.18156232625 90.0980299137013 66430.125 40.5
61720 154.828137281446 -13291.2550728259 -13136.4269355444 8863.5882203604 8898.64837262291 8891.63248353013 8800.48380492817 65.4129052801817 66430.125 40.5
61730 155.098633356732 -13291.3899102869 -13136.2912769302 8847.00302734341 8791.20186776448 8849.7904087246 8900.01680554116 109.268195418632 66430.125 40.5
61740 154.615071593218 -13290.7723421128 -13136.1572705196 8869.45838195189 8705.43327452991 8902.9810979503 8999.96077337545 175.670399533384 66430.125 40.5
61750 153.770416008946 -13289.785715999 -13136.0152999901 8919.20732200374 8724.56981332045 8978.31338239669 9054.73877029408 226.017999604072 66430.125 40.5
61760 153.38319103487 -13289.2328172095 -13135.8496261746 8974.09686456075 8863.6187998964 9038.51272682029 9020.15906696557 222.862840787663 66430.125 40.5
61770 154.071846612941 -13289.7250453129 -13135.6531986999 8992.71225396743 9070.47798192617 9028.75242011005 8878.90635986606 169.890844822133 66430.125 40.5
61780 154.900635682397 -13290.335244434 -13135.4346087516 8977.49274927279 9261.71916053113 8945.51610745491 8725.24297983232 74.9745319056973 66430.125 40.5
61790 154.538745609937 -13289.7449325689 -13135.206186959 8974.63445712697 9340.92563578112 8875.76620512001 8707.21153047976 -28.4648584213566 66430.125 40.5
61800 153.062264766739 -13288.0231018226 -13134.9608370558 9015.30119709304 9286.7841172891 8925.88088364618 8833.23859034383 -67.0481029512351 66430.125 40.5
61810 152.312599283368 -13286.9848945927 -13134.6722953094 9067.6081066558 9199.38241571154 9015.78896542142 8987.65293883446 -19.8215033320542 66430.125 40.5
61820 153.887512422786 -13288.2118552985 -13134.3243428757 9032.77621671181 9083.55245410814 9026.70726268364 8988.06893334366 44.8459856671427 66430.125 40.5
61830 156.818699775571 -13290.757010919 -13133.9383111435 8936.08222449772 8959.62242434679 8977.66708957961 8870.95715956675 100.037540084249 66430.125 40.5
61840 158.452676327177 -13292.0187612988 -13133.5660849717 8903.02548455279 8953.657951245 8972.77344540414 8782.64505700924 135.954318170189 66430.125 40.5
61850 157.365303682231 -13290.6091089007 -13133.2438052184 8975.82378106929 9055.6433697365 9065.18563591872 8806.64233755264 94.5038219003509 66430.125 40.5
61860 154.893036812124 -13287.8501530194 -13132.9571162073 9103.65009226436 9182.11697970914 9205.08803297352 8923.74526411044 0.924326534485629 66430.125 40.5
61870 153.408453325793 -13286.0679162719 -13132.6594629461 9166.26501937886 9238.27037094774 9259.23243074306 9001.2922564458 -44.8362648728946 66430.125 40.5
61880 153.774179247874 -13286.0881993066 -13132.3140200587 9146.49821621361 9235.34830828565 9219.57825394593 8984.56808640924 -32.5466426666548 66430.125 40.5
61890 155.039703763313 -13286.953156365 -13131.9134526017 9096.18204551785 9236.54036831868 9112.75485385984 8939.25091437503 10.9142638611449 66430.125 40.5
61900 155.983996581776 -13287.4545040179 -13131.4705074361 9063.28568194483 9270.59132629445 9027.65996655292 8891.60575298712 99.2750188273289 66430.125 40.5
61910 156.195283016264 -13287.1921940266 -13130.9969110104 9073.0752801942 9299.41878057072 9068.48194505159 8851.32511496029 219.306319175252 66430.125 40.5
61920 156.201978945434 -13286.6933942239 -13130.4914152784 9107.14648671386 9263.06481778838 9198.28276911015 8860.09187324306 315.30519681227 66430.125 40.5
61930 156.868901388666 -13286.8164510998 -13129.9475497111 9156.4254942055 9170.44915012258 9342.23834841969 8956.58898407422 323.985981204759 66430.125 40.5
61940 157.763524365521 -13287.1306443857 -13129.3671200202 9218.32480042434 9089.05173748221 9427.89489861336 9138.02776517744 247.487372514908 66430.125 40.5
61950 157.911070710297 -13286.6725206263 -13128.761449916 9291.50331410366 9113.13339958077 9443.14455313941 9318.23198959079 142.151278258641 66430.125 40.5
61960 157.429238119664 -13285.5653526927 -13128.136114573 9355.67127224058 9282.09609699483 9419.22605693456 9365.69166279234 66.3883142701514 66430.125 40.5
61970 156.925722771252 -13284.411511207 -13127.4857884358 9385.44820664883 9479.48004016589 9341.35741425285 9335.50716552776 46.2659306367395 66430.125 40.5
61980 156.799182976541 -13283.6048464243 -13126.8056634477 9400.71381006465 9606.86856432458 9293.24788487999 9302.02498098938 90.7650805329453 66430.125 40.5
61990 157.702849955166 -13283.8082283877 -13126.1053784325 9365.40789308758 9592.21681518758 9268.46750638816 9235.53935768698 139.530366131396 66430.125 40.5
62000 159.757528099904 -13285.1799686686 -13125.4224405687 9266.89052471356 9453.82722323696 9208.2828071806 9138.56154372311 120.455389824317 66430.125 40.5
62010 161.124555043145 -13285.9445675764 -13124.8200125332 9255.56621135057 9364.77925186615 9264.64225505818 9137.27712712739 53.3568602622674 66430.125 40.5
62020 160.280076514169 -13284.6288250401 -13124.3487485259 9352.66821369379 9372.04945329705 9464.92987149164 9221.02531629267 -22.6495878248729 66430.125 40.5
62030 158.226289990867 -13282.2328006011 -13124.0065106102 9473.72115622007 9434.3167450383 9677.86777708568 9308.97894653623 -75.3876916490728 66430.125 40.5
62040 157.043636932465 -13280.7991590651 -13123.7555221326 9545.62551012537 9523.19816286568 9766.79441227345 9346.88395523697 -106.900274251262 66430.125 40.5
62050 157.78962566004 -13281.3594171035 -13123.5697914435 9522.32492231877 9583.06649975063 9679.9515219292 9303.95674527649 -114.927142504948 66430.125 40.5
62060 159.878609920566 -13283.3377801064 -13123.4591701859 9415.77946458822 9553.64573986916 9504.97769650217 9188.71495739334 -64.1843337800186 66430.125 40.5
62070 161.604289634193 -13285.0583630012 -13123.454073367 9305.68546549213 9463.2154680364 9337.67880211958 9116.16212632042 8.23674753877634 66430.125 40.5
62080 162.219016423722 -13285.7898914765 -13123.5708750528 9280.53582246979 9398.18828653092 9254.51010291755 9188.90907796089 32.6349903315938 66430.125 40.5
62090 162.559590393181 -13286.3576488415 -13123.7980584484 9254.98579715679 9298.85179238312 9182.96146738007 9283.14413170718 21.7141620699365 66430.125 40.5
62100 162.468040176203 -13286.5773256567 -13124.1092854805 9258.32320075626 9222.7373781325 9187.25927732982 9364.97294680645 24.6543436754093 66430.125 40.5
62110 160.559176130323 -13285.0230468677 -13124.4638707374 9362.28428829839 9279.97486818398 9357.0520829316 9449.82591377959 72.8480475555183 66430.125 40.5
62120 157.42084447949 -13282.2259712233 -13124.8051267438 9502.83390698747 9447.14117049306 9589.50380603088 9471.85674443846 155.463694398922 66430.125 40.5
62130 155.785883766922 -13280.876831126 -13125.0909473591 9550.65370705027 9542.86675383622 9747.50785489507 9361.58651241951 210.879078190172 66430.125 40.5
62140 157.019933973489 -13282.3453237225 -13125.325389749 9470.48677057242 9497.81540690704 9755.30294826156 9158.34195654865 197.806023209407 66430.125 40.5
62150 159.44277063896 -13284.9965696178 -13125.5537989788 9333.13887279476 9415.56570872179 9628.81466276235 8955.03624690014 155.232058590635 66430.125 40.5
62160 160.675557760879 -13286.5048461519 -13125.829288391 9248.57172517839 9400.74577459713 9474.75022444601 8870.21917649204 104.424864401029 66430.125 40.5
62170 159.969626056104 -13286.145355398 -13126.1757293419 9236.85078663288 9454.20109103899 9316.449936181 8939.90133267866 84.7442924325082 66430.125 40.5
62180 158.531040850225 -13285.1104267511 -13126.5793859009 9264.91253711259 9526.19022157006 9196.46109412618 9072.08629564154 105.40491865479 66430.125 40.5
62190 158.01883496224 -13285.0367144557 -13127.0178794934 9263.44879786324 9482.17810744082 9146.71180622191 9161.45647992698 114.20086035413 66430.125 40.5
62200 157.987228344668 -13285.4698698646 -13127.4826415199 9235.09768758224 9316.11989862617 9193.95054302531 9195.22262109522 84.1938864676611 66430.125 40.5
62210 157.045562585644 -13285.0136371451 -13127.9680745595 9246.8682705588 9159.21189128772 9329.33977424693 9252.05314614176 67.5832463296028 66430.125 40.5
62220 155.206592901274 -13283.6576250554 -13128.4510321541 9287.8716171426 9123.97446994335 9469.41484383373 9270.22553765073 97.6913858485063 66430.125 40.5
62230 154.036867287622 -13282.936396759 -13128.8995294713 9288.54516491855 9152.5905734718 9502.47048482824 9210.57443645562 152.803722925289 66430.125 40.5
62240 154.698699396525 -13284.0003531232 -13129.3016537267 9244.60726474526 9176.06650710483 9432.22661768318 9125.52866944778 166.045698844127 66430.125 40.5
62250 156.618841390628 -13286.2970652056 -13129.678223815 9164.03467455684 9137.63615151582 9297.90568821972 9056.562183935 125.660580524648 66430.125 40.5
62260 158.43419526845 -13288.5032488561 -13130.0690535876 9092.81702971839 9137.56548862061 9144.30308169209 8996.58251884247 112.578631643557 66430.125 40.5
62270 159.146518997765 -13289.654795588 -13130.5082765902 9054.81158978244 9179.20266367001 9025.34229966673 8959.88980601058 137.989146008277 66430.125 40.5
62280 158.418633181518 -13289.4215621151 -13131.0029289335 9083.37594284518 9263.96101203413 9011.0347683531 8975.13204814831 175.021406997351 66430.125 40.5
62290 156.92091289764 -13288.4505163047 -13131.529603407 9110.38992933813 9347.44655133872 9016.98147280436 8966.74176387132 150.900090122442 66430.125 40.5
62300 155.801533393611 -13287.8555925577 -13132.0540591641 9086.81291033395 9331.44079858662 9005.33792735694 8923.66000505829 96.411426148251 66430.125 40.5
62310 155.370566434174 -13287.9238511685 -13132.5532847343 9048.53637390333 9255.09283960729 8976.24832611392 8914.26795598877 60.3728937519268 66430.125 40.5
62320 155.034807811887 -13288.0529390194 -13133.0181312075 9031.88229962869 9187.25688778639 8957.02763496373 8951.36237613594 60.3097078609588 66430.125 40.5
62330 154.510200488519 -13287.9543024812 -13133.4441019927 9014.41917933614 9096.83956946475 8964.10782439888 8982.31014414477 25.6078749526791 66430.125 40.5
62340 153.91325109783 -13287.739101803 -13133.8258507052 8989.08744205411 9005.10803739596 8968.04102145718 8994.11326730919 -19.1346611096183 66430.125 40.5
62350 153.452724853202 -13287.6100013737 -13134.1572765205 8984.98068562674 8989.30336270298 8981.584046925 8984.05464725225 -5.32920218294795 66430.125 40.5
62360 153.794859578444 -13288.2338646968 -13134.4390051183 9005.42706741938 9055.3386237305 9011.8107570534 8949.13182147425 35.0513076519811 66430.125 40.5
62370 154.922229477236 -13289.607453758 -13134.6852242808 9002.06863082016 9122.98497400597 9006.67664147734 8876.54427697717 44.7336583362645 66430.125 40.5
62380 155.750134682988 -13290.6695123591 -13134.9193776761 8990.23850698951 9146.08008405487 9016.89206998691 8807.74336692674 26.5812068506323 66430.125 40.5
62390 155.556668421939 -13290.7143883579 -13135.157719936 8992.40198786865 9136.18488674902 9068.86031794445 8772.16075891249 17.9209225134895 66430.125 40.5
62400 154.45627566725 -13289.8534096269 -13135.3971339597 8983.12253843586 9066.44034937056 9085.09397655172 8797.83328938531 1.6559349564702 66430.125 40.5
62410 153.033682486295 -13288.6506302636 -13135.6169477773 8987.08780528881 8959.20253653853 9120.77776056365 8881.28311876426 34.0004653830829 66430.125 40.5
62420 152.323672288078 -13288.1179442499 -13135.7942719618 8984.7582890961 8851.77149754845 9137.81195868623 8964.69141105362 137.229058023796 66430.125 40.5
62430 152.717205789966 -13288.6358588399 -13135.91865305 8950.7026793087 8783.03675876332 9096.12461201001 8972.94666715276 245.992562928375 66430.125 40.5
62440 153.898831018843 -13289.8978579724 -13135.9990269535 8908.07504929405 8757.28729825703 9012.87600782781 8954.06184179731 265.784586382534 66430.125 40.5
62450 155.042087743527 -13291.0995543527 -13136.0574666092 8866.95818024711 8732.89779379491 8927.72281318983 8940.2539337566 211.96671033807 66430.125 40.5
62460 155.08032788053 -13291.1946917936 -13136.114363913 8857.80115823227 8756.18112919501 8885.58738796374 8931.63495753806 128.672428682022 66430.125 40.5
62470 153.758561915563 -13289.9276048005 -13136.1690428849 8901.14082953835 8873.27048592536 8880.95023491418 8949.20176777553 60.8714529143907 66430.125 40.5
62480 152.379797014795 -13288.578711674 -13136.1989146593 8941.0201389445 8995.08506628789 8887.91502537065 8940.06032517496 68.160370902374 66430.125 40.5
62490 152.039867203386 -13288.2184793891 -13136.1786121857 8963.61835868898 9079.21910164839 8938.21097748519 8873.42499693335 155.363859668268 66430.125 40.5
62500 152.550024430614 -13288.6480931045 -13136.0980686739 8973.46578667129 9121.32671482249 9019.53464262743 8779.53600256395 236.884231614501 66430.125 40.5
62510 153.099593333309 -13289.0606026136 -13135.9610092803 8961.87487137713 9102.91053093191 9072.36362197192 8710.35046122758 209.93521103425 66430.125 40.5
62520 153.509553869389 -13289.2838149179 -13135.7742610485 8936.16218998493 9058.63956597449 9093.8305622986 8656.01644168171 145.005696318185 66430.125 40.5
62530 154.18777813043 -13289.7316673676 -13135.5438892372 8918.97720926576 9029.60157285743 9065.28125912206 8662.04879581779 106.896675709219 66430.125 40.5
62540 155.115250466543 -13290.3952403972 -13135.2799899306 8891.03025065862 8977.12450700448 8971.24071790273 8724.72552706866 122.881831679773 66430.125 40.5
62550 155.765091760105 -13290.7631675297 -13134.9980757696 8887.05042426449 8939.15535623358 8884.10834457641 8837.88757198348 178.660222820849 66430.125 40.5
62560 155.722580204193 -13290.4336146576 -13134.7110344534 8923.80351788663 8979.23154860766 8844.169605137 8948.00939991522 275.904518174573 66430.125 40.5
62570 154.867224345887 -13289.2868273961 -13134.4196030502 9020.20525372071 9096.43585338377 8885.91672657535 9078.26318120299 354.826221938573 66430.125 40.5
62580 153.373900544263 -13287.4815319028 -13134.1076313586 9122.67452729517 9193.92480793569 8986.68315751523 9187.41561643458 334.82155977668 66430.125 40.5
62590 152.234536660745 -13285.9820798146 -13133.7475431538 9187.20067158012 9219.36287565927 9107.50584072012 9234.73329836099 226.024659832783 66430.125 40.5
62600 152.712333814293 -13286.0298154594 -13133.3174816451 9184.35700616442 9200.02142266921 9152.43041595179 9200.61917987225 117.20897897912 66430.125 40.5
62610 155.000874325957 -13287.8264409723 -13132.8255666464 9089.73355459012 9111.00005605542 9076.27472203221 9081.92588568273 79.7561529698878 66430.125 40.5
62620 157.351901355616 -13289.6694943745 -13132.3175930189 9002.79520098057 9027.36215588688 9031.25495429731 8949.76849275752 101.264442676965 66430.125 40.5
62630 157.932136724108 -13289.7819254444 -13131.8497887203 8989.33549613428 8991.75795097436 9080.48928471069 8895.75925271779 125.43427274875 66430.125 40.5
62640 157.135239096766 -13288.5832941417 -13131.4480550449 9058.22534963989 9032.50403708116 9175.89530914121 8966.2767026973 123.048578961445 66430.125 40.5
62650 156.497099562198 -13287.6015904082 -13131.104490846 9135.70405689939 9120.5700472557 9205.98110832716 9080.56101511531 85.2733939781226 66430.125 40.5
62660 156.452906812593 -13287.258708485 -13130.8058016724 9152.22436785624 9134.59677323093 9153.69162608559 9168.38470425221 26.9954552805761 66430.125 40.5
62670 156.22585536386 -13286.7729493783 -13130.5470940145 9155.47293312458 9089.99307008731 9143.0288456804 9233.39688360602 -33.2776674959909 66430.125 40.5
62680 155.554247722418 -13285.8764925845 -13130.3222448621 9155.48173701654 9013.54878734913 9185.738707407 9267.15771629351 -36.8077354513669 66430.125 40.5
62690 155.098758238434 -13285.2175253402 -13130.1187671017 9158.658159625 8959.04075059342 9262.12348338608 9254.81024489548 12.7629698078685 66430.125 40.5
62700 155.175789307495 -13285.1023438881 -13129.9265545806 9165.53309785775 8998.48742649615 9317.92405950091 9180.18780757619 43.0641613962757 66430.125 40.5
62710 155.790915463717 -13285.5361302094 -13129.7452147457 9151.64458996333 9077.16298690807 9328.34845922665 9049.42232375527 59.3392321623292 66430.125 40.5
62720 157.000852741789 -13286.5876323525 -13129.5867796107 9140.55288714203 9134.41719393698 9337.2933153832 8949.9481521059 79.470417902884 66430.125 40.5
62730 158.123710422876 -13287.5954237912 -13129.4717133683 9148.64921106168 9190.01782681017 9342.94226230944 8912.98754406544 105.623174488256 66430.125 40.5
62740 158.571820775831 -13287.9926143552 -13129.4207935794 9160.03324083966 9214.94041224541 9305.07434944003 8960.08496083355 119.17569726753 66430.125 40.5
62750 157.762604917317 -13287.2017427088 -13129.4391377915 9188.39432942985 9216.98134147828 9277.52561169059 9070.67603512067 80.2826917331536 66430.125 40.5
62760 156.077191125752 -13285.5847667863 -13129.5075756605 9223.52512677235 9217.95351892892 9269.42336640098 9183.19849498714 53.5441254345877 66430.125 40.5
62770 155.206833786915 -13284.8035141163 -13129.5966803294 9258.27663128013 9265.30595670174 9258.39115306022 9251.13278407843 98.9626672247143 66430.125 40.5
62780 155.209596430424 -13284.8988074951 -13129.6892110646 9258.12568385794 9288.67141821073 9199.05851521037 9286.64711815273 182.155533220989 66430.125 40.5
62790 155.093499024026 -13284.8752517762 -13129.7817527522 9269.90923509574 9321.47786567121 9132.83803734392 9355.41180227209 225.46147443029 66430.125 40.5
62800 155.501318630259 -13285.3767807431 -13129.8754621129 9273.77371582742 9336.42265963712 9068.28632487212 9416.61216297301 203.118256382189 66430.125 40.5
62810 157.021498899455 -13287.0045710829 -13129.9830721835 9209.63044543992 9269.40465733043 8996.18181421216 9363.30486477717 143.494598967476 66430.125 40.5
62820 158.164744634714 -13288.2974677085 -13130.1327230738 9154.06319288011 9246.01451888174 9010.46416202625 9205.71089773234 104.744213191176 66430.125 40.5
62830 157.920611083282 -13288.2680237425 -13130.3474126593 9169.96386602777 9313.48110548088 9140.21922441903 9056.19126818341 116.90957753712 66430.125 40.5
62840 157.394484329397 -13288.0245675225 -13130.6300831931 9171.43148099018 9325.2424268202 9220.57700890451 8968.47500724583 183.75979226152 66430.125 40.5
62850 157.502495524232 -13288.4820937601 -13130.9795982359 9138.7565933931 9211.33355235427 9182.28220235641 9022.65402546864 271.62928596332 66430.125 40.5
62860 157.591622267653 -13288.9946645214 -13131.4030422538 9122.51772633745 9061.71238598528 9118.42564218892 9187.41515083815 335.253958981245 66430.125 40.5
62870 157.173131631434 -13289.0799399487 -13131.9068083172 9096.15703722332 8900.05539840856 9104.038169104 9284.37754415741 314.576180160186 66430.125 40.5
62880 156.286998154393 -13288.7706415732 -13132.4836434188 9056.42285127284 8788.78230506021 9134.57367916891 9245.91256958941 204.798843562468 66430.125 40.5
62890 154.84738599024 -13287.9526089234 -13133.1052229332 9040.97873283442 8814.31123077732 9155.75985357991 9152.86511414605 120.944031246922 66430.125 40.5
62900 153.554868726454 -13287.2806996505 -13133.7258309241 9021.3350801332 8899.49931892244 9090.2906541063 9074.21526737086 129.08184541617 66430.125 40.5
62910 153.065845441101 -13287.3667522576 -13134.3009068165 8992.65826168568 8967.28120638293 8967.12170406715 9043.57187460695 206.182960820032 66430.125 40.5
62920 152.789463939838 -13287.5879327171 -13134.7984687772 9010.30659908793 9027.62199540019 8905.87098203715 9097.42681982647 246.257046519508 66430.125 40.5
62930 152.46221919781 -13287.6598277347 -13135.1976085369 9053.44711406027 9067.99582240902 8925.85326726704 9166.49225250474 250.393427971313 66430.125 40.5
62940 152.591038074379 -13288.0809561074 -13135.489918033 9058.28662226299 9065.3013188421 8958.2992202615 9151.25932768537 229.156769243532 66430.125 40.5
62950 153.193666655405 -13288.8776687659 -13135.6840021104 9049.31190552548 9059.84405965346 8982.41138606019 9105.68027086279 198.334194472218 66430.125 40.5
62960 153.870378565905 -13289.67233543 -13135.8019568641 9045.71744015909 9082.51656998904 9010.66614835997 9043.96960212827 185.797907522784 66430.125 40.5
62970 154.565859690504 -13290.4354731569 -13135.8696134664 9009.38548246294 9059.20442613758 9008.73884102451 8960.21318022673 176.939554146004 66430.125 40.5
62980 155.38299180555 -13291.2948430369 -13135.9118512313 8910.52373674383 8960.41626725967 8948.4118901784 8822.74305279343 147.458040834541 66430.125 40.5
62990 155.633456341602 -13291.5820479815 -13135.9485916399 8829.76276624764 8863.2650484041 8902.75915832453 8723.2640920143 83.9584214893381 66430.125 40.5
63000 154.362382555277 -13290.345082307 -13135.9826997517 8868.89880136364 8859.80702910842 8950.22343291475 8796.66594206776 50.6892451621073 66430.125 40.5
63010 152.512867415722 -13288.5072285374 -13135.9943611217 8959.2673832968 8915.25992448798 9026.83210567699 8935.71011972544 57.973737130256 66430.125 40.5
63020 152.236620918727 -13288.197619251 -13135.9609983322 9002.4275691813 8960.17590523736 9022.16365699195 9024.9431453146 101.822202761133 66430.125 40.5
63030 153.74848276145 -13289.6321429847 -13135.8836602232 8950.06972815339 8922.92656941321 8927.82253817365 8999.46007687331 119.173566160311 66430.125 40.5
63040 155.03251481029 -13290.8199058785 -13135.7873910682 8884.06652596281 8859.78910876997 8837.35149725042 8955.05897186805 136.533488913523 66430.125 40.5
63050 154.50821523229 -13290.2002997258 -13135.6920844935 8906.70077542125 8868.52100922889 8846.85881845434 9004.72249858052 148.038193881856 66430.125 40.5
63060 153.042443854898 -13288.6313391406 -13135.5888952857 8994.06382408815 8972.87563496627 8912.54680128064 9096.76903601754 117.330385791104 66430.125 40.5
63070 152.473555549888 -13287.9264029086 -13135.4528473587 9030.95295486482 9032.61625721416 8934.75847382511 9125.48413355517 38.2027829845339 66430.125 40.5
63080 153.342544588807 -13288.6144841188 -13135.27193953 8997.98633591203 8994.22409724698 8944.17996551052 9055.5549449786 -66.3920870513471 66430.125 40.5
63090 154.86204890009 -13289.9205331651 -13135.058484265 8975.08866206919 8923.41701981872 9023.42427926802 8978.42468712084 -151.868230980415 66430.125 40.5
63100 156.174547368215 -13291.0140765725 -13134.8395292043 8956.03051067296 8845.96923458841 9092.27321372884 8929.84908370165 -182.593514687893 66430.125 40.5
63110 156.633746414377 -13291.2743720966 -13134.6406256822 8922.74726232362 8832.8595784958 9043.10632473394 8892.27588374113 -145.254245469027 66430.125 40.5
63120 155.477896684177 -13289.9472939106 -13134.4693972264 8957.04418957468 8942.24136059253 8956.07262643847 8972.81858169304 -36.4638644417374 66430.125 40.5
63130 153.157545659465 -13287.4605934539 -13134.3030477945 9073.62752727827 9114.62920016053 8916.7033911056 9189.54999056869 79.5271657343463 66430.125 40.5
63140 152.078617355807 -13286.1802676362 -13134.1016502804 9124.83763804168 9161.11815427166 8920.24542871311 9293.14933114026 136.300385365872 66430.125 40.5
63150 153.398669066138 -13287.2421133357 -13133.8434442696 9064.12751352389 9075.05084721368 8906.50840647202 9210.82328688599 103.041700687829 66430.125 40.5
63160 155.507075333933 -13289.0526421264 -13133.5455667925 8983.55744849944 8984.15731369149 8858.09092232228 9108.42410948454 43.2133678048565 66430.125 40.5
63170 156.421439252391 -13289.667549417 -13133.2461101646 8958.41225945787 8960.09740822189 8808.9307436989 9106.20862645281 25.5988654015911 66430.125 40.5
63180 155.524604079456 -13288.4912664315 -13132.9666623521 9015.90990042916 9026.53629581186 8783.75462682296 9237.43877865267 69.5165262439477 66430.125 40.5
63190 153.645446192745 -13286.3385624388 -13132.6931162461 9148.50049683019 9192.0620917393 8842.98745238778 9410.45194636349 147.130477919279 66430.125 40.5
63200 153.08755989391 -13285.4813597164 -13132.3937998225 9211.98810375596 9288.3627154651 8902.41818856411 9445.18340723868 200.042923231062 66430.125 40.5
63210 155.006559968405 -13287.0644840706 -13132.0579241022 9157.84691984105 9260.78575380567 8940.19613238443 9272.55887333304 192.49594506408 66430.125 40.5
63220 157.251384165379 -13288.9661600134 -13131.714775848 9059.37750738932 9200.81389083739 8957.80098516222 9019.51764616835 125.607752542073 66430.125 40.5
63230 157.640845001972 -13289.0486512504 -13131.4078062484 9036.91727421658 9242.1354725542 8975.11446997572 8893.50188011983 24.5822315095091 66430.125 40.5
63240 156.484778711946 -13287.6357960951 -13131.1510173832 9107.16275200785 9358.23287946719 9021.4886824532 8941.76669410318 -25.3644345872321 66430.125 40.5
63250 155.369528082094 -13286.2943671738 -13130.9248390917 9189.54766870959 9420.76465301313 9051.02785634307 9096.85049677258 -8.60462924409875 66430.125 40.5
63260 155.717682166205 -13286.4260414188 -13130.7083592526 9193.49618452603 9351.48441963947 9023.67484969623 9205.32928424237 33.2220646188288 66430.125 40.5
63270 157.012688597294 -13287.5175399905 -13130.5048513932 9139.389596777 9193.51851512715 8983.82652197924 9240.82375322461 77.0798464954128 66430.125 40.5
63280 157.288206515653 -13287.6222411367 -13130.3340346211 9121.1705293116 9112.18397908114 8965.11984045395 9286.20776839971 57.468943521287 66430.125 40.5
63290 156.005934221499 -13286.2077865347 -13130.2018523132 9176.48250818424 9168.49414186414 8999.331228723 9361.62215396557 -45.3896454575319 66430.125 40.5
63300 154.323266353802 -13284.4088709816 -13130.0856046278 9231.64239261772 9255.19170131898 9072.1616364274 9367.57384010676 -111.458536809991 66430.125 40.5
63310 153.761098077239 -13283.7142148716 -13129.9531167944 9259.01789900835 9315.90329006564 9166.56781828424 9294.58258867517 -69.6376275021653 66430.125 40.5
63320 155.149139937145 -13284.9410312611 -13129.791891324 9244.50394377857 9310.94546292212 9237.21551478515 9185.35085362845 0.652405223328853 66430.125 40.5
63330 157.571434869143 -13287.1944900999 -13129.6230552308 9174.43212508273 9218.97327552531 9230.49179659774 9073.83130312513 24.7967670197975 66430.125 40.5
63340 159.14900785965 -13288.639692381 -13129.4906845214 9126.90989647748 9114.22473405534 9195.0780356021 9071.42691977499 70.1306411176938 66430.125 40.5
63350 158.959841681508 -13288.3894403107 -13129.4295986292 9110.16429978915 9064.21063947106 9142.30550992871 9123.97674996769 148.094283579479 66430.125 40.5
63360 157.660809505778 -13287.1053326078 -13129.444523102 9133.7456418226 9103.76829267015 9115.76051086029 9181.70812193736 201.085019257907 66430.125 40.5
63370 156.169722479275 -13285.6863234248 -13129.5166009456 9195.19944553233 9190.62174788348 9175.31164788572 9219.66494082779 207.764469842988 66430.125 40.5
63380 155.341170847507 -13284.9638058301 -13129.6226349826 9258.96733690649 9301.48919217474 9231.4393983966 9243.97342014812 197.61903056238 66430.125 40.5
63390 155.862082615474 -13285.6164825626 -13129.7543999471 9273.16545988255 9391.94379227056 9185.1858633181 9242.36672405899 209.883888637292 66430.125 40.5
63400 156.875219040766 -13286.8029449387 -13129.927725898 9259.69853155664 9474.55946375488 9080.55699187466 9223.97913904038 231.372433820916 66430.125 40.5
63410 156.926224027492 -13287.0961073764 -13130.1698833489 9233.89441044976 9500.56859650915 9013.8443108277 9187.27032401243 215.672520371086 66430.125 40.5
63420 155.971486115708 -13286.4666368586 -13130.4951507429 9222.20741305961 9423.72318125977 9086.85449385877 9156.04456406029 203.280876089374 66430.125 40.5
63430 155.135959098151 -13286.0342061748 -13130.8982470767 9195.04322641411 9246.0498616595 9181.59260827609 9157.48720930675 200.904096608509 66430.125 40.5
63440 155.386473656296 -13286.7586942809 -13131.3722206246 9134.53255722388 9017.02259137048 9212.57752551905 9173.9975547821 184.488470515377 66430.125 40.5
63450 156.514214913116 -13288.4387680618 -13131.9245531487 9062.71171784161 8853.97351533404 9151.57297330893 9182.58866488187 169.619170014252 66430.125 40.5
63460 157.110218071338 -13289.676797276 -13132.5665792046 9026.32800231387 8856.98720029947 9053.16436971808 9168.83243692405 142.022222259592 66430.125 40.5
63470 156.279471662815 -13289.5619538762 -13133.2824822134 9038.92956721237 8978.9677337547 8980.49210385721 9157.3288640252 151.619881212359 66430.125 40.5
63480 154.642035405363 -13288.658037401 -13134.0160019957 9076.60751050332 9124.17301356534 8957.31515428401 9148.33436366061 184.727909375116 66430.125 40.5
63490 153.337848090203 -13288.0349899535 -13134.6971418633 9093.96678576724 9185.47031227719 8958.21036999831 9138.21967502623 193.881672567151 66430.125 40.5
63500 152.905034986771 -13288.1848619789 -13135.2798269921 9064.52401024422 9132.86972239877 8929.59595170991 9131.10635662399 126.437764458845 66430.125 40.5
63510 153.030114521127 -13288.7816346841 -13135.7515201629 9017.11153360652 9051.2766356645 8902.10936651903 9097.94859863605 -3.70783734573785 66430.125 40.5
63520 153.459989703162 -13289.5833970921 -13136.1234073889 8975.36973126235 9004.44876071238 8890.06134847114 9031.59908460351 -116.938765775849 66430.125 40.5
63530 153.73480242992 -13290.1502064608 -13136.4154040309 8972.15049429357 9013.13301432997 8895.15177054087 9008.16669800987 -155.032247954046 66430.125 40.5
63540 153.360200998519 -13290.0026217966 -13136.6424207981 8984.794975124 9014.00411151703 8887.55487611269 9052.82593774229 -107.460542168052 66430.125 40.5
63550 152.850125312521 -13289.6586646702 -13136.8085393577 8998.70189194284 8999.66670015249 8895.97310727487 9100.46586840117 -33.8085716758858 66430.125 40.5
63560 153.219930870691 -13290.1370659899 -13136.9171351193 8972.06843794736 8946.02306943171 8902.71342140304 9067.46882300733 35.583161927866 66430.125 40.5
63570 154.378246150381 -13291.3615103389 -13136.9832641885 8917.26481915063 8850.95050785792 8878.27917222425 9022.56477736973 79.1588345131394 66430.125 40.5
63580 155.023753517496 -13292.0541083796 -13137.0303548621 8887.80144115327 8808.23024181227 8821.25103290968 9033.92304873786 50.1613938845179 66430.125 40.5
63590 154.340624740066 -13291.4103271582 -13137.0697024181 8901.83036499883 8816.07536229537 8769.0011956264 9120.41453707473 -46.51328082161 66430.125 40.5
63600 153.406502087023 -13290.4985197217 -13137.0920176347 8925.93206106078 8812.01247566847 8776.16672609418 9189.61698141969 -102.079888543409 66430.125 40.5
63610 153.274396461634 -13290.3584019082 -13137.0840054465 8938.67804316901 8802.67556964398 8818.36269482687 9194.99586503618 -94.0451729551979 66430.125 40.5
63620 153.168735843148 -13290.2094139997 -13137.0406781565 8964.18389328577 8825.95784355159 8894.71299519018 9171.88084111554 -62.7318397931496 66430.125 40.5
63630 152.652231179203 -13289.6116048831 -13136.9593737039 9013.28277981933 8928.04333262925 8940.20700033508 9171.59800649365 1.29239873760505 66430.125 40.5
63640 152.371655461647 -13289.2039633438 -13136.8323078822 9048.6258978722 9013.53532122778 8937.37190920262 9194.9704631862 89.6127941672176 66430.125 40.5
63650 152.71025558374 -13289.3639951192 -13136.6537395354 9040.16181074407 9012.11563446302 8899.71791206997 9208.65188569923 154.865468754965 66430.125 40.5
63660 153.30367452956 -13289.7315330514 -13136.4278585218 8984.93487932822 8962.9848873457 8849.12019500302 9142.69955563593 153.974668313169 66430.125 40.5
63670 153.329935359671 -13289.4926382489 -13136.1627028892 8953.75535433852 8952.33470222489 8846.25707290132 9062.67428788937 160.592874252312 66430.125 40.5
63680 153.068872381807 -13288.928369874 -13135.8594974922 8987.09440501579 9017.75447443051 8875.88794048876 9067.64080012809 181.99678392985 66430.125 40.5
63690 153.745590391963 -13289.2626632749 -13135.517072883 8996.96003665548 9043.52983339283 8848.62011195015 9098.73016462346 214.353221819551 66430.125 40.5
63700 154.972820648546 -13290.1196171288 -13135.1467964802 8970.10539470623 9048.71646738435 8795.04103405909 9066.55868267526 252.988890958482 66430.125 40.5
63710 155.327762373306 -13290.0990760182 -13134.7713136449 8986.6704803909 9142.30109124532 8788.83048849896 9028.87986142843 309.049938180469 66430.125 40.5
63720 154.910641927945 -13289.3146296794 -13134.4039877514 9036.37008887747 9270.89859796079 8828.43557459937 9009.77609407226 327.875434697008 66430.125 40.5
63730 154.53434160965 -13288.5772086712 -13134.0428670616 9053.84031056355 9328.37270997871 8869.77195536031 8963.37626635162 273.846282431265 66430.125 40.5
63740 154.143509174703 -13287.8253980964 -13133.6818889217 9112.35819695995 9326.44753754115 9020.02670992333 8990.60034341538 182.771119646982 66430.125 40.5
63750 153.848194028606 -13287.1647170194 -13133.3165229908 9175.66224318661 9264.10763429055 9210.68182148322 9052.19727378608 121.191699305427 66430.125 40.5
63760 154.338437053534 -13287.2848065367 -13132.9463694831 9168.1633217845 9147.95022820681 9301.67777879226 9054.86195835442 73.0675612443465 66430.125 40.5
63770 155.611827167019 -13288.1955331041 -13132.5837059371 9140.87452404793 9069.02986748831 9287.59145314234 9066.00225151313 57.5063882473744 66430.125 40.5
63780 156.759144298094 -13289.0131486932 -13132.2540043951 9108.00571351676 9017.78446486395 9216.12043901768 9090.11223666867 82.3044795307597 66430.125 40.5
63790 157.114512089237 -13289.0955651483 -13131.9810530591 9077.97203228954 8972.98487889072 9109.54792573845 9151.38329223946 91.7988957135131 66430.125 40.5
63800 156.478017597818 -13288.2479062043 -13131.7698886064 9089.38153215542 8963.7770316579 9054.53950891453 9249.82805589385 61.2728570615406 66430.125 40.5
63810 155.446287921027 -13287.0522685077 -13131.6059805867 9116.51164124749 9015.88622578218 9020.76765228912 9312.88104567117 18.164217200107 66430.125 40.5
63820 154.713002311245 -13286.1802294882 -13131.467227177 9147.43760550966 9108.72929418888 9006.69361428047 9326.88990805966 -18.688660040922 66430.125 40.5
63830 154.412001799538 -13285.7489319084 -13131.3369301089 9196.13289804259 9197.72089569106 9065.11407023085 9325.56372820588 -38.2123259985453 66430.125 40.5
63840 154.751766286585 -13285.9609158754 -13131.2091495888 9239.14825717221 9218.43121543801 9155.03397143265 9343.97958464597 -76.5627407839545 66430.125 40.5
63850 155.813993298731 -13286.9048455451 -13131.0908522463 9212.34189611175 9117.20115341437 9165.07214461318 9354.7523903077 -133.114289477426 66430.125 40.5
63860 156.88206396557 -13287.8816983776 -13130.999634412 9184.51789147568 9011.29003732163 9147.10614831309 9395.15748879232 -130.953556822631 66430.125 40.5
63870 157.315506141597 -13288.2668327243 -13130.9513265827 9173.78427760697 8983.71876361564 9100.72939957637 9436.90466962891 -33.2398259518372 66430.125 40.5
63880 157.410839925777 -13288.3620398509 -13130.9511999251 9157.54401424561 9004.10337922296 9050.95971137884 9417.56895213501 88.819851377274 66430.125 40.5
63890 157.171106039937 -13288.1665217026 -13130.9954156627 9161.795294207 9076.29324590597 9050.00441326981 9359.0882234452 134.341092743479 66430.125 40.5
63900 156.373403435658 -13287.4458187164 -13131.0724152807 9175.86659665623 9207.41345487933 9048.57129259609 9271.61504249327 83.0148788014194 66430.125 40.5
63910 155.619052873802 -13286.7833177842 -13131.1642649104 9200.62134650422 9362.74139368339 9048.28391102626 9190.83873480301 0.338169070651173 66430.125 40.5
63920 155.720139859225 -13286.9771930458 -13131.2570531866 9182.55729302272 9427.12199719876 9001.93285708827 9118.61702478114 -34.9167612105813 66430.125 40.5
63930 156.707671936947 -13288.0619307905 -13131.3542588535 9121.88809655758 9392.11795691488 8958.42691578761 9015.11941697024 -7.24438038549567 66430.125 40.5
63940 157.312997767265 -13288.7844429427 -13131.4714451755 9083.23960271963 9296.6011829235 8977.72161711525 8975.39600812013 64.608584086832 66430.125 40.5
63950 156.485031326205 -13288.0998470693 -13131.614815743 9117.30824445933 9226.91782450349 9090.84553393312 9034.16137494139 128.127858670007 66430.125 40.5
63960 154.646244571398 -13286.4112254281 -13131.7649808567 9207.5191434476 9212.73927020892 9271.37304344 9138.44511669389 127.789933918232 66430.125 40.5
63970 153.438666009212 -13285.3289626401 -13131.8902966309 9255.08811790864 9190.94357722879 9356.94967571023 9217.3711007869 62.6047677742186 66430.125 40.5
63980 153.951005363258 -13285.926359959 -13131.9753545958 9193.98104326946 9100.33325442859 9276.24769936213 9205.36217601765 -16.5715046913318 66430.125 40.5
63990 155.400547007082 -13287.4340045526 -13132.0334575456 9111.82266092078 9011.02713275922 9140.70886341401 9183.73198658912 -39.6814643743832 66430.125 40.5
64000 156.259403833401 -13288.3502608657 -13132.0908570323 9076.37718269863 8992.98786387647 9034.20328575881 9201.94039846061 7.24663090262181 66430.125 40.5
64010 156.180727810929 -13288.3450305912 -13132.1643027803 9087.31394006832 9051.60518522625 8966.12330086386 9244.21333411486 102.21529270181 66430.125 40.5
64020 155.499957541091 -13287.7511322454 -13132.2511747044 9088.09604383557 9156.00202119339 8896.01927330065 9212.26683701267 193.020207446827 66430.125 40.5
64030 155.001859301314 -13287.340786104 -13132.3389268027 9087.87672047566 9267.86574495396 8857.91277384547 9137.85164262754 203.206881864283 66430.125 40.5
64040 155.506225043778 -13287.927416221 -13132.4211911772 9095.52458457515 9326.32179783935 8869.67950963678 9090.5724462493 103.878821535194 66430.125 40.5
64050 156.642039730991 -13289.1506790531 -13132.5086393221 9075.35438687994 9276.41958885795 8924.8973124041 9024.74625937777 -20.8831108117264 66430.125 40.5
64060 156.952319218072 -13289.5723050897 -13132.6199858716 9038.71204949767 9135.36262233211 9034.13849749227 8946.63502866862 -63.6944402064837 66430.125 40.5
64070 155.669095754435 -13288.4259139017 -13132.7568181473 9049.89861098717 9052.66126598852 9158.63300644709 8938.4015605259 2.453439758415 66430.125 40.5
64080 154.119130648544 -13287.0142261156 -13132.895095467 9082.2288226141 9024.80905193375 9210.0450049189 9011.83241098965 122.429645975957 66430.125 40.5
64090 154.205322708685 -13287.2166451507 -13133.011322442 9039.14231571573 8934.77211584474 9122.33854760698 9060.31628369547 196.130600312154 66430.125 40.5
64100 155.63794453515 -13288.7470629019 -13133.1091183667 8948.94585685597 8837.5909374123 8976.97427870987 9032.27235444574 174.680496346382 66430.125 40.5
64110 156.598345154843 -13289.8115948942 -13133.2132497394 8925.8118690011 8877.70094783882 8911.74054209187 8987.99411707262 112.562312065535 66430.125 40.5
64120 156.18699415997 -13289.5272733004 -13133.3402791405 9019.55925160559 9071.14652351768 8980.31870437993 9007.21252691916 73.8256808905873 66430.125 40.5
64130 155.223548613197 -13288.7063155409 -13133.4827669277 9113.46379756139 9233.57494710348 9101.44778360402 9005.36866197666 49.3671499822593 66430.125 40.5
64140 155.015875016094 -13288.6415342113 -13133.6256591952 9140.01836387669 9270.57669316778 9170.41541474776 8979.06298371455 19.1628718978082 66430.125 40.5
64150 155.448705697808 -13289.2140681029 -13133.7653624051 9112.83614284385 9229.40133083771 9150.99389264328 8958.11320505057 -15.5506311348558 66430.125 40.5
64160 155.675424011783 -13289.5842913253 -13133.9088673136 9087.16990589545 9156.23533717391 9137.83144869013 8967.4429318223 -23.4097377480195 66430.125 40.5
64170 155.308742169294 -13289.3694684689 -13134.0607262996 9055.80360918623 9092.01014399481 9146.75825579005 8928.64242777383 3.77113195423479 66430.125 40.5
64180 154.213865857952 -13288.426650144 -13134.212784286 9028.4173091869 9062.03663952772 9140.72765014811 8882.48763788485 45.616393479675 66430.125 40.5
64190 152.943992884558 -13287.2889296093 -13134.3449367247 9020.78031087687 9059.94034711942 9127.77983385667 8874.62075165453 80.2180757736165 66430.125 40.5
64200 152.328331780501 -13286.7641928329 -13134.4358610524 9031.41285015966 9092.33919664129 9108.0323697574 8893.86698408028 66.0159384307537 66430.125 40.5
64210 152.583087667325 -13287.0578547554 -13134.474767088 9050.74249363923 9147.62863730176 9097.90082585453 8906.69801776139 37.9066066568947 66430.125 40.5
64220 153.493780318799 -13287.9599756317 -13134.4661953129 9026.6151800207 9114.90177998073 9038.70103609779 8926.24272398356 44.5433921282153 66430.125 40.5
64230 154.525371359179 -13288.9506138804 -13134.4252425212 8994.80753521804 9023.90558404595 9025.45022256485 8935.06679904332 66.6084112508575 66430.125 40.5
64240 155.154535115976 -13289.5241203934 -13134.3695852774 8979.12092657427 8957.33953237332 9081.68615315348 8898.33709419602 69.8729670525985 66430.125 40.5
64250 155.000339511836 -13289.3092294011 -13134.3088898893 8981.70905757001 8941.72707184342 9127.43738164238 8875.96271922423 43.7788242139821 66430.125 40.5
64260 154.341917822734 -13288.5804526171 -13134.2385347944 8989.13669719736 8926.1904205927 9137.78625713174 8903.43341386763 34.1775186980323 66430.125 40.5
64270 154.134529026937 -13288.2771162958 -13134.1425872689 8996.1420384965 8919.10370347199 9104.1763771086 8965.14603490893 63.7790606516922 66430.125 40.5
64280 155.110453327567 -13289.1198476405 -13134.0093943129 8973.35044564097 8903.14563874957 8993.5793585988 9023.32633957452 133.173023310475 66430.125 40.5
64290 156.187676195003 -13290.0287787873 -13133.8411025923 8950.34862610327 8889.87658307936 8871.68819050218 9089.48110472827 156.819325286476 66430.125 40.5
64300 155.682935220625 -13289.3229430774 -13133.6400078568 9008.33401046938 8984.57808949343 8851.71857815395 9188.70536376077 105.504969622447 66430.125 40.5
64310 154.420160137224 -13287.8050230455 -13133.3848629083 9079.38876067711 9134.43511984657 8876.19987714012 9227.53128504465 33.7532773618746 66430.125 40.5
64320 154.43731529052 -13287.4721497026 -13133.0348344121 9083.38239495516 9171.24150252618 8900.44857525333 9178.45710708598 20.1725499153825 66430.125 40.5
64330 155.828660762265 -13288.3950224797 -13132.5663617174 9006.72336561246 9020.34289283847 8896.47299688678 9103.35420711212 100.904532036258 66430.125 40.5
64340 157.063634536307 -13289.0609249621 -13131.9972904258 8955.65106131359 8855.57484014052 8931.86006368865 9079.51828011159 205.765008500785 66430.125 40.5
64350 157.15145728168 -13288.5243927543 -13131.3729354727 8991.89770554127 8833.04346386042 9036.77377196774 9105.87588079566 256.27229802047 66430.125 40.5
64360 156.287844884199 -13287.0204319464 -13130.7325870622 9097.38037739001 8934.44302949874 9207.74922701716 9149.94887565412 234.387791336376 66430.125 40.5
64370 155.46400186171 -13285.5598277261 -13130.0958258644 9199.51432239123 9085.72130401146 9349.22097522643 9163.60068793579 160.232047798044 66430.125 40.5
64380 155.540953246788 -13285.0135596291 -13129.4726063823 9256.30957971036 9188.6505425657 9376.43730072452 9203.84089584086 86.1791636473627 66430.125 40.5
64390 156.967383496459 -13285.8499874756 -13128.8826039792 9277.61945473193 9229.81703766327 9314.44131230075 9288.60001423177 90.5554083590129 66430.125 40.5
64400 158.502866311302 -13286.8631320478 -13128.3602657365 9267.92531177584 9226.99808158497 9234.37695489654 9342.400898846 208.037902684654 66430.125 40.5
64410 158.600960552224 -13286.5372087512 -13127.936248199 9267.41538417051 9245.0693131137 9209.85968647562 9347.31715292222 337.007900690957 66430.125 40.5
64420 157.623322273757 -13285.2340432362 -13127.6107209625 9285.42250111087 9298.72539307536 9250.2396166468 9307.30249361044 384.252137292498 66430.125 40.5
64430 157.068077837916 -13284.426796624 -13127.3587187861 9277.56980964855 9307.81838729865 9282.49455211166 9242.39648953535 313.025821295484 66430.125 40.5
64440 158.025758247548 -13285.1894267449 -13127.1636684974 9226.77477374574 9233.24259195155 9274.17768543941 9172.90404384624 206.484669142595 66430.125 40.5
64450 159.424477764607 -13286.461235649 -13127.0367578844 9147.63825473014 9132.77566560221 9209.968805374 9100.17029321423 136.017120371378 66430.125 40.5
64460 158.971549924617 -13285.9676341074 -13126.9960841828 9170.10997014756 9168.63614888194 9232.50950472545 9109.1842568353 116.117442370204 66430.125 40.5
64470 157.113130933699 -13284.1443028259 -13127.0311718922 9262.59060789477 9264.64969620697 9302.14412821919 9220.97799925816 101.220300664325 66430.125 40.5
64480 156.303616263825 -13283.4141285928 -13127.110512329 9297.61462155988 9304.32615473306 9305.19176654959 9283.325943397 108.191951347318 66430.125 40.5
64490 156.923195005678 -13284.1419013489 -13127.2187063433 9305.92300749819 9313.4383953264 9290.57076088587 9313.75986628231 130.156272846866 66430.125 40.5
64500 157.702636712649 -13285.0684823125 -13127.3658455999 9295.70954904012 9295.33025852219 9260.0863297264 9331.71205887178 127.847492840898 66430.125 40.5
64510 157.978846913502 -13285.5478384955 -13127.568991582 9285.13546829024 9257.55438801274 9255.16839846099 9342.683618397 68.451637846646 66430.125 40.5
64520 157.551757672482 -13285.3859036101 -13127.8341459376 9269.90486795826 9234.12401905036 9252.69333484767 9322.89724997677 -0.0783588592222253 66430.125 40.5
64530 157.01372213993 -13285.1676585926 -13128.1539364527 9254.429496533 9254.12206190771 9226.01793851029 9283.148489181 -21.9406853137868 66430.125 40.5
64540 157.218698584749 -13285.7398922657 -13128.521193681 9207.8490892026 9258.8695249281 9143.18089623122 9221.49684644848 18.2535662722541 66430.125 40.5
64550 157.51499640005 -13286.4514382948 -13128.9364418948 9150.85925625196 9198.41878112348 9064.58736943706 9189.57161819532 85.9854852872107 66430.125 40.5
64560 157.392439799529 -13286.7918989115 -13129.3994591119 9127.77333613737 9144.23506047663 9061.70558574039 9177.37936219509 123.442524707157 66430.125 40.5
64570 157.084138455642 -13286.9848937916 -13129.9007553359 9125.49171037984 9120.52847540779 9117.15359461245 9138.79306111929 99.7994802312258 66430.125 40.5
64580 156.536851421153 -13286.9582559018 -13130.4214044807 9122.53458130915 9130.20532032671 9126.5475449104 9110.85087869034 54.4435780749201 66430.125 40.5
64590 156.233505437958 -13287.172742747 -13130.939237309 9108.47717767786 9191.66672999652 9040.58802407133 9093.17677896573 4.47314571397564 66430.125 40.5
64600 156.596117573074 -13288.0369138051 -13131.440796232 9071.83684142802 9250.14851621854 8902.83569189651 9062.526316169 -24.6380245437189 66430.125 40.5
64610 156.833642232447 -13288.7569456777 -13131.9233034453 9012.40629905998 9233.70335246611 8798.85852280283 9004.65702191101 -3.7393603227716 66430.125 40.5
64620 155.946863884288 -13288.3274788772 -13132.380614993 8992.40703438396 9199.63505362127 8828.32076636409 8949.26528316652 59.6240487068425 66430.125 40.5
64630 153.907555892041 -13286.6955147812 -13132.7879588892 9037.8421543731 9189.00879296344 8964.00946432035 8960.50820583551 96.8555099397272 66430.125 40.5
64640 152.539583231586 -13285.6539229969 -13133.1143397653 9092.61563565368 9160.22465779084 9132.39006132289 8985.23218784731 89.5787864221385 66430.125 40.5
64650 153.519237837563 -13286.8742354043 -13133.3549975667 9055.48561111777 9038.58240775201 9193.77952525534 8934.09490034597 82.1293966687787 66430.125 40.5
64660 155.437973148592 -13288.9778630276 -13133.539889879 8992.20742611326 8918.57575845455 9150.99336374564 8907.05315613958 107.263955743056 66430.125 40.5
64670 156.167540295362 -13289.8749592547 -13133.7074189594 8955.28045065544 8852.78464445693 9049.67653668308 8963.38017082632 171.873782080813 66430.125 40.5
64680 155.786159909571 -13289.6614691182 -13133.8753092086 8954.31427797781 8855.72964844033 8926.49284936288 9080.72033613022 227.825196095624 66430.125 40.5
64690 155.171943760684 -13289.2115648995 -13134.0396211388 8976.07479152505 8939.1107623788 8833.32399640455 9155.7896157918 213.218196858493 66430.125 40.5
64700 154.737601740025 -13288.9283670852 -13134.1907653452 9005.44807104935 9034.13506783541 8814.76383983225 9167.44530548039 148.689685037107 66430.125 40.5
64710 154.929360331463 -13289.2543846736 -13134.3250243422 9001.44737833215 9047.63934049989 8842.30197093066 9114.40082356591 137.94634717048 66430.125 40.5
64720 155.582510495615 -13290.0317748996 -13134.4492644039 8982.92760058585 9026.13750798103 8884.57583927024 9038.06945450629 212.873902271897 66430.125 40.5
64730 155.937109798081 -13290.5129416604 -13134.5758318623 8966.79645780894 9005.2735377236 8915.74684911293 8979.36898659029 283.192074537541 66430.125 40.5
64740 155.746503848055 -13290.4593226732 -13134.7128188251 8945.36203200923 8995.97177246194 8914.19601066136 8925.91831290439 260.559323773977 66430.125 40.5
64750 154.72387906103 -13289.5795784017 -13134.8556993406 8929.32366843789 8992.55415729058 8936.84503875257 8858.5718092705 193.883745498418 66430.125 40.5
64760 152.8909318553 -13287.8749424975 -13134.9840106422 8970.11294077547 9002.8070508593 9058.19624901759 8849.33552244952 178.073661414225 66430.125 40.5
64770 151.188783949091 -13286.2541688395 -13135.0653848904 9061.19941611251 9047.02231091671 9222.0288710195 8914.54706640131 229.505935795777 66430.125 40.5
64780 150.929046639767 -13286.0017139961 -13135.0726673563 9091.78493386156 9077.86756165707 9251.79619394088 8945.69104598674 288.800686079132 66430.125 40.5
64790 152.615176844839 -13287.6184975312 -13135.0033206864 9031.09551227671 9071.06351311521 9104.6755329825 8917.54749073244 314.93824525548 66430.125 40.5
64800 155.0643527153 -13289.9498675201 -13134.8855148048 8922.70470856383 9000.69032508883 8845.39610271318 8922.02769788946 268.512277498183 66430.125 40.5
64810 156.377319726495 -13291.1382182053 -13134.7608984788 8872.93908830656 8934.73079131632 8680.95923734188 9003.12723626147 181.855221847143 66430.125 40.5
64820 156.230169506893 -13290.8863752637 -13134.6562057569 8879.5573414639 8904.08841034276 8651.00497798465 9083.57863606429 105.984104416537 66430.125 40.5
64830 155.496912113728 -13290.0684734235 -13134.5715613097 8908.44314995701 8939.67752836287 8677.03581355911 9108.61610794903 86.8346945867455 66430.125 40.5
64840 154.581664764399 -13289.0741598017 -13134.4924950373 8943.87230804681 9021.97926618113 8745.58966993456 9064.04798802474 126.236904506537 66430.125 40.5
64850 153.481134213844 -13287.8794088623 -13134.3982746485 9008.44055206215 9123.64067642239 8842.97735647513 9058.70362328893 171.451575211413 66430.125 40.5
64860 153.016705899976 -13287.2831484843 -13134.2664425844 9053.98350886174 9177.83943547244 8892.15437161106 9091.95671950172 170.974319644296 66430.125 40.5
64870 153.858900025579 -13287.9428596484 -13134.0839596228 9032.28506231084 9110.37349183572 8892.77745601602 9093.70423908079 155.116441341584 66430.125 40.5
64880 155.175638148092 -13289.0325082157 -13133.8568700676 8987.6888427571 9007.64736789113 8903.18155178905 9052.23760859111 128.131107112671 66430.125 40.5
64890 155.732242202237 -13289.3342763045 -13133.6020341023 8994.75049837824 8982.3754990348 8977.94958784332 9023.92640825661 76.2744899575783 66430.125 40.5
64900 155.400960907254 -13288.7277390699 -13133.3267781627 9027.89870159139 8988.85682114398 9095.4379042696 8999.4013793606 65.5370511531148 66430.125 40.5
64910 154.961389209805 -13287.984041069 -13133.0226518592 9052.78241547058 9006.98351836983 9187.93980560026 8963.42392244163 98.5269021100764 66430.125 40.5
64920 154.656997513092 -13287.3302832036 -13132.6732856905 9060.07335201541 9042.64968417588 9187.67963125982 8949.89074061054 118.35616029476 66430.125 40.5
64930 154.806237034202 -13287.0706357305 -13132.2643986963 9050.68244590345 9064.15634916695 9136.37397491082 8951.51701363259 100.891544369721 66430.125 40.5
64940 155.946680473118 -13287.7393160179 -13131.7926355448 9016.49319265181 9055.7884419212 9040.22258738683 8953.46854864742 72.4075882313731 66430.125 40.5
64950 157.203976089883 -13288.4789499487 -13131.2749738588 8999.64939913479 9063.80120237667 8983.84532582198 8951.30166920574 54.5773266478272 66430.125 40.5
64960 157.113420318347 -13287.8536219841 -13130.7402016658 9054.33351759794 9126.04597807734 9054.71726553821 8982.23730917827 55.7667209145279 66430.125 40.5
64970 156.084780713756 -13286.2879039872 -13130.2031232735 9156.59379003229 9192.9811651509 9241.32794473541 9035.47226021055 96.4076370582022 66430.125 40.5
64980 155.64599843054 -13285.3050471876 -13129.6590487571 9211.9354081207 9218.07909065484 9382.13928544383 9035.58784826343 132.974440195174 66430.125 40.5
64990 156.58654510126 -13285.6969104724 -13129.1103653712 9167.56090645886 9173.03479314558 9352.71067467412 8976.93725155689 145.595643387533 66430.125 40.5
65000 157.877698035327 -13286.4614804166 -13128.5837823813 9113.62851184194 9142.68571593298 9281.95874674558 8916.24107284725 123.73962339108 66430.125 40.5
