# Fix print output for fix setl_out
121000 250.993564087496 -13189.1196924942 -12938.1261284067 16596.7513917314 16661.7275441658 16385.8303537059 16742.6962773226 229.635169449372 66430.125 40.5
121010 248.838293224454 -13186.8810644912 -12938.0427712668 16669.8027103828 16770.3670223614 16430.8435277202 16808.1975810668 192.225420352163 66430.125 40.5
121020 250.464186306194 -13188.2455089739 -12937.7813226677 16609.3171625943 16651.8764284321 16458.6685484873 16717.4065108636 55.5084533024188 66430.125 40.5
121030 254.865470125433 -13192.2269754536 -12937.3615053282 16389.32054658 16339.7751677898 16342.3283168112 16485.858155139 -33.0059883898423 66430.125 40.5
121040 257.638875763248 -13194.4903595973 -12936.8514838341 16233.2815754717 16166.2657618699 16245.0762394779 16288.5027250674 31.6085925675858 66430.125 40.5
121050 255.996236727967 -13192.299790493 -12936.303553765 16316.0191084866 16294.8570425925 16292.991363055 16360.2089198123 139.798459157212 66430.125 40.5
121060 252.616106959751 -13188.3168694587 -12935.700762499 16502.5145749987 16508.0827400819 16369.8511174561 16629.6098674582 159.27600457389 66430.125 40.5
121070 252.58205998395 -13187.5755825924 -12934.9935226085 16579.3057425309 16653.9769999312 16370.7843618186 16713.1558658428 97.4550292621703 66430.125 40.5
121080 256.16090990038 -13190.3402310068 -12934.1793211064 16484.5125776536 16629.4087673315 16311.2016606227 16512.9273050066 41.0788344381033 66430.125 40.5
121090 259.312424252874 -13192.641868567 -12933.3294443141 16405.9693894433 16579.5774155961 16287.6908989377 16350.6398537959 54.8515194213212 66430.125 40.5
121100 258.895859065103 -13191.4231574587 -12932.5272983936 16481.7585636666 16694.7158563441 16336.3635526006 16414.1962820551 142.589839818873 66430.125 40.5
121110 255.881567891238 -13187.6733567484 -12931.7917888572 16660.0510231053 17004.0837781473 16443.48377063 16532.5855205386 281.072329302428 66430.125 40.5
121120 255.004597104206 -13186.0940589027 -12931.0894617985 16744.5986734262 17247.125362762 16522.0067948788 16464.6638626378 352.887339571666 66430.125 40.5
121130 258.144783206947 -13188.5579101555 -12930.4131269485 16641.5248828663 17227.8776894994 16443.220172386 16253.4767867134 345.582428518582 66430.125 40.5
121140 261.013508943645 -13190.8290699294 -12929.8155609858 16553.0340253602 17127.4808631121 16340.3098518825 16191.311361086 285.454264614083 66430.125 40.5
121150 259.690404579354 -13189.03372119 -12929.3433166107 16643.3536603851 17091.1582512795 16391.1904071209 16447.7123227549 237.441070432003 66430.125 40.5
121160 256.392529191095 -13185.3600077746 -12928.9674785835 16805.9578123634 17070.1743706185 16538.9368131955 16808.7622532762 236.032874561181 66430.125 40.5
121170 255.614214998204 -13184.239089608 -12928.6248746098 16861.0274256685 16946.9594996315 16660.101415775 16976.0213615988 307.247774389938 66430.125 40.5
121180 257.271840053658 -13185.5632728835 -12928.2914328299 16819.6741726127 16809.5819316001 16772.415251912 16877.0253343261 370.666998544632 66430.125 40.5
121190 258.380537444319 -13186.3641499026 -12927.9836124583 16788.3659155532 16803.8462069863 16860.3062359086 16700.9453037648 341.852515670028 66430.125 40.5
121200 259.071177168584 -13186.7892249756 -12927.718047807 16769.7896714839 16879.6495645041 16801.2368665082 16628.4825834396 263.670302438693 66430.125 40.5
121210 260.451664445082 -13187.9559937043 -12927.5043292592 16719.6710346313 17050.7907793306 16583.1024681293 16525.1198564342 240.212441801885 66430.125 40.5
121220 260.304032282197 -13187.6553333651 -12927.3513010829 16725.9992271923 17270.2856019567 16461.3260512015 16446.3860284188 222.245368991957 66430.125 40.5
121230 257.747372212137 -13184.9908698048 -12927.2434975927 16864.8374584279 17477.2322428073 16583.8310773608 16533.4490551157 188.887990231881 66430.125 40.5
121240 255.903719922284 -13183.0390152315 -12927.1352953093 16949.9954057904 17401.819986888 16758.3496896096 16689.8165408735 141.572641346503 66430.125 40.5
121250 256.87626401226 -13183.870639323 -12926.9943753107 16902.7667064653 17115.0090277546 16812.1864394634 16781.1046521779 46.8066841947306 66430.125 40.5
121260 259.425601320439 -13186.260931862 -12926.8353305415 16788.4894334252 16803.0631882226 16718.2283440695 16844.1767679835 -23.1225983806817 66430.125 40.5
121270 261.392030216505 -13188.0929791008 -12926.7009488843 16677.5992540314 16546.5877437978 16595.2151856378 16890.9948326585 -78.0210925215822 66430.125 40.5
121280 261.934914909946 -13188.5631033857 -12926.6281884758 16655.9534393957 16482.6848098709 16616.4679675084 16868.7075408078 -143.243680595824 66430.125 40.5
121290 260.729000904971 -13187.3524829848 -12926.6234820799 16750.0183678213 16655.6654248548 16832.9667851991 16761.4228934101 -247.882504281599 66430.125 40.5
121300 258.76763388373 -13185.4291584999 -12926.6615246162 16865.4461910366 16884.0910118685 17060.4788171343 16651.768744107 -328.304485323373 66430.125 40.5
121310 258.087415267169 -13184.7967381689 -12926.7093229017 16886.9830323108 17056.0612423677 17033.410916861 16571.4769377038 -282.989307623992 66430.125 40.5
121320 258.28205933205 -13185.0343895283 -12926.7523301962 16874.3035066713 17167.7065853765 16923.4181151524 16531.7858194848 -142.038067809809 66430.125 40.5
121330 257.613281265253 -13184.4008677735 -12926.7875865083 16849.4953963455 17150.4853710445 16801.7792876783 16596.2215303138 -30.9319123089969 66430.125 40.5
121340 257.422648607054 -13184.2297992172 -12926.8071506102 16805.4547482182 17012.46595197 16687.9599430738 16715.9383496107 22.796908231978 66430.125 40.5
121350 259.141402187001 -13185.9536701662 -12926.8122679792 16688.6069371805 16748.6501031915 16545.5728872652 16771.5978210849 20.6233928960155 66430.125 40.5
121360 261.16042028733 -13187.9927213755 -12926.8323010882 16590.754783942 16541.0146686225 16391.1200144486 16840.129668755 -20.3685180214551 66430.125 40.5
121370 261.471652114703 -13188.3762635668 -12926.9046114521 16606.4727923877 16544.5499403266 16320.9632339611 16953.9052028753 -41.8079721139949 66430.125 40.5
121380 260.314930162506 -13187.3556369573 -12927.0407067948 16670.3221404053 16686.479285379 16346.0170614513 16978.4700743857 -7.52440851424073 66430.125 40.5
121390 259.135012174089 -13186.3616165878 -12927.2266044137 16768.0326235637 16888.410057774 16472.8228679127 16942.8649450046 75.471835880876 66430.125 40.5
121400 258.267567655137 -13185.7105248259 -12927.4429571708 16792.1615974834 16971.8748201662 16596.1757299297 16808.4342423543 165.555010122669 66430.125 40.5
121410 257.857402869636 -13185.5355280932 -12927.6781252236 16736.8514793093 16944.5215016599 16637.4731395862 16628.5597966817 206.556748310287 66430.125 40.5
121420 257.766619464284 -13185.6956671677 -12927.9290477034 16687.8188631801 16901.5762979505 16643.1457283158 16518.7345632738 113.175441429075 66430.125 40.5
121430 257.695912142661 -13185.8933653292 -12928.1974531865 16664.1989008929 16916.5005797195 16648.5989400398 16427.4971829195 -19.2400688652026 66430.125 40.5
121440 258.234846372988 -13186.7267296606 -12928.4918832876 16662.7358701949 16993.5270004468 16635.3816523495 16359.2989577883 -28.1841811151088 66430.125 40.5
121450 258.815075860777 -13187.6455294381 -12928.8304535773 16652.2866586948 17044.2506560605 16559.0211431498 16353.588176874 110.71355168066 66430.125 40.5
121460 258.283311375474 -13187.5140644529 -12929.2307530774 16676.1917130239 17095.5259795047 16478.526214787 16454.5229447799 316.728881538596 66430.125 40.5
121470 257.399512051062 -13187.0958984912 -12929.6963864401 16701.6797540062 17084.2620671875 16381.366939775 16639.4102550561 436.012396290916 66430.125 40.5
121480 257.227684922654 -13187.4502157272 -12930.2225308045 16656.200597734 16919.4773444377 16342.0365560708 16707.0878926934 357.056766412926 66430.125 40.5
121490 257.55706550874 -13188.3704226952 -12930.8133571864 16602.6773431536 16709.5421870402 16403.5387488144 16694.9510936061 120.416659704193 66430.125 40.5
121500 257.15961024872 -13188.6345995667 -12931.474989318 16608.7935875588 16606.3032423155 16542.2533756065 16677.8241447545 -58.5810533718312 66430.125 40.5
121510 255.809858308143 -13188.0044740456 -12932.1946157374 16673.4381526468 16596.1847666646 16695.8315799433 16728.2981113327 -89.7130477313046 66430.125 40.5
121520 254.702243330358 -13187.6423376413 -12932.9400943109 16706.0460974527 16626.6406639148 16730.2519466617 16761.2456817816 36.2783810982769 66430.125 40.5
121530 254.111866622861 -13187.7870471199 -12933.675180497 16690.167489314 16633.2328119444 16705.2344160707 16732.0352399268 205.482450057826 66430.125 40.5
121540 254.38030865518 -13188.756059225 -12934.3757505699 16606.2413085397 16583.7312288188 16618.1043063329 16616.8883904675 304.888756974248 66430.125 40.5
121550 255.407853858841 -13190.4453528315 -12935.0374989726 16434.8308069954 16526.6440477632 16378.1475699701 16399.7008032529 284.158543137706 66430.125 40.5
121560 255.591128687825 -13191.2558653706 -12935.6647366828 16320.32455024 16537.3611355913 16153.3567263194 16270.2557888093 202.643235907177 66430.125 40.5
121570 255.185779443045 -13191.4372255656 -12936.2514461225 16277.2910401343 16537.7738079877 16085.513785115 16208.5855273003 119.010157052481 66430.125 40.5
121580 256.246840225731 -13193.0406320945 -12936.7937918688 16185.3902090286 16417.6903208876 16049.8197728463 16088.6605333519 34.2222394532739 66430.125 40.5
121590 257.728017509545 -13195.0367560718 -12937.3087385622 16122.6267084792 16266.9903164975 16060.0893036356 16040.8005053045 50.1683551309209 66430.125 40.5
121600 257.204347233399 -13195.0186878336 -12937.8143406002 16151.1856931408 16201.9546376405 16137.0442783593 16114.5581634227 178.665387243484 66430.125 40.5
121610 254.902976067677 -13193.2010524475 -12938.2980763798 16269.2002600897 16260.6973334737 16274.3746294242 16272.5288173711 290.774176177307 66430.125 40.5
121620 251.841907095158 -13190.5559776531 -12938.7140705579 16388.38778604 16403.4249476558 16335.0064804276 16426.7319300366 241.795202366739 66430.125 40.5
121630 249.099336368643 -13188.1025510674 -12939.0032146988 16488.8535343268 16653.3599585043 16284.2254771025 16528.9751673738 148.29181614404 66430.125 40.5
121640 248.970997946639 -13188.0915171968 -12939.1205192501 16416.244916025 16720.6411366602 16048.5546862758 16479.538925139 95.2848796049335 66430.125 40.5
121650 252.427166024823 -13191.4917803428 -12939.064614318 16252.1681131574 16532.0180452847 15827.8747578455 16396.611536342 48.0832469237419 66430.125 40.5
121660 256.112918851393 -13194.9965318131 -12938.8836129617 16167.3328745345 16289.7543445364 15868.3180933627 16343.9261857043 -13.3480096625027 66430.125 40.5
121670 256.380558744582 -13195.0112887914 -12938.6307300468 16228.8584806225 16173.8101253019 16208.8556497985 16303.9096667672 -61.1356144531301 66430.125 40.5
121680 254.727978155046 -13193.0422487913 -12938.3142706363 16336.1693408124 16218.5137126965 16591.6752114045 16198.3190983362 -50.786290245328 66430.125 40.5
121690 253.436199619615 -13191.3344201842 -12937.8982205645 16414.2084396758 16301.6647413221 16808.6595875517 16132.3009901537 -26.1373877818954 66430.125 40.5
121700 253.34289551436 -13190.6863938896 -12937.3434983752 16405.832237556 16251.2470866646 16792.9153465551 16173.3342794485 -41.4526190173119 66430.125 40.5
121710 253.995051612449 -13190.6258831479 -12936.6308315355 16362.4070196505 16150.9571529747 16687.0212425834 16249.2426633934 -18.9339074112745 66430.125 40.5
121720 254.128889175611 -13189.8868951399 -12935.7580059643 16389.8884440098 16185.8262281254 16599.2333633115 16384.6057405924 36.846502982701 66430.125 40.5
121730 254.948340324999 -13189.6863213284 -12934.7379810034 16446.507974961 16340.1750403947 16467.7186739055 16531.6302105828 36.1798927463303 66430.125 40.5
121740 256.988936780922 -13190.601272281 -12933.6123355001 16447.3021724453 16471.0603824281 16310.8424717471 16560.0036631606 35.7580233244329 66430.125 40.5
121750 257.988861977393 -13190.4505777903 -12932.4617158129 16481.8318156789 16658.2758915393 16196.4871031932 16590.7324523043 83.4893759121529 66430.125 40.5
121760 258.064866871491 -13189.4368999047 -12931.3720330332 16519.7087221884 16820.7245897326 16180.9921439202 16557.4094329125 163.906744117329 66430.125 40.5
121770 258.692230317637 -13189.0927944648 -12930.4005641472 16499.4141738286 16783.8888305184 16239.4688413074 16474.8848496601 214.00842501155 66430.125 40.5
121780 258.071462583868 -13187.6507929891 -12929.5793304052 16529.2481481566 16699.9218855736 16424.4738023352 16463.3487565612 204.460981997925 66430.125 40.5
121790 255.302271171447 -13184.200737202 -12928.8984660305 16714.2138236385 16780.626379045 16728.6937439474 16633.321347923 106.355070313449 66430.125 40.5
121800 254.357074883088 -13182.6637519171 -12928.306677034 16852.9158231404 16837.1926676271 16903.448901613 16818.1059001811 -29.4227384831655 66430.125 40.5
121810 257.787881193271 -13185.5631940818 -12927.7753128886 16774.4464218391 16702.3546010015 16794.6462606767 16826.3384038391 -55.2063095962377 66430.125 40.5
121820 262.222406978425 -13189.5602811577 -12927.3378741793 16626.5761125493 16534.7287966904 16558.1856303243 16786.8139106331 41.0381590785357 66430.125 40.5
121830 263.338464074363 -13190.3815209497 -12927.0430568753 16630.6659961107 16544.9465456124 16486.5378583651 16860.5135843546 204.679724810865 66430.125 40.5
121840 260.648208499743 -13187.5278830417 -12926.879674542 16755.7542490099 16712.1603944056 16572.5750954457 16982.5272571784 319.629177283757 66430.125 40.5
121850 258.499560146862 -13185.2817550737 -12926.7821949269 16807.5052763175 16874.8223642552 16661.3121938763 16886.3812708209 235.420866939516 66430.125 40.5
121860 260.253378071449 -13186.9621102484 -12926.7087321769 16759.4616790915 16975.8515313738 16741.7174304444 16560.8160754563 33.4856692879751 66430.125 40.5
121870 262.332658907435 -13189.0108300818 -12926.6781711744 16684.9980560673 17046.0266132436 16734.0471240262 16274.9204309321 -70.8908285929813 66430.125 40.5
121880 259.961302182841 -13186.6751218942 -12926.7138197114 16803.6756630774 17205.4085043908 16833.1975430659 16372.4209417757 27.9058531289842 66430.125 40.5
121890 254.581341497993 -13181.3479695119 -12926.7666280139 17003.2244284346 17335.0927640613 17031.47201518 16643.1085060626 227.204361484534 66430.125 40.5
121900 252.86278553725 -13179.6140279749 -12926.7512424377 17021.448688438 17165.4540121251 17085.0590826018 16813.8329705871 269.4476986896 66430.125 40.5
121910 256.903917639158 -13183.5455417365 -12926.6416240974 16820.3729141672 16802.8277833099 16878.4020597935 16779.888899398 167.214168538218 66430.125 40.5
121920 261.838347330349 -13188.3398032122 -12926.5014558818 16586.6833875654 16488.6404342415 16619.8614631407 16651.5482653139 50.6136370210433 66430.125 40.5
121930 262.869988742274 -13189.2891712858 -12926.4191825436 16556.2099965357 16396.608280874 16548.8797698908 16723.1419388423 -11.2936052721526 66430.125 40.5
121940 259.374315144293 -13185.7898167109 -12926.4155015666 16766.7751577606 16560.1032676843 16765.0842614455 16975.1379441521 57.2274156909549 66430.125 40.5
121950 255.19062834926 -13181.6193622075 -12926.4287338583 16991.1916560459 16796.1956006947 16982.5108486167 17194.8685188262 255.247732811825 66430.125 40.5
121960 254.774931061385 -13181.1615119796 -12926.3865809183 17002.5833299021 16962.6972998586 16905.6472814835 17139.4054083642 480.65246542873 66430.125 40.5
121970 258.655597586112 -13184.933614643 -12926.2780170569 16805.4711739138 16960.483676466 16585.4726102258 16870.4572350496 566.005068199636 66430.125 40.5
121980 263.346372063381 -13189.5161153109 -12926.1697432475 16617.0551869366 16877.7658240834 16356.8408457133 16616.5588910132 494.714898570533 66430.125 40.5
121990 264.142789912646 -13190.2885262528 -12926.1457363401 16633.4557435196 16968.3633918592 16367.9030733251 16564.1007653745 385.567156789505 66430.125 40.5
122000 261.30563224306 -13187.5366520845 -12926.2310198414 16820.8121695471 17229.550220003 16527.2073262975 16705.6789623409 306.451884767435 66430.125 40.5
122010 258.391330381513 -13184.7728082317 -12926.3814778502 16969.9080949458 17405.303049329 16651.5094152536 16852.9118202547 258.360686833187 66430.125 40.5
122020 257.589505569774 -13184.1350753145 -12926.5455697447 16943.0899190129 17267.0629913771 16673.5515383089 16888.6552273526 240.57062717117 66430.125 40.5
122030 258.624520819599 -13185.3338719848 -12926.7093511652 16815.1814824071 16952.4546509293 16635.9014131842 16857.1883831078 266.54847308159 66430.125 40.5
122040 259.188751276446 -13186.0779381505 -12926.8891868741 16674.613369471 16677.9122061668 16540.9881479214 16804.939754325 286.733204205386 66430.125 40.5
122050 257.85992425381 -13184.9552495014 -12927.0953252476 16679.7966743534 16699.8031532122 16485.9224552584 16853.6644145895 292.043908625782 66430.125 40.5
122060 255.675895289688 -13182.9813907736 -12927.3054954839 16801.7586113657 16969.4818191248 16532.7375153991 16903.0564995733 260.650491784052 66430.125 40.5
122070 255.139006422352 -13182.6216286651 -12927.4826222427 16858.2841642334 17144.6824696982 16608.9689087496 16821.2011142526 145.352207449152 66430.125 40.5
122080 257.486595029002 -13185.1047451872 -12927.6181501582 16755.6581943124 17038.0707025695 16629.7628471682 16599.1410331996 -59.44508092998 66430.125 40.5
122090 260.954330422221 -13188.707765496 -12927.7534350738 16605.3172365369 16860.9084714064 16528.9698399252 16426.073398279 -276.405956566726 66430.125 40.5
122100 262.723480778281 -13190.6785856837 -12927.9551049054 16534.1103747329 16808.1438370072 16330.8556300978 16463.3316570937 -396.647345117959 66430.125 40.5
122110 262.550142175087 -13190.8220173067 -12928.2718751316 16508.7710136121 16916.3728195745 16142.7619156833 16467.1783055785 -393.279550472063 66430.125 40.5
122120 261.542700714414 -13190.2606680769 -12928.7179673625 16496.0974731196 16990.1786602397 16116.6757067365 16381.4380523827 -327.301822149847 66430.125 40.5
122130 260.286996816515 -13189.5723526457 -12929.2853558292 16494.9949017506 16930.0194073007 16332.288654882 16222.6766430692 -267.721079047511 66430.125 40.5
122140 259.356866290294 -13189.3157126455 -12929.9588463552 16494.8897936334 16810.5221132329 16656.0436365159 16018.1036311515 -279.255260016272 66430.125 40.5
122150 257.846930568651 -13188.563421782 -12930.7164912133 16567.4349197982 16761.5390067021 16950.8137093124 15989.9520433801 -254.63726131075 66430.125 40.5
122160 254.732049301521 -13186.2428780435 -12931.5108287419 16714.1471596598 16860.4401363933 17079.0846192586 16202.9167233276 -159.360337138831 66430.125 40.5
122170 251.475970451783 -13183.7415105856 -12932.2655401338 16840.2506024935 16992.7046362389 16987.7218249705 16540.325346271 -68.3373299508883 66430.125 40.5
122180 250.352047037172 -13183.2610862535 -12932.9090392163 16859.9954493214 17005.9603927983 16793.4504984356 16780.5754567303 -70.8149867618272 66430.125 40.5
122190 252.589954293149 -13186.0103012488 -12933.4203469556 16760.4629893259 16900.7936017103 16607.7329949811 16772.8623712865 -145.731841725061 66430.125 40.5
122200 256.211227804337 -13190.0496816606 -12933.8384538563 16534.1729829818 16671.6098979438 16380.1000372807 16550.809013721 -142.331259787745 66430.125 40.5
122210 257.422502233082 -13191.6415250325 -12934.2190227994 16335.2220973165 16486.2059246311 16194.0026182018 16325.4577491166 -53.2017185026048 66430.125 40.5
122220 256.296588991927 -13190.8804229996 -12934.5838340077 16319.3419899035 16558.0842661938 16199.6554871625 16200.2862163541 11.022647407776 66430.125 40.5
122230 255.653501356048 -13190.5723353016 -12934.9188339455 16386.4054346798 16806.0435202815 16262.0061646113 16091.1666191466 50.6740112189888 66430.125 40.5
122240 256.482603247411 -13191.6976262256 -12935.2150229782 16364.8046173541 16976.1477790344 16116.4868348066 16001.7792382212 148.4480898567 66430.125 40.5
122250 257.47970737548 -13192.9663383237 -12935.4866309482 16283.2459408242 16921.5063120596 15914.7968648133 16013.4346455997 294.055099876401 66430.125 40.5
122260 257.230324990352 -13192.9813154802 -12935.7509904899 16248.3120129896 16712.8543323621 15910.2187871783 16121.8629194282 412.780748371368 66430.125 40.5
122270 255.390995114881 -13191.3945815288 -12936.003586414 16323.8388301405 16616.4093729303 16090.3211022325 16264.7860152588 424.738484666404 66430.125 40.5
122280 252.746456890737 -13188.9539807741 -12936.2075238834 16406.6000998815 16664.3479906583 16233.7351624559 16321.7171465303 291.282201690303 66430.125 40.5
122290 252.023368919218 -13188.3402095321 -12936.3168406129 16467.2227267786 16736.8515629542 16339.9875787275 16324.829038654 136.350687626734 66430.125 40.5
122300 254.329652856773 -13190.6426386159 -12936.3129857592 16362.7000864919 16576.6887832604 16312.5702187084 16198.8412575069 36.0637256034926 66430.125 40.5
122310 257.532198175007 -13193.7547994977 -12936.2226013227 16205.276504438 16314.9141301872 16237.5813711216 16063.3340120052 -1.25644076081438 66430.125 40.5
122320 258.782923445731 -13194.8764721053 -12936.0935486596 16146.4900716171 16154.8112439588 16210.2087230858 16074.4502478069 41.8850554092676 66430.125 40.5
122330 256.428893266224 -13192.3716961272 -12935.9428028609 16247.7487191674 16202.7373135816 16259.8608029911 16280.6480409295 128.456604705475 66430.125 40.5
122340 251.647338565098 -13187.3667952787 -12935.7194567136 16478.0699147322 16454.2067277252 16396.06004586 16583.9429706113 164.207470644884 66430.125 40.5
122350 248.477568513555 -13183.7980139548 -12935.3204454412 16689.645722395 16789.6125167732 16478.1173461112 16801.2073043005 87.4046169723265 66430.125 40.5
122360 249.986352578992 -13184.6367480772 -12934.6503954982 16765.9969656695 17051.557068051 16459.3053078972 16787.1285210603 -2.75625921337708 66430.125 40.5
122370 255.105915653831 -13188.7911485879 -12933.6852329341 16657.9453687005 17081.7526725695 16373.5155105137 16518.5679230182 -35.2257557437836 66430.125 40.5
122380 260.162165112633 -13192.6691226956 -12932.506957583 16500.1493339867 16963.3851883103 16307.5006661321 16229.5621475175 -19.428352488768 66430.125 40.5
122390 261.578137887882 -13192.8425763697 -12931.2644384819 16467.866502022 16882.9568940674 16357.800383379 16162.8422286197 -51.6293233586349 66430.125 40.5
122400 259.307939009507 -13189.3831056816 -12930.0751666721 16608.9519998339 16923.9251835816 16587.5449093421 16315.385906578 -145.39445120488 66430.125 40.5
122410 256.758517108161 -13185.7297549647 -12928.9712378566 16773.4206677975 17002.7184665683 16855.1866610851 16462.3568757391 -221.369369854658 66430.125 40.5
122420 256.248550621961 -13184.1918399629 -12927.9432893409 16886.2798705914 17066.8547989228 17085.1365540352 16506.8482588162 -208.379125564673 66430.125 40.5
122430 257.725357970689 -13184.7254196994 -12927.0000617287 16906.793851122 17050.0692946131 17149.007184834 16521.305073919 -133.142584398442 66430.125 40.5
122440 259.687228587055 -13185.8613596227 -12926.1741310357 16856.8265107808 17016.1341853367 17053.6568350781 16500.6885119276 -33.0753367189952 66430.125 40.5
122450 260.54791519987 -13186.0406667693 -12925.4927515695 16822.1733505686 17040.0958653561 16910.8454266978 16515.5787596519 81.3487908384774 66430.125 40.5
122460 260.382550809233 -13185.3363771971 -12924.9538263879 16850.3551195676 17152.2982587912 16765.3372716982 16633.4298282134 202.522988167634 66430.125 40.5
122470 260.046233282616 -13184.5773975171 -12924.5311642344 16928.3737705205 17292.384601749 16738.8346101474 16753.9020996653 226.115303708866 66430.125 40.5
122480 259.966375878959 -13184.1621328355 -12924.1957569565 16995.1670239168 17397.4183222528 16777.9813540313 16810.1013954662 162.024588223256 66430.125 40.5
122490 260.562564866098 -13184.4925119343 -12923.9299470682 16991.9135555773 17370.2539419524 16794.3420588519 16811.1446659278 66.6341886029733 66430.125 40.5
122500 261.674755946308 -13185.4067217583 -12923.731965812 16925.5448970212 17241.0911098851 16798.8784407791 16736.6651403996 57.143134831994 66430.125 40.5
122510 262.46017001592 -13186.0727137515 -12923.6125437356 16848.6561217245 17099.3073545779 16827.6351401489 16619.0258704466 176.663340024307 66430.125 40.5
122520 261.908264017631 -13185.4846746781 -12923.5764106605 16845.6580271665 17045.669088633 16898.7115806887 16592.593412178 278.613953884755 66430.125 40.5
122530 260.677473516135 -13184.2851782295 -12923.6077047134 16899.5804328373 17069.0213666459 16972.3200671475 16657.3998647184 208.397583894611 66430.125 40.5
122540 260.770315102862 -13184.4568496652 -12923.6865345624 16902.0210367813 17109.4361941723 16962.1523006128 16634.4746155586 -16.0170107831318 66430.125 40.5
122550 261.670083650944 -13185.4810131084 -12923.8109294574 16861.6737636139 17173.7391908964 16887.6606439318 16523.6214560135 -242.658660431669 66430.125 40.5
122560 262.561289366549 -13186.5592749166 -12923.99798555 16834.3618755714 17273.747092198 16814.8956167251 16414.4429177912 -382.619956757864 66430.125 40.5
122570 263.285807893118 -13187.5546981558 -12924.2688902626 16805.8413877216 17332.478245647 16779.0633717985 16305.9825457193 -439.076831067314 66430.125 40.5
122580 262.398512223186 -13187.0339028513 -12924.6353906281 16863.2121692129 17407.5146496306 16903.4870789036 16278.6347791045 -404.667572659737 66430.125 40.5
122590 259.147212133504 -13184.2212528763 -12925.0740407428 16991.7662751077 17503.518422263 17059.4884156708 16412.2919873891 -405.028078689313 66430.125 40.5
122600 255.864534454824 -13181.3871085967 -12925.5225741419 17082.8151662482 17563.6641649368 17036.5945817129 16648.186752095 -441.37743185274 66430.125 40.5
122610 255.66496714113 -13181.5925163589 -12925.9275492178 17058.5410484859 17529.7405783973 16851.2578628704 16794.6247041899 -449.358984957812 66430.125 40.5
122620 258.024054908377 -13184.3133300229 -12926.2892751145 16879.7871981372 17299.8209112405 16608.7723567401 16730.7683264311 -465.75761918573 66430.125 40.5
122630 259.563939547585 -13186.2105399325 -12926.6466003849 16739.2291214479 16946.6847283663 16565.8031011164 16705.1995348609 -552.634418026206 66430.125 40.5
122640 259.176121384053 -13186.2049421352 -12927.0288207511 16695.0796755811 16668.3455549522 16643.966057732 16772.9274140592 -655.997084304311 66430.125 40.5
122650 258.046941342511 -13185.4775145299 -12927.4305731874 16731.4752473044 16589.6750535314 16702.3964517528 16902.354236629 -635.687831832239 66430.125 40.5
122660 257.942122549656 -13185.7778217872 -12927.8356992375 16728.3813317665 16613.0001580592 16615.0666346267 16957.0772026136 -469.858163640421 66430.125 40.5
122670 259.147795346544 -13187.3941860407 -12928.2463906941 16698.0722411542 16680.1953782323 16491.4379840996 16922.5833611309 -202.270849438589 66430.125 40.5
122680 260.2503208626 -13188.935472933 -12928.6851520704 16640.5625319004 16744.4221322455 16366.7460737451 16810.5193897106 -11.0154018644746 66430.125 40.5
122690 260.877863593557 -13190.0539691638 -12929.1761055702 16554.8517471992 16766.3157846214 16312.5654502229 16585.6740067532 36.3122133734355 66430.125 40.5
122700 261.144388950978 -13190.8809622311 -12929.7365732801 16554.6433916053 16843.1019346782 16432.2602684894 16388.5679716483 64.1790060341661 66430.125 40.5
122710 260.040035727145 -13190.4065274915 -12930.3664917644 16598.0109263573 16945.1682306952 16601.0136570013 16247.8508913755 170.961256928976 66430.125 40.5
122720 258.144500849134 -13189.1866513385 -12931.0421504894 16649.8494469567 16957.1309262987 16749.105323627 16243.3120909444 208.979130873246 66430.125 40.5
122730 255.912548193005 -13187.6329714205 -12931.7204232275 16698.2363521485 16823.8236674339 16871.6813515155 16399.204037496 181.891183184009 66430.125 40.5
122740 253.478297162288 -13185.8256336349 -12932.3473364726 16722.4602802257 16634.3470013008 16930.6094025939 16602.4244367823 118.370943231918 66430.125 40.5
122750 252.637653706888 -13185.5173854157 -12932.8797317088 16725.5017179165 16535.3697181134 16922.6900844925 16718.4453511436 44.1016886849602 66430.125 40.5
122760 253.158841141404 -13186.4608266774 -12933.301985536 16681.5229170034 16511.0876982049 16853.7143156896 16679.7667371157 -53.5210580433956 66430.125 40.5
122770 253.584400287722 -13187.2047089022 -12933.6203086145 16661.9120741392 16584.6603292187 16818.5890671455 16582.4868260534 -138.979425131084 66430.125 40.5
122780 253.977593370824 -13187.8237961213 -12933.8462027505 16641.1165761559 16691.2444159178 16791.2636551607 16440.8416573892 -188.706719701024 66430.125 40.5
122790 254.367578000131 -13188.354933826 -12933.9873558259 16593.4196838407 16768.9992690318 16690.4565917691 16320.803190721 -160.123313825389 66430.125 40.5
122800 254.801264001671 -13188.85245603 -12934.0511920283 16621.5011709339 16872.6958898627 16616.5229494553 16375.2846734839 -64.9445080478175 66430.125 40.5
122810 255.511198234916 -13189.555199256 -12934.0440010211 16572.2175386747 16796.8655817608 16513.2336623588 16406.5533719046 48.6063249073023 66430.125 40.5
122820 257.100354135561 -13191.078323588 -12933.9779694524 16455.0359324188 16586.9068041126 16433.1154496666 16345.0855434772 150.774096336325 66430.125 40.5
122830 259.060361809585 -13192.9388061341 -12933.8784443245 16388.6460727068 16482.3337071984 16429.4886654869 16254.115845435 138.152338962731 66430.125 40.5
122840 259.711329189591 -13193.4857510942 -12933.7744219046 16368.1969532055 16474.8491080713 16455.5913287426 16174.1504228027 4.88978562920866 66430.125 40.5
122850 258.749667101395 -13192.4277876503 -12933.6781205489 16424.8312706999 16581.3509767607 16526.1173016619 16167.0255336772 -161.809477438016 66430.125 40.5
122860 256.365744993627 -13189.9322908183 -12933.5665458247 16560.5396975593 16744.3620153233 16662.3304855382 16274.9265918164 -284.045526007958 66430.125 40.5
122870 253.95434538988 -13187.3362413678 -12933.3818959779 16710.9854385873 16929.4325240729 16790.5794920814 16412.9442996077 -314.857786736701 66430.125 40.5
122880 254.119415585336 -13187.1713377067 -12933.0519221214 16728.9153117662 17019.5287400683 16771.1698701629 16396.0473250673 -222.343288774358 66430.125 40.5
122890 257.049434188658 -13189.5761005328 -12932.5266663441 16621.4084819591 16944.3158038079 16631.0267206154 16288.8829214541 -104.784987442704 66430.125 40.5
122900 259.638415641139 -13191.4407950683 -12931.8023794272 16512.3832837313 16809.3012261664 16447.0441688598 16280.8044561677 -25.5433252119827 66430.125 40.5
122910 259.689053862694 -13190.5969531873 -12930.9078993246 16543.8184672038 16784.9159279387 16374.3461836677 16472.193290005 -10.3497263947813 66430.125 40.5
122920 257.893905592397 -13187.7610609187 -12929.8671553263 16727.3794939222 16902.9113588869 16488.1236572692 16791.1034656105 -22.9686653601258 66430.125 40.5
122930 256.62112821849 -13185.314519697 -12928.6933914785 16869.9108917791 16987.0856072491 16645.2429137588 16977.4041543294 29.6583242242802 66430.125 40.5
122940 258.008858936653 -13185.4337394085 -12927.4248804718 16878.2713485183 16993.4518180899 16775.2143493803 16866.1478780848 177.953881513597 66430.125 40.5
122950 260.913715762677 -13187.0674651827 -12926.15374942 16843.7657616761 17059.8706622502 16806.6556606216 16664.7709621565 299.679162129215 66430.125 40.5
122960 262.478924059264 -13187.4767990273 -12924.997874968 16852.0553284018 17159.6867745477 16824.1475096474 16572.3317010102 334.620039901234 66430.125 40.5
122970 261.923810142633 -13185.9503941313 -12924.0265839887 16944.9800780914 17251.7355819076 16939.9616562182 16643.2429961485 315.124712345213 66430.125 40.5
122980 260.631797098996 -13183.8664657318 -12923.2346686328 17058.3802280196 17270.1284726418 17090.1354844665 16814.8767269506 323.090820752492 66430.125 40.5
122990 259.650986017419 -13182.230210385 -12922.5792243676 17106.3796735185 17161.9888224806 17135.8360132726 17021.3141848024 371.027670124972 66430.125 40.5
123000 259.751636270501 -13181.7733258563 -12922.0216895858 17130.0538437835 17090.2519597435 17104.6449552824 17195.2646163246 378.952138572937 66430.125 40.5
123010 260.627851429253 -13182.1743788408 -12921.5465274116 17146.9637549589 17126.6872495559 17123.187500453 17191.0165148677 324.614741471282 66430.125 40.5
123020 260.312680610523 -13181.4623890253 -12921.1497084147 17190.9247488386 17306.4771110208 17208.2775670937 17058.0195684014 275.29262805365 66430.125 40.5
123030 259.380108920908 -13180.1975266902 -12920.8174177693 17219.7637300973 17486.9884841451 17273.8590535194 16898.4436526273 359.843561042135 66430.125 40.5
123040 259.656592272258 -13180.1835867845 -12920.5269945122 17192.1872960145 17561.2349144261 17240.6440112333 16774.6829623841 525.917298352778 66430.125 40.5
123050 261.557783744973 -13181.8340371441 -12920.2762533991 17143.5479860209 17621.9544434996 17052.8979140608 16755.7916005024 666.833127733499 66430.125 40.5
123060 264.339556479605 -13184.4366937999 -12920.0971373203 17035.3215722774 17623.2087250994 16689.0113671594 16793.7446245736 682.529995755557 66430.125 40.5
123070 265.840861573416 -13185.8784836641 -12920.0376220906 16988.9265715825 17572.6500502063 16481.0218055713 16913.1078589699 513.772131860733 66430.125 40.5
123080 264.761082795219 -13184.8840459927 -12920.1229631974 17029.8117456537 17518.8891857715 16588.9608866533 16981.5851645362 213.925485428933 66430.125 40.5
123090 262.693271742428 -13183.0273184664 -12920.334046724 17043.7669817036 17430.0099351421 16885.0788867884 16816.2121231805 4.10135852452743 66430.125 40.5
123100 261.815096649967 -13182.4501072485 -12920.6350105985 17076.6327296138 17368.3532048243 17235.928606466 16625.6163775513 26.8589199507917 66430.125 40.5
123110 262.428030061087 -13183.4392842965 -12921.0112542354 17046.5741297294 17211.6564525655 17410.1541586302 16517.9117779925 249.047093979128 66430.125 40.5
123120 263.358282588429 -13184.8350971647 -12921.4768145763 17017.5533156313 17001.2629641452 17485.4189338206 16565.9780489282 415.096018228789 66430.125 40.5
123130 262.739280582727 -13184.7845666748 -12922.0452860921 17063.3830015345 16967.5135507137 17507.7255665357 16714.9098873542 367.784276826838 66430.125 40.5
123140 260.684282423254 -13183.3830192875 -12922.6987368643 17110.4227826126 17118.9034548884 17419.3951455641 16792.9697473853 191.423087261316 66430.125 40.5
123150 259.144439265831 -13182.5381917043 -12923.3937524385 17143.996903831 17331.1861835082 17244.5359063934 16856.2686215912 59.9626571188567 66430.125 40.5
123160 259.466424456132 -13183.5634826881 -12924.097058232 17098.2274927423 17342.2816403817 17068.8361770367 16883.5646608085 90.5021790022829 66430.125 40.5
123170 261.486381102404 -13186.2989462048 -12924.8125651023 16948.9287186368 17184.4288587477 16898.8600167478 16763.4972804148 235.159389454826 66430.125 40.5
123180 262.655251075866 -13188.2231187034 -12925.5678676276 16803.1953543974 16967.7126327944 16851.380792981 16590.4926374169 396.505840930135 66430.125 40.5
123190 260.214709202144 -13186.5718296792 -12926.3571204771 16810.1443318282 16851.8038285195 16975.1589000933 16603.4702668718 442.991227926222 66430.125 40.5
123200 256.475414439493 -13183.5890873948 -12927.1136729554 16883.5856941842 16799.6703537622 17065.9031082871 16785.1836205034 392.634213064884 66430.125 40.5
123210 255.780999386061 -13183.5553101227 -12927.7743107366 16886.6054974456 16720.4375302071 17044.932839583 16894.4461225466 272.309585809886 66430.125 40.5
123220 256.721359902122 -13185.0490086799 -12928.3276487778 16795.6910223971 16644.2701887895 16966.0115231715 16776.7913552303 106.11871135182 66430.125 40.5
123230 256.906107362208 -13185.697487498 -12928.7913801358 16738.3485041604 16744.0775700109 16900.014600106 16570.9533423642 -6.84876686804424 66430.125 40.5
123240 257.181975180597 -13186.3622766371 -12929.1803014565 16723.5481381192 16884.5494345574 16904.6681062912 16381.426873509 -26.6966764674274 66430.125 40.5
123250 258.381059494244 -13187.8916619642 -12929.51060247 16652.2427301115 16786.6883028518 16900.8703078567 16269.1695796261 18.6508817247243 66430.125 40.5
123260 259.664554685532 -13189.4748191268 -12929.8102644413 16582.4445573785 16502.4338400928 16891.3982835092 16353.5015485333 50.1732706976106 66430.125 40.5
123270 260.004403231637 -13190.1077371315 -12930.1033338999 16579.6170284774 16361.4749281797 16835.8638119663 16541.5123452861 48.0412594164838 66430.125 40.5
123280 259.87151415863 -13190.2726216347 -12930.401107476 16616.8061504254 16373.2904754848 16780.7675760206 16696.3603997708 78.2429202593675 66430.125 40.5
123290 258.707529011447 -13189.4063057215 -12930.6987767101 16706.8623893529 16532.8201441458 16810.4548841614 16777.3121397515 77.1241871920922 66430.125 40.5
123300 256.070613463447 -13187.0419586578 -12930.9713451944 16783.8101510094 16747.3867152019 16845.4734855757 16758.5702522507 0.0673977677298833 66430.125 40.5
123310 253.420674463253 -13184.5944972737 -12931.1738228105 16829.9619770607 16869.6654235973 16929.6156413209 16690.6048662641 -171.256302503915 66430.125 40.5
123320 253.457788970347 -13184.7281319481 -12931.2703429778 16738.7778055108 16856.128567986 16858.1976678105 16502.0071807359 -341.41199967398 66430.125 40.5
123330 257.279899915297 -13188.5557440741 -12931.2758441588 16537.2852856878 16780.0790779073 16625.136438586 16206.6403405701 -439.452868946256 66430.125 40.5
123340 261.353588494433 -13192.6127876347 -12931.2591991402 16374.0728757176 16736.3861931183 16471.8826514196 15913.9497826148 -429.823451900216 66430.125 40.5
123350 262.246740135766 -13193.5381262797 -12931.2913861439 16345.3170647823 16687.0444172533 16467.3040488747 15881.602728219 -293.04220837845 66430.125 40.5
123360 261.266507044517 -13192.6611973245 -12931.39469028 16415.0012656385 16609.9966616414 16562.5003482439 16072.5067870301 -83.7159437613798 66430.125 40.5
123370 259.592118524458 -13191.1428186893 -12931.5507001648 16484.5544060901 16538.143889462 16666.2008206807 16249.3185081275 27.2669760285611 66430.125 40.5
123380 256.203248082914 -13187.9206314559 -12931.717383373 16619.1508035738 16642.9115486316 16821.6521965777 16392.8886655122 -1.27037737187449 66430.125 40.5
123390 253.101027604695 -13184.9335615442 -12931.8325339395 16799.4391724432 16872.8054782454 16966.2611089962 16559.250930088 -123.734986026499 66430.125 40.5
123400 254.020341444984 -13185.8722631734 -12931.8519217284 16795.4451634904 16945.5329375514 16877.8911769978 16562.9113759221 -153.265191881563 66430.125 40.5
123410 257.390862221479 -13189.1820141076 -12931.7911518862 16646.6166178472 16815.0220577803 16690.3964140511 16434.4313817103 -56.0748132240934 66430.125 40.5
123420 258.021471548791 -13189.720322559 -12931.6988510102 16630.5823465172 16787.3629545245 16677.5983315325 16426.7857534944 56.3230408346567 66430.125 40.5
123430 256.117651115489 -13187.706601146 -12931.5889500305 16727.6924938387 16864.7747051376 16809.1481850542 16509.1545913242 134.55778234597 66430.125 40.5
123440 256.257329189709 -13187.6947449315 -12931.4374157418 16698.3678784306 16797.0334852962 16796.1481785787 16501.9219714169 214.033023400036 66430.125 40.5
123450 258.339483153762 -13189.5804217392 -12931.2409385854 16613.5133525443 16687.1085581228 16681.7730124395 16471.6584870708 285.559474217256 66430.125 40.5
123460 258.132446588045 -13189.1549492694 -12931.0225026814 16636.2116003694 16697.084770459 16695.0476355698 16516.5023950796 305.151158195815 66430.125 40.5
123470 255.134396568207 -13185.9098285687 -12930.7754320005 16741.8942998706 16797.1171586716 16837.7435057538 16590.8222351863 322.38354331328 66430.125 40.5
123480 252.873051199068 -13183.3147084819 -12930.4416572829 16815.5854925151 16897.2926431358 16974.5472850983 16574.9165493111 358.807614187511 66430.125 40.5
123490 254.137661272434 -13184.1002262317 -12929.9625649592 16745.6847372697 16894.0887598215 16940.2274474815 16402.7380045061 384.867477421492 66430.125 40.5
123500 257.711688069402 -13187.0347917142 -12929.3231036448 16654.7729630865 16916.7763935295 16789.6503379725 16257.8921577574 352.273372096683 66430.125 40.5
123510 261.416906843698 -13189.9747609295 -12928.5578540858 16598.4712803992 16963.2414829921 16554.6353789009 16277.5369793045 286.433078154303 66430.125 40.5
123520 263.558031082196 -13191.2817779894 -12927.7237469072 16586.9055874314 16860.7439608322 16423.4396880553 16476.5331134067 212.903684376655 66430.125 40.5
123530 262.511157950532 -13189.3714668277 -12926.8603088772 16689.338734042 16800.1209963259 16525.8248992711 16742.070306529 175.824654964383 66430.125 40.5
123540 260.10770430799 -13186.0689917774 -12925.9612874694 16887.3236876445 16868.2613620744 16838.6747820321 16955.034918827 227.200952028873 66430.125 40.5
123550 259.358231439713 -13184.3465959641 -12924.9883645244 17032.1901995717 16951.8867248817 17091.7595255647 17052.9243482687 328.235443960829 66430.125 40.5
123560 260.205367106391 -13184.1322179133 -12923.9268508069 17053.098986665 16991.8837186401 17138.283737079 17029.1295042758 360.625835882346 66430.125 40.5
123570 261.263444401577 -13184.0761008977 -12922.8126564962 17036.6587794876 16996.3425828979 17070.2477847618 17043.3859708032 330.047244654844 66430.125 40.5
123580 261.22369933436 -13182.930020716 -12921.7063213816 17087.7106290205 17112.082812685 17065.7015082643 17085.3475661122 295.157406112119 66430.125 40.5
123590 260.478222786469 -13181.1363064091 -12920.6580836226 17197.6189356615 17287.0049655029 17185.7524337727 17120.0994077089 288.272587750065 66430.125 40.5
123600 260.628014285669 -13180.3268981001 -12919.6988838144 17254.6230403524 17400.0057640709 17272.831949859 17091.0314071274 353.59215759425 66430.125 40.5
123610 261.376108674395 -13180.2335437838 -12918.8574351094 17257.6938067146 17427.509407388 17330.4927592659 17015.0792534898 384.495460309621 66430.125 40.5
123620 261.5074095675 -13179.6668305624 -12918.1594209949 17237.7145081975 17387.9079287613 17357.9091706737 16967.3264251575 244.053631975869 66430.125 40.5
123630 262.403767237672 -13180.0176226706 -12917.613855433 17200.2763115523 17362.7909518534 17286.3617631321 16951.6762196713 34.6670513047361 66430.125 40.5
123640 264.716926492664 -13181.945505659 -12917.2285791663 17117.3596478495 17239.8019903766 17142.8479265029 16969.4290266689 -120.220843858784 66430.125 40.5
123650 266.142223592054 -13183.1621235129 -12917.0198999209 17020.2585562914 17055.7500741018 16997.2804100956 17007.7451846767 -127.178592639054 66430.125 40.5
123660 265.961223568417 -13182.9481671669 -12916.9869435985 17016.6927029874 16956.8641019897 17064.6229618628 17028.5910451098 -46.6235182842196 66430.125 40.5
123670 265.303834687257 -13182.4043063794 -12917.1004716921 17059.3261531278 16880.6949075842 17240.3301922948 17056.9533595044 18.8138368009154 66430.125 40.5
123680 264.356639203824 -13181.6795786365 -12917.3229394326 17132.7340005826 16882.8705197629 17432.7740669505 17082.5574150346 -0.829586557204155 66430.125 40.5
123690 262.800029485329 -13180.4165829728 -12917.6165534875 17200.286389322 16987.3677470929 17535.1093184909 17078.3821023822 -106.196845592629 66430.125 40.5
123700 261.921940727737 -13179.8670864491 -12917.9451457213 17235.7109065807 17145.4969807346 17532.0973538419 17029.5383851657 -284.5417706394 66430.125 40.5
123710 263.360580944525 -13181.6582769359 -12918.2976959914 17145.4005712688 17216.4977994313 17333.9221342463 16885.7817801287 -378.222690330428 66430.125 40.5
123720 265.902270314811 -13184.6059073755 -12918.7036370607 17024.5769672894 17212.5728666617 17064.3184147468 16796.8396204598 -306.435626957715 66430.125 40.5
123730 266.274126870219 -13185.474238771 -12919.2001119008 16984.8781668727 17217.9422031255 16867.7582504864 16868.9340470061 -150.623794784201 66430.125 40.5
123740 264.079460673498 -13183.8599640705 -12919.780503397 17035.2259622517 17231.9189393446 16831.5135663429 17042.2453810677 -26.5058442777158 66430.125 40.5
123750 262.061382694735 -13182.4621990593 -12920.4008163645 17063.466132418 17213.290581337 16851.8377846002 17125.2700313168 29.1421652138857 66430.125 40.5
123760 260.692575256897 -13181.7123749588 -12921.0197997019 17078.6602133788 17220.4927652937 16933.7936127717 17081.6942620709 118.640581829822 66430.125 40.5
123770 259.149938966253 -13180.7591420141 -12921.6092030478 17114.2473539166 17268.8425237772 17060.8217220743 17013.0778158984 256.606278606381 66430.125 40.5
123780 258.502996935221 -13180.651756226 -12922.1487592908 17105.1070425685 17265.0261395882 17132.3403541086 16917.9546340087 331.141798503051 66430.125 40.5
123790 259.687550640056 -13182.3294939092 -12922.6419432692 17048.1731548697 17166.367946604 17121.7646110833 16856.3869069219 227.236472742301 66430.125 40.5
123800 261.024382912144 -13184.1403107502 -12923.115927838 16983.0706805835 16991.7085143413 17044.9835900828 16912.5199373265 107.803190279057 66430.125 40.5
123810 261.416066177143 -13185.0138455172 -12923.5977793401 16946.8924268486 16830.0589817531 17014.3436962897 16996.274602503 111.595854453206 66430.125 40.5
123820 261.543822788213 -13185.6454864777 -12924.1016636895 16904.4577270487 16718.6855523562 17015.8697761334 16978.8178526564 219.777577716897 66430.125 40.5
123830 260.568302939301 -13185.1933352665 -12924.6250323272 16891.7047182659 16718.3856001522 17034.2684944234 16922.4600602221 234.15875230651 66430.125 40.5
123840 259.034440287229 -13184.1812035357 -12925.1467632485 16895.7170714699 16832.8428544629 16960.887066115 16893.4212938318 161.560232971204 66430.125 40.5
123850 259.71819957703 -13185.3678910312 -12925.6496914542 16838.2148974211 16925.5303476853 16784.4824676174 16804.6318769607 62.9091847310483 66430.125 40.5
123860 262.481481224461 -13188.6359906884 -12926.1545094639 16680.8236873346 16871.7701917656 16497.8736847071 16672.8271855312 42.5243597881951 66430.125 40.5
123870 264.101233731912 -13190.8120293211 -12926.7107955892 16532.6814733128 16709.5286724309 16254.0467202333 16634.4690272743 60.887505915546 66430.125 40.5
123880 261.730214910867 -13189.0643304363 -12927.3341155255 16594.1946194726 16681.7454192866 16304.06117755 16796.7772615812 99.4745208659253 66430.125 40.5
123890 256.76912416243 -13184.7340297462 -12927.9649055838 16816.2450268032 16805.8416203414 16649.2266307881 16993.66682928 146.302611748246 66430.125 40.5
123900 253.615093904746 -13182.1299673901 -12928.5148734854 16978.7013084613 16918.9790499463 16968.0930928821 17049.0317825556 216.289619705495 66430.125 40.5
123910 253.896235214496 -13182.8356569268 -12928.9394217123 16972.1720567688 16886.9039051509 17081.1464799272 16948.4657852282 249.447770630032 66430.125 40.5
123920 255.993107942911 -13185.2472224899 -12929.254114547 16853.7566152206 16740.1920460576 17029.2325207528 16791.8452788515 202.032614785088 66430.125 40.5
123930 257.824912301912 -13187.328594079 -12929.5036817771 16742.0782899847 16564.3304055025 16974.9373774935 16686.9670869582 153.266454944944 66430.125 40.5
123940 258.934444206153 -13188.6613887138 -12929.7269445076 16659.2084508449 16408.06691293 16968.349297263 16601.2091423416 156.70774892004 66430.125 40.5
123950 260.273476638215 -13190.2265972734 -12929.9531206352 16544.8872529613 16282.9384107317 16846.4655771826 16505.2577709696 163.129735244298 66430.125 40.5
123960 261.171906431489 -13191.3795780907 -12930.2076716592 16453.4378943651 16257.291696916 16664.5385415282 16438.4834446511 155.379766350915 66430.125 40.5
123970 260.925823612971 -13191.4317151374 -12930.5058915244 16473.5601359684 16392.7587565319 16544.9783066039 16482.9433447695 155.26764172671 66430.125 40.5
123980 260.34349560888 -13191.1892911254 -12930.8457955166 16540.8003457343 16559.1956609682 16465.7519559161 16597.4534203187 96.7259158632819 66430.125 40.5
123990 259.612814239486 -13190.8303242389 -12931.2175099994 16580.0037331299 16645.1752164427 16408.7702074115 16686.0657755354 11.7803805839437 66430.125 40.5
124000 257.539810801619 -13189.1402390922 -12931.6004282906 16643.0960997123 16686.9437067179 16477.9723414278 16764.3722509913 -84.2564674084191 66430.125 40.5
124010 254.798844023547 -13186.7539384621 -12931.9550944385 16719.4649001565 16727.3156075092 16652.5501655545 16778.5289274059 -161.366876845173 66430.125 40.5
124020 253.065112441867 -13185.2992494953 -12932.2341370534 16750.4646088344 16711.3892439265 16828.9647478727 16711.039834704 -223.696392124263 66430.125 40.5
124030 253.032225594355 -13185.4419818683 -12932.4097562739 16738.2085877845 16628.6473428825 16948.0068716031 16637.9715488678 -242.975009304709 66430.125 40.5
124040 253.933992851914 -13186.4151037715 -12932.4811109196 16662.8691224703 16547.8819098105 16907.8481795271 16532.8772780732 -215.757568756234 66430.125 40.5
124050 254.977575221392 -13187.4412942856 -12932.4637190642 16596.5786910435 16627.3078387876 16721.4289022129 16440.9993321299 -187.306070061133 66430.125 40.5
124060 256.001021205132 -13188.3771127239 -12932.3760915188 16570.8657917067 16789.5544983454 16491.6064542347 16431.4364225399 -171.700806810741 66430.125 40.5
124070 256.595097403752 -13188.8294590819 -12932.2343616782 16604.2281096414 16884.971988307 16332.3582059345 16595.3541346827 -147.601724917128 66430.125 40.5
124080 256.041106457315 -13188.0844956052 -12932.0433891479 16703.8490699967 16887.8660952182 16377.6572471057 16846.0238676662 -92.1951363996352 66430.125 40.5
124090 255.156929288003 -13186.9444444023 -12931.7875151143 16755.5172695851 16802.615188043 16520.9269641405 16943.0096565718 -35.9396382924825 66430.125 40.5
124100 256.249238560852 -13187.6949513283 -12931.4457127674 16688.0177837575 16704.6230612943 16547.3762871117 16812.0540028666 40.5256980257725 66430.125 40.5
124110 258.980300849336 -13190.0025726079 -12931.0222717586 16523.5340381744 16567.1772432055 16405.7863280347 16597.6385432831 111.258252991232 66430.125 40.5
124120 260.070256149582 -13190.6178854282 -12930.5476292786 16417.1976678547 16455.9369107679 16300.034175975 16495.6219168213 160.879750423763 66430.125 40.5
124130 258.169147766681 -13188.2021246414 -12930.0329768747 16548.7171376632 16413.9920735368 16491.3043956247 16740.8549438282 188.545893696164 66430.125 40.5
124140 256.256578282714 -13185.69332209 -12929.4367438073 16727.8903800138 16449.5414448703 16723.9090662131 17010.220628958 151.163113315743 66430.125 40.5
124150 258.237686800486 -13186.9443023682 -12928.7066155677 16731.5398525832 16406.3355640285 16800.5255365265 16987.7584571945 75.1309776405499 66430.125 40.5
124160 262.331661670359 -13190.1783581248 -12927.8466964545 16568.9798418867 16294.1054580252 16708.8761467761 16703.9579208587 0.706234658171265 66430.125 40.5
124170 262.952029769363 -13189.8729734792 -12926.9209437098 16543.7530325691 16432.937331926 16683.8255782736 16514.4961875076 56.4807923185344 66430.125 40.5
124180 258.915346711002 -13184.8827892368 -12925.9674425258 16758.5172866582 16833.9319757393 16837.6433486364 16603.9765355991 169.951834486162 66430.125 40.5
124190 255.616502974991 -13180.5637366681 -12924.9472336931 16955.65512675 17162.9306297143 16933.3681860017 16770.666564534 172.672522440715 66430.125 40.5
124200 257.421817552417 -13181.241796373 -12923.8199788206 16981.8352985631 17263.1748612523 16862.4426724946 16819.8883619423 39.8671813787869 66430.125 40.5
124210 262.323577746347 -13184.9631757687 -12922.6395980223 16865.4233879316 17094.3358287228 16713.0048636427 16788.9294714292 -30.3287123293541 66430.125 40.5
124220 266.716374195409 -13188.2688940155 -12921.5525198201 16761.5067406561 16846.1069761876 16679.0020272737 16759.4112185071 77.7067310267993 66430.125 40.5
124230 267.168398546821 -13187.8595066447 -12920.6911080979 16830.2784697074 16811.6249362393 16835.2268518508 16843.9836210322 238.537260362579 66430.125 40.5
124240 263.640808486502 -13183.7208958848 -12920.0800873983 16994.0487559528 17052.3971305571 17028.8152122965 16900.9339250047 358.835383643135 66430.125 40.5
124250 260.854304304281 -13180.5025246199 -12919.6482203156 17128.3367116473 17347.3726719933 17187.1624664064 16850.4749965422 423.202730331599 66430.125 40.5
124260 261.185883934136 -13180.5099523654 -12919.3240684313 17134.3469069834 17407.3149594166 17210.6370420794 16785.0887194543 423.900740120896 66430.125 40.5
124270 263.194449778776 -13182.2888678534 -12919.0944180746 17017.2730680994 17279.1614051513 16993.3976326765 16779.2601664704 295.197862815221 66430.125 40.5
124280 264.781010150873 -13183.7644193693 -12918.9834092184 16919.3372541087 17131.0424561691 16779.307500828 16847.6618053291 148.685016818204 66430.125 40.5
124290 263.89938443523 -13182.9008070964 -12919.0014226612 16970.5278830703 17147.4690148711 16780.4611566595 16983.6534776802 77.887394026171 66430.125 40.5
124300 261.411076668659 -13180.5267087113 -12919.1156320427 17109.7894881189 17284.469458779 16897.2170792605 17147.6819263172 93.6072459781608 66430.125 40.5
124310 260.472321621955 -13179.7488562577 -12919.2765346357 17157.2548518674 17342.2156012304 16979.5188069356 17150.0301474361 141.238970302065 66430.125 40.5
124320 261.048065704898 -13180.5092114139 -12919.461145709 17132.6634971912 17304.0043089649 17062.2526264772 17031.7335561315 195.76439933137 66430.125 40.5
124330 261.18004264851 -13180.8533863985 -12919.67334375 17153.3948168312 17290.9192568631 17249.3836707829 16919.8815228476 210.823043244948 66430.125 40.5
124340 260.753638850061 -13180.6668469976 -12919.9132081475 17150.6073714293 17250.5205154386 17398.1194955366 16803.1821033126 112.609127115294 66430.125 40.5
124350 260.984341462416 -13181.1597401556 -12920.1753986932 17081.6186914963 17175.4078820298 17338.7479274837 16730.7002649754 -74.2836965997768 66430.125 40.5
124360 261.768636715682 -13182.2317903675 -12920.4631536519 17032.9403874741 17137.5815298151 17147.222946515 16814.0166860922 -159.17070678837 66430.125 40.5
124370 262.233399975731 -13183.0225279041 -12920.7891279284 17000.8447616505 17099.6845942178 16896.7398786031 17006.1098121308 -121.08682856225 66430.125 40.5
124380 261.290541825467 -13182.4466232173 -12921.1560813918 17049.7935693129 17100.9393270797 16738.8411500116 17309.6002308473 -14.2287963513878 66430.125 40.5
124390 258.996310464576 -13180.5354923619 -12921.5391818973 17165.9551312477 17210.4301141055 16686.1381654916 17601.2971141459 52.6186083170965 66430.125 40.5
124400 257.825107709404 -13179.7234301349 -12921.8983224255 17229.5924624266 17354.9390611971 16674.5455217095 17659.2928043731 21.9013553397597 66430.125 40.5
124410 259.762988286548 -13181.9874099529 -12922.2244216664 17135.7742145652 17279.7444198449 16690.822287812 17436.7559360386 -96.7005815730708 66430.125 40.5
124420 262.540483739454 -13185.0947967986 -12922.5543130592 16959.8298103344 16957.172134305 16751.2327206959 17171.0845760024 -169.603314296862 66430.125 40.5
124430 263.439845920269 -13186.3747420173 -12922.934896097 16835.6190241557 16666.2886039466 16837.0523524541 17003.5161160664 -89.0111187199599 66430.125 40.5
124440 262.914654138951 -13186.2950634475 -12923.3804093085 16762.6631990101 16572.4905862495 16846.2295917712 16869.2694190095 53.095859109443 66430.125 40.5
124450 262.148350516185 -13186.025195177 -12923.8768446608 16734.0011924031 16597.680795269 16855.4789255165 16748.8438564238 136.643073240347 66430.125 40.5
124460 261.079643486715 -13185.4797406921 -12924.4000972054 16801.0113665869 16734.0281820943 16902.1489470607 16766.8569706057 135.727459159968 66430.125 40.5
124470 260.353813988616 -13185.2794855281 -12924.9256715395 16842.8247075182 16832.7607847384 16815.895878756 16879.8174590602 86.2067391194817 66430.125 40.5
124480 260.630682384621 -13186.0704985838 -12925.4398161992 16830.6455326342 16862.6539310071 16679.1497948622 16950.1328720333 11.9457413923672 66430.125 40.5
124490 261.097016940733 -13187.0425171839 -12925.9455002432 16802.1048682819 16886.5427112158 16621.2509717971 16898.5209218329 -65.8609655956615 66430.125 40.5
124500 260.78503300744 -13187.2301732208 -12926.4451402134 16775.6169429356 16956.3004204879 16625.6469060844 16744.9035022345 -32.8197599371426 66430.125 40.5
124510 260.724202674974 -13187.6572433142 -12926.9330406393 16720.8251826808 16969.262286392 16580.4701249308 16612.7431367195 9.80584956089561 66430.125 40.5
124520 262.071313725539 -13189.4847034839 -12927.4133897583 16565.0323322706 16772.2838620916 16419.4088903923 16503.4042443278 -61.4342679083101 66430.125 40.5
124530 263.197308239436 -13191.1062360279 -12927.9089277885 16441.754186538 16553.0428453237 16304.661648284 16467.5580660064 -127.724484548634 66430.125 40.5
124540 261.588641870501 -13190.0156010592 -12928.4269591887 16503.0086377074 16570.8300045331 16450.4117268799 16487.7841817092 -189.068461431774 66430.125 40.5
124550 257.745500163723 -13186.673906809 -12928.9284066453 16740.0556170509 16875.8646654007 16804.338323266 16539.963862486 -292.935466785584 66430.125 40.5
124560 254.049203624307 -13183.3941248467 -12929.3449212224 16931.9304442673 17147.495245201 17033.4930812495 16614.8030063513 -416.349954866956 66430.125 40.5
124570 252.766322148552 -13182.3952087335 -12929.6288865849 16936.9223576737 17245.4921483219 16912.6708690847 16652.6040556146 -470.369100039665 66430.125 40.5
124580 253.813174259893 -13183.591541824 -12929.7783675641 16804.2782480926 17247.5198450536 16562.8531720643 16602.46172716 -469.002468591117 66430.125 40.5
124590 255.812027175457 -13185.6380391361 -12929.8260119607 16638.1416588114 17145.9852039943 16286.4817088423 16481.9580635977 -428.334449782925 66430.125 40.5
124600 258.521507345134 -13188.3430946476 -12929.8215873025 16483.6904586447 16885.4389896226 16131.4307117796 16434.201674532 -372.203906205757 66430.125 40.5
124610 260.860853054779 -13190.6807688086 -12929.8199157539 16351.9557662017 16556.4649922311 16058.6959159557 16440.7063904184 -308.810454769301 66430.125 40.5
124620 260.527187073028 -13190.3868935595 -12929.8597064864 16411.459863465 16517.8419201528 16163.7419193086 16552.7957509337 -272.755163187633 66430.125 40.5
124630 257.167845350357 -13187.0963286029 -12929.9284832526 16639.9560318213 16846.9196977859 16389.0896539515 16683.8587437266 -321.604531295918 66430.125 40.5
124640 254.0029290647 -13183.9706771441 -12929.9677480794 16852.8263531794 17265.9562417074 16583.622623237 16708.9001945939 -409.10654247977 66430.125 40.5
124650 253.7634580315 -13183.6905644632 -12929.9271064317 16889.5201367953 17440.4656351458 16615.5316794933 16612.5630957468 -415.726435374305 66430.125 40.5
124660 255.388092098391 -13185.1889244336 -12929.8008323352 16756.4529979502 17283.1940009672 16574.2084820017 16411.9565108817 -310.139482371418 66430.125 40.5
124670 256.961924700595 -13186.57840157 -12929.6164768694 16641.0177429558 17048.0060668905 16571.2579827454 16303.7891792315 -156.144693872262 66430.125 40.5
124680 258.066685427054 -13187.4719438225 -12929.4052583955 16600.3568875369 16861.9786188469 16551.1341365475 16387.9579072163 -77.8072890622625 66430.125 40.5
124690 259.041116685058 -13188.2300698612 -12929.1889531761 16598.7176936665 16692.6482602204 16533.604239205 16569.9005815739 -112.122379616004 66430.125 40.5
124700 260.339650461726 -13189.3261578947 -12928.986507433 16584.5265232942 16546.8258748707 16514.3305020088 16692.4231930031 -157.57153391833 66430.125 40.5
124710 261.928823579857 -13190.7514137845 -12928.8225902046 16565.5020892465 16505.2237815404 16514.7786033102 16676.5038828889 -126.589330436253 66430.125 40.5
124720 262.801253699902 -13191.5283831917 -12928.7271294918 16554.475271318 16534.3928697279 16547.7858895633 16581.2470546627 -86.1153502056169 66430.125 40.5
124730 261.574943494649 -13190.2887105184 -12928.7137670237 16639.0952880951 16632.785924907 16700.4305592863 16584.0693800921 -78.7233271489792 66430.125 40.5
124740 259.049134813666 -13187.8095763449 -12928.7604415312 16753.2825618206 16751.5017545912 16801.1786183459 16707.1673125247 -112.35937924679 66430.125 40.5
124750 257.57213983499 -13186.3967573817 -12928.8246175468 16770.1154955216 16734.3354020635 16716.7797499834 16859.231334518 -238.257766507724 66430.125 40.5
124760 257.653802937941 -13186.5318932959 -12928.8780903579 16635.8614830497 16533.6984396152 16437.5163284655 16936.3696810683 -342.803560894878 66430.125 40.5
124770 258.183148803467 -13187.1026759841 -12928.9195271807 16499.9416020886 16371.0821560467 16132.0412520299 16996.7013981891 -358.932866731145 66430.125 40.5
124780 257.960486313787 -13186.9183451163 -12928.9578588025 16475.621045279 16384.3190817039 16005.3798970484 17037.1641570847 -268.945708202811 66430.125 40.5
124790 256.20047529013 -13185.1863578834 -12928.9858825933 16585.283131273 16567.5864098832 16134.8158270575 17053.4471568782 -112.434690103751 66430.125 40.5
124800 254.21779823414 -13183.1867859212 -12928.9689876871 16739.7101164792 16754.3659588143 16421.528536664 17043.2358539594 -54.5461984407261 66430.125 40.5
124810 254.511340586771 -13183.3764238979 -12928.8650833111 16791.9678484449 16797.5585834737 16659.9389273383 16918.4060345227 -171.396434954413 66430.125 40.5
124820 257.123624550764 -13185.7827852858 -12928.659160735 16711.3588769714 16696.4586141138 16724.2184698798 16713.3995469208 -304.191041842166 66430.125 40.5
124830 259.608378549488 -13187.9797756983 -12928.3713971488 16607.3316436049 16586.8539628463 16693.0790395019 16542.0619284665 -329.604410516445 66430.125 40.5
124840 260.603705146842 -13188.6378352352 -12928.0341300884 16582.2276656802 16496.8657131419 16700.4020994324 16549.4151844662 -328.449373081187 66430.125 40.5
124850 259.915623847392 -13187.5743410712 -12927.6587172238 16642.1686070541 16554.7619645757 16759.1107472434 16612.6331093431 -329.34646810268 66430.125 40.5
124860 258.741873248622 -13185.9701692177 -12927.2282959691 16700.9462372881 16731.3980321959 16782.0308843821 16589.4097952863 -292.280939148577 66430.125 40.5
124870 258.710135687791 -13185.4268667183 -12926.7167310305 16730.9726832168 16859.052687435 16775.6242784536 16558.241083762 -224.417923635203 66430.125 40.5
124880 259.225661901868 -13185.3385497829 -12926.112887881 16739.1026748382 16824.3845309175 16823.3639297275 16569.5595638695 -142.457671405315 66430.125 40.5
124890 259.398292122161 -13184.8254552506 -12925.4271631284 16739.100723101 16717.1373301242 16883.7981581533 16616.3666810255 -111.388385014232 66430.125 40.5
124900 259.121380757462 -13183.7966359148 -12924.6752551574 16760.2005795644 16676.8484170754 16887.2625659305 16716.4907556872 -162.68391432258 66430.125 40.5
124910 258.612827385426 -13182.4808298167 -12923.8680024313 16778.5710150936 16735.6546462666 16786.6241023961 16813.4342966181 -302.14673416518 66430.125 40.5
124920 259.367132425232 -13182.3861253814 -12923.0189929561 16819.5484848217 16867.502720946 16640.5601412673 16950.5825922519 -474.194899432038 66430.125 40.5
124930 261.772387421961 -13183.9334656051 -12922.1610781831 16806.0368639032 16977.1823503976 16468.0324160167 16972.8958252954 -597.642781135225 66430.125 40.5
124940 264.550264160667 -13185.9078378168 -12921.3575736562 16795.6745444384 17029.4745116957 16481.4172371057 16876.1318845139 -572.033479784841 66430.125 40.5
124950 266.172841457621 -13186.8510681549 -12920.6782266973 16818.1211625481 16969.6167845804 16737.4109024727 16747.3358005913 -406.144100855172 66430.125 40.5
124960 265.792009415608 -13185.9556036429 -12920.1635942273 16871.1708195561 16878.5653853197 17052.3921948117 16682.5548785369 -214.069890796606 66430.125 40.5
124970 263.899483245274 -13183.7055662661 -12919.8060830208 16916.9735985241 16741.1948883 17198.3889973071 16811.3369099651 -102.277738974496 66430.125 40.5
124980 262.403748495014 -13181.9715310082 -12919.5677825132 16981.5217175141 16679.4121734658 17186.4403484786 17078.7126305979 -53.0361502835513 66430.125 40.5
124990 262.175822164444 -13181.5905758323 -12919.4147536679 17055.1664461395 16672.8648698176 17195.31544753 17297.3190210708 -47.7712031535359 66430.125 40.5
125000 262.63459921872 -13181.9724425364 -12919.3378433177 17068.3324147109 16665.325030544 17265.1375274559 17274.5346861329 -66.2503708357066 66430.125 40.5
