# Fix print output for fix setl_out
331000 614.579590059007 -12825.2019129057 -12210.6223228467 46247.1673274959 46170.744130526 45999.8637798883 46570.8940720733 156.392419428028 66430.125 40.5
331010 617.72071444692 -12828.3045435955 -12210.5838291486 46022.6120187 46327.3139969804 45708.4958782924 46032.0261808271 -98.8914088273638 66430.125 40.5
331020 615.338436098059 -12825.8127758089 -12210.4743397109 46103.7031717356 46649.6851384969 45921.1363257055 45740.2880510044 -260.408163047328 66430.125 40.5
331030 614.977591846626 -12825.2522167371 -12210.2746248905 46142.5269029138 46582.8235489796 46184.4447522397 45660.3124075221 -311.376974580217 66430.125 40.5
331040 616.392685776205 -12826.363003262 -12209.9703174858 46100.0217649981 46089.3659115078 46317.9241094571 45892.7752740295 -520.780935350917 66430.125 40.5
331050 613.27656232207 -12822.8324583429 -12209.5558960208 46335.5793631721 45782.1594234067 46799.8841102508 46424.6945558587 -787.330712027238 66430.125 40.5
331060 610.113386233033 -12819.0939778369 -12208.9805916038 46654.9562848796 45808.6011828523 47250.7555811847 46905.5120906019 -917.873383002338 66430.125 40.5
331070 611.106197757497 -12819.283231324 -12208.1770335665 46668.6211712614 45837.2627848296 47187.573639455 46981.0270894995 -617.447377209617 66430.125 40.5
331080 613.334870479303 -12820.4578151908 -12207.1229447115 46577.9215519343 45881.7819691274 46976.8282782258 46875.1544084498 -433.611190611034 66430.125 40.5
331090 615.776879459161 -12821.6169970923 -12205.8401176332 46558.9497006564 46078.0046485636 46724.5377094101 46874.3067439955 -660.821195696876 66430.125 40.5
331100 617.604174441084 -12821.9581270048 -12204.3539525637 46663.1481037496 46480.4435989913 46723.3649774821 46785.6357347752 -840.723994142843 66430.125 40.5
331110 618.590633207607 -12821.2833385918 -12202.6927053842 46719.6252906582 46800.1319486319 46742.1819562544 46616.5619670882 -740.198413238429 66430.125 40.5
331120 617.965971444621 -12818.8379113803 -12200.8719399357 46748.8320970283 47004.7658547801 46553.8005161602 46687.9299201447 -647.913605426376 66430.125 40.5
331130 617.870874027745 -12816.7718774811 -12198.9010034534 46840.707974145 47116.7925273734 46306.8374481904 47098.4939468711 -776.331056633389 66430.125 40.5
331140 618.849488187216 -12815.6477524173 -12196.7982642301 46977.1483225686 47165.9656685208 46251.1418614738 47514.3374377113 -920.302529798873 66430.125 40.5
331150 620.760863937875 -12815.3813176057 -12194.6204536678 46992.7076915634 47022.5561115442 46301.4969183849 47654.0700447611 -1069.11762729761 66430.125 40.5
331160 624.117467460123 -12816.5804833133 -12192.4630158532 46943.6034014299 46852.2360427218 46473.0460038758 47505.528157692 -1078.65927678247 66430.125 40.5
331170 626.452101564388 -12816.8915620832 -12190.4394605188 46778.3021620682 46826.2558738305 46623.1534471637 46885.4971652105 -1024.30761250021 66430.125 40.5
331180 629.268278058673 -12817.9164780003 -12188.6481999416 46738.3967084781 47105.7229095051 46846.6444177662 46262.8227981632 -877.156501026267 66430.125 40.5
331190 636.828233187797 -12824.0142991147 -12187.1860659269 46617.6911289635 47363.377358029 46746.5358402792 45743.1601885823 -628.855289920869 66430.125 40.5
331200 639.040354035921 -12825.2131640336 -12186.1728099976 46744.32397596 47457.1915030694 46995.1570809016 45780.6233439091 -401.843909190484 66430.125 40.5
331210 625.520170735281 -12811.1126950939 -12185.5925243586 47310.2056616949 47590.9611725864 47823.3153739493 46516.3404385492 -23.7430249678987 66430.125 40.5
331220 611.179607313049 -12796.3620341459 -12185.1824268329 47835.8324261374 47582.5495664904 48784.1639841994 47140.7837277226 234.906726669792 66430.125 40.5
331230 613.922218564131 -12798.6254046782 -12184.7031861141 47619.5805049446 47044.7320140665 48697.1139365419 47116.8955642253 145.971060777011 66430.125 40.5
331240 626.574103500845 -12810.7596387145 -12184.1855352137 47070.9436772283 46397.129552546 47897.6171620209 46918.0843171179 -52.2717760745171 66430.125 40.5
331250 631.131216773378 -12814.9621423165 -12183.8309255432 47180.1638325827 46562.7963398837 47695.541857049 47282.1533008153 -69.2492416238717 66430.125 40.5
331260 622.62846640973 -12806.3215640109 -12183.6930976012 47637.8827352387 47246.2134255052 47787.7721701598 47879.662610051 -58.1285115201413 66430.125 40.5
331270 616.464745983832 -12800.0884095426 -12183.6236635587 47918.5198199709 47837.011103795 47622.3314186749 48296.2169374426 -103.393105607761 66430.125 40.5
331280 623.831155458965 -12807.3618924308 -12183.5307369719 47558.0857630399 47582.3691424894 46992.9019785054 48098.986168125 -235.557139216135 66430.125 40.5
331290 634.890193626095 -12818.4172017664 -12183.5270081403 46941.3969521038 46920.9520008362 46342.2788014177 47560.9600540576 -193.866300256605 66430.125 40.5
331300 636.397001228697 -12820.1761686674 -12183.7791674387 46764.5810929644 46903.4678021897 46361.0842232883 47029.1912534151 48.0498580770679 66430.125 40.5
331310 627.849887371938 -12812.1287427011 -12184.2788553292 47104.335081987 47540.4076005863 46928.1409164891 46844.4567288855 220.645355555342 66430.125 40.5
331320 620.291899002712 -12805.1390489703 -12184.8471499675 47359.0757892047 48163.8354315746 47200.6303324654 46712.761603574 219.20308211568 66430.125 40.5
331330 625.004615831661 -12810.3840170999 -12185.3794012683 47321.2926969929 48405.1668244042 47184.7367868368 46373.9744797376 50.2243640394703 66430.125 40.5
331340 633.34760296291 -12819.3072192739 -12185.959616311 47043.6471475439 48151.1281733985 47133.1039882731 45846.7092809601 -225.364835211039 66430.125 40.5
331350 630.695915439328 -12817.3940987548 -12186.6981833155 47082.5586257833 47784.7418321973 47460.1176090556 46002.8164360971 -522.108885558534 66430.125 40.5
331360 620.62404543169 -12808.1578582691 -12187.5338128374 47478.4578655131 47733.9152138672 47797.6075218692 46903.8508608029 -559.510781168034 66430.125 40.5
331370 614.424357329871 -12802.7189683821 -12188.2946110522 47753.5210524899 47861.7662233631 47781.6326051537 47617.1643289529 -388.870350441881 66430.125 40.5
331380 615.030626580266 -12803.9164934273 -12188.885866847 47596.8899276838 47997.4962598073 47390.1205823478 47403.0529408963 -57.7325280787135 66430.125 40.5
331390 618.17203544854 -12807.5033514392 -12189.3313159906 47425.8850731759 48392.9794085351 47118.5143503433 46766.1614606493 274.2826813183 66430.125 40.5
331400 620.711888019772 -12810.4127648148 -12189.700876795 47364.3840165484 48599.2672161972 47103.6979362574 46390.1868971906 384.196094357839 66430.125 40.5
331410 622.289773064068 -12812.3424330183 -12190.0526599543 47171.130708921 48206.7200823878 46953.6327951097 46353.0392492654 213.821700857311 66430.125 40.5
331420 622.714154500583 -12813.1361169736 -12190.4219624731 47144.2352622179 47573.7814085001 47028.5064802851 46830.4178978687 -17.6311193441417 66430.125 40.5
331430 620.936247284076 -12811.7451653033 -12190.8089180192 47018.5812633853 47040.229158238 46956.2150172273 47059.2996146907 -312.215298848094 66430.125 40.5
331440 622.474263589083 -12813.6700866384 -12191.1958230493 46700.3962529334 46692.4399747134 46617.2684209404 46791.4803631463 -527.432098210131 66430.125 40.5
331450 631.389848411226 -12823.0291335905 -12191.6392851793 46276.2738565926 46303.9264933334 46221.8276036782 46303.0674727663 -838.698298744501 66430.125 40.5
331460 639.370721407051 -12831.6676619232 -12192.2969405161 46112.6088215066 45879.2919207096 46232.326868912 46226.2076748983 -1053.87081703391 66430.125 40.5
331470 638.283135416617 -12831.5945827628 -12193.3114473461 46350.7411980164 45786.2772664769 46754.4185952476 46511.5277323247 -1043.29454313939 66430.125 40.5
331480 626.540000253017 -12821.1640690067 -12194.6240687537 46786.4654941277 46253.8238635176 47244.5465568073 46861.0260620584 -727.018516380645 66430.125 40.5
331490 615.087835198532 -12811.0802766612 -12195.9924414626 47017.9396691461 46567.0458252887 47353.039890281 47133.7332918687 -311.22899371759 66430.125 40.5
331500 615.750736985083 -12812.9857204635 -12197.2349834785 46871.3114104039 46444.5591006643 47090.7937488259 47078.5813817217 -7.48071264096316 66430.125 40.5
331510 621.642167759996 -12819.9997650286 -12198.3575972686 46579.4463687261 46149.3502914798 46818.3411687125 46770.6476459861 89.4581974761911 66430.125 40.5
331520 620.893880927763 -12820.3407681984 -12199.4468872707 46471.0613693008 45982.6434159203 46805.8090840272 46624.7316079548 158.687252349835 66430.125 40.5
331530 610.584194908393 -12811.044923935 -12200.4607290266 46942.4642426177 46554.4181900608 47203.520091659 47069.4544461331 271.145502216851 66430.125 40.5
331540 602.693152168952 -12803.9097873218 -12201.2166351528 47040.6107560342 46892.3150161156 46887.7506042743 47341.7666477125 302.442094037604 66430.125 40.5
331550 613.675086097606 -12815.3277531028 -12201.6526670052 46503.2209208203 46585.6533762415 45835.1973321692 47088.8120540502 339.461414316783 66430.125 40.5
331560 631.831052593342 -12833.8023444276 -12201.9712918343 45939.0260455221 46023.9648863618 45154.6421314432 46638.4711187614 496.391919514457 66430.125 40.5
331570 635.792672371512 -12838.2597328215 -12202.46706045 45724.3273201258 45557.1282028745 45351.289339606 46264.5644178968 737.005248650426 66430.125 40.5
331580 628.027019455838 -12831.253467305 -12203.2264478492 46079.4778912793 45467.4265755001 46428.8985328674 46342.1085654705 982.761107258929 66430.125 40.5
331590 617.887420214775 -12821.97616832 -12204.0887481053 46446.9385871414 45400.9348439909 47452.5727421198 46487.3081753133 1055.47129367107 66430.125 40.5
331600 612.614767452564 -12817.4789444913 -12204.8641770387 46570.1792449099 45257.7254524404 47882.5921635329 46570.2201187564 892.922709617172 66430.125 40.5
331610 612.38477741144 -12817.8502317289 -12205.4654543175 46691.916176026 45178.1997000839 47967.6562690106 46929.8925589836 500.768452123432 66430.125 40.5
331620 610.486775820689 -12816.3575803662 -12205.8708045456 46815.8109191189 45173.508501172 47857.5346703446 47416.3895858402 199.376542440317 66430.125 40.5
331630 609.070696143392 -12815.1367516322 -12206.0660554888 46791.456588386 44949.2795133628 47746.031988252 47679.0582635432 59.318574324118 66430.125 40.5
331640 611.923874145987 -12817.9729561147 -12206.0490819687 46652.3218278675 44797.3936627418 47697.090198196 47462.4816226647 -189.284370744793 66430.125 40.5
331650 616.649844833841 -12822.5235379132 -12205.8736930793 46542.8960386863 44869.7484269661 47584.7582658544 47174.1814232383 -339.537094850338 66430.125 40.5
331660 621.216192574938 -12826.8522878957 -12205.6360953208 46437.6402931558 45198.9442234527 46997.6281874687 47116.3484685461 -258.497962535587 66430.125 40.5
331670 623.24432683074 -12828.6680945753 -12205.4237677446 46256.7342522801 45706.6724548849 46377.8888042042 46685.6414977513 -155.924327026741 66430.125 40.5
331680 621.835931024073 -12827.1037364944 -12205.2678054703 46144.7576195342 46293.1556098155 46154.9352807395 45986.1819680476 -324.147231362778 66430.125 40.5
331690 622.111951283348 -12827.2735569187 -12205.1616056354 46022.9912833359 46570.888792375 45959.5076625201 45538.5773951128 -452.78399131226 66430.125 40.5
331700 621.500878851611 -12826.5971804538 -12205.0963016022 46041.435590423 46606.0411021797 45999.6315047232 45518.634164366 -452.137124787139 66430.125 40.5
331710 616.571909097926 -12821.6141357188 -12205.0422266209 46354.1564268984 46666.2708880537 46299.8534924161 46096.3449002253 -438.446155809946 66430.125 40.5
331720 613.722969877931 -12818.6492154887 -12204.9262456108 46669.3774135919 46639.2060855026 46572.6644127688 46796.2617425042 -448.734494177015 66430.125 40.5
331730 616.98268376845 -12821.6926677875 -12204.709984019 46652.3094001599 46347.492289033 46675.975720884 46933.4601905626 -534.54263466363 66430.125 40.5
331740 620.513939830609 -12824.968352868 -12204.4544130374 46487.1894063062 46173.3366188509 46668.456217127 46619.7753829407 -492.583024517084 66430.125 40.5
331750 615.045265352823 -12819.2449434692 -12204.1996781164 46584.6076735481 46430.9584756052 46715.5510249948 46607.3135200445 -412.270598030155 66430.125 40.5
331760 606.300816154605 -12810.1691847878 -12203.8683686332 46820.8913098623 46970.7518407867 46667.0261055886 46824.8959832116 -249.654349745687 66430.125 40.5
331770 606.588173252313 -12809.9391980686 -12203.3510248163 46886.217837533 47222.3121395064 46579.7251974377 46856.6161756549 -75.306075267718 66430.125 40.5
331780 615.850135868034 -12818.5348400034 -12202.6847041353 46497.1523598751 46762.9515478372 46329.2525139261 46399.2530178621 93.8842753699594 66430.125 40.5
331790 624.729520514814 -12826.7773147111 -12202.0477941963 46080.5081145728 46280.144968603 46149.8465631994 45811.5328119159 252.992801991094 66430.125 40.5
331800 629.339498526167 -12830.950296697 -12201.6107981709 45812.0410164799 45883.1637459218 46143.8632279044 45409.0960756135 301.598951998209 66430.125 40.5
331810 630.13354543688 -12831.5604783675 -12201.4269329307 45805.306580034 45699.8707846131 46488.9224829493 45227.1264725396 234.526117259131 66430.125 40.5
331820 628.204877455854 -12829.6632638404 -12201.4583863846 45985.9591429056 45863.687162025 46831.2743430384 45262.9159236533 114.526532676598 66430.125 40.5
331830 623.085096642758 -12824.7034470704 -12201.6183504276 46293.7809091056 46219.3008873452 47102.7750754833 45559.2667644883 -140.190610576077 66430.125 40.5
331840 614.293958607576 -12816.0735930916 -12201.779634484 46714.1657291963 46639.6785192557 47513.2461419219 45989.5725264112 -146.812135257095 66430.125 40.5
331850 606.383559434284 -12808.1812771542 -12201.7977177199 46991.9260121726 46836.5281855626 47624.6934674886 46514.5563834667 -7.57098092717194 66430.125 40.5
331860 606.258225446766 -12807.833506527 -12201.5752810802 47069.8345230072 46670.8353486809 47413.1539147083 47125.5143056323 126.812023922545 66430.125 40.5
331870 615.027056472729 -12816.1752702228 -12201.1482137501 46901.1388447372 46176.382294263 47008.4849270254 47518.5493129233 319.985131635624 66430.125 40.5
331880 623.014377276443 -12823.6736282194 -12200.659250943 46668.752677834 45988.7732547515 46681.637401824 47335.8473769263 304.213285586403 66430.125 40.5
331890 624.37085930038 -12824.6173926578 -12200.2465333574 46686.2483920794 46418.2368028359 46702.0681567186 46938.4402166838 331.625355910916 66430.125 40.5
331900 621.567423300325 -12821.5024166809 -12199.9349933806 46635.2655542521 46541.499416451 46881.5618307673 46482.7354155379 341.634171289733 66430.125 40.5
331910 617.888199996061 -12817.5540910449 -12199.6658910489 46778.1193533896 46487.7638264839 47312.9280235136 46533.6662101711 100.429451866878 66430.125 40.5
331920 614.048642171701 -12813.4094256089 -12199.3607834372 47019.7575287517 46537.6795582195 47719.4027959625 46802.1902320731 -270.121662404207 66430.125 40.5
331930 610.782079654111 -12809.7207057992 -12198.9386261451 47192.4776854252 46651.323106638 47914.1199918351 47011.9899578025 -531.642616836762 66430.125 40.5
331940 612.264560009862 -12810.6126124316 -12198.3480524218 47165.3578261925 46791.7143143554 47697.3746344189 47006.9845298033 -503.152370996765 66430.125 40.5
331950 617.618090825147 -12815.2251783884 -12197.6070875632 47093.2981624123 46923.661268506 47347.9173167588 47008.3159019723 -414.778513482393 66430.125 40.5
331960 622.007369694099 -12818.8061241926 -12196.7987544985 47035.5218199928 47001.3377713222 47209.7926449089 46895.4350437473 -382.062257402767 66430.125 40.5
331970 624.093270518873 -12820.1080763123 -12196.0148057935 46895.2179931425 46904.5223456662 47147.2926040228 46633.8390297383 -440.989822478218 66430.125 40.5
331980 620.755170474785 -12816.0393941408 -12195.284223666 46901.6181990658 46742.8902108168 47249.923813259 46712.0405731217 -480.01054260841 66430.125 40.5
331990 616.037076227761 -12810.5872531388 -12194.5501769111 47117.5462369691 46812.9641925952 47485.5005834554 47054.1739348568 -507.419979465283 66430.125 40.5
332000 619.108111017383 -12812.8473874671 -12193.7392764497 47168.4115697944 46686.2990728874 47381.3851224149 47437.550514081 -568.713985797618 66430.125 40.5
332010 627.178995151764 -12820.0720685927 -12192.8930734409 46918.8973014597 46242.547709425 46917.2300481414 47596.9141468128 -665.878999577094 66430.125 40.5
332020 627.545989824581 -12819.6794195811 -12192.1334297565 47040.2690057884 46259.0036419959 46899.125127288 47962.6782480811 -729.06818155146 66430.125 40.5
332030 619.427937872248 -12810.9068877526 -12191.4789498804 47411.2580614774 46748.6062153225 47345.5545289243 48139.6134401855 -613.588888978643 66430.125 40.5
332040 615.366887467273 -12806.1695225186 -12190.8026350514 47693.4543644974 47144.7802051862 47866.2733438408 48069.3095444652 -352.892434129482 66430.125 40.5
332050 622.353882407016 -12812.3777571043 -12190.0238746973 47369.9775154075 46890.4477233113 47620.5714595785 47598.9133633327 -126.161614225187 66430.125 40.5
332060 634.021505380138 -12823.2701446558 -12189.2486392757 46984.8398821574 46606.3077188926 47075.7740558049 47272.4378717747 2.05911835271735 66430.125 40.5
332070 638.263599827258 -12826.9557060874 -12188.6921062602 46954.4504956912 46882.1522871468 46567.37305032 47413.8261496067 -60.7026440399102 66430.125 40.5
332080 629.470594918071 -12817.9152297015 -12188.4446347834 47204.1880821849 47678.0241641645 46230.2447759036 47704.2953064865 -347.645987628211 66430.125 40.5
332090 618.800351237495 -12807.1758574005 -12188.375506163 47478.4237703366 48285.1166987465 46381.4255164083 47768.7290958551 -471.125346911964 66430.125 40.5
332100 616.864731265234 -12805.1649737586 -12188.3002424934 47417.9806244999 48120.0778864606 46823.4058792862 47310.4581077529 -481.722605081719 66430.125 40.5
332110 619.826836948078 -12807.9786749138 -12188.1518379657 47289.4826369537 47452.1586285974 47546.1464313228 46870.142850941 -465.03618256675 66430.125 40.5
332120 622.912910376531 -12810.8879409338 -12187.9750305573 47150.9454668939 47048.8731248937 47674.7715335481 46729.19174224 -297.318360339969 66430.125 40.5
332130 624.44884087326 -12812.2725011081 -12187.8236602348 47067.8030133461 47047.2985362979 47139.5557382466 47016.5547654938 -283.685252922624 66430.125 40.5
332140 627.03178301743 -12814.7780112091 -12187.7462281917 47004.0377605586 47038.9315371113 46692.413811627 47280.7679329374 -464.832862526466 66430.125 40.5
332150 630.199647640824 -12818.0056035332 -12187.8059558924 46981.0398257533 47040.1084303701 46573.5359349241 47329.4751119659 -793.630127977433 66430.125 40.5
332160 631.397325563172 -12819.4817365065 -12188.0844109433 46872.9978812507 46790.4760773622 46739.1583505238 47089.3592158662 -838.500082109548 66430.125 40.5
332170 630.123229357691 -12818.778101448 -12188.6548720903 46931.8295327574 46594.9951478908 47302.8356399974 46897.6578103841 -783.885554662162 66430.125 40.5
332180 622.815503327055 -12812.3267446654 -12189.5112413383 47145.417302189 46551.5327371097 47998.5664737536 46886.1526957037 -576.252211980299 66430.125 40.5
332190 616.665401554266 -12807.2210405739 -12190.5556390196 47339.4846274547 46528.8998647027 48403.3444632194 47086.209554442 -352.678410711819 66430.125 40.5
332200 620.868462019584 -12812.5884596189 -12191.7199975993 47129.5666260884 46303.0715693145 48080.5069099405 47005.1213990101 -280.971298406491 66430.125 40.5
332210 628.285334920565 -12821.3755735935 -12193.0902386729 46803.0590168784 45979.6171856813 47471.4133390136 46958.1465259402 -232.5207139055 66430.125 40.5
332220 626.337809908791 -12821.1279207689 -12194.7901108601 46817.3143264396 45954.1073672053 47272.9305794264 47224.905032687 -355.852485902633 66430.125 40.5
332230 616.203702363058 -12812.954703608 -12196.7510012449 47002.0954461047 46007.6652908714 47491.1948674074 47507.4261800353 -516.073033713603 66430.125 40.5
332240 612.459906556334 -12811.2398808044 -12198.7799742481 47000.1153266199 45918.5465423445 47699.0068634037 47382.7925741116 -549.211057069982 66430.125 40.5
332250 615.899339943046 -12816.6720052087 -12200.7726652657 46750.4213959736 45622.3069594166 47544.3127400384 47084.6444884658 -432.698363805517 66430.125 40.5
332260 617.159124160337 -12819.8788473326 -12202.7197231722 46553.5560388115 45629.0387234107 47082.1258166681 46949.5035763558 -248.273106922501 66430.125 40.5
332270 617.701969011406 -12822.3109414815 -12204.6089724701 46374.2133058759 45865.9718514993 46570.8651795678 46685.8028865605 -298.054116393867 66430.125 40.5
332280 621.684429361035 -12828.1228681323 -12206.4384387712 46090.8425963955 45957.5632019856 46007.8576764589 46307.106910742 -339.909461372862 66430.125 40.5
332290 626.236172635449 -12834.4920014045 -12208.255828769 45753.2895808207 45750.971111333 45426.935001604 46081.9626295249 -256.159077746123 66430.125 40.5
332300 627.065436746209 -12837.1774405133 -12210.1120037671 45585.5793212368 45605.106114972 45131.3597903579 46020.2720583804 -191.969481847848 66430.125 40.5
332310 622.214784786619 -12834.1922830789 -12211.9774982923 45658.2640285207 45691.9153470881 45127.8798935425 46154.9968449316 -163.109706476129 66430.125 40.5
332320 612.306155928419 -12826.0168458961 -12213.7106899677 46127.8914117829 46122.2721538412 45855.0351608787 46406.366920629 -109.2614504071 66430.125 40.5
332330 603.330843912193 -12818.456102405 -12215.1252584928 46651.8170196528 46413.2829855512 46790.1127461646 46752.0553272424 -33.2919682328378 66430.125 40.5
332340 600.232961964895 -12816.3309286926 -12216.0979667277 46704.7966317803 46151.1425154876 47180.7368917362 46782.5104881171 -160.657769969519 66430.125 40.5
332350 602.752753453507 -12819.3781726073 -12216.6254191538 46485.6061470593 45861.1459553113 47067.7534991199 46527.9189867466 -443.311605169772 66430.125 40.5
332360 607.437611021301 -12824.2281571809 -12216.7905461596 46258.0520682015 45578.257292172 46871.7885265717 46324.1103858608 -729.860992952576 66430.125 40.5
332370 609.910501268397 -12826.6056047707 -12216.6951035024 46176.4371830315 45690.1391057431 46617.801495638 46221.3709477135 -743.827306907033 66430.125 40.5
332380 609.885409655414 -12826.2842627767 -12216.3988531213 46197.3150881393 46282.8517443138 46235.0025128605 46074.0910072437 -373.966679804717 66430.125 40.5
332390 612.268042972624 -12828.1922349998 -12215.9241920272 46051.2221851517 46558.2838657158 45802.2202890751 45793.1624006641 133.475364735662 66430.125 40.5
332400 617.978636536981 -12833.3056390992 -12215.3270025622 45796.3966518405 46173.9835015205 45351.6996046429 45863.5068493582 408.792192328686 66430.125 40.5
332410 617.924942756983 -12832.6145668184 -12214.6896240614 45790.9150425628 45735.1521557546 45332.2415774603 46305.3513944736 248.578670576891 66430.125 40.5
332420 610.224664313063 -12824.2331936708 -12214.0085293578 46106.8816163479 45825.2303571087 45646.7332288555 46848.6812630795 -123.758115300434 66430.125 40.5
332430 605.801266742632 -12818.9731840423 -12213.1719172997 46352.6659350499 46164.7321674862 45995.8107446739 46897.4548929894 -312.727037764508 66430.125 40.5
332440 609.733990687276 -12821.8303180619 -12212.0963273746 46369.2132265638 46432.339894291 46085.7705214837 46589.5292639167 -222.364403613784 66430.125 40.5
332450 617.423494021642 -12828.2682909447 -12210.844796923 46115.4822753854 46438.6867116353 45895.8877810016 46011.8723335193 -71.269187898812 66430.125 40.5
332460 619.276601926398 -12828.8258374676 -12209.5492355412 46044.992906625 46576.4323792929 45690.4419056852 45868.1044348968 -194.6730383424 66430.125 40.5
332470 614.842345941132 -12823.1087566103 -12208.2664106692 46184.1103823057 46688.3255757473 45647.1951394112 46216.8104317585 -368.912845074474 66430.125 40.5
332480 613.539166110415 -12820.4915678172 -12206.9524017068 46287.5507019836 46533.1026297716 45598.8210175821 46730.7284585972 -447.340373094191 66430.125 40.5
332490 616.809687581871 -12822.3964307268 -12205.5867431449 46258.497140914 46133.7431600406 45397.5166651858 47244.2315975156 -392.785402476363 66430.125 40.5
332500 617.511197940205 -12821.7343154397 -12204.2231174995 46425.6255552022 46159.6957342242 45434.9373373488 47682.2435940334 -234.461470370321 66430.125 40.5
332510 615.22413321003 -12818.1199510015 -12202.8958177915 46750.7116310793 46540.9563593716 45735.2182345926 47975.9602992737 -76.591946976102 66430.125 40.5
332520 616.351621031541 -12817.9511179505 -12201.599496919 46828.8411109956 46617.2576181879 45887.0022543255 47982.2634604734 49.6133417072554 66430.125 40.5
332530 619.463191846544 -12819.8144510421 -12200.3512591956 46720.3405247765 46550.9132316829 45886.8596517411 47723.2486909055 187.429684379148 66430.125 40.5
332540 622.595032626039 -12821.8138579241 -12199.218825298 46539.170165107 46544.9858332495 45846.1077546042 47226.4169074673 321.039373485876 66430.125 40.5
332550 624.736350050209 -12823.000009078 -12198.2636590278 46498.5211722781 46864.9025805363 46038.8910173515 46591.7699189465 463.317312783839 66430.125 40.5
332560 622.264916336826 -12819.7725908703 -12197.5076745335 46672.8535582223 47417.2089979157 46489.349887109 46112.0017896423 460.841800521633 66430.125 40.5
332570 615.617444070559 -12812.4988851464 -12196.8814410758 46932.9969505048 47669.8247273213 46894.2956491893 46234.8704750038 164.933851182683 66430.125 40.5
332580 613.16430736486 -12809.4390534295 -12196.2747460647 47231.5380483707 47615.5062941901 47179.6309483529 46899.4769025691 -31.2544471110924 66430.125 40.5
332590 615.116888410521 -12810.7547485701 -12195.6378601596 47329.9745822774 47453.1539315661 47166.7908503765 47369.9789648894 -146.117635573486 66430.125 40.5
332600 615.531865978942 -12810.5214044489 -12194.98953847 47401.7680883896 47481.9998299679 47189.38185614 47533.9225790609 -172.119061464936 66430.125 40.5
332610 615.066162032804 -12809.4119497263 -12194.3457876935 47417.4107129805 47490.4839080042 47216.6520751785 47545.0961557589 -43.3793998545749 66430.125 40.5
332620 616.158461788272 -12809.8610846397 -12193.7026228514 47459.591431114 47425.9892236416 47265.327022788 47687.4580469124 -13.498039925768 66430.125 40.5
332630 618.586807640154 -12811.657510076 -12193.0707024359 47389.5688867447 47097.3458701096 47305.8353094388 47765.5254806857 -32.1962248569028 66430.125 40.5
332640 623.775995446928 -12816.267525787 -12192.4915303401 47087.5771042842 46693.3063051055 47072.9751975082 47496.449810239 105.159407397273 66430.125 40.5
332650 632.51185486888 -12824.5712405574 -12192.0593856885 46583.4631953417 46166.5968965856 46598.0951989832 46985.6974904563 263.750947768553 66430.125 40.5
332660 638.012438425751 -12829.9165637531 -12191.9041253273 46213.3030168056 45795.0360361413 46257.8075105779 46587.0655036977 262.165270040188 66430.125 40.5
332670 633.355040124207 -12825.4438821352 -12192.088842011 46402.0919929464 46126.6152566737 46365.5820409986 46714.0786811668 342.560239997228 66430.125 40.5
332680 620.838608460346 -12813.3186760774 -12192.480067617 47103.2682635073 47115.8855514366 46956.1098365162 47237.8094025691 464.567770810891 66430.125 40.5
332690 615.909686307589 -12808.7712714388 -12192.8615851312 47549.2768949487 47704.9821772921 47306.3469501446 47636.5015574093 372.938045957309 66430.125 40.5
332700 623.799584947867 -12816.9711806368 -12193.171595689 47365.3709557584 47550.0693613871 46828.8298871722 47717.2136187157 251.887579760777 66430.125 40.5
332710 628.110347375486 -12821.6347509155 -12193.52440354 47047.0315077139 47271.9252617077 46389.1534621853 47480.0157992486 433.062660613047 66430.125 40.5
332720 618.944821197765 -12812.9150925437 -12193.9702713459 47214.5314683236 47502.6970946311 46763.9272532142 47376.9700571255 760.857599472206 66430.125 40.5
332730 608.661213555362 -12803.0201452418 -12194.3589316864 47483.2124084625 48064.1520129715 47386.1673598225 46999.3178525934 722.36865405329 66430.125 40.5
332740 610.485918563849 -12805.0293627956 -12194.5434442317 47495.7744372252 48592.8783306747 47704.865847219 46189.5791337819 338.227387686265 66430.125 40.5
332750 618.048159729535 -12812.588898457 -12194.5407387274 47301.6461257254 48650.5591341149 47610.7221605417 45643.6570825196 -140.244231565465 66430.125 40.5
332760 623.816067393678 -12818.2987619351 -12194.4826945414 47092.3628335994 48246.8732912333 47336.6103155059 45693.6048940591 -493.255386002442 66430.125 40.5
332770 628.87735857066 -12823.3760825025 -12194.4987239319 46817.3066888379 47374.7402612483 46888.2621200392 46188.9176852262 -669.233807996874 66430.125 40.5
332780 631.127000155823 -12825.8145186658 -12194.68751851 46526.2677041528 46518.7625397726 46367.3192262457 46692.72134644 -634.868010942588 66430.125 40.5
332790 627.157283592578 -12822.2388040854 -12195.0815204929 46391.7493951067 45896.6235445838 46261.6965138248 47016.9281269115 -440.245645487152 66430.125 40.5
332800 621.516113088495 -12817.1339676553 -12195.6178545668 46652.7761591412 45993.5147290655 46817.0963556459 47147.7173927123 -339.232326400201 66430.125 40.5
332810 618.710422609121 -12814.914420207 -12196.2039975978 46936.4952230897 46347.8963498733 47494.5583049369 46967.0310144588 -245.382314858119 66430.125 40.5
332820 616.942638491301 -12813.7224967764 -12196.7798582851 47035.4248377223 46522.4133580982 47585.4931757663 46998.3679793025 -193.696664337854 66430.125 40.5
332830 616.30060885537 -12813.6174851815 -12197.3168763261 46978.286222506 46358.7065661323 47087.0571762537 47489.0949251318 -208.67119870156 66430.125 40.5
332840 619.493945495543 -12817.3148622777 -12197.8209167822 46786.1709742243 45914.89347715 46643.0433531373 47800.5760923857 -87.6563103564498 66430.125 40.5
332850 624.26676039129 -12822.6263083757 -12198.3595479844 46620.3039578378 45738.1303000289 46456.572067927 47666.2095055574 349.064442826082 66430.125 40.5
332860 625.922773652236 -12824.9530496101 -12199.0302759578 46430.5748589837 45860.8991274128 46378.8610023926 47051.9644471457 690.735939683731 66430.125 40.5
332870 625.497441177332 -12825.3948450218 -12199.8974038444 46192.5343659296 45989.3168260217 46260.8294110938 46327.4568606732 776.181605764013 66430.125 40.5
332880 625.424776316855 -12826.437434816 -12201.0126584992 46115.9957916422 46116.48991491 46456.5808825677 45774.9165774488 726.445789449426 66430.125 40.5
332890 618.92358663469 -12821.3118537789 -12202.3882671442 46517.3612025049 46704.1019006612 46963.8332233474 45884.1484835061 780.949931635014 66430.125 40.5
332900 607.031602664221 -12810.9485989439 -12203.9169962797 47018.0505210272 47390.6917537533 47237.397919666 46426.0618896622 887.441481846936 66430.125 40.5
332910 603.748604818816 -12809.1753897191 -12205.4267849003 47063.7491025643 47477.1773140697 47097.9323342142 46616.137659409 715.479142565962 66430.125 40.5
332920 610.398257977219 -12817.2727319831 -12206.8744740059 46772.1482525364 46985.8249794929 46876.1303501622 46454.4894279541 355.61688478249 66430.125 40.5
332930 614.535230684856 -12822.8819544411 -12208.3467237563 46524.1804725972 46332.5307156129 46947.1686977489 46292.84200443 148.75973386639 66430.125 40.5
332940 614.922892490902 -12824.8492769145 -12209.9263844235 46332.5168586511 45754.3876885887 47153.1553242507 46090.0075631139 200.439499902121 66430.125 40.5
332950 615.33908145219 -12826.9794625745 -12211.6403811223 46182.7243370375 45234.8640422452 47131.2383636401 46182.0706052273 227.008787220176 66430.125 40.5
332960 612.812358030574 -12826.2853070702 -12213.4729490397 46179.9912818981 45107.9010581907 46992.5426224898 46439.5301650138 129.669319708883 66430.125 40.5
332970 608.53000311398 -12823.8764657414 -12215.3464626274 46277.423387573 45533.7128789035 46578.005378359 46720.5519054565 -81.5022677461826 66430.125 40.5
332980 607.969932559819 -12825.1352995468 -12217.165366987 46248.945622022 46056.4835812912 46100.2103386885 46590.1429460864 -326.312161008278 66430.125 40.5
332990 611.218599706366 -12830.1073248672 -12218.8887251608 45983.5698660247 46084.3402969563 45698.3402430525 46168.0290580652 -504.544634349706 66430.125 40.5
333000 615.848056264734 -12836.4010642346 -12220.5530079698 45733.2173327748 45715.5067440805 45679.354273039 45804.790981205 -668.29539273124 66430.125 40.5
333010 618.053067191263 -12840.2700141501 -12222.2169469588 45606.2084142459 45334.5436410011 46045.115033205 45438.9665685317 -695.136554068613 66430.125 40.5
333020 615.448119156689 -12839.3402109896 -12223.8920918329 45563.9306952044 45144.9252910045 46269.126756464 45277.7400381448 -736.745386775214 66430.125 40.5
333030 608.744877077942 -12834.2358226477 -12225.4909455698 45590.2458817682 45309.9193890743 46130.3370998723 45330.481156358 -792.723341112952 66430.125 40.5
333040 603.428117643313 -12830.3106563699 -12226.8825387266 45757.1468412062 45663.4827491679 46096.2135667759 45511.7442076749 -695.322700168843 66430.125 40.5
333050 599.420079998719 -12827.3813273862 -12227.9612473875 45906.5634747506 45764.6057452674 46338.6638519185 45616.4208270659 -470.510268507774 66430.125 40.5
333060 593.125388237162 -12821.749566023 -12228.6241777858 46075.0210352728 45706.9765107604 46650.396133592 45867.6904614659 -171.29423961649 66430.125 40.5
333070 592.072821763083 -12820.8584712995 -12228.7856495364 46092.6346320914 45456.9195621164 46628.5802107889 46192.4041233687 225.204534713797 66430.125 40.5
333080 599.676318224144 -12828.0981046214 -12228.4217863972 45713.8813744416 44996.6931969895 46041.8096641401 46103.1412621952 454.796793836582 66430.125 40.5
333090 609.433667242325 -12837.061946879 -12227.6282796366 45232.3062094506 44540.59935362 45294.6478802463 45861.6713944855 446.047573421186 66430.125 40.5
333100 613.29578199136 -12839.8387909411 -12226.5430089497 45078.8883791862 44522.2737515488 45031.4013189808 45682.9900670289 318.468250426766 66430.125 40.5
333110 613.298603243354 -12838.5346978862 -12225.2360946428 45102.3035549274 44757.6777834126 44976.8370543984 45572.3958269712 387.114192069282 66430.125 40.5
333120 616.315466652724 -12840.0348030594 -12223.7193364067 45171.1172103934 44786.8735168994 44937.8840795987 45788.594034682 735.867209461481 66430.125 40.5
333130 617.541801254508 -12839.5607848641 -12222.0189836096 45303.7038251112 44844.8255978548 44982.9808939135 46083.3049835652 998.973781863064 66430.125 40.5
333140 611.32669060324 -12831.4804557452 -12220.1537651419 45734.5479969114 45495.370061962 45364.2413484487 46344.0325803235 788.930867516649 66430.125 40.5
333150 606.744107458183 -12824.8021241441 -12218.0580166859 46041.9920981877 46227.5603542716 45570.0545639038 46328.3613763879 409.245853896333 66430.125 40.5
333160 611.948066050391 -12827.6339489515 -12215.6858829011 46016.6443074588 46469.8642342478 45458.442256385 46121.6264317435 130.61974344244 66430.125 40.5
333170 617.942053539326 -12831.108058251 -12213.1660047117 46071.8122913702 46420.5501182118 45650.2686559809 46144.6180999178 206.273621786552 66430.125 40.5
333180 615.487360567525 -12826.207351214 -12210.7199906465 46329.3367062351 46298.1010714877 46123.7077213948 46566.201325823 442.316223282564 66430.125 40.5
333190 611.067467746998 -12819.523968943 -12208.456501196 46671.5073800847 46264.2790780454 46427.864033226 47322.3790289827 376.233108833672 66430.125 40.5
333200 612.072018346665 -12818.4604039161 -12206.3883855694 46753.0289429434 46253.9136998591 46201.642532796 47803.5305961751 33.205810152072 66430.125 40.5
333210 616.561201278746 -12821.1325731669 -12204.5713718882 46617.1661750916 46393.2473085455 45780.9826086517 47677.2686080777 -329.098005696297 66430.125 40.5
333220 617.614819378139 -12820.6928109694 -12203.0779915913 46667.1084208317 46978.0933515615 45681.6780012057 47341.5539097278 -553.956377765725 66430.125 40.5
333230 613.244891659691 -12815.1273188411 -12201.8824271814 47012.2044904615 47698.9850140957 45989.9813476354 47347.6471096534 -644.371289285406 66430.125 40.5
333240 609.160545360134 -12810.0078596328 -12200.8473142727 47241.3707786415 47992.3953941468 46342.4398828686 47389.2770589091 -476.602953087956 66430.125 40.5
333250 613.312185937068 -12813.1765972835 -12199.8644113465 47024.4963660818 47555.3427931999 46488.9251350672 47029.2211699782 -217.773543563372 66430.125 40.5
333260 621.505708183396 -12820.4527729902 -12198.9470648068 46540.786394127 46567.5905139963 46453.2637326643 46601.5049357205 122.545492085243 66430.125 40.5
333270 626.301288303719 -12824.4873357307 -12198.186047427 46216.5592065304 45876.6687979714 46282.3458980426 46490.6629235771 516.807016448149 66430.125 40.5
333280 626.554228061425 -12824.1831032026 -12197.6288751412 46126.031489548 45709.3998691536 46142.7923816167 46525.9022178738 786.898665508546 66430.125 40.5
333290 625.026298768279 -12822.2766485195 -12197.2503497512 46269.1944563534 45864.8206637727 46235.380373416 46707.3823318716 913.076105003374 66430.125 40.5
333300 622.659591860501 -12819.6529165163 -12196.9933246558 46433.3475082831 46014.9195866703 46507.5797312359 46777.543206943 929.998156199021 66430.125 40.5
333310 620.057995891862 -12816.8497963027 -12196.7918004108 46508.5145973344 46025.4196161629 46722.8343271226 46777.2898487176 795.210577427326 66430.125 40.5
333320 622.478076708392 -12819.0872201251 -12196.6091434168 46529.3522396172 46323.1517354845 46574.8674446708 46690.0375386962 213.996573319603 66430.125 40.5
333330 627.067595561481 -12823.5481410102 -12196.4805454487 46441.3454081941 46683.9743704126 46226.7590245786 46413.302829591 -539.273369945672 66430.125 40.5
333340 627.507293699789 -12823.981316732 -12196.4740230322 46314.282953101 46948.6579655306 46064.318815424 45929.8720783485 -906.827783667203 66430.125 40.5
333350 625.729482168705 -12822.3405271998 -12196.6110450311 46263.1410978273 46865.8566664625 46168.9721401736 45754.5944868458 -779.565158167674 66430.125 40.5
333360 624.162911770269 -12821.0222825354 -12196.8593707651 46364.1008849247 46735.36863842 46531.5912088223 45825.3428075319 -472.830812913702 66430.125 40.5
333370 624.335264288891 -12821.531518401 -12197.1962541121 46414.8002023216 46367.1545086623 46985.1672503178 45892.0788479848 -88.7792967286666 66430.125 40.5
333380 623.654720943839 -12821.2801325679 -12197.6254116241 46599.4641754431 45973.6020450748 47444.582308765 46380.2081724894 120.052930446822 66430.125 40.5
333390 617.035768992251 -12815.150119499 -12198.1143505068 46915.2660868358 46003.2594324121 47388.2147916148 47354.3240364804 -54.6373341877446 66430.125 40.5
333400 609.193780990823 -12807.7359156175 -12198.5421346267 47179.6131683714 46441.0448932229 46868.0180964522 48229.776515439 -383.902990789276 66430.125 40.5
333410 607.82992862521 -12806.6155211101 -12198.7855924849 47391.5034786846 47042.041127298 46484.4494913927 48648.019817363 -432.927646902574 66430.125 40.5
333420 608.414537394492 -12807.2013153771 -12198.7867779826 47433.7990280081 47306.419839175 46364.3549402512 48630.6223045982 -13.3476177020538 66430.125 40.5
333430 609.484136073624 -12808.0316378138 -12198.5475017401 47465.2579228931 47410.5691225626 46509.2234330211 48475.9812130958 471.367754122875 66430.125 40.5
333440 612.909832020146 -12810.9905214099 -12198.0806893898 47353.3149822989 47319.6913690758 46778.9433511837 47961.3102266371 531.902336720737 66430.125 40.5
333450 619.736371226921 -12817.1732717316 -12197.4369005047 46906.2346472907 46813.0927809862 46833.2792933823 47072.3318675036 293.491625536661 66430.125 40.5
333460 628.048581703453 -12824.7885428522 -12196.7399611487 46491.2355237216 46299.5999684051 46891.7276301098 46282.3789726499 292.122378345124 66430.125 40.5
333470 630.829948550552 -12826.9656837705 -12196.13573522 46260.3243536664 46244.521907851 46824.7563806201 45711.6947725281 639.334712758319 66430.125 40.5
333480 627.402387830958 -12823.0994804078 -12195.6970925769 46337.7267155905 46539.6594069047 46769.0599399243 45704.4607999427 951.128469582259 66430.125 40.5
333490 622.691627683242 -12818.0684284916 -12195.3768008083 46569.9350547394 46811.9427227831 46771.7441063865 46126.1183350485 966.934276185449 66430.125 40.5
333500 621.175503844226 -12816.2705930762 -12195.0950892319 46740.2102231267 46746.0859440429 46940.5446338795 46534.0000914578 547.690339126617 66430.125 40.5
333510 620.242302504013 -12815.0520770948 -12194.8097745908 47059.5987891488 46775.5242222953 47361.748903933 47041.5232412181 67.4022987522057 66430.125 40.5
333520 616.864147397165 -12811.3475753544 -12194.4834279572 47303.7114000057 46681.4882986318 47621.7147206687 47607.9311807167 -170.957825133607 66430.125 40.5
333530 617.469188448622 -12811.5375695528 -12194.0683811042 47284.103525289 46597.5794160423 47422.5065191693 47832.2246406554 -176.403081585428 66430.125 40.5
333540 621.505192555294 -12815.0681276392 -12193.5629350839 47129.2086074756 46667.6482918781 47139.7000414741 47580.2774890745 138.184127229502 66430.125 40.5
333550 620.547596498416 -12813.5477550812 -12193.0001585828 47068.9339789815 46827.8229634681 47162.3102377453 47216.668735731 560.356174540277 66430.125 40.5
333560 619.596180537348 -12811.9812989073 -12192.3851183699 47218.9456607211 46925.1493205821 47635.0596724333 47096.627989148 678.535659753908 66430.125 40.5
333570 622.153907069882 -12813.8501621792 -12191.6962551093 47185.2052170492 46467.9480180024 48020.4594750379 47067.2081581073 454.581871671024 66430.125 40.5
333580 622.747135043967 -12813.7016865097 -12190.9545514657 47156.6878206237 46207.7121432047 47970.4385193841 47291.9127992824 118.824341387805 66430.125 40.5
333590 619.405741165051 -12809.5714694593 -12190.1657282943 47260.6859158513 46522.0282867847 47504.9547373568 47755.0747234125 -118.621955192654 66430.125 40.5
333600 617.81758367612 -12807.0888665289 -12189.2712828528 47359.9269777624 46973.7824359279 47054.5770053253 48051.421492034 -159.210266611172 66430.125 40.5
333610 624.254031283098 -12812.4931322032 -12188.2391009201 47061.938750403 46911.0919507904 46577.3154812031 47697.4088192154 -106.488681664252 66430.125 40.5
333620 633.330008609984 -12820.4982022314 -12187.1681936214 46815.4811804452 46766.0070567852 46482.5349268214 47197.9015577289 -115.467076568607 66430.125 40.5
333630 631.98392055198 -12818.2059840357 -12186.2220634837 47151.9098221491 46979.5200206107 47184.1008721119 47292.1085737247 -289.218236894677 66430.125 40.5
333640 620.259737429724 -12805.6668684327 -12185.407131003 47764.6778311357 47449.4906880087 48152.5461886937 47691.9966167048 -515.393844001652 66430.125 40.5
333650 612.911932174826 -12797.4474800251 -12184.5355478502 48025.62157887 47686.6303099461 48552.1400874709 47838.0943391932 -462.382170982699 66430.125 40.5
333660 619.688230872656 -12803.1479501079 -12183.4597192353 47713.8130092735 47508.6592933243 48086.3458449948 47546.4338895014 -51.6197452156512 66430.125 40.5
333670 632.324917250697 -12814.5817470715 -12182.2568298208 47233.4637985982 47105.6786656335 47310.7016570009 47284.0110731601 313.093975186575 66430.125 40.5
333680 635.865156534688 -12817.0166884174 -12181.1515318827 47226.8293173931 47245.5243674278 46874.8227200045 47560.1408647469 383.497734323907 66430.125 40.5
333690 629.597925124332 -12809.8527614707 -12180.2548363464 47462.8004773954 47728.4637929266 46872.6278286429 47787.3098106168 271.052392134232 66430.125 40.5
333700 625.84269047932 -12805.341938135 -12179.4992476556 47590.1975993797 48202.895534293 46814.823544173 47752.873719673 146.079613065329 66430.125 40.5
333710 628.387476736649 -12807.197969247 -12178.8104925104 47458.2678694151 48279.2352093373 46567.0361272248 47528.5322716831 142.02533806556 66430.125 40.5
333720 632.510747886646 -12810.7357395115 -12178.2249916248 47269.7503332344 47846.5857282577 46322.2569569525 47640.4083144931 245.446101837967 66430.125 40.5
333730 634.286634128297 -12812.1207500463 -12177.834115918 47254.1831382924 47336.2099064663 46351.2223792579 48075.1171291529 466.022966098833 66430.125 40.5
333740 633.810926815919 -12811.5047846226 -12177.6938578067 47083.2644622072 46838.6948815067 46724.2446597603 47686.8538453547 588.263761589675 66430.125 40.5
333750 635.37883573672 -12813.220813295 -12177.8419775582 46965.7603370388 46654.2308767479 47247.944613106 46995.1055212625 660.715512447671 66430.125 40.5
333760 635.834592490791 -12814.1665764802 -12178.3319839894 46937.7873365018 46784.4818445415 47326.3400620562 46702.5401029077 696.106273182554 66430.125 40.5
333770 632.029219764079 -12811.2285970714 -12179.1993773073 47026.1944105567 47086.1051445415 46927.0588804272 47065.4192067014 569.386502094431 66430.125 40.5
333780 628.631706092405 -12809.0530422762 -12180.4213361837 47111.568089216 47091.9396267002 46601.1040420141 47641.6605989337 344.833323246375 66430.125 40.5
333790 627.203783136212 -12809.1644308829 -12181.9606477466 47130.2728522277 46844.638499857 46546.6362030251 47999.543853801 8.49111873527846 66430.125 40.5
333800 624.384068738763 -12808.1648528162 -12183.7807840774 47282.3331310139 46866.4907317063 46764.6773652998 48215.8312960355 -380.56520115198 66430.125 40.5
333810 622.69618418396 -12808.5141728517 -12185.8179886677 47466.0126170763 47161.1982668468 46970.6704162544 48266.1691681276 -627.806693200251 66430.125 40.5
333820 623.844809331695 -12811.8652307517 -12188.02042142 47583.8439573163 47557.0078563885 47039.9318729031 48154.5921426572 -561.720544599105 66430.125 40.5
333830 621.263493325783 -12811.5858296635 -12190.3223363377 47607.9235856778 47892.0265313036 46985.1558296753 47946.5883960544 -276.965212367528 66430.125 40.5
333840 617.813295611509 -12810.4118727396 -12192.5985771281 47389.9056821729 47960.6002068163 46693.2717303174 47515.8451093849 -123.678079837397 66430.125 40.5
333850 620.631324850229 -12815.388642358 -12194.7573175078 46986.9258407592 47602.0284147591 46224.1038202746 47134.645287244 -60.8556236762016 66430.125 40.5
333860 623.156070037381 -12819.9536700854 -12196.797600048 46687.3107113702 47030.1283239059 45897.021877066 47134.7819331386 -109.480951837131 66430.125 40.5
333870 618.117127293502 -12816.8040127632 -12198.6868854697 46848.7566340206 46925.772005306 46054.6763113052 47565.8215854506 -269.176892817364 66430.125 40.5
333880 615.602367510983 -12815.9409957916 -12200.3386282806 46918.2963116489 46786.9225976472 46090.4022395172 47877.5640977825 -312.221116448837 66430.125 40.5
333890 620.210999756014 -12821.9594946588 -12201.7484949027 46675.0579372969 46625.7423430775 45694.8402242835 47704.5912445297 -256.762477931172 66430.125 40.5
333900 620.626028707585 -12823.6100041467 -12202.9839754391 46485.1159703778 46507.0835812692 45541.0011653709 47407.2631644932 -205.752441892746 66430.125 40.5
333910 616.549310163675 -12820.614086924 -12204.0647767604 46469.4597091562 46411.8676569476 45898.8957408117 47097.6157297094 -351.000653911571 66430.125 40.5
333920 614.671163029911 -12819.6259335559 -12204.954770526 46476.3460038444 46246.2726260233 46327.5326870306 46855.2326984793 -764.501758917965 66430.125 40.5
333930 616.347988351256 -12821.9970021371 -12205.6490137858 46438.5338046216 45950.7433212738 46308.3140841389 47056.5440084522 -1115.22828043389 66430.125 40.5
333940 619.778252085019 -12825.9854125434 -12206.2071604584 46370.2338377151 45730.4029295223 46117.3392628727 47262.9593207503 -1114.84033782235 66430.125 40.5
333950 620.349791764982 -12827.0491466706 -12206.6993549057 46235.1900535092 45722.9754293721 46017.7661483383 46964.8285828173 -513.380541783653 66430.125 40.5
333960 617.138331850885 -12824.2770392341 -12207.1387073832 46345.8469142458 46083.5950515007 46246.4240906275 46707.5216006091 291.22760629337 66430.125 40.5
333970 616.268271602886 -12823.758181958 -12207.4899103551 46356.0038518968 46253.4697625078 46340.7928630236 46473.748930159 820.907326376587 66430.125 40.5
333980 619.786987142502 -12827.5449601799 -12207.7579730374 46244.0409453972 46205.6489819498 46268.283117425 46258.1907368167 890.285402254051 66430.125 40.5
333990 619.933562487739 -12827.9247947501 -12207.9912322624 46236.4135746539 46166.3636451766 46468.9457599433 46073.9313188417 431.709084346647 66430.125 40.5
334000 616.361894115643 -12824.5535048915 -12208.1916107759 46427.8177504362 46371.3349886162 46772.176321775 46139.9419409174 -40.5086598126387 66430.125 40.5
334010 616.317375764558 -12824.6431004915 -12208.325724727 46528.5444858569 46367.1416982163 46803.1852273685 46415.3065319859 -333.471896914286 66430.125 40.5
334020 616.117157026829 -12824.4917353995 -12208.3745783727 46535.5794393405 46174.8005743519 46608.5158632347 46823.4218804349 -341.895047186666 66430.125 40.5
334030 613.666618582602 -12821.9967347782 -12208.3301161956 46598.9140766659 46187.0355581516 46618.5346568344 46991.1720150117 -167.5638276763 66430.125 40.5
334040 612.28441909284 -12820.4502725919 -12208.165853499 46741.5580127169 46422.7004786454 46917.1264542647 46884.8471052406 -81.7211294203956 66430.125 40.5
334050 609.366351111574 -12817.1978734224 -12207.8315223109 46865.1335845075 46470.4450875201 47280.8562641822 46844.0994018201 -204.42521305776 66430.125 40.5
334060 609.697524858853 -12816.9841353396 -12207.2866104807 46984.8840563917 46338.6030507018 47515.9103065135 47100.1388119598 -485.709619730013 66430.125 40.5
334070 615.163391370873 -12821.6984960273 -12206.5351046564 46887.2617961142 46011.2422276178 47300.296080643 47350.2470800817 -592.095700919097 66430.125 40.5
334080 616.444268068849 -12822.0827335723 -12205.6384655035 46755.0082462918 45754.4821695044 46976.7380805413 47533.8044888298 -301.882655087753 66430.125 40.5
334090 613.323345680624 -12817.9453693323 -12204.6220236517 46809.1092094627 45890.8931787945 46929.2953667945 47607.1390827993 5.61726281366278 66430.125 40.5
334100 614.16938865632 -12817.6121963369 -12203.4428076806 46725.2062964782 46258.4604695425 46754.411660791 47162.746759101 328.357353195957 66430.125 40.5
334110 619.812135418083 -12821.9088850034 -12202.0967495853 46553.5268496375 46622.312326972 46457.3932114525 46580.8750104882 558.850332379204 66430.125 40.5
334120 623.420702138492 -12824.0872775996 -12200.6665754611 46550.067700353 47053.0288976897 46351.1288138932 46246.0453894762 447.346710420256 66430.125 40.5
334130 620.998868680919 -12820.222877484 -12199.2240088031 46731.7816221343 47320.326824846 46438.8286531981 46436.1893883587 -60.0992170471575 66430.125 40.5
334140 616.521273908118 -12814.2695244512 -12197.748250543 47053.3444510133 47590.380828812 46633.1962523105 46936.4562719174 -447.269939574291 66430.125 40.5
334150 612.93042651081 -12809.0846960852 -12196.1542695743 47267.5887311925 47935.2123957527 46637.7450698474 47229.8087279774 -601.085589716755 66430.125 40.5
334160 612.818065396315 -12807.1926579877 -12194.3745925913 47471.3813698972 48295.566592314 46605.4074299618 47513.1700874157 -717.935871706443 66430.125 40.5
334170 618.527218475848 -12810.9485405221 -12192.4213220462 47484.4667058466 48417.730829425 46567.8334813889 47467.835806726 -771.026800417595 66430.125 40.5
334180 624.648217233471 -12815.0606530076 -12190.4124357741 47441.1200592423 48359.2880220537 46538.2777188104 47425.7944368629 -661.630620787362 66430.125 40.5
334190 625.319195955016 -12813.8282918641 -12188.5090959091 47470.2151438105 48125.9441299869 46780.4063576558 47504.2949437888 -436.637041286937 66430.125 40.5
334200 623.789110326297 -12810.5741806245 -12186.7850702982 47467.7028246501 47834.4371548054 46995.0580424593 47573.6132766857 -197.373892183388 66430.125 40.5
334210 628.048777297645 -12813.3149826151 -12185.2662053175 47291.6341532031 47485.2626825915 46995.9665085731 47393.6732684448 -122.235578490374 66430.125 40.5
334220 632.299055948025 -12816.3216449235 -12184.0225889754 47264.9755935357 47457.3927169148 46882.7357369303 47454.7983267619 67.2293104340467 66430.125 40.5
334230 630.085519215314 -12813.2104345373 -12183.124915322 47267.8899065083 47612.8693817731 46389.7916799479 47801.0086578041 220.711516392974 66430.125 40.5
334240 624.366872704759 -12806.8905617397 -12182.5236890349 47455.8214652677 48035.1379324337 46015.6388155184 48316.687647851 306.965786885524 66430.125 40.5
334250 620.808266944956 -12802.8976023879 -12182.0893354429 47632.4401864413 48357.560185846 46084.1380642145 48455.6223092635 168.443307423973 66430.125 40.5
334260 623.633232892094 -12805.3826871703 -12181.7494542782 47508.464218116 48271.7341129704 46462.4168691033 47791.2416722743 -29.0082601568473 66430.125 40.5
334270 629.166104179288 -12810.699214544 -12181.5331103647 47250.87887299 48000.5972782481 46841.260459697 46910.7788810248 -18.4575608559581 66430.125 40.5
334280 632.69009122384 -12814.204474989 -12181.5143837652 47108.8758686183 47800.0857179302 47146.6754381205 46379.8664498042 76.2249204229166 66430.125 40.5
334290 632.753433918406 -12814.476326171 -12181.7228922526 47126.1457216205 47778.6026371671 47119.4554440307 46480.3790836638 282.202831446934 66430.125 40.5
334300 629.122116613439 -12811.2300232988 -12182.1079066853 47354.2680745024 47990.3763324964 47194.2502218973 46878.1776691135 471.689486232099 66430.125 40.5
334310 627.110925229243 -12809.6934117375 -12182.5824865082 47511.2719622508 48094.8504716097 47255.5991633629 47183.3662517799 719.210808718063 66430.125 40.5
334320 630.086128548052 -12813.1990952744 -12183.1129667264 47336.0198391014 47612.0262925489 47361.5447716161 47034.4884531392 835.955829057438 66430.125 40.5
334330 634.099773434876 -12817.8405216916 -12183.7407482567 46954.9601214835 46703.8318845463 47377.9725650107 46783.0759148936 903.099179666949 66430.125 40.5
334340 637.29000517602 -12821.8305724779 -12184.5405673019 46664.500239162 46083.4793466129 47256.9460032192 46653.075367654 592.841939320866 66430.125 40.5
334350 636.333486826276 -12821.8891026146 -12185.5556157884 46702.9089471614 46223.3054333014 47155.1769331335 46730.2444750495 269.050046137609 66430.125 40.5
334360 629.073843287614 -12815.8020869281 -12186.7282436405 46997.3301122532 46755.7020130645 47203.9516403689 47032.3366833262 101.953480293876 66430.125 40.5
334370 622.299705395595 -12810.2310886131 -12187.9313832175 47351.9680665847 47496.8215069721 47356.4515784189 47202.6311143632 35.2131691055614 66430.125 40.5
334380 618.592902808918 -12807.6397219415 -12189.0468191326 47478.4516452351 47996.4120636242 47333.1653696991 47105.7775023821 36.5025201879279 66430.125 40.5
334390 617.944480504727 -12807.9733366344 -12190.0288561297 47324.5918012435 47809.6652830052 47193.1390219352 46970.9710987901 119.632349870544 66430.125 40.5
334400 620.371105396229 -12811.2655303473 -12190.8944249511 47075.2862786273 47226.4576512232 47338.0009179644 46661.4002666944 132.816340791014 66430.125 40.5
334410 623.439906205631 -12815.1530400286 -12191.713133823 47022.5536916015 47065.7511903718 47598.8994696762 46403.0104147565 59.4628427827034 66430.125 40.5
334420 621.250907171323 -12813.7785323118 -12192.5276251405 47131.3728471478 47282.3691973975 47678.1203627908 46433.6289812551 -217.152029749758 66430.125 40.5
334430 618.319151275117 -12811.6355495748 -12193.3163982997 47173.7923420257 47562.9314979518 47336.2486738073 46622.1968543182 -516.04282504654 66430.125 40.5
334440 618.208839044994 -12812.2545408028 -12194.0457017578 47202.9075321642 47743.9185036941 47074.9790082124 46789.8250845861 -546.826792837724 66430.125 40.5
334450 616.723549892302 -12811.4246470729 -12194.7010971806 47251.9386675281 47504.3513058947 47344.6093010372 46906.8553956526 -201.362229554743 66430.125 40.5
334460 614.80867514225 -12810.0783450033 -12195.2696698611 47243.5146587386 47211.1566807377 47540.0916792658 46979.2956162122 117.673791793701 66430.125 40.5
334470 612.526948779387 -12808.2478696235 -12195.7209208442 47287.3044202057 47201.3667708181 47440.7639442537 47219.7825455455 381.064922888035 66430.125 40.5
334480 609.980419088949 -12805.9860635466 -12196.0056444577 47375.2533713397 47433.287126974 47205.5565796066 47486.9164074386 541.118641966873 66430.125 40.5
334490 614.901502750452 -12811.0046882199 -12196.1031854695 47112.2628505676 47278.3444960642 46714.7522415573 47343.6918140812 608.529656085628 66430.125 40.5
334500 628.774857420403 -12824.9024923618 -12196.1276349414 46691.0293374109 46811.2701777767 46303.3601959696 46958.4576384865 592.043160304388 66430.125 40.5
334510 635.48014124871 -12831.7839227961 -12196.3037815474 46352.9874056857 46306.9129001888 46209.6366626705 46542.412654198 375.887645075578 66430.125 40.5
334520 630.44770046053 -12827.2138871696 -12196.7661867091 46345.4275929761 46077.5136796519 46540.6729571571 46418.0961421193 160.077078769637 66430.125 40.5
334530 625.920385516031 -12823.3831504414 -12197.4627649253 46488.5849971627 46267.4238787529 46760.5498352332 46437.7812775021 -4.51873538000184 66430.125 40.5
334540 626.40980171195 -12824.7325083593 -12198.3227066474 46424.1552400351 46540.8923589543 46365.0626727815 46366.5106883695 -48.2022246368242 66430.125 40.5
334550 627.263909537003 -12826.6224851123 -12199.3585755753 46350.6563877134 46585.9312802558 46230.1305423894 46235.9073404951 -109.550590603244 66430.125 40.5
334560 621.639604510047 -12822.2194859832 -12200.5798814732 46582.0316813873 46742.9552010633 46911.439308556 46091.7005345426 -211.775432709108 66430.125 40.5
334570 608.53012650651 -12810.3833197167 -12201.8531932102 46956.194099921 47238.171151622 47658.2266733503 45972.1844747908 -398.562631291757 66430.125 40.5
334580 600.7119714083 -12803.6625730109 -12202.9506016026 47304.1198027989 47863.722605764 48049.9010068316 45998.7357958012 -438.981804939791 66430.125 40.5
334590 605.696663978862 -12809.4552092382 -12203.7585452594 47303.0536888381 48049.6930040075 47730.8333899819 46128.6346725249 -300.409952095502 66430.125 40.5
334600 611.629685204981 -12815.9579779866 -12204.3282927816 47099.8441317253 47941.8727711924 47135.9159868223 46221.7436371611 124.848186533134 66430.125 40.5
334610 611.084988674087 -12815.8300729231 -12204.745084249 47031.1293049426 47812.2174432002 46832.8585171645 46448.3119544633 498.559702436592 66430.125 40.5
334620 609.364912743248 -12814.3774230575 -12205.0125103143 47079.3419791568 47535.7260785256 46786.0958577144 46916.2040012305 627.7364902487 66430.125 40.5
334630 609.028564722958 -12814.1161376787 -12205.0875729558 47040.9383347688 47126.5451129362 46740.7209203391 47255.5489710311 545.319944938235 66430.125 40.5
334640 608.363694235069 -12813.2993571284 -12204.9356628934 47092.3406746413 47138.8203533584 46863.8236359063 47274.3780346592 274.074547470102 66430.125 40.5
334650 607.498298368538 -12812.0023280371 -12204.5040296686 46930.9235945036 47497.9233386051 46697.0371870065 46597.8102578993 63.7922448173652 66430.125 40.5
334660 611.9507480338 -12815.6872462229 -12203.7364981891 46486.6313077433 47607.627654183 46122.4836860016 45729.7825830453 -15.7982618784013 66430.125 40.5
334670 625.12751884853 -12827.7885319793 -12202.6610131308 45951.3674271879 47130.0513745887 45565.3308027422 45158.7201042329 -86.1980024269074 66430.125 40.5
334680 637.990037330408 -12839.4510244925 -12201.4609871621 45512.9727625521 46533.9081617866 45139.6603601999 44865.3497656699 -211.300257677529 66430.125 40.5
334690 640.934956832278 -12841.3222780071 -12200.3873211748 45542.8416553456 46372.5203128434 45271.3612025167 44984.6434506767 -233.266561093337 66430.125 40.5
334700 634.929399273653 -12834.5018954451 -12199.5724961714 46027.5260872512 46561.7991198905 45758.9494989792 45761.829642884 255.097732991182 66430.125 40.5
334710 622.015365357996 -12820.9476523245 -12198.9322869665 46638.3441202896 46753.8714935527 46391.5762719971 46769.5845953192 1026.12125814544 66430.125 40.5
334720 611.660214456207 -12809.901868159 -12198.2416537028 47109.2905498568 46949.4850365427 46877.2544078349 47501.132205193 1533.41018676704 66430.125 40.5
334730 610.438459422841 -12807.7258073356 -12197.2873479127 47257.0305205374 47183.6286429561 47030.8724364204 47556.5904822357 1527.17090672119 66430.125 40.5
334740 611.943389317179 -12807.9158833543 -12195.9724940372 47272.0946921053 47430.5620111483 46997.8012301127 47387.920835055 1034.05792786523 66430.125 40.5
334750 611.918406572713 -12806.2100709524 -12194.2916643797 47345.2377819904 47848.6586952241 46875.4324430816 47311.6222076656 483.485331519587 66430.125 40.5
334760 612.691949106457 -12804.9473363739 -12192.2553872674 47451.3127695716 48143.992952354 46806.5309772162 47403.4143791447 47.1549758274809 66430.125 40.5
334770 617.771539053281 -12807.6841444766 -12189.9126054233 47341.0360633043 47881.1517116071 46911.4397573713 47230.5167209344 76.8802468134977 66430.125 40.5
334780 626.856347242663 -12814.2809415038 -12187.4245942611 46996.8301726097 47287.2172405595 46842.8459549994 46860.4273222701 271.184245007006 66430.125 40.5
334790 633.453518952483 -12818.4935740112 -12185.0400550587 46785.93104711 47086.7832053043 46794.7704266025 46476.2395094231 550.921796265673 66430.125 40.5
334800 635.550060815014 -12818.5292422425 -12182.9791814275 46845.4138775282 47259.974591811 46811.1973299945 46465.069710779 785.181065232563 66430.125 40.5
334810 633.9386742069 -12815.2617465172 -12181.3230723103 47020.0986326319 47284.0029978278 46874.1078354901 46902.1850645777 1011.6438224313 66430.125 40.5
334820 632.060040953044 -12812.1003474441 -12180.040306491 47203.709199638 47299.5990489994 46775.424293338 47536.1042565767 836.162729945705 66430.125 40.5
334830 632.757639356793 -12811.8319494537 -12179.0743100969 47171.0986370936 47509.6214933347 46154.0790283085 47849.5953896377 617.995526597331 66430.125 40.5
334840 634.192846736833 -12812.6016075317 -12178.4087607949 47049.9231343192 47848.8733909515 45512.8195866554 47788.0764253505 590.201805122511 66430.125 40.5
334850 632.980044114066 -12811.0230731731 -12178.0430290591 47043.3924719378 48037.4535702356 45578.6792560359 47514.0445895419 628.14277232824 66430.125 40.5
334860 628.774115533976 -12806.7130700992 -12177.9389545652 47353.4492932496 48043.0110355394 46795.7628117511 47221.5740324583 635.510319103642 66430.125 40.5
334870 624.769772052119 -12802.7738652735 -12178.0040932213 47569.5477756655 47847.6360365799 47967.0971746569 46893.9101157597 429.662833637419 66430.125 40.5
334880 627.243765115217 -12805.4196614821 -12178.1758963669 47529.3895982588 47608.6410491141 48417.4281571336 46562.0995885288 25.2944373744829 66430.125 40.5
334890 632.602919503268 -12811.1067043729 -12178.5037848696 47472.88224706 47702.3697440741 48349.7987317688 46366.478265337 -214.358598655358 66430.125 40.5
334900 629.745893964103 -12808.8006165217 -12179.0547225576 47576.0218432246 47764.3865097906 48452.7289889938 46510.9500308894 -266.982302971534 66430.125 40.5
334910 625.317124756639 -12805.1116502366 -12179.79452548 47487.6693966596 47607.745522995 48232.2096753674 46623.0529916165 -354.519094143867 66430.125 40.5
334920 629.577075056153 -12810.2609252903 -12180.6838502342 47140.6884179444 47194.3939977215 47655.6959333433 46571.9753227685 -300.930612195904 66430.125 40.5
334930 634.922825095328 -12816.7163664551 -12181.7935413598 46795.6305349916 46993.1024069049 47017.4378916087 46376.3513064611 -12.1917580533687 66430.125 40.5
334940 634.453147297116 -12817.6741428354 -12183.2209955383 46760.5644071902 47020.3749830629 46843.1541141461 46418.1641243616 209.902138657958 66430.125 40.5
334950 630.162380519622 -12815.1195429254 -12184.9571624058 46929.087549148 47113.4853865872 46808.1714566213 46865.6058042354 135.927274193344 66430.125 40.5
334960 624.687444469831 -12811.5839908357 -12186.8965463659 47248.1358786267 47257.6164948074 46825.7875438628 47661.0035972099 -109.656759708405 66430.125 40.5
334970 617.79543503255 -12806.6744192124 -12188.8789841799 47630.8912719495 47559.3807104181 47149.7511252315 48183.5419801988 -320.901332430558 66430.125 40.5
334980 613.749816211535 -12804.4871236757 -12190.7373074641 47746.8485258823 47733.01443581 47512.3810083154 47995.1501335215 -248.202612791706 66430.125 40.5
334990 615.845333429511 -12808.23635526 -12192.3910218305 47539.4340527683 47783.0237209848 47533.022844276 47302.2555930442 -64.3356319370803 66430.125 40.5
335000 618.181435784728 -12812.0358564298 -12193.8544206451 47475.816529694 47964.2590449987 47307.6083066805 47155.5822374028 140.078708498769 66430.125 40.5
