# Fix print output for fix setl_out
541000 991.324830673201 -12346.1809173118 -11354.8560866386 82463.7452393005 82471.625207159 82858.3938172688 82061.2166934736 -1050.02756663369 66430.125 40.5
541010 990.421035707296 -12345.3777077909 -11354.9566720836 82584.9006030594 81986.5627767687 83995.748327667 81772.3907047424 -1324.56764662771 66430.125 40.5
541020 981.654240873421 -12336.850723026 -11355.1964821525 82914.9578933408 81397.6791151624 85000.7707275582 82346.4238373018 -1163.16401152487 66430.125 40.5
541030 976.171861420084 -12331.6172368359 -11355.4453754158 83040.7719317617 81310.7733361962 84996.2026143991 82815.3398446897 -952.646039515255 66430.125 40.5
541040 975.514288380325 -12331.1132548672 -11355.5989664868 83146.9317310949 82079.0933670183 84194.7725096816 83166.9293165849 -1166.7587484099 66430.125 40.5
541050 971.151466310352 -12326.7521356253 -11355.6006693149 82953.5592282028 82991.3656307656 82743.5749569484 83125.7370968943 -1474.21230908374 66430.125 40.5
541060 969.289311941301 -12324.6773138575 -11355.3880019162 82980.4962513498 84004.781357735 82098.0755627004 82838.6318336142 -1523.33202794584 66430.125 40.5
541070 973.392438035672 -12328.314097909 -11354.9216598734 82941.1122216745 84438.7241986193 82165.7829231114 82218.8295432928 -1443.47446567113 66430.125 40.5
541080 973.912977031327 -12328.1309067013 -11354.21792967 83138.6557813351 84476.614659134 82943.0347197617 81996.3179651097 -1801.8560711893 66430.125 40.5
541090 970.438977562199 -12323.7018806056 -11353.2629030434 82933.5308481857 83713.7158008789 83360.7836434784 81726.0931001997 -2233.50124895179 66430.125 40.5
541100 972.127412827994 -12324.0977695581 -11351.9703567301 82623.5413425858 83112.160831356 83212.9429256978 81545.5202707036 -2108.7759642666 66430.125 40.5
541110 980.900629641619 -12331.2264137995 -11350.3257841579 82380.2430069319 82785.6445279777 82889.5405020806 81465.5439907373 -1758.49826226227 66430.125 40.5
541120 984.995902537528 -12333.393388124 -11348.3974855865 82294.1409664554 82654.660869522 83017.1992700553 81210.5627597891 -935.798579431141 66430.125 40.5
541130 984.421373630956 -12330.6707754827 -11346.2494018517 82600.3253071274 82946.0244001365 83697.6319145431 81157.3196067026 -166.765046955221 66430.125 40.5
541140 982.633862384073 -12326.489472319 -11343.8556099349 83065.3953321416 83373.2105348757 84544.7468048087 81278.2286567404 -61.3067072764132 66430.125 40.5
541150 979.004448368173 -12320.154533268 -11341.1500848998 83573.9499916354 84056.2690785645 85043.5058524628 81622.075043879 47.53913656215 66430.125 40.5
541160 977.963042764301 -12316.0118037288 -11338.0487609645 83853.8338927417 84469.0289528854 85047.4112752052 82045.0614501344 105.976848959309 66430.125 40.5
541170 985.633476625189 -12320.1893244712 -11334.555847846 83723.2230526285 83887.3127094709 85122.4197345385 82159.936713876 352.096555697676 66430.125 40.5
541180 989.63517108455 -12320.4498532945 -11330.81468221 83446.9957715825 83053.7421318105 84827.3434485683 82459.9017343687 952.669458261248 66430.125 40.5
541190 991.377937115479 -12318.4235584617 -11327.0456213462 83394.1639087371 82883.0301985335 84020.7644633998 83278.6970642779 1146.40420911094 66430.125 40.5
541200 996.0292958387 -12319.4495038655 -11323.4202080268 83489.468445806 83146.6810927664 83327.4860670745 83994.2381775772 845.995954689971 66430.125 40.5
541210 998.505705972934 -12318.6258887765 -11320.1201828036 83828.3753260125 83226.0429178631 83351.1223158542 84907.9607443203 634.221678436014 66430.125 40.5
541220 997.437091959962 -12314.6971242497 -11317.2600322898 84059.6231984526 83161.941409226 83577.2278696291 85439.7003165025 988.253288001606 66430.125 40.5
541230 1003.74533595077 -12318.6364862255 -11314.8911502747 84047.0374888549 82840.194550746 83950.1851734109 85350.7327424078 1362.79534984524 66430.125 40.5
541240 1013.87244430057 -12326.9901831613 -11313.1177388607 84123.9524175282 82830.7405536502 84509.7553928658 85031.3613060688 1234.33118148344 66430.125 40.5
541250 1007.21089658372 -12319.258623658 -11312.0477270743 84179.2214921964 83549.2412212957 84928.566598136 84059.8566571576 1258.22188014395 66430.125 40.5
541260 992.388143079703 -12303.9179277331 -11311.5297846534 84403.2006167584 84811.7612161645 85272.9091632276 83124.9314708832 1137.84147518055 66430.125 40.5
541270 992.654277014886 -12303.9635175346 -11311.3092405197 84716.4386132929 85906.5250280888 85210.1926144803 83032.5981973097 763.752362526593 66430.125 40.5
541280 998.81421347604 -12310.1328512597 -11311.3186377837 84688.2847816707 85909.1716115651 84899.5456952981 83256.1370381489 748.612515098707 66430.125 40.5
541290 997.531488189053 -12309.1623231934 -11311.6308350044 84962.0469785006 85913.762863202 85233.4076373951 83738.9704349045 796.133250314404 66430.125 40.5
541300 991.91741326239 -12304.1313572515 -11312.2139439891 85161.6782994549 86388.638754253 85132.9273112438 83963.468832868 809.292641827165 66430.125 40.5
541310 989.36541064968 -12302.3244155132 -11312.9590048635 84948.527812065 86651.3001625017 84842.5041909545 83351.7790827389 119.114944472854 66430.125 40.5
541320 991.274917575564 -12305.0931881669 -11313.8182705913 84524.5733672107 86344.0125970203 84622.449724786 82607.2577798257 -982.82567202771 66430.125 40.5
541330 988.169155433831 -12302.9696201656 -11314.8004647318 84723.1015454901 86062.8162909847 85163.7088511693 82942.7794943164 -1369.90021231835 66430.125 40.5
541340 975.523531716321 -12291.3177585159 -11315.7942267996 85218.6613168995 86403.822010752 85410.9647953704 83841.1971445761 -1093.06004580665 66430.125 40.5
541350 971.59654453135 -12288.2126877325 -11316.6161432011 85203.8162530704 86432.9654611457 84471.84325794 84706.6400401256 -588.89662347022 66430.125 40.5
541360 982.349129003256 -12299.5799216118 -11317.2307926085 84972.6665411787 85624.0593361599 83660.0894205908 85633.8508667854 8.21833233746265 66430.125 40.5
541370 992.861971237241 -12310.6829581491 -11317.8209869119 85146.8864132747 85050.3092580194 83775.0189980891 86615.3309837157 343.854414543431 66430.125 40.5
541380 990.435022363082 -12308.9813234322 -11318.5463010691 85307.4657313428 84749.3668158924 84278.4299235612 86894.6004545748 291.129233608295 66430.125 40.5
541390 984.789340588304 -12304.1685177559 -11319.3791771676 85181.6694246339 84177.072212059 84483.0632098577 86884.872851985 292.328002101061 66430.125 40.5
541400 987.262073957201 -12307.5016367023 -11320.2395627451 84982.4401671278 83534.9853894194 84668.0704494904 86744.2646624736 -124.526647696273 66430.125 40.5
541410 992.860984375626 -12314.0130716644 -11321.1520872888 84505.9192461693 82999.5429896177 84741.8566218256 85776.3581270646 -483.384974741624 66430.125 40.5
541420 994.72778303503 -12316.9356536982 -11322.2078706631 84418.6599156913 83205.9206225858 84963.7796132543 85086.2795112339 -827.91663437914 66430.125 40.5
541430 989.248610593956 -12312.6486909333 -11323.4000803393 84303.7520953251 83822.6032515846 84281.6574011905 84806.9956332001 -902.610728779875 66430.125 40.5
541440 984.545347572154 -12309.1746375409 -11324.6292899687 84128.5287477555 84102.7100280364 83501.0637957041 84781.8124195259 -641.639812045496 66430.125 40.5
541450 981.499911697885 -12307.2908339173 -11325.7909222195 84498.6892615737 84793.9267665636 83370.0930032411 85332.0480149164 -751.493952248494 66430.125 40.5
541460 973.437970105835 -12300.2294629203 -11326.7914928144 84704.0087145159 85238.983898027 83411.8255692425 85461.2166762782 -900.252312497669 66430.125 40.5
541470 965.847101620198 -12293.3400992485 -11327.4929976283 84653.3884257253 85569.6253114363 83210.744878476 85179.7950872636 -1146.69131195579 66430.125 40.5
541480 970.565634883008 -12298.3996096213 -11327.8339747383 84168.6076506571 85107.5895934061 82640.0249651477 84758.2083934175 -981.284560736673 66430.125 40.5
541490 983.89186129964 -12311.828971854 -11327.9371105543 83713.302328422 84267.0622709407 82300.5781743614 84572.2665399638 -390.926378271146 66430.125 40.5
541500 995.179891076181 -12323.2292127005 -11328.0493216244 83332.642255451 83417.9664707795 82568.2169634711 84011.7433321024 497.481369611557 66430.125 40.5
541510 1000.94824944286 -12329.3341918075 -11328.3859423646 83211.0202512496 82424.3088223764 83419.9405979663 83788.8113334062 1287.0949600999 66430.125 40.5
541520 996.257427336196 -12325.2385694501 -11328.9811421139 83244.4896078913 81730.8312935148 84164.2382414294 83838.3992887297 1605.41311632047 66430.125 40.5
541530 988.532295282439 -12318.2530011885 -11329.7207059061 83563.0514099283 82262.9182629654 84346.0114805343 84080.2244862852 1240.89289714315 66430.125 40.5
541540 982.634353677149 -12313.0794249292 -11330.4450712521 84175.4460827158 83317.7299531009 84755.9687534649 84452.6395415815 1087.08519215519 66430.125 40.5
541550 977.388058305718 -12308.4223688414 -11331.0343105357 84437.2775590686 83562.6142565793 85050.3767959949 84698.8416246316 725.035502200338 66430.125 40.5
541560 981.32344412905 -12312.7845669317 -11331.4611228027 84346.0950608526 83195.1670912624 84738.284909667 85104.8331816286 352.861875764143 66430.125 40.5
541570 990.710392999315 -12322.5416031749 -11331.8312101756 84098.0590926597 82957.0163217676 83444.5535634504 85892.6073927611 17.6952362046214 66430.125 40.5
541580 990.633803398297 -12322.9233657977 -11332.2895623994 84080.7780080785 83634.9117118612 82385.198436527 86222.2238758472 -367.055871244381 66430.125 40.5
541590 980.333832242166 -12313.1542545595 -11332.8204223173 84234.6140008755 84676.8767961903 81931.3891363996 86095.5760700366 -661.055090272326 66430.125 40.5
541600 975.347773429456 -12308.6120812432 -11333.2643078138 84244.3808554928 84890.635001484 81919.8189590548 85922.6886059395 -746.566368802308 66430.125 40.5
541610 987.519864533606 -12321.1083459518 -11333.5884814182 83890.2074289471 84385.9368086425 81756.0650173793 85528.6204608196 -622.800510285737 66430.125 40.5
541620 1002.53371518437 -12336.5445790821 -11334.0108638977 83396.4648732701 83768.1321471465 81544.4950506694 84876.7674219944 -250.191305202018 66430.125 40.5
541630 1001.90675156288 -12336.6721105285 -11334.7653589656 83301.9162961336 83875.6667220794 81650.4839077763 84379.5982585449 3.10389282367277 66430.125 40.5
541640 992.543213574095 -12328.4017109018 -11335.8584973277 83677.1286494665 84402.1067564671 82485.7495130213 84143.529678911 -9.62981118971807 66430.125 40.5
541650 986.971226488365 -12324.079503137 -11337.1082766486 83872.3758876461 84572.3027465569 83543.3100749994 83501.514841382 108.004335533252 66430.125 40.5
541660 991.061776493209 -12329.5067570496 -11338.4449805564 83443.1147582088 84055.7504258985 84045.5300649152 82228.0637838127 316.600388483652 66430.125 40.5
541670 992.702662049557 -12332.6108417779 -11339.9081797284 82735.3023741517 83645.0052617955 83178.4005063029 81382.5013543567 165.091383641299 66430.125 40.5
541680 990.896605182234 -12332.4337369353 -11341.537131753 82473.9877497257 83682.5453478421 82176.8659424707 81562.5519588641 -480.544514966262 66430.125 40.5
541690 989.462748473965 -12332.7735182838 -11343.3107698098 82424.2271757084 83368.1375370486 81643.1894031006 82261.3545869759 -1087.62446970481 66430.125 40.5
541700 986.509251316066 -12331.6960237081 -11345.186772392 82482.1488171513 82590.3885002715 82066.2963432883 82789.7616078941 -1117.5951647666 66430.125 40.5
541710 981.16670285217 -12328.2511280078 -11347.0844251556 82516.7112479652 81554.741438786 82348.4511767625 83646.9411283469 -718.241476712402 66430.125 40.5
541720 981.175342640015 -12330.109705881 -11348.934363241 82380.0677545915 80820.9062348777 82179.3357246152 84139.9613042817 -472.600458570179 66430.125 40.5
541730 983.857402718443 -12334.5903203291 -11350.7329176106 82379.7024544148 80900.2798161131 82604.4151257126 83634.4124214187 -230.668611959626 66430.125 40.5
541740 981.747203775048 -12334.2556410567 -11352.5084372816 82466.1912228345 81817.5183353378 83052.9853410326 82528.069992133 -397.259012007908 66430.125 40.5
541750 977.333052413327 -12331.5470525921 -11354.2140001788 82740.6475666707 82718.4783766746 83304.0445862938 82199.4197370438 -913.714580491076 66430.125 40.5
541760 977.098690782366 -12332.8990266576 -11355.8003358752 82763.2542804907 83162.9601061153 82719.8061094957 82406.9966258609 -993.134973337654 66430.125 40.5
541770 977.505431207117 -12334.7421589578 -11357.2367277507 82419.4709932509 83001.5303580911 81453.457233762 82803.4253878998 -834.756872606693 66430.125 40.5
541780 980.211894204995 -12338.7759972066 -11358.5641030016 81986.393211947 82694.527405243 80151.1430839348 83113.5091466633 -772.280633792203 66430.125 40.5
541790 982.618037615281 -12342.4441931485 -11359.8261555332 82087.6185394372 82764.2577067787 80445.7546898137 83052.8432217192 -642.785381179563 66430.125 40.5
541800 986.085882312927 -12347.1762386131 -11361.0903563002 82228.5656931914 82750.7191270874 81335.5611071706 82599.4168453163 -513.992503795224 66430.125 40.5
541810 984.411826117402 -12346.8230005021 -11362.4111743847 82031.8590779624 82554.0438238647 81724.5031195306 81817.0302904918 -113.697749662432 66430.125 40.5
541820 973.91427328876 -12337.634850879 -11363.7205775903 81898.9386075985 82239.653603649 81716.3079882425 81740.8542309039 47.9284453949797 66430.125 40.5
541830 969.920200114369 -12334.8015040414 -11364.881303927 82139.0577991012 81681.7498523762 81883.7517559743 82851.671788953 71.3546562766435 66430.125 40.5
541840 969.714233956786 -12335.5287992088 -11365.814565252 82624.851427581 81837.1441126417 81773.6964113896 84263.7137587117 44.9390996133377 66430.125 40.5
541850 964.110431169807 -12330.5915781626 -11366.4811469928 83300.2367641601 83061.6847586935 81975.7166285953 84863.3089051915 47.7661688519088 66430.125 40.5
541860 959.495799360278 -12326.3000997914 -11366.8043004311 83491.8992317295 84230.7931106686 82367.7777987589 83877.1267857611 334.302122031101 66430.125 40.5
541870 960.41792552771 -12327.1145772962 -11366.6966517685 83013.9486492145 84253.8516974804 82442.8338126834 82345.1604374797 1009.73644674641 66430.125 40.5
541880 969.409286612108 -12335.571360539 -11366.1620739269 82205.400550284 82941.7810716497 81922.5715969402 81751.8489822623 1412.34615097435 66430.125 40.5
541890 980.757397815976 -12346.0906673713 -11365.3332695554 81812.3456238567 81754.5135870022 81543.1077410438 82139.415543524 954.584294127785 66430.125 40.5
541900 982.899734543478 -12347.2605803848 -11364.3608458413 82098.8115013396 81525.4292115146 81885.8716758992 82885.133616605 367.379014176861 66430.125 40.5
541910 978.250251599462 -12341.5263742642 -11363.2761226648 82565.4858640169 81871.6580072755 82452.2759134332 83372.5236713421 275.827579303537 66430.125 40.5
541920 973.422568348253 -12335.3822308839 -11361.9596625356 83029.9018245785 82416.9328664337 83088.1061507843 83584.6664565175 820.555171017033 66430.125 40.5
541930 969.045704397638 -12329.2616398058 -11360.2159354081 83267.3610011247 83076.7190065909 82980.7509307812 83744.6130660019 1464.84249530961 66430.125 40.5
541940 966.997934788428 -12324.8293058728 -11357.8313710844 83372.8106152944 83714.6963737338 82485.6702999553 83918.065172194 1590.21322250989 66430.125 40.5
541950 965.448900689452 -12320.0180512678 -11354.5691505783 83733.2852595147 84300.679033349 82893.3147903064 84005.8619548888 1209.60214149072 66430.125 40.5
541960 963.105369779073 -12313.3335166542 -11350.2281468751 83985.8748734844 84868.2649749367 83467.9770408253 83621.3826046913 691.890548937124 66430.125 40.5
541970 967.287808866229 -12312.0567473706 -11344.7689385044 84053.3739070803 85101.031288772 83630.9547616077 83428.1356708611 355.317105117335 66430.125 40.5
541980 978.488730392432 -12317.0399481668 -11338.5512177743 84165.2759352034 84674.446063148 83797.5668499415 84023.8148925208 153.613529792534 66430.125 40.5
541990 988.364166161955 -12320.7555647709 -11332.3913986089 84113.6119336895 84074.701545309 83672.2464404835 84593.8878152762 356.69564756741 66430.125 40.5
542000 994.652856761464 -12321.7603385507 -11327.1074817893 84015.3851025814 83409.3176941644 83600.1968528376 85036.6407607422 537.879602221295 66430.125 40.5
542010 996.977460925303 -12320.0616858659 -11323.0842249406 84124.6534413742 83425.3343499069 83260.5020850056 85688.1238892102 77.9883233015118 66430.125 40.5
542020 992.163884335069 -12312.3872514408 -11320.2233671057 84359.1382534819 83692.89427101 82787.5846990739 86596.9357903619 -519.779627854955 66430.125 40.5
542030 988.718153209796 -12306.9377990018 -11318.219645792 84784.8806218913 83948.1205325324 83372.7568536289 87033.7644795126 -1031.85227818229 66430.125 40.5
542040 983.987262655394 -12300.7358028148 -11316.7485401594 85349.0161335799 84508.8230592046 84298.1813236307 87240.0440179044 -1228.5156004087 66430.125 40.5
542050 978.69788271415 -12294.2659257456 -11315.5680430314 85728.0928056618 85211.1797118995 85306.521829596 86666.5768754898 -1076.46112355245 66430.125 40.5
542060 980.19418756511 -12294.7166838974 -11314.5224963323 85627.0274687862 85478.7437259021 85859.5854416824 85542.7532387739 -618.184220690254 66430.125 40.5
542070 982.825403575109 -12296.374408191 -11313.5490046159 85262.702264302 85001.8111256428 85361.3439973758 85424.9516698875 -389.006141555505 66430.125 40.5
542080 985.714845844827 -12298.3889382668 -11312.674092422 84977.3179129101 84676.4617201725 84656.4741333522 85599.0178852055 -588.323559564409 66430.125 40.5
542090 986.966964574936 -12298.8942544704 -11311.9272898955 84981.303682826 85025.96889088 84208.8776498111 85709.0645077868 -660.294377357881 66430.125 40.5
542100 982.108297257481 -12293.3941716222 -11311.2858743647 85142.1516439096 85470.5627091197 84228.096592387 85727.7956302222 -143.883526821834 66430.125 40.5
542110 980.287235256273 -12290.9602329814 -11310.6729977251 85201.8135793218 85664.8007086873 84628.7665934479 85311.8734358302 452.348435381365 66430.125 40.5
542120 989.259065682928 -12299.3157132774 -11310.0566475945 84844.2698363307 85055.0493623827 84758.924784108 84718.8353625014 563.191147397686 66430.125 40.5
542130 1006.75453164706 -12316.3555165116 -11309.6009848646 84428.0479674614 84173.3904472191 84800.0230601432 84310.7303950218 482.608575042668 66430.125 40.5
542140 1020.76966055397 -12330.4215219233 -11309.6518613693 84028.1540440659 83622.9393100978 84868.0095430811 83593.5132790189 502.429720625399 66430.125 40.5
542150 1011.77455397486 -12322.2178441059 -11310.4432901311 84088.6322344878 83858.4244559235 85186.3851466885 83221.0871008514 788.894802740935 66430.125 40.5
542160 989.134961712661 -12300.941022994 -11311.8060612813 84424.5379081703 84551.8011309557 85654.686208173 83067.126385382 983.565116279554 66430.125 40.5
542170 979.114907091799 -12292.4687936745 -11313.3538865827 84282.1093568515 84678.8690481653 85165.2014171069 83002.2576052821 582.470047385244 66430.125 40.5
542180 984.990135269232 -12299.8984951215 -11314.9083598522 83859.5483064954 84456.2396987086 84062.0285977971 83060.3766229806 312.011126222283 66430.125 40.5
542190 995.239149181781 -12311.8057383985 -11316.5665892167 83407.3913235369 83696.6603695361 83521.714532619 83003.7990684555 107.586415918806 66430.125 40.5
542200 1004.40013235996 -12322.9390702158 -11318.5389378558 83298.234541026 83420.8197564053 82951.4579963413 83522.4258703314 -190.148782670316 66430.125 40.5
542210 1008.82570066525 -12329.8392292482 -11321.0135285829 83297.212370254 83668.3181804128 81817.4954116446 84405.8235187046 -235.717933495984 66430.125 40.5
542220 1001.79629854348 -12325.8073863733 -11324.0110878298 83469.7597542303 84210.0303399877 81074.7712087789 85124.4777139243 -120.158726902902 66430.125 40.5
542230 990.884558825201 -12318.2238416594 -11327.3392828342 83617.999976462 84628.9588342502 81253.6290871592 84971.4120079767 -2.79813090932993 66430.125 40.5
542240 982.136924801823 -12312.851266153 -11330.7143413512 83901.5806353735 84601.9517653223 82151.6568157873 84951.133325011 -165.130980564593 66430.125 40.5
542250 974.046568952965 -12307.9247227007 -11333.8781537477 84068.7421248546 83956.8536491907 82972.8518105127 85276.5209148605 -473.899460891471 66430.125 40.5
542260 970.457473164749 -12307.1115341704 -11336.6540610056 83922.5501027716 82991.5400938579 83263.3086676365 85512.8015468204 -447.664867233626 66430.125 40.5
542270 976.589629634367 -12315.6052181073 -11339.0155884729 83633.5352384377 82313.3027003912 83412.1797572196 85175.1232577023 -481.176289000562 66430.125 40.5
542280 988.020343926007 -12329.1288024663 -11341.1084585403 83224.3499887135 82267.8319268907 83173.1108611123 84232.1071781375 -422.660574764059 66430.125 40.5
542290 997.237391589023 -12340.395105111 -11343.157713522 82744.4779893944 82633.7845435924 82157.4095004488 83442.239924142 -317.971118791155 66430.125 40.5
542300 1001.77497588906 -12347.1174962098 -11345.3425203207 82330.6328378544 83118.8227888423 80804.8762721514 83068.1994525694 -49.7455010445653 66430.125 40.5
542310 999.839033984368 -12347.5588396294 -11347.7198056451 82029.6204467118 83124.262759922 79754.3016817082 83210.2968985051 -174.59534798661 66430.125 40.5
542320 993.507914485087 -12343.7266961591 -11350.218781674 81978.8358987826 82411.3324887623 80169.8323483363 83355.3428592491 -451.031453573912 66430.125 40.5
542330 988.805170127933 -12341.4997448632 -11352.6945747352 82045.1115002111 81448.7571322744 81231.6841850452 83454.8931833137 -571.201540384985 66430.125 40.5
542340 991.338196579472 -12346.4262333636 -11355.0880367842 82226.850480116 81203.8407742887 82385.2368015674 83091.4738644919 -660.951880674628 66430.125 40.5
542350 990.052824177143 -12347.4705115076 -11357.4176873305 82263.5204777735 81361.6229234812 83174.2006314975 82254.7378783417 -264.72523822987 66430.125 40.5
542360 978.397329967997 -12338.0112008447 -11359.6138708767 82362.959439736 81511.5917586033 83702.7478551792 81874.5387054254 69.0021850302398 66430.125 40.5
542370 967.192361657474 -12328.6883670839 -11361.4960054264 82755.8876565018 81888.4565949716 84204.1727422284 82175.0336323053 209.754773349011 66430.125 40.5
542380 963.028273573927 -12325.9389621236 -11362.9106885497 82798.430180623 81956.7034281209 84187.7857718077 82250.8013419405 -72.4946845008762 66430.125 40.5
542390 966.859689680743 -12330.7110894438 -11363.8513997631 82488.152679527 81783.4530038567 83492.4543980082 82188.5506367161 -388.903351220407 66430.125 40.5
542400 973.318361248594 -12337.7585741706 -11364.440212922 82511.72470812 81786.6486492418 82916.9667119889 82831.5587631294 -849.75691949467 66430.125 40.5
542410 974.09822483551 -12338.9021482484 -11364.8039234129 82824.5437386158 82212.7088647253 82851.2664113159 83409.6559398063 -1132.17811994462 66430.125 40.5
542420 970.455068927571 -12335.4343288813 -11364.9792599537 82848.8395460902 82661.8850687924 82927.3350152203 82957.2985542579 -1332.84455392227 66430.125 40.5
542430 968.682621770043 -12333.6066384769 -11364.9240167069 82432.7129353884 82606.3913285836 82283.7655539021 82407.9819236796 -1128.33509627831 66430.125 40.5
542440 969.667317607961 -12334.2910967004 -11364.6237790924 82167.7299149598 82390.4886847553 81572.2765053497 82540.4245547744 -754.92738788217 66430.125 40.5
542450 968.613602838408 -12332.6848738702 -11364.0712710318 82230.2633979341 82248.0546394661 81394.0219513687 83048.7136029675 -881.635652095446 66430.125 40.5
542460 971.954095031196 -12335.238632817 -11363.2845377858 82408.0210048685 82099.3227330153 81273.1105645657 83851.6297170244 -923.152594803832 66430.125 40.5
542470 976.488082998829 -12338.7976014862 -11362.3095184874 82990.6258138457 82624.3309363431 81512.9204475681 84834.6260576259 -994.952352680667 66430.125 40.5
542480 974.462768288975 -12335.671815028 -11361.209046739 83682.000540718 84071.3609054858 82025.8476572208 84948.7930594474 -961.692534426288 66430.125 40.5
542490 969.019962145136 -12328.9707861412 -11359.9508239961 83865.9406538685 84923.7251130321 82643.0359477657 84031.0609008076 -728.250424980374 66430.125 40.5
542500 968.384365368714 -12326.8333386202 -11358.4489732515 83621.5463137107 84657.3580788609 83245.6261562938 82961.6547059773 -481.368132280754 66430.125 40.5
542510 969.602024955635 -12326.2727924441 -11356.6707674885 83532.61502131 84184.4242132458 83811.2101415859 82602.2107090982 -313.939735936709 66430.125 40.5
542520 965.673052904563 -12320.2856416093 -11354.6125887047 83969.1428706263 84242.2891453722 84603.3131693135 83061.8262971932 -542.281037723149 66430.125 40.5
542530 962.012763986867 -12314.248941641 -11352.2361776541 84062.9454355594 84103.3140773422 84776.9256814938 83308.5965478423 -539.216366619753 66430.125 40.5
542540 963.194087205576 -12312.6835446959 -11349.4894574903 83920.5346707178 83812.1840298154 84274.0110175248 83675.4089648131 -299.57316799094 66430.125 40.5
542550 968.120615842493 -12314.5502008048 -11346.4295849623 83915.2759974474 83829.2126674439 83653.4626533747 84263.1526715235 -29.8856960825537 66430.125 40.5
542560 971.721072139092 -12314.9294045545 -11343.2083324154 83914.4866841645 84308.1717367438 83449.9540959092 83985.3342198404 448.802143075071 66430.125 40.5
542570 970.766459576204 -12310.765382858 -11339.9989232818 84064.4272601769 84804.7684945943 83946.0388993786 83442.4743865578 875.472704502854 66430.125 40.5
542580 965.621987675451 -12302.5040789841 -11336.8820913087 84102.7960779419 84743.0073590519 84374.6166846568 83190.7641901171 950.056784115279 66430.125 40.5
542590 967.449981393072 -12301.3346152574 -11333.8846338643 83948.7038542478 84121.2139339671 84250.3997238481 83474.4979049283 531.368381981596 66430.125 40.5
542600 982.883603009495 -12313.9896071928 -11331.1060041833 84136.162351266 83910.5252119207 83941.0691128213 84556.8927290562 -38.6348859815127 66430.125 40.5
542610 998.85998259227 -12327.6722317352 -11328.812249143 83929.6816429048 83530.0186775775 83353.0569137726 84905.9693373643 -501.172939709994 66430.125 40.5
542620 1002.07792838585 -12329.3001255774 -11327.2221971916 83573.2748672653 83236.967059487 82869.0586486167 84613.7988936922 -495.82475332707 66430.125 40.5
542630 995.194827408586 -12321.4851583211 -11326.2903309125 83398.7293259791 83208.9425311845 82887.6282409988 84099.6172057539 -195.841098602152 66430.125 40.5
542640 989.128033972437 -12314.9014764921 -11325.7734425196 83400.3904843199 83590.1042330933 83226.1160900518 83384.9511298145 68.1904070475227 66430.125 40.5
542650 994.485814897358 -12319.9902030371 -11325.5043881398 83349.925557578 83610.7450580318 83563.10944039 82875.9221743124 396.29625206405 66430.125 40.5
542660 1004.53887209823 -12330.0626991055 -11325.5238270073 83473.7294223902 83628.3575636062 83803.5237277863 82989.3069757782 517.908054439543 66430.125 40.5
542670 1002.08865511085 -12328.0372749013 -11325.9486197905 83914.8906775073 83691.4617667119 84364.2568303021 83688.9534355078 701.314470548255 66430.125 40.5
542680 980.303210667111 -12306.9422921729 -11326.6390815058 84634.4525232094 83863.0172116676 85362.8717545749 84677.4686033857 787.618274080099 66430.125 40.5
542690 966.319670688855 -12293.5589514544 -11327.2392807655 84960.6466657929 83872.8739038363 86014.976689326 84994.0894042164 733.759014358284 66430.125 40.5
542700 972.902229920734 -12300.4606756849 -11327.5584457642 84885.0516414688 83879.098146085 86526.1281248413 84249.9286534801 334.997028059303 66430.125 40.5
542710 977.722497400333 -12305.37548924 -11327.6529918397 84540.0216146956 84001.5370335098 86335.5125651665 83283.0152454106 90.684130241432 66430.125 40.5
542720 980.819441946687 -12308.4780228663 -11327.6585809196 84322.4498201573 84192.8231195589 85638.0132794106 83136.5130615026 77.2512280681233 66430.125 40.5
542730 984.75941185757 -12312.4039611486 -11327.644549291 83969.5873886399 83484.7308254413 84878.5596877395 83545.4716527389 -210.087109390917 66430.125 40.5
542740 984.609802248176 -12312.2786838974 -11327.6688816492 83774.249275547 83111.8298076916 84185.5846217839 84025.3333971655 -339.241096296561 66430.125 40.5
542750 982.22375950459 -12309.9673273821 -11327.7435678775 84139.7010808932 83761.0874141927 83767.2573293988 84890.7584990883 -21.2098573027986 66430.125 40.5
542760 980.210337093108 -12308.0269613095 -11327.8166242164 84332.6051257224 84048.1461801844 83425.2589269496 85524.4102700332 776.048133760541 66430.125 40.5
542770 980.104685223963 -12307.9683684881 -11327.8636832642 84425.6098754754 84421.6177683157 83085.0000130308 85770.2118450795 1442.56786147844 66430.125 40.5
542780 976.96405026336 -12304.819796042 -11327.8557457786 84457.3443280987 85157.6766190108 82761.2991538109 85453.0572114742 1473.94010343927 66430.125 40.5
542790 976.628472506654 -12304.3736377905 -11327.7451652838 84621.9046861632 85626.1285157246 82773.6468708391 85465.9386719257 543.959007919522 66430.125 40.5
542800 986.512019846145 -12314.0578086899 -11327.5457888438 84481.8575188418 85155.7589259918 83008.8325814907 85280.981049043 -446.828669383507 66430.125 40.5
542810 999.572018076887 -12327.0122978605 -11327.4402797836 84221.9977441939 84437.7524335969 83314.3791783512 84913.8616206337 -1454.4304869125 66430.125 40.5
542820 998.945287874049 -12326.598530212 -11327.653242338 84107.7349037779 83815.3682159951 83602.1174154014 84905.7190799372 -2158.09868155885 66430.125 40.5
542830 983.128606389545 -12311.3188990445 -11328.190292655 84345.2269089937 83735.500641262 84010.4026347927 85289.7774509265 -2215.07343815642 66430.125 40.5
542840 969.569922179207 -12298.3683906795 -11328.7984685003 84844.0046740295 84430.3055250705 84557.8851128223 85543.8233841958 -1751.43460121674 66430.125 40.5
542850 967.164500723566 -12296.3946347323 -11329.2301340088 84821.0349146414 84413.3452329112 85054.0803731862 84995.6791378266 -994.490305471394 66430.125 40.5
542860 970.762140637609 -12300.1570561769 -11329.3949155392 84444.1961121066 83954.6158529601 85265.0678919058 84112.9045914537 -582.42701724315 66430.125 40.5
542870 979.648195492926 -12309.007370876 -11329.3591753831 84139.7185392876 83978.3904937798 85104.103775504 83336.6613485791 -436.621621296604 66430.125 40.5
542880 985.810929336709 -12315.0682112031 -11329.2572818664 84118.7803870899 84468.0932655921 84655.8666718295 83232.381223848 -159.368958763046 66430.125 40.5
542890 984.800428725473 -12313.9900431356 -11329.1896144101 84029.1123653834 84592.5460521512 84159.456770981 83335.3342730181 393.949473040945 66430.125 40.5
542900 987.373628084791 -12316.5631105948 -11329.18948251 83829.4104489705 84071.8792824689 84354.7841279746 83061.5679364681 835.436344058285 66430.125 40.5
542910 990.634249357756 -12319.94916591 -11329.3149165522 83835.5318065254 83353.906254734 85268.8536861208 82883.8354787213 1193.19722188547 66430.125 40.5
542920 981.028485564429 -12310.6229271745 -11329.5944416101 83810.2834296328 82243.3959498476 86055.0259944813 83132.4283445694 1378.18298857263 66430.125 40.5
542930 973.935089885297 -12303.8373573685 -11329.9022674832 83849.1891847031 81560.21869561 86094.0340115595 83893.3148469398 1417.09606850941 66430.125 40.5
542940 984.919669987194 -12315.0765036486 -11330.1568336614 83733.3152177137 81560.8422058437 85234.4082166005 84404.6952306968 1131.05719793387 66430.125 40.5
542950 993.681248209841 -12324.1793744881 -11330.4981262783 83791.4248887425 81790.3959337137 84815.275164948 84768.6035675656 366.587941189266 66430.125 40.5
542960 985.911170215125 -12317.0178841951 -11331.10671398 84164.4233879132 82353.9482152 84935.6635428005 85203.6584057391 -74.2594193372703 66430.125 40.5
542970 968.12278328244 -12299.9704581237 -11331.8476748412 84796.1834987277 83472.5238638827 85123.7745353983 85792.2520969021 -87.6086903354232 66430.125 40.5
542980 966.822967519363 -12299.2805323769 -11332.4575648576 84717.3390741844 83465.7339022992 84467.1997042989 86219.0836159552 -468.460663120965 66430.125 40.5
542990 981.502890957615 -12314.3839401366 -11332.881049179 84350.3262892632 83101.3962107796 83522.1084005307 86427.4742564793 -995.294648347089 66430.125 40.5
543000 989.020896121368 -12322.3436875085 -11333.3227913871 84049.6862073127 82819.2101530667 83303.0153710336 86026.833097838 -1274.89893617749 66430.125 40.5
543010 979.779781369116 -12313.6996065849 -11333.9198252158 84007.1588492445 82760.0308144389 83953.1094826382 85308.3362506565 -957.764165274183 66430.125 40.5
543020 966.373092295387 -12300.8918081238 -11334.5187158284 84029.7984508836 82375.7887620135 84602.3365820005 85111.2700086369 -331.09288298272 66430.125 40.5
543030 968.942682601096 -12303.8510016205 -11334.9083190194 83718.607677261 81559.9302714595 84757.7894607945 84838.1032995289 393.350603574233 66430.125 40.5
543040 981.412676236598 -12316.5059334864 -11335.0932572498 83284.5066871679 80856.8725954678 84216.2461286521 84780.4013373838 545.040007643254 66430.125 40.5
543050 983.789357154689 -12319.0349708061 -11335.2456136514 83311.6480309455 80685.4494863368 83943.9201914237 85305.5744150759 -344.500735064201 66430.125 40.5
543060 975.564296610631 -12310.977898727 -11335.4136021163 83356.4987995333 81287.4909107973 83420.0168735713 85361.9886142312 -1329.51717758745 66430.125 40.5
543070 974.70656299951 -12310.1934451881 -11335.4868821886 83182.367189836 81813.2433880224 83306.3327022905 84427.525479195 -1449.33658581729 66430.125 40.5
543080 985.597262173651 -12321.0468439824 -11335.4495818087 83335.7108269517 82365.2974651846 83853.4195091536 83788.4155065169 -544.337140848937 66430.125 40.5
543090 993.432373200448 -12328.900320039 -11335.4679468386 83286.3693099577 82045.3252995493 84194.4737773145 83619.3088530094 322.713637962528 66430.125 40.5
543100 987.380729989546 -12323.06864858 -11335.6879185905 83619.540509344 82220.1183127847 84680.0902481633 83958.412967084 745.381899502369 66430.125 40.5
543110 973.155308449343 -12309.1716474296 -11336.0163389803 84119.9438060472 82892.6464728935 85293.7255494413 84173.4593958067 884.495838746788 66430.125 40.5
543120 965.187053688797 -12301.3908580278 -11336.203804339 84636.8260828691 83732.9142577182 86084.1391978554 84093.4247930337 671.848894640219 66430.125 40.5
543130 969.988179696459 -12306.0840362385 -11336.095856542 84916.3163278898 84579.2016450943 86501.0273350285 83668.7200035465 735.495907820039 66430.125 40.5
543140 976.25698877883 -12311.986860586 -11335.7298718072 84874.3779572787 84824.8516088374 86410.4566958425 83387.8255671563 1031.81188768287 66430.125 40.5
543150 969.874068486371 -12305.0401890574 -11335.166120571 84914.4221519656 84900.3275545966 86001.8060517063 83841.1328495938 1168.91262599774 66430.125 40.5
543160 962.025371950276 -12296.3264951313 -11334.3011231811 84809.794661319 84914.0765357893 85542.2471153055 83973.0603328624 708.560339403243 66430.125 40.5
543170 969.972518816803 -12302.985958117 -11333.0134393002 84605.4263319656 84669.2844205376 85562.7743972454 83584.2201781139 196.443413865529 66430.125 40.5
543180 978.288278559449 -12309.6415064778 -11331.3532279184 84278.9432406162 84327.6435766954 85361.575799201 83147.6103459523 513.155513273898 66430.125 40.5
543190 973.862625677566 -12303.3080897926 -11329.4454641151 84295.5390275004 83917.7621417714 85461.1068293976 83507.7481113322 826.339678336585 66430.125 40.5
543200 970.402377310853 -12297.6678436162 -11327.2654663054 84443.1617372521 83242.1705146598 86029.6316143285 84057.683082768 1134.0070568759 66430.125 40.5
543210 976.424441269364 -12301.1903784413 -11324.7659371719 84441.3627158141 83125.6189368767 85916.106480014 84282.3627305516 1213.79052664534 66430.125 40.5
543220 979.65582429589 -12301.6797610213 -11322.0239367254 84621.9695900466 84014.1963472824 85478.9282811712 84372.7841416861 731.502573029888 66430.125 40.5
543230 977.034807717729 -12296.1883204789 -11319.1535127612 85095.4429026486 85230.2851759959 85428.2274858983 84627.8160460516 484.796909623821 66430.125 40.5
543240 976.080922938131 -12292.2612805606 -11316.1803576225 85218.6653166364 85396.0281631501 85327.731458944 84932.2363278149 501.142995275407 66430.125 40.5
543250 978.812084100033 -12291.9538949477 -11313.1418108477 85518.5844868783 85463.6256320835 85439.7071850549 85652.4206434964 671.467662178925 66430.125 40.5
543260 975.712458456907 -12285.81397636 -11310.1015179031 85945.7460669791 85957.9264632943 85307.7360491226 86571.5756885204 802.093437472209 66430.125 40.5
543270 970.505233743006 -12277.5987138156 -11307.0934800726 86372.6253300554 86597.2578303555 85628.6170149897 86892.0011448209 546.236868644819 66430.125 40.5
543280 965.289975969608 -12269.3599658255 -11304.0699898559 86717.2394367284 87063.5260327105 86709.6445043586 86378.5477731163 349.13609105308 66430.125 40.5
543290 959.216298816294 -12260.1845439714 -11300.9682451551 86618.5619890835 86293.1984032267 87883.2568044136 85679.2307596103 422.816682330951 66430.125 40.5
543300 964.749240997377 -12262.5272978163 -11297.778056819 86867.0326285638 85636.2229379143 88850.2314515798 86114.6434961972 751.407723977428 66430.125 40.5
543310 978.804468062556 -12273.4252431662 -11294.6207751036 86827.7042456136 85106.7521892024 88783.652261431 86592.7082862075 1131.54167273364 66430.125 40.5
543320 987.267367895274 -12279.0217263628 -11291.7543584675 86493.090666341 85031.9025347979 88412.2428249543 86035.1266392708 1624.36850905609 66430.125 40.5
543330 993.516606333534 -12282.8902581603 -11289.3736518268 86504.1642702606 85683.0454712402 88329.0498036394 85500.3975359023 2139.98197681913 66430.125 40.5
543340 996.322951106503 -12283.845630052 -11287.5226789455 86322.2745661368 85988.4435467459 88223.6494696663 84754.7306819983 2348.65838428917 66430.125 40.5
543350 992.77167872906 -12278.9418921002 -11286.1702133712 86353.9607980946 86522.237624049 87977.4667910507 84562.1779791842 1989.80922621859 66430.125 40.5
543360 986.280375825534 -12271.4569911912 -11285.1766153657 86562.817590294 87058.9870271883 87693.7181988702 84935.7475448235 1356.15424936301 66430.125 40.5
543370 988.204253942272 -12272.5886186723 -11284.38436473 86564.8077157056 87113.3782156822 87378.8912398872 85202.1536915475 368.956809702948 66430.125 40.5
543380 1001.45755910514 -12285.2829097669 -11283.8253506618 86537.9345518282 86353.8944311394 87452.59429162 85807.3149327252 -245.313383157153 66430.125 40.5
543390 1001.14562897253 -12284.7865005311 -11283.6408715585 86577.4246743937 85388.1973384167 87629.1843474824 86714.8923372819 -102.819311637658 66430.125 40.5
543400 987.134347851851 -12270.9284513874 -11283.7941035356 86651.702605026 85002.2695284413 87336.0127618593 87616.8255247775 688.088738421876 66430.125 40.5
543410 988.042847996458 -12272.135683453 -11284.0928354566 87061.663474165 85231.0492296504 86981.8333991985 88972.1077936459 1481.09338068135 66430.125 40.5
543420 996.588447210298 -12281.1157592508 -11284.5273120405 87154.1131897967 84927.2477524179 86654.19145354 89880.9003634321 1534.33008123191 66430.125 40.5
543430 987.765974626225 -12272.9521642726 -11285.1861896464 87371.1567696179 84983.3392656754 86604.5994101285 90525.5316330497 644.450637699343 66430.125 40.5
543440 967.235447838141 -12253.1293425116 -11285.8938946735 87713.2029906727 85421.7338645685 86868.9673651193 90848.9077423305 -212.54413731663 66430.125 40.5
543450 961.108599115886 -12247.4547017105 -11286.3461025947 87857.855895934 85953.4590784402 87237.0662915567 90383.0423178052 -239.352210894543 66430.125 40.5
543460 968.731765724119 -12255.1429564173 -11286.4111906932 87607.2794818965 86211.2738075071 87459.1030285426 89151.46160964 104.477287809655 66430.125 40.5
543470 979.992056533135 -12266.2050856667 -11286.2130291336 87388.4000138586 86507.5399645905 87657.9590974057 87999.7009795796 579.677971644755 66430.125 40.5
543480 985.601409363662 -12271.5606235704 -11285.9592142068 87290.1023345179 87115.2607630749 87510.6454737691 87244.4007667099 591.669665973546 66430.125 40.5
543490 977.765476960549 -12263.4919438084 -11285.7264668479 87366.9047333682 87843.5691361951 87194.8519658012 87062.2930981084 240.234171871628 66430.125 40.5
543500 970.079502692909 -12255.4750055194 -11285.3955028264 87508.2574018025 88029.9367912899 87101.87210205 87392.9633120677 -200.96294792454 66430.125 40.5
543510 978.105172106603 -12262.9562472963 -11284.8510751897 87348.7676639846 88071.6331587595 86571.0300841826 87403.6397490116 -256.986419460745 66430.125 40.5
543520 991.57919123462 -12275.7765368654 -11284.1973456307 87102.2858920182 88294.9879374342 85845.5970386613 87166.2726999591 299.861033709496 66430.125 40.5
543530 992.115504106834 -12275.748055227 -11283.6325511201 87112.9517218123 87988.4622050798 85877.3754555935 87473.0175047636 746.557867281509 66430.125 40.5
543540 987.76585362019 -12270.995916357 -11283.2300627368 87043.4102694901 87593.7775824108 86051.1234923939 87485.3297336658 617.951863096263 66430.125 40.5
543550 983.994150747587 -12266.9088254346 -11282.914674687 87545.1041513581 88101.2645427978 87213.0482615513 87320.9996497251 118.676712384209 66430.125 40.5
543560 979.228423510973 -12261.8272101163 -11282.5987866054 87915.0601567111 88647.6654686851 88594.8017296746 86502.7132717737 -357.444841159434 66430.125 40.5
543570 976.116574849134 -12258.2928699363 -11282.1762950872 87906.1122616476 88564.4268392106 89299.6630047365 85854.2469409956 -494.650491080747 66430.125 40.5
543580 982.402409071716 -12263.9929643132 -11281.5905552415 87509.6602748073 87875.8942164081 88934.8976613148 85718.188946699 -254.63770134957 66430.125 40.5
543590 992.697523740962 -12273.609542 -11280.912018259 87062.9269721438 86968.1197440329 88623.4383829407 85597.2227894578 249.141426746656 66430.125 40.5
543600 997.853268069567 -12278.1745473791 -11280.3212793095 87080.2308321521 86685.9294419414 88634.8573543762 85919.9057001388 305.49493504287 66430.125 40.5
543610 996.12165246895 -12276.0682059859 -11279.946553517 86818.8721843992 86524.2547851889 87784.439534835 86147.9222331738 1.45448396191936 66430.125 40.5
543620 992.079123753467 -12271.8852458564 -11279.806122103 86636.3316248225 86295.125811098 87381.9625004902 86231.9065628795 -292.66830554275 66430.125 40.5
543630 992.466345274304 -12272.3420136626 -11279.8756683883 86643.765733038 85936.2850907735 87739.7534382709 86255.2586700696 -345.753608071383 66430.125 40.5
543640 996.03060855049 -12276.2303645192 -11280.1997559687 86752.6582232457 85642.1883341043 88215.1852833935 86400.6010522393 73.7982141106727 66430.125 40.5
543650 994.553016422619 -12275.4300199224 -11280.8770034998 87026.922504069 85355.1048190692 88405.3486961975 87320.3139969403 603.868638165274 66430.125 40.5
543660 983.805514401826 -12265.7162211026 -11281.9107067007 87645.2174336168 85712.2831996517 88359.3825941315 88863.9865070671 1128.74809330488 66430.125 40.5
543670 971.393567068897 -12254.5298641261 -11283.1362970573 88020.9908318267 85788.0480722149 88547.898164363 89727.0262589021 1558.95042790293 66430.125 40.5
543680 963.182912239083 -12247.4864126638 -11284.3035004248 88062.9644882464 85471.6456841841 89076.8738983331 89640.373882222 1555.01352227199 66430.125 40.5
543690 961.600993489797 -12246.848472432 -11285.2474789422 88375.5042975415 86305.4335247296 89456.914881576 89364.1644863188 1025.71511557011 66430.125 40.5
543700 958.925555646753 -12244.7875228246 -11285.8619671778 88675.1217414494 88282.9145606038 88779.5963958596 88962.8542678847 545.931487815809 66430.125 40.5
543710 957.698534332718 -12243.7659302795 -11286.0673959468 88614.9187325804 89691.0537871472 88218.780396652 87934.9220139419 524.267362727936 66430.125 40.5
543720 960.874067109594 -12246.6847324437 -11285.8106653341 88451.1127597516 89649.9824494781 88284.0140258532 87419.3418039236 664.290214451505 66430.125 40.5
543730 963.81915658536 -12248.8944008197 -11285.0752442343 88571.5376796553 89347.550507823 88826.7709686164 87540.2915625266 745.661964565232 66430.125 40.5
543740 972.784018069168 -12256.697359529 -11283.9133414599 88352.407727179 89143.0310016158 88632.7013322371 87281.4908476842 568.50550847727 66430.125 40.5
543750 983.168085134111 -12265.6216995396 -11282.4536144055 87785.3370864366 88871.0353985513 87860.5145701498 86624.4612906086 -45.179298878895 66430.125 40.5
543760 983.467225687245 -12264.3299010831 -11280.8626753959 87698.5140110621 89012.492859377 87470.2835099634 86612.7656638461 -936.101045256823 66430.125 40.5
543770 977.633760840884 -12256.8156837636 -11279.1819229227 87930.4121977547 89385.1895236856 87691.2472160524 86714.799853526 -1298.92899476689 66430.125 40.5
543780 976.782018913255 -12254.1193578162 -11277.3373389029 87971.2503199674 89392.7042192704 87704.5852588084 86816.4614818235 -1229.14701359985 66430.125 40.5
543790 980.309084771767 -12255.6005167028 -11275.291431931 87690.2954571665 88608.2599122148 87897.996736381 86564.6297229037 -705.373801746759 66430.125 40.5
543800 985.409082060491 -12258.5169658981 -11273.1078838376 87275.5470068556 87985.2079337113 87874.2375775088 85967.1955093468 -362.86614690776 66430.125 40.5
543810 992.323171232605 -12263.2433169124 -11270.9201456797 87052.9679704371 87790.0307284087 87913.8523944455 85455.0207884571 -130.34217963565 66430.125 40.5
543820 991.213478414184 -12260.066729525 -11268.8532511108 87364.551720201 87740.5952304642 88270.0965660451 86082.9633640935 54.6821920391503 66430.125 40.5
543830 981.655290960951 -12248.5698794421 -11266.9145884812 87894.4034608922 87450.7575487916 88966.3626436064 87266.0901902784 -97.6107971325318 66430.125 40.5
543840 977.402483732088 -12242.3713291782 -11264.9688454461 88428.668795977 87427.7966551489 89736.3849815787 88121.8247512034 -203.82829086094 66430.125 40.5
543850 983.328208075067 -12246.2515295015 -11262.9233214265 88602.1436432849 87569.8408953437 90095.3921084363 88141.1979260746 11.1438502432925 66430.125 40.5
543860 992.168402250978 -12253.0404900755 -11260.8720878245 88308.1956971537 87616.0738634159 89723.2574035472 87585.2558244979 538.047854987438 66430.125 40.5
543870 991.951232491843 -12250.9306297242 -11258.9793972323 88320.995006178 88466.4992626641 89479.6798035049 87016.8059523649 1069.42950957455 66430.125 40.5
543880 979.645452767558 -12236.8915798878 -11257.2461271202 88755.9832138055 89111.838507164 89966.8390210306 87189.2721132219 1123.54640306585 66430.125 40.5
543890 973.368222510841 -12228.8613727498 -11255.493150239 88814.1709510724 88859.918240113 90062.3329906525 87520.2616224518 578.887339827798 66430.125 40.5
543900 978.881993647875 -12232.4734516234 -11253.5914579756 88983.5312661072 88545.9341657154 90075.4421381476 88329.2174944587 301.556869707971 66430.125 40.5
543910 982.490876460487 -12234.0775746991 -11251.5866982386 89297.0005217265 88582.324531403 90325.0471669723 88983.6298668041 478.685430000871 66430.125 40.5
543920 983.329146288407 -12232.9070854002 -11249.5779391118 89637.6387682815 88865.9783734363 90785.8886262108 89261.0493051973 919.149859535759 66430.125 40.5
543930 982.934854701609 -12230.5287678079 -11247.5939131063 89976.5276107005 89283.279391783 91361.3522153994 89284.9512249192 1020.66633767226 66430.125 40.5
543940 981.011176089281 -12226.6328613315 -11245.6216852423 90211.6648851863 89796.8910719032 91742.1409298127 89095.9626538431 857.793418171031 66430.125 40.5
543950 985.041658304501 -12228.697707236 -11243.6560489315 89989.9500179671 89866.5296556467 91702.1270277014 88401.1933705533 1187.89800618232 66430.125 40.5
543960 991.770590001342 -12233.5240786393 -11241.7534886379 89627.8434040265 89610.5201707784 91508.544865541 87764.46517576 1380.25718083262 66430.125 40.5
543970 996.883325160242 -12236.9319147599 -11240.0485895997 89276.9304920162 88701.7545071355 91587.238715091 87541.798253822 1077.60228751146 66430.125 40.5
543980 996.076918421158 -12234.7162304404 -11238.6393120192 89636.5163060653 88189.4334952538 92284.6932356537 88435.4221872885 424.288113662684 66430.125 40.5
543990 987.222807688241 -12224.7195482906 -11237.4967406023 90174.4293680566 88557.6133744379 92600.2241693034 89365.4505604285 209.854980189538 66430.125 40.5
544000 980.246266665683 -12216.7281592176 -11236.4818925519 90528.8320422633 89390.3032519174 92455.2277094041 89740.9651654685 270.548198615259 66430.125 40.5
544010 974.234526233864 -12209.6594071506 -11235.4248809168 90598.9164285645 90222.6302907833 91682.2077019415 89891.9112929686 344.124352868246 66430.125 40.5
544020 969.771418040171 -12203.9612764164 -11234.1898583762 90304.4578852455 90699.6189086059 90000.5116589522 90213.2430881784 534.62837639773 66430.125 40.5
544030 975.747962187174 -12208.4585650613 -11232.7106028741 90154.5957653317 90769.1267363018 88722.6133885363 90972.0471711568 729.142535545352 66430.125 40.5
544040 985.86818702583 -12216.9193185111 -11231.0511314852 90454.8445266297 91071.2413489326 88791.2769335879 91502.0152973685 1402.17995948205 66430.125 40.5
544050 990.507308094954 -12219.8782082385 -11229.3709001435 90717.366886149 91385.1948462921 89847.407219283 90919.498592872 1979.96129480825 66430.125 40.5
544060 992.973233388068 -12220.7614335649 -11227.7882001768 90407.3547287933 91026.5890270168 90559.6960146965 89635.7791446667 2334.37689023052 66430.125 40.5
544070 991.879864106245 -12218.2250944648 -11226.3452303585 90124.6450995893 90445.1928465219 90625.3499485228 89303.3925037233 2354.02294429295 66430.125 40.5
544080 982.221820474069 -12207.2067060878 -11224.9848856138 89953.2562646439 89818.2300834457 90542.9178205449 89498.620889941 2089.18936597629 66430.125 40.5
544090 976.675785145197 -12200.2269952855 -11223.5512101403 90313.3577960093 90415.4315194556 90625.3707165982 89899.2711519741 1561.55204623764 66430.125 40.5
544100 977.586026240775 -12199.4625930456 -11221.8765668048 90712.0833913177 90957.2090099134 90768.84620575 90410.1949582895 909.840153526263 66430.125 40.5
544110 983.022406676233 -12202.927222538 -11219.9048158618 91050.7879841621 91269.8902956719 90631.6400269461 91250.8336298685 359.276523533319 66430.125 40.5
544120 990.830528220892 -12208.5034090904 -11217.6728808695 91141.0047928018 91807.7054680308 90407.1026948171 91208.2062155576 -192.902026075343 66430.125 40.5
544130 994.696192243221 -12209.9430120064 -11215.2468197632 90766.6859925239 91868.248078214 90104.6387884566 90327.1711109011 184.598240592295 66430.125 40.5
544140 996.749331675349 -12209.4276982185 -11212.6783665432 90585.6496932244 91785.9819693966 89676.429688544 90294.5374217326 1132.64861584259 66430.125 40.5
544150 998.712554252179 -12208.6745322621 -11209.9619780099 90616.4659990871 91294.8524742681 89437.6203962943 91116.9251266989 1398.85490173925 66430.125 40.5
544160 1000.62070280399 -12207.7155415724 -11207.0948387684 90847.7944454802 90789.3232540687 89372.4279559702 92381.6321264017 1423.02561860339 66430.125 40.5
544170 1004.48464619102 -12208.5785632344 -11204.0939170434 91451.9189925327 91253.8817752615 89618.053193566 93483.8220087705 1489.04381572399 66430.125 40.5
544180 1011.15312192487 -12212.1948487806 -11201.0417268557 91959.7890711581 92075.6738987955 89808.1684453797 93995.524869299 1219.27252667772 66430.125 40.5
544190 1010.42824214079 -12208.5033405919 -11198.0750984511 91989.6561009773 92301.3908628735 89778.4940983001 93889.0833417582 634.381946157196 66430.125 40.5
544200 1002.90554674626 -12198.1752524318 -11195.2697056856 92231.128215634 92123.5518322729 90632.2694162821 93937.563398347 277.169292944481 66430.125 40.5
544210 991.299870574377 -12183.8314700466 -11192.5315994722 92743.6601225697 92122.9626494446 92307.6458376184 93800.3718806461 601.784209597499 66430.125 40.5
544220 979.937939787483 -12169.6005564235 -11189.662616636 93317.2627074304 92710.8330704109 93948.552817082 93292.4022347984 611.935370667554 66430.125 40.5
544230 975.877666134453 -12162.3336312326 -11186.4559650982 93637.7144670149 93804.8529456041 94093.062611097 93015.2278443436 253.909279930845 66430.125 40.5
544240 982.699810307699 -12165.5452778473 -11182.8454675396 93450.4295484749 94544.5535085837 93214.3151313937 92592.4200054474 6.97381398309797 66430.125 40.5
544250 994.060066191316 -12173.0591131694 -11178.999046978 93397.022286108 94427.3676795151 92964.8884865508 92798.8106922579 -525.507960721343 66430.125 40.5
544260 998.816641366046 -12174.0706717436 -11175.2540303775 93452.5771960029 93841.0988413649 93192.1669143129 93324.4658323307 -1456.34656974706 66430.125 40.5
544270 995.269315795174 -12167.1128989246 -11171.8435831294 93743.0793395017 93527.4399656236 93659.3970980551 94042.4009548264 -2048.33722769874 66430.125 40.5
544280 994.40395039259 -12163.2429372651 -11168.8389868725 94211.9053547722 94325.5714140041 94196.8606870591 94113.2839632533 -2061.55291128588 66430.125 40.5
544290 992.195150035341 -12158.4143249673 -11166.219174932 94691.7869627448 95736.6288102709 94727.0768635509 93611.6552144125 -1325.87006666733 66430.125 40.5
544300 989.959059419912 -12153.9358151232 -11163.9767557033 94523.7605335586 95868.7283872875 95179.3206749275 92523.2325384608 -411.748801219047 66430.125 40.5
544310 984.716010452184 -12146.7646577289 -11162.0486472767 94503.0551396971 95254.6880439307 96002.1313919851 92252.3459831756 112.343793513621 66430.125 40.5
544320 977.186531678381 -12137.5176478458 -11160.3311161674 94666.5678268079 94701.1121825301 96138.8501035047 93159.7411943889 414.122606431784 66430.125 40.5
544330 969.325257370396 -12127.9961180718 -11158.6708607014 94737.5056642572 94065.9931527727 95837.0072499845 94309.5165900146 701.508064908185 66430.125 40.5
544340 966.934608718266 -12123.8547562384 -11156.9201475201 94738.821077663 94052.7530752995 95690.4005288083 94473.3096288813 750.356740848692 66430.125 40.5
544350 979.827804473662 -12134.9214268238 -11155.0936223501 94681.1440523578 94427.5811492377 95613.1315060365 94002.719501799 832.724463128631 66430.125 40.5
544360 989.12447396346 -12142.4874486658 -11153.3629747024 94792.2011010945 94941.8135009059 95422.0754977841 94012.7143045935 768.365657887471 66430.125 40.5
544370 986.886318653835 -12138.802145625 -11151.9158269712 94898.751812037 95291.1890019698 94991.9380784569 94413.1283556844 577.813125736892 66430.125 40.5
544380 979.095921981687 -12129.805685898 -11150.7097639163 95277.0120630327 95828.0200982721 94694.5681847669 95308.4479060589 507.480902297794 66430.125 40.5
544390 972.992973920234 -12122.5853693276 -11149.5923954073 95963.0783025985 96343.0026486456 94552.6609766987 96993.5712824511 507.045710134128 66430.125 40.5
544400 970.560198661374 -12118.9945055099 -11148.4343068486 96299.0319394303 96168.1096749854 94811.2682651936 97917.7178781119 273.378669478235 66430.125 40.5
544410 973.488500926037 -12120.6897375557 -11147.2012366296 96294.6308569784 95660.8587042204 95332.0378412934 97890.9960254212 -192.761380486565 66430.125 40.5
544420 978.201650849388 -12124.1423576152 -11145.9407067659 96488.4274813421 95790.1157026854 95872.7125877632 97802.4541535777 -801.067668585239 66430.125 40.5
544430 982.429669546935 -12127.1653938445 -11144.7357242975 96699.8479423253 96126.377315421 96313.0565928742 97660.1099186807 -878.318502297414 66430.125 40.5
544440 985.438734689239 -12129.1109858273 -11143.672251138 96705.4737312436 96530.1273644078 96578.3727087268 97007.9211205964 -642.948227319279 66430.125 40.5
544450 980.835552244579 -12123.596684654 -11142.7611324094 96786.2619449031 97057.972878022 96369.4663850579 96931.3465716295 -1068.69673779141 66430.125 40.5
544460 977.13482741825 -12119.0608557974 -11141.9260283792 96463.8777120566 97078.916571521 95145.6276362122 97167.0889284367 -1486.51419151474 66430.125 40.5
544470 984.110388642881 -12125.216363709 -11141.1059750661 95981.1500796542 97099.4065349871 94208.7699221818 96635.2737817937 -1370.26919822178 66430.125 40.5
544480 996.241405774007 -12136.6662859863 -11140.4248802123 95870.8147549774 97095.2139810949 94314.0094106575 96203.2208731799 -676.046170719674 66430.125 40.5
544490 990.588262424544 -12130.6145678232 -11140.0263053986 96084.0926121666 96776.0289784133 95145.9413350126 96330.307523074 107.673417112051 66430.125 40.5
544500 972.497402287692 -12112.2817945254 -11139.7843922377 96214.9036389127 96384.8377875148 95740.2921181354 96519.5810110881 144.158218799808 66430.125 40.5
544510 970.091840899846 -12109.5255847703 -11139.4337438704 96751.7594402569 96823.2853693263 96382.5784107645 97049.41454068 -175.4340044762 66430.125 40.5
544520 978.419452916654 -12117.3291538491 -11138.9097009324 97195.9519790873 97100.0750077371 97075.1177741841 97412.6631553407 -459.543041735955 66430.125 40.5
544530 976.235941810134 -12114.5432567519 -11138.3073149418 97145.8135703406 96665.325230728 97432.5480951899 97339.5673851038 -669.70536071721 66430.125 40.5
544540 970.367738296476 -12107.9844508292 -11137.6167125328 97110.5369053378 96993.9667423553 97175.5585642391 97162.085409419 -1026.27600617464 66430.125 40.5
544550 975.093389236626 -12111.8827693641 -11136.7893801275 97336.0991955901 97853.2397239875 97165.26417544 96989.7936873429 -1484.9695166 66430.125 40.5
544560 974.947601951442 -12110.7893964404 -11135.841794489 97340.2328117053 97622.6360726444 97603.2734381993 96794.788924272 -1469.41314140025 66430.125 40.5
544570 967.336896835733 -12102.1177136457 -11134.78081681 97614.5974223476 97768.6704396692 98072.8753009705 97002.2465264031 -1448.98561668902 66430.125 40.5
544580 966.674359771565 -12100.1951958052 -11133.5208360336 97853.1073488741 97882.2727756585 98172.208185023 97504.8410859407 -1208.46025932692 66430.125 40.5
544590 968.886319552827 -12100.9130006048 -11132.026681052 97929.8197557717 97733.2967935561 98453.6285241759 97602.533949583 -826.622219273425 66430.125 40.5
544600 967.559112624792 -12097.889022273 -11130.3299096482 97835.5351821612 97611.5593727105 98457.8092998913 97437.2368738817 -426.471452800036 66430.125 40.5
544610 968.933116916061 -12097.386712156 -11128.4535952399 97719.144551023 97233.9357875414 98403.953056191 97519.5448093367 -284.840787713881 66430.125 40.5
544620 973.090764218666 -12099.5219312614 -11126.4311670427 98014.3613113838 96945.0930225051 98984.6087395541 98113.3821720922 -169.096958891281 66430.125 40.5
544630 978.128647003483 -12102.4998245187 -11124.3711775152 98264.2671082874 96821.3894963615 99123.7746946999 98847.6371338007 -251.596075067695 66430.125 40.5
544640 979.210738379642 -12101.5846734182 -11122.3739350385 98440.586303088 96809.3411538909 98805.1401197276 99707.2776356456 -627.622932681887 66430.125 40.5
544650 980.670217550341 -12101.1744788768 -11120.5042613264 98431.2514900039 96849.7888892218 98557.6110627223 99886.3545180676 -629.531211289194 66430.125 40.5
544660 985.061052724513 -12103.8610540298 -11118.8000013053 98050.0689136881 96608.2130966528 98561.9855527305 98980.0080916808 -284.420242763663 66430.125 40.5
544670 985.848887204047 -12103.1921692805 -11117.3432820764 97713.0930852997 96371.8591773188 98576.5553733501 98190.8647052303 141.740051423734 66430.125 40.5
544680 971.109283262829 -12087.1950022825 -11116.0857190197 97805.3613489081 96795.4867299769 98597.9921570696 98022.605159678 363.217267712153 66430.125 40.5
544690 959.224869438998 -12074.0406824549 -11114.8158130159 98120.8855078491 97605.7728324107 98478.8209288089 98278.0627623275 140.430303129709 66430.125 40.5
544700 963.853651037295 -12077.2084686478 -11113.3548176105 98781.9576416072 98749.3301768176 98945.3351978099 98651.2075501939 -172.253996435586 66430.125 40.5
544710 969.441210604532 -12081.2083688258 -11111.7671582212 99609.0042691731 100165.395237997 99393.8163899647 99267.8011795572 -201.04159687939 66430.125 40.5
544720 964.172317855509 -12074.3279303171 -11110.1556124615 99997.5038083682 100855.993322573 99127.8551653187 100008.662937213 45.7331123608642 66430.125 40.5
544730 962.645071825974 -12071.1388432402 -11108.4937714142 99950.0643576807 101192.193920471 98532.2925657793 100125.706586792 492.059908054441 66430.125 40.5
544740 969.39973855518 -12076.1817438298 -11106.7820052746 99789.0427006672 101335.568747672 98400.3916923537 99631.1676619763 543.820663630785 66430.125 40.5
544750 968.815065246215 -12073.9032844909 -11105.0882192447 99673.0625568583 101193.692216384 98331.0744387707 99494.4210154207 319.65117508885 66430.125 40.5
544760 961.546245792178 -12064.958600303 -11103.4123545108 99651.1519183786 100715.090749543 98394.5252066028 99843.8397989903 309.571557507069 66430.125 40.5
544770 960.162647975289 -12061.8156905387 -11101.6530425634 99717.0217407319 100516.874179109 98578.7835729556 100055.407470132 518.806364189645 66430.125 40.5
544780 964.898313564491 -12064.6619126741 -11099.7635991096 99987.5353041997 100724.033572085 99207.069044975 100031.503295539 470.909269362059 66430.125 40.5
544790 971.440513049203 -12069.2642500917 -11097.8237370425 100227.342914272 100357.674960316 100078.222806479 100246.130976021 509.301991982644 66430.125 40.5
544800 969.279964414468 -12065.2050670866 -11095.9251026721 100753.519779011 99944.3851000542 101178.82028367 101137.353953308 791.595772443455 66430.125 40.5
544810 954.014401019056 -12048.0084187836 -11093.9940177645 100997.675995631 99789.0366417742 101589.734094723 101614.257250395 894.218527291631 66430.125 40.5
544820 943.606680638074 -12035.4185216372 -11091.8118409992 101077.013834712 100272.461380125 101524.605015621 101433.975108389 593.82262738065 66430.125 40.5
544830 944.939734537628 -12034.1416785759 -11089.2019440383 101383.958901056 101188.242516693 101635.113950012 101328.520236463 314.660390000265 66430.125 40.5
544840 952.132789886466 -12038.3258889146 -11086.1930990281 101157.788408133 101459.066296464 101135.010562279 100879.288365655 -59.6942850330146 66430.125 40.5
544850 962.921203487091 -12045.8811803128 -11082.9599768257 100858.38366401 101516.210458439 100402.460978762 100656.479554828 -619.547372026653 66430.125 40.5
544860 977.261680374246 -12057.0095357382 -11079.747855364 100969.449168231 101779.826626135 100424.249577937 100704.27130062 -1010.20167173645 66430.125 40.5
544870 986.766945845559 -12063.5892668625 -11076.8223210169 101038.588126898 102092.316824592 100469.837961583 100553.609594518 -1076.83570707907 66430.125 40.5
544880 980.323174648605 -12054.6295728849 -11074.3063982363 101215.961632582 102739.950072646 100066.592148019 100841.342677082 -424.423613156195 66430.125 40.5
544890 966.918952194906 -12038.9905449614 -11072.0715927665 101518.893372985 103565.944837986 99985.1371900392 101005.598090929 95.9812245797593 66430.125 40.5
544900 958.632885069424 -12028.4660008482 -11069.8331157788 101650.214157183 103843.212310011 100432.735345213 100674.694816324 533.06512096805 66430.125 40.5
544910 959.67179981301 -12027.0841684393 -11067.4123686263 101782.289532545 103833.875328961 101504.758026542 100008.235242132 448.942108705757 66430.125 40.5
544920 964.087866268688 -12028.8928627645 -11064.8049964958 102159.621939021 103655.453042412 103090.831937576 99732.5808370745 -294.157362648653 66430.125 40.5
544930 962.336749247866 -12024.4111483948 -11062.0743991469 102455.15246941 103641.160067394 103864.951811301 99859.3455295361 -846.40733519722 66430.125 40.5
544940 959.150961914911 -12018.3757424466 -11059.2247805317 102863.525645137 104107.09390541 103611.097704632 100872.385325368 -1143.35668932917 66430.125 40.5
544950 963.540702822108 -12019.7829451083 -11056.2422422862 103123.136509392 104393.83208755 103326.273432122 101649.304008503 -1315.95216644833 66430.125 40.5
544960 968.529728705738 -12021.7114165535 -11053.1816878478 102899.914690819 103717.44574524 103280.203908243 101702.094418975 -1445.56246533584 66430.125 40.5
544970 970.155302989394 -12020.3133358475 -11050.1580328582 102480.1650291 103387.281816952 102386.752114336 101666.461156012 -1170.17478867106 66430.125 40.5
544980 972.334508844817 -12019.554460699 -11047.2199518542 102395.114223743 104074.797603139 101491.32630317 101619.218764919 -427.452485795474 66430.125 40.5
544990 975.282868667289 -12019.6853348161 -11044.4024661489 102142.730338548 104227.072844433 100929.842177746 101271.275993467 -218.721969046003 66430.125 40.5
545000 975.536056419883 -12017.2652129316 -11041.7291565117 102040.517992918 103655.465083038 101193.483823536 101272.605072181 -47.614906815828 66430.125 40.5
