# Fix print output for fix setl_out
481000 876.376863182082 -12516.6102097279 -11640.2333465458 69943.9346070957 68827.9277269926 70761.9630791039 70241.9130151905 -673.027364669245 66430.125 40.5
481010 877.319202310433 -12517.5478471435 -11640.2286448331 70012.2635624154 69267.3080958376 70508.9742371364 70260.5083542723 -723.040176559389 66430.125 40.5
481020 867.415967874147 -12507.5699264565 -11640.1539585824 70169.5587436502 70224.2132987831 69991.8498489931 70292.6130831745 -553.477575086732 66430.125 40.5
481030 869.060337090747 -12508.9528677056 -11639.8925306149 70243.5516449772 70752.3694386333 69839.4488654921 70138.8366308061 -155.937920967419 66430.125 40.5
481040 882.450217690335 -12521.9136129275 -11639.4633952372 69925.5743066077 70395.5687485434 69530.9963709803 69850.1578002994 496.25016270199 66430.125 40.5
481050 883.952214239032 -12522.9971131985 -11639.0448989595 69839.5818560296 69973.5364982261 69493.1330908811 70052.0759789817 1230.66954147104 66430.125 40.5
481060 871.570013308684 -12510.247131724 -11638.6771184153 70126.9924462835 70081.2327248244 69852.0455134277 70447.6991005983 1361.73588316612 66430.125 40.5
481070 862.390231556791 -12500.5458946287 -11638.1556630719 70140.3212526847 69970.3534833658 70103.8035942277 70346.8066804605 1015.89855862617 66430.125 40.5
481080 867.944072932828 -12505.2451657852 -11637.3010928524 69925.7609260591 69816.9353859451 70014.7999740208 69945.5474182114 785.147028960714 66430.125 40.5
481090 879.759699969937 -12515.9084272238 -11636.1487272539 69876.227207361 69894.9614043695 70135.2353457009 69598.4848720125 752.69796689669 66430.125 40.5
481100 878.890984940266 -12513.7336632442 -11634.8426783039 70098.1884022385 70666.3366829019 70507.0551034661 69121.1734203477 552.813848805583 66430.125 40.5
481110 868.042116510995 -12501.4128187339 -11633.3707022229 70345.0965498526 71494.8186854046 70782.584088562 68757.8868755911 439.80342584088 66430.125 40.5
481120 865.344080951904 -12496.8845554866 -11631.5404745347 70575.0582573703 71835.2820858196 70778.3217452912 69111.5709410002 174.915544950334 66430.125 40.5
481130 870.659169505685 -12499.8735397599 -11629.2143702542 70878.0765828564 72010.2316737773 70936.212563325 69687.7855114668 77.3258241941747 66430.125 40.5
481140 871.603144207999 -12498.0019115378 -11626.3987673298 71014.3736876719 71846.6154416103 70995.3047486179 70201.2008727873 367.49349511769 66430.125 40.5
481150 870.72375175528 -12493.8651635338 -11623.1414117786 71226.1041946906 71741.9369615595 71379.2723917843 70557.103230728 875.166937147765 66430.125 40.5
481160 878.262862552039 -12497.7611753573 -11619.4983128052 71293.939079738 71453.7000498096 71908.6861470476 70519.4310423568 1070.87052800348 66430.125 40.5
481170 890.045815984628 -12505.7427891218 -11615.6969731371 71250.4119037048 71366.2670072058 71840.7685594038 70544.2001445048 1100.19805872365 66430.125 40.5
481180 894.322303019413 -12506.4331352502 -11612.1108322308 71223.1913466318 71237.3244559937 71486.8741602566 70945.3754236449 978.728415148387 66430.125 40.5
481190 890.159901270003 -12499.1602196112 -11609.0003183412 71227.9581309416 71051.586030446 71184.3806801115 71447.9076822672 684.589826812802 66430.125 40.5
481200 884.125711989721 -12490.4931134465 -11606.3674014568 71270.1086336705 70857.8779266339 71175.0780002524 71777.3699741251 386.270067227244 66430.125 40.5
481210 889.903679553279 -12494.0567449928 -11604.1530654396 71402.3480816041 70915.1494430619 71168.5390629832 72123.3557387672 62.5058464380694 66430.125 40.5
481220 897.003348626963 -12499.4102768005 -11602.4069281736 71469.9040839334 70663.2485218608 71188.6576379795 72557.8060919599 -255.443714181031 66430.125 40.5
481230 891.258057977717 -12492.4463536585 -11601.1882956808 71508.0810759891 70189.8327865386 71544.8876176089 72789.5228238198 -476.742993375309 66430.125 40.5
481240 884.61836163451 -12484.9955589062 -11600.3771972717 71603.3146910268 70150.6157223223 71962.6051801323 72696.7231706256 -498.780401148009 66430.125 40.5
481250 885.809963321995 -12485.6217690724 -11599.8118057504 71918.4245970172 70765.7416151785 72570.6876672246 72418.8445086485 -543.926205680977 66430.125 40.5
481260 889.935627601171 -12489.3829941734 -11599.4473665722 71961.8730917069 71362.4661571408 72687.0166336993 71836.1364842807 -649.047283960943 66430.125 40.5
481270 898.131558970589 -12497.4890350227 -11599.3574760521 71652.9005684712 71728.8595347241 72232.7983477979 70997.0438228915 -509.420668237746 66430.125 40.5
481280 903.509055596616 -12503.1609254046 -11599.651869808 71426.2471847125 71780.13709497 71501.8956175643 70996.7088416032 -155.188699617275 66430.125 40.5
481290 898.386910459348 -12498.7424106315 -11600.3555001721 71257.7348259018 71792.4622685488 70737.0556831162 71243.6865260406 351.084814866501 66430.125 40.5
481300 894.843956780348 -12496.2078653389 -11601.3639085586 71095.1359099651 71662.9254648812 70446.2967324875 71176.1855325267 391.80920547162 66430.125 40.5
481310 897.991118471813 -12500.5980578614 -11602.6069393895 70847.9549813365 71574.5670116039 70473.601982682 70495.6959497236 161.186051601149 66430.125 40.5
481320 895.995625761628 -12500.0740851762 -11604.0784594146 70642.8121035857 71396.7166528489 70713.4048893897 69818.3147685185 -295.500758761211 66430.125 40.5
481330 891.078972584876 -12496.7963310468 -11605.7173584619 70895.6035969645 71419.0223396227 70771.7058259232 70496.0826253477 -868.404366366398 66430.125 40.5
481340 892.159396388258 -12499.6143832098 -11607.4549868215 71044.0036319614 71305.3550487359 70224.0394734774 71602.6163736709 -1212.42449069781 66430.125 40.5
481350 889.820723738137 -12499.0855414133 -11609.2648176752 71178.4926523775 71029.2595273624 70222.6415062309 72283.5769235394 -1051.49222100601 66430.125 40.5
481360 878.869985226995 -12489.9273702663 -11611.0573850393 71550.7823406851 71204.2471170926 70712.3828227555 72735.7170822073 -506.485661171076 66430.125 40.5
481370 871.367028144001 -12484.0193355247 -11612.6523073807 71894.8674903148 71375.9483140047 71297.0415564563 73011.6126004834 98.8672875694707 66430.125 40.5
481380 874.003264080593 -12487.9662643029 -11613.9630002223 71936.1534907675 71280.031951277 71665.3478225621 72863.0806984635 327.896811110846 66430.125 40.5
481390 880.105499701014 -12495.1682709045 -11615.0627712035 71626.6207447519 71099.672822176 71535.9638868179 72244.2255252618 -2.46207938394729 66430.125 40.5
481400 884.693141692253 -12500.7729476922 -11616.0798059999 71440.7986880427 71210.9492508128 71418.5983355963 71692.8484777189 -218.395034335505 66430.125 40.5
481410 888.499641970984 -12505.6354699504 -11617.1358279794 71157.8492952123 70968.5569746395 71219.2128948813 71285.7780161159 -209.702890599399 66430.125 40.5
481420 880.358168801401 -12498.6234216093 -11618.2652528079 71395.3652384972 70920.426701011 71579.1541393878 71686.514875093 383.918366145094 66430.125 40.5
481430 859.729595297203 -12478.9973345835 -11619.2677392863 72146.8047220073 71724.3522451617 72531.0111469006 72185.0507739595 904.416188920535 66430.125 40.5
481440 855.891960788721 -12475.7531853517 -11619.861224563 71984.8017965745 71630.9532016158 72750.2303292238 71573.2218588838 744.444643398328 66430.125 40.5
481450 879.216006517694 -12499.280772243 -11620.0647657253 71241.9027148888 70582.6732873262 72379.3443861015 70763.6904712387 315.899754187535 66430.125 40.5
481460 898.322125521819 -12518.5817251416 -11620.2595996198 70610.6926006425 69949.7279332249 71800.523235089 70081.8266336135 200.497694639929 66430.125 40.5
481470 890.350306412432 -12511.1116375199 -11620.7613311075 71109.8775275268 70854.1564236693 71901.7986032616 70573.6775556497 297.968995945993 66430.125 40.5
481480 870.34025354995 -12491.7783593953 -11621.4381058454 72070.7387792283 72213.6439531501 72327.3556445399 71671.216739995 336.11535293578 66430.125 40.5
481490 860.06301018461 -12482.0046700504 -11621.9416598658 72429.9990040625 72700.7517150148 72244.8622844788 72344.3830126937 443.942849530189 66430.125 40.5
481500 864.939183364984 -12487.0422213962 -11622.1030380312 72125.2267799353 72317.3252098293 71852.3893645402 72205.9657654366 415.734177659779 66430.125 40.5
481510 875.366427543491 -12497.3683433526 -11622.0019158091 71859.9409838194 71706.8816420508 71971.2489899828 71901.6923194246 244.688255022428 66430.125 40.5
481520 880.580579908523 -12502.4014977262 -11621.8209178176 71897.1844239591 71396.6664368894 72447.4652945811 71847.4215404067 -18.11221036313 66430.125 40.5
481530 876.529608873563 -12498.1806664553 -11621.6510575818 71833.1570617864 71159.5717071708 72372.1065515025 71967.7929266859 -187.832981369173 66430.125 40.5
481540 871.008130635192 -12492.439268225 -11621.4311375898 71752.7004410421 71259.0096191242 71661.287696525 72337.8040074772 -284.311188065617 66430.125 40.5
481550 874.11845426752 -12495.2006773179 -11621.0822230503 71637.0039318002 71526.4553838134 70710.5407387576 72674.0156728297 -556.575078480468 66430.125 40.5
481560 881.089281969311 -12501.7161535194 -11620.6268715501 71439.8857993313 71587.2377590864 70370.5220241418 72361.8976147658 -509.094463211718 66430.125 40.5
481570 887.019380074551 -12507.2119275785 -11620.192547504 71161.1168000038 71214.7331002648 70627.1893136644 71641.4279860822 -239.113436636092 66430.125 40.5
481580 886.756623752351 -12506.6472294056 -11619.8906056532 71141.5338217839 70873.2998664047 71521.7227909633 71029.5788079836 -144.819044979265 66430.125 40.5
481590 876.881212049411 -12496.5822308597 -11619.7010188103 71319.3730264867 70806.9468467691 72314.9092023806 70836.2630303105 -2.74340186156871 66430.125 40.5
481600 869.84692486575 -12489.3128718205 -11619.4659469547 71577.5662645115 71191.4309352339 72377.3932712275 71163.874587073 80.2820801852307 66430.125 40.5
481610 873.469590214446 -12492.5174044644 -11619.0478142499 71884.0917249873 71922.5230878799 72554.4182110145 71175.3338760674 75.3781613426601 66430.125 40.5
481620 878.061521184338 -12496.5012195783 -11618.439698394 71942.9344527646 72607.5142855207 72664.8644436962 70556.4246290768 214.185550012871 66430.125 40.5
481630 877.640248222985 -12495.3213383734 -11617.6810901504 71838.2470302869 72615.2152663867 72590.0571859758 70309.4686384982 299.00619432526 66430.125 40.5
481640 874.318863174171 -12491.0442663219 -11616.7254031477 71647.0716906857 71957.9196402179 72198.1611576016 70785.1342742375 294.002940188973 66430.125 40.5
481650 872.952878427616 -12488.4072946227 -11615.454416195 71569.4586473248 71168.0668161073 71801.851319395 71738.4578064721 119.364383767852 66430.125 40.5
481660 873.289765501727 -12487.0273667109 -11613.7376012091 71713.2060938869 71051.3902781659 71562.1554170607 72526.072586434 -244.159164501905 66430.125 40.5
481670 875.986552389905 -12487.4763468434 -11611.4897944535 72058.8350747273 71390.5410394249 71496.6933711929 73289.270813564 -408.350971317731 66430.125 40.5
481680 877.329012180838 -12486.0157585768 -11608.686746396 72317.1970303611 71620.4027884679 71789.4415561673 73541.7467464481 34.5613118836945 66430.125 40.5
481690 875.235201025501 -12480.5961485186 -11605.3609474931 72350.6112019786 71676.0702461457 72078.9055630274 73296.8577967625 842.664359290049 66430.125 40.5
481700 877.180994414751 -12478.7634917124 -11601.5824972977 72306.3322698203 71731.9898257431 72303.3444019083 72883.6625818094 1306.20593264008 66430.125 40.5
481710 889.255174154012 -12486.8006263987 -11597.5454522447 71873.844744413 71268.2430002734 71900.1872496385 72453.103983327 1153.82271034185 66430.125 40.5
481720 906.646826362021 -12500.3022887804 -11593.6554624184 71553.8837444355 70673.6379964148 71517.8780672208 72470.1351696712 583.476879453347 66430.125 40.5
481730 914.628177603588 -12505.0390369455 -11590.410859342 71382.9102350706 70016.8113231174 71499.7845942119 72632.1347878826 391.559260603861 66430.125 40.5
481740 905.125211651327 -12493.1654380734 -11588.040226422 71792.6439005042 70254.1857174412 72335.67101042 72788.0749736515 889.611772788856 66430.125 40.5
481750 893.114877057822 -12479.4993930597 -11586.3845160018 72457.5732814281 71095.1731985159 73516.8452590733 72760.7013866951 1580.68405958181 66430.125 40.5
481760 888.738788184321 -12473.8925245056 -11585.1537363213 72744.8934252456 71520.6012921282 74126.5000419271 72587.5789416814 1947.7450453908 66430.125 40.5
481770 889.972823549323 -12474.1691722522 -11584.1963487029 72633.4779377918 71722.4867939443 73939.1765975406 72238.7704218907 1433.91364221703 66430.125 40.5
481780 894.513012041103 -12478.0266952747 -11583.5136832336 72614.6065456016 71841.7245399194 73523.6178858823 72478.4772110032 716.755139438231 66430.125 40.5
481790 897.706062555531 -12480.8692464571 -11583.1631839016 72545.8936382875 71536.1321830282 73114.6452759448 72986.9034558893 41.6946291987932 66430.125 40.5
481800 899.768929233254 -12482.9708831779 -11583.2019539446 72287.2764693132 71639.0871951504 72500.7484098937 72721.9938028954 -380.599890773213 66430.125 40.5
481810 900.731879260757 -12484.4009735074 -11583.6690942467 72167.1159801099 72445.976885147 72011.7453774754 72043.6256777074 -578.827010095495 66430.125 40.5
481820 897.791848900617 -12482.3651020624 -11584.5732531617 72677.3013250784 73763.5064527801 72389.8872395007 71878.5102829543 -760.674168047997 66430.125 40.5
481830 892.94835612297 -12478.7955438038 -11585.8471876808 72831.506960827 73803.2600703481 72733.9684169071 71957.2923952256 -978.078143167232 66430.125 40.5
481840 897.26465297269 -12484.7009537362 -11587.4363007636 72294.547083837 72706.7082380608 72170.6403668852 72006.292646565 -962.981191627495 66430.125 40.5
481850 909.872888904801 -12499.3407422413 -11589.4678533365 71588.1407160422 71687.6434203598 71249.8520191967 71826.9267085701 -929.43196639071 66430.125 40.5
481860 907.807100985952 -12499.9207830113 -11592.1136820254 71409.8954075653 71261.5577504081 70872.0405834854 72096.0878888024 -798.754992410005 66430.125 40.5
481870 886.397273417781 -12481.602206743 -11595.2049333253 72045.3313720994 71517.6713157606 71569.9907969768 73048.332003561 -356.952919646896 66430.125 40.5
481880 871.423047187308 -12469.6853082501 -11598.2622610628 72319.2986416416 71440.40016321 72069.1061719308 73448.3895897841 360.898585861131 66430.125 40.5
481890 877.793450653838 -12478.8023416796 -11601.0088910257 72009.6495986664 71227.3123392109 71810.4581046998 72991.1783520883 973.52452207602 66430.125 40.5
481900 891.372717618219 -12494.9092039531 -11603.5364863348 71788.2703645851 71384.1890527993 71567.7991832312 72412.8228577248 1142.0275332898 66430.125 40.5
481910 894.05523519283 -12500.0843672123 -11606.0291320195 71895.175959927 71751.3386327667 72194.9396308519 71739.2496161622 747.923131749093 66430.125 40.5
481920 882.615775270434 -12491.0601124012 -11608.4443371307 71921.1119347913 72001.6786701514 72841.0939644198 70920.5631698026 250.190151297286 66430.125 40.5
481930 874.508886162828 -12485.0771381617 -11610.5682519988 71861.4995976792 72075.0509372886 73333.9210029278 70175.5268528211 -55.0250382353733 66430.125 40.5
481940 881.110243442168 -12493.4492515439 -11612.3390081017 71610.5849274352 71643.9765838906 73089.033112885 70098.74508553 254.46634272328 66430.125 40.5
481950 886.428742791325 -12500.3223250287 -11613.8935822374 71208.6513338483 71008.6344109368 71956.9069881282 70660.4126024799 845.665666259386 66430.125 40.5
481960 878.685169018524 -12493.9975662037 -11615.3123971852 71362.1340634119 70790.7807718068 71118.2804979007 72177.3409205282 1088.5692922468 66430.125 40.5
481970 870.215205845717 -12486.7211886335 -11616.5059827878 71443.419996582 70642.7981931451 70399.3879945175 73288.0738020834 1029.6512413566 66430.125 40.5
481980 875.305800664671 -12492.710364351 -11617.4045636864 71183.0336710796 70367.5856355325 69911.6988605622 73269.8165171442 1005.16984356957 66430.125 40.5
481990 891.986560760748 -12510.160510314 -11618.1739495532 70648.4145727732 69947.5475778489 69883.0813271799 72114.614813291 963.250675086728 66430.125 40.5
482000 900.085096637404 -12519.1916965791 -11619.1065999417 70359.2867352007 69616.9780132864 70794.7156388791 70666.1665534366 1072.36130116316 66430.125 40.5
482010 889.665513804843 -12509.9763421551 -11620.3108283503 70699.08242792 69926.9987695795 71854.3699347869 70315.8785793935 1161.29192263872 66430.125 40.5
482020 874.219477042405 -12495.811267325 -11621.5917902826 71664.233788956 71105.7684703055 72777.6023259914 71109.3305705713 966.124858681071 66430.125 40.5
482030 867.5750865468 -12490.265700411 -11622.6906138642 72125.6329690167 72098.4982867947 72724.3018396266 71554.0987806287 445.510414450916 66430.125 40.5
482040 869.123400630514 -12492.6398256322 -11623.5164250017 71831.7839106165 72556.1765326503 71770.0767539127 71169.0984452865 -394.449094414765 66430.125 40.5
482050 869.0911429963 -12493.1914530309 -11624.1003100346 71649.3932201091 72997.650599726 70905.0699454047 71045.4591151965 -1038.72765041617 66430.125 40.5
482060 865.16243350824 -12489.6174138805 -11624.4549803722 71871.6168725332 73123.5638060105 70858.9307400062 71632.3560715831 -1377.30151833966 66430.125 40.5
482070 862.405083945857 -12486.9412327375 -11624.5361487916 72119.3303714337 72789.2124230153 71291.3984613843 72277.3802299012 -1249.41107555654 66430.125 40.5
482080 863.937002209298 -12488.2406685462 -11624.3036663369 72083.3582905456 72203.8201009533 71582.5839787308 72463.6707919525 -1230.1229803636 66430.125 40.5
482090 872.978445895291 -12496.7791967826 -11623.8007508873 71783.6423195735 71384.1537126395 71595.4878565521 72371.285389529 -1124.11885450134 66430.125 40.5
482100 884.868680435748 -12508.066226634 -11623.1975461983 71197.5516690478 70606.6446289887 71092.9873780805 71893.0230000742 -969.115581479777 66430.125 40.5
482110 883.710295149912 -12506.3829053602 -11622.6726102103 70880.9504137552 70330.6545843782 70802.0261707446 71510.1704861427 -679.180104792695 66430.125 40.5
482120 874.066144102268 -12496.2867203395 -11622.2205762372 71004.8115512365 70467.4643275037 71092.9954480117 71453.9748781941 -172.813216620711 66430.125 40.5
482130 873.908781625314 -12495.6147977729 -11621.7060161476 71050.1408361979 70617.3235136615 71245.4383903222 71287.66060461 209.189953217098 66430.125 40.5
482140 880.628878943736 -12501.7216157111 -11621.0927367673 71027.7167314529 70901.2834600074 71118.8555744756 71063.0111598757 224.367518330992 66430.125 40.5
482150 884.620872322084 -12505.0909406234 -11620.4700683013 70889.4399942321 70991.6154898462 70776.1604654806 70900.5440273695 90.8035794388226 66430.125 40.5
482160 889.76862104543 -12509.7122591386 -11619.9436380931 70507.7049853854 70406.2903708692 70454.1928833584 70662.6317019284 -243.84054584191 66430.125 40.5
482170 894.847790454786 -12514.465670319 -11619.6178798642 70364.0100413497 69964.1621049585 70584.7853498359 70543.0826692549 -351.311006041915 66430.125 40.5
482180 893.072513955548 -12512.655187968 -11619.5826740125 70231.1193619341 69317.028633445 70724.6504275779 70651.6790247795 -36.410850936226 66430.125 40.5
482190 888.488274330378 -12508.3336056339 -11619.8453313035 70452.6387617432 69314.7216171013 70963.6553784981 71079.5392896303 15.531101505158 66430.125 40.5
482200 885.547084129868 -12505.900507008 -11620.3534228781 70739.6378410657 69664.7391681405 71054.8235678953 71499.3507871613 -254.777451080867 66430.125 40.5
482210 882.252867024018 -12503.3216436681 -11621.0687766441 70828.6781100487 69887.409784812 71188.7812581609 71409.8432871732 -328.072446396908 66430.125 40.5
482220 875.543120070783 -12497.4882832564 -11621.9451631856 71163.4474689338 70195.3879425798 71841.9208916047 71453.0335726169 10.7355141565084 66430.125 40.5
482230 870.855183794615 -12493.7422523815 -11622.8870685869 71415.7656574004 70492.9506097507 72389.3795220679 71364.9668403825 182.941853225951 66430.125 40.5
482240 876.302404852116 -12500.1625850278 -11623.8601801757 71394.7857375142 71009.9779155821 72058.1191579835 71116.2601389768 358.957017186547 66430.125 40.5
482250 882.424031449969 -12507.3892553701 -11624.9652239201 71158.9591742019 71414.7828850171 71247.5038595303 70814.5907780583 374.566537613893 66430.125 40.5
482260 880.15605218242 -12506.4908361761 -11626.3347839936 70993.3819091764 71295.6398832679 71089.5852781116 70594.9205661498 179.311566087213 66430.125 40.5
482270 874.377731175596 -12502.3692414548 -11627.9915102792 71122.4463050617 70985.8223788826 71824.2594152196 70557.257121083 -145.732242569306 66430.125 40.5
482280 867.265311672463 -12497.0959557827 -11629.8306441103 71203.942089372 70962.2224105139 72269.8622154615 70379.7416421407 -643.435656354119 66430.125 40.5
482290 867.173879562625 -12498.9252952458 -11631.7514156832 71099.4137552248 71234.8608356764 71639.9276712273 70423.4527587708 -728.544054538693 66430.125 40.5
482300 872.160048679579 -12505.8922119141 -11633.7321632345 70815.6626306082 71322.0030743317 70396.309993169 70728.674824324 -804.08846101619 66430.125 40.5
482310 876.471331100803 -12512.3107168869 -11635.8393857861 70415.8083538593 71117.9733561513 69335.7944707314 70793.6572346951 -647.875897870036 66430.125 40.5
482320 879.358894022593 -12517.5071252961 -11638.1482312735 69991.1406509945 70578.9398661602 68757.8522228643 70636.6298639592 -637.348929669207 66430.125 40.5
482330 875.452271784925 -12516.1132018121 -11640.6609300272 69864.9610458306 70265.0646057442 69031.4108012944 70298.4077304532 -577.598679505541 66430.125 40.5
482340 867.406614744042 -12510.6526125984 -11643.2459978543 69872.5829646415 70135.7168769234 69817.6477266516 69664.3842903495 -352.85528417585 66430.125 40.5
482350 865.076959022776 -12510.8003837301 -11645.7234247073 69892.1287715434 70090.6720715762 70373.1506902233 69212.5635528308 73.1907177057286 66430.125 40.5
482360 869.836385668285 -12517.8592252099 -11648.0228395416 69947.1125162204 70092.1882339196 70550.3068489602 69198.8424657813 189.790618668507 66430.125 40.5
482370 872.63099837322 -12522.827414302 -11650.1964159288 69992.5026973001 70204.5268911239 70424.6153435772 69348.3658571993 6.74990360720728 66430.125 40.5
482380 862.726884217092 -12514.9391222116 -11652.2122379945 70113.0842754887 70546.4436565379 70382.2218416266 69410.5873283018 -307.891604422554 66430.125 40.5
482390 852.90367957232 -12506.7954433623 -11653.8917637899 70119.9609142988 70797.5334579977 70144.4342603698 69417.9150245288 -353.917163032055 66430.125 40.5
482400 857.123136868247 -12512.2229231477 -11655.0997862795 69795.424524599 70538.7868079457 69965.2469440561 68882.2398217953 -730.905411076674 66430.125 40.5
482410 868.134013476857 -12524.0474964676 -11655.9134829908 69205.1227511934 69703.7857460877 69545.3126565629 68366.2698509297 -1238.89823105651 66430.125 40.5
482420 873.019559850567 -12529.5339212188 -11656.5143613683 69260.3385705872 69711.3556057364 69224.3626755518 68845.2974304735 -1627.42582180041 66430.125 40.5
482430 865.9130825684 -12522.9003503437 -11656.9872677753 69835.3274658001 70910.6569684171 69310.8270506815 69284.4983783018 -1736.94644338822 66430.125 40.5
482440 852.132339963641 -12509.313799663 -11657.1814596994 70245.8100752125 72149.0959044883 69444.3439361549 69143.9903849942 -1219.86162895481 66430.125 40.5
482450 853.837184769429 -12510.745163257 -11656.9079784876 70092.8757654363 72164.6618156115 69206.7365838605 68907.228896837 -410.612218724976 66430.125 40.5
482460 864.796703561229 -12520.9394724204 -11656.1427688592 69507.7550290249 70755.9653728045 69144.5112355826 68622.7884786876 82.103869747005 66430.125 40.5
482470 866.368228017195 -12521.3695632782 -11655.001335261 69295.4363489517 69545.0416074915 69444.7654079158 68896.5020314478 661.078709393295 66430.125 40.5
482480 863.407845762853 -12516.936708098 -11653.5288623351 69557.6340971172 69138.3013482121 70003.4769259581 69531.1240171815 778.381242652414 66430.125 40.5
482490 864.179466090576 -12515.830674752 -11651.6512086614 69773.4901804438 69068.9925119301 70250.1420594956 70001.3359699055 510.04853883002 66430.125 40.5
482500 871.031130445765 -12520.3846098182 -11649.3534793725 69714.8347979911 69006.3474335535 69762.8331040528 70375.323856367 66.9276570215571 66430.125 40.5
482510 875.388455198693 -12522.1163377904 -11646.7278825917 69893.7471958898 69123.5291654324 69506.9577024713 71050.7547197658 -308.031837756039 66430.125 40.5
482520 873.318046569351 -12517.1973659862 -11643.8793194168 70206.504922506 69411.0307781426 69672.5475207671 71535.9364686083 -363.255459018967 66430.125 40.5
482530 876.306203158685 -12517.1760817243 -11640.8698785656 70573.9546873592 69720.8502688372 70084.3717819082 71916.6420113323 48.8421769981853 66430.125 40.5
482540 878.932675396268 -12516.7202242413 -11637.787548845 70945.6524557208 70117.1928496854 70886.1385114574 71833.6260060197 577.500484058849 66430.125 40.5
482550 874.446347734272 -12509.2007820405 -11634.7544343062 71000.4740618941 70457.0600932592 71660.2706545711 70884.0914378519 749.27306088744 66430.125 40.5
482560 874.824287176169 -12506.6508317122 -11631.826544536 70982.348639103 70660.0523963032 72191.4550481522 70095.5384728536 497.114320760934 66430.125 40.5
482570 881.058633250905 -12510.1206627593 -11629.0620295084 70945.5816940879 70814.6155969162 72149.3827303065 69872.7467550411 327.76849431704 66430.125 40.5
482580 886.428932977372 -12513.0572115651 -11626.6282785877 71085.0146592593 71183.1175537201 71705.1039552576 70366.8224688 664.934596989717 66430.125 40.5
482590 879.937979939798 -12504.5646969016 -11624.6267169618 71189.9808198315 71056.3286642381 71467.9465163057 71045.6672789506 1130.35128613291 66430.125 40.5
482600 865.312436221795 -12488.2447097211 -11622.9322734993 71344.6593104254 70800.3034309538 71870.3043290285 71363.3701712939 1305.87636863034 66430.125 40.5
482610 863.828691455261 -12485.1446949138 -11621.3160034585 71314.4754433577 70998.214761302 72242.352412072 70702.8591566991 1163.27651580119 66430.125 40.5
482620 876.784250749983 -12496.5178400538 -11619.7335893038 71286.6594893754 71650.1562900689 72396.3278833505 69813.4942947067 892.850443145027 66430.125 40.5
482630 885.234894646673 -12503.59569239 -11618.3607977433 71378.462918349 72044.9982691785 72559.1388648397 69531.251621029 655.98580640508 66430.125 40.5
482640 882.510854347321 -12499.8262325875 -11617.3153782402 71666.3395318243 72201.6256641641 73062.647182229 69734.7457490799 742.411521412942 66430.125 40.5
482650 875.323272816956 -12491.8328690038 -11616.5095961868 71994.1656820661 71908.6025570311 73686.7333251726 70387.1611639948 953.623719075657 66430.125 40.5
482660 870.851628671653 -12486.6197929001 -11615.7681642284 72212.5335345569 71629.6784436566 74013.7215253868 70994.2006346273 811.729796248635 66430.125 40.5
482670 875.628451828335 -12490.6457532852 -11615.0173014569 72100.626018876 71739.8621232273 73544.0083286231 71018.0076047777 700.183574852755 66430.125 40.5
482680 878.501709956492 -12492.7858186537 -11614.2841086972 71920.7637837538 72204.9673614766 72393.4638733781 71163.8601164068 466.4942108856 66430.125 40.5
482690 877.176973534327 -12490.788295561 -11613.6113220267 71891.1558605585 72709.2494715564 71382.2472353091 71581.9708748099 542.472946149511 66430.125 40.5
482700 878.176149875162 -12491.162207638 -11612.9860577628 71694.0909672883 72653.4837958985 70971.1384443371 71457.6506616294 947.00010837971 66430.125 40.5
482710 877.76396413849 -12490.153365265 -11612.3894011265 71368.1074346189 72427.1515445121 70986.4189758888 70690.7517834557 1017.79642394024 66430.125 40.5
482720 876.84875793134 -12488.6564247663 -11611.8076668349 71197.4069172083 72589.8833474465 70957.460251156 70044.8771530225 451.885905353043 66430.125 40.5
482730 881.427054874175 -12492.6633682806 -11611.2363134064 71255.0548147131 72986.4746161772 70762.7497351113 70015.9400928509 -119.548240746228 66430.125 40.5
482740 887.454352722166 -12498.1984069577 -11610.7440542355 71274.6670476745 73226.0325825116 70614.2906402307 69983.6779202811 -602.120025551424 66430.125 40.5
482750 888.585069600548 -12498.9998931087 -11610.4148235082 71098.6399796182 73032.233964874 70397.8433862038 69865.8425877769 -861.238870465089 66430.125 40.5
482760 891.877057592872 -12502.1763956404 -11610.2993380476 70812.1170555421 72750.3116425384 70109.3761675054 69576.6633565826 -794.725966314867 66430.125 40.5
482770 898.83440931545 -12509.2970834539 -11610.4626741385 70666.3887523627 72479.2273186625 69926.6713120843 69593.2676263413 -371.399445923889 66430.125 40.5
482780 902.964038371395 -12514.0053415514 -11611.04130318 70672.9274359236 72285.8300073655 69913.7964927928 69819.1558076126 -16.0514794628666 66430.125 40.5
482790 895.037526435192 -12507.1225268319 -11612.0850003967 70902.2569839914 72107.2448692751 70361.2956919705 70238.2303907286 -22.7589445251821 66430.125 40.5
482800 884.600753646077 -12498.0558855611 -11613.4551319151 71026.9202787862 71447.3869048026 71059.4362314642 70573.9377000918 -107.592064444139 66430.125 40.5
482810 884.366602197173 -12499.3693928556 -11615.0027906584 71350.6617217116 71032.4405829262 71675.7841179131 71343.7604642955 -492.256421975801 66430.125 40.5
482820 882.415284739523 -12499.1021405979 -11616.6868558584 71576.8117529598 71062.0733361679 71962.9588362522 71705.4030864593 -651.870753103036 66430.125 40.5
482830 872.259061448727 -12490.6843946533 -11618.4253332046 71681.1345610528 71507.2694877533 72144.5370839753 71391.5971114297 -659.925314983983 66430.125 40.5
482840 869.585506082105 -12489.6666011985 -11620.0810951163 71665.6740774206 71835.8453006377 72177.8692279357 70983.3077036885 -767.828286026338 66430.125 40.5
482850 875.018021805038 -12496.6235648972 -11621.6055430921 71472.8847166935 71366.4649358717 72196.8316370487 70855.35757716 -854.893431990966 66430.125 40.5
482860 877.789630994081 -12500.8738027654 -11623.0841717713 71306.1586848554 70924.0707354948 72240.457140952 70753.9481781195 -780.579382363756 66430.125 40.5
482870 873.404567799554 -12497.9559383309 -11624.5513705314 71197.3960831548 70882.5367429943 71939.0651068847 70770.5863995856 -563.181699127357 66430.125 40.5
482880 869.607794355249 -12495.5496637493 -11625.941869394 71075.1454198572 71052.0014912118 71232.3783204435 70941.0564479164 -173.583977913966 66430.125 40.5
482890 872.896460127331 -12500.1060987724 -11627.2096386451 70920.9085801226 71156.1440102003 70739.0390030311 70867.5427271365 -111.655896992773 66430.125 40.5
482900 879.627657026355 -12508.0516058276 -11628.4239488012 70735.0576079863 70856.8273623591 70789.3011451467 70559.0443164532 -174.08822220351 66430.125 40.5
482910 879.384015444686 -12509.0842835145 -11629.7002680698 70874.6899204334 70739.6595143624 71252.7172152882 70631.6930316497 -124.047501709163 66430.125 40.5
482920 867.255183408082 -12498.2663041968 -11631.0111207887 71234.1146253939 70733.812302949 71786.8138004098 71181.7177728228 -10.5255506884628 66430.125 40.5
482930 857.366384384984 -12489.5230361811 -11632.1566517961 71453.8701355439 70761.2426244934 72044.8760307447 71555.4917513936 -180.539889576539 66430.125 40.5
482940 864.49165834787 -12497.4967110208 -11633.0050526729 71173.196659076 70912.3496614881 71671.330446955 70935.9098687849 -607.994148901592 66430.125 40.5
482950 877.345544243776 -12511.0094148298 -11633.663870586 70783.5723221623 70725.3833081721 71329.9519812924 70295.3816770225 -644.650772411896 66430.125 40.5
482960 876.491208200641 -12510.8254556065 -11634.3342474059 70764.9834047317 70062.5033996324 71697.0539368402 70535.3928777225 -7.49252179314069 66430.125 40.5
482970 862.646390707038 -12497.6562207814 -11635.0098300744 71052.3882076349 69799.4717445265 72188.2355103913 71169.4573679869 901.342633334544 66430.125 40.5
482980 854.427343416535 -12489.9009034836 -11635.4735600671 71272.24360158 69941.281853376 72401.2426473019 71474.2063040623 1236.68231571801 66430.125 40.5
482990 861.05450094121 -12496.6016466079 -11635.5471456667 71068.1511746753 70020.1163074997 71905.189085599 71279.1481309272 895.732933091869 66430.125 40.5
483000 875.182572957034 -12510.4487349688 -11635.2661620118 70600.495699938 70010.7076195984 70928.717116638 70862.0623635776 184.231126651562 66430.125 40.5
483010 879.14460904062 -12513.9396754496 -11634.795066409 70614.3651390243 70214.7961795278 70897.4403428163 70730.8588947288 -661.014876690845 66430.125 40.5
483020 865.9302461325 -12500.0817954904 -11634.1515493579 70888.2144662445 70401.0184873653 71262.7007589303 71000.9241524379 -1003.53878870469 66430.125 40.5
483030 858.676114321734 -12491.780901426 -11633.1047871043 71117.6886207539 70566.5593413959 71566.9469822655 71219.5595386003 -789.276713176996 66430.125 40.5
483040 868.763335317537 -12500.1851477129 -11631.4218123954 71149.0368763768 70546.2954885368 71848.3748133159 71052.4403272778 -844.250147011205 66430.125 40.5
483050 878.194101149984 -12507.3195685962 -11629.1254674462 70843.766560274 70491.7174433966 71560.7366683587 70478.8455690666 -1040.57390348259 66430.125 40.5
483060 878.772728099962 -12505.1686436975 -11626.3959155975 70680.1750770423 70835.1154619157 71245.3813536891 69960.0284155221 -758.73480295784 66430.125 40.5
483070 879.89841819688 -12503.248881053 -11623.3504628561 70723.8474789978 71031.9731696137 71188.3591925717 69951.2100748081 -230.567217166853 66430.125 40.5
483080 888.313369059593 -12508.4336593638 -11620.1202903042 70724.1109509583 71085.8607261776 71142.3331968171 69944.1389298801 -185.275701077088 66430.125 40.5
483090 893.068374410231 -12510.006205627 -11616.9378312168 70704.9932422872 71502.5066139244 71010.0304325637 69602.4426803735 -943.731759130498 66430.125 40.5
483100 889.255115863131 -12503.2686623509 -11614.0135464877 70888.1054406756 72106.7630304079 70831.0945444092 69726.4587472099 -1806.58550122819 66430.125 40.5
483110 884.911740543229 -12496.284404219 -11611.3726636758 71428.2150564276 72507.4817380616 71288.2493589778 70488.9140722433 -2335.47430756776 66430.125 40.5
483120 883.672892562382 -12492.6295023322 -11608.9566097698 71963.5371212895 72393.5278772448 71970.4287242394 71526.6547623842 -1998.45976949285 66430.125 40.5
483130 882.484721046005 -12489.2164021064 -11606.7316810604 72163.6168097563 71871.4699495129 72617.6661288952 72001.7143508608 -1025.35522905782 66430.125 40.5
483140 882.749950769387 -12487.4256321324 -11604.675681363 72417.3695636781 71937.0805796358 72938.341343659 72376.6867677395 -599.50572735149 66430.125 40.5
483150 888.636077039411 -12491.4429315213 -11602.8068544819 72536.0010797582 72326.411510311 72645.3947543958 72636.1969745678 -744.939833716116 66430.125 40.5
483160 890.083457866388 -12491.2785896053 -11601.1951317389 72614.0956437852 72874.3689740455 72394.8842834142 72573.0336738958 -919.963138946779 66430.125 40.5
483170 881.651448606478 -12481.4945483229 -11599.8430997164 72788.5853125076 73127.3934569206 72639.2611939353 72599.1012866668 -912.599084233917 66430.125 40.5
483180 875.105138929577 -12473.7214222409 -11598.6162833113 72829.4480721913 72868.7878052615 72968.0886859118 72651.4677254006 -638.08897782797 66430.125 40.5
483190 877.383264970569 -12474.7549160338 -11597.3716510633 72864.9937410146 72493.0663444804 73219.7011932858 72882.2136852774 -588.604688377506 66430.125 40.5
483200 887.049350819996 -12483.1901931881 -11596.1408423681 72562.2861344135 71914.9343481643 72818.3087505508 72953.6153045253 -591.342109904251 66430.125 40.5
483210 892.240446989189 -12487.3119366972 -11595.071489708 72365.462610623 71900.9623302824 72245.3000818734 72950.1254197132 -379.188691647319 66430.125 40.5
483220 887.801404473153 -12482.0626582726 -11594.2612537994 72687.6475184326 72404.3882313889 72396.7849023943 73261.7694215146 -156.394465884909 66430.125 40.5
483230 878.112507250711 -12471.7399506577 -11593.627443407 73002.989813927 72929.218761767 72731.2708722864 73348.4798077275 139.252493036849 66430.125 40.5
483240 874.32233120673 -12467.3153931015 -11592.9930618948 72904.7207763182 72879.2070652431 72927.9218331218 72907.0334305896 484.817559632671 66430.125 40.5
483250 884.344487189316 -12476.6392203686 -11592.2947331793 72600.7515083185 72655.6164852913 73025.409458535 72121.2285811294 455.414162049245 66430.125 40.5
483260 899.252857371552 -12490.9557182063 -11591.7028608347 72505.788293208 72706.6428723033 73210.4373154873 71600.2846918336 368.748213188704 66430.125 40.5
483270 902.540883387489 -12494.0170190104 -11591.4761356229 72382.1312466196 72748.1248269287 72864.2412277748 71534.0276851552 316.755316356565 66430.125 40.5
483280 896.521079950295 -12488.228096664 -11591.7070167137 72183.1217274547 72629.6009257848 72224.0800224108 71695.6842341687 400.864307529754 66430.125 40.5
483290 897.858937577463 -12490.2137773193 -11592.3548397418 71828.5106804087 72346.5874452782 71520.927780839 71618.0168151088 772.594898258507 66430.125 40.5
483300 904.636306757953 -12498.1060714594 -11593.4697647015 71452.5458550846 71643.9424352067 71182.0383400094 71531.6567900378 1034.02701528046 66430.125 40.5
483310 904.942885836136 -12500.1396163178 -11595.1967304816 71421.3670582637 70923.6690588214 71418.6067623376 71921.825353632 630.669174465491 66430.125 40.5
483320 898.523191316134 -12496.1021836141 -11597.5789922979 71505.7739462909 70814.274072578 71357.121617075 72345.9261492196 8.1295161562059 66430.125 40.5
483330 890.693905800625 -12491.2008084123 -11600.5069026117 71713.3078269754 71257.8490712302 71257.7191312296 72624.3552784664 -279.885407259468 66430.125 40.5
483340 882.386863236838 -12486.1632639845 -11603.7764007477 72116.9319116354 72099.6005747122 71605.8997414297 72645.2954187643 -63.579916021462 66430.125 40.5
483350 872.130208700014 -12479.2443099467 -11607.1141012467 72548.318005563 72815.3582541824 72239.3828778997 72590.2128846069 331.621111052711 66430.125 40.5
483360 865.925455345306 -12476.1484928907 -11610.2230375454 72960.5553263545 73399.1628556625 72631.6003931076 72850.9027302934 231.996981335345 66430.125 40.5
483370 870.77031535757 -12483.7321532793 -11612.9618379218 72866.6692094878 73223.9128597998 72400.6260558634 72975.4687128001 -121.559925577226 66430.125 40.5
483380 876.641126846417 -12491.9991723467 -11615.3580455003 72352.8502763081 72330.4545374297 71762.8105563632 72965.2857351314 -255.564413723485 66430.125 40.5
483390 880.000426629902 -12497.4936284597 -11617.4932018298 71928.4572245875 71748.8253172793 70951.8658439681 73084.6805125152 138.194283715531 66430.125 40.5
483400 883.19006789084 -12502.6312062768 -11619.4411383859 71601.3549396913 71457.379586652 70453.1499330715 72893.5352993505 867.477525493941 66430.125 40.5
483410 881.545918659784 -12502.7592237624 -11621.2133051026 71384.6422167525 71119.5348141432 70649.7001742242 72384.6916618899 1300.36104730512 66430.125 40.5
483420 883.66086387416 -12506.478075701 -11622.8172118269 70790.5507863872 70559.7790621047 70703.5338461446 71108.3394509122 1161.31628462112 66430.125 40.5
483430 889.018135677327 -12513.3283563061 -11624.3102206287 70523.7840829902 70584.1549152833 70871.339592385 70115.8577413025 868.413688997248 66430.125 40.5
483440 886.082429957796 -12511.8470405321 -11625.7646105743 70754.2656154491 71113.0976440666 71052.0514561845 70097.6477460962 575.352958377232 66430.125 40.5
483450 871.531401764988 -12498.6210270294 -11627.0896252644 71308.9253017823 71784.1067748874 71217.3881990216 70925.2809314378 506.4460246785 66430.125 40.5
483460 860.432881191147 -12488.4989761625 -11628.0660949713 71651.3031202908 72137.1658702149 71035.6050945197 71781.1383961378 174.293758645211 66430.125 40.5
483470 865.492290544119 -12494.1020266624 -11628.6097361183 71373.3199262135 71486.3996935237 70743.6604416748 71889.899643442 97.9475299200769 66430.125 40.5
483480 873.102851475055 -12501.9498764416 -11628.8470249665 71229.4887386766 71103.51017223 70924.9395865912 71660.0164572084 484.622160965375 66430.125 40.5
483490 868.341306344393 -12497.2529792224 -11628.911672878 71309.3983407545 71261.2235386827 71467.3894898944 71199.5819936863 787.308610015251 66430.125 40.5
483500 860.52776717941 -12489.2958881029 -11628.7681209235 71553.6586550809 71416.5285903854 72176.5435759388 71067.9037989186 675.405211317363 66430.125 40.5
483510 862.022184996796 -12490.3451715094 -11628.3229865126 71493.6085990163 71299.2836014822 72491.0395693955 70690.5026261713 117.563974441467 66430.125 40.5
483520 871.538232159387 -12499.1597819088 -11627.6215497494 71115.1320745962 70559.342566793 72509.9814533915 70276.0722036041 -380.495856010034 66430.125 40.5
483530 877.406172590833 -12504.2301632958 -11626.823990705 70979.2387126743 70258.5965162117 72192.8330474002 70486.286574411 -386.603524588132 66430.125 40.5
483540 874.096910605911 -12500.116356128 -11626.0194455221 71066.4738462989 70626.8371746875 72028.2648431246 70544.3195210846 -11.3502878336854 66430.125 40.5
483550 877.478117294571 -12502.6808459921 -11625.2027286975 70999.3600746839 70952.072951816 71759.176702843 70286.8305693927 571.104228773479 66430.125 40.5
483560 888.989417128778 -12513.4155432354 -11624.4261261066 70485.7047354048 70857.7706615109 71183.8570060287 69415.4865386749 1334.12265075362 66430.125 40.5
483570 891.99184940315 -12515.8465528576 -11623.8547034544 70111.29477323 70613.5554612598 70818.8404613688 68901.4883970612 1833.77005307216 66430.125 40.5
483580 885.956659206869 -12509.501531523 -11623.5448723161 70129.1960792833 70799.1849332408 70661.3518267475 68927.0514778616 1999.46497868653 66430.125 40.5
483590 883.552335935065 -12506.9563253288 -11623.4039893937 70290.8283233628 70969.4423578532 70361.7273528473 69541.3152593878 1765.24505491943 66430.125 40.5
483600 885.899754898388 -12509.2768758411 -11623.3771209427 70547.6150845867 71245.5676992903 70252.8786280149 70144.3989264549 1437.80460398011 66430.125 40.5
483610 885.901311907593 -12509.3841179197 -11623.4828060121 70564.165120026 71363.4921598568 70399.8568709431 69929.1463292782 1196.03206490706 66430.125 40.5
483620 882.471367826372 -12506.193793967 -11623.7224261406 70535.7812410629 71519.841686816 70229.7105252182 69857.7915111544 808.892058363168 66430.125 40.5
483630 879.355722373443 -12503.4024116514 -11624.0466892779 70704.8810660116 71690.602933216 70000.4227097359 70423.6175550831 784.803650161623 66430.125 40.5
483640 875.038616104191 -12499.4163402764 -11624.3777241722 70878.9369086827 71922.3362983129 69982.5843609926 70731.8900667426 1004.94876047571 66430.125 40.5
483650 875.026181269888 -12499.6795526758 -11624.6533714059 70821.9378102678 72151.3843893976 70059.6250761973 70254.8039652084 1230.34454273431 66430.125 40.5
483660 882.070281778787 -12506.9640752093 -11624.8937934305 70576.5973447907 71558.267904284 70640.5412629201 69530.982867168 1371.12459582088 66430.125 40.5
483670 882.345220076472 -12507.5406163714 -11625.1953962949 70426.4252568634 70592.0157054036 71427.7456219657 69259.5144432208 1442.15051940944 66430.125 40.5
483680 874.759162080712 -12500.3231666305 -11625.5640045498 70790.8519774406 70239.9372276355 72211.1147846638 69921.5039200226 1040.83536602036 66430.125 40.5
483690 874.568201507913 -12500.4827844788 -11625.9145829709 70921.4143354799 70250.9883129211 72007.9421128328 70505.3125806859 369.825227118843 66430.125 40.5
483700 878.221112977957 -12504.4531976996 -11626.2320847217 70745.3961918176 70567.1586431213 71211.1247067646 70457.9052255669 189.129272002115 66430.125 40.5
483710 873.165460102122 -12499.7123288341 -11626.546868732 70834.0103992652 71214.8301490607 71012.5679588227 70274.6330899122 238.472678071233 66430.125 40.5
483720 868.078516423897 -12494.8665651539 -11626.78804873 70957.1750733499 71331.0815464302 71148.2259545899 70392.2177190296 26.0304027462973 66430.125 40.5
483730 875.681842876024 -12502.5725533772 -11626.8907105012 70626.5869451805 70777.5643720359 71001.8224144599 70100.3740490458 -222.268339733587 66430.125 40.5
483740 883.14617475238 -12510.0892323935 -11626.9430576412 70355.0140520133 70713.4076415783 70786.7046132861 69564.9299011755 -398.48988799268 66430.125 40.5
483750 878.910257338827 -12505.968761806 -11627.0585044671 70423.4681902232 71472.5616211571 70696.5734503808 69101.2694991317 -751.784460358008 66430.125 40.5
483760 874.934957685648 -12502.1505387697 -11627.2155810841 70848.7256819486 71842.9418041835 71062.0211903102 69641.2140513522 -885.782485187128 66430.125 40.5
483770 879.49011906779 -12506.8420037357 -11627.3518846679 70837.3599589502 71286.9294693766 70840.4323616268 70384.7180458473 -616.249513755858 66430.125 40.5
483780 885.983731497676 -12513.5265243919 -11627.5427928942 70368.3489772284 70424.7990523851 70062.2986302821 70617.9492490181 -277.989701562081 66430.125 40.5
483790 881.888795864787 -12509.7903418264 -11627.9015459616 70243.0115905858 70197.6142996037 69999.7624552642 70531.6580168896 -498.360490403148 66430.125 40.5
483800 870.629573306256 -12499.0008506537 -11628.3712773474 70538.0957513495 70558.3013350258 70286.9352692814 70769.0506497414 -888.711030948867 66430.125 40.5
483810 867.279959761272 -12496.0660398736 -11628.7860801123 70832.5519188325 71000.6885719049 70283.7949986566 71213.1721859361 -882.34463714612 66430.125 40.5
483820 865.032804412922 -12494.0505774334 -11629.0177730205 71132.162199254 71173.3630465933 70594.6270225836 71628.496528585 -555.838082838036 66430.125 40.5
483830 861.050468587036 -12490.026612778 -11628.9761441909 71543.6397116591 71316.5311462219 71294.1859390194 72020.2020497361 -199.777246296547 66430.125 40.5
483840 867.915533190742 -12496.5095616829 -11628.5940284922 71343.6438700191 71185.9258237843 71426.429723906 71418.5760623671 147.431268835804 66430.125 40.5
483850 883.288551743888 -12511.2505282148 -11627.9619764709 70658.1113820527 71039.2495840885 70749.2160410247 70185.8685210448 302.937839128201 66430.125 40.5
483860 891.07346572092 -12518.4059834355 -11627.3325177146 70329.8807076158 71344.241976384 70463.7222328755 69181.6779135879 177.243753382422 66430.125 40.5
483870 881.116574942428 -12507.979537597 -11626.8629626546 70557.1493571399 71590.3577960614 70866.350312922 69214.7399624364 295.628607019471 66430.125 40.5
483880 863.476180320555 -12489.8653172534 -11626.3891369328 71160.7860239879 71731.3586038315 71342.0836340445 70408.9158340876 390.491850622683 66430.125 40.5
483890 862.474087963936 -12488.102243992 -11625.6281560281 71515.1605341433 71591.4673475572 71818.335618697 71135.6786361756 162.222149703342 66430.125 40.5
483900 878.878327034449 -12503.3969280811 -11624.5186010466 71240.2854834569 70982.2333943711 71731.9643918747 71006.6586641249 49.78051441743 66430.125 40.5
483910 891.884132422112 -12515.1798859898 -11623.2957535676 70774.8816009137 70240.4004036676 71233.2362105639 70851.0081885096 -298.197416717563 66430.125 40.5
483920 895.418079468838 -12517.6588665679 -11622.240787099 70610.1494424331 69862.3667171741 70784.6175928853 71183.4640172401 -688.315309262871 66430.125 40.5
483930 895.316928845619 -12516.7964563995 -11621.4795275539 70796.4424621908 70261.2041604604 70277.8542766486 71850.2689494634 -660.808115708488 66430.125 40.5
483940 890.269431342425 -12511.2820440367 -11621.0126126942 71100.5719132958 71054.3333862023 70093.2893546664 72154.0929990189 -480.806913793623 66430.125 40.5
483950 882.788669503593 -12503.5448902285 -11620.7562207249 71445.4524279857 71724.4161740994 70972.1656387788 71639.7754710789 -641.95604295741 66430.125 40.5
483960 877.589741436126 -12498.1733856212 -11620.583644185 71492.569543659 71944.3756466764 71802.4891310523 70730.8438532482 -916.70400348539 66430.125 40.5
483970 873.279346062745 -12493.6480387056 -11620.3686926429 71309.8818164283 71839.0237122207 71990.8029405301 70099.8187965342 -865.194932765013 66430.125 40.5
483980 876.064540228229 -12496.1112961392 -11620.046755911 70929.6498861863 71369.0096466835 71387.0733327132 70032.8666791622 -489.53681265416 66430.125 40.5
483990 887.385034632991 -12507.0573549537 -11619.6723203207 70463.7424425049 70585.3956199183 70407.0816800653 70398.7500275311 -162.594313681527 66430.125 40.5
484000 893.322084606599 -12512.7585070702 -11619.4364224636 70446.5937405753 70203.0548905041 70032.273228351 71104.4531028708 -314.991245932479 66430.125 40.5
484010 885.278794260224 -12504.7223877608 -11619.4435935006 70966.7689046296 70698.2895092113 70471.0515821005 71730.965622577 -403.538375828519 66430.125 40.5
484020 876.688877903485 -12496.2834088738 -11619.5945309703 71564.058824071 71665.2544024534 71315.3576920529 71711.5643777067 -98.1130281248299 66430.125 40.5
484030 875.890630875762 -12495.6268410537 -11619.736210178 71486.1851837334 72129.5386946263 71179.200443873 71149.8164127009 352.888286990401 66430.125 40.5
484040 879.385959742937 -12499.22582607 -11619.8398663271 71232.2038388183 71911.4694726965 70915.4176240154 70869.7244197428 675.826763948213 66430.125 40.5
484050 880.570690900852 -12500.5274331314 -11619.9567422306 71223.120806313 71464.4458904202 71159.4383931408 71045.4781353779 912.289880155455 66430.125 40.5
484060 878.010103945629 -12498.1190568737 -11620.1089529281 71325.3523615684 71040.7260498569 71552.0827364262 71383.2482984222 929.047004839935 66430.125 40.5
484070 878.154291063572 -12498.4173726968 -11620.2630816332 71138.5172425978 70436.5522550773 71466.2058890712 71512.7935836448 631.25257032236 66430.125 40.5
484080 885.314391573106 -12505.7629601212 -11620.4485685481 70775.011867892 70123.0594263304 71230.4201787063 70971.5559986393 524.33847120835 66430.125 40.5
484090 887.098127020351 -12507.8730280601 -11620.7749010397 70766.5086809721 70798.648555107 71121.5330246399 70379.3444631694 393.445581847432 66430.125 40.5
484100 877.461293723238 -12498.7308240077 -11621.2695302844 71061.9396071509 72021.1773987279 71297.8390076148 69866.8024151099 342.594634756412 66430.125 40.5
484110 870.476999589738 -12492.2686104846 -11621.7916108949 71323.3489897838 72712.1848805206 71754.800765523 69503.0613233079 478.869373158312 66430.125 40.5
484120 874.097296911925 -12496.3338142262 -11622.2365173142 71424.7897754324 72988.1752964921 72161.0850319223 69125.1089978827 411.209719381034 66430.125 40.5
484130 874.167904490997 -12496.7744441035 -11622.6065396125 71262.5824245117 72857.3872677684 72012.8455091978 68917.5144965688 348.949287391276 66430.125 40.5
484140 869.965636150595 -12492.8711489371 -11622.9055127865 71239.8819975716 72625.1707598637 71808.6320631309 69285.8431697201 370.118717966849 66430.125 40.5
484150 868.98950187076 -12492.0610584335 -11623.0715565627 71459.8015581388 72606.8203449944 71620.4295359469 70152.1547934751 29.172177296127 66430.125 40.5
484160 868.95182495952 -12492.0024519373 -11623.0506269778 71591.2235135073 72532.5754478742 71382.7986376521 70858.2964549954 -502.049856763671 66430.125 40.5
484170 868.550213172579 -12491.3644280103 -11622.8142148377 71553.386850809 72094.2127304726 71656.9288804949 70909.0189414596 -754.166596769598 66430.125 40.5
484180 872.275843780862 -12494.6300500287 -11622.3542062478 71814.1330734841 71912.6583854953 72555.1089277856 70974.6319071715 -633.787608691952 66430.125 40.5
484190 875.814255813193 -12497.5174247722 -11621.703168959 71995.0877586225 71813.9930041987 73199.889151114 70971.3811205547 -321.160115845014 66430.125 40.5
484200 872.522409822434 -12493.4117803529 -11620.8893705305 71937.6809545046 71722.6869892258 73316.2291476917 70774.1267265963 123.74041691136 66430.125 40.5
484210 869.400039027854 -12489.262775963 -11619.8627369352 71891.0239717505 71762.1186300712 73093.1504150061 70817.8028701742 55.1389249791445 66430.125 40.5
484220 873.605882733284 -12492.1513194818 -11618.5454367486 71765.0841334534 71852.6334993042 72543.4939506555 70899.1249504005 -132.236434653224 66430.125 40.5
484230 882.395243161783 -12499.3820018147 -11616.9867586529 71493.5606043235 71512.1020876953 72016.5762176623 70952.0035076129 -481.041621222957 66430.125 40.5
484240 884.850853402464 -12500.1684318642 -11615.3175784617 71652.3326830381 71375.7209648016 72035.758472075 71545.5186122377 -749.845090943245 66430.125 40.5
484250 884.272453429647 -12497.8968029917 -11613.624349562 71694.9343028557 71578.9247861432 71992.0827415832 71513.7953808408 -900.054666640781 66430.125 40.5
484260 885.304925349161 -12497.22863942 -11611.9237140709 71763.3265228542 72221.9858133962 71888.7142266797 71179.2795284866 -1268.38814983463 66430.125 40.5
484270 881.655979564773 -12491.8881909801 -11610.2322114153 71961.6464628273 72804.763470686 71613.9332753718 71466.2426424239 -1551.07775729625 66430.125 40.5
484280 868.846484176579 -12477.3121391658 -11608.4656549892 72260.8138677352 72924.5174605057 71690.5413128386 72167.3828298614 -1667.706129861 66430.125 40.5
484290 867.503207535171 -12473.9481054502 -11606.4448979151 72298.3581587446 72796.9478822329 71570.8232625744 72527.3033314265 -1492.16924280876 66430.125 40.5
484300 886.297185489304 -12490.4359478552 -11604.1387623659 71962.2636029472 72374.7456691443 71223.431833725 72288.6133059723 -1181.48289984789 66430.125 40.5
484310 896.191855436689 -12498.0150172259 -11601.8231617892 71586.0179638958 71891.7683674819 70963.0711558543 71903.2143683511 -984.508873943012 66430.125 40.5
484320 887.324436098867 -12487.0709999586 -11599.7465638597 71574.7860380727 71436.22551814 71271.3466034974 72016.7859925805 -1037.98856020734 66430.125 40.5
484330 883.713795737957 -12481.574110698 -11597.86031496 71775.3802560662 71351.2383357107 71790.7921919561 72184.1102405318 -964.119856885884 66430.125 40.5
484340 888.723427725156 -12484.7917232226 -11596.0682954974 72138.2156361276 72059.3942827012 72334.2738947357 72020.978730946 -802.693157178786 66430.125 40.5
484350 893.032717907571 -12487.473188583 -11594.4404706755 72207.1306756918 72769.1376702099 72081.6559310348 71770.5984258306 -655.689948419113 66430.125 40.5
484360 895.140505045581 -12488.210243311 -11593.0697382654 71969.8268726703 72554.2799660232 71431.2444546554 71923.9561973322 -791.143942502638 66430.125 40.5
484370 900.528376528172 -12492.5620608025 -11592.0336842743 71722.59704177 71780.5616670352 71202.3022484548 72184.9272098201 -1125.22257188428 66430.125 40.5
484380 902.75905854181 -12494.1653850909 -11591.406326549 71663.9032707022 70975.6181162027 71214.8950780744 72801.1966178293 -1330.97893736216 66430.125 40.5
484390 901.205752791284 -12492.4667662068 -11591.2610134155 71673.4279738641 70188.1996446556 71490.3537198442 73341.7305570927 -1340.73832928847 66430.125 40.5
484400 892.913722617952 -12484.4769189334 -11591.5631963155 72078.1606421439 70401.5894704029 72234.4426157858 73598.4498402432 -1494.95139352885 66430.125 40.5
484410 878.758627821107 -12470.915741745 -11592.1571139239 72740.3477353557 71643.5406315683 72897.6357301139 73679.866844385 -1779.69042258953 66430.125 40.5
484420 869.37196244234 -12462.1588522848 -11592.7868898425 72968.7155785777 73010.5178156984 72443.7762080201 73451.8527120147 -1984.21603389428 66430.125 40.5
484430 875.832025425761 -12469.1512182841 -11593.3191928583 72772.0012405636 73742.730166477 71661.3283550868 72911.945200127 -1688.29090037922 66430.125 40.5
484440 887.635947875679 -12481.4916877743 -11593.8557398986 72219.6749450276 73773.1057683344 70970.8855741358 71915.0334926126 -904.33811540064 66430.125 40.5
484450 890.610621997289 -12485.2252825445 -11594.6146605472 71919.4277925538 74150.2970732508 70582.848352411 71025.1379519996 -463.233553825413 66430.125 40.5
484460 887.507546006298 -12483.2173314505 -11595.7097854442 71940.3069959873 74560.584164461 70489.9605785692 70770.3762449319 -205.586045523022 66430.125 40.5
484470 886.94812267909 -12484.1150915493 -11597.1669688702 71971.5837147516 74296.5719970552 70395.7320599735 71222.447087226 156.041692461747 66430.125 40.5
484480 885.875276444789 -12484.8881825529 -11599.0129061081 71935.418048592 73545.2314600085 70696.700013425 71564.3226723425 407.44434459941 66430.125 40.5
484490 884.546826766393 -12485.8391401806 -11601.2923134143 71817.0412297141 72719.6165173734 71246.6696030944 71484.8375686747 504.215374900906 66430.125 40.5
484500 886.113288166669 -12490.1587760634 -11604.0454878967 71736.2435066313 72270.765003169 71704.4121646542 71233.5533520707 376.549847604149 66430.125 40.5
484510 887.797581753973 -12495.1102401962 -11607.3126584423 71410.8710851347 71844.6450323637 71435.5649283184 70952.4032947221 298.696675964177 66430.125 40.5
484520 888.779981642133 -12499.8670822995 -11611.0871006574 71433.7662400125 72114.2909465511 71326.0800802735 70860.927693213 187.979795439043 66430.125 40.5
484530 889.677052915727 -12504.9431107975 -11615.2660578818 71244.5183319913 71995.5277656973 71168.2992575471 70569.7279727293 302.204983117703 66430.125 40.5
484540 888.985445008461 -12508.6149614367 -11619.6295164282 70620.126034226 70871.6464319618 70797.7442088177 70190.9874618985 391.502107489856 66430.125 40.5
484550 889.813153241387 -12513.7258876076 -11623.9127343662 70187.466827475 69772.4171467966 70681.0718332302 70108.9115023981 347.950453862432 66430.125 40.5
484560 887.110766509803 -12514.9843849986 -11627.8736184888 70009.9817207613 69101.7967282652 70747.2005589526 70180.9478750661 407.699463879592 66430.125 40.5
484570 877.480541481727 -12508.7468727665 -11631.2663312848 70146.0624127949 69124.8491846253 70777.9109097847 70535.4271439747 51.1525801208124 66430.125 40.5
484580 873.475317623664 -12507.4351855969 -11633.9598679732 70079.6921428705 69339.9518540659 70500.6664236079 70398.4581509377 -368.256953147095 66430.125 40.5
484590 873.100091495825 -12509.1189488499 -11636.0188573541 70436.0889478862 70177.1811235809 70565.5577323359 70565.527987742 -482.530663963634 66430.125 40.5
484600 864.04018879509 -12501.559920832 -11637.5197320369 70553.1618802153 70882.0135927017 70426.9888278663 70350.483220078 -187.14251485003 66430.125 40.5
484610 859.115352654469 -12497.5999207231 -11638.4845680687 70490.9470073078 71265.1014840758 69920.0204468416 70287.719091006 437.094860945822 66430.125 40.5
484620 864.792236059924 -12503.7748809538 -11638.9826448939 70391.2577300393 71495.4216716603 69185.3703315577 70492.9811868999 745.600946895284 66430.125 40.5
484630 867.326549221533 -12506.4623456491 -11639.1357964276 70343.7043542441 71785.655235196 68550.5262347711 70694.931592765 778.540970004049 66430.125 40.5
484640 873.365892546429 -12512.4393339342 -11639.0734413878 69989.7746552216 71483.0698333458 68284.5053235109 70201.7488088081 541.131222644189 66430.125 40.5
484650 883.509828667241 -12522.4366376049 -11638.9268089377 69380.3926343801 70669.5099163775 68276.3385251603 69195.3294616025 111.768800692859 66430.125 40.5
484660 887.37445969632 -12526.236727226 -11638.8622675297 68931.3211486009 69913.7533765281 68321.5686135443 68558.6414557305 108.061498731934 66430.125 40.5
484670 884.625235440934 -12523.5807466235 -11638.9555111826 69114.8904439168 69834.1428850486 68682.3888010662 68828.1396456356 351.503218635642 66430.125 40.5
484680 880.243118953797 -12519.4108043977 -11639.1676854439 69601.3135499028 70188.1545317665 69301.3806913824 69314.4054265593 909.222406460683 66430.125 40.5
484690 875.734629104227 -12515.1297139725 -11639.3950848683 69886.5538640048 70128.7536497204 69895.8967808198 69635.011161474 1422.40190689693 66430.125 40.5
484700 878.842914191381 -12518.4289087551 -11639.5859945637 69809.7592687322 69662.2826133318 70323.7565030866 69443.2386897783 1270.33270358896 66430.125 40.5
484710 883.7267552907 -12523.5226780933 -11639.7959228026 69813.0758034836 69795.4102684216 70589.6299437913 69054.1871982379 428.669312060961 66430.125 40.5
484720 875.92499444501 -12515.9868709408 -11640.0618764958 70095.6467440693 70323.7282782109 70872.0038811625 69091.2080728345 -384.662534652578 66430.125 40.5
484730 866.070475829519 -12506.3454276725 -11640.2749518429 70429.6468615095 70710.3478882495 71212.9592756694 69365.6334206097 -527.93601848845 66430.125 40.5
484740 864.784791598409 -12505.0514294361 -11640.2666378377 70540.9215148922 71084.9856791311 71165.594523439 69372.1843421064 -231.039435954956 66430.125 40.5
484750 867.053547491315 -12507.0371356176 -11639.9835881263 70487.2382503533 71553.4740893492 70404.6480110221 69503.5926506887 -176.287610619821 66430.125 40.5
484760 866.653857262895 -12506.0934612949 -11639.439604032 70602.1001211227 72140.7170557008 69740.119839256 69925.4634684112 -349.929133324269 66430.125 40.5
484770 865.043575077735 -12503.6687692269 -11638.6251941491 70953.2157516237 72775.0959861235 69497.2587520767 70587.292516671 -507.516034946427 66430.125 40.5
484780 862.323006607202 -12499.8038236972 -11637.4808170899 70978.2009760862 72801.8501883035 69206.6896016794 70926.0631382757 -746.271810183643 66430.125 40.5
484790 863.701022651983 -12499.6554829833 -11635.9544603313 70896.0504023415 72353.0522948089 69230.2740266901 71104.8248855256 -526.974308126882 66430.125 40.5
484800 868.863228489487 -12502.9050590649 -11634.0418305754 70969.3181710027 71867.8644234946 69853.3086637139 71186.7814257995 -172.245330833122 66430.125 40.5
484810 871.785414867443 -12503.5999125138 -11631.8144976464 70862.4457353272 71462.0952405206 70463.3713495712 70661.8706158898 27.3280744411148 66430.125 40.5
484820 873.695565836372 -12503.0525310042 -11629.3569651678 70807.0000162394 71278.3981720246 71042.4518998804 70100.1499768131 -100.946832540744 66430.125 40.5
484830 875.652298324285 -12502.3949314376 -11626.7426331134 70909.1519974789 71519.0362118992 71480.6843557587 69727.7354247788 -65.7265054819156 66430.125 40.5
484840 874.470806083141 -12498.5054759039 -11624.0346698207 71200.9696707868 71530.1025901875 71884.5015600176 70188.3048621551 104.603783632614 66430.125 40.5
484850 876.611427271493 -12497.9067456452 -11621.2953183737 71415.4268890199 71233.1255623603 72009.8557287377 71003.2993759618 -77.7982061277399 66430.125 40.5
484860 879.305894332023 -12497.9003733113 -11618.5944789793 71652.5257781523 71305.3083565649 71775.1370127759 71877.1319651162 -436.657220954639 66430.125 40.5
484870 877.621664365944 -12493.6455454894 -11616.0238811234 71724.1063765734 71436.5827862203 71118.850612624 72616.8857308758 -462.633016243523 66430.125 40.5
484880 878.138096213615 -12491.742135108 -11613.6040388943 71630.3841795429 71823.8340007904 70345.0277595298 72722.2907783083 -503.35534972553 66430.125 40.5
484890 891.095585004553 -12502.4806745387 -11611.3850895342 71147.8265127183 71867.4666697147 69713.0435366708 71862.9693317693 -688.644837900862 66430.125 40.5
484900 908.252802958572 -12517.8470964066 -11609.594293448 70754.7378068691 71472.7472069721 69544.7267434566 71246.7394701788 -1146.05089971239 66430.125 40.5
484910 908.263898195878 -12516.7559693855 -11608.4920711896 71006.6440562683 71282.5603109164 70157.9895257363 71579.3823321521 -1334.04587674286 66430.125 40.5
484920 892.47472563764 -12500.5111344819 -11608.0364088443 71301.7617557385 70928.238180248 71132.3301441563 71844.7169428111 -1095.81110387679 66430.125 40.5
484930 881.954207235623 -12489.8624445957 -11607.90823736 71312.4570491328 70544.5844175086 72016.2251879799 71376.5615419098 -612.324177351201 66430.125 40.5
484940 885.19414771891 -12493.0848733486 -11607.8907256297 71251.2211524797 70238.7187426234 72595.8596181889 70919.0850966266 -225.929984547074 66430.125 40.5
484950 891.181953002795 -12499.1834570129 -11608.0015040101 71309.9282589061 70176.2876911433 72733.5116750258 71019.9854105492 -334.105527185838 66430.125 40.5
484960 892.905649651825 -12501.239748213 -11608.3340985612 71548.5544621123 70105.3669586155 72888.4287352023 71651.8676925192 -534.708369857098 66430.125 40.5
484970 889.767099635783 -12498.688134911 -11608.9210352752 71729.2891589629 70439.4480854293 72874.6602466592 71873.7591448003 -551.756843004868 66430.125 40.5
484980 879.705699277873 -12489.3685595896 -11609.6628603118 72066.333199821 71363.5931504202 72841.0619304559 71994.3445185868 -290.26957912215 66430.125 40.5
484990 870.845908225035 -12481.2266121915 -11610.3807039665 72340.4389095444 72316.4693119734 72698.6371079343 72006.2103087254 176.45254012001 66430.125 40.5
485000 868.658599233944 -12479.5786978858 -11610.9200986519 72613.8050257787 73204.7851343901 72651.2988445388 71985.3310984071 242.862201777919 66430.125 40.5
